2024-05-17 16:29:05.693  INFO   --- [           main] s.c.k.f.c.Fabric8ConfigMapPropertySource : Loading ConfigMap with name 'myconfigmap' in namespace 'default'
2024-05-17 16:29:05.830  WARN   --- [           main] ctorTest$ConfigurationChangeDetectorStub : The current number of ConfigMap PropertySources does not match the ones loaded from the Kubernetes - No reload will take place
May 17, 2024 4:29:06 PM okhttp3.mockwebserver.MockWebServer$3 execute
INFO: MockWebServer[55537] starting to accept connections
May 17, 2024 4:29:06 PM okhttp3.mockwebserver.MockWebServer$4 processOneRequest
INFO: MockWebServer[55537] received request: POST /api/v1/namespaces/test/configmaps HTTP/1.1 and responded: HTTP/1.1 200 OK
May 17, 2024 4:29:06 PM okhttp3.mockwebserver.MockWebServer$4 processOneRequest
INFO: MockWebServer[55537] received request: POST /api/v1/namespaces/spring/configmaps HTTP/1.1 and responded: HTTP/1.1 200 OK
May 17, 2024 4:29:06 PM okhttp3.mockwebserver.MockWebServer$3 execute
INFO: MockWebServer[54927] starting to accept connections
2024-05-17 16:29:07.185  WARN 65063 --- [           main] ubernetesProfileEnvironmentPostProcessor : Not running inside kubernetes. Skipping 'kubernetes' profile activation.

  .   ____          _            __ _ _
 /\\ / ___'_ __ _ _(_)_ __  __ _ \ \ \ \
( ( )\___ | '_ | '_| | '_ \/ _` | \ \ \ \
 \\/  ___)| |_)| | | | | || (_| |  ) ) ) )
  '  |____| .__|_| |_|_| |_\__, | / / / /
 =========|_|==============|___/=/_/_/_/
 :: Spring Boot ::                (v2.6.3)

2024-05-17 16:29:07.961  INFO 65063 --- [           main] s.c.k.f.c.Fabric8ConfigMapPropertySource : Loading ConfigMap with name 'application' in namespace 'test'
2024-05-17 16:29:07.964  INFO 65063 --- [127.0.0.1:39872] okhttp3.mockwebserver.MockWebServer      : MockWebServer[55537] received request: GET /api/v1/namespaces/test/configmaps/application HTTP/1.1 and responded: HTTP/1.1 200 OK
2024-05-17 16:29:07.965  INFO 65063 --- [           main] b.c.PropertySourceBootstrapConfiguration : Located property source: [BootstrapPropertySource {name='bootstrapProperties-configmap.application.test'}]
2024-05-17 16:29:07.972  WARN 65063 --- [           main] ubernetesProfileEnvironmentPostProcessor : Not running inside kubernetes. Skipping 'kubernetes' profile activation.
2024-05-17 16:29:07.972  INFO 65063 --- [           main] e.i.cs.testrunner.execution.Executor$    : No active profile set, falling back to default profiles: default
2024-05-17 16:29:08.034  INFO 65063 --- [           main] o.s.cloud.context.scope.GenericScope     : BeanFactory id=4e60d521-be67-3e3f-8992-a4ba0e929d1d
2024-05-17 16:29:08.068  INFO 65063 --- [           main] .f.c.r.EventBasedConfigMapChangeDetector : Added new Kubernetes watch: config-maps-watch-event
2024-05-17 16:29:08.069  INFO 65063 --- [           main] .f.c.r.EventBasedConfigMapChangeDetector : Kubernetes event-based configMap change detector activated
2024-05-17 16:29:08.074  INFO 65063 --- [lhost:55537/...] s.c.k.f.c.Fabric8ConfigMapPropertySource : Loading ConfigMap with name 'application' in namespace 'test'
2024-05-17 16:29:08.076  INFO 65063 --- [127.0.0.1:39888] okhttp3.mockwebserver.MockWebServer      : MockWebServer[55537] received request: GET /api/v1/namespaces/test/configmaps/application HTTP/1.1 and responded: HTTP/1.1 200 OK
2024-05-17 16:29:08.077  INFO 65063 --- [           main] e.i.cs.testrunner.execution.Executor$    : Started Executor. in 1.286 seconds (JVM running for 4.038)
2024-05-17 16:29:08.083  INFO 65063 --- [127.0.0.1:39872] okhttp3.mockwebserver.MockWebServer      : MockWebServer[55537] received request: GET /api/v1/namespaces/test/configmaps?watch=true HTTP/1.1 and responded: HTTP/1.1 101 Switching Protocols
2024-05-17 16:29:08.084  INFO 65063 --- [WebServer 54927] okhttp3.mockwebserver.MockWebServer      : MockWebServer[54927] done accepting connections: Socket closed
2024-05-17 16:29:08.090  INFO 65063 --- [WebServer 39427] okhttp3.mockwebserver.MockWebServer      : MockWebServer[39427] starting to accept connections
2024-05-17 16:29:08.093  INFO 65063 --- [127.0.0.1:45880] okhttp3.mockwebserver.MockWebServer      : MockWebServer[39427] received request: POST /api/v1/namespaces/test/configmaps HTTP/1.1 and responded: HTTP/1.1 200 OK
2024-05-17 16:29:08.098  INFO 65063 --- [127.0.0.1:45880] okhttp3.mockwebserver.MockWebServer      : MockWebServer[39427] received request: POST /api/v1/namespaces/spring/configmaps HTTP/1.1 and responded: HTTP/1.1 200 OK
2024-05-17 16:29:08.143  INFO 65063 --- [WebServer 60789] okhttp3.mockwebserver.MockWebServer      : MockWebServer[60789] starting to accept connections
2024-05-17 16:29:08.232  WARN 65063 --- [           main] ubernetesProfileEnvironmentPostProcessor : Not running inside kubernetes. Skipping 'kubernetes' profile activation.

  .   ____          _            __ _ _
 /\\ / ___'_ __ _ _(_)_ __  __ _ \ \ \ \
( ( )\___ | '_ | '_| | '_ \/ _` | \ \ \ \
 \\/  ___)| |_)| | | | | || (_| |  ) ) ) )
  '  |____| .__|_| |_|_| |_\__, | / / / /
 =========|_|==============|___/=/_/_/_/
 :: Spring Boot ::                (v2.6.3)

2024-05-17 16:29:08.337  WARN 65063 --- [           main] ubernetesProfileEnvironmentPostProcessor : Not running inside kubernetes. Skipping 'kubernetes' profile activation.
2024-05-17 16:29:08.338  INFO 65063 --- [           main] e.i.cs.testrunner.execution.Executor$    : No active profile set, falling back to default profiles: default
2024-05-17 16:29:08.361  INFO 65063 --- [           main] o.s.cloud.context.scope.GenericScope     : BeanFactory id=615c3102-799b-3ad5-8efd-da051292b8fe
2024-05-17 16:29:08.371  INFO 65063 --- [           main] e.i.cs.testrunner.execution.Executor$    : Started Executor. in 0.226 seconds (JVM running for 4.332)
2024-05-17 16:29:08.373  INFO 65063 --- [WebServer 60789] okhttp3.mockwebserver.MockWebServer      : MockWebServer[60789] done accepting connections: Socket closed
2024-05-17 16:29:08.379  INFO 65063 --- [WebServer 58671] okhttp3.mockwebserver.MockWebServer      : MockWebServer[58671] starting to accept connections
2024-05-17 16:29:08.382  INFO 65063 --- [127.0.0.1:43530] okhttp3.mockwebserver.MockWebServer      : MockWebServer[58671] received request: POST /api/v1/namespaces/test/configmaps HTTP/1.1 and responded: HTTP/1.1 200 OK
2024-05-17 16:29:08.386  INFO 65063 --- [127.0.0.1:43530] okhttp3.mockwebserver.MockWebServer      : MockWebServer[58671] received request: POST /api/v1/namespaces/spring/configmaps HTTP/1.1 and responded: HTTP/1.1 200 OK
2024-05-17 16:29:08.430  INFO 65063 --- [WebServer 48139] okhttp3.mockwebserver.MockWebServer      : MockWebServer[48139] starting to accept connections
2024-05-17 16:29:08.480  WARN 65063 --- [           main] ubernetesProfileEnvironmentPostProcessor : Not running inside kubernetes. Skipping 'kubernetes' profile activation.

  .   ____          _            __ _ _
 /\\ / ___'_ __ _ _(_)_ __  __ _ \ \ \ \
( ( )\___ | '_ | '_| | '_ \/ _` | \ \ \ \
 \\/  ___)| |_)| | | | | || (_| |  ) ) ) )
  '  |____| .__|_| |_|_| |_\__, | / / / /
 =========|_|==============|___/=/_/_/_/
 :: Spring Boot ::                (v2.6.3)

2024-05-17 16:29:08.608  INFO 65063 --- [           main] s.c.k.f.c.Fabric8ConfigMapPropertySource : Loading ConfigMap with name 'application' in namespace 'test'
2024-05-17 16:29:08.611  INFO 65063 --- [127.0.0.1:43538] okhttp3.mockwebserver.MockWebServer      : MockWebServer[58671] received request: GET /api/v1/namespaces/test/configmaps/application HTTP/1.1 and responded: HTTP/1.1 200 OK
2024-05-17 16:29:08.614  INFO 65063 --- [           main] b.c.PropertySourceBootstrapConfiguration : Located property source: [BootstrapPropertySource {name='bootstrapProperties-configmap.application.test'}]
2024-05-17 16:29:08.619  WARN 65063 --- [           main] ubernetesProfileEnvironmentPostProcessor : Not running inside kubernetes. Skipping 'kubernetes' profile activation.
2024-05-17 16:29:08.620  INFO 65063 --- [           main] e.i.cs.testrunner.execution.Executor$    : No active profile set, falling back to default profiles: default
2024-05-17 16:29:08.650  INFO 65063 --- [           main] o.s.cloud.context.scope.GenericScope     : BeanFactory id=ad017daa-99f3-351a-8d2b-f486c21b492c
2024-05-17 16:29:08.665  INFO 65063 --- [           main] .f.c.r.EventBasedConfigMapChangeDetector : Added new Kubernetes watch: config-maps-watch-event
2024-05-17 16:29:08.665  INFO 65063 --- [           main] .f.c.r.EventBasedConfigMapChangeDetector : Kubernetes event-based configMap change detector activated
2024-05-17 16:29:08.667  INFO 65063 --- [lhost:58671/...] s.c.k.f.c.Fabric8ConfigMapPropertySource : Loading ConfigMap with name 'application' in namespace 'test'
2024-05-17 16:29:08.670  INFO 65063 --- [127.0.0.1:43554] okhttp3.mockwebserver.MockWebServer      : MockWebServer[58671] received request: GET /api/v1/namespaces/test/configmaps/application HTTP/1.1 and responded: HTTP/1.1 200 OK
2024-05-17 16:29:08.671  INFO 65063 --- [           main] e.i.cs.testrunner.execution.Executor$    : Started Executor. in 0.239 seconds (JVM running for 4.632)
2024-05-17 16:29:08.674  INFO 65063 --- [127.0.0.1:43538] okhttp3.mockwebserver.MockWebServer      : MockWebServer[58671] received request: GET /api/v1/namespaces/test/configmaps?watch=true HTTP/1.1 and responded: HTTP/1.1 101 Switching Protocols
2024-05-17 16:29:08.675  INFO 65063 --- [WebServer 48139] okhttp3.mockwebserver.MockWebServer      : MockWebServer[48139] done accepting connections: Socket closed
2024-05-17 16:29:08.691  INFO 65063 --- [WebServer 42487] okhttp3.mockwebserver.MockWebServer      : MockWebServer[42487] starting to accept connections
2024-05-17 16:29:08.696  INFO 65063 --- [127.0.0.1:36066] okhttp3.mockwebserver.MockWebServer      : MockWebServer[42487] received request: POST /api/v1/namespaces/test/configmaps HTTP/1.1 and responded: HTTP/1.1 200 OK
2024-05-17 16:29:08.701  INFO 65063 --- [127.0.0.1:36066] okhttp3.mockwebserver.MockWebServer      : MockWebServer[42487] received request: POST /api/v1/namespaces/spring/configmaps HTTP/1.1 and responded: HTTP/1.1 200 OK
2024-05-17 16:29:08.745  INFO 65063 --- [WebServer 49253] okhttp3.mockwebserver.MockWebServer      : MockWebServer[49253] starting to accept connections

  .   ____          _            __ _ _
 /\\ / ___'_ __ _ _(_)_ __  __ _ \ \ \ \
( ( )\___ | '_ | '_| | '_ \/ _` | \ \ \ \
 \\/  ___)| |_)| | | | | || (_| |  ) ) ) )
  '  |____| .__|_| |_|_| |_\__, | / / / /
 =========|_|==============|___/=/_/_/_/
 :: Spring Boot ::                (v2.6.3)

2024-05-17 16:29:08.884  INFO 65063 --- [           main] e.i.cs.testrunner.execution.Executor$    : No active profile set, falling back to default profiles: default
2024-05-17 16:29:08.902  INFO 65063 --- [           main] o.s.cloud.context.scope.GenericScope     : BeanFactory id=615c3102-799b-3ad5-8efd-da051292b8fe
2024-05-17 16:29:08.910  INFO 65063 --- [           main] e.i.cs.testrunner.execution.Executor$    : Started Executor. in 0.163 seconds (JVM running for 4.871)
2024-05-17 16:29:08.912  INFO 65063 --- [WebServer 49253] okhttp3.mockwebserver.MockWebServer      : MockWebServer[49253] done accepting connections: Socket closed
2024-05-17 16:29:08.917  INFO 65063 --- [WebServer 48979] okhttp3.mockwebserver.MockWebServer      : MockWebServer[48979] starting to accept connections
2024-05-17 16:29:08.921  INFO 65063 --- [127.0.0.1:52226] okhttp3.mockwebserver.MockWebServer      : MockWebServer[48979] received request: POST /api/v1/namespaces/test/configmaps HTTP/1.1 and responded: HTTP/1.1 200 OK
2024-05-17 16:29:08.925  INFO 65063 --- [127.0.0.1:52226] okhttp3.mockwebserver.MockWebServer      : MockWebServer[48979] received request: POST /api/v1/namespaces/spring/configmaps HTTP/1.1 and responded: HTTP/1.1 200 OK
2024-05-17 16:29:08.969  INFO 65063 --- [WebServer 32865] okhttp3.mockwebserver.MockWebServer      : MockWebServer[32865] starting to accept connections
2024-05-17 16:29:09.024  WARN 65063 --- [           main] ubernetesProfileEnvironmentPostProcessor : Not running inside kubernetes. Skipping 'kubernetes' profile activation.

  .   ____          _            __ _ _
 /\\ / ___'_ __ _ _(_)_ __  __ _ \ \ \ \
( ( )\___ | '_ | '_| | '_ \/ _` | \ \ \ \
 \\/  ___)| |_)| | | | | || (_| |  ) ) ) )
  '  |____| .__|_| |_|_| |_\__, | / / / /
 =========|_|==============|___/=/_/_/_/
 :: Spring Boot ::                (v2.6.3)

2024-05-17 16:29:09.107  WARN 65063 --- [           main] ubernetesProfileEnvironmentPostProcessor : Not running inside kubernetes. Skipping 'kubernetes' profile activation.
2024-05-17 16:29:09.107  INFO 65063 --- [           main] e.i.cs.testrunner.execution.Executor$    : No active profile set, falling back to default profiles: default
2024-05-17 16:29:09.126  INFO 65063 --- [           main] o.s.cloud.context.scope.GenericScope     : BeanFactory id=615c3102-799b-3ad5-8efd-da051292b8fe
2024-05-17 16:29:09.136  INFO 65063 --- [           main] e.i.cs.testrunner.execution.Executor$    : Started Executor. in 0.165 seconds (JVM running for 5.097)
2024-05-17 16:29:09.138  INFO 65063 --- [WebServer 32865] okhttp3.mockwebserver.MockWebServer      : MockWebServer[32865] done accepting connections: Socket closed
2024-05-17 16:29:09.143  INFO 65063 --- [WebServer 42583] okhttp3.mockwebserver.MockWebServer      : MockWebServer[42583] starting to accept connections
2024-05-17 16:29:09.147  INFO 65063 --- [127.0.0.1:51052] okhttp3.mockwebserver.MockWebServer      : MockWebServer[42583] received request: POST /api/v1/namespaces/test/configmaps HTTP/1.1 and responded: HTTP/1.1 200 OK
2024-05-17 16:29:09.151  INFO 65063 --- [127.0.0.1:51052] okhttp3.mockwebserver.MockWebServer      : MockWebServer[42583] received request: POST /api/v1/namespaces/spring/configmaps HTTP/1.1 and responded: HTTP/1.1 200 OK
2024-05-17 16:29:09.193  INFO 65063 --- [WebServer 48367] okhttp3.mockwebserver.MockWebServer      : MockWebServer[48367] starting to accept connections
2024-05-17 16:29:09.244  WARN 65063 --- [           main] ubernetesProfileEnvironmentPostProcessor : Not running inside kubernetes. Skipping 'kubernetes' profile activation.

  .   ____          _            __ _ _
 /\\ / ___'_ __ _ _(_)_ __  __ _ \ \ \ \
( ( )\___ | '_ | '_| | '_ \/ _` | \ \ \ \
 \\/  ___)| |_)| | | | | || (_| |  ) ) ) )
  '  |____| .__|_| |_|_| |_\__, | / / / /
 =========|_|==============|___/=/_/_/_/
 :: Spring Boot ::                (v2.6.3)

2024-05-17 16:29:09.334  WARN 65063 --- [           main] ubernetesProfileEnvironmentPostProcessor : Not running inside kubernetes. Skipping 'kubernetes' profile activation.
2024-05-17 16:29:09.334  INFO 65063 --- [           main] e.i.cs.testrunner.execution.Executor$    : No active profile set, falling back to default profiles: default
2024-05-17 16:29:09.354  INFO 65063 --- [           main] o.s.cloud.context.scope.GenericScope     : BeanFactory id=24caa74a-4c79-3c2a-b684-19b5fd3ecafe
2024-05-17 16:29:09.362  INFO 65063 --- [           main] e.i.cs.testrunner.execution.Executor$    : Started Executor. in 0.167 seconds (JVM running for 5.323)
2024-05-17 16:29:09.363  INFO 65063 --- [WebServer 48367] okhttp3.mockwebserver.MockWebServer      : MockWebServer[48367] done accepting connections: Socket closed
2024-05-17 16:29:09.401  INFO 65063 --- [           main] .b.t.c.SpringBootTestContextBootstrapper : Neither @ContextConfiguration nor @ContextHierarchy found for test class [org.springframework.cloud.kubernetes.fabric8.config.MultipleSecretsTests], using SpringBootContextLoader
2024-05-17 16:29:09.402  INFO 65063 --- [           main] o.s.t.c.support.AbstractContextLoader    : Could not detect default resource locations for test class [org.springframework.cloud.kubernetes.fabric8.config.MultipleSecretsTests]: no resource found for suffixes {-context.xml, Context.groovy}.
2024-05-17 16:29:09.457  INFO 65063 --- [           main] .b.t.c.SpringBootTestContextBootstrapper : Loaded default TestExecutionListener class names from location [META-INF/spring.factories]: [org.springframework.boot.test.mock.mockito.MockitoTestExecutionListener, org.springframework.boot.test.mock.mockito.ResetMocksTestExecutionListener, org.springframework.boot.test.autoconfigure.restdocs.RestDocsTestExecutionListener, org.springframework.boot.test.autoconfigure.web.client.MockRestServiceServerResetTestExecutionListener, org.springframework.boot.test.autoconfigure.web.servlet.MockMvcPrintOnlyOnFailureTestExecutionListener, org.springframework.boot.test.autoconfigure.web.servlet.WebDriverTestExecutionListener, org.springframework.boot.test.autoconfigure.webservices.client.MockWebServiceServerTestExecutionListener, org.springframework.test.context.web.ServletTestExecutionListener, org.springframework.test.context.support.DirtiesContextBeforeModesTestExecutionListener, org.springframework.test.context.event.ApplicationEventsTestExecutionListener, org.springframework.test.context.support.DependencyInjectionTestExecutionListener, org.springframework.test.context.support.DirtiesContextTestExecutionListener, org.springframework.test.context.transaction.TransactionalTestExecutionListener, org.springframework.test.context.jdbc.SqlScriptsTestExecutionListener, org.springframework.test.context.event.EventPublishingTestExecutionListener, org.spockframework.spring.SpringMockTestExecutionListener]
2024-05-17 16:29:09.470  INFO 65063 --- [           main] .b.t.c.SpringBootTestContextBootstrapper : Using TestExecutionListeners: [org.springframework.test.context.web.ServletTestExecutionListener@7b211077, org.springframework.test.context.support.DirtiesContextBeforeModesTestExecutionListener@3b770d07, org.springframework.test.context.event.ApplicationEventsTestExecutionListener@62b0bf85, org.springframework.boot.test.mock.mockito.MockitoTestExecutionListener@1fcaea93, org.springframework.boot.test.autoconfigure.SpringBootDependencyInjectionTestExecutionListener@6c9bf3b5, org.springframework.test.context.support.DirtiesContextTestExecutionListener@6f07d414, org.springframework.test.context.event.EventPublishingTestExecutionListener@8ac12e6, org.springframework.boot.test.mock.mockito.ResetMocksTestExecutionListener@40faff12, org.springframework.boot.test.autoconfigure.restdocs.RestDocsTestExecutionListener@734fbae3, org.springframework.boot.test.autoconfigure.web.client.MockRestServiceServerResetTestExecutionListener@223967ea, org.springframework.boot.test.autoconfigure.web.servlet.MockMvcPrintOnlyOnFailureTestExecutionListener@4a6a6a69, org.springframework.boot.test.autoconfigure.web.servlet.WebDriverTestExecutionListener@5d7f1e59, org.springframework.boot.test.autoconfigure.webservices.client.MockWebServiceServerTestExecutionListener@53e93fb7, org.spockframework.spring.SpringMockTestExecutionListener@3a861417]
2024-05-17 16:29:09.476  INFO 65063 --- [WebServer 38729] okhttp3.mockwebserver.MockWebServer      : MockWebServer[38729] starting to accept connections
2024-05-17 16:29:09.486  INFO 65063 --- [127.0.0.1:55974] okhttp3.mockwebserver.MockWebServer      : MockWebServer[38729] received request: POST /api/v1/namespaces/ns1/secrets HTTP/1.1 and responded: HTTP/1.1 200 OK
2024-05-17 16:29:09.493  INFO 65063 --- [127.0.0.1:55974] okhttp3.mockwebserver.MockWebServer      : MockWebServer[38729] received request: POST /api/v1/namespaces/ns2/secrets HTTP/1.1 and responded: HTTP/1.1 200 OK
2024-05-17 16:29:09.608  WARN 65063 --- [           main] ubernetesProfileEnvironmentPostProcessor : Not running inside kubernetes. Skipping 'kubernetes' profile activation.

  .   ____          _            __ _ _
 /\\ / ___'_ __ _ _(_)_ __  __ _ \ \ \ \
( ( )\___ | '_ | '_| | '_ \/ _` | \ \ \ \
 \\/  ___)| |_)| | | | | || (_| |  ) ) ) )
  '  |____| .__|_| |_|_| |_\__, | / / / /
 =========|_|==============|___/=/_/_/_/
 :: Spring Boot ::                (v2.6.3)

2024-05-17 16:29:09.774  INFO 65063 --- [           main] s.c.k.f.c.Fabric8ConfigMapPropertySource : Loading ConfigMap with name 'secret-example' in namespace 'ns1'
2024-05-17 16:29:09.777  INFO 65063 --- [127.0.0.1:55978] okhttp3.mockwebserver.MockWebServer      : MockWebServer[38729] received request: GET /api/v1/namespaces/ns1/configmaps/secret-example HTTP/1.1 and responded: HTTP/1.1 404 Client Error
2024-05-17 16:29:09.785  INFO 65063 --- [           main] o.s.c.k.f.config.Fabric8ConfigUtils      : config-map with name : 'secret-example' not present in namespace : 'ns1'
2024-05-17 16:29:09.786  INFO 65063 --- [           main] b.c.PropertySourceBootstrapConfiguration : Located property source: [BootstrapPropertySource {name='bootstrapProperties-configmap.secret-example.ns1'}]
2024-05-17 16:29:09.787  INFO 65063 --- [           main] o.s.c.k.f.c.Fabric8SecretsPropertySource : Loading Secret with name 'name2' or with labels [{0.env=dev2, 1.version=2.0}] in namespace 'ns2'
2024-05-17 16:29:09.789  INFO 65063 --- [127.0.0.1:55978] okhttp3.mockwebserver.MockWebServer      : MockWebServer[38729] received request: GET /api/v1/namespaces/ns2/secrets/name2 HTTP/1.1 and responded: HTTP/1.1 200 OK
2024-05-17 16:29:09.836  INFO 65063 --- [127.0.0.1:55978] okhttp3.mockwebserver.MockWebServer      : MockWebServer[38729] received request: GET /api/v1/namespaces/ns2/secrets?labelSelector=0.env%3Ddev2%2C1.version%3D2.0 HTTP/1.1 and responded: HTTP/1.1 200 OK
2024-05-17 16:29:09.882  INFO 65063 --- [           main] o.s.c.k.f.c.Fabric8SecretsPropertySource : Loading Secret with name 'name1' or with labels [{0.env=env1, 1.version=1.0}] in namespace 'ns1'
2024-05-17 16:29:09.884  INFO 65063 --- [127.0.0.1:55978] okhttp3.mockwebserver.MockWebServer      : MockWebServer[38729] received request: GET /api/v1/namespaces/ns1/secrets/name1 HTTP/1.1 and responded: HTTP/1.1 200 OK
2024-05-17 16:29:09.927  INFO 65063 --- [127.0.0.1:55978] okhttp3.mockwebserver.MockWebServer      : MockWebServer[38729] received request: GET /api/v1/namespaces/ns1/secrets?labelSelector=0.env%3Denv1%2C1.version%3D1.0 HTTP/1.1 and responded: HTTP/1.1 200 OK
2024-05-17 16:29:09.968  INFO 65063 --- [           main] b.c.PropertySourceBootstrapConfiguration : Located property source: [BootstrapPropertySource {name='bootstrapProperties-secrets.name2.ns2'}, BootstrapPropertySource {name='bootstrapProperties-secrets.name1.ns1'}]
2024-05-17 16:29:09.991  WARN 65063 --- [           main] ubernetesProfileEnvironmentPostProcessor : Not running inside kubernetes. Skipping 'kubernetes' profile activation.
2024-05-17 16:29:09.992  INFO 65063 --- [           main] o.s.c.k.f.config.MultipleSecretsTests    : No active profile set, falling back to default profiles: default
2024-05-17 16:29:10.812  INFO 65063 --- [           main] o.s.cloud.context.scope.GenericScope     : BeanFactory id=d892432b-60e7-3516-91cd-00a010d0f3f7
2024-05-17 16:29:11.394  INFO 65063 --- [           main] o.s.b.w.embedded.tomcat.TomcatWebServer  : Tomcat initialized with port(s): 0 (http)
2024-05-17 16:29:11.408  INFO 65063 --- [           main] o.apache.catalina.core.StandardService   : Starting service [Tomcat]
2024-05-17 16:29:11.408  INFO 65063 --- [           main] org.apache.catalina.core.StandardEngine  : Starting Servlet engine: [Apache Tomcat/9.0.56]
2024-05-17 16:29:11.547  INFO 65063 --- [           main] o.a.c.c.C.[Tomcat].[localhost].[/]       : Initializing Spring embedded WebApplicationContext
2024-05-17 16:29:11.548  INFO 65063 --- [           main] w.s.c.ServletWebServerApplicationContext : Root WebApplicationContext: initialization completed in 1554 ms
2024-05-17 16:29:13.499  INFO 65063 --- [           main] o.s.b.a.e.web.EndpointLinksResolver      : Exposing 1 endpoint(s) beneath base path '/actuator'
2024-05-17 16:29:13.671  INFO 65063 --- [           main] o.s.b.w.embedded.tomcat.TomcatWebServer  : Tomcat started on port(s): 38771 (http) with context path ''
2024-05-17 16:29:13.688  INFO 65063 --- [           main] o.s.c.k.f.config.MultipleSecretsTests    : Started MultipleSecretsTests in 4.149 seconds (JVM running for 9.649)
2024-05-17 16:29:13.897  INFO 65063 --- [WebServer 38197] okhttp3.mockwebserver.MockWebServer      : MockWebServer[38197] starting to accept connections
2024-05-17 16:29:14.380  INFO 65063 --- [o-auto-1-exec-1] o.a.c.c.C.[Tomcat].[localhost].[/]       : Initializing Spring DispatcherServlet 'dispatcherServlet'
2024-05-17 16:29:14.380  INFO 65063 --- [o-auto-1-exec-1] o.s.web.servlet.DispatcherServlet        : Initializing Servlet 'dispatcherServlet'
2024-05-17 16:29:14.381  INFO 65063 --- [o-auto-1-exec-1] o.s.web.servlet.DispatcherServlet        : Completed initialization in 1 ms
2024-05-17 16:29:14.537  INFO 65063 --- [WebServer 38197] okhttp3.mockwebserver.MockWebServer      : MockWebServer[38197] done accepting connections: Socket closed
2024-05-17 16:29:14.541  INFO 65063 --- [           main] .b.t.c.SpringBootTestContextBootstrapper : Neither @ContextConfiguration nor @ContextHierarchy found for test class [org.springframework.cloud.kubernetes.fabric8.config.MultipleSecretsTests], using SpringBootContextLoader
2024-05-17 16:29:14.542  INFO 65063 --- [           main] o.s.t.c.support.AbstractContextLoader    : Could not detect default resource locations for test class [org.springframework.cloud.kubernetes.fabric8.config.MultipleSecretsTests]: no resource found for suffixes {-context.xml, Context.groovy}.
2024-05-17 16:29:14.545  INFO 65063 --- [           main] .b.t.c.SpringBootTestContextBootstrapper : Loaded default TestExecutionListener class names from location [META-INF/spring.factories]: [org.springframework.boot.test.mock.mockito.MockitoTestExecutionListener, org.springframework.boot.test.mock.mockito.ResetMocksTestExecutionListener, org.springframework.boot.test.autoconfigure.restdocs.RestDocsTestExecutionListener, org.springframework.boot.test.autoconfigure.web.client.MockRestServiceServerResetTestExecutionListener, org.springframework.boot.test.autoconfigure.web.servlet.MockMvcPrintOnlyOnFailureTestExecutionListener, org.springframework.boot.test.autoconfigure.web.servlet.WebDriverTestExecutionListener, org.springframework.boot.test.autoconfigure.webservices.client.MockWebServiceServerTestExecutionListener, org.springframework.test.context.web.ServletTestExecutionListener, org.springframework.test.context.support.DirtiesContextBeforeModesTestExecutionListener, org.springframework.test.context.event.ApplicationEventsTestExecutionListener, org.springframework.test.context.support.DependencyInjectionTestExecutionListener, org.springframework.test.context.support.DirtiesContextTestExecutionListener, org.springframework.test.context.transaction.TransactionalTestExecutionListener, org.springframework.test.context.jdbc.SqlScriptsTestExecutionListener, org.springframework.test.context.event.EventPublishingTestExecutionListener, org.spockframework.spring.SpringMockTestExecutionListener]
2024-05-17 16:29:14.546  INFO 65063 --- [           main] .b.t.c.SpringBootTestContextBootstrapper : Using TestExecutionListeners: [org.springframework.test.context.web.ServletTestExecutionListener@1b08d26f, org.springframework.test.context.support.DirtiesContextBeforeModesTestExecutionListener@565030b7, org.springframework.test.context.event.ApplicationEventsTestExecutionListener@752fecbf, org.springframework.boot.test.mock.mockito.MockitoTestExecutionListener@2eb31735, org.springframework.boot.test.autoconfigure.SpringBootDependencyInjectionTestExecutionListener@73753326, org.springframework.test.context.support.DirtiesContextTestExecutionListener@24f77077, org.springframework.test.context.event.EventPublishingTestExecutionListener@2eb73a42, org.springframework.boot.test.mock.mockito.ResetMocksTestExecutionListener@188b9a1e, org.springframework.boot.test.autoconfigure.restdocs.RestDocsTestExecutionListener@423d662a, org.springframework.boot.test.autoconfigure.web.client.MockRestServiceServerResetTestExecutionListener@5d56c2d2, org.springframework.boot.test.autoconfigure.web.servlet.MockMvcPrintOnlyOnFailureTestExecutionListener@4a249610, org.springframework.boot.test.autoconfigure.web.servlet.WebDriverTestExecutionListener@ebbbe20, org.springframework.boot.test.autoconfigure.webservices.client.MockWebServiceServerTestExecutionListener@279e85eb, org.spockframework.spring.SpringMockTestExecutionListener@4cb59398]
2024-05-17 16:29:14.549  INFO 65063 --- [WebServer 42941] okhttp3.mockwebserver.MockWebServer      : MockWebServer[42941] starting to accept connections
2024-05-17 16:29:14.553  INFO 65063 --- [127.0.0.1:42998] okhttp3.mockwebserver.MockWebServer      : MockWebServer[42941] received request: POST /api/v1/namespaces/ns1/secrets HTTP/1.1 and responded: HTTP/1.1 200 OK
2024-05-17 16:29:14.556  INFO 65063 --- [127.0.0.1:42998] okhttp3.mockwebserver.MockWebServer      : MockWebServer[42941] received request: POST /api/v1/namespaces/ns2/secrets HTTP/1.1 and responded: HTTP/1.1 200 OK
2024-05-17 16:29:14.603  INFO 65063 --- [WebServer 36353] okhttp3.mockwebserver.MockWebServer      : MockWebServer[36353] starting to accept connections
2024-05-17 16:29:14.616  INFO 65063 --- [WebServer 36353] okhttp3.mockwebserver.MockWebServer      : MockWebServer[36353] done accepting connections: Socket closed
2024-05-17 16:29:14.622  INFO 65063 --- [           main] .b.t.c.SpringBootTestContextBootstrapper : Neither @ContextConfiguration nor @ContextHierarchy found for test class [org.springframework.cloud.kubernetes.fabric8.config.MultipleConfigMapsTests], using SpringBootContextLoader
2024-05-17 16:29:14.624  INFO 65063 --- [           main] o.s.t.c.support.AbstractContextLoader    : Could not detect default resource locations for test class [org.springframework.cloud.kubernetes.fabric8.config.MultipleConfigMapsTests]: no resource found for suffixes {-context.xml, Context.groovy}.
2024-05-17 16:29:14.626  INFO 65063 --- [           main] .b.t.c.SpringBootTestContextBootstrapper : Loaded default TestExecutionListener class names from location [META-INF/spring.factories]: [org.springframework.boot.test.mock.mockito.MockitoTestExecutionListener, org.springframework.boot.test.mock.mockito.ResetMocksTestExecutionListener, org.springframework.boot.test.autoconfigure.restdocs.RestDocsTestExecutionListener, org.springframework.boot.test.autoconfigure.web.client.MockRestServiceServerResetTestExecutionListener, org.springframework.boot.test.autoconfigure.web.servlet.MockMvcPrintOnlyOnFailureTestExecutionListener, org.springframework.boot.test.autoconfigure.web.servlet.WebDriverTestExecutionListener, org.springframework.boot.test.autoconfigure.webservices.client.MockWebServiceServerTestExecutionListener, org.springframework.test.context.web.ServletTestExecutionListener, org.springframework.test.context.support.DirtiesContextBeforeModesTestExecutionListener, org.springframework.test.context.event.ApplicationEventsTestExecutionListener, org.springframework.test.context.support.DependencyInjectionTestExecutionListener, org.springframework.test.context.support.DirtiesContextTestExecutionListener, org.springframework.test.context.transaction.TransactionalTestExecutionListener, org.springframework.test.context.jdbc.SqlScriptsTestExecutionListener, org.springframework.test.context.event.EventPublishingTestExecutionListener, org.spockframework.spring.SpringMockTestExecutionListener]
2024-05-17 16:29:14.628  INFO 65063 --- [           main] .b.t.c.SpringBootTestContextBootstrapper : Using TestExecutionListeners: [org.springframework.test.context.web.ServletTestExecutionListener@63218586, org.springframework.test.context.support.DirtiesContextBeforeModesTestExecutionListener@341c0dfc, org.springframework.test.context.event.ApplicationEventsTestExecutionListener@7e0b68e5, org.springframework.boot.test.mock.mockito.MockitoTestExecutionListener@507fecf3, org.springframework.boot.test.autoconfigure.SpringBootDependencyInjectionTestExecutionListener@3f1d4ecf, org.springframework.test.context.support.DirtiesContextTestExecutionListener@6bbac73d, org.springframework.test.context.event.EventPublishingTestExecutionListener@4e53c6ef, org.springframework.boot.test.mock.mockito.ResetMocksTestExecutionListener@6164b3a2, org.springframework.boot.test.autoconfigure.restdocs.RestDocsTestExecutionListener@345af277, org.springframework.boot.test.autoconfigure.web.client.MockRestServiceServerResetTestExecutionListener@96448ee, org.springframework.boot.test.autoconfigure.web.servlet.MockMvcPrintOnlyOnFailureTestExecutionListener@59509393, org.springframework.boot.test.autoconfigure.web.servlet.WebDriverTestExecutionListener@1d6dc2b8, org.springframework.boot.test.autoconfigure.webservices.client.MockWebServiceServerTestExecutionListener@7ec75228, org.spockframework.spring.SpringMockTestExecutionListener@55cf5626]
2024-05-17 16:29:14.631  INFO 65063 --- [WebServer 39505] okhttp3.mockwebserver.MockWebServer      : MockWebServer[39505] starting to accept connections
2024-05-17 16:29:14.635  INFO 65063 --- [127.0.0.1:40524] okhttp3.mockwebserver.MockWebServer      : MockWebServer[39505] received request: POST /api/v1/namespaces/defnamespace/configmaps HTTP/1.1 and responded: HTTP/1.1 200 OK
2024-05-17 16:29:14.642  INFO 65063 --- [127.0.0.1:40524] okhttp3.mockwebserver.MockWebServer      : MockWebServer[39505] received request: POST /api/v1/namespaces/s2/configmaps HTTP/1.1 and responded: HTTP/1.1 200 OK
2024-05-17 16:29:14.687  INFO 65063 --- [127.0.0.1:40524] okhttp3.mockwebserver.MockWebServer      : MockWebServer[39505] received request: POST /api/v1/namespaces/othernamespace/configmaps HTTP/1.1 and responded: HTTP/1.1 200 OK
2024-05-17 16:29:14.786  WARN 65063 --- [           main] ubernetesProfileEnvironmentPostProcessor : Not running inside kubernetes. Skipping 'kubernetes' profile activation.

  .   ____          _            __ _ _
 /\\ / ___'_ __ _ _(_)_ __  __ _ \ \ \ \
( ( )\___ | '_ | '_| | '_ \/ _` | \ \ \ \
 \\/  ___)| |_)| | | | | || (_| |  ) ) ) )
  '  |____| .__|_| |_|_| |_\__, | / / / /
 =========|_|==============|___/=/_/_/_/
 :: Spring Boot ::                (v2.6.3)

2024-05-17 16:29:14.876  INFO 65063 --- [           main] s.c.k.f.c.Fabric8ConfigMapPropertySource : Loading ConfigMap with name 's1' in namespace 'defnamespace'
2024-05-17 16:29:14.879  INFO 65063 --- [127.0.0.1:40540] okhttp3.mockwebserver.MockWebServer      : MockWebServer[39505] received request: GET /api/v1/namespaces/defnamespace/configmaps/s1 HTTP/1.1 and responded: HTTP/1.1 200 OK
2024-05-17 16:29:14.881  INFO 65063 --- [           main] s.c.k.f.c.Fabric8ConfigMapPropertySource : Loading ConfigMap with name 'defname' in namespace 's2'
2024-05-17 16:29:14.882  INFO 65063 --- [127.0.0.1:40540] okhttp3.mockwebserver.MockWebServer      : MockWebServer[39505] received request: GET /api/v1/namespaces/s2/configmaps/defname HTTP/1.1 and responded: HTTP/1.1 200 OK
2024-05-17 16:29:14.923  INFO 65063 --- [           main] s.c.k.f.c.Fabric8ConfigMapPropertySource : Loading ConfigMap with name 'othername' in namespace 'othernamespace'
2024-05-17 16:29:14.924  INFO 65063 --- [127.0.0.1:40540] okhttp3.mockwebserver.MockWebServer      : MockWebServer[39505] received request: GET /api/v1/namespaces/othernamespace/configmaps/othername HTTP/1.1 and responded: HTTP/1.1 200 OK
2024-05-17 16:29:14.965  INFO 65063 --- [           main] b.c.PropertySourceBootstrapConfiguration : Located property source: [BootstrapPropertySource {name='bootstrapProperties-configmap.othername.othernamespace'}, BootstrapPropertySource {name='bootstrapProperties-configmap.defname.s2'}, BootstrapPropertySource {name='bootstrapProperties-configmap.s1.defnamespace'}]
2024-05-17 16:29:14.969  WARN 65063 --- [           main] ubernetesProfileEnvironmentPostProcessor : Not running inside kubernetes. Skipping 'kubernetes' profile activation.
2024-05-17 16:29:14.969  INFO 65063 --- [           main] o.s.c.k.f.c.MultipleConfigMapsTests      : No active profile set, falling back to default profiles: default
2024-05-17 16:29:15.250  INFO 65063 --- [           main] o.s.cloud.context.scope.GenericScope     : BeanFactory id=012be945-5008-354a-8a47-8e5e16a24aa5
2024-05-17 16:29:15.372  INFO 65063 --- [           main] o.s.b.w.embedded.tomcat.TomcatWebServer  : Tomcat initialized with port(s): 0 (http)
2024-05-17 16:29:15.373  INFO 65063 --- [           main] o.apache.catalina.core.StandardService   : Starting service [Tomcat]
2024-05-17 16:29:15.373  INFO 65063 --- [           main] org.apache.catalina.core.StandardEngine  : Starting Servlet engine: [Apache Tomcat/9.0.56]
2024-05-17 16:29:15.384  INFO 65063 --- [           main] o.a.c.c.C.[Tomcat-1].[localhost].[/]     : Initializing Spring embedded WebApplicationContext
2024-05-17 16:29:15.384  INFO 65063 --- [           main] w.s.c.ServletWebServerApplicationContext : Root WebApplicationContext: initialization completed in 413 ms
2024-05-17 16:29:16.156  INFO 65063 --- [           main] o.s.b.a.e.web.EndpointLinksResolver      : Exposing 1 endpoint(s) beneath base path '/actuator'
2024-05-17 16:29:16.206  INFO 65063 --- [           main] o.s.b.w.embedded.tomcat.TomcatWebServer  : Tomcat started on port(s): 43283 (http) with context path ''
2024-05-17 16:29:16.213  INFO 65063 --- [           main] o.s.c.k.f.c.MultipleConfigMapsTests      : Started MultipleConfigMapsTests in 1.484 seconds (JVM running for 12.174)
2024-05-17 16:29:16.228  INFO 65063 --- [WebServer 49415] okhttp3.mockwebserver.MockWebServer      : MockWebServer[49415] starting to accept connections
2024-05-17 16:29:16.235  INFO 65063 --- [o-auto-2-exec-1] o.a.c.c.C.[Tomcat-1].[localhost].[/]     : Initializing Spring DispatcherServlet 'dispatcherServlet'
2024-05-17 16:29:16.236  INFO 65063 --- [o-auto-2-exec-1] o.s.web.servlet.DispatcherServlet        : Initializing Servlet 'dispatcherServlet'
2024-05-17 16:29:16.237  INFO 65063 --- [o-auto-2-exec-1] o.s.web.servlet.DispatcherServlet        : Completed initialization in 1 ms
2024-05-17 16:29:16.245  INFO 65063 --- [WebServer 49415] okhttp3.mockwebserver.MockWebServer      : MockWebServer[49415] done accepting connections: Socket closed
2024-05-17 16:29:16.248  INFO 65063 --- [           main] .b.t.c.SpringBootTestContextBootstrapper : Neither @ContextConfiguration nor @ContextHierarchy found for test class [org.springframework.cloud.kubernetes.fabric8.config.MultipleConfigMapsTests], using SpringBootContextLoader
2024-05-17 16:29:16.249  INFO 65063 --- [           main] o.s.t.c.support.AbstractContextLoader    : Could not detect default resource locations for test class [org.springframework.cloud.kubernetes.fabric8.config.MultipleConfigMapsTests]: no resource found for suffixes {-context.xml, Context.groovy}.
2024-05-17 16:29:16.251  INFO 65063 --- [           main] .b.t.c.SpringBootTestContextBootstrapper : Loaded default TestExecutionListener class names from location [META-INF/spring.factories]: [org.springframework.boot.test.mock.mockito.MockitoTestExecutionListener, org.springframework.boot.test.mock.mockito.ResetMocksTestExecutionListener, org.springframework.boot.test.autoconfigure.restdocs.RestDocsTestExecutionListener, org.springframework.boot.test.autoconfigure.web.client.MockRestServiceServerResetTestExecutionListener, org.springframework.boot.test.autoconfigure.web.servlet.MockMvcPrintOnlyOnFailureTestExecutionListener, org.springframework.boot.test.autoconfigure.web.servlet.WebDriverTestExecutionListener, org.springframework.boot.test.autoconfigure.webservices.client.MockWebServiceServerTestExecutionListener, org.springframework.test.context.web.ServletTestExecutionListener, org.springframework.test.context.support.DirtiesContextBeforeModesTestExecutionListener, org.springframework.test.context.event.ApplicationEventsTestExecutionListener, org.springframework.test.context.support.DependencyInjectionTestExecutionListener, org.springframework.test.context.support.DirtiesContextTestExecutionListener, org.springframework.test.context.transaction.TransactionalTestExecutionListener, org.springframework.test.context.jdbc.SqlScriptsTestExecutionListener, org.springframework.test.context.event.EventPublishingTestExecutionListener, org.spockframework.spring.SpringMockTestExecutionListener]
2024-05-17 16:29:16.252  INFO 65063 --- [           main] .b.t.c.SpringBootTestContextBootstrapper : Using TestExecutionListeners: [org.springframework.test.context.web.ServletTestExecutionListener@76ccde41, org.springframework.test.context.support.DirtiesContextBeforeModesTestExecutionListener@5f26fc4d, org.springframework.test.context.event.ApplicationEventsTestExecutionListener@3e8eea59, org.springframework.boot.test.mock.mockito.MockitoTestExecutionListener@1fb379e4, org.springframework.boot.test.autoconfigure.SpringBootDependencyInjectionTestExecutionListener@f9d8285, org.springframework.test.context.support.DirtiesContextTestExecutionListener@67b1c3af, org.springframework.test.context.event.EventPublishingTestExecutionListener@2e243122, org.springframework.boot.test.mock.mockito.ResetMocksTestExecutionListener@2a5c115b, org.springframework.boot.test.autoconfigure.restdocs.RestDocsTestExecutionListener@49b6373f, org.springframework.boot.test.autoconfigure.web.client.MockRestServiceServerResetTestExecutionListener@20f3291d, org.springframework.boot.test.autoconfigure.web.servlet.MockMvcPrintOnlyOnFailureTestExecutionListener@2f51b100, org.springframework.boot.test.autoconfigure.web.servlet.WebDriverTestExecutionListener@654dbb78, org.springframework.boot.test.autoconfigure.webservices.client.MockWebServiceServerTestExecutionListener@1dba7721, org.spockframework.spring.SpringMockTestExecutionListener@24381e4a]
2024-05-17 16:29:16.254  INFO 65063 --- [WebServer 33295] okhttp3.mockwebserver.MockWebServer      : MockWebServer[33295] starting to accept connections
2024-05-17 16:29:16.258  INFO 65063 --- [127.0.0.1:36256] okhttp3.mockwebserver.MockWebServer      : MockWebServer[33295] received request: POST /api/v1/namespaces/defnamespace/configmaps HTTP/1.1 and responded: HTTP/1.1 200 OK
2024-05-17 16:29:16.261  INFO 65063 --- [127.0.0.1:36256] okhttp3.mockwebserver.MockWebServer      : MockWebServer[33295] received request: POST /api/v1/namespaces/s2/configmaps HTTP/1.1 and responded: HTTP/1.1 200 OK
2024-05-17 16:29:16.306  INFO 65063 --- [127.0.0.1:36256] okhttp3.mockwebserver.MockWebServer      : MockWebServer[33295] received request: POST /api/v1/namespaces/othernamespace/configmaps HTTP/1.1 and responded: HTTP/1.1 200 OK
2024-05-17 16:29:16.351  INFO 65063 --- [WebServer 52959] okhttp3.mockwebserver.MockWebServer      : MockWebServer[52959] starting to accept connections
2024-05-17 16:29:16.360  INFO 65063 --- [WebServer 52959] okhttp3.mockwebserver.MockWebServer      : MockWebServer[52959] done accepting connections: Socket closed
2024-05-17 16:29:16.363  INFO 65063 --- [           main] .b.t.c.SpringBootTestContextBootstrapper : Neither @ContextConfiguration nor @ContextHierarchy found for test class [org.springframework.cloud.kubernetes.fabric8.config.MultipleConfigMapsTests], using SpringBootContextLoader
2024-05-17 16:29:16.364  INFO 65063 --- [           main] o.s.t.c.support.AbstractContextLoader    : Could not detect default resource locations for test class [org.springframework.cloud.kubernetes.fabric8.config.MultipleConfigMapsTests]: no resource found for suffixes {-context.xml, Context.groovy}.
2024-05-17 16:29:16.365  INFO 65063 --- [           main] .b.t.c.SpringBootTestContextBootstrapper : Loaded default TestExecutionListener class names from location [META-INF/spring.factories]: [org.springframework.boot.test.mock.mockito.MockitoTestExecutionListener, org.springframework.boot.test.mock.mockito.ResetMocksTestExecutionListener, org.springframework.boot.test.autoconfigure.restdocs.RestDocsTestExecutionListener, org.springframework.boot.test.autoconfigure.web.client.MockRestServiceServerResetTestExecutionListener, org.springframework.boot.test.autoconfigure.web.servlet.MockMvcPrintOnlyOnFailureTestExecutionListener, org.springframework.boot.test.autoconfigure.web.servlet.WebDriverTestExecutionListener, org.springframework.boot.test.autoconfigure.webservices.client.MockWebServiceServerTestExecutionListener, org.springframework.test.context.web.ServletTestExecutionListener, org.springframework.test.context.support.DirtiesContextBeforeModesTestExecutionListener, org.springframework.test.context.event.ApplicationEventsTestExecutionListener, org.springframework.test.context.support.DependencyInjectionTestExecutionListener, org.springframework.test.context.support.DirtiesContextTestExecutionListener, org.springframework.test.context.transaction.TransactionalTestExecutionListener, org.springframework.test.context.jdbc.SqlScriptsTestExecutionListener, org.springframework.test.context.event.EventPublishingTestExecutionListener, org.spockframework.spring.SpringMockTestExecutionListener]
2024-05-17 16:29:16.367  INFO 65063 --- [           main] .b.t.c.SpringBootTestContextBootstrapper : Using TestExecutionListeners: [org.springframework.test.context.web.ServletTestExecutionListener@1b897ffb, org.springframework.test.context.support.DirtiesContextBeforeModesTestExecutionListener@2ec258f1, org.springframework.test.context.event.ApplicationEventsTestExecutionListener@3074575a, org.springframework.boot.test.mock.mockito.MockitoTestExecutionListener@7e4bbda4, org.springframework.boot.test.autoconfigure.SpringBootDependencyInjectionTestExecutionListener@2eed6331, org.springframework.test.context.support.DirtiesContextTestExecutionListener@1254a3cd, org.springframework.test.context.event.EventPublishingTestExecutionListener@88e85a, org.springframework.boot.test.mock.mockito.ResetMocksTestExecutionListener@230dd372, org.springframework.boot.test.autoconfigure.restdocs.RestDocsTestExecutionListener@663cc8c9, org.springframework.boot.test.autoconfigure.web.client.MockRestServiceServerResetTestExecutionListener@51c15508, org.springframework.boot.test.autoconfigure.web.servlet.MockMvcPrintOnlyOnFailureTestExecutionListener@164cad52, org.springframework.boot.test.autoconfigure.web.servlet.WebDriverTestExecutionListener@5b977aaa, org.springframework.boot.test.autoconfigure.webservices.client.MockWebServiceServerTestExecutionListener@5bed8b91, org.spockframework.spring.SpringMockTestExecutionListener@dffcf1]
2024-05-17 16:29:16.369  INFO 65063 --- [WebServer 53157] okhttp3.mockwebserver.MockWebServer      : MockWebServer[53157] starting to accept connections
2024-05-17 16:29:16.372  INFO 65063 --- [127.0.0.1:41070] okhttp3.mockwebserver.MockWebServer      : MockWebServer[53157] received request: POST /api/v1/namespaces/defnamespace/configmaps HTTP/1.1 and responded: HTTP/1.1 200 OK
2024-05-17 16:29:16.376  INFO 65063 --- [127.0.0.1:41070] okhttp3.mockwebserver.MockWebServer      : MockWebServer[53157] received request: POST /api/v1/namespaces/s2/configmaps HTTP/1.1 and responded: HTTP/1.1 200 OK
2024-05-17 16:29:16.421  INFO 65063 --- [127.0.0.1:41070] okhttp3.mockwebserver.MockWebServer      : MockWebServer[53157] received request: POST /api/v1/namespaces/othernamespace/configmaps HTTP/1.1 and responded: HTTP/1.1 200 OK
2024-05-17 16:29:16.468  INFO 65063 --- [WebServer 42069] okhttp3.mockwebserver.MockWebServer      : MockWebServer[42069] starting to accept connections
2024-05-17 16:29:16.477  INFO 65063 --- [WebServer 42069] okhttp3.mockwebserver.MockWebServer      : MockWebServer[42069] done accepting connections: Socket closed
2024-05-17 16:29:16.480  INFO 65063 --- [           main] .b.t.c.SpringBootTestContextBootstrapper : Neither @ContextConfiguration nor @ContextHierarchy found for test class [org.springframework.cloud.kubernetes.fabric8.config.MultipleConfigMapsTests], using SpringBootContextLoader
2024-05-17 16:29:16.481  INFO 65063 --- [           main] o.s.t.c.support.AbstractContextLoader    : Could not detect default resource locations for test class [org.springframework.cloud.kubernetes.fabric8.config.MultipleConfigMapsTests]: no resource found for suffixes {-context.xml, Context.groovy}.
2024-05-17 16:29:16.483  INFO 65063 --- [           main] .b.t.c.SpringBootTestContextBootstrapper : Loaded default TestExecutionListener class names from location [META-INF/spring.factories]: [org.springframework.boot.test.mock.mockito.MockitoTestExecutionListener, org.springframework.boot.test.mock.mockito.ResetMocksTestExecutionListener, org.springframework.boot.test.autoconfigure.restdocs.RestDocsTestExecutionListener, org.springframework.boot.test.autoconfigure.web.client.MockRestServiceServerResetTestExecutionListener, org.springframework.boot.test.autoconfigure.web.servlet.MockMvcPrintOnlyOnFailureTestExecutionListener, org.springframework.boot.test.autoconfigure.web.servlet.WebDriverTestExecutionListener, org.springframework.boot.test.autoconfigure.webservices.client.MockWebServiceServerTestExecutionListener, org.springframework.test.context.web.ServletTestExecutionListener, org.springframework.test.context.support.DirtiesContextBeforeModesTestExecutionListener, org.springframework.test.context.event.ApplicationEventsTestExecutionListener, org.springframework.test.context.support.DependencyInjectionTestExecutionListener, org.springframework.test.context.support.DirtiesContextTestExecutionListener, org.springframework.test.context.transaction.TransactionalTestExecutionListener, org.springframework.test.context.jdbc.SqlScriptsTestExecutionListener, org.springframework.test.context.event.EventPublishingTestExecutionListener, org.spockframework.spring.SpringMockTestExecutionListener]
2024-05-17 16:29:16.485  INFO 65063 --- [           main] .b.t.c.SpringBootTestContextBootstrapper : Using TestExecutionListeners: [org.springframework.test.context.web.ServletTestExecutionListener@1a23136f, org.springframework.test.context.support.DirtiesContextBeforeModesTestExecutionListener@23a78d2e, org.springframework.test.context.event.ApplicationEventsTestExecutionListener@20724c21, org.springframework.boot.test.mock.mockito.MockitoTestExecutionListener@c0cb9c2, org.springframework.boot.test.autoconfigure.SpringBootDependencyInjectionTestExecutionListener@eb66b47, org.springframework.test.context.support.DirtiesContextTestExecutionListener@11e75942, org.springframework.test.context.event.EventPublishingTestExecutionListener@23c61c1b, org.springframework.boot.test.mock.mockito.ResetMocksTestExecutionListener@4a6d6308, org.springframework.boot.test.autoconfigure.restdocs.RestDocsTestExecutionListener@773cc551, org.springframework.boot.test.autoconfigure.web.client.MockRestServiceServerResetTestExecutionListener@5cbaafbd, org.springframework.boot.test.autoconfigure.web.servlet.MockMvcPrintOnlyOnFailureTestExecutionListener@4f0f56f5, org.springframework.boot.test.autoconfigure.web.servlet.WebDriverTestExecutionListener@6edb093f, org.springframework.boot.test.autoconfigure.webservices.client.MockWebServiceServerTestExecutionListener@7f5c4ff8, org.spockframework.spring.SpringMockTestExecutionListener@7692c0e9]
2024-05-17 16:29:16.487  INFO 65063 --- [WebServer 35673] okhttp3.mockwebserver.MockWebServer      : MockWebServer[35673] starting to accept connections
2024-05-17 16:29:16.491  INFO 65063 --- [127.0.0.1:58830] okhttp3.mockwebserver.MockWebServer      : MockWebServer[35673] received request: POST /api/v1/namespaces/defnamespace/configmaps HTTP/1.1 and responded: HTTP/1.1 200 OK
2024-05-17 16:29:16.495  INFO 65063 --- [127.0.0.1:58830] okhttp3.mockwebserver.MockWebServer      : MockWebServer[35673] received request: POST /api/v1/namespaces/s2/configmaps HTTP/1.1 and responded: HTTP/1.1 200 OK
2024-05-17 16:29:16.540  INFO 65063 --- [127.0.0.1:58830] okhttp3.mockwebserver.MockWebServer      : MockWebServer[35673] received request: POST /api/v1/namespaces/othernamespace/configmaps HTTP/1.1 and responded: HTTP/1.1 200 OK
2024-05-17 16:29:16.586  INFO 65063 --- [WebServer 38975] okhttp3.mockwebserver.MockWebServer      : MockWebServer[38975] starting to accept connections
2024-05-17 16:29:16.596  INFO 65063 --- [WebServer 38975] okhttp3.mockwebserver.MockWebServer      : MockWebServer[38975] done accepting connections: Socket closed
2024-05-17 16:29:16.602  INFO 65063 --- [WebServer 34577] okhttp3.mockwebserver.MockWebServer      : MockWebServer[34577] starting to accept connections
2024-05-17 16:29:16.605  INFO 65063 --- [WebServer 34555] okhttp3.mockwebserver.MockWebServer      : MockWebServer[34555] starting to accept connections

  .   ____          _            __ _ _
 /\\ / ___'_ __ _ _(_)_ __  __ _ \ \ \ \
( ( )\___ | '_ | '_| | '_ \/ _` | \ \ \ \
 \\/  ___)| |_)| | | | | || (_| |  ) ) ) )
  '  |____| .__|_| |_|_| |_\__, | / / / /
 =========|_|==============|___/=/_/_/_/
 :: Spring Boot ::                (v2.6.3)

2024-05-17 16:29:16.713  INFO 65063 --- [           main] e.i.cs.testrunner.execution.Executor$    : No active profile set, falling back to default profiles: default
2024-05-17 16:29:16.728  INFO 65063 --- [           main] o.s.cloud.context.scope.GenericScope     : BeanFactory id=5adb76a5-ffff-3c5f-a60f-7f84faf1ce0f
2024-05-17 16:29:16.733  INFO 65063 --- [           main] e.i.cs.testrunner.execution.Executor$    : Started Executor. in 0.126 seconds (JVM running for 12.694)
2024-05-17 16:29:16.734  INFO 65063 --- [WebServer 34555] okhttp3.mockwebserver.MockWebServer      : MockWebServer[34555] done accepting connections: Socket closed
2024-05-17 16:29:16.739  INFO 65063 --- [WebServer 34849] okhttp3.mockwebserver.MockWebServer      : MockWebServer[34849] starting to accept connections
2024-05-17 16:29:16.740  INFO 65063 --- [WebServer 33943] okhttp3.mockwebserver.MockWebServer      : MockWebServer[33943] starting to accept connections
2024-05-17 16:29:16.777  WARN 65063 --- [           main] ubernetesProfileEnvironmentPostProcessor : Not running inside kubernetes. Skipping 'kubernetes' profile activation.

  .   ____          _            __ _ _
 /\\ / ___'_ __ _ _(_)_ __  __ _ \ \ \ \
( ( )\___ | '_ | '_| | '_ \/ _` | \ \ \ \
 \\/  ___)| |_)| | | | | || (_| |  ) ) ) )
  '  |____| .__|_| |_|_| |_\__, | / / / /
 =========|_|==============|___/=/_/_/_/
 :: Spring Boot ::                (v2.6.3)

2024-05-17 16:29:16.846  INFO 65063 --- [           main] s.c.k.f.c.Fabric8ConfigMapPropertySource : Loading ConfigMap with name 'application' in namespace 'default'
2024-05-17 16:29:16.848  INFO 65063 --- [127.0.0.1:58834] okhttp3.mockwebserver.MockWebServer      : MockWebServer[35673] received request: GET /api/v1/namespaces/default/configmaps/application HTTP/1.1 and responded: HTTP/1.1 404 Client Error
2024-05-17 16:29:16.850  INFO 65063 --- [           main] o.s.c.k.f.config.Fabric8ConfigUtils      : config-map with name : 'application' not present in namespace : 'default'
2024-05-17 16:29:16.851  INFO 65063 --- [           main] b.c.PropertySourceBootstrapConfiguration : Located property source: [BootstrapPropertySource {name='bootstrapProperties-configmap.application.default'}]
2024-05-17 16:29:16.853  WARN 65063 --- [           main] ubernetesProfileEnvironmentPostProcessor : Not running inside kubernetes. Skipping 'kubernetes' profile activation.
2024-05-17 16:29:16.854  INFO 65063 --- [           main] e.i.cs.testrunner.execution.Executor$    : No active profile set, falling back to default profiles: default
2024-05-17 16:29:16.875  INFO 65063 --- [           main] o.s.cloud.context.scope.GenericScope     : BeanFactory id=9e8f334d-ea3e-3bac-a635-d33d7314ddc7
2024-05-17 16:29:16.880  INFO 65063 --- [           main] e.i.cs.testrunner.execution.Executor$    : Started Executor. in 0.138 seconds (JVM running for 12.841)
2024-05-17 16:29:16.881  INFO 65063 --- [WebServer 33943] okhttp3.mockwebserver.MockWebServer      : MockWebServer[33943] done accepting connections: Socket closed
2024-05-17 16:29:16.884  INFO 65063 --- [WebServer 51891] okhttp3.mockwebserver.MockWebServer      : MockWebServer[51891] starting to accept connections
2024-05-17 16:29:16.886  INFO 65063 --- [WebServer 44283] okhttp3.mockwebserver.MockWebServer      : MockWebServer[44283] starting to accept connections
2024-05-17 16:29:16.920  WARN 65063 --- [           main] ubernetesProfileEnvironmentPostProcessor : Not running inside kubernetes. Skipping 'kubernetes' profile activation.

  .   ____          _            __ _ _
 /\\ / ___'_ __ _ _(_)_ __  __ _ \ \ \ \
( ( )\___ | '_ | '_| | '_ \/ _` | \ \ \ \
 \\/  ___)| |_)| | | | | || (_| |  ) ) ) )
  '  |____| .__|_| |_|_| |_\__, | / / / /
 =========|_|==============|___/=/_/_/_/
 :: Spring Boot ::                (v2.6.3)

2024-05-17 16:29:17.005  INFO 65063 --- [           main] s.c.k.f.c.Fabric8ConfigMapPropertySource : Loading ConfigMap with name 'application' in namespace 'default'
2024-05-17 16:29:17.007  INFO 65063 --- [127.0.0.1:58850] okhttp3.mockwebserver.MockWebServer      : MockWebServer[35673] received request: GET /api/v1/namespaces/default/configmaps/application HTTP/1.1 and responded: HTTP/1.1 404 Client Error
2024-05-17 16:29:17.008  INFO 65063 --- [           main] o.s.c.k.f.config.Fabric8ConfigUtils      : config-map with name : 'application' not present in namespace : 'default'
2024-05-17 16:29:17.011  INFO 65063 --- [           main] b.c.PropertySourceBootstrapConfiguration : Located property source: [BootstrapPropertySource {name='bootstrapProperties-configmap.application.default'}]
2024-05-17 16:29:17.014  WARN 65063 --- [           main] ubernetesProfileEnvironmentPostProcessor : Not running inside kubernetes. Skipping 'kubernetes' profile activation.
2024-05-17 16:29:17.014  INFO 65063 --- [           main] e.i.cs.testrunner.execution.Executor$    : No active profile set, falling back to default profiles: default
2024-05-17 16:29:17.032  INFO 65063 --- [           main] o.s.cloud.context.scope.GenericScope     : BeanFactory id=9e8f334d-ea3e-3bac-a635-d33d7314ddc7
2024-05-17 16:29:17.038  INFO 65063 --- [           main] e.i.cs.testrunner.execution.Executor$    : Started Executor. in 0.151 seconds (JVM running for 12.999)
2024-05-17 16:29:17.044  INFO 65063 --- [WebServer 44283] okhttp3.mockwebserver.MockWebServer      : MockWebServer[44283] done accepting connections: Socket closed
2024-05-17 16:29:17.050  INFO 65063 --- [WebServer 54889] okhttp3.mockwebserver.MockWebServer      : MockWebServer[54889] starting to accept connections
2024-05-17 16:29:17.054  INFO 65063 --- [WebServer 38407] okhttp3.mockwebserver.MockWebServer      : MockWebServer[38407] starting to accept connections
2024-05-17 16:29:17.113  WARN 65063 --- [           main] ubernetesProfileEnvironmentPostProcessor : Not running inside kubernetes. Skipping 'kubernetes' profile activation.

  .   ____          _            __ _ _
 /\\ / ___'_ __ _ _(_)_ __  __ _ \ \ \ \
( ( )\___ | '_ | '_| | '_ \/ _` | \ \ \ \
 \\/  ___)| |_)| | | | | || (_| |  ) ) ) )
  '  |____| .__|_| |_|_| |_\__, | / / / /
 =========|_|==============|___/=/_/_/_/
 :: Spring Boot ::                (v2.6.3)

2024-05-17 16:29:17.210  WARN 65063 --- [           main] ubernetesProfileEnvironmentPostProcessor : Not running inside kubernetes. Skipping 'kubernetes' profile activation.
2024-05-17 16:29:17.210  INFO 65063 --- [           main] e.i.cs.testrunner.execution.Executor$    : No active profile set, falling back to default profiles: default
2024-05-17 16:29:17.229  INFO 65063 --- [           main] o.s.cloud.context.scope.GenericScope     : BeanFactory id=9bb0c735-c94f-3d6c-a130-cef04bd7ea41
2024-05-17 16:29:17.234  INFO 65063 --- [           main] e.i.cs.testrunner.execution.Executor$    : Started Executor. in 0.178 seconds (JVM running for 13.195)
2024-05-17 16:29:17.236  INFO 65063 --- [WebServer 38407] okhttp3.mockwebserver.MockWebServer      : MockWebServer[38407] done accepting connections: Socket closed
2024-05-17 16:29:17.242  INFO 65063 --- [WebServer 59269] okhttp3.mockwebserver.MockWebServer      : MockWebServer[59269] starting to accept connections
2024-05-17 16:29:17.244  INFO 65063 --- [WebServer 52693] okhttp3.mockwebserver.MockWebServer      : MockWebServer[52693] starting to accept connections
2024-05-17 16:29:17.297  WARN 65063 --- [           main] ubernetesProfileEnvironmentPostProcessor : Not running inside kubernetes. Skipping 'kubernetes' profile activation.

  .   ____          _            __ _ _
 /\\ / ___'_ __ _ _(_)_ __  __ _ \ \ \ \
( ( )\___ | '_ | '_| | '_ \/ _` | \ \ \ \
 \\/  ___)| |_)| | | | | || (_| |  ) ) ) )
  '  |____| .__|_| |_|_| |_\__, | / / / /
 =========|_|==============|___/=/_/_/_/
 :: Spring Boot ::                (v2.6.3)

2024-05-17 16:29:17.385  WARN 65063 --- [           main] ubernetesProfileEnvironmentPostProcessor : Not running inside kubernetes. Skipping 'kubernetes' profile activation.
2024-05-17 16:29:17.386  INFO 65063 --- [           main] e.i.cs.testrunner.execution.Executor$    : No active profile set, falling back to default profiles: default
2024-05-17 16:29:17.404  INFO 65063 --- [           main] o.s.cloud.context.scope.GenericScope     : BeanFactory id=5adb76a5-ffff-3c5f-a60f-7f84faf1ce0f
2024-05-17 16:29:17.411  INFO 65063 --- [           main] e.i.cs.testrunner.execution.Executor$    : Started Executor. in 0.166 seconds (JVM running for 13.372)
2024-05-17 16:29:17.413  INFO 65063 --- [WebServer 52693] okhttp3.mockwebserver.MockWebServer      : MockWebServer[52693] done accepting connections: Socket closed
2024-05-17 16:29:17.419  INFO 65063 --- [WebServer 50695] okhttp3.mockwebserver.MockWebServer      : MockWebServer[50695] starting to accept connections
2024-05-17 16:29:17.421  INFO 65063 --- [WebServer 53957] okhttp3.mockwebserver.MockWebServer      : MockWebServer[53957] starting to accept connections
2024-05-17 16:29:17.456  WARN 65063 --- [           main] ubernetesProfileEnvironmentPostProcessor : Not running inside kubernetes. Skipping 'kubernetes' profile activation.

  .   ____          _            __ _ _
 /\\ / ___'_ __ _ _(_)_ __  __ _ \ \ \ \
( ( )\___ | '_ | '_| | '_ \/ _` | \ \ \ \
 \\/  ___)| |_)| | | | | || (_| |  ) ) ) )
  '  |____| .__|_| |_|_| |_\__, | / / / /
 =========|_|==============|___/=/_/_/_/
 :: Spring Boot ::                (v2.6.3)

2024-05-17 16:29:17.531  INFO 65063 --- [           main] s.c.k.f.c.Fabric8ConfigMapPropertySource : Loading ConfigMap with name 'application' in namespace 'default'
2024-05-17 16:29:17.533  INFO 65063 --- [127.0.0.1:58866] okhttp3.mockwebserver.MockWebServer      : MockWebServer[35673] received request: GET /api/v1/namespaces/default/configmaps/application HTTP/1.1 and responded: HTTP/1.1 404 Client Error
2024-05-17 16:29:17.535  INFO 65063 --- [           main] o.s.c.k.f.config.Fabric8ConfigUtils      : config-map with name : 'application' not present in namespace : 'default'
2024-05-17 16:29:17.536  INFO 65063 --- [           main] b.c.PropertySourceBootstrapConfiguration : Located property source: [BootstrapPropertySource {name='bootstrapProperties-configmap.application.default'}]
2024-05-17 16:29:17.538  WARN 65063 --- [           main] ubernetesProfileEnvironmentPostProcessor : Not running inside kubernetes. Skipping 'kubernetes' profile activation.
2024-05-17 16:29:17.538  INFO 65063 --- [           main] e.i.cs.testrunner.execution.Executor$    : No active profile set, falling back to default profiles: default
2024-05-17 16:29:17.553  INFO 65063 --- [           main] o.s.cloud.context.scope.GenericScope     : BeanFactory id=9e8f334d-ea3e-3bac-a635-d33d7314ddc7
2024-05-17 16:29:17.557  INFO 65063 --- [           main] e.i.cs.testrunner.execution.Executor$    : Started Executor. in 0.135 seconds (JVM running for 13.518)
2024-05-17 16:29:17.560  INFO 65063 --- [WebServer 53957] okhttp3.mockwebserver.MockWebServer      : MockWebServer[53957] done accepting connections: Socket closed
2024-05-17 16:29:17.563  INFO 65063 --- [WebServer 34877] okhttp3.mockwebserver.MockWebServer      : MockWebServer[34877] starting to accept connections
2024-05-17 16:29:17.564  INFO 65063 --- [WebServer 49005] okhttp3.mockwebserver.MockWebServer      : MockWebServer[49005] starting to accept connections
2024-05-17 16:29:17.599  WARN 65063 --- [           main] ubernetesProfileEnvironmentPostProcessor : Not running inside kubernetes. Skipping 'kubernetes' profile activation.

  .   ____          _            __ _ _
 /\\ / ___'_ __ _ _(_)_ __  __ _ \ \ \ \
( ( )\___ | '_ | '_| | '_ \/ _` | \ \ \ \
 \\/  ___)| |_)| | | | | || (_| |  ) ) ) )
  '  |____| .__|_| |_|_| |_\__, | / / / /
 =========|_|==============|___/=/_/_/_/
 :: Spring Boot ::                (v2.6.3)

2024-05-17 16:29:17.659  WARN 65063 --- [           main] ubernetesProfileEnvironmentPostProcessor : Not running inside kubernetes. Skipping 'kubernetes' profile activation.
2024-05-17 16:29:17.659  INFO 65063 --- [           main] e.i.cs.testrunner.execution.Executor$    : No active profile set, falling back to default profiles: default
2024-05-17 16:29:17.673  INFO 65063 --- [           main] o.s.cloud.context.scope.GenericScope     : BeanFactory id=5adb76a5-ffff-3c5f-a60f-7f84faf1ce0f
2024-05-17 16:29:17.678  INFO 65063 --- [           main] e.i.cs.testrunner.execution.Executor$    : Started Executor. in 0.112 seconds (JVM running for 13.639)
2024-05-17 16:29:17.679  INFO 65063 --- [WebServer 49005] okhttp3.mockwebserver.MockWebServer      : MockWebServer[49005] done accepting connections: Socket closed
2024-05-17 16:29:17.684  INFO 65063 --- [           main] .b.t.c.SpringBootTestContextBootstrapper : Neither @ContextConfiguration nor @ContextHierarchy found for test class [org.springframework.cloud.kubernetes.fabric8.config.HealthIndicatorTest], using SpringBootContextLoader
2024-05-17 16:29:17.685  INFO 65063 --- [           main] o.s.t.c.support.AbstractContextLoader    : Could not detect default resource locations for test class [org.springframework.cloud.kubernetes.fabric8.config.HealthIndicatorTest]: no resource found for suffixes {-context.xml, Context.groovy}.
2024-05-17 16:29:17.687  INFO 65063 --- [           main] .b.t.c.SpringBootTestContextBootstrapper : Loaded default TestExecutionListener class names from location [META-INF/spring.factories]: [org.springframework.boot.test.mock.mockito.MockitoTestExecutionListener, org.springframework.boot.test.mock.mockito.ResetMocksTestExecutionListener, org.springframework.boot.test.autoconfigure.restdocs.RestDocsTestExecutionListener, org.springframework.boot.test.autoconfigure.web.client.MockRestServiceServerResetTestExecutionListener, org.springframework.boot.test.autoconfigure.web.servlet.MockMvcPrintOnlyOnFailureTestExecutionListener, org.springframework.boot.test.autoconfigure.web.servlet.WebDriverTestExecutionListener, org.springframework.boot.test.autoconfigure.webservices.client.MockWebServiceServerTestExecutionListener, org.springframework.test.context.web.ServletTestExecutionListener, org.springframework.test.context.support.DirtiesContextBeforeModesTestExecutionListener, org.springframework.test.context.event.ApplicationEventsTestExecutionListener, org.springframework.test.context.support.DependencyInjectionTestExecutionListener, org.springframework.test.context.support.DirtiesContextTestExecutionListener, org.springframework.test.context.transaction.TransactionalTestExecutionListener, org.springframework.test.context.jdbc.SqlScriptsTestExecutionListener, org.springframework.test.context.event.EventPublishingTestExecutionListener, org.spockframework.spring.SpringMockTestExecutionListener]
2024-05-17 16:29:17.689  INFO 65063 --- [           main] .b.t.c.SpringBootTestContextBootstrapper : Using TestExecutionListeners: [org.springframework.test.context.web.ServletTestExecutionListener@76e10574, org.springframework.test.context.support.DirtiesContextBeforeModesTestExecutionListener@7c290246, org.springframework.test.context.event.ApplicationEventsTestExecutionListener@3021e31, org.springframework.boot.test.mock.mockito.MockitoTestExecutionListener@4d305059, org.springframework.boot.test.autoconfigure.SpringBootDependencyInjectionTestExecutionListener@3304362e, org.springframework.test.context.support.DirtiesContextTestExecutionListener@78b293a, org.springframework.test.context.event.EventPublishingTestExecutionListener@146b4c6c, org.springframework.boot.test.mock.mockito.ResetMocksTestExecutionListener@5b166420, org.springframework.boot.test.autoconfigure.restdocs.RestDocsTestExecutionListener@49318c2a, org.springframework.boot.test.autoconfigure.web.client.MockRestServiceServerResetTestExecutionListener@17adbecf, org.springframework.boot.test.autoconfigure.web.servlet.MockMvcPrintOnlyOnFailureTestExecutionListener@59eb987a, org.springframework.boot.test.autoconfigure.web.servlet.WebDriverTestExecutionListener@31b4c003, org.springframework.boot.test.autoconfigure.webservices.client.MockWebServiceServerTestExecutionListener@74214ac3, org.spockframework.spring.SpringMockTestExecutionListener@e00c94e]
2024-05-17 16:29:17.690  INFO 65063 --- [WebServer 51419] okhttp3.mockwebserver.MockWebServer      : MockWebServer[51419] starting to accept connections
2024-05-17 16:29:17.734  WARN 65063 --- [           main] ubernetesProfileEnvironmentPostProcessor : Not running inside kubernetes. Skipping 'kubernetes' profile activation.

  .   ____          _            __ _ _
 /\\ / ___'_ __ _ _(_)_ __  __ _ \ \ \ \
( ( )\___ | '_ | '_| | '_ \/ _` | \ \ \ \
 \\/  ___)| |_)| | | | | || (_| |  ) ) ) )
  '  |____| .__|_| |_|_| |_\__, | / / / /
 =========|_|==============|___/=/_/_/_/
 :: Spring Boot ::                (v2.6.3)

2024-05-17 16:29:17.806  WARN 65063 --- [           main] ubernetesProfileEnvironmentPostProcessor : Not running inside kubernetes. Skipping 'kubernetes' profile activation.
2024-05-17 16:29:17.806  INFO 65063 --- [           main] o.s.c.k.f.config.HealthIndicatorTest     : No active profile set, falling back to default profiles: default
2024-05-17 16:29:18.025  INFO 65063 --- [           main] o.s.cloud.context.scope.GenericScope     : BeanFactory id=cf6232b6-8180-3b95-aacc-818afebc75eb
2024-05-17 16:29:18.140  INFO 65063 --- [           main] o.s.b.w.embedded.tomcat.TomcatWebServer  : Tomcat initialized with port(s): 0 (http)
2024-05-17 16:29:18.141  INFO 65063 --- [           main] o.apache.catalina.core.StandardService   : Starting service [Tomcat]
2024-05-17 16:29:18.141  INFO 65063 --- [           main] org.apache.catalina.core.StandardEngine  : Starting Servlet engine: [Apache Tomcat/9.0.56]
2024-05-17 16:29:18.151  INFO 65063 --- [           main] o.a.c.c.C.[Tomcat-2].[localhost].[/]     : Initializing Spring embedded WebApplicationContext
2024-05-17 16:29:18.151  INFO 65063 --- [           main] w.s.c.ServletWebServerApplicationContext : Root WebApplicationContext: initialization completed in 344 ms
2024-05-17 16:29:18.936  INFO 65063 --- [           main] o.s.b.a.e.web.EndpointLinksResolver      : Exposing 1 endpoint(s) beneath base path '/actuator'
2024-05-17 16:29:18.985  INFO 65063 --- [           main] o.s.b.w.embedded.tomcat.TomcatWebServer  : Tomcat started on port(s): 45007 (http) with context path ''
2024-05-17 16:29:18.992  INFO 65063 --- [           main] o.s.c.k.f.config.HealthIndicatorTest     : Started HealthIndicatorTest in 1.3 seconds (JVM running for 14.953)
2024-05-17 16:29:19.003  INFO 65063 --- [WebServer 50933] okhttp3.mockwebserver.MockWebServer      : MockWebServer[50933] starting to accept connections
2024-05-17 16:29:19.014  INFO 65063 --- [o-auto-3-exec-1] o.a.c.c.C.[Tomcat-2].[localhost].[/]     : Initializing Spring DispatcherServlet 'dispatcherServlet'
2024-05-17 16:29:19.014  INFO 65063 --- [o-auto-3-exec-1] o.s.web.servlet.DispatcherServlet        : Initializing Servlet 'dispatcherServlet'
2024-05-17 16:29:19.015  INFO 65063 --- [o-auto-3-exec-1] o.s.web.servlet.DispatcherServlet        : Completed initialization in 1 ms
2024-05-17 16:29:19.072  INFO 65063 --- [WebServer 50933] okhttp3.mockwebserver.MockWebServer      : MockWebServer[50933] done accepting connections: Socket closed
2024-05-17 16:29:19.080  INFO 65063 --- [           main] .b.t.c.SpringBootTestContextBootstrapper : Neither @ContextConfiguration nor @ContextHierarchy found for test class [org.springframework.cloud.kubernetes.fabric8.config.Fabric8SecretsPropertySourceTest], using SpringBootContextLoader
2024-05-17 16:29:19.081  INFO 65063 --- [           main] o.s.t.c.support.AbstractContextLoader    : Could not detect default resource locations for test class [org.springframework.cloud.kubernetes.fabric8.config.Fabric8SecretsPropertySourceTest]: no resource found for suffixes {-context.xml, Context.groovy}.
2024-05-17 16:29:19.084  INFO 65063 --- [           main] .b.t.c.SpringBootTestContextBootstrapper : Loaded default TestExecutionListener class names from location [META-INF/spring.factories]: [org.springframework.boot.test.mock.mockito.MockitoTestExecutionListener, org.springframework.boot.test.mock.mockito.ResetMocksTestExecutionListener, org.springframework.boot.test.autoconfigure.restdocs.RestDocsTestExecutionListener, org.springframework.boot.test.autoconfigure.web.client.MockRestServiceServerResetTestExecutionListener, org.springframework.boot.test.autoconfigure.web.servlet.MockMvcPrintOnlyOnFailureTestExecutionListener, org.springframework.boot.test.autoconfigure.web.servlet.WebDriverTestExecutionListener, org.springframework.boot.test.autoconfigure.webservices.client.MockWebServiceServerTestExecutionListener, org.springframework.test.context.web.ServletTestExecutionListener, org.springframework.test.context.support.DirtiesContextBeforeModesTestExecutionListener, org.springframework.test.context.event.ApplicationEventsTestExecutionListener, org.springframework.test.context.support.DependencyInjectionTestExecutionListener, org.springframework.test.context.support.DirtiesContextTestExecutionListener, org.springframework.test.context.transaction.TransactionalTestExecutionListener, org.springframework.test.context.jdbc.SqlScriptsTestExecutionListener, org.springframework.test.context.event.EventPublishingTestExecutionListener, org.spockframework.spring.SpringMockTestExecutionListener]
2024-05-17 16:29:19.086  INFO 65063 --- [           main] .b.t.c.SpringBootTestContextBootstrapper : Using TestExecutionListeners: [org.springframework.test.context.web.ServletTestExecutionListener@699fe19f, org.springframework.test.context.support.DirtiesContextBeforeModesTestExecutionListener@2357f000, org.springframework.test.context.event.ApplicationEventsTestExecutionListener@329b4b8b, org.springframework.boot.test.mock.mockito.MockitoTestExecutionListener@6124a7c0, org.springframework.boot.test.autoconfigure.SpringBootDependencyInjectionTestExecutionListener@77a13162, org.springframework.test.context.support.DirtiesContextTestExecutionListener@6bea0866, org.springframework.test.context.event.EventPublishingTestExecutionListener@3c5d183, org.springframework.boot.test.mock.mockito.ResetMocksTestExecutionListener@471b7c9c, org.springframework.boot.test.autoconfigure.restdocs.RestDocsTestExecutionListener@39cf7f3c, org.springframework.boot.test.autoconfigure.web.client.MockRestServiceServerResetTestExecutionListener@25df95b, org.springframework.boot.test.autoconfigure.web.servlet.MockMvcPrintOnlyOnFailureTestExecutionListener@2fb9695a, org.springframework.boot.test.autoconfigure.web.servlet.WebDriverTestExecutionListener@33da0fad, org.springframework.boot.test.autoconfigure.webservices.client.MockWebServiceServerTestExecutionListener@712eb075, org.spockframework.spring.SpringMockTestExecutionListener@1cd4082a]
2024-05-17 16:29:19.088  INFO 65063 --- [WebServer 35115] okhttp3.mockwebserver.MockWebServer      : MockWebServer[35115] starting to accept connections
2024-05-17 16:29:19.093  INFO 65063 --- [127.0.0.1:42516] okhttp3.mockwebserver.MockWebServer      : MockWebServer[35115] received request: POST /api/v1/namespaces/test/secrets HTTP/1.1 and responded: HTTP/1.1 200 OK
2024-05-17 16:29:19.152  WARN 65063 --- [           main] ubernetesProfileEnvironmentPostProcessor : Not running inside kubernetes. Skipping 'kubernetes' profile activation.

  .   ____          _            __ _ _
 /\\ / ___'_ __ _ _(_)_ __  __ _ \ \ \ \
( ( )\___ | '_ | '_| | '_ \/ _` | \ \ \ \
 \\/  ___)| |_)| | | | | || (_| |  ) ) ) )
  '  |____| .__|_| |_|_| |_\__, | / / / /
 =========|_|==============|___/=/_/_/_/
 :: Spring Boot ::                (v2.6.3)

2024-05-17 16:29:19.228  INFO 65063 --- [           main] s.c.k.f.c.Fabric8ConfigMapPropertySource : Loading ConfigMap with name 'configmap-example' in namespace 'test'
2024-05-17 16:29:19.230  INFO 65063 --- [127.0.0.1:42522] okhttp3.mockwebserver.MockWebServer      : MockWebServer[35115] received request: GET /api/v1/namespaces/test/configmaps/configmap-example HTTP/1.1 and responded: HTTP/1.1 404 Client Error
2024-05-17 16:29:19.233  INFO 65063 --- [           main] o.s.c.k.f.config.Fabric8ConfigUtils      : config-map with name : 'configmap-example' not present in namespace : 'test'
2024-05-17 16:29:19.233  INFO 65063 --- [           main] b.c.PropertySourceBootstrapConfiguration : Located property source: [BootstrapPropertySource {name='bootstrapProperties-configmap.configmap-example.test'}]
2024-05-17 16:29:19.234  INFO 65063 --- [           main] o.s.c.k.f.c.Fabric8SecretsPropertySource : Loading Secret with name 'configmap-example' or with labels [{foo=bar}] in namespace 'test'
2024-05-17 16:29:19.234  INFO 65063 --- [127.0.0.1:42522] okhttp3.mockwebserver.MockWebServer      : MockWebServer[35115] received request: GET /api/v1/namespaces/test/secrets/configmap-example HTTP/1.1 and responded: HTTP/1.1 404 Client Error
2024-05-17 16:29:19.235  WARN 65063 --- [           main] o.s.c.k.f.c.Fabric8SecretsPropertySource : secret with name : configmap-example in namespace : test not found
2024-05-17 16:29:19.236  INFO 65063 --- [127.0.0.1:42522] okhttp3.mockwebserver.MockWebServer      : MockWebServer[35115] received request: GET /api/v1/namespaces/test/secrets?labelSelector=foo%3Dbar HTTP/1.1 and responded: HTTP/1.1 200 OK
2024-05-17 16:29:19.277 DEBUG 65063 --- [           main] o.s.c.k.f.c.Fabric8SecretsPropertySource : reading secret with name : test-secret in namespace : test
2024-05-17 16:29:19.277  INFO 65063 --- [           main] b.c.PropertySourceBootstrapConfiguration : Located property source: [BootstrapPropertySource {name='bootstrapProperties-secrets.configmap-example.test'}]
2024-05-17 16:29:19.303  WARN 65063 --- [           main] ubernetesProfileEnvironmentPostProcessor : Not running inside kubernetes. Skipping 'kubernetes' profile activation.
2024-05-17 16:29:19.304  INFO 65063 --- [           main] c.k.f.c.Fabric8SecretsPropertySourceTest : No active profile set, falling back to default profiles: default
2024-05-17 16:29:19.519  INFO 65063 --- [           main] o.s.cloud.context.scope.GenericScope     : BeanFactory id=e369cf40-d234-36e2-a4dc-38329760186f
2024-05-17 16:29:19.676  INFO 65063 --- [           main] o.s.b.w.embedded.tomcat.TomcatWebServer  : Tomcat initialized with port(s): 0 (http)
2024-05-17 16:29:19.677  INFO 65063 --- [           main] o.apache.catalina.core.StandardService   : Starting service [Tomcat]
2024-05-17 16:29:19.678  INFO 65063 --- [           main] org.apache.catalina.core.StandardEngine  : Starting Servlet engine: [Apache Tomcat/9.0.56]
2024-05-17 16:29:19.696  INFO 65063 --- [           main] o.a.c.c.C.[Tomcat-3].[localhost].[/]     : Initializing Spring embedded WebApplicationContext
2024-05-17 16:29:19.696  INFO 65063 --- [           main] w.s.c.ServletWebServerApplicationContext : Root WebApplicationContext: initialization completed in 391 ms
2024-05-17 16:29:20.358  INFO 65063 --- [           main] o.s.b.a.e.web.EndpointLinksResolver      : Exposing 1 endpoint(s) beneath base path '/actuator'
2024-05-17 16:29:20.406  INFO 65063 --- [           main] o.s.b.w.embedded.tomcat.TomcatWebServer  : Tomcat started on port(s): 35091 (http) with context path ''
2024-05-17 16:29:20.412  INFO 65063 --- [           main] c.k.f.c.Fabric8SecretsPropertySourceTest : Started Fabric8SecretsPropertySourceTest in 1.316 seconds (JVM running for 16.373)
2024-05-17 16:29:20.418  INFO 65063 --- [WebServer 42887] okhttp3.mockwebserver.MockWebServer      : MockWebServer[42887] starting to accept connections
2024-05-17 16:29:20.420  INFO 65063 --- [           main] o.s.c.k.f.c.Fabric8SecretsPropertySource : Loading Secret with name 'configmap-example' or with labels [{foo=bar}] in namespace 'test'
2024-05-17 16:29:20.421  INFO 65063 --- [127.0.0.1:42522] okhttp3.mockwebserver.MockWebServer      : MockWebServer[35115] received request: GET /api/v1/namespaces/test/secrets/configmap-example HTTP/1.1 and responded: HTTP/1.1 404 Client Error
2024-05-17 16:29:20.422  WARN 65063 --- [           main] o.s.c.k.f.c.Fabric8SecretsPropertySource : secret with name : configmap-example in namespace : test not found
2024-05-17 16:29:20.423  INFO 65063 --- [127.0.0.1:42522] okhttp3.mockwebserver.MockWebServer      : MockWebServer[35115] received request: GET /api/v1/namespaces/test/secrets?labelSelector=foo%3Dbar HTTP/1.1 and responded: HTTP/1.1 200 OK
2024-05-17 16:29:20.463 DEBUG 65063 --- [           main] o.s.c.k.f.c.Fabric8SecretsPropertySource : reading secret with name : test-secret in namespace : test
2024-05-17 16:29:20.470  INFO 65063 --- [WebServer 42887] okhttp3.mockwebserver.MockWebServer      : MockWebServer[42887] done accepting connections: Socket closed
2024-05-17 16:29:20.484  INFO 65063 --- [WebServer 56021] okhttp3.mockwebserver.MockWebServer      : MockWebServer[56021] starting to accept connections
2024-05-17 16:29:20.588  INFO 65063 --- [WebServer 42059] okhttp3.mockwebserver.MockWebServer      : MockWebServer[42059] starting to accept connections
2024-05-17 16:29:20.593  INFO 65063 --- [WebServer 42059] okhttp3.mockwebserver.MockWebServer      : MockWebServer[42059] done accepting connections: Socket closed
2024-05-17 16:29:20.598  INFO 65063 --- [WebServer 48955] okhttp3.mockwebserver.MockWebServer      : MockWebServer[48955] starting to accept connections
2024-05-17 16:29:20.601  INFO 65063 --- [WebServer 32925] okhttp3.mockwebserver.MockWebServer      : MockWebServer[32925] starting to accept connections
2024-05-17 16:29:20.601  INFO 65063 --- [           main] o.s.c.k.f.c.Fabric8SecretsPropertySource : Loading Secret with name 'my-secret' or with labels [{}] in namespace 'ns'
2024-05-17 16:29:20.602  WARN 65063 --- [           main] o.s.c.k.f.c.Fabric8SecretsPropertySource : Can't read secret with name: [my-secret] or labels [{}] in namespace: [ns] (cause: null). Ignoring
2024-05-17 16:29:20.602  INFO 65063 --- [WebServer 32925] okhttp3.mockwebserver.MockWebServer      : MockWebServer[32925] done accepting connections: Socket closed
2024-05-17 16:29:20.607  INFO 65063 --- [WebServer 58157] okhttp3.mockwebserver.MockWebServer      : MockWebServer[58157] starting to accept connections
2024-05-17 16:29:20.610  INFO 65063 --- [WebServer 54791] okhttp3.mockwebserver.MockWebServer      : MockWebServer[54791] starting to accept connections
2024-05-17 16:29:20.610  INFO 65063 --- [           main] o.s.c.k.f.c.Fabric8SecretsPropertySource : Loading Secret with name 'my-secret' or with labels [{}] in namespace 'namespace'
2024-05-17 16:29:20.610  WARN 65063 --- [           main] o.s.c.k.f.c.Fabric8SecretsPropertySource : Can't read secret with name: [my-secret] or labels [{}] in namespace: [namespace] (cause: null). Ignoring
2024-05-17 16:29:20.611  INFO 65063 --- [WebServer 54791] okhttp3.mockwebserver.MockWebServer      : MockWebServer[54791] done accepting connections: Socket closed
2024-05-17 16:29:20.615  INFO 65063 --- [WebServer 51361] okhttp3.mockwebserver.MockWebServer      : MockWebServer[51361] starting to accept connections
2024-05-17 16:29:20.618  INFO 65063 --- [WebServer 48221] okhttp3.mockwebserver.MockWebServer      : MockWebServer[48221] starting to accept connections
2024-05-17 16:29:20.618  INFO 65063 --- [           main] o.s.c.k.f.c.Fabric8SecretsPropertySource : Loading Secret with name 'my-config' or with labels [{}] in namespace 'default'
2024-05-17 16:29:20.835  INFO 65063 --- [127.0.0.1:57414] okhttp3.mockwebserver.MockWebServer      : MockWebServer[51361] received request: GET /api/v1/namespaces/default/secrets/my-config HTTP/1.1 and responded: HTTP/1.1 500 Server Error
2024-05-17 16:29:20.877  INFO 65063 --- [WebServer 48221] okhttp3.mockwebserver.MockWebServer      : MockWebServer[48221] done accepting connections: Socket closed
2024-05-17 16:29:20.883  INFO 65063 --- [WebServer 51385] okhttp3.mockwebserver.MockWebServer      : MockWebServer[51385] starting to accept connections
2024-05-17 16:29:20.887  INFO 65063 --- [WebServer 44575] okhttp3.mockwebserver.MockWebServer      : MockWebServer[44575] starting to accept connections
2024-05-17 16:29:20.888  INFO 65063 --- [           main] o.s.c.k.f.c.Fabric8SecretsPropertySource : Loading Secret with name 'my-config' or with labels [{}] in namespace 'default'
2024-05-17 16:29:20.997  INFO 65063 --- [127.0.0.1:34080] okhttp3.mockwebserver.MockWebServer      : MockWebServer[51385] received request: GET /api/v1/namespaces/default/secrets/my-config HTTP/1.1 and responded: HTTP/1.1 500 Server Error
2024-05-17 16:29:21.037  WARN 65063 --- [           main] o.s.c.k.f.c.Fabric8SecretsPropertySource : Can't read secret with name: [my-config] or labels [{}] in namespace: [default] (cause: Failure executing: GET at: https://localhost:51385/api/v1/namespaces/default/secrets/my-config. Message: Internal Server Error.). Ignoring
2024-05-17 16:29:21.039  INFO 65063 --- [WebServer 44575] okhttp3.mockwebserver.MockWebServer      : MockWebServer[44575] done accepting connections: Socket closed
2024-05-17 16:29:21.045  INFO 65063 --- [WebServer 37157] okhttp3.mockwebserver.MockWebServer      : MockWebServer[37157] starting to accept connections
2024-05-17 16:29:21.049  INFO 65063 --- [WebServer 58631] okhttp3.mockwebserver.MockWebServer      : MockWebServer[58631] starting to accept connections
2024-05-17 16:29:21.050  INFO 65063 --- [           main] o.s.c.k.f.c.Fabric8SecretsPropertySource : Loading Secret with name 'my-config' or with labels [{}] in namespace 'default'
2024-05-17 16:29:21.155  INFO 65063 --- [127.0.0.1:43816] okhttp3.mockwebserver.MockWebServer      : MockWebServer[58631] received request: GET /api/v1/namespaces/default/secrets/my-config HTTP/1.1 and responded: HTTP/1.1 500 Server Error
2024-05-17 16:29:21.197  INFO 65063 --- [WebServer 58631] okhttp3.mockwebserver.MockWebServer      : MockWebServer[58631] done accepting connections: Socket closed
2024-05-17 16:29:21.205  INFO 65063 --- [WebServer 34701] okhttp3.mockwebserver.MockWebServer      : MockWebServer[34701] starting to accept connections
2024-05-17 16:29:21.207  INFO 65063 --- [WebServer 37345] okhttp3.mockwebserver.MockWebServer      : MockWebServer[37345] starting to accept connections
2024-05-17 16:29:21.208  INFO 65063 --- [           main] o.s.c.k.f.c.Fabric8SecretsPropertySource : Loading Secret with name 'my-config' or with labels [{}] in namespace 'default'
2024-05-17 16:29:21.310  INFO 65063 --- [127.0.0.1:58764] okhttp3.mockwebserver.MockWebServer      : MockWebServer[37345] received request: GET /api/v1/namespaces/default/secrets/my-config HTTP/1.1 and responded: HTTP/1.1 500 Server Error
2024-05-17 16:29:21.350  WARN 65063 --- [           main] o.s.c.k.f.c.Fabric8SecretsPropertySource : Can't read secret with name: [my-config] or labels [{}] in namespace: [default] (cause: Failure executing: GET at: https://localhost:37345/api/v1/namespaces/default/secrets/my-config. Message: Internal Server Error.). Ignoring
2024-05-17 16:29:21.351  INFO 65063 --- [WebServer 37345] okhttp3.mockwebserver.MockWebServer      : MockWebServer[37345] done accepting connections: Socket closed
2024-05-17 16:29:21.363  INFO 65063 --- [WebServer 59245] okhttp3.mockwebserver.MockWebServer      : MockWebServer[59245] starting to accept connections
2024-05-17 16:29:21.371  INFO 65063 --- [WebServer 46329] okhttp3.mockwebserver.MockWebServer      : MockWebServer[46329] starting to accept connections
2024-05-17 16:29:21.373  INFO 65063 --- [           main] .b.t.c.SpringBootTestContextBootstrapper : Neither @ContextConfiguration nor @ContextHierarchy found for test class [org.springframework.cloud.kubernetes.fabric8.config.Fabric8SecretsPropertySourceLocatorRetryTests$SecretsRetryEnabled], using SpringBootContextLoader
2024-05-17 16:29:21.373  INFO 65063 --- [           main] o.s.t.c.support.AbstractContextLoader    : Could not detect default resource locations for test class [org.springframework.cloud.kubernetes.fabric8.config.Fabric8SecretsPropertySourceLocatorRetryTests$SecretsRetryEnabled]: no resource found for suffixes {-context.xml, Context.groovy}.
2024-05-17 16:29:21.377  INFO 65063 --- [           main] .b.t.c.SpringBootTestContextBootstrapper : Loaded default TestExecutionListener class names from location [META-INF/spring.factories]: [org.springframework.boot.test.mock.mockito.MockitoTestExecutionListener, org.springframework.boot.test.mock.mockito.ResetMocksTestExecutionListener, org.springframework.boot.test.autoconfigure.restdocs.RestDocsTestExecutionListener, org.springframework.boot.test.autoconfigure.web.client.MockRestServiceServerResetTestExecutionListener, org.springframework.boot.test.autoconfigure.web.servlet.MockMvcPrintOnlyOnFailureTestExecutionListener, org.springframework.boot.test.autoconfigure.web.servlet.WebDriverTestExecutionListener, org.springframework.boot.test.autoconfigure.webservices.client.MockWebServiceServerTestExecutionListener, org.springframework.test.context.web.ServletTestExecutionListener, org.springframework.test.context.support.DirtiesContextBeforeModesTestExecutionListener, org.springframework.test.context.event.ApplicationEventsTestExecutionListener, org.springframework.test.context.support.DependencyInjectionTestExecutionListener, org.springframework.test.context.support.DirtiesContextTestExecutionListener, org.springframework.test.context.transaction.TransactionalTestExecutionListener, org.springframework.test.context.jdbc.SqlScriptsTestExecutionListener, org.springframework.test.context.event.EventPublishingTestExecutionListener, org.spockframework.spring.SpringMockTestExecutionListener]
2024-05-17 16:29:21.379  INFO 65063 --- [           main] .b.t.c.SpringBootTestContextBootstrapper : Using TestExecutionListeners: [org.springframework.test.context.web.ServletTestExecutionListener@22b00077, org.springframework.test.context.support.DirtiesContextBeforeModesTestExecutionListener@28b36817, org.springframework.test.context.event.ApplicationEventsTestExecutionListener@6645c1f, org.springframework.boot.test.mock.mockito.MockitoTestExecutionListener@237e4ed9, org.springframework.boot.test.autoconfigure.SpringBootDependencyInjectionTestExecutionListener@1ef4179, org.springframework.test.context.support.DirtiesContextTestExecutionListener@322f6283, org.springframework.test.context.event.EventPublishingTestExecutionListener@168f447d, org.springframework.boot.test.mock.mockito.ResetMocksTestExecutionListener@4756c8f3, org.springframework.boot.test.autoconfigure.restdocs.RestDocsTestExecutionListener@3cc9bde9, org.springframework.boot.test.autoconfigure.web.client.MockRestServiceServerResetTestExecutionListener@75bbeb89, org.springframework.boot.test.autoconfigure.web.servlet.MockMvcPrintOnlyOnFailureTestExecutionListener@197bf5ef, org.springframework.boot.test.autoconfigure.web.servlet.WebDriverTestExecutionListener@681ba763, org.springframework.boot.test.autoconfigure.webservices.client.MockWebServiceServerTestExecutionListener@19cc697c, org.spockframework.spring.SpringMockTestExecutionListener@33012e6f]
2024-05-17 16:29:21.416  WARN 65063 --- [           main] ubernetesProfileEnvironmentPostProcessor : Not running inside kubernetes. Skipping 'kubernetes' profile activation.
2024-05-17 16:29:21.471  INFO 65063 --- [           main] trationDelegate$BeanPostProcessorChecker : Bean 'org.springframework.retry.annotation.RetryConfiguration' of type [org.springframework.retry.annotation.RetryConfiguration] is not eligible for getting processed by all BeanPostProcessors (for example: not eligible for auto-proxying)

  .   ____          _            __ _ _
 /\\ / ___'_ __ _ _(_)_ __  __ _ \ \ \ \
( ( )\___ | '_ | '_| | '_ \/ _` | \ \ \ \
 \\/  ___)| |_)| | | | | || (_| |  ) ) ) )
  '  |____| .__|_| |_|_| |_\__, | / / / /
 =========|_|==============|___/=/_/_/_/
 :: Spring Boot ::                (v2.6.3)

2024-05-17 16:29:21.586  INFO 65063 --- [           main] s.c.k.f.c.Fabric8ConfigMapPropertySource : Loading ConfigMap with name 'application' in namespace 'default'
2024-05-17 16:29:21.685  INFO 65063 --- [127.0.0.1:54374] okhttp3.mockwebserver.MockWebServer      : MockWebServer[59245] received request: GET /api/v1/namespaces/default/configmaps/application HTTP/1.1 and responded: HTTP/1.1 404 Client Error
2024-05-17 16:29:21.688  INFO 65063 --- [           main] o.s.c.k.f.config.Fabric8ConfigUtils      : config-map with name : 'application' not present in namespace : 'default'
2024-05-17 16:29:21.688  INFO 65063 --- [           main] b.c.PropertySourceBootstrapConfiguration : Located property source: [BootstrapPropertySource {name='bootstrapProperties-configmap.application.default'}]
2024-05-17 16:29:21.696  INFO 65063 --- [           main] o.s.c.k.f.c.Fabric8SecretsPropertySource : Loading Secret with name 'my-secret' or with labels [{}] in namespace 'default'
2024-05-17 16:29:21.698  INFO 65063 --- [127.0.0.1:54374] okhttp3.mockwebserver.MockWebServer      : MockWebServer[59245] received request: GET /api/v1/namespaces/default/secrets/my-secret HTTP/1.1 and responded: HTTP/1.1 404 Client Error
2024-05-17 16:29:21.698  WARN 65063 --- [           main] o.s.c.k.f.c.Fabric8SecretsPropertySource : secret with name : my-secret in namespace : default not found
2024-05-17 16:29:21.699  INFO 65063 --- [127.0.0.1:54374] okhttp3.mockwebserver.MockWebServer      : MockWebServer[59245] received request: GET /api/v1/namespaces/default/secrets HTTP/1.1 and responded: HTTP/1.1 200 OK
2024-05-17 16:29:21.740  INFO 65063 --- [           main] b.c.PropertySourceBootstrapConfiguration : Located property source: [BootstrapPropertySource {name='bootstrapProperties-secrets.my-secret.default'}]
2024-05-17 16:29:21.745  WARN 65063 --- [           main] ubernetesProfileEnvironmentPostProcessor : Not running inside kubernetes. Skipping 'kubernetes' profile activation.
2024-05-17 16:29:21.745  INFO 65063 --- [           main] rceLocatorRetryTests$SecretsRetryEnabled : No active profile set, falling back to default profiles: default
2024-05-17 16:29:22.161  INFO 65063 --- [           main] o.s.cloud.context.scope.GenericScope     : BeanFactory id=94652287-2eb9-367e-b08b-eea09b3b2900
2024-05-17 16:29:22.716  INFO 65063 --- [           main] rceLocatorRetryTests$SecretsRetryEnabled : Started Fabric8SecretsPropertySourceLocatorRetryTests.SecretsRetryEnabled in 1.335 seconds (JVM running for 18.677)
2024-05-17 16:29:22.722  INFO 65063 --- [WebServer 53601] okhttp3.mockwebserver.MockWebServer      : MockWebServer[53601] starting to accept connections
2024-05-17 16:29:22.736  INFO 65063 --- [           main] o.s.c.k.f.c.Fabric8SecretsPropertySource : Loading Secret with name 'my-secret' or with labels [{}] in namespace 'default'
2024-05-17 16:29:22.738  INFO 65063 --- [127.0.0.1:54374] okhttp3.mockwebserver.MockWebServer      : MockWebServer[59245] received request: GET /api/v1/namespaces/default/secrets/my-secret HTTP/1.1 and responded: HTTP/1.1 500 Server Error
2024-05-17 16:29:23.740  INFO 65063 --- [           main] o.s.c.k.f.c.Fabric8SecretsPropertySource : Loading Secret with name 'my-secret' or with labels [{}] in namespace 'default'
2024-05-17 16:29:23.742  INFO 65063 --- [127.0.0.1:54374] okhttp3.mockwebserver.MockWebServer      : MockWebServer[59245] received request: GET /api/v1/namespaces/default/secrets/my-secret HTTP/1.1 and responded: HTTP/1.1 500 Server Error
2024-05-17 16:29:24.845  INFO 65063 --- [           main] o.s.c.k.f.c.Fabric8SecretsPropertySource : Loading Secret with name 'my-secret' or with labels [{}] in namespace 'default'
2024-05-17 16:29:24.848  INFO 65063 --- [127.0.0.1:54374] okhttp3.mockwebserver.MockWebServer      : MockWebServer[59245] received request: GET /api/v1/namespaces/default/secrets/my-secret HTTP/1.1 and responded: HTTP/1.1 500 Server Error
2024-05-17 16:29:26.061  INFO 65063 --- [           main] o.s.c.k.f.c.Fabric8SecretsPropertySource : Loading Secret with name 'my-secret' or with labels [{}] in namespace 'default'
2024-05-17 16:29:26.065  INFO 65063 --- [127.0.0.1:54374] okhttp3.mockwebserver.MockWebServer      : MockWebServer[59245] received request: GET /api/v1/namespaces/default/secrets/my-secret HTTP/1.1 and responded: HTTP/1.1 200 OK
2024-05-17 16:29:26.070  INFO 65063 --- [127.0.0.1:54374] okhttp3.mockwebserver.MockWebServer      : MockWebServer[59245] received request: GET /api/v1/namespaces/default/secrets HTTP/1.1 and responded: HTTP/1.1 200 OK
2024-05-17 16:29:26.128  INFO 65063 --- [WebServer 53601] okhttp3.mockwebserver.MockWebServer      : MockWebServer[53601] done accepting connections: Socket closed
2024-05-17 16:29:26.135  INFO 65063 --- [WebServer 42871] okhttp3.mockwebserver.MockWebServer      : MockWebServer[42871] starting to accept connections
2024-05-17 16:29:26.139  INFO 65063 --- [WebServer 39601] okhttp3.mockwebserver.MockWebServer      : MockWebServer[39601] starting to accept connections
2024-05-17 16:29:26.140  INFO 65063 --- [           main] .b.t.c.SpringBootTestContextBootstrapper : Neither @ContextConfiguration nor @ContextHierarchy found for test class [org.springframework.cloud.kubernetes.fabric8.config.Fabric8SecretsPropertySourceLocatorRetryTests$SecretsRetryEnabled], using SpringBootContextLoader
2024-05-17 16:29:26.141  INFO 65063 --- [           main] o.s.t.c.support.AbstractContextLoader    : Could not detect default resource locations for test class [org.springframework.cloud.kubernetes.fabric8.config.Fabric8SecretsPropertySourceLocatorRetryTests$SecretsRetryEnabled]: no resource found for suffixes {-context.xml, Context.groovy}.
2024-05-17 16:29:26.143  INFO 65063 --- [           main] .b.t.c.SpringBootTestContextBootstrapper : Loaded default TestExecutionListener class names from location [META-INF/spring.factories]: [org.springframework.boot.test.mock.mockito.MockitoTestExecutionListener, org.springframework.boot.test.mock.mockito.ResetMocksTestExecutionListener, org.springframework.boot.test.autoconfigure.restdocs.RestDocsTestExecutionListener, org.springframework.boot.test.autoconfigure.web.client.MockRestServiceServerResetTestExecutionListener, org.springframework.boot.test.autoconfigure.web.servlet.MockMvcPrintOnlyOnFailureTestExecutionListener, org.springframework.boot.test.autoconfigure.web.servlet.WebDriverTestExecutionListener, org.springframework.boot.test.autoconfigure.webservices.client.MockWebServiceServerTestExecutionListener, org.springframework.test.context.web.ServletTestExecutionListener, org.springframework.test.context.support.DirtiesContextBeforeModesTestExecutionListener, org.springframework.test.context.event.ApplicationEventsTestExecutionListener, org.springframework.test.context.support.DependencyInjectionTestExecutionListener, org.springframework.test.context.support.DirtiesContextTestExecutionListener, org.springframework.test.context.transaction.TransactionalTestExecutionListener, org.springframework.test.context.jdbc.SqlScriptsTestExecutionListener, org.springframework.test.context.event.EventPublishingTestExecutionListener, org.spockframework.spring.SpringMockTestExecutionListener]
2024-05-17 16:29:26.145  INFO 65063 --- [           main] .b.t.c.SpringBootTestContextBootstrapper : Using TestExecutionListeners: [org.springframework.test.context.web.ServletTestExecutionListener@7a461744, org.springframework.test.context.support.DirtiesContextBeforeModesTestExecutionListener@6b1cc2fb, org.springframework.test.context.event.ApplicationEventsTestExecutionListener@173e4b75, org.springframework.boot.test.mock.mockito.MockitoTestExecutionListener@78f2cab9, org.springframework.boot.test.autoconfigure.SpringBootDependencyInjectionTestExecutionListener@32441ed4, org.springframework.test.context.support.DirtiesContextTestExecutionListener@3fc2197d, org.springframework.test.context.event.EventPublishingTestExecutionListener@5a429813, org.springframework.boot.test.mock.mockito.ResetMocksTestExecutionListener@348b26e0, org.springframework.boot.test.autoconfigure.restdocs.RestDocsTestExecutionListener@26ab3c1b, org.springframework.boot.test.autoconfigure.web.client.MockRestServiceServerResetTestExecutionListener@98dc042, org.springframework.boot.test.autoconfigure.web.servlet.MockMvcPrintOnlyOnFailureTestExecutionListener@47c14360, org.springframework.boot.test.autoconfigure.web.servlet.WebDriverTestExecutionListener@2a90c15e, org.springframework.boot.test.autoconfigure.webservices.client.MockWebServiceServerTestExecutionListener@55a46bf3, org.spockframework.spring.SpringMockTestExecutionListener@324c3ed5]
2024-05-17 16:29:26.149  INFO 65063 --- [WebServer 46059] okhttp3.mockwebserver.MockWebServer      : MockWebServer[46059] starting to accept connections
2024-05-17 16:29:26.152  INFO 65063 --- [           main] o.s.c.k.f.c.Fabric8SecretsPropertySource : Loading Secret with name 'my-secret' or with labels [{}] in namespace 'default'
2024-05-17 16:29:26.153  INFO 65063 --- [127.0.0.1:54374] okhttp3.mockwebserver.MockWebServer      : MockWebServer[59245] received request: GET /api/v1/namespaces/default/secrets/my-secret HTTP/1.1 and responded: HTTP/1.1 404 Client Error
2024-05-17 16:29:26.154  WARN 65063 --- [           main] o.s.c.k.f.c.Fabric8SecretsPropertySource : secret with name : my-secret in namespace : default not found
2024-05-17 16:29:26.155  INFO 65063 --- [127.0.0.1:54374] okhttp3.mockwebserver.MockWebServer      : MockWebServer[59245] received request: GET /api/v1/namespaces/default/secrets HTTP/1.1 and responded: HTTP/1.1 200 OK
2024-05-17 16:29:26.204  INFO 65063 --- [WebServer 46059] okhttp3.mockwebserver.MockWebServer      : MockWebServer[46059] done accepting connections: Socket closed
java.lang.AssertionError: 
Expecting code to raise a throwable.
	at org.springframework.cloud.kubernetes.fabric8.config.Fabric8SecretsPropertySourceLocatorRetryTests$SecretsRetryEnabled.locateShouldRetryAndFail(Fabric8SecretsPropertySourceLocatorRetryTests.java:136)
	at sun.reflect.NativeMethodAccessorImpl.invoke0(Native Method)
	at sun.reflect.NativeMethodAccessorImpl.invoke(NativeMethodAccessorImpl.java:62)
	at sun.reflect.DelegatingMethodAccessorImpl.invoke(DelegatingMethodAccessorImpl.java:43)
	at java.lang.reflect.Method.invoke(Method.java:498)
	at org.junit.platform.commons.util.ReflectionUtils.invokeMethod(ReflectionUtils.java:725)
	at org.junit.jupiter.engine.execution.MethodInvocation.proceed(MethodInvocation.java:60)
	at org.junit.jupiter.engine.execution.InvocationInterceptorChain$ValidatingInvocation.proceed(InvocationInterceptorChain.java:131)
	at org.junit.jupiter.engine.extension.TimeoutExtension.intercept(TimeoutExtension.java:149)
	at org.junit.jupiter.engine.extension.TimeoutExtension.interceptTestableMethod(TimeoutExtension.java:140)
	at org.junit.jupiter.engine.extension.TimeoutExtension.interceptTestMethod(TimeoutExtension.java:84)
	at org.junit.jupiter.engine.execution.ExecutableInvoker$ReflectiveInterceptorCall.lambda$ofVoidMethod$0(ExecutableInvoker.java:115)
	at org.junit.jupiter.engine.execution.ExecutableInvoker.lambda$invoke$0(ExecutableInvoker.java:105)
	at org.junit.jupiter.engine.execution.InvocationInterceptorChain$InterceptedInvocation.proceed(InvocationInterceptorChain.java:106)
	at org.junit.jupiter.engine.execution.InvocationInterceptorChain.proceed(InvocationInterceptorChain.java:64)
	at org.junit.jupiter.engine.execution.InvocationInterceptorChain.chainAndInvoke(InvocationInterceptorChain.java:45)
	at org.junit.jupiter.engine.execution.InvocationInterceptorChain.invoke(InvocationInterceptorChain.java:37)
	at org.junit.jupiter.engine.execution.ExecutableInvoker.invoke(ExecutableInvoker.java:104)
	at org.junit.jupiter.engine.execution.ExecutableInvoker.invoke(ExecutableInvoker.java:98)
	at org.junit.jupiter.engine.descriptor.TestMethodTestDescriptor.lambda$invokeTestMethod$7(TestMethodTestDescriptor.java:214)
	at org.junit.platform.engine.support.hierarchical.ThrowableCollector.execute(ThrowableCollector.java:73)
	at org.junit.jupiter.engine.descriptor.TestMethodTestDescriptor.invokeTestMethod(TestMethodTestDescriptor.java:210)
	at org.junit.jupiter.engine.descriptor.TestMethodTestDescriptor.execute(TestMethodTestDescriptor.java:135)
	at org.junit.jupiter.engine.descriptor.TestMethodTestDescriptor.execute(TestMethodTestDescriptor.java:66)
	at org.junit.platform.engine.support.hierarchical.NodeTestTask.lambda$executeRecursively$6(NodeTestTask.java:151)
	at org.junit.platform.engine.support.hierarchical.ThrowableCollector.execute(ThrowableCollector.java:73)
	at org.junit.platform.engine.support.hierarchical.NodeTestTask.lambda$executeRecursively$8(NodeTestTask.java:141)
	at org.junit.platform.engine.support.hierarchical.Node.around(Node.java:137)
	at org.junit.platform.engine.support.hierarchical.NodeTestTask.lambda$executeRecursively$9(NodeTestTask.java:139)
	at org.junit.platform.engine.support.hierarchical.ThrowableCollector.execute(ThrowableCollector.java:73)
	at org.junit.platform.engine.support.hierarchical.NodeTestTask.executeRecursively(NodeTestTask.java:138)
	at org.junit.platform.engine.support.hierarchical.NodeTestTask.execute(NodeTestTask.java:95)
	at java.util.ArrayList.forEach(ArrayList.java:1259)
	at org.junit.platform.engine.support.hierarchical.SameThreadHierarchicalTestExecutorService.invokeAll(SameThreadHierarchicalTestExecutorService.java:41)
	at org.junit.platform.engine.support.hierarchical.NodeTestTask.lambda$executeRecursively$6(NodeTestTask.java:155)
	at org.junit.platform.engine.support.hierarchical.ThrowableCollector.execute(ThrowableCollector.java:73)
	at org.junit.platform.engine.support.hierarchical.NodeTestTask.lambda$executeRecursively$8(NodeTestTask.java:141)
	at org.junit.platform.engine.support.hierarchical.Node.around(Node.java:137)
	at org.junit.platform.engine.support.hierarchical.NodeTestTask.lambda$executeRecursively$9(NodeTestTask.java:139)
	at org.junit.platform.engine.support.hierarchical.ThrowableCollector.execute(ThrowableCollector.java:73)
	at org.junit.platform.engine.support.hierarchical.NodeTestTask.executeRecursively(NodeTestTask.java:138)
	at org.junit.platform.engine.support.hierarchical.NodeTestTask.execute(NodeTestTask.java:95)
	at java.util.ArrayList.forEach(ArrayList.java:1259)
	at org.junit.platform.engine.support.hierarchical.SameThreadHierarchicalTestExecutorService.invokeAll(SameThreadHierarchicalTestExecutorService.java:41)
	at org.junit.platform.engine.support.hierarchical.NodeTestTask.lambda$executeRecursively$6(NodeTestTask.java:155)
	at org.junit.platform.engine.support.hierarchical.ThrowableCollector.execute(ThrowableCollector.java:73)
	at org.junit.platform.engine.support.hierarchical.NodeTestTask.lambda$executeRecursively$8(NodeTestTask.java:141)
	at org.junit.platform.engine.support.hierarchical.Node.around(Node.java:137)
	at org.junit.platform.engine.support.hierarchical.NodeTestTask.lambda$executeRecursively$9(NodeTestTask.java:139)
	at org.junit.platform.engine.support.hierarchical.ThrowableCollector.execute(ThrowableCollector.java:73)
	at org.junit.platform.engine.support.hierarchical.NodeTestTask.executeRecursively(NodeTestTask.java:138)
	at org.junit.platform.engine.support.hierarchical.NodeTestTask.execute(NodeTestTask.java:95)
	at java.util.ArrayList.forEach(ArrayList.java:1259)
	at org.junit.platform.engine.support.hierarchical.SameThreadHierarchicalTestExecutorService.invokeAll(SameThreadHierarchicalTestExecutorService.java:41)
	at org.junit.platform.engine.support.hierarchical.NodeTestTask.lambda$executeRecursively$6(NodeTestTask.java:155)
	at org.junit.platform.engine.support.hierarchical.ThrowableCollector.execute(ThrowableCollector.java:73)
	at org.junit.platform.engine.support.hierarchical.NodeTestTask.lambda$executeRecursively$8(NodeTestTask.java:141)
	at org.junit.platform.engine.support.hierarchical.Node.around(Node.java:137)
	at org.junit.platform.engine.support.hierarchical.NodeTestTask.lambda$executeRecursively$9(NodeTestTask.java:139)
	at org.junit.platform.engine.support.hierarchical.ThrowableCollector.execute(ThrowableCollector.java:73)
	at org.junit.platform.engine.support.hierarchical.NodeTestTask.executeRecursively(NodeTestTask.java:138)
	at org.junit.platform.engine.support.hierarchical.NodeTestTask.execute(NodeTestTask.java:95)
	at org.junit.platform.engine.support.hierarchical.SameThreadHierarchicalTestExecutorService.submit(SameThreadHierarchicalTestExecutorService.java:35)
	at org.junit.platform.engine.support.hierarchical.HierarchicalTestExecutor.execute(HierarchicalTestExecutor.java:57)
	at org.junit.platform.engine.support.hierarchical.HierarchicalTestEngine.execute(HierarchicalTestEngine.java:54)
	at org.junit.platform.launcher.core.DefaultLauncher.execute(DefaultLauncher.java:170)
	at org.junit.platform.launcher.core.DefaultLauncher.execute(DefaultLauncher.java:154)
	at org.junit.platform.launcher.core.DefaultLauncher.execute(DefaultLauncher.java:90)
	at edu.illinois.cs.testrunner.execution.JUnit5TestExecutor.runTestsSeparately(JUnit5TestExecutor.java:40)
	at edu.illinois.cs.testrunner.execution.Executor$.$anonfun$run$1(Executor.scala:33)
	at scala.runtime.java8.JFunction0$mcV$sp.apply(JFunction0$mcV$sp.java:12)
	at scala.util.Try$.apply(Try.scala:209)
	at edu.illinois.cs.testrunner.execution.Executor$.run(Executor.scala:28)
	at edu.illinois.cs.testrunner.execution.Executor$.main(Executor.scala:18)
	at edu.illinois.cs.testrunner.execution.Executor.main(Executor.scala)
2024-05-17 16:29:26.211  INFO 65063 --- [WebServer 36527] okhttp3.mockwebserver.MockWebServer      : MockWebServer[36527] starting to accept connections
2024-05-17 16:29:26.215  INFO 65063 --- [WebServer 49863] okhttp3.mockwebserver.MockWebServer      : MockWebServer[49863] starting to accept connections
2024-05-17 16:29:26.215  INFO 65063 --- [           main] .b.t.c.SpringBootTestContextBootstrapper : Neither @ContextConfiguration nor @ContextHierarchy found for test class [org.springframework.cloud.kubernetes.fabric8.config.Fabric8SecretsPropertySourceLocatorRetryTests$SecretsRetryEnabled], using SpringBootContextLoader
2024-05-17 16:29:26.216  INFO 65063 --- [           main] o.s.t.c.support.AbstractContextLoader    : Could not detect default resource locations for test class [org.springframework.cloud.kubernetes.fabric8.config.Fabric8SecretsPropertySourceLocatorRetryTests$SecretsRetryEnabled]: no resource found for suffixes {-context.xml, Context.groovy}.
2024-05-17 16:29:26.218  INFO 65063 --- [           main] .b.t.c.SpringBootTestContextBootstrapper : Loaded default TestExecutionListener class names from location [META-INF/spring.factories]: [org.springframework.boot.test.mock.mockito.MockitoTestExecutionListener, org.springframework.boot.test.mock.mockito.ResetMocksTestExecutionListener, org.springframework.boot.test.autoconfigure.restdocs.RestDocsTestExecutionListener, org.springframework.boot.test.autoconfigure.web.client.MockRestServiceServerResetTestExecutionListener, org.springframework.boot.test.autoconfigure.web.servlet.MockMvcPrintOnlyOnFailureTestExecutionListener, org.springframework.boot.test.autoconfigure.web.servlet.WebDriverTestExecutionListener, org.springframework.boot.test.autoconfigure.webservices.client.MockWebServiceServerTestExecutionListener, org.springframework.test.context.web.ServletTestExecutionListener, org.springframework.test.context.support.DirtiesContextBeforeModesTestExecutionListener, org.springframework.test.context.event.ApplicationEventsTestExecutionListener, org.springframework.test.context.support.DependencyInjectionTestExecutionListener, org.springframework.test.context.support.DirtiesContextTestExecutionListener, org.springframework.test.context.transaction.TransactionalTestExecutionListener, org.springframework.test.context.jdbc.SqlScriptsTestExecutionListener, org.springframework.test.context.event.EventPublishingTestExecutionListener, org.spockframework.spring.SpringMockTestExecutionListener]
2024-05-17 16:29:26.220  INFO 65063 --- [           main] .b.t.c.SpringBootTestContextBootstrapper : Using TestExecutionListeners: [org.springframework.test.context.web.ServletTestExecutionListener@7beb2bc2, org.springframework.test.context.support.DirtiesContextBeforeModesTestExecutionListener@28d07fa4, org.springframework.test.context.event.ApplicationEventsTestExecutionListener@298990ab, org.springframework.boot.test.mock.mockito.MockitoTestExecutionListener@6fc44cb6, org.springframework.boot.test.autoconfigure.SpringBootDependencyInjectionTestExecutionListener@4d53dfb7, org.springframework.test.context.support.DirtiesContextTestExecutionListener@6655b4e6, org.springframework.test.context.event.EventPublishingTestExecutionListener@33c6c4f, org.springframework.boot.test.mock.mockito.ResetMocksTestExecutionListener@4e502162, org.springframework.boot.test.autoconfigure.restdocs.RestDocsTestExecutionListener@1dade178, org.springframework.boot.test.autoconfigure.web.client.MockRestServiceServerResetTestExecutionListener@561494af, org.springframework.boot.test.autoconfigure.web.servlet.MockMvcPrintOnlyOnFailureTestExecutionListener@362ad436, org.springframework.boot.test.autoconfigure.web.servlet.WebDriverTestExecutionListener@79beb8a0, org.springframework.boot.test.autoconfigure.webservices.client.MockWebServiceServerTestExecutionListener@b6a20ce, org.spockframework.spring.SpringMockTestExecutionListener@79296ce0]
2024-05-17 16:29:26.225  INFO 65063 --- [WebServer 44375] okhttp3.mockwebserver.MockWebServer      : MockWebServer[44375] starting to accept connections
2024-05-17 16:29:26.228  INFO 65063 --- [           main] o.s.c.k.f.c.Fabric8SecretsPropertySource : Loading Secret with name 'my-secret' or with labels [{}] in namespace 'default'
2024-05-17 16:29:26.229  INFO 65063 --- [127.0.0.1:54374] okhttp3.mockwebserver.MockWebServer      : MockWebServer[59245] received request: GET /api/v1/namespaces/default/secrets/my-secret HTTP/1.1 and responded: HTTP/1.1 404 Client Error
2024-05-17 16:29:26.230  WARN 65063 --- [           main] o.s.c.k.f.c.Fabric8SecretsPropertySource : secret with name : my-secret in namespace : default not found
2024-05-17 16:29:26.231  INFO 65063 --- [127.0.0.1:54374] okhttp3.mockwebserver.MockWebServer      : MockWebServer[59245] received request: GET /api/v1/namespaces/default/secrets HTTP/1.1 and responded: HTTP/1.1 200 OK
2024-05-17 16:29:26.277  INFO 65063 --- [WebServer 44375] okhttp3.mockwebserver.MockWebServer      : MockWebServer[44375] done accepting connections: Socket closed
org.opentest4j.AssertionFailedError: 
expected: "theSensitiveValue"
 but was: null
	at sun.reflect.NativeConstructorAccessorImpl.newInstance0(Native Method)
	at sun.reflect.NativeConstructorAccessorImpl.newInstance(NativeConstructorAccessorImpl.java:62)
	at sun.reflect.DelegatingConstructorAccessorImpl.newInstance(DelegatingConstructorAccessorImpl.java:45)
	at org.springframework.cloud.kubernetes.fabric8.config.Fabric8SecretsPropertySourceLocatorRetryTests$SecretsRetryEnabled.locateShouldNotRetryWhenThereIsNoFailure(Fabric8SecretsPropertySourceLocatorRetryTests.java:104)
	at sun.reflect.NativeMethodAccessorImpl.invoke0(Native Method)
	at sun.reflect.NativeMethodAccessorImpl.invoke(NativeMethodAccessorImpl.java:62)
	at sun.reflect.DelegatingMethodAccessorImpl.invoke(DelegatingMethodAccessorImpl.java:43)
	at java.lang.reflect.Method.invoke(Method.java:498)
	at org.junit.platform.commons.util.ReflectionUtils.invokeMethod(ReflectionUtils.java:725)
	at org.junit.jupiter.engine.execution.MethodInvocation.proceed(MethodInvocation.java:60)
	at org.junit.jupiter.engine.execution.InvocationInterceptorChain$ValidatingInvocation.proceed(InvocationInterceptorChain.java:131)
	at org.junit.jupiter.engine.extension.TimeoutExtension.intercept(TimeoutExtension.java:149)
	at org.junit.jupiter.engine.extension.TimeoutExtension.interceptTestableMethod(TimeoutExtension.java:140)
	at org.junit.jupiter.engine.extension.TimeoutExtension.interceptTestMethod(TimeoutExtension.java:84)
	at org.junit.jupiter.engine.execution.ExecutableInvoker$ReflectiveInterceptorCall.lambda$ofVoidMethod$0(ExecutableInvoker.java:115)
	at org.junit.jupiter.engine.execution.ExecutableInvoker.lambda$invoke$0(ExecutableInvoker.java:105)
	at org.junit.jupiter.engine.execution.InvocationInterceptorChain$InterceptedInvocation.proceed(InvocationInterceptorChain.java:106)
	at org.junit.jupiter.engine.execution.InvocationInterceptorChain.proceed(InvocationInterceptorChain.java:64)
	at org.junit.jupiter.engine.execution.InvocationInterceptorChain.chainAndInvoke(InvocationInterceptorChain.java:45)
	at org.junit.jupiter.engine.execution.InvocationInterceptorChain.invoke(InvocationInterceptorChain.java:37)
	at org.junit.jupiter.engine.execution.ExecutableInvoker.invoke(ExecutableInvoker.java:104)
	at org.junit.jupiter.engine.execution.ExecutableInvoker.invoke(ExecutableInvoker.java:98)
	at org.junit.jupiter.engine.descriptor.TestMethodTestDescriptor.lambda$invokeTestMethod$7(TestMethodTestDescriptor.java:214)
	at org.junit.platform.engine.support.hierarchical.ThrowableCollector.execute(ThrowableCollector.java:73)
	at org.junit.jupiter.engine.descriptor.TestMethodTestDescriptor.invokeTestMethod(TestMethodTestDescriptor.java:210)
	at org.junit.jupiter.engine.descriptor.TestMethodTestDescriptor.execute(TestMethodTestDescriptor.java:135)
	at org.junit.jupiter.engine.descriptor.TestMethodTestDescriptor.execute(TestMethodTestDescriptor.java:66)
	at org.junit.platform.engine.support.hierarchical.NodeTestTask.lambda$executeRecursively$6(NodeTestTask.java:151)
	at org.junit.platform.engine.support.hierarchical.ThrowableCollector.execute(ThrowableCollector.java:73)
	at org.junit.platform.engine.support.hierarchical.NodeTestTask.lambda$executeRecursively$8(NodeTestTask.java:141)
	at org.junit.platform.engine.support.hierarchical.Node.around(Node.java:137)
	at org.junit.platform.engine.support.hierarchical.NodeTestTask.lambda$executeRecursively$9(NodeTestTask.java:139)
	at org.junit.platform.engine.support.hierarchical.ThrowableCollector.execute(ThrowableCollector.java:73)
	at org.junit.platform.engine.support.hierarchical.NodeTestTask.executeRecursively(NodeTestTask.java:138)
	at org.junit.platform.engine.support.hierarchical.NodeTestTask.execute(NodeTestTask.java:95)
	at java.util.ArrayList.forEach(ArrayList.java:1259)
	at org.junit.platform.engine.support.hierarchical.SameThreadHierarchicalTestExecutorService.invokeAll(SameThreadHierarchicalTestExecutorService.java:41)
	at org.junit.platform.engine.support.hierarchical.NodeTestTask.lambda$executeRecursively$6(NodeTestTask.java:155)
	at org.junit.platform.engine.support.hierarchical.ThrowableCollector.execute(ThrowableCollector.java:73)
	at org.junit.platform.engine.support.hierarchical.NodeTestTask.lambda$executeRecursively$8(NodeTestTask.java:141)
	at org.junit.platform.engine.support.hierarchical.Node.around(Node.java:137)
	at org.junit.platform.engine.support.hierarchical.NodeTestTask.lambda$executeRecursively$9(NodeTestTask.java:139)
	at org.junit.platform.engine.support.hierarchical.ThrowableCollector.execute(ThrowableCollector.java:73)
	at org.junit.platform.engine.support.hierarchical.NodeTestTask.executeRecursively(NodeTestTask.java:138)
	at org.junit.platform.engine.support.hierarchical.NodeTestTask.execute(NodeTestTask.java:95)
	at java.util.ArrayList.forEach(ArrayList.java:1259)
	at org.junit.platform.engine.support.hierarchical.SameThreadHierarchicalTestExecutorService.invokeAll(SameThreadHierarchicalTestExecutorService.java:41)
	at org.junit.platform.engine.support.hierarchical.NodeTestTask.lambda$executeRecursively$6(NodeTestTask.java:155)
	at org.junit.platform.engine.support.hierarchical.ThrowableCollector.execute(ThrowableCollector.java:73)
	at org.junit.platform.engine.support.hierarchical.NodeTestTask.lambda$executeRecursively$8(NodeTestTask.java:141)
	at org.junit.platform.engine.support.hierarchical.Node.around(Node.java:137)
	at org.junit.platform.engine.support.hierarchical.NodeTestTask.lambda$executeRecursively$9(NodeTestTask.java:139)
	at org.junit.platform.engine.support.hierarchical.ThrowableCollector.execute(ThrowableCollector.java:73)
	at org.junit.platform.engine.support.hierarchical.NodeTestTask.executeRecursively(NodeTestTask.java:138)
	at org.junit.platform.engine.support.hierarchical.NodeTestTask.execute(NodeTestTask.java:95)
	at java.util.ArrayList.forEach(ArrayList.java:1259)
	at org.junit.platform.engine.support.hierarchical.SameThreadHierarchicalTestExecutorService.invokeAll(SameThreadHierarchicalTestExecutorService.java:41)
	at org.junit.platform.engine.support.hierarchical.NodeTestTask.lambda$executeRecursively$6(NodeTestTask.java:155)
	at org.junit.platform.engine.support.hierarchical.ThrowableCollector.execute(ThrowableCollector.java:73)
	at org.junit.platform.engine.support.hierarchical.NodeTestTask.lambda$executeRecursively$8(NodeTestTask.java:141)
	at org.junit.platform.engine.support.hierarchical.Node.around(Node.java:137)
	at org.junit.platform.engine.support.hierarchical.NodeTestTask.lambda$executeRecursively$9(NodeTestTask.java:139)
	at org.junit.platform.engine.support.hierarchical.ThrowableCollector.execute(ThrowableCollector.java:73)
	at org.junit.platform.engine.support.hierarchical.NodeTestTask.executeRecursively(NodeTestTask.java:138)
	at org.junit.platform.engine.support.hierarchical.NodeTestTask.execute(NodeTestTask.java:95)
	at org.junit.platform.engine.support.hierarchical.SameThreadHierarchicalTestExecutorService.submit(SameThreadHierarchicalTestExecutorService.java:35)
	at org.junit.platform.engine.support.hierarchical.HierarchicalTestExecutor.execute(HierarchicalTestExecutor.java:57)
	at org.junit.platform.engine.support.hierarchical.HierarchicalTestEngine.execute(HierarchicalTestEngine.java:54)
	at org.junit.platform.launcher.core.DefaultLauncher.execute(DefaultLauncher.java:170)
	at org.junit.platform.launcher.core.DefaultLauncher.execute(DefaultLauncher.java:154)
	at org.junit.platform.launcher.core.DefaultLauncher.execute(DefaultLauncher.java:90)
	at edu.illinois.cs.testrunner.execution.JUnit5TestExecutor.runTestsSeparately(JUnit5TestExecutor.java:40)
	at edu.illinois.cs.testrunner.execution.Executor$.$anonfun$run$1(Executor.scala:33)
	at scala.runtime.java8.JFunction0$mcV$sp.apply(JFunction0$mcV$sp.java:12)
	at scala.util.Try$.apply(Try.scala:209)
	at edu.illinois.cs.testrunner.execution.Executor$.run(Executor.scala:28)
	at edu.illinois.cs.testrunner.execution.Executor$.main(Executor.scala:18)
	at edu.illinois.cs.testrunner.execution.Executor.main(Executor.scala)
2024-05-17 16:29:26.283  INFO 65063 --- [WebServer 48215] okhttp3.mockwebserver.MockWebServer      : MockWebServer[48215] starting to accept connections
2024-05-17 16:29:26.286  INFO 65063 --- [WebServer 60487] okhttp3.mockwebserver.MockWebServer      : MockWebServer[60487] starting to accept connections
2024-05-17 16:29:26.287  INFO 65063 --- [           main] .b.t.c.SpringBootTestContextBootstrapper : Neither @ContextConfiguration nor @ContextHierarchy found for test class [org.springframework.cloud.kubernetes.fabric8.config.Fabric8SecretsPropertySourceLocatorRetryTests$SecretsRetryDisabledButConfigRetryEnabled], using SpringBootContextLoader
2024-05-17 16:29:26.287  INFO 65063 --- [           main] o.s.t.c.support.AbstractContextLoader    : Could not detect default resource locations for test class [org.springframework.cloud.kubernetes.fabric8.config.Fabric8SecretsPropertySourceLocatorRetryTests$SecretsRetryDisabledButConfigRetryEnabled]: no resource found for suffixes {-context.xml, Context.groovy}.
2024-05-17 16:29:26.289  INFO 65063 --- [           main] .b.t.c.SpringBootTestContextBootstrapper : Loaded default TestExecutionListener class names from location [META-INF/spring.factories]: [org.springframework.boot.test.mock.mockito.MockitoTestExecutionListener, org.springframework.boot.test.mock.mockito.ResetMocksTestExecutionListener, org.springframework.boot.test.autoconfigure.restdocs.RestDocsTestExecutionListener, org.springframework.boot.test.autoconfigure.web.client.MockRestServiceServerResetTestExecutionListener, org.springframework.boot.test.autoconfigure.web.servlet.MockMvcPrintOnlyOnFailureTestExecutionListener, org.springframework.boot.test.autoconfigure.web.servlet.WebDriverTestExecutionListener, org.springframework.boot.test.autoconfigure.webservices.client.MockWebServiceServerTestExecutionListener, org.springframework.test.context.web.ServletTestExecutionListener, org.springframework.test.context.support.DirtiesContextBeforeModesTestExecutionListener, org.springframework.test.context.event.ApplicationEventsTestExecutionListener, org.springframework.test.context.support.DependencyInjectionTestExecutionListener, org.springframework.test.context.support.DirtiesContextTestExecutionListener, org.springframework.test.context.transaction.TransactionalTestExecutionListener, org.springframework.test.context.jdbc.SqlScriptsTestExecutionListener, org.springframework.test.context.event.EventPublishingTestExecutionListener, org.spockframework.spring.SpringMockTestExecutionListener]
2024-05-17 16:29:26.291  INFO 65063 --- [           main] .b.t.c.SpringBootTestContextBootstrapper : Using TestExecutionListeners: [org.springframework.test.context.web.ServletTestExecutionListener@319c77de, org.springframework.test.context.support.DirtiesContextBeforeModesTestExecutionListener@12dcfa6a, org.springframework.test.context.event.ApplicationEventsTestExecutionListener@1f9009d3, org.springframework.boot.test.mock.mockito.MockitoTestExecutionListener@4c9ed40, org.springframework.boot.test.autoconfigure.SpringBootDependencyInjectionTestExecutionListener@56394880, org.springframework.test.context.support.DirtiesContextTestExecutionListener@23c3f787, org.springframework.test.context.event.EventPublishingTestExecutionListener@3c82bcbd, org.springframework.boot.test.mock.mockito.ResetMocksTestExecutionListener@776ae580, org.springframework.boot.test.autoconfigure.restdocs.RestDocsTestExecutionListener@6b0bcea5, org.springframework.boot.test.autoconfigure.web.client.MockRestServiceServerResetTestExecutionListener@5748638c, org.springframework.boot.test.autoconfigure.web.servlet.MockMvcPrintOnlyOnFailureTestExecutionListener@7e864a8c, org.springframework.boot.test.autoconfigure.web.servlet.WebDriverTestExecutionListener@5e60e639, org.springframework.boot.test.autoconfigure.webservices.client.MockWebServiceServerTestExecutionListener@6bab65b6, org.spockframework.spring.SpringMockTestExecutionListener@7f6b3f4c]
2024-05-17 16:29:26.328  WARN 65063 --- [           main] ubernetesProfileEnvironmentPostProcessor : Not running inside kubernetes. Skipping 'kubernetes' profile activation.
2024-05-17 16:29:26.365  INFO 65063 --- [           main] trationDelegate$BeanPostProcessorChecker : Bean 'org.springframework.retry.annotation.RetryConfiguration' of type [org.springframework.retry.annotation.RetryConfiguration] is not eligible for getting processed by all BeanPostProcessors (for example: not eligible for auto-proxying)

  .   ____          _            __ _ _
 /\\ / ___'_ __ _ _(_)_ __  __ _ \ \ \ \
( ( )\___ | '_ | '_| | '_ \/ _` | \ \ \ \
 \\/  ___)| |_)| | | | | || (_| |  ) ) ) )
  '  |____| .__|_| |_|_| |_\__, | / / / /
 =========|_|==============|___/=/_/_/_/
 :: Spring Boot ::                (v2.6.3)

2024-05-17 16:29:26.414  INFO 65063 --- [           main] s.c.k.f.c.Fabric8ConfigMapPropertySource : Loading ConfigMap with name 'application' in namespace 'default'
2024-05-17 16:29:26.507  INFO 65063 --- [127.0.0.1:49278] okhttp3.mockwebserver.MockWebServer      : MockWebServer[48215] received request: GET /api/v1/namespaces/default/configmaps/application HTTP/1.1 and responded: HTTP/1.1 404 Client Error
2024-05-17 16:29:26.510  INFO 65063 --- [           main] o.s.c.k.f.config.Fabric8ConfigUtils      : config-map with name : 'application' not present in namespace : 'default'
2024-05-17 16:29:26.510  INFO 65063 --- [           main] b.c.PropertySourceBootstrapConfiguration : Located property source: [BootstrapPropertySource {name='bootstrapProperties-configmap.application.default'}]
2024-05-17 16:29:26.511  INFO 65063 --- [           main] o.s.c.k.f.c.Fabric8SecretsPropertySource : Loading Secret with name 'my-secret' or with labels [{}] in namespace 'default'
2024-05-17 16:29:26.512  INFO 65063 --- [127.0.0.1:49278] okhttp3.mockwebserver.MockWebServer      : MockWebServer[48215] received request: GET /api/v1/namespaces/default/secrets/my-secret HTTP/1.1 and responded: HTTP/1.1 404 Client Error
2024-05-17 16:29:26.512  WARN 65063 --- [           main] o.s.c.k.f.c.Fabric8SecretsPropertySource : secret with name : my-secret in namespace : default not found
2024-05-17 16:29:26.513  INFO 65063 --- [127.0.0.1:49278] okhttp3.mockwebserver.MockWebServer      : MockWebServer[48215] received request: GET /api/v1/namespaces/default/secrets HTTP/1.1 and responded: HTTP/1.1 200 OK
2024-05-17 16:29:26.554  INFO 65063 --- [           main] b.c.PropertySourceBootstrapConfiguration : Located property source: [BootstrapPropertySource {name='bootstrapProperties-secrets.my-secret.default'}]
2024-05-17 16:29:26.558  WARN 65063 --- [           main] ubernetesProfileEnvironmentPostProcessor : Not running inside kubernetes. Skipping 'kubernetes' profile activation.
2024-05-17 16:29:26.558  INFO 65063 --- [           main] ecretsRetryDisabledButConfigRetryEnabled : No active profile set, falling back to default profiles: default
2024-05-17 16:29:26.893  INFO 65063 --- [           main] o.s.cloud.context.scope.GenericScope     : BeanFactory id=94652287-2eb9-367e-b08b-eea09b3b2900
2024-05-17 16:29:27.434  INFO 65063 --- [           main] ecretsRetryDisabledButConfigRetryEnabled : Started Fabric8SecretsPropertySourceLocatorRetryTests.SecretsRetryDisabledButConfigRetryEnabled in 1.141 seconds (JVM running for 23.394)
2024-05-17 16:29:27.440  INFO 65063 --- [WebServer 58149] okhttp3.mockwebserver.MockWebServer      : MockWebServer[58149] starting to accept connections
2024-05-17 16:29:27.444  INFO 65063 --- [           main] o.s.c.k.f.c.Fabric8SecretsPropertySource : Loading Secret with name 'my-secret' or with labels [{}] in namespace 'default'
2024-05-17 16:29:27.445  INFO 65063 --- [127.0.0.1:49278] okhttp3.mockwebserver.MockWebServer      : MockWebServer[48215] received request: GET /api/v1/namespaces/default/secrets/my-secret HTTP/1.1 and responded: HTTP/1.1 500 Server Error
2024-05-17 16:29:27.448  INFO 65063 --- [WebServer 58149] okhttp3.mockwebserver.MockWebServer      : MockWebServer[58149] done accepting connections: Socket closed
2024-05-17 16:29:27.453  INFO 65063 --- [WebServer 52985] okhttp3.mockwebserver.MockWebServer      : MockWebServer[52985] starting to accept connections
2024-05-17 16:29:27.456  INFO 65063 --- [WebServer 39775] okhttp3.mockwebserver.MockWebServer      : MockWebServer[39775] starting to accept connections
2024-05-17 16:29:27.456  INFO 65063 --- [           main] .b.t.c.SpringBootTestContextBootstrapper : Neither @ContextConfiguration nor @ContextHierarchy found for test class [org.springframework.cloud.kubernetes.fabric8.config.Fabric8SecretsPropertySourceLocatorRetryTests$SecretsFailFastEnabledButRetryDisabled], using SpringBootContextLoader
2024-05-17 16:29:27.457  INFO 65063 --- [           main] o.s.t.c.support.AbstractContextLoader    : Could not detect default resource locations for test class [org.springframework.cloud.kubernetes.fabric8.config.Fabric8SecretsPropertySourceLocatorRetryTests$SecretsFailFastEnabledButRetryDisabled]: no resource found for suffixes {-context.xml, Context.groovy}.
2024-05-17 16:29:27.459  INFO 65063 --- [           main] .b.t.c.SpringBootTestContextBootstrapper : Loaded default TestExecutionListener class names from location [META-INF/spring.factories]: [org.springframework.boot.test.mock.mockito.MockitoTestExecutionListener, org.springframework.boot.test.mock.mockito.ResetMocksTestExecutionListener, org.springframework.boot.test.autoconfigure.restdocs.RestDocsTestExecutionListener, org.springframework.boot.test.autoconfigure.web.client.MockRestServiceServerResetTestExecutionListener, org.springframework.boot.test.autoconfigure.web.servlet.MockMvcPrintOnlyOnFailureTestExecutionListener, org.springframework.boot.test.autoconfigure.web.servlet.WebDriverTestExecutionListener, org.springframework.boot.test.autoconfigure.webservices.client.MockWebServiceServerTestExecutionListener, org.springframework.test.context.web.ServletTestExecutionListener, org.springframework.test.context.support.DirtiesContextBeforeModesTestExecutionListener, org.springframework.test.context.event.ApplicationEventsTestExecutionListener, org.springframework.test.context.support.DependencyInjectionTestExecutionListener, org.springframework.test.context.support.DirtiesContextTestExecutionListener, org.springframework.test.context.transaction.TransactionalTestExecutionListener, org.springframework.test.context.jdbc.SqlScriptsTestExecutionListener, org.springframework.test.context.event.EventPublishingTestExecutionListener, org.spockframework.spring.SpringMockTestExecutionListener]
2024-05-17 16:29:27.460  INFO 65063 --- [           main] .b.t.c.SpringBootTestContextBootstrapper : Using TestExecutionListeners: [org.springframework.test.context.web.ServletTestExecutionListener@45c5cd9a, org.springframework.test.context.support.DirtiesContextBeforeModesTestExecutionListener@858bf8c, org.springframework.test.context.event.ApplicationEventsTestExecutionListener@30c1447e, org.springframework.boot.test.mock.mockito.MockitoTestExecutionListener@5135b459, org.springframework.boot.test.autoconfigure.SpringBootDependencyInjectionTestExecutionListener@3a770af8, org.springframework.test.context.support.DirtiesContextTestExecutionListener@779e66e5, org.springframework.test.context.event.EventPublishingTestExecutionListener@4d462edc, org.springframework.boot.test.mock.mockito.ResetMocksTestExecutionListener@312ddc51, org.springframework.boot.test.autoconfigure.restdocs.RestDocsTestExecutionListener@330f3046, org.springframework.boot.test.autoconfigure.web.client.MockRestServiceServerResetTestExecutionListener@37a2d18c, org.springframework.boot.test.autoconfigure.web.servlet.MockMvcPrintOnlyOnFailureTestExecutionListener@4b6e296a, org.springframework.boot.test.autoconfigure.web.servlet.WebDriverTestExecutionListener@14feab02, org.springframework.boot.test.autoconfigure.webservices.client.MockWebServiceServerTestExecutionListener@5e3934db, org.spockframework.spring.SpringMockTestExecutionListener@7f36b021]
2024-05-17 16:29:27.496  WARN 65063 --- [           main] ubernetesProfileEnvironmentPostProcessor : Not running inside kubernetes. Skipping 'kubernetes' profile activation.

  .   ____          _            __ _ _
 /\\ / ___'_ __ _ _(_)_ __  __ _ \ \ \ \
( ( )\___ | '_ | '_| | '_ \/ _` | \ \ \ \
 \\/  ___)| |_)| | | | | || (_| |  ) ) ) )
  '  |____| .__|_| |_|_| |_\__, | / / / /
 =========|_|==============|___/=/_/_/_/
 :: Spring Boot ::                (v2.6.3)

2024-05-17 16:29:27.563  INFO 65063 --- [           main] s.c.k.f.c.Fabric8ConfigMapPropertySource : Loading ConfigMap with name 'application' in namespace 'default'
2024-05-17 16:29:27.660  INFO 65063 --- [127.0.0.1:50374] okhttp3.mockwebserver.MockWebServer      : MockWebServer[52985] received request: GET /api/v1/namespaces/default/configmaps/application HTTP/1.1 and responded: HTTP/1.1 404 Client Error
2024-05-17 16:29:27.666  INFO 65063 --- [           main] o.s.c.k.f.config.Fabric8ConfigUtils      : config-map with name : 'application' not present in namespace : 'default'
2024-05-17 16:29:27.668  INFO 65063 --- [           main] b.c.PropertySourceBootstrapConfiguration : Located property source: [BootstrapPropertySource {name='bootstrapProperties-configmap.application.default'}]
2024-05-17 16:29:27.668  INFO 65063 --- [           main] o.s.c.k.f.c.Fabric8SecretsPropertySource : Loading Secret with name 'my-secret' or with labels [{}] in namespace 'default'
2024-05-17 16:29:27.670  INFO 65063 --- [127.0.0.1:50374] okhttp3.mockwebserver.MockWebServer      : MockWebServer[52985] received request: GET /api/v1/namespaces/default/secrets/my-secret HTTP/1.1 and responded: HTTP/1.1 404 Client Error
2024-05-17 16:29:27.670  WARN 65063 --- [           main] o.s.c.k.f.c.Fabric8SecretsPropertySource : secret with name : my-secret in namespace : default not found
2024-05-17 16:29:27.672  INFO 65063 --- [127.0.0.1:50374] okhttp3.mockwebserver.MockWebServer      : MockWebServer[52985] received request: GET /api/v1/namespaces/default/secrets HTTP/1.1 and responded: HTTP/1.1 200 OK
2024-05-17 16:29:27.713  INFO 65063 --- [           main] b.c.PropertySourceBootstrapConfiguration : Located property source: [BootstrapPropertySource {name='bootstrapProperties-secrets.my-secret.default'}]
2024-05-17 16:29:27.721  WARN 65063 --- [           main] ubernetesProfileEnvironmentPostProcessor : Not running inside kubernetes. Skipping 'kubernetes' profile activation.
2024-05-17 16:29:27.722  INFO 65063 --- [           main] s$SecretsFailFastEnabledButRetryDisabled : No active profile set, falling back to default profiles: default
2024-05-17 16:29:28.101  INFO 65063 --- [           main] o.s.cloud.context.scope.GenericScope     : BeanFactory id=94652287-2eb9-367e-b08b-eea09b3b2900
2024-05-17 16:29:28.567  INFO 65063 --- [           main] s$SecretsFailFastEnabledButRetryDisabled : Started Fabric8SecretsPropertySourceLocatorRetryTests.SecretsFailFastEnabledButRetryDisabled in 1.105 seconds (JVM running for 24.527)
2024-05-17 16:29:28.573  INFO 65063 --- [WebServer 48737] okhttp3.mockwebserver.MockWebServer      : MockWebServer[48737] starting to accept connections
2024-05-17 16:29:28.576  INFO 65063 --- [           main] o.s.c.k.f.c.Fabric8SecretsPropertySource : Loading Secret with name 'my-secret' or with labels [{}] in namespace 'default'
2024-05-17 16:29:28.578  INFO 65063 --- [127.0.0.1:50374] okhttp3.mockwebserver.MockWebServer      : MockWebServer[52985] received request: GET /api/v1/namespaces/default/secrets/my-secret HTTP/1.1 and responded: HTTP/1.1 500 Server Error
2024-05-17 16:29:28.582  INFO 65063 --- [WebServer 48737] okhttp3.mockwebserver.MockWebServer      : MockWebServer[48737] done accepting connections: Socket closed
2024-05-17 16:29:28.588  INFO 65063 --- [WebServer 53595] okhttp3.mockwebserver.MockWebServer      : MockWebServer[53595] starting to accept connections
2024-05-17 16:29:28.591  INFO 65063 --- [WebServer 52945] okhttp3.mockwebserver.MockWebServer      : MockWebServer[52945] starting to accept connections
2024-05-17 16:29:28.591  INFO 65063 --- [           main] .b.t.c.SpringBootTestContextBootstrapper : Neither @ContextConfiguration nor @ContextHierarchy found for test class [org.springframework.cloud.kubernetes.fabric8.config.Fabric8SecretsPropertySourceLocatorRetryTests$SecretsFailFastDisabled], using SpringBootContextLoader
2024-05-17 16:29:28.592  INFO 65063 --- [           main] o.s.t.c.support.AbstractContextLoader    : Could not detect default resource locations for test class [org.springframework.cloud.kubernetes.fabric8.config.Fabric8SecretsPropertySourceLocatorRetryTests$SecretsFailFastDisabled]: no resource found for suffixes {-context.xml, Context.groovy}.
2024-05-17 16:29:28.594  INFO 65063 --- [           main] .b.t.c.SpringBootTestContextBootstrapper : Loaded default TestExecutionListener class names from location [META-INF/spring.factories]: [org.springframework.boot.test.mock.mockito.MockitoTestExecutionListener, org.springframework.boot.test.mock.mockito.ResetMocksTestExecutionListener, org.springframework.boot.test.autoconfigure.restdocs.RestDocsTestExecutionListener, org.springframework.boot.test.autoconfigure.web.client.MockRestServiceServerResetTestExecutionListener, org.springframework.boot.test.autoconfigure.web.servlet.MockMvcPrintOnlyOnFailureTestExecutionListener, org.springframework.boot.test.autoconfigure.web.servlet.WebDriverTestExecutionListener, org.springframework.boot.test.autoconfigure.webservices.client.MockWebServiceServerTestExecutionListener, org.springframework.test.context.web.ServletTestExecutionListener, org.springframework.test.context.support.DirtiesContextBeforeModesTestExecutionListener, org.springframework.test.context.event.ApplicationEventsTestExecutionListener, org.springframework.test.context.support.DependencyInjectionTestExecutionListener, org.springframework.test.context.support.DirtiesContextTestExecutionListener, org.springframework.test.context.transaction.TransactionalTestExecutionListener, org.springframework.test.context.jdbc.SqlScriptsTestExecutionListener, org.springframework.test.context.event.EventPublishingTestExecutionListener, org.spockframework.spring.SpringMockTestExecutionListener]
2024-05-17 16:29:28.595  INFO 65063 --- [           main] .b.t.c.SpringBootTestContextBootstrapper : Using TestExecutionListeners: [org.springframework.test.context.web.ServletTestExecutionListener@4872d04d, org.springframework.test.context.support.DirtiesContextBeforeModesTestExecutionListener@75564689, org.springframework.test.context.event.ApplicationEventsTestExecutionListener@65977161, org.springframework.boot.test.mock.mockito.MockitoTestExecutionListener@5f7e2ca8, org.springframework.boot.test.autoconfigure.SpringBootDependencyInjectionTestExecutionListener@1d07fb2, org.springframework.test.context.support.DirtiesContextTestExecutionListener@46f5030f, org.springframework.test.context.event.EventPublishingTestExecutionListener@18b77ec9, org.springframework.boot.test.mock.mockito.ResetMocksTestExecutionListener@36821a1b, org.springframework.boot.test.autoconfigure.restdocs.RestDocsTestExecutionListener@34adce96, org.springframework.boot.test.autoconfigure.web.client.MockRestServiceServerResetTestExecutionListener@5a2e4e77, org.springframework.boot.test.autoconfigure.web.servlet.MockMvcPrintOnlyOnFailureTestExecutionListener@794c22cd, org.springframework.boot.test.autoconfigure.web.servlet.WebDriverTestExecutionListener@5fb8ad3d, org.springframework.boot.test.autoconfigure.webservices.client.MockWebServiceServerTestExecutionListener@5bb0122, org.spockframework.spring.SpringMockTestExecutionListener@2d4eba14]
2024-05-17 16:29:28.649  WARN 65063 --- [           main] ubernetesProfileEnvironmentPostProcessor : Not running inside kubernetes. Skipping 'kubernetes' profile activation.

  .   ____          _            __ _ _
 /\\ / ___'_ __ _ _(_)_ __  __ _ \ \ \ \
( ( )\___ | '_ | '_| | '_ \/ _` | \ \ \ \
 \\/  ___)| |_)| | | | | || (_| |  ) ) ) )
  '  |____| .__|_| |_|_| |_\__, | / / / /
 =========|_|==============|___/=/_/_/_/
 :: Spring Boot ::                (v2.6.3)

2024-05-17 16:29:28.747  INFO 65063 --- [           main] s.c.k.f.c.Fabric8ConfigMapPropertySource : Loading ConfigMap with name 'application' in namespace 'default'
2024-05-17 16:29:28.845  INFO 65063 --- [127.0.0.1:36106] okhttp3.mockwebserver.MockWebServer      : MockWebServer[53595] received request: GET /api/v1/namespaces/default/configmaps/application HTTP/1.1 and responded: HTTP/1.1 404 Client Error
2024-05-17 16:29:28.846  INFO 65063 --- [           main] o.s.c.k.f.config.Fabric8ConfigUtils      : config-map with name : 'application' not present in namespace : 'default'
2024-05-17 16:29:28.846  INFO 65063 --- [           main] b.c.PropertySourceBootstrapConfiguration : Located property source: [BootstrapPropertySource {name='bootstrapProperties-configmap.application.default'}]
2024-05-17 16:29:28.846  INFO 65063 --- [           main] o.s.c.k.f.c.Fabric8SecretsPropertySource : Loading Secret with name 'my-secret' or with labels [{}] in namespace 'default'
2024-05-17 16:29:28.847  INFO 65063 --- [127.0.0.1:36106] okhttp3.mockwebserver.MockWebServer      : MockWebServer[53595] received request: GET /api/v1/namespaces/default/secrets/my-secret HTTP/1.1 and responded: HTTP/1.1 404 Client Error
2024-05-17 16:29:28.848  WARN 65063 --- [           main] o.s.c.k.f.c.Fabric8SecretsPropertySource : secret with name : my-secret in namespace : default not found
2024-05-17 16:29:28.849  INFO 65063 --- [127.0.0.1:36106] okhttp3.mockwebserver.MockWebServer      : MockWebServer[53595] received request: GET /api/v1/namespaces/default/secrets HTTP/1.1 and responded: HTTP/1.1 200 OK
2024-05-17 16:29:28.890  INFO 65063 --- [           main] b.c.PropertySourceBootstrapConfiguration : Located property source: [BootstrapPropertySource {name='bootstrapProperties-secrets.my-secret.default'}]
2024-05-17 16:29:28.893  WARN 65063 --- [           main] ubernetesProfileEnvironmentPostProcessor : Not running inside kubernetes. Skipping 'kubernetes' profile activation.
2024-05-17 16:29:28.893  INFO 65063 --- [           main] ocatorRetryTests$SecretsFailFastDisabled : No active profile set, falling back to default profiles: default
2024-05-17 16:29:29.161  INFO 65063 --- [           main] o.s.cloud.context.scope.GenericScope     : BeanFactory id=94652287-2eb9-367e-b08b-eea09b3b2900
2024-05-17 16:29:29.578  INFO 65063 --- [           main] ocatorRetryTests$SecretsFailFastDisabled : Started Fabric8SecretsPropertySourceLocatorRetryTests.SecretsFailFastDisabled in 0.981 seconds (JVM running for 25.538)
2024-05-17 16:29:29.584  INFO 65063 --- [WebServer 45889] okhttp3.mockwebserver.MockWebServer      : MockWebServer[45889] starting to accept connections
2024-05-17 16:29:29.587  INFO 65063 --- [           main] o.s.c.k.f.c.Fabric8SecretsPropertySource : Loading Secret with name 'my-secret' or with labels [{}] in namespace 'default'
2024-05-17 16:29:29.589  INFO 65063 --- [127.0.0.1:36106] okhttp3.mockwebserver.MockWebServer      : MockWebServer[53595] received request: GET /api/v1/namespaces/default/secrets/my-secret HTTP/1.1 and responded: HTTP/1.1 500 Server Error
2024-05-17 16:29:29.589  WARN 65063 --- [           main] o.s.c.k.f.c.Fabric8SecretsPropertySource : Can't read secret with name: [my-secret] or labels [{}] in namespace: [default] (cause: Failure executing: GET at: https://localhost:53595/api/v1/namespaces/default/secrets/my-secret. Message: Internal Server Error.). Ignoring
2024-05-17 16:29:29.593  INFO 65063 --- [WebServer 45889] okhttp3.mockwebserver.MockWebServer      : MockWebServer[45889] done accepting connections: Socket closed
2024-05-17 16:29:29.598  INFO 65063 --- [WebServer 36439] okhttp3.mockwebserver.MockWebServer      : MockWebServer[36439] starting to accept connections
2024-05-17 16:29:29.608  INFO 65063 --- [WebServer 49901] okhttp3.mockwebserver.MockWebServer      : MockWebServer[49901] starting to accept connections
2024-05-17 16:29:29.609  INFO 65063 --- [WebServer 49901] okhttp3.mockwebserver.MockWebServer      : MockWebServer[49901] done accepting connections: Socket closed
2024-05-17 16:29:29.614  INFO 65063 --- [WebServer 54137] okhttp3.mockwebserver.MockWebServer      : MockWebServer[54137] starting to accept connections
2024-05-17 16:29:29.617  INFO 65063 --- [WebServer 41937] okhttp3.mockwebserver.MockWebServer      : MockWebServer[41937] starting to accept connections
2024-05-17 16:29:29.618  INFO 65063 --- [WebServer 41937] okhttp3.mockwebserver.MockWebServer      : MockWebServer[41937] done accepting connections: Socket closed
2024-05-17 16:29:29.622  INFO 65063 --- [WebServer 54103] okhttp3.mockwebserver.MockWebServer      : MockWebServer[54103] starting to accept connections
2024-05-17 16:29:29.624  INFO 65063 --- [WebServer 45531] okhttp3.mockwebserver.MockWebServer      : MockWebServer[45531] starting to accept connections
2024-05-17 16:29:29.625  INFO 65063 --- [WebServer 45531] okhttp3.mockwebserver.MockWebServer      : MockWebServer[45531] done accepting connections: Socket closed
2024-05-17 16:29:29.629  INFO 65063 --- [WebServer 35303] okhttp3.mockwebserver.MockWebServer      : MockWebServer[35303] starting to accept connections
2024-05-17 16:29:29.631  INFO 65063 --- [WebServer 42863] okhttp3.mockwebserver.MockWebServer      : MockWebServer[42863] starting to accept connections
2024-05-17 16:29:29.632  INFO 65063 --- [WebServer 42863] okhttp3.mockwebserver.MockWebServer      : MockWebServer[42863] done accepting connections: Socket closed
2024-05-17 16:29:29.636  INFO 65063 --- [WebServer 33309] okhttp3.mockwebserver.MockWebServer      : MockWebServer[33309] starting to accept connections
2024-05-17 16:29:29.638  INFO 65063 --- [WebServer 58375] okhttp3.mockwebserver.MockWebServer      : MockWebServer[58375] starting to accept connections
2024-05-17 16:29:29.639  INFO 65063 --- [WebServer 58375] okhttp3.mockwebserver.MockWebServer      : MockWebServer[58375] done accepting connections: Socket closed
2024-05-17 16:29:29.643  INFO 65063 --- [WebServer 54549] okhttp3.mockwebserver.MockWebServer      : MockWebServer[54549] starting to accept connections
2024-05-17 16:29:29.645  INFO 65063 --- [WebServer 57669] okhttp3.mockwebserver.MockWebServer      : MockWebServer[57669] starting to accept connections
2024-05-17 16:29:29.646  INFO 65063 --- [WebServer 57669] okhttp3.mockwebserver.MockWebServer      : MockWebServer[57669] done accepting connections: Socket closed
2024-05-17 16:29:29.652  INFO 65063 --- [WebServer 41705] okhttp3.mockwebserver.MockWebServer      : MockWebServer[41705] starting to accept connections
2024-05-17 16:29:29.657  INFO 65063 --- [WebServer 42593] okhttp3.mockwebserver.MockWebServer      : MockWebServer[42593] starting to accept connections
2024-05-17 16:29:29.659  INFO 65063 --- [WebServer 42593] okhttp3.mockwebserver.MockWebServer      : MockWebServer[42593] done accepting connections: Socket closed
2024-05-17 16:29:29.663  INFO 65063 --- [WebServer 54343] okhttp3.mockwebserver.MockWebServer      : MockWebServer[54343] starting to accept connections
2024-05-17 16:29:29.666  INFO 65063 --- [WebServer 52533] okhttp3.mockwebserver.MockWebServer      : MockWebServer[52533] starting to accept connections
2024-05-17 16:29:29.666  INFO 65063 --- [           main] s.c.k.f.c.Fabric8ConfigMapPropertySource : Loading ConfigMap with name 'configmap' in namespace 'some'
2024-05-17 16:29:29.669  WARN 65063 --- [           main] s.c.k.f.c.Fabric8ConfigMapPropertySource : Can't read configMap with name: [configmap] in namespace: [some]. Ignoring.

java.lang.NullPointerException: null
	at org.springframework.cloud.kubernetes.fabric8.config.Fabric8ConfigUtils.getConfigMapData(Fabric8ConfigUtils.java:118)
	at org.springframework.cloud.kubernetes.fabric8.config.Fabric8ConfigMapPropertySource.getData(Fabric8ConfigMapPropertySource.java:79)
	at org.springframework.cloud.kubernetes.fabric8.config.Fabric8ConfigMapPropertySource.<init>(Fabric8ConfigMapPropertySource.java:70)
	at org.springframework.cloud.kubernetes.fabric8.config.Fabric8ConfigMapPropertySource.<init>(Fabric8ConfigMapPropertySource.java:53)
	at org.springframework.cloud.kubernetes.fabric8.config.Fabric8ConfigMapPropertySourceTests.deprecatedConstructorWithClientNamespaceMustNotFail(Fabric8ConfigMapPropertySourceTests.java:80)
	at sun.reflect.NativeMethodAccessorImpl.invoke0(Native Method)
	at sun.reflect.NativeMethodAccessorImpl.invoke(NativeMethodAccessorImpl.java:62)
	at sun.reflect.DelegatingMethodAccessorImpl.invoke(DelegatingMethodAccessorImpl.java:43)
	at java.lang.reflect.Method.invoke(Method.java:498)
	at org.junit.platform.commons.util.ReflectionUtils.invokeMethod(ReflectionUtils.java:725)
	at org.junit.jupiter.engine.execution.MethodInvocation.proceed(MethodInvocation.java:60)
	at org.junit.jupiter.engine.execution.InvocationInterceptorChain$ValidatingInvocation.proceed(InvocationInterceptorChain.java:131)
	at org.junit.jupiter.engine.extension.TimeoutExtension.intercept(TimeoutExtension.java:149)
	at org.junit.jupiter.engine.extension.TimeoutExtension.interceptTestableMethod(TimeoutExtension.java:140)
	at org.junit.jupiter.engine.extension.TimeoutExtension.interceptTestMethod(TimeoutExtension.java:84)
	at org.junit.jupiter.engine.execution.ExecutableInvoker$ReflectiveInterceptorCall.lambda$ofVoidMethod$0(ExecutableInvoker.java:115)
	at org.junit.jupiter.engine.execution.ExecutableInvoker.lambda$invoke$0(ExecutableInvoker.java:105)
	at org.junit.jupiter.engine.execution.InvocationInterceptorChain$InterceptedInvocation.proceed(InvocationInterceptorChain.java:106)
	at org.junit.jupiter.engine.execution.InvocationInterceptorChain.proceed(InvocationInterceptorChain.java:64)
	at org.junit.jupiter.engine.execution.InvocationInterceptorChain.chainAndInvoke(InvocationInterceptorChain.java:45)
	at org.junit.jupiter.engine.execution.InvocationInterceptorChain.invoke(InvocationInterceptorChain.java:37)
	at org.junit.jupiter.engine.execution.ExecutableInvoker.invoke(ExecutableInvoker.java:104)
	at org.junit.jupiter.engine.execution.ExecutableInvoker.invoke(ExecutableInvoker.java:98)
	at org.junit.jupiter.engine.descriptor.TestMethodTestDescriptor.lambda$invokeTestMethod$7(TestMethodTestDescriptor.java:214)
	at org.junit.platform.engine.support.hierarchical.ThrowableCollector.execute(ThrowableCollector.java:73)
	at org.junit.jupiter.engine.descriptor.TestMethodTestDescriptor.invokeTestMethod(TestMethodTestDescriptor.java:210)
	at org.junit.jupiter.engine.descriptor.TestMethodTestDescriptor.execute(TestMethodTestDescriptor.java:135)
	at org.junit.jupiter.engine.descriptor.TestMethodTestDescriptor.execute(TestMethodTestDescriptor.java:66)
	at org.junit.platform.engine.support.hierarchical.NodeTestTask.lambda$executeRecursively$6(NodeTestTask.java:151)
	at org.junit.platform.engine.support.hierarchical.ThrowableCollector.execute(ThrowableCollector.java:73)
	at org.junit.platform.engine.support.hierarchical.NodeTestTask.lambda$executeRecursively$8(NodeTestTask.java:141)
	at org.junit.platform.engine.support.hierarchical.Node.around(Node.java:137)
	at org.junit.platform.engine.support.hierarchical.NodeTestTask.lambda$executeRecursively$9(NodeTestTask.java:139)
	at org.junit.platform.engine.support.hierarchical.ThrowableCollector.execute(ThrowableCollector.java:73)
	at org.junit.platform.engine.support.hierarchical.NodeTestTask.executeRecursively(NodeTestTask.java:138)
	at org.junit.platform.engine.support.hierarchical.NodeTestTask.execute(NodeTestTask.java:95)
	at java.util.ArrayList.forEach(ArrayList.java:1259)
	at org.junit.platform.engine.support.hierarchical.SameThreadHierarchicalTestExecutorService.invokeAll(SameThreadHierarchicalTestExecutorService.java:41)
	at org.junit.platform.engine.support.hierarchical.NodeTestTask.lambda$executeRecursively$6(NodeTestTask.java:155)
	at org.junit.platform.engine.support.hierarchical.ThrowableCollector.execute(ThrowableCollector.java:73)
	at org.junit.platform.engine.support.hierarchical.NodeTestTask.lambda$executeRecursively$8(NodeTestTask.java:141)
	at org.junit.platform.engine.support.hierarchical.Node.around(Node.java:137)
	at org.junit.platform.engine.support.hierarchical.NodeTestTask.lambda$executeRecursively$9(NodeTestTask.java:139)
	at org.junit.platform.engine.support.hierarchical.ThrowableCollector.execute(ThrowableCollector.java:73)
	at org.junit.platform.engine.support.hierarchical.NodeTestTask.executeRecursively(NodeTestTask.java:138)
	at org.junit.platform.engine.support.hierarchical.NodeTestTask.execute(NodeTestTask.java:95)
	at java.util.ArrayList.forEach(ArrayList.java:1259)
	at org.junit.platform.engine.support.hierarchical.SameThreadHierarchicalTestExecutorService.invokeAll(SameThreadHierarchicalTestExecutorService.java:41)
	at org.junit.platform.engine.support.hierarchical.NodeTestTask.lambda$executeRecursively$6(NodeTestTask.java:155)
	at org.junit.platform.engine.support.hierarchical.ThrowableCollector.execute(ThrowableCollector.java:73)
	at org.junit.platform.engine.support.hierarchical.NodeTestTask.lambda$executeRecursively$8(NodeTestTask.java:141)
	at org.junit.platform.engine.support.hierarchical.Node.around(Node.java:137)
	at org.junit.platform.engine.support.hierarchical.NodeTestTask.lambda$executeRecursively$9(NodeTestTask.java:139)
	at org.junit.platform.engine.support.hierarchical.ThrowableCollector.execute(ThrowableCollector.java:73)
	at org.junit.platform.engine.support.hierarchical.NodeTestTask.executeRecursively(NodeTestTask.java:138)
	at org.junit.platform.engine.support.hierarchical.NodeTestTask.execute(NodeTestTask.java:95)
	at org.junit.platform.engine.support.hierarchical.SameThreadHierarchicalTestExecutorService.submit(SameThreadHierarchicalTestExecutorService.java:35)
	at org.junit.platform.engine.support.hierarchical.HierarchicalTestExecutor.execute(HierarchicalTestExecutor.java:57)
	at org.junit.platform.engine.support.hierarchical.HierarchicalTestEngine.execute(HierarchicalTestEngine.java:54)
	at org.junit.platform.launcher.core.DefaultLauncher.execute(DefaultLauncher.java:170)
	at org.junit.platform.launcher.core.DefaultLauncher.execute(DefaultLauncher.java:154)
	at org.junit.platform.launcher.core.DefaultLauncher.execute(DefaultLauncher.java:90)
	at edu.illinois.cs.testrunner.execution.JUnit5TestExecutor.runTestsSeparately(JUnit5TestExecutor.java:40)
	at edu.illinois.cs.testrunner.execution.Executor$.$anonfun$run$1(Executor.scala:33)
	at scala.runtime.java8.JFunction0$mcV$sp.apply(JFunction0$mcV$sp.java:12)
	at scala.util.Try$.apply(Try.scala:209)
	at edu.illinois.cs.testrunner.execution.Executor$.run(Executor.scala:28)
	at edu.illinois.cs.testrunner.execution.Executor$.main(Executor.scala:18)
	at edu.illinois.cs.testrunner.execution.Executor.main(Executor.scala)

2024-05-17 16:29:29.670  INFO 65063 --- [WebServer 52533] okhttp3.mockwebserver.MockWebServer      : MockWebServer[52533] done accepting connections: Socket closed
2024-05-17 16:29:29.675  INFO 65063 --- [WebServer 48265] okhttp3.mockwebserver.MockWebServer      : MockWebServer[48265] starting to accept connections
2024-05-17 16:29:29.679  INFO 65063 --- [WebServer 45309] okhttp3.mockwebserver.MockWebServer      : MockWebServer[45309] starting to accept connections
2024-05-17 16:29:29.681  INFO 65063 --- [WebServer 45309] okhttp3.mockwebserver.MockWebServer      : MockWebServer[45309] done accepting connections: Socket closed
2024-05-17 16:29:29.686  INFO 65063 --- [WebServer 60441] okhttp3.mockwebserver.MockWebServer      : MockWebServer[60441] starting to accept connections
2024-05-17 16:29:29.690  INFO 65063 --- [WebServer 35663] okhttp3.mockwebserver.MockWebServer      : MockWebServer[35663] starting to accept connections
2024-05-17 16:29:29.690  INFO 65063 --- [           main] s.c.k.f.c.Fabric8ConfigMapPropertySource : Loading ConfigMap with name 'configmap' in namespace 'namespace'
2024-05-17 16:29:29.691  WARN 65063 --- [           main] s.c.k.f.c.Fabric8ConfigMapPropertySource : Can't read configMap with name: [configmap] in namespace: [namespace]. Ignoring.

java.lang.NullPointerException: null
	at org.springframework.cloud.kubernetes.fabric8.config.Fabric8ConfigUtils.getConfigMapData(Fabric8ConfigUtils.java:118)
	at org.springframework.cloud.kubernetes.fabric8.config.Fabric8ConfigMapPropertySource.getData(Fabric8ConfigMapPropertySource.java:79)
	at org.springframework.cloud.kubernetes.fabric8.config.Fabric8ConfigMapPropertySource.<init>(Fabric8ConfigMapPropertySource.java:63)
	at org.springframework.cloud.kubernetes.fabric8.config.Fabric8ConfigMapPropertySourceTests.constructorWithNamespaceMustNotFail(Fabric8ConfigMapPropertySourceTests.java:125)
	at sun.reflect.NativeMethodAccessorImpl.invoke0(Native Method)
	at sun.reflect.NativeMethodAccessorImpl.invoke(NativeMethodAccessorImpl.java:62)
	at sun.reflect.DelegatingMethodAccessorImpl.invoke(DelegatingMethodAccessorImpl.java:43)
	at java.lang.reflect.Method.invoke(Method.java:498)
	at org.junit.platform.commons.util.ReflectionUtils.invokeMethod(ReflectionUtils.java:725)
	at org.junit.jupiter.engine.execution.MethodInvocation.proceed(MethodInvocation.java:60)
	at org.junit.jupiter.engine.execution.InvocationInterceptorChain$ValidatingInvocation.proceed(InvocationInterceptorChain.java:131)
	at org.junit.jupiter.engine.extension.TimeoutExtension.intercept(TimeoutExtension.java:149)
	at org.junit.jupiter.engine.extension.TimeoutExtension.interceptTestableMethod(TimeoutExtension.java:140)
	at org.junit.jupiter.engine.extension.TimeoutExtension.interceptTestMethod(TimeoutExtension.java:84)
	at org.junit.jupiter.engine.execution.ExecutableInvoker$ReflectiveInterceptorCall.lambda$ofVoidMethod$0(ExecutableInvoker.java:115)
	at org.junit.jupiter.engine.execution.ExecutableInvoker.lambda$invoke$0(ExecutableInvoker.java:105)
	at org.junit.jupiter.engine.execution.InvocationInterceptorChain$InterceptedInvocation.proceed(InvocationInterceptorChain.java:106)
	at org.junit.jupiter.engine.execution.InvocationInterceptorChain.proceed(InvocationInterceptorChain.java:64)
	at org.junit.jupiter.engine.execution.InvocationInterceptorChain.chainAndInvoke(InvocationInterceptorChain.java:45)
	at org.junit.jupiter.engine.execution.InvocationInterceptorChain.invoke(InvocationInterceptorChain.java:37)
	at org.junit.jupiter.engine.execution.ExecutableInvoker.invoke(ExecutableInvoker.java:104)
	at org.junit.jupiter.engine.execution.ExecutableInvoker.invoke(ExecutableInvoker.java:98)
	at org.junit.jupiter.engine.descriptor.TestMethodTestDescriptor.lambda$invokeTestMethod$7(TestMethodTestDescriptor.java:214)
	at org.junit.platform.engine.support.hierarchical.ThrowableCollector.execute(ThrowableCollector.java:73)
	at org.junit.jupiter.engine.descriptor.TestMethodTestDescriptor.invokeTestMethod(TestMethodTestDescriptor.java:210)
	at org.junit.jupiter.engine.descriptor.TestMethodTestDescriptor.execute(TestMethodTestDescriptor.java:135)
	at org.junit.jupiter.engine.descriptor.TestMethodTestDescriptor.execute(TestMethodTestDescriptor.java:66)
	at org.junit.platform.engine.support.hierarchical.NodeTestTask.lambda$executeRecursively$6(NodeTestTask.java:151)
	at org.junit.platform.engine.support.hierarchical.ThrowableCollector.execute(ThrowableCollector.java:73)
	at org.junit.platform.engine.support.hierarchical.NodeTestTask.lambda$executeRecursively$8(NodeTestTask.java:141)
	at org.junit.platform.engine.support.hierarchical.Node.around(Node.java:137)
	at org.junit.platform.engine.support.hierarchical.NodeTestTask.lambda$executeRecursively$9(NodeTestTask.java:139)
	at org.junit.platform.engine.support.hierarchical.ThrowableCollector.execute(ThrowableCollector.java:73)
	at org.junit.platform.engine.support.hierarchical.NodeTestTask.executeRecursively(NodeTestTask.java:138)
	at org.junit.platform.engine.support.hierarchical.NodeTestTask.execute(NodeTestTask.java:95)
	at java.util.ArrayList.forEach(ArrayList.java:1259)
	at org.junit.platform.engine.support.hierarchical.SameThreadHierarchicalTestExecutorService.invokeAll(SameThreadHierarchicalTestExecutorService.java:41)
	at org.junit.platform.engine.support.hierarchical.NodeTestTask.lambda$executeRecursively$6(NodeTestTask.java:155)
	at org.junit.platform.engine.support.hierarchical.ThrowableCollector.execute(ThrowableCollector.java:73)
	at org.junit.platform.engine.support.hierarchical.NodeTestTask.lambda$executeRecursively$8(NodeTestTask.java:141)
	at org.junit.platform.engine.support.hierarchical.Node.around(Node.java:137)
	at org.junit.platform.engine.support.hierarchical.NodeTestTask.lambda$executeRecursively$9(NodeTestTask.java:139)
	at org.junit.platform.engine.support.hierarchical.ThrowableCollector.execute(ThrowableCollector.java:73)
	at org.junit.platform.engine.support.hierarchical.NodeTestTask.executeRecursively(NodeTestTask.java:138)
	at org.junit.platform.engine.support.hierarchical.NodeTestTask.execute(NodeTestTask.java:95)
	at java.util.ArrayList.forEach(ArrayList.java:1259)
	at org.junit.platform.engine.support.hierarchical.SameThreadHierarchicalTestExecutorService.invokeAll(SameThreadHierarchicalTestExecutorService.java:41)
	at org.junit.platform.engine.support.hierarchical.NodeTestTask.lambda$executeRecursively$6(NodeTestTask.java:155)
	at org.junit.platform.engine.support.hierarchical.ThrowableCollector.execute(ThrowableCollector.java:73)
	at org.junit.platform.engine.support.hierarchical.NodeTestTask.lambda$executeRecursively$8(NodeTestTask.java:141)
	at org.junit.platform.engine.support.hierarchical.Node.around(Node.java:137)
	at org.junit.platform.engine.support.hierarchical.NodeTestTask.lambda$executeRecursively$9(NodeTestTask.java:139)
	at org.junit.platform.engine.support.hierarchical.ThrowableCollector.execute(ThrowableCollector.java:73)
	at org.junit.platform.engine.support.hierarchical.NodeTestTask.executeRecursively(NodeTestTask.java:138)
	at org.junit.platform.engine.support.hierarchical.NodeTestTask.execute(NodeTestTask.java:95)
	at org.junit.platform.engine.support.hierarchical.SameThreadHierarchicalTestExecutorService.submit(SameThreadHierarchicalTestExecutorService.java:35)
	at org.junit.platform.engine.support.hierarchical.HierarchicalTestExecutor.execute(HierarchicalTestExecutor.java:57)
	at org.junit.platform.engine.support.hierarchical.HierarchicalTestEngine.execute(HierarchicalTestEngine.java:54)
	at org.junit.platform.launcher.core.DefaultLauncher.execute(DefaultLauncher.java:170)
	at org.junit.platform.launcher.core.DefaultLauncher.execute(DefaultLauncher.java:154)
	at org.junit.platform.launcher.core.DefaultLauncher.execute(DefaultLauncher.java:90)
	at edu.illinois.cs.testrunner.execution.JUnit5TestExecutor.runTestsSeparately(JUnit5TestExecutor.java:40)
	at edu.illinois.cs.testrunner.execution.Executor$.$anonfun$run$1(Executor.scala:33)
	at scala.runtime.java8.JFunction0$mcV$sp.apply(JFunction0$mcV$sp.java:12)
	at scala.util.Try$.apply(Try.scala:209)
	at edu.illinois.cs.testrunner.execution.Executor$.run(Executor.scala:28)
	at edu.illinois.cs.testrunner.execution.Executor$.main(Executor.scala:18)
	at edu.illinois.cs.testrunner.execution.Executor.main(Executor.scala)

2024-05-17 16:29:29.691  INFO 65063 --- [WebServer 35663] okhttp3.mockwebserver.MockWebServer      : MockWebServer[35663] done accepting connections: Socket closed
2024-05-17 16:29:29.696  INFO 65063 --- [WebServer 36537] okhttp3.mockwebserver.MockWebServer      : MockWebServer[36537] starting to accept connections
2024-05-17 16:29:29.700  INFO 65063 --- [WebServer 53583] okhttp3.mockwebserver.MockWebServer      : MockWebServer[53583] starting to accept connections
2024-05-17 16:29:29.701  INFO 65063 --- [           main] s.c.k.f.c.Fabric8ConfigMapPropertySource : Loading ConfigMap with name 'configmap' in namespace 'namespace'
2024-05-17 16:29:29.701  WARN 65063 --- [           main] s.c.k.f.c.Fabric8ConfigMapPropertySource : Can't read configMap with name: [configmap] in namespace: [namespace]. Ignoring.

java.lang.NullPointerException: null
	at org.springframework.cloud.kubernetes.fabric8.config.Fabric8ConfigUtils.getConfigMapData(Fabric8ConfigUtils.java:118)
	at org.springframework.cloud.kubernetes.fabric8.config.Fabric8ConfigMapPropertySource.getData(Fabric8ConfigMapPropertySource.java:79)
	at org.springframework.cloud.kubernetes.fabric8.config.Fabric8ConfigMapPropertySource.<init>(Fabric8ConfigMapPropertySource.java:63)
	at org.springframework.cloud.kubernetes.fabric8.config.Fabric8ConfigMapPropertySourceTests.constructorWithClientNamespaceMustNotFail(Fabric8ConfigMapPropertySourceTests.java:118)
	at sun.reflect.NativeMethodAccessorImpl.invoke0(Native Method)
	at sun.reflect.NativeMethodAccessorImpl.invoke(NativeMethodAccessorImpl.java:62)
	at sun.reflect.DelegatingMethodAccessorImpl.invoke(DelegatingMethodAccessorImpl.java:43)
	at java.lang.reflect.Method.invoke(Method.java:498)
	at org.junit.platform.commons.util.ReflectionUtils.invokeMethod(ReflectionUtils.java:725)
	at org.junit.jupiter.engine.execution.MethodInvocation.proceed(MethodInvocation.java:60)
	at org.junit.jupiter.engine.execution.InvocationInterceptorChain$ValidatingInvocation.proceed(InvocationInterceptorChain.java:131)
	at org.junit.jupiter.engine.extension.TimeoutExtension.intercept(TimeoutExtension.java:149)
	at org.junit.jupiter.engine.extension.TimeoutExtension.interceptTestableMethod(TimeoutExtension.java:140)
	at org.junit.jupiter.engine.extension.TimeoutExtension.interceptTestMethod(TimeoutExtension.java:84)
	at org.junit.jupiter.engine.execution.ExecutableInvoker$ReflectiveInterceptorCall.lambda$ofVoidMethod$0(ExecutableInvoker.java:115)
	at org.junit.jupiter.engine.execution.ExecutableInvoker.lambda$invoke$0(ExecutableInvoker.java:105)
	at org.junit.jupiter.engine.execution.InvocationInterceptorChain$InterceptedInvocation.proceed(InvocationInterceptorChain.java:106)
	at org.junit.jupiter.engine.execution.InvocationInterceptorChain.proceed(InvocationInterceptorChain.java:64)
	at org.junit.jupiter.engine.execution.InvocationInterceptorChain.chainAndInvoke(InvocationInterceptorChain.java:45)
	at org.junit.jupiter.engine.execution.InvocationInterceptorChain.invoke(InvocationInterceptorChain.java:37)
	at org.junit.jupiter.engine.execution.ExecutableInvoker.invoke(ExecutableInvoker.java:104)
	at org.junit.jupiter.engine.execution.ExecutableInvoker.invoke(ExecutableInvoker.java:98)
	at org.junit.jupiter.engine.descriptor.TestMethodTestDescriptor.lambda$invokeTestMethod$7(TestMethodTestDescriptor.java:214)
	at org.junit.platform.engine.support.hierarchical.ThrowableCollector.execute(ThrowableCollector.java:73)
	at org.junit.jupiter.engine.descriptor.TestMethodTestDescriptor.invokeTestMethod(TestMethodTestDescriptor.java:210)
	at org.junit.jupiter.engine.descriptor.TestMethodTestDescriptor.execute(TestMethodTestDescriptor.java:135)
	at org.junit.jupiter.engine.descriptor.TestMethodTestDescriptor.execute(TestMethodTestDescriptor.java:66)
	at org.junit.platform.engine.support.hierarchical.NodeTestTask.lambda$executeRecursively$6(NodeTestTask.java:151)
	at org.junit.platform.engine.support.hierarchical.ThrowableCollector.execute(ThrowableCollector.java:73)
	at org.junit.platform.engine.support.hierarchical.NodeTestTask.lambda$executeRecursively$8(NodeTestTask.java:141)
	at org.junit.platform.engine.support.hierarchical.Node.around(Node.java:137)
	at org.junit.platform.engine.support.hierarchical.NodeTestTask.lambda$executeRecursively$9(NodeTestTask.java:139)
	at org.junit.platform.engine.support.hierarchical.ThrowableCollector.execute(ThrowableCollector.java:73)
	at org.junit.platform.engine.support.hierarchical.NodeTestTask.executeRecursively(NodeTestTask.java:138)
	at org.junit.platform.engine.support.hierarchical.NodeTestTask.execute(NodeTestTask.java:95)
	at java.util.ArrayList.forEach(ArrayList.java:1259)
	at org.junit.platform.engine.support.hierarchical.SameThreadHierarchicalTestExecutorService.invokeAll(SameThreadHierarchicalTestExecutorService.java:41)
	at org.junit.platform.engine.support.hierarchical.NodeTestTask.lambda$executeRecursively$6(NodeTestTask.java:155)
	at org.junit.platform.engine.support.hierarchical.ThrowableCollector.execute(ThrowableCollector.java:73)
	at org.junit.platform.engine.support.hierarchical.NodeTestTask.lambda$executeRecursively$8(NodeTestTask.java:141)
	at org.junit.platform.engine.support.hierarchical.Node.around(Node.java:137)
	at org.junit.platform.engine.support.hierarchical.NodeTestTask.lambda$executeRecursively$9(NodeTestTask.java:139)
	at org.junit.platform.engine.support.hierarchical.ThrowableCollector.execute(ThrowableCollector.java:73)
	at org.junit.platform.engine.support.hierarchical.NodeTestTask.executeRecursively(NodeTestTask.java:138)
	at org.junit.platform.engine.support.hierarchical.NodeTestTask.execute(NodeTestTask.java:95)
	at java.util.ArrayList.forEach(ArrayList.java:1259)
	at org.junit.platform.engine.support.hierarchical.SameThreadHierarchicalTestExecutorService.invokeAll(SameThreadHierarchicalTestExecutorService.java:41)
	at org.junit.platform.engine.support.hierarchical.NodeTestTask.lambda$executeRecursively$6(NodeTestTask.java:155)
	at org.junit.platform.engine.support.hierarchical.ThrowableCollector.execute(ThrowableCollector.java:73)
	at org.junit.platform.engine.support.hierarchical.NodeTestTask.lambda$executeRecursively$8(NodeTestTask.java:141)
	at org.junit.platform.engine.support.hierarchical.Node.around(Node.java:137)
	at org.junit.platform.engine.support.hierarchical.NodeTestTask.lambda$executeRecursively$9(NodeTestTask.java:139)
	at org.junit.platform.engine.support.hierarchical.ThrowableCollector.execute(ThrowableCollector.java:73)
	at org.junit.platform.engine.support.hierarchical.NodeTestTask.executeRecursively(NodeTestTask.java:138)
	at org.junit.platform.engine.support.hierarchical.NodeTestTask.execute(NodeTestTask.java:95)
	at org.junit.platform.engine.support.hierarchical.SameThreadHierarchicalTestExecutorService.submit(SameThreadHierarchicalTestExecutorService.java:35)
	at org.junit.platform.engine.support.hierarchical.HierarchicalTestExecutor.execute(HierarchicalTestExecutor.java:57)
	at org.junit.platform.engine.support.hierarchical.HierarchicalTestEngine.execute(HierarchicalTestEngine.java:54)
	at org.junit.platform.launcher.core.DefaultLauncher.execute(DefaultLauncher.java:170)
	at org.junit.platform.launcher.core.DefaultLauncher.execute(DefaultLauncher.java:154)
	at org.junit.platform.launcher.core.DefaultLauncher.execute(DefaultLauncher.java:90)
	at edu.illinois.cs.testrunner.execution.JUnit5TestExecutor.runTestsSeparately(JUnit5TestExecutor.java:40)
	at edu.illinois.cs.testrunner.execution.Executor$.$anonfun$run$1(Executor.scala:33)
	at scala.runtime.java8.JFunction0$mcV$sp.apply(JFunction0$mcV$sp.java:12)
	at scala.util.Try$.apply(Try.scala:209)
	at edu.illinois.cs.testrunner.execution.Executor$.run(Executor.scala:28)
	at edu.illinois.cs.testrunner.execution.Executor$.main(Executor.scala:18)
	at edu.illinois.cs.testrunner.execution.Executor.main(Executor.scala)

2024-05-17 16:29:29.702  INFO 65063 --- [WebServer 53583] okhttp3.mockwebserver.MockWebServer      : MockWebServer[53583] done accepting connections: Socket closed
2024-05-17 16:29:29.707  INFO 65063 --- [WebServer 42837] okhttp3.mockwebserver.MockWebServer      : MockWebServer[42837] starting to accept connections
2024-05-17 16:29:29.710  INFO 65063 --- [WebServer 57801] okhttp3.mockwebserver.MockWebServer      : MockWebServer[57801] starting to accept connections
2024-05-17 16:29:29.711  INFO 65063 --- [           main] s.c.k.f.c.Fabric8ConfigMapPropertySource : Loading ConfigMap with name 'my-config' in namespace 'default'
2024-05-17 16:29:29.807  INFO 65063 --- [127.0.0.1:44278] okhttp3.mockwebserver.MockWebServer      : MockWebServer[57801] received request: GET /api/v1/namespaces/default/configmaps/my-config HTTP/1.1 and responded: HTTP/1.1 500 Server Error
2024-05-17 16:29:29.849  INFO 65063 --- [WebServer 57801] okhttp3.mockwebserver.MockWebServer      : MockWebServer[57801] done accepting connections: Socket closed
2024-05-17 16:29:29.864  INFO 65063 --- [WebServer 57477] okhttp3.mockwebserver.MockWebServer      : MockWebServer[57477] starting to accept connections
2024-05-17 16:29:29.870  INFO 65063 --- [WebServer 51653] okhttp3.mockwebserver.MockWebServer      : MockWebServer[51653] starting to accept connections
2024-05-17 16:29:29.872  INFO 65063 --- [           main] s.c.k.f.c.Fabric8ConfigMapPropertySource : Loading ConfigMap with name 'my-config' in namespace 'default'
2024-05-17 16:29:29.989  INFO 65063 --- [127.0.0.1:34328] okhttp3.mockwebserver.MockWebServer      : MockWebServer[51653] received request: GET /api/v1/namespaces/default/configmaps/my-config HTTP/1.1 and responded: HTTP/1.1 500 Server Error
2024-05-17 16:29:30.031  WARN 65063 --- [           main] s.c.k.f.c.Fabric8ConfigMapPropertySource : Can't read configMap with name: [my-config] in namespace: [default]. Ignoring.

io.fabric8.kubernetes.client.KubernetesClientException: Failure executing: GET at: https://localhost:51653/api/v1/namespaces/default/configmaps/my-config. Message: Internal Server Error.
	at io.fabric8.kubernetes.client.dsl.base.OperationSupport.requestFailure(OperationSupport.java:694)
	at io.fabric8.kubernetes.client.dsl.base.OperationSupport.requestFailure(OperationSupport.java:673)
	at io.fabric8.kubernetes.client.dsl.base.OperationSupport.assertResponseCode(OperationSupport.java:626)
	at io.fabric8.kubernetes.client.dsl.base.OperationSupport.handleResponse(OperationSupport.java:566)
	at io.fabric8.kubernetes.client.dsl.base.OperationSupport.handleResponse(OperationSupport.java:527)
	at io.fabric8.kubernetes.client.dsl.base.OperationSupport.handleGet(OperationSupport.java:494)
	at io.fabric8.kubernetes.client.dsl.base.OperationSupport.handleGet(OperationSupport.java:476)
	at io.fabric8.kubernetes.client.dsl.base.BaseOperation.handleGet(BaseOperation.java:788)
	at io.fabric8.kubernetes.client.dsl.base.BaseOperation.getMandatory(BaseOperation.java:187)
	at io.fabric8.kubernetes.client.dsl.base.BaseOperation.get(BaseOperation.java:154)
	at io.fabric8.kubernetes.client.dsl.base.BaseOperation.get(BaseOperation.java:87)
	at org.springframework.cloud.kubernetes.fabric8.config.Fabric8ConfigUtils.getConfigMapData(Fabric8ConfigUtils.java:118)
	at org.springframework.cloud.kubernetes.fabric8.config.Fabric8ConfigMapPropertySource.getData(Fabric8ConfigMapPropertySource.java:79)
	at org.springframework.cloud.kubernetes.fabric8.config.Fabric8ConfigMapPropertySource.<init>(Fabric8ConfigMapPropertySource.java:70)
	at org.springframework.cloud.kubernetes.fabric8.config.Fabric8ConfigMapPropertySourceTests.lambda$constructorShouldNotThrowExceptionOnFailureWhenFailFastIsDisabled$1(Fabric8ConfigMapPropertySourceTests.java:64)
	at org.assertj.core.api.ThrowableAssert.catchThrowable(ThrowableAssert.java:63)
	at org.assertj.core.api.NotThrownAssert.isThrownBy(NotThrownAssert.java:43)
	at org.springframework.cloud.kubernetes.fabric8.config.Fabric8ConfigMapPropertySourceTests.constructorShouldNotThrowExceptionOnFailureWhenFailFastIsDisabled(Fabric8ConfigMapPropertySourceTests.java:64)
	at sun.reflect.NativeMethodAccessorImpl.invoke0(Native Method)
	at sun.reflect.NativeMethodAccessorImpl.invoke(NativeMethodAccessorImpl.java:62)
	at sun.reflect.DelegatingMethodAccessorImpl.invoke(DelegatingMethodAccessorImpl.java:43)
	at java.lang.reflect.Method.invoke(Method.java:498)
	at org.junit.platform.commons.util.ReflectionUtils.invokeMethod(ReflectionUtils.java:725)
	at org.junit.jupiter.engine.execution.MethodInvocation.proceed(MethodInvocation.java:60)
	at org.junit.jupiter.engine.execution.InvocationInterceptorChain$ValidatingInvocation.proceed(InvocationInterceptorChain.java:131)
	at org.junit.jupiter.engine.extension.TimeoutExtension.intercept(TimeoutExtension.java:149)
	at org.junit.jupiter.engine.extension.TimeoutExtension.interceptTestableMethod(TimeoutExtension.java:140)
	at org.junit.jupiter.engine.extension.TimeoutExtension.interceptTestMethod(TimeoutExtension.java:84)
	at org.junit.jupiter.engine.execution.ExecutableInvoker$ReflectiveInterceptorCall.lambda$ofVoidMethod$0(ExecutableInvoker.java:115)
	at org.junit.jupiter.engine.execution.ExecutableInvoker.lambda$invoke$0(ExecutableInvoker.java:105)
	at org.junit.jupiter.engine.execution.InvocationInterceptorChain$InterceptedInvocation.proceed(InvocationInterceptorChain.java:106)
	at org.junit.jupiter.engine.execution.InvocationInterceptorChain.proceed(InvocationInterceptorChain.java:64)
	at org.junit.jupiter.engine.execution.InvocationInterceptorChain.chainAndInvoke(InvocationInterceptorChain.java:45)
	at org.junit.jupiter.engine.execution.InvocationInterceptorChain.invoke(InvocationInterceptorChain.java:37)
	at org.junit.jupiter.engine.execution.ExecutableInvoker.invoke(ExecutableInvoker.java:104)
	at org.junit.jupiter.engine.execution.ExecutableInvoker.invoke(ExecutableInvoker.java:98)
	at org.junit.jupiter.engine.descriptor.TestMethodTestDescriptor.lambda$invokeTestMethod$7(TestMethodTestDescriptor.java:214)
	at org.junit.platform.engine.support.hierarchical.ThrowableCollector.execute(ThrowableCollector.java:73)
	at org.junit.jupiter.engine.descriptor.TestMethodTestDescriptor.invokeTestMethod(TestMethodTestDescriptor.java:210)
	at org.junit.jupiter.engine.descriptor.TestMethodTestDescriptor.execute(TestMethodTestDescriptor.java:135)
	at org.junit.jupiter.engine.descriptor.TestMethodTestDescriptor.execute(TestMethodTestDescriptor.java:66)
	at org.junit.platform.engine.support.hierarchical.NodeTestTask.lambda$executeRecursively$6(NodeTestTask.java:151)
	at org.junit.platform.engine.support.hierarchical.ThrowableCollector.execute(ThrowableCollector.java:73)
	at org.junit.platform.engine.support.hierarchical.NodeTestTask.lambda$executeRecursively$8(NodeTestTask.java:141)
	at org.junit.platform.engine.support.hierarchical.Node.around(Node.java:137)
	at org.junit.platform.engine.support.hierarchical.NodeTestTask.lambda$executeRecursively$9(NodeTestTask.java:139)
	at org.junit.platform.engine.support.hierarchical.ThrowableCollector.execute(ThrowableCollector.java:73)
	at org.junit.platform.engine.support.hierarchical.NodeTestTask.executeRecursively(NodeTestTask.java:138)
	at org.junit.platform.engine.support.hierarchical.NodeTestTask.execute(NodeTestTask.java:95)
	at java.util.ArrayList.forEach(ArrayList.java:1259)
	at org.junit.platform.engine.support.hierarchical.SameThreadHierarchicalTestExecutorService.invokeAll(SameThreadHierarchicalTestExecutorService.java:41)
	at org.junit.platform.engine.support.hierarchical.NodeTestTask.lambda$executeRecursively$6(NodeTestTask.java:155)
	at org.junit.platform.engine.support.hierarchical.ThrowableCollector.execute(ThrowableCollector.java:73)
	at org.junit.platform.engine.support.hierarchical.NodeTestTask.lambda$executeRecursively$8(NodeTestTask.java:141)
	at org.junit.platform.engine.support.hierarchical.Node.around(Node.java:137)
	at org.junit.platform.engine.support.hierarchical.NodeTestTask.lambda$executeRecursively$9(NodeTestTask.java:139)
	at org.junit.platform.engine.support.hierarchical.ThrowableCollector.execute(ThrowableCollector.java:73)
	at org.junit.platform.engine.support.hierarchical.NodeTestTask.executeRecursively(NodeTestTask.java:138)
	at org.junit.platform.engine.support.hierarchical.NodeTestTask.execute(NodeTestTask.java:95)
	at java.util.ArrayList.forEach(ArrayList.java:1259)
	at org.junit.platform.engine.support.hierarchical.SameThreadHierarchicalTestExecutorService.invokeAll(SameThreadHierarchicalTestExecutorService.java:41)
	at org.junit.platform.engine.support.hierarchical.NodeTestTask.lambda$executeRecursively$6(NodeTestTask.java:155)
	at org.junit.platform.engine.support.hierarchical.ThrowableCollector.execute(ThrowableCollector.java:73)
	at org.junit.platform.engine.support.hierarchical.NodeTestTask.lambda$executeRecursively$8(NodeTestTask.java:141)
	at org.junit.platform.engine.support.hierarchical.Node.around(Node.java:137)
	at org.junit.platform.engine.support.hierarchical.NodeTestTask.lambda$executeRecursively$9(NodeTestTask.java:139)
	at org.junit.platform.engine.support.hierarchical.ThrowableCollector.execute(ThrowableCollector.java:73)
	at org.junit.platform.engine.support.hierarchical.NodeTestTask.executeRecursively(NodeTestTask.java:138)
	at org.junit.platform.engine.support.hierarchical.NodeTestTask.execute(NodeTestTask.java:95)
	at org.junit.platform.engine.support.hierarchical.SameThreadHierarchicalTestExecutorService.submit(SameThreadHierarchicalTestExecutorService.java:35)
	at org.junit.platform.engine.support.hierarchical.HierarchicalTestExecutor.execute(HierarchicalTestExecutor.java:57)
	at org.junit.platform.engine.support.hierarchical.HierarchicalTestEngine.execute(HierarchicalTestEngine.java:54)
	at org.junit.platform.launcher.core.DefaultLauncher.execute(DefaultLauncher.java:170)
	at org.junit.platform.launcher.core.DefaultLauncher.execute(DefaultLauncher.java:154)
	at org.junit.platform.launcher.core.DefaultLauncher.execute(DefaultLauncher.java:90)
	at edu.illinois.cs.testrunner.execution.JUnit5TestExecutor.runTestsSeparately(JUnit5TestExecutor.java:40)
	at edu.illinois.cs.testrunner.execution.Executor$.$anonfun$run$1(Executor.scala:33)
	at scala.runtime.java8.JFunction0$mcV$sp.apply(JFunction0$mcV$sp.java:12)
	at scala.util.Try$.apply(Try.scala:209)
	at edu.illinois.cs.testrunner.execution.Executor$.run(Executor.scala:28)
	at edu.illinois.cs.testrunner.execution.Executor$.main(Executor.scala:18)
	at edu.illinois.cs.testrunner.execution.Executor.main(Executor.scala)

2024-05-17 16:29:30.031  INFO 65063 --- [WebServer 51653] okhttp3.mockwebserver.MockWebServer      : MockWebServer[51653] done accepting connections: Socket closed
2024-05-17 16:29:30.036  INFO 65063 --- [WebServer 41207] okhttp3.mockwebserver.MockWebServer      : MockWebServer[41207] starting to accept connections
2024-05-17 16:29:30.039  INFO 65063 --- [WebServer 45453] okhttp3.mockwebserver.MockWebServer      : MockWebServer[45453] starting to accept connections
2024-05-17 16:29:30.040  INFO 65063 --- [WebServer 45453] okhttp3.mockwebserver.MockWebServer      : MockWebServer[45453] done accepting connections: Socket closed
2024-05-17 16:29:30.044  INFO 65063 --- [WebServer 42727] okhttp3.mockwebserver.MockWebServer      : MockWebServer[42727] starting to accept connections
2024-05-17 16:29:30.046  INFO 65063 --- [WebServer 35615] okhttp3.mockwebserver.MockWebServer      : MockWebServer[35615] starting to accept connections
2024-05-17 16:29:30.047  INFO 65063 --- [           main] s.c.k.f.c.Fabric8ConfigMapPropertySource : Loading ConfigMap with name 'configmap' in namespace 'namespace'
2024-05-17 16:29:30.047  WARN 65063 --- [           main] s.c.k.f.c.Fabric8ConfigMapPropertySource : Can't read configMap with name: [configmap] in namespace: [namespace]. Ignoring.

java.lang.NullPointerException: null
	at org.springframework.cloud.kubernetes.fabric8.config.Fabric8ConfigUtils.getConfigMapData(Fabric8ConfigUtils.java:118)
	at org.springframework.cloud.kubernetes.fabric8.config.Fabric8ConfigMapPropertySource.getData(Fabric8ConfigMapPropertySource.java:79)
	at org.springframework.cloud.kubernetes.fabric8.config.Fabric8ConfigMapPropertySource.<init>(Fabric8ConfigMapPropertySource.java:63)
	at org.springframework.cloud.kubernetes.fabric8.config.Fabric8ConfigMapPropertySourceTests.anotherDeprecatedConstructorWithNamespaceMustNotFail(Fabric8ConfigMapPropertySourceTests.java:102)
	at sun.reflect.NativeMethodAccessorImpl.invoke0(Native Method)
	at sun.reflect.NativeMethodAccessorImpl.invoke(NativeMethodAccessorImpl.java:62)
	at sun.reflect.DelegatingMethodAccessorImpl.invoke(DelegatingMethodAccessorImpl.java:43)
	at java.lang.reflect.Method.invoke(Method.java:498)
	at org.junit.platform.commons.util.ReflectionUtils.invokeMethod(ReflectionUtils.java:725)
	at org.junit.jupiter.engine.execution.MethodInvocation.proceed(MethodInvocation.java:60)
	at org.junit.jupiter.engine.execution.InvocationInterceptorChain$ValidatingInvocation.proceed(InvocationInterceptorChain.java:131)
	at org.junit.jupiter.engine.extension.TimeoutExtension.intercept(TimeoutExtension.java:149)
	at org.junit.jupiter.engine.extension.TimeoutExtension.interceptTestableMethod(TimeoutExtension.java:140)
	at org.junit.jupiter.engine.extension.TimeoutExtension.interceptTestMethod(TimeoutExtension.java:84)
	at org.junit.jupiter.engine.execution.ExecutableInvoker$ReflectiveInterceptorCall.lambda$ofVoidMethod$0(ExecutableInvoker.java:115)
	at org.junit.jupiter.engine.execution.ExecutableInvoker.lambda$invoke$0(ExecutableInvoker.java:105)
	at org.junit.jupiter.engine.execution.InvocationInterceptorChain$InterceptedInvocation.proceed(InvocationInterceptorChain.java:106)
	at org.junit.jupiter.engine.execution.InvocationInterceptorChain.proceed(InvocationInterceptorChain.java:64)
	at org.junit.jupiter.engine.execution.InvocationInterceptorChain.chainAndInvoke(InvocationInterceptorChain.java:45)
	at org.junit.jupiter.engine.execution.InvocationInterceptorChain.invoke(InvocationInterceptorChain.java:37)
	at org.junit.jupiter.engine.execution.ExecutableInvoker.invoke(ExecutableInvoker.java:104)
	at org.junit.jupiter.engine.execution.ExecutableInvoker.invoke(ExecutableInvoker.java:98)
	at org.junit.jupiter.engine.descriptor.TestMethodTestDescriptor.lambda$invokeTestMethod$7(TestMethodTestDescriptor.java:214)
	at org.junit.platform.engine.support.hierarchical.ThrowableCollector.execute(ThrowableCollector.java:73)
	at org.junit.jupiter.engine.descriptor.TestMethodTestDescriptor.invokeTestMethod(TestMethodTestDescriptor.java:210)
	at org.junit.jupiter.engine.descriptor.TestMethodTestDescriptor.execute(TestMethodTestDescriptor.java:135)
	at org.junit.jupiter.engine.descriptor.TestMethodTestDescriptor.execute(TestMethodTestDescriptor.java:66)
	at org.junit.platform.engine.support.hierarchical.NodeTestTask.lambda$executeRecursively$6(NodeTestTask.java:151)
	at org.junit.platform.engine.support.hierarchical.ThrowableCollector.execute(ThrowableCollector.java:73)
	at org.junit.platform.engine.support.hierarchical.NodeTestTask.lambda$executeRecursively$8(NodeTestTask.java:141)
	at org.junit.platform.engine.support.hierarchical.Node.around(Node.java:137)
	at org.junit.platform.engine.support.hierarchical.NodeTestTask.lambda$executeRecursively$9(NodeTestTask.java:139)
	at org.junit.platform.engine.support.hierarchical.ThrowableCollector.execute(ThrowableCollector.java:73)
	at org.junit.platform.engine.support.hierarchical.NodeTestTask.executeRecursively(NodeTestTask.java:138)
	at org.junit.platform.engine.support.hierarchical.NodeTestTask.execute(NodeTestTask.java:95)
	at java.util.ArrayList.forEach(ArrayList.java:1259)
	at org.junit.platform.engine.support.hierarchical.SameThreadHierarchicalTestExecutorService.invokeAll(SameThreadHierarchicalTestExecutorService.java:41)
	at org.junit.platform.engine.support.hierarchical.NodeTestTask.lambda$executeRecursively$6(NodeTestTask.java:155)
	at org.junit.platform.engine.support.hierarchical.ThrowableCollector.execute(ThrowableCollector.java:73)
	at org.junit.platform.engine.support.hierarchical.NodeTestTask.lambda$executeRecursively$8(NodeTestTask.java:141)
	at org.junit.platform.engine.support.hierarchical.Node.around(Node.java:137)
	at org.junit.platform.engine.support.hierarchical.NodeTestTask.lambda$executeRecursively$9(NodeTestTask.java:139)
	at org.junit.platform.engine.support.hierarchical.ThrowableCollector.execute(ThrowableCollector.java:73)
	at org.junit.platform.engine.support.hierarchical.NodeTestTask.executeRecursively(NodeTestTask.java:138)
	at org.junit.platform.engine.support.hierarchical.NodeTestTask.execute(NodeTestTask.java:95)
	at java.util.ArrayList.forEach(ArrayList.java:1259)
	at org.junit.platform.engine.support.hierarchical.SameThreadHierarchicalTestExecutorService.invokeAll(SameThreadHierarchicalTestExecutorService.java:41)
	at org.junit.platform.engine.support.hierarchical.NodeTestTask.lambda$executeRecursively$6(NodeTestTask.java:155)
	at org.junit.platform.engine.support.hierarchical.ThrowableCollector.execute(ThrowableCollector.java:73)
	at org.junit.platform.engine.support.hierarchical.NodeTestTask.lambda$executeRecursively$8(NodeTestTask.java:141)
	at org.junit.platform.engine.support.hierarchical.Node.around(Node.java:137)
	at org.junit.platform.engine.support.hierarchical.NodeTestTask.lambda$executeRecursively$9(NodeTestTask.java:139)
	at org.junit.platform.engine.support.hierarchical.ThrowableCollector.execute(ThrowableCollector.java:73)
	at org.junit.platform.engine.support.hierarchical.NodeTestTask.executeRecursively(NodeTestTask.java:138)
	at org.junit.platform.engine.support.hierarchical.NodeTestTask.execute(NodeTestTask.java:95)
	at org.junit.platform.engine.support.hierarchical.SameThreadHierarchicalTestExecutorService.submit(SameThreadHierarchicalTestExecutorService.java:35)
	at org.junit.platform.engine.support.hierarchical.HierarchicalTestExecutor.execute(HierarchicalTestExecutor.java:57)
	at org.junit.platform.engine.support.hierarchical.HierarchicalTestEngine.execute(HierarchicalTestEngine.java:54)
	at org.junit.platform.launcher.core.DefaultLauncher.execute(DefaultLauncher.java:170)
	at org.junit.platform.launcher.core.DefaultLauncher.execute(DefaultLauncher.java:154)
	at org.junit.platform.launcher.core.DefaultLauncher.execute(DefaultLauncher.java:90)
	at edu.illinois.cs.testrunner.execution.JUnit5TestExecutor.runTestsSeparately(JUnit5TestExecutor.java:40)
	at edu.illinois.cs.testrunner.execution.Executor$.$anonfun$run$1(Executor.scala:33)
	at scala.runtime.java8.JFunction0$mcV$sp.apply(JFunction0$mcV$sp.java:12)
	at scala.util.Try$.apply(Try.scala:209)
	at edu.illinois.cs.testrunner.execution.Executor$.run(Executor.scala:28)
	at edu.illinois.cs.testrunner.execution.Executor$.main(Executor.scala:18)
	at edu.illinois.cs.testrunner.execution.Executor.main(Executor.scala)

2024-05-17 16:29:30.047  INFO 65063 --- [WebServer 35615] okhttp3.mockwebserver.MockWebServer      : MockWebServer[35615] done accepting connections: Socket closed
2024-05-17 16:29:30.051  INFO 65063 --- [WebServer 40271] okhttp3.mockwebserver.MockWebServer      : MockWebServer[40271] starting to accept connections
2024-05-17 16:29:30.054  INFO 65063 --- [WebServer 56161] okhttp3.mockwebserver.MockWebServer      : MockWebServer[56161] starting to accept connections
2024-05-17 16:29:30.054  INFO 65063 --- [           main] s.c.k.f.c.Fabric8ConfigMapPropertySource : Loading ConfigMap with name 'configmap' in namespace 'some-namespace'
2024-05-17 16:29:30.055  WARN 65063 --- [           main] s.c.k.f.c.Fabric8ConfigMapPropertySource : Can't read configMap with name: [configmap] in namespace: [some-namespace]. Ignoring.

java.lang.NullPointerException: null
	at org.springframework.cloud.kubernetes.fabric8.config.Fabric8ConfigUtils.getConfigMapData(Fabric8ConfigUtils.java:118)
	at org.springframework.cloud.kubernetes.fabric8.config.Fabric8ConfigMapPropertySource.getData(Fabric8ConfigMapPropertySource.java:79)
	at org.springframework.cloud.kubernetes.fabric8.config.Fabric8ConfigMapPropertySource.<init>(Fabric8ConfigMapPropertySource.java:63)
	at org.springframework.cloud.kubernetes.fabric8.config.Fabric8ConfigMapPropertySourceTests.anotherDeprecatedConstructorWithClientNamespaceMustNotFail(Fabric8ConfigMapPropertySourceTests.java:95)
	at sun.reflect.NativeMethodAccessorImpl.invoke0(Native Method)
	at sun.reflect.NativeMethodAccessorImpl.invoke(NativeMethodAccessorImpl.java:62)
	at sun.reflect.DelegatingMethodAccessorImpl.invoke(DelegatingMethodAccessorImpl.java:43)
	at java.lang.reflect.Method.invoke(Method.java:498)
	at org.junit.platform.commons.util.ReflectionUtils.invokeMethod(ReflectionUtils.java:725)
	at org.junit.jupiter.engine.execution.MethodInvocation.proceed(MethodInvocation.java:60)
	at org.junit.jupiter.engine.execution.InvocationInterceptorChain$ValidatingInvocation.proceed(InvocationInterceptorChain.java:131)
	at org.junit.jupiter.engine.extension.TimeoutExtension.intercept(TimeoutExtension.java:149)
	at org.junit.jupiter.engine.extension.TimeoutExtension.interceptTestableMethod(TimeoutExtension.java:140)
	at org.junit.jupiter.engine.extension.TimeoutExtension.interceptTestMethod(TimeoutExtension.java:84)
	at org.junit.jupiter.engine.execution.ExecutableInvoker$ReflectiveInterceptorCall.lambda$ofVoidMethod$0(ExecutableInvoker.java:115)
	at org.junit.jupiter.engine.execution.ExecutableInvoker.lambda$invoke$0(ExecutableInvoker.java:105)
	at org.junit.jupiter.engine.execution.InvocationInterceptorChain$InterceptedInvocation.proceed(InvocationInterceptorChain.java:106)
	at org.junit.jupiter.engine.execution.InvocationInterceptorChain.proceed(InvocationInterceptorChain.java:64)
	at org.junit.jupiter.engine.execution.InvocationInterceptorChain.chainAndInvoke(InvocationInterceptorChain.java:45)
	at org.junit.jupiter.engine.execution.InvocationInterceptorChain.invoke(InvocationInterceptorChain.java:37)
	at org.junit.jupiter.engine.execution.ExecutableInvoker.invoke(ExecutableInvoker.java:104)
	at org.junit.jupiter.engine.execution.ExecutableInvoker.invoke(ExecutableInvoker.java:98)
	at org.junit.jupiter.engine.descriptor.TestMethodTestDescriptor.lambda$invokeTestMethod$7(TestMethodTestDescriptor.java:214)
	at org.junit.platform.engine.support.hierarchical.ThrowableCollector.execute(ThrowableCollector.java:73)
	at org.junit.jupiter.engine.descriptor.TestMethodTestDescriptor.invokeTestMethod(TestMethodTestDescriptor.java:210)
	at org.junit.jupiter.engine.descriptor.TestMethodTestDescriptor.execute(TestMethodTestDescriptor.java:135)
	at org.junit.jupiter.engine.descriptor.TestMethodTestDescriptor.execute(TestMethodTestDescriptor.java:66)
	at org.junit.platform.engine.support.hierarchical.NodeTestTask.lambda$executeRecursively$6(NodeTestTask.java:151)
	at org.junit.platform.engine.support.hierarchical.ThrowableCollector.execute(ThrowableCollector.java:73)
	at org.junit.platform.engine.support.hierarchical.NodeTestTask.lambda$executeRecursively$8(NodeTestTask.java:141)
	at org.junit.platform.engine.support.hierarchical.Node.around(Node.java:137)
	at org.junit.platform.engine.support.hierarchical.NodeTestTask.lambda$executeRecursively$9(NodeTestTask.java:139)
	at org.junit.platform.engine.support.hierarchical.ThrowableCollector.execute(ThrowableCollector.java:73)
	at org.junit.platform.engine.support.hierarchical.NodeTestTask.executeRecursively(NodeTestTask.java:138)
	at org.junit.platform.engine.support.hierarchical.NodeTestTask.execute(NodeTestTask.java:95)
	at java.util.ArrayList.forEach(ArrayList.java:1259)
	at org.junit.platform.engine.support.hierarchical.SameThreadHierarchicalTestExecutorService.invokeAll(SameThreadHierarchicalTestExecutorService.java:41)
	at org.junit.platform.engine.support.hierarchical.NodeTestTask.lambda$executeRecursively$6(NodeTestTask.java:155)
	at org.junit.platform.engine.support.hierarchical.ThrowableCollector.execute(ThrowableCollector.java:73)
	at org.junit.platform.engine.support.hierarchical.NodeTestTask.lambda$executeRecursively$8(NodeTestTask.java:141)
	at org.junit.platform.engine.support.hierarchical.Node.around(Node.java:137)
	at org.junit.platform.engine.support.hierarchical.NodeTestTask.lambda$executeRecursively$9(NodeTestTask.java:139)
	at org.junit.platform.engine.support.hierarchical.ThrowableCollector.execute(ThrowableCollector.java:73)
	at org.junit.platform.engine.support.hierarchical.NodeTestTask.executeRecursively(NodeTestTask.java:138)
	at org.junit.platform.engine.support.hierarchical.NodeTestTask.execute(NodeTestTask.java:95)
	at java.util.ArrayList.forEach(ArrayList.java:1259)
	at org.junit.platform.engine.support.hierarchical.SameThreadHierarchicalTestExecutorService.invokeAll(SameThreadHierarchicalTestExecutorService.java:41)
	at org.junit.platform.engine.support.hierarchical.NodeTestTask.lambda$executeRecursively$6(NodeTestTask.java:155)
	at org.junit.platform.engine.support.hierarchical.ThrowableCollector.execute(ThrowableCollector.java:73)
	at org.junit.platform.engine.support.hierarchical.NodeTestTask.lambda$executeRecursively$8(NodeTestTask.java:141)
	at org.junit.platform.engine.support.hierarchical.Node.around(Node.java:137)
	at org.junit.platform.engine.support.hierarchical.NodeTestTask.lambda$executeRecursively$9(NodeTestTask.java:139)
	at org.junit.platform.engine.support.hierarchical.ThrowableCollector.execute(ThrowableCollector.java:73)
	at org.junit.platform.engine.support.hierarchical.NodeTestTask.executeRecursively(NodeTestTask.java:138)
	at org.junit.platform.engine.support.hierarchical.NodeTestTask.execute(NodeTestTask.java:95)
	at org.junit.platform.engine.support.hierarchical.SameThreadHierarchicalTestExecutorService.submit(SameThreadHierarchicalTestExecutorService.java:35)
	at org.junit.platform.engine.support.hierarchical.HierarchicalTestExecutor.execute(HierarchicalTestExecutor.java:57)
	at org.junit.platform.engine.support.hierarchical.HierarchicalTestEngine.execute(HierarchicalTestEngine.java:54)
	at org.junit.platform.launcher.core.DefaultLauncher.execute(DefaultLauncher.java:170)
	at org.junit.platform.launcher.core.DefaultLauncher.execute(DefaultLauncher.java:154)
	at org.junit.platform.launcher.core.DefaultLauncher.execute(DefaultLauncher.java:90)
	at edu.illinois.cs.testrunner.execution.JUnit5TestExecutor.runTestsSeparately(JUnit5TestExecutor.java:40)
	at edu.illinois.cs.testrunner.execution.Executor$.$anonfun$run$1(Executor.scala:33)
	at scala.runtime.java8.JFunction0$mcV$sp.apply(JFunction0$mcV$sp.java:12)
	at scala.util.Try$.apply(Try.scala:209)
	at edu.illinois.cs.testrunner.execution.Executor$.run(Executor.scala:28)
	at edu.illinois.cs.testrunner.execution.Executor$.main(Executor.scala:18)
	at edu.illinois.cs.testrunner.execution.Executor.main(Executor.scala)

2024-05-17 16:29:30.055  INFO 65063 --- [WebServer 56161] okhttp3.mockwebserver.MockWebServer      : MockWebServer[56161] done accepting connections: Socket closed
2024-05-17 16:29:30.060  INFO 65063 --- [WebServer 47955] okhttp3.mockwebserver.MockWebServer      : MockWebServer[47955] starting to accept connections
2024-05-17 16:29:30.063  INFO 65063 --- [WebServer 54321] okhttp3.mockwebserver.MockWebServer      : MockWebServer[54321] starting to accept connections
2024-05-17 16:29:30.064  INFO 65063 --- [           main] s.c.k.f.c.Fabric8ConfigMapPropertySource : Loading ConfigMap with name 'my-config' in namespace 'default'
2024-05-17 16:29:30.158  INFO 65063 --- [127.0.0.1:41058] okhttp3.mockwebserver.MockWebServer      : MockWebServer[54321] received request: GET /api/v1/namespaces/default/configmaps/my-config HTTP/1.1 and responded: HTTP/1.1 500 Server Error
2024-05-17 16:29:30.200  INFO 65063 --- [WebServer 54321] okhttp3.mockwebserver.MockWebServer      : MockWebServer[54321] done accepting connections: Socket closed
2024-05-17 16:29:30.215  INFO 65063 --- [WebServer 49221] okhttp3.mockwebserver.MockWebServer      : MockWebServer[49221] starting to accept connections
2024-05-17 16:29:30.222  INFO 65063 --- [WebServer 40009] okhttp3.mockwebserver.MockWebServer      : MockWebServer[40009] starting to accept connections
2024-05-17 16:29:30.223  INFO 65063 --- [           main] s.c.k.f.c.Fabric8ConfigMapPropertySource : Loading ConfigMap with name 'my-config' in namespace 'default'
2024-05-17 16:29:30.332  INFO 65063 --- [127.0.0.1:52534] okhttp3.mockwebserver.MockWebServer      : MockWebServer[40009] received request: GET /api/v1/namespaces/default/configmaps/my-config HTTP/1.1 and responded: HTTP/1.1 500 Server Error
2024-05-17 16:29:30.374  WARN 65063 --- [           main] s.c.k.f.c.Fabric8ConfigMapPropertySource : Can't read configMap with name: [my-config] in namespace: [default]. Ignoring.

io.fabric8.kubernetes.client.KubernetesClientException: Failure executing: GET at: https://localhost:40009/api/v1/namespaces/default/configmaps/my-config. Message: Internal Server Error.
	at io.fabric8.kubernetes.client.dsl.base.OperationSupport.requestFailure(OperationSupport.java:694)
	at io.fabric8.kubernetes.client.dsl.base.OperationSupport.requestFailure(OperationSupport.java:673)
	at io.fabric8.kubernetes.client.dsl.base.OperationSupport.assertResponseCode(OperationSupport.java:626)
	at io.fabric8.kubernetes.client.dsl.base.OperationSupport.handleResponse(OperationSupport.java:566)
	at io.fabric8.kubernetes.client.dsl.base.OperationSupport.handleResponse(OperationSupport.java:527)
	at io.fabric8.kubernetes.client.dsl.base.OperationSupport.handleGet(OperationSupport.java:494)
	at io.fabric8.kubernetes.client.dsl.base.OperationSupport.handleGet(OperationSupport.java:476)
	at io.fabric8.kubernetes.client.dsl.base.BaseOperation.handleGet(BaseOperation.java:788)
	at io.fabric8.kubernetes.client.dsl.base.BaseOperation.getMandatory(BaseOperation.java:187)
	at io.fabric8.kubernetes.client.dsl.base.BaseOperation.get(BaseOperation.java:154)
	at io.fabric8.kubernetes.client.dsl.base.BaseOperation.get(BaseOperation.java:87)
	at org.springframework.cloud.kubernetes.fabric8.config.Fabric8ConfigUtils.getConfigMapData(Fabric8ConfigUtils.java:118)
	at org.springframework.cloud.kubernetes.fabric8.config.Fabric8ConfigMapPropertySource.getData(Fabric8ConfigMapPropertySource.java:79)
	at org.springframework.cloud.kubernetes.fabric8.config.Fabric8ConfigMapPropertySource.<init>(Fabric8ConfigMapPropertySource.java:70)
	at org.springframework.cloud.kubernetes.fabric8.config.Fabric8ConfigMapPropertySourceLocator.getMapPropertySource(Fabric8ConfigMapPropertySourceLocator.java:74)
	at org.springframework.cloud.kubernetes.commons.config.ConfigMapPropertySourceLocator.getMapPropertySourceForSingleConfigMap(ConfigMapPropertySourceLocator.java:98)
	at org.springframework.cloud.kubernetes.commons.config.ConfigMapPropertySourceLocator.lambda$locate$0(ConfigMapPropertySourceLocator.java:77)
	at java.lang.Iterable.forEach(Iterable.java:75)
	at org.springframework.cloud.kubernetes.commons.config.ConfigMapPropertySourceLocator.locate(ConfigMapPropertySourceLocator.java:77)
	at org.springframework.cloud.kubernetes.fabric8.config.Fabric8ConfigMapPropertySourceLocatorTests.lambda$locateShouldNotThrowExceptionOnFailureWhenFailFastIsDisabled$1(Fabric8ConfigMapPropertySourceLocatorTests.java:77)
	at org.assertj.core.api.ThrowableAssert.catchThrowable(ThrowableAssert.java:63)
	at org.assertj.core.api.NotThrownAssert.isThrownBy(NotThrownAssert.java:43)
	at org.springframework.cloud.kubernetes.fabric8.config.Fabric8ConfigMapPropertySourceLocatorTests.locateShouldNotThrowExceptionOnFailureWhenFailFastIsDisabled(Fabric8ConfigMapPropertySourceLocatorTests.java:77)
	at sun.reflect.NativeMethodAccessorImpl.invoke0(Native Method)
	at sun.reflect.NativeMethodAccessorImpl.invoke(NativeMethodAccessorImpl.java:62)
	at sun.reflect.DelegatingMethodAccessorImpl.invoke(DelegatingMethodAccessorImpl.java:43)
	at java.lang.reflect.Method.invoke(Method.java:498)
	at org.junit.platform.commons.util.ReflectionUtils.invokeMethod(ReflectionUtils.java:725)
	at org.junit.jupiter.engine.execution.MethodInvocation.proceed(MethodInvocation.java:60)
	at org.junit.jupiter.engine.execution.InvocationInterceptorChain$ValidatingInvocation.proceed(InvocationInterceptorChain.java:131)
	at org.junit.jupiter.engine.extension.TimeoutExtension.intercept(TimeoutExtension.java:149)
	at org.junit.jupiter.engine.extension.TimeoutExtension.interceptTestableMethod(TimeoutExtension.java:140)
	at org.junit.jupiter.engine.extension.TimeoutExtension.interceptTestMethod(TimeoutExtension.java:84)
	at org.junit.jupiter.engine.execution.ExecutableInvoker$ReflectiveInterceptorCall.lambda$ofVoidMethod$0(ExecutableInvoker.java:115)
	at org.junit.jupiter.engine.execution.ExecutableInvoker.lambda$invoke$0(ExecutableInvoker.java:105)
	at org.junit.jupiter.engine.execution.InvocationInterceptorChain$InterceptedInvocation.proceed(InvocationInterceptorChain.java:106)
	at org.junit.jupiter.engine.execution.InvocationInterceptorChain.proceed(InvocationInterceptorChain.java:64)
	at org.junit.jupiter.engine.execution.InvocationInterceptorChain.chainAndInvoke(InvocationInterceptorChain.java:45)
	at org.junit.jupiter.engine.execution.InvocationInterceptorChain.invoke(InvocationInterceptorChain.java:37)
	at org.junit.jupiter.engine.execution.ExecutableInvoker.invoke(ExecutableInvoker.java:104)
	at org.junit.jupiter.engine.execution.ExecutableInvoker.invoke(ExecutableInvoker.java:98)
	at org.junit.jupiter.engine.descriptor.TestMethodTestDescriptor.lambda$invokeTestMethod$7(TestMethodTestDescriptor.java:214)
	at org.junit.platform.engine.support.hierarchical.ThrowableCollector.execute(ThrowableCollector.java:73)
	at org.junit.jupiter.engine.descriptor.TestMethodTestDescriptor.invokeTestMethod(TestMethodTestDescriptor.java:210)
	at org.junit.jupiter.engine.descriptor.TestMethodTestDescriptor.execute(TestMethodTestDescriptor.java:135)
	at org.junit.jupiter.engine.descriptor.TestMethodTestDescriptor.execute(TestMethodTestDescriptor.java:66)
	at org.junit.platform.engine.support.hierarchical.NodeTestTask.lambda$executeRecursively$6(NodeTestTask.java:151)
	at org.junit.platform.engine.support.hierarchical.ThrowableCollector.execute(ThrowableCollector.java:73)
	at org.junit.platform.engine.support.hierarchical.NodeTestTask.lambda$executeRecursively$8(NodeTestTask.java:141)
	at org.junit.platform.engine.support.hierarchical.Node.around(Node.java:137)
	at org.junit.platform.engine.support.hierarchical.NodeTestTask.lambda$executeRecursively$9(NodeTestTask.java:139)
	at org.junit.platform.engine.support.hierarchical.ThrowableCollector.execute(ThrowableCollector.java:73)
	at org.junit.platform.engine.support.hierarchical.NodeTestTask.executeRecursively(NodeTestTask.java:138)
	at org.junit.platform.engine.support.hierarchical.NodeTestTask.execute(NodeTestTask.java:95)
	at java.util.ArrayList.forEach(ArrayList.java:1259)
	at org.junit.platform.engine.support.hierarchical.SameThreadHierarchicalTestExecutorService.invokeAll(SameThreadHierarchicalTestExecutorService.java:41)
	at org.junit.platform.engine.support.hierarchical.NodeTestTask.lambda$executeRecursively$6(NodeTestTask.java:155)
	at org.junit.platform.engine.support.hierarchical.ThrowableCollector.execute(ThrowableCollector.java:73)
	at org.junit.platform.engine.support.hierarchical.NodeTestTask.lambda$executeRecursively$8(NodeTestTask.java:141)
	at org.junit.platform.engine.support.hierarchical.Node.around(Node.java:137)
	at org.junit.platform.engine.support.hierarchical.NodeTestTask.lambda$executeRecursively$9(NodeTestTask.java:139)
	at org.junit.platform.engine.support.hierarchical.ThrowableCollector.execute(ThrowableCollector.java:73)
	at org.junit.platform.engine.support.hierarchical.NodeTestTask.executeRecursively(NodeTestTask.java:138)
	at org.junit.platform.engine.support.hierarchical.NodeTestTask.execute(NodeTestTask.java:95)
	at java.util.ArrayList.forEach(ArrayList.java:1259)
	at org.junit.platform.engine.support.hierarchical.SameThreadHierarchicalTestExecutorService.invokeAll(SameThreadHierarchicalTestExecutorService.java:41)
	at org.junit.platform.engine.support.hierarchical.NodeTestTask.lambda$executeRecursively$6(NodeTestTask.java:155)
	at org.junit.platform.engine.support.hierarchical.ThrowableCollector.execute(ThrowableCollector.java:73)
	at org.junit.platform.engine.support.hierarchical.NodeTestTask.lambda$executeRecursively$8(NodeTestTask.java:141)
	at org.junit.platform.engine.support.hierarchical.Node.around(Node.java:137)
	at org.junit.platform.engine.support.hierarchical.NodeTestTask.lambda$executeRecursively$9(NodeTestTask.java:139)
	at org.junit.platform.engine.support.hierarchical.ThrowableCollector.execute(ThrowableCollector.java:73)
	at org.junit.platform.engine.support.hierarchical.NodeTestTask.executeRecursively(NodeTestTask.java:138)
	at org.junit.platform.engine.support.hierarchical.NodeTestTask.execute(NodeTestTask.java:95)
	at org.junit.platform.engine.support.hierarchical.SameThreadHierarchicalTestExecutorService.submit(SameThreadHierarchicalTestExecutorService.java:35)
	at org.junit.platform.engine.support.hierarchical.HierarchicalTestExecutor.execute(HierarchicalTestExecutor.java:57)
	at org.junit.platform.engine.support.hierarchical.HierarchicalTestEngine.execute(HierarchicalTestEngine.java:54)
	at org.junit.platform.launcher.core.DefaultLauncher.execute(DefaultLauncher.java:170)
	at org.junit.platform.launcher.core.DefaultLauncher.execute(DefaultLauncher.java:154)
	at org.junit.platform.launcher.core.DefaultLauncher.execute(DefaultLauncher.java:90)
	at edu.illinois.cs.testrunner.execution.JUnit5TestExecutor.runTestsSeparately(JUnit5TestExecutor.java:40)
	at edu.illinois.cs.testrunner.execution.Executor$.$anonfun$run$1(Executor.scala:33)
	at scala.runtime.java8.JFunction0$mcV$sp.apply(JFunction0$mcV$sp.java:12)
	at scala.util.Try$.apply(Try.scala:209)
	at edu.illinois.cs.testrunner.execution.Executor$.run(Executor.scala:28)
	at edu.illinois.cs.testrunner.execution.Executor$.main(Executor.scala:18)
	at edu.illinois.cs.testrunner.execution.Executor.main(Executor.scala)

2024-05-17 16:29:30.375  INFO 65063 --- [WebServer 40009] okhttp3.mockwebserver.MockWebServer      : MockWebServer[40009] done accepting connections: Socket closed
2024-05-17 16:29:30.398  INFO 65063 --- [WebServer 52343] okhttp3.mockwebserver.MockWebServer      : MockWebServer[52343] starting to accept connections
2024-05-17 16:29:30.405  INFO 65063 --- [WebServer 50913] okhttp3.mockwebserver.MockWebServer      : MockWebServer[50913] starting to accept connections
2024-05-17 16:29:30.407  INFO 65063 --- [           main] .b.t.c.SpringBootTestContextBootstrapper : Neither @ContextConfiguration nor @ContextHierarchy found for test class [org.springframework.cloud.kubernetes.fabric8.config.Fabric8ConfigMapPropertySourceLocatorRetryTests$ConfigRetryEnabled], using SpringBootContextLoader
2024-05-17 16:29:30.408  INFO 65063 --- [           main] o.s.t.c.support.AbstractContextLoader    : Could not detect default resource locations for test class [org.springframework.cloud.kubernetes.fabric8.config.Fabric8ConfigMapPropertySourceLocatorRetryTests$ConfigRetryEnabled]: no resource found for suffixes {-context.xml, Context.groovy}.
2024-05-17 16:29:30.411  INFO 65063 --- [           main] .b.t.c.SpringBootTestContextBootstrapper : Loaded default TestExecutionListener class names from location [META-INF/spring.factories]: [org.springframework.boot.test.mock.mockito.MockitoTestExecutionListener, org.springframework.boot.test.mock.mockito.ResetMocksTestExecutionListener, org.springframework.boot.test.autoconfigure.restdocs.RestDocsTestExecutionListener, org.springframework.boot.test.autoconfigure.web.client.MockRestServiceServerResetTestExecutionListener, org.springframework.boot.test.autoconfigure.web.servlet.MockMvcPrintOnlyOnFailureTestExecutionListener, org.springframework.boot.test.autoconfigure.web.servlet.WebDriverTestExecutionListener, org.springframework.boot.test.autoconfigure.webservices.client.MockWebServiceServerTestExecutionListener, org.springframework.test.context.web.ServletTestExecutionListener, org.springframework.test.context.support.DirtiesContextBeforeModesTestExecutionListener, org.springframework.test.context.event.ApplicationEventsTestExecutionListener, org.springframework.test.context.support.DependencyInjectionTestExecutionListener, org.springframework.test.context.support.DirtiesContextTestExecutionListener, org.springframework.test.context.transaction.TransactionalTestExecutionListener, org.springframework.test.context.jdbc.SqlScriptsTestExecutionListener, org.springframework.test.context.event.EventPublishingTestExecutionListener, org.spockframework.spring.SpringMockTestExecutionListener]
2024-05-17 16:29:30.413  INFO 65063 --- [           main] .b.t.c.SpringBootTestContextBootstrapper : Using TestExecutionListeners: [org.springframework.test.context.web.ServletTestExecutionListener@614da024, org.springframework.test.context.support.DirtiesContextBeforeModesTestExecutionListener@4b76a0f4, org.springframework.test.context.event.ApplicationEventsTestExecutionListener@442612a6, org.springframework.boot.test.mock.mockito.MockitoTestExecutionListener@65314e4, org.springframework.boot.test.autoconfigure.SpringBootDependencyInjectionTestExecutionListener@a93c88a, org.springframework.test.context.support.DirtiesContextTestExecutionListener@741cb82c, org.springframework.test.context.event.EventPublishingTestExecutionListener@db372b, org.springframework.boot.test.mock.mockito.ResetMocksTestExecutionListener@1e31e7e0, org.springframework.boot.test.autoconfigure.restdocs.RestDocsTestExecutionListener@a72bb34, org.springframework.boot.test.autoconfigure.web.client.MockRestServiceServerResetTestExecutionListener@1bbebf8e, org.springframework.boot.test.autoconfigure.web.servlet.MockMvcPrintOnlyOnFailureTestExecutionListener@4285b1bd, org.springframework.boot.test.autoconfigure.web.servlet.WebDriverTestExecutionListener@539a50ea, org.springframework.boot.test.autoconfigure.webservices.client.MockWebServiceServerTestExecutionListener@4caeeab6, org.spockframework.spring.SpringMockTestExecutionListener@22027e62]
2024-05-17 16:29:30.457  WARN 65063 --- [           main] ubernetesProfileEnvironmentPostProcessor : Not running inside kubernetes. Skipping 'kubernetes' profile activation.
2024-05-17 16:29:30.487  INFO 65063 --- [           main] trationDelegate$BeanPostProcessorChecker : Bean 'org.springframework.retry.annotation.RetryConfiguration' of type [org.springframework.retry.annotation.RetryConfiguration] is not eligible for getting processed by all BeanPostProcessors (for example: not eligible for auto-proxying)

  .   ____          _            __ _ _
 /\\ / ___'_ __ _ _(_)_ __  __ _ \ \ \ \
( ( )\___ | '_ | '_| | '_ \/ _` | \ \ \ \
 \\/  ___)| |_)| | | | | || (_| |  ) ) ) )
  '  |____| .__|_| |_|_| |_\__, | / / / /
 =========|_|==============|___/=/_/_/_/
 :: Spring Boot ::                (v2.6.3)

2024-05-17 16:29:30.529  INFO 65063 --- [           main] s.c.k.f.c.Fabric8ConfigMapPropertySource : Loading ConfigMap with name 'application' in namespace 'default'
2024-05-17 16:29:30.627  INFO 65063 --- [127.0.0.1:56956] okhttp3.mockwebserver.MockWebServer      : MockWebServer[52343] received request: GET /api/v1/namespaces/default/configmaps/application HTTP/1.1 and responded: HTTP/1.1 404 Client Error
2024-05-17 16:29:30.630  INFO 65063 --- [           main] o.s.c.k.f.config.Fabric8ConfigUtils      : config-map with name : 'application' not present in namespace : 'default'
2024-05-17 16:29:30.631  INFO 65063 --- [           main] b.c.PropertySourceBootstrapConfiguration : Located property source: [BootstrapPropertySource {name='bootstrapProperties-configmap.application.default'}]
2024-05-17 16:29:30.639  WARN 65063 --- [           main] ubernetesProfileEnvironmentPostProcessor : Not running inside kubernetes. Skipping 'kubernetes' profile activation.
2024-05-17 16:29:30.640  INFO 65063 --- [           main] urceLocatorRetryTests$ConfigRetryEnabled : No active profile set, falling back to default profiles: default
2024-05-17 16:29:30.968  INFO 65063 --- [           main] o.s.cloud.context.scope.GenericScope     : BeanFactory id=94652287-2eb9-367e-b08b-eea09b3b2900
2024-05-17 16:29:31.412  INFO 65063 --- [           main] urceLocatorRetryTests$ConfigRetryEnabled : Started Fabric8ConfigMapPropertySourceLocatorRetryTests.ConfigRetryEnabled in 0.997 seconds (JVM running for 27.373)
2024-05-17 16:29:31.417  INFO 65063 --- [WebServer 57785] okhttp3.mockwebserver.MockWebServer      : MockWebServer[57785] starting to accept connections
2024-05-17 16:29:31.426  INFO 65063 --- [           main] s.c.k.f.c.Fabric8ConfigMapPropertySource : Loading ConfigMap with name 'application' in namespace 'default'
2024-05-17 16:29:31.427  INFO 65063 --- [127.0.0.1:56956] okhttp3.mockwebserver.MockWebServer      : MockWebServer[52343] received request: GET /api/v1/namespaces/default/configmaps/application HTTP/1.1 and responded: HTTP/1.1 500 Server Error
2024-05-17 16:29:32.431  INFO 65063 --- [           main] s.c.k.f.c.Fabric8ConfigMapPropertySource : Loading ConfigMap with name 'application' in namespace 'default'
2024-05-17 16:29:32.434  INFO 65063 --- [127.0.0.1:56956] okhttp3.mockwebserver.MockWebServer      : MockWebServer[52343] received request: GET /api/v1/namespaces/default/configmaps/application HTTP/1.1 and responded: HTTP/1.1 500 Server Error
2024-05-17 16:29:33.537  INFO 65063 --- [           main] s.c.k.f.c.Fabric8ConfigMapPropertySource : Loading ConfigMap with name 'application' in namespace 'default'
2024-05-17 16:29:33.541  INFO 65063 --- [127.0.0.1:56956] okhttp3.mockwebserver.MockWebServer      : MockWebServer[52343] received request: GET /api/v1/namespaces/default/configmaps/application HTTP/1.1 and responded: HTTP/1.1 500 Server Error
2024-05-17 16:29:34.754  INFO 65063 --- [           main] s.c.k.f.c.Fabric8ConfigMapPropertySource : Loading ConfigMap with name 'application' in namespace 'default'
2024-05-17 16:29:34.757  INFO 65063 --- [127.0.0.1:56956] okhttp3.mockwebserver.MockWebServer      : MockWebServer[52343] received request: GET /api/v1/namespaces/default/configmaps/application HTTP/1.1 and responded: HTTP/1.1 200 OK
2024-05-17 16:29:34.767  INFO 65063 --- [WebServer 57785] okhttp3.mockwebserver.MockWebServer      : MockWebServer[57785] done accepting connections: Socket closed
2024-05-17 16:29:34.780  INFO 65063 --- [WebServer 42181] okhttp3.mockwebserver.MockWebServer      : MockWebServer[42181] starting to accept connections
2024-05-17 16:29:34.791  INFO 65063 --- [WebServer 58999] okhttp3.mockwebserver.MockWebServer      : MockWebServer[58999] starting to accept connections
2024-05-17 16:29:34.793  INFO 65063 --- [           main] .b.t.c.SpringBootTestContextBootstrapper : Neither @ContextConfiguration nor @ContextHierarchy found for test class [org.springframework.cloud.kubernetes.fabric8.config.Fabric8ConfigMapPropertySourceLocatorRetryTests$ConfigRetryEnabled], using SpringBootContextLoader
2024-05-17 16:29:34.795  INFO 65063 --- [           main] o.s.t.c.support.AbstractContextLoader    : Could not detect default resource locations for test class [org.springframework.cloud.kubernetes.fabric8.config.Fabric8ConfigMapPropertySourceLocatorRetryTests$ConfigRetryEnabled]: no resource found for suffixes {-context.xml, Context.groovy}.
2024-05-17 16:29:34.803  INFO 65063 --- [           main] .b.t.c.SpringBootTestContextBootstrapper : Loaded default TestExecutionListener class names from location [META-INF/spring.factories]: [org.springframework.boot.test.mock.mockito.MockitoTestExecutionListener, org.springframework.boot.test.mock.mockito.ResetMocksTestExecutionListener, org.springframework.boot.test.autoconfigure.restdocs.RestDocsTestExecutionListener, org.springframework.boot.test.autoconfigure.web.client.MockRestServiceServerResetTestExecutionListener, org.springframework.boot.test.autoconfigure.web.servlet.MockMvcPrintOnlyOnFailureTestExecutionListener, org.springframework.boot.test.autoconfigure.web.servlet.WebDriverTestExecutionListener, org.springframework.boot.test.autoconfigure.webservices.client.MockWebServiceServerTestExecutionListener, org.springframework.test.context.web.ServletTestExecutionListener, org.springframework.test.context.support.DirtiesContextBeforeModesTestExecutionListener, org.springframework.test.context.event.ApplicationEventsTestExecutionListener, org.springframework.test.context.support.DependencyInjectionTestExecutionListener, org.springframework.test.context.support.DirtiesContextTestExecutionListener, org.springframework.test.context.transaction.TransactionalTestExecutionListener, org.springframework.test.context.jdbc.SqlScriptsTestExecutionListener, org.springframework.test.context.event.EventPublishingTestExecutionListener, org.spockframework.spring.SpringMockTestExecutionListener]
2024-05-17 16:29:34.807  INFO 65063 --- [           main] .b.t.c.SpringBootTestContextBootstrapper : Using TestExecutionListeners: [org.springframework.test.context.web.ServletTestExecutionListener@45e97963, org.springframework.test.context.support.DirtiesContextBeforeModesTestExecutionListener@768dcd21, org.springframework.test.context.event.ApplicationEventsTestExecutionListener@1be598c, org.springframework.boot.test.mock.mockito.MockitoTestExecutionListener@1582dfec, org.springframework.boot.test.autoconfigure.SpringBootDependencyInjectionTestExecutionListener@1bae8e5e, org.springframework.test.context.support.DirtiesContextTestExecutionListener@352bccf, org.springframework.test.context.event.EventPublishingTestExecutionListener@70d3e710, org.springframework.boot.test.mock.mockito.ResetMocksTestExecutionListener@732d2b59, org.springframework.boot.test.autoconfigure.restdocs.RestDocsTestExecutionListener@1c1e971c, org.springframework.boot.test.autoconfigure.web.client.MockRestServiceServerResetTestExecutionListener@abce494, org.springframework.boot.test.autoconfigure.web.servlet.MockMvcPrintOnlyOnFailureTestExecutionListener@65b869b4, org.springframework.boot.test.autoconfigure.web.servlet.WebDriverTestExecutionListener@7f55e1b9, org.springframework.boot.test.autoconfigure.webservices.client.MockWebServiceServerTestExecutionListener@171b3f38, org.spockframework.spring.SpringMockTestExecutionListener@7a6ef10b]
2024-05-17 16:29:34.812  INFO 65063 --- [WebServer 49125] okhttp3.mockwebserver.MockWebServer      : MockWebServer[49125] starting to accept connections
2024-05-17 16:29:34.814  INFO 65063 --- [           main] s.c.k.f.c.Fabric8ConfigMapPropertySource : Loading ConfigMap with name 'application' in namespace 'default'
2024-05-17 16:29:34.815  INFO 65063 --- [127.0.0.1:56956] okhttp3.mockwebserver.MockWebServer      : MockWebServer[52343] received request: GET /api/v1/namespaces/default/configmaps/application HTTP/1.1 and responded: HTTP/1.1 404 Client Error
2024-05-17 16:29:34.816  INFO 65063 --- [           main] o.s.c.k.f.config.Fabric8ConfigUtils      : config-map with name : 'application' not present in namespace : 'default'
2024-05-17 16:29:34.819  INFO 65063 --- [WebServer 49125] okhttp3.mockwebserver.MockWebServer      : MockWebServer[49125] done accepting connections: Socket closed
java.lang.AssertionError: 
Expecting code to raise a throwable.
	at org.springframework.cloud.kubernetes.fabric8.config.Fabric8ConfigMapPropertySourceLocatorRetryTests$ConfigRetryEnabled.locateShouldRetryAndFail(Fabric8ConfigMapPropertySourceLocatorRetryTests.java:127)
	at sun.reflect.NativeMethodAccessorImpl.invoke0(Native Method)
	at sun.reflect.NativeMethodAccessorImpl.invoke(NativeMethodAccessorImpl.java:62)
	at sun.reflect.DelegatingMethodAccessorImpl.invoke(DelegatingMethodAccessorImpl.java:43)
	at java.lang.reflect.Method.invoke(Method.java:498)
	at org.junit.platform.commons.util.ReflectionUtils.invokeMethod(ReflectionUtils.java:725)
	at org.junit.jupiter.engine.execution.MethodInvocation.proceed(MethodInvocation.java:60)
	at org.junit.jupiter.engine.execution.InvocationInterceptorChain$ValidatingInvocation.proceed(InvocationInterceptorChain.java:131)
	at org.junit.jupiter.engine.extension.TimeoutExtension.intercept(TimeoutExtension.java:149)
	at org.junit.jupiter.engine.extension.TimeoutExtension.interceptTestableMethod(TimeoutExtension.java:140)
	at org.junit.jupiter.engine.extension.TimeoutExtension.interceptTestMethod(TimeoutExtension.java:84)
	at org.junit.jupiter.engine.execution.ExecutableInvoker$ReflectiveInterceptorCall.lambda$ofVoidMethod$0(ExecutableInvoker.java:115)
	at org.junit.jupiter.engine.execution.ExecutableInvoker.lambda$invoke$0(ExecutableInvoker.java:105)
	at org.junit.jupiter.engine.execution.InvocationInterceptorChain$InterceptedInvocation.proceed(InvocationInterceptorChain.java:106)
	at org.junit.jupiter.engine.execution.InvocationInterceptorChain.proceed(InvocationInterceptorChain.java:64)
	at org.junit.jupiter.engine.execution.InvocationInterceptorChain.chainAndInvoke(InvocationInterceptorChain.java:45)
	at org.junit.jupiter.engine.execution.InvocationInterceptorChain.invoke(InvocationInterceptorChain.java:37)
	at org.junit.jupiter.engine.execution.ExecutableInvoker.invoke(ExecutableInvoker.java:104)
	at org.junit.jupiter.engine.execution.ExecutableInvoker.invoke(ExecutableInvoker.java:98)
	at org.junit.jupiter.engine.descriptor.TestMethodTestDescriptor.lambda$invokeTestMethod$7(TestMethodTestDescriptor.java:214)
	at org.junit.platform.engine.support.hierarchical.ThrowableCollector.execute(ThrowableCollector.java:73)
	at org.junit.jupiter.engine.descriptor.TestMethodTestDescriptor.invokeTestMethod(TestMethodTestDescriptor.java:210)
	at org.junit.jupiter.engine.descriptor.TestMethodTestDescriptor.execute(TestMethodTestDescriptor.java:135)
	at org.junit.jupiter.engine.descriptor.TestMethodTestDescriptor.execute(TestMethodTestDescriptor.java:66)
	at org.junit.platform.engine.support.hierarchical.NodeTestTask.lambda$executeRecursively$6(NodeTestTask.java:151)
	at org.junit.platform.engine.support.hierarchical.ThrowableCollector.execute(ThrowableCollector.java:73)
	at org.junit.platform.engine.support.hierarchical.NodeTestTask.lambda$executeRecursively$8(NodeTestTask.java:141)
	at org.junit.platform.engine.support.hierarchical.Node.around(Node.java:137)
	at org.junit.platform.engine.support.hierarchical.NodeTestTask.lambda$executeRecursively$9(NodeTestTask.java:139)
	at org.junit.platform.engine.support.hierarchical.ThrowableCollector.execute(ThrowableCollector.java:73)
	at org.junit.platform.engine.support.hierarchical.NodeTestTask.executeRecursively(NodeTestTask.java:138)
	at org.junit.platform.engine.support.hierarchical.NodeTestTask.execute(NodeTestTask.java:95)
	at java.util.ArrayList.forEach(ArrayList.java:1259)
	at org.junit.platform.engine.support.hierarchical.SameThreadHierarchicalTestExecutorService.invokeAll(SameThreadHierarchicalTestExecutorService.java:41)
	at org.junit.platform.engine.support.hierarchical.NodeTestTask.lambda$executeRecursively$6(NodeTestTask.java:155)
	at org.junit.platform.engine.support.hierarchical.ThrowableCollector.execute(ThrowableCollector.java:73)
	at org.junit.platform.engine.support.hierarchical.NodeTestTask.lambda$executeRecursively$8(NodeTestTask.java:141)
	at org.junit.platform.engine.support.hierarchical.Node.around(Node.java:137)
	at org.junit.platform.engine.support.hierarchical.NodeTestTask.lambda$executeRecursively$9(NodeTestTask.java:139)
	at org.junit.platform.engine.support.hierarchical.ThrowableCollector.execute(ThrowableCollector.java:73)
	at org.junit.platform.engine.support.hierarchical.NodeTestTask.executeRecursively(NodeTestTask.java:138)
	at org.junit.platform.engine.support.hierarchical.NodeTestTask.execute(NodeTestTask.java:95)
	at java.util.ArrayList.forEach(ArrayList.java:1259)
	at org.junit.platform.engine.support.hierarchical.SameThreadHierarchicalTestExecutorService.invokeAll(SameThreadHierarchicalTestExecutorService.java:41)
	at org.junit.platform.engine.support.hierarchical.NodeTestTask.lambda$executeRecursively$6(NodeTestTask.java:155)
	at org.junit.platform.engine.support.hierarchical.ThrowableCollector.execute(ThrowableCollector.java:73)
	at org.junit.platform.engine.support.hierarchical.NodeTestTask.lambda$executeRecursively$8(NodeTestTask.java:141)
	at org.junit.platform.engine.support.hierarchical.Node.around(Node.java:137)
	at org.junit.platform.engine.support.hierarchical.NodeTestTask.lambda$executeRecursively$9(NodeTestTask.java:139)
	at org.junit.platform.engine.support.hierarchical.ThrowableCollector.execute(ThrowableCollector.java:73)
	at org.junit.platform.engine.support.hierarchical.NodeTestTask.executeRecursively(NodeTestTask.java:138)
	at org.junit.platform.engine.support.hierarchical.NodeTestTask.execute(NodeTestTask.java:95)
	at java.util.ArrayList.forEach(ArrayList.java:1259)
	at org.junit.platform.engine.support.hierarchical.SameThreadHierarchicalTestExecutorService.invokeAll(SameThreadHierarchicalTestExecutorService.java:41)
	at org.junit.platform.engine.support.hierarchical.NodeTestTask.lambda$executeRecursively$6(NodeTestTask.java:155)
	at org.junit.platform.engine.support.hierarchical.ThrowableCollector.execute(ThrowableCollector.java:73)
	at org.junit.platform.engine.support.hierarchical.NodeTestTask.lambda$executeRecursively$8(NodeTestTask.java:141)
	at org.junit.platform.engine.support.hierarchical.Node.around(Node.java:137)
	at org.junit.platform.engine.support.hierarchical.NodeTestTask.lambda$executeRecursively$9(NodeTestTask.java:139)
	at org.junit.platform.engine.support.hierarchical.ThrowableCollector.execute(ThrowableCollector.java:73)
	at org.junit.platform.engine.support.hierarchical.NodeTestTask.executeRecursively(NodeTestTask.java:138)
	at org.junit.platform.engine.support.hierarchical.NodeTestTask.execute(NodeTestTask.java:95)
	at org.junit.platform.engine.support.hierarchical.SameThreadHierarchicalTestExecutorService.submit(SameThreadHierarchicalTestExecutorService.java:35)
	at org.junit.platform.engine.support.hierarchical.HierarchicalTestExecutor.execute(HierarchicalTestExecutor.java:57)
	at org.junit.platform.engine.support.hierarchical.HierarchicalTestEngine.execute(HierarchicalTestEngine.java:54)
	at org.junit.platform.launcher.core.DefaultLauncher.execute(DefaultLauncher.java:170)
	at org.junit.platform.launcher.core.DefaultLauncher.execute(DefaultLauncher.java:154)
	at org.junit.platform.launcher.core.DefaultLauncher.execute(DefaultLauncher.java:90)
	at edu.illinois.cs.testrunner.execution.JUnit5TestExecutor.runTestsSeparately(JUnit5TestExecutor.java:40)
	at edu.illinois.cs.testrunner.execution.Executor$.$anonfun$run$1(Executor.scala:33)
	at scala.runtime.java8.JFunction0$mcV$sp.apply(JFunction0$mcV$sp.java:12)
	at scala.util.Try$.apply(Try.scala:209)
	at edu.illinois.cs.testrunner.execution.Executor$.run(Executor.scala:28)
	at edu.illinois.cs.testrunner.execution.Executor$.main(Executor.scala:18)
	at edu.illinois.cs.testrunner.execution.Executor.main(Executor.scala)
2024-05-17 16:29:34.823  INFO 65063 --- [WebServer 43195] okhttp3.mockwebserver.MockWebServer      : MockWebServer[43195] starting to accept connections
2024-05-17 16:29:34.826  INFO 65063 --- [WebServer 38509] okhttp3.mockwebserver.MockWebServer      : MockWebServer[38509] starting to accept connections
2024-05-17 16:29:34.827  INFO 65063 --- [           main] .b.t.c.SpringBootTestContextBootstrapper : Neither @ContextConfiguration nor @ContextHierarchy found for test class [org.springframework.cloud.kubernetes.fabric8.config.Fabric8ConfigMapPropertySourceLocatorRetryTests$ConfigRetryEnabled], using SpringBootContextLoader
2024-05-17 16:29:34.827  INFO 65063 --- [           main] o.s.t.c.support.AbstractContextLoader    : Could not detect default resource locations for test class [org.springframework.cloud.kubernetes.fabric8.config.Fabric8ConfigMapPropertySourceLocatorRetryTests$ConfigRetryEnabled]: no resource found for suffixes {-context.xml, Context.groovy}.
2024-05-17 16:29:34.828  INFO 65063 --- [           main] .b.t.c.SpringBootTestContextBootstrapper : Loaded default TestExecutionListener class names from location [META-INF/spring.factories]: [org.springframework.boot.test.mock.mockito.MockitoTestExecutionListener, org.springframework.boot.test.mock.mockito.ResetMocksTestExecutionListener, org.springframework.boot.test.autoconfigure.restdocs.RestDocsTestExecutionListener, org.springframework.boot.test.autoconfigure.web.client.MockRestServiceServerResetTestExecutionListener, org.springframework.boot.test.autoconfigure.web.servlet.MockMvcPrintOnlyOnFailureTestExecutionListener, org.springframework.boot.test.autoconfigure.web.servlet.WebDriverTestExecutionListener, org.springframework.boot.test.autoconfigure.webservices.client.MockWebServiceServerTestExecutionListener, org.springframework.test.context.web.ServletTestExecutionListener, org.springframework.test.context.support.DirtiesContextBeforeModesTestExecutionListener, org.springframework.test.context.event.ApplicationEventsTestExecutionListener, org.springframework.test.context.support.DependencyInjectionTestExecutionListener, org.springframework.test.context.support.DirtiesContextTestExecutionListener, org.springframework.test.context.transaction.TransactionalTestExecutionListener, org.springframework.test.context.jdbc.SqlScriptsTestExecutionListener, org.springframework.test.context.event.EventPublishingTestExecutionListener, org.spockframework.spring.SpringMockTestExecutionListener]
2024-05-17 16:29:34.830  INFO 65063 --- [           main] .b.t.c.SpringBootTestContextBootstrapper : Using TestExecutionListeners: [org.springframework.test.context.web.ServletTestExecutionListener@510ee215, org.springframework.test.context.support.DirtiesContextBeforeModesTestExecutionListener@474c8d42, org.springframework.test.context.event.ApplicationEventsTestExecutionListener@7fc2e0b7, org.springframework.boot.test.mock.mockito.MockitoTestExecutionListener@23327c53, org.springframework.boot.test.autoconfigure.SpringBootDependencyInjectionTestExecutionListener@58a2c6a, org.springframework.test.context.support.DirtiesContextTestExecutionListener@260f8704, org.springframework.test.context.event.EventPublishingTestExecutionListener@4ea01c2a, org.springframework.boot.test.mock.mockito.ResetMocksTestExecutionListener@7ec02149, org.springframework.boot.test.autoconfigure.restdocs.RestDocsTestExecutionListener@2afdab87, org.springframework.boot.test.autoconfigure.web.client.MockRestServiceServerResetTestExecutionListener@70903e7b, org.springframework.boot.test.autoconfigure.web.servlet.MockMvcPrintOnlyOnFailureTestExecutionListener@3e9f3d0f, org.springframework.boot.test.autoconfigure.web.servlet.WebDriverTestExecutionListener@41aa99fc, org.springframework.boot.test.autoconfigure.webservices.client.MockWebServiceServerTestExecutionListener@6ccb3dd, org.spockframework.spring.SpringMockTestExecutionListener@775e3699]
2024-05-17 16:29:34.833  INFO 65063 --- [WebServer 48337] okhttp3.mockwebserver.MockWebServer      : MockWebServer[48337] starting to accept connections
2024-05-17 16:29:34.836  INFO 65063 --- [           main] s.c.k.f.c.Fabric8ConfigMapPropertySource : Loading ConfigMap with name 'application' in namespace 'default'
2024-05-17 16:29:34.837  INFO 65063 --- [127.0.0.1:56956] okhttp3.mockwebserver.MockWebServer      : MockWebServer[52343] received request: GET /api/v1/namespaces/default/configmaps/application HTTP/1.1 and responded: HTTP/1.1 404 Client Error
2024-05-17 16:29:34.837  INFO 65063 --- [           main] o.s.c.k.f.config.Fabric8ConfigUtils      : config-map with name : 'application' not present in namespace : 'default'
2024-05-17 16:29:34.841  INFO 65063 --- [WebServer 48337] okhttp3.mockwebserver.MockWebServer      : MockWebServer[48337] done accepting connections: Socket closed
org.opentest4j.AssertionFailedError: 
expected: "theValue"
 but was: null
	at sun.reflect.NativeConstructorAccessorImpl.newInstance0(Native Method)
	at sun.reflect.NativeConstructorAccessorImpl.newInstance(NativeConstructorAccessorImpl.java:62)
	at sun.reflect.DelegatingConstructorAccessorImpl.newInstance(DelegatingConstructorAccessorImpl.java:45)
	at org.springframework.cloud.kubernetes.fabric8.config.Fabric8ConfigMapPropertySourceLocatorRetryTests$ConfigRetryEnabled.locateShouldNotRetryWhenThereIsNoFailure(Fabric8ConfigMapPropertySourceLocatorRetryTests.java:96)
	at sun.reflect.NativeMethodAccessorImpl.invoke0(Native Method)
	at sun.reflect.NativeMethodAccessorImpl.invoke(NativeMethodAccessorImpl.java:62)
	at sun.reflect.DelegatingMethodAccessorImpl.invoke(DelegatingMethodAccessorImpl.java:43)
	at java.lang.reflect.Method.invoke(Method.java:498)
	at org.junit.platform.commons.util.ReflectionUtils.invokeMethod(ReflectionUtils.java:725)
	at org.junit.jupiter.engine.execution.MethodInvocation.proceed(MethodInvocation.java:60)
	at org.junit.jupiter.engine.execution.InvocationInterceptorChain$ValidatingInvocation.proceed(InvocationInterceptorChain.java:131)
	at org.junit.jupiter.engine.extension.TimeoutExtension.intercept(TimeoutExtension.java:149)
	at org.junit.jupiter.engine.extension.TimeoutExtension.interceptTestableMethod(TimeoutExtension.java:140)
	at org.junit.jupiter.engine.extension.TimeoutExtension.interceptTestMethod(TimeoutExtension.java:84)
	at org.junit.jupiter.engine.execution.ExecutableInvoker$ReflectiveInterceptorCall.lambda$ofVoidMethod$0(ExecutableInvoker.java:115)
	at org.junit.jupiter.engine.execution.ExecutableInvoker.lambda$invoke$0(ExecutableInvoker.java:105)
	at org.junit.jupiter.engine.execution.InvocationInterceptorChain$InterceptedInvocation.proceed(InvocationInterceptorChain.java:106)
	at org.junit.jupiter.engine.execution.InvocationInterceptorChain.proceed(InvocationInterceptorChain.java:64)
	at org.junit.jupiter.engine.execution.InvocationInterceptorChain.chainAndInvoke(InvocationInterceptorChain.java:45)
	at org.junit.jupiter.engine.execution.InvocationInterceptorChain.invoke(InvocationInterceptorChain.java:37)
	at org.junit.jupiter.engine.execution.ExecutableInvoker.invoke(ExecutableInvoker.java:104)
	at org.junit.jupiter.engine.execution.ExecutableInvoker.invoke(ExecutableInvoker.java:98)
	at org.junit.jupiter.engine.descriptor.TestMethodTestDescriptor.lambda$invokeTestMethod$7(TestMethodTestDescriptor.java:214)
	at org.junit.platform.engine.support.hierarchical.ThrowableCollector.execute(ThrowableCollector.java:73)
	at org.junit.jupiter.engine.descriptor.TestMethodTestDescriptor.invokeTestMethod(TestMethodTestDescriptor.java:210)
	at org.junit.jupiter.engine.descriptor.TestMethodTestDescriptor.execute(TestMethodTestDescriptor.java:135)
	at org.junit.jupiter.engine.descriptor.TestMethodTestDescriptor.execute(TestMethodTestDescriptor.java:66)
	at org.junit.platform.engine.support.hierarchical.NodeTestTask.lambda$executeRecursively$6(NodeTestTask.java:151)
	at org.junit.platform.engine.support.hierarchical.ThrowableCollector.execute(ThrowableCollector.java:73)
	at org.junit.platform.engine.support.hierarchical.NodeTestTask.lambda$executeRecursively$8(NodeTestTask.java:141)
	at org.junit.platform.engine.support.hierarchical.Node.around(Node.java:137)
	at org.junit.platform.engine.support.hierarchical.NodeTestTask.lambda$executeRecursively$9(NodeTestTask.java:139)
	at org.junit.platform.engine.support.hierarchical.ThrowableCollector.execute(ThrowableCollector.java:73)
	at org.junit.platform.engine.support.hierarchical.NodeTestTask.executeRecursively(NodeTestTask.java:138)
	at org.junit.platform.engine.support.hierarchical.NodeTestTask.execute(NodeTestTask.java:95)
	at java.util.ArrayList.forEach(ArrayList.java:1259)
	at org.junit.platform.engine.support.hierarchical.SameThreadHierarchicalTestExecutorService.invokeAll(SameThreadHierarchicalTestExecutorService.java:41)
	at org.junit.platform.engine.support.hierarchical.NodeTestTask.lambda$executeRecursively$6(NodeTestTask.java:155)
	at org.junit.platform.engine.support.hierarchical.ThrowableCollector.execute(ThrowableCollector.java:73)
	at org.junit.platform.engine.support.hierarchical.NodeTestTask.lambda$executeRecursively$8(NodeTestTask.java:141)
	at org.junit.platform.engine.support.hierarchical.Node.around(Node.java:137)
	at org.junit.platform.engine.support.hierarchical.NodeTestTask.lambda$executeRecursively$9(NodeTestTask.java:139)
	at org.junit.platform.engine.support.hierarchical.ThrowableCollector.execute(ThrowableCollector.java:73)
	at org.junit.platform.engine.support.hierarchical.NodeTestTask.executeRecursively(NodeTestTask.java:138)
	at org.junit.platform.engine.support.hierarchical.NodeTestTask.execute(NodeTestTask.java:95)
	at java.util.ArrayList.forEach(ArrayList.java:1259)
	at org.junit.platform.engine.support.hierarchical.SameThreadHierarchicalTestExecutorService.invokeAll(SameThreadHierarchicalTestExecutorService.java:41)
	at org.junit.platform.engine.support.hierarchical.NodeTestTask.lambda$executeRecursively$6(NodeTestTask.java:155)
	at org.junit.platform.engine.support.hierarchical.ThrowableCollector.execute(ThrowableCollector.java:73)
	at org.junit.platform.engine.support.hierarchical.NodeTestTask.lambda$executeRecursively$8(NodeTestTask.java:141)
	at org.junit.platform.engine.support.hierarchical.Node.around(Node.java:137)
	at org.junit.platform.engine.support.hierarchical.NodeTestTask.lambda$executeRecursively$9(NodeTestTask.java:139)
	at org.junit.platform.engine.support.hierarchical.ThrowableCollector.execute(ThrowableCollector.java:73)
	at org.junit.platform.engine.support.hierarchical.NodeTestTask.executeRecursively(NodeTestTask.java:138)
	at org.junit.platform.engine.support.hierarchical.NodeTestTask.execute(NodeTestTask.java:95)
	at java.util.ArrayList.forEach(ArrayList.java:1259)
	at org.junit.platform.engine.support.hierarchical.SameThreadHierarchicalTestExecutorService.invokeAll(SameThreadHierarchicalTestExecutorService.java:41)
	at org.junit.platform.engine.support.hierarchical.NodeTestTask.lambda$executeRecursively$6(NodeTestTask.java:155)
	at org.junit.platform.engine.support.hierarchical.ThrowableCollector.execute(ThrowableCollector.java:73)
	at org.junit.platform.engine.support.hierarchical.NodeTestTask.lambda$executeRecursively$8(NodeTestTask.java:141)
	at org.junit.platform.engine.support.hierarchical.Node.around(Node.java:137)
	at org.junit.platform.engine.support.hierarchical.NodeTestTask.lambda$executeRecursively$9(NodeTestTask.java:139)
	at org.junit.platform.engine.support.hierarchical.ThrowableCollector.execute(ThrowableCollector.java:73)
	at org.junit.platform.engine.support.hierarchical.NodeTestTask.executeRecursively(NodeTestTask.java:138)
	at org.junit.platform.engine.support.hierarchical.NodeTestTask.execute(NodeTestTask.java:95)
	at org.junit.platform.engine.support.hierarchical.SameThreadHierarchicalTestExecutorService.submit(SameThreadHierarchicalTestExecutorService.java:35)
	at org.junit.platform.engine.support.hierarchical.HierarchicalTestExecutor.execute(HierarchicalTestExecutor.java:57)
	at org.junit.platform.engine.support.hierarchical.HierarchicalTestEngine.execute(HierarchicalTestEngine.java:54)
	at org.junit.platform.launcher.core.DefaultLauncher.execute(DefaultLauncher.java:170)
	at org.junit.platform.launcher.core.DefaultLauncher.execute(DefaultLauncher.java:154)
	at org.junit.platform.launcher.core.DefaultLauncher.execute(DefaultLauncher.java:90)
	at edu.illinois.cs.testrunner.execution.JUnit5TestExecutor.runTestsSeparately(JUnit5TestExecutor.java:40)
	at edu.illinois.cs.testrunner.execution.Executor$.$anonfun$run$1(Executor.scala:33)
	at scala.runtime.java8.JFunction0$mcV$sp.apply(JFunction0$mcV$sp.java:12)
	at scala.util.Try$.apply(Try.scala:209)
	at edu.illinois.cs.testrunner.execution.Executor$.run(Executor.scala:28)
	at edu.illinois.cs.testrunner.execution.Executor$.main(Executor.scala:18)
	at edu.illinois.cs.testrunner.execution.Executor.main(Executor.scala)
