May 17, 2024 6:04:27 PM okhttp3.mockwebserver.MockWebServer$3 execute
INFO: MockWebServer[42207] starting to accept connections
May 17, 2024 6:04:27 PM okhttp3.mockwebserver.MockWebServer$3 execute
INFO: MockWebServer[34447] starting to accept connections
2024-05-17 18:04:27.681  WARN 26090 --- [           main] ubernetesProfileEnvironmentPostProcessor : Not running inside kubernetes. Skipping 'kubernetes' profile activation.

  .   ____          _            __ _ _
 /\\ / ___'_ __ _ _(_)_ __  __ _ \ \ \ \
( ( )\___ | '_ | '_| | '_ \/ _` | \ \ \ \
 \\/  ___)| |_)| | | | | || (_| |  ) ) ) )
  '  |____| .__|_| |_|_| |_\__, | / / / /
 =========|_|==============|___/=/_/_/_/
 :: Spring Boot ::                (v2.6.3)

2024-05-17 18:04:28.529  WARN 26090 --- [           main] ubernetesProfileEnvironmentPostProcessor : Not running inside kubernetes. Skipping 'kubernetes' profile activation.
2024-05-17 18:04:28.530  INFO 26090 --- [           main] e.i.cs.testrunner.execution.Executor$    : No active profile set, falling back to default profiles: default
2024-05-17 18:04:28.579  INFO 26090 --- [           main] o.s.cloud.context.scope.GenericScope     : BeanFactory id=5adb76a5-ffff-3c5f-a60f-7f84faf1ce0f
2024-05-17 18:04:28.605  INFO 26090 --- [           main] e.i.cs.testrunner.execution.Executor$    : Started Executor. in 1.351 seconds (JVM running for 3.077)
2024-05-17 18:04:28.672  INFO 26090 --- [WebServer 34447] okhttp3.mockwebserver.MockWebServer      : MockWebServer[34447] done accepting connections: Socket closed
2024-05-17 18:04:28.713  INFO 26090 --- [WebServer 51583] okhttp3.mockwebserver.MockWebServer      : MockWebServer[51583] starting to accept connections
2024-05-17 18:04:28.730  INFO 26090 --- [WebServer 54035] okhttp3.mockwebserver.MockWebServer      : MockWebServer[54035] starting to accept connections
2024-05-17 18:04:28.749  INFO 26090 --- [           main] .b.t.c.SpringBootTestContextBootstrapper : Neither @ContextConfiguration nor @ContextHierarchy found for test class [org.springframework.cloud.kubernetes.fabric8.config.Fabric8SecretsPropertySourceLocatorRetryTests$SecretsFailFastDisabled], using SpringBootContextLoader
2024-05-17 18:04:28.751  INFO 26090 --- [           main] o.s.t.c.support.AbstractContextLoader    : Could not detect default resource locations for test class [org.springframework.cloud.kubernetes.fabric8.config.Fabric8SecretsPropertySourceLocatorRetryTests$SecretsFailFastDisabled]: no resource found for suffixes {-context.xml, Context.groovy}.
2024-05-17 18:04:28.799  INFO 26090 --- [           main] .b.t.c.SpringBootTestContextBootstrapper : Loaded default TestExecutionListener class names from location [META-INF/spring.factories]: [org.springframework.boot.test.mock.mockito.MockitoTestExecutionListener, org.springframework.boot.test.mock.mockito.ResetMocksTestExecutionListener, org.springframework.boot.test.autoconfigure.restdocs.RestDocsTestExecutionListener, org.springframework.boot.test.autoconfigure.web.client.MockRestServiceServerResetTestExecutionListener, org.springframework.boot.test.autoconfigure.web.servlet.MockMvcPrintOnlyOnFailureTestExecutionListener, org.springframework.boot.test.autoconfigure.web.servlet.WebDriverTestExecutionListener, org.springframework.boot.test.autoconfigure.webservices.client.MockWebServiceServerTestExecutionListener, org.springframework.test.context.web.ServletTestExecutionListener, org.springframework.test.context.support.DirtiesContextBeforeModesTestExecutionListener, org.springframework.test.context.event.ApplicationEventsTestExecutionListener, org.springframework.test.context.support.DependencyInjectionTestExecutionListener, org.springframework.test.context.support.DirtiesContextTestExecutionListener, org.springframework.test.context.transaction.TransactionalTestExecutionListener, org.springframework.test.context.jdbc.SqlScriptsTestExecutionListener, org.springframework.test.context.event.EventPublishingTestExecutionListener, org.spockframework.spring.SpringMockTestExecutionListener]
2024-05-17 18:04:28.810  INFO 26090 --- [           main] .b.t.c.SpringBootTestContextBootstrapper : Using TestExecutionListeners: [org.springframework.test.context.web.ServletTestExecutionListener@2aa7399c, org.springframework.test.context.support.DirtiesContextBeforeModesTestExecutionListener@11eed657, org.springframework.test.context.event.ApplicationEventsTestExecutionListener@708f018e, org.springframework.boot.test.mock.mockito.MockitoTestExecutionListener@19a31b9d, org.springframework.boot.test.autoconfigure.SpringBootDependencyInjectionTestExecutionListener@a5bbaec, org.springframework.test.context.support.DirtiesContextTestExecutionListener@6d60899e, org.springframework.test.context.event.EventPublishingTestExecutionListener@65eb76cd, org.springframework.boot.test.mock.mockito.ResetMocksTestExecutionListener@6415f61e, org.springframework.boot.test.autoconfigure.restdocs.RestDocsTestExecutionListener@334ebcaa, org.springframework.boot.test.autoconfigure.web.client.MockRestServiceServerResetTestExecutionListener@5a0bef24, org.springframework.boot.test.autoconfigure.web.servlet.MockMvcPrintOnlyOnFailureTestExecutionListener@6468a7b6, org.springframework.boot.test.autoconfigure.web.servlet.WebDriverTestExecutionListener@2f860823, org.springframework.boot.test.autoconfigure.webservices.client.MockWebServiceServerTestExecutionListener@696b4a95, org.spockframework.spring.SpringMockTestExecutionListener@6c1cfa53]
2024-05-17 18:04:28.895  WARN 26090 --- [           main] ubernetesProfileEnvironmentPostProcessor : Not running inside kubernetes. Skipping 'kubernetes' profile activation.

  .   ____          _            __ _ _
 /\\ / ___'_ __ _ _(_)_ __  __ _ \ \ \ \
( ( )\___ | '_ | '_| | '_ \/ _` | \ \ \ \
 \\/  ___)| |_)| | | | | || (_| |  ) ) ) )
  '  |____| .__|_| |_|_| |_\__, | / / / /
 =========|_|==============|___/=/_/_/_/
 :: Spring Boot ::                (v2.6.3)

2024-05-17 18:04:29.056  INFO 26090 --- [           main] s.c.k.f.c.Fabric8ConfigMapPropertySource : Loading ConfigMap with name 'application' in namespace 'default'
2024-05-17 18:04:29.282  INFO 26090 --- [127.0.0.1:54446] okhttp3.mockwebserver.MockWebServer      : MockWebServer[51583] received request: GET /api/v1/namespaces/default/configmaps/application HTTP/1.1 and responded: HTTP/1.1 404 Client Error
2024-05-17 18:04:29.301  INFO 26090 --- [           main] o.s.c.k.f.config.Fabric8ConfigUtils      : config-map with name : 'application' not present in namespace : 'default'
2024-05-17 18:04:29.305  INFO 26090 --- [           main] b.c.PropertySourceBootstrapConfiguration : Located property source: [BootstrapPropertySource {name='bootstrapProperties-configmap.application.default'}]
2024-05-17 18:04:29.310  INFO 26090 --- [           main] o.s.c.k.f.c.Fabric8SecretsPropertySource : Loading Secret with name 'my-secret' or with labels [{}] in namespace 'default'
2024-05-17 18:04:29.314  INFO 26090 --- [127.0.0.1:54446] okhttp3.mockwebserver.MockWebServer      : MockWebServer[51583] received request: GET /api/v1/namespaces/default/secrets/my-secret HTTP/1.1 and responded: HTTP/1.1 404 Client Error
2024-05-17 18:04:29.314  WARN 26090 --- [           main] o.s.c.k.f.c.Fabric8SecretsPropertySource : secret with name : my-secret in namespace : default not found
2024-05-17 18:04:29.319  INFO 26090 --- [127.0.0.1:54446] okhttp3.mockwebserver.MockWebServer      : MockWebServer[51583] received request: GET /api/v1/namespaces/default/secrets HTTP/1.1 and responded: HTTP/1.1 200 OK
2024-05-17 18:04:29.431  INFO 26090 --- [           main] b.c.PropertySourceBootstrapConfiguration : Located property source: [BootstrapPropertySource {name='bootstrapProperties-secrets.my-secret.default'}]
2024-05-17 18:04:29.451  WARN 26090 --- [           main] ubernetesProfileEnvironmentPostProcessor : Not running inside kubernetes. Skipping 'kubernetes' profile activation.
2024-05-17 18:04:29.453  INFO 26090 --- [           main] ocatorRetryTests$SecretsFailFastDisabled : No active profile set, falling back to default profiles: default
2024-05-17 18:04:30.337  INFO 26090 --- [           main] o.s.cloud.context.scope.GenericScope     : BeanFactory id=94652287-2eb9-367e-b08b-eea09b3b2900
2024-05-17 18:04:32.323  INFO 26090 --- [           main] ocatorRetryTests$SecretsFailFastDisabled : Started Fabric8SecretsPropertySourceLocatorRetryTests.SecretsFailFastDisabled in 3.502 seconds (JVM running for 6.795)
2024-05-17 18:04:32.334  INFO 26090 --- [WebServer 51039] okhttp3.mockwebserver.MockWebServer      : MockWebServer[51039] starting to accept connections
2024-05-17 18:04:32.356  INFO 26090 --- [           main] o.s.c.k.f.c.Fabric8SecretsPropertySource : Loading Secret with name 'my-secret' or with labels [{}] in namespace 'default'
2024-05-17 18:04:32.358  INFO 26090 --- [127.0.0.1:54446] okhttp3.mockwebserver.MockWebServer      : MockWebServer[51583] received request: GET /api/v1/namespaces/default/secrets/my-secret HTTP/1.1 and responded: HTTP/1.1 500 Server Error
2024-05-17 18:04:32.359  WARN 26090 --- [           main] o.s.c.k.f.c.Fabric8SecretsPropertySource : Can't read secret with name: [my-secret] or labels [{}] in namespace: [default] (cause: Failure executing: GET at: https://localhost:51583/api/v1/namespaces/default/secrets/my-secret. Message: Internal Server Error.). Ignoring
2024-05-17 18:04:32.374  INFO 26090 --- [WebServer 51039] okhttp3.mockwebserver.MockWebServer      : MockWebServer[51039] done accepting connections: Socket closed
2024-05-17 18:04:32.382  INFO 26090 --- [           main] .b.t.c.SpringBootTestContextBootstrapper : Neither @ContextConfiguration nor @ContextHierarchy found for test class [org.springframework.cloud.kubernetes.fabric8.config.Fabric8BootstrapConfigurationTests$KubernetesEnabledOnPurpose], using SpringBootContextLoader
2024-05-17 18:04:32.383  INFO 26090 --- [           main] o.s.t.c.support.AbstractContextLoader    : Could not detect default resource locations for test class [org.springframework.cloud.kubernetes.fabric8.config.Fabric8BootstrapConfigurationTests$KubernetesEnabledOnPurpose]: no resource found for suffixes {-context.xml, Context.groovy}.
2024-05-17 18:04:32.386  INFO 26090 --- [           main] .b.t.c.SpringBootTestContextBootstrapper : Loaded default TestExecutionListener class names from location [META-INF/spring.factories]: [org.springframework.boot.test.mock.mockito.MockitoTestExecutionListener, org.springframework.boot.test.mock.mockito.ResetMocksTestExecutionListener, org.springframework.boot.test.autoconfigure.restdocs.RestDocsTestExecutionListener, org.springframework.boot.test.autoconfigure.web.client.MockRestServiceServerResetTestExecutionListener, org.springframework.boot.test.autoconfigure.web.servlet.MockMvcPrintOnlyOnFailureTestExecutionListener, org.springframework.boot.test.autoconfigure.web.servlet.WebDriverTestExecutionListener, org.springframework.boot.test.autoconfigure.webservices.client.MockWebServiceServerTestExecutionListener, org.springframework.test.context.web.ServletTestExecutionListener, org.springframework.test.context.support.DirtiesContextBeforeModesTestExecutionListener, org.springframework.test.context.event.ApplicationEventsTestExecutionListener, org.springframework.test.context.support.DependencyInjectionTestExecutionListener, org.springframework.test.context.support.DirtiesContextTestExecutionListener, org.springframework.test.context.transaction.TransactionalTestExecutionListener, org.springframework.test.context.jdbc.SqlScriptsTestExecutionListener, org.springframework.test.context.event.EventPublishingTestExecutionListener, org.spockframework.spring.SpringMockTestExecutionListener]
2024-05-17 18:04:32.387  INFO 26090 --- [           main] .b.t.c.SpringBootTestContextBootstrapper : Using TestExecutionListeners: [org.springframework.test.context.web.ServletTestExecutionListener@2ec0ca83, org.springframework.test.context.support.DirtiesContextBeforeModesTestExecutionListener@3350ab4, org.springframework.test.context.event.ApplicationEventsTestExecutionListener@7827d7b, org.springframework.boot.test.mock.mockito.MockitoTestExecutionListener@646cb2e, org.springframework.boot.test.autoconfigure.SpringBootDependencyInjectionTestExecutionListener@2e7a9db7, org.springframework.test.context.support.DirtiesContextTestExecutionListener@5315266, org.springframework.test.context.event.EventPublishingTestExecutionListener@11cc9e1e, org.springframework.boot.test.mock.mockito.ResetMocksTestExecutionListener@216328b2, org.springframework.boot.test.autoconfigure.restdocs.RestDocsTestExecutionListener@5b0e9e0c, org.springframework.boot.test.autoconfigure.web.client.MockRestServiceServerResetTestExecutionListener@54234569, org.springframework.boot.test.autoconfigure.web.servlet.MockMvcPrintOnlyOnFailureTestExecutionListener@21ea1d9d, org.springframework.boot.test.autoconfigure.web.servlet.WebDriverTestExecutionListener@19f497aa, org.springframework.boot.test.autoconfigure.webservices.client.MockWebServiceServerTestExecutionListener@36a58466, org.spockframework.spring.SpringMockTestExecutionListener@78e387d6]
2024-05-17 18:04:32.467  WARN 26090 --- [           main] ubernetesProfileEnvironmentPostProcessor : Not running inside kubernetes. Skipping 'kubernetes' profile activation.

  .   ____          _            __ _ _
 /\\ / ___'_ __ _ _(_)_ __  __ _ \ \ \ \
( ( )\___ | '_ | '_| | '_ \/ _` | \ \ \ \
 \\/  ___)| |_)| | | | | || (_| |  ) ) ) )
  '  |____| .__|_| |_|_| |_\__, | / / / /
 =========|_|==============|___/=/_/_/_/
 :: Spring Boot ::                (v2.6.3)

2024-05-17 18:04:32.590  INFO 26090 --- [           main] s.c.k.f.c.Fabric8ConfigMapPropertySource : Loading ConfigMap with name 'application' in namespace 'default'
2024-05-17 18:04:32.698  INFO 26090 --- [127.0.0.1:54460] okhttp3.mockwebserver.MockWebServer      : MockWebServer[51583] received request: GET /api/v1/namespaces/default/configmaps/application HTTP/1.1 and responded: HTTP/1.1 404 Client Error
2024-05-17 18:04:32.699  INFO 26090 --- [           main] o.s.c.k.f.config.Fabric8ConfigUtils      : config-map with name : 'application' not present in namespace : 'default'
2024-05-17 18:04:32.700  INFO 26090 --- [           main] b.c.PropertySourceBootstrapConfiguration : Located property source: [BootstrapPropertySource {name='bootstrapProperties-configmap.application.default'}]
2024-05-17 18:04:32.706  WARN 26090 --- [           main] ubernetesProfileEnvironmentPostProcessor : Not running inside kubernetes. Skipping 'kubernetes' profile activation.
2024-05-17 18:04:32.706  INFO 26090 --- [           main] gurationTests$KubernetesEnabledOnPurpose : No active profile set, falling back to default profiles: default
2024-05-17 18:04:33.327  INFO 26090 --- [           main] o.s.cloud.context.scope.GenericScope     : BeanFactory id=55b4a3e9-9f94-32f4-ad68-c7f5dce8195c
2024-05-17 18:04:33.701  INFO 26090 --- [           main] o.s.b.w.embedded.tomcat.TomcatWebServer  : Tomcat initialized with port(s): 0 (http)
2024-05-17 18:04:33.713  INFO 26090 --- [           main] o.apache.catalina.core.StandardService   : Starting service [Tomcat]
2024-05-17 18:04:33.713  INFO 26090 --- [           main] org.apache.catalina.core.StandardEngine  : Starting Servlet engine: [Apache Tomcat/9.0.56]
2024-05-17 18:04:33.842  INFO 26090 --- [           main] o.a.c.c.C.[Tomcat].[localhost].[/]       : Initializing Spring embedded WebApplicationContext
2024-05-17 18:04:33.842  INFO 26090 --- [           main] w.s.c.ServletWebServerApplicationContext : Root WebApplicationContext: initialization completed in 1133 ms
2024-05-17 18:04:35.160  INFO 26090 --- [           main] o.s.b.a.e.web.EndpointLinksResolver      : Exposing 1 endpoint(s) beneath base path '/actuator'
2024-05-17 18:04:35.331  INFO 26090 --- [           main] o.s.b.w.embedded.tomcat.TomcatWebServer  : Tomcat started on port(s): 40937 (http) with context path ''
2024-05-17 18:04:35.340  INFO 26090 --- [           main] gurationTests$KubernetesEnabledOnPurpose : Started Fabric8BootstrapConfigurationTests.KubernetesEnabledOnPurpose in 2.95 seconds (JVM running for 9.812)
2024-05-17 18:04:35.399  INFO 26090 --- [           main] .b.t.c.SpringBootTestContextBootstrapper : Neither @ContextConfiguration nor @ContextHierarchy found for test class [org.springframework.cloud.kubernetes.fabric8.config.ConfigMapsWithoutProfilesTests], using SpringBootContextLoader
2024-05-17 18:04:35.400  INFO 26090 --- [           main] o.s.t.c.support.AbstractContextLoader    : Could not detect default resource locations for test class [org.springframework.cloud.kubernetes.fabric8.config.ConfigMapsWithoutProfilesTests]: no resource found for suffixes {-context.xml, Context.groovy}.
2024-05-17 18:04:35.408  INFO 26090 --- [           main] .b.t.c.SpringBootTestContextBootstrapper : Loaded default TestExecutionListener class names from location [META-INF/spring.factories]: [org.springframework.boot.test.mock.mockito.MockitoTestExecutionListener, org.springframework.boot.test.mock.mockito.ResetMocksTestExecutionListener, org.springframework.boot.test.autoconfigure.restdocs.RestDocsTestExecutionListener, org.springframework.boot.test.autoconfigure.web.client.MockRestServiceServerResetTestExecutionListener, org.springframework.boot.test.autoconfigure.web.servlet.MockMvcPrintOnlyOnFailureTestExecutionListener, org.springframework.boot.test.autoconfigure.web.servlet.WebDriverTestExecutionListener, org.springframework.boot.test.autoconfigure.webservices.client.MockWebServiceServerTestExecutionListener, org.springframework.test.context.web.ServletTestExecutionListener, org.springframework.test.context.support.DirtiesContextBeforeModesTestExecutionListener, org.springframework.test.context.event.ApplicationEventsTestExecutionListener, org.springframework.test.context.support.DependencyInjectionTestExecutionListener, org.springframework.test.context.support.DirtiesContextTestExecutionListener, org.springframework.test.context.transaction.TransactionalTestExecutionListener, org.springframework.test.context.jdbc.SqlScriptsTestExecutionListener, org.springframework.test.context.event.EventPublishingTestExecutionListener, org.spockframework.spring.SpringMockTestExecutionListener]
2024-05-17 18:04:35.409  INFO 26090 --- [           main] .b.t.c.SpringBootTestContextBootstrapper : Using TestExecutionListeners: [org.springframework.test.context.web.ServletTestExecutionListener@2761156e, org.springframework.test.context.support.DirtiesContextBeforeModesTestExecutionListener@4cf15477, org.springframework.test.context.event.ApplicationEventsTestExecutionListener@7fad28ac, org.springframework.boot.test.mock.mockito.MockitoTestExecutionListener@3450bd13, org.springframework.boot.test.autoconfigure.SpringBootDependencyInjectionTestExecutionListener@1bb51492, org.springframework.test.context.support.DirtiesContextTestExecutionListener@5da1a97f, org.springframework.test.context.event.EventPublishingTestExecutionListener@4b5f022f, org.springframework.boot.test.mock.mockito.ResetMocksTestExecutionListener@7a569672, org.springframework.boot.test.autoconfigure.restdocs.RestDocsTestExecutionListener@49f41c2e, org.springframework.boot.test.autoconfigure.web.client.MockRestServiceServerResetTestExecutionListener@194eae3e, org.springframework.boot.test.autoconfigure.web.servlet.MockMvcPrintOnlyOnFailureTestExecutionListener@2ab39942, org.springframework.boot.test.autoconfigure.web.servlet.WebDriverTestExecutionListener@64186f60, org.springframework.boot.test.autoconfigure.webservices.client.MockWebServiceServerTestExecutionListener@de40aa1, org.spockframework.spring.SpringMockTestExecutionListener@61b76a7d]
2024-05-17 18:04:35.411  INFO 26090 --- [WebServer 38833] okhttp3.mockwebserver.MockWebServer      : MockWebServer[38833] starting to accept connections
2024-05-17 18:04:35.445  INFO 26090 --- [127.0.0.1:48862] okhttp3.mockwebserver.MockWebServer      : MockWebServer[38833] received request: POST /api/v1/namespaces/test/configmaps HTTP/1.1 and responded: HTTP/1.1 200 OK
2024-05-17 18:04:35.494  WARN 26090 --- [           main] ubernetesProfileEnvironmentPostProcessor : Not running inside kubernetes. Skipping 'kubernetes' profile activation.

  .   ____          _            __ _ _
 /\\ / ___'_ __ _ _(_)_ __  __ _ \ \ \ \
( ( )\___ | '_ | '_| | '_ \/ _` | \ \ \ \
 \\/  ___)| |_)| | | | | || (_| |  ) ) ) )
  '  |____| .__|_| |_|_| |_\__, | / / / /
 =========|_|==============|___/=/_/_/_/
 :: Spring Boot ::                (v2.6.3)

2024-05-17 18:04:35.586  INFO 26090 --- [           main] s.c.k.f.c.Fabric8ConfigMapPropertySource : Loading ConfigMap with name 'configmap-without-profile-example' in namespace 'test'
2024-05-17 18:04:35.591  INFO 26090 --- [127.0.0.1:48866] okhttp3.mockwebserver.MockWebServer      : MockWebServer[38833] received request: GET /api/v1/namespaces/test/configmaps/configmap-without-profile-example HTTP/1.1 and responded: HTTP/1.1 200 OK
2024-05-17 18:04:35.600  INFO 26090 --- [127.0.0.1:48866] okhttp3.mockwebserver.MockWebServer      : MockWebServer[38833] received request: GET /api/v1/namespaces/test/configmaps/configmap-without-profile-example-development HTTP/1.1 and responded: HTTP/1.1 404 Client Error
2024-05-17 18:04:35.600  INFO 26090 --- [           main] o.s.c.k.f.config.Fabric8ConfigUtils      : config-map with name : 'configmap-without-profile-example-development' not present in namespace : 'test'
2024-05-17 18:04:35.600  INFO 26090 --- [           main] b.c.PropertySourceBootstrapConfiguration : Located property source: [BootstrapPropertySource {name='bootstrapProperties-configmap.configmap-without-profile-example.test'}]
2024-05-17 18:04:35.606  WARN 26090 --- [           main] ubernetesProfileEnvironmentPostProcessor : Not running inside kubernetes. Skipping 'kubernetes' profile activation.
2024-05-17 18:04:35.607  INFO 26090 --- [           main] s.c.k.f.c.ConfigMapsWithoutProfilesTests : The following profiles are active: development
2024-05-17 18:04:35.939  INFO 26090 --- [           main] o.s.cloud.context.scope.GenericScope     : BeanFactory id=affffd22-e438-321b-a0d0-967c2140a2e8
2024-05-17 18:04:36.065  INFO 26090 --- [           main] o.s.b.w.embedded.tomcat.TomcatWebServer  : Tomcat initialized with port(s): 0 (http)
2024-05-17 18:04:36.066  INFO 26090 --- [           main] o.apache.catalina.core.StandardService   : Starting service [Tomcat]
2024-05-17 18:04:36.066  INFO 26090 --- [           main] org.apache.catalina.core.StandardEngine  : Starting Servlet engine: [Apache Tomcat/9.0.56]
2024-05-17 18:04:36.079  INFO 26090 --- [           main] o.a.c.c.C.[Tomcat-1].[localhost].[/]     : Initializing Spring embedded WebApplicationContext
2024-05-17 18:04:36.079  INFO 26090 --- [           main] w.s.c.ServletWebServerApplicationContext : Root WebApplicationContext: initialization completed in 470 ms
2024-05-17 18:04:36.864  INFO 26090 --- [           main] o.s.b.a.e.web.EndpointLinksResolver      : Exposing 1 endpoint(s) beneath base path '/actuator'
2024-05-17 18:04:36.916  INFO 26090 --- [           main] o.s.b.w.embedded.tomcat.TomcatWebServer  : Tomcat started on port(s): 37053 (http) with context path ''
2024-05-17 18:04:36.923  INFO 26090 --- [           main] s.c.k.f.c.ConfigMapsWithoutProfilesTests : Started ConfigMapsWithoutProfilesTests in 1.476 seconds (JVM running for 11.395)
2024-05-17 18:04:37.081  INFO 26090 --- [WebServer 51827] okhttp3.mockwebserver.MockWebServer      : MockWebServer[51827] starting to accept connections
2024-05-17 18:04:37.536  INFO 26090 --- [o-auto-2-exec-1] o.a.c.c.C.[Tomcat-1].[localhost].[/]     : Initializing Spring DispatcherServlet 'dispatcherServlet'
2024-05-17 18:04:37.537  INFO 26090 --- [o-auto-2-exec-1] o.s.web.servlet.DispatcherServlet        : Initializing Servlet 'dispatcherServlet'
2024-05-17 18:04:37.538  INFO 26090 --- [o-auto-2-exec-1] o.s.web.servlet.DispatcherServlet        : Completed initialization in 1 ms
2024-05-17 18:04:37.689  INFO 26090 --- [WebServer 51827] okhttp3.mockwebserver.MockWebServer      : MockWebServer[51827] done accepting connections: Socket closed
2024-05-17 18:04:37.693  INFO 26090 --- [           main] .b.t.c.SpringBootTestContextBootstrapper : Neither @ContextConfiguration nor @ContextHierarchy found for test class [org.springframework.cloud.kubernetes.fabric8.config.Fabric8BootstrapConfigurationTests$Fabric8BootstrapConfigurationNotInsideK8s], using SpringBootContextLoader
2024-05-17 18:04:37.694  INFO 26090 --- [           main] o.s.t.c.support.AbstractContextLoader    : Could not detect default resource locations for test class [org.springframework.cloud.kubernetes.fabric8.config.Fabric8BootstrapConfigurationTests$Fabric8BootstrapConfigurationNotInsideK8s]: no resource found for suffixes {-context.xml, Context.groovy}.
2024-05-17 18:04:37.696  INFO 26090 --- [           main] .b.t.c.SpringBootTestContextBootstrapper : Loaded default TestExecutionListener class names from location [META-INF/spring.factories]: [org.springframework.boot.test.mock.mockito.MockitoTestExecutionListener, org.springframework.boot.test.mock.mockito.ResetMocksTestExecutionListener, org.springframework.boot.test.autoconfigure.restdocs.RestDocsTestExecutionListener, org.springframework.boot.test.autoconfigure.web.client.MockRestServiceServerResetTestExecutionListener, org.springframework.boot.test.autoconfigure.web.servlet.MockMvcPrintOnlyOnFailureTestExecutionListener, org.springframework.boot.test.autoconfigure.web.servlet.WebDriverTestExecutionListener, org.springframework.boot.test.autoconfigure.webservices.client.MockWebServiceServerTestExecutionListener, org.springframework.test.context.web.ServletTestExecutionListener, org.springframework.test.context.support.DirtiesContextBeforeModesTestExecutionListener, org.springframework.test.context.event.ApplicationEventsTestExecutionListener, org.springframework.test.context.support.DependencyInjectionTestExecutionListener, org.springframework.test.context.support.DirtiesContextTestExecutionListener, org.springframework.test.context.transaction.TransactionalTestExecutionListener, org.springframework.test.context.jdbc.SqlScriptsTestExecutionListener, org.springframework.test.context.event.EventPublishingTestExecutionListener, org.spockframework.spring.SpringMockTestExecutionListener]
2024-05-17 18:04:37.697  INFO 26090 --- [           main] .b.t.c.SpringBootTestContextBootstrapper : Using TestExecutionListeners: [org.springframework.test.context.web.ServletTestExecutionListener@601e7c97, org.springframework.test.context.support.DirtiesContextBeforeModesTestExecutionListener@c8ed958, org.springframework.test.context.event.ApplicationEventsTestExecutionListener@18d09283, org.springframework.boot.test.mock.mockito.MockitoTestExecutionListener@751b901a, org.springframework.boot.test.autoconfigure.SpringBootDependencyInjectionTestExecutionListener@6672b0ea, org.springframework.test.context.support.DirtiesContextTestExecutionListener@1ccce165, org.springframework.test.context.event.EventPublishingTestExecutionListener@943cf5, org.springframework.boot.test.mock.mockito.ResetMocksTestExecutionListener@2926f7bd, org.springframework.boot.test.autoconfigure.restdocs.RestDocsTestExecutionListener@5a20f793, org.springframework.boot.test.autoconfigure.web.client.MockRestServiceServerResetTestExecutionListener@211cf27b, org.springframework.boot.test.autoconfigure.web.servlet.MockMvcPrintOnlyOnFailureTestExecutionListener@4e0139, org.springframework.boot.test.autoconfigure.web.servlet.WebDriverTestExecutionListener@1e4b9592, org.springframework.boot.test.autoconfigure.webservices.client.MockWebServiceServerTestExecutionListener@438a65a7, org.spockframework.spring.SpringMockTestExecutionListener@543c887]
2024-05-17 18:04:37.752  WARN 26090 --- [           main] ubernetesProfileEnvironmentPostProcessor : Not running inside kubernetes. Skipping 'kubernetes' profile activation.

  .   ____          _            __ _ _
 /\\ / ___'_ __ _ _(_)_ __  __ _ \ \ \ \
( ( )\___ | '_ | '_| | '_ \/ _` | \ \ \ \
 \\/  ___)| |_)| | | | | || (_| |  ) ) ) )
  '  |____| .__|_| |_|_| |_\__, | / / / /
 =========|_|==============|___/=/_/_/_/
 :: Spring Boot ::                (v2.6.3)

2024-05-17 18:04:37.834  WARN 26090 --- [           main] ubernetesProfileEnvironmentPostProcessor : Not running inside kubernetes. Skipping 'kubernetes' profile activation.
2024-05-17 18:04:37.835  INFO 26090 --- [           main] abric8BootstrapConfigurationNotInsideK8s : No active profile set, falling back to default profiles: default
2024-05-17 18:04:38.295  INFO 26090 --- [           main] o.s.cloud.context.scope.GenericScope     : BeanFactory id=5afc43ad-a7d0-33b0-b9e5-c05cec1eda7d
2024-05-17 18:04:38.465  INFO 26090 --- [           main] o.s.b.w.embedded.tomcat.TomcatWebServer  : Tomcat initialized with port(s): 0 (http)
2024-05-17 18:04:38.466  INFO 26090 --- [           main] o.apache.catalina.core.StandardService   : Starting service [Tomcat]
2024-05-17 18:04:38.467  INFO 26090 --- [           main] org.apache.catalina.core.StandardEngine  : Starting Servlet engine: [Apache Tomcat/9.0.56]
2024-05-17 18:04:38.483  INFO 26090 --- [           main] o.a.c.c.C.[Tomcat-2].[localhost].[/]     : Initializing Spring embedded WebApplicationContext
2024-05-17 18:04:38.483  INFO 26090 --- [           main] w.s.c.ServletWebServerApplicationContext : Root WebApplicationContext: initialization completed in 647 ms
2024-05-17 18:04:39.313  INFO 26090 --- [           main] o.s.b.a.e.web.EndpointLinksResolver      : Exposing 1 endpoint(s) beneath base path '/actuator'
2024-05-17 18:04:39.357  INFO 26090 --- [           main] o.s.b.w.embedded.tomcat.TomcatWebServer  : Tomcat started on port(s): 37261 (http) with context path ''
2024-05-17 18:04:39.364  INFO 26090 --- [           main] abric8BootstrapConfigurationNotInsideK8s : Started Fabric8BootstrapConfigurationTests.Fabric8BootstrapConfigurationNotInsideK8s in 1.665 seconds (JVM running for 13.836)
2024-05-17 18:04:39.377  INFO 26090 --- [WebServer 59667] okhttp3.mockwebserver.MockWebServer      : MockWebServer[59667] starting to accept connections
2024-05-17 18:04:39.381  INFO 26090 --- [WebServer 33129] okhttp3.mockwebserver.MockWebServer      : MockWebServer[33129] starting to accept connections
2024-05-17 18:04:39.385  INFO 26090 --- [127.0.0.1:56116] okhttp3.mockwebserver.MockWebServer      : MockWebServer[59667] received request: POST /api/v1/namespaces/test/configmaps HTTP/1.1 and responded: HTTP/1.1 200 OK
2024-05-17 18:04:39.385  INFO 26090 --- [           main] s.c.k.f.c.Fabric8ConfigMapPropertySource : Loading ConfigMap with name 'app-properties-test' in namespace 'test'
2024-05-17 18:04:39.386  INFO 26090 --- [127.0.0.1:56116] okhttp3.mockwebserver.MockWebServer      : MockWebServer[59667] received request: GET /api/v1/namespaces/test/configmaps/app-properties-test HTTP/1.1 and responded: HTTP/1.1 200 OK
2024-05-17 18:04:39.428  INFO 26090 --- [WebServer 33129] okhttp3.mockwebserver.MockWebServer      : MockWebServer[33129] done accepting connections: Socket closed
2024-05-17 18:04:39.432  INFO 26090 --- [           main] .b.t.c.SpringBootTestContextBootstrapper : Neither @ContextConfiguration nor @ContextHierarchy found for test class [org.springframework.cloud.kubernetes.fabric8.config.ConfigMapsWithProfileExpressionTests], using SpringBootContextLoader
2024-05-17 18:04:39.433  INFO 26090 --- [           main] o.s.t.c.support.AbstractContextLoader    : Could not detect default resource locations for test class [org.springframework.cloud.kubernetes.fabric8.config.ConfigMapsWithProfileExpressionTests]: no resource found for suffixes {-context.xml, Context.groovy}.
2024-05-17 18:04:39.435  INFO 26090 --- [           main] .b.t.c.SpringBootTestContextBootstrapper : Loaded default TestExecutionListener class names from location [META-INF/spring.factories]: [org.springframework.boot.test.mock.mockito.MockitoTestExecutionListener, org.springframework.boot.test.mock.mockito.ResetMocksTestExecutionListener, org.springframework.boot.test.autoconfigure.restdocs.RestDocsTestExecutionListener, org.springframework.boot.test.autoconfigure.web.client.MockRestServiceServerResetTestExecutionListener, org.springframework.boot.test.autoconfigure.web.servlet.MockMvcPrintOnlyOnFailureTestExecutionListener, org.springframework.boot.test.autoconfigure.web.servlet.WebDriverTestExecutionListener, org.springframework.boot.test.autoconfigure.webservices.client.MockWebServiceServerTestExecutionListener, org.springframework.test.context.web.ServletTestExecutionListener, org.springframework.test.context.support.DirtiesContextBeforeModesTestExecutionListener, org.springframework.test.context.event.ApplicationEventsTestExecutionListener, org.springframework.test.context.support.DependencyInjectionTestExecutionListener, org.springframework.test.context.support.DirtiesContextTestExecutionListener, org.springframework.test.context.transaction.TransactionalTestExecutionListener, org.springframework.test.context.jdbc.SqlScriptsTestExecutionListener, org.springframework.test.context.event.EventPublishingTestExecutionListener, org.spockframework.spring.SpringMockTestExecutionListener]
2024-05-17 18:04:39.436  INFO 26090 --- [           main] .b.t.c.SpringBootTestContextBootstrapper : Using TestExecutionListeners: [org.springframework.test.context.web.ServletTestExecutionListener@5f3fafca, org.springframework.test.context.support.DirtiesContextBeforeModesTestExecutionListener@174aabb2, org.springframework.test.context.event.ApplicationEventsTestExecutionListener@33b4c775, org.springframework.boot.test.mock.mockito.MockitoTestExecutionListener@678b3746, org.springframework.boot.test.autoconfigure.SpringBootDependencyInjectionTestExecutionListener@45689582, org.springframework.test.context.support.DirtiesContextTestExecutionListener@73db1a6, org.springframework.test.context.event.EventPublishingTestExecutionListener@12a7515b, org.springframework.boot.test.mock.mockito.ResetMocksTestExecutionListener@2c28654e, org.springframework.boot.test.autoconfigure.restdocs.RestDocsTestExecutionListener@2ded31cc, org.springframework.boot.test.autoconfigure.web.client.MockRestServiceServerResetTestExecutionListener@47b71556, org.springframework.boot.test.autoconfigure.web.servlet.MockMvcPrintOnlyOnFailureTestExecutionListener@6fb2b972, org.springframework.boot.test.autoconfigure.web.servlet.WebDriverTestExecutionListener@5fa3df, org.springframework.boot.test.autoconfigure.webservices.client.MockWebServiceServerTestExecutionListener@44f88149, org.spockframework.spring.SpringMockTestExecutionListener@3b1a3125]
2024-05-17 18:04:39.438  INFO 26090 --- [WebServer 57897] okhttp3.mockwebserver.MockWebServer      : MockWebServer[57897] starting to accept connections
2024-05-17 18:04:39.442  INFO 26090 --- [127.0.0.1:40682] okhttp3.mockwebserver.MockWebServer      : MockWebServer[57897] received request: POST /api/v1/namespaces/test/configmaps HTTP/1.1 and responded: HTTP/1.1 200 OK
2024-05-17 18:04:39.497  WARN 26090 --- [           main] ubernetesProfileEnvironmentPostProcessor : Not running inside kubernetes. Skipping 'kubernetes' profile activation.

  .   ____          _            __ _ _
 /\\ / ___'_ __ _ _(_)_ __  __ _ \ \ \ \
( ( )\___ | '_ | '_| | '_ \/ _` | \ \ \ \
 \\/  ___)| |_)| | | | | || (_| |  ) ) ) )
  '  |____| .__|_| |_|_| |_\__, | / / / /
 =========|_|==============|___/=/_/_/_/
 :: Spring Boot ::                (v2.6.3)

2024-05-17 18:04:39.594  INFO 26090 --- [           main] s.c.k.f.c.Fabric8ConfigMapPropertySource : Loading ConfigMap with name 'configmap-with-profile-example' in namespace 'test'
2024-05-17 18:04:39.596  INFO 26090 --- [127.0.0.1:40696] okhttp3.mockwebserver.MockWebServer      : MockWebServer[57897] received request: GET /api/v1/namespaces/test/configmaps/configmap-with-profile-example HTTP/1.1 and responded: HTTP/1.1 200 OK
2024-05-17 18:04:39.605  INFO 26090 --- [127.0.0.1:40696] okhttp3.mockwebserver.MockWebServer      : MockWebServer[57897] received request: GET /api/v1/namespaces/test/configmaps/configmap-with-profile-example-production HTTP/1.1 and responded: HTTP/1.1 404 Client Error
2024-05-17 18:04:39.606  INFO 26090 --- [           main] o.s.c.k.f.config.Fabric8ConfigUtils      : config-map with name : 'configmap-with-profile-example-production' not present in namespace : 'test'
2024-05-17 18:04:39.607  INFO 26090 --- [127.0.0.1:40696] okhttp3.mockwebserver.MockWebServer      : MockWebServer[57897] received request: GET /api/v1/namespaces/test/configmaps/configmap-with-profile-example-us-east HTTP/1.1 and responded: HTTP/1.1 404 Client Error
2024-05-17 18:04:39.607  INFO 26090 --- [           main] o.s.c.k.f.config.Fabric8ConfigUtils      : config-map with name : 'configmap-with-profile-example-us-east' not present in namespace : 'test'
2024-05-17 18:04:39.607  INFO 26090 --- [           main] b.c.PropertySourceBootstrapConfiguration : Located property source: [BootstrapPropertySource {name='bootstrapProperties-configmap.configmap-with-profile-example.test'}]
2024-05-17 18:04:39.610  WARN 26090 --- [           main] ubernetesProfileEnvironmentPostProcessor : Not running inside kubernetes. Skipping 'kubernetes' profile activation.
2024-05-17 18:04:39.611  INFO 26090 --- [           main] f.c.ConfigMapsWithProfileExpressionTests : The following profiles are active: production,us-east
2024-05-17 18:04:39.855  INFO 26090 --- [           main] o.s.cloud.context.scope.GenericScope     : BeanFactory id=affffd22-e438-321b-a0d0-967c2140a2e8
2024-05-17 18:04:39.977  INFO 26090 --- [           main] o.s.b.w.embedded.tomcat.TomcatWebServer  : Tomcat initialized with port(s): 0 (http)
2024-05-17 18:04:39.977  INFO 26090 --- [           main] o.apache.catalina.core.StandardService   : Starting service [Tomcat]
2024-05-17 18:04:39.978  INFO 26090 --- [           main] org.apache.catalina.core.StandardEngine  : Starting Servlet engine: [Apache Tomcat/9.0.56]
2024-05-17 18:04:39.989  INFO 26090 --- [           main] o.a.c.c.C.[Tomcat-3].[localhost].[/]     : Initializing Spring embedded WebApplicationContext
2024-05-17 18:04:39.989  INFO 26090 --- [           main] w.s.c.ServletWebServerApplicationContext : Root WebApplicationContext: initialization completed in 377 ms
2024-05-17 18:04:40.744  INFO 26090 --- [           main] o.s.b.a.e.web.EndpointLinksResolver      : Exposing 1 endpoint(s) beneath base path '/actuator'
2024-05-17 18:04:40.795  INFO 26090 --- [           main] o.s.b.w.embedded.tomcat.TomcatWebServer  : Tomcat started on port(s): 42585 (http) with context path ''
2024-05-17 18:04:40.801  INFO 26090 --- [           main] f.c.ConfigMapsWithProfileExpressionTests : Started ConfigMapsWithProfileExpressionTests in 1.357 seconds (JVM running for 15.273)
2024-05-17 18:04:40.813  INFO 26090 --- [WebServer 60167] okhttp3.mockwebserver.MockWebServer      : MockWebServer[60167] starting to accept connections
2024-05-17 18:04:40.820  INFO 26090 --- [o-auto-4-exec-1] o.a.c.c.C.[Tomcat-3].[localhost].[/]     : Initializing Spring DispatcherServlet 'dispatcherServlet'
2024-05-17 18:04:40.821  INFO 26090 --- [o-auto-4-exec-1] o.s.web.servlet.DispatcherServlet        : Initializing Servlet 'dispatcherServlet'
2024-05-17 18:04:40.822  INFO 26090 --- [o-auto-4-exec-1] o.s.web.servlet.DispatcherServlet        : Completed initialization in 1 ms
2024-05-17 18:04:40.830  INFO 26090 --- [WebServer 60167] okhttp3.mockwebserver.MockWebServer      : MockWebServer[60167] done accepting connections: Socket closed
2024-05-17 18:04:40.834  INFO 26090 --- [           main] .b.t.c.SpringBootTestContextBootstrapper : Neither @ContextConfiguration nor @ContextHierarchy found for test class [org.springframework.cloud.kubernetes.fabric8.config.ConfigMapsTests], using SpringBootContextLoader
2024-05-17 18:04:40.835  INFO 26090 --- [           main] o.s.t.c.support.AbstractContextLoader    : Could not detect default resource locations for test class [org.springframework.cloud.kubernetes.fabric8.config.ConfigMapsTests]: no resource found for suffixes {-context.xml, Context.groovy}.
2024-05-17 18:04:40.837  INFO 26090 --- [           main] .b.t.c.SpringBootTestContextBootstrapper : Loaded default TestExecutionListener class names from location [META-INF/spring.factories]: [org.springframework.boot.test.mock.mockito.MockitoTestExecutionListener, org.springframework.boot.test.mock.mockito.ResetMocksTestExecutionListener, org.springframework.boot.test.autoconfigure.restdocs.RestDocsTestExecutionListener, org.springframework.boot.test.autoconfigure.web.client.MockRestServiceServerResetTestExecutionListener, org.springframework.boot.test.autoconfigure.web.servlet.MockMvcPrintOnlyOnFailureTestExecutionListener, org.springframework.boot.test.autoconfigure.web.servlet.WebDriverTestExecutionListener, org.springframework.boot.test.autoconfigure.webservices.client.MockWebServiceServerTestExecutionListener, org.springframework.test.context.web.ServletTestExecutionListener, org.springframework.test.context.support.DirtiesContextBeforeModesTestExecutionListener, org.springframework.test.context.event.ApplicationEventsTestExecutionListener, org.springframework.test.context.support.DependencyInjectionTestExecutionListener, org.springframework.test.context.support.DirtiesContextTestExecutionListener, org.springframework.test.context.transaction.TransactionalTestExecutionListener, org.springframework.test.context.jdbc.SqlScriptsTestExecutionListener, org.springframework.test.context.event.EventPublishingTestExecutionListener, org.spockframework.spring.SpringMockTestExecutionListener]
2024-05-17 18:04:40.838  INFO 26090 --- [           main] .b.t.c.SpringBootTestContextBootstrapper : Using TestExecutionListeners: [org.springframework.test.context.web.ServletTestExecutionListener@72924f19, org.springframework.test.context.support.DirtiesContextBeforeModesTestExecutionListener@46c093b4, org.springframework.test.context.event.ApplicationEventsTestExecutionListener@4ff00844, org.springframework.boot.test.mock.mockito.MockitoTestExecutionListener@20ee660b, org.springframework.boot.test.autoconfigure.SpringBootDependencyInjectionTestExecutionListener@40e41f88, org.springframework.test.context.support.DirtiesContextTestExecutionListener@27b7913, org.springframework.test.context.event.EventPublishingTestExecutionListener@4d86f330, org.springframework.boot.test.mock.mockito.ResetMocksTestExecutionListener@1e8b0ab5, org.springframework.boot.test.autoconfigure.restdocs.RestDocsTestExecutionListener@7ef34eb3, org.springframework.boot.test.autoconfigure.web.client.MockRestServiceServerResetTestExecutionListener@2719139f, org.springframework.boot.test.autoconfigure.web.servlet.MockMvcPrintOnlyOnFailureTestExecutionListener@5dfc7b3f, org.springframework.boot.test.autoconfigure.web.servlet.WebDriverTestExecutionListener@1b641c97, org.springframework.boot.test.autoconfigure.webservices.client.MockWebServiceServerTestExecutionListener@7f065f9e, org.spockframework.spring.SpringMockTestExecutionListener@106c3e0a]
2024-05-17 18:04:40.840  INFO 26090 --- [WebServer 48611] okhttp3.mockwebserver.MockWebServer      : MockWebServer[48611] starting to accept connections
2024-05-17 18:04:40.844  INFO 26090 --- [127.0.0.1:53556] okhttp3.mockwebserver.MockWebServer      : MockWebServer[48611] received request: POST /api/v1/namespaces/test/configmaps HTTP/1.1 and responded: HTTP/1.1 200 OK
2024-05-17 18:04:40.888  WARN 26090 --- [           main] ubernetesProfileEnvironmentPostProcessor : Not running inside kubernetes. Skipping 'kubernetes' profile activation.

  .   ____          _            __ _ _
 /\\ / ___'_ __ _ _(_)_ __  __ _ \ \ \ \
( ( )\___ | '_ | '_| | '_ \/ _` | \ \ \ \
 \\/  ___)| |_)| | | | | || (_| |  ) ) ) )
  '  |____| .__|_| |_|_| |_\__, | / / / /
 =========|_|==============|___/=/_/_/_/
 :: Spring Boot ::                (v2.6.3)

2024-05-17 18:04:40.973  INFO 26090 --- [           main] s.c.k.f.c.Fabric8ConfigMapPropertySource : Loading ConfigMap with name 'configmap-example' in namespace 'test'
2024-05-17 18:04:40.976  INFO 26090 --- [127.0.0.1:53568] okhttp3.mockwebserver.MockWebServer      : MockWebServer[48611] received request: GET /api/v1/namespaces/test/configmaps/configmap-example HTTP/1.1 and responded: HTTP/1.1 200 OK
2024-05-17 18:04:40.980  INFO 26090 --- [           main] b.c.PropertySourceBootstrapConfiguration : Located property source: [BootstrapPropertySource {name='bootstrapProperties-configmap.configmap-example.test'}]
2024-05-17 18:04:40.985  WARN 26090 --- [           main] ubernetesProfileEnvironmentPostProcessor : Not running inside kubernetes. Skipping 'kubernetes' profile activation.
2024-05-17 18:04:40.986  INFO 26090 --- [           main] o.s.c.k.fabric8.config.ConfigMapsTests   : No active profile set, falling back to default profiles: default
2024-05-17 18:04:41.239  INFO 26090 --- [           main] o.s.cloud.context.scope.GenericScope     : BeanFactory id=affffd22-e438-321b-a0d0-967c2140a2e8
2024-05-17 18:04:41.349  INFO 26090 --- [           main] o.s.b.w.embedded.tomcat.TomcatWebServer  : Tomcat initialized with port(s): 0 (http)
2024-05-17 18:04:41.350  INFO 26090 --- [           main] o.apache.catalina.core.StandardService   : Starting service [Tomcat]
2024-05-17 18:04:41.350  INFO 26090 --- [           main] org.apache.catalina.core.StandardEngine  : Starting Servlet engine: [Apache Tomcat/9.0.56]
2024-05-17 18:04:41.360  INFO 26090 --- [           main] o.a.c.c.C.[Tomcat-4].[localhost].[/]     : Initializing Spring embedded WebApplicationContext
2024-05-17 18:04:41.360  INFO 26090 --- [           main] w.s.c.ServletWebServerApplicationContext : Root WebApplicationContext: initialization completed in 372 ms
2024-05-17 18:04:42.093  INFO 26090 --- [           main] o.s.b.a.e.web.EndpointLinksResolver      : Exposing 1 endpoint(s) beneath base path '/actuator'
2024-05-17 18:04:42.142  INFO 26090 --- [           main] o.s.b.w.embedded.tomcat.TomcatWebServer  : Tomcat started on port(s): 38417 (http) with context path ''
2024-05-17 18:04:42.148  INFO 26090 --- [           main] o.s.c.k.fabric8.config.ConfigMapsTests   : Started ConfigMapsTests in 1.302 seconds (JVM running for 16.62)
2024-05-17 18:04:42.161  INFO 26090 --- [WebServer 41541] okhttp3.mockwebserver.MockWebServer      : MockWebServer[41541] starting to accept connections
2024-05-17 18:04:42.163  INFO 26090 --- [127.0.0.1:53556] okhttp3.mockwebserver.MockWebServer      : MockWebServer[48611] received request: GET /api/v1/namespaces/test/configmaps/configmap-example HTTP/1.1 and responded: HTTP/1.1 200 OK
2024-05-17 18:04:42.170  INFO 26090 --- [WebServer 41541] okhttp3.mockwebserver.MockWebServer      : MockWebServer[41541] done accepting connections: Socket closed
2024-05-17 18:04:42.176  INFO 26090 --- [           main] .b.t.c.SpringBootTestContextBootstrapper : Neither @ContextConfiguration nor @ContextHierarchy found for test class [org.springframework.cloud.kubernetes.fabric8.config.ConfigMapsMixedTests], using SpringBootContextLoader
2024-05-17 18:04:42.177  INFO 26090 --- [           main] o.s.t.c.support.AbstractContextLoader    : Could not detect default resource locations for test class [org.springframework.cloud.kubernetes.fabric8.config.ConfigMapsMixedTests]: no resource found for suffixes {-context.xml, Context.groovy}.
2024-05-17 18:04:42.178  INFO 26090 --- [           main] .b.t.c.SpringBootTestContextBootstrapper : Loaded default TestExecutionListener class names from location [META-INF/spring.factories]: [org.springframework.boot.test.mock.mockito.MockitoTestExecutionListener, org.springframework.boot.test.mock.mockito.ResetMocksTestExecutionListener, org.springframework.boot.test.autoconfigure.restdocs.RestDocsTestExecutionListener, org.springframework.boot.test.autoconfigure.web.client.MockRestServiceServerResetTestExecutionListener, org.springframework.boot.test.autoconfigure.web.servlet.MockMvcPrintOnlyOnFailureTestExecutionListener, org.springframework.boot.test.autoconfigure.web.servlet.WebDriverTestExecutionListener, org.springframework.boot.test.autoconfigure.webservices.client.MockWebServiceServerTestExecutionListener, org.springframework.test.context.web.ServletTestExecutionListener, org.springframework.test.context.support.DirtiesContextBeforeModesTestExecutionListener, org.springframework.test.context.event.ApplicationEventsTestExecutionListener, org.springframework.test.context.support.DependencyInjectionTestExecutionListener, org.springframework.test.context.support.DirtiesContextTestExecutionListener, org.springframework.test.context.transaction.TransactionalTestExecutionListener, org.springframework.test.context.jdbc.SqlScriptsTestExecutionListener, org.springframework.test.context.event.EventPublishingTestExecutionListener, org.spockframework.spring.SpringMockTestExecutionListener]
2024-05-17 18:04:42.179  INFO 26090 --- [           main] .b.t.c.SpringBootTestContextBootstrapper : Using TestExecutionListeners: [org.springframework.test.context.web.ServletTestExecutionListener@470fc16c, org.springframework.test.context.support.DirtiesContextBeforeModesTestExecutionListener@6d0cc47d, org.springframework.test.context.event.ApplicationEventsTestExecutionListener@56dae6, org.springframework.boot.test.mock.mockito.MockitoTestExecutionListener@57fe6f2d, org.springframework.boot.test.autoconfigure.SpringBootDependencyInjectionTestExecutionListener@6e43c01f, org.springframework.test.context.support.DirtiesContextTestExecutionListener@6567de86, org.springframework.test.context.event.EventPublishingTestExecutionListener@5350a926, org.springframework.boot.test.mock.mockito.ResetMocksTestExecutionListener@77732366, org.springframework.boot.test.autoconfigure.restdocs.RestDocsTestExecutionListener@7c046af, org.springframework.boot.test.autoconfigure.web.client.MockRestServiceServerResetTestExecutionListener@5c883b3f, org.springframework.boot.test.autoconfigure.web.servlet.MockMvcPrintOnlyOnFailureTestExecutionListener@a47a011, org.springframework.boot.test.autoconfigure.web.servlet.WebDriverTestExecutionListener@6441da2c, org.springframework.boot.test.autoconfigure.webservices.client.MockWebServiceServerTestExecutionListener@61b11d35, org.spockframework.spring.SpringMockTestExecutionListener@7c7d83ff]
2024-05-17 18:04:42.181  INFO 26090 --- [WebServer 36457] okhttp3.mockwebserver.MockWebServer      : MockWebServer[36457] starting to accept connections
2024-05-17 18:04:42.185  INFO 26090 --- [127.0.0.1:35652] okhttp3.mockwebserver.MockWebServer      : MockWebServer[36457] received request: POST /api/v1/namespaces/test/configmaps HTTP/1.1 and responded: HTTP/1.1 200 OK
2024-05-17 18:04:42.242  WARN 26090 --- [           main] ubernetesProfileEnvironmentPostProcessor : Not running inside kubernetes. Skipping 'kubernetes' profile activation.

  .   ____          _            __ _ _
 /\\ / ___'_ __ _ _(_)_ __  __ _ \ \ \ \
( ( )\___ | '_ | '_| | '_ \/ _` | \ \ \ \
 \\/  ___)| |_)| | | | | || (_| |  ) ) ) )
  '  |____| .__|_| |_|_| |_\__, | / / / /
 =========|_|==============|___/=/_/_/_/
 :: Spring Boot ::                (v2.6.3)

2024-05-17 18:04:42.324  INFO 26090 --- [           main] s.c.k.f.c.Fabric8ConfigMapPropertySource : Loading ConfigMap with name 'configmap-mixed-example' in namespace 'test'
2024-05-17 18:04:42.326  INFO 26090 --- [127.0.0.1:35658] okhttp3.mockwebserver.MockWebServer      : MockWebServer[36457] received request: GET /api/v1/namespaces/test/configmaps/configmap-mixed-example HTTP/1.1 and responded: HTTP/1.1 200 OK
2024-05-17 18:04:42.331  INFO 26090 --- [           main] b.c.PropertySourceBootstrapConfiguration : Located property source: [BootstrapPropertySource {name='bootstrapProperties-/tmp/scktests/application-path.yaml'}, BootstrapPropertySource {name='bootstrapProperties-configmap.configmap-mixed-example.test'}]
2024-05-17 18:04:42.335  WARN 26090 --- [           main] ubernetesProfileEnvironmentPostProcessor : Not running inside kubernetes. Skipping 'kubernetes' profile activation.
2024-05-17 18:04:42.335  INFO 26090 --- [           main] o.s.c.k.f.config.ConfigMapsMixedTests    : No active profile set, falling back to default profiles: default
2024-05-17 18:04:42.558  INFO 26090 --- [           main] o.s.cloud.context.scope.GenericScope     : BeanFactory id=e369cf40-d234-36e2-a4dc-38329760186f
2024-05-17 18:04:42.679  INFO 26090 --- [           main] o.s.b.w.embedded.tomcat.TomcatWebServer  : Tomcat initialized with port(s): 0 (http)
2024-05-17 18:04:42.680  INFO 26090 --- [           main] o.apache.catalina.core.StandardService   : Starting service [Tomcat]
2024-05-17 18:04:42.680  INFO 26090 --- [           main] org.apache.catalina.core.StandardEngine  : Starting Servlet engine: [Apache Tomcat/9.0.56]
2024-05-17 18:04:42.690  INFO 26090 --- [           main] o.a.c.c.C.[Tomcat-5].[localhost].[/]     : Initializing Spring embedded WebApplicationContext
2024-05-17 18:04:42.690  INFO 26090 --- [           main] w.s.c.ServletWebServerApplicationContext : Root WebApplicationContext: initialization completed in 353 ms
2024-05-17 18:04:43.352  INFO 26090 --- [           main] o.s.b.a.e.web.EndpointLinksResolver      : Exposing 1 endpoint(s) beneath base path '/actuator'
2024-05-17 18:04:43.396  INFO 26090 --- [           main] o.s.b.w.embedded.tomcat.TomcatWebServer  : Tomcat started on port(s): 34633 (http) with context path ''
2024-05-17 18:04:43.402  INFO 26090 --- [           main] o.s.c.k.f.config.ConfigMapsMixedTests    : Started ConfigMapsMixedTests in 1.214 seconds (JVM running for 17.874)
2024-05-17 18:04:43.412  INFO 26090 --- [WebServer 47349] okhttp3.mockwebserver.MockWebServer      : MockWebServer[47349] starting to accept connections
2024-05-17 18:04:43.419  INFO 26090 --- [o-auto-6-exec-1] o.a.c.c.C.[Tomcat-5].[localhost].[/]     : Initializing Spring DispatcherServlet 'dispatcherServlet'
2024-05-17 18:04:43.419  INFO 26090 --- [o-auto-6-exec-1] o.s.web.servlet.DispatcherServlet        : Initializing Servlet 'dispatcherServlet'
2024-05-17 18:04:43.420  INFO 26090 --- [o-auto-6-exec-1] o.s.web.servlet.DispatcherServlet        : Completed initialization in 1 ms
2024-05-17 18:04:43.431  INFO 26090 --- [WebServer 47349] okhttp3.mockwebserver.MockWebServer      : MockWebServer[47349] done accepting connections: Socket closed
2024-05-17 18:04:43.439  INFO 26090 --- [WebServer 50177] okhttp3.mockwebserver.MockWebServer      : MockWebServer[50177] starting to accept connections
2024-05-17 18:04:43.615  INFO 26090 --- [WebServer 37045] okhttp3.mockwebserver.MockWebServer      : MockWebServer[37045] starting to accept connections
2024-05-17 18:04:43.617  INFO 26090 --- [           main] o.s.c.k.f.c.Fabric8SecretsPropertySource : Loading Secret with name 'my-config' or with labels [{}] in namespace 'default'
2024-05-17 18:04:43.717  INFO 26090 --- [127.0.0.1:47668] okhttp3.mockwebserver.MockWebServer      : MockWebServer[50177] received request: GET /api/v1/namespaces/default/secrets/my-config HTTP/1.1 and responded: HTTP/1.1 500 Server Error
2024-05-17 18:04:43.758  WARN 26090 --- [           main] o.s.c.k.f.c.Fabric8SecretsPropertySource : Can't read secret with name: [my-config] or labels [{}] in namespace: [default] (cause: Failure executing: GET at: https://localhost:50177/api/v1/namespaces/default/secrets/my-config. Message: Internal Server Error.). Ignoring
2024-05-17 18:04:43.761  INFO 26090 --- [WebServer 37045] okhttp3.mockwebserver.MockWebServer      : MockWebServer[37045] done accepting connections: Socket closed
2024-05-17 18:04:43.764  INFO 26090 --- [WebServer 57645] okhttp3.mockwebserver.MockWebServer      : MockWebServer[57645] starting to accept connections
2024-05-17 18:04:43.766  INFO 26090 --- [WebServer 55131] okhttp3.mockwebserver.MockWebServer      : MockWebServer[55131] starting to accept connections
2024-05-17 18:04:43.771  INFO 26090 --- [127.0.0.1:41674] okhttp3.mockwebserver.MockWebServer      : MockWebServer[57645] received request: POST /api/v1/namespaces/test/configmaps HTTP/1.1 and responded: HTTP/1.1 200 OK
2024-05-17 18:04:43.772  INFO 26090 --- [           main] s.c.k.f.c.Fabric8ConfigMapPropertySource : Loading ConfigMap with name 'single-unparseable-properties-test' in namespace 'test'
2024-05-17 18:04:43.773  INFO 26090 --- [127.0.0.1:41674] okhttp3.mockwebserver.MockWebServer      : MockWebServer[57645] received request: GET /api/v1/namespaces/test/configmaps/single-unparseable-properties-test HTTP/1.1 and responded: HTTP/1.1 200 OK
2024-05-17 18:04:43.815  INFO 26090 --- [WebServer 55131] okhttp3.mockwebserver.MockWebServer      : MockWebServer[55131] done accepting connections: Socket closed
2024-05-17 18:04:43.821  INFO 26090 --- [           main] .b.t.c.SpringBootTestContextBootstrapper : Neither @ContextConfiguration nor @ContextHierarchy found for test class [org.springframework.cloud.kubernetes.fabric8.config.ConfigMapsFromFilePathsTests], using SpringBootContextLoader
2024-05-17 18:04:43.823  INFO 26090 --- [           main] o.s.t.c.support.AbstractContextLoader    : Could not detect default resource locations for test class [org.springframework.cloud.kubernetes.fabric8.config.ConfigMapsFromFilePathsTests]: no resource found for suffixes {-context.xml, Context.groovy}.
2024-05-17 18:04:43.824  INFO 26090 --- [           main] .b.t.c.SpringBootTestContextBootstrapper : Loaded default TestExecutionListener class names from location [META-INF/spring.factories]: [org.springframework.boot.test.mock.mockito.MockitoTestExecutionListener, org.springframework.boot.test.mock.mockito.ResetMocksTestExecutionListener, org.springframework.boot.test.autoconfigure.restdocs.RestDocsTestExecutionListener, org.springframework.boot.test.autoconfigure.web.client.MockRestServiceServerResetTestExecutionListener, org.springframework.boot.test.autoconfigure.web.servlet.MockMvcPrintOnlyOnFailureTestExecutionListener, org.springframework.boot.test.autoconfigure.web.servlet.WebDriverTestExecutionListener, org.springframework.boot.test.autoconfigure.webservices.client.MockWebServiceServerTestExecutionListener, org.springframework.test.context.web.ServletTestExecutionListener, org.springframework.test.context.support.DirtiesContextBeforeModesTestExecutionListener, org.springframework.test.context.event.ApplicationEventsTestExecutionListener, org.springframework.test.context.support.DependencyInjectionTestExecutionListener, org.springframework.test.context.support.DirtiesContextTestExecutionListener, org.springframework.test.context.transaction.TransactionalTestExecutionListener, org.springframework.test.context.jdbc.SqlScriptsTestExecutionListener, org.springframework.test.context.event.EventPublishingTestExecutionListener, org.spockframework.spring.SpringMockTestExecutionListener]
2024-05-17 18:04:43.826  INFO 26090 --- [           main] .b.t.c.SpringBootTestContextBootstrapper : Using TestExecutionListeners: [org.springframework.test.context.web.ServletTestExecutionListener@23a0c7f3, org.springframework.test.context.support.DirtiesContextBeforeModesTestExecutionListener@21b96db, org.springframework.test.context.event.ApplicationEventsTestExecutionListener@76a13b12, org.springframework.boot.test.mock.mockito.MockitoTestExecutionListener@7475f57e, org.springframework.boot.test.autoconfigure.SpringBootDependencyInjectionTestExecutionListener@514f2b5c, org.springframework.test.context.support.DirtiesContextTestExecutionListener@f3cc2e0, org.springframework.test.context.event.EventPublishingTestExecutionListener@70ba01be, org.springframework.boot.test.mock.mockito.ResetMocksTestExecutionListener@2b3fd4d2, org.springframework.boot.test.autoconfigure.restdocs.RestDocsTestExecutionListener@3020f22, org.springframework.boot.test.autoconfigure.web.client.MockRestServiceServerResetTestExecutionListener@6a40e660, org.springframework.boot.test.autoconfigure.web.servlet.MockMvcPrintOnlyOnFailureTestExecutionListener@4a57ad67, org.springframework.boot.test.autoconfigure.web.servlet.WebDriverTestExecutionListener@1f1b69bb, org.springframework.boot.test.autoconfigure.webservices.client.MockWebServiceServerTestExecutionListener@c730e65, org.spockframework.spring.SpringMockTestExecutionListener@616d9a6d]
2024-05-17 18:04:43.827  INFO 26090 --- [WebServer 50791] okhttp3.mockwebserver.MockWebServer      : MockWebServer[50791] starting to accept connections
2024-05-17 18:04:43.875  WARN 26090 --- [           main] ubernetesProfileEnvironmentPostProcessor : Not running inside kubernetes. Skipping 'kubernetes' profile activation.

  .   ____          _            __ _ _
 /\\ / ___'_ __ _ _(_)_ __  __ _ \ \ \ \
( ( )\___ | '_ | '_| | '_ \/ _` | \ \ \ \
 \\/  ___)| |_)| | | | | || (_| |  ) ) ) )
  '  |____| .__|_| |_|_| |_\__, | / / / /
 =========|_|==============|___/=/_/_/_/
 :: Spring Boot ::                (v2.6.3)

2024-05-17 18:04:43.973  INFO 26090 --- [           main] b.c.PropertySourceBootstrapConfiguration : Located property source: [BootstrapPropertySource {name='bootstrapProperties-/tmp/scktests/another-directory/application.properties'}, BootstrapPropertySource {name='bootstrapProperties-/tmp/scktests/extra.properties'}, BootstrapPropertySource {name='bootstrapProperties-/tmp/scktests/application.properties'}]
2024-05-17 18:04:43.977  WARN 26090 --- [           main] ubernetesProfileEnvironmentPostProcessor : Not running inside kubernetes. Skipping 'kubernetes' profile activation.
2024-05-17 18:04:43.978  INFO 26090 --- [           main] o.s.c.k.f.c.ConfigMapsFromFilePathsTests : No active profile set, falling back to default profiles: default
2024-05-17 18:04:44.184  INFO 26090 --- [           main] o.s.cloud.context.scope.GenericScope     : BeanFactory id=e369cf40-d234-36e2-a4dc-38329760186f
2024-05-17 18:04:44.300  INFO 26090 --- [           main] o.s.b.w.embedded.tomcat.TomcatWebServer  : Tomcat initialized with port(s): 0 (http)
2024-05-17 18:04:44.300  INFO 26090 --- [           main] o.apache.catalina.core.StandardService   : Starting service [Tomcat]
2024-05-17 18:04:44.301  INFO 26090 --- [           main] org.apache.catalina.core.StandardEngine  : Starting Servlet engine: [Apache Tomcat/9.0.56]
2024-05-17 18:04:44.312  INFO 26090 --- [           main] o.a.c.c.C.[Tomcat-6].[localhost].[/]     : Initializing Spring embedded WebApplicationContext
2024-05-17 18:04:44.313  INFO 26090 --- [           main] w.s.c.ServletWebServerApplicationContext : Root WebApplicationContext: initialization completed in 334 ms
2024-05-17 18:04:44.976  INFO 26090 --- [           main] o.s.b.a.e.web.EndpointLinksResolver      : Exposing 1 endpoint(s) beneath base path '/actuator'
2024-05-17 18:04:45.022  INFO 26090 --- [           main] o.s.b.w.embedded.tomcat.TomcatWebServer  : Tomcat started on port(s): 34315 (http) with context path ''
2024-05-17 18:04:45.028  INFO 26090 --- [           main] o.s.c.k.f.c.ConfigMapsFromFilePathsTests : Started ConfigMapsFromFilePathsTests in 1.198 seconds (JVM running for 19.5)
2024-05-17 18:04:45.040  INFO 26090 --- [WebServer 39877] okhttp3.mockwebserver.MockWebServer      : MockWebServer[39877] starting to accept connections
2024-05-17 18:04:45.050  INFO 26090 --- [o-auto-7-exec-1] o.a.c.c.C.[Tomcat-6].[localhost].[/]     : Initializing Spring DispatcherServlet 'dispatcherServlet'
2024-05-17 18:04:45.051  INFO 26090 --- [o-auto-7-exec-1] o.s.web.servlet.DispatcherServlet        : Initializing Servlet 'dispatcherServlet'
2024-05-17 18:04:45.051  INFO 26090 --- [o-auto-7-exec-1] o.s.web.servlet.DispatcherServlet        : Completed initialization in 0 ms
2024-05-17 18:04:45.062  INFO 26090 --- [WebServer 39877] okhttp3.mockwebserver.MockWebServer      : MockWebServer[39877] done accepting connections: Socket closed
2024-05-17 18:04:45.068  INFO 26090 --- [WebServer 40527] okhttp3.mockwebserver.MockWebServer      : MockWebServer[40527] starting to accept connections
2024-05-17 18:04:45.070  INFO 26090 --- [WebServer 54529] okhttp3.mockwebserver.MockWebServer      : MockWebServer[54529] starting to accept connections
2024-05-17 18:04:45.074  INFO 26090 --- [127.0.0.1:56800] okhttp3.mockwebserver.MockWebServer      : MockWebServer[40527] received request: POST /api/v1/namespaces/test/configmaps HTTP/1.1 and responded: HTTP/1.1 200 OK
2024-05-17 18:04:45.074  INFO 26090 --- [           main] s.c.k.f.c.Fabric8ConfigMapPropertySource : Loading ConfigMap with name 'single-unparseable-yaml-test' in namespace 'test'
2024-05-17 18:04:45.076  INFO 26090 --- [127.0.0.1:56800] okhttp3.mockwebserver.MockWebServer      : MockWebServer[40527] received request: GET /api/v1/namespaces/test/configmaps/single-unparseable-yaml-test HTTP/1.1 and responded: HTTP/1.1 200 OK
2024-05-17 18:04:45.118  INFO 26090 --- [WebServer 54529] okhttp3.mockwebserver.MockWebServer      : MockWebServer[54529] done accepting connections: Socket closed
2024-05-17 18:04:45.124  INFO 26090 --- [WebServer 58897] okhttp3.mockwebserver.MockWebServer      : MockWebServer[58897] starting to accept connections
2024-05-17 18:04:45.128  INFO 26090 --- [WebServer 40133] okhttp3.mockwebserver.MockWebServer      : MockWebServer[40133] starting to accept connections
2024-05-17 18:04:45.134  INFO 26090 --- [           main] s.c.k.f.c.Fabric8ConfigMapPropertySource : Loading ConfigMap with name 'configmap' in namespace 'some'
2024-05-17 18:04:45.137  WARN 26090 --- [           main] s.c.k.f.c.Fabric8ConfigMapPropertySource : Can't read configMap with name: [configmap] in namespace: [some]. Ignoring.

java.lang.NullPointerException: null
	at org.springframework.cloud.kubernetes.fabric8.config.Fabric8ConfigUtils.getConfigMapData(Fabric8ConfigUtils.java:118)
	at org.springframework.cloud.kubernetes.fabric8.config.Fabric8ConfigMapPropertySource.getData(Fabric8ConfigMapPropertySource.java:79)
	at org.springframework.cloud.kubernetes.fabric8.config.Fabric8ConfigMapPropertySource.<init>(Fabric8ConfigMapPropertySource.java:70)
	at org.springframework.cloud.kubernetes.fabric8.config.Fabric8ConfigMapPropertySource.<init>(Fabric8ConfigMapPropertySource.java:53)
	at org.springframework.cloud.kubernetes.fabric8.config.Fabric8ConfigMapPropertySourceTests.deprecatedConstructorWithClientNamespaceMustNotFail(Fabric8ConfigMapPropertySourceTests.java:80)
	at sun.reflect.NativeMethodAccessorImpl.invoke0(Native Method)
	at sun.reflect.NativeMethodAccessorImpl.invoke(NativeMethodAccessorImpl.java:62)
	at sun.reflect.DelegatingMethodAccessorImpl.invoke(DelegatingMethodAccessorImpl.java:43)
	at java.lang.reflect.Method.invoke(Method.java:498)
	at org.junit.platform.commons.util.ReflectionUtils.invokeMethod(ReflectionUtils.java:725)
	at org.junit.jupiter.engine.execution.MethodInvocation.proceed(MethodInvocation.java:60)
	at org.junit.jupiter.engine.execution.InvocationInterceptorChain$ValidatingInvocation.proceed(InvocationInterceptorChain.java:131)
	at org.junit.jupiter.engine.extension.TimeoutExtension.intercept(TimeoutExtension.java:149)
	at org.junit.jupiter.engine.extension.TimeoutExtension.interceptTestableMethod(TimeoutExtension.java:140)
	at org.junit.jupiter.engine.extension.TimeoutExtension.interceptTestMethod(TimeoutExtension.java:84)
	at org.junit.jupiter.engine.execution.ExecutableInvoker$ReflectiveInterceptorCall.lambda$ofVoidMethod$0(ExecutableInvoker.java:115)
	at org.junit.jupiter.engine.execution.ExecutableInvoker.lambda$invoke$0(ExecutableInvoker.java:105)
	at org.junit.jupiter.engine.execution.InvocationInterceptorChain$InterceptedInvocation.proceed(InvocationInterceptorChain.java:106)
	at org.junit.jupiter.engine.execution.InvocationInterceptorChain.proceed(InvocationInterceptorChain.java:64)
	at org.junit.jupiter.engine.execution.InvocationInterceptorChain.chainAndInvoke(InvocationInterceptorChain.java:45)
	at org.junit.jupiter.engine.execution.InvocationInterceptorChain.invoke(InvocationInterceptorChain.java:37)
	at org.junit.jupiter.engine.execution.ExecutableInvoker.invoke(ExecutableInvoker.java:104)
	at org.junit.jupiter.engine.execution.ExecutableInvoker.invoke(ExecutableInvoker.java:98)
	at org.junit.jupiter.engine.descriptor.TestMethodTestDescriptor.lambda$invokeTestMethod$7(TestMethodTestDescriptor.java:214)
	at org.junit.platform.engine.support.hierarchical.ThrowableCollector.execute(ThrowableCollector.java:73)
	at org.junit.jupiter.engine.descriptor.TestMethodTestDescriptor.invokeTestMethod(TestMethodTestDescriptor.java:210)
	at org.junit.jupiter.engine.descriptor.TestMethodTestDescriptor.execute(TestMethodTestDescriptor.java:135)
	at org.junit.jupiter.engine.descriptor.TestMethodTestDescriptor.execute(TestMethodTestDescriptor.java:66)
	at org.junit.platform.engine.support.hierarchical.NodeTestTask.lambda$executeRecursively$6(NodeTestTask.java:151)
	at org.junit.platform.engine.support.hierarchical.ThrowableCollector.execute(ThrowableCollector.java:73)
	at org.junit.platform.engine.support.hierarchical.NodeTestTask.lambda$executeRecursively$8(NodeTestTask.java:141)
	at org.junit.platform.engine.support.hierarchical.Node.around(Node.java:137)
	at org.junit.platform.engine.support.hierarchical.NodeTestTask.lambda$executeRecursively$9(NodeTestTask.java:139)
	at org.junit.platform.engine.support.hierarchical.ThrowableCollector.execute(ThrowableCollector.java:73)
	at org.junit.platform.engine.support.hierarchical.NodeTestTask.executeRecursively(NodeTestTask.java:138)
	at org.junit.platform.engine.support.hierarchical.NodeTestTask.execute(NodeTestTask.java:95)
	at java.util.ArrayList.forEach(ArrayList.java:1259)
	at org.junit.platform.engine.support.hierarchical.SameThreadHierarchicalTestExecutorService.invokeAll(SameThreadHierarchicalTestExecutorService.java:41)
	at org.junit.platform.engine.support.hierarchical.NodeTestTask.lambda$executeRecursively$6(NodeTestTask.java:155)
	at org.junit.platform.engine.support.hierarchical.ThrowableCollector.execute(ThrowableCollector.java:73)
	at org.junit.platform.engine.support.hierarchical.NodeTestTask.lambda$executeRecursively$8(NodeTestTask.java:141)
	at org.junit.platform.engine.support.hierarchical.Node.around(Node.java:137)
	at org.junit.platform.engine.support.hierarchical.NodeTestTask.lambda$executeRecursively$9(NodeTestTask.java:139)
	at org.junit.platform.engine.support.hierarchical.ThrowableCollector.execute(ThrowableCollector.java:73)
	at org.junit.platform.engine.support.hierarchical.NodeTestTask.executeRecursively(NodeTestTask.java:138)
	at org.junit.platform.engine.support.hierarchical.NodeTestTask.execute(NodeTestTask.java:95)
	at java.util.ArrayList.forEach(ArrayList.java:1259)
	at org.junit.platform.engine.support.hierarchical.SameThreadHierarchicalTestExecutorService.invokeAll(SameThreadHierarchicalTestExecutorService.java:41)
	at org.junit.platform.engine.support.hierarchical.NodeTestTask.lambda$executeRecursively$6(NodeTestTask.java:155)
	at org.junit.platform.engine.support.hierarchical.ThrowableCollector.execute(ThrowableCollector.java:73)
	at org.junit.platform.engine.support.hierarchical.NodeTestTask.lambda$executeRecursively$8(NodeTestTask.java:141)
	at org.junit.platform.engine.support.hierarchical.Node.around(Node.java:137)
	at org.junit.platform.engine.support.hierarchical.NodeTestTask.lambda$executeRecursively$9(NodeTestTask.java:139)
	at org.junit.platform.engine.support.hierarchical.ThrowableCollector.execute(ThrowableCollector.java:73)
	at org.junit.platform.engine.support.hierarchical.NodeTestTask.executeRecursively(NodeTestTask.java:138)
	at org.junit.platform.engine.support.hierarchical.NodeTestTask.execute(NodeTestTask.java:95)
	at org.junit.platform.engine.support.hierarchical.SameThreadHierarchicalTestExecutorService.submit(SameThreadHierarchicalTestExecutorService.java:35)
	at org.junit.platform.engine.support.hierarchical.HierarchicalTestExecutor.execute(HierarchicalTestExecutor.java:57)
	at org.junit.platform.engine.support.hierarchical.HierarchicalTestEngine.execute(HierarchicalTestEngine.java:54)
	at org.junit.platform.launcher.core.DefaultLauncher.execute(DefaultLauncher.java:170)
	at org.junit.platform.launcher.core.DefaultLauncher.execute(DefaultLauncher.java:154)
	at org.junit.platform.launcher.core.DefaultLauncher.execute(DefaultLauncher.java:90)
	at edu.illinois.cs.testrunner.execution.JUnit5TestExecutor.runTestsSeparately(JUnit5TestExecutor.java:40)
	at edu.illinois.cs.testrunner.execution.Executor$.$anonfun$run$1(Executor.scala:33)
	at scala.runtime.java8.JFunction0$mcV$sp.apply(JFunction0$mcV$sp.java:12)
	at scala.util.Try$.apply(Try.scala:209)
	at edu.illinois.cs.testrunner.execution.Executor$.run(Executor.scala:28)
	at edu.illinois.cs.testrunner.execution.Executor$.main(Executor.scala:18)
	at edu.illinois.cs.testrunner.execution.Executor.main(Executor.scala)

2024-05-17 18:04:45.138  INFO 26090 --- [WebServer 40133] okhttp3.mockwebserver.MockWebServer      : MockWebServer[40133] done accepting connections: Socket closed
2024-05-17 18:04:45.143  INFO 26090 --- [WebServer 39243] okhttp3.mockwebserver.MockWebServer      : MockWebServer[39243] starting to accept connections
2024-05-17 18:04:45.162  INFO 26090 --- [WebServer 38751] okhttp3.mockwebserver.MockWebServer      : MockWebServer[38751] starting to accept connections
2024-05-17 18:04:45.163  INFO 26090 --- [           main] s.c.k.f.c.Fabric8ConfigMapPropertySource : Loading ConfigMap with name 'configmap' in namespace 'namespace'
2024-05-17 18:04:45.163  WARN 26090 --- [           main] s.c.k.f.c.Fabric8ConfigMapPropertySource : Can't read configMap with name: [configmap] in namespace: [namespace]. Ignoring.

java.lang.NullPointerException: null
	at org.springframework.cloud.kubernetes.fabric8.config.Fabric8ConfigUtils.getConfigMapData(Fabric8ConfigUtils.java:118)
	at org.springframework.cloud.kubernetes.fabric8.config.Fabric8ConfigMapPropertySource.getData(Fabric8ConfigMapPropertySource.java:79)
	at org.springframework.cloud.kubernetes.fabric8.config.Fabric8ConfigMapPropertySource.<init>(Fabric8ConfigMapPropertySource.java:63)
	at org.springframework.cloud.kubernetes.fabric8.config.Fabric8ConfigMapPropertySourceTests.constructorWithNamespaceMustNotFail(Fabric8ConfigMapPropertySourceTests.java:125)
	at sun.reflect.NativeMethodAccessorImpl.invoke0(Native Method)
	at sun.reflect.NativeMethodAccessorImpl.invoke(NativeMethodAccessorImpl.java:62)
	at sun.reflect.DelegatingMethodAccessorImpl.invoke(DelegatingMethodAccessorImpl.java:43)
	at java.lang.reflect.Method.invoke(Method.java:498)
	at org.junit.platform.commons.util.ReflectionUtils.invokeMethod(ReflectionUtils.java:725)
	at org.junit.jupiter.engine.execution.MethodInvocation.proceed(MethodInvocation.java:60)
	at org.junit.jupiter.engine.execution.InvocationInterceptorChain$ValidatingInvocation.proceed(InvocationInterceptorChain.java:131)
	at org.junit.jupiter.engine.extension.TimeoutExtension.intercept(TimeoutExtension.java:149)
	at org.junit.jupiter.engine.extension.TimeoutExtension.interceptTestableMethod(TimeoutExtension.java:140)
	at org.junit.jupiter.engine.extension.TimeoutExtension.interceptTestMethod(TimeoutExtension.java:84)
	at org.junit.jupiter.engine.execution.ExecutableInvoker$ReflectiveInterceptorCall.lambda$ofVoidMethod$0(ExecutableInvoker.java:115)
	at org.junit.jupiter.engine.execution.ExecutableInvoker.lambda$invoke$0(ExecutableInvoker.java:105)
	at org.junit.jupiter.engine.execution.InvocationInterceptorChain$InterceptedInvocation.proceed(InvocationInterceptorChain.java:106)
	at org.junit.jupiter.engine.execution.InvocationInterceptorChain.proceed(InvocationInterceptorChain.java:64)
	at org.junit.jupiter.engine.execution.InvocationInterceptorChain.chainAndInvoke(InvocationInterceptorChain.java:45)
	at org.junit.jupiter.engine.execution.InvocationInterceptorChain.invoke(InvocationInterceptorChain.java:37)
	at org.junit.jupiter.engine.execution.ExecutableInvoker.invoke(ExecutableInvoker.java:104)
	at org.junit.jupiter.engine.execution.ExecutableInvoker.invoke(ExecutableInvoker.java:98)
	at org.junit.jupiter.engine.descriptor.TestMethodTestDescriptor.lambda$invokeTestMethod$7(TestMethodTestDescriptor.java:214)
	at org.junit.platform.engine.support.hierarchical.ThrowableCollector.execute(ThrowableCollector.java:73)
	at org.junit.jupiter.engine.descriptor.TestMethodTestDescriptor.invokeTestMethod(TestMethodTestDescriptor.java:210)
	at org.junit.jupiter.engine.descriptor.TestMethodTestDescriptor.execute(TestMethodTestDescriptor.java:135)
	at org.junit.jupiter.engine.descriptor.TestMethodTestDescriptor.execute(TestMethodTestDescriptor.java:66)
	at org.junit.platform.engine.support.hierarchical.NodeTestTask.lambda$executeRecursively$6(NodeTestTask.java:151)
	at org.junit.platform.engine.support.hierarchical.ThrowableCollector.execute(ThrowableCollector.java:73)
	at org.junit.platform.engine.support.hierarchical.NodeTestTask.lambda$executeRecursively$8(NodeTestTask.java:141)
	at org.junit.platform.engine.support.hierarchical.Node.around(Node.java:137)
	at org.junit.platform.engine.support.hierarchical.NodeTestTask.lambda$executeRecursively$9(NodeTestTask.java:139)
	at org.junit.platform.engine.support.hierarchical.ThrowableCollector.execute(ThrowableCollector.java:73)
	at org.junit.platform.engine.support.hierarchical.NodeTestTask.executeRecursively(NodeTestTask.java:138)
	at org.junit.platform.engine.support.hierarchical.NodeTestTask.execute(NodeTestTask.java:95)
	at java.util.ArrayList.forEach(ArrayList.java:1259)
	at org.junit.platform.engine.support.hierarchical.SameThreadHierarchicalTestExecutorService.invokeAll(SameThreadHierarchicalTestExecutorService.java:41)
	at org.junit.platform.engine.support.hierarchical.NodeTestTask.lambda$executeRecursively$6(NodeTestTask.java:155)
	at org.junit.platform.engine.support.hierarchical.ThrowableCollector.execute(ThrowableCollector.java:73)
	at org.junit.platform.engine.support.hierarchical.NodeTestTask.lambda$executeRecursively$8(NodeTestTask.java:141)
	at org.junit.platform.engine.support.hierarchical.Node.around(Node.java:137)
	at org.junit.platform.engine.support.hierarchical.NodeTestTask.lambda$executeRecursively$9(NodeTestTask.java:139)
	at org.junit.platform.engine.support.hierarchical.ThrowableCollector.execute(ThrowableCollector.java:73)
	at org.junit.platform.engine.support.hierarchical.NodeTestTask.executeRecursively(NodeTestTask.java:138)
	at org.junit.platform.engine.support.hierarchical.NodeTestTask.execute(NodeTestTask.java:95)
	at java.util.ArrayList.forEach(ArrayList.java:1259)
	at org.junit.platform.engine.support.hierarchical.SameThreadHierarchicalTestExecutorService.invokeAll(SameThreadHierarchicalTestExecutorService.java:41)
	at org.junit.platform.engine.support.hierarchical.NodeTestTask.lambda$executeRecursively$6(NodeTestTask.java:155)
	at org.junit.platform.engine.support.hierarchical.ThrowableCollector.execute(ThrowableCollector.java:73)
	at org.junit.platform.engine.support.hierarchical.NodeTestTask.lambda$executeRecursively$8(NodeTestTask.java:141)
	at org.junit.platform.engine.support.hierarchical.Node.around(Node.java:137)
	at org.junit.platform.engine.support.hierarchical.NodeTestTask.lambda$executeRecursively$9(NodeTestTask.java:139)
	at org.junit.platform.engine.support.hierarchical.ThrowableCollector.execute(ThrowableCollector.java:73)
	at org.junit.platform.engine.support.hierarchical.NodeTestTask.executeRecursively(NodeTestTask.java:138)
	at org.junit.platform.engine.support.hierarchical.NodeTestTask.execute(NodeTestTask.java:95)
	at org.junit.platform.engine.support.hierarchical.SameThreadHierarchicalTestExecutorService.submit(SameThreadHierarchicalTestExecutorService.java:35)
	at org.junit.platform.engine.support.hierarchical.HierarchicalTestExecutor.execute(HierarchicalTestExecutor.java:57)
	at org.junit.platform.engine.support.hierarchical.HierarchicalTestEngine.execute(HierarchicalTestEngine.java:54)
	at org.junit.platform.launcher.core.DefaultLauncher.execute(DefaultLauncher.java:170)
	at org.junit.platform.launcher.core.DefaultLauncher.execute(DefaultLauncher.java:154)
	at org.junit.platform.launcher.core.DefaultLauncher.execute(DefaultLauncher.java:90)
	at edu.illinois.cs.testrunner.execution.JUnit5TestExecutor.runTestsSeparately(JUnit5TestExecutor.java:40)
	at edu.illinois.cs.testrunner.execution.Executor$.$anonfun$run$1(Executor.scala:33)
	at scala.runtime.java8.JFunction0$mcV$sp.apply(JFunction0$mcV$sp.java:12)
	at scala.util.Try$.apply(Try.scala:209)
	at edu.illinois.cs.testrunner.execution.Executor$.run(Executor.scala:28)
	at edu.illinois.cs.testrunner.execution.Executor$.main(Executor.scala:18)
	at edu.illinois.cs.testrunner.execution.Executor.main(Executor.scala)

2024-05-17 18:04:45.164  INFO 26090 --- [WebServer 38751] okhttp3.mockwebserver.MockWebServer      : MockWebServer[38751] done accepting connections: Socket closed
2024-05-17 18:04:45.168  INFO 26090 --- [WebServer 59771] okhttp3.mockwebserver.MockWebServer      : MockWebServer[59771] starting to accept connections
2024-05-17 18:04:45.172  INFO 26090 --- [WebServer 57829] okhttp3.mockwebserver.MockWebServer      : MockWebServer[57829] starting to accept connections
2024-05-17 18:04:45.173  INFO 26090 --- [           main] .b.t.c.SpringBootTestContextBootstrapper : Neither @ContextConfiguration nor @ContextHierarchy found for test class [org.springframework.cloud.kubernetes.fabric8.config.Fabric8SecretsPropertySourceLocatorRetryTests$SecretsRetryDisabledButConfigRetryEnabled], using SpringBootContextLoader
2024-05-17 18:04:45.174  INFO 26090 --- [           main] o.s.t.c.support.AbstractContextLoader    : Could not detect default resource locations for test class [org.springframework.cloud.kubernetes.fabric8.config.Fabric8SecretsPropertySourceLocatorRetryTests$SecretsRetryDisabledButConfigRetryEnabled]: no resource found for suffixes {-context.xml, Context.groovy}.
2024-05-17 18:04:45.175  INFO 26090 --- [           main] .b.t.c.SpringBootTestContextBootstrapper : Loaded default TestExecutionListener class names from location [META-INF/spring.factories]: [org.springframework.boot.test.mock.mockito.MockitoTestExecutionListener, org.springframework.boot.test.mock.mockito.ResetMocksTestExecutionListener, org.springframework.boot.test.autoconfigure.restdocs.RestDocsTestExecutionListener, org.springframework.boot.test.autoconfigure.web.client.MockRestServiceServerResetTestExecutionListener, org.springframework.boot.test.autoconfigure.web.servlet.MockMvcPrintOnlyOnFailureTestExecutionListener, org.springframework.boot.test.autoconfigure.web.servlet.WebDriverTestExecutionListener, org.springframework.boot.test.autoconfigure.webservices.client.MockWebServiceServerTestExecutionListener, org.springframework.test.context.web.ServletTestExecutionListener, org.springframework.test.context.support.DirtiesContextBeforeModesTestExecutionListener, org.springframework.test.context.event.ApplicationEventsTestExecutionListener, org.springframework.test.context.support.DependencyInjectionTestExecutionListener, org.springframework.test.context.support.DirtiesContextTestExecutionListener, org.springframework.test.context.transaction.TransactionalTestExecutionListener, org.springframework.test.context.jdbc.SqlScriptsTestExecutionListener, org.springframework.test.context.event.EventPublishingTestExecutionListener, org.spockframework.spring.SpringMockTestExecutionListener]
2024-05-17 18:04:45.176  INFO 26090 --- [           main] .b.t.c.SpringBootTestContextBootstrapper : Using TestExecutionListeners: [org.springframework.test.context.web.ServletTestExecutionListener@3a6ae0f0, org.springframework.test.context.support.DirtiesContextBeforeModesTestExecutionListener@7854f2a2, org.springframework.test.context.event.ApplicationEventsTestExecutionListener@72f86029, org.springframework.boot.test.mock.mockito.MockitoTestExecutionListener@740ef827, org.springframework.boot.test.autoconfigure.SpringBootDependencyInjectionTestExecutionListener@198eeb36, org.springframework.test.context.support.DirtiesContextTestExecutionListener@4690cb47, org.springframework.test.context.event.EventPublishingTestExecutionListener@77d80294, org.springframework.boot.test.mock.mockito.ResetMocksTestExecutionListener@74940388, org.springframework.boot.test.autoconfigure.restdocs.RestDocsTestExecutionListener@1a2d9177, org.springframework.boot.test.autoconfigure.web.client.MockRestServiceServerResetTestExecutionListener@5aa7bb86, org.springframework.boot.test.autoconfigure.web.servlet.MockMvcPrintOnlyOnFailureTestExecutionListener@6ddccee4, org.springframework.boot.test.autoconfigure.web.servlet.WebDriverTestExecutionListener@39000894, org.springframework.boot.test.autoconfigure.webservices.client.MockWebServiceServerTestExecutionListener@4f5080ea, org.spockframework.spring.SpringMockTestExecutionListener@28cc690d]
2024-05-17 18:04:45.220  WARN 26090 --- [           main] ubernetesProfileEnvironmentPostProcessor : Not running inside kubernetes. Skipping 'kubernetes' profile activation.
2024-05-17 18:04:45.270  INFO 26090 --- [           main] trationDelegate$BeanPostProcessorChecker : Bean 'org.springframework.retry.annotation.RetryConfiguration' of type [org.springframework.retry.annotation.RetryConfiguration] is not eligible for getting processed by all BeanPostProcessors (for example: not eligible for auto-proxying)

  .   ____          _            __ _ _
 /\\ / ___'_ __ _ _(_)_ __  __ _ \ \ \ \
( ( )\___ | '_ | '_| | '_ \/ _` | \ \ \ \
 \\/  ___)| |_)| | | | | || (_| |  ) ) ) )
  '  |____| .__|_| |_|_| |_\__, | / / / /
 =========|_|==============|___/=/_/_/_/
 :: Spring Boot ::                (v2.6.3)

2024-05-17 18:04:45.404  INFO 26090 --- [           main] s.c.k.f.c.Fabric8ConfigMapPropertySource : Loading ConfigMap with name 'application' in namespace 'default'
2024-05-17 18:04:45.503  INFO 26090 --- [127.0.0.1:40588] okhttp3.mockwebserver.MockWebServer      : MockWebServer[59771] received request: GET /api/v1/namespaces/default/configmaps/application HTTP/1.1 and responded: HTTP/1.1 404 Client Error
2024-05-17 18:04:45.506  INFO 26090 --- [           main] o.s.c.k.f.config.Fabric8ConfigUtils      : config-map with name : 'application' not present in namespace : 'default'
2024-05-17 18:04:45.506  INFO 26090 --- [           main] b.c.PropertySourceBootstrapConfiguration : Located property source: [BootstrapPropertySource {name='bootstrapProperties-configmap.application.default'}]
2024-05-17 18:04:45.515  INFO 26090 --- [           main] o.s.c.k.f.c.Fabric8SecretsPropertySource : Loading Secret with name 'my-secret' or with labels [{}] in namespace 'default'
2024-05-17 18:04:45.516  INFO 26090 --- [127.0.0.1:40588] okhttp3.mockwebserver.MockWebServer      : MockWebServer[59771] received request: GET /api/v1/namespaces/default/secrets/my-secret HTTP/1.1 and responded: HTTP/1.1 404 Client Error
2024-05-17 18:04:45.517  WARN 26090 --- [           main] o.s.c.k.f.c.Fabric8SecretsPropertySource : secret with name : my-secret in namespace : default not found
2024-05-17 18:04:45.518  INFO 26090 --- [127.0.0.1:40588] okhttp3.mockwebserver.MockWebServer      : MockWebServer[59771] received request: GET /api/v1/namespaces/default/secrets HTTP/1.1 and responded: HTTP/1.1 200 OK
2024-05-17 18:04:45.560  INFO 26090 --- [           main] b.c.PropertySourceBootstrapConfiguration : Located property source: [BootstrapPropertySource {name='bootstrapProperties-secrets.my-secret.default'}]
2024-05-17 18:04:45.564  WARN 26090 --- [           main] ubernetesProfileEnvironmentPostProcessor : Not running inside kubernetes. Skipping 'kubernetes' profile activation.
2024-05-17 18:04:45.564  INFO 26090 --- [           main] ecretsRetryDisabledButConfigRetryEnabled : No active profile set, falling back to default profiles: default
2024-05-17 18:04:45.900  INFO 26090 --- [           main] o.s.cloud.context.scope.GenericScope     : BeanFactory id=94652287-2eb9-367e-b08b-eea09b3b2900
2024-05-17 18:04:46.326  INFO 26090 --- [           main] ecretsRetryDisabledButConfigRetryEnabled : Started Fabric8SecretsPropertySourceLocatorRetryTests.SecretsRetryDisabledButConfigRetryEnabled in 1.148 seconds (JVM running for 20.798)
2024-05-17 18:04:46.331  INFO 26090 --- [WebServer 53513] okhttp3.mockwebserver.MockWebServer      : MockWebServer[53513] starting to accept connections
2024-05-17 18:04:46.339  INFO 26090 --- [           main] o.s.c.k.f.c.Fabric8SecretsPropertySource : Loading Secret with name 'my-secret' or with labels [{}] in namespace 'default'
2024-05-17 18:04:46.341  INFO 26090 --- [127.0.0.1:40588] okhttp3.mockwebserver.MockWebServer      : MockWebServer[59771] received request: GET /api/v1/namespaces/default/secrets/my-secret HTTP/1.1 and responded: HTTP/1.1 500 Server Error
2024-05-17 18:04:46.345  INFO 26090 --- [WebServer 53513] okhttp3.mockwebserver.MockWebServer      : MockWebServer[53513] done accepting connections: Socket closed
2024-05-17 18:04:46.348  INFO 26090 --- [           main] .b.t.c.SpringBootTestContextBootstrapper : Neither @ContextConfiguration nor @ContextHierarchy found for test class [org.springframework.cloud.kubernetes.fabric8.config.ConfigMapsFromFilePathsTests], using SpringBootContextLoader
2024-05-17 18:04:46.349  INFO 26090 --- [           main] o.s.t.c.support.AbstractContextLoader    : Could not detect default resource locations for test class [org.springframework.cloud.kubernetes.fabric8.config.ConfigMapsFromFilePathsTests]: no resource found for suffixes {-context.xml, Context.groovy}.
2024-05-17 18:04:46.350  INFO 26090 --- [           main] .b.t.c.SpringBootTestContextBootstrapper : Loaded default TestExecutionListener class names from location [META-INF/spring.factories]: [org.springframework.boot.test.mock.mockito.MockitoTestExecutionListener, org.springframework.boot.test.mock.mockito.ResetMocksTestExecutionListener, org.springframework.boot.test.autoconfigure.restdocs.RestDocsTestExecutionListener, org.springframework.boot.test.autoconfigure.web.client.MockRestServiceServerResetTestExecutionListener, org.springframework.boot.test.autoconfigure.web.servlet.MockMvcPrintOnlyOnFailureTestExecutionListener, org.springframework.boot.test.autoconfigure.web.servlet.WebDriverTestExecutionListener, org.springframework.boot.test.autoconfigure.webservices.client.MockWebServiceServerTestExecutionListener, org.springframework.test.context.web.ServletTestExecutionListener, org.springframework.test.context.support.DirtiesContextBeforeModesTestExecutionListener, org.springframework.test.context.event.ApplicationEventsTestExecutionListener, org.springframework.test.context.support.DependencyInjectionTestExecutionListener, org.springframework.test.context.support.DirtiesContextTestExecutionListener, org.springframework.test.context.transaction.TransactionalTestExecutionListener, org.springframework.test.context.jdbc.SqlScriptsTestExecutionListener, org.springframework.test.context.event.EventPublishingTestExecutionListener, org.spockframework.spring.SpringMockTestExecutionListener]
2024-05-17 18:04:46.352  INFO 26090 --- [           main] .b.t.c.SpringBootTestContextBootstrapper : Using TestExecutionListeners: [org.springframework.test.context.web.ServletTestExecutionListener@2889d997, org.springframework.test.context.support.DirtiesContextBeforeModesTestExecutionListener@7951a08c, org.springframework.test.context.event.ApplicationEventsTestExecutionListener@7e168d90, org.springframework.boot.test.mock.mockito.MockitoTestExecutionListener@cf0e8b4, org.springframework.boot.test.autoconfigure.SpringBootDependencyInjectionTestExecutionListener@6a53cddc, org.springframework.test.context.support.DirtiesContextTestExecutionListener@1e7245da, org.springframework.test.context.event.EventPublishingTestExecutionListener@54422189, org.springframework.boot.test.mock.mockito.ResetMocksTestExecutionListener@5f7cc6fd, org.springframework.boot.test.autoconfigure.restdocs.RestDocsTestExecutionListener@2b35dde3, org.springframework.boot.test.autoconfigure.web.client.MockRestServiceServerResetTestExecutionListener@276511ca, org.springframework.boot.test.autoconfigure.web.servlet.MockMvcPrintOnlyOnFailureTestExecutionListener@62ee32c6, org.springframework.boot.test.autoconfigure.web.servlet.WebDriverTestExecutionListener@5b1c4b48, org.springframework.boot.test.autoconfigure.webservices.client.MockWebServiceServerTestExecutionListener@5e435f0d, org.spockframework.spring.SpringMockTestExecutionListener@51a7ee4e]
2024-05-17 18:04:46.353  INFO 26090 --- [WebServer 38459] okhttp3.mockwebserver.MockWebServer      : MockWebServer[38459] starting to accept connections
2024-05-17 18:04:46.358  INFO 26090 --- [WebServer 37793] okhttp3.mockwebserver.MockWebServer      : MockWebServer[37793] starting to accept connections
2024-05-17 18:04:46.371  INFO 26090 --- [WebServer 37793] okhttp3.mockwebserver.MockWebServer      : MockWebServer[37793] done accepting connections: Socket closed
2024-05-17 18:04:46.375  INFO 26090 --- [           main] .b.t.c.SpringBootTestContextBootstrapper : Neither @ContextConfiguration nor @ContextHierarchy found for test class [org.springframework.cloud.kubernetes.fabric8.config.Fabric8BootstrapConfigurationTests$KubernetesEnabledSecretsDisabled], using SpringBootContextLoader
2024-05-17 18:04:46.376  INFO 26090 --- [           main] o.s.t.c.support.AbstractContextLoader    : Could not detect default resource locations for test class [org.springframework.cloud.kubernetes.fabric8.config.Fabric8BootstrapConfigurationTests$KubernetesEnabledSecretsDisabled]: no resource found for suffixes {-context.xml, Context.groovy}.
2024-05-17 18:04:46.377  INFO 26090 --- [           main] .b.t.c.SpringBootTestContextBootstrapper : Loaded default TestExecutionListener class names from location [META-INF/spring.factories]: [org.springframework.boot.test.mock.mockito.MockitoTestExecutionListener, org.springframework.boot.test.mock.mockito.ResetMocksTestExecutionListener, org.springframework.boot.test.autoconfigure.restdocs.RestDocsTestExecutionListener, org.springframework.boot.test.autoconfigure.web.client.MockRestServiceServerResetTestExecutionListener, org.springframework.boot.test.autoconfigure.web.servlet.MockMvcPrintOnlyOnFailureTestExecutionListener, org.springframework.boot.test.autoconfigure.web.servlet.WebDriverTestExecutionListener, org.springframework.boot.test.autoconfigure.webservices.client.MockWebServiceServerTestExecutionListener, org.springframework.test.context.web.ServletTestExecutionListener, org.springframework.test.context.support.DirtiesContextBeforeModesTestExecutionListener, org.springframework.test.context.event.ApplicationEventsTestExecutionListener, org.springframework.test.context.support.DependencyInjectionTestExecutionListener, org.springframework.test.context.support.DirtiesContextTestExecutionListener, org.springframework.test.context.transaction.TransactionalTestExecutionListener, org.springframework.test.context.jdbc.SqlScriptsTestExecutionListener, org.springframework.test.context.event.EventPublishingTestExecutionListener, org.spockframework.spring.SpringMockTestExecutionListener]
2024-05-17 18:04:46.379  INFO 26090 --- [           main] .b.t.c.SpringBootTestContextBootstrapper : Using TestExecutionListeners: [org.springframework.test.context.web.ServletTestExecutionListener@1f664881, org.springframework.test.context.support.DirtiesContextBeforeModesTestExecutionListener@7aafac17, org.springframework.test.context.event.ApplicationEventsTestExecutionListener@3054551f, org.springframework.boot.test.mock.mockito.MockitoTestExecutionListener@6b8cfbeb, org.springframework.boot.test.autoconfigure.SpringBootDependencyInjectionTestExecutionListener@4603845b, org.springframework.test.context.support.DirtiesContextTestExecutionListener@414b5798, org.springframework.test.context.event.EventPublishingTestExecutionListener@53251e03, org.springframework.boot.test.mock.mockito.ResetMocksTestExecutionListener@5ffae42f, org.springframework.boot.test.autoconfigure.restdocs.RestDocsTestExecutionListener@58182d7, org.springframework.boot.test.autoconfigure.web.client.MockRestServiceServerResetTestExecutionListener@1eedf268, org.springframework.boot.test.autoconfigure.web.servlet.MockMvcPrintOnlyOnFailureTestExecutionListener@654322b0, org.springframework.boot.test.autoconfigure.web.servlet.WebDriverTestExecutionListener@6d9069ab, org.springframework.boot.test.autoconfigure.webservices.client.MockWebServiceServerTestExecutionListener@648ec9f4, org.spockframework.spring.SpringMockTestExecutionListener@158119bf]
2024-05-17 18:04:46.435  WARN 26090 --- [           main] ubernetesProfileEnvironmentPostProcessor : Not running inside kubernetes. Skipping 'kubernetes' profile activation.

  .   ____          _            __ _ _
 /\\ / ___'_ __ _ _(_)_ __  __ _ \ \ \ \
( ( )\___ | '_ | '_| | '_ \/ _` | \ \ \ \
 \\/  ___)| |_)| | | | | || (_| |  ) ) ) )
  '  |____| .__|_| |_|_| |_\__, | / / / /
 =========|_|==============|___/=/_/_/_/
 :: Spring Boot ::                (v2.6.3)

2024-05-17 18:04:46.511  INFO 26090 --- [           main] s.c.k.f.c.Fabric8ConfigMapPropertySource : Loading ConfigMap with name 'application' in namespace 'default'
2024-05-17 18:04:46.513  INFO 26090 --- [127.0.0.1:38950] okhttp3.mockwebserver.MockWebServer      : MockWebServer[38459] received request: GET /api/v1/namespaces/default/configmaps/application HTTP/1.1 and responded: HTTP/1.1 404 Client Error
2024-05-17 18:04:46.515  INFO 26090 --- [           main] o.s.c.k.f.config.Fabric8ConfigUtils      : config-map with name : 'application' not present in namespace : 'default'
2024-05-17 18:04:46.515  INFO 26090 --- [           main] b.c.PropertySourceBootstrapConfiguration : Located property source: [BootstrapPropertySource {name='bootstrapProperties-configmap.application.default'}]
2024-05-17 18:04:46.519  WARN 26090 --- [           main] ubernetesProfileEnvironmentPostProcessor : Not running inside kubernetes. Skipping 'kubernetes' profile activation.
2024-05-17 18:04:46.519  INFO 26090 --- [           main] onTests$KubernetesEnabledSecretsDisabled : No active profile set, falling back to default profiles: default
2024-05-17 18:04:46.919  INFO 26090 --- [           main] o.s.cloud.context.scope.GenericScope     : BeanFactory id=b44b17b9-4871-3254-a9f0-4dd2fdc4c959
2024-05-17 18:04:47.016  INFO 26090 --- [           main] o.s.b.w.embedded.tomcat.TomcatWebServer  : Tomcat initialized with port(s): 0 (http)
2024-05-17 18:04:47.017  INFO 26090 --- [           main] o.apache.catalina.core.StandardService   : Starting service [Tomcat]
2024-05-17 18:04:47.017  INFO 26090 --- [           main] org.apache.catalina.core.StandardEngine  : Starting Servlet engine: [Apache Tomcat/9.0.56]
2024-05-17 18:04:47.029  INFO 26090 --- [           main] o.a.c.c.C.[Tomcat-7].[localhost].[/]     : Initializing Spring embedded WebApplicationContext
2024-05-17 18:04:47.029  INFO 26090 --- [           main] w.s.c.ServletWebServerApplicationContext : Root WebApplicationContext: initialization completed in 509 ms
2024-05-17 18:04:47.638  INFO 26090 --- [           main] o.s.b.a.e.web.EndpointLinksResolver      : Exposing 1 endpoint(s) beneath base path '/actuator'
2024-05-17 18:04:47.692  INFO 26090 --- [           main] o.s.b.w.embedded.tomcat.TomcatWebServer  : Tomcat started on port(s): 32775 (http) with context path ''
2024-05-17 18:04:47.697  INFO 26090 --- [           main] onTests$KubernetesEnabledSecretsDisabled : Started Fabric8BootstrapConfigurationTests.KubernetesEnabledSecretsDisabled in 1.316 seconds (JVM running for 22.169)
2024-05-17 18:04:47.707  INFO 26090 --- [           main] .b.t.c.SpringBootTestContextBootstrapper : Neither @ContextConfiguration nor @ContextHierarchy found for test class [org.springframework.cloud.kubernetes.fabric8.config.ConfigMapsTests], using SpringBootContextLoader
2024-05-17 18:04:47.708  INFO 26090 --- [           main] o.s.t.c.support.AbstractContextLoader    : Could not detect default resource locations for test class [org.springframework.cloud.kubernetes.fabric8.config.ConfigMapsTests]: no resource found for suffixes {-context.xml, Context.groovy}.
2024-05-17 18:04:47.709  INFO 26090 --- [           main] .b.t.c.SpringBootTestContextBootstrapper : Loaded default TestExecutionListener class names from location [META-INF/spring.factories]: [org.springframework.boot.test.mock.mockito.MockitoTestExecutionListener, org.springframework.boot.test.mock.mockito.ResetMocksTestExecutionListener, org.springframework.boot.test.autoconfigure.restdocs.RestDocsTestExecutionListener, org.springframework.boot.test.autoconfigure.web.client.MockRestServiceServerResetTestExecutionListener, org.springframework.boot.test.autoconfigure.web.servlet.MockMvcPrintOnlyOnFailureTestExecutionListener, org.springframework.boot.test.autoconfigure.web.servlet.WebDriverTestExecutionListener, org.springframework.boot.test.autoconfigure.webservices.client.MockWebServiceServerTestExecutionListener, org.springframework.test.context.web.ServletTestExecutionListener, org.springframework.test.context.support.DirtiesContextBeforeModesTestExecutionListener, org.springframework.test.context.event.ApplicationEventsTestExecutionListener, org.springframework.test.context.support.DependencyInjectionTestExecutionListener, org.springframework.test.context.support.DirtiesContextTestExecutionListener, org.springframework.test.context.transaction.TransactionalTestExecutionListener, org.springframework.test.context.jdbc.SqlScriptsTestExecutionListener, org.springframework.test.context.event.EventPublishingTestExecutionListener, org.spockframework.spring.SpringMockTestExecutionListener]
2024-05-17 18:04:47.711  INFO 26090 --- [           main] .b.t.c.SpringBootTestContextBootstrapper : Using TestExecutionListeners: [org.springframework.test.context.web.ServletTestExecutionListener@19f72e12, org.springframework.test.context.support.DirtiesContextBeforeModesTestExecutionListener@1ad4ff2a, org.springframework.test.context.event.ApplicationEventsTestExecutionListener@625ae6d, org.springframework.boot.test.mock.mockito.MockitoTestExecutionListener@207bf6d8, org.springframework.boot.test.autoconfigure.SpringBootDependencyInjectionTestExecutionListener@5cdb7b, org.springframework.test.context.support.DirtiesContextTestExecutionListener@3dcc59f5, org.springframework.test.context.event.EventPublishingTestExecutionListener@16b1dee7, org.springframework.boot.test.mock.mockito.ResetMocksTestExecutionListener@690337df, org.springframework.boot.test.autoconfigure.restdocs.RestDocsTestExecutionListener@f62ae87, org.springframework.boot.test.autoconfigure.web.client.MockRestServiceServerResetTestExecutionListener@50be5d6f, org.springframework.boot.test.autoconfigure.web.servlet.MockMvcPrintOnlyOnFailureTestExecutionListener@48e0e779, org.springframework.boot.test.autoconfigure.web.servlet.WebDriverTestExecutionListener@38ad8c75, org.springframework.boot.test.autoconfigure.webservices.client.MockWebServiceServerTestExecutionListener@22a10b71, org.spockframework.spring.SpringMockTestExecutionListener@d67f6f]
2024-05-17 18:04:47.713  INFO 26090 --- [WebServer 43407] okhttp3.mockwebserver.MockWebServer      : MockWebServer[43407] starting to accept connections
2024-05-17 18:04:47.716  INFO 26090 --- [127.0.0.1:51242] okhttp3.mockwebserver.MockWebServer      : MockWebServer[43407] received request: POST /api/v1/namespaces/test/configmaps HTTP/1.1 and responded: HTTP/1.1 200 OK
2024-05-17 18:04:47.720  INFO 26090 --- [WebServer 55801] okhttp3.mockwebserver.MockWebServer      : MockWebServer[55801] starting to accept connections
2024-05-17 18:04:47.730  INFO 26090 --- [o-auto-5-exec-1] o.a.c.c.C.[Tomcat-4].[localhost].[/]     : Initializing Spring DispatcherServlet 'dispatcherServlet'
2024-05-17 18:04:47.730  INFO 26090 --- [o-auto-5-exec-1] o.s.web.servlet.DispatcherServlet        : Initializing Servlet 'dispatcherServlet'
2024-05-17 18:04:47.731  INFO 26090 --- [o-auto-5-exec-1] o.s.web.servlet.DispatcherServlet        : Completed initialization in 1 ms
2024-05-17 18:04:47.740  INFO 26090 --- [WebServer 55801] okhttp3.mockwebserver.MockWebServer      : MockWebServer[55801] done accepting connections: Socket closed
2024-05-17 18:04:47.744  INFO 26090 --- [           main] .b.t.c.SpringBootTestContextBootstrapper : Neither @ContextConfiguration nor @ContextHierarchy found for test class [org.springframework.cloud.kubernetes.fabric8.config.ConfigMapWithIncludeProfileSpecificSourcesTests], using SpringBootContextLoader
2024-05-17 18:04:47.745  INFO 26090 --- [           main] o.s.t.c.support.AbstractContextLoader    : Could not detect default resource locations for test class [org.springframework.cloud.kubernetes.fabric8.config.ConfigMapWithIncludeProfileSpecificSourcesTests]: no resource found for suffixes {-context.xml, Context.groovy}.
2024-05-17 18:04:47.746  INFO 26090 --- [           main] .b.t.c.SpringBootTestContextBootstrapper : Loaded default TestExecutionListener class names from location [META-INF/spring.factories]: [org.springframework.boot.test.mock.mockito.MockitoTestExecutionListener, org.springframework.boot.test.mock.mockito.ResetMocksTestExecutionListener, org.springframework.boot.test.autoconfigure.restdocs.RestDocsTestExecutionListener, org.springframework.boot.test.autoconfigure.web.client.MockRestServiceServerResetTestExecutionListener, org.springframework.boot.test.autoconfigure.web.servlet.MockMvcPrintOnlyOnFailureTestExecutionListener, org.springframework.boot.test.autoconfigure.web.servlet.WebDriverTestExecutionListener, org.springframework.boot.test.autoconfigure.webservices.client.MockWebServiceServerTestExecutionListener, org.springframework.test.context.web.ServletTestExecutionListener, org.springframework.test.context.support.DirtiesContextBeforeModesTestExecutionListener, org.springframework.test.context.event.ApplicationEventsTestExecutionListener, org.springframework.test.context.support.DependencyInjectionTestExecutionListener, org.springframework.test.context.support.DirtiesContextTestExecutionListener, org.springframework.test.context.transaction.TransactionalTestExecutionListener, org.springframework.test.context.jdbc.SqlScriptsTestExecutionListener, org.springframework.test.context.event.EventPublishingTestExecutionListener, org.spockframework.spring.SpringMockTestExecutionListener]
2024-05-17 18:04:47.748  INFO 26090 --- [           main] .b.t.c.SpringBootTestContextBootstrapper : Using TestExecutionListeners: [org.springframework.test.context.web.ServletTestExecutionListener@6723626f, org.springframework.test.context.support.DirtiesContextBeforeModesTestExecutionListener@411bed55, org.springframework.test.context.event.ApplicationEventsTestExecutionListener@a4aecc3, org.springframework.boot.test.mock.mockito.MockitoTestExecutionListener@59f59a0a, org.springframework.boot.test.autoconfigure.SpringBootDependencyInjectionTestExecutionListener@2539ab41, org.springframework.test.context.support.DirtiesContextTestExecutionListener@3bd69bf6, org.springframework.test.context.event.EventPublishingTestExecutionListener@662754bb, org.springframework.boot.test.mock.mockito.ResetMocksTestExecutionListener@1377b7bf, org.springframework.boot.test.autoconfigure.restdocs.RestDocsTestExecutionListener@7bfc7533, org.springframework.boot.test.autoconfigure.web.client.MockRestServiceServerResetTestExecutionListener@74fa4891, org.springframework.boot.test.autoconfigure.web.servlet.MockMvcPrintOnlyOnFailureTestExecutionListener@28245839, org.springframework.boot.test.autoconfigure.web.servlet.WebDriverTestExecutionListener@640c8cd, org.springframework.boot.test.autoconfigure.webservices.client.MockWebServiceServerTestExecutionListener@1e0d70db, org.spockframework.spring.SpringMockTestExecutionListener@38950d4b]
2024-05-17 18:04:47.749  INFO 26090 --- [WebServer 41879] okhttp3.mockwebserver.MockWebServer      : MockWebServer[41879] starting to accept connections
2024-05-17 18:04:47.753  INFO 26090 --- [127.0.0.1:58054] okhttp3.mockwebserver.MockWebServer      : MockWebServer[41879] received request: POST /api/v1/namespaces/spring-k8s/configmaps HTTP/1.1 and responded: HTTP/1.1 200 OK
2024-05-17 18:04:47.758  INFO 26090 --- [127.0.0.1:58054] okhttp3.mockwebserver.MockWebServer      : MockWebServer[41879] received request: POST /api/v1/namespaces/spring-k8s/configmaps HTTP/1.1 and responded: HTTP/1.1 200 OK
2024-05-17 18:04:47.803  INFO 26090 --- [127.0.0.1:58054] okhttp3.mockwebserver.MockWebServer      : MockWebServer[41879] received request: POST /api/v1/namespaces/spring-k8s/configmaps HTTP/1.1 and responded: HTTP/1.1 200 OK
2024-05-17 18:04:47.846  INFO 26090 --- [127.0.0.1:58054] okhttp3.mockwebserver.MockWebServer      : MockWebServer[41879] received request: POST /api/v1/namespaces/spring-k8s/configmaps HTTP/1.1 and responded: HTTP/1.1 200 OK
2024-05-17 18:04:47.890  INFO 26090 --- [127.0.0.1:58054] okhttp3.mockwebserver.MockWebServer      : MockWebServer[41879] received request: POST /api/v1/namespaces/spring-k8s/configmaps HTTP/1.1 and responded: HTTP/1.1 200 OK
2024-05-17 18:04:47.973  WARN 26090 --- [           main] ubernetesProfileEnvironmentPostProcessor : Not running inside kubernetes. Skipping 'kubernetes' profile activation.

  .   ____          _            __ _ _
 /\\ / ___'_ __ _ _(_)_ __  __ _ \ \ \ \
( ( )\___ | '_ | '_| | '_ \/ _` | \ \ \ \
 \\/  ___)| |_)| | | | | || (_| |  ) ) ) )
  '  |____| .__|_| |_|_| |_\__, | / / / /
 =========|_|==============|___/=/_/_/_/
 :: Spring Boot ::                (v2.6.3)

2024-05-17 18:04:48.042  INFO 26090 --- [           main] s.c.k.f.c.Fabric8ConfigMapPropertySource : Loading ConfigMap with name 'config-map-one' in namespace 'spring-k8s'
2024-05-17 18:04:48.045  INFO 26090 --- [127.0.0.1:58062] okhttp3.mockwebserver.MockWebServer      : MockWebServer[41879] received request: GET /api/v1/namespaces/spring-k8s/configmaps/config-map-one HTTP/1.1 and responded: HTTP/1.1 404 Client Error
2024-05-17 18:04:48.047  INFO 26090 --- [           main] o.s.c.k.f.config.Fabric8ConfigUtils      : config-map with name : 'config-map-one' not present in namespace : 'spring-k8s'
2024-05-17 18:04:48.049  INFO 26090 --- [127.0.0.1:58062] okhttp3.mockwebserver.MockWebServer      : MockWebServer[41879] received request: GET /api/v1/namespaces/spring-k8s/configmaps/config-map-one-dev HTTP/1.1 and responded: HTTP/1.1 200 OK
2024-05-17 18:04:48.090  INFO 26090 --- [           main] s.c.k.f.c.Fabric8ConfigMapPropertySource : Loading ConfigMap with name 'config-map-two' in namespace 'spring-k8s'
2024-05-17 18:04:48.091  INFO 26090 --- [127.0.0.1:58062] okhttp3.mockwebserver.MockWebServer      : MockWebServer[41879] received request: GET /api/v1/namespaces/spring-k8s/configmaps/config-map-two HTTP/1.1 and responded: HTTP/1.1 200 OK
2024-05-17 18:04:48.132  INFO 26090 --- [           main] s.c.k.f.c.Fabric8ConfigMapPropertySource : Loading ConfigMap with name 'config-map-three' in namespace 'spring-k8s'
2024-05-17 18:04:48.133  INFO 26090 --- [127.0.0.1:58062] okhttp3.mockwebserver.MockWebServer      : MockWebServer[41879] received request: GET /api/v1/namespaces/spring-k8s/configmaps/config-map-three HTTP/1.1 and responded: HTTP/1.1 200 OK
2024-05-17 18:04:48.174  INFO 26090 --- [           main] b.c.PropertySourceBootstrapConfiguration : Located property source: [BootstrapPropertySource {name='bootstrapProperties-configmap.config-map-three.spring-k8s'}, BootstrapPropertySource {name='bootstrapProperties-configmap.config-map-two.spring-k8s'}, BootstrapPropertySource {name='bootstrapProperties-configmap.config-map-one.spring-k8s'}]
2024-05-17 18:04:48.177  WARN 26090 --- [           main] ubernetesProfileEnvironmentPostProcessor : Not running inside kubernetes. Skipping 'kubernetes' profile activation.
2024-05-17 18:04:48.178  INFO 26090 --- [           main] apWithIncludeProfileSpecificSourcesTests : The following profiles are active: dev
2024-05-17 18:04:48.365  INFO 26090 --- [           main] o.s.cloud.context.scope.GenericScope     : BeanFactory id=25e932e5-66c9-3368-9666-2d7e7b1ab398
2024-05-17 18:04:48.489  INFO 26090 --- [           main] o.s.b.w.embedded.tomcat.TomcatWebServer  : Tomcat initialized with port(s): 0 (http)
2024-05-17 18:04:48.489  INFO 26090 --- [           main] o.apache.catalina.core.StandardService   : Starting service [Tomcat]
2024-05-17 18:04:48.490  INFO 26090 --- [           main] org.apache.catalina.core.StandardEngine  : Starting Servlet engine: [Apache Tomcat/9.0.56]
2024-05-17 18:04:48.499  INFO 26090 --- [           main] o.a.c.c.C.[Tomcat-8].[localhost].[/]     : Initializing Spring embedded WebApplicationContext
2024-05-17 18:04:48.499  INFO 26090 --- [           main] w.s.c.ServletWebServerApplicationContext : Root WebApplicationContext: initialization completed in 320 ms
2024-05-17 18:04:49.140  INFO 26090 --- [           main] o.s.b.a.e.web.EndpointLinksResolver      : Exposing 1 endpoint(s) beneath base path '/actuator'
2024-05-17 18:04:49.183  INFO 26090 --- [           main] o.s.b.w.embedded.tomcat.TomcatWebServer  : Tomcat started on port(s): 46637 (http) with context path ''
2024-05-17 18:04:49.188  INFO 26090 --- [           main] apWithIncludeProfileSpecificSourcesTests : Started ConfigMapWithIncludeProfileSpecificSourcesTests in 1.256 seconds (JVM running for 23.66)
2024-05-17 18:04:49.198  INFO 26090 --- [WebServer 38849] okhttp3.mockwebserver.MockWebServer      : MockWebServer[38849] starting to accept connections
2024-05-17 18:04:49.206  INFO 26090 --- [o-auto-9-exec-1] o.a.c.c.C.[Tomcat-8].[localhost].[/]     : Initializing Spring DispatcherServlet 'dispatcherServlet'
2024-05-17 18:04:49.206  INFO 26090 --- [o-auto-9-exec-1] o.s.web.servlet.DispatcherServlet        : Initializing Servlet 'dispatcherServlet'
2024-05-17 18:04:49.207  INFO 26090 --- [o-auto-9-exec-1] o.s.web.servlet.DispatcherServlet        : Completed initialization in 1 ms
2024-05-17 18:04:49.224  INFO 26090 --- [WebServer 38849] okhttp3.mockwebserver.MockWebServer      : MockWebServer[38849] done accepting connections: Socket closed
2024-05-17 18:04:49.228  INFO 26090 --- [           main] .b.t.c.SpringBootTestContextBootstrapper : Neither @ContextConfiguration nor @ContextHierarchy found for test class [org.springframework.cloud.kubernetes.fabric8.config.Fabric8BootstrapConfigurationTests$KubernetesEnabledSecretsAndConfigDisabled], using SpringBootContextLoader
2024-05-17 18:04:49.229  INFO 26090 --- [           main] o.s.t.c.support.AbstractContextLoader    : Could not detect default resource locations for test class [org.springframework.cloud.kubernetes.fabric8.config.Fabric8BootstrapConfigurationTests$KubernetesEnabledSecretsAndConfigDisabled]: no resource found for suffixes {-context.xml, Context.groovy}.
2024-05-17 18:04:49.230  INFO 26090 --- [           main] .b.t.c.SpringBootTestContextBootstrapper : Loaded default TestExecutionListener class names from location [META-INF/spring.factories]: [org.springframework.boot.test.mock.mockito.MockitoTestExecutionListener, org.springframework.boot.test.mock.mockito.ResetMocksTestExecutionListener, org.springframework.boot.test.autoconfigure.restdocs.RestDocsTestExecutionListener, org.springframework.boot.test.autoconfigure.web.client.MockRestServiceServerResetTestExecutionListener, org.springframework.boot.test.autoconfigure.web.servlet.MockMvcPrintOnlyOnFailureTestExecutionListener, org.springframework.boot.test.autoconfigure.web.servlet.WebDriverTestExecutionListener, org.springframework.boot.test.autoconfigure.webservices.client.MockWebServiceServerTestExecutionListener, org.springframework.test.context.web.ServletTestExecutionListener, org.springframework.test.context.support.DirtiesContextBeforeModesTestExecutionListener, org.springframework.test.context.event.ApplicationEventsTestExecutionListener, org.springframework.test.context.support.DependencyInjectionTestExecutionListener, org.springframework.test.context.support.DirtiesContextTestExecutionListener, org.springframework.test.context.transaction.TransactionalTestExecutionListener, org.springframework.test.context.jdbc.SqlScriptsTestExecutionListener, org.springframework.test.context.event.EventPublishingTestExecutionListener, org.spockframework.spring.SpringMockTestExecutionListener]
2024-05-17 18:04:49.231  INFO 26090 --- [           main] .b.t.c.SpringBootTestContextBootstrapper : Using TestExecutionListeners: [org.springframework.test.context.web.ServletTestExecutionListener@14426256, org.springframework.test.context.support.DirtiesContextBeforeModesTestExecutionListener@17aa06eb, org.springframework.test.context.event.ApplicationEventsTestExecutionListener@370c9681, org.springframework.boot.test.mock.mockito.MockitoTestExecutionListener@419fc1d6, org.springframework.boot.test.autoconfigure.SpringBootDependencyInjectionTestExecutionListener@46c85b61, org.springframework.test.context.support.DirtiesContextTestExecutionListener@192800d, org.springframework.test.context.event.EventPublishingTestExecutionListener@52f9a620, org.springframework.boot.test.mock.mockito.ResetMocksTestExecutionListener@6d575cd8, org.springframework.boot.test.autoconfigure.restdocs.RestDocsTestExecutionListener@69c00140, org.springframework.boot.test.autoconfigure.web.client.MockRestServiceServerResetTestExecutionListener@7cc7769d, org.springframework.boot.test.autoconfigure.web.servlet.MockMvcPrintOnlyOnFailureTestExecutionListener@63100783, org.springframework.boot.test.autoconfigure.web.servlet.WebDriverTestExecutionListener@34f636a5, org.springframework.boot.test.autoconfigure.webservices.client.MockWebServiceServerTestExecutionListener@5d55eb7a, org.spockframework.spring.SpringMockTestExecutionListener@1ae11dd3]
2024-05-17 18:04:49.271  WARN 26090 --- [           main] ubernetesProfileEnvironmentPostProcessor : Not running inside kubernetes. Skipping 'kubernetes' profile activation.

  .   ____          _            __ _ _
 /\\ / ___'_ __ _ _(_)_ __  __ _ \ \ \ \
( ( )\___ | '_ | '_| | '_ \/ _` | \ \ \ \
 \\/  ___)| |_)| | | | | || (_| |  ) ) ) )
  '  |____| .__|_| |_|_| |_\__, | / / / /
 =========|_|==============|___/=/_/_/_/
 :: Spring Boot ::                (v2.6.3)

2024-05-17 18:04:49.329  WARN 26090 --- [           main] ubernetesProfileEnvironmentPostProcessor : Not running inside kubernetes. Skipping 'kubernetes' profile activation.
2024-05-17 18:04:49.330  INFO 26090 --- [           main] ubernetesEnabledSecretsAndConfigDisabled : No active profile set, falling back to default profiles: default
2024-05-17 18:04:49.713  INFO 26090 --- [           main] o.s.cloud.context.scope.GenericScope     : BeanFactory id=28f5efda-2be0-3ec4-9d06-389d7832aa32
2024-05-17 18:04:49.819  INFO 26090 --- [           main] o.s.b.w.embedded.tomcat.TomcatWebServer  : Tomcat initialized with port(s): 0 (http)
2024-05-17 18:04:49.820  INFO 26090 --- [           main] o.apache.catalina.core.StandardService   : Starting service [Tomcat]
2024-05-17 18:04:49.820  INFO 26090 --- [           main] org.apache.catalina.core.StandardEngine  : Starting Servlet engine: [Apache Tomcat/9.0.56]
2024-05-17 18:04:49.830  INFO 26090 --- [           main] o.a.c.c.C.[Tomcat-9].[localhost].[/]     : Initializing Spring embedded WebApplicationContext
2024-05-17 18:04:49.830  INFO 26090 --- [           main] w.s.c.ServletWebServerApplicationContext : Root WebApplicationContext: initialization completed in 500 ms
2024-05-17 18:04:50.485  INFO 26090 --- [           main] o.s.b.a.e.web.EndpointLinksResolver      : Exposing 1 endpoint(s) beneath base path '/actuator'
2024-05-17 18:04:50.522  INFO 26090 --- [           main] o.s.b.w.embedded.tomcat.TomcatWebServer  : Tomcat started on port(s): 39751 (http) with context path ''
2024-05-17 18:04:50.527  INFO 26090 --- [           main] ubernetesEnabledSecretsAndConfigDisabled : Started Fabric8BootstrapConfigurationTests.KubernetesEnabledSecretsAndConfigDisabled in 1.294 seconds (JVM running for 24.999)
2024-05-17 18:04:50.538  INFO 26090 --- [WebServer 32993] okhttp3.mockwebserver.MockWebServer      : MockWebServer[32993] starting to accept connections
2024-05-17 18:04:50.543  INFO 26090 --- [WebServer 41357] okhttp3.mockwebserver.MockWebServer      : MockWebServer[41357] starting to accept connections
2024-05-17 18:04:50.544  INFO 26090 --- [           main] .b.t.c.SpringBootTestContextBootstrapper : Neither @ContextConfiguration nor @ContextHierarchy found for test class [org.springframework.cloud.kubernetes.fabric8.config.Fabric8SecretsPropertySourceLocatorRetryTests$SecretsRetryEnabled], using SpringBootContextLoader
2024-05-17 18:04:50.544  INFO 26090 --- [           main] o.s.t.c.support.AbstractContextLoader    : Could not detect default resource locations for test class [org.springframework.cloud.kubernetes.fabric8.config.Fabric8SecretsPropertySourceLocatorRetryTests$SecretsRetryEnabled]: no resource found for suffixes {-context.xml, Context.groovy}.
2024-05-17 18:04:50.546  INFO 26090 --- [           main] .b.t.c.SpringBootTestContextBootstrapper : Loaded default TestExecutionListener class names from location [META-INF/spring.factories]: [org.springframework.boot.test.mock.mockito.MockitoTestExecutionListener, org.springframework.boot.test.mock.mockito.ResetMocksTestExecutionListener, org.springframework.boot.test.autoconfigure.restdocs.RestDocsTestExecutionListener, org.springframework.boot.test.autoconfigure.web.client.MockRestServiceServerResetTestExecutionListener, org.springframework.boot.test.autoconfigure.web.servlet.MockMvcPrintOnlyOnFailureTestExecutionListener, org.springframework.boot.test.autoconfigure.web.servlet.WebDriverTestExecutionListener, org.springframework.boot.test.autoconfigure.webservices.client.MockWebServiceServerTestExecutionListener, org.springframework.test.context.web.ServletTestExecutionListener, org.springframework.test.context.support.DirtiesContextBeforeModesTestExecutionListener, org.springframework.test.context.event.ApplicationEventsTestExecutionListener, org.springframework.test.context.support.DependencyInjectionTestExecutionListener, org.springframework.test.context.support.DirtiesContextTestExecutionListener, org.springframework.test.context.transaction.TransactionalTestExecutionListener, org.springframework.test.context.jdbc.SqlScriptsTestExecutionListener, org.springframework.test.context.event.EventPublishingTestExecutionListener, org.spockframework.spring.SpringMockTestExecutionListener]
2024-05-17 18:04:50.547  INFO 26090 --- [           main] .b.t.c.SpringBootTestContextBootstrapper : Using TestExecutionListeners: [org.springframework.test.context.web.ServletTestExecutionListener@f0a6b04, org.springframework.test.context.support.DirtiesContextBeforeModesTestExecutionListener@677480c8, org.springframework.test.context.event.ApplicationEventsTestExecutionListener@5a1f4fa4, org.springframework.boot.test.mock.mockito.MockitoTestExecutionListener@5a271f3b, org.springframework.boot.test.autoconfigure.SpringBootDependencyInjectionTestExecutionListener@6291d30, org.springframework.test.context.support.DirtiesContextTestExecutionListener@4518bffd, org.springframework.test.context.event.EventPublishingTestExecutionListener@65daaa95, org.springframework.boot.test.mock.mockito.ResetMocksTestExecutionListener@7e6bfd2, org.springframework.boot.test.autoconfigure.restdocs.RestDocsTestExecutionListener@49e8f283, org.springframework.boot.test.autoconfigure.web.client.MockRestServiceServerResetTestExecutionListener@490f4b14, org.springframework.boot.test.autoconfigure.web.servlet.MockMvcPrintOnlyOnFailureTestExecutionListener@7931cea2, org.springframework.boot.test.autoconfigure.web.servlet.WebDriverTestExecutionListener@4b9be679, org.springframework.boot.test.autoconfigure.webservices.client.MockWebServiceServerTestExecutionListener@45e97963, org.spockframework.spring.SpringMockTestExecutionListener@768dcd21]
2024-05-17 18:04:50.586  WARN 26090 --- [           main] ubernetesProfileEnvironmentPostProcessor : Not running inside kubernetes. Skipping 'kubernetes' profile activation.
2024-05-17 18:04:50.617  INFO 26090 --- [           main] trationDelegate$BeanPostProcessorChecker : Bean 'org.springframework.retry.annotation.RetryConfiguration' of type [org.springframework.retry.annotation.RetryConfiguration] is not eligible for getting processed by all BeanPostProcessors (for example: not eligible for auto-proxying)

  .   ____          _            __ _ _
 /\\ / ___'_ __ _ _(_)_ __  __ _ \ \ \ \
( ( )\___ | '_ | '_| | '_ \/ _` | \ \ \ \
 \\/  ___)| |_)| | | | | || (_| |  ) ) ) )
  '  |____| .__|_| |_|_| |_\__, | / / / /
 =========|_|==============|___/=/_/_/_/
 :: Spring Boot ::                (v2.6.3)

2024-05-17 18:04:50.664  INFO 26090 --- [           main] s.c.k.f.c.Fabric8ConfigMapPropertySource : Loading ConfigMap with name 'application' in namespace 'default'
2024-05-17 18:04:50.761  INFO 26090 --- [127.0.0.1:33612] okhttp3.mockwebserver.MockWebServer      : MockWebServer[32993] received request: GET /api/v1/namespaces/default/configmaps/application HTTP/1.1 and responded: HTTP/1.1 404 Client Error
2024-05-17 18:04:50.764  INFO 26090 --- [           main] o.s.c.k.f.config.Fabric8ConfigUtils      : config-map with name : 'application' not present in namespace : 'default'
2024-05-17 18:04:50.765  INFO 26090 --- [           main] b.c.PropertySourceBootstrapConfiguration : Located property source: [BootstrapPropertySource {name='bootstrapProperties-configmap.application.default'}]
2024-05-17 18:04:50.765  INFO 26090 --- [           main] o.s.c.k.f.c.Fabric8SecretsPropertySource : Loading Secret with name 'my-secret' or with labels [{}] in namespace 'default'
2024-05-17 18:04:50.766  INFO 26090 --- [127.0.0.1:33612] okhttp3.mockwebserver.MockWebServer      : MockWebServer[32993] received request: GET /api/v1/namespaces/default/secrets/my-secret HTTP/1.1 and responded: HTTP/1.1 404 Client Error
2024-05-17 18:04:50.766  WARN 26090 --- [           main] o.s.c.k.f.c.Fabric8SecretsPropertySource : secret with name : my-secret in namespace : default not found
2024-05-17 18:04:50.767  INFO 26090 --- [127.0.0.1:33612] okhttp3.mockwebserver.MockWebServer      : MockWebServer[32993] received request: GET /api/v1/namespaces/default/secrets HTTP/1.1 and responded: HTTP/1.1 200 OK
2024-05-17 18:04:50.808  INFO 26090 --- [           main] b.c.PropertySourceBootstrapConfiguration : Located property source: [BootstrapPropertySource {name='bootstrapProperties-secrets.my-secret.default'}]
2024-05-17 18:04:50.811  WARN 26090 --- [           main] ubernetesProfileEnvironmentPostProcessor : Not running inside kubernetes. Skipping 'kubernetes' profile activation.
2024-05-17 18:04:50.811  INFO 26090 --- [           main] rceLocatorRetryTests$SecretsRetryEnabled : No active profile set, falling back to default profiles: default
2024-05-17 18:04:51.126  INFO 26090 --- [           main] o.s.cloud.context.scope.GenericScope     : BeanFactory id=94652287-2eb9-367e-b08b-eea09b3b2900
2024-05-17 18:04:51.495  INFO 26090 --- [           main] rceLocatorRetryTests$SecretsRetryEnabled : Started Fabric8SecretsPropertySourceLocatorRetryTests.SecretsRetryEnabled in 0.946 seconds (JVM running for 25.967)
2024-05-17 18:04:51.501  INFO 26090 --- [WebServer 56511] okhttp3.mockwebserver.MockWebServer      : MockWebServer[56511] starting to accept connections
2024-05-17 18:04:51.506  INFO 26090 --- [           main] o.s.c.k.f.c.Fabric8SecretsPropertySource : Loading Secret with name 'my-secret' or with labels [{}] in namespace 'default'
2024-05-17 18:04:51.507  INFO 26090 --- [127.0.0.1:33612] okhttp3.mockwebserver.MockWebServer      : MockWebServer[32993] received request: GET /api/v1/namespaces/default/secrets/my-secret HTTP/1.1 and responded: HTTP/1.1 200 OK
2024-05-17 18:04:51.510  INFO 26090 --- [127.0.0.1:33612] okhttp3.mockwebserver.MockWebServer      : MockWebServer[32993] received request: GET /api/v1/namespaces/default/secrets HTTP/1.1 and responded: HTTP/1.1 200 OK
2024-05-17 18:04:51.554  INFO 26090 --- [WebServer 56511] okhttp3.mockwebserver.MockWebServer      : MockWebServer[56511] done accepting connections: Socket closed
2024-05-17 18:04:51.558  INFO 26090 --- [WebServer 45925] okhttp3.mockwebserver.MockWebServer      : MockWebServer[45925] starting to accept connections
2024-05-17 18:04:51.569  INFO 26090 --- [WebServer 36409] okhttp3.mockwebserver.MockWebServer      : MockWebServer[36409] starting to accept connections
2024-05-17 18:04:51.571  INFO 26090 --- [WebServer 36409] okhttp3.mockwebserver.MockWebServer      : MockWebServer[36409] done accepting connections: Socket closed
2024-05-17 18:04:51.576  INFO 26090 --- [           main] .b.t.c.SpringBootTestContextBootstrapper : Neither @ContextConfiguration nor @ContextHierarchy found for test class [org.springframework.cloud.kubernetes.fabric8.config.CoreTestClientViaSystemProperties], using SpringBootContextLoader
2024-05-17 18:04:51.577  INFO 26090 --- [           main] o.s.t.c.support.AbstractContextLoader    : Could not detect default resource locations for test class [org.springframework.cloud.kubernetes.fabric8.config.CoreTestClientViaSystemProperties]: no resource found for suffixes {-context.xml, Context.groovy}.
2024-05-17 18:04:51.582  INFO 26090 --- [           main] .b.t.c.SpringBootTestContextBootstrapper : Loaded default TestExecutionListener class names from location [META-INF/spring.factories]: [org.springframework.boot.test.mock.mockito.MockitoTestExecutionListener, org.springframework.boot.test.mock.mockito.ResetMocksTestExecutionListener, org.springframework.boot.test.autoconfigure.restdocs.RestDocsTestExecutionListener, org.springframework.boot.test.autoconfigure.web.client.MockRestServiceServerResetTestExecutionListener, org.springframework.boot.test.autoconfigure.web.servlet.MockMvcPrintOnlyOnFailureTestExecutionListener, org.springframework.boot.test.autoconfigure.web.servlet.WebDriverTestExecutionListener, org.springframework.boot.test.autoconfigure.webservices.client.MockWebServiceServerTestExecutionListener, org.springframework.test.context.web.ServletTestExecutionListener, org.springframework.test.context.support.DirtiesContextBeforeModesTestExecutionListener, org.springframework.test.context.event.ApplicationEventsTestExecutionListener, org.springframework.test.context.support.DependencyInjectionTestExecutionListener, org.springframework.test.context.support.DirtiesContextTestExecutionListener, org.springframework.test.context.transaction.TransactionalTestExecutionListener, org.springframework.test.context.jdbc.SqlScriptsTestExecutionListener, org.springframework.test.context.event.EventPublishingTestExecutionListener, org.spockframework.spring.SpringMockTestExecutionListener]
2024-05-17 18:04:51.587  INFO 26090 --- [           main] .b.t.c.SpringBootTestContextBootstrapper : Using TestExecutionListeners: [org.springframework.test.context.web.ServletTestExecutionListener@5278bc6d, org.springframework.test.context.support.DirtiesContextBeforeModesTestExecutionListener@2ba3b4a6, org.springframework.test.context.event.ApplicationEventsTestExecutionListener@44473749, org.springframework.boot.test.mock.mockito.MockitoTestExecutionListener@edfe8d, org.springframework.boot.test.autoconfigure.SpringBootDependencyInjectionTestExecutionListener@1761b129, org.springframework.test.context.support.DirtiesContextTestExecutionListener@21d131e7, org.springframework.test.context.event.EventPublishingTestExecutionListener@5c51a7eb, org.springframework.boot.test.mock.mockito.ResetMocksTestExecutionListener@3327337a, org.springframework.boot.test.autoconfigure.restdocs.RestDocsTestExecutionListener@29d534ce, org.springframework.boot.test.autoconfigure.web.client.MockRestServiceServerResetTestExecutionListener@1a3761a, org.springframework.boot.test.autoconfigure.web.servlet.MockMvcPrintOnlyOnFailureTestExecutionListener@509cf73a, org.springframework.boot.test.autoconfigure.web.servlet.WebDriverTestExecutionListener@5aaab2b0, org.springframework.boot.test.autoconfigure.webservices.client.MockWebServiceServerTestExecutionListener@5ad98e6f, org.spockframework.spring.SpringMockTestExecutionListener@40503088]
2024-05-17 18:04:51.654  WARN 26090 --- [           main] ubernetesProfileEnvironmentPostProcessor : Not running inside kubernetes. Skipping 'kubernetes' profile activation.

  .   ____          _            __ _ _
 /\\ / ___'_ __ _ _(_)_ __  __ _ \ \ \ \
( ( )\___ | '_ | '_| | '_ \/ _` | \ \ \ \
 \\/  ___)| |_)| | | | | || (_| |  ) ) ) )
  '  |____| .__|_| |_|_| |_\__, | / / / /
 =========|_|==============|___/=/_/_/_/
 :: Spring Boot ::                (v2.6.3)

2024-05-17 18:04:51.715  WARN 26090 --- [           main] ubernetesProfileEnvironmentPostProcessor : Not running inside kubernetes. Skipping 'kubernetes' profile activation.
2024-05-17 18:04:51.715  INFO 26090 --- [           main] .k.f.c.CoreTestClientViaSystemProperties : No active profile set, falling back to default profiles: default
2024-05-17 18:04:52.054  INFO 26090 --- [           main] o.s.cloud.context.scope.GenericScope     : BeanFactory id=84b71cfc-8942-3f46-b1ff-f22a03fbdcf2
2024-05-17 18:04:52.797  WARN 26090 --- [           main] i.f.kubernetes.client.internal.SSLUtils  : SSL handshake failed. Falling back to insecure connection.
2024-05-17 18:04:52.798  WARN 26090 --- [           main] i.f.kubernetes.client.internal.SSLUtils  : SSL handshake failed. Falling back to insecure connection.
2024-05-17 18:04:53.011  INFO 26090 --- [           main] o.s.b.a.e.web.EndpointLinksResolver      : Exposing 1 endpoint(s) beneath base path '/actuator'
2024-05-17 18:04:53.047  INFO 26090 --- [           main] .k.f.c.CoreTestClientViaSystemProperties : Started CoreTestClientViaSystemProperties in 1.451 seconds (JVM running for 27.519)
2024-05-17 18:04:53.068  INFO 26090 --- [           main] .b.t.c.SpringBootTestContextBootstrapper : Neither @ContextConfiguration nor @ContextHierarchy found for test class [org.springframework.cloud.kubernetes.fabric8.config.MultipleConfigMapsTests], using SpringBootContextLoader
2024-05-17 18:04:53.069  INFO 26090 --- [           main] o.s.t.c.support.AbstractContextLoader    : Could not detect default resource locations for test class [org.springframework.cloud.kubernetes.fabric8.config.MultipleConfigMapsTests]: no resource found for suffixes {-context.xml, Context.groovy}.
2024-05-17 18:04:53.071  INFO 26090 --- [           main] .b.t.c.SpringBootTestContextBootstrapper : Loaded default TestExecutionListener class names from location [META-INF/spring.factories]: [org.springframework.boot.test.mock.mockito.MockitoTestExecutionListener, org.springframework.boot.test.mock.mockito.ResetMocksTestExecutionListener, org.springframework.boot.test.autoconfigure.restdocs.RestDocsTestExecutionListener, org.springframework.boot.test.autoconfigure.web.client.MockRestServiceServerResetTestExecutionListener, org.springframework.boot.test.autoconfigure.web.servlet.MockMvcPrintOnlyOnFailureTestExecutionListener, org.springframework.boot.test.autoconfigure.web.servlet.WebDriverTestExecutionListener, org.springframework.boot.test.autoconfigure.webservices.client.MockWebServiceServerTestExecutionListener, org.springframework.test.context.web.ServletTestExecutionListener, org.springframework.test.context.support.DirtiesContextBeforeModesTestExecutionListener, org.springframework.test.context.event.ApplicationEventsTestExecutionListener, org.springframework.test.context.support.DependencyInjectionTestExecutionListener, org.springframework.test.context.support.DirtiesContextTestExecutionListener, org.springframework.test.context.transaction.TransactionalTestExecutionListener, org.springframework.test.context.jdbc.SqlScriptsTestExecutionListener, org.springframework.test.context.event.EventPublishingTestExecutionListener, org.spockframework.spring.SpringMockTestExecutionListener]
2024-05-17 18:04:53.073  INFO 26090 --- [           main] .b.t.c.SpringBootTestContextBootstrapper : Using TestExecutionListeners: [org.springframework.test.context.web.ServletTestExecutionListener@6f83db89, org.springframework.test.context.support.DirtiesContextBeforeModesTestExecutionListener@51102651, org.springframework.test.context.event.ApplicationEventsTestExecutionListener@10dba2e3, org.springframework.boot.test.mock.mockito.MockitoTestExecutionListener@550b19d1, org.springframework.boot.test.autoconfigure.SpringBootDependencyInjectionTestExecutionListener@24a5df6a, org.springframework.test.context.support.DirtiesContextTestExecutionListener@74d74701, org.springframework.test.context.event.EventPublishingTestExecutionListener@39562fc2, org.springframework.boot.test.mock.mockito.ResetMocksTestExecutionListener@349e6ca8, org.springframework.boot.test.autoconfigure.restdocs.RestDocsTestExecutionListener@3e4aabde, org.springframework.boot.test.autoconfigure.web.client.MockRestServiceServerResetTestExecutionListener@70eb0c59, org.springframework.boot.test.autoconfigure.web.servlet.MockMvcPrintOnlyOnFailureTestExecutionListener@78cb15b9, org.springframework.boot.test.autoconfigure.web.servlet.WebDriverTestExecutionListener@3f77cd24, org.springframework.boot.test.autoconfigure.webservices.client.MockWebServiceServerTestExecutionListener@5408854f, org.spockframework.spring.SpringMockTestExecutionListener@7ca9c253]
2024-05-17 18:04:53.075  INFO 26090 --- [WebServer 42953] okhttp3.mockwebserver.MockWebServer      : MockWebServer[42953] starting to accept connections
2024-05-17 18:04:53.081  INFO 26090 --- [127.0.0.1:43396] okhttp3.mockwebserver.MockWebServer      : MockWebServer[42953] received request: POST /api/v1/namespaces/defnamespace/configmaps HTTP/1.1 and responded: HTTP/1.1 200 OK
2024-05-17 18:04:53.088  INFO 26090 --- [127.0.0.1:43396] okhttp3.mockwebserver.MockWebServer      : MockWebServer[42953] received request: POST /api/v1/namespaces/s2/configmaps HTTP/1.1 and responded: HTTP/1.1 200 OK
2024-05-17 18:04:53.134  INFO 26090 --- [127.0.0.1:43396] okhttp3.mockwebserver.MockWebServer      : MockWebServer[42953] received request: POST /api/v1/namespaces/othernamespace/configmaps HTTP/1.1 and responded: HTTP/1.1 200 OK
2024-05-17 18:04:53.220  WARN 26090 --- [           main] ubernetesProfileEnvironmentPostProcessor : Not running inside kubernetes. Skipping 'kubernetes' profile activation.

  .   ____          _            __ _ _
 /\\ / ___'_ __ _ _(_)_ __  __ _ \ \ \ \
( ( )\___ | '_ | '_| | '_ \/ _` | \ \ \ \
 \\/  ___)| |_)| | | | | || (_| |  ) ) ) )
  '  |____| .__|_| |_|_| |_\__, | / / / /
 =========|_|==============|___/=/_/_/_/
 :: Spring Boot ::                (v2.6.3)

2024-05-17 18:04:53.308  INFO 26090 --- [           main] s.c.k.f.c.Fabric8ConfigMapPropertySource : Loading ConfigMap with name 's1' in namespace 'defnamespace'
2024-05-17 18:04:53.311  INFO 26090 --- [127.0.0.1:43400] okhttp3.mockwebserver.MockWebServer      : MockWebServer[42953] received request: GET /api/v1/namespaces/defnamespace/configmaps/s1 HTTP/1.1 and responded: HTTP/1.1 200 OK
2024-05-17 18:04:53.314  INFO 26090 --- [           main] s.c.k.f.c.Fabric8ConfigMapPropertySource : Loading ConfigMap with name 'defname' in namespace 's2'
2024-05-17 18:04:53.315  INFO 26090 --- [127.0.0.1:43400] okhttp3.mockwebserver.MockWebServer      : MockWebServer[42953] received request: GET /api/v1/namespaces/s2/configmaps/defname HTTP/1.1 and responded: HTTP/1.1 200 OK
2024-05-17 18:04:53.356  INFO 26090 --- [           main] s.c.k.f.c.Fabric8ConfigMapPropertySource : Loading ConfigMap with name 'othername' in namespace 'othernamespace'
2024-05-17 18:04:53.357  INFO 26090 --- [127.0.0.1:43400] okhttp3.mockwebserver.MockWebServer      : MockWebServer[42953] received request: GET /api/v1/namespaces/othernamespace/configmaps/othername HTTP/1.1 and responded: HTTP/1.1 200 OK
2024-05-17 18:04:53.399  INFO 26090 --- [           main] b.c.PropertySourceBootstrapConfiguration : Located property source: [BootstrapPropertySource {name='bootstrapProperties-configmap.othername.othernamespace'}, BootstrapPropertySource {name='bootstrapProperties-configmap.defname.s2'}, BootstrapPropertySource {name='bootstrapProperties-configmap.s1.defnamespace'}]
2024-05-17 18:04:53.404  WARN 26090 --- [           main] ubernetesProfileEnvironmentPostProcessor : Not running inside kubernetes. Skipping 'kubernetes' profile activation.
2024-05-17 18:04:53.405  INFO 26090 --- [           main] o.s.c.k.f.c.MultipleConfigMapsTests      : No active profile set, falling back to default profiles: default
2024-05-17 18:04:53.587  INFO 26090 --- [           main] o.s.cloud.context.scope.GenericScope     : BeanFactory id=012be945-5008-354a-8a47-8e5e16a24aa5
2024-05-17 18:04:53.695  INFO 26090 --- [           main] o.s.b.w.embedded.tomcat.TomcatWebServer  : Tomcat initialized with port(s): 0 (http)
2024-05-17 18:04:53.696  INFO 26090 --- [           main] o.apache.catalina.core.StandardService   : Starting service [Tomcat]
2024-05-17 18:04:53.696  INFO 26090 --- [           main] org.apache.catalina.core.StandardEngine  : Starting Servlet engine: [Apache Tomcat/9.0.56]
2024-05-17 18:04:53.705  INFO 26090 --- [           main] o.a.c.c.C.[Tomcat-10].[localhost].[/]    : Initializing Spring embedded WebApplicationContext
2024-05-17 18:04:53.705  INFO 26090 --- [           main] w.s.c.ServletWebServerApplicationContext : Root WebApplicationContext: initialization completed in 299 ms
2024-05-17 18:04:54.217  INFO 26090 --- [           main] o.s.b.a.e.web.EndpointLinksResolver      : Exposing 1 endpoint(s) beneath base path '/actuator'
2024-05-17 18:04:54.259  INFO 26090 --- [           main] o.s.b.w.embedded.tomcat.TomcatWebServer  : Tomcat started on port(s): 39209 (http) with context path ''
2024-05-17 18:04:54.265  INFO 26090 --- [           main] o.s.c.k.f.c.MultipleConfigMapsTests      : Started MultipleConfigMapsTests in 1.088 seconds (JVM running for 28.736)
2024-05-17 18:04:54.275  INFO 26090 --- [WebServer 54179] okhttp3.mockwebserver.MockWebServer      : MockWebServer[54179] starting to accept connections
2024-05-17 18:04:54.285  INFO 26090 --- [-auto-11-exec-1] o.a.c.c.C.[Tomcat-10].[localhost].[/]    : Initializing Spring DispatcherServlet 'dispatcherServlet'
2024-05-17 18:04:54.285  INFO 26090 --- [-auto-11-exec-1] o.s.web.servlet.DispatcherServlet        : Initializing Servlet 'dispatcherServlet'
2024-05-17 18:04:54.286  INFO 26090 --- [-auto-11-exec-1] o.s.web.servlet.DispatcherServlet        : Completed initialization in 1 ms
2024-05-17 18:04:54.294  INFO 26090 --- [WebServer 54179] okhttp3.mockwebserver.MockWebServer      : MockWebServer[54179] done accepting connections: Socket closed
2024-05-17 18:04:54.299  INFO 26090 --- [WebServer 51597] okhttp3.mockwebserver.MockWebServer      : MockWebServer[51597] starting to accept connections
2024-05-17 18:04:54.302  INFO 26090 --- [WebServer 57505] okhttp3.mockwebserver.MockWebServer      : MockWebServer[57505] starting to accept connections
2024-05-17 18:04:54.303  INFO 26090 --- [           main] o.s.c.k.f.c.Fabric8SecretsPropertySource : Loading Secret with name 'my-config' or with labels [{}] in namespace 'default'
2024-05-17 18:04:54.401  INFO 26090 --- [127.0.0.1:60166] okhttp3.mockwebserver.MockWebServer      : MockWebServer[57505] received request: GET /api/v1/namespaces/default/secrets/my-config HTTP/1.1 and responded: HTTP/1.1 500 Server Error
2024-05-17 18:04:54.443  WARN 26090 --- [           main] o.s.c.k.f.c.Fabric8SecretsPropertySource : Can't read secret with name: [my-config] or labels [{}] in namespace: [default] (cause: Failure executing: GET at: https://localhost:57505/api/v1/namespaces/default/secrets/my-config. Message: Internal Server Error.). Ignoring
2024-05-17 18:04:54.444  INFO 26090 --- [WebServer 57505] okhttp3.mockwebserver.MockWebServer      : MockWebServer[57505] done accepting connections: Socket closed
2024-05-17 18:04:54.463  INFO 26090 --- [           main] .b.t.c.SpringBootTestContextBootstrapper : Neither @ContextConfiguration nor @ContextHierarchy found for test class [org.springframework.cloud.kubernetes.fabric8.config.Fabric8ActuatorTests$EnabledHealthTest], using SpringBootContextLoader
2024-05-17 18:04:54.465  INFO 26090 --- [           main] o.s.t.c.support.AbstractContextLoader    : Could not detect default resource locations for test class [org.springframework.cloud.kubernetes.fabric8.config.Fabric8ActuatorTests$EnabledHealthTest]: no resource found for suffixes {-context.xml, Context.groovy}.
2024-05-17 18:04:54.468  INFO 26090 --- [           main] .b.t.c.SpringBootTestContextBootstrapper : Loaded default TestExecutionListener class names from location [META-INF/spring.factories]: [org.springframework.boot.test.mock.mockito.MockitoTestExecutionListener, org.springframework.boot.test.mock.mockito.ResetMocksTestExecutionListener, org.springframework.boot.test.autoconfigure.restdocs.RestDocsTestExecutionListener, org.springframework.boot.test.autoconfigure.web.client.MockRestServiceServerResetTestExecutionListener, org.springframework.boot.test.autoconfigure.web.servlet.MockMvcPrintOnlyOnFailureTestExecutionListener, org.springframework.boot.test.autoconfigure.web.servlet.WebDriverTestExecutionListener, org.springframework.boot.test.autoconfigure.webservices.client.MockWebServiceServerTestExecutionListener, org.springframework.test.context.web.ServletTestExecutionListener, org.springframework.test.context.support.DirtiesContextBeforeModesTestExecutionListener, org.springframework.test.context.event.ApplicationEventsTestExecutionListener, org.springframework.test.context.support.DependencyInjectionTestExecutionListener, org.springframework.test.context.support.DirtiesContextTestExecutionListener, org.springframework.test.context.transaction.TransactionalTestExecutionListener, org.springframework.test.context.jdbc.SqlScriptsTestExecutionListener, org.springframework.test.context.event.EventPublishingTestExecutionListener, org.spockframework.spring.SpringMockTestExecutionListener]
2024-05-17 18:04:54.471  INFO 26090 --- [           main] .b.t.c.SpringBootTestContextBootstrapper : Using TestExecutionListeners: [org.springframework.test.context.web.ServletTestExecutionListener@667c2066, org.springframework.test.context.support.DirtiesContextBeforeModesTestExecutionListener@61ecb1c8, org.springframework.test.context.event.ApplicationEventsTestExecutionListener@11c94cf7, org.springframework.boot.test.mock.mockito.MockitoTestExecutionListener@3c21bab4, org.springframework.boot.test.autoconfigure.SpringBootDependencyInjectionTestExecutionListener@3b59d246, org.springframework.test.context.support.DirtiesContextTestExecutionListener@3fbf4614, org.springframework.test.context.event.EventPublishingTestExecutionListener@64ca0be0, org.springframework.boot.test.mock.mockito.ResetMocksTestExecutionListener@550fe9d7, org.springframework.boot.test.autoconfigure.restdocs.RestDocsTestExecutionListener@2031cad2, org.springframework.boot.test.autoconfigure.web.client.MockRestServiceServerResetTestExecutionListener@65fbb726, org.springframework.boot.test.autoconfigure.web.servlet.MockMvcPrintOnlyOnFailureTestExecutionListener@515a3572, org.springframework.boot.test.autoconfigure.web.servlet.WebDriverTestExecutionListener@7b313fdf, org.springframework.boot.test.autoconfigure.webservices.client.MockWebServiceServerTestExecutionListener@55781d31, org.spockframework.spring.SpringMockTestExecutionListener@6d02c23f]
2024-05-17 18:04:54.526  WARN 26090 --- [           main] ubernetesProfileEnvironmentPostProcessor : Not running inside kubernetes. Skipping 'kubernetes' profile activation.

  .   ____          _            __ _ _
 /\\ / ___'_ __ _ _(_)_ __  __ _ \ \ \ \
( ( )\___ | '_ | '_| | '_ \/ _` | \ \ \ \
 \\/  ___)| |_)| | | | | || (_| |  ) ) ) )
  '  |____| .__|_| |_|_| |_\__, | / / / /
 =========|_|==============|___/=/_/_/_/
 :: Spring Boot ::                (v2.6.3)

2024-05-17 18:04:54.586  WARN 26090 --- [           main] ubernetesProfileEnvironmentPostProcessor : Not running inside kubernetes. Skipping 'kubernetes' profile activation.
2024-05-17 18:04:54.586  INFO 26090 --- [           main] c.Fabric8ActuatorTests$EnabledHealthTest : No active profile set, falling back to default profiles: default
2024-05-17 18:04:54.728  INFO 26090 --- [           main] o.s.cloud.context.scope.GenericScope     : BeanFactory id=cf6232b6-8180-3b95-aacc-818afebc75eb
2024-05-17 18:04:54.823  INFO 26090 --- [           main] o.s.b.w.embedded.tomcat.TomcatWebServer  : Tomcat initialized with port(s): 0 (http)
2024-05-17 18:04:54.824  INFO 26090 --- [           main] o.apache.catalina.core.StandardService   : Starting service [Tomcat]
2024-05-17 18:04:54.824  INFO 26090 --- [           main] org.apache.catalina.core.StandardEngine  : Starting Servlet engine: [Apache Tomcat/9.0.56]
2024-05-17 18:04:54.832  INFO 26090 --- [           main] o.a.c.c.C.[Tomcat-11].[localhost].[/]    : Initializing Spring embedded WebApplicationContext
2024-05-17 18:04:54.832  INFO 26090 --- [           main] w.s.c.ServletWebServerApplicationContext : Root WebApplicationContext: initialization completed in 245 ms
2024-05-17 18:04:55.412  INFO 26090 --- [           main] o.s.b.a.e.web.EndpointLinksResolver      : Exposing 1 endpoint(s) beneath base path '/actuator'
2024-05-17 18:04:55.452  INFO 26090 --- [           main] o.s.b.w.embedded.tomcat.TomcatWebServer  : Tomcat started on port(s): 43385 (http) with context path ''
2024-05-17 18:04:55.456  INFO 26090 --- [           main] c.Fabric8ActuatorTests$EnabledHealthTest : Started Fabric8ActuatorTests.EnabledHealthTest in 0.982 seconds (JVM running for 29.928)
2024-05-17 18:04:55.468  INFO 26090 --- [-auto-12-exec-1] o.a.c.c.C.[Tomcat-11].[localhost].[/]    : Initializing Spring DispatcherServlet 'dispatcherServlet'
2024-05-17 18:04:55.470  INFO 26090 --- [-auto-12-exec-1] o.s.web.servlet.DispatcherServlet        : Initializing Servlet 'dispatcherServlet'
2024-05-17 18:04:55.471  INFO 26090 --- [-auto-12-exec-1] o.s.web.servlet.DispatcherServlet        : Completed initialization in 1 ms
2024-05-17 18:04:55.509  INFO 26090 --- [WebServer 56267] okhttp3.mockwebserver.MockWebServer      : MockWebServer[56267] starting to accept connections
2024-05-17 18:04:55.512  INFO 26090 --- [WebServer 56245] okhttp3.mockwebserver.MockWebServer      : MockWebServer[56245] starting to accept connections
2024-05-17 18:04:55.513  INFO 26090 --- [           main] .b.t.c.SpringBootTestContextBootstrapper : Neither @ContextConfiguration nor @ContextHierarchy found for test class [org.springframework.cloud.kubernetes.fabric8.config.Fabric8SecretsPropertySourceLocatorRetryTests$SecretsRetryEnabled], using SpringBootContextLoader
2024-05-17 18:04:55.514  INFO 26090 --- [           main] o.s.t.c.support.AbstractContextLoader    : Could not detect default resource locations for test class [org.springframework.cloud.kubernetes.fabric8.config.Fabric8SecretsPropertySourceLocatorRetryTests$SecretsRetryEnabled]: no resource found for suffixes {-context.xml, Context.groovy}.
2024-05-17 18:04:55.515  INFO 26090 --- [           main] .b.t.c.SpringBootTestContextBootstrapper : Loaded default TestExecutionListener class names from location [META-INF/spring.factories]: [org.springframework.boot.test.mock.mockito.MockitoTestExecutionListener, org.springframework.boot.test.mock.mockito.ResetMocksTestExecutionListener, org.springframework.boot.test.autoconfigure.restdocs.RestDocsTestExecutionListener, org.springframework.boot.test.autoconfigure.web.client.MockRestServiceServerResetTestExecutionListener, org.springframework.boot.test.autoconfigure.web.servlet.MockMvcPrintOnlyOnFailureTestExecutionListener, org.springframework.boot.test.autoconfigure.web.servlet.WebDriverTestExecutionListener, org.springframework.boot.test.autoconfigure.webservices.client.MockWebServiceServerTestExecutionListener, org.springframework.test.context.web.ServletTestExecutionListener, org.springframework.test.context.support.DirtiesContextBeforeModesTestExecutionListener, org.springframework.test.context.event.ApplicationEventsTestExecutionListener, org.springframework.test.context.support.DependencyInjectionTestExecutionListener, org.springframework.test.context.support.DirtiesContextTestExecutionListener, org.springframework.test.context.transaction.TransactionalTestExecutionListener, org.springframework.test.context.jdbc.SqlScriptsTestExecutionListener, org.springframework.test.context.event.EventPublishingTestExecutionListener, org.spockframework.spring.SpringMockTestExecutionListener]
2024-05-17 18:04:55.516  INFO 26090 --- [           main] .b.t.c.SpringBootTestContextBootstrapper : Using TestExecutionListeners: [org.springframework.test.context.web.ServletTestExecutionListener@73bd7cca, org.springframework.test.context.support.DirtiesContextBeforeModesTestExecutionListener@6642ea55, org.springframework.test.context.event.ApplicationEventsTestExecutionListener@47b8f783, org.springframework.boot.test.mock.mockito.MockitoTestExecutionListener@4918f4ad, org.springframework.boot.test.autoconfigure.SpringBootDependencyInjectionTestExecutionListener@515b9a68, org.springframework.test.context.support.DirtiesContextTestExecutionListener@203ad254, org.springframework.test.context.event.EventPublishingTestExecutionListener@20be2d3f, org.springframework.boot.test.mock.mockito.ResetMocksTestExecutionListener@2e0d0819, org.springframework.boot.test.autoconfigure.restdocs.RestDocsTestExecutionListener@23885f6a, org.springframework.boot.test.autoconfigure.web.client.MockRestServiceServerResetTestExecutionListener@5556813d, org.springframework.boot.test.autoconfigure.web.servlet.MockMvcPrintOnlyOnFailureTestExecutionListener@450897d, org.springframework.boot.test.autoconfigure.web.servlet.WebDriverTestExecutionListener@425b142e, org.springframework.boot.test.autoconfigure.webservices.client.MockWebServiceServerTestExecutionListener@23497000, org.spockframework.spring.SpringMockTestExecutionListener@42f7523d]
2024-05-17 18:04:55.519  INFO 26090 --- [WebServer 50835] okhttp3.mockwebserver.MockWebServer      : MockWebServer[50835] starting to accept connections
2024-05-17 18:04:55.522  INFO 26090 --- [           main] o.s.c.k.f.c.Fabric8SecretsPropertySource : Loading Secret with name 'my-secret' or with labels [{}] in namespace 'default'
2024-05-17 18:04:55.523  INFO 26090 --- [127.0.0.1:33612] okhttp3.mockwebserver.MockWebServer      : MockWebServer[32993] received request: GET /api/v1/namespaces/default/secrets/my-secret HTTP/1.1 and responded: HTTP/1.1 404 Client Error
2024-05-17 18:04:55.523  WARN 26090 --- [           main] o.s.c.k.f.c.Fabric8SecretsPropertySource : secret with name : my-secret in namespace : default not found
2024-05-17 18:04:55.524  INFO 26090 --- [127.0.0.1:33612] okhttp3.mockwebserver.MockWebServer      : MockWebServer[32993] received request: GET /api/v1/namespaces/default/secrets HTTP/1.1 and responded: HTTP/1.1 200 OK
2024-05-17 18:04:55.577  INFO 26090 --- [WebServer 50835] okhttp3.mockwebserver.MockWebServer      : MockWebServer[50835] done accepting connections: Socket closed
java.lang.AssertionError: 
Expecting code to raise a throwable.
	at org.springframework.cloud.kubernetes.fabric8.config.Fabric8SecretsPropertySourceLocatorRetryTests$SecretsRetryEnabled.locateShouldRetryAndFail(Fabric8SecretsPropertySourceLocatorRetryTests.java:136)
	at sun.reflect.NativeMethodAccessorImpl.invoke0(Native Method)
	at sun.reflect.NativeMethodAccessorImpl.invoke(NativeMethodAccessorImpl.java:62)
	at sun.reflect.DelegatingMethodAccessorImpl.invoke(DelegatingMethodAccessorImpl.java:43)
	at java.lang.reflect.Method.invoke(Method.java:498)
	at org.junit.platform.commons.util.ReflectionUtils.invokeMethod(ReflectionUtils.java:725)
	at org.junit.jupiter.engine.execution.MethodInvocation.proceed(MethodInvocation.java:60)
	at org.junit.jupiter.engine.execution.InvocationInterceptorChain$ValidatingInvocation.proceed(InvocationInterceptorChain.java:131)
	at org.junit.jupiter.engine.extension.TimeoutExtension.intercept(TimeoutExtension.java:149)
	at org.junit.jupiter.engine.extension.TimeoutExtension.interceptTestableMethod(TimeoutExtension.java:140)
	at org.junit.jupiter.engine.extension.TimeoutExtension.interceptTestMethod(TimeoutExtension.java:84)
	at org.junit.jupiter.engine.execution.ExecutableInvoker$ReflectiveInterceptorCall.lambda$ofVoidMethod$0(ExecutableInvoker.java:115)
	at org.junit.jupiter.engine.execution.ExecutableInvoker.lambda$invoke$0(ExecutableInvoker.java:105)
	at org.junit.jupiter.engine.execution.InvocationInterceptorChain$InterceptedInvocation.proceed(InvocationInterceptorChain.java:106)
	at org.junit.jupiter.engine.execution.InvocationInterceptorChain.proceed(InvocationInterceptorChain.java:64)
	at org.junit.jupiter.engine.execution.InvocationInterceptorChain.chainAndInvoke(InvocationInterceptorChain.java:45)
	at org.junit.jupiter.engine.execution.InvocationInterceptorChain.invoke(InvocationInterceptorChain.java:37)
	at org.junit.jupiter.engine.execution.ExecutableInvoker.invoke(ExecutableInvoker.java:104)
	at org.junit.jupiter.engine.execution.ExecutableInvoker.invoke(ExecutableInvoker.java:98)
	at org.junit.jupiter.engine.descriptor.TestMethodTestDescriptor.lambda$invokeTestMethod$7(TestMethodTestDescriptor.java:214)
	at org.junit.platform.engine.support.hierarchical.ThrowableCollector.execute(ThrowableCollector.java:73)
	at org.junit.jupiter.engine.descriptor.TestMethodTestDescriptor.invokeTestMethod(TestMethodTestDescriptor.java:210)
	at org.junit.jupiter.engine.descriptor.TestMethodTestDescriptor.execute(TestMethodTestDescriptor.java:135)
	at org.junit.jupiter.engine.descriptor.TestMethodTestDescriptor.execute(TestMethodTestDescriptor.java:66)
	at org.junit.platform.engine.support.hierarchical.NodeTestTask.lambda$executeRecursively$6(NodeTestTask.java:151)
	at org.junit.platform.engine.support.hierarchical.ThrowableCollector.execute(ThrowableCollector.java:73)
	at org.junit.platform.engine.support.hierarchical.NodeTestTask.lambda$executeRecursively$8(NodeTestTask.java:141)
	at org.junit.platform.engine.support.hierarchical.Node.around(Node.java:137)
	at org.junit.platform.engine.support.hierarchical.NodeTestTask.lambda$executeRecursively$9(NodeTestTask.java:139)
	at org.junit.platform.engine.support.hierarchical.ThrowableCollector.execute(ThrowableCollector.java:73)
	at org.junit.platform.engine.support.hierarchical.NodeTestTask.executeRecursively(NodeTestTask.java:138)
	at org.junit.platform.engine.support.hierarchical.NodeTestTask.execute(NodeTestTask.java:95)
	at java.util.ArrayList.forEach(ArrayList.java:1259)
	at org.junit.platform.engine.support.hierarchical.SameThreadHierarchicalTestExecutorService.invokeAll(SameThreadHierarchicalTestExecutorService.java:41)
	at org.junit.platform.engine.support.hierarchical.NodeTestTask.lambda$executeRecursively$6(NodeTestTask.java:155)
	at org.junit.platform.engine.support.hierarchical.ThrowableCollector.execute(ThrowableCollector.java:73)
	at org.junit.platform.engine.support.hierarchical.NodeTestTask.lambda$executeRecursively$8(NodeTestTask.java:141)
	at org.junit.platform.engine.support.hierarchical.Node.around(Node.java:137)
	at org.junit.platform.engine.support.hierarchical.NodeTestTask.lambda$executeRecursively$9(NodeTestTask.java:139)
	at org.junit.platform.engine.support.hierarchical.ThrowableCollector.execute(ThrowableCollector.java:73)
	at org.junit.platform.engine.support.hierarchical.NodeTestTask.executeRecursively(NodeTestTask.java:138)
	at org.junit.platform.engine.support.hierarchical.NodeTestTask.execute(NodeTestTask.java:95)
	at java.util.ArrayList.forEach(ArrayList.java:1259)
	at org.junit.platform.engine.support.hierarchical.SameThreadHierarchicalTestExecutorService.invokeAll(SameThreadHierarchicalTestExecutorService.java:41)
	at org.junit.platform.engine.support.hierarchical.NodeTestTask.lambda$executeRecursively$6(NodeTestTask.java:155)
	at org.junit.platform.engine.support.hierarchical.ThrowableCollector.execute(ThrowableCollector.java:73)
	at org.junit.platform.engine.support.hierarchical.NodeTestTask.lambda$executeRecursively$8(NodeTestTask.java:141)
	at org.junit.platform.engine.support.hierarchical.Node.around(Node.java:137)
	at org.junit.platform.engine.support.hierarchical.NodeTestTask.lambda$executeRecursively$9(NodeTestTask.java:139)
	at org.junit.platform.engine.support.hierarchical.ThrowableCollector.execute(ThrowableCollector.java:73)
	at org.junit.platform.engine.support.hierarchical.NodeTestTask.executeRecursively(NodeTestTask.java:138)
	at org.junit.platform.engine.support.hierarchical.NodeTestTask.execute(NodeTestTask.java:95)
	at java.util.ArrayList.forEach(ArrayList.java:1259)
	at org.junit.platform.engine.support.hierarchical.SameThreadHierarchicalTestExecutorService.invokeAll(SameThreadHierarchicalTestExecutorService.java:41)
	at org.junit.platform.engine.support.hierarchical.NodeTestTask.lambda$executeRecursively$6(NodeTestTask.java:155)
	at org.junit.platform.engine.support.hierarchical.ThrowableCollector.execute(ThrowableCollector.java:73)
	at org.junit.platform.engine.support.hierarchical.NodeTestTask.lambda$executeRecursively$8(NodeTestTask.java:141)
	at org.junit.platform.engine.support.hierarchical.Node.around(Node.java:137)
	at org.junit.platform.engine.support.hierarchical.NodeTestTask.lambda$executeRecursively$9(NodeTestTask.java:139)
	at org.junit.platform.engine.support.hierarchical.ThrowableCollector.execute(ThrowableCollector.java:73)
	at org.junit.platform.engine.support.hierarchical.NodeTestTask.executeRecursively(NodeTestTask.java:138)
	at org.junit.platform.engine.support.hierarchical.NodeTestTask.execute(NodeTestTask.java:95)
	at org.junit.platform.engine.support.hierarchical.SameThreadHierarchicalTestExecutorService.submit(SameThreadHierarchicalTestExecutorService.java:35)
	at org.junit.platform.engine.support.hierarchical.HierarchicalTestExecutor.execute(HierarchicalTestExecutor.java:57)
	at org.junit.platform.engine.support.hierarchical.HierarchicalTestEngine.execute(HierarchicalTestEngine.java:54)
	at org.junit.platform.launcher.core.DefaultLauncher.execute(DefaultLauncher.java:170)
	at org.junit.platform.launcher.core.DefaultLauncher.execute(DefaultLauncher.java:154)
	at org.junit.platform.launcher.core.DefaultLauncher.execute(DefaultLauncher.java:90)
	at edu.illinois.cs.testrunner.execution.JUnit5TestExecutor.runTestsSeparately(JUnit5TestExecutor.java:40)
	at edu.illinois.cs.testrunner.execution.Executor$.$anonfun$run$1(Executor.scala:33)
	at scala.runtime.java8.JFunction0$mcV$sp.apply(JFunction0$mcV$sp.java:12)
	at scala.util.Try$.apply(Try.scala:209)
	at edu.illinois.cs.testrunner.execution.Executor$.run(Executor.scala:28)
	at edu.illinois.cs.testrunner.execution.Executor$.main(Executor.scala:18)
	at edu.illinois.cs.testrunner.execution.Executor.main(Executor.scala)
2024-05-17 18:04:55.586  INFO 26090 --- [WebServer 58363] okhttp3.mockwebserver.MockWebServer      : MockWebServer[58363] starting to accept connections
2024-05-17 18:04:55.589  INFO 26090 --- [WebServer 54563] okhttp3.mockwebserver.MockWebServer      : MockWebServer[54563] starting to accept connections
2024-05-17 18:04:55.631  WARN 26090 --- [           main] ubernetesProfileEnvironmentPostProcessor : Not running inside kubernetes. Skipping 'kubernetes' profile activation.

  .   ____          _            __ _ _
 /\\ / ___'_ __ _ _(_)_ __  __ _ \ \ \ \
( ( )\___ | '_ | '_| | '_ \/ _` | \ \ \ \
 \\/  ___)| |_)| | | | | || (_| |  ) ) ) )
  '  |____| .__|_| |_|_| |_\__, | / / / /
 =========|_|==============|___/=/_/_/_/
 :: Spring Boot ::                (v2.6.3)

2024-05-17 18:04:55.693  INFO 26090 --- [           main] s.c.k.f.c.Fabric8ConfigMapPropertySource : Loading ConfigMap with name 'application' in namespace 'default'
2024-05-17 18:04:55.789  INFO 26090 --- [127.0.0.1:47596] okhttp3.mockwebserver.MockWebServer      : MockWebServer[56267] received request: GET /api/v1/namespaces/default/configmaps/application HTTP/1.1 and responded: HTTP/1.1 404 Client Error
2024-05-17 18:04:55.797  INFO 26090 --- [           main] o.s.c.k.f.config.Fabric8ConfigUtils      : config-map with name : 'application' not present in namespace : 'default'
2024-05-17 18:04:55.797  INFO 26090 --- [           main] b.c.PropertySourceBootstrapConfiguration : Located property source: [BootstrapPropertySource {name='bootstrapProperties-configmap.application.default'}]
2024-05-17 18:04:55.802  WARN 26090 --- [           main] ubernetesProfileEnvironmentPostProcessor : Not running inside kubernetes. Skipping 'kubernetes' profile activation.
2024-05-17 18:04:55.802  INFO 26090 --- [           main] e.i.cs.testrunner.execution.Executor$    : No active profile set, falling back to default profiles: default
2024-05-17 18:04:55.838  INFO 26090 --- [           main] o.s.cloud.context.scope.GenericScope     : BeanFactory id=9e8f334d-ea3e-3bac-a635-d33d7314ddc7
2024-05-17 18:04:55.842  INFO 26090 --- [           main] e.i.cs.testrunner.execution.Executor$    : Started Executor. in 0.252 seconds (JVM running for 30.314)
2024-05-17 18:04:55.844  INFO 26090 --- [WebServer 54563] okhttp3.mockwebserver.MockWebServer      : MockWebServer[54563] done accepting connections: Socket closed
2024-05-17 18:04:55.847  INFO 26090 --- [           main] .b.t.c.SpringBootTestContextBootstrapper : Neither @ContextConfiguration nor @ContextHierarchy found for test class [org.springframework.cloud.kubernetes.fabric8.config.Fabric8BootstrapConfigurationTests$KubernetesEnabledConfigDisabled], using SpringBootContextLoader
2024-05-17 18:04:55.847  INFO 26090 --- [           main] o.s.t.c.support.AbstractContextLoader    : Could not detect default resource locations for test class [org.springframework.cloud.kubernetes.fabric8.config.Fabric8BootstrapConfigurationTests$KubernetesEnabledConfigDisabled]: no resource found for suffixes {-context.xml, Context.groovy}.
2024-05-17 18:04:55.848  INFO 26090 --- [           main] .b.t.c.SpringBootTestContextBootstrapper : Loaded default TestExecutionListener class names from location [META-INF/spring.factories]: [org.springframework.boot.test.mock.mockito.MockitoTestExecutionListener, org.springframework.boot.test.mock.mockito.ResetMocksTestExecutionListener, org.springframework.boot.test.autoconfigure.restdocs.RestDocsTestExecutionListener, org.springframework.boot.test.autoconfigure.web.client.MockRestServiceServerResetTestExecutionListener, org.springframework.boot.test.autoconfigure.web.servlet.MockMvcPrintOnlyOnFailureTestExecutionListener, org.springframework.boot.test.autoconfigure.web.servlet.WebDriverTestExecutionListener, org.springframework.boot.test.autoconfigure.webservices.client.MockWebServiceServerTestExecutionListener, org.springframework.test.context.web.ServletTestExecutionListener, org.springframework.test.context.support.DirtiesContextBeforeModesTestExecutionListener, org.springframework.test.context.event.ApplicationEventsTestExecutionListener, org.springframework.test.context.support.DependencyInjectionTestExecutionListener, org.springframework.test.context.support.DirtiesContextTestExecutionListener, org.springframework.test.context.transaction.TransactionalTestExecutionListener, org.springframework.test.context.jdbc.SqlScriptsTestExecutionListener, org.springframework.test.context.event.EventPublishingTestExecutionListener, org.spockframework.spring.SpringMockTestExecutionListener]
2024-05-17 18:04:55.850  INFO 26090 --- [           main] .b.t.c.SpringBootTestContextBootstrapper : Using TestExecutionListeners: [org.springframework.test.context.web.ServletTestExecutionListener@35cbd595, org.springframework.test.context.support.DirtiesContextBeforeModesTestExecutionListener@646c565a, org.springframework.test.context.event.ApplicationEventsTestExecutionListener@78299721, org.springframework.boot.test.mock.mockito.MockitoTestExecutionListener@732a8a22, org.springframework.boot.test.autoconfigure.SpringBootDependencyInjectionTestExecutionListener@18269eaf, org.springframework.test.context.support.DirtiesContextTestExecutionListener@1e7ec577, org.springframework.test.context.event.EventPublishingTestExecutionListener@2adad906, org.springframework.boot.test.mock.mockito.ResetMocksTestExecutionListener@d862de5, org.springframework.boot.test.autoconfigure.restdocs.RestDocsTestExecutionListener@2179091c, org.springframework.boot.test.autoconfigure.web.client.MockRestServiceServerResetTestExecutionListener@49443539, org.springframework.boot.test.autoconfigure.web.servlet.MockMvcPrintOnlyOnFailureTestExecutionListener@352ad7fe, org.springframework.boot.test.autoconfigure.web.servlet.WebDriverTestExecutionListener@97f2dbb, org.springframework.boot.test.autoconfigure.webservices.client.MockWebServiceServerTestExecutionListener@6027f461, org.spockframework.spring.SpringMockTestExecutionListener@822e8a1]
2024-05-17 18:04:55.889  WARN 26090 --- [           main] ubernetesProfileEnvironmentPostProcessor : Not running inside kubernetes. Skipping 'kubernetes' profile activation.

  .   ____          _            __ _ _
 /\\ / ___'_ __ _ _(_)_ __  __ _ \ \ \ \
( ( )\___ | '_ | '_| | '_ \/ _` | \ \ \ \
 \\/  ___)| |_)| | | | | || (_| |  ) ) ) )
  '  |____| .__|_| |_|_| |_\__, | / / / /
 =========|_|==============|___/=/_/_/_/
 :: Spring Boot ::                (v2.6.3)

2024-05-17 18:04:55.988  WARN 26090 --- [           main] ubernetesProfileEnvironmentPostProcessor : Not running inside kubernetes. Skipping 'kubernetes' profile activation.
2024-05-17 18:04:55.989  INFO 26090 --- [           main] ionTests$KubernetesEnabledConfigDisabled : No active profile set, falling back to default profiles: default
2024-05-17 18:04:56.279  INFO 26090 --- [           main] o.s.cloud.context.scope.GenericScope     : BeanFactory id=c633168c-f5dc-39ae-b0b9-99689feeff1d
2024-05-17 18:04:56.367  INFO 26090 --- [           main] o.s.b.w.embedded.tomcat.TomcatWebServer  : Tomcat initialized with port(s): 0 (http)
2024-05-17 18:04:56.368  INFO 26090 --- [           main] o.apache.catalina.core.StandardService   : Starting service [Tomcat]
2024-05-17 18:04:56.368  INFO 26090 --- [           main] org.apache.catalina.core.StandardEngine  : Starting Servlet engine: [Apache Tomcat/9.0.56]
2024-05-17 18:04:56.376  INFO 26090 --- [           main] o.a.c.c.C.[Tomcat-12].[localhost].[/]    : Initializing Spring embedded WebApplicationContext
2024-05-17 18:04:56.376  INFO 26090 --- [           main] w.s.c.ServletWebServerApplicationContext : Root WebApplicationContext: initialization completed in 386 ms
2024-05-17 18:04:56.920  INFO 26090 --- [           main] o.s.b.a.e.web.EndpointLinksResolver      : Exposing 1 endpoint(s) beneath base path '/actuator'
2024-05-17 18:04:56.959  INFO 26090 --- [           main] o.s.b.w.embedded.tomcat.TomcatWebServer  : Tomcat started on port(s): 35475 (http) with context path ''
2024-05-17 18:04:56.964  INFO 26090 --- [           main] ionTests$KubernetesEnabledConfigDisabled : Started Fabric8BootstrapConfigurationTests.KubernetesEnabledConfigDisabled in 1.112 seconds (JVM running for 31.435)
2024-05-17 18:04:56.974  INFO 26090 --- [WebServer 35713] okhttp3.mockwebserver.MockWebServer      : MockWebServer[35713] starting to accept connections
2024-05-17 18:04:56.978  INFO 26090 --- [WebServer 44293] okhttp3.mockwebserver.MockWebServer      : MockWebServer[44293] starting to accept connections
2024-05-17 18:04:56.979  INFO 26090 --- [           main] o.s.c.k.f.c.Fabric8SecretsPropertySource : Loading Secret with name 'my-config' or with labels [{}] in namespace 'default'
2024-05-17 18:04:57.074  INFO 26090 --- [127.0.0.1:33392] okhttp3.mockwebserver.MockWebServer      : MockWebServer[35713] received request: GET /api/v1/namespaces/default/secrets/my-config HTTP/1.1 and responded: HTTP/1.1 500 Server Error
2024-05-17 18:04:57.116  INFO 26090 --- [WebServer 44293] okhttp3.mockwebserver.MockWebServer      : MockWebServer[44293] done accepting connections: Socket closed
2024-05-17 18:04:57.118  INFO 26090 --- [           main] .b.t.c.SpringBootTestContextBootstrapper : Neither @ContextConfiguration nor @ContextHierarchy found for test class [org.springframework.cloud.kubernetes.fabric8.config.ConfigMapWithIncludeProfileSpecificSourcesTests], using SpringBootContextLoader
2024-05-17 18:04:57.119  INFO 26090 --- [           main] o.s.t.c.support.AbstractContextLoader    : Could not detect default resource locations for test class [org.springframework.cloud.kubernetes.fabric8.config.ConfigMapWithIncludeProfileSpecificSourcesTests]: no resource found for suffixes {-context.xml, Context.groovy}.
2024-05-17 18:04:57.121  INFO 26090 --- [           main] .b.t.c.SpringBootTestContextBootstrapper : Loaded default TestExecutionListener class names from location [META-INF/spring.factories]: [org.springframework.boot.test.mock.mockito.MockitoTestExecutionListener, org.springframework.boot.test.mock.mockito.ResetMocksTestExecutionListener, org.springframework.boot.test.autoconfigure.restdocs.RestDocsTestExecutionListener, org.springframework.boot.test.autoconfigure.web.client.MockRestServiceServerResetTestExecutionListener, org.springframework.boot.test.autoconfigure.web.servlet.MockMvcPrintOnlyOnFailureTestExecutionListener, org.springframework.boot.test.autoconfigure.web.servlet.WebDriverTestExecutionListener, org.springframework.boot.test.autoconfigure.webservices.client.MockWebServiceServerTestExecutionListener, org.springframework.test.context.web.ServletTestExecutionListener, org.springframework.test.context.support.DirtiesContextBeforeModesTestExecutionListener, org.springframework.test.context.event.ApplicationEventsTestExecutionListener, org.springframework.test.context.support.DependencyInjectionTestExecutionListener, org.springframework.test.context.support.DirtiesContextTestExecutionListener, org.springframework.test.context.transaction.TransactionalTestExecutionListener, org.springframework.test.context.jdbc.SqlScriptsTestExecutionListener, org.springframework.test.context.event.EventPublishingTestExecutionListener, org.spockframework.spring.SpringMockTestExecutionListener]
2024-05-17 18:04:57.122  INFO 26090 --- [           main] .b.t.c.SpringBootTestContextBootstrapper : Using TestExecutionListeners: [org.springframework.test.context.web.ServletTestExecutionListener@492bbebe, org.springframework.test.context.support.DirtiesContextBeforeModesTestExecutionListener@7d4a95d4, org.springframework.test.context.event.ApplicationEventsTestExecutionListener@307a0097, org.springframework.boot.test.mock.mockito.MockitoTestExecutionListener@4666f1b5, org.springframework.boot.test.autoconfigure.SpringBootDependencyInjectionTestExecutionListener@52ac7989, org.springframework.test.context.support.DirtiesContextTestExecutionListener@7be1b23d, org.springframework.test.context.event.EventPublishingTestExecutionListener@1b7f7b6e, org.springframework.boot.test.mock.mockito.ResetMocksTestExecutionListener@6a65daed, org.springframework.boot.test.autoconfigure.restdocs.RestDocsTestExecutionListener@5bb48619, org.springframework.boot.test.autoconfigure.web.client.MockRestServiceServerResetTestExecutionListener@2db2b708, org.springframework.boot.test.autoconfigure.web.servlet.MockMvcPrintOnlyOnFailureTestExecutionListener@4d760ddb, org.springframework.boot.test.autoconfigure.web.servlet.WebDriverTestExecutionListener@980142a, org.springframework.boot.test.autoconfigure.webservices.client.MockWebServiceServerTestExecutionListener@767bcf4d, org.spockframework.spring.SpringMockTestExecutionListener@4e492c7d]
2024-05-17 18:04:57.124  INFO 26090 --- [WebServer 40883] okhttp3.mockwebserver.MockWebServer      : MockWebServer[40883] starting to accept connections
2024-05-17 18:04:57.126  INFO 26090 --- [127.0.0.1:55832] okhttp3.mockwebserver.MockWebServer      : MockWebServer[40883] received request: POST /api/v1/namespaces/spring-k8s/configmaps HTTP/1.1 and responded: HTTP/1.1 200 OK
2024-05-17 18:04:57.130  INFO 26090 --- [127.0.0.1:55832] okhttp3.mockwebserver.MockWebServer      : MockWebServer[40883] received request: POST /api/v1/namespaces/spring-k8s/configmaps HTTP/1.1 and responded: HTTP/1.1 200 OK
2024-05-17 18:04:57.174  INFO 26090 --- [127.0.0.1:55832] okhttp3.mockwebserver.MockWebServer      : MockWebServer[40883] received request: POST /api/v1/namespaces/spring-k8s/configmaps HTTP/1.1 and responded: HTTP/1.1 200 OK
2024-05-17 18:04:57.220  INFO 26090 --- [127.0.0.1:55832] okhttp3.mockwebserver.MockWebServer      : MockWebServer[40883] received request: POST /api/v1/namespaces/spring-k8s/configmaps HTTP/1.1 and responded: HTTP/1.1 200 OK
2024-05-17 18:04:57.264  INFO 26090 --- [127.0.0.1:55832] okhttp3.mockwebserver.MockWebServer      : MockWebServer[40883] received request: POST /api/v1/namespaces/spring-k8s/configmaps HTTP/1.1 and responded: HTTP/1.1 200 OK
2024-05-17 18:04:57.315  INFO 26090 --- [WebServer 34627] okhttp3.mockwebserver.MockWebServer      : MockWebServer[34627] starting to accept connections
2024-05-17 18:04:57.344  INFO 26090 --- [WebServer 34627] okhttp3.mockwebserver.MockWebServer      : MockWebServer[34627] done accepting connections: Socket closed
2024-05-17 18:04:57.355  INFO 26090 --- [           main] .b.t.c.SpringBootTestContextBootstrapper : Neither @ContextConfiguration nor @ContextHierarchy found for test class [org.springframework.cloud.kubernetes.fabric8.config.MultipleSecretsTests], using SpringBootContextLoader
2024-05-17 18:04:57.357  INFO 26090 --- [           main] o.s.t.c.support.AbstractContextLoader    : Could not detect default resource locations for test class [org.springframework.cloud.kubernetes.fabric8.config.MultipleSecretsTests]: no resource found for suffixes {-context.xml, Context.groovy}.
2024-05-17 18:04:57.360  INFO 26090 --- [           main] .b.t.c.SpringBootTestContextBootstrapper : Loaded default TestExecutionListener class names from location [META-INF/spring.factories]: [org.springframework.boot.test.mock.mockito.MockitoTestExecutionListener, org.springframework.boot.test.mock.mockito.ResetMocksTestExecutionListener, org.springframework.boot.test.autoconfigure.restdocs.RestDocsTestExecutionListener, org.springframework.boot.test.autoconfigure.web.client.MockRestServiceServerResetTestExecutionListener, org.springframework.boot.test.autoconfigure.web.servlet.MockMvcPrintOnlyOnFailureTestExecutionListener, org.springframework.boot.test.autoconfigure.web.servlet.WebDriverTestExecutionListener, org.springframework.boot.test.autoconfigure.webservices.client.MockWebServiceServerTestExecutionListener, org.springframework.test.context.web.ServletTestExecutionListener, org.springframework.test.context.support.DirtiesContextBeforeModesTestExecutionListener, org.springframework.test.context.event.ApplicationEventsTestExecutionListener, org.springframework.test.context.support.DependencyInjectionTestExecutionListener, org.springframework.test.context.support.DirtiesContextTestExecutionListener, org.springframework.test.context.transaction.TransactionalTestExecutionListener, org.springframework.test.context.jdbc.SqlScriptsTestExecutionListener, org.springframework.test.context.event.EventPublishingTestExecutionListener, org.spockframework.spring.SpringMockTestExecutionListener]
2024-05-17 18:04:57.363  INFO 26090 --- [           main] .b.t.c.SpringBootTestContextBootstrapper : Using TestExecutionListeners: [org.springframework.test.context.web.ServletTestExecutionListener@22d61fa7, org.springframework.test.context.support.DirtiesContextBeforeModesTestExecutionListener@2989e190, org.springframework.test.context.event.ApplicationEventsTestExecutionListener@637ca94b, org.springframework.boot.test.mock.mockito.MockitoTestExecutionListener@4fd1458d, org.springframework.boot.test.autoconfigure.SpringBootDependencyInjectionTestExecutionListener@5d6850f7, org.springframework.test.context.support.DirtiesContextTestExecutionListener@3b8bbfab, org.springframework.test.context.event.EventPublishingTestExecutionListener@3dbb7f60, org.springframework.boot.test.mock.mockito.ResetMocksTestExecutionListener@7803a877, org.springframework.boot.test.autoconfigure.restdocs.RestDocsTestExecutionListener@67f3a068, org.springframework.boot.test.autoconfigure.web.client.MockRestServiceServerResetTestExecutionListener@1e33dda, org.springframework.boot.test.autoconfigure.web.servlet.MockMvcPrintOnlyOnFailureTestExecutionListener@674502f9, org.springframework.boot.test.autoconfigure.web.servlet.WebDriverTestExecutionListener@2604e76, org.springframework.boot.test.autoconfigure.webservices.client.MockWebServiceServerTestExecutionListener@786a4eb2, org.spockframework.spring.SpringMockTestExecutionListener@607fa188]
2024-05-17 18:04:57.365  INFO 26090 --- [WebServer 60777] okhttp3.mockwebserver.MockWebServer      : MockWebServer[60777] starting to accept connections
2024-05-17 18:04:57.371  INFO 26090 --- [127.0.0.1:35684] okhttp3.mockwebserver.MockWebServer      : MockWebServer[60777] received request: POST /api/v1/namespaces/ns1/secrets HTTP/1.1 and responded: HTTP/1.1 200 OK
2024-05-17 18:04:57.376  INFO 26090 --- [127.0.0.1:35684] okhttp3.mockwebserver.MockWebServer      : MockWebServer[60777] received request: POST /api/v1/namespaces/ns2/secrets HTTP/1.1 and responded: HTTP/1.1 200 OK
2024-05-17 18:04:57.490  WARN 26090 --- [           main] ubernetesProfileEnvironmentPostProcessor : Not running inside kubernetes. Skipping 'kubernetes' profile activation.

  .   ____          _            __ _ _
 /\\ / ___'_ __ _ _(_)_ __  __ _ \ \ \ \
( ( )\___ | '_ | '_| | '_ \/ _` | \ \ \ \
 \\/  ___)| |_)| | | | | || (_| |  ) ) ) )
  '  |____| .__|_| |_|_| |_\__, | / / / /
 =========|_|==============|___/=/_/_/_/
 :: Spring Boot ::                (v2.6.3)

2024-05-17 18:04:57.556  INFO 26090 --- [           main] s.c.k.f.c.Fabric8ConfigMapPropertySource : Loading ConfigMap with name 'secret-example' in namespace 'ns1'
2024-05-17 18:04:57.559  INFO 26090 --- [127.0.0.1:35692] okhttp3.mockwebserver.MockWebServer      : MockWebServer[60777] received request: GET /api/v1/namespaces/ns1/configmaps/secret-example HTTP/1.1 and responded: HTTP/1.1 404 Client Error
2024-05-17 18:04:57.561  INFO 26090 --- [           main] o.s.c.k.f.config.Fabric8ConfigUtils      : config-map with name : 'secret-example' not present in namespace : 'ns1'
2024-05-17 18:04:57.562  INFO 26090 --- [           main] b.c.PropertySourceBootstrapConfiguration : Located property source: [BootstrapPropertySource {name='bootstrapProperties-configmap.secret-example.ns1'}]
2024-05-17 18:04:57.562  INFO 26090 --- [           main] o.s.c.k.f.c.Fabric8SecretsPropertySource : Loading Secret with name 'name2' or with labels [{0.env=dev2, 1.version=2.0}] in namespace 'ns2'
2024-05-17 18:04:57.563  INFO 26090 --- [127.0.0.1:35692] okhttp3.mockwebserver.MockWebServer      : MockWebServer[60777] received request: GET /api/v1/namespaces/ns2/secrets/name2 HTTP/1.1 and responded: HTTP/1.1 200 OK
2024-05-17 18:04:57.607  INFO 26090 --- [127.0.0.1:35692] okhttp3.mockwebserver.MockWebServer      : MockWebServer[60777] received request: GET /api/v1/namespaces/ns2/secrets?labelSelector=0.env%3Ddev2%2C1.version%3D2.0 HTTP/1.1 and responded: HTTP/1.1 200 OK
2024-05-17 18:04:57.649  INFO 26090 --- [           main] o.s.c.k.f.c.Fabric8SecretsPropertySource : Loading Secret with name 'name1' or with labels [{0.env=env1, 1.version=1.0}] in namespace 'ns1'
2024-05-17 18:04:57.651  INFO 26090 --- [127.0.0.1:35692] okhttp3.mockwebserver.MockWebServer      : MockWebServer[60777] received request: GET /api/v1/namespaces/ns1/secrets/name1 HTTP/1.1 and responded: HTTP/1.1 200 OK
2024-05-17 18:04:57.698  INFO 26090 --- [127.0.0.1:35692] okhttp3.mockwebserver.MockWebServer      : MockWebServer[60777] received request: GET /api/v1/namespaces/ns1/secrets?labelSelector=0.env%3Denv1%2C1.version%3D1.0 HTTP/1.1 and responded: HTTP/1.1 200 OK
2024-05-17 18:04:57.739  INFO 26090 --- [           main] b.c.PropertySourceBootstrapConfiguration : Located property source: [BootstrapPropertySource {name='bootstrapProperties-secrets.name2.ns2'}, BootstrapPropertySource {name='bootstrapProperties-secrets.name1.ns1'}]
2024-05-17 18:04:57.743  WARN 26090 --- [           main] ubernetesProfileEnvironmentPostProcessor : Not running inside kubernetes. Skipping 'kubernetes' profile activation.
2024-05-17 18:04:57.744  INFO 26090 --- [           main] o.s.c.k.f.config.MultipleSecretsTests    : No active profile set, falling back to default profiles: default
2024-05-17 18:04:57.917  INFO 26090 --- [           main] o.s.cloud.context.scope.GenericScope     : BeanFactory id=d892432b-60e7-3516-91cd-00a010d0f3f7
2024-05-17 18:04:58.009  INFO 26090 --- [           main] o.s.b.w.embedded.tomcat.TomcatWebServer  : Tomcat initialized with port(s): 0 (http)
2024-05-17 18:04:58.009  INFO 26090 --- [           main] o.apache.catalina.core.StandardService   : Starting service [Tomcat]
2024-05-17 18:04:58.010  INFO 26090 --- [           main] org.apache.catalina.core.StandardEngine  : Starting Servlet engine: [Apache Tomcat/9.0.56]
2024-05-17 18:04:58.022  INFO 26090 --- [           main] o.a.c.c.C.[Tomcat-13].[localhost].[/]    : Initializing Spring embedded WebApplicationContext
2024-05-17 18:04:58.022  INFO 26090 --- [           main] w.s.c.ServletWebServerApplicationContext : Root WebApplicationContext: initialization completed in 277 ms
2024-05-17 18:04:58.577  INFO 26090 --- [           main] o.s.b.a.e.web.EndpointLinksResolver      : Exposing 1 endpoint(s) beneath base path '/actuator'
2024-05-17 18:04:58.615  INFO 26090 --- [           main] o.s.b.w.embedded.tomcat.TomcatWebServer  : Tomcat started on port(s): 42307 (http) with context path ''
2024-05-17 18:04:58.620  INFO 26090 --- [           main] o.s.c.k.f.config.MultipleSecretsTests    : Started MultipleSecretsTests in 1.2 seconds (JVM running for 33.092)
2024-05-17 18:04:58.632  INFO 26090 --- [WebServer 54883] okhttp3.mockwebserver.MockWebServer      : MockWebServer[54883] starting to accept connections
2024-05-17 18:04:58.639  INFO 26090 --- [-auto-14-exec-1] o.a.c.c.C.[Tomcat-13].[localhost].[/]    : Initializing Spring DispatcherServlet 'dispatcherServlet'
2024-05-17 18:04:58.639  INFO 26090 --- [-auto-14-exec-1] o.s.web.servlet.DispatcherServlet        : Initializing Servlet 'dispatcherServlet'
2024-05-17 18:04:58.640  INFO 26090 --- [-auto-14-exec-1] o.s.web.servlet.DispatcherServlet        : Completed initialization in 1 ms
2024-05-17 18:04:58.648  INFO 26090 --- [WebServer 54883] okhttp3.mockwebserver.MockWebServer      : MockWebServer[54883] done accepting connections: Socket closed
