May 17, 2024 6:16:57 PM okhttp3.mockwebserver.MockWebServer$3 execute
INFO: MockWebServer[54909] starting to accept connections
May 17, 2024 6:16:57 PM okhttp3.mockwebserver.MockWebServer$3 execute
INFO: MockWebServer[39647] starting to accept connections
2024-05-17 18:16:58.286  WARN 35194 --- [           main] ubernetesProfileEnvironmentPostProcessor : Not running inside kubernetes. Skipping 'kubernetes' profile activation.

  .   ____          _            __ _ _
 /\\ / ___'_ __ _ _(_)_ __  __ _ \ \ \ \
( ( )\___ | '_ | '_| | '_ \/ _` | \ \ \ \
 \\/  ___)| |_)| | | | | || (_| |  ) ) ) )
  '  |____| .__|_| |_|_| |_\__, | / / / /
 =========|_|==============|___/=/_/_/_/
 :: Spring Boot ::                (v2.6.3)

2024-05-17 18:16:59.109  WARN 35194 --- [           main] ubernetesProfileEnvironmentPostProcessor : Not running inside kubernetes. Skipping 'kubernetes' profile activation.
2024-05-17 18:16:59.110  INFO 35194 --- [           main] e.i.cs.testrunner.execution.Executor$    : No active profile set, falling back to default profiles: default
2024-05-17 18:16:59.156  INFO 35194 --- [           main] o.s.cloud.context.scope.GenericScope     : BeanFactory id=5adb76a5-ffff-3c5f-a60f-7f84faf1ce0f
2024-05-17 18:16:59.179  INFO 35194 --- [           main] e.i.cs.testrunner.execution.Executor$    : Started Executor. in 1.284 seconds (JVM running for 2.989)
2024-05-17 18:16:59.242  INFO 35194 --- [WebServer 39647] okhttp3.mockwebserver.MockWebServer      : MockWebServer[39647] done accepting connections: Socket closed
2024-05-17 18:16:59.278  INFO 35194 --- [WebServer 54679] okhttp3.mockwebserver.MockWebServer      : MockWebServer[54679] starting to accept connections
2024-05-17 18:16:59.300  INFO 35194 --- [WebServer 40571] okhttp3.mockwebserver.MockWebServer      : MockWebServer[40571] starting to accept connections
2024-05-17 18:16:59.320  INFO 35194 --- [           main] .b.t.c.SpringBootTestContextBootstrapper : Neither @ContextConfiguration nor @ContextHierarchy found for test class [org.springframework.cloud.kubernetes.fabric8.config.Fabric8SecretsPropertySourceLocatorRetryTests$SecretsFailFastDisabled], using SpringBootContextLoader
2024-05-17 18:16:59.322  INFO 35194 --- [           main] o.s.t.c.support.AbstractContextLoader    : Could not detect default resource locations for test class [org.springframework.cloud.kubernetes.fabric8.config.Fabric8SecretsPropertySourceLocatorRetryTests$SecretsFailFastDisabled]: no resource found for suffixes {-context.xml, Context.groovy}.
2024-05-17 18:16:59.368  INFO 35194 --- [           main] .b.t.c.SpringBootTestContextBootstrapper : Loaded default TestExecutionListener class names from location [META-INF/spring.factories]: [org.springframework.boot.test.mock.mockito.MockitoTestExecutionListener, org.springframework.boot.test.mock.mockito.ResetMocksTestExecutionListener, org.springframework.boot.test.autoconfigure.restdocs.RestDocsTestExecutionListener, org.springframework.boot.test.autoconfigure.web.client.MockRestServiceServerResetTestExecutionListener, org.springframework.boot.test.autoconfigure.web.servlet.MockMvcPrintOnlyOnFailureTestExecutionListener, org.springframework.boot.test.autoconfigure.web.servlet.WebDriverTestExecutionListener, org.springframework.boot.test.autoconfigure.webservices.client.MockWebServiceServerTestExecutionListener, org.springframework.test.context.web.ServletTestExecutionListener, org.springframework.test.context.support.DirtiesContextBeforeModesTestExecutionListener, org.springframework.test.context.event.ApplicationEventsTestExecutionListener, org.springframework.test.context.support.DependencyInjectionTestExecutionListener, org.springframework.test.context.support.DirtiesContextTestExecutionListener, org.springframework.test.context.transaction.TransactionalTestExecutionListener, org.springframework.test.context.jdbc.SqlScriptsTestExecutionListener, org.springframework.test.context.event.EventPublishingTestExecutionListener, org.spockframework.spring.SpringMockTestExecutionListener]
2024-05-17 18:16:59.380  INFO 35194 --- [           main] .b.t.c.SpringBootTestContextBootstrapper : Using TestExecutionListeners: [org.springframework.test.context.web.ServletTestExecutionListener@2aa7399c, org.springframework.test.context.support.DirtiesContextBeforeModesTestExecutionListener@11eed657, org.springframework.test.context.event.ApplicationEventsTestExecutionListener@708f018e, org.springframework.boot.test.mock.mockito.MockitoTestExecutionListener@19a31b9d, org.springframework.boot.test.autoconfigure.SpringBootDependencyInjectionTestExecutionListener@a5bbaec, org.springframework.test.context.support.DirtiesContextTestExecutionListener@6d60899e, org.springframework.test.context.event.EventPublishingTestExecutionListener@65eb76cd, org.springframework.boot.test.mock.mockito.ResetMocksTestExecutionListener@6415f61e, org.springframework.boot.test.autoconfigure.restdocs.RestDocsTestExecutionListener@334ebcaa, org.springframework.boot.test.autoconfigure.web.client.MockRestServiceServerResetTestExecutionListener@5a0bef24, org.springframework.boot.test.autoconfigure.web.servlet.MockMvcPrintOnlyOnFailureTestExecutionListener@6468a7b6, org.springframework.boot.test.autoconfigure.web.servlet.WebDriverTestExecutionListener@2f860823, org.springframework.boot.test.autoconfigure.webservices.client.MockWebServiceServerTestExecutionListener@696b4a95, org.spockframework.spring.SpringMockTestExecutionListener@6c1cfa53]
2024-05-17 18:16:59.461  WARN 35194 --- [           main] ubernetesProfileEnvironmentPostProcessor : Not running inside kubernetes. Skipping 'kubernetes' profile activation.

  .   ____          _            __ _ _
 /\\ / ___'_ __ _ _(_)_ __  __ _ \ \ \ \
( ( )\___ | '_ | '_| | '_ \/ _` | \ \ \ \
 \\/  ___)| |_)| | | | | || (_| |  ) ) ) )
  '  |____| .__|_| |_|_| |_\__, | / / / /
 =========|_|==============|___/=/_/_/_/
 :: Spring Boot ::                (v2.6.3)

2024-05-17 18:16:59.631  INFO 35194 --- [           main] s.c.k.f.c.Fabric8ConfigMapPropertySource : Loading ConfigMap with name 'application' in namespace 'default'
2024-05-17 18:16:59.842  INFO 35194 --- [127.0.0.1:55046] okhttp3.mockwebserver.MockWebServer      : MockWebServer[54679] received request: GET /api/v1/namespaces/default/configmaps/application HTTP/1.1 and responded: HTTP/1.1 404 Client Error
2024-05-17 18:16:59.854  INFO 35194 --- [           main] o.s.c.k.f.config.Fabric8ConfigUtils      : config-map with name : 'application' not present in namespace : 'default'
2024-05-17 18:16:59.857  INFO 35194 --- [           main] b.c.PropertySourceBootstrapConfiguration : Located property source: [BootstrapPropertySource {name='bootstrapProperties-configmap.application.default'}]
2024-05-17 18:16:59.861  INFO 35194 --- [           main] o.s.c.k.f.c.Fabric8SecretsPropertySource : Loading Secret with name 'my-secret' or with labels [{}] in namespace 'default'
2024-05-17 18:16:59.864  INFO 35194 --- [127.0.0.1:55046] okhttp3.mockwebserver.MockWebServer      : MockWebServer[54679] received request: GET /api/v1/namespaces/default/secrets/my-secret HTTP/1.1 and responded: HTTP/1.1 404 Client Error
2024-05-17 18:16:59.864  WARN 35194 --- [           main] o.s.c.k.f.c.Fabric8SecretsPropertySource : secret with name : my-secret in namespace : default not found
2024-05-17 18:16:59.869  INFO 35194 --- [127.0.0.1:55046] okhttp3.mockwebserver.MockWebServer      : MockWebServer[54679] received request: GET /api/v1/namespaces/default/secrets HTTP/1.1 and responded: HTTP/1.1 200 OK
2024-05-17 18:16:59.965  INFO 35194 --- [           main] b.c.PropertySourceBootstrapConfiguration : Located property source: [BootstrapPropertySource {name='bootstrapProperties-secrets.my-secret.default'}]
2024-05-17 18:16:59.982  WARN 35194 --- [           main] ubernetesProfileEnvironmentPostProcessor : Not running inside kubernetes. Skipping 'kubernetes' profile activation.
2024-05-17 18:16:59.982  INFO 35194 --- [           main] ocatorRetryTests$SecretsFailFastDisabled : No active profile set, falling back to default profiles: default
2024-05-17 18:17:00.836  INFO 35194 --- [           main] o.s.cloud.context.scope.GenericScope     : BeanFactory id=94652287-2eb9-367e-b08b-eea09b3b2900
2024-05-17 18:17:02.943  INFO 35194 --- [           main] ocatorRetryTests$SecretsFailFastDisabled : Started Fabric8SecretsPropertySourceLocatorRetryTests.SecretsFailFastDisabled in 3.553 seconds (JVM running for 6.753)
2024-05-17 18:17:02.953  INFO 35194 --- [WebServer 46323] okhttp3.mockwebserver.MockWebServer      : MockWebServer[46323] starting to accept connections
2024-05-17 18:17:02.974  INFO 35194 --- [           main] o.s.c.k.f.c.Fabric8SecretsPropertySource : Loading Secret with name 'my-secret' or with labels [{}] in namespace 'default'
2024-05-17 18:17:02.976  INFO 35194 --- [127.0.0.1:55046] okhttp3.mockwebserver.MockWebServer      : MockWebServer[54679] received request: GET /api/v1/namespaces/default/secrets/my-secret HTTP/1.1 and responded: HTTP/1.1 500 Server Error
2024-05-17 18:17:02.977  WARN 35194 --- [           main] o.s.c.k.f.c.Fabric8SecretsPropertySource : Can't read secret with name: [my-secret] or labels [{}] in namespace: [default] (cause: Failure executing: GET at: https://localhost:54679/api/v1/namespaces/default/secrets/my-secret. Message: Internal Server Error.). Ignoring
2024-05-17 18:17:02.993  INFO 35194 --- [WebServer 46323] okhttp3.mockwebserver.MockWebServer      : MockWebServer[46323] done accepting connections: Socket closed
2024-05-17 18:17:03.001  INFO 35194 --- [           main] .b.t.c.SpringBootTestContextBootstrapper : Neither @ContextConfiguration nor @ContextHierarchy found for test class [org.springframework.cloud.kubernetes.fabric8.config.Fabric8BootstrapConfigurationTests$KubernetesEnabledOnPurpose], using SpringBootContextLoader
2024-05-17 18:17:03.002  INFO 35194 --- [           main] o.s.t.c.support.AbstractContextLoader    : Could not detect default resource locations for test class [org.springframework.cloud.kubernetes.fabric8.config.Fabric8BootstrapConfigurationTests$KubernetesEnabledOnPurpose]: no resource found for suffixes {-context.xml, Context.groovy}.
2024-05-17 18:17:03.005  INFO 35194 --- [           main] .b.t.c.SpringBootTestContextBootstrapper : Loaded default TestExecutionListener class names from location [META-INF/spring.factories]: [org.springframework.boot.test.mock.mockito.MockitoTestExecutionListener, org.springframework.boot.test.mock.mockito.ResetMocksTestExecutionListener, org.springframework.boot.test.autoconfigure.restdocs.RestDocsTestExecutionListener, org.springframework.boot.test.autoconfigure.web.client.MockRestServiceServerResetTestExecutionListener, org.springframework.boot.test.autoconfigure.web.servlet.MockMvcPrintOnlyOnFailureTestExecutionListener, org.springframework.boot.test.autoconfigure.web.servlet.WebDriverTestExecutionListener, org.springframework.boot.test.autoconfigure.webservices.client.MockWebServiceServerTestExecutionListener, org.springframework.test.context.web.ServletTestExecutionListener, org.springframework.test.context.support.DirtiesContextBeforeModesTestExecutionListener, org.springframework.test.context.event.ApplicationEventsTestExecutionListener, org.springframework.test.context.support.DependencyInjectionTestExecutionListener, org.springframework.test.context.support.DirtiesContextTestExecutionListener, org.springframework.test.context.transaction.TransactionalTestExecutionListener, org.springframework.test.context.jdbc.SqlScriptsTestExecutionListener, org.springframework.test.context.event.EventPublishingTestExecutionListener, org.spockframework.spring.SpringMockTestExecutionListener]
2024-05-17 18:17:03.006  INFO 35194 --- [           main] .b.t.c.SpringBootTestContextBootstrapper : Using TestExecutionListeners: [org.springframework.test.context.web.ServletTestExecutionListener@36a58466, org.springframework.test.context.support.DirtiesContextBeforeModesTestExecutionListener@78e387d6, org.springframework.test.context.event.ApplicationEventsTestExecutionListener@9147ba2, org.springframework.boot.test.mock.mockito.MockitoTestExecutionListener@3460e4ed, org.springframework.boot.test.autoconfigure.SpringBootDependencyInjectionTestExecutionListener@2efcc0b3, org.springframework.test.context.support.DirtiesContextTestExecutionListener@4a453f8d, org.springframework.test.context.event.EventPublishingTestExecutionListener@60a6840c, org.springframework.boot.test.mock.mockito.ResetMocksTestExecutionListener@53525379, org.springframework.boot.test.autoconfigure.restdocs.RestDocsTestExecutionListener@1be3f8f8, org.springframework.boot.test.autoconfigure.web.client.MockRestServiceServerResetTestExecutionListener@78b9155e, org.springframework.boot.test.autoconfigure.web.servlet.MockMvcPrintOnlyOnFailureTestExecutionListener@2ceb68a1, org.springframework.boot.test.autoconfigure.web.servlet.WebDriverTestExecutionListener@6de33fde, org.springframework.boot.test.autoconfigure.webservices.client.MockWebServiceServerTestExecutionListener@69c33ea2, org.spockframework.spring.SpringMockTestExecutionListener@59e0d521]
2024-05-17 18:17:03.067  WARN 35194 --- [           main] ubernetesProfileEnvironmentPostProcessor : Not running inside kubernetes. Skipping 'kubernetes' profile activation.

  .   ____          _            __ _ _
 /\\ / ___'_ __ _ _(_)_ __  __ _ \ \ \ \
( ( )\___ | '_ | '_| | '_ \/ _` | \ \ \ \
 \\/  ___)| |_)| | | | | || (_| |  ) ) ) )
  '  |____| .__|_| |_|_| |_\__, | / / / /
 =========|_|==============|___/=/_/_/_/
 :: Spring Boot ::                (v2.6.3)

2024-05-17 18:17:03.200  INFO 35194 --- [           main] s.c.k.f.c.Fabric8ConfigMapPropertySource : Loading ConfigMap with name 'application' in namespace 'default'
2024-05-17 18:17:03.322  INFO 35194 --- [127.0.0.1:55048] okhttp3.mockwebserver.MockWebServer      : MockWebServer[54679] received request: GET /api/v1/namespaces/default/configmaps/application HTTP/1.1 and responded: HTTP/1.1 404 Client Error
2024-05-17 18:17:03.323  INFO 35194 --- [           main] o.s.c.k.f.config.Fabric8ConfigUtils      : config-map with name : 'application' not present in namespace : 'default'
2024-05-17 18:17:03.323  INFO 35194 --- [           main] b.c.PropertySourceBootstrapConfiguration : Located property source: [BootstrapPropertySource {name='bootstrapProperties-configmap.application.default'}]
2024-05-17 18:17:03.329  WARN 35194 --- [           main] ubernetesProfileEnvironmentPostProcessor : Not running inside kubernetes. Skipping 'kubernetes' profile activation.
2024-05-17 18:17:03.330  INFO 35194 --- [           main] gurationTests$KubernetesEnabledOnPurpose : No active profile set, falling back to default profiles: default
2024-05-17 18:17:03.910  INFO 35194 --- [           main] o.s.cloud.context.scope.GenericScope     : BeanFactory id=55b4a3e9-9f94-32f4-ad68-c7f5dce8195c
2024-05-17 18:17:04.250  INFO 35194 --- [           main] o.s.b.w.embedded.tomcat.TomcatWebServer  : Tomcat initialized with port(s): 0 (http)
2024-05-17 18:17:04.263  INFO 35194 --- [           main] o.apache.catalina.core.StandardService   : Starting service [Tomcat]
2024-05-17 18:17:04.264  INFO 35194 --- [           main] org.apache.catalina.core.StandardEngine  : Starting Servlet engine: [Apache Tomcat/9.0.56]
2024-05-17 18:17:04.392  INFO 35194 --- [           main] o.a.c.c.C.[Tomcat].[localhost].[/]       : Initializing Spring embedded WebApplicationContext
2024-05-17 18:17:04.393  INFO 35194 --- [           main] w.s.c.ServletWebServerApplicationContext : Root WebApplicationContext: initialization completed in 1061 ms
2024-05-17 18:17:05.726  INFO 35194 --- [           main] o.s.b.a.e.web.EndpointLinksResolver      : Exposing 1 endpoint(s) beneath base path '/actuator'
2024-05-17 18:17:05.955  INFO 35194 --- [           main] o.s.b.w.embedded.tomcat.TomcatWebServer  : Tomcat started on port(s): 38289 (http) with context path ''
2024-05-17 18:17:05.969  INFO 35194 --- [           main] gurationTests$KubernetesEnabledOnPurpose : Started Fabric8BootstrapConfigurationTests.KubernetesEnabledOnPurpose in 2.961 seconds (JVM running for 9.779)
2024-05-17 18:17:06.030  INFO 35194 --- [           main] .b.t.c.SpringBootTestContextBootstrapper : Neither @ContextConfiguration nor @ContextHierarchy found for test class [org.springframework.cloud.kubernetes.fabric8.config.ConfigMapsWithoutProfilesTests], using SpringBootContextLoader
2024-05-17 18:17:06.031  INFO 35194 --- [           main] o.s.t.c.support.AbstractContextLoader    : Could not detect default resource locations for test class [org.springframework.cloud.kubernetes.fabric8.config.ConfigMapsWithoutProfilesTests]: no resource found for suffixes {-context.xml, Context.groovy}.
2024-05-17 18:17:06.038  INFO 35194 --- [           main] .b.t.c.SpringBootTestContextBootstrapper : Loaded default TestExecutionListener class names from location [META-INF/spring.factories]: [org.springframework.boot.test.mock.mockito.MockitoTestExecutionListener, org.springframework.boot.test.mock.mockito.ResetMocksTestExecutionListener, org.springframework.boot.test.autoconfigure.restdocs.RestDocsTestExecutionListener, org.springframework.boot.test.autoconfigure.web.client.MockRestServiceServerResetTestExecutionListener, org.springframework.boot.test.autoconfigure.web.servlet.MockMvcPrintOnlyOnFailureTestExecutionListener, org.springframework.boot.test.autoconfigure.web.servlet.WebDriverTestExecutionListener, org.springframework.boot.test.autoconfigure.webservices.client.MockWebServiceServerTestExecutionListener, org.springframework.test.context.web.ServletTestExecutionListener, org.springframework.test.context.support.DirtiesContextBeforeModesTestExecutionListener, org.springframework.test.context.event.ApplicationEventsTestExecutionListener, org.springframework.test.context.support.DependencyInjectionTestExecutionListener, org.springframework.test.context.support.DirtiesContextTestExecutionListener, org.springframework.test.context.transaction.TransactionalTestExecutionListener, org.springframework.test.context.jdbc.SqlScriptsTestExecutionListener, org.springframework.test.context.event.EventPublishingTestExecutionListener, org.spockframework.spring.SpringMockTestExecutionListener]
2024-05-17 18:17:06.040  INFO 35194 --- [           main] .b.t.c.SpringBootTestContextBootstrapper : Using TestExecutionListeners: [org.springframework.test.context.web.ServletTestExecutionListener@de40aa1, org.springframework.test.context.support.DirtiesContextBeforeModesTestExecutionListener@61b76a7d, org.springframework.test.context.event.ApplicationEventsTestExecutionListener@57f89680, org.springframework.boot.test.mock.mockito.MockitoTestExecutionListener@70bc9070, org.springframework.boot.test.autoconfigure.SpringBootDependencyInjectionTestExecutionListener@5d202dc4, org.springframework.test.context.support.DirtiesContextTestExecutionListener@71e409f, org.springframework.test.context.event.EventPublishingTestExecutionListener@14c18a6a, org.springframework.boot.test.mock.mockito.ResetMocksTestExecutionListener@6aa792, org.springframework.boot.test.autoconfigure.restdocs.RestDocsTestExecutionListener@5c78f456, org.springframework.boot.test.autoconfigure.web.client.MockRestServiceServerResetTestExecutionListener@29174dfe, org.springframework.boot.test.autoconfigure.web.servlet.MockMvcPrintOnlyOnFailureTestExecutionListener@319d106c, org.springframework.boot.test.autoconfigure.web.servlet.WebDriverTestExecutionListener@641e67fa, org.springframework.boot.test.autoconfigure.webservices.client.MockWebServiceServerTestExecutionListener@7fdff56b, org.spockframework.spring.SpringMockTestExecutionListener@6cb43fd3]
2024-05-17 18:17:06.042  INFO 35194 --- [WebServer 50093] okhttp3.mockwebserver.MockWebServer      : MockWebServer[50093] starting to accept connections
2024-05-17 18:17:06.076  INFO 35194 --- [127.0.0.1:38290] okhttp3.mockwebserver.MockWebServer      : MockWebServer[50093] received request: POST /api/v1/namespaces/test/configmaps HTTP/1.1 and responded: HTTP/1.1 200 OK
2024-05-17 18:17:06.126  WARN 35194 --- [           main] ubernetesProfileEnvironmentPostProcessor : Not running inside kubernetes. Skipping 'kubernetes' profile activation.

  .   ____          _            __ _ _
 /\\ / ___'_ __ _ _(_)_ __  __ _ \ \ \ \
( ( )\___ | '_ | '_| | '_ \/ _` | \ \ \ \
 \\/  ___)| |_)| | | | | || (_| |  ) ) ) )
  '  |____| .__|_| |_|_| |_\__, | / / / /
 =========|_|==============|___/=/_/_/_/
 :: Spring Boot ::                (v2.6.3)

2024-05-17 18:17:06.211  INFO 35194 --- [           main] s.c.k.f.c.Fabric8ConfigMapPropertySource : Loading ConfigMap with name 'configmap-without-profile-example' in namespace 'test'
2024-05-17 18:17:06.216  INFO 35194 --- [127.0.0.1:38298] okhttp3.mockwebserver.MockWebServer      : MockWebServer[50093] received request: GET /api/v1/namespaces/test/configmaps/configmap-without-profile-example HTTP/1.1 and responded: HTTP/1.1 200 OK
2024-05-17 18:17:06.225  INFO 35194 --- [127.0.0.1:38298] okhttp3.mockwebserver.MockWebServer      : MockWebServer[50093] received request: GET /api/v1/namespaces/test/configmaps/configmap-without-profile-example-development HTTP/1.1 and responded: HTTP/1.1 404 Client Error
2024-05-17 18:17:06.225  INFO 35194 --- [           main] o.s.c.k.f.config.Fabric8ConfigUtils      : config-map with name : 'configmap-without-profile-example-development' not present in namespace : 'test'
2024-05-17 18:17:06.225  INFO 35194 --- [           main] b.c.PropertySourceBootstrapConfiguration : Located property source: [BootstrapPropertySource {name='bootstrapProperties-configmap.configmap-without-profile-example.test'}]
2024-05-17 18:17:06.230  WARN 35194 --- [           main] ubernetesProfileEnvironmentPostProcessor : Not running inside kubernetes. Skipping 'kubernetes' profile activation.
2024-05-17 18:17:06.231  INFO 35194 --- [           main] s.c.k.f.c.ConfigMapsWithoutProfilesTests : The following profiles are active: development
2024-05-17 18:17:06.489  INFO 35194 --- [           main] o.s.cloud.context.scope.GenericScope     : BeanFactory id=affffd22-e438-321b-a0d0-967c2140a2e8
2024-05-17 18:17:06.608  INFO 35194 --- [           main] o.s.b.w.embedded.tomcat.TomcatWebServer  : Tomcat initialized with port(s): 0 (http)
2024-05-17 18:17:06.609  INFO 35194 --- [           main] o.apache.catalina.core.StandardService   : Starting service [Tomcat]
2024-05-17 18:17:06.609  INFO 35194 --- [           main] org.apache.catalina.core.StandardEngine  : Starting Servlet engine: [Apache Tomcat/9.0.56]
2024-05-17 18:17:06.621  INFO 35194 --- [           main] o.a.c.c.C.[Tomcat-1].[localhost].[/]     : Initializing Spring embedded WebApplicationContext
2024-05-17 18:17:06.621  INFO 35194 --- [           main] w.s.c.ServletWebServerApplicationContext : Root WebApplicationContext: initialization completed in 389 ms
2024-05-17 18:17:07.384  INFO 35194 --- [           main] o.s.b.a.e.web.EndpointLinksResolver      : Exposing 1 endpoint(s) beneath base path '/actuator'
2024-05-17 18:17:07.440  INFO 35194 --- [           main] o.s.b.w.embedded.tomcat.TomcatWebServer  : Tomcat started on port(s): 42097 (http) with context path ''
2024-05-17 18:17:07.447  INFO 35194 --- [           main] s.c.k.f.c.ConfigMapsWithoutProfilesTests : Started ConfigMapsWithoutProfilesTests in 1.369 seconds (JVM running for 11.258)
2024-05-17 18:17:07.601  INFO 35194 --- [WebServer 57531] okhttp3.mockwebserver.MockWebServer      : MockWebServer[57531] starting to accept connections
2024-05-17 18:17:08.002  INFO 35194 --- [o-auto-2-exec-1] o.a.c.c.C.[Tomcat-1].[localhost].[/]     : Initializing Spring DispatcherServlet 'dispatcherServlet'
2024-05-17 18:17:08.002  INFO 35194 --- [o-auto-2-exec-1] o.s.web.servlet.DispatcherServlet        : Initializing Servlet 'dispatcherServlet'
2024-05-17 18:17:08.003  INFO 35194 --- [o-auto-2-exec-1] o.s.web.servlet.DispatcherServlet        : Completed initialization in 1 ms
2024-05-17 18:17:08.132  INFO 35194 --- [WebServer 57531] okhttp3.mockwebserver.MockWebServer      : MockWebServer[57531] done accepting connections: Socket closed
2024-05-17 18:17:08.137  INFO 35194 --- [           main] .b.t.c.SpringBootTestContextBootstrapper : Neither @ContextConfiguration nor @ContextHierarchy found for test class [org.springframework.cloud.kubernetes.fabric8.config.Fabric8BootstrapConfigurationTests$Fabric8BootstrapConfigurationNotInsideK8s], using SpringBootContextLoader
2024-05-17 18:17:08.138  INFO 35194 --- [           main] o.s.t.c.support.AbstractContextLoader    : Could not detect default resource locations for test class [org.springframework.cloud.kubernetes.fabric8.config.Fabric8BootstrapConfigurationTests$Fabric8BootstrapConfigurationNotInsideK8s]: no resource found for suffixes {-context.xml, Context.groovy}.
2024-05-17 18:17:08.140  INFO 35194 --- [           main] .b.t.c.SpringBootTestContextBootstrapper : Loaded default TestExecutionListener class names from location [META-INF/spring.factories]: [org.springframework.boot.test.mock.mockito.MockitoTestExecutionListener, org.springframework.boot.test.mock.mockito.ResetMocksTestExecutionListener, org.springframework.boot.test.autoconfigure.restdocs.RestDocsTestExecutionListener, org.springframework.boot.test.autoconfigure.web.client.MockRestServiceServerResetTestExecutionListener, org.springframework.boot.test.autoconfigure.web.servlet.MockMvcPrintOnlyOnFailureTestExecutionListener, org.springframework.boot.test.autoconfigure.web.servlet.WebDriverTestExecutionListener, org.springframework.boot.test.autoconfigure.webservices.client.MockWebServiceServerTestExecutionListener, org.springframework.test.context.web.ServletTestExecutionListener, org.springframework.test.context.support.DirtiesContextBeforeModesTestExecutionListener, org.springframework.test.context.event.ApplicationEventsTestExecutionListener, org.springframework.test.context.support.DependencyInjectionTestExecutionListener, org.springframework.test.context.support.DirtiesContextTestExecutionListener, org.springframework.test.context.transaction.TransactionalTestExecutionListener, org.springframework.test.context.jdbc.SqlScriptsTestExecutionListener, org.springframework.test.context.event.EventPublishingTestExecutionListener, org.spockframework.spring.SpringMockTestExecutionListener]
2024-05-17 18:17:08.141  INFO 35194 --- [           main] .b.t.c.SpringBootTestContextBootstrapper : Using TestExecutionListeners: [org.springframework.test.context.web.ServletTestExecutionListener@543c887, org.springframework.test.context.support.DirtiesContextBeforeModesTestExecutionListener@75f446df, org.springframework.test.context.event.ApplicationEventsTestExecutionListener@3751baf6, org.springframework.boot.test.mock.mockito.MockitoTestExecutionListener@27e656e6, org.springframework.boot.test.autoconfigure.SpringBootDependencyInjectionTestExecutionListener@3cfab56d, org.springframework.test.context.support.DirtiesContextTestExecutionListener@6b6fde93, org.springframework.test.context.event.EventPublishingTestExecutionListener@51d34f02, org.springframework.boot.test.mock.mockito.ResetMocksTestExecutionListener@441762b8, org.springframework.boot.test.autoconfigure.restdocs.RestDocsTestExecutionListener@2d2fe68a, org.springframework.boot.test.autoconfigure.web.client.MockRestServiceServerResetTestExecutionListener@38213efa, org.springframework.boot.test.autoconfigure.web.servlet.MockMvcPrintOnlyOnFailureTestExecutionListener@73c1dda3, org.springframework.boot.test.autoconfigure.web.servlet.WebDriverTestExecutionListener@c3c63c1, org.springframework.boot.test.autoconfigure.webservices.client.MockWebServiceServerTestExecutionListener@5e75cf7a, org.spockframework.spring.SpringMockTestExecutionListener@6f12fca0]
2024-05-17 18:17:08.193  WARN 35194 --- [           main] ubernetesProfileEnvironmentPostProcessor : Not running inside kubernetes. Skipping 'kubernetes' profile activation.

  .   ____          _            __ _ _
 /\\ / ___'_ __ _ _(_)_ __  __ _ \ \ \ \
( ( )\___ | '_ | '_| | '_ \/ _` | \ \ \ \
 \\/  ___)| |_)| | | | | || (_| |  ) ) ) )
  '  |____| .__|_| |_|_| |_\__, | / / / /
 =========|_|==============|___/=/_/_/_/
 :: Spring Boot ::                (v2.6.3)

2024-05-17 18:17:08.280  WARN 35194 --- [           main] ubernetesProfileEnvironmentPostProcessor : Not running inside kubernetes. Skipping 'kubernetes' profile activation.
2024-05-17 18:17:08.281  INFO 35194 --- [           main] abric8BootstrapConfigurationNotInsideK8s : No active profile set, falling back to default profiles: default
2024-05-17 18:17:08.747  INFO 35194 --- [           main] o.s.cloud.context.scope.GenericScope     : BeanFactory id=5afc43ad-a7d0-33b0-b9e5-c05cec1eda7d
2024-05-17 18:17:08.866  INFO 35194 --- [           main] o.s.b.w.embedded.tomcat.TomcatWebServer  : Tomcat initialized with port(s): 0 (http)
2024-05-17 18:17:08.867  INFO 35194 --- [           main] o.apache.catalina.core.StandardService   : Starting service [Tomcat]
2024-05-17 18:17:08.868  INFO 35194 --- [           main] org.apache.catalina.core.StandardEngine  : Starting Servlet engine: [Apache Tomcat/9.0.56]
2024-05-17 18:17:08.879  INFO 35194 --- [           main] o.a.c.c.C.[Tomcat-2].[localhost].[/]     : Initializing Spring embedded WebApplicationContext
2024-05-17 18:17:08.879  INFO 35194 --- [           main] w.s.c.ServletWebServerApplicationContext : Root WebApplicationContext: initialization completed in 597 ms
2024-05-17 18:17:09.732  INFO 35194 --- [           main] o.s.b.a.e.web.EndpointLinksResolver      : Exposing 1 endpoint(s) beneath base path '/actuator'
2024-05-17 18:17:09.786  INFO 35194 --- [           main] o.s.b.w.embedded.tomcat.TomcatWebServer  : Tomcat started on port(s): 41861 (http) with context path ''
2024-05-17 18:17:09.793  INFO 35194 --- [           main] abric8BootstrapConfigurationNotInsideK8s : Started Fabric8BootstrapConfigurationTests.Fabric8BootstrapConfigurationNotInsideK8s in 1.65 seconds (JVM running for 13.603)
2024-05-17 18:17:09.810  INFO 35194 --- [WebServer 42713] okhttp3.mockwebserver.MockWebServer      : MockWebServer[42713] starting to accept connections
2024-05-17 18:17:09.814  INFO 35194 --- [WebServer 48777] okhttp3.mockwebserver.MockWebServer      : MockWebServer[48777] starting to accept connections
2024-05-17 18:17:09.818  INFO 35194 --- [127.0.0.1:45644] okhttp3.mockwebserver.MockWebServer      : MockWebServer[42713] received request: POST /api/v1/namespaces/test/configmaps HTTP/1.1 and responded: HTTP/1.1 200 OK
2024-05-17 18:17:09.819  INFO 35194 --- [           main] s.c.k.f.c.Fabric8ConfigMapPropertySource : Loading ConfigMap with name 'app-properties-test' in namespace 'test'
2024-05-17 18:17:09.820  INFO 35194 --- [127.0.0.1:45644] okhttp3.mockwebserver.MockWebServer      : MockWebServer[42713] received request: GET /api/v1/namespaces/test/configmaps/app-properties-test HTTP/1.1 and responded: HTTP/1.1 200 OK
2024-05-17 18:17:09.862  INFO 35194 --- [WebServer 48777] okhttp3.mockwebserver.MockWebServer      : MockWebServer[48777] done accepting connections: Socket closed
2024-05-17 18:17:09.866  INFO 35194 --- [           main] .b.t.c.SpringBootTestContextBootstrapper : Neither @ContextConfiguration nor @ContextHierarchy found for test class [org.springframework.cloud.kubernetes.fabric8.config.ConfigMapsWithProfileExpressionTests], using SpringBootContextLoader
2024-05-17 18:17:09.867  INFO 35194 --- [           main] o.s.t.c.support.AbstractContextLoader    : Could not detect default resource locations for test class [org.springframework.cloud.kubernetes.fabric8.config.ConfigMapsWithProfileExpressionTests]: no resource found for suffixes {-context.xml, Context.groovy}.
2024-05-17 18:17:09.869  INFO 35194 --- [           main] .b.t.c.SpringBootTestContextBootstrapper : Loaded default TestExecutionListener class names from location [META-INF/spring.factories]: [org.springframework.boot.test.mock.mockito.MockitoTestExecutionListener, org.springframework.boot.test.mock.mockito.ResetMocksTestExecutionListener, org.springframework.boot.test.autoconfigure.restdocs.RestDocsTestExecutionListener, org.springframework.boot.test.autoconfigure.web.client.MockRestServiceServerResetTestExecutionListener, org.springframework.boot.test.autoconfigure.web.servlet.MockMvcPrintOnlyOnFailureTestExecutionListener, org.springframework.boot.test.autoconfigure.web.servlet.WebDriverTestExecutionListener, org.springframework.boot.test.autoconfigure.webservices.client.MockWebServiceServerTestExecutionListener, org.springframework.test.context.web.ServletTestExecutionListener, org.springframework.test.context.support.DirtiesContextBeforeModesTestExecutionListener, org.springframework.test.context.event.ApplicationEventsTestExecutionListener, org.springframework.test.context.support.DependencyInjectionTestExecutionListener, org.springframework.test.context.support.DirtiesContextTestExecutionListener, org.springframework.test.context.transaction.TransactionalTestExecutionListener, org.springframework.test.context.jdbc.SqlScriptsTestExecutionListener, org.springframework.test.context.event.EventPublishingTestExecutionListener, org.spockframework.spring.SpringMockTestExecutionListener]
2024-05-17 18:17:09.871  INFO 35194 --- [           main] .b.t.c.SpringBootTestContextBootstrapper : Using TestExecutionListeners: [org.springframework.test.context.web.ServletTestExecutionListener@44f88149, org.springframework.test.context.support.DirtiesContextBeforeModesTestExecutionListener@3b1a3125, org.springframework.test.context.event.ApplicationEventsTestExecutionListener@4199761d, org.springframework.boot.test.mock.mockito.MockitoTestExecutionListener@3ca564aa, org.springframework.boot.test.autoconfigure.SpringBootDependencyInjectionTestExecutionListener@3cd758be, org.springframework.test.context.support.DirtiesContextTestExecutionListener@562ec518, org.springframework.test.context.event.EventPublishingTestExecutionListener@5c8d685e, org.springframework.boot.test.mock.mockito.ResetMocksTestExecutionListener@4b1ad751, org.springframework.boot.test.autoconfigure.restdocs.RestDocsTestExecutionListener@4d0e6424, org.springframework.boot.test.autoconfigure.web.client.MockRestServiceServerResetTestExecutionListener@6da86e98, org.springframework.boot.test.autoconfigure.web.servlet.MockMvcPrintOnlyOnFailureTestExecutionListener@5a5024eb, org.springframework.boot.test.autoconfigure.web.servlet.WebDriverTestExecutionListener@476dc0af, org.springframework.boot.test.autoconfigure.webservices.client.MockWebServiceServerTestExecutionListener@797ca322, org.spockframework.spring.SpringMockTestExecutionListener@570ede3b]
2024-05-17 18:17:09.872  INFO 35194 --- [WebServer 60987] okhttp3.mockwebserver.MockWebServer      : MockWebServer[60987] starting to accept connections
2024-05-17 18:17:09.877  INFO 35194 --- [127.0.0.1:50832] okhttp3.mockwebserver.MockWebServer      : MockWebServer[60987] received request: POST /api/v1/namespaces/test/configmaps HTTP/1.1 and responded: HTTP/1.1 200 OK
2024-05-17 18:17:09.926  WARN 35194 --- [           main] ubernetesProfileEnvironmentPostProcessor : Not running inside kubernetes. Skipping 'kubernetes' profile activation.

  .   ____          _            __ _ _
 /\\ / ___'_ __ _ _(_)_ __  __ _ \ \ \ \
( ( )\___ | '_ | '_| | '_ \/ _` | \ \ \ \
 \\/  ___)| |_)| | | | | || (_| |  ) ) ) )
  '  |____| .__|_| |_|_| |_\__, | / / / /
 =========|_|==============|___/=/_/_/_/
 :: Spring Boot ::                (v2.6.3)

2024-05-17 18:17:10.009  INFO 35194 --- [           main] s.c.k.f.c.Fabric8ConfigMapPropertySource : Loading ConfigMap with name 'configmap-with-profile-example' in namespace 'test'
2024-05-17 18:17:10.012  INFO 35194 --- [127.0.0.1:50838] okhttp3.mockwebserver.MockWebServer      : MockWebServer[60987] received request: GET /api/v1/namespaces/test/configmaps/configmap-with-profile-example HTTP/1.1 and responded: HTTP/1.1 200 OK
2024-05-17 18:17:10.025  INFO 35194 --- [127.0.0.1:50838] okhttp3.mockwebserver.MockWebServer      : MockWebServer[60987] received request: GET /api/v1/namespaces/test/configmaps/configmap-with-profile-example-production HTTP/1.1 and responded: HTTP/1.1 404 Client Error
2024-05-17 18:17:10.025  INFO 35194 --- [           main] o.s.c.k.f.config.Fabric8ConfigUtils      : config-map with name : 'configmap-with-profile-example-production' not present in namespace : 'test'
2024-05-17 18:17:10.027  INFO 35194 --- [127.0.0.1:50838] okhttp3.mockwebserver.MockWebServer      : MockWebServer[60987] received request: GET /api/v1/namespaces/test/configmaps/configmap-with-profile-example-us-east HTTP/1.1 and responded: HTTP/1.1 404 Client Error
2024-05-17 18:17:10.027  INFO 35194 --- [           main] o.s.c.k.f.config.Fabric8ConfigUtils      : config-map with name : 'configmap-with-profile-example-us-east' not present in namespace : 'test'
2024-05-17 18:17:10.027  INFO 35194 --- [           main] b.c.PropertySourceBootstrapConfiguration : Located property source: [BootstrapPropertySource {name='bootstrapProperties-configmap.configmap-with-profile-example.test'}]
2024-05-17 18:17:10.032  WARN 35194 --- [           main] ubernetesProfileEnvironmentPostProcessor : Not running inside kubernetes. Skipping 'kubernetes' profile activation.
2024-05-17 18:17:10.032  INFO 35194 --- [           main] f.c.ConfigMapsWithProfileExpressionTests : The following profiles are active: production,us-east
2024-05-17 18:17:10.296  INFO 35194 --- [           main] o.s.cloud.context.scope.GenericScope     : BeanFactory id=affffd22-e438-321b-a0d0-967c2140a2e8
2024-05-17 18:17:10.406  INFO 35194 --- [           main] o.s.b.w.embedded.tomcat.TomcatWebServer  : Tomcat initialized with port(s): 0 (http)
2024-05-17 18:17:10.406  INFO 35194 --- [           main] o.apache.catalina.core.StandardService   : Starting service [Tomcat]
2024-05-17 18:17:10.407  INFO 35194 --- [           main] org.apache.catalina.core.StandardEngine  : Starting Servlet engine: [Apache Tomcat/9.0.56]
2024-05-17 18:17:10.417  INFO 35194 --- [           main] o.a.c.c.C.[Tomcat-3].[localhost].[/]     : Initializing Spring embedded WebApplicationContext
2024-05-17 18:17:10.418  INFO 35194 --- [           main] w.s.c.ServletWebServerApplicationContext : Root WebApplicationContext: initialization completed in 384 ms
2024-05-17 18:17:11.116  INFO 35194 --- [           main] o.s.b.a.e.web.EndpointLinksResolver      : Exposing 1 endpoint(s) beneath base path '/actuator'
2024-05-17 18:17:11.155  INFO 35194 --- [           main] o.s.b.w.embedded.tomcat.TomcatWebServer  : Tomcat started on port(s): 42495 (http) with context path ''
2024-05-17 18:17:11.161  INFO 35194 --- [           main] f.c.ConfigMapsWithProfileExpressionTests : Started ConfigMapsWithProfileExpressionTests in 1.282 seconds (JVM running for 14.971)
2024-05-17 18:17:11.175  INFO 35194 --- [WebServer 49297] okhttp3.mockwebserver.MockWebServer      : MockWebServer[49297] starting to accept connections
2024-05-17 18:17:11.182  INFO 35194 --- [o-auto-4-exec-1] o.a.c.c.C.[Tomcat-3].[localhost].[/]     : Initializing Spring DispatcherServlet 'dispatcherServlet'
2024-05-17 18:17:11.183  INFO 35194 --- [o-auto-4-exec-1] o.s.web.servlet.DispatcherServlet        : Initializing Servlet 'dispatcherServlet'
2024-05-17 18:17:11.184  INFO 35194 --- [o-auto-4-exec-1] o.s.web.servlet.DispatcherServlet        : Completed initialization in 0 ms
2024-05-17 18:17:11.193  INFO 35194 --- [WebServer 49297] okhttp3.mockwebserver.MockWebServer      : MockWebServer[49297] done accepting connections: Socket closed
2024-05-17 18:17:11.197  INFO 35194 --- [           main] .b.t.c.SpringBootTestContextBootstrapper : Neither @ContextConfiguration nor @ContextHierarchy found for test class [org.springframework.cloud.kubernetes.fabric8.config.ConfigMapsTests], using SpringBootContextLoader
2024-05-17 18:17:11.198  INFO 35194 --- [           main] o.s.t.c.support.AbstractContextLoader    : Could not detect default resource locations for test class [org.springframework.cloud.kubernetes.fabric8.config.ConfigMapsTests]: no resource found for suffixes {-context.xml, Context.groovy}.
2024-05-17 18:17:11.200  INFO 35194 --- [           main] .b.t.c.SpringBootTestContextBootstrapper : Loaded default TestExecutionListener class names from location [META-INF/spring.factories]: [org.springframework.boot.test.mock.mockito.MockitoTestExecutionListener, org.springframework.boot.test.mock.mockito.ResetMocksTestExecutionListener, org.springframework.boot.test.autoconfigure.restdocs.RestDocsTestExecutionListener, org.springframework.boot.test.autoconfigure.web.client.MockRestServiceServerResetTestExecutionListener, org.springframework.boot.test.autoconfigure.web.servlet.MockMvcPrintOnlyOnFailureTestExecutionListener, org.springframework.boot.test.autoconfigure.web.servlet.WebDriverTestExecutionListener, org.springframework.boot.test.autoconfigure.webservices.client.MockWebServiceServerTestExecutionListener, org.springframework.test.context.web.ServletTestExecutionListener, org.springframework.test.context.support.DirtiesContextBeforeModesTestExecutionListener, org.springframework.test.context.event.ApplicationEventsTestExecutionListener, org.springframework.test.context.support.DependencyInjectionTestExecutionListener, org.springframework.test.context.support.DirtiesContextTestExecutionListener, org.springframework.test.context.transaction.TransactionalTestExecutionListener, org.springframework.test.context.jdbc.SqlScriptsTestExecutionListener, org.springframework.test.context.event.EventPublishingTestExecutionListener, org.spockframework.spring.SpringMockTestExecutionListener]
2024-05-17 18:17:11.202  INFO 35194 --- [           main] .b.t.c.SpringBootTestContextBootstrapper : Using TestExecutionListeners: [org.springframework.test.context.web.ServletTestExecutionListener@7f065f9e, org.springframework.test.context.support.DirtiesContextBeforeModesTestExecutionListener@106c3e0a, org.springframework.test.context.event.ApplicationEventsTestExecutionListener@2e778abb, org.springframework.boot.test.mock.mockito.MockitoTestExecutionListener@154cbb46, org.springframework.boot.test.autoconfigure.SpringBootDependencyInjectionTestExecutionListener@58fbecde, org.springframework.test.context.support.DirtiesContextTestExecutionListener@299615a5, org.springframework.test.context.event.EventPublishingTestExecutionListener@3ba6707e, org.springframework.boot.test.mock.mockito.ResetMocksTestExecutionListener@4b407ac7, org.springframework.boot.test.autoconfigure.restdocs.RestDocsTestExecutionListener@4c5ae26d, org.springframework.boot.test.autoconfigure.web.client.MockRestServiceServerResetTestExecutionListener@5578ed7e, org.springframework.boot.test.autoconfigure.web.servlet.MockMvcPrintOnlyOnFailureTestExecutionListener@5dd5422f, org.springframework.boot.test.autoconfigure.web.servlet.WebDriverTestExecutionListener@158b8d10, org.springframework.boot.test.autoconfigure.webservices.client.MockWebServiceServerTestExecutionListener@e594c46, org.spockframework.spring.SpringMockTestExecutionListener@1cd853ee]
2024-05-17 18:17:11.204  INFO 35194 --- [WebServer 53997] okhttp3.mockwebserver.MockWebServer      : MockWebServer[53997] starting to accept connections
2024-05-17 18:17:11.207  INFO 35194 --- [127.0.0.1:55460] okhttp3.mockwebserver.MockWebServer      : MockWebServer[53997] received request: POST /api/v1/namespaces/test/configmaps HTTP/1.1 and responded: HTTP/1.1 200 OK
2024-05-17 18:17:11.254  WARN 35194 --- [           main] ubernetesProfileEnvironmentPostProcessor : Not running inside kubernetes. Skipping 'kubernetes' profile activation.

  .   ____          _            __ _ _
 /\\ / ___'_ __ _ _(_)_ __  __ _ \ \ \ \
( ( )\___ | '_ | '_| | '_ \/ _` | \ \ \ \
 \\/  ___)| |_)| | | | | || (_| |  ) ) ) )
  '  |____| .__|_| |_|_| |_\__, | / / / /
 =========|_|==============|___/=/_/_/_/
 :: Spring Boot ::                (v2.6.3)

2024-05-17 18:17:11.331  INFO 35194 --- [           main] s.c.k.f.c.Fabric8ConfigMapPropertySource : Loading ConfigMap with name 'configmap-example' in namespace 'test'
2024-05-17 18:17:11.334  INFO 35194 --- [127.0.0.1:55464] okhttp3.mockwebserver.MockWebServer      : MockWebServer[53997] received request: GET /api/v1/namespaces/test/configmaps/configmap-example HTTP/1.1 and responded: HTTP/1.1 200 OK
2024-05-17 18:17:11.337  INFO 35194 --- [           main] b.c.PropertySourceBootstrapConfiguration : Located property source: [BootstrapPropertySource {name='bootstrapProperties-configmap.configmap-example.test'}]
2024-05-17 18:17:11.341  WARN 35194 --- [           main] ubernetesProfileEnvironmentPostProcessor : Not running inside kubernetes. Skipping 'kubernetes' profile activation.
2024-05-17 18:17:11.341  INFO 35194 --- [           main] o.s.c.k.fabric8.config.ConfigMapsTests   : No active profile set, falling back to default profiles: default
2024-05-17 18:17:11.542  INFO 35194 --- [           main] o.s.cloud.context.scope.GenericScope     : BeanFactory id=affffd22-e438-321b-a0d0-967c2140a2e8
2024-05-17 18:17:11.648  INFO 35194 --- [           main] o.s.b.w.embedded.tomcat.TomcatWebServer  : Tomcat initialized with port(s): 0 (http)
2024-05-17 18:17:11.648  INFO 35194 --- [           main] o.apache.catalina.core.StandardService   : Starting service [Tomcat]
2024-05-17 18:17:11.649  INFO 35194 --- [           main] org.apache.catalina.core.StandardEngine  : Starting Servlet engine: [Apache Tomcat/9.0.56]
2024-05-17 18:17:11.659  INFO 35194 --- [           main] o.a.c.c.C.[Tomcat-4].[localhost].[/]     : Initializing Spring embedded WebApplicationContext
2024-05-17 18:17:11.660  INFO 35194 --- [           main] w.s.c.ServletWebServerApplicationContext : Root WebApplicationContext: initialization completed in 317 ms
2024-05-17 18:17:12.214  INFO 35194 --- [           main] o.s.b.a.e.web.EndpointLinksResolver      : Exposing 1 endpoint(s) beneath base path '/actuator'
2024-05-17 18:17:12.254  INFO 35194 --- [           main] o.s.b.w.embedded.tomcat.TomcatWebServer  : Tomcat started on port(s): 37567 (http) with context path ''
2024-05-17 18:17:12.260  INFO 35194 --- [           main] o.s.c.k.fabric8.config.ConfigMapsTests   : Started ConfigMapsTests in 1.051 seconds (JVM running for 16.07)
2024-05-17 18:17:12.275  INFO 35194 --- [WebServer 57211] okhttp3.mockwebserver.MockWebServer      : MockWebServer[57211] starting to accept connections
2024-05-17 18:17:12.277  INFO 35194 --- [127.0.0.1:55460] okhttp3.mockwebserver.MockWebServer      : MockWebServer[53997] received request: GET /api/v1/namespaces/test/configmaps/configmap-example HTTP/1.1 and responded: HTTP/1.1 200 OK
2024-05-17 18:17:12.284  INFO 35194 --- [WebServer 57211] okhttp3.mockwebserver.MockWebServer      : MockWebServer[57211] done accepting connections: Socket closed
2024-05-17 18:17:12.290  INFO 35194 --- [           main] .b.t.c.SpringBootTestContextBootstrapper : Neither @ContextConfiguration nor @ContextHierarchy found for test class [org.springframework.cloud.kubernetes.fabric8.config.ConfigMapsMixedTests], using SpringBootContextLoader
2024-05-17 18:17:12.291  INFO 35194 --- [           main] o.s.t.c.support.AbstractContextLoader    : Could not detect default resource locations for test class [org.springframework.cloud.kubernetes.fabric8.config.ConfigMapsMixedTests]: no resource found for suffixes {-context.xml, Context.groovy}.
2024-05-17 18:17:12.292  INFO 35194 --- [           main] .b.t.c.SpringBootTestContextBootstrapper : Loaded default TestExecutionListener class names from location [META-INF/spring.factories]: [org.springframework.boot.test.mock.mockito.MockitoTestExecutionListener, org.springframework.boot.test.mock.mockito.ResetMocksTestExecutionListener, org.springframework.boot.test.autoconfigure.restdocs.RestDocsTestExecutionListener, org.springframework.boot.test.autoconfigure.web.client.MockRestServiceServerResetTestExecutionListener, org.springframework.boot.test.autoconfigure.web.servlet.MockMvcPrintOnlyOnFailureTestExecutionListener, org.springframework.boot.test.autoconfigure.web.servlet.WebDriverTestExecutionListener, org.springframework.boot.test.autoconfigure.webservices.client.MockWebServiceServerTestExecutionListener, org.springframework.test.context.web.ServletTestExecutionListener, org.springframework.test.context.support.DirtiesContextBeforeModesTestExecutionListener, org.springframework.test.context.event.ApplicationEventsTestExecutionListener, org.springframework.test.context.support.DependencyInjectionTestExecutionListener, org.springframework.test.context.support.DirtiesContextTestExecutionListener, org.springframework.test.context.transaction.TransactionalTestExecutionListener, org.springframework.test.context.jdbc.SqlScriptsTestExecutionListener, org.springframework.test.context.event.EventPublishingTestExecutionListener, org.spockframework.spring.SpringMockTestExecutionListener]
2024-05-17 18:17:12.294  INFO 35194 --- [           main] .b.t.c.SpringBootTestContextBootstrapper : Using TestExecutionListeners: [org.springframework.test.context.web.ServletTestExecutionListener@4b0df349, org.springframework.test.context.support.DirtiesContextBeforeModesTestExecutionListener@21f7c0be, org.springframework.test.context.event.ApplicationEventsTestExecutionListener@48463900, org.springframework.boot.test.mock.mockito.MockitoTestExecutionListener@5834298c, org.springframework.boot.test.autoconfigure.SpringBootDependencyInjectionTestExecutionListener@7c070e78, org.springframework.test.context.support.DirtiesContextTestExecutionListener@63ead376, org.springframework.test.context.event.EventPublishingTestExecutionListener@1a1d7832, org.springframework.boot.test.mock.mockito.ResetMocksTestExecutionListener@639c5ab4, org.springframework.boot.test.autoconfigure.restdocs.RestDocsTestExecutionListener@272cec71, org.springframework.boot.test.autoconfigure.web.client.MockRestServiceServerResetTestExecutionListener@12e8ea81, org.springframework.boot.test.autoconfigure.web.servlet.MockMvcPrintOnlyOnFailureTestExecutionListener@6345dc06, org.springframework.boot.test.autoconfigure.web.servlet.WebDriverTestExecutionListener@628d6320, org.springframework.boot.test.autoconfigure.webservices.client.MockWebServiceServerTestExecutionListener@22025464, org.spockframework.spring.SpringMockTestExecutionListener@77eb0e47]
2024-05-17 18:17:12.296  INFO 35194 --- [WebServer 46411] okhttp3.mockwebserver.MockWebServer      : MockWebServer[46411] starting to accept connections
2024-05-17 18:17:12.301  INFO 35194 --- [127.0.0.1:46510] okhttp3.mockwebserver.MockWebServer      : MockWebServer[46411] received request: POST /api/v1/namespaces/test/configmaps HTTP/1.1 and responded: HTTP/1.1 200 OK
2024-05-17 18:17:12.359  WARN 35194 --- [           main] ubernetesProfileEnvironmentPostProcessor : Not running inside kubernetes. Skipping 'kubernetes' profile activation.

  .   ____          _            __ _ _
 /\\ / ___'_ __ _ _(_)_ __  __ _ \ \ \ \
( ( )\___ | '_ | '_| | '_ \/ _` | \ \ \ \
 \\/  ___)| |_)| | | | | || (_| |  ) ) ) )
  '  |____| .__|_| |_|_| |_\__, | / / / /
 =========|_|==============|___/=/_/_/_/
 :: Spring Boot ::                (v2.6.3)

2024-05-17 18:17:12.432  INFO 35194 --- [           main] s.c.k.f.c.Fabric8ConfigMapPropertySource : Loading ConfigMap with name 'configmap-mixed-example' in namespace 'test'
2024-05-17 18:17:12.434  INFO 35194 --- [127.0.0.1:46522] okhttp3.mockwebserver.MockWebServer      : MockWebServer[46411] received request: GET /api/v1/namespaces/test/configmaps/configmap-mixed-example HTTP/1.1 and responded: HTTP/1.1 200 OK
2024-05-17 18:17:12.439  INFO 35194 --- [           main] b.c.PropertySourceBootstrapConfiguration : Located property source: [BootstrapPropertySource {name='bootstrapProperties-/tmp/scktests/application-path.yaml'}, BootstrapPropertySource {name='bootstrapProperties-configmap.configmap-mixed-example.test'}]
2024-05-17 18:17:12.442  WARN 35194 --- [           main] ubernetesProfileEnvironmentPostProcessor : Not running inside kubernetes. Skipping 'kubernetes' profile activation.
2024-05-17 18:17:12.442  INFO 35194 --- [           main] o.s.c.k.f.config.ConfigMapsMixedTests    : No active profile set, falling back to default profiles: default
2024-05-17 18:17:12.645  INFO 35194 --- [           main] o.s.cloud.context.scope.GenericScope     : BeanFactory id=e369cf40-d234-36e2-a4dc-38329760186f
2024-05-17 18:17:12.752  INFO 35194 --- [           main] o.s.b.w.embedded.tomcat.TomcatWebServer  : Tomcat initialized with port(s): 0 (http)
2024-05-17 18:17:12.753  INFO 35194 --- [           main] o.apache.catalina.core.StandardService   : Starting service [Tomcat]
2024-05-17 18:17:12.753  INFO 35194 --- [           main] org.apache.catalina.core.StandardEngine  : Starting Servlet engine: [Apache Tomcat/9.0.56]
2024-05-17 18:17:12.763  INFO 35194 --- [           main] o.a.c.c.C.[Tomcat-5].[localhost].[/]     : Initializing Spring embedded WebApplicationContext
2024-05-17 18:17:12.764  INFO 35194 --- [           main] w.s.c.ServletWebServerApplicationContext : Root WebApplicationContext: initialization completed in 321 ms
2024-05-17 18:17:13.328  INFO 35194 --- [           main] o.s.b.a.e.web.EndpointLinksResolver      : Exposing 1 endpoint(s) beneath base path '/actuator'
2024-05-17 18:17:13.378  INFO 35194 --- [           main] o.s.b.w.embedded.tomcat.TomcatWebServer  : Tomcat started on port(s): 42239 (http) with context path ''
2024-05-17 18:17:13.384  INFO 35194 --- [           main] o.s.c.k.f.config.ConfigMapsMixedTests    : Started ConfigMapsMixedTests in 1.081 seconds (JVM running for 17.194)
2024-05-17 18:17:13.393  INFO 35194 --- [WebServer 59105] okhttp3.mockwebserver.MockWebServer      : MockWebServer[59105] starting to accept connections
2024-05-17 18:17:13.401  INFO 35194 --- [o-auto-6-exec-1] o.a.c.c.C.[Tomcat-5].[localhost].[/]     : Initializing Spring DispatcherServlet 'dispatcherServlet'
2024-05-17 18:17:13.401  INFO 35194 --- [o-auto-6-exec-1] o.s.web.servlet.DispatcherServlet        : Initializing Servlet 'dispatcherServlet'
2024-05-17 18:17:13.402  INFO 35194 --- [o-auto-6-exec-1] o.s.web.servlet.DispatcherServlet        : Completed initialization in 1 ms
2024-05-17 18:17:13.412  INFO 35194 --- [WebServer 59105] okhttp3.mockwebserver.MockWebServer      : MockWebServer[59105] done accepting connections: Socket closed
2024-05-17 18:17:13.419  INFO 35194 --- [WebServer 43963] okhttp3.mockwebserver.MockWebServer      : MockWebServer[43963] starting to accept connections
2024-05-17 18:17:13.634  INFO 35194 --- [WebServer 54671] okhttp3.mockwebserver.MockWebServer      : MockWebServer[54671] starting to accept connections
2024-05-17 18:17:13.636  INFO 35194 --- [           main] o.s.c.k.f.c.Fabric8SecretsPropertySource : Loading Secret with name 'my-config' or with labels [{}] in namespace 'default'
2024-05-17 18:17:13.742  INFO 35194 --- [127.0.0.1:40226] okhttp3.mockwebserver.MockWebServer      : MockWebServer[43963] received request: GET /api/v1/namespaces/default/secrets/my-config HTTP/1.1 and responded: HTTP/1.1 500 Server Error
2024-05-17 18:17:13.783  WARN 35194 --- [           main] o.s.c.k.f.c.Fabric8SecretsPropertySource : Can't read secret with name: [my-config] or labels [{}] in namespace: [default] (cause: Failure executing: GET at: https://localhost:43963/api/v1/namespaces/default/secrets/my-config. Message: Internal Server Error.). Ignoring
2024-05-17 18:17:13.785  INFO 35194 --- [WebServer 54671] okhttp3.mockwebserver.MockWebServer      : MockWebServer[54671] done accepting connections: Socket closed
2024-05-17 18:17:13.789  INFO 35194 --- [WebServer 47591] okhttp3.mockwebserver.MockWebServer      : MockWebServer[47591] starting to accept connections
2024-05-17 18:17:13.790  INFO 35194 --- [WebServer 47927] okhttp3.mockwebserver.MockWebServer      : MockWebServer[47927] starting to accept connections
2024-05-17 18:17:13.794  INFO 35194 --- [127.0.0.1:36982] okhttp3.mockwebserver.MockWebServer      : MockWebServer[47591] received request: POST /api/v1/namespaces/test/configmaps HTTP/1.1 and responded: HTTP/1.1 200 OK
2024-05-17 18:17:13.794  INFO 35194 --- [           main] s.c.k.f.c.Fabric8ConfigMapPropertySource : Loading ConfigMap with name 'single-unparseable-properties-test' in namespace 'test'
2024-05-17 18:17:13.795  INFO 35194 --- [127.0.0.1:36982] okhttp3.mockwebserver.MockWebServer      : MockWebServer[47591] received request: GET /api/v1/namespaces/test/configmaps/single-unparseable-properties-test HTTP/1.1 and responded: HTTP/1.1 200 OK
2024-05-17 18:17:13.836  INFO 35194 --- [WebServer 47927] okhttp3.mockwebserver.MockWebServer      : MockWebServer[47927] done accepting connections: Socket closed
2024-05-17 18:17:13.842  INFO 35194 --- [           main] .b.t.c.SpringBootTestContextBootstrapper : Neither @ContextConfiguration nor @ContextHierarchy found for test class [org.springframework.cloud.kubernetes.fabric8.config.ConfigMapsFromFilePathsTests], using SpringBootContextLoader
2024-05-17 18:17:13.844  INFO 35194 --- [           main] o.s.t.c.support.AbstractContextLoader    : Could not detect default resource locations for test class [org.springframework.cloud.kubernetes.fabric8.config.ConfigMapsFromFilePathsTests]: no resource found for suffixes {-context.xml, Context.groovy}.
2024-05-17 18:17:13.846  INFO 35194 --- [           main] .b.t.c.SpringBootTestContextBootstrapper : Loaded default TestExecutionListener class names from location [META-INF/spring.factories]: [org.springframework.boot.test.mock.mockito.MockitoTestExecutionListener, org.springframework.boot.test.mock.mockito.ResetMocksTestExecutionListener, org.springframework.boot.test.autoconfigure.restdocs.RestDocsTestExecutionListener, org.springframework.boot.test.autoconfigure.web.client.MockRestServiceServerResetTestExecutionListener, org.springframework.boot.test.autoconfigure.web.servlet.MockMvcPrintOnlyOnFailureTestExecutionListener, org.springframework.boot.test.autoconfigure.web.servlet.WebDriverTestExecutionListener, org.springframework.boot.test.autoconfigure.webservices.client.MockWebServiceServerTestExecutionListener, org.springframework.test.context.web.ServletTestExecutionListener, org.springframework.test.context.support.DirtiesContextBeforeModesTestExecutionListener, org.springframework.test.context.event.ApplicationEventsTestExecutionListener, org.springframework.test.context.support.DependencyInjectionTestExecutionListener, org.springframework.test.context.support.DirtiesContextTestExecutionListener, org.springframework.test.context.transaction.TransactionalTestExecutionListener, org.springframework.test.context.jdbc.SqlScriptsTestExecutionListener, org.springframework.test.context.event.EventPublishingTestExecutionListener, org.spockframework.spring.SpringMockTestExecutionListener]
2024-05-17 18:17:13.847  INFO 35194 --- [           main] .b.t.c.SpringBootTestContextBootstrapper : Using TestExecutionListeners: [org.springframework.test.context.web.ServletTestExecutionListener@4620e669, org.springframework.test.context.support.DirtiesContextBeforeModesTestExecutionListener@4b93a232, org.springframework.test.context.event.ApplicationEventsTestExecutionListener@6c6fdf5d, org.springframework.boot.test.mock.mockito.MockitoTestExecutionListener@187c8f96, org.springframework.boot.test.autoconfigure.SpringBootDependencyInjectionTestExecutionListener@592e315e, org.springframework.test.context.support.DirtiesContextTestExecutionListener@f7a8a7b, org.springframework.test.context.event.EventPublishingTestExecutionListener@1dfd39fe, org.springframework.boot.test.mock.mockito.ResetMocksTestExecutionListener@610115e8, org.springframework.boot.test.autoconfigure.restdocs.RestDocsTestExecutionListener@498d7c57, org.springframework.boot.test.autoconfigure.web.client.MockRestServiceServerResetTestExecutionListener@12ff0e4f, org.springframework.boot.test.autoconfigure.web.servlet.MockMvcPrintOnlyOnFailureTestExecutionListener@66b9f727, org.springframework.boot.test.autoconfigure.web.servlet.WebDriverTestExecutionListener@f7e004d, org.springframework.boot.test.autoconfigure.webservices.client.MockWebServiceServerTestExecutionListener@2d33aa31, org.spockframework.spring.SpringMockTestExecutionListener@475454ae]
2024-05-17 18:17:13.850  INFO 35194 --- [WebServer 54849] okhttp3.mockwebserver.MockWebServer      : MockWebServer[54849] starting to accept connections
2024-05-17 18:17:13.912  WARN 35194 --- [           main] ubernetesProfileEnvironmentPostProcessor : Not running inside kubernetes. Skipping 'kubernetes' profile activation.

  .   ____          _            __ _ _
 /\\ / ___'_ __ _ _(_)_ __  __ _ \ \ \ \
( ( )\___ | '_ | '_| | '_ \/ _` | \ \ \ \
 \\/  ___)| |_)| | | | | || (_| |  ) ) ) )
  '  |____| .__|_| |_|_| |_\__, | / / / /
 =========|_|==============|___/=/_/_/_/
 :: Spring Boot ::                (v2.6.3)

2024-05-17 18:17:14.005  INFO 35194 --- [           main] b.c.PropertySourceBootstrapConfiguration : Located property source: [BootstrapPropertySource {name='bootstrapProperties-/tmp/scktests/another-directory/application.properties'}, BootstrapPropertySource {name='bootstrapProperties-/tmp/scktests/extra.properties'}, BootstrapPropertySource {name='bootstrapProperties-/tmp/scktests/application.properties'}]
2024-05-17 18:17:14.010  WARN 35194 --- [           main] ubernetesProfileEnvironmentPostProcessor : Not running inside kubernetes. Skipping 'kubernetes' profile activation.
2024-05-17 18:17:14.010  INFO 35194 --- [           main] o.s.c.k.f.c.ConfigMapsFromFilePathsTests : No active profile set, falling back to default profiles: default
2024-05-17 18:17:14.206  INFO 35194 --- [           main] o.s.cloud.context.scope.GenericScope     : BeanFactory id=e369cf40-d234-36e2-a4dc-38329760186f
2024-05-17 18:17:14.291  INFO 35194 --- [           main] o.s.b.w.embedded.tomcat.TomcatWebServer  : Tomcat initialized with port(s): 0 (http)
2024-05-17 18:17:14.291  INFO 35194 --- [           main] o.apache.catalina.core.StandardService   : Starting service [Tomcat]
2024-05-17 18:17:14.292  INFO 35194 --- [           main] org.apache.catalina.core.StandardEngine  : Starting Servlet engine: [Apache Tomcat/9.0.56]
2024-05-17 18:17:14.303  INFO 35194 --- [           main] o.a.c.c.C.[Tomcat-6].[localhost].[/]     : Initializing Spring embedded WebApplicationContext
2024-05-17 18:17:14.303  INFO 35194 --- [           main] w.s.c.ServletWebServerApplicationContext : Root WebApplicationContext: initialization completed in 291 ms
2024-05-17 18:17:14.856  INFO 35194 --- [           main] o.s.b.a.e.web.EndpointLinksResolver      : Exposing 1 endpoint(s) beneath base path '/actuator'
2024-05-17 18:17:14.893  INFO 35194 --- [           main] o.s.b.w.embedded.tomcat.TomcatWebServer  : Tomcat started on port(s): 45671 (http) with context path ''
2024-05-17 18:17:14.898  INFO 35194 --- [           main] o.s.c.k.f.c.ConfigMapsFromFilePathsTests : Started ConfigMapsFromFilePathsTests in 1.045 seconds (JVM running for 18.708)
2024-05-17 18:17:14.907  INFO 35194 --- [WebServer 43643] okhttp3.mockwebserver.MockWebServer      : MockWebServer[43643] starting to accept connections
2024-05-17 18:17:14.917  INFO 35194 --- [o-auto-7-exec-1] o.a.c.c.C.[Tomcat-6].[localhost].[/]     : Initializing Spring DispatcherServlet 'dispatcherServlet'
2024-05-17 18:17:14.917  INFO 35194 --- [o-auto-7-exec-1] o.s.web.servlet.DispatcherServlet        : Initializing Servlet 'dispatcherServlet'
2024-05-17 18:17:14.917  INFO 35194 --- [o-auto-7-exec-1] o.s.web.servlet.DispatcherServlet        : Completed initialization in 0 ms
2024-05-17 18:17:14.927  INFO 35194 --- [WebServer 43643] okhttp3.mockwebserver.MockWebServer      : MockWebServer[43643] done accepting connections: Socket closed
2024-05-17 18:17:14.932  INFO 35194 --- [WebServer 51933] okhttp3.mockwebserver.MockWebServer      : MockWebServer[51933] starting to accept connections
2024-05-17 18:17:14.934  INFO 35194 --- [WebServer 57297] okhttp3.mockwebserver.MockWebServer      : MockWebServer[57297] starting to accept connections
2024-05-17 18:17:14.938  INFO 35194 --- [127.0.0.1:37632] okhttp3.mockwebserver.MockWebServer      : MockWebServer[51933] received request: POST /api/v1/namespaces/test/configmaps HTTP/1.1 and responded: HTTP/1.1 200 OK
2024-05-17 18:17:14.938  INFO 35194 --- [           main] s.c.k.f.c.Fabric8ConfigMapPropertySource : Loading ConfigMap with name 'single-unparseable-yaml-test' in namespace 'test'
2024-05-17 18:17:14.940  INFO 35194 --- [127.0.0.1:37632] okhttp3.mockwebserver.MockWebServer      : MockWebServer[51933] received request: GET /api/v1/namespaces/test/configmaps/single-unparseable-yaml-test HTTP/1.1 and responded: HTTP/1.1 200 OK
2024-05-17 18:17:14.982  INFO 35194 --- [WebServer 57297] okhttp3.mockwebserver.MockWebServer      : MockWebServer[57297] done accepting connections: Socket closed
2024-05-17 18:17:14.989  INFO 35194 --- [WebServer 46197] okhttp3.mockwebserver.MockWebServer      : MockWebServer[46197] starting to accept connections
2024-05-17 18:17:14.993  INFO 35194 --- [WebServer 42603] okhttp3.mockwebserver.MockWebServer      : MockWebServer[42603] starting to accept connections
2024-05-17 18:17:15.001  INFO 35194 --- [           main] s.c.k.f.c.Fabric8ConfigMapPropertySource : Loading ConfigMap with name 'configmap' in namespace 'some'
2024-05-17 18:17:15.004  WARN 35194 --- [           main] s.c.k.f.c.Fabric8ConfigMapPropertySource : Can't read configMap with name: [configmap] in namespace: [some]. Ignoring.

java.lang.NullPointerException: null
	at org.springframework.cloud.kubernetes.fabric8.config.Fabric8ConfigUtils.getConfigMapData(Fabric8ConfigUtils.java:118)
	at org.springframework.cloud.kubernetes.fabric8.config.Fabric8ConfigMapPropertySource.getData(Fabric8ConfigMapPropertySource.java:79)
	at org.springframework.cloud.kubernetes.fabric8.config.Fabric8ConfigMapPropertySource.<init>(Fabric8ConfigMapPropertySource.java:70)
	at org.springframework.cloud.kubernetes.fabric8.config.Fabric8ConfigMapPropertySource.<init>(Fabric8ConfigMapPropertySource.java:53)
	at org.springframework.cloud.kubernetes.fabric8.config.Fabric8ConfigMapPropertySourceTests.deprecatedConstructorWithClientNamespaceMustNotFail(Fabric8ConfigMapPropertySourceTests.java:80)
	at sun.reflect.NativeMethodAccessorImpl.invoke0(Native Method)
	at sun.reflect.NativeMethodAccessorImpl.invoke(NativeMethodAccessorImpl.java:62)
	at sun.reflect.DelegatingMethodAccessorImpl.invoke(DelegatingMethodAccessorImpl.java:43)
	at java.lang.reflect.Method.invoke(Method.java:498)
	at org.junit.platform.commons.util.ReflectionUtils.invokeMethod(ReflectionUtils.java:725)
	at org.junit.jupiter.engine.execution.MethodInvocation.proceed(MethodInvocation.java:60)
	at org.junit.jupiter.engine.execution.InvocationInterceptorChain$ValidatingInvocation.proceed(InvocationInterceptorChain.java:131)
	at org.junit.jupiter.engine.extension.TimeoutExtension.intercept(TimeoutExtension.java:149)
	at org.junit.jupiter.engine.extension.TimeoutExtension.interceptTestableMethod(TimeoutExtension.java:140)
	at org.junit.jupiter.engine.extension.TimeoutExtension.interceptTestMethod(TimeoutExtension.java:84)
	at org.junit.jupiter.engine.execution.ExecutableInvoker$ReflectiveInterceptorCall.lambda$ofVoidMethod$0(ExecutableInvoker.java:115)
	at org.junit.jupiter.engine.execution.ExecutableInvoker.lambda$invoke$0(ExecutableInvoker.java:105)
	at org.junit.jupiter.engine.execution.InvocationInterceptorChain$InterceptedInvocation.proceed(InvocationInterceptorChain.java:106)
	at org.junit.jupiter.engine.execution.InvocationInterceptorChain.proceed(InvocationInterceptorChain.java:64)
	at org.junit.jupiter.engine.execution.InvocationInterceptorChain.chainAndInvoke(InvocationInterceptorChain.java:45)
	at org.junit.jupiter.engine.execution.InvocationInterceptorChain.invoke(InvocationInterceptorChain.java:37)
	at org.junit.jupiter.engine.execution.ExecutableInvoker.invoke(ExecutableInvoker.java:104)
	at org.junit.jupiter.engine.execution.ExecutableInvoker.invoke(ExecutableInvoker.java:98)
	at org.junit.jupiter.engine.descriptor.TestMethodTestDescriptor.lambda$invokeTestMethod$7(TestMethodTestDescriptor.java:214)
	at org.junit.platform.engine.support.hierarchical.ThrowableCollector.execute(ThrowableCollector.java:73)
	at org.junit.jupiter.engine.descriptor.TestMethodTestDescriptor.invokeTestMethod(TestMethodTestDescriptor.java:210)
	at org.junit.jupiter.engine.descriptor.TestMethodTestDescriptor.execute(TestMethodTestDescriptor.java:135)
	at org.junit.jupiter.engine.descriptor.TestMethodTestDescriptor.execute(TestMethodTestDescriptor.java:66)
	at org.junit.platform.engine.support.hierarchical.NodeTestTask.lambda$executeRecursively$6(NodeTestTask.java:151)
	at org.junit.platform.engine.support.hierarchical.ThrowableCollector.execute(ThrowableCollector.java:73)
	at org.junit.platform.engine.support.hierarchical.NodeTestTask.lambda$executeRecursively$8(NodeTestTask.java:141)
	at org.junit.platform.engine.support.hierarchical.Node.around(Node.java:137)
	at org.junit.platform.engine.support.hierarchical.NodeTestTask.lambda$executeRecursively$9(NodeTestTask.java:139)
	at org.junit.platform.engine.support.hierarchical.ThrowableCollector.execute(ThrowableCollector.java:73)
	at org.junit.platform.engine.support.hierarchical.NodeTestTask.executeRecursively(NodeTestTask.java:138)
	at org.junit.platform.engine.support.hierarchical.NodeTestTask.execute(NodeTestTask.java:95)
	at java.util.ArrayList.forEach(ArrayList.java:1259)
	at org.junit.platform.engine.support.hierarchical.SameThreadHierarchicalTestExecutorService.invokeAll(SameThreadHierarchicalTestExecutorService.java:41)
	at org.junit.platform.engine.support.hierarchical.NodeTestTask.lambda$executeRecursively$6(NodeTestTask.java:155)
	at org.junit.platform.engine.support.hierarchical.ThrowableCollector.execute(ThrowableCollector.java:73)
	at org.junit.platform.engine.support.hierarchical.NodeTestTask.lambda$executeRecursively$8(NodeTestTask.java:141)
	at org.junit.platform.engine.support.hierarchical.Node.around(Node.java:137)
	at org.junit.platform.engine.support.hierarchical.NodeTestTask.lambda$executeRecursively$9(NodeTestTask.java:139)
	at org.junit.platform.engine.support.hierarchical.ThrowableCollector.execute(ThrowableCollector.java:73)
	at org.junit.platform.engine.support.hierarchical.NodeTestTask.executeRecursively(NodeTestTask.java:138)
	at org.junit.platform.engine.support.hierarchical.NodeTestTask.execute(NodeTestTask.java:95)
	at java.util.ArrayList.forEach(ArrayList.java:1259)
	at org.junit.platform.engine.support.hierarchical.SameThreadHierarchicalTestExecutorService.invokeAll(SameThreadHierarchicalTestExecutorService.java:41)
	at org.junit.platform.engine.support.hierarchical.NodeTestTask.lambda$executeRecursively$6(NodeTestTask.java:155)
	at org.junit.platform.engine.support.hierarchical.ThrowableCollector.execute(ThrowableCollector.java:73)
	at org.junit.platform.engine.support.hierarchical.NodeTestTask.lambda$executeRecursively$8(NodeTestTask.java:141)
	at org.junit.platform.engine.support.hierarchical.Node.around(Node.java:137)
	at org.junit.platform.engine.support.hierarchical.NodeTestTask.lambda$executeRecursively$9(NodeTestTask.java:139)
	at org.junit.platform.engine.support.hierarchical.ThrowableCollector.execute(ThrowableCollector.java:73)
	at org.junit.platform.engine.support.hierarchical.NodeTestTask.executeRecursively(NodeTestTask.java:138)
	at org.junit.platform.engine.support.hierarchical.NodeTestTask.execute(NodeTestTask.java:95)
	at org.junit.platform.engine.support.hierarchical.SameThreadHierarchicalTestExecutorService.submit(SameThreadHierarchicalTestExecutorService.java:35)
	at org.junit.platform.engine.support.hierarchical.HierarchicalTestExecutor.execute(HierarchicalTestExecutor.java:57)
	at org.junit.platform.engine.support.hierarchical.HierarchicalTestEngine.execute(HierarchicalTestEngine.java:54)
	at org.junit.platform.launcher.core.DefaultLauncher.execute(DefaultLauncher.java:170)
	at org.junit.platform.launcher.core.DefaultLauncher.execute(DefaultLauncher.java:154)
	at org.junit.platform.launcher.core.DefaultLauncher.execute(DefaultLauncher.java:90)
	at edu.illinois.cs.testrunner.execution.JUnit5TestExecutor.runTestsSeparately(JUnit5TestExecutor.java:40)
	at edu.illinois.cs.testrunner.execution.Executor$.$anonfun$run$1(Executor.scala:33)
	at scala.runtime.java8.JFunction0$mcV$sp.apply(JFunction0$mcV$sp.java:12)
	at scala.util.Try$.apply(Try.scala:209)
	at edu.illinois.cs.testrunner.execution.Executor$.run(Executor.scala:28)
	at edu.illinois.cs.testrunner.execution.Executor$.main(Executor.scala:18)
	at edu.illinois.cs.testrunner.execution.Executor.main(Executor.scala)

2024-05-17 18:17:15.005  INFO 35194 --- [WebServer 42603] okhttp3.mockwebserver.MockWebServer      : MockWebServer[42603] done accepting connections: Socket closed
2024-05-17 18:17:15.011  INFO 35194 --- [WebServer 35049] okhttp3.mockwebserver.MockWebServer      : MockWebServer[35049] starting to accept connections
2024-05-17 18:17:15.016  INFO 35194 --- [WebServer 59647] okhttp3.mockwebserver.MockWebServer      : MockWebServer[59647] starting to accept connections
2024-05-17 18:17:15.016  INFO 35194 --- [           main] s.c.k.f.c.Fabric8ConfigMapPropertySource : Loading ConfigMap with name 'configmap' in namespace 'namespace'
2024-05-17 18:17:15.017  WARN 35194 --- [           main] s.c.k.f.c.Fabric8ConfigMapPropertySource : Can't read configMap with name: [configmap] in namespace: [namespace]. Ignoring.

java.lang.NullPointerException: null
	at org.springframework.cloud.kubernetes.fabric8.config.Fabric8ConfigUtils.getConfigMapData(Fabric8ConfigUtils.java:118)
	at org.springframework.cloud.kubernetes.fabric8.config.Fabric8ConfigMapPropertySource.getData(Fabric8ConfigMapPropertySource.java:79)
	at org.springframework.cloud.kubernetes.fabric8.config.Fabric8ConfigMapPropertySource.<init>(Fabric8ConfigMapPropertySource.java:63)
	at org.springframework.cloud.kubernetes.fabric8.config.Fabric8ConfigMapPropertySourceTests.constructorWithNamespaceMustNotFail(Fabric8ConfigMapPropertySourceTests.java:125)
	at sun.reflect.NativeMethodAccessorImpl.invoke0(Native Method)
	at sun.reflect.NativeMethodAccessorImpl.invoke(NativeMethodAccessorImpl.java:62)
	at sun.reflect.DelegatingMethodAccessorImpl.invoke(DelegatingMethodAccessorImpl.java:43)
	at java.lang.reflect.Method.invoke(Method.java:498)
	at org.junit.platform.commons.util.ReflectionUtils.invokeMethod(ReflectionUtils.java:725)
	at org.junit.jupiter.engine.execution.MethodInvocation.proceed(MethodInvocation.java:60)
	at org.junit.jupiter.engine.execution.InvocationInterceptorChain$ValidatingInvocation.proceed(InvocationInterceptorChain.java:131)
	at org.junit.jupiter.engine.extension.TimeoutExtension.intercept(TimeoutExtension.java:149)
	at org.junit.jupiter.engine.extension.TimeoutExtension.interceptTestableMethod(TimeoutExtension.java:140)
	at org.junit.jupiter.engine.extension.TimeoutExtension.interceptTestMethod(TimeoutExtension.java:84)
	at org.junit.jupiter.engine.execution.ExecutableInvoker$ReflectiveInterceptorCall.lambda$ofVoidMethod$0(ExecutableInvoker.java:115)
	at org.junit.jupiter.engine.execution.ExecutableInvoker.lambda$invoke$0(ExecutableInvoker.java:105)
	at org.junit.jupiter.engine.execution.InvocationInterceptorChain$InterceptedInvocation.proceed(InvocationInterceptorChain.java:106)
	at org.junit.jupiter.engine.execution.InvocationInterceptorChain.proceed(InvocationInterceptorChain.java:64)
	at org.junit.jupiter.engine.execution.InvocationInterceptorChain.chainAndInvoke(InvocationInterceptorChain.java:45)
	at org.junit.jupiter.engine.execution.InvocationInterceptorChain.invoke(InvocationInterceptorChain.java:37)
	at org.junit.jupiter.engine.execution.ExecutableInvoker.invoke(ExecutableInvoker.java:104)
	at org.junit.jupiter.engine.execution.ExecutableInvoker.invoke(ExecutableInvoker.java:98)
	at org.junit.jupiter.engine.descriptor.TestMethodTestDescriptor.lambda$invokeTestMethod$7(TestMethodTestDescriptor.java:214)
	at org.junit.platform.engine.support.hierarchical.ThrowableCollector.execute(ThrowableCollector.java:73)
	at org.junit.jupiter.engine.descriptor.TestMethodTestDescriptor.invokeTestMethod(TestMethodTestDescriptor.java:210)
	at org.junit.jupiter.engine.descriptor.TestMethodTestDescriptor.execute(TestMethodTestDescriptor.java:135)
	at org.junit.jupiter.engine.descriptor.TestMethodTestDescriptor.execute(TestMethodTestDescriptor.java:66)
	at org.junit.platform.engine.support.hierarchical.NodeTestTask.lambda$executeRecursively$6(NodeTestTask.java:151)
	at org.junit.platform.engine.support.hierarchical.ThrowableCollector.execute(ThrowableCollector.java:73)
	at org.junit.platform.engine.support.hierarchical.NodeTestTask.lambda$executeRecursively$8(NodeTestTask.java:141)
	at org.junit.platform.engine.support.hierarchical.Node.around(Node.java:137)
	at org.junit.platform.engine.support.hierarchical.NodeTestTask.lambda$executeRecursively$9(NodeTestTask.java:139)
	at org.junit.platform.engine.support.hierarchical.ThrowableCollector.execute(ThrowableCollector.java:73)
	at org.junit.platform.engine.support.hierarchical.NodeTestTask.executeRecursively(NodeTestTask.java:138)
	at org.junit.platform.engine.support.hierarchical.NodeTestTask.execute(NodeTestTask.java:95)
	at java.util.ArrayList.forEach(ArrayList.java:1259)
	at org.junit.platform.engine.support.hierarchical.SameThreadHierarchicalTestExecutorService.invokeAll(SameThreadHierarchicalTestExecutorService.java:41)
	at org.junit.platform.engine.support.hierarchical.NodeTestTask.lambda$executeRecursively$6(NodeTestTask.java:155)
	at org.junit.platform.engine.support.hierarchical.ThrowableCollector.execute(ThrowableCollector.java:73)
	at org.junit.platform.engine.support.hierarchical.NodeTestTask.lambda$executeRecursively$8(NodeTestTask.java:141)
	at org.junit.platform.engine.support.hierarchical.Node.around(Node.java:137)
	at org.junit.platform.engine.support.hierarchical.NodeTestTask.lambda$executeRecursively$9(NodeTestTask.java:139)
	at org.junit.platform.engine.support.hierarchical.ThrowableCollector.execute(ThrowableCollector.java:73)
	at org.junit.platform.engine.support.hierarchical.NodeTestTask.executeRecursively(NodeTestTask.java:138)
	at org.junit.platform.engine.support.hierarchical.NodeTestTask.execute(NodeTestTask.java:95)
	at java.util.ArrayList.forEach(ArrayList.java:1259)
	at org.junit.platform.engine.support.hierarchical.SameThreadHierarchicalTestExecutorService.invokeAll(SameThreadHierarchicalTestExecutorService.java:41)
	at org.junit.platform.engine.support.hierarchical.NodeTestTask.lambda$executeRecursively$6(NodeTestTask.java:155)
	at org.junit.platform.engine.support.hierarchical.ThrowableCollector.execute(ThrowableCollector.java:73)
	at org.junit.platform.engine.support.hierarchical.NodeTestTask.lambda$executeRecursively$8(NodeTestTask.java:141)
	at org.junit.platform.engine.support.hierarchical.Node.around(Node.java:137)
	at org.junit.platform.engine.support.hierarchical.NodeTestTask.lambda$executeRecursively$9(NodeTestTask.java:139)
	at org.junit.platform.engine.support.hierarchical.ThrowableCollector.execute(ThrowableCollector.java:73)
	at org.junit.platform.engine.support.hierarchical.NodeTestTask.executeRecursively(NodeTestTask.java:138)
	at org.junit.platform.engine.support.hierarchical.NodeTestTask.execute(NodeTestTask.java:95)
	at org.junit.platform.engine.support.hierarchical.SameThreadHierarchicalTestExecutorService.submit(SameThreadHierarchicalTestExecutorService.java:35)
	at org.junit.platform.engine.support.hierarchical.HierarchicalTestExecutor.execute(HierarchicalTestExecutor.java:57)
	at org.junit.platform.engine.support.hierarchical.HierarchicalTestEngine.execute(HierarchicalTestEngine.java:54)
	at org.junit.platform.launcher.core.DefaultLauncher.execute(DefaultLauncher.java:170)
	at org.junit.platform.launcher.core.DefaultLauncher.execute(DefaultLauncher.java:154)
	at org.junit.platform.launcher.core.DefaultLauncher.execute(DefaultLauncher.java:90)
	at edu.illinois.cs.testrunner.execution.JUnit5TestExecutor.runTestsSeparately(JUnit5TestExecutor.java:40)
	at edu.illinois.cs.testrunner.execution.Executor$.$anonfun$run$1(Executor.scala:33)
	at scala.runtime.java8.JFunction0$mcV$sp.apply(JFunction0$mcV$sp.java:12)
	at scala.util.Try$.apply(Try.scala:209)
	at edu.illinois.cs.testrunner.execution.Executor$.run(Executor.scala:28)
	at edu.illinois.cs.testrunner.execution.Executor$.main(Executor.scala:18)
	at edu.illinois.cs.testrunner.execution.Executor.main(Executor.scala)

2024-05-17 18:17:15.018  INFO 35194 --- [WebServer 59647] okhttp3.mockwebserver.MockWebServer      : MockWebServer[59647] done accepting connections: Socket closed
2024-05-17 18:17:15.024  INFO 35194 --- [WebServer 42911] okhttp3.mockwebserver.MockWebServer      : MockWebServer[42911] starting to accept connections
2024-05-17 18:17:15.030  INFO 35194 --- [WebServer 57589] okhttp3.mockwebserver.MockWebServer      : MockWebServer[57589] starting to accept connections
2024-05-17 18:17:15.030  INFO 35194 --- [           main] .b.t.c.SpringBootTestContextBootstrapper : Neither @ContextConfiguration nor @ContextHierarchy found for test class [org.springframework.cloud.kubernetes.fabric8.config.Fabric8SecretsPropertySourceLocatorRetryTests$SecretsRetryDisabledButConfigRetryEnabled], using SpringBootContextLoader
2024-05-17 18:17:15.031  INFO 35194 --- [           main] o.s.t.c.support.AbstractContextLoader    : Could not detect default resource locations for test class [org.springframework.cloud.kubernetes.fabric8.config.Fabric8SecretsPropertySourceLocatorRetryTests$SecretsRetryDisabledButConfigRetryEnabled]: no resource found for suffixes {-context.xml, Context.groovy}.
2024-05-17 18:17:15.033  INFO 35194 --- [           main] .b.t.c.SpringBootTestContextBootstrapper : Loaded default TestExecutionListener class names from location [META-INF/spring.factories]: [org.springframework.boot.test.mock.mockito.MockitoTestExecutionListener, org.springframework.boot.test.mock.mockito.ResetMocksTestExecutionListener, org.springframework.boot.test.autoconfigure.restdocs.RestDocsTestExecutionListener, org.springframework.boot.test.autoconfigure.web.client.MockRestServiceServerResetTestExecutionListener, org.springframework.boot.test.autoconfigure.web.servlet.MockMvcPrintOnlyOnFailureTestExecutionListener, org.springframework.boot.test.autoconfigure.web.servlet.WebDriverTestExecutionListener, org.springframework.boot.test.autoconfigure.webservices.client.MockWebServiceServerTestExecutionListener, org.springframework.test.context.web.ServletTestExecutionListener, org.springframework.test.context.support.DirtiesContextBeforeModesTestExecutionListener, org.springframework.test.context.event.ApplicationEventsTestExecutionListener, org.springframework.test.context.support.DependencyInjectionTestExecutionListener, org.springframework.test.context.support.DirtiesContextTestExecutionListener, org.springframework.test.context.transaction.TransactionalTestExecutionListener, org.springframework.test.context.jdbc.SqlScriptsTestExecutionListener, org.springframework.test.context.event.EventPublishingTestExecutionListener, org.spockframework.spring.SpringMockTestExecutionListener]
2024-05-17 18:17:15.034  INFO 35194 --- [           main] .b.t.c.SpringBootTestContextBootstrapper : Using TestExecutionListeners: [org.springframework.test.context.web.ServletTestExecutionListener@4c2b8df7, org.springframework.test.context.support.DirtiesContextBeforeModesTestExecutionListener@7734ddb8, org.springframework.test.context.event.ApplicationEventsTestExecutionListener@7b2adbde, org.springframework.boot.test.mock.mockito.MockitoTestExecutionListener@6d7c8a2, org.springframework.boot.test.autoconfigure.SpringBootDependencyInjectionTestExecutionListener@1683b9ba, org.springframework.test.context.support.DirtiesContextTestExecutionListener@470b7fcf, org.springframework.test.context.event.EventPublishingTestExecutionListener@6ad2a8db, org.springframework.boot.test.mock.mockito.ResetMocksTestExecutionListener@52f8effb, org.springframework.boot.test.autoconfigure.restdocs.RestDocsTestExecutionListener@59bdd277, org.springframework.boot.test.autoconfigure.web.client.MockRestServiceServerResetTestExecutionListener@45543b88, org.springframework.boot.test.autoconfigure.web.servlet.MockMvcPrintOnlyOnFailureTestExecutionListener@3a3fc789, org.springframework.boot.test.autoconfigure.web.servlet.WebDriverTestExecutionListener@2fad7002, org.springframework.boot.test.autoconfigure.webservices.client.MockWebServiceServerTestExecutionListener@18b431ea, org.spockframework.spring.SpringMockTestExecutionListener@7c58c10f]
2024-05-17 18:17:15.077  WARN 35194 --- [           main] ubernetesProfileEnvironmentPostProcessor : Not running inside kubernetes. Skipping 'kubernetes' profile activation.
2024-05-17 18:17:15.134  INFO 35194 --- [           main] trationDelegate$BeanPostProcessorChecker : Bean 'org.springframework.retry.annotation.RetryConfiguration' of type [org.springframework.retry.annotation.RetryConfiguration] is not eligible for getting processed by all BeanPostProcessors (for example: not eligible for auto-proxying)

  .   ____          _            __ _ _
 /\\ / ___'_ __ _ _(_)_ __  __ _ \ \ \ \
( ( )\___ | '_ | '_| | '_ \/ _` | \ \ \ \
 \\/  ___)| |_)| | | | | || (_| |  ) ) ) )
  '  |____| .__|_| |_|_| |_\__, | / / / /
 =========|_|==============|___/=/_/_/_/
 :: Spring Boot ::                (v2.6.3)

2024-05-17 18:17:15.272  INFO 35194 --- [           main] s.c.k.f.c.Fabric8ConfigMapPropertySource : Loading ConfigMap with name 'application' in namespace 'default'
2024-05-17 18:17:15.367  INFO 35194 --- [127.0.0.1:32916] okhttp3.mockwebserver.MockWebServer      : MockWebServer[42911] received request: GET /api/v1/namespaces/default/configmaps/application HTTP/1.1 and responded: HTTP/1.1 404 Client Error
2024-05-17 18:17:15.369  INFO 35194 --- [           main] o.s.c.k.f.config.Fabric8ConfigUtils      : config-map with name : 'application' not present in namespace : 'default'
2024-05-17 18:17:15.370  INFO 35194 --- [           main] b.c.PropertySourceBootstrapConfiguration : Located property source: [BootstrapPropertySource {name='bootstrapProperties-configmap.application.default'}]
2024-05-17 18:17:15.378  INFO 35194 --- [           main] o.s.c.k.f.c.Fabric8SecretsPropertySource : Loading Secret with name 'my-secret' or with labels [{}] in namespace 'default'
2024-05-17 18:17:15.379  INFO 35194 --- [127.0.0.1:32916] okhttp3.mockwebserver.MockWebServer      : MockWebServer[42911] received request: GET /api/v1/namespaces/default/secrets/my-secret HTTP/1.1 and responded: HTTP/1.1 404 Client Error
2024-05-17 18:17:15.380  WARN 35194 --- [           main] o.s.c.k.f.c.Fabric8SecretsPropertySource : secret with name : my-secret in namespace : default not found
2024-05-17 18:17:15.381  INFO 35194 --- [127.0.0.1:32916] okhttp3.mockwebserver.MockWebServer      : MockWebServer[42911] received request: GET /api/v1/namespaces/default/secrets HTTP/1.1 and responded: HTTP/1.1 200 OK
2024-05-17 18:17:15.423  INFO 35194 --- [           main] b.c.PropertySourceBootstrapConfiguration : Located property source: [BootstrapPropertySource {name='bootstrapProperties-secrets.my-secret.default'}]
2024-05-17 18:17:15.426  WARN 35194 --- [           main] ubernetesProfileEnvironmentPostProcessor : Not running inside kubernetes. Skipping 'kubernetes' profile activation.
2024-05-17 18:17:15.426  INFO 35194 --- [           main] ecretsRetryDisabledButConfigRetryEnabled : No active profile set, falling back to default profiles: default
2024-05-17 18:17:15.723  INFO 35194 --- [           main] o.s.cloud.context.scope.GenericScope     : BeanFactory id=94652287-2eb9-367e-b08b-eea09b3b2900
2024-05-17 18:17:16.146  INFO 35194 --- [           main] ecretsRetryDisabledButConfigRetryEnabled : Started Fabric8SecretsPropertySourceLocatorRetryTests.SecretsRetryDisabledButConfigRetryEnabled in 1.11 seconds (JVM running for 19.956)
2024-05-17 18:17:16.151  INFO 35194 --- [WebServer 54243] okhttp3.mockwebserver.MockWebServer      : MockWebServer[54243] starting to accept connections
2024-05-17 18:17:16.161  INFO 35194 --- [           main] o.s.c.k.f.c.Fabric8SecretsPropertySource : Loading Secret with name 'my-secret' or with labels [{}] in namespace 'default'
2024-05-17 18:17:16.162  INFO 35194 --- [127.0.0.1:32916] okhttp3.mockwebserver.MockWebServer      : MockWebServer[42911] received request: GET /api/v1/namespaces/default/secrets/my-secret HTTP/1.1 and responded: HTTP/1.1 500 Server Error
2024-05-17 18:17:16.167  INFO 35194 --- [WebServer 54243] okhttp3.mockwebserver.MockWebServer      : MockWebServer[54243] done accepting connections: Socket closed
2024-05-17 18:17:16.170  INFO 35194 --- [           main] .b.t.c.SpringBootTestContextBootstrapper : Neither @ContextConfiguration nor @ContextHierarchy found for test class [org.springframework.cloud.kubernetes.fabric8.config.ConfigMapsFromFilePathsTests], using SpringBootContextLoader
2024-05-17 18:17:16.171  INFO 35194 --- [           main] o.s.t.c.support.AbstractContextLoader    : Could not detect default resource locations for test class [org.springframework.cloud.kubernetes.fabric8.config.ConfigMapsFromFilePathsTests]: no resource found for suffixes {-context.xml, Context.groovy}.
2024-05-17 18:17:16.172  INFO 35194 --- [           main] .b.t.c.SpringBootTestContextBootstrapper : Loaded default TestExecutionListener class names from location [META-INF/spring.factories]: [org.springframework.boot.test.mock.mockito.MockitoTestExecutionListener, org.springframework.boot.test.mock.mockito.ResetMocksTestExecutionListener, org.springframework.boot.test.autoconfigure.restdocs.RestDocsTestExecutionListener, org.springframework.boot.test.autoconfigure.web.client.MockRestServiceServerResetTestExecutionListener, org.springframework.boot.test.autoconfigure.web.servlet.MockMvcPrintOnlyOnFailureTestExecutionListener, org.springframework.boot.test.autoconfigure.web.servlet.WebDriverTestExecutionListener, org.springframework.boot.test.autoconfigure.webservices.client.MockWebServiceServerTestExecutionListener, org.springframework.test.context.web.ServletTestExecutionListener, org.springframework.test.context.support.DirtiesContextBeforeModesTestExecutionListener, org.springframework.test.context.event.ApplicationEventsTestExecutionListener, org.springframework.test.context.support.DependencyInjectionTestExecutionListener, org.springframework.test.context.support.DirtiesContextTestExecutionListener, org.springframework.test.context.transaction.TransactionalTestExecutionListener, org.springframework.test.context.jdbc.SqlScriptsTestExecutionListener, org.springframework.test.context.event.EventPublishingTestExecutionListener, org.spockframework.spring.SpringMockTestExecutionListener]
2024-05-17 18:17:16.174  INFO 35194 --- [           main] .b.t.c.SpringBootTestContextBootstrapper : Using TestExecutionListeners: [org.springframework.test.context.web.ServletTestExecutionListener@51f714d1, org.springframework.test.context.support.DirtiesContextBeforeModesTestExecutionListener@77e8492f, org.springframework.test.context.event.ApplicationEventsTestExecutionListener@1263d20d, org.springframework.boot.test.mock.mockito.MockitoTestExecutionListener@4f355321, org.springframework.boot.test.autoconfigure.SpringBootDependencyInjectionTestExecutionListener@260d878a, org.springframework.test.context.support.DirtiesContextTestExecutionListener@13190355, org.springframework.test.context.event.EventPublishingTestExecutionListener@1f664881, org.springframework.boot.test.mock.mockito.ResetMocksTestExecutionListener@7aafac17, org.springframework.boot.test.autoconfigure.restdocs.RestDocsTestExecutionListener@3054551f, org.springframework.boot.test.autoconfigure.web.client.MockRestServiceServerResetTestExecutionListener@6b8cfbeb, org.springframework.boot.test.autoconfigure.web.servlet.MockMvcPrintOnlyOnFailureTestExecutionListener@4603845b, org.springframework.boot.test.autoconfigure.web.servlet.WebDriverTestExecutionListener@414b5798, org.springframework.boot.test.autoconfigure.webservices.client.MockWebServiceServerTestExecutionListener@53251e03, org.spockframework.spring.SpringMockTestExecutionListener@5ffae42f]
2024-05-17 18:17:16.176  INFO 35194 --- [WebServer 39157] okhttp3.mockwebserver.MockWebServer      : MockWebServer[39157] starting to accept connections
2024-05-17 18:17:16.180  INFO 35194 --- [WebServer 51693] okhttp3.mockwebserver.MockWebServer      : MockWebServer[51693] starting to accept connections
2024-05-17 18:17:16.192  INFO 35194 --- [WebServer 51693] okhttp3.mockwebserver.MockWebServer      : MockWebServer[51693] done accepting connections: Socket closed
2024-05-17 18:17:16.197  INFO 35194 --- [           main] .b.t.c.SpringBootTestContextBootstrapper : Neither @ContextConfiguration nor @ContextHierarchy found for test class [org.springframework.cloud.kubernetes.fabric8.config.Fabric8BootstrapConfigurationTests$KubernetesEnabledSecretsDisabled], using SpringBootContextLoader
2024-05-17 18:17:16.198  INFO 35194 --- [           main] o.s.t.c.support.AbstractContextLoader    : Could not detect default resource locations for test class [org.springframework.cloud.kubernetes.fabric8.config.Fabric8BootstrapConfigurationTests$KubernetesEnabledSecretsDisabled]: no resource found for suffixes {-context.xml, Context.groovy}.
2024-05-17 18:17:16.199  INFO 35194 --- [           main] .b.t.c.SpringBootTestContextBootstrapper : Loaded default TestExecutionListener class names from location [META-INF/spring.factories]: [org.springframework.boot.test.mock.mockito.MockitoTestExecutionListener, org.springframework.boot.test.mock.mockito.ResetMocksTestExecutionListener, org.springframework.boot.test.autoconfigure.restdocs.RestDocsTestExecutionListener, org.springframework.boot.test.autoconfigure.web.client.MockRestServiceServerResetTestExecutionListener, org.springframework.boot.test.autoconfigure.web.servlet.MockMvcPrintOnlyOnFailureTestExecutionListener, org.springframework.boot.test.autoconfigure.web.servlet.WebDriverTestExecutionListener, org.springframework.boot.test.autoconfigure.webservices.client.MockWebServiceServerTestExecutionListener, org.springframework.test.context.web.ServletTestExecutionListener, org.springframework.test.context.support.DirtiesContextBeforeModesTestExecutionListener, org.springframework.test.context.event.ApplicationEventsTestExecutionListener, org.springframework.test.context.support.DependencyInjectionTestExecutionListener, org.springframework.test.context.support.DirtiesContextTestExecutionListener, org.springframework.test.context.transaction.TransactionalTestExecutionListener, org.springframework.test.context.jdbc.SqlScriptsTestExecutionListener, org.springframework.test.context.event.EventPublishingTestExecutionListener, org.spockframework.spring.SpringMockTestExecutionListener]
2024-05-17 18:17:16.201  INFO 35194 --- [           main] .b.t.c.SpringBootTestContextBootstrapper : Using TestExecutionListeners: [org.springframework.test.context.web.ServletTestExecutionListener@81a193b, org.springframework.test.context.support.DirtiesContextBeforeModesTestExecutionListener@3eff5c32, org.springframework.test.context.event.ApplicationEventsTestExecutionListener@79d538c1, org.springframework.boot.test.mock.mockito.MockitoTestExecutionListener@31e08c61, org.springframework.boot.test.autoconfigure.SpringBootDependencyInjectionTestExecutionListener@69eb88a7, org.springframework.test.context.support.DirtiesContextTestExecutionListener@2db15764, org.springframework.test.context.event.EventPublishingTestExecutionListener@7d727123, org.springframework.boot.test.mock.mockito.ResetMocksTestExecutionListener@48446968, org.springframework.boot.test.autoconfigure.restdocs.RestDocsTestExecutionListener@7ddf7e77, org.springframework.boot.test.autoconfigure.web.client.MockRestServiceServerResetTestExecutionListener@5a720cdf, org.springframework.boot.test.autoconfigure.web.servlet.MockMvcPrintOnlyOnFailureTestExecutionListener@34e785db, org.springframework.boot.test.autoconfigure.web.servlet.WebDriverTestExecutionListener@5f83b506, org.springframework.boot.test.autoconfigure.webservices.client.MockWebServiceServerTestExecutionListener@59294447, org.spockframework.spring.SpringMockTestExecutionListener@1377af49]
2024-05-17 18:17:16.244  WARN 35194 --- [           main] ubernetesProfileEnvironmentPostProcessor : Not running inside kubernetes. Skipping 'kubernetes' profile activation.

  .   ____          _            __ _ _
 /\\ / ___'_ __ _ _(_)_ __  __ _ \ \ \ \
( ( )\___ | '_ | '_| | '_ \/ _` | \ \ \ \
 \\/  ___)| |_)| | | | | || (_| |  ) ) ) )
  '  |____| .__|_| |_|_| |_\__, | / / / /
 =========|_|==============|___/=/_/_/_/
 :: Spring Boot ::                (v2.6.3)

2024-05-17 18:17:16.309  INFO 35194 --- [           main] s.c.k.f.c.Fabric8ConfigMapPropertySource : Loading ConfigMap with name 'application' in namespace 'default'
2024-05-17 18:17:16.311  INFO 35194 --- [127.0.0.1:56366] okhttp3.mockwebserver.MockWebServer      : MockWebServer[39157] received request: GET /api/v1/namespaces/default/configmaps/application HTTP/1.1 and responded: HTTP/1.1 404 Client Error
2024-05-17 18:17:16.313  INFO 35194 --- [           main] o.s.c.k.f.config.Fabric8ConfigUtils      : config-map with name : 'application' not present in namespace : 'default'
2024-05-17 18:17:16.314  INFO 35194 --- [           main] b.c.PropertySourceBootstrapConfiguration : Located property source: [BootstrapPropertySource {name='bootstrapProperties-configmap.application.default'}]
2024-05-17 18:17:16.317  WARN 35194 --- [           main] ubernetesProfileEnvironmentPostProcessor : Not running inside kubernetes. Skipping 'kubernetes' profile activation.
2024-05-17 18:17:16.317  INFO 35194 --- [           main] onTests$KubernetesEnabledSecretsDisabled : No active profile set, falling back to default profiles: default
2024-05-17 18:17:16.658  INFO 35194 --- [           main] o.s.cloud.context.scope.GenericScope     : BeanFactory id=b44b17b9-4871-3254-a9f0-4dd2fdc4c959
2024-05-17 18:17:16.739  INFO 35194 --- [           main] o.s.b.w.embedded.tomcat.TomcatWebServer  : Tomcat initialized with port(s): 0 (http)
2024-05-17 18:17:16.740  INFO 35194 --- [           main] o.apache.catalina.core.StandardService   : Starting service [Tomcat]
2024-05-17 18:17:16.741  INFO 35194 --- [           main] org.apache.catalina.core.StandardEngine  : Starting Servlet engine: [Apache Tomcat/9.0.56]
2024-05-17 18:17:16.754  INFO 35194 --- [           main] o.a.c.c.C.[Tomcat-7].[localhost].[/]     : Initializing Spring embedded WebApplicationContext
2024-05-17 18:17:16.754  INFO 35194 --- [           main] w.s.c.ServletWebServerApplicationContext : Root WebApplicationContext: initialization completed in 436 ms
2024-05-17 18:17:17.342  INFO 35194 --- [           main] o.s.b.a.e.web.EndpointLinksResolver      : Exposing 1 endpoint(s) beneath base path '/actuator'
2024-05-17 18:17:17.378  INFO 35194 --- [           main] o.s.b.w.embedded.tomcat.TomcatWebServer  : Tomcat started on port(s): 37423 (http) with context path ''
2024-05-17 18:17:17.383  INFO 35194 --- [           main] onTests$KubernetesEnabledSecretsDisabled : Started Fabric8BootstrapConfigurationTests.KubernetesEnabledSecretsDisabled in 1.18 seconds (JVM running for 21.193)
2024-05-17 18:17:17.393  INFO 35194 --- [           main] .b.t.c.SpringBootTestContextBootstrapper : Neither @ContextConfiguration nor @ContextHierarchy found for test class [org.springframework.cloud.kubernetes.fabric8.config.ConfigMapsTests], using SpringBootContextLoader
2024-05-17 18:17:17.394  INFO 35194 --- [           main] o.s.t.c.support.AbstractContextLoader    : Could not detect default resource locations for test class [org.springframework.cloud.kubernetes.fabric8.config.ConfigMapsTests]: no resource found for suffixes {-context.xml, Context.groovy}.
2024-05-17 18:17:17.396  INFO 35194 --- [           main] .b.t.c.SpringBootTestContextBootstrapper : Loaded default TestExecutionListener class names from location [META-INF/spring.factories]: [org.springframework.boot.test.mock.mockito.MockitoTestExecutionListener, org.springframework.boot.test.mock.mockito.ResetMocksTestExecutionListener, org.springframework.boot.test.autoconfigure.restdocs.RestDocsTestExecutionListener, org.springframework.boot.test.autoconfigure.web.client.MockRestServiceServerResetTestExecutionListener, org.springframework.boot.test.autoconfigure.web.servlet.MockMvcPrintOnlyOnFailureTestExecutionListener, org.springframework.boot.test.autoconfigure.web.servlet.WebDriverTestExecutionListener, org.springframework.boot.test.autoconfigure.webservices.client.MockWebServiceServerTestExecutionListener, org.springframework.test.context.web.ServletTestExecutionListener, org.springframework.test.context.support.DirtiesContextBeforeModesTestExecutionListener, org.springframework.test.context.event.ApplicationEventsTestExecutionListener, org.springframework.test.context.support.DependencyInjectionTestExecutionListener, org.springframework.test.context.support.DirtiesContextTestExecutionListener, org.springframework.test.context.transaction.TransactionalTestExecutionListener, org.springframework.test.context.jdbc.SqlScriptsTestExecutionListener, org.springframework.test.context.event.EventPublishingTestExecutionListener, org.spockframework.spring.SpringMockTestExecutionListener]
2024-05-17 18:17:17.398  INFO 35194 --- [           main] .b.t.c.SpringBootTestContextBootstrapper : Using TestExecutionListeners: [org.springframework.test.context.web.ServletTestExecutionListener@1b58788a, org.springframework.test.context.support.DirtiesContextBeforeModesTestExecutionListener@31881213, org.springframework.test.context.event.ApplicationEventsTestExecutionListener@2162e4a, org.springframework.boot.test.mock.mockito.MockitoTestExecutionListener@595626b8, org.springframework.boot.test.autoconfigure.SpringBootDependencyInjectionTestExecutionListener@1928930, org.springframework.test.context.support.DirtiesContextTestExecutionListener@707b0b9b, org.springframework.test.context.event.EventPublishingTestExecutionListener@43ac1fa0, org.springframework.boot.test.mock.mockito.ResetMocksTestExecutionListener@2ba7828b, org.springframework.boot.test.autoconfigure.restdocs.RestDocsTestExecutionListener@3e6945c6, org.springframework.boot.test.autoconfigure.web.client.MockRestServiceServerResetTestExecutionListener@16e6a643, org.springframework.boot.test.autoconfigure.web.servlet.MockMvcPrintOnlyOnFailureTestExecutionListener@3514ea20, org.springframework.boot.test.autoconfigure.web.servlet.WebDriverTestExecutionListener@223095d3, org.springframework.boot.test.autoconfigure.webservices.client.MockWebServiceServerTestExecutionListener@5683a326, org.spockframework.spring.SpringMockTestExecutionListener@7574d30b]
2024-05-17 18:17:17.400  INFO 35194 --- [WebServer 47559] okhttp3.mockwebserver.MockWebServer      : MockWebServer[47559] starting to accept connections
2024-05-17 18:17:17.403  INFO 35194 --- [127.0.0.1:40374] okhttp3.mockwebserver.MockWebServer      : MockWebServer[47559] received request: POST /api/v1/namespaces/test/configmaps HTTP/1.1 and responded: HTTP/1.1 200 OK
2024-05-17 18:17:17.408  INFO 35194 --- [WebServer 37821] okhttp3.mockwebserver.MockWebServer      : MockWebServer[37821] starting to accept connections
2024-05-17 18:17:17.417  INFO 35194 --- [o-auto-5-exec-1] o.a.c.c.C.[Tomcat-4].[localhost].[/]     : Initializing Spring DispatcherServlet 'dispatcherServlet'
2024-05-17 18:17:17.417  INFO 35194 --- [o-auto-5-exec-1] o.s.web.servlet.DispatcherServlet        : Initializing Servlet 'dispatcherServlet'
2024-05-17 18:17:17.418  INFO 35194 --- [o-auto-5-exec-1] o.s.web.servlet.DispatcherServlet        : Completed initialization in 1 ms
2024-05-17 18:17:17.428  INFO 35194 --- [WebServer 37821] okhttp3.mockwebserver.MockWebServer      : MockWebServer[37821] done accepting connections: Socket closed
2024-05-17 18:17:17.432  INFO 35194 --- [           main] .b.t.c.SpringBootTestContextBootstrapper : Neither @ContextConfiguration nor @ContextHierarchy found for test class [org.springframework.cloud.kubernetes.fabric8.config.ConfigMapWithIncludeProfileSpecificSourcesTests], using SpringBootContextLoader
2024-05-17 18:17:17.433  INFO 35194 --- [           main] o.s.t.c.support.AbstractContextLoader    : Could not detect default resource locations for test class [org.springframework.cloud.kubernetes.fabric8.config.ConfigMapWithIncludeProfileSpecificSourcesTests]: no resource found for suffixes {-context.xml, Context.groovy}.
2024-05-17 18:17:17.435  INFO 35194 --- [           main] .b.t.c.SpringBootTestContextBootstrapper : Loaded default TestExecutionListener class names from location [META-INF/spring.factories]: [org.springframework.boot.test.mock.mockito.MockitoTestExecutionListener, org.springframework.boot.test.mock.mockito.ResetMocksTestExecutionListener, org.springframework.boot.test.autoconfigure.restdocs.RestDocsTestExecutionListener, org.springframework.boot.test.autoconfigure.web.client.MockRestServiceServerResetTestExecutionListener, org.springframework.boot.test.autoconfigure.web.servlet.MockMvcPrintOnlyOnFailureTestExecutionListener, org.springframework.boot.test.autoconfigure.web.servlet.WebDriverTestExecutionListener, org.springframework.boot.test.autoconfigure.webservices.client.MockWebServiceServerTestExecutionListener, org.springframework.test.context.web.ServletTestExecutionListener, org.springframework.test.context.support.DirtiesContextBeforeModesTestExecutionListener, org.springframework.test.context.event.ApplicationEventsTestExecutionListener, org.springframework.test.context.support.DependencyInjectionTestExecutionListener, org.springframework.test.context.support.DirtiesContextTestExecutionListener, org.springframework.test.context.transaction.TransactionalTestExecutionListener, org.springframework.test.context.jdbc.SqlScriptsTestExecutionListener, org.springframework.test.context.event.EventPublishingTestExecutionListener, org.spockframework.spring.SpringMockTestExecutionListener]
2024-05-17 18:17:17.436  INFO 35194 --- [           main] .b.t.c.SpringBootTestContextBootstrapper : Using TestExecutionListeners: [org.springframework.test.context.web.ServletTestExecutionListener@32fccfc2, org.springframework.test.context.support.DirtiesContextBeforeModesTestExecutionListener@4702faee, org.springframework.test.context.event.ApplicationEventsTestExecutionListener@576d4810, org.springframework.boot.test.mock.mockito.MockitoTestExecutionListener@3609b8f2, org.springframework.boot.test.autoconfigure.SpringBootDependencyInjectionTestExecutionListener@62dfe32e, org.springframework.test.context.support.DirtiesContextTestExecutionListener@32dab011, org.springframework.test.context.event.EventPublishingTestExecutionListener@fca4392, org.springframework.boot.test.mock.mockito.ResetMocksTestExecutionListener@747fb4b1, org.springframework.boot.test.autoconfigure.restdocs.RestDocsTestExecutionListener@6924ff83, org.springframework.boot.test.autoconfigure.web.client.MockRestServiceServerResetTestExecutionListener@e19908e, org.springframework.boot.test.autoconfigure.web.servlet.MockMvcPrintOnlyOnFailureTestExecutionListener@5312940c, org.springframework.boot.test.autoconfigure.web.servlet.WebDriverTestExecutionListener@5ac168e3, org.springframework.boot.test.autoconfigure.webservices.client.MockWebServiceServerTestExecutionListener@14574cdf, org.spockframework.spring.SpringMockTestExecutionListener@5608233b]
2024-05-17 18:17:17.438  INFO 35194 --- [WebServer 34363] okhttp3.mockwebserver.MockWebServer      : MockWebServer[34363] starting to accept connections
2024-05-17 18:17:17.444  INFO 35194 --- [127.0.0.1:33772] okhttp3.mockwebserver.MockWebServer      : MockWebServer[34363] received request: POST /api/v1/namespaces/spring-k8s/configmaps HTTP/1.1 and responded: HTTP/1.1 200 OK
2024-05-17 18:17:17.448  INFO 35194 --- [127.0.0.1:33772] okhttp3.mockwebserver.MockWebServer      : MockWebServer[34363] received request: POST /api/v1/namespaces/spring-k8s/configmaps HTTP/1.1 and responded: HTTP/1.1 200 OK
2024-05-17 18:17:17.491  INFO 35194 --- [127.0.0.1:33772] okhttp3.mockwebserver.MockWebServer      : MockWebServer[34363] received request: POST /api/v1/namespaces/spring-k8s/configmaps HTTP/1.1 and responded: HTTP/1.1 200 OK
2024-05-17 18:17:17.536  INFO 35194 --- [127.0.0.1:33772] okhttp3.mockwebserver.MockWebServer      : MockWebServer[34363] received request: POST /api/v1/namespaces/spring-k8s/configmaps HTTP/1.1 and responded: HTTP/1.1 200 OK
2024-05-17 18:17:17.581  INFO 35194 --- [127.0.0.1:33772] okhttp3.mockwebserver.MockWebServer      : MockWebServer[34363] received request: POST /api/v1/namespaces/spring-k8s/configmaps HTTP/1.1 and responded: HTTP/1.1 200 OK
2024-05-17 18:17:17.685  WARN 35194 --- [           main] ubernetesProfileEnvironmentPostProcessor : Not running inside kubernetes. Skipping 'kubernetes' profile activation.

  .   ____          _            __ _ _
 /\\ / ___'_ __ _ _(_)_ __  __ _ \ \ \ \
( ( )\___ | '_ | '_| | '_ \/ _` | \ \ \ \
 \\/  ___)| |_)| | | | | || (_| |  ) ) ) )
  '  |____| .__|_| |_|_| |_\__, | / / / /
 =========|_|==============|___/=/_/_/_/
 :: Spring Boot ::                (v2.6.3)

2024-05-17 18:17:17.755  INFO 35194 --- [           main] s.c.k.f.c.Fabric8ConfigMapPropertySource : Loading ConfigMap with name 'config-map-one' in namespace 'spring-k8s'
2024-05-17 18:17:17.758  INFO 35194 --- [127.0.0.1:33786] okhttp3.mockwebserver.MockWebServer      : MockWebServer[34363] received request: GET /api/v1/namespaces/spring-k8s/configmaps/config-map-one HTTP/1.1 and responded: HTTP/1.1 404 Client Error
2024-05-17 18:17:17.760  INFO 35194 --- [           main] o.s.c.k.f.config.Fabric8ConfigUtils      : config-map with name : 'config-map-one' not present in namespace : 'spring-k8s'
2024-05-17 18:17:17.762  INFO 35194 --- [127.0.0.1:33786] okhttp3.mockwebserver.MockWebServer      : MockWebServer[34363] received request: GET /api/v1/namespaces/spring-k8s/configmaps/config-map-one-dev HTTP/1.1 and responded: HTTP/1.1 200 OK
2024-05-17 18:17:17.805  INFO 35194 --- [           main] s.c.k.f.c.Fabric8ConfigMapPropertySource : Loading ConfigMap with name 'config-map-two' in namespace 'spring-k8s'
2024-05-17 18:17:17.806  INFO 35194 --- [127.0.0.1:33786] okhttp3.mockwebserver.MockWebServer      : MockWebServer[34363] received request: GET /api/v1/namespaces/spring-k8s/configmaps/config-map-two HTTP/1.1 and responded: HTTP/1.1 200 OK
2024-05-17 18:17:17.846  INFO 35194 --- [           main] s.c.k.f.c.Fabric8ConfigMapPropertySource : Loading ConfigMap with name 'config-map-three' in namespace 'spring-k8s'
2024-05-17 18:17:17.848  INFO 35194 --- [127.0.0.1:33786] okhttp3.mockwebserver.MockWebServer      : MockWebServer[34363] received request: GET /api/v1/namespaces/spring-k8s/configmaps/config-map-three HTTP/1.1 and responded: HTTP/1.1 200 OK
2024-05-17 18:17:17.888  INFO 35194 --- [           main] b.c.PropertySourceBootstrapConfiguration : Located property source: [BootstrapPropertySource {name='bootstrapProperties-configmap.config-map-three.spring-k8s'}, BootstrapPropertySource {name='bootstrapProperties-configmap.config-map-two.spring-k8s'}, BootstrapPropertySource {name='bootstrapProperties-configmap.config-map-one.spring-k8s'}]
2024-05-17 18:17:17.892  WARN 35194 --- [           main] ubernetesProfileEnvironmentPostProcessor : Not running inside kubernetes. Skipping 'kubernetes' profile activation.
2024-05-17 18:17:17.892  INFO 35194 --- [           main] apWithIncludeProfileSpecificSourcesTests : The following profiles are active: dev
2024-05-17 18:17:18.067  INFO 35194 --- [           main] o.s.cloud.context.scope.GenericScope     : BeanFactory id=25e932e5-66c9-3368-9666-2d7e7b1ab398
2024-05-17 18:17:18.163  INFO 35194 --- [           main] o.s.b.w.embedded.tomcat.TomcatWebServer  : Tomcat initialized with port(s): 0 (http)
2024-05-17 18:17:18.164  INFO 35194 --- [           main] o.apache.catalina.core.StandardService   : Starting service [Tomcat]
2024-05-17 18:17:18.164  INFO 35194 --- [           main] org.apache.catalina.core.StandardEngine  : Starting Servlet engine: [Apache Tomcat/9.0.56]
2024-05-17 18:17:18.175  INFO 35194 --- [           main] o.a.c.c.C.[Tomcat-8].[localhost].[/]     : Initializing Spring embedded WebApplicationContext
2024-05-17 18:17:18.175  INFO 35194 --- [           main] w.s.c.ServletWebServerApplicationContext : Root WebApplicationContext: initialization completed in 282 ms
2024-05-17 18:17:18.828  INFO 35194 --- [           main] o.s.b.a.e.web.EndpointLinksResolver      : Exposing 1 endpoint(s) beneath base path '/actuator'
2024-05-17 18:17:18.869  INFO 35194 --- [           main] o.s.b.w.embedded.tomcat.TomcatWebServer  : Tomcat started on port(s): 35793 (http) with context path ''
2024-05-17 18:17:18.875  INFO 35194 --- [           main] apWithIncludeProfileSpecificSourcesTests : Started ConfigMapWithIncludeProfileSpecificSourcesTests in 1.251 seconds (JVM running for 22.685)
2024-05-17 18:17:18.888  INFO 35194 --- [WebServer 44415] okhttp3.mockwebserver.MockWebServer      : MockWebServer[44415] starting to accept connections
2024-05-17 18:17:18.896  INFO 35194 --- [o-auto-9-exec-1] o.a.c.c.C.[Tomcat-8].[localhost].[/]     : Initializing Spring DispatcherServlet 'dispatcherServlet'
2024-05-17 18:17:18.896  INFO 35194 --- [o-auto-9-exec-1] o.s.web.servlet.DispatcherServlet        : Initializing Servlet 'dispatcherServlet'
2024-05-17 18:17:18.897  INFO 35194 --- [o-auto-9-exec-1] o.s.web.servlet.DispatcherServlet        : Completed initialization in 1 ms
2024-05-17 18:17:18.915  INFO 35194 --- [WebServer 44415] okhttp3.mockwebserver.MockWebServer      : MockWebServer[44415] done accepting connections: Socket closed
2024-05-17 18:17:18.919  INFO 35194 --- [           main] .b.t.c.SpringBootTestContextBootstrapper : Neither @ContextConfiguration nor @ContextHierarchy found for test class [org.springframework.cloud.kubernetes.fabric8.config.Fabric8BootstrapConfigurationTests$KubernetesEnabledSecretsAndConfigDisabled], using SpringBootContextLoader
2024-05-17 18:17:18.920  INFO 35194 --- [           main] o.s.t.c.support.AbstractContextLoader    : Could not detect default resource locations for test class [org.springframework.cloud.kubernetes.fabric8.config.Fabric8BootstrapConfigurationTests$KubernetesEnabledSecretsAndConfigDisabled]: no resource found for suffixes {-context.xml, Context.groovy}.
2024-05-17 18:17:18.921  INFO 35194 --- [           main] .b.t.c.SpringBootTestContextBootstrapper : Loaded default TestExecutionListener class names from location [META-INF/spring.factories]: [org.springframework.boot.test.mock.mockito.MockitoTestExecutionListener, org.springframework.boot.test.mock.mockito.ResetMocksTestExecutionListener, org.springframework.boot.test.autoconfigure.restdocs.RestDocsTestExecutionListener, org.springframework.boot.test.autoconfigure.web.client.MockRestServiceServerResetTestExecutionListener, org.springframework.boot.test.autoconfigure.web.servlet.MockMvcPrintOnlyOnFailureTestExecutionListener, org.springframework.boot.test.autoconfigure.web.servlet.WebDriverTestExecutionListener, org.springframework.boot.test.autoconfigure.webservices.client.MockWebServiceServerTestExecutionListener, org.springframework.test.context.web.ServletTestExecutionListener, org.springframework.test.context.support.DirtiesContextBeforeModesTestExecutionListener, org.springframework.test.context.event.ApplicationEventsTestExecutionListener, org.springframework.test.context.support.DependencyInjectionTestExecutionListener, org.springframework.test.context.support.DirtiesContextTestExecutionListener, org.springframework.test.context.transaction.TransactionalTestExecutionListener, org.springframework.test.context.jdbc.SqlScriptsTestExecutionListener, org.springframework.test.context.event.EventPublishingTestExecutionListener, org.spockframework.spring.SpringMockTestExecutionListener]
2024-05-17 18:17:18.923  INFO 35194 --- [           main] .b.t.c.SpringBootTestContextBootstrapper : Using TestExecutionListeners: [org.springframework.test.context.web.ServletTestExecutionListener@7ce87f9d, org.springframework.test.context.support.DirtiesContextBeforeModesTestExecutionListener@e944541, org.springframework.test.context.event.ApplicationEventsTestExecutionListener@1c89cec5, org.springframework.boot.test.mock.mockito.MockitoTestExecutionListener@1447bef2, org.springframework.boot.test.autoconfigure.SpringBootDependencyInjectionTestExecutionListener@2b6c3f70, org.springframework.test.context.support.DirtiesContextTestExecutionListener@77ec911, org.springframework.test.context.event.EventPublishingTestExecutionListener@55d3c0dd, org.springframework.boot.test.mock.mockito.ResetMocksTestExecutionListener@7c4a44bb, org.springframework.boot.test.autoconfigure.restdocs.RestDocsTestExecutionListener@369773fd, org.springframework.boot.test.autoconfigure.web.client.MockRestServiceServerResetTestExecutionListener@47d0127f, org.springframework.boot.test.autoconfigure.web.servlet.MockMvcPrintOnlyOnFailureTestExecutionListener@c4ef770, org.springframework.boot.test.autoconfigure.web.servlet.WebDriverTestExecutionListener@228f15de, org.springframework.boot.test.autoconfigure.webservices.client.MockWebServiceServerTestExecutionListener@2f8a82e9, org.spockframework.spring.SpringMockTestExecutionListener@688e2e8d]
2024-05-17 18:17:18.980  WARN 35194 --- [           main] ubernetesProfileEnvironmentPostProcessor : Not running inside kubernetes. Skipping 'kubernetes' profile activation.

  .   ____          _            __ _ _
 /\\ / ___'_ __ _ _(_)_ __  __ _ \ \ \ \
( ( )\___ | '_ | '_| | '_ \/ _` | \ \ \ \
 \\/  ___)| |_)| | | | | || (_| |  ) ) ) )
  '  |____| .__|_| |_|_| |_\__, | / / / /
 =========|_|==============|___/=/_/_/_/
 :: Spring Boot ::                (v2.6.3)

2024-05-17 18:17:19.046  WARN 35194 --- [           main] ubernetesProfileEnvironmentPostProcessor : Not running inside kubernetes. Skipping 'kubernetes' profile activation.
2024-05-17 18:17:19.046  INFO 35194 --- [           main] ubernetesEnabledSecretsAndConfigDisabled : No active profile set, falling back to default profiles: default
2024-05-17 18:17:19.411  INFO 35194 --- [           main] o.s.cloud.context.scope.GenericScope     : BeanFactory id=28f5efda-2be0-3ec4-9d06-389d7832aa32
2024-05-17 18:17:19.503  INFO 35194 --- [           main] o.s.b.w.embedded.tomcat.TomcatWebServer  : Tomcat initialized with port(s): 0 (http)
2024-05-17 18:17:19.503  INFO 35194 --- [           main] o.apache.catalina.core.StandardService   : Starting service [Tomcat]
2024-05-17 18:17:19.504  INFO 35194 --- [           main] org.apache.catalina.core.StandardEngine  : Starting Servlet engine: [Apache Tomcat/9.0.56]
2024-05-17 18:17:19.514  INFO 35194 --- [           main] o.a.c.c.C.[Tomcat-9].[localhost].[/]     : Initializing Spring embedded WebApplicationContext
2024-05-17 18:17:19.514  INFO 35194 --- [           main] w.s.c.ServletWebServerApplicationContext : Root WebApplicationContext: initialization completed in 467 ms
2024-05-17 18:17:20.189  INFO 35194 --- [           main] o.s.b.a.e.web.EndpointLinksResolver      : Exposing 1 endpoint(s) beneath base path '/actuator'
2024-05-17 18:17:20.228  INFO 35194 --- [           main] o.s.b.w.embedded.tomcat.TomcatWebServer  : Tomcat started on port(s): 35033 (http) with context path ''
2024-05-17 18:17:20.234  INFO 35194 --- [           main] ubernetesEnabledSecretsAndConfigDisabled : Started Fabric8BootstrapConfigurationTests.KubernetesEnabledSecretsAndConfigDisabled in 1.309 seconds (JVM running for 24.044)
2024-05-17 18:17:20.244  INFO 35194 --- [WebServer 35979] okhttp3.mockwebserver.MockWebServer      : MockWebServer[35979] starting to accept connections
2024-05-17 18:17:20.249  INFO 35194 --- [WebServer 43727] okhttp3.mockwebserver.MockWebServer      : MockWebServer[43727] starting to accept connections
2024-05-17 18:17:20.250  INFO 35194 --- [           main] .b.t.c.SpringBootTestContextBootstrapper : Neither @ContextConfiguration nor @ContextHierarchy found for test class [org.springframework.cloud.kubernetes.fabric8.config.Fabric8SecretsPropertySourceLocatorRetryTests$SecretsRetryEnabled], using SpringBootContextLoader
2024-05-17 18:17:20.250  INFO 35194 --- [           main] o.s.t.c.support.AbstractContextLoader    : Could not detect default resource locations for test class [org.springframework.cloud.kubernetes.fabric8.config.Fabric8SecretsPropertySourceLocatorRetryTests$SecretsRetryEnabled]: no resource found for suffixes {-context.xml, Context.groovy}.
2024-05-17 18:17:20.252  INFO 35194 --- [           main] .b.t.c.SpringBootTestContextBootstrapper : Loaded default TestExecutionListener class names from location [META-INF/spring.factories]: [org.springframework.boot.test.mock.mockito.MockitoTestExecutionListener, org.springframework.boot.test.mock.mockito.ResetMocksTestExecutionListener, org.springframework.boot.test.autoconfigure.restdocs.RestDocsTestExecutionListener, org.springframework.boot.test.autoconfigure.web.client.MockRestServiceServerResetTestExecutionListener, org.springframework.boot.test.autoconfigure.web.servlet.MockMvcPrintOnlyOnFailureTestExecutionListener, org.springframework.boot.test.autoconfigure.web.servlet.WebDriverTestExecutionListener, org.springframework.boot.test.autoconfigure.webservices.client.MockWebServiceServerTestExecutionListener, org.springframework.test.context.web.ServletTestExecutionListener, org.springframework.test.context.support.DirtiesContextBeforeModesTestExecutionListener, org.springframework.test.context.event.ApplicationEventsTestExecutionListener, org.springframework.test.context.support.DependencyInjectionTestExecutionListener, org.springframework.test.context.support.DirtiesContextTestExecutionListener, org.springframework.test.context.transaction.TransactionalTestExecutionListener, org.springframework.test.context.jdbc.SqlScriptsTestExecutionListener, org.springframework.test.context.event.EventPublishingTestExecutionListener, org.spockframework.spring.SpringMockTestExecutionListener]
2024-05-17 18:17:20.253  INFO 35194 --- [           main] .b.t.c.SpringBootTestContextBootstrapper : Using TestExecutionListeners: [org.springframework.test.context.web.ServletTestExecutionListener@1582dfec, org.springframework.test.context.support.DirtiesContextBeforeModesTestExecutionListener@1bae8e5e, org.springframework.test.context.event.ApplicationEventsTestExecutionListener@352bccf, org.springframework.boot.test.mock.mockito.MockitoTestExecutionListener@70d3e710, org.springframework.boot.test.autoconfigure.SpringBootDependencyInjectionTestExecutionListener@732d2b59, org.springframework.test.context.support.DirtiesContextTestExecutionListener@1c1e971c, org.springframework.test.context.event.EventPublishingTestExecutionListener@abce494, org.springframework.boot.test.mock.mockito.ResetMocksTestExecutionListener@65b869b4, org.springframework.boot.test.autoconfigure.restdocs.RestDocsTestExecutionListener@7f55e1b9, org.springframework.boot.test.autoconfigure.web.client.MockRestServiceServerResetTestExecutionListener@171b3f38, org.springframework.boot.test.autoconfigure.web.servlet.MockMvcPrintOnlyOnFailureTestExecutionListener@7a6ef10b, org.springframework.boot.test.autoconfigure.web.servlet.WebDriverTestExecutionListener@5cbdc23b, org.springframework.boot.test.autoconfigure.webservices.client.MockWebServiceServerTestExecutionListener@c35b83c, org.spockframework.spring.SpringMockTestExecutionListener@4299b47d]
2024-05-17 18:17:20.292  WARN 35194 --- [           main] ubernetesProfileEnvironmentPostProcessor : Not running inside kubernetes. Skipping 'kubernetes' profile activation.
2024-05-17 18:17:20.322  INFO 35194 --- [           main] trationDelegate$BeanPostProcessorChecker : Bean 'org.springframework.retry.annotation.RetryConfiguration' of type [org.springframework.retry.annotation.RetryConfiguration] is not eligible for getting processed by all BeanPostProcessors (for example: not eligible for auto-proxying)

  .   ____          _            __ _ _
 /\\ / ___'_ __ _ _(_)_ __  __ _ \ \ \ \
( ( )\___ | '_ | '_| | '_ \/ _` | \ \ \ \
 \\/  ___)| |_)| | | | | || (_| |  ) ) ) )
  '  |____| .__|_| |_|_| |_\__, | / / / /
 =========|_|==============|___/=/_/_/_/
 :: Spring Boot ::                (v2.6.3)

2024-05-17 18:17:20.370  INFO 35194 --- [           main] s.c.k.f.c.Fabric8ConfigMapPropertySource : Loading ConfigMap with name 'application' in namespace 'default'
2024-05-17 18:17:20.467  INFO 35194 --- [127.0.0.1:48900] okhttp3.mockwebserver.MockWebServer      : MockWebServer[35979] received request: GET /api/v1/namespaces/default/configmaps/application HTTP/1.1 and responded: HTTP/1.1 404 Client Error
2024-05-17 18:17:20.470  INFO 35194 --- [           main] o.s.c.k.f.config.Fabric8ConfigUtils      : config-map with name : 'application' not present in namespace : 'default'
2024-05-17 18:17:20.471  INFO 35194 --- [           main] b.c.PropertySourceBootstrapConfiguration : Located property source: [BootstrapPropertySource {name='bootstrapProperties-configmap.application.default'}]
2024-05-17 18:17:20.471  INFO 35194 --- [           main] o.s.c.k.f.c.Fabric8SecretsPropertySource : Loading Secret with name 'my-secret' or with labels [{}] in namespace 'default'
2024-05-17 18:17:20.472  INFO 35194 --- [127.0.0.1:48900] okhttp3.mockwebserver.MockWebServer      : MockWebServer[35979] received request: GET /api/v1/namespaces/default/secrets/my-secret HTTP/1.1 and responded: HTTP/1.1 404 Client Error
2024-05-17 18:17:20.473  WARN 35194 --- [           main] o.s.c.k.f.c.Fabric8SecretsPropertySource : secret with name : my-secret in namespace : default not found
2024-05-17 18:17:20.474  INFO 35194 --- [127.0.0.1:48900] okhttp3.mockwebserver.MockWebServer      : MockWebServer[35979] received request: GET /api/v1/namespaces/default/secrets HTTP/1.1 and responded: HTTP/1.1 200 OK
2024-05-17 18:17:20.515  INFO 35194 --- [           main] b.c.PropertySourceBootstrapConfiguration : Located property source: [BootstrapPropertySource {name='bootstrapProperties-secrets.my-secret.default'}]
2024-05-17 18:17:20.517  WARN 35194 --- [           main] ubernetesProfileEnvironmentPostProcessor : Not running inside kubernetes. Skipping 'kubernetes' profile activation.
2024-05-17 18:17:20.518  INFO 35194 --- [           main] rceLocatorRetryTests$SecretsRetryEnabled : No active profile set, falling back to default profiles: default
2024-05-17 18:17:20.801  INFO 35194 --- [           main] o.s.cloud.context.scope.GenericScope     : BeanFactory id=94652287-2eb9-367e-b08b-eea09b3b2900
2024-05-17 18:17:21.192  INFO 35194 --- [           main] rceLocatorRetryTests$SecretsRetryEnabled : Started Fabric8SecretsPropertySourceLocatorRetryTests.SecretsRetryEnabled in 0.937 seconds (JVM running for 25.002)
2024-05-17 18:17:21.197  INFO 35194 --- [WebServer 44783] okhttp3.mockwebserver.MockWebServer      : MockWebServer[44783] starting to accept connections
2024-05-17 18:17:21.202  INFO 35194 --- [           main] o.s.c.k.f.c.Fabric8SecretsPropertySource : Loading Secret with name 'my-secret' or with labels [{}] in namespace 'default'
2024-05-17 18:17:21.203  INFO 35194 --- [127.0.0.1:48900] okhttp3.mockwebserver.MockWebServer      : MockWebServer[35979] received request: GET /api/v1/namespaces/default/secrets/my-secret HTTP/1.1 and responded: HTTP/1.1 200 OK
2024-05-17 18:17:21.206  INFO 35194 --- [127.0.0.1:48900] okhttp3.mockwebserver.MockWebServer      : MockWebServer[35979] received request: GET /api/v1/namespaces/default/secrets HTTP/1.1 and responded: HTTP/1.1 200 OK
2024-05-17 18:17:21.249  INFO 35194 --- [WebServer 44783] okhttp3.mockwebserver.MockWebServer      : MockWebServer[44783] done accepting connections: Socket closed
