2024-05-17 15:25:30.530  INFO   --- [           main] .b.t.c.SpringBootTestContextBootstrapper : Neither @ContextConfiguration nor @ContextHierarchy found for test class [org.springframework.cloud.kubernetes.fabric8.config.Fabric8BootstrapConfigurationTests$KubernetesEnabledSecretsDisabled], using SpringBootContextLoader
2024-05-17 15:25:30.536  INFO   --- [           main] o.s.t.c.support.AbstractContextLoader    : Could not detect default resource locations for test class [org.springframework.cloud.kubernetes.fabric8.config.Fabric8BootstrapConfigurationTests$KubernetesEnabledSecretsDisabled]: no resource found for suffixes {-context.xml, Context.groovy}.
2024-05-17 15:25:30.721  INFO   --- [           main] .b.t.c.SpringBootTestContextBootstrapper : Loaded default TestExecutionListener class names from location [META-INF/spring.factories]: [org.springframework.boot.test.mock.mockito.MockitoTestExecutionListener, org.springframework.boot.test.mock.mockito.ResetMocksTestExecutionListener, org.springframework.boot.test.autoconfigure.restdocs.RestDocsTestExecutionListener, org.springframework.boot.test.autoconfigure.web.client.MockRestServiceServerResetTestExecutionListener, org.springframework.boot.test.autoconfigure.web.servlet.MockMvcPrintOnlyOnFailureTestExecutionListener, org.springframework.boot.test.autoconfigure.web.servlet.WebDriverTestExecutionListener, org.springframework.boot.test.autoconfigure.webservices.client.MockWebServiceServerTestExecutionListener, org.springframework.test.context.web.ServletTestExecutionListener, org.springframework.test.context.support.DirtiesContextBeforeModesTestExecutionListener, org.springframework.test.context.event.ApplicationEventsTestExecutionListener, org.springframework.test.context.support.DependencyInjectionTestExecutionListener, org.springframework.test.context.support.DirtiesContextTestExecutionListener, org.springframework.test.context.transaction.TransactionalTestExecutionListener, org.springframework.test.context.jdbc.SqlScriptsTestExecutionListener, org.springframework.test.context.event.EventPublishingTestExecutionListener, org.spockframework.spring.SpringMockTestExecutionListener]
2024-05-17 15:25:30.734  INFO   --- [           main] .b.t.c.SpringBootTestContextBootstrapper : Using TestExecutionListeners: [org.springframework.test.context.web.ServletTestExecutionListener@1f010bf0, org.springframework.test.context.support.DirtiesContextBeforeModesTestExecutionListener@40db2a24, org.springframework.test.context.event.ApplicationEventsTestExecutionListener@10cf09e8, org.springframework.boot.test.mock.mockito.MockitoTestExecutionListener@1921ad94, org.springframework.boot.test.autoconfigure.SpringBootDependencyInjectionTestExecutionListener@ee86bcb, org.springframework.test.context.support.DirtiesContextTestExecutionListener@177bea38, org.springframework.test.context.event.EventPublishingTestExecutionListener@7f132176, org.springframework.boot.test.mock.mockito.ResetMocksTestExecutionListener@6bca7e0d, org.springframework.boot.test.autoconfigure.restdocs.RestDocsTestExecutionListener@2631f68c, org.springframework.boot.test.autoconfigure.web.client.MockRestServiceServerResetTestExecutionListener@6ed3f258, org.springframework.boot.test.autoconfigure.web.servlet.MockMvcPrintOnlyOnFailureTestExecutionListener@8ad6665, org.springframework.boot.test.autoconfigure.web.servlet.WebDriverTestExecutionListener@30af5b6b, org.springframework.boot.test.autoconfigure.webservices.client.MockWebServiceServerTestExecutionListener@19835e64, org.spockframework.spring.SpringMockTestExecutionListener@68b32e3e]
2024-05-17 15:25:31.427  WARN 26115 --- [           main] ubernetesProfileEnvironmentPostProcessor : Not running inside kubernetes. Skipping 'kubernetes' profile activation.
2024-05-17 15:25:32.071  WARN 26115 --- [           main] io.fabric8.kubernetes.client.Config      : Error reading service account token from: [/var/run/secrets/kubernetes.io/serviceaccount/token]. Ignoring.
2024-05-17 15:25:32.074  WARN 26115 --- [           main] io.fabric8.kubernetes.client.Config      : Error reading service account token from: [/var/run/secrets/kubernetes.io/serviceaccount/token]. Ignoring.

  .   ____          _            __ _ _
 /\\ / ___'_ __ _ _(_)_ __  __ _ \ \ \ \
( ( )\___ | '_ | '_| | '_ \/ _` | \ \ \ \
 \\/  ___)| |_)| | | | | || (_| |  ) ) ) )
  '  |____| .__|_| |_|_| |_\__, | / / / /
 =========|_|==============|___/=/_/_/_/
 :: Spring Boot ::                (v2.6.3)

2024-05-17 15:25:32.275  INFO 26115 --- [           main] s.c.k.f.c.Fabric8ConfigMapPropertySource : Loading ConfigMap with name 'application' in namespace 'default'
2024-05-17 15:25:32.709  WARN 26115 --- [           main] s.c.k.f.c.Fabric8ConfigMapPropertySource : Can't read configMap with name: [application] in namespace: [default]. Ignoring.

io.fabric8.kubernetes.client.KubernetesClientException: Operation: [get]  for kind: [ConfigMap]  with name: [application]  in namespace: [default]  failed.
	at io.fabric8.kubernetes.client.KubernetesClientException.launderThrowable(KubernetesClientException.java:130)
	at io.fabric8.kubernetes.client.dsl.base.BaseOperation.getMandatory(BaseOperation.java:192)
	at io.fabric8.kubernetes.client.dsl.base.BaseOperation.get(BaseOperation.java:154)
	at io.fabric8.kubernetes.client.dsl.base.BaseOperation.get(BaseOperation.java:87)
	at org.springframework.cloud.kubernetes.fabric8.config.Fabric8ConfigUtils.getConfigMapData(Fabric8ConfigUtils.java:118)
	at org.springframework.cloud.kubernetes.fabric8.config.Fabric8ConfigMapPropertySource.getData(Fabric8ConfigMapPropertySource.java:79)
	at org.springframework.cloud.kubernetes.fabric8.config.Fabric8ConfigMapPropertySource.<init>(Fabric8ConfigMapPropertySource.java:70)
	at org.springframework.cloud.kubernetes.fabric8.config.Fabric8ConfigMapPropertySourceLocator.getMapPropertySource(Fabric8ConfigMapPropertySourceLocator.java:74)
	at org.springframework.cloud.kubernetes.commons.config.ConfigMapPropertySourceLocator.getMapPropertySourceForSingleConfigMap(ConfigMapPropertySourceLocator.java:98)
	at org.springframework.cloud.kubernetes.commons.config.ConfigMapPropertySourceLocator.lambda$locate$0(ConfigMapPropertySourceLocator.java:77)
	at java.lang.Iterable.forEach(Iterable.java:75)
	at org.springframework.cloud.kubernetes.commons.config.ConfigMapPropertySourceLocator.locate(ConfigMapPropertySourceLocator.java:77)
	at org.springframework.cloud.bootstrap.config.PropertySourceLocator.locateCollection(PropertySourceLocator.java:51)
	at org.springframework.cloud.bootstrap.config.PropertySourceLocator.locateCollection(PropertySourceLocator.java:47)
	at org.springframework.cloud.kubernetes.commons.config.ConfigMapPropertySourceLocator.locateCollection(ConfigMapPropertySourceLocator.java:90)
	at org.springframework.cloud.bootstrap.config.PropertySourceBootstrapConfiguration.initialize(PropertySourceBootstrapConfiguration.java:95)
	at org.springframework.boot.SpringApplication.applyInitializers(SpringApplication.java:612)
	at org.springframework.boot.SpringApplication.prepareContext(SpringApplication.java:380)
	at org.springframework.boot.SpringApplication.run(SpringApplication.java:301)
	at org.springframework.boot.test.context.SpringBootContextLoader.loadContext(SpringBootContextLoader.java:136)
	at org.springframework.test.context.cache.DefaultCacheAwareContextLoaderDelegate.loadContextInternal(DefaultCacheAwareContextLoaderDelegate.java:99)
	at org.springframework.test.context.cache.DefaultCacheAwareContextLoaderDelegate.loadContext(DefaultCacheAwareContextLoaderDelegate.java:124)
	at org.springframework.test.context.support.DefaultTestContext.getApplicationContext(DefaultTestContext.java:124)
	at org.springframework.test.context.support.DependencyInjectionTestExecutionListener.injectDependencies(DependencyInjectionTestExecutionListener.java:118)
	at org.springframework.test.context.support.DependencyInjectionTestExecutionListener.prepareTestInstance(DependencyInjectionTestExecutionListener.java:83)
	at org.springframework.boot.test.autoconfigure.SpringBootDependencyInjectionTestExecutionListener.prepareTestInstance(SpringBootDependencyInjectionTestExecutionListener.java:43)
	at org.springframework.test.context.TestContextManager.prepareTestInstance(TestContextManager.java:248)
	at org.springframework.test.context.junit.jupiter.SpringExtension.postProcessTestInstance(SpringExtension.java:138)
	at org.junit.jupiter.engine.descriptor.ClassBasedTestDescriptor.lambda$invokeTestInstancePostProcessors$8(ClassBasedTestDescriptor.java:363)
	at org.junit.jupiter.engine.descriptor.ClassBasedTestDescriptor.executeAndMaskThrowable(ClassBasedTestDescriptor.java:368)
	at org.junit.jupiter.engine.descriptor.ClassBasedTestDescriptor.lambda$invokeTestInstancePostProcessors$9(ClassBasedTestDescriptor.java:363)
	at java.util.stream.ReferencePipeline$3$1.accept(ReferencePipeline.java:193)
	at java.util.stream.ReferencePipeline$2$1.accept(ReferencePipeline.java:175)
	at java.util.ArrayList$ArrayListSpliterator.forEachRemaining(ArrayList.java:1384)
	at java.util.stream.AbstractPipeline.copyInto(AbstractPipeline.java:482)
	at java.util.stream.AbstractPipeline.wrapAndCopyInto(AbstractPipeline.java:472)
	at java.util.stream.StreamSpliterators$WrappingSpliterator.forEachRemaining(StreamSpliterators.java:313)
	at java.util.stream.Streams$ConcatSpliterator.forEachRemaining(Streams.java:743)
	at java.util.stream.Streams$ConcatSpliterator.forEachRemaining(Streams.java:742)
	at java.util.stream.ReferencePipeline$Head.forEach(ReferencePipeline.java:647)
	at org.junit.jupiter.engine.descriptor.ClassBasedTestDescriptor.invokeTestInstancePostProcessors(ClassBasedTestDescriptor.java:362)
	at org.junit.jupiter.engine.descriptor.ClassBasedTestDescriptor.lambda$instantiateAndPostProcessTestInstance$6(ClassBasedTestDescriptor.java:283)
	at org.junit.platform.engine.support.hierarchical.ThrowableCollector.execute(ThrowableCollector.java:73)
	at org.junit.jupiter.engine.descriptor.ClassBasedTestDescriptor.instantiateAndPostProcessTestInstance(ClassBasedTestDescriptor.java:282)
	at org.junit.jupiter.engine.descriptor.ClassBasedTestDescriptor.lambda$testInstancesProvider$4(ClassBasedTestDescriptor.java:272)
	at java.util.Optional.orElseGet(Optional.java:267)
	at org.junit.jupiter.engine.descriptor.ClassBasedTestDescriptor.lambda$testInstancesProvider$5(ClassBasedTestDescriptor.java:271)
	at org.junit.jupiter.engine.execution.TestInstancesProvider.getTestInstances(TestInstancesProvider.java:31)
	at org.junit.jupiter.engine.descriptor.TestMethodTestDescriptor.lambda$prepare$0(TestMethodTestDescriptor.java:102)
	at org.junit.platform.engine.support.hierarchical.ThrowableCollector.execute(ThrowableCollector.java:73)
	at org.junit.jupiter.engine.descriptor.TestMethodTestDescriptor.prepare(TestMethodTestDescriptor.java:101)
	at org.junit.jupiter.engine.descriptor.TestMethodTestDescriptor.prepare(TestMethodTestDescriptor.java:66)
	at org.junit.platform.engine.support.hierarchical.NodeTestTask.lambda$prepare$2(NodeTestTask.java:123)
	at org.junit.platform.engine.support.hierarchical.ThrowableCollector.execute(ThrowableCollector.java:73)
	at org.junit.platform.engine.support.hierarchical.NodeTestTask.prepare(NodeTestTask.java:123)
	at org.junit.platform.engine.support.hierarchical.NodeTestTask.execute(NodeTestTask.java:90)
	at java.util.ArrayList.forEach(ArrayList.java:1259)
	at org.junit.platform.engine.support.hierarchical.SameThreadHierarchicalTestExecutorService.invokeAll(SameThreadHierarchicalTestExecutorService.java:41)
	at org.junit.platform.engine.support.hierarchical.NodeTestTask.lambda$executeRecursively$6(NodeTestTask.java:155)
	at org.junit.platform.engine.support.hierarchical.ThrowableCollector.execute(ThrowableCollector.java:73)
	at org.junit.platform.engine.support.hierarchical.NodeTestTask.lambda$executeRecursively$8(NodeTestTask.java:141)
	at org.junit.platform.engine.support.hierarchical.Node.around(Node.java:137)
	at org.junit.platform.engine.support.hierarchical.NodeTestTask.lambda$executeRecursively$9(NodeTestTask.java:139)
	at org.junit.platform.engine.support.hierarchical.ThrowableCollector.execute(ThrowableCollector.java:73)
	at org.junit.platform.engine.support.hierarchical.NodeTestTask.executeRecursively(NodeTestTask.java:138)
	at org.junit.platform.engine.support.hierarchical.NodeTestTask.execute(NodeTestTask.java:95)
	at java.util.ArrayList.forEach(ArrayList.java:1259)
	at org.junit.platform.engine.support.hierarchical.SameThreadHierarchicalTestExecutorService.invokeAll(SameThreadHierarchicalTestExecutorService.java:41)
	at org.junit.platform.engine.support.hierarchical.NodeTestTask.lambda$executeRecursively$6(NodeTestTask.java:155)
	at org.junit.platform.engine.support.hierarchical.ThrowableCollector.execute(ThrowableCollector.java:73)
	at org.junit.platform.engine.support.hierarchical.NodeTestTask.lambda$executeRecursively$8(NodeTestTask.java:141)
	at org.junit.platform.engine.support.hierarchical.Node.around(Node.java:137)
	at org.junit.platform.engine.support.hierarchical.NodeTestTask.lambda$executeRecursively$9(NodeTestTask.java:139)
	at org.junit.platform.engine.support.hierarchical.ThrowableCollector.execute(ThrowableCollector.java:73)
	at org.junit.platform.engine.support.hierarchical.NodeTestTask.executeRecursively(NodeTestTask.java:138)
	at org.junit.platform.engine.support.hierarchical.NodeTestTask.execute(NodeTestTask.java:95)
	at java.util.ArrayList.forEach(ArrayList.java:1259)
	at org.junit.platform.engine.support.hierarchical.SameThreadHierarchicalTestExecutorService.invokeAll(SameThreadHierarchicalTestExecutorService.java:41)
	at org.junit.platform.engine.support.hierarchical.NodeTestTask.lambda$executeRecursively$6(NodeTestTask.java:155)
	at org.junit.platform.engine.support.hierarchical.ThrowableCollector.execute(ThrowableCollector.java:73)
	at org.junit.platform.engine.support.hierarchical.NodeTestTask.lambda$executeRecursively$8(NodeTestTask.java:141)
	at org.junit.platform.engine.support.hierarchical.Node.around(Node.java:137)
	at org.junit.platform.engine.support.hierarchical.NodeTestTask.lambda$executeRecursively$9(NodeTestTask.java:139)
	at org.junit.platform.engine.support.hierarchical.ThrowableCollector.execute(ThrowableCollector.java:73)
	at org.junit.platform.engine.support.hierarchical.NodeTestTask.executeRecursively(NodeTestTask.java:138)
	at org.junit.platform.engine.support.hierarchical.NodeTestTask.execute(NodeTestTask.java:95)
	at org.junit.platform.engine.support.hierarchical.SameThreadHierarchicalTestExecutorService.submit(SameThreadHierarchicalTestExecutorService.java:35)
	at org.junit.platform.engine.support.hierarchical.HierarchicalTestExecutor.execute(HierarchicalTestExecutor.java:57)
	at org.junit.platform.engine.support.hierarchical.HierarchicalTestEngine.execute(HierarchicalTestEngine.java:54)
	at org.junit.platform.launcher.core.DefaultLauncher.execute(DefaultLauncher.java:170)
	at org.junit.platform.launcher.core.DefaultLauncher.execute(DefaultLauncher.java:154)
	at org.junit.platform.launcher.core.DefaultLauncher.execute(DefaultLauncher.java:90)
	at edu.illinois.cs.testrunner.execution.JUnit5TestExecutor.runTestsSeparately(JUnit5TestExecutor.java:40)
	at edu.illinois.cs.testrunner.execution.Executor$.$anonfun$run$1(Executor.scala:33)
	at scala.runtime.java8.JFunction0$mcV$sp.apply(JFunction0$mcV$sp.java:12)
	at scala.util.Try$.apply(Try.scala:209)
	at edu.illinois.cs.testrunner.execution.Executor$.run(Executor.scala:28)
	at edu.illinois.cs.testrunner.execution.Executor$.main(Executor.scala:18)
	at edu.illinois.cs.testrunner.execution.Executor.main(Executor.scala)
Caused by: java.net.UnknownHostException: kubernetes.default.svc: Name or service not known
	at java.net.Inet4AddressImpl.lookupAllHostAddr(Native Method)
	at java.net.InetAddress$2.lookupAllHostAddr(InetAddress.java:929)
	at java.net.InetAddress.getAddressesFromNameService(InetAddress.java:1324)
	at java.net.InetAddress.getAllByName0(InetAddress.java:1277)
	at java.net.InetAddress.getAllByName(InetAddress.java:1193)
	at java.net.InetAddress.getAllByName(InetAddress.java:1127)
	at okhttp3.Dns.lambda$static$0(Dns.java:39)
	at okhttp3.internal.connection.RouteSelector.resetNextInetSocketAddress(RouteSelector.java:171)
	at okhttp3.internal.connection.RouteSelector.nextProxy(RouteSelector.java:135)
	at okhttp3.internal.connection.RouteSelector.next(RouteSelector.java:84)
	at okhttp3.internal.connection.ExchangeFinder.findConnection(ExchangeFinder.java:187)
	at okhttp3.internal.connection.ExchangeFinder.findHealthyConnection(ExchangeFinder.java:108)
	at okhttp3.internal.connection.ExchangeFinder.find(ExchangeFinder.java:88)
	at okhttp3.internal.connection.Transmitter.newExchange(Transmitter.java:169)
	at okhttp3.internal.connection.ConnectInterceptor.intercept(ConnectInterceptor.java:41)
	at okhttp3.internal.http.RealInterceptorChain.proceed(RealInterceptorChain.java:142)
	at okhttp3.internal.http.RealInterceptorChain.proceed(RealInterceptorChain.java:117)
	at okhttp3.internal.cache.CacheInterceptor.intercept(CacheInterceptor.java:94)
	at okhttp3.internal.http.RealInterceptorChain.proceed(RealInterceptorChain.java:142)
	at okhttp3.internal.http.RealInterceptorChain.proceed(RealInterceptorChain.java:117)
	at okhttp3.internal.http.BridgeInterceptor.intercept(BridgeInterceptor.java:93)
	at okhttp3.internal.http.RealInterceptorChain.proceed(RealInterceptorChain.java:142)
	at okhttp3.internal.http.RetryAndFollowUpInterceptor.intercept(RetryAndFollowUpInterceptor.java:88)
	at okhttp3.internal.http.RealInterceptorChain.proceed(RealInterceptorChain.java:142)
	at okhttp3.internal.http.RealInterceptorChain.proceed(RealInterceptorChain.java:117)
	at io.fabric8.kubernetes.client.utils.BackwardsCompatibilityInterceptor.intercept(BackwardsCompatibilityInterceptor.java:133)
	at okhttp3.internal.http.RealInterceptorChain.proceed(RealInterceptorChain.java:142)
	at okhttp3.internal.http.RealInterceptorChain.proceed(RealInterceptorChain.java:117)
	at io.fabric8.kubernetes.client.utils.TokenRefreshInterceptor.intercept(TokenRefreshInterceptor.java:38)
	at okhttp3.internal.http.RealInterceptorChain.proceed(RealInterceptorChain.java:142)
	at okhttp3.internal.http.RealInterceptorChain.proceed(RealInterceptorChain.java:117)
	at io.fabric8.kubernetes.client.utils.ImpersonatorInterceptor.intercept(ImpersonatorInterceptor.java:68)
	at okhttp3.internal.http.RealInterceptorChain.proceed(RealInterceptorChain.java:142)
	at okhttp3.internal.http.RealInterceptorChain.proceed(RealInterceptorChain.java:117)
	at io.fabric8.kubernetes.client.utils.HttpClientUtils.lambda$createApplicableInterceptors$6(HttpClientUtils.java:292)
	at okhttp3.internal.http.RealInterceptorChain.proceed(RealInterceptorChain.java:142)
	at okhttp3.internal.http.RealInterceptorChain.proceed(RealInterceptorChain.java:117)
	at okhttp3.RealCall.getResponseWithInterceptorChain(RealCall.java:229)
	at okhttp3.RealCall.execute(RealCall.java:81)
	at io.fabric8.kubernetes.client.dsl.base.OperationSupport.retryWithExponentialBackoff(OperationSupport.java:591)
	at io.fabric8.kubernetes.client.dsl.base.OperationSupport.handleResponse(OperationSupport.java:564)
	at io.fabric8.kubernetes.client.dsl.base.OperationSupport.handleResponse(OperationSupport.java:527)
	at io.fabric8.kubernetes.client.dsl.base.OperationSupport.handleGet(OperationSupport.java:494)
	at io.fabric8.kubernetes.client.dsl.base.OperationSupport.handleGet(OperationSupport.java:476)
	at io.fabric8.kubernetes.client.dsl.base.BaseOperation.handleGet(BaseOperation.java:788)
	at io.fabric8.kubernetes.client.dsl.base.BaseOperation.getMandatory(BaseOperation.java:187)
	... 97 common frames omitted

2024-05-17 15:25:32.718  INFO 26115 --- [           main] b.c.PropertySourceBootstrapConfiguration : Located property source: [BootstrapPropertySource {name='bootstrapProperties-configmap.application.default'}]
2024-05-17 15:25:32.768  WARN 26115 --- [           main] ubernetesProfileEnvironmentPostProcessor : Not running inside kubernetes. Skipping 'kubernetes' profile activation.
2024-05-17 15:25:32.771  INFO 26115 --- [           main] onTests$KubernetesEnabledSecretsDisabled : No active profile set, falling back to default profiles: default
2024-05-17 15:25:33.877  INFO 26115 --- [           main] o.s.cloud.context.scope.GenericScope     : BeanFactory id=b44b17b9-4871-3254-a9f0-4dd2fdc4c959
2024-05-17 15:25:34.336  INFO 26115 --- [           main] o.s.b.w.embedded.tomcat.TomcatWebServer  : Tomcat initialized with port(s): 0 (http)
2024-05-17 15:25:34.347  INFO 26115 --- [           main] o.apache.catalina.core.StandardService   : Starting service [Tomcat]
2024-05-17 15:25:34.348  INFO 26115 --- [           main] org.apache.catalina.core.StandardEngine  : Starting Servlet engine: [Apache Tomcat/9.0.56]
2024-05-17 15:25:34.486  INFO 26115 --- [           main] o.a.c.c.C.[Tomcat].[localhost].[/]       : Initializing Spring embedded WebApplicationContext
2024-05-17 15:25:34.487  INFO 26115 --- [           main] w.s.c.ServletWebServerApplicationContext : Root WebApplicationContext: initialization completed in 1705 ms
2024-05-17 15:25:36.746  INFO 26115 --- [           main] o.s.b.a.e.web.EndpointLinksResolver      : Exposing 1 endpoint(s) beneath base path '/actuator'
2024-05-17 15:25:36.909  INFO 26115 --- [           main] o.s.b.w.embedded.tomcat.TomcatWebServer  : Tomcat started on port(s): 33821 (http) with context path ''
2024-05-17 15:25:36.924  INFO 26115 --- [           main] onTests$KubernetesEnabledSecretsDisabled : Started Fabric8BootstrapConfigurationTests.KubernetesEnabledSecretsDisabled in 6.15 seconds (JVM running for 7.524)
2024-05-17 15:25:37.278  INFO 26115 --- [           main] .b.t.c.SpringBootTestContextBootstrapper : Neither @ContextConfiguration nor @ContextHierarchy found for test class [org.springframework.cloud.kubernetes.fabric8.config.ConfigMapsWithProfileExpressionTests], using SpringBootContextLoader
2024-05-17 15:25:37.279  INFO 26115 --- [           main] o.s.t.c.support.AbstractContextLoader    : Could not detect default resource locations for test class [org.springframework.cloud.kubernetes.fabric8.config.ConfigMapsWithProfileExpressionTests]: no resource found for suffixes {-context.xml, Context.groovy}.
2024-05-17 15:25:37.288  INFO 26115 --- [           main] .b.t.c.SpringBootTestContextBootstrapper : Loaded default TestExecutionListener class names from location [META-INF/spring.factories]: [org.springframework.boot.test.mock.mockito.MockitoTestExecutionListener, org.springframework.boot.test.mock.mockito.ResetMocksTestExecutionListener, org.springframework.boot.test.autoconfigure.restdocs.RestDocsTestExecutionListener, org.springframework.boot.test.autoconfigure.web.client.MockRestServiceServerResetTestExecutionListener, org.springframework.boot.test.autoconfigure.web.servlet.MockMvcPrintOnlyOnFailureTestExecutionListener, org.springframework.boot.test.autoconfigure.web.servlet.WebDriverTestExecutionListener, org.springframework.boot.test.autoconfigure.webservices.client.MockWebServiceServerTestExecutionListener, org.springframework.test.context.web.ServletTestExecutionListener, org.springframework.test.context.support.DirtiesContextBeforeModesTestExecutionListener, org.springframework.test.context.event.ApplicationEventsTestExecutionListener, org.springframework.test.context.support.DependencyInjectionTestExecutionListener, org.springframework.test.context.support.DirtiesContextTestExecutionListener, org.springframework.test.context.transaction.TransactionalTestExecutionListener, org.springframework.test.context.jdbc.SqlScriptsTestExecutionListener, org.springframework.test.context.event.EventPublishingTestExecutionListener, org.spockframework.spring.SpringMockTestExecutionListener]
2024-05-17 15:25:37.290  INFO 26115 --- [           main] .b.t.c.SpringBootTestContextBootstrapper : Using TestExecutionListeners: [org.springframework.test.context.web.ServletTestExecutionListener@14b5325f, org.springframework.test.context.support.DirtiesContextBeforeModesTestExecutionListener@13404f75, org.springframework.test.context.event.ApplicationEventsTestExecutionListener@6cc90398, org.springframework.boot.test.mock.mockito.MockitoTestExecutionListener@6b6fd0, org.springframework.boot.test.autoconfigure.SpringBootDependencyInjectionTestExecutionListener@3d718248, org.springframework.test.context.support.DirtiesContextTestExecutionListener@2cdb5974, org.springframework.test.context.event.EventPublishingTestExecutionListener@8aa5ab4, org.springframework.boot.test.mock.mockito.ResetMocksTestExecutionListener@53e4a19e, org.springframework.boot.test.autoconfigure.restdocs.RestDocsTestExecutionListener@62360a68, org.springframework.boot.test.autoconfigure.web.client.MockRestServiceServerResetTestExecutionListener@1450ffa3, org.springframework.boot.test.autoconfigure.web.servlet.MockMvcPrintOnlyOnFailureTestExecutionListener@4e756867, org.springframework.boot.test.autoconfigure.web.servlet.WebDriverTestExecutionListener@38ebc866, org.springframework.boot.test.autoconfigure.webservices.client.MockWebServiceServerTestExecutionListener@6adcf059, org.spockframework.spring.SpringMockTestExecutionListener@7962a746]
2024-05-17 15:25:37.376  INFO 26115 --- [WebServer 46013] okhttp3.mockwebserver.MockWebServer      : MockWebServer[46013] starting to accept connections
2024-05-17 15:25:37.497  INFO 26115 --- [127.0.0.1:43224] okhttp3.mockwebserver.MockWebServer      : MockWebServer[46013] received request: POST /api/v1/namespaces/test/configmaps HTTP/1.1 and responded: HTTP/1.1 200 OK
2024-05-17 15:25:37.554  WARN 26115 --- [           main] ubernetesProfileEnvironmentPostProcessor : Not running inside kubernetes. Skipping 'kubernetes' profile activation.

  .   ____          _            __ _ _
 /\\ / ___'_ __ _ _(_)_ __  __ _ \ \ \ \
( ( )\___ | '_ | '_| | '_ \/ _` | \ \ \ \
 \\/  ___)| |_)| | | | | || (_| |  ) ) ) )
  '  |____| .__|_| |_|_| |_\__, | / / / /
 =========|_|==============|___/=/_/_/_/
 :: Spring Boot ::                (v2.6.3)

2024-05-17 15:25:37.656  INFO 26115 --- [           main] s.c.k.f.c.Fabric8ConfigMapPropertySource : Loading ConfigMap with name 'configmap-with-profile-example' in namespace 'test'
2024-05-17 15:25:37.661  INFO 26115 --- [127.0.0.1:43236] okhttp3.mockwebserver.MockWebServer      : MockWebServer[46013] received request: GET /api/v1/namespaces/test/configmaps/configmap-with-profile-example HTTP/1.1 and responded: HTTP/1.1 200 OK
2024-05-17 15:25:37.679  INFO 26115 --- [127.0.0.1:43236] okhttp3.mockwebserver.MockWebServer      : MockWebServer[46013] received request: GET /api/v1/namespaces/test/configmaps/configmap-with-profile-example-production HTTP/1.1 and responded: HTTP/1.1 404 Client Error
2024-05-17 15:25:37.684  INFO 26115 --- [           main] o.s.c.k.f.config.Fabric8ConfigUtils      : config-map with name : 'configmap-with-profile-example-production' not present in namespace : 'test'
2024-05-17 15:25:37.687  INFO 26115 --- [127.0.0.1:43236] okhttp3.mockwebserver.MockWebServer      : MockWebServer[46013] received request: GET /api/v1/namespaces/test/configmaps/configmap-with-profile-example-us-east HTTP/1.1 and responded: HTTP/1.1 404 Client Error
2024-05-17 15:25:37.687  INFO 26115 --- [           main] o.s.c.k.f.config.Fabric8ConfigUtils      : config-map with name : 'configmap-with-profile-example-us-east' not present in namespace : 'test'
2024-05-17 15:25:37.687  INFO 26115 --- [           main] b.c.PropertySourceBootstrapConfiguration : Located property source: [BootstrapPropertySource {name='bootstrapProperties-configmap.configmap-with-profile-example.test'}]
2024-05-17 15:25:37.697  WARN 26115 --- [           main] ubernetesProfileEnvironmentPostProcessor : Not running inside kubernetes. Skipping 'kubernetes' profile activation.
2024-05-17 15:25:37.697  INFO 26115 --- [           main] f.c.ConfigMapsWithProfileExpressionTests : The following profiles are active: production,us-east
2024-05-17 15:25:38.000  INFO 26115 --- [           main] o.s.cloud.context.scope.GenericScope     : BeanFactory id=affffd22-e438-321b-a0d0-967c2140a2e8
2024-05-17 15:25:38.134  INFO 26115 --- [           main] o.s.b.w.embedded.tomcat.TomcatWebServer  : Tomcat initialized with port(s): 0 (http)
2024-05-17 15:25:38.135  INFO 26115 --- [           main] o.apache.catalina.core.StandardService   : Starting service [Tomcat]
2024-05-17 15:25:38.135  INFO 26115 --- [           main] org.apache.catalina.core.StandardEngine  : Starting Servlet engine: [Apache Tomcat/9.0.56]
2024-05-17 15:25:38.148  INFO 26115 --- [           main] o.a.c.c.C.[Tomcat-1].[localhost].[/]     : Initializing Spring embedded WebApplicationContext
2024-05-17 15:25:38.149  INFO 26115 --- [           main] w.s.c.ServletWebServerApplicationContext : Root WebApplicationContext: initialization completed in 449 ms
2024-05-17 15:25:39.089  INFO 26115 --- [           main] o.s.b.a.e.web.EndpointLinksResolver      : Exposing 1 endpoint(s) beneath base path '/actuator'
2024-05-17 15:25:39.140  INFO 26115 --- [           main] o.s.b.w.embedded.tomcat.TomcatWebServer  : Tomcat started on port(s): 37967 (http) with context path ''
2024-05-17 15:25:39.147  INFO 26115 --- [           main] f.c.ConfigMapsWithProfileExpressionTests : Started ConfigMapsWithProfileExpressionTests in 1.644 seconds (JVM running for 9.747)
2024-05-17 15:25:39.294  INFO 26115 --- [WebServer 46155] okhttp3.mockwebserver.MockWebServer      : MockWebServer[46155] starting to accept connections
2024-05-17 15:25:39.793  INFO 26115 --- [o-auto-2-exec-1] o.a.c.c.C.[Tomcat-1].[localhost].[/]     : Initializing Spring DispatcherServlet 'dispatcherServlet'
2024-05-17 15:25:39.793  INFO 26115 --- [o-auto-2-exec-1] o.s.web.servlet.DispatcherServlet        : Initializing Servlet 'dispatcherServlet'
2024-05-17 15:25:39.794  INFO 26115 --- [o-auto-2-exec-1] o.s.web.servlet.DispatcherServlet        : Completed initialization in 1 ms
2024-05-17 15:25:39.947  INFO 26115 --- [WebServer 46155] okhttp3.mockwebserver.MockWebServer      : MockWebServer[46155] done accepting connections: Socket closed
2024-05-17 15:25:39.958  INFO 26115 --- [WebServer 48509] okhttp3.mockwebserver.MockWebServer      : MockWebServer[48509] starting to accept connections
2024-05-17 15:25:39.961  INFO 26115 --- [WebServer 59709] okhttp3.mockwebserver.MockWebServer      : MockWebServer[59709] starting to accept connections
2024-05-17 15:25:40.014  WARN 26115 --- [           main] ubernetesProfileEnvironmentPostProcessor : Not running inside kubernetes. Skipping 'kubernetes' profile activation.

  .   ____          _            __ _ _
 /\\ / ___'_ __ _ _(_)_ __  __ _ \ \ \ \
( ( )\___ | '_ | '_| | '_ \/ _` | \ \ \ \
 \\/  ___)| |_)| | | | | || (_| |  ) ) ) )
  '  |____| .__|_| |_|_| |_\__, | / / / /
 =========|_|==============|___/=/_/_/_/
 :: Spring Boot ::                (v2.6.3)

2024-05-17 15:25:40.099  INFO 26115 --- [           main] s.c.k.f.c.Fabric8ConfigMapPropertySource : Loading ConfigMap with name 'application' in namespace 'default'
2024-05-17 15:25:40.102  INFO 26115 --- [127.0.0.1:43242] okhttp3.mockwebserver.MockWebServer      : MockWebServer[46013] received request: GET /api/v1/namespaces/default/configmaps/application HTTP/1.1 and responded: HTTP/1.1 404 Client Error
2024-05-17 15:25:40.103  INFO 26115 --- [           main] o.s.c.k.f.config.Fabric8ConfigUtils      : config-map with name : 'application' not present in namespace : 'default'
2024-05-17 15:25:40.104  INFO 26115 --- [           main] b.c.PropertySourceBootstrapConfiguration : Located property source: [BootstrapPropertySource {name='bootstrapProperties-configmap.application.default'}]
2024-05-17 15:25:40.106  WARN 26115 --- [           main] ubernetesProfileEnvironmentPostProcessor : Not running inside kubernetes. Skipping 'kubernetes' profile activation.
2024-05-17 15:25:40.107  INFO 26115 --- [           main] e.i.cs.testrunner.execution.Executor$    : No active profile set, falling back to default profiles: default
2024-05-17 15:25:40.129  INFO 26115 --- [           main] o.s.cloud.context.scope.GenericScope     : BeanFactory id=9e8f334d-ea3e-3bac-a635-d33d7314ddc7
2024-05-17 15:25:40.135  INFO 26115 --- [           main] e.i.cs.testrunner.execution.Executor$    : Started Executor. in 0.172 seconds (JVM running for 10.735)
2024-05-17 15:25:40.140  INFO 26115 --- [WebServer 59709] okhttp3.mockwebserver.MockWebServer      : MockWebServer[59709] done accepting connections: Socket closed
2024-05-17 15:25:40.145  INFO 26115 --- [WebServer 39677] okhttp3.mockwebserver.MockWebServer      : MockWebServer[39677] starting to accept connections
2024-05-17 15:25:40.621  INFO 26115 --- [WebServer 58745] okhttp3.mockwebserver.MockWebServer      : MockWebServer[58745] starting to accept connections
2024-05-17 15:25:40.626  INFO 26115 --- [WebServer 58745] okhttp3.mockwebserver.MockWebServer      : MockWebServer[58745] done accepting connections: Socket closed
2024-05-17 15:25:40.631  INFO 26115 --- [           main] .b.t.c.SpringBootTestContextBootstrapper : Neither @ContextConfiguration nor @ContextHierarchy found for test class [org.springframework.cloud.kubernetes.fabric8.config.MultipleConfigMapsTests], using SpringBootContextLoader
2024-05-17 15:25:40.632  INFO 26115 --- [           main] o.s.t.c.support.AbstractContextLoader    : Could not detect default resource locations for test class [org.springframework.cloud.kubernetes.fabric8.config.MultipleConfigMapsTests]: no resource found for suffixes {-context.xml, Context.groovy}.
2024-05-17 15:25:40.635  INFO 26115 --- [           main] .b.t.c.SpringBootTestContextBootstrapper : Loaded default TestExecutionListener class names from location [META-INF/spring.factories]: [org.springframework.boot.test.mock.mockito.MockitoTestExecutionListener, org.springframework.boot.test.mock.mockito.ResetMocksTestExecutionListener, org.springframework.boot.test.autoconfigure.restdocs.RestDocsTestExecutionListener, org.springframework.boot.test.autoconfigure.web.client.MockRestServiceServerResetTestExecutionListener, org.springframework.boot.test.autoconfigure.web.servlet.MockMvcPrintOnlyOnFailureTestExecutionListener, org.springframework.boot.test.autoconfigure.web.servlet.WebDriverTestExecutionListener, org.springframework.boot.test.autoconfigure.webservices.client.MockWebServiceServerTestExecutionListener, org.springframework.test.context.web.ServletTestExecutionListener, org.springframework.test.context.support.DirtiesContextBeforeModesTestExecutionListener, org.springframework.test.context.event.ApplicationEventsTestExecutionListener, org.springframework.test.context.support.DependencyInjectionTestExecutionListener, org.springframework.test.context.support.DirtiesContextTestExecutionListener, org.springframework.test.context.transaction.TransactionalTestExecutionListener, org.springframework.test.context.jdbc.SqlScriptsTestExecutionListener, org.springframework.test.context.event.EventPublishingTestExecutionListener, org.spockframework.spring.SpringMockTestExecutionListener]
2024-05-17 15:25:40.636  INFO 26115 --- [           main] .b.t.c.SpringBootTestContextBootstrapper : Using TestExecutionListeners: [org.springframework.test.context.web.ServletTestExecutionListener@572db5ee, org.springframework.test.context.support.DirtiesContextBeforeModesTestExecutionListener@36f80ceb, org.springframework.test.context.event.ApplicationEventsTestExecutionListener@31ab75a5, org.springframework.boot.test.mock.mockito.MockitoTestExecutionListener@17541204, org.springframework.boot.test.autoconfigure.SpringBootDependencyInjectionTestExecutionListener@2dec57c5, org.springframework.test.context.support.DirtiesContextTestExecutionListener@5b8599c7, org.springframework.test.context.event.EventPublishingTestExecutionListener@31e9d94f, org.springframework.boot.test.mock.mockito.ResetMocksTestExecutionListener@69a3944, org.springframework.boot.test.autoconfigure.restdocs.RestDocsTestExecutionListener@4987142d, org.springframework.boot.test.autoconfigure.web.client.MockRestServiceServerResetTestExecutionListener@3e3bf77b, org.springframework.boot.test.autoconfigure.web.servlet.MockMvcPrintOnlyOnFailureTestExecutionListener@41e76252, org.springframework.boot.test.autoconfigure.web.servlet.WebDriverTestExecutionListener@16602333, org.springframework.boot.test.autoconfigure.webservices.client.MockWebServiceServerTestExecutionListener@67376bae, org.spockframework.spring.SpringMockTestExecutionListener@6d6d81c]
2024-05-17 15:25:40.639  INFO 26115 --- [WebServer 33497] okhttp3.mockwebserver.MockWebServer      : MockWebServer[33497] starting to accept connections
2024-05-17 15:25:40.643  INFO 26115 --- [127.0.0.1:60830] okhttp3.mockwebserver.MockWebServer      : MockWebServer[33497] received request: POST /api/v1/namespaces/defnamespace/configmaps HTTP/1.1 and responded: HTTP/1.1 200 OK
2024-05-17 15:25:40.647  INFO 26115 --- [127.0.0.1:60830] okhttp3.mockwebserver.MockWebServer      : MockWebServer[33497] received request: POST /api/v1/namespaces/s2/configmaps HTTP/1.1 and responded: HTTP/1.1 200 OK
2024-05-17 15:25:40.693  INFO 26115 --- [127.0.0.1:60830] okhttp3.mockwebserver.MockWebServer      : MockWebServer[33497] received request: POST /api/v1/namespaces/othernamespace/configmaps HTTP/1.1 and responded: HTTP/1.1 200 OK
2024-05-17 15:25:40.830  WARN 26115 --- [           main] ubernetesProfileEnvironmentPostProcessor : Not running inside kubernetes. Skipping 'kubernetes' profile activation.

  .   ____          _            __ _ _
 /\\ / ___'_ __ _ _(_)_ __  __ _ \ \ \ \
( ( )\___ | '_ | '_| | '_ \/ _` | \ \ \ \
 \\/  ___)| |_)| | | | | || (_| |  ) ) ) )
  '  |____| .__|_| |_|_| |_\__, | / / / /
 =========|_|==============|___/=/_/_/_/
 :: Spring Boot ::                (v2.6.3)

2024-05-17 15:25:40.927  INFO 26115 --- [           main] s.c.k.f.c.Fabric8ConfigMapPropertySource : Loading ConfigMap with name 's1' in namespace 'defnamespace'
2024-05-17 15:25:40.931  INFO 26115 --- [127.0.0.1:60840] okhttp3.mockwebserver.MockWebServer      : MockWebServer[33497] received request: GET /api/v1/namespaces/defnamespace/configmaps/s1 HTTP/1.1 and responded: HTTP/1.1 200 OK
2024-05-17 15:25:40.933  INFO 26115 --- [           main] s.c.k.f.c.Fabric8ConfigMapPropertySource : Loading ConfigMap with name 'defname' in namespace 's2'
2024-05-17 15:25:40.934  INFO 26115 --- [127.0.0.1:60840] okhttp3.mockwebserver.MockWebServer      : MockWebServer[33497] received request: GET /api/v1/namespaces/s2/configmaps/defname HTTP/1.1 and responded: HTTP/1.1 200 OK
2024-05-17 15:25:40.975  INFO 26115 --- [           main] s.c.k.f.c.Fabric8ConfigMapPropertySource : Loading ConfigMap with name 'othername' in namespace 'othernamespace'
2024-05-17 15:25:40.976  INFO 26115 --- [127.0.0.1:60840] okhttp3.mockwebserver.MockWebServer      : MockWebServer[33497] received request: GET /api/v1/namespaces/othernamespace/configmaps/othername HTTP/1.1 and responded: HTTP/1.1 200 OK
2024-05-17 15:25:41.019  INFO 26115 --- [           main] b.c.PropertySourceBootstrapConfiguration : Located property source: [BootstrapPropertySource {name='bootstrapProperties-configmap.othername.othernamespace'}, BootstrapPropertySource {name='bootstrapProperties-configmap.defname.s2'}, BootstrapPropertySource {name='bootstrapProperties-configmap.s1.defnamespace'}]
2024-05-17 15:25:41.025  WARN 26115 --- [           main] ubernetesProfileEnvironmentPostProcessor : Not running inside kubernetes. Skipping 'kubernetes' profile activation.
2024-05-17 15:25:41.026  INFO 26115 --- [           main] o.s.c.k.f.c.MultipleConfigMapsTests      : No active profile set, falling back to default profiles: default
2024-05-17 15:25:41.314  INFO 26115 --- [           main] o.s.cloud.context.scope.GenericScope     : BeanFactory id=012be945-5008-354a-8a47-8e5e16a24aa5
2024-05-17 15:25:41.440  INFO 26115 --- [           main] o.s.b.w.embedded.tomcat.TomcatWebServer  : Tomcat initialized with port(s): 0 (http)
2024-05-17 15:25:41.441  INFO 26115 --- [           main] o.apache.catalina.core.StandardService   : Starting service [Tomcat]
2024-05-17 15:25:41.441  INFO 26115 --- [           main] org.apache.catalina.core.StandardEngine  : Starting Servlet engine: [Apache Tomcat/9.0.56]
2024-05-17 15:25:41.451  INFO 26115 --- [           main] o.a.c.c.C.[Tomcat-2].[localhost].[/]     : Initializing Spring embedded WebApplicationContext
2024-05-17 15:25:41.451  INFO 26115 --- [           main] w.s.c.ServletWebServerApplicationContext : Root WebApplicationContext: initialization completed in 423 ms
2024-05-17 15:25:42.203  INFO 26115 --- [           main] o.s.b.a.e.web.EndpointLinksResolver      : Exposing 1 endpoint(s) beneath base path '/actuator'
2024-05-17 15:25:42.260  INFO 26115 --- [           main] o.s.b.w.embedded.tomcat.TomcatWebServer  : Tomcat started on port(s): 40947 (http) with context path ''
2024-05-17 15:25:42.267  INFO 26115 --- [           main] o.s.c.k.f.c.MultipleConfigMapsTests      : Started MultipleConfigMapsTests in 1.532 seconds (JVM running for 12.867)
2024-05-17 15:25:42.281  INFO 26115 --- [WebServer 55423] okhttp3.mockwebserver.MockWebServer      : MockWebServer[55423] starting to accept connections
2024-05-17 15:25:42.288  INFO 26115 --- [o-auto-3-exec-1] o.a.c.c.C.[Tomcat-2].[localhost].[/]     : Initializing Spring DispatcherServlet 'dispatcherServlet'
2024-05-17 15:25:42.289  INFO 26115 --- [o-auto-3-exec-1] o.s.web.servlet.DispatcherServlet        : Initializing Servlet 'dispatcherServlet'
2024-05-17 15:25:42.290  INFO 26115 --- [o-auto-3-exec-1] o.s.web.servlet.DispatcherServlet        : Completed initialization in 1 ms
2024-05-17 15:25:42.298  INFO 26115 --- [WebServer 55423] okhttp3.mockwebserver.MockWebServer      : MockWebServer[55423] done accepting connections: Socket closed
2024-05-17 15:25:42.302  INFO 26115 --- [           main] .b.t.c.SpringBootTestContextBootstrapper : Neither @ContextConfiguration nor @ContextHierarchy found for test class [org.springframework.cloud.kubernetes.fabric8.config.MultipleConfigMapsTests], using SpringBootContextLoader
2024-05-17 15:25:42.303  INFO 26115 --- [           main] o.s.t.c.support.AbstractContextLoader    : Could not detect default resource locations for test class [org.springframework.cloud.kubernetes.fabric8.config.MultipleConfigMapsTests]: no resource found for suffixes {-context.xml, Context.groovy}.
2024-05-17 15:25:42.305  INFO 26115 --- [           main] .b.t.c.SpringBootTestContextBootstrapper : Loaded default TestExecutionListener class names from location [META-INF/spring.factories]: [org.springframework.boot.test.mock.mockito.MockitoTestExecutionListener, org.springframework.boot.test.mock.mockito.ResetMocksTestExecutionListener, org.springframework.boot.test.autoconfigure.restdocs.RestDocsTestExecutionListener, org.springframework.boot.test.autoconfigure.web.client.MockRestServiceServerResetTestExecutionListener, org.springframework.boot.test.autoconfigure.web.servlet.MockMvcPrintOnlyOnFailureTestExecutionListener, org.springframework.boot.test.autoconfigure.web.servlet.WebDriverTestExecutionListener, org.springframework.boot.test.autoconfigure.webservices.client.MockWebServiceServerTestExecutionListener, org.springframework.test.context.web.ServletTestExecutionListener, org.springframework.test.context.support.DirtiesContextBeforeModesTestExecutionListener, org.springframework.test.context.event.ApplicationEventsTestExecutionListener, org.springframework.test.context.support.DependencyInjectionTestExecutionListener, org.springframework.test.context.support.DirtiesContextTestExecutionListener, org.springframework.test.context.transaction.TransactionalTestExecutionListener, org.springframework.test.context.jdbc.SqlScriptsTestExecutionListener, org.springframework.test.context.event.EventPublishingTestExecutionListener, org.spockframework.spring.SpringMockTestExecutionListener]
2024-05-17 15:25:42.307  INFO 26115 --- [           main] .b.t.c.SpringBootTestContextBootstrapper : Using TestExecutionListeners: [org.springframework.test.context.web.ServletTestExecutionListener@5b4880b3, org.springframework.test.context.support.DirtiesContextBeforeModesTestExecutionListener@5ae67f05, org.springframework.test.context.event.ApplicationEventsTestExecutionListener@4bc39640, org.springframework.boot.test.mock.mockito.MockitoTestExecutionListener@1e37cb10, org.springframework.boot.test.autoconfigure.SpringBootDependencyInjectionTestExecutionListener@1659d7d, org.springframework.test.context.support.DirtiesContextTestExecutionListener@6892d403, org.springframework.test.context.event.EventPublishingTestExecutionListener@3fb42ec7, org.springframework.boot.test.mock.mockito.ResetMocksTestExecutionListener@1f7b1d6a, org.springframework.boot.test.autoconfigure.restdocs.RestDocsTestExecutionListener@32d8e58d, org.springframework.boot.test.autoconfigure.web.client.MockRestServiceServerResetTestExecutionListener@4c941d19, org.springframework.boot.test.autoconfigure.web.servlet.MockMvcPrintOnlyOnFailureTestExecutionListener@5248c05a, org.springframework.boot.test.autoconfigure.web.servlet.WebDriverTestExecutionListener@151f1734, org.springframework.boot.test.autoconfigure.webservices.client.MockWebServiceServerTestExecutionListener@601e7c97, org.spockframework.spring.SpringMockTestExecutionListener@c8ed958]
2024-05-17 15:25:42.309  INFO 26115 --- [WebServer 42201] okhttp3.mockwebserver.MockWebServer      : MockWebServer[42201] starting to accept connections
2024-05-17 15:25:42.313  INFO 26115 --- [127.0.0.1:36302] okhttp3.mockwebserver.MockWebServer      : MockWebServer[42201] received request: POST /api/v1/namespaces/defnamespace/configmaps HTTP/1.1 and responded: HTTP/1.1 200 OK
2024-05-17 15:25:42.318  INFO 26115 --- [127.0.0.1:36302] okhttp3.mockwebserver.MockWebServer      : MockWebServer[42201] received request: POST /api/v1/namespaces/s2/configmaps HTTP/1.1 and responded: HTTP/1.1 200 OK
2024-05-17 15:25:42.364  INFO 26115 --- [127.0.0.1:36302] okhttp3.mockwebserver.MockWebServer      : MockWebServer[42201] received request: POST /api/v1/namespaces/othernamespace/configmaps HTTP/1.1 and responded: HTTP/1.1 200 OK
2024-05-17 15:25:42.410  INFO 26115 --- [WebServer 34529] okhttp3.mockwebserver.MockWebServer      : MockWebServer[34529] starting to accept connections
2024-05-17 15:25:42.421  INFO 26115 --- [WebServer 34529] okhttp3.mockwebserver.MockWebServer      : MockWebServer[34529] done accepting connections: Socket closed
2024-05-17 15:25:42.425  INFO 26115 --- [           main] .b.t.c.SpringBootTestContextBootstrapper : Neither @ContextConfiguration nor @ContextHierarchy found for test class [org.springframework.cloud.kubernetes.fabric8.config.ConfigMapsWithoutProfilesTests], using SpringBootContextLoader
2024-05-17 15:25:42.426  INFO 26115 --- [           main] o.s.t.c.support.AbstractContextLoader    : Could not detect default resource locations for test class [org.springframework.cloud.kubernetes.fabric8.config.ConfigMapsWithoutProfilesTests]: no resource found for suffixes {-context.xml, Context.groovy}.
2024-05-17 15:25:42.428  INFO 26115 --- [           main] .b.t.c.SpringBootTestContextBootstrapper : Loaded default TestExecutionListener class names from location [META-INF/spring.factories]: [org.springframework.boot.test.mock.mockito.MockitoTestExecutionListener, org.springframework.boot.test.mock.mockito.ResetMocksTestExecutionListener, org.springframework.boot.test.autoconfigure.restdocs.RestDocsTestExecutionListener, org.springframework.boot.test.autoconfigure.web.client.MockRestServiceServerResetTestExecutionListener, org.springframework.boot.test.autoconfigure.web.servlet.MockMvcPrintOnlyOnFailureTestExecutionListener, org.springframework.boot.test.autoconfigure.web.servlet.WebDriverTestExecutionListener, org.springframework.boot.test.autoconfigure.webservices.client.MockWebServiceServerTestExecutionListener, org.springframework.test.context.web.ServletTestExecutionListener, org.springframework.test.context.support.DirtiesContextBeforeModesTestExecutionListener, org.springframework.test.context.event.ApplicationEventsTestExecutionListener, org.springframework.test.context.support.DependencyInjectionTestExecutionListener, org.springframework.test.context.support.DirtiesContextTestExecutionListener, org.springframework.test.context.transaction.TransactionalTestExecutionListener, org.springframework.test.context.jdbc.SqlScriptsTestExecutionListener, org.springframework.test.context.event.EventPublishingTestExecutionListener, org.spockframework.spring.SpringMockTestExecutionListener]
2024-05-17 15:25:42.429  INFO 26115 --- [           main] .b.t.c.SpringBootTestContextBootstrapper : Using TestExecutionListeners: [org.springframework.test.context.web.ServletTestExecutionListener@38213efa, org.springframework.test.context.support.DirtiesContextBeforeModesTestExecutionListener@73c1dda3, org.springframework.test.context.event.ApplicationEventsTestExecutionListener@c3c63c1, org.springframework.boot.test.mock.mockito.MockitoTestExecutionListener@5e75cf7a, org.springframework.boot.test.autoconfigure.SpringBootDependencyInjectionTestExecutionListener@6f12fca0, org.springframework.test.context.support.DirtiesContextTestExecutionListener@12c30824, org.springframework.test.context.event.EventPublishingTestExecutionListener@7d0e43d6, org.springframework.boot.test.mock.mockito.ResetMocksTestExecutionListener@df04d12, org.springframework.boot.test.autoconfigure.restdocs.RestDocsTestExecutionListener@757f47f0, org.springframework.boot.test.autoconfigure.web.client.MockRestServiceServerResetTestExecutionListener@7ff7e353, org.springframework.boot.test.autoconfigure.web.servlet.MockMvcPrintOnlyOnFailureTestExecutionListener@70680f88, org.springframework.boot.test.autoconfigure.web.servlet.WebDriverTestExecutionListener@7f7f544a, org.springframework.boot.test.autoconfigure.webservices.client.MockWebServiceServerTestExecutionListener@70b0dc92, org.spockframework.spring.SpringMockTestExecutionListener@309d54ac]
2024-05-17 15:25:42.431  INFO 26115 --- [WebServer 48457] okhttp3.mockwebserver.MockWebServer      : MockWebServer[48457] starting to accept connections
2024-05-17 15:25:42.435  INFO 26115 --- [127.0.0.1:39064] okhttp3.mockwebserver.MockWebServer      : MockWebServer[48457] received request: POST /api/v1/namespaces/test/configmaps HTTP/1.1 and responded: HTTP/1.1 200 OK
2024-05-17 15:25:42.476  WARN 26115 --- [           main] ubernetesProfileEnvironmentPostProcessor : Not running inside kubernetes. Skipping 'kubernetes' profile activation.

  .   ____          _            __ _ _
 /\\ / ___'_ __ _ _(_)_ __  __ _ \ \ \ \
( ( )\___ | '_ | '_| | '_ \/ _` | \ \ \ \
 \\/  ___)| |_)| | | | | || (_| |  ) ) ) )
  '  |____| .__|_| |_|_| |_\__, | / / / /
 =========|_|==============|___/=/_/_/_/
 :: Spring Boot ::                (v2.6.3)

2024-05-17 15:25:42.590  INFO 26115 --- [           main] s.c.k.f.c.Fabric8ConfigMapPropertySource : Loading ConfigMap with name 'configmap-without-profile-example' in namespace 'test'
2024-05-17 15:25:42.593  INFO 26115 --- [127.0.0.1:39078] okhttp3.mockwebserver.MockWebServer      : MockWebServer[48457] received request: GET /api/v1/namespaces/test/configmaps/configmap-without-profile-example HTTP/1.1 and responded: HTTP/1.1 200 OK
2024-05-17 15:25:42.598  INFO 26115 --- [127.0.0.1:39078] okhttp3.mockwebserver.MockWebServer      : MockWebServer[48457] received request: GET /api/v1/namespaces/test/configmaps/configmap-without-profile-example-development HTTP/1.1 and responded: HTTP/1.1 404 Client Error
2024-05-17 15:25:42.598  INFO 26115 --- [           main] o.s.c.k.f.config.Fabric8ConfigUtils      : config-map with name : 'configmap-without-profile-example-development' not present in namespace : 'test'
2024-05-17 15:25:42.598  INFO 26115 --- [           main] b.c.PropertySourceBootstrapConfiguration : Located property source: [BootstrapPropertySource {name='bootstrapProperties-configmap.configmap-without-profile-example.test'}]
2024-05-17 15:25:42.603  WARN 26115 --- [           main] ubernetesProfileEnvironmentPostProcessor : Not running inside kubernetes. Skipping 'kubernetes' profile activation.
2024-05-17 15:25:42.604  INFO 26115 --- [           main] s.c.k.f.c.ConfigMapsWithoutProfilesTests : The following profiles are active: development
2024-05-17 15:25:42.919  INFO 26115 --- [           main] o.s.cloud.context.scope.GenericScope     : BeanFactory id=affffd22-e438-321b-a0d0-967c2140a2e8
2024-05-17 15:25:43.078  INFO 26115 --- [           main] o.s.b.w.embedded.tomcat.TomcatWebServer  : Tomcat initialized with port(s): 0 (http)
2024-05-17 15:25:43.079  INFO 26115 --- [           main] o.apache.catalina.core.StandardService   : Starting service [Tomcat]
2024-05-17 15:25:43.079  INFO 26115 --- [           main] org.apache.catalina.core.StandardEngine  : Starting Servlet engine: [Apache Tomcat/9.0.56]
2024-05-17 15:25:43.095  INFO 26115 --- [           main] o.a.c.c.C.[Tomcat-3].[localhost].[/]     : Initializing Spring embedded WebApplicationContext
2024-05-17 15:25:43.095  INFO 26115 --- [           main] w.s.c.ServletWebServerApplicationContext : Root WebApplicationContext: initialization completed in 489 ms
2024-05-17 15:25:43.884  INFO 26115 --- [           main] o.s.b.a.e.web.EndpointLinksResolver      : Exposing 1 endpoint(s) beneath base path '/actuator'
2024-05-17 15:25:43.934  INFO 26115 --- [           main] o.s.b.w.embedded.tomcat.TomcatWebServer  : Tomcat started on port(s): 36047 (http) with context path ''
2024-05-17 15:25:43.941  INFO 26115 --- [           main] s.c.k.f.c.ConfigMapsWithoutProfilesTests : Started ConfigMapsWithoutProfilesTests in 1.504 seconds (JVM running for 14.541)
2024-05-17 15:25:43.954  INFO 26115 --- [WebServer 37957] okhttp3.mockwebserver.MockWebServer      : MockWebServer[37957] starting to accept connections
2024-05-17 15:25:43.961  INFO 26115 --- [o-auto-4-exec-1] o.a.c.c.C.[Tomcat-3].[localhost].[/]     : Initializing Spring DispatcherServlet 'dispatcherServlet'
2024-05-17 15:25:43.961  INFO 26115 --- [o-auto-4-exec-1] o.s.web.servlet.DispatcherServlet        : Initializing Servlet 'dispatcherServlet'
2024-05-17 15:25:43.962  INFO 26115 --- [o-auto-4-exec-1] o.s.web.servlet.DispatcherServlet        : Completed initialization in 1 ms
2024-05-17 15:25:43.971  INFO 26115 --- [WebServer 37957] okhttp3.mockwebserver.MockWebServer      : MockWebServer[37957] done accepting connections: Socket closed
2024-05-17 15:25:43.977  INFO 26115 --- [           main] .b.t.c.SpringBootTestContextBootstrapper : Neither @ContextConfiguration nor @ContextHierarchy found for test class [org.springframework.cloud.kubernetes.fabric8.config.ConfigMapsWithProfilesNoActiveProfileTests], using SpringBootContextLoader
2024-05-17 15:25:43.978  INFO 26115 --- [           main] o.s.t.c.support.AbstractContextLoader    : Could not detect default resource locations for test class [org.springframework.cloud.kubernetes.fabric8.config.ConfigMapsWithProfilesNoActiveProfileTests]: no resource found for suffixes {-context.xml, Context.groovy}.
2024-05-17 15:25:43.980  INFO 26115 --- [           main] .b.t.c.SpringBootTestContextBootstrapper : Loaded default TestExecutionListener class names from location [META-INF/spring.factories]: [org.springframework.boot.test.mock.mockito.MockitoTestExecutionListener, org.springframework.boot.test.mock.mockito.ResetMocksTestExecutionListener, org.springframework.boot.test.autoconfigure.restdocs.RestDocsTestExecutionListener, org.springframework.boot.test.autoconfigure.web.client.MockRestServiceServerResetTestExecutionListener, org.springframework.boot.test.autoconfigure.web.servlet.MockMvcPrintOnlyOnFailureTestExecutionListener, org.springframework.boot.test.autoconfigure.web.servlet.WebDriverTestExecutionListener, org.springframework.boot.test.autoconfigure.webservices.client.MockWebServiceServerTestExecutionListener, org.springframework.test.context.web.ServletTestExecutionListener, org.springframework.test.context.support.DirtiesContextBeforeModesTestExecutionListener, org.springframework.test.context.event.ApplicationEventsTestExecutionListener, org.springframework.test.context.support.DependencyInjectionTestExecutionListener, org.springframework.test.context.support.DirtiesContextTestExecutionListener, org.springframework.test.context.transaction.TransactionalTestExecutionListener, org.springframework.test.context.jdbc.SqlScriptsTestExecutionListener, org.springframework.test.context.event.EventPublishingTestExecutionListener, org.spockframework.spring.SpringMockTestExecutionListener]
2024-05-17 15:25:43.981  INFO 26115 --- [           main] .b.t.c.SpringBootTestContextBootstrapper : Using TestExecutionListeners: [org.springframework.test.context.web.ServletTestExecutionListener@61c11339, org.springframework.test.context.support.DirtiesContextBeforeModesTestExecutionListener@31ecd003, org.springframework.test.context.event.ApplicationEventsTestExecutionListener@5d3d5242, org.springframework.boot.test.mock.mockito.MockitoTestExecutionListener@1a5c0b8, org.springframework.boot.test.autoconfigure.SpringBootDependencyInjectionTestExecutionListener@6894436e, org.springframework.test.context.support.DirtiesContextTestExecutionListener@3f2feab7, org.springframework.test.context.event.EventPublishingTestExecutionListener@8b71052, org.springframework.boot.test.mock.mockito.ResetMocksTestExecutionListener@2738a1fc, org.springframework.boot.test.autoconfigure.restdocs.RestDocsTestExecutionListener@6d7d0946, org.springframework.boot.test.autoconfigure.web.client.MockRestServiceServerResetTestExecutionListener@2dc72c0c, org.springframework.boot.test.autoconfigure.web.servlet.MockMvcPrintOnlyOnFailureTestExecutionListener@1dc28c66, org.springframework.boot.test.autoconfigure.web.servlet.WebDriverTestExecutionListener@7f97e963, org.springframework.boot.test.autoconfigure.webservices.client.MockWebServiceServerTestExecutionListener@7a25f8ee, org.spockframework.spring.SpringMockTestExecutionListener@6e161cea]
2024-05-17 15:25:43.983  INFO 26115 --- [WebServer 50239] okhttp3.mockwebserver.MockWebServer      : MockWebServer[50239] starting to accept connections
2024-05-17 15:25:43.988  INFO 26115 --- [127.0.0.1:38122] okhttp3.mockwebserver.MockWebServer      : MockWebServer[50239] received request: POST /api/v1/namespaces/test/configmaps HTTP/1.1 and responded: HTTP/1.1 200 OK
2024-05-17 15:25:44.026  WARN 26115 --- [           main] ubernetesProfileEnvironmentPostProcessor : Not running inside kubernetes. Skipping 'kubernetes' profile activation.

  .   ____          _            __ _ _
 /\\ / ___'_ __ _ _(_)_ __  __ _ \ \ \ \
( ( )\___ | '_ | '_| | '_ \/ _` | \ \ \ \
 \\/  ___)| |_)| | | | | || (_| |  ) ) ) )
  '  |____| .__|_| |_|_| |_\__, | / / / /
 =========|_|==============|___/=/_/_/_/
 :: Spring Boot ::                (v2.6.3)

2024-05-17 15:25:44.098  INFO 26115 --- [           main] s.c.k.f.c.Fabric8ConfigMapPropertySource : Loading ConfigMap with name 'configmap-with-profile-no-active-profiles-example' in namespace 'test'
2024-05-17 15:25:44.102  INFO 26115 --- [127.0.0.1:38128] okhttp3.mockwebserver.MockWebServer      : MockWebServer[50239] received request: GET /api/v1/namespaces/test/configmaps/configmap-with-profile-no-active-profiles-example HTTP/1.1 and responded: HTTP/1.1 200 OK
2024-05-17 15:25:44.106  INFO 26115 --- [           main] b.c.PropertySourceBootstrapConfiguration : Located property source: [BootstrapPropertySource {name='bootstrapProperties-configmap.configmap-with-profile-no-active-profiles-example.test'}]
2024-05-17 15:25:44.110  WARN 26115 --- [           main] ubernetesProfileEnvironmentPostProcessor : Not running inside kubernetes. Skipping 'kubernetes' profile activation.
2024-05-17 15:25:44.110  INFO 26115 --- [           main] nfigMapsWithProfilesNoActiveProfileTests : No active profile set, falling back to default profiles: default
2024-05-17 15:25:44.352  INFO 26115 --- [           main] o.s.cloud.context.scope.GenericScope     : BeanFactory id=affffd22-e438-321b-a0d0-967c2140a2e8
2024-05-17 15:25:44.461  INFO 26115 --- [           main] o.s.b.w.embedded.tomcat.TomcatWebServer  : Tomcat initialized with port(s): 0 (http)
2024-05-17 15:25:44.462  INFO 26115 --- [           main] o.apache.catalina.core.StandardService   : Starting service [Tomcat]
2024-05-17 15:25:44.462  INFO 26115 --- [           main] org.apache.catalina.core.StandardEngine  : Starting Servlet engine: [Apache Tomcat/9.0.56]
2024-05-17 15:25:44.472  INFO 26115 --- [           main] o.a.c.c.C.[Tomcat-4].[localhost].[/]     : Initializing Spring embedded WebApplicationContext
2024-05-17 15:25:44.473  INFO 26115 --- [           main] w.s.c.ServletWebServerApplicationContext : Root WebApplicationContext: initialization completed in 362 ms
2024-05-17 15:25:45.149  INFO 26115 --- [           main] o.s.b.a.e.web.EndpointLinksResolver      : Exposing 1 endpoint(s) beneath base path '/actuator'
2024-05-17 15:25:45.199  INFO 26115 --- [           main] o.s.b.w.embedded.tomcat.TomcatWebServer  : Tomcat started on port(s): 46121 (http) with context path ''
2024-05-17 15:25:45.205  INFO 26115 --- [           main] nfigMapsWithProfilesNoActiveProfileTests : Started ConfigMapsWithProfilesNoActiveProfileTests in 1.215 seconds (JVM running for 15.805)
2024-05-17 15:25:45.218  INFO 26115 --- [WebServer 46587] okhttp3.mockwebserver.MockWebServer      : MockWebServer[46587] starting to accept connections
2024-05-17 15:25:45.226  INFO 26115 --- [o-auto-5-exec-1] o.a.c.c.C.[Tomcat-4].[localhost].[/]     : Initializing Spring DispatcherServlet 'dispatcherServlet'
2024-05-17 15:25:45.226  INFO 26115 --- [o-auto-5-exec-1] o.s.web.servlet.DispatcherServlet        : Initializing Servlet 'dispatcherServlet'
2024-05-17 15:25:45.227  INFO 26115 --- [o-auto-5-exec-1] o.s.web.servlet.DispatcherServlet        : Completed initialization in 1 ms
2024-05-17 15:25:45.235  INFO 26115 --- [WebServer 46587] okhttp3.mockwebserver.MockWebServer      : MockWebServer[46587] done accepting connections: Socket closed
2024-05-17 15:25:45.239  INFO 26115 --- [           main] .b.t.c.SpringBootTestContextBootstrapper : Neither @ContextConfiguration nor @ContextHierarchy found for test class [org.springframework.cloud.kubernetes.fabric8.config.Fabric8BootstrapConfigurationTests$KubernetesEnabledOnPurpose], using SpringBootContextLoader
2024-05-17 15:25:45.240  INFO 26115 --- [           main] o.s.t.c.support.AbstractContextLoader    : Could not detect default resource locations for test class [org.springframework.cloud.kubernetes.fabric8.config.Fabric8BootstrapConfigurationTests$KubernetesEnabledOnPurpose]: no resource found for suffixes {-context.xml, Context.groovy}.
2024-05-17 15:25:45.242  INFO 26115 --- [           main] .b.t.c.SpringBootTestContextBootstrapper : Loaded default TestExecutionListener class names from location [META-INF/spring.factories]: [org.springframework.boot.test.mock.mockito.MockitoTestExecutionListener, org.springframework.boot.test.mock.mockito.ResetMocksTestExecutionListener, org.springframework.boot.test.autoconfigure.restdocs.RestDocsTestExecutionListener, org.springframework.boot.test.autoconfigure.web.client.MockRestServiceServerResetTestExecutionListener, org.springframework.boot.test.autoconfigure.web.servlet.MockMvcPrintOnlyOnFailureTestExecutionListener, org.springframework.boot.test.autoconfigure.web.servlet.WebDriverTestExecutionListener, org.springframework.boot.test.autoconfigure.webservices.client.MockWebServiceServerTestExecutionListener, org.springframework.test.context.web.ServletTestExecutionListener, org.springframework.test.context.support.DirtiesContextBeforeModesTestExecutionListener, org.springframework.test.context.event.ApplicationEventsTestExecutionListener, org.springframework.test.context.support.DependencyInjectionTestExecutionListener, org.springframework.test.context.support.DirtiesContextTestExecutionListener, org.springframework.test.context.transaction.TransactionalTestExecutionListener, org.springframework.test.context.jdbc.SqlScriptsTestExecutionListener, org.springframework.test.context.event.EventPublishingTestExecutionListener, org.spockframework.spring.SpringMockTestExecutionListener]
2024-05-17 15:25:45.243  INFO 26115 --- [           main] .b.t.c.SpringBootTestContextBootstrapper : Using TestExecutionListeners: [org.springframework.test.context.web.ServletTestExecutionListener@500beb9f, org.springframework.test.context.support.DirtiesContextBeforeModesTestExecutionListener@67e37d25, org.springframework.test.context.event.ApplicationEventsTestExecutionListener@78d49939, org.springframework.boot.test.mock.mockito.MockitoTestExecutionListener@21f27bb5, org.springframework.boot.test.autoconfigure.SpringBootDependencyInjectionTestExecutionListener@2e2a2b07, org.springframework.test.context.support.DirtiesContextTestExecutionListener@52dc71b2, org.springframework.test.context.event.EventPublishingTestExecutionListener@e1d2781, org.springframework.boot.test.mock.mockito.ResetMocksTestExecutionListener@3c00da24, org.springframework.boot.test.autoconfigure.restdocs.RestDocsTestExecutionListener@430dbcb0, org.springframework.boot.test.autoconfigure.web.client.MockRestServiceServerResetTestExecutionListener@726d0482, org.springframework.boot.test.autoconfigure.web.servlet.MockMvcPrintOnlyOnFailureTestExecutionListener@15ab0461, org.springframework.boot.test.autoconfigure.web.servlet.WebDriverTestExecutionListener@2f403d0a, org.springframework.boot.test.autoconfigure.webservices.client.MockWebServiceServerTestExecutionListener@186fc6e, org.spockframework.spring.SpringMockTestExecutionListener@1bd5b1c8]
2024-05-17 15:25:45.283  WARN 26115 --- [           main] ubernetesProfileEnvironmentPostProcessor : Not running inside kubernetes. Skipping 'kubernetes' profile activation.

  .   ____          _            __ _ _
 /\\ / ___'_ __ _ _(_)_ __  __ _ \ \ \ \
( ( )\___ | '_ | '_| | '_ \/ _` | \ \ \ \
 \\/  ___)| |_)| | | | | || (_| |  ) ) ) )
  '  |____| .__|_| |_|_| |_\__, | / / / /
 =========|_|==============|___/=/_/_/_/
 :: Spring Boot ::                (v2.6.3)

2024-05-17 15:25:45.362  INFO 26115 --- [           main] s.c.k.f.c.Fabric8ConfigMapPropertySource : Loading ConfigMap with name 'application' in namespace 'default'
2024-05-17 15:25:45.364  INFO 26115 --- [127.0.0.1:38142] okhttp3.mockwebserver.MockWebServer      : MockWebServer[50239] received request: GET /api/v1/namespaces/default/configmaps/application HTTP/1.1 and responded: HTTP/1.1 404 Client Error
2024-05-17 15:25:45.367  INFO 26115 --- [           main] o.s.c.k.f.config.Fabric8ConfigUtils      : config-map with name : 'application' not present in namespace : 'default'
2024-05-17 15:25:45.367  INFO 26115 --- [           main] b.c.PropertySourceBootstrapConfiguration : Located property source: [BootstrapPropertySource {name='bootstrapProperties-configmap.application.default'}]
2024-05-17 15:25:45.371  WARN 26115 --- [           main] ubernetesProfileEnvironmentPostProcessor : Not running inside kubernetes. Skipping 'kubernetes' profile activation.
2024-05-17 15:25:45.371  INFO 26115 --- [           main] gurationTests$KubernetesEnabledOnPurpose : No active profile set, falling back to default profiles: default
2024-05-17 15:25:45.819  INFO 26115 --- [           main] o.s.cloud.context.scope.GenericScope     : BeanFactory id=55b4a3e9-9f94-32f4-ad68-c7f5dce8195c
2024-05-17 15:25:45.927  INFO 26115 --- [           main] o.s.b.w.embedded.tomcat.TomcatWebServer  : Tomcat initialized with port(s): 0 (http)
2024-05-17 15:25:45.928  INFO 26115 --- [           main] o.apache.catalina.core.StandardService   : Starting service [Tomcat]
2024-05-17 15:25:45.928  INFO 26115 --- [           main] org.apache.catalina.core.StandardEngine  : Starting Servlet engine: [Apache Tomcat/9.0.56]
2024-05-17 15:25:45.938  INFO 26115 --- [           main] o.a.c.c.C.[Tomcat-5].[localhost].[/]     : Initializing Spring embedded WebApplicationContext
2024-05-17 15:25:45.938  INFO 26115 --- [           main] w.s.c.ServletWebServerApplicationContext : Root WebApplicationContext: initialization completed in 565 ms
2024-05-17 15:25:46.606  INFO 26115 --- [           main] o.s.b.a.e.web.EndpointLinksResolver      : Exposing 1 endpoint(s) beneath base path '/actuator'
2024-05-17 15:25:46.651  INFO 26115 --- [           main] o.s.b.w.embedded.tomcat.TomcatWebServer  : Tomcat started on port(s): 45759 (http) with context path ''
2024-05-17 15:25:46.660  INFO 26115 --- [           main] gurationTests$KubernetesEnabledOnPurpose : Started Fabric8BootstrapConfigurationTests.KubernetesEnabledOnPurpose in 1.415 seconds (JVM running for 17.26)
2024-05-17 15:25:46.678  INFO 26115 --- [WebServer 43165] okhttp3.mockwebserver.MockWebServer      : MockWebServer[43165] starting to accept connections
2024-05-17 15:25:46.681  INFO 26115 --- [WebServer 47145] okhttp3.mockwebserver.MockWebServer      : MockWebServer[47145] starting to accept connections
2024-05-17 15:25:46.681  INFO 26115 --- [WebServer 47145] okhttp3.mockwebserver.MockWebServer      : MockWebServer[47145] done accepting connections: Socket closed
2024-05-17 15:25:46.687  INFO 26115 --- [           main] .b.t.c.SpringBootTestContextBootstrapper : Neither @ContextConfiguration nor @ContextHierarchy found for test class [org.springframework.cloud.kubernetes.fabric8.config.Fabric8SecretsPropertySourceTest], using SpringBootContextLoader
2024-05-17 15:25:46.689  INFO 26115 --- [           main] o.s.t.c.support.AbstractContextLoader    : Could not detect default resource locations for test class [org.springframework.cloud.kubernetes.fabric8.config.Fabric8SecretsPropertySourceTest]: no resource found for suffixes {-context.xml, Context.groovy}.
2024-05-17 15:25:46.692  INFO 26115 --- [           main] .b.t.c.SpringBootTestContextBootstrapper : Loaded default TestExecutionListener class names from location [META-INF/spring.factories]: [org.springframework.boot.test.mock.mockito.MockitoTestExecutionListener, org.springframework.boot.test.mock.mockito.ResetMocksTestExecutionListener, org.springframework.boot.test.autoconfigure.restdocs.RestDocsTestExecutionListener, org.springframework.boot.test.autoconfigure.web.client.MockRestServiceServerResetTestExecutionListener, org.springframework.boot.test.autoconfigure.web.servlet.MockMvcPrintOnlyOnFailureTestExecutionListener, org.springframework.boot.test.autoconfigure.web.servlet.WebDriverTestExecutionListener, org.springframework.boot.test.autoconfigure.webservices.client.MockWebServiceServerTestExecutionListener, org.springframework.test.context.web.ServletTestExecutionListener, org.springframework.test.context.support.DirtiesContextBeforeModesTestExecutionListener, org.springframework.test.context.event.ApplicationEventsTestExecutionListener, org.springframework.test.context.support.DependencyInjectionTestExecutionListener, org.springframework.test.context.support.DirtiesContextTestExecutionListener, org.springframework.test.context.transaction.TransactionalTestExecutionListener, org.springframework.test.context.jdbc.SqlScriptsTestExecutionListener, org.springframework.test.context.event.EventPublishingTestExecutionListener, org.spockframework.spring.SpringMockTestExecutionListener]
2024-05-17 15:25:46.693  INFO 26115 --- [           main] .b.t.c.SpringBootTestContextBootstrapper : Using TestExecutionListeners: [org.springframework.test.context.web.ServletTestExecutionListener@64547a83, org.springframework.test.context.support.DirtiesContextBeforeModesTestExecutionListener@2b3e2039, org.springframework.test.context.event.ApplicationEventsTestExecutionListener@487f025, org.springframework.boot.test.mock.mockito.MockitoTestExecutionListener@7ef570be, org.springframework.boot.test.autoconfigure.SpringBootDependencyInjectionTestExecutionListener@39329d81, org.springframework.test.context.support.DirtiesContextTestExecutionListener@63574d76, org.springframework.test.context.event.EventPublishingTestExecutionListener@586a9fe1, org.springframework.boot.test.mock.mockito.ResetMocksTestExecutionListener@dcf64d2, org.springframework.boot.test.autoconfigure.restdocs.RestDocsTestExecutionListener@20bc3e7f, org.springframework.boot.test.autoconfigure.web.client.MockRestServiceServerResetTestExecutionListener@7959fbe3, org.springframework.boot.test.autoconfigure.web.servlet.MockMvcPrintOnlyOnFailureTestExecutionListener@75c0e6be, org.springframework.boot.test.autoconfigure.web.servlet.WebDriverTestExecutionListener@3dfe520, org.springframework.boot.test.autoconfigure.webservices.client.MockWebServiceServerTestExecutionListener@42516ce2, org.spockframework.spring.SpringMockTestExecutionListener@74e111a8]
2024-05-17 15:25:46.695  INFO 26115 --- [WebServer 47193] okhttp3.mockwebserver.MockWebServer      : MockWebServer[47193] starting to accept connections
2024-05-17 15:25:46.709  INFO 26115 --- [127.0.0.1:33340] okhttp3.mockwebserver.MockWebServer      : MockWebServer[47193] received request: POST /api/v1/namespaces/test/secrets HTTP/1.1 and responded: HTTP/1.1 200 OK
2024-05-17 15:25:46.761  WARN 26115 --- [           main] ubernetesProfileEnvironmentPostProcessor : Not running inside kubernetes. Skipping 'kubernetes' profile activation.

  .   ____          _            __ _ _
 /\\ / ___'_ __ _ _(_)_ __  __ _ \ \ \ \
( ( )\___ | '_ | '_| | '_ \/ _` | \ \ \ \
 \\/  ___)| |_)| | | | | || (_| |  ) ) ) )
  '  |____| .__|_| |_|_| |_\__, | / / / /
 =========|_|==============|___/=/_/_/_/
 :: Spring Boot ::                (v2.6.3)

2024-05-17 15:25:46.835  INFO 26115 --- [           main] s.c.k.f.c.Fabric8ConfigMapPropertySource : Loading ConfigMap with name 'configmap-example' in namespace 'test'
2024-05-17 15:25:46.838  INFO 26115 --- [127.0.0.1:33350] okhttp3.mockwebserver.MockWebServer      : MockWebServer[47193] received request: GET /api/v1/namespaces/test/configmaps/configmap-example HTTP/1.1 and responded: HTTP/1.1 404 Client Error
2024-05-17 15:25:46.839  INFO 26115 --- [           main] o.s.c.k.f.config.Fabric8ConfigUtils      : config-map with name : 'configmap-example' not present in namespace : 'test'
2024-05-17 15:25:46.840  INFO 26115 --- [           main] b.c.PropertySourceBootstrapConfiguration : Located property source: [BootstrapPropertySource {name='bootstrapProperties-configmap.configmap-example.test'}]
2024-05-17 15:25:46.841  INFO 26115 --- [           main] o.s.c.k.f.c.Fabric8SecretsPropertySource : Loading Secret with name 'configmap-example' or with labels [{foo=bar}] in namespace 'test'
2024-05-17 15:25:46.842  INFO 26115 --- [127.0.0.1:33350] okhttp3.mockwebserver.MockWebServer      : MockWebServer[47193] received request: GET /api/v1/namespaces/test/secrets/configmap-example HTTP/1.1 and responded: HTTP/1.1 404 Client Error
2024-05-17 15:25:46.842  WARN 26115 --- [           main] o.s.c.k.f.c.Fabric8SecretsPropertySource : secret with name : configmap-example in namespace : test not found
2024-05-17 15:25:46.846  INFO 26115 --- [127.0.0.1:33350] okhttp3.mockwebserver.MockWebServer      : MockWebServer[47193] received request: GET /api/v1/namespaces/test/secrets?labelSelector=foo%3Dbar HTTP/1.1 and responded: HTTP/1.1 200 OK
2024-05-17 15:25:46.890 DEBUG 26115 --- [           main] o.s.c.k.f.c.Fabric8SecretsPropertySource : reading secret with name : test-secret in namespace : test
2024-05-17 15:25:46.891  INFO 26115 --- [           main] b.c.PropertySourceBootstrapConfiguration : Located property source: [BootstrapPropertySource {name='bootstrapProperties-secrets.configmap-example.test'}]
2024-05-17 15:25:46.914  WARN 26115 --- [           main] ubernetesProfileEnvironmentPostProcessor : Not running inside kubernetes. Skipping 'kubernetes' profile activation.
2024-05-17 15:25:46.915  INFO 26115 --- [           main] c.k.f.c.Fabric8SecretsPropertySourceTest : No active profile set, falling back to default profiles: default
2024-05-17 15:25:47.110  INFO 26115 --- [           main] o.s.cloud.context.scope.GenericScope     : BeanFactory id=e369cf40-d234-36e2-a4dc-38329760186f
2024-05-17 15:25:47.235  INFO 26115 --- [           main] o.s.b.w.embedded.tomcat.TomcatWebServer  : Tomcat initialized with port(s): 0 (http)
2024-05-17 15:25:47.235  INFO 26115 --- [           main] o.apache.catalina.core.StandardService   : Starting service [Tomcat]
2024-05-17 15:25:47.236  INFO 26115 --- [           main] org.apache.catalina.core.StandardEngine  : Starting Servlet engine: [Apache Tomcat/9.0.56]
2024-05-17 15:25:47.247  INFO 26115 --- [           main] o.a.c.c.C.[Tomcat-6].[localhost].[/]     : Initializing Spring embedded WebApplicationContext
2024-05-17 15:25:47.247  INFO 26115 --- [           main] w.s.c.ServletWebServerApplicationContext : Root WebApplicationContext: initialization completed in 331 ms
2024-05-17 15:25:47.814  INFO 26115 --- [           main] o.s.b.a.e.web.EndpointLinksResolver      : Exposing 1 endpoint(s) beneath base path '/actuator'
2024-05-17 15:25:47.860  INFO 26115 --- [           main] o.s.b.w.embedded.tomcat.TomcatWebServer  : Tomcat started on port(s): 37829 (http) with context path ''
2024-05-17 15:25:47.865  INFO 26115 --- [           main] c.k.f.c.Fabric8SecretsPropertySourceTest : Started Fabric8SecretsPropertySourceTest in 1.155 seconds (JVM running for 18.466)
2024-05-17 15:25:47.872  INFO 26115 --- [WebServer 57089] okhttp3.mockwebserver.MockWebServer      : MockWebServer[57089] starting to accept connections
2024-05-17 15:25:47.876  INFO 26115 --- [           main] o.s.c.k.f.c.Fabric8SecretsPropertySource : Loading Secret with name 'configmap-example' or with labels [{foo=bar}] in namespace 'test'
2024-05-17 15:25:47.877  INFO 26115 --- [127.0.0.1:33350] okhttp3.mockwebserver.MockWebServer      : MockWebServer[47193] received request: GET /api/v1/namespaces/test/secrets/configmap-example HTTP/1.1 and responded: HTTP/1.1 404 Client Error
2024-05-17 15:25:47.877  WARN 26115 --- [           main] o.s.c.k.f.c.Fabric8SecretsPropertySource : secret with name : configmap-example in namespace : test not found
2024-05-17 15:25:47.878  INFO 26115 --- [127.0.0.1:33350] okhttp3.mockwebserver.MockWebServer      : MockWebServer[47193] received request: GET /api/v1/namespaces/test/secrets?labelSelector=foo%3Dbar HTTP/1.1 and responded: HTTP/1.1 200 OK
2024-05-17 15:25:47.919 DEBUG 26115 --- [           main] o.s.c.k.f.c.Fabric8SecretsPropertySource : reading secret with name : test-secret in namespace : test
2024-05-17 15:25:47.923  INFO 26115 --- [WebServer 57089] okhttp3.mockwebserver.MockWebServer      : MockWebServer[57089] done accepting connections: Socket closed
2024-05-17 15:25:47.927  INFO 26115 --- [WebServer 53179] okhttp3.mockwebserver.MockWebServer      : MockWebServer[53179] starting to accept connections
2024-05-17 15:25:47.929  INFO 26115 --- [WebServer 56785] okhttp3.mockwebserver.MockWebServer      : MockWebServer[56785] starting to accept connections
2024-05-17 15:25:47.964  WARN 26115 --- [           main] ubernetesProfileEnvironmentPostProcessor : Not running inside kubernetes. Skipping 'kubernetes' profile activation.

  .   ____          _            __ _ _
 /\\ / ___'_ __ _ _(_)_ __  __ _ \ \ \ \
( ( )\___ | '_ | '_| | '_ \/ _` | \ \ \ \
 \\/  ___)| |_)| | | | | || (_| |  ) ) ) )
  '  |____| .__|_| |_|_| |_\__, | / / / /
 =========|_|==============|___/=/_/_/_/
 :: Spring Boot ::                (v2.6.3)

2024-05-17 15:25:48.035  WARN 26115 --- [           main] ubernetesProfileEnvironmentPostProcessor : Not running inside kubernetes. Skipping 'kubernetes' profile activation.
2024-05-17 15:25:48.036  INFO 26115 --- [           main] e.i.cs.testrunner.execution.Executor$    : No active profile set, falling back to default profiles: default
2024-05-17 15:25:48.047  INFO 26115 --- [           main] o.s.cloud.context.scope.GenericScope     : BeanFactory id=5adb76a5-ffff-3c5f-a60f-7f84faf1ce0f
2024-05-17 15:25:48.051  INFO 26115 --- [           main] e.i.cs.testrunner.execution.Executor$    : Started Executor. in 0.121 seconds (JVM running for 18.651)
2024-05-17 15:25:48.052  INFO 26115 --- [WebServer 56785] okhttp3.mockwebserver.MockWebServer      : MockWebServer[56785] done accepting connections: Socket closed
2024-05-17 15:25:48.058  INFO 26115 --- [WebServer 42519] okhttp3.mockwebserver.MockWebServer      : MockWebServer[42519] starting to accept connections
2024-05-17 15:25:48.059  INFO 26115 --- [WebServer 45807] okhttp3.mockwebserver.MockWebServer      : MockWebServer[45807] starting to accept connections
2024-05-17 15:25:48.093  WARN 26115 --- [           main] ubernetesProfileEnvironmentPostProcessor : Not running inside kubernetes. Skipping 'kubernetes' profile activation.

  .   ____          _            __ _ _
 /\\ / ___'_ __ _ _(_)_ __  __ _ \ \ \ \
( ( )\___ | '_ | '_| | '_ \/ _` | \ \ \ \
 \\/  ___)| |_)| | | | | || (_| |  ) ) ) )
  '  |____| .__|_| |_|_| |_\__, | / / / /
 =========|_|==============|___/=/_/_/_/
 :: Spring Boot ::                (v2.6.3)

2024-05-17 15:25:48.159  INFO 26115 --- [           main] s.c.k.f.c.Fabric8ConfigMapPropertySource : Loading ConfigMap with name 'application' in namespace 'default'
2024-05-17 15:25:48.162  INFO 26115 --- [127.0.0.1:33362] okhttp3.mockwebserver.MockWebServer      : MockWebServer[47193] received request: GET /api/v1/namespaces/default/configmaps/application HTTP/1.1 and responded: HTTP/1.1 404 Client Error
2024-05-17 15:25:48.163  INFO 26115 --- [           main] o.s.c.k.f.config.Fabric8ConfigUtils      : config-map with name : 'application' not present in namespace : 'default'
2024-05-17 15:25:48.165  INFO 26115 --- [           main] b.c.PropertySourceBootstrapConfiguration : Located property source: [BootstrapPropertySource {name='bootstrapProperties-configmap.application.default'}]
2024-05-17 15:25:48.167  WARN 26115 --- [           main] ubernetesProfileEnvironmentPostProcessor : Not running inside kubernetes. Skipping 'kubernetes' profile activation.
2024-05-17 15:25:48.168  INFO 26115 --- [           main] e.i.cs.testrunner.execution.Executor$    : No active profile set, falling back to default profiles: default
2024-05-17 15:25:48.181  INFO 26115 --- [           main] o.s.cloud.context.scope.GenericScope     : BeanFactory id=9e8f334d-ea3e-3bac-a635-d33d7314ddc7
2024-05-17 15:25:48.185  INFO 26115 --- [           main] e.i.cs.testrunner.execution.Executor$    : Started Executor. in 0.125 seconds (JVM running for 18.785)
2024-05-17 15:25:48.187  INFO 26115 --- [WebServer 45807] okhttp3.mockwebserver.MockWebServer      : MockWebServer[45807] done accepting connections: Socket closed
2024-05-17 15:25:48.191  INFO 26115 --- [WebServer 34881] okhttp3.mockwebserver.MockWebServer      : MockWebServer[34881] starting to accept connections
2024-05-17 15:25:48.193  INFO 26115 --- [WebServer 59765] okhttp3.mockwebserver.MockWebServer      : MockWebServer[59765] starting to accept connections
2024-05-17 15:25:48.197  INFO 26115 --- [127.0.0.1:60756] okhttp3.mockwebserver.MockWebServer      : MockWebServer[34881] received request: POST /api/v1/namespaces/ns2/configmaps HTTP/1.1 and responded: HTTP/1.1 200 OK
2024-05-17 15:25:48.198  INFO 26115 --- [127.0.0.1:60756] okhttp3.mockwebserver.MockWebServer      : MockWebServer[34881] received request: GET /api/v1/namespaces/ns2/configmaps HTTP/1.1 and responded: HTTP/1.1 200 OK
2024-05-17 15:25:48.246  INFO 26115 --- [WebServer 59765] okhttp3.mockwebserver.MockWebServer      : MockWebServer[59765] done accepting connections: Socket closed
2024-05-17 15:25:48.267  INFO 26115 --- [WebServer 43917] okhttp3.mockwebserver.MockWebServer      : MockWebServer[43917] starting to accept connections
2024-05-17 15:25:48.271  INFO 26115 --- [WebServer 43741] okhttp3.mockwebserver.MockWebServer      : MockWebServer[43741] starting to accept connections
2024-05-17 15:25:48.291  INFO 26115 --- [           main] s.c.k.f.c.Fabric8ConfigMapPropertySource : Loading ConfigMap with name 'configmap' in namespace 'some'
2024-05-17 15:25:48.291  WARN 26115 --- [           main] s.c.k.f.c.Fabric8ConfigMapPropertySource : Can't read configMap with name: [configmap] in namespace: [some]. Ignoring.

java.lang.NullPointerException: null
	at org.springframework.cloud.kubernetes.fabric8.config.Fabric8ConfigUtils.getConfigMapData(Fabric8ConfigUtils.java:118)
	at org.springframework.cloud.kubernetes.fabric8.config.Fabric8ConfigMapPropertySource.getData(Fabric8ConfigMapPropertySource.java:79)
	at org.springframework.cloud.kubernetes.fabric8.config.Fabric8ConfigMapPropertySource.<init>(Fabric8ConfigMapPropertySource.java:70)
	at org.springframework.cloud.kubernetes.fabric8.config.Fabric8ConfigMapPropertySource.<init>(Fabric8ConfigMapPropertySource.java:53)
	at org.springframework.cloud.kubernetes.fabric8.config.Fabric8ConfigMapPropertySourceTests.deprecatedConstructorWithClientNamespaceMustNotFail(Fabric8ConfigMapPropertySourceTests.java:80)
	at sun.reflect.NativeMethodAccessorImpl.invoke0(Native Method)
	at sun.reflect.NativeMethodAccessorImpl.invoke(NativeMethodAccessorImpl.java:62)
	at sun.reflect.DelegatingMethodAccessorImpl.invoke(DelegatingMethodAccessorImpl.java:43)
	at java.lang.reflect.Method.invoke(Method.java:498)
	at org.junit.platform.commons.util.ReflectionUtils.invokeMethod(ReflectionUtils.java:725)
	at org.junit.jupiter.engine.execution.MethodInvocation.proceed(MethodInvocation.java:60)
	at org.junit.jupiter.engine.execution.InvocationInterceptorChain$ValidatingInvocation.proceed(InvocationInterceptorChain.java:131)
	at org.junit.jupiter.engine.extension.TimeoutExtension.intercept(TimeoutExtension.java:149)
	at org.junit.jupiter.engine.extension.TimeoutExtension.interceptTestableMethod(TimeoutExtension.java:140)
	at org.junit.jupiter.engine.extension.TimeoutExtension.interceptTestMethod(TimeoutExtension.java:84)
	at org.junit.jupiter.engine.execution.ExecutableInvoker$ReflectiveInterceptorCall.lambda$ofVoidMethod$0(ExecutableInvoker.java:115)
	at org.junit.jupiter.engine.execution.ExecutableInvoker.lambda$invoke$0(ExecutableInvoker.java:105)
	at org.junit.jupiter.engine.execution.InvocationInterceptorChain$InterceptedInvocation.proceed(InvocationInterceptorChain.java:106)
	at org.junit.jupiter.engine.execution.InvocationInterceptorChain.proceed(InvocationInterceptorChain.java:64)
	at org.junit.jupiter.engine.execution.InvocationInterceptorChain.chainAndInvoke(InvocationInterceptorChain.java:45)
	at org.junit.jupiter.engine.execution.InvocationInterceptorChain.invoke(InvocationInterceptorChain.java:37)
	at org.junit.jupiter.engine.execution.ExecutableInvoker.invoke(ExecutableInvoker.java:104)
	at org.junit.jupiter.engine.execution.ExecutableInvoker.invoke(ExecutableInvoker.java:98)
	at org.junit.jupiter.engine.descriptor.TestMethodTestDescriptor.lambda$invokeTestMethod$7(TestMethodTestDescriptor.java:214)
	at org.junit.platform.engine.support.hierarchical.ThrowableCollector.execute(ThrowableCollector.java:73)
	at org.junit.jupiter.engine.descriptor.TestMethodTestDescriptor.invokeTestMethod(TestMethodTestDescriptor.java:210)
	at org.junit.jupiter.engine.descriptor.TestMethodTestDescriptor.execute(TestMethodTestDescriptor.java:135)
	at org.junit.jupiter.engine.descriptor.TestMethodTestDescriptor.execute(TestMethodTestDescriptor.java:66)
	at org.junit.platform.engine.support.hierarchical.NodeTestTask.lambda$executeRecursively$6(NodeTestTask.java:151)
	at org.junit.platform.engine.support.hierarchical.ThrowableCollector.execute(ThrowableCollector.java:73)
	at org.junit.platform.engine.support.hierarchical.NodeTestTask.lambda$executeRecursively$8(NodeTestTask.java:141)
	at org.junit.platform.engine.support.hierarchical.Node.around(Node.java:137)
	at org.junit.platform.engine.support.hierarchical.NodeTestTask.lambda$executeRecursively$9(NodeTestTask.java:139)
	at org.junit.platform.engine.support.hierarchical.ThrowableCollector.execute(ThrowableCollector.java:73)
	at org.junit.platform.engine.support.hierarchical.NodeTestTask.executeRecursively(NodeTestTask.java:138)
	at org.junit.platform.engine.support.hierarchical.NodeTestTask.execute(NodeTestTask.java:95)
	at java.util.ArrayList.forEach(ArrayList.java:1259)
	at org.junit.platform.engine.support.hierarchical.SameThreadHierarchicalTestExecutorService.invokeAll(SameThreadHierarchicalTestExecutorService.java:41)
	at org.junit.platform.engine.support.hierarchical.NodeTestTask.lambda$executeRecursively$6(NodeTestTask.java:155)
	at org.junit.platform.engine.support.hierarchical.ThrowableCollector.execute(ThrowableCollector.java:73)
	at org.junit.platform.engine.support.hierarchical.NodeTestTask.lambda$executeRecursively$8(NodeTestTask.java:141)
	at org.junit.platform.engine.support.hierarchical.Node.around(Node.java:137)
	at org.junit.platform.engine.support.hierarchical.NodeTestTask.lambda$executeRecursively$9(NodeTestTask.java:139)
	at org.junit.platform.engine.support.hierarchical.ThrowableCollector.execute(ThrowableCollector.java:73)
	at org.junit.platform.engine.support.hierarchical.NodeTestTask.executeRecursively(NodeTestTask.java:138)
	at org.junit.platform.engine.support.hierarchical.NodeTestTask.execute(NodeTestTask.java:95)
	at java.util.ArrayList.forEach(ArrayList.java:1259)
	at org.junit.platform.engine.support.hierarchical.SameThreadHierarchicalTestExecutorService.invokeAll(SameThreadHierarchicalTestExecutorService.java:41)
	at org.junit.platform.engine.support.hierarchical.NodeTestTask.lambda$executeRecursively$6(NodeTestTask.java:155)
	at org.junit.platform.engine.support.hierarchical.ThrowableCollector.execute(ThrowableCollector.java:73)
	at org.junit.platform.engine.support.hierarchical.NodeTestTask.lambda$executeRecursively$8(NodeTestTask.java:141)
	at org.junit.platform.engine.support.hierarchical.Node.around(Node.java:137)
	at org.junit.platform.engine.support.hierarchical.NodeTestTask.lambda$executeRecursively$9(NodeTestTask.java:139)
	at org.junit.platform.engine.support.hierarchical.ThrowableCollector.execute(ThrowableCollector.java:73)
	at org.junit.platform.engine.support.hierarchical.NodeTestTask.executeRecursively(NodeTestTask.java:138)
	at org.junit.platform.engine.support.hierarchical.NodeTestTask.execute(NodeTestTask.java:95)
	at org.junit.platform.engine.support.hierarchical.SameThreadHierarchicalTestExecutorService.submit(SameThreadHierarchicalTestExecutorService.java:35)
	at org.junit.platform.engine.support.hierarchical.HierarchicalTestExecutor.execute(HierarchicalTestExecutor.java:57)
	at org.junit.platform.engine.support.hierarchical.HierarchicalTestEngine.execute(HierarchicalTestEngine.java:54)
	at org.junit.platform.launcher.core.DefaultLauncher.execute(DefaultLauncher.java:170)
	at org.junit.platform.launcher.core.DefaultLauncher.execute(DefaultLauncher.java:154)
	at org.junit.platform.launcher.core.DefaultLauncher.execute(DefaultLauncher.java:90)
	at edu.illinois.cs.testrunner.execution.JUnit5TestExecutor.runTestsSeparately(JUnit5TestExecutor.java:40)
	at edu.illinois.cs.testrunner.execution.Executor$.$anonfun$run$1(Executor.scala:33)
	at scala.runtime.java8.JFunction0$mcV$sp.apply(JFunction0$mcV$sp.java:12)
	at scala.util.Try$.apply(Try.scala:209)
	at edu.illinois.cs.testrunner.execution.Executor$.run(Executor.scala:28)
	at edu.illinois.cs.testrunner.execution.Executor$.main(Executor.scala:18)
	at edu.illinois.cs.testrunner.execution.Executor.main(Executor.scala)

2024-05-17 15:25:48.292  INFO 26115 --- [WebServer 43741] okhttp3.mockwebserver.MockWebServer      : MockWebServer[43741] done accepting connections: Socket closed
2024-05-17 15:25:48.297  INFO 26115 --- [           main] .b.t.c.SpringBootTestContextBootstrapper : Neither @ContextConfiguration nor @ContextHierarchy found for test class [org.springframework.cloud.kubernetes.fabric8.config.ConfigMapsFromFilePathsTests], using SpringBootContextLoader
2024-05-17 15:25:48.298  INFO 26115 --- [           main] o.s.t.c.support.AbstractContextLoader    : Could not detect default resource locations for test class [org.springframework.cloud.kubernetes.fabric8.config.ConfigMapsFromFilePathsTests]: no resource found for suffixes {-context.xml, Context.groovy}.
2024-05-17 15:25:48.299  INFO 26115 --- [           main] .b.t.c.SpringBootTestContextBootstrapper : Loaded default TestExecutionListener class names from location [META-INF/spring.factories]: [org.springframework.boot.test.mock.mockito.MockitoTestExecutionListener, org.springframework.boot.test.mock.mockito.ResetMocksTestExecutionListener, org.springframework.boot.test.autoconfigure.restdocs.RestDocsTestExecutionListener, org.springframework.boot.test.autoconfigure.web.client.MockRestServiceServerResetTestExecutionListener, org.springframework.boot.test.autoconfigure.web.servlet.MockMvcPrintOnlyOnFailureTestExecutionListener, org.springframework.boot.test.autoconfigure.web.servlet.WebDriverTestExecutionListener, org.springframework.boot.test.autoconfigure.webservices.client.MockWebServiceServerTestExecutionListener, org.springframework.test.context.web.ServletTestExecutionListener, org.springframework.test.context.support.DirtiesContextBeforeModesTestExecutionListener, org.springframework.test.context.event.ApplicationEventsTestExecutionListener, org.springframework.test.context.support.DependencyInjectionTestExecutionListener, org.springframework.test.context.support.DirtiesContextTestExecutionListener, org.springframework.test.context.transaction.TransactionalTestExecutionListener, org.springframework.test.context.jdbc.SqlScriptsTestExecutionListener, org.springframework.test.context.event.EventPublishingTestExecutionListener, org.spockframework.spring.SpringMockTestExecutionListener]
2024-05-17 15:25:48.301  INFO 26115 --- [           main] .b.t.c.SpringBootTestContextBootstrapper : Using TestExecutionListeners: [org.springframework.test.context.web.ServletTestExecutionListener@83b39c3, org.springframework.test.context.support.DirtiesContextBeforeModesTestExecutionListener@1f7653ae, org.springframework.test.context.event.ApplicationEventsTestExecutionListener@62f8b2f4, org.springframework.boot.test.mock.mockito.MockitoTestExecutionListener@6bd5aa8b, org.springframework.boot.test.autoconfigure.SpringBootDependencyInjectionTestExecutionListener@3af17313, org.springframework.test.context.support.DirtiesContextTestExecutionListener@1737acc0, org.springframework.test.context.event.EventPublishingTestExecutionListener@30ffc3c0, org.springframework.boot.test.mock.mockito.ResetMocksTestExecutionListener@76b8b6a6, org.springframework.boot.test.autoconfigure.restdocs.RestDocsTestExecutionListener@47e02a89, org.springframework.boot.test.autoconfigure.web.client.MockRestServiceServerResetTestExecutionListener@6d9bcf19, org.springframework.boot.test.autoconfigure.web.servlet.MockMvcPrintOnlyOnFailureTestExecutionListener@23b4f0a9, org.springframework.boot.test.autoconfigure.web.servlet.WebDriverTestExecutionListener@108a7fff, org.springframework.boot.test.autoconfigure.webservices.client.MockWebServiceServerTestExecutionListener@56f8ab05, org.spockframework.spring.SpringMockTestExecutionListener@652855c4]
2024-05-17 15:25:48.303  INFO 26115 --- [WebServer 39527] okhttp3.mockwebserver.MockWebServer      : MockWebServer[39527] starting to accept connections
2024-05-17 15:25:48.360  WARN 26115 --- [           main] ubernetesProfileEnvironmentPostProcessor : Not running inside kubernetes. Skipping 'kubernetes' profile activation.

  .   ____          _            __ _ _
 /\\ / ___'_ __ _ _(_)_ __  __ _ \ \ \ \
( ( )\___ | '_ | '_| | '_ \/ _` | \ \ \ \
 \\/  ___)| |_)| | | | | || (_| |  ) ) ) )
  '  |____| .__|_| |_|_| |_\__, | / / / /
 =========|_|==============|___/=/_/_/_/
 :: Spring Boot ::                (v2.6.3)

2024-05-17 15:25:48.423  INFO 26115 --- [           main] b.c.PropertySourceBootstrapConfiguration : Located property source: [BootstrapPropertySource {name='bootstrapProperties-/tmp/scktests/another-directory/application.properties'}, BootstrapPropertySource {name='bootstrapProperties-/tmp/scktests/extra.properties'}, BootstrapPropertySource {name='bootstrapProperties-/tmp/scktests/application.properties'}]
2024-05-17 15:25:48.426  WARN 26115 --- [           main] ubernetesProfileEnvironmentPostProcessor : Not running inside kubernetes. Skipping 'kubernetes' profile activation.
2024-05-17 15:25:48.427  INFO 26115 --- [           main] o.s.c.k.f.c.ConfigMapsFromFilePathsTests : No active profile set, falling back to default profiles: default
2024-05-17 15:25:48.637  INFO 26115 --- [           main] o.s.cloud.context.scope.GenericScope     : BeanFactory id=e369cf40-d234-36e2-a4dc-38329760186f
2024-05-17 15:25:48.734  INFO 26115 --- [           main] o.s.b.w.embedded.tomcat.TomcatWebServer  : Tomcat initialized with port(s): 0 (http)
2024-05-17 15:25:48.735  INFO 26115 --- [           main] o.apache.catalina.core.StandardService   : Starting service [Tomcat]
2024-05-17 15:25:48.735  INFO 26115 --- [           main] org.apache.catalina.core.StandardEngine  : Starting Servlet engine: [Apache Tomcat/9.0.56]
2024-05-17 15:25:48.745  INFO 26115 --- [           main] o.a.c.c.C.[Tomcat-7].[localhost].[/]     : Initializing Spring embedded WebApplicationContext
2024-05-17 15:25:48.745  INFO 26115 --- [           main] w.s.c.ServletWebServerApplicationContext : Root WebApplicationContext: initialization completed in 317 ms
2024-05-17 15:25:49.333  INFO 26115 --- [           main] o.s.b.a.e.web.EndpointLinksResolver      : Exposing 1 endpoint(s) beneath base path '/actuator'
2024-05-17 15:25:49.370  INFO 26115 --- [           main] o.s.b.w.embedded.tomcat.TomcatWebServer  : Tomcat started on port(s): 41135 (http) with context path ''
2024-05-17 15:25:49.376  INFO 26115 --- [           main] o.s.c.k.f.c.ConfigMapsFromFilePathsTests : Started ConfigMapsFromFilePathsTests in 1.07 seconds (JVM running for 19.976)
2024-05-17 15:25:49.384  INFO 26115 --- [WebServer 47477] okhttp3.mockwebserver.MockWebServer      : MockWebServer[47477] starting to accept connections
2024-05-17 15:25:49.394  INFO 26115 --- [o-auto-8-exec-1] o.a.c.c.C.[Tomcat-7].[localhost].[/]     : Initializing Spring DispatcherServlet 'dispatcherServlet'
2024-05-17 15:25:49.394  INFO 26115 --- [o-auto-8-exec-1] o.s.web.servlet.DispatcherServlet        : Initializing Servlet 'dispatcherServlet'
2024-05-17 15:25:49.395  INFO 26115 --- [o-auto-8-exec-1] o.s.web.servlet.DispatcherServlet        : Completed initialization in 1 ms
2024-05-17 15:25:49.405  INFO 26115 --- [WebServer 47477] okhttp3.mockwebserver.MockWebServer      : MockWebServer[47477] done accepting connections: Socket closed
2024-05-17 15:25:49.408  INFO 26115 --- [           main] .b.t.c.SpringBootTestContextBootstrapper : Neither @ContextConfiguration nor @ContextHierarchy found for test class [org.springframework.cloud.kubernetes.fabric8.config.ConfigMapsMixedTests], using SpringBootContextLoader
2024-05-17 15:25:49.409  INFO 26115 --- [           main] o.s.t.c.support.AbstractContextLoader    : Could not detect default resource locations for test class [org.springframework.cloud.kubernetes.fabric8.config.ConfigMapsMixedTests]: no resource found for suffixes {-context.xml, Context.groovy}.
2024-05-17 15:25:49.411  INFO 26115 --- [           main] .b.t.c.SpringBootTestContextBootstrapper : Loaded default TestExecutionListener class names from location [META-INF/spring.factories]: [org.springframework.boot.test.mock.mockito.MockitoTestExecutionListener, org.springframework.boot.test.mock.mockito.ResetMocksTestExecutionListener, org.springframework.boot.test.autoconfigure.restdocs.RestDocsTestExecutionListener, org.springframework.boot.test.autoconfigure.web.client.MockRestServiceServerResetTestExecutionListener, org.springframework.boot.test.autoconfigure.web.servlet.MockMvcPrintOnlyOnFailureTestExecutionListener, org.springframework.boot.test.autoconfigure.web.servlet.WebDriverTestExecutionListener, org.springframework.boot.test.autoconfigure.webservices.client.MockWebServiceServerTestExecutionListener, org.springframework.test.context.web.ServletTestExecutionListener, org.springframework.test.context.support.DirtiesContextBeforeModesTestExecutionListener, org.springframework.test.context.event.ApplicationEventsTestExecutionListener, org.springframework.test.context.support.DependencyInjectionTestExecutionListener, org.springframework.test.context.support.DirtiesContextTestExecutionListener, org.springframework.test.context.transaction.TransactionalTestExecutionListener, org.springframework.test.context.jdbc.SqlScriptsTestExecutionListener, org.springframework.test.context.event.EventPublishingTestExecutionListener, org.spockframework.spring.SpringMockTestExecutionListener]
2024-05-17 15:25:49.412  INFO 26115 --- [           main] .b.t.c.SpringBootTestContextBootstrapper : Using TestExecutionListeners: [org.springframework.test.context.web.ServletTestExecutionListener@5a640f98, org.springframework.test.context.support.DirtiesContextBeforeModesTestExecutionListener@39e0fe23, org.springframework.test.context.event.ApplicationEventsTestExecutionListener@44f86613, org.springframework.boot.test.mock.mockito.MockitoTestExecutionListener@5e05dd42, org.springframework.boot.test.autoconfigure.SpringBootDependencyInjectionTestExecutionListener@246701d5, org.springframework.test.context.support.DirtiesContextTestExecutionListener@1ac8f29c, org.springframework.test.context.event.EventPublishingTestExecutionListener@1d07d728, org.springframework.boot.test.mock.mockito.ResetMocksTestExecutionListener@6d98e607, org.springframework.boot.test.autoconfigure.restdocs.RestDocsTestExecutionListener@71ed3bc8, org.springframework.boot.test.autoconfigure.web.client.MockRestServiceServerResetTestExecutionListener@2c6c6b7b, org.springframework.boot.test.autoconfigure.web.servlet.MockMvcPrintOnlyOnFailureTestExecutionListener@f714749, org.springframework.boot.test.autoconfigure.web.servlet.WebDriverTestExecutionListener@25f3207e, org.springframework.boot.test.autoconfigure.webservices.client.MockWebServiceServerTestExecutionListener@3d587c73, org.spockframework.spring.SpringMockTestExecutionListener@7220ff10]
2024-05-17 15:25:49.414  INFO 26115 --- [WebServer 55781] okhttp3.mockwebserver.MockWebServer      : MockWebServer[55781] starting to accept connections
2024-05-17 15:25:49.417  INFO 26115 --- [127.0.0.1:35346] okhttp3.mockwebserver.MockWebServer      : MockWebServer[55781] received request: POST /api/v1/namespaces/test/configmaps HTTP/1.1 and responded: HTTP/1.1 200 OK
2024-05-17 15:25:49.459  WARN 26115 --- [           main] ubernetesProfileEnvironmentPostProcessor : Not running inside kubernetes. Skipping 'kubernetes' profile activation.

  .   ____          _            __ _ _
 /\\ / ___'_ __ _ _(_)_ __  __ _ \ \ \ \
( ( )\___ | '_ | '_| | '_ \/ _` | \ \ \ \
 \\/  ___)| |_)| | | | | || (_| |  ) ) ) )
  '  |____| .__|_| |_|_| |_\__, | / / / /
 =========|_|==============|___/=/_/_/_/
 :: Spring Boot ::                (v2.6.3)

2024-05-17 15:25:49.537  INFO 26115 --- [           main] s.c.k.f.c.Fabric8ConfigMapPropertySource : Loading ConfigMap with name 'configmap-mixed-example' in namespace 'test'
2024-05-17 15:25:49.539  INFO 26115 --- [127.0.0.1:35362] okhttp3.mockwebserver.MockWebServer      : MockWebServer[55781] received request: GET /api/v1/namespaces/test/configmaps/configmap-mixed-example HTTP/1.1 and responded: HTTP/1.1 200 OK
2024-05-17 15:25:49.543  INFO 26115 --- [           main] b.c.PropertySourceBootstrapConfiguration : Located property source: [BootstrapPropertySource {name='bootstrapProperties-/tmp/scktests/application-path.yaml'}, BootstrapPropertySource {name='bootstrapProperties-configmap.configmap-mixed-example.test'}]
2024-05-17 15:25:49.547  WARN 26115 --- [           main] ubernetesProfileEnvironmentPostProcessor : Not running inside kubernetes. Skipping 'kubernetes' profile activation.
2024-05-17 15:25:49.548  INFO 26115 --- [           main] o.s.c.k.f.config.ConfigMapsMixedTests    : No active profile set, falling back to default profiles: default
2024-05-17 15:25:49.716  INFO 26115 --- [           main] o.s.cloud.context.scope.GenericScope     : BeanFactory id=e369cf40-d234-36e2-a4dc-38329760186f
2024-05-17 15:25:49.817  INFO 26115 --- [           main] o.s.b.w.embedded.tomcat.TomcatWebServer  : Tomcat initialized with port(s): 0 (http)
2024-05-17 15:25:49.818  INFO 26115 --- [           main] o.apache.catalina.core.StandardService   : Starting service [Tomcat]
2024-05-17 15:25:49.818  INFO 26115 --- [           main] org.apache.catalina.core.StandardEngine  : Starting Servlet engine: [Apache Tomcat/9.0.56]
2024-05-17 15:25:49.830  INFO 26115 --- [           main] o.a.c.c.C.[Tomcat-8].[localhost].[/]     : Initializing Spring embedded WebApplicationContext
2024-05-17 15:25:49.831  INFO 26115 --- [           main] w.s.c.ServletWebServerApplicationContext : Root WebApplicationContext: initialization completed in 281 ms
2024-05-17 15:25:50.410  INFO 26115 --- [           main] o.s.b.a.e.web.EndpointLinksResolver      : Exposing 1 endpoint(s) beneath base path '/actuator'
2024-05-17 15:25:50.449  INFO 26115 --- [           main] o.s.b.w.embedded.tomcat.TomcatWebServer  : Tomcat started on port(s): 37993 (http) with context path ''
2024-05-17 15:25:50.454  INFO 26115 --- [           main] o.s.c.k.f.config.ConfigMapsMixedTests    : Started ConfigMapsMixedTests in 1.036 seconds (JVM running for 21.055)
2024-05-17 15:25:50.463  INFO 26115 --- [WebServer 39211] okhttp3.mockwebserver.MockWebServer      : MockWebServer[39211] starting to accept connections
2024-05-17 15:25:50.471  INFO 26115 --- [o-auto-9-exec-1] o.a.c.c.C.[Tomcat-8].[localhost].[/]     : Initializing Spring DispatcherServlet 'dispatcherServlet'
2024-05-17 15:25:50.471  INFO 26115 --- [o-auto-9-exec-1] o.s.web.servlet.DispatcherServlet        : Initializing Servlet 'dispatcherServlet'
2024-05-17 15:25:50.472  INFO 26115 --- [o-auto-9-exec-1] o.s.web.servlet.DispatcherServlet        : Completed initialization in 1 ms
2024-05-17 15:25:50.481  INFO 26115 --- [WebServer 39211] okhttp3.mockwebserver.MockWebServer      : MockWebServer[39211] done accepting connections: Socket closed
2024-05-17 15:25:50.488  INFO 26115 --- [WebServer 35735] okhttp3.mockwebserver.MockWebServer      : MockWebServer[35735] starting to accept connections
2024-05-17 15:25:50.492  INFO 26115 --- [WebServer 53855] okhttp3.mockwebserver.MockWebServer      : MockWebServer[53855] starting to accept connections
2024-05-17 15:25:50.494  INFO 26115 --- [           main] o.s.c.k.f.c.Fabric8SecretsPropertySource : Loading Secret with name 'my-config' or with labels [{}] in namespace 'default'
2024-05-17 15:25:50.692  INFO 26115 --- [127.0.0.1:44954] okhttp3.mockwebserver.MockWebServer      : MockWebServer[35735] received request: GET /api/v1/namespaces/default/secrets/my-config HTTP/1.1 and responded: HTTP/1.1 500 Server Error
2024-05-17 15:25:50.735  INFO 26115 --- [WebServer 53855] okhttp3.mockwebserver.MockWebServer      : MockWebServer[53855] done accepting connections: Socket closed
2024-05-17 15:25:50.740  INFO 26115 --- [WebServer 54575] okhttp3.mockwebserver.MockWebServer      : MockWebServer[54575] starting to accept connections
2024-05-17 15:25:50.743  INFO 26115 --- [WebServer 53465] okhttp3.mockwebserver.MockWebServer      : MockWebServer[53465] starting to accept connections
2024-05-17 15:25:50.745  INFO 26115 --- [           main] s.c.k.f.c.Fabric8ConfigMapPropertySource : Loading ConfigMap with name 'my-config' in namespace 'default'
2024-05-17 15:25:50.859  INFO 26115 --- [127.0.0.1:48138] okhttp3.mockwebserver.MockWebServer      : MockWebServer[53465] received request: GET /api/v1/namespaces/default/configmaps/my-config HTTP/1.1 and responded: HTTP/1.1 500 Server Error
2024-05-17 15:25:50.900  WARN 26115 --- [           main] s.c.k.f.c.Fabric8ConfigMapPropertySource : Can't read configMap with name: [my-config] in namespace: [default]. Ignoring.

io.fabric8.kubernetes.client.KubernetesClientException: Failure executing: GET at: https://localhost:53465/api/v1/namespaces/default/configmaps/my-config. Message: Internal Server Error.
	at io.fabric8.kubernetes.client.dsl.base.OperationSupport.requestFailure(OperationSupport.java:694)
	at io.fabric8.kubernetes.client.dsl.base.OperationSupport.requestFailure(OperationSupport.java:673)
	at io.fabric8.kubernetes.client.dsl.base.OperationSupport.assertResponseCode(OperationSupport.java:626)
	at io.fabric8.kubernetes.client.dsl.base.OperationSupport.handleResponse(OperationSupport.java:566)
	at io.fabric8.kubernetes.client.dsl.base.OperationSupport.handleResponse(OperationSupport.java:527)
	at io.fabric8.kubernetes.client.dsl.base.OperationSupport.handleGet(OperationSupport.java:494)
	at io.fabric8.kubernetes.client.dsl.base.OperationSupport.handleGet(OperationSupport.java:476)
	at io.fabric8.kubernetes.client.dsl.base.BaseOperation.handleGet(BaseOperation.java:788)
	at io.fabric8.kubernetes.client.dsl.base.BaseOperation.getMandatory(BaseOperation.java:187)
	at io.fabric8.kubernetes.client.dsl.base.BaseOperation.get(BaseOperation.java:154)
	at io.fabric8.kubernetes.client.dsl.base.BaseOperation.get(BaseOperation.java:87)
	at org.springframework.cloud.kubernetes.fabric8.config.Fabric8ConfigUtils.getConfigMapData(Fabric8ConfigUtils.java:118)
	at org.springframework.cloud.kubernetes.fabric8.config.Fabric8ConfigMapPropertySource.getData(Fabric8ConfigMapPropertySource.java:79)
	at org.springframework.cloud.kubernetes.fabric8.config.Fabric8ConfigMapPropertySource.<init>(Fabric8ConfigMapPropertySource.java:70)
	at org.springframework.cloud.kubernetes.fabric8.config.Fabric8ConfigMapPropertySourceTests.lambda$constructorShouldNotThrowExceptionOnFailureWhenFailFastIsDisabled$1(Fabric8ConfigMapPropertySourceTests.java:64)
	at org.assertj.core.api.ThrowableAssert.catchThrowable(ThrowableAssert.java:63)
	at org.assertj.core.api.NotThrownAssert.isThrownBy(NotThrownAssert.java:43)
	at org.springframework.cloud.kubernetes.fabric8.config.Fabric8ConfigMapPropertySourceTests.constructorShouldNotThrowExceptionOnFailureWhenFailFastIsDisabled(Fabric8ConfigMapPropertySourceTests.java:64)
	at sun.reflect.NativeMethodAccessorImpl.invoke0(Native Method)
	at sun.reflect.NativeMethodAccessorImpl.invoke(NativeMethodAccessorImpl.java:62)
	at sun.reflect.DelegatingMethodAccessorImpl.invoke(DelegatingMethodAccessorImpl.java:43)
	at java.lang.reflect.Method.invoke(Method.java:498)
	at org.junit.platform.commons.util.ReflectionUtils.invokeMethod(ReflectionUtils.java:725)
	at org.junit.jupiter.engine.execution.MethodInvocation.proceed(MethodInvocation.java:60)
	at org.junit.jupiter.engine.execution.InvocationInterceptorChain$ValidatingInvocation.proceed(InvocationInterceptorChain.java:131)
	at org.junit.jupiter.engine.extension.TimeoutExtension.intercept(TimeoutExtension.java:149)
	at org.junit.jupiter.engine.extension.TimeoutExtension.interceptTestableMethod(TimeoutExtension.java:140)
	at org.junit.jupiter.engine.extension.TimeoutExtension.interceptTestMethod(TimeoutExtension.java:84)
	at org.junit.jupiter.engine.execution.ExecutableInvoker$ReflectiveInterceptorCall.lambda$ofVoidMethod$0(ExecutableInvoker.java:115)
	at org.junit.jupiter.engine.execution.ExecutableInvoker.lambda$invoke$0(ExecutableInvoker.java:105)
	at org.junit.jupiter.engine.execution.InvocationInterceptorChain$InterceptedInvocation.proceed(InvocationInterceptorChain.java:106)
	at org.junit.jupiter.engine.execution.InvocationInterceptorChain.proceed(InvocationInterceptorChain.java:64)
	at org.junit.jupiter.engine.execution.InvocationInterceptorChain.chainAndInvoke(InvocationInterceptorChain.java:45)
	at org.junit.jupiter.engine.execution.InvocationInterceptorChain.invoke(InvocationInterceptorChain.java:37)
	at org.junit.jupiter.engine.execution.ExecutableInvoker.invoke(ExecutableInvoker.java:104)
	at org.junit.jupiter.engine.execution.ExecutableInvoker.invoke(ExecutableInvoker.java:98)
	at org.junit.jupiter.engine.descriptor.TestMethodTestDescriptor.lambda$invokeTestMethod$7(TestMethodTestDescriptor.java:214)
	at org.junit.platform.engine.support.hierarchical.ThrowableCollector.execute(ThrowableCollector.java:73)
	at org.junit.jupiter.engine.descriptor.TestMethodTestDescriptor.invokeTestMethod(TestMethodTestDescriptor.java:210)
	at org.junit.jupiter.engine.descriptor.TestMethodTestDescriptor.execute(TestMethodTestDescriptor.java:135)
	at org.junit.jupiter.engine.descriptor.TestMethodTestDescriptor.execute(TestMethodTestDescriptor.java:66)
	at org.junit.platform.engine.support.hierarchical.NodeTestTask.lambda$executeRecursively$6(NodeTestTask.java:151)
	at org.junit.platform.engine.support.hierarchical.ThrowableCollector.execute(ThrowableCollector.java:73)
	at org.junit.platform.engine.support.hierarchical.NodeTestTask.lambda$executeRecursively$8(NodeTestTask.java:141)
	at org.junit.platform.engine.support.hierarchical.Node.around(Node.java:137)
	at org.junit.platform.engine.support.hierarchical.NodeTestTask.lambda$executeRecursively$9(NodeTestTask.java:139)
	at org.junit.platform.engine.support.hierarchical.ThrowableCollector.execute(ThrowableCollector.java:73)
	at org.junit.platform.engine.support.hierarchical.NodeTestTask.executeRecursively(NodeTestTask.java:138)
	at org.junit.platform.engine.support.hierarchical.NodeTestTask.execute(NodeTestTask.java:95)
	at java.util.ArrayList.forEach(ArrayList.java:1259)
	at org.junit.platform.engine.support.hierarchical.SameThreadHierarchicalTestExecutorService.invokeAll(SameThreadHierarchicalTestExecutorService.java:41)
	at org.junit.platform.engine.support.hierarchical.NodeTestTask.lambda$executeRecursively$6(NodeTestTask.java:155)
	at org.junit.platform.engine.support.hierarchical.ThrowableCollector.execute(ThrowableCollector.java:73)
	at org.junit.platform.engine.support.hierarchical.NodeTestTask.lambda$executeRecursively$8(NodeTestTask.java:141)
	at org.junit.platform.engine.support.hierarchical.Node.around(Node.java:137)
	at org.junit.platform.engine.support.hierarchical.NodeTestTask.lambda$executeRecursively$9(NodeTestTask.java:139)
	at org.junit.platform.engine.support.hierarchical.ThrowableCollector.execute(ThrowableCollector.java:73)
	at org.junit.platform.engine.support.hierarchical.NodeTestTask.executeRecursively(NodeTestTask.java:138)
	at org.junit.platform.engine.support.hierarchical.NodeTestTask.execute(NodeTestTask.java:95)
	at java.util.ArrayList.forEach(ArrayList.java:1259)
	at org.junit.platform.engine.support.hierarchical.SameThreadHierarchicalTestExecutorService.invokeAll(SameThreadHierarchicalTestExecutorService.java:41)
	at org.junit.platform.engine.support.hierarchical.NodeTestTask.lambda$executeRecursively$6(NodeTestTask.java:155)
	at org.junit.platform.engine.support.hierarchical.ThrowableCollector.execute(ThrowableCollector.java:73)
	at org.junit.platform.engine.support.hierarchical.NodeTestTask.lambda$executeRecursively$8(NodeTestTask.java:141)
	at org.junit.platform.engine.support.hierarchical.Node.around(Node.java:137)
	at org.junit.platform.engine.support.hierarchical.NodeTestTask.lambda$executeRecursively$9(NodeTestTask.java:139)
	at org.junit.platform.engine.support.hierarchical.ThrowableCollector.execute(ThrowableCollector.java:73)
	at org.junit.platform.engine.support.hierarchical.NodeTestTask.executeRecursively(NodeTestTask.java:138)
	at org.junit.platform.engine.support.hierarchical.NodeTestTask.execute(NodeTestTask.java:95)
	at org.junit.platform.engine.support.hierarchical.SameThreadHierarchicalTestExecutorService.submit(SameThreadHierarchicalTestExecutorService.java:35)
	at org.junit.platform.engine.support.hierarchical.HierarchicalTestExecutor.execute(HierarchicalTestExecutor.java:57)
	at org.junit.platform.engine.support.hierarchical.HierarchicalTestEngine.execute(HierarchicalTestEngine.java:54)
	at org.junit.platform.launcher.core.DefaultLauncher.execute(DefaultLauncher.java:170)
	at org.junit.platform.launcher.core.DefaultLauncher.execute(DefaultLauncher.java:154)
	at org.junit.platform.launcher.core.DefaultLauncher.execute(DefaultLauncher.java:90)
	at edu.illinois.cs.testrunner.execution.JUnit5TestExecutor.runTestsSeparately(JUnit5TestExecutor.java:40)
	at edu.illinois.cs.testrunner.execution.Executor$.$anonfun$run$1(Executor.scala:33)
	at scala.runtime.java8.JFunction0$mcV$sp.apply(JFunction0$mcV$sp.java:12)
	at scala.util.Try$.apply(Try.scala:209)
	at edu.illinois.cs.testrunner.execution.Executor$.run(Executor.scala:28)
	at edu.illinois.cs.testrunner.execution.Executor$.main(Executor.scala:18)
	at edu.illinois.cs.testrunner.execution.Executor.main(Executor.scala)

2024-05-17 15:25:50.902  INFO 26115 --- [WebServer 53465] okhttp3.mockwebserver.MockWebServer      : MockWebServer[53465] done accepting connections: Socket closed
2024-05-17 15:25:50.909  INFO 26115 --- [WebServer 60903] okhttp3.mockwebserver.MockWebServer      : MockWebServer[60903] starting to accept connections
2024-05-17 15:25:50.911  INFO 26115 --- [WebServer 57853] okhttp3.mockwebserver.MockWebServer      : MockWebServer[57853] starting to accept connections
2024-05-17 15:25:50.915  INFO 26115 --- [127.0.0.1:52846] okhttp3.mockwebserver.MockWebServer      : MockWebServer[60903] received request: POST /api/v1/namespaces/test/configmaps HTTP/1.1 and responded: HTTP/1.1 200 OK
2024-05-17 15:25:50.916  INFO 26115 --- [           main] s.c.k.f.c.Fabric8ConfigMapPropertySource : Loading ConfigMap with name 'app-properties-test' in namespace 'test'
2024-05-17 15:25:50.917  INFO 26115 --- [127.0.0.1:52846] okhttp3.mockwebserver.MockWebServer      : MockWebServer[60903] received request: GET /api/v1/namespaces/test/configmaps/app-properties-test HTTP/1.1 and responded: HTTP/1.1 200 OK
2024-05-17 15:25:50.958  INFO 26115 --- [WebServer 57853] okhttp3.mockwebserver.MockWebServer      : MockWebServer[57853] done accepting connections: Socket closed
2024-05-17 15:25:50.962  INFO 26115 --- [           main] .b.t.c.SpringBootTestContextBootstrapper : Neither @ContextConfiguration nor @ContextHierarchy found for test class [org.springframework.cloud.kubernetes.fabric8.config.ConfigMapsFromFilePathsTests], using SpringBootContextLoader
2024-05-17 15:25:50.963  INFO 26115 --- [           main] o.s.t.c.support.AbstractContextLoader    : Could not detect default resource locations for test class [org.springframework.cloud.kubernetes.fabric8.config.ConfigMapsFromFilePathsTests]: no resource found for suffixes {-context.xml, Context.groovy}.
2024-05-17 15:25:50.964  INFO 26115 --- [           main] .b.t.c.SpringBootTestContextBootstrapper : Loaded default TestExecutionListener class names from location [META-INF/spring.factories]: [org.springframework.boot.test.mock.mockito.MockitoTestExecutionListener, org.springframework.boot.test.mock.mockito.ResetMocksTestExecutionListener, org.springframework.boot.test.autoconfigure.restdocs.RestDocsTestExecutionListener, org.springframework.boot.test.autoconfigure.web.client.MockRestServiceServerResetTestExecutionListener, org.springframework.boot.test.autoconfigure.web.servlet.MockMvcPrintOnlyOnFailureTestExecutionListener, org.springframework.boot.test.autoconfigure.web.servlet.WebDriverTestExecutionListener, org.springframework.boot.test.autoconfigure.webservices.client.MockWebServiceServerTestExecutionListener, org.springframework.test.context.web.ServletTestExecutionListener, org.springframework.test.context.support.DirtiesContextBeforeModesTestExecutionListener, org.springframework.test.context.event.ApplicationEventsTestExecutionListener, org.springframework.test.context.support.DependencyInjectionTestExecutionListener, org.springframework.test.context.support.DirtiesContextTestExecutionListener, org.springframework.test.context.transaction.TransactionalTestExecutionListener, org.springframework.test.context.jdbc.SqlScriptsTestExecutionListener, org.springframework.test.context.event.EventPublishingTestExecutionListener, org.spockframework.spring.SpringMockTestExecutionListener]
2024-05-17 15:25:50.966  INFO 26115 --- [           main] .b.t.c.SpringBootTestContextBootstrapper : Using TestExecutionListeners: [org.springframework.test.context.web.ServletTestExecutionListener@6e863469, org.springframework.test.context.support.DirtiesContextBeforeModesTestExecutionListener@6a9e88f1, org.springframework.test.context.event.ApplicationEventsTestExecutionListener@22edca96, org.springframework.boot.test.mock.mockito.MockitoTestExecutionListener@591bff1d, org.springframework.boot.test.autoconfigure.SpringBootDependencyInjectionTestExecutionListener@6e1bd2b, org.springframework.test.context.support.DirtiesContextTestExecutionListener@18a66406, org.springframework.test.context.event.EventPublishingTestExecutionListener@54d3b4fe, org.springframework.boot.test.mock.mockito.ResetMocksTestExecutionListener@52364a6e, org.springframework.boot.test.autoconfigure.restdocs.RestDocsTestExecutionListener@5935ade6, org.springframework.boot.test.autoconfigure.web.client.MockRestServiceServerResetTestExecutionListener@72187492, org.springframework.boot.test.autoconfigure.web.servlet.MockMvcPrintOnlyOnFailureTestExecutionListener@3ba55a6b, org.springframework.boot.test.autoconfigure.web.servlet.WebDriverTestExecutionListener@5b20024b, org.springframework.boot.test.autoconfigure.webservices.client.MockWebServiceServerTestExecutionListener@2f8ede54, org.spockframework.spring.SpringMockTestExecutionListener@1e0383d3]
2024-05-17 15:25:50.969  INFO 26115 --- [WebServer 53413] okhttp3.mockwebserver.MockWebServer      : MockWebServer[53413] starting to accept connections
2024-05-17 15:25:50.975  INFO 26115 --- [WebServer 53571] okhttp3.mockwebserver.MockWebServer      : MockWebServer[53571] starting to accept connections
2024-05-17 15:25:50.989  INFO 26115 --- [WebServer 53571] okhttp3.mockwebserver.MockWebServer      : MockWebServer[53571] done accepting connections: Socket closed
2024-05-17 15:25:50.995  INFO 26115 --- [WebServer 33471] okhttp3.mockwebserver.MockWebServer      : MockWebServer[33471] starting to accept connections
2024-05-17 15:25:50.999  INFO 26115 --- [WebServer 54637] okhttp3.mockwebserver.MockWebServer      : MockWebServer[54637] starting to accept connections
2024-05-17 15:25:51.001  INFO 26115 --- [WebServer 54637] okhttp3.mockwebserver.MockWebServer      : MockWebServer[54637] done accepting connections: Socket closed
2024-05-17 15:25:51.007  INFO 26115 --- [WebServer 44871] okhttp3.mockwebserver.MockWebServer      : MockWebServer[44871] starting to accept connections
2024-05-17 15:25:51.011  INFO 26115 --- [WebServer 43645] okhttp3.mockwebserver.MockWebServer      : MockWebServer[43645] starting to accept connections
2024-05-17 15:25:51.012  INFO 26115 --- [           main] o.s.c.k.f.c.Fabric8SecretsPropertySource : Loading Secret with name 'my-config' or with labels [{}] in namespace 'default'
2024-05-17 15:25:51.115  INFO 26115 --- [127.0.0.1:49468] okhttp3.mockwebserver.MockWebServer      : MockWebServer[43645] received request: GET /api/v1/namespaces/default/secrets/my-config HTTP/1.1 and responded: HTTP/1.1 500 Server Error
2024-05-17 15:25:51.156  INFO 26115 --- [WebServer 43645] okhttp3.mockwebserver.MockWebServer      : MockWebServer[43645] done accepting connections: Socket closed
2024-05-17 15:25:51.162  INFO 26115 --- [           main] .b.t.c.SpringBootTestContextBootstrapper : Neither @ContextConfiguration nor @ContextHierarchy found for test class [org.springframework.cloud.kubernetes.fabric8.config.CoreTestClientViaSystemProperties], using SpringBootContextLoader
2024-05-17 15:25:51.162  INFO 26115 --- [           main] o.s.t.c.support.AbstractContextLoader    : Could not detect default resource locations for test class [org.springframework.cloud.kubernetes.fabric8.config.CoreTestClientViaSystemProperties]: no resource found for suffixes {-context.xml, Context.groovy}.
2024-05-17 15:25:51.163  INFO 26115 --- [           main] .b.t.c.SpringBootTestContextBootstrapper : Loaded default TestExecutionListener class names from location [META-INF/spring.factories]: [org.springframework.boot.test.mock.mockito.MockitoTestExecutionListener, org.springframework.boot.test.mock.mockito.ResetMocksTestExecutionListener, org.springframework.boot.test.autoconfigure.restdocs.RestDocsTestExecutionListener, org.springframework.boot.test.autoconfigure.web.client.MockRestServiceServerResetTestExecutionListener, org.springframework.boot.test.autoconfigure.web.servlet.MockMvcPrintOnlyOnFailureTestExecutionListener, org.springframework.boot.test.autoconfigure.web.servlet.WebDriverTestExecutionListener, org.springframework.boot.test.autoconfigure.webservices.client.MockWebServiceServerTestExecutionListener, org.springframework.test.context.web.ServletTestExecutionListener, org.springframework.test.context.support.DirtiesContextBeforeModesTestExecutionListener, org.springframework.test.context.event.ApplicationEventsTestExecutionListener, org.springframework.test.context.support.DependencyInjectionTestExecutionListener, org.springframework.test.context.support.DirtiesContextTestExecutionListener, org.springframework.test.context.transaction.TransactionalTestExecutionListener, org.springframework.test.context.jdbc.SqlScriptsTestExecutionListener, org.springframework.test.context.event.EventPublishingTestExecutionListener, org.spockframework.spring.SpringMockTestExecutionListener]
2024-05-17 15:25:51.165  INFO 26115 --- [           main] .b.t.c.SpringBootTestContextBootstrapper : Using TestExecutionListeners: [org.springframework.test.context.web.ServletTestExecutionListener@59a71bef, org.springframework.test.context.support.DirtiesContextBeforeModesTestExecutionListener@169f4152, org.springframework.test.context.event.ApplicationEventsTestExecutionListener@3d36204f, org.springframework.boot.test.mock.mockito.MockitoTestExecutionListener@71443983, org.springframework.boot.test.autoconfigure.SpringBootDependencyInjectionTestExecutionListener@105d2c27, org.springframework.test.context.support.DirtiesContextTestExecutionListener@7ca46aaf, org.springframework.test.context.event.EventPublishingTestExecutionListener@701c092c, org.springframework.boot.test.mock.mockito.ResetMocksTestExecutionListener@20c4be8d, org.springframework.boot.test.autoconfigure.restdocs.RestDocsTestExecutionListener@590182a6, org.springframework.boot.test.autoconfigure.web.client.MockRestServiceServerResetTestExecutionListener@6af6a3b, org.springframework.boot.test.autoconfigure.web.servlet.MockMvcPrintOnlyOnFailureTestExecutionListener@16ea56ab, org.springframework.boot.test.autoconfigure.web.servlet.WebDriverTestExecutionListener@135fb22d, org.springframework.boot.test.autoconfigure.webservices.client.MockWebServiceServerTestExecutionListener@461e0652, org.spockframework.spring.SpringMockTestExecutionListener@3b9d5218]
2024-05-17 15:25:51.235  WARN 26115 --- [           main] ubernetesProfileEnvironmentPostProcessor : Not running inside kubernetes. Skipping 'kubernetes' profile activation.

  .   ____          _            __ _ _
 /\\ / ___'_ __ _ _(_)_ __  __ _ \ \ \ \
( ( )\___ | '_ | '_| | '_ \/ _` | \ \ \ \
 \\/  ___)| |_)| | | | | || (_| |  ) ) ) )
  '  |____| .__|_| |_|_| |_\__, | / / / /
 =========|_|==============|___/=/_/_/_/
 :: Spring Boot ::                (v2.6.3)

2024-05-17 15:25:51.310  WARN 26115 --- [           main] ubernetesProfileEnvironmentPostProcessor : Not running inside kubernetes. Skipping 'kubernetes' profile activation.
2024-05-17 15:25:51.310  INFO 26115 --- [           main] .k.f.c.CoreTestClientViaSystemProperties : No active profile set, falling back to default profiles: default
2024-05-17 15:25:51.682  INFO 26115 --- [           main] o.s.cloud.context.scope.GenericScope     : BeanFactory id=84b71cfc-8942-3f46-b1ff-f22a03fbdcf2
2024-05-17 15:25:52.078  WARN 26115 --- [           main] i.f.kubernetes.client.internal.SSLUtils  : SSL handshake failed. Falling back to insecure connection.
2024-05-17 15:25:52.078  WARN 26115 --- [           main] i.f.kubernetes.client.internal.SSLUtils  : SSL handshake failed. Falling back to insecure connection.
2024-05-17 15:25:52.319  INFO 26115 --- [           main] o.s.b.a.e.web.EndpointLinksResolver      : Exposing 1 endpoint(s) beneath base path '/actuator'
2024-05-17 15:25:52.351  INFO 26115 --- [           main] .k.f.c.CoreTestClientViaSystemProperties : Started CoreTestClientViaSystemProperties in 1.181 seconds (JVM running for 22.951)
2024-05-17 15:25:52.366  INFO 26115 --- [           main] .b.t.c.SpringBootTestContextBootstrapper : Neither @ContextConfiguration nor @ContextHierarchy found for test class [org.springframework.cloud.kubernetes.fabric8.config.ConfigMapsWithProfilesNoActiveProfileTests], using SpringBootContextLoader
2024-05-17 15:25:52.367  INFO 26115 --- [           main] o.s.t.c.support.AbstractContextLoader    : Could not detect default resource locations for test class [org.springframework.cloud.kubernetes.fabric8.config.ConfigMapsWithProfilesNoActiveProfileTests]: no resource found for suffixes {-context.xml, Context.groovy}.
2024-05-17 15:25:52.369  INFO 26115 --- [           main] .b.t.c.SpringBootTestContextBootstrapper : Loaded default TestExecutionListener class names from location [META-INF/spring.factories]: [org.springframework.boot.test.mock.mockito.MockitoTestExecutionListener, org.springframework.boot.test.mock.mockito.ResetMocksTestExecutionListener, org.springframework.boot.test.autoconfigure.restdocs.RestDocsTestExecutionListener, org.springframework.boot.test.autoconfigure.web.client.MockRestServiceServerResetTestExecutionListener, org.springframework.boot.test.autoconfigure.web.servlet.MockMvcPrintOnlyOnFailureTestExecutionListener, org.springframework.boot.test.autoconfigure.web.servlet.WebDriverTestExecutionListener, org.springframework.boot.test.autoconfigure.webservices.client.MockWebServiceServerTestExecutionListener, org.springframework.test.context.web.ServletTestExecutionListener, org.springframework.test.context.support.DirtiesContextBeforeModesTestExecutionListener, org.springframework.test.context.event.ApplicationEventsTestExecutionListener, org.springframework.test.context.support.DependencyInjectionTestExecutionListener, org.springframework.test.context.support.DirtiesContextTestExecutionListener, org.springframework.test.context.transaction.TransactionalTestExecutionListener, org.springframework.test.context.jdbc.SqlScriptsTestExecutionListener, org.springframework.test.context.event.EventPublishingTestExecutionListener, org.spockframework.spring.SpringMockTestExecutionListener]
2024-05-17 15:25:52.370  INFO 26115 --- [           main] .b.t.c.SpringBootTestContextBootstrapper : Using TestExecutionListeners: [org.springframework.test.context.web.ServletTestExecutionListener@6f3f2340, org.springframework.test.context.support.DirtiesContextBeforeModesTestExecutionListener@179dc2, org.springframework.test.context.event.ApplicationEventsTestExecutionListener@1802badc, org.springframework.boot.test.mock.mockito.MockitoTestExecutionListener@3a089620, org.springframework.boot.test.autoconfigure.SpringBootDependencyInjectionTestExecutionListener@2cbb9702, org.springframework.test.context.support.DirtiesContextTestExecutionListener@10fef6da, org.springframework.test.context.event.EventPublishingTestExecutionListener@1da77a43, org.springframework.boot.test.mock.mockito.ResetMocksTestExecutionListener@63604641, org.springframework.boot.test.autoconfigure.restdocs.RestDocsTestExecutionListener@1313dea8, org.springframework.boot.test.autoconfigure.web.client.MockRestServiceServerResetTestExecutionListener@74bca236, org.springframework.boot.test.autoconfigure.web.servlet.MockMvcPrintOnlyOnFailureTestExecutionListener@526fbb80, org.springframework.boot.test.autoconfigure.web.servlet.WebDriverTestExecutionListener@33dcbdc2, org.springframework.boot.test.autoconfigure.webservices.client.MockWebServiceServerTestExecutionListener@3e37c38f, org.spockframework.spring.SpringMockTestExecutionListener@2f0b7b6d]
2024-05-17 15:25:52.372  INFO 26115 --- [WebServer 39563] okhttp3.mockwebserver.MockWebServer      : MockWebServer[39563] starting to accept connections
2024-05-17 15:25:52.377  INFO 26115 --- [127.0.0.1:37810] okhttp3.mockwebserver.MockWebServer      : MockWebServer[39563] received request: POST /api/v1/namespaces/test/configmaps HTTP/1.1 and responded: HTTP/1.1 200 OK
2024-05-17 15:25:52.381  INFO 26115 --- [WebServer 43877] okhttp3.mockwebserver.MockWebServer      : MockWebServer[43877] starting to accept connections
2024-05-17 15:25:52.391  INFO 26115 --- [WebServer 43877] okhttp3.mockwebserver.MockWebServer      : MockWebServer[43877] done accepting connections: Socket closed
2024-05-17 15:25:52.397  INFO 26115 --- [WebServer 60509] okhttp3.mockwebserver.MockWebServer      : MockWebServer[60509] starting to accept connections
2024-05-17 15:25:52.402  INFO 26115 --- [WebServer 59839] okhttp3.mockwebserver.MockWebServer      : MockWebServer[59839] starting to accept connections
2024-05-17 15:25:52.404  INFO 26115 --- [WebServer 59839] okhttp3.mockwebserver.MockWebServer      : MockWebServer[59839] done accepting connections: Socket closed
2024-05-17 15:25:52.408  INFO 26115 --- [WebServer 60225] okhttp3.mockwebserver.MockWebServer      : MockWebServer[60225] starting to accept connections
2024-05-17 15:25:52.410  INFO 26115 --- [WebServer 43193] okhttp3.mockwebserver.MockWebServer      : MockWebServer[43193] starting to accept connections
2024-05-17 15:25:52.414  INFO 26115 --- [127.0.0.1:47730] okhttp3.mockwebserver.MockWebServer      : MockWebServer[60225] received request: POST /api/v1/namespaces/test/configmaps HTTP/1.1 and responded: HTTP/1.1 200 OK
2024-05-17 15:25:52.414  INFO 26115 --- [           main] s.c.k.f.c.Fabric8ConfigMapPropertySource : Loading ConfigMap with name 'single-non-standard-test' in namespace 'test'
2024-05-17 15:25:52.415  INFO 26115 --- [127.0.0.1:47730] okhttp3.mockwebserver.MockWebServer      : MockWebServer[60225] received request: GET /api/v1/namespaces/test/configmaps/single-non-standard-test HTTP/1.1 and responded: HTTP/1.1 200 OK
2024-05-17 15:25:52.457  INFO 26115 --- [WebServer 43193] okhttp3.mockwebserver.MockWebServer      : MockWebServer[43193] done accepting connections: Socket closed
2024-05-17 15:25:52.461  INFO 26115 --- [           main] .b.t.c.SpringBootTestContextBootstrapper : Neither @ContextConfiguration nor @ContextHierarchy found for test class [org.springframework.cloud.kubernetes.fabric8.config.ConfigMapsTests], using SpringBootContextLoader
2024-05-17 15:25:52.461  INFO 26115 --- [           main] o.s.t.c.support.AbstractContextLoader    : Could not detect default resource locations for test class [org.springframework.cloud.kubernetes.fabric8.config.ConfigMapsTests]: no resource found for suffixes {-context.xml, Context.groovy}.
2024-05-17 15:25:52.463  INFO 26115 --- [           main] .b.t.c.SpringBootTestContextBootstrapper : Loaded default TestExecutionListener class names from location [META-INF/spring.factories]: [org.springframework.boot.test.mock.mockito.MockitoTestExecutionListener, org.springframework.boot.test.mock.mockito.ResetMocksTestExecutionListener, org.springframework.boot.test.autoconfigure.restdocs.RestDocsTestExecutionListener, org.springframework.boot.test.autoconfigure.web.client.MockRestServiceServerResetTestExecutionListener, org.springframework.boot.test.autoconfigure.web.servlet.MockMvcPrintOnlyOnFailureTestExecutionListener, org.springframework.boot.test.autoconfigure.web.servlet.WebDriverTestExecutionListener, org.springframework.boot.test.autoconfigure.webservices.client.MockWebServiceServerTestExecutionListener, org.springframework.test.context.web.ServletTestExecutionListener, org.springframework.test.context.support.DirtiesContextBeforeModesTestExecutionListener, org.springframework.test.context.event.ApplicationEventsTestExecutionListener, org.springframework.test.context.support.DependencyInjectionTestExecutionListener, org.springframework.test.context.support.DirtiesContextTestExecutionListener, org.springframework.test.context.transaction.TransactionalTestExecutionListener, org.springframework.test.context.jdbc.SqlScriptsTestExecutionListener, org.springframework.test.context.event.EventPublishingTestExecutionListener, org.spockframework.spring.SpringMockTestExecutionListener]
2024-05-17 15:25:52.464  INFO 26115 --- [           main] .b.t.c.SpringBootTestContextBootstrapper : Using TestExecutionListeners: [org.springframework.test.context.web.ServletTestExecutionListener@c197f46, org.springframework.test.context.support.DirtiesContextBeforeModesTestExecutionListener@4c5d934b, org.springframework.test.context.event.ApplicationEventsTestExecutionListener@150eab74, org.springframework.boot.test.mock.mockito.MockitoTestExecutionListener@4d2dc60, org.springframework.boot.test.autoconfigure.SpringBootDependencyInjectionTestExecutionListener@43f670f3, org.springframework.test.context.support.DirtiesContextTestExecutionListener@6311640d, org.springframework.test.context.event.EventPublishingTestExecutionListener@3a42610, org.springframework.boot.test.mock.mockito.ResetMocksTestExecutionListener@1107cbd8, org.springframework.boot.test.autoconfigure.restdocs.RestDocsTestExecutionListener@610640e3, org.springframework.boot.test.autoconfigure.web.client.MockRestServiceServerResetTestExecutionListener@95f61c2, org.springframework.boot.test.autoconfigure.web.servlet.MockMvcPrintOnlyOnFailureTestExecutionListener@2be9425f, org.springframework.boot.test.autoconfigure.web.servlet.WebDriverTestExecutionListener@41f05f1, org.springframework.boot.test.autoconfigure.webservices.client.MockWebServiceServerTestExecutionListener@57cd5cc9, org.spockframework.spring.SpringMockTestExecutionListener@25ee6683]
2024-05-17 15:25:52.465  INFO 26115 --- [WebServer 57673] okhttp3.mockwebserver.MockWebServer      : MockWebServer[57673] starting to accept connections
2024-05-17 15:25:52.471  INFO 26115 --- [127.0.0.1:54420] okhttp3.mockwebserver.MockWebServer      : MockWebServer[57673] received request: POST /api/v1/namespaces/test/configmaps HTTP/1.1 and responded: HTTP/1.1 200 OK
2024-05-17 15:25:52.506  WARN 26115 --- [           main] ubernetesProfileEnvironmentPostProcessor : Not running inside kubernetes. Skipping 'kubernetes' profile activation.

  .   ____          _            __ _ _
 /\\ / ___'_ __ _ _(_)_ __  __ _ \ \ \ \
( ( )\___ | '_ | '_| | '_ \/ _` | \ \ \ \
 \\/  ___)| |_)| | | | | || (_| |  ) ) ) )
  '  |____| .__|_| |_|_| |_\__, | / / / /
 =========|_|==============|___/=/_/_/_/
 :: Spring Boot ::                (v2.6.3)

2024-05-17 15:25:52.569  INFO 26115 --- [           main] s.c.k.f.c.Fabric8ConfigMapPropertySource : Loading ConfigMap with name 'configmap-example' in namespace 'test'
2024-05-17 15:25:52.572  INFO 26115 --- [127.0.0.1:54424] okhttp3.mockwebserver.MockWebServer      : MockWebServer[57673] received request: GET /api/v1/namespaces/test/configmaps/configmap-example HTTP/1.1 and responded: HTTP/1.1 200 OK
2024-05-17 15:25:52.575  INFO 26115 --- [           main] b.c.PropertySourceBootstrapConfiguration : Located property source: [BootstrapPropertySource {name='bootstrapProperties-configmap.configmap-example.test'}]
2024-05-17 15:25:52.579  WARN 26115 --- [           main] ubernetesProfileEnvironmentPostProcessor : Not running inside kubernetes. Skipping 'kubernetes' profile activation.
2024-05-17 15:25:52.579  INFO 26115 --- [           main] o.s.c.k.fabric8.config.ConfigMapsTests   : No active profile set, falling back to default profiles: default
2024-05-17 15:25:52.797  INFO 26115 --- [           main] o.s.cloud.context.scope.GenericScope     : BeanFactory id=affffd22-e438-321b-a0d0-967c2140a2e8
2024-05-17 15:25:52.884  INFO 26115 --- [           main] o.s.b.w.embedded.tomcat.TomcatWebServer  : Tomcat initialized with port(s): 0 (http)
2024-05-17 15:25:52.884  INFO 26115 --- [           main] o.apache.catalina.core.StandardService   : Starting service [Tomcat]
2024-05-17 15:25:52.885  INFO 26115 --- [           main] org.apache.catalina.core.StandardEngine  : Starting Servlet engine: [Apache Tomcat/9.0.56]
2024-05-17 15:25:52.894  INFO 26115 --- [           main] o.a.c.c.C.[Tomcat-9].[localhost].[/]     : Initializing Spring embedded WebApplicationContext
2024-05-17 15:25:52.894  INFO 26115 --- [           main] w.s.c.ServletWebServerApplicationContext : Root WebApplicationContext: initialization completed in 314 ms
2024-05-17 15:25:53.500  INFO 26115 --- [           main] o.s.b.a.e.web.EndpointLinksResolver      : Exposing 1 endpoint(s) beneath base path '/actuator'
2024-05-17 15:25:53.536  INFO 26115 --- [           main] o.s.b.w.embedded.tomcat.TomcatWebServer  : Tomcat started on port(s): 43045 (http) with context path ''
2024-05-17 15:25:53.542  INFO 26115 --- [           main] o.s.c.k.fabric8.config.ConfigMapsTests   : Started ConfigMapsTests in 1.069 seconds (JVM running for 24.142)
2024-05-17 15:25:53.552  INFO 26115 --- [WebServer 45961] okhttp3.mockwebserver.MockWebServer      : MockWebServer[45961] starting to accept connections
2024-05-17 15:25:53.560  INFO 26115 --- [-auto-10-exec-1] o.a.c.c.C.[Tomcat-9].[localhost].[/]     : Initializing Spring DispatcherServlet 'dispatcherServlet'
2024-05-17 15:25:53.560  INFO 26115 --- [-auto-10-exec-1] o.s.web.servlet.DispatcherServlet        : Initializing Servlet 'dispatcherServlet'
2024-05-17 15:25:53.561  INFO 26115 --- [-auto-10-exec-1] o.s.web.servlet.DispatcherServlet        : Completed initialization in 1 ms
2024-05-17 15:25:53.570  INFO 26115 --- [WebServer 45961] okhttp3.mockwebserver.MockWebServer      : MockWebServer[45961] done accepting connections: Socket closed
2024-05-17 15:25:53.577  INFO 26115 --- [WebServer 49333] okhttp3.mockwebserver.MockWebServer      : MockWebServer[49333] starting to accept connections
2024-05-17 15:25:53.580  INFO 26115 --- [WebServer 54741] okhttp3.mockwebserver.MockWebServer      : MockWebServer[54741] starting to accept connections
2024-05-17 15:25:53.581  INFO 26115 --- [           main] s.c.k.f.c.Fabric8ConfigMapPropertySource : Loading ConfigMap with name 'configmap' in namespace 'namespace'
2024-05-17 15:25:53.581  WARN 26115 --- [           main] s.c.k.f.c.Fabric8ConfigMapPropertySource : Can't read configMap with name: [configmap] in namespace: [namespace]. Ignoring.

java.lang.NullPointerException: null
	at org.springframework.cloud.kubernetes.fabric8.config.Fabric8ConfigUtils.getConfigMapData(Fabric8ConfigUtils.java:118)
	at org.springframework.cloud.kubernetes.fabric8.config.Fabric8ConfigMapPropertySource.getData(Fabric8ConfigMapPropertySource.java:79)
	at org.springframework.cloud.kubernetes.fabric8.config.Fabric8ConfigMapPropertySource.<init>(Fabric8ConfigMapPropertySource.java:63)
	at org.springframework.cloud.kubernetes.fabric8.config.Fabric8ConfigMapPropertySourceTests.anotherDeprecatedConstructorWithNamespaceMustNotFail(Fabric8ConfigMapPropertySourceTests.java:102)
	at sun.reflect.NativeMethodAccessorImpl.invoke0(Native Method)
	at sun.reflect.NativeMethodAccessorImpl.invoke(NativeMethodAccessorImpl.java:62)
	at sun.reflect.DelegatingMethodAccessorImpl.invoke(DelegatingMethodAccessorImpl.java:43)
	at java.lang.reflect.Method.invoke(Method.java:498)
	at org.junit.platform.commons.util.ReflectionUtils.invokeMethod(ReflectionUtils.java:725)
	at org.junit.jupiter.engine.execution.MethodInvocation.proceed(MethodInvocation.java:60)
	at org.junit.jupiter.engine.execution.InvocationInterceptorChain$ValidatingInvocation.proceed(InvocationInterceptorChain.java:131)
	at org.junit.jupiter.engine.extension.TimeoutExtension.intercept(TimeoutExtension.java:149)
	at org.junit.jupiter.engine.extension.TimeoutExtension.interceptTestableMethod(TimeoutExtension.java:140)
	at org.junit.jupiter.engine.extension.TimeoutExtension.interceptTestMethod(TimeoutExtension.java:84)
	at org.junit.jupiter.engine.execution.ExecutableInvoker$ReflectiveInterceptorCall.lambda$ofVoidMethod$0(ExecutableInvoker.java:115)
	at org.junit.jupiter.engine.execution.ExecutableInvoker.lambda$invoke$0(ExecutableInvoker.java:105)
	at org.junit.jupiter.engine.execution.InvocationInterceptorChain$InterceptedInvocation.proceed(InvocationInterceptorChain.java:106)
	at org.junit.jupiter.engine.execution.InvocationInterceptorChain.proceed(InvocationInterceptorChain.java:64)
	at org.junit.jupiter.engine.execution.InvocationInterceptorChain.chainAndInvoke(InvocationInterceptorChain.java:45)
	at org.junit.jupiter.engine.execution.InvocationInterceptorChain.invoke(InvocationInterceptorChain.java:37)
	at org.junit.jupiter.engine.execution.ExecutableInvoker.invoke(ExecutableInvoker.java:104)
	at org.junit.jupiter.engine.execution.ExecutableInvoker.invoke(ExecutableInvoker.java:98)
	at org.junit.jupiter.engine.descriptor.TestMethodTestDescriptor.lambda$invokeTestMethod$7(TestMethodTestDescriptor.java:214)
	at org.junit.platform.engine.support.hierarchical.ThrowableCollector.execute(ThrowableCollector.java:73)
	at org.junit.jupiter.engine.descriptor.TestMethodTestDescriptor.invokeTestMethod(TestMethodTestDescriptor.java:210)
	at org.junit.jupiter.engine.descriptor.TestMethodTestDescriptor.execute(TestMethodTestDescriptor.java:135)
	at org.junit.jupiter.engine.descriptor.TestMethodTestDescriptor.execute(TestMethodTestDescriptor.java:66)
	at org.junit.platform.engine.support.hierarchical.NodeTestTask.lambda$executeRecursively$6(NodeTestTask.java:151)
	at org.junit.platform.engine.support.hierarchical.ThrowableCollector.execute(ThrowableCollector.java:73)
	at org.junit.platform.engine.support.hierarchical.NodeTestTask.lambda$executeRecursively$8(NodeTestTask.java:141)
	at org.junit.platform.engine.support.hierarchical.Node.around(Node.java:137)
	at org.junit.platform.engine.support.hierarchical.NodeTestTask.lambda$executeRecursively$9(NodeTestTask.java:139)
	at org.junit.platform.engine.support.hierarchical.ThrowableCollector.execute(ThrowableCollector.java:73)
	at org.junit.platform.engine.support.hierarchical.NodeTestTask.executeRecursively(NodeTestTask.java:138)
	at org.junit.platform.engine.support.hierarchical.NodeTestTask.execute(NodeTestTask.java:95)
	at java.util.ArrayList.forEach(ArrayList.java:1259)
	at org.junit.platform.engine.support.hierarchical.SameThreadHierarchicalTestExecutorService.invokeAll(SameThreadHierarchicalTestExecutorService.java:41)
	at org.junit.platform.engine.support.hierarchical.NodeTestTask.lambda$executeRecursively$6(NodeTestTask.java:155)
	at org.junit.platform.engine.support.hierarchical.ThrowableCollector.execute(ThrowableCollector.java:73)
	at org.junit.platform.engine.support.hierarchical.NodeTestTask.lambda$executeRecursively$8(NodeTestTask.java:141)
	at org.junit.platform.engine.support.hierarchical.Node.around(Node.java:137)
	at org.junit.platform.engine.support.hierarchical.NodeTestTask.lambda$executeRecursively$9(NodeTestTask.java:139)
	at org.junit.platform.engine.support.hierarchical.ThrowableCollector.execute(ThrowableCollector.java:73)
	at org.junit.platform.engine.support.hierarchical.NodeTestTask.executeRecursively(NodeTestTask.java:138)
	at org.junit.platform.engine.support.hierarchical.NodeTestTask.execute(NodeTestTask.java:95)
	at java.util.ArrayList.forEach(ArrayList.java:1259)
	at org.junit.platform.engine.support.hierarchical.SameThreadHierarchicalTestExecutorService.invokeAll(SameThreadHierarchicalTestExecutorService.java:41)
	at org.junit.platform.engine.support.hierarchical.NodeTestTask.lambda$executeRecursively$6(NodeTestTask.java:155)
	at org.junit.platform.engine.support.hierarchical.ThrowableCollector.execute(ThrowableCollector.java:73)
	at org.junit.platform.engine.support.hierarchical.NodeTestTask.lambda$executeRecursively$8(NodeTestTask.java:141)
	at org.junit.platform.engine.support.hierarchical.Node.around(Node.java:137)
	at org.junit.platform.engine.support.hierarchical.NodeTestTask.lambda$executeRecursively$9(NodeTestTask.java:139)
	at org.junit.platform.engine.support.hierarchical.ThrowableCollector.execute(ThrowableCollector.java:73)
	at org.junit.platform.engine.support.hierarchical.NodeTestTask.executeRecursively(NodeTestTask.java:138)
	at org.junit.platform.engine.support.hierarchical.NodeTestTask.execute(NodeTestTask.java:95)
	at org.junit.platform.engine.support.hierarchical.SameThreadHierarchicalTestExecutorService.submit(SameThreadHierarchicalTestExecutorService.java:35)
	at org.junit.platform.engine.support.hierarchical.HierarchicalTestExecutor.execute(HierarchicalTestExecutor.java:57)
	at org.junit.platform.engine.support.hierarchical.HierarchicalTestEngine.execute(HierarchicalTestEngine.java:54)
	at org.junit.platform.launcher.core.DefaultLauncher.execute(DefaultLauncher.java:170)
	at org.junit.platform.launcher.core.DefaultLauncher.execute(DefaultLauncher.java:154)
	at org.junit.platform.launcher.core.DefaultLauncher.execute(DefaultLauncher.java:90)
	at edu.illinois.cs.testrunner.execution.JUnit5TestExecutor.runTestsSeparately(JUnit5TestExecutor.java:40)
	at edu.illinois.cs.testrunner.execution.Executor$.$anonfun$run$1(Executor.scala:33)
	at scala.runtime.java8.JFunction0$mcV$sp.apply(JFunction0$mcV$sp.java:12)
	at scala.util.Try$.apply(Try.scala:209)
	at edu.illinois.cs.testrunner.execution.Executor$.run(Executor.scala:28)
	at edu.illinois.cs.testrunner.execution.Executor$.main(Executor.scala:18)
	at edu.illinois.cs.testrunner.execution.Executor.main(Executor.scala)

2024-05-17 15:25:53.582  INFO 26115 --- [WebServer 54741] okhttp3.mockwebserver.MockWebServer      : MockWebServer[54741] done accepting connections: Socket closed
2024-05-17 15:25:53.585  INFO 26115 --- [           main] .b.t.c.SpringBootTestContextBootstrapper : Neither @ContextConfiguration nor @ContextHierarchy found for test class [org.springframework.cloud.kubernetes.fabric8.config.MultipleConfigMapsTests], using SpringBootContextLoader
2024-05-17 15:25:53.586  INFO 26115 --- [           main] o.s.t.c.support.AbstractContextLoader    : Could not detect default resource locations for test class [org.springframework.cloud.kubernetes.fabric8.config.MultipleConfigMapsTests]: no resource found for suffixes {-context.xml, Context.groovy}.
2024-05-17 15:25:53.589  INFO 26115 --- [           main] .b.t.c.SpringBootTestContextBootstrapper : Loaded default TestExecutionListener class names from location [META-INF/spring.factories]: [org.springframework.boot.test.mock.mockito.MockitoTestExecutionListener, org.springframework.boot.test.mock.mockito.ResetMocksTestExecutionListener, org.springframework.boot.test.autoconfigure.restdocs.RestDocsTestExecutionListener, org.springframework.boot.test.autoconfigure.web.client.MockRestServiceServerResetTestExecutionListener, org.springframework.boot.test.autoconfigure.web.servlet.MockMvcPrintOnlyOnFailureTestExecutionListener, org.springframework.boot.test.autoconfigure.web.servlet.WebDriverTestExecutionListener, org.springframework.boot.test.autoconfigure.webservices.client.MockWebServiceServerTestExecutionListener, org.springframework.test.context.web.ServletTestExecutionListener, org.springframework.test.context.support.DirtiesContextBeforeModesTestExecutionListener, org.springframework.test.context.event.ApplicationEventsTestExecutionListener, org.springframework.test.context.support.DependencyInjectionTestExecutionListener, org.springframework.test.context.support.DirtiesContextTestExecutionListener, org.springframework.test.context.transaction.TransactionalTestExecutionListener, org.springframework.test.context.jdbc.SqlScriptsTestExecutionListener, org.springframework.test.context.event.EventPublishingTestExecutionListener, org.spockframework.spring.SpringMockTestExecutionListener]
2024-05-17 15:25:53.590  INFO 26115 --- [           main] .b.t.c.SpringBootTestContextBootstrapper : Using TestExecutionListeners: [org.springframework.test.context.web.ServletTestExecutionListener@43ee4942, org.springframework.test.context.support.DirtiesContextBeforeModesTestExecutionListener@a6e0e5f, org.springframework.test.context.event.ApplicationEventsTestExecutionListener@15d6f0e1, org.springframework.boot.test.mock.mockito.MockitoTestExecutionListener@3116e9d2, org.springframework.boot.test.autoconfigure.SpringBootDependencyInjectionTestExecutionListener@312eb, org.springframework.test.context.support.DirtiesContextTestExecutionListener@7a65e842, org.springframework.test.context.event.EventPublishingTestExecutionListener@58965e17, org.springframework.boot.test.mock.mockito.ResetMocksTestExecutionListener@5e4874ae, org.springframework.boot.test.autoconfigure.restdocs.RestDocsTestExecutionListener@4644b1c6, org.springframework.boot.test.autoconfigure.web.client.MockRestServiceServerResetTestExecutionListener@13b666b4, org.springframework.boot.test.autoconfigure.web.servlet.MockMvcPrintOnlyOnFailureTestExecutionListener@793af433, org.springframework.boot.test.autoconfigure.web.servlet.WebDriverTestExecutionListener@644a12be, org.springframework.boot.test.autoconfigure.webservices.client.MockWebServiceServerTestExecutionListener@7e34570, org.spockframework.spring.SpringMockTestExecutionListener@274010fe]
2024-05-17 15:25:53.592  INFO 26115 --- [WebServer 40951] okhttp3.mockwebserver.MockWebServer      : MockWebServer[40951] starting to accept connections
2024-05-17 15:25:53.597  INFO 26115 --- [127.0.0.1:40268] okhttp3.mockwebserver.MockWebServer      : MockWebServer[40951] received request: POST /api/v1/namespaces/defnamespace/configmaps HTTP/1.1 and responded: HTTP/1.1 200 OK
2024-05-17 15:25:53.601  INFO 26115 --- [127.0.0.1:40268] okhttp3.mockwebserver.MockWebServer      : MockWebServer[40951] received request: POST /api/v1/namespaces/s2/configmaps HTTP/1.1 and responded: HTTP/1.1 200 OK
2024-05-17 15:25:53.646  INFO 26115 --- [127.0.0.1:40268] okhttp3.mockwebserver.MockWebServer      : MockWebServer[40951] received request: POST /api/v1/namespaces/othernamespace/configmaps HTTP/1.1 and responded: HTTP/1.1 200 OK
2024-05-17 15:25:53.691  INFO 26115 --- [WebServer 34311] okhttp3.mockwebserver.MockWebServer      : MockWebServer[34311] starting to accept connections
2024-05-17 15:25:53.699  INFO 26115 --- [WebServer 34311] okhttp3.mockwebserver.MockWebServer      : MockWebServer[34311] done accepting connections: Socket closed
2024-05-17 15:25:53.708  INFO 26115 --- [WebServer 38995] okhttp3.mockwebserver.MockWebServer      : MockWebServer[38995] starting to accept connections
2024-05-17 15:25:53.716  INFO 26115 --- [WebServer 41719] okhttp3.mockwebserver.MockWebServer      : MockWebServer[41719] starting to accept connections
2024-05-17 15:25:53.718  INFO 26115 --- [           main] .b.t.c.SpringBootTestContextBootstrapper : Neither @ContextConfiguration nor @ContextHierarchy found for test class [org.springframework.cloud.kubernetes.fabric8.config.Fabric8SecretsPropertySourceLocatorRetryTests$SecretsRetryEnabled], using SpringBootContextLoader
2024-05-17 15:25:53.718  INFO 26115 --- [           main] o.s.t.c.support.AbstractContextLoader    : Could not detect default resource locations for test class [org.springframework.cloud.kubernetes.fabric8.config.Fabric8SecretsPropertySourceLocatorRetryTests$SecretsRetryEnabled]: no resource found for suffixes {-context.xml, Context.groovy}.
2024-05-17 15:25:53.724  INFO 26115 --- [           main] .b.t.c.SpringBootTestContextBootstrapper : Loaded default TestExecutionListener class names from location [META-INF/spring.factories]: [org.springframework.boot.test.mock.mockito.MockitoTestExecutionListener, org.springframework.boot.test.mock.mockito.ResetMocksTestExecutionListener, org.springframework.boot.test.autoconfigure.restdocs.RestDocsTestExecutionListener, org.springframework.boot.test.autoconfigure.web.client.MockRestServiceServerResetTestExecutionListener, org.springframework.boot.test.autoconfigure.web.servlet.MockMvcPrintOnlyOnFailureTestExecutionListener, org.springframework.boot.test.autoconfigure.web.servlet.WebDriverTestExecutionListener, org.springframework.boot.test.autoconfigure.webservices.client.MockWebServiceServerTestExecutionListener, org.springframework.test.context.web.ServletTestExecutionListener, org.springframework.test.context.support.DirtiesContextBeforeModesTestExecutionListener, org.springframework.test.context.event.ApplicationEventsTestExecutionListener, org.springframework.test.context.support.DependencyInjectionTestExecutionListener, org.springframework.test.context.support.DirtiesContextTestExecutionListener, org.springframework.test.context.transaction.TransactionalTestExecutionListener, org.springframework.test.context.jdbc.SqlScriptsTestExecutionListener, org.springframework.test.context.event.EventPublishingTestExecutionListener, org.spockframework.spring.SpringMockTestExecutionListener]
2024-05-17 15:25:53.727  INFO 26115 --- [           main] .b.t.c.SpringBootTestContextBootstrapper : Using TestExecutionListeners: [org.springframework.test.context.web.ServletTestExecutionListener@2b24fcba, org.springframework.test.context.support.DirtiesContextBeforeModesTestExecutionListener@59f2a9e9, org.springframework.test.context.event.ApplicationEventsTestExecutionListener@6c37b0de, org.springframework.boot.test.mock.mockito.MockitoTestExecutionListener@3f774d60, org.springframework.boot.test.autoconfigure.SpringBootDependencyInjectionTestExecutionListener@333ab718, org.springframework.test.context.support.DirtiesContextTestExecutionListener@7fcbed77, org.springframework.test.context.event.EventPublishingTestExecutionListener@2e2b1310, org.springframework.boot.test.mock.mockito.ResetMocksTestExecutionListener@2b3247f8, org.springframework.boot.test.autoconfigure.restdocs.RestDocsTestExecutionListener@4d56b7f1, org.springframework.boot.test.autoconfigure.web.client.MockRestServiceServerResetTestExecutionListener@6dd65b79, org.springframework.boot.test.autoconfigure.web.servlet.MockMvcPrintOnlyOnFailureTestExecutionListener@1b136640, org.springframework.boot.test.autoconfigure.web.servlet.WebDriverTestExecutionListener@22a7ff5d, org.springframework.boot.test.autoconfigure.webservices.client.MockWebServiceServerTestExecutionListener@5a362dc7, org.spockframework.spring.SpringMockTestExecutionListener@564b86b]
2024-05-17 15:25:53.763  WARN 26115 --- [           main] ubernetesProfileEnvironmentPostProcessor : Not running inside kubernetes. Skipping 'kubernetes' profile activation.
2024-05-17 15:25:53.827  INFO 26115 --- [           main] trationDelegate$BeanPostProcessorChecker : Bean 'org.springframework.retry.annotation.RetryConfiguration' of type [org.springframework.retry.annotation.RetryConfiguration] is not eligible for getting processed by all BeanPostProcessors (for example: not eligible for auto-proxying)

  .   ____          _            __ _ _
 /\\ / ___'_ __ _ _(_)_ __  __ _ \ \ \ \
( ( )\___ | '_ | '_| | '_ \/ _` | \ \ \ \
 \\/  ___)| |_)| | | | | || (_| |  ) ) ) )
  '  |____| .__|_| |_|_| |_\__, | / / / /
 =========|_|==============|___/=/_/_/_/
 :: Spring Boot ::                (v2.6.3)

2024-05-17 15:25:53.926  INFO 26115 --- [           main] s.c.k.f.c.Fabric8ConfigMapPropertySource : Loading ConfigMap with name 'application' in namespace 'default'
2024-05-17 15:25:54.026  INFO 26115 --- [127.0.0.1:44648] okhttp3.mockwebserver.MockWebServer      : MockWebServer[38995] received request: GET /api/v1/namespaces/default/configmaps/application HTTP/1.1 and responded: HTTP/1.1 404 Client Error
2024-05-17 15:25:54.029  INFO 26115 --- [           main] o.s.c.k.f.config.Fabric8ConfigUtils      : config-map with name : 'application' not present in namespace : 'default'
2024-05-17 15:25:54.029  INFO 26115 --- [           main] b.c.PropertySourceBootstrapConfiguration : Located property source: [BootstrapPropertySource {name='bootstrapProperties-configmap.application.default'}]
2024-05-17 15:25:54.036  INFO 26115 --- [           main] o.s.c.k.f.c.Fabric8SecretsPropertySource : Loading Secret with name 'my-secret' or with labels [{}] in namespace 'default'
2024-05-17 15:25:54.037  INFO 26115 --- [127.0.0.1:44648] okhttp3.mockwebserver.MockWebServer      : MockWebServer[38995] received request: GET /api/v1/namespaces/default/secrets/my-secret HTTP/1.1 and responded: HTTP/1.1 404 Client Error
2024-05-17 15:25:54.037  WARN 26115 --- [           main] o.s.c.k.f.c.Fabric8SecretsPropertySource : secret with name : my-secret in namespace : default not found
2024-05-17 15:25:54.039  INFO 26115 --- [127.0.0.1:44648] okhttp3.mockwebserver.MockWebServer      : MockWebServer[38995] received request: GET /api/v1/namespaces/default/secrets HTTP/1.1 and responded: HTTP/1.1 200 OK
2024-05-17 15:25:54.080  INFO 26115 --- [           main] b.c.PropertySourceBootstrapConfiguration : Located property source: [BootstrapPropertySource {name='bootstrapProperties-secrets.my-secret.default'}]
2024-05-17 15:25:54.083  WARN 26115 --- [           main] ubernetesProfileEnvironmentPostProcessor : Not running inside kubernetes. Skipping 'kubernetes' profile activation.
2024-05-17 15:25:54.083  INFO 26115 --- [           main] rceLocatorRetryTests$SecretsRetryEnabled : No active profile set, falling back to default profiles: default
2024-05-17 15:25:54.380  INFO 26115 --- [           main] o.s.cloud.context.scope.GenericScope     : BeanFactory id=94652287-2eb9-367e-b08b-eea09b3b2900
2024-05-17 15:25:54.791  INFO 26115 --- [           main] rceLocatorRetryTests$SecretsRetryEnabled : Started Fabric8SecretsPropertySourceLocatorRetryTests.SecretsRetryEnabled in 1.061 seconds (JVM running for 25.39)
2024-05-17 15:25:54.796  INFO 26115 --- [WebServer 38305] okhttp3.mockwebserver.MockWebServer      : MockWebServer[38305] starting to accept connections
2024-05-17 15:25:54.810  INFO 26115 --- [           main] o.s.c.k.f.c.Fabric8SecretsPropertySource : Loading Secret with name 'my-secret' or with labels [{}] in namespace 'default'
2024-05-17 15:25:54.811  INFO 26115 --- [127.0.0.1:44648] okhttp3.mockwebserver.MockWebServer      : MockWebServer[38995] received request: GET /api/v1/namespaces/default/secrets/my-secret HTTP/1.1 and responded: HTTP/1.1 500 Server Error
2024-05-17 15:25:55.814  INFO 26115 --- [           main] o.s.c.k.f.c.Fabric8SecretsPropertySource : Loading Secret with name 'my-secret' or with labels [{}] in namespace 'default'
2024-05-17 15:25:55.818  INFO 26115 --- [127.0.0.1:44648] okhttp3.mockwebserver.MockWebServer      : MockWebServer[38995] received request: GET /api/v1/namespaces/default/secrets/my-secret HTTP/1.1 and responded: HTTP/1.1 500 Server Error
2024-05-17 15:25:56.922  INFO 26115 --- [           main] o.s.c.k.f.c.Fabric8SecretsPropertySource : Loading Secret with name 'my-secret' or with labels [{}] in namespace 'default'
2024-05-17 15:25:56.926  INFO 26115 --- [127.0.0.1:44648] okhttp3.mockwebserver.MockWebServer      : MockWebServer[38995] received request: GET /api/v1/namespaces/default/secrets/my-secret HTTP/1.1 and responded: HTTP/1.1 500 Server Error
2024-05-17 15:25:58.140  INFO 26115 --- [           main] o.s.c.k.f.c.Fabric8SecretsPropertySource : Loading Secret with name 'my-secret' or with labels [{}] in namespace 'default'
2024-05-17 15:25:58.145  INFO 26115 --- [127.0.0.1:44648] okhttp3.mockwebserver.MockWebServer      : MockWebServer[38995] received request: GET /api/v1/namespaces/default/secrets/my-secret HTTP/1.1 and responded: HTTP/1.1 200 OK
2024-05-17 15:25:58.149  INFO 26115 --- [127.0.0.1:44648] okhttp3.mockwebserver.MockWebServer      : MockWebServer[38995] received request: GET /api/v1/namespaces/default/secrets HTTP/1.1 and responded: HTTP/1.1 200 OK
2024-05-17 15:25:58.220  INFO 26115 --- [WebServer 38305] okhttp3.mockwebserver.MockWebServer      : MockWebServer[38305] done accepting connections: Socket closed
