2024-05-17 18:41:28.362  INFO   --- [           main] .b.t.c.SpringBootTestContextBootstrapper : Neither @ContextConfiguration nor @ContextHierarchy found for test class [org.springframework.cloud.kubernetes.fabric8.config.ConfigMapsWithActiveProfilesNameTests], using SpringBootContextLoader
2024-05-17 18:41:28.368  INFO   --- [           main] o.s.t.c.support.AbstractContextLoader    : Could not detect default resource locations for test class [org.springframework.cloud.kubernetes.fabric8.config.ConfigMapsWithActiveProfilesNameTests]: no resource found for suffixes {-context.xml, Context.groovy}.
2024-05-17 18:41:28.542  INFO   --- [           main] .b.t.c.SpringBootTestContextBootstrapper : Loaded default TestExecutionListener class names from location [META-INF/spring.factories]: [org.springframework.boot.test.mock.mockito.MockitoTestExecutionListener, org.springframework.boot.test.mock.mockito.ResetMocksTestExecutionListener, org.springframework.boot.test.autoconfigure.restdocs.RestDocsTestExecutionListener, org.springframework.boot.test.autoconfigure.web.client.MockRestServiceServerResetTestExecutionListener, org.springframework.boot.test.autoconfigure.web.servlet.MockMvcPrintOnlyOnFailureTestExecutionListener, org.springframework.boot.test.autoconfigure.web.servlet.WebDriverTestExecutionListener, org.springframework.boot.test.autoconfigure.webservices.client.MockWebServiceServerTestExecutionListener, org.springframework.test.context.web.ServletTestExecutionListener, org.springframework.test.context.support.DirtiesContextBeforeModesTestExecutionListener, org.springframework.test.context.event.ApplicationEventsTestExecutionListener, org.springframework.test.context.support.DependencyInjectionTestExecutionListener, org.springframework.test.context.support.DirtiesContextTestExecutionListener, org.springframework.test.context.transaction.TransactionalTestExecutionListener, org.springframework.test.context.jdbc.SqlScriptsTestExecutionListener, org.springframework.test.context.event.EventPublishingTestExecutionListener, org.spockframework.spring.SpringMockTestExecutionListener]
2024-05-17 18:41:28.554  INFO   --- [           main] .b.t.c.SpringBootTestContextBootstrapper : Using TestExecutionListeners: [org.springframework.test.context.web.ServletTestExecutionListener@797cf65c, org.springframework.test.context.support.DirtiesContextBeforeModesTestExecutionListener@31bcf236, org.springframework.test.context.event.ApplicationEventsTestExecutionListener@4b3ed2f0, org.springframework.boot.test.mock.mockito.MockitoTestExecutionListener@4fad9bb2, org.springframework.boot.test.autoconfigure.SpringBootDependencyInjectionTestExecutionListener@517d4a0d, org.springframework.test.context.support.DirtiesContextTestExecutionListener@7862f56, org.springframework.test.context.event.EventPublishingTestExecutionListener@3a12c404, org.springframework.boot.test.mock.mockito.ResetMocksTestExecutionListener@1941a8ff, org.springframework.boot.test.autoconfigure.restdocs.RestDocsTestExecutionListener@22d7b4f8, org.springframework.boot.test.autoconfigure.web.client.MockRestServiceServerResetTestExecutionListener@149dd36b, org.springframework.boot.test.autoconfigure.web.servlet.MockMvcPrintOnlyOnFailureTestExecutionListener@38831718, org.springframework.boot.test.autoconfigure.web.servlet.WebDriverTestExecutionListener@2c1156a7, org.springframework.boot.test.autoconfigure.webservices.client.MockWebServiceServerTestExecutionListener@33fe57a9, org.spockframework.spring.SpringMockTestExecutionListener@4982cc36]
May 17, 2024 6:41:29 PM okhttp3.mockwebserver.MockWebServer$3 execute
INFO: MockWebServer[40565] starting to accept connections
May 17, 2024 6:41:29 PM okhttp3.mockwebserver.MockWebServer$4 processOneRequest
INFO: MockWebServer[40565] received request: POST /api/v1/namespaces/test/configmaps HTTP/1.1 and responded: HTTP/1.1 200 OK
May 17, 2024 6:41:29 PM okhttp3.mockwebserver.MockWebServer$4 processOneRequest
INFO: MockWebServer[40565] received request: POST /api/v1/namespaces/test/configmaps HTTP/1.1 and responded: HTTP/1.1 200 OK
2024-05-17 18:41:29.675  WARN 52735 --- [           main] ubernetesProfileEnvironmentPostProcessor : Not running inside kubernetes. Skipping 'kubernetes' profile activation.

  .   ____          _            __ _ _
 /\\ / ___'_ __ _ _(_)_ __  __ _ \ \ \ \
( ( )\___ | '_ | '_| | '_ \/ _` | \ \ \ \
 \\/  ___)| |_)| | | | | || (_| |  ) ) ) )
  '  |____| .__|_| |_|_| |_\__, | / / / /
 =========|_|==============|___/=/_/_/_/
 :: Spring Boot ::                (v2.6.3)

2024-05-17 18:41:30.552  INFO 52735 --- [           main] s.c.k.f.c.Fabric8ConfigMapPropertySource : Loading ConfigMap with name 'configmap-with-active-profile-name-example' in namespace 'test'
2024-05-17 18:41:30.556  INFO 52735 --- [127.0.0.1:57096] okhttp3.mockwebserver.MockWebServer      : MockWebServer[40565] received request: GET /api/v1/namespaces/test/configmaps/configmap-with-active-profile-name-example HTTP/1.1 and responded: HTTP/1.1 200 OK
2024-05-17 18:41:30.573  INFO 52735 --- [127.0.0.1:57096] okhttp3.mockwebserver.MockWebServer      : MockWebServer[40565] received request: GET /api/v1/namespaces/test/configmaps/configmap-with-active-profile-name-example-development HTTP/1.1 and responded: HTTP/1.1 200 OK
2024-05-17 18:41:30.617  INFO 52735 --- [           main] b.c.PropertySourceBootstrapConfiguration : Located property source: [BootstrapPropertySource {name='bootstrapProperties-configmap.configmap-with-active-profile-name-example.test'}]
2024-05-17 18:41:30.637  WARN 52735 --- [           main] ubernetesProfileEnvironmentPostProcessor : Not running inside kubernetes. Skipping 'kubernetes' profile activation.
2024-05-17 18:41:30.638  INFO 52735 --- [           main] .c.ConfigMapsWithActiveProfilesNameTests : The following profiles are active: development
2024-05-17 18:41:31.540  INFO 52735 --- [           main] o.s.cloud.context.scope.GenericScope     : BeanFactory id=affffd22-e438-321b-a0d0-967c2140a2e8
2024-05-17 18:41:32.007  INFO 52735 --- [           main] o.s.b.w.embedded.tomcat.TomcatWebServer  : Tomcat initialized with port(s): 0 (http)
2024-05-17 18:41:32.020  INFO 52735 --- [           main] o.apache.catalina.core.StandardService   : Starting service [Tomcat]
2024-05-17 18:41:32.020  INFO 52735 --- [           main] org.apache.catalina.core.StandardEngine  : Starting Servlet engine: [Apache Tomcat/9.0.56]
2024-05-17 18:41:32.158  INFO 52735 --- [           main] o.a.c.c.C.[Tomcat].[localhost].[/]       : Initializing Spring embedded WebApplicationContext
2024-05-17 18:41:32.159  INFO 52735 --- [           main] w.s.c.ServletWebServerApplicationContext : Root WebApplicationContext: initialization completed in 1518 ms
2024-05-17 18:41:34.351  INFO 52735 --- [           main] o.s.b.a.e.web.EndpointLinksResolver      : Exposing 1 endpoint(s) beneath base path '/actuator'
2024-05-17 18:41:34.553  INFO 52735 --- [           main] o.s.b.w.embedded.tomcat.TomcatWebServer  : Tomcat started on port(s): 35997 (http) with context path ''
2024-05-17 18:41:34.575  INFO 52735 --- [           main] .c.ConfigMapsWithActiveProfilesNameTests : Started ConfigMapsWithActiveProfilesNameTests in 5.212 seconds (JVM running for 7.322)
2024-05-17 18:41:34.944  INFO 52735 --- [WebServer 41399] okhttp3.mockwebserver.MockWebServer      : MockWebServer[41399] starting to accept connections
2024-05-17 18:41:35.378  INFO 52735 --- [o-auto-1-exec-1] o.a.c.c.C.[Tomcat].[localhost].[/]       : Initializing Spring DispatcherServlet 'dispatcherServlet'
2024-05-17 18:41:35.378  INFO 52735 --- [o-auto-1-exec-1] o.s.web.servlet.DispatcherServlet        : Initializing Servlet 'dispatcherServlet'
2024-05-17 18:41:35.379  INFO 52735 --- [o-auto-1-exec-1] o.s.web.servlet.DispatcherServlet        : Completed initialization in 1 ms
2024-05-17 18:41:35.543  INFO 52735 --- [WebServer 41399] okhttp3.mockwebserver.MockWebServer      : MockWebServer[41399] done accepting connections: Socket closed
2024-05-17 18:41:35.554  INFO 52735 --- [           main] .b.t.c.SpringBootTestContextBootstrapper : Neither @ContextConfiguration nor @ContextHierarchy found for test class [org.springframework.cloud.kubernetes.fabric8.config.MultipleSecretsTests], using SpringBootContextLoader
2024-05-17 18:41:35.555  INFO 52735 --- [           main] o.s.t.c.support.AbstractContextLoader    : Could not detect default resource locations for test class [org.springframework.cloud.kubernetes.fabric8.config.MultipleSecretsTests]: no resource found for suffixes {-context.xml, Context.groovy}.
2024-05-17 18:41:35.559  INFO 52735 --- [           main] .b.t.c.SpringBootTestContextBootstrapper : Loaded default TestExecutionListener class names from location [META-INF/spring.factories]: [org.springframework.boot.test.mock.mockito.MockitoTestExecutionListener, org.springframework.boot.test.mock.mockito.ResetMocksTestExecutionListener, org.springframework.boot.test.autoconfigure.restdocs.RestDocsTestExecutionListener, org.springframework.boot.test.autoconfigure.web.client.MockRestServiceServerResetTestExecutionListener, org.springframework.boot.test.autoconfigure.web.servlet.MockMvcPrintOnlyOnFailureTestExecutionListener, org.springframework.boot.test.autoconfigure.web.servlet.WebDriverTestExecutionListener, org.springframework.boot.test.autoconfigure.webservices.client.MockWebServiceServerTestExecutionListener, org.springframework.test.context.web.ServletTestExecutionListener, org.springframework.test.context.support.DirtiesContextBeforeModesTestExecutionListener, org.springframework.test.context.event.ApplicationEventsTestExecutionListener, org.springframework.test.context.support.DependencyInjectionTestExecutionListener, org.springframework.test.context.support.DirtiesContextTestExecutionListener, org.springframework.test.context.transaction.TransactionalTestExecutionListener, org.springframework.test.context.jdbc.SqlScriptsTestExecutionListener, org.springframework.test.context.event.EventPublishingTestExecutionListener, org.spockframework.spring.SpringMockTestExecutionListener]
2024-05-17 18:41:35.561  INFO 52735 --- [           main] .b.t.c.SpringBootTestContextBootstrapper : Using TestExecutionListeners: [org.springframework.test.context.web.ServletTestExecutionListener@22172b00, org.springframework.test.context.support.DirtiesContextBeforeModesTestExecutionListener@d02c00, org.springframework.test.context.event.ApplicationEventsTestExecutionListener@4205d5d0, org.springframework.boot.test.mock.mockito.MockitoTestExecutionListener@29dfc68f, org.springframework.boot.test.autoconfigure.SpringBootDependencyInjectionTestExecutionListener@320ba79f, org.springframework.test.context.support.DirtiesContextTestExecutionListener@333a2df2, org.springframework.test.context.event.EventPublishingTestExecutionListener@5ffdd510, org.springframework.boot.test.mock.mockito.ResetMocksTestExecutionListener@8c18bde, org.springframework.boot.test.autoconfigure.restdocs.RestDocsTestExecutionListener@6719f206, org.springframework.boot.test.autoconfigure.web.client.MockRestServiceServerResetTestExecutionListener@5ae16aa, org.springframework.boot.test.autoconfigure.web.servlet.MockMvcPrintOnlyOnFailureTestExecutionListener@344a065a, org.springframework.boot.test.autoconfigure.web.servlet.WebDriverTestExecutionListener@3051e476, org.springframework.boot.test.autoconfigure.webservices.client.MockWebServiceServerTestExecutionListener@1870b9b8, org.spockframework.spring.SpringMockTestExecutionListener@6d9ee75a]
2024-05-17 18:41:35.563  INFO 52735 --- [WebServer 47901] okhttp3.mockwebserver.MockWebServer      : MockWebServer[47901] starting to accept connections
2024-05-17 18:41:35.574  INFO 52735 --- [127.0.0.1:49454] okhttp3.mockwebserver.MockWebServer      : MockWebServer[47901] received request: POST /api/v1/namespaces/ns1/secrets HTTP/1.1 and responded: HTTP/1.1 200 OK
2024-05-17 18:41:35.578  INFO 52735 --- [127.0.0.1:49454] okhttp3.mockwebserver.MockWebServer      : MockWebServer[47901] received request: POST /api/v1/namespaces/ns2/secrets HTTP/1.1 and responded: HTTP/1.1 200 OK
2024-05-17 18:41:35.705  WARN 52735 --- [           main] ubernetesProfileEnvironmentPostProcessor : Not running inside kubernetes. Skipping 'kubernetes' profile activation.

  .   ____          _            __ _ _
 /\\ / ___'_ __ _ _(_)_ __  __ _ \ \ \ \
( ( )\___ | '_ | '_| | '_ \/ _` | \ \ \ \
 \\/  ___)| |_)| | | | | || (_| |  ) ) ) )
  '  |____| .__|_| |_|_| |_\__, | / / / /
 =========|_|==============|___/=/_/_/_/
 :: Spring Boot ::                (v2.6.3)

2024-05-17 18:41:35.839  INFO 52735 --- [           main] s.c.k.f.c.Fabric8ConfigMapPropertySource : Loading ConfigMap with name 'secret-example' in namespace 'ns1'
2024-05-17 18:41:35.843  INFO 52735 --- [127.0.0.1:49456] okhttp3.mockwebserver.MockWebServer      : MockWebServer[47901] received request: GET /api/v1/namespaces/ns1/configmaps/secret-example HTTP/1.1 and responded: HTTP/1.1 404 Client Error
2024-05-17 18:41:35.849  INFO 52735 --- [           main] o.s.c.k.f.config.Fabric8ConfigUtils      : config-map with name : 'secret-example' not present in namespace : 'ns1'
2024-05-17 18:41:35.850  INFO 52735 --- [           main] b.c.PropertySourceBootstrapConfiguration : Located property source: [BootstrapPropertySource {name='bootstrapProperties-configmap.secret-example.ns1'}]
2024-05-17 18:41:35.851  INFO 52735 --- [           main] o.s.c.k.f.c.Fabric8SecretsPropertySource : Loading Secret with name 'name2' or with labels [{0.env=dev2, 1.version=2.0}] in namespace 'ns2'
2024-05-17 18:41:35.853  INFO 52735 --- [127.0.0.1:49456] okhttp3.mockwebserver.MockWebServer      : MockWebServer[47901] received request: GET /api/v1/namespaces/ns2/secrets/name2 HTTP/1.1 and responded: HTTP/1.1 200 OK
2024-05-17 18:41:35.898  INFO 52735 --- [127.0.0.1:49456] okhttp3.mockwebserver.MockWebServer      : MockWebServer[47901] received request: GET /api/v1/namespaces/ns2/secrets?labelSelector=0.env%3Ddev2%2C1.version%3D2.0 HTTP/1.1 and responded: HTTP/1.1 200 OK
2024-05-17 18:41:35.943  INFO 52735 --- [           main] o.s.c.k.f.c.Fabric8SecretsPropertySource : Loading Secret with name 'name1' or with labels [{0.env=env1, 1.version=1.0}] in namespace 'ns1'
2024-05-17 18:41:35.945  INFO 52735 --- [127.0.0.1:49456] okhttp3.mockwebserver.MockWebServer      : MockWebServer[47901] received request: GET /api/v1/namespaces/ns1/secrets/name1 HTTP/1.1 and responded: HTTP/1.1 200 OK
2024-05-17 18:41:35.988  INFO 52735 --- [127.0.0.1:49456] okhttp3.mockwebserver.MockWebServer      : MockWebServer[47901] received request: GET /api/v1/namespaces/ns1/secrets?labelSelector=0.env%3Denv1%2C1.version%3D1.0 HTTP/1.1 and responded: HTTP/1.1 200 OK
2024-05-17 18:41:36.029  INFO 52735 --- [           main] b.c.PropertySourceBootstrapConfiguration : Located property source: [BootstrapPropertySource {name='bootstrapProperties-secrets.name2.ns2'}, BootstrapPropertySource {name='bootstrapProperties-secrets.name1.ns1'}]
2024-05-17 18:41:36.034  WARN 52735 --- [           main] ubernetesProfileEnvironmentPostProcessor : Not running inside kubernetes. Skipping 'kubernetes' profile activation.
2024-05-17 18:41:36.034  INFO 52735 --- [           main] o.s.c.k.f.config.MultipleSecretsTests    : No active profile set, falling back to default profiles: default
2024-05-17 18:41:36.333  INFO 52735 --- [           main] o.s.cloud.context.scope.GenericScope     : BeanFactory id=d892432b-60e7-3516-91cd-00a010d0f3f7
2024-05-17 18:41:36.469  INFO 52735 --- [           main] o.s.b.w.embedded.tomcat.TomcatWebServer  : Tomcat initialized with port(s): 0 (http)
2024-05-17 18:41:36.470  INFO 52735 --- [           main] o.apache.catalina.core.StandardService   : Starting service [Tomcat]
2024-05-17 18:41:36.471  INFO 52735 --- [           main] org.apache.catalina.core.StandardEngine  : Starting Servlet engine: [Apache Tomcat/9.0.56]
2024-05-17 18:41:36.482  INFO 52735 --- [           main] o.a.c.c.C.[Tomcat-1].[localhost].[/]     : Initializing Spring embedded WebApplicationContext
2024-05-17 18:41:36.482  INFO 52735 --- [           main] w.s.c.ServletWebServerApplicationContext : Root WebApplicationContext: initialization completed in 446 ms
2024-05-17 18:41:37.352  INFO 52735 --- [           main] o.s.b.a.e.web.EndpointLinksResolver      : Exposing 1 endpoint(s) beneath base path '/actuator'
2024-05-17 18:41:37.410  INFO 52735 --- [           main] o.s.b.w.embedded.tomcat.TomcatWebServer  : Tomcat started on port(s): 45317 (http) with context path ''
2024-05-17 18:41:37.419  INFO 52735 --- [           main] o.s.c.k.f.config.MultipleSecretsTests    : Started MultipleSecretsTests in 1.799 seconds (JVM running for 10.166)
2024-05-17 18:41:37.435  INFO 52735 --- [WebServer 51485] okhttp3.mockwebserver.MockWebServer      : MockWebServer[51485] starting to accept connections
2024-05-17 18:41:37.443  INFO 52735 --- [o-auto-2-exec-1] o.a.c.c.C.[Tomcat-1].[localhost].[/]     : Initializing Spring DispatcherServlet 'dispatcherServlet'
2024-05-17 18:41:37.443  INFO 52735 --- [o-auto-2-exec-1] o.s.web.servlet.DispatcherServlet        : Initializing Servlet 'dispatcherServlet'
2024-05-17 18:41:37.444  INFO 52735 --- [o-auto-2-exec-1] o.s.web.servlet.DispatcherServlet        : Completed initialization in 1 ms
2024-05-17 18:41:37.454  INFO 52735 --- [WebServer 51485] okhttp3.mockwebserver.MockWebServer      : MockWebServer[51485] done accepting connections: Socket closed
2024-05-17 18:41:37.482  INFO 52735 --- [WebServer 53689] okhttp3.mockwebserver.MockWebServer      : MockWebServer[53689] starting to accept connections
2024-05-17 18:41:37.933  INFO 52735 --- [WebServer 60675] okhttp3.mockwebserver.MockWebServer      : MockWebServer[60675] starting to accept connections
2024-05-17 18:41:37.952  INFO 52735 --- [           main] s.c.k.f.c.Fabric8ConfigMapPropertySource : Loading ConfigMap with name 'configmap' in namespace 'some'
2024-05-17 18:41:37.954  WARN 52735 --- [           main] s.c.k.f.c.Fabric8ConfigMapPropertySource : Can't read configMap with name: [configmap] in namespace: [some]. Ignoring.

java.lang.NullPointerException: null
	at org.springframework.cloud.kubernetes.fabric8.config.Fabric8ConfigUtils.getConfigMapData(Fabric8ConfigUtils.java:118)
	at org.springframework.cloud.kubernetes.fabric8.config.Fabric8ConfigMapPropertySource.getData(Fabric8ConfigMapPropertySource.java:79)
	at org.springframework.cloud.kubernetes.fabric8.config.Fabric8ConfigMapPropertySource.<init>(Fabric8ConfigMapPropertySource.java:70)
	at org.springframework.cloud.kubernetes.fabric8.config.Fabric8ConfigMapPropertySource.<init>(Fabric8ConfigMapPropertySource.java:53)
	at org.springframework.cloud.kubernetes.fabric8.config.Fabric8ConfigMapPropertySourceTests.deprecatedConstructorWithClientNamespaceMustNotFail(Fabric8ConfigMapPropertySourceTests.java:80)
	at sun.reflect.NativeMethodAccessorImpl.invoke0(Native Method)
	at sun.reflect.NativeMethodAccessorImpl.invoke(NativeMethodAccessorImpl.java:62)
	at sun.reflect.DelegatingMethodAccessorImpl.invoke(DelegatingMethodAccessorImpl.java:43)
	at java.lang.reflect.Method.invoke(Method.java:498)
	at org.junit.platform.commons.util.ReflectionUtils.invokeMethod(ReflectionUtils.java:725)
	at org.junit.jupiter.engine.execution.MethodInvocation.proceed(MethodInvocation.java:60)
	at org.junit.jupiter.engine.execution.InvocationInterceptorChain$ValidatingInvocation.proceed(InvocationInterceptorChain.java:131)
	at org.junit.jupiter.engine.extension.TimeoutExtension.intercept(TimeoutExtension.java:149)
	at org.junit.jupiter.engine.extension.TimeoutExtension.interceptTestableMethod(TimeoutExtension.java:140)
	at org.junit.jupiter.engine.extension.TimeoutExtension.interceptTestMethod(TimeoutExtension.java:84)
	at org.junit.jupiter.engine.execution.ExecutableInvoker$ReflectiveInterceptorCall.lambda$ofVoidMethod$0(ExecutableInvoker.java:115)
	at org.junit.jupiter.engine.execution.ExecutableInvoker.lambda$invoke$0(ExecutableInvoker.java:105)
	at org.junit.jupiter.engine.execution.InvocationInterceptorChain$InterceptedInvocation.proceed(InvocationInterceptorChain.java:106)
	at org.junit.jupiter.engine.execution.InvocationInterceptorChain.proceed(InvocationInterceptorChain.java:64)
	at org.junit.jupiter.engine.execution.InvocationInterceptorChain.chainAndInvoke(InvocationInterceptorChain.java:45)
	at org.junit.jupiter.engine.execution.InvocationInterceptorChain.invoke(InvocationInterceptorChain.java:37)
	at org.junit.jupiter.engine.execution.ExecutableInvoker.invoke(ExecutableInvoker.java:104)
	at org.junit.jupiter.engine.execution.ExecutableInvoker.invoke(ExecutableInvoker.java:98)
	at org.junit.jupiter.engine.descriptor.TestMethodTestDescriptor.lambda$invokeTestMethod$7(TestMethodTestDescriptor.java:214)
	at org.junit.platform.engine.support.hierarchical.ThrowableCollector.execute(ThrowableCollector.java:73)
	at org.junit.jupiter.engine.descriptor.TestMethodTestDescriptor.invokeTestMethod(TestMethodTestDescriptor.java:210)
	at org.junit.jupiter.engine.descriptor.TestMethodTestDescriptor.execute(TestMethodTestDescriptor.java:135)
	at org.junit.jupiter.engine.descriptor.TestMethodTestDescriptor.execute(TestMethodTestDescriptor.java:66)
	at org.junit.platform.engine.support.hierarchical.NodeTestTask.lambda$executeRecursively$6(NodeTestTask.java:151)
	at org.junit.platform.engine.support.hierarchical.ThrowableCollector.execute(ThrowableCollector.java:73)
	at org.junit.platform.engine.support.hierarchical.NodeTestTask.lambda$executeRecursively$8(NodeTestTask.java:141)
	at org.junit.platform.engine.support.hierarchical.Node.around(Node.java:137)
	at org.junit.platform.engine.support.hierarchical.NodeTestTask.lambda$executeRecursively$9(NodeTestTask.java:139)
	at org.junit.platform.engine.support.hierarchical.ThrowableCollector.execute(ThrowableCollector.java:73)
	at org.junit.platform.engine.support.hierarchical.NodeTestTask.executeRecursively(NodeTestTask.java:138)
	at org.junit.platform.engine.support.hierarchical.NodeTestTask.execute(NodeTestTask.java:95)
	at java.util.ArrayList.forEach(ArrayList.java:1259)
	at org.junit.platform.engine.support.hierarchical.SameThreadHierarchicalTestExecutorService.invokeAll(SameThreadHierarchicalTestExecutorService.java:41)
	at org.junit.platform.engine.support.hierarchical.NodeTestTask.lambda$executeRecursively$6(NodeTestTask.java:155)
	at org.junit.platform.engine.support.hierarchical.ThrowableCollector.execute(ThrowableCollector.java:73)
	at org.junit.platform.engine.support.hierarchical.NodeTestTask.lambda$executeRecursively$8(NodeTestTask.java:141)
	at org.junit.platform.engine.support.hierarchical.Node.around(Node.java:137)
	at org.junit.platform.engine.support.hierarchical.NodeTestTask.lambda$executeRecursively$9(NodeTestTask.java:139)
	at org.junit.platform.engine.support.hierarchical.ThrowableCollector.execute(ThrowableCollector.java:73)
	at org.junit.platform.engine.support.hierarchical.NodeTestTask.executeRecursively(NodeTestTask.java:138)
	at org.junit.platform.engine.support.hierarchical.NodeTestTask.execute(NodeTestTask.java:95)
	at java.util.ArrayList.forEach(ArrayList.java:1259)
	at org.junit.platform.engine.support.hierarchical.SameThreadHierarchicalTestExecutorService.invokeAll(SameThreadHierarchicalTestExecutorService.java:41)
	at org.junit.platform.engine.support.hierarchical.NodeTestTask.lambda$executeRecursively$6(NodeTestTask.java:155)
	at org.junit.platform.engine.support.hierarchical.ThrowableCollector.execute(ThrowableCollector.java:73)
	at org.junit.platform.engine.support.hierarchical.NodeTestTask.lambda$executeRecursively$8(NodeTestTask.java:141)
	at org.junit.platform.engine.support.hierarchical.Node.around(Node.java:137)
	at org.junit.platform.engine.support.hierarchical.NodeTestTask.lambda$executeRecursively$9(NodeTestTask.java:139)
	at org.junit.platform.engine.support.hierarchical.ThrowableCollector.execute(ThrowableCollector.java:73)
	at org.junit.platform.engine.support.hierarchical.NodeTestTask.executeRecursively(NodeTestTask.java:138)
	at org.junit.platform.engine.support.hierarchical.NodeTestTask.execute(NodeTestTask.java:95)
	at org.junit.platform.engine.support.hierarchical.SameThreadHierarchicalTestExecutorService.submit(SameThreadHierarchicalTestExecutorService.java:35)
	at org.junit.platform.engine.support.hierarchical.HierarchicalTestExecutor.execute(HierarchicalTestExecutor.java:57)
	at org.junit.platform.engine.support.hierarchical.HierarchicalTestEngine.execute(HierarchicalTestEngine.java:54)
	at org.junit.platform.launcher.core.DefaultLauncher.execute(DefaultLauncher.java:170)
	at org.junit.platform.launcher.core.DefaultLauncher.execute(DefaultLauncher.java:154)
	at org.junit.platform.launcher.core.DefaultLauncher.execute(DefaultLauncher.java:90)
	at edu.illinois.cs.testrunner.execution.JUnit5TestExecutor.runTestsSeparately(JUnit5TestExecutor.java:40)
	at edu.illinois.cs.testrunner.execution.Executor$.$anonfun$run$1(Executor.scala:33)
	at scala.runtime.java8.JFunction0$mcV$sp.apply(JFunction0$mcV$sp.java:12)
	at scala.util.Try$.apply(Try.scala:209)
	at edu.illinois.cs.testrunner.execution.Executor$.run(Executor.scala:28)
	at edu.illinois.cs.testrunner.execution.Executor$.main(Executor.scala:18)
	at edu.illinois.cs.testrunner.execution.Executor.main(Executor.scala)

2024-05-17 18:41:38.005  INFO 52735 --- [WebServer 60675] okhttp3.mockwebserver.MockWebServer      : MockWebServer[60675] done accepting connections: Socket closed
2024-05-17 18:41:38.013  INFO 52735 --- [           main] .b.t.c.SpringBootTestContextBootstrapper : Neither @ContextConfiguration nor @ContextHierarchy found for test class [org.springframework.cloud.kubernetes.fabric8.config.MultipleConfigMapsTests], using SpringBootContextLoader
2024-05-17 18:41:38.014  INFO 52735 --- [           main] o.s.t.c.support.AbstractContextLoader    : Could not detect default resource locations for test class [org.springframework.cloud.kubernetes.fabric8.config.MultipleConfigMapsTests]: no resource found for suffixes {-context.xml, Context.groovy}.
2024-05-17 18:41:38.018  INFO 52735 --- [           main] .b.t.c.SpringBootTestContextBootstrapper : Loaded default TestExecutionListener class names from location [META-INF/spring.factories]: [org.springframework.boot.test.mock.mockito.MockitoTestExecutionListener, org.springframework.boot.test.mock.mockito.ResetMocksTestExecutionListener, org.springframework.boot.test.autoconfigure.restdocs.RestDocsTestExecutionListener, org.springframework.boot.test.autoconfigure.web.client.MockRestServiceServerResetTestExecutionListener, org.springframework.boot.test.autoconfigure.web.servlet.MockMvcPrintOnlyOnFailureTestExecutionListener, org.springframework.boot.test.autoconfigure.web.servlet.WebDriverTestExecutionListener, org.springframework.boot.test.autoconfigure.webservices.client.MockWebServiceServerTestExecutionListener, org.springframework.test.context.web.ServletTestExecutionListener, org.springframework.test.context.support.DirtiesContextBeforeModesTestExecutionListener, org.springframework.test.context.event.ApplicationEventsTestExecutionListener, org.springframework.test.context.support.DependencyInjectionTestExecutionListener, org.springframework.test.context.support.DirtiesContextTestExecutionListener, org.springframework.test.context.transaction.TransactionalTestExecutionListener, org.springframework.test.context.jdbc.SqlScriptsTestExecutionListener, org.springframework.test.context.event.EventPublishingTestExecutionListener, org.spockframework.spring.SpringMockTestExecutionListener]
2024-05-17 18:41:38.019  INFO 52735 --- [           main] .b.t.c.SpringBootTestContextBootstrapper : Using TestExecutionListeners: [org.springframework.test.context.web.ServletTestExecutionListener@7ba623d1, org.springframework.test.context.support.DirtiesContextBeforeModesTestExecutionListener@2d5435d4, org.springframework.test.context.event.ApplicationEventsTestExecutionListener@6dbdbb69, org.springframework.boot.test.mock.mockito.MockitoTestExecutionListener@576a8b00, org.springframework.boot.test.autoconfigure.SpringBootDependencyInjectionTestExecutionListener@1d988297, org.springframework.test.context.support.DirtiesContextTestExecutionListener@116efe65, org.springframework.test.context.event.EventPublishingTestExecutionListener@118879d2, org.springframework.boot.test.mock.mockito.ResetMocksTestExecutionListener@1239c268, org.springframework.boot.test.autoconfigure.restdocs.RestDocsTestExecutionListener@4bec6682, org.springframework.boot.test.autoconfigure.web.client.MockRestServiceServerResetTestExecutionListener@2d97344c, org.springframework.boot.test.autoconfigure.web.servlet.MockMvcPrintOnlyOnFailureTestExecutionListener@7f839ec5, org.springframework.boot.test.autoconfigure.web.servlet.WebDriverTestExecutionListener@23f539df, org.springframework.boot.test.autoconfigure.webservices.client.MockWebServiceServerTestExecutionListener@b859355, org.spockframework.spring.SpringMockTestExecutionListener@1f24e33d]
2024-05-17 18:41:38.022  INFO 52735 --- [WebServer 53055] okhttp3.mockwebserver.MockWebServer      : MockWebServer[53055] starting to accept connections
2024-05-17 18:41:38.026  INFO 52735 --- [127.0.0.1:49386] okhttp3.mockwebserver.MockWebServer      : MockWebServer[53055] received request: POST /api/v1/namespaces/defnamespace/configmaps HTTP/1.1 and responded: HTTP/1.1 200 OK
2024-05-17 18:41:38.030  INFO 52735 --- [127.0.0.1:49386] okhttp3.mockwebserver.MockWebServer      : MockWebServer[53055] received request: POST /api/v1/namespaces/s2/configmaps HTTP/1.1 and responded: HTTP/1.1 200 OK
2024-05-17 18:41:38.078  INFO 52735 --- [127.0.0.1:49386] okhttp3.mockwebserver.MockWebServer      : MockWebServer[53055] received request: POST /api/v1/namespaces/othernamespace/configmaps HTTP/1.1 and responded: HTTP/1.1 200 OK
2024-05-17 18:41:38.172  WARN 52735 --- [           main] ubernetesProfileEnvironmentPostProcessor : Not running inside kubernetes. Skipping 'kubernetes' profile activation.

  .   ____          _            __ _ _
 /\\ / ___'_ __ _ _(_)_ __  __ _ \ \ \ \
( ( )\___ | '_ | '_| | '_ \/ _` | \ \ \ \
 \\/  ___)| |_)| | | | | || (_| |  ) ) ) )
  '  |____| .__|_| |_|_| |_\__, | / / / /
 =========|_|==============|___/=/_/_/_/
 :: Spring Boot ::                (v2.6.3)

2024-05-17 18:41:38.277  INFO 52735 --- [           main] s.c.k.f.c.Fabric8ConfigMapPropertySource : Loading ConfigMap with name 's1' in namespace 'defnamespace'
2024-05-17 18:41:38.279  INFO 52735 --- [127.0.0.1:49398] okhttp3.mockwebserver.MockWebServer      : MockWebServer[53055] received request: GET /api/v1/namespaces/defnamespace/configmaps/s1 HTTP/1.1 and responded: HTTP/1.1 200 OK
2024-05-17 18:41:38.281  INFO 52735 --- [           main] s.c.k.f.c.Fabric8ConfigMapPropertySource : Loading ConfigMap with name 'defname' in namespace 's2'
2024-05-17 18:41:38.283  INFO 52735 --- [127.0.0.1:49398] okhttp3.mockwebserver.MockWebServer      : MockWebServer[53055] received request: GET /api/v1/namespaces/s2/configmaps/defname HTTP/1.1 and responded: HTTP/1.1 200 OK
2024-05-17 18:41:38.325  INFO 52735 --- [           main] s.c.k.f.c.Fabric8ConfigMapPropertySource : Loading ConfigMap with name 'othername' in namespace 'othernamespace'
2024-05-17 18:41:38.327  INFO 52735 --- [127.0.0.1:49398] okhttp3.mockwebserver.MockWebServer      : MockWebServer[53055] received request: GET /api/v1/namespaces/othernamespace/configmaps/othername HTTP/1.1 and responded: HTTP/1.1 200 OK
2024-05-17 18:41:38.368  INFO 52735 --- [           main] b.c.PropertySourceBootstrapConfiguration : Located property source: [BootstrapPropertySource {name='bootstrapProperties-configmap.othername.othernamespace'}, BootstrapPropertySource {name='bootstrapProperties-configmap.defname.s2'}, BootstrapPropertySource {name='bootstrapProperties-configmap.s1.defnamespace'}]
2024-05-17 18:41:38.374  WARN 52735 --- [           main] ubernetesProfileEnvironmentPostProcessor : Not running inside kubernetes. Skipping 'kubernetes' profile activation.
2024-05-17 18:41:38.375  INFO 52735 --- [           main] o.s.c.k.f.c.MultipleConfigMapsTests      : No active profile set, falling back to default profiles: default
2024-05-17 18:41:38.694  INFO 52735 --- [           main] o.s.cloud.context.scope.GenericScope     : BeanFactory id=012be945-5008-354a-8a47-8e5e16a24aa5
2024-05-17 18:41:38.841  INFO 52735 --- [           main] o.s.b.w.embedded.tomcat.TomcatWebServer  : Tomcat initialized with port(s): 0 (http)
2024-05-17 18:41:38.842  INFO 52735 --- [           main] o.apache.catalina.core.StandardService   : Starting service [Tomcat]
2024-05-17 18:41:38.842  INFO 52735 --- [           main] org.apache.catalina.core.StandardEngine  : Starting Servlet engine: [Apache Tomcat/9.0.56]
2024-05-17 18:41:38.853  INFO 52735 --- [           main] o.a.c.c.C.[Tomcat-2].[localhost].[/]     : Initializing Spring embedded WebApplicationContext
2024-05-17 18:41:38.854  INFO 52735 --- [           main] w.s.c.ServletWebServerApplicationContext : Root WebApplicationContext: initialization completed in 477 ms
2024-05-17 18:41:39.647  INFO 52735 --- [           main] o.s.b.a.e.web.EndpointLinksResolver      : Exposing 1 endpoint(s) beneath base path '/actuator'
2024-05-17 18:41:39.713  INFO 52735 --- [           main] o.s.b.w.embedded.tomcat.TomcatWebServer  : Tomcat started on port(s): 36657 (http) with context path ''
2024-05-17 18:41:39.720  INFO 52735 --- [           main] o.s.c.k.f.c.MultipleConfigMapsTests      : Started MultipleConfigMapsTests in 1.6 seconds (JVM running for 12.468)
2024-05-17 18:41:39.737  INFO 52735 --- [WebServer 40553] okhttp3.mockwebserver.MockWebServer      : MockWebServer[40553] starting to accept connections
2024-05-17 18:41:39.744  INFO 52735 --- [o-auto-3-exec-1] o.a.c.c.C.[Tomcat-2].[localhost].[/]     : Initializing Spring DispatcherServlet 'dispatcherServlet'
2024-05-17 18:41:39.744  INFO 52735 --- [o-auto-3-exec-1] o.s.web.servlet.DispatcherServlet        : Initializing Servlet 'dispatcherServlet'
2024-05-17 18:41:39.745  INFO 52735 --- [o-auto-3-exec-1] o.s.web.servlet.DispatcherServlet        : Completed initialization in 1 ms
2024-05-17 18:41:39.753  INFO 52735 --- [WebServer 40553] okhttp3.mockwebserver.MockWebServer      : MockWebServer[40553] done accepting connections: Socket closed
2024-05-17 18:41:39.759  INFO 52735 --- [           main] .b.t.c.SpringBootTestContextBootstrapper : Neither @ContextConfiguration nor @ContextHierarchy found for test class [org.springframework.cloud.kubernetes.fabric8.config.ConfigMapsTests], using SpringBootContextLoader
2024-05-17 18:41:39.760  INFO 52735 --- [           main] o.s.t.c.support.AbstractContextLoader    : Could not detect default resource locations for test class [org.springframework.cloud.kubernetes.fabric8.config.ConfigMapsTests]: no resource found for suffixes {-context.xml, Context.groovy}.
2024-05-17 18:41:39.762  INFO 52735 --- [           main] .b.t.c.SpringBootTestContextBootstrapper : Loaded default TestExecutionListener class names from location [META-INF/spring.factories]: [org.springframework.boot.test.mock.mockito.MockitoTestExecutionListener, org.springframework.boot.test.mock.mockito.ResetMocksTestExecutionListener, org.springframework.boot.test.autoconfigure.restdocs.RestDocsTestExecutionListener, org.springframework.boot.test.autoconfigure.web.client.MockRestServiceServerResetTestExecutionListener, org.springframework.boot.test.autoconfigure.web.servlet.MockMvcPrintOnlyOnFailureTestExecutionListener, org.springframework.boot.test.autoconfigure.web.servlet.WebDriverTestExecutionListener, org.springframework.boot.test.autoconfigure.webservices.client.MockWebServiceServerTestExecutionListener, org.springframework.test.context.web.ServletTestExecutionListener, org.springframework.test.context.support.DirtiesContextBeforeModesTestExecutionListener, org.springframework.test.context.event.ApplicationEventsTestExecutionListener, org.springframework.test.context.support.DependencyInjectionTestExecutionListener, org.springframework.test.context.support.DirtiesContextTestExecutionListener, org.springframework.test.context.transaction.TransactionalTestExecutionListener, org.springframework.test.context.jdbc.SqlScriptsTestExecutionListener, org.springframework.test.context.event.EventPublishingTestExecutionListener, org.spockframework.spring.SpringMockTestExecutionListener]
2024-05-17 18:41:39.764  INFO 52735 --- [           main] .b.t.c.SpringBootTestContextBootstrapper : Using TestExecutionListeners: [org.springframework.test.context.web.ServletTestExecutionListener@6c569caf, org.springframework.test.context.support.DirtiesContextBeforeModesTestExecutionListener@29a5f924, org.springframework.test.context.event.ApplicationEventsTestExecutionListener@5f6ba085, org.springframework.boot.test.mock.mockito.MockitoTestExecutionListener@7e1ce99c, org.springframework.boot.test.autoconfigure.SpringBootDependencyInjectionTestExecutionListener@26f7b114, org.springframework.test.context.support.DirtiesContextTestExecutionListener@209d0037, org.springframework.test.context.event.EventPublishingTestExecutionListener@22f0e329, org.springframework.boot.test.mock.mockito.ResetMocksTestExecutionListener@3b39bee2, org.springframework.boot.test.autoconfigure.restdocs.RestDocsTestExecutionListener@20ddc780, org.springframework.boot.test.autoconfigure.web.client.MockRestServiceServerResetTestExecutionListener@6889e714, org.springframework.boot.test.autoconfigure.web.servlet.MockMvcPrintOnlyOnFailureTestExecutionListener@4dc5b887, org.springframework.boot.test.autoconfigure.web.servlet.WebDriverTestExecutionListener@3b7dd173, org.springframework.boot.test.autoconfigure.webservices.client.MockWebServiceServerTestExecutionListener@7552f05b, org.spockframework.spring.SpringMockTestExecutionListener@524418a2]
2024-05-17 18:41:39.766  INFO 52735 --- [WebServer 37625] okhttp3.mockwebserver.MockWebServer      : MockWebServer[37625] starting to accept connections
2024-05-17 18:41:39.772  INFO 52735 --- [127.0.0.1:46690] okhttp3.mockwebserver.MockWebServer      : MockWebServer[37625] received request: POST /api/v1/namespaces/test/configmaps HTTP/1.1 and responded: HTTP/1.1 200 OK
2024-05-17 18:41:39.832  WARN 52735 --- [           main] ubernetesProfileEnvironmentPostProcessor : Not running inside kubernetes. Skipping 'kubernetes' profile activation.

  .   ____          _            __ _ _
 /\\ / ___'_ __ _ _(_)_ __  __ _ \ \ \ \
( ( )\___ | '_ | '_| | '_ \/ _` | \ \ \ \
 \\/  ___)| |_)| | | | | || (_| |  ) ) ) )
  '  |____| .__|_| |_|_| |_\__, | / / / /
 =========|_|==============|___/=/_/_/_/
 :: Spring Boot ::                (v2.6.3)

2024-05-17 18:41:39.916  INFO 52735 --- [           main] s.c.k.f.c.Fabric8ConfigMapPropertySource : Loading ConfigMap with name 'configmap-example' in namespace 'test'
2024-05-17 18:41:39.920  INFO 52735 --- [127.0.0.1:46704] okhttp3.mockwebserver.MockWebServer      : MockWebServer[37625] received request: GET /api/v1/namespaces/test/configmaps/configmap-example HTTP/1.1 and responded: HTTP/1.1 200 OK
2024-05-17 18:41:39.922  INFO 52735 --- [           main] b.c.PropertySourceBootstrapConfiguration : Located property source: [BootstrapPropertySource {name='bootstrapProperties-configmap.configmap-example.test'}]
2024-05-17 18:41:39.926  WARN 52735 --- [           main] ubernetesProfileEnvironmentPostProcessor : Not running inside kubernetes. Skipping 'kubernetes' profile activation.
2024-05-17 18:41:39.927  INFO 52735 --- [           main] o.s.c.k.fabric8.config.ConfigMapsTests   : No active profile set, falling back to default profiles: default
2024-05-17 18:41:40.173  INFO 52735 --- [           main] o.s.cloud.context.scope.GenericScope     : BeanFactory id=affffd22-e438-321b-a0d0-967c2140a2e8
2024-05-17 18:41:40.284  INFO 52735 --- [           main] o.s.b.w.embedded.tomcat.TomcatWebServer  : Tomcat initialized with port(s): 0 (http)
2024-05-17 18:41:40.285  INFO 52735 --- [           main] o.apache.catalina.core.StandardService   : Starting service [Tomcat]
2024-05-17 18:41:40.285  INFO 52735 --- [           main] org.apache.catalina.core.StandardEngine  : Starting Servlet engine: [Apache Tomcat/9.0.56]
2024-05-17 18:41:40.296  INFO 52735 --- [           main] o.a.c.c.C.[Tomcat-3].[localhost].[/]     : Initializing Spring embedded WebApplicationContext
2024-05-17 18:41:40.297  INFO 52735 --- [           main] w.s.c.ServletWebServerApplicationContext : Root WebApplicationContext: initialization completed in 368 ms
2024-05-17 18:41:40.947  INFO 52735 --- [           main] o.s.b.a.e.web.EndpointLinksResolver      : Exposing 1 endpoint(s) beneath base path '/actuator'
2024-05-17 18:41:40.998  INFO 52735 --- [           main] o.s.b.w.embedded.tomcat.TomcatWebServer  : Tomcat started on port(s): 43077 (http) with context path ''
2024-05-17 18:41:41.007  INFO 52735 --- [           main] o.s.c.k.fabric8.config.ConfigMapsTests   : Started ConfigMapsTests in 1.233 seconds (JVM running for 13.754)
2024-05-17 18:41:41.026  INFO 52735 --- [WebServer 57345] okhttp3.mockwebserver.MockWebServer      : MockWebServer[57345] starting to accept connections
2024-05-17 18:41:41.033  INFO 52735 --- [WebServer 57345] okhttp3.mockwebserver.MockWebServer      : MockWebServer[57345] done accepting connections: Socket closed
2024-05-17 18:41:41.042  INFO 52735 --- [WebServer 38731] okhttp3.mockwebserver.MockWebServer      : MockWebServer[38731] starting to accept connections
2024-05-17 18:41:41.046  INFO 52735 --- [WebServer 56857] okhttp3.mockwebserver.MockWebServer      : MockWebServer[56857] starting to accept connections
2024-05-17 18:41:41.047  INFO 52735 --- [           main] o.s.c.k.f.c.Fabric8SecretsPropertySource : Loading Secret with name 'my-config' or with labels [{}] in namespace 'default'
2024-05-17 18:41:41.245  INFO 52735 --- [127.0.0.1:58410] okhttp3.mockwebserver.MockWebServer      : MockWebServer[38731] received request: GET /api/v1/namespaces/default/secrets/my-config HTTP/1.1 and responded: HTTP/1.1 500 Server Error
2024-05-17 18:41:41.287  WARN 52735 --- [           main] o.s.c.k.f.c.Fabric8SecretsPropertySource : Can't read secret with name: [my-config] or labels [{}] in namespace: [default] (cause: Failure executing: GET at: https://localhost:38731/api/v1/namespaces/default/secrets/my-config. Message: Internal Server Error.). Ignoring
2024-05-17 18:41:41.292  INFO 52735 --- [WebServer 56857] okhttp3.mockwebserver.MockWebServer      : MockWebServer[56857] done accepting connections: Socket closed
2024-05-17 18:41:41.304  INFO 52735 --- [WebServer 37039] okhttp3.mockwebserver.MockWebServer      : MockWebServer[37039] starting to accept connections
2024-05-17 18:41:41.317  INFO 52735 --- [WebServer 46099] okhttp3.mockwebserver.MockWebServer      : MockWebServer[46099] starting to accept connections
2024-05-17 18:41:41.318  INFO 52735 --- [WebServer 46099] okhttp3.mockwebserver.MockWebServer      : MockWebServer[46099] done accepting connections: Socket closed
2024-05-17 18:41:41.332  INFO 52735 --- [           main] .b.t.c.SpringBootTestContextBootstrapper : Neither @ContextConfiguration nor @ContextHierarchy found for test class [org.springframework.cloud.kubernetes.fabric8.config.Fabric8BootstrapConfigurationTests$Fabric8BootstrapConfigurationInsideK8s], using SpringBootContextLoader
2024-05-17 18:41:41.333  INFO 52735 --- [           main] o.s.t.c.support.AbstractContextLoader    : Could not detect default resource locations for test class [org.springframework.cloud.kubernetes.fabric8.config.Fabric8BootstrapConfigurationTests$Fabric8BootstrapConfigurationInsideK8s]: no resource found for suffixes {-context.xml, Context.groovy}.
2024-05-17 18:41:41.336  INFO 52735 --- [           main] .b.t.c.SpringBootTestContextBootstrapper : Loaded default TestExecutionListener class names from location [META-INF/spring.factories]: [org.springframework.boot.test.mock.mockito.MockitoTestExecutionListener, org.springframework.boot.test.mock.mockito.ResetMocksTestExecutionListener, org.springframework.boot.test.autoconfigure.restdocs.RestDocsTestExecutionListener, org.springframework.boot.test.autoconfigure.web.client.MockRestServiceServerResetTestExecutionListener, org.springframework.boot.test.autoconfigure.web.servlet.MockMvcPrintOnlyOnFailureTestExecutionListener, org.springframework.boot.test.autoconfigure.web.servlet.WebDriverTestExecutionListener, org.springframework.boot.test.autoconfigure.webservices.client.MockWebServiceServerTestExecutionListener, org.springframework.test.context.web.ServletTestExecutionListener, org.springframework.test.context.support.DirtiesContextBeforeModesTestExecutionListener, org.springframework.test.context.event.ApplicationEventsTestExecutionListener, org.springframework.test.context.support.DependencyInjectionTestExecutionListener, org.springframework.test.context.support.DirtiesContextTestExecutionListener, org.springframework.test.context.transaction.TransactionalTestExecutionListener, org.springframework.test.context.jdbc.SqlScriptsTestExecutionListener, org.springframework.test.context.event.EventPublishingTestExecutionListener, org.spockframework.spring.SpringMockTestExecutionListener]
2024-05-17 18:41:41.338  INFO 52735 --- [           main] .b.t.c.SpringBootTestContextBootstrapper : Using TestExecutionListeners: [org.springframework.test.context.web.ServletTestExecutionListener@1a67bcaf, org.springframework.test.context.support.DirtiesContextBeforeModesTestExecutionListener@4f4b7a2e, org.springframework.test.context.event.ApplicationEventsTestExecutionListener@334ac669, org.springframework.boot.test.mock.mockito.MockitoTestExecutionListener@77430c79, org.springframework.boot.test.autoconfigure.SpringBootDependencyInjectionTestExecutionListener@506654fa, org.springframework.test.context.support.DirtiesContextTestExecutionListener@4468ced2, org.springframework.test.context.event.EventPublishingTestExecutionListener@21f421b8, org.springframework.boot.test.mock.mockito.ResetMocksTestExecutionListener@4e3bc13b, org.springframework.boot.test.autoconfigure.restdocs.RestDocsTestExecutionListener@2c989d82, org.springframework.boot.test.autoconfigure.web.client.MockRestServiceServerResetTestExecutionListener@2e04c89d, org.springframework.boot.test.autoconfigure.web.servlet.MockMvcPrintOnlyOnFailureTestExecutionListener@2e7dd504, org.springframework.boot.test.autoconfigure.web.servlet.WebDriverTestExecutionListener@3e5febe9, org.springframework.boot.test.autoconfigure.webservices.client.MockWebServiceServerTestExecutionListener@5643052d, org.spockframework.spring.SpringMockTestExecutionListener@5e0b7f58]
2024-05-17 18:41:41.397  WARN 52735 --- [           main] ubernetesProfileEnvironmentPostProcessor : Not running inside kubernetes. Skipping 'kubernetes' profile activation.

  .   ____          _            __ _ _
 /\\ / ___'_ __ _ _(_)_ __  __ _ \ \ \ \
( ( )\___ | '_ | '_| | '_ \/ _` | \ \ \ \
 \\/  ___)| |_)| | | | | || (_| |  ) ) ) )
  '  |____| .__|_| |_|_| |_\__, | / / / /
 =========|_|==============|___/=/_/_/_/
 :: Spring Boot ::                (v2.6.3)

2024-05-17 18:41:41.489  INFO 52735 --- [           main] s.c.k.f.c.Fabric8ConfigMapPropertySource : Loading ConfigMap with name 'application' in namespace 'abc'
2024-05-17 18:41:41.492  INFO 52735 --- [127.0.0.1:46714] okhttp3.mockwebserver.MockWebServer      : MockWebServer[37625] received request: GET /api/v1/namespaces/abc/configmaps/application HTTP/1.1 and responded: HTTP/1.1 404 Client Error
2024-05-17 18:41:41.495  INFO 52735 --- [           main] o.s.c.k.f.config.Fabric8ConfigUtils      : config-map with name : 'application' not present in namespace : 'abc'
2024-05-17 18:41:41.495  INFO 52735 --- [           main] b.c.PropertySourceBootstrapConfiguration : Located property source: [BootstrapPropertySource {name='bootstrapProperties-configmap.application.abc'}]
2024-05-17 18:41:41.497  WARN 52735 --- [           main] ubernetesProfileEnvironmentPostProcessor : Not running inside kubernetes. Skipping 'kubernetes' profile activation.
2024-05-17 18:41:41.498  INFO 52735 --- [           main] s$Fabric8BootstrapConfigurationInsideK8s : No active profile set, falling back to default profiles: default
2024-05-17 18:41:41.914  INFO 52735 --- [           main] o.s.cloud.context.scope.GenericScope     : BeanFactory id=55b4a3e9-9f94-32f4-ad68-c7f5dce8195c
2024-05-17 18:41:42.023  INFO 52735 --- [           main] o.s.b.w.embedded.tomcat.TomcatWebServer  : Tomcat initialized with port(s): 0 (http)
2024-05-17 18:41:42.024  INFO 52735 --- [           main] o.apache.catalina.core.StandardService   : Starting service [Tomcat]
2024-05-17 18:41:42.024  INFO 52735 --- [           main] org.apache.catalina.core.StandardEngine  : Starting Servlet engine: [Apache Tomcat/9.0.56]
2024-05-17 18:41:42.038  INFO 52735 --- [           main] o.a.c.c.C.[Tomcat-4].[localhost].[/]     : Initializing Spring embedded WebApplicationContext
2024-05-17 18:41:42.038  INFO 52735 --- [           main] w.s.c.ServletWebServerApplicationContext : Root WebApplicationContext: initialization completed in 539 ms
2024-05-17 18:41:42.656  INFO 52735 --- [           main] o.s.b.a.e.web.EndpointLinksResolver      : Exposing 1 endpoint(s) beneath base path '/actuator'
2024-05-17 18:41:42.699  INFO 52735 --- [           main] o.s.b.w.embedded.tomcat.TomcatWebServer  : Tomcat started on port(s): 35507 (http) with context path ''
2024-05-17 18:41:42.704  INFO 52735 --- [           main] s$Fabric8BootstrapConfigurationInsideK8s : Started Fabric8BootstrapConfigurationTests.Fabric8BootstrapConfigurationInsideK8s in 1.364 seconds (JVM running for 15.451)
2024-05-17 18:41:42.725  INFO 52735 --- [WebServer 54727] okhttp3.mockwebserver.MockWebServer      : MockWebServer[54727] starting to accept connections
2024-05-17 18:41:42.728  INFO 52735 --- [WebServer 39053] okhttp3.mockwebserver.MockWebServer      : MockWebServer[39053] starting to accept connections
2024-05-17 18:41:42.732  INFO 52735 --- [127.0.0.1:33798] okhttp3.mockwebserver.MockWebServer      : MockWebServer[54727] received request: POST /api/v1/namespaces/test/configmaps HTTP/1.1 and responded: HTTP/1.1 200 OK
2024-05-17 18:41:42.732  INFO 52735 --- [           main] s.c.k.f.c.Fabric8ConfigMapPropertySource : Loading ConfigMap with name 'app-multiple-properties-test' in namespace 'test'
2024-05-17 18:41:42.733  INFO 52735 --- [127.0.0.1:33798] okhttp3.mockwebserver.MockWebServer      : MockWebServer[54727] received request: GET /api/v1/namespaces/test/configmaps/app-multiple-properties-test HTTP/1.1 and responded: HTTP/1.1 200 OK
2024-05-17 18:41:42.775  INFO 52735 --- [WebServer 39053] okhttp3.mockwebserver.MockWebServer      : MockWebServer[39053] done accepting connections: Socket closed
2024-05-17 18:41:42.780  INFO 52735 --- [WebServer 43737] okhttp3.mockwebserver.MockWebServer      : MockWebServer[43737] starting to accept connections
2024-05-17 18:41:42.784  INFO 52735 --- [WebServer 55289] okhttp3.mockwebserver.MockWebServer      : MockWebServer[55289] starting to accept connections
2024-05-17 18:41:42.784  INFO 52735 --- [           main] o.s.c.k.f.c.Fabric8SecretsPropertySource : Loading Secret with name 'my-secret' or with labels [{}] in namespace 'namespace'
2024-05-17 18:41:42.784  WARN 52735 --- [           main] o.s.c.k.f.c.Fabric8SecretsPropertySource : Can't read secret with name: [my-secret] or labels [{}] in namespace: [namespace] (cause: null). Ignoring
2024-05-17 18:41:42.785  INFO 52735 --- [WebServer 55289] okhttp3.mockwebserver.MockWebServer      : MockWebServer[55289] done accepting connections: Socket closed
2024-05-17 18:41:42.790  INFO 52735 --- [WebServer 51265] okhttp3.mockwebserver.MockWebServer      : MockWebServer[51265] starting to accept connections
2024-05-17 18:41:42.793  INFO 52735 --- [WebServer 57725] okhttp3.mockwebserver.MockWebServer      : MockWebServer[57725] starting to accept connections
2024-05-17 18:41:42.795  INFO 52735 --- [           main] s.c.k.f.c.Fabric8ConfigMapPropertySource : Loading ConfigMap with name 'configmap' in namespace 'namespace'
2024-05-17 18:41:42.795  WARN 52735 --- [           main] s.c.k.f.c.Fabric8ConfigMapPropertySource : Can't read configMap with name: [configmap] in namespace: [namespace]. Ignoring.

java.lang.NullPointerException: null
	at org.springframework.cloud.kubernetes.fabric8.config.Fabric8ConfigUtils.getConfigMapData(Fabric8ConfigUtils.java:118)
	at org.springframework.cloud.kubernetes.fabric8.config.Fabric8ConfigMapPropertySource.getData(Fabric8ConfigMapPropertySource.java:79)
	at org.springframework.cloud.kubernetes.fabric8.config.Fabric8ConfigMapPropertySource.<init>(Fabric8ConfigMapPropertySource.java:63)
	at org.springframework.cloud.kubernetes.fabric8.config.Fabric8ConfigMapPropertySourceTests.constructorWithClientNamespaceMustNotFail(Fabric8ConfigMapPropertySourceTests.java:118)
	at sun.reflect.NativeMethodAccessorImpl.invoke0(Native Method)
	at sun.reflect.NativeMethodAccessorImpl.invoke(NativeMethodAccessorImpl.java:62)
	at sun.reflect.DelegatingMethodAccessorImpl.invoke(DelegatingMethodAccessorImpl.java:43)
	at java.lang.reflect.Method.invoke(Method.java:498)
	at org.junit.platform.commons.util.ReflectionUtils.invokeMethod(ReflectionUtils.java:725)
	at org.junit.jupiter.engine.execution.MethodInvocation.proceed(MethodInvocation.java:60)
	at org.junit.jupiter.engine.execution.InvocationInterceptorChain$ValidatingInvocation.proceed(InvocationInterceptorChain.java:131)
	at org.junit.jupiter.engine.extension.TimeoutExtension.intercept(TimeoutExtension.java:149)
	at org.junit.jupiter.engine.extension.TimeoutExtension.interceptTestableMethod(TimeoutExtension.java:140)
	at org.junit.jupiter.engine.extension.TimeoutExtension.interceptTestMethod(TimeoutExtension.java:84)
	at org.junit.jupiter.engine.execution.ExecutableInvoker$ReflectiveInterceptorCall.lambda$ofVoidMethod$0(ExecutableInvoker.java:115)
	at org.junit.jupiter.engine.execution.ExecutableInvoker.lambda$invoke$0(ExecutableInvoker.java:105)
	at org.junit.jupiter.engine.execution.InvocationInterceptorChain$InterceptedInvocation.proceed(InvocationInterceptorChain.java:106)
	at org.junit.jupiter.engine.execution.InvocationInterceptorChain.proceed(InvocationInterceptorChain.java:64)
	at org.junit.jupiter.engine.execution.InvocationInterceptorChain.chainAndInvoke(InvocationInterceptorChain.java:45)
	at org.junit.jupiter.engine.execution.InvocationInterceptorChain.invoke(InvocationInterceptorChain.java:37)
	at org.junit.jupiter.engine.execution.ExecutableInvoker.invoke(ExecutableInvoker.java:104)
	at org.junit.jupiter.engine.execution.ExecutableInvoker.invoke(ExecutableInvoker.java:98)
	at org.junit.jupiter.engine.descriptor.TestMethodTestDescriptor.lambda$invokeTestMethod$7(TestMethodTestDescriptor.java:214)
	at org.junit.platform.engine.support.hierarchical.ThrowableCollector.execute(ThrowableCollector.java:73)
	at org.junit.jupiter.engine.descriptor.TestMethodTestDescriptor.invokeTestMethod(TestMethodTestDescriptor.java:210)
	at org.junit.jupiter.engine.descriptor.TestMethodTestDescriptor.execute(TestMethodTestDescriptor.java:135)
	at org.junit.jupiter.engine.descriptor.TestMethodTestDescriptor.execute(TestMethodTestDescriptor.java:66)
	at org.junit.platform.engine.support.hierarchical.NodeTestTask.lambda$executeRecursively$6(NodeTestTask.java:151)
	at org.junit.platform.engine.support.hierarchical.ThrowableCollector.execute(ThrowableCollector.java:73)
	at org.junit.platform.engine.support.hierarchical.NodeTestTask.lambda$executeRecursively$8(NodeTestTask.java:141)
	at org.junit.platform.engine.support.hierarchical.Node.around(Node.java:137)
	at org.junit.platform.engine.support.hierarchical.NodeTestTask.lambda$executeRecursively$9(NodeTestTask.java:139)
	at org.junit.platform.engine.support.hierarchical.ThrowableCollector.execute(ThrowableCollector.java:73)
	at org.junit.platform.engine.support.hierarchical.NodeTestTask.executeRecursively(NodeTestTask.java:138)
	at org.junit.platform.engine.support.hierarchical.NodeTestTask.execute(NodeTestTask.java:95)
	at java.util.ArrayList.forEach(ArrayList.java:1259)
	at org.junit.platform.engine.support.hierarchical.SameThreadHierarchicalTestExecutorService.invokeAll(SameThreadHierarchicalTestExecutorService.java:41)
	at org.junit.platform.engine.support.hierarchical.NodeTestTask.lambda$executeRecursively$6(NodeTestTask.java:155)
	at org.junit.platform.engine.support.hierarchical.ThrowableCollector.execute(ThrowableCollector.java:73)
	at org.junit.platform.engine.support.hierarchical.NodeTestTask.lambda$executeRecursively$8(NodeTestTask.java:141)
	at org.junit.platform.engine.support.hierarchical.Node.around(Node.java:137)
	at org.junit.platform.engine.support.hierarchical.NodeTestTask.lambda$executeRecursively$9(NodeTestTask.java:139)
	at org.junit.platform.engine.support.hierarchical.ThrowableCollector.execute(ThrowableCollector.java:73)
	at org.junit.platform.engine.support.hierarchical.NodeTestTask.executeRecursively(NodeTestTask.java:138)
	at org.junit.platform.engine.support.hierarchical.NodeTestTask.execute(NodeTestTask.java:95)
	at java.util.ArrayList.forEach(ArrayList.java:1259)
	at org.junit.platform.engine.support.hierarchical.SameThreadHierarchicalTestExecutorService.invokeAll(SameThreadHierarchicalTestExecutorService.java:41)
	at org.junit.platform.engine.support.hierarchical.NodeTestTask.lambda$executeRecursively$6(NodeTestTask.java:155)
	at org.junit.platform.engine.support.hierarchical.ThrowableCollector.execute(ThrowableCollector.java:73)
	at org.junit.platform.engine.support.hierarchical.NodeTestTask.lambda$executeRecursively$8(NodeTestTask.java:141)
	at org.junit.platform.engine.support.hierarchical.Node.around(Node.java:137)
	at org.junit.platform.engine.support.hierarchical.NodeTestTask.lambda$executeRecursively$9(NodeTestTask.java:139)
	at org.junit.platform.engine.support.hierarchical.ThrowableCollector.execute(ThrowableCollector.java:73)
	at org.junit.platform.engine.support.hierarchical.NodeTestTask.executeRecursively(NodeTestTask.java:138)
	at org.junit.platform.engine.support.hierarchical.NodeTestTask.execute(NodeTestTask.java:95)
	at org.junit.platform.engine.support.hierarchical.SameThreadHierarchicalTestExecutorService.submit(SameThreadHierarchicalTestExecutorService.java:35)
	at org.junit.platform.engine.support.hierarchical.HierarchicalTestExecutor.execute(HierarchicalTestExecutor.java:57)
	at org.junit.platform.engine.support.hierarchical.HierarchicalTestEngine.execute(HierarchicalTestEngine.java:54)
	at org.junit.platform.launcher.core.DefaultLauncher.execute(DefaultLauncher.java:170)
	at org.junit.platform.launcher.core.DefaultLauncher.execute(DefaultLauncher.java:154)
	at org.junit.platform.launcher.core.DefaultLauncher.execute(DefaultLauncher.java:90)
	at edu.illinois.cs.testrunner.execution.JUnit5TestExecutor.runTestsSeparately(JUnit5TestExecutor.java:40)
	at edu.illinois.cs.testrunner.execution.Executor$.$anonfun$run$1(Executor.scala:33)
	at scala.runtime.java8.JFunction0$mcV$sp.apply(JFunction0$mcV$sp.java:12)
	at scala.util.Try$.apply(Try.scala:209)
	at edu.illinois.cs.testrunner.execution.Executor$.run(Executor.scala:28)
	at edu.illinois.cs.testrunner.execution.Executor$.main(Executor.scala:18)
	at edu.illinois.cs.testrunner.execution.Executor.main(Executor.scala)

2024-05-17 18:41:42.796  INFO 52735 --- [WebServer 57725] okhttp3.mockwebserver.MockWebServer      : MockWebServer[57725] done accepting connections: Socket closed
2024-05-17 18:41:42.803  INFO 52735 --- [WebServer 59853] okhttp3.mockwebserver.MockWebServer      : MockWebServer[59853] starting to accept connections
2024-05-17 18:41:42.805  INFO 52735 --- [WebServer 48923] okhttp3.mockwebserver.MockWebServer      : MockWebServer[48923] starting to accept connections
2024-05-17 18:41:42.851  WARN 52735 --- [           main] ubernetesProfileEnvironmentPostProcessor : Not running inside kubernetes. Skipping 'kubernetes' profile activation.

  .   ____          _            __ _ _
 /\\ / ___'_ __ _ _(_)_ __  __ _ \ \ \ \
( ( )\___ | '_ | '_| | '_ \/ _` | \ \ \ \
 \\/  ___)| |_)| | | | | || (_| |  ) ) ) )
  '  |____| .__|_| |_|_| |_\__, | / / / /
 =========|_|==============|___/=/_/_/_/
 :: Spring Boot ::                (v2.6.3)

2024-05-17 18:41:42.919  WARN 52735 --- [           main] ubernetesProfileEnvironmentPostProcessor : Not running inside kubernetes. Skipping 'kubernetes' profile activation.
2024-05-17 18:41:42.919  INFO 52735 --- [           main] e.i.cs.testrunner.execution.Executor$    : No active profile set, falling back to default profiles: default
2024-05-17 18:41:42.934  INFO 52735 --- [           main] o.s.cloud.context.scope.GenericScope     : BeanFactory id=5adb76a5-ffff-3c5f-a60f-7f84faf1ce0f
2024-05-17 18:41:42.938  INFO 52735 --- [           main] e.i.cs.testrunner.execution.Executor$    : Started Executor. in 0.131 seconds (JVM running for 15.685)
2024-05-17 18:41:42.942  INFO 52735 --- [WebServer 48923] okhttp3.mockwebserver.MockWebServer      : MockWebServer[48923] done accepting connections: Socket closed
2024-05-17 18:41:42.946  INFO 52735 --- [           main] .b.t.c.SpringBootTestContextBootstrapper : Neither @ContextConfiguration nor @ContextHierarchy found for test class [org.springframework.cloud.kubernetes.fabric8.config.ConfigMapsWithActiveProfilesNameTests], using SpringBootContextLoader
2024-05-17 18:41:42.947  INFO 52735 --- [           main] o.s.t.c.support.AbstractContextLoader    : Could not detect default resource locations for test class [org.springframework.cloud.kubernetes.fabric8.config.ConfigMapsWithActiveProfilesNameTests]: no resource found for suffixes {-context.xml, Context.groovy}.
2024-05-17 18:41:42.950  INFO 52735 --- [           main] .b.t.c.SpringBootTestContextBootstrapper : Loaded default TestExecutionListener class names from location [META-INF/spring.factories]: [org.springframework.boot.test.mock.mockito.MockitoTestExecutionListener, org.springframework.boot.test.mock.mockito.ResetMocksTestExecutionListener, org.springframework.boot.test.autoconfigure.restdocs.RestDocsTestExecutionListener, org.springframework.boot.test.autoconfigure.web.client.MockRestServiceServerResetTestExecutionListener, org.springframework.boot.test.autoconfigure.web.servlet.MockMvcPrintOnlyOnFailureTestExecutionListener, org.springframework.boot.test.autoconfigure.web.servlet.WebDriverTestExecutionListener, org.springframework.boot.test.autoconfigure.webservices.client.MockWebServiceServerTestExecutionListener, org.springframework.test.context.web.ServletTestExecutionListener, org.springframework.test.context.support.DirtiesContextBeforeModesTestExecutionListener, org.springframework.test.context.event.ApplicationEventsTestExecutionListener, org.springframework.test.context.support.DependencyInjectionTestExecutionListener, org.springframework.test.context.support.DirtiesContextTestExecutionListener, org.springframework.test.context.transaction.TransactionalTestExecutionListener, org.springframework.test.context.jdbc.SqlScriptsTestExecutionListener, org.springframework.test.context.event.EventPublishingTestExecutionListener, org.spockframework.spring.SpringMockTestExecutionListener]
2024-05-17 18:41:42.951  INFO 52735 --- [           main] .b.t.c.SpringBootTestContextBootstrapper : Using TestExecutionListeners: [org.springframework.test.context.web.ServletTestExecutionListener@1142843c, org.springframework.test.context.support.DirtiesContextBeforeModesTestExecutionListener@3993cecb, org.springframework.test.context.event.ApplicationEventsTestExecutionListener@4407f129, org.springframework.boot.test.mock.mockito.MockitoTestExecutionListener@731bdcca, org.springframework.boot.test.autoconfigure.SpringBootDependencyInjectionTestExecutionListener@76fdd5f1, org.springframework.test.context.support.DirtiesContextTestExecutionListener@513fb873, org.springframework.test.context.event.EventPublishingTestExecutionListener@2a4a95c4, org.springframework.boot.test.mock.mockito.ResetMocksTestExecutionListener@71ae1cb, org.springframework.boot.test.autoconfigure.restdocs.RestDocsTestExecutionListener@1f50fe84, org.springframework.boot.test.autoconfigure.web.client.MockRestServiceServerResetTestExecutionListener@3380313d, org.springframework.boot.test.autoconfigure.web.servlet.MockMvcPrintOnlyOnFailureTestExecutionListener@4d1a763c, org.springframework.boot.test.autoconfigure.web.servlet.WebDriverTestExecutionListener@1d5ec2ed, org.springframework.boot.test.autoconfigure.webservices.client.MockWebServiceServerTestExecutionListener@5e2ab1c, org.spockframework.spring.SpringMockTestExecutionListener@37596b44]
2024-05-17 18:41:42.953  INFO 52735 --- [WebServer 40961] okhttp3.mockwebserver.MockWebServer      : MockWebServer[40961] starting to accept connections
2024-05-17 18:41:42.957  INFO 52735 --- [127.0.0.1:39918] okhttp3.mockwebserver.MockWebServer      : MockWebServer[40961] received request: POST /api/v1/namespaces/test/configmaps HTTP/1.1 and responded: HTTP/1.1 200 OK
2024-05-17 18:41:42.961  INFO 52735 --- [127.0.0.1:39918] okhttp3.mockwebserver.MockWebServer      : MockWebServer[40961] received request: POST /api/v1/namespaces/test/configmaps HTTP/1.1 and responded: HTTP/1.1 200 OK
2024-05-17 18:41:43.007  INFO 52735 --- [WebServer 35245] okhttp3.mockwebserver.MockWebServer      : MockWebServer[35245] starting to accept connections
2024-05-17 18:41:43.020  INFO 52735 --- [WebServer 35245] okhttp3.mockwebserver.MockWebServer      : MockWebServer[35245] done accepting connections: Socket closed
2024-05-17 18:41:43.024  INFO 52735 --- [WebServer 46631] okhttp3.mockwebserver.MockWebServer      : MockWebServer[46631] starting to accept connections
2024-05-17 18:41:43.026  INFO 52735 --- [WebServer 49835] okhttp3.mockwebserver.MockWebServer      : MockWebServer[49835] starting to accept connections
2024-05-17 18:41:43.030  INFO 52735 --- [127.0.0.1:53224] okhttp3.mockwebserver.MockWebServer      : MockWebServer[46631] received request: POST /api/v1/namespaces/test/configmaps HTTP/1.1 and responded: HTTP/1.1 200 OK
2024-05-17 18:41:43.030  INFO 52735 --- [           main] s.c.k.f.c.Fabric8ConfigMapPropertySource : Loading ConfigMap with name 'app-yaml-test' in namespace 'test'
2024-05-17 18:41:43.032  INFO 52735 --- [127.0.0.1:53224] okhttp3.mockwebserver.MockWebServer      : MockWebServer[46631] received request: GET /api/v1/namespaces/test/configmaps/app-yaml-test HTTP/1.1 and responded: HTTP/1.1 200 OK
2024-05-17 18:41:43.074  INFO 52735 --- [WebServer 49835] okhttp3.mockwebserver.MockWebServer      : MockWebServer[49835] done accepting connections: Socket closed
2024-05-17 18:41:43.077  INFO 52735 --- [WebServer 54713] okhttp3.mockwebserver.MockWebServer      : MockWebServer[54713] starting to accept connections
2024-05-17 18:41:43.079  INFO 52735 --- [WebServer 59207] okhttp3.mockwebserver.MockWebServer      : MockWebServer[59207] starting to accept connections
2024-05-17 18:41:43.080  INFO 52735 --- [WebServer 59207] okhttp3.mockwebserver.MockWebServer      : MockWebServer[59207] done accepting connections: Socket closed
2024-05-17 18:41:43.085  INFO 52735 --- [           main] .b.t.c.SpringBootTestContextBootstrapper : Neither @ContextConfiguration nor @ContextHierarchy found for test class [org.springframework.cloud.kubernetes.fabric8.config.Fabric8SecretsPropertySourceTest], using SpringBootContextLoader
2024-05-17 18:41:43.086  INFO 52735 --- [           main] o.s.t.c.support.AbstractContextLoader    : Could not detect default resource locations for test class [org.springframework.cloud.kubernetes.fabric8.config.Fabric8SecretsPropertySourceTest]: no resource found for suffixes {-context.xml, Context.groovy}.
2024-05-17 18:41:43.088  INFO 52735 --- [           main] .b.t.c.SpringBootTestContextBootstrapper : Loaded default TestExecutionListener class names from location [META-INF/spring.factories]: [org.springframework.boot.test.mock.mockito.MockitoTestExecutionListener, org.springframework.boot.test.mock.mockito.ResetMocksTestExecutionListener, org.springframework.boot.test.autoconfigure.restdocs.RestDocsTestExecutionListener, org.springframework.boot.test.autoconfigure.web.client.MockRestServiceServerResetTestExecutionListener, org.springframework.boot.test.autoconfigure.web.servlet.MockMvcPrintOnlyOnFailureTestExecutionListener, org.springframework.boot.test.autoconfigure.web.servlet.WebDriverTestExecutionListener, org.springframework.boot.test.autoconfigure.webservices.client.MockWebServiceServerTestExecutionListener, org.springframework.test.context.web.ServletTestExecutionListener, org.springframework.test.context.support.DirtiesContextBeforeModesTestExecutionListener, org.springframework.test.context.event.ApplicationEventsTestExecutionListener, org.springframework.test.context.support.DependencyInjectionTestExecutionListener, org.springframework.test.context.support.DirtiesContextTestExecutionListener, org.springframework.test.context.transaction.TransactionalTestExecutionListener, org.springframework.test.context.jdbc.SqlScriptsTestExecutionListener, org.springframework.test.context.event.EventPublishingTestExecutionListener, org.spockframework.spring.SpringMockTestExecutionListener]
2024-05-17 18:41:43.089  INFO 52735 --- [           main] .b.t.c.SpringBootTestContextBootstrapper : Using TestExecutionListeners: [org.springframework.test.context.web.ServletTestExecutionListener@1b3b5252, org.springframework.test.context.support.DirtiesContextBeforeModesTestExecutionListener@adb15df, org.springframework.test.context.event.ApplicationEventsTestExecutionListener@6f45be42, org.springframework.boot.test.mock.mockito.MockitoTestExecutionListener@5c7876e1, org.springframework.boot.test.autoconfigure.SpringBootDependencyInjectionTestExecutionListener@1d9016fe, org.springframework.test.context.support.DirtiesContextTestExecutionListener@4f378d7e, org.springframework.test.context.event.EventPublishingTestExecutionListener@dc28d74, org.springframework.boot.test.mock.mockito.ResetMocksTestExecutionListener@12922d53, org.springframework.boot.test.autoconfigure.restdocs.RestDocsTestExecutionListener@f28ee19, org.springframework.boot.test.autoconfigure.web.client.MockRestServiceServerResetTestExecutionListener@7c07deff, org.springframework.boot.test.autoconfigure.web.servlet.MockMvcPrintOnlyOnFailureTestExecutionListener@65374526, org.springframework.boot.test.autoconfigure.web.servlet.WebDriverTestExecutionListener@664c0466, org.springframework.boot.test.autoconfigure.webservices.client.MockWebServiceServerTestExecutionListener@2edc6690, org.spockframework.spring.SpringMockTestExecutionListener@6ceeb592]
2024-05-17 18:41:43.091  INFO 52735 --- [WebServer 35905] okhttp3.mockwebserver.MockWebServer      : MockWebServer[35905] starting to accept connections
2024-05-17 18:41:43.095  INFO 52735 --- [127.0.0.1:52496] okhttp3.mockwebserver.MockWebServer      : MockWebServer[35905] received request: POST /api/v1/namespaces/test/secrets HTTP/1.1 and responded: HTTP/1.1 200 OK
2024-05-17 18:41:43.140  WARN 52735 --- [           main] ubernetesProfileEnvironmentPostProcessor : Not running inside kubernetes. Skipping 'kubernetes' profile activation.

  .   ____          _            __ _ _
 /\\ / ___'_ __ _ _(_)_ __  __ _ \ \ \ \
( ( )\___ | '_ | '_| | '_ \/ _` | \ \ \ \
 \\/  ___)| |_)| | | | | || (_| |  ) ) ) )
  '  |____| .__|_| |_|_| |_\__, | / / / /
 =========|_|==============|___/=/_/_/_/
 :: Spring Boot ::                (v2.6.3)

2024-05-17 18:41:43.227  INFO 52735 --- [           main] s.c.k.f.c.Fabric8ConfigMapPropertySource : Loading ConfigMap with name 'configmap-example' in namespace 'test'
2024-05-17 18:41:43.230  INFO 52735 --- [127.0.0.1:52502] okhttp3.mockwebserver.MockWebServer      : MockWebServer[35905] received request: GET /api/v1/namespaces/test/configmaps/configmap-example HTTP/1.1 and responded: HTTP/1.1 404 Client Error
2024-05-17 18:41:43.231  INFO 52735 --- [           main] o.s.c.k.f.config.Fabric8ConfigUtils      : config-map with name : 'configmap-example' not present in namespace : 'test'
2024-05-17 18:41:43.232  INFO 52735 --- [           main] b.c.PropertySourceBootstrapConfiguration : Located property source: [BootstrapPropertySource {name='bootstrapProperties-configmap.configmap-example.test'}]
2024-05-17 18:41:43.232  INFO 52735 --- [           main] o.s.c.k.f.c.Fabric8SecretsPropertySource : Loading Secret with name 'configmap-example' or with labels [{foo=bar}] in namespace 'test'
2024-05-17 18:41:43.233  INFO 52735 --- [127.0.0.1:52502] okhttp3.mockwebserver.MockWebServer      : MockWebServer[35905] received request: GET /api/v1/namespaces/test/secrets/configmap-example HTTP/1.1 and responded: HTTP/1.1 404 Client Error
2024-05-17 18:41:43.234  WARN 52735 --- [           main] o.s.c.k.f.c.Fabric8SecretsPropertySource : secret with name : configmap-example in namespace : test not found
2024-05-17 18:41:43.235  INFO 52735 --- [127.0.0.1:52502] okhttp3.mockwebserver.MockWebServer      : MockWebServer[35905] received request: GET /api/v1/namespaces/test/secrets?labelSelector=foo%3Dbar HTTP/1.1 and responded: HTTP/1.1 200 OK
2024-05-17 18:41:43.276 DEBUG 52735 --- [           main] o.s.c.k.f.c.Fabric8SecretsPropertySource : reading secret with name : test-secret in namespace : test
2024-05-17 18:41:43.276  INFO 52735 --- [           main] b.c.PropertySourceBootstrapConfiguration : Located property source: [BootstrapPropertySource {name='bootstrapProperties-secrets.configmap-example.test'}]
2024-05-17 18:41:43.312  WARN 52735 --- [           main] ubernetesProfileEnvironmentPostProcessor : Not running inside kubernetes. Skipping 'kubernetes' profile activation.
2024-05-17 18:41:43.312  INFO 52735 --- [           main] c.k.f.c.Fabric8SecretsPropertySourceTest : No active profile set, falling back to default profiles: default
2024-05-17 18:41:43.516  INFO 52735 --- [           main] o.s.cloud.context.scope.GenericScope     : BeanFactory id=e369cf40-d234-36e2-a4dc-38329760186f
2024-05-17 18:41:43.622  INFO 52735 --- [           main] o.s.b.w.embedded.tomcat.TomcatWebServer  : Tomcat initialized with port(s): 0 (http)
2024-05-17 18:41:43.623  INFO 52735 --- [           main] o.apache.catalina.core.StandardService   : Starting service [Tomcat]
2024-05-17 18:41:43.623  INFO 52735 --- [           main] org.apache.catalina.core.StandardEngine  : Starting Servlet engine: [Apache Tomcat/9.0.56]
2024-05-17 18:41:43.636  INFO 52735 --- [           main] o.a.c.c.C.[Tomcat-5].[localhost].[/]     : Initializing Spring embedded WebApplicationContext
2024-05-17 18:41:43.636  INFO 52735 --- [           main] w.s.c.ServletWebServerApplicationContext : Root WebApplicationContext: initialization completed in 322 ms
2024-05-17 18:41:44.218  INFO 52735 --- [           main] o.s.b.a.e.web.EndpointLinksResolver      : Exposing 1 endpoint(s) beneath base path '/actuator'
2024-05-17 18:41:44.262  INFO 52735 --- [           main] o.s.b.w.embedded.tomcat.TomcatWebServer  : Tomcat started on port(s): 34631 (http) with context path ''
2024-05-17 18:41:44.268  INFO 52735 --- [           main] c.k.f.c.Fabric8SecretsPropertySourceTest : Started Fabric8SecretsPropertySourceTest in 1.171 seconds (JVM running for 17.015)
2024-05-17 18:41:44.274  INFO 52735 --- [WebServer 56563] okhttp3.mockwebserver.MockWebServer      : MockWebServer[56563] starting to accept connections
2024-05-17 18:41:44.277  INFO 52735 --- [           main] o.s.c.k.f.c.Fabric8SecretsPropertySource : Loading Secret with name 'configmap-example' or with labels [{foo=bar}] in namespace 'test'
2024-05-17 18:41:44.278  INFO 52735 --- [127.0.0.1:52502] okhttp3.mockwebserver.MockWebServer      : MockWebServer[35905] received request: GET /api/v1/namespaces/test/secrets/configmap-example HTTP/1.1 and responded: HTTP/1.1 404 Client Error
2024-05-17 18:41:44.278  WARN 52735 --- [           main] o.s.c.k.f.c.Fabric8SecretsPropertySource : secret with name : configmap-example in namespace : test not found
2024-05-17 18:41:44.280  INFO 52735 --- [127.0.0.1:52502] okhttp3.mockwebserver.MockWebServer      : MockWebServer[35905] received request: GET /api/v1/namespaces/test/secrets?labelSelector=foo%3Dbar HTTP/1.1 and responded: HTTP/1.1 200 OK
2024-05-17 18:41:44.321 DEBUG 52735 --- [           main] o.s.c.k.f.c.Fabric8SecretsPropertySource : reading secret with name : test-secret in namespace : test
2024-05-17 18:41:44.325  INFO 52735 --- [WebServer 56563] okhttp3.mockwebserver.MockWebServer      : MockWebServer[56563] done accepting connections: Socket closed
2024-05-17 18:41:44.333  INFO 52735 --- [WebServer 53409] okhttp3.mockwebserver.MockWebServer      : MockWebServer[53409] starting to accept connections
2024-05-17 18:41:44.341  INFO 52735 --- [WebServer 57807] okhttp3.mockwebserver.MockWebServer      : MockWebServer[57807] starting to accept connections
2024-05-17 18:41:44.342  INFO 52735 --- [           main] .b.t.c.SpringBootTestContextBootstrapper : Neither @ContextConfiguration nor @ContextHierarchy found for test class [org.springframework.cloud.kubernetes.fabric8.config.Fabric8SecretsPropertySourceLocatorRetryTests$SecretsFailFastDisabled], using SpringBootContextLoader
2024-05-17 18:41:44.344  INFO 52735 --- [           main] o.s.t.c.support.AbstractContextLoader    : Could not detect default resource locations for test class [org.springframework.cloud.kubernetes.fabric8.config.Fabric8SecretsPropertySourceLocatorRetryTests$SecretsFailFastDisabled]: no resource found for suffixes {-context.xml, Context.groovy}.
2024-05-17 18:41:44.347  INFO 52735 --- [           main] .b.t.c.SpringBootTestContextBootstrapper : Loaded default TestExecutionListener class names from location [META-INF/spring.factories]: [org.springframework.boot.test.mock.mockito.MockitoTestExecutionListener, org.springframework.boot.test.mock.mockito.ResetMocksTestExecutionListener, org.springframework.boot.test.autoconfigure.restdocs.RestDocsTestExecutionListener, org.springframework.boot.test.autoconfigure.web.client.MockRestServiceServerResetTestExecutionListener, org.springframework.boot.test.autoconfigure.web.servlet.MockMvcPrintOnlyOnFailureTestExecutionListener, org.springframework.boot.test.autoconfigure.web.servlet.WebDriverTestExecutionListener, org.springframework.boot.test.autoconfigure.webservices.client.MockWebServiceServerTestExecutionListener, org.springframework.test.context.web.ServletTestExecutionListener, org.springframework.test.context.support.DirtiesContextBeforeModesTestExecutionListener, org.springframework.test.context.event.ApplicationEventsTestExecutionListener, org.springframework.test.context.support.DependencyInjectionTestExecutionListener, org.springframework.test.context.support.DirtiesContextTestExecutionListener, org.springframework.test.context.transaction.TransactionalTestExecutionListener, org.springframework.test.context.jdbc.SqlScriptsTestExecutionListener, org.springframework.test.context.event.EventPublishingTestExecutionListener, org.spockframework.spring.SpringMockTestExecutionListener]
2024-05-17 18:41:44.349  INFO 52735 --- [           main] .b.t.c.SpringBootTestContextBootstrapper : Using TestExecutionListeners: [org.springframework.test.context.web.ServletTestExecutionListener@5c70eda4, org.springframework.test.context.support.DirtiesContextBeforeModesTestExecutionListener@77ac7cd6, org.springframework.test.context.event.ApplicationEventsTestExecutionListener@12830e23, org.springframework.boot.test.mock.mockito.MockitoTestExecutionListener@81f9b01, org.springframework.boot.test.autoconfigure.SpringBootDependencyInjectionTestExecutionListener@53d94a6b, org.springframework.test.context.support.DirtiesContextTestExecutionListener@4707d60a, org.springframework.test.context.event.EventPublishingTestExecutionListener@4d7f3adf, org.springframework.boot.test.mock.mockito.ResetMocksTestExecutionListener@394c77e2, org.springframework.boot.test.autoconfigure.restdocs.RestDocsTestExecutionListener@20dfe8b2, org.springframework.boot.test.autoconfigure.web.client.MockRestServiceServerResetTestExecutionListener@5911dd25, org.springframework.boot.test.autoconfigure.web.servlet.MockMvcPrintOnlyOnFailureTestExecutionListener@6d8cbd1a, org.springframework.boot.test.autoconfigure.web.servlet.WebDriverTestExecutionListener@3725242e, org.springframework.boot.test.autoconfigure.webservices.client.MockWebServiceServerTestExecutionListener@6860c000, org.spockframework.spring.SpringMockTestExecutionListener@3f4fd0dc]
2024-05-17 18:41:44.396  WARN 52735 --- [           main] ubernetesProfileEnvironmentPostProcessor : Not running inside kubernetes. Skipping 'kubernetes' profile activation.

  .   ____          _            __ _ _
 /\\ / ___'_ __ _ _(_)_ __  __ _ \ \ \ \
( ( )\___ | '_ | '_| | '_ \/ _` | \ \ \ \
 \\/  ___)| |_)| | | | | || (_| |  ) ) ) )
  '  |____| .__|_| |_|_| |_\__, | / / / /
 =========|_|==============|___/=/_/_/_/
 :: Spring Boot ::                (v2.6.3)

2024-05-17 18:41:44.485  INFO 52735 --- [           main] s.c.k.f.c.Fabric8ConfigMapPropertySource : Loading ConfigMap with name 'application' in namespace 'default'
2024-05-17 18:41:44.589  INFO 52735 --- [127.0.0.1:34648] okhttp3.mockwebserver.MockWebServer      : MockWebServer[53409] received request: GET /api/v1/namespaces/default/configmaps/application HTTP/1.1 and responded: HTTP/1.1 404 Client Error
2024-05-17 18:41:44.592  INFO 52735 --- [           main] o.s.c.k.f.config.Fabric8ConfigUtils      : config-map with name : 'application' not present in namespace : 'default'
2024-05-17 18:41:44.593  INFO 52735 --- [           main] b.c.PropertySourceBootstrapConfiguration : Located property source: [BootstrapPropertySource {name='bootstrapProperties-configmap.application.default'}]
2024-05-17 18:41:44.593  INFO 52735 --- [           main] o.s.c.k.f.c.Fabric8SecretsPropertySource : Loading Secret with name 'my-secret' or with labels [{}] in namespace 'default'
2024-05-17 18:41:44.594  INFO 52735 --- [127.0.0.1:34648] okhttp3.mockwebserver.MockWebServer      : MockWebServer[53409] received request: GET /api/v1/namespaces/default/secrets/my-secret HTTP/1.1 and responded: HTTP/1.1 404 Client Error
2024-05-17 18:41:44.595  WARN 52735 --- [           main] o.s.c.k.f.c.Fabric8SecretsPropertySource : secret with name : my-secret in namespace : default not found
2024-05-17 18:41:44.597  INFO 52735 --- [127.0.0.1:34648] okhttp3.mockwebserver.MockWebServer      : MockWebServer[53409] received request: GET /api/v1/namespaces/default/secrets HTTP/1.1 and responded: HTTP/1.1 200 OK
2024-05-17 18:41:44.639  INFO 52735 --- [           main] b.c.PropertySourceBootstrapConfiguration : Located property source: [BootstrapPropertySource {name='bootstrapProperties-secrets.my-secret.default'}]
2024-05-17 18:41:44.648  WARN 52735 --- [           main] ubernetesProfileEnvironmentPostProcessor : Not running inside kubernetes. Skipping 'kubernetes' profile activation.
2024-05-17 18:41:44.649  INFO 52735 --- [           main] ocatorRetryTests$SecretsFailFastDisabled : No active profile set, falling back to default profiles: default
2024-05-17 18:41:44.984  INFO 52735 --- [           main] o.s.cloud.context.scope.GenericScope     : BeanFactory id=94652287-2eb9-367e-b08b-eea09b3b2900
2024-05-17 18:41:45.416  INFO 52735 --- [           main] ocatorRetryTests$SecretsFailFastDisabled : Started Fabric8SecretsPropertySourceLocatorRetryTests.SecretsFailFastDisabled in 1.066 seconds (JVM running for 18.164)
2024-05-17 18:41:45.422  INFO 52735 --- [WebServer 55277] okhttp3.mockwebserver.MockWebServer      : MockWebServer[55277] starting to accept connections
2024-05-17 18:41:45.430  INFO 52735 --- [           main] o.s.c.k.f.c.Fabric8SecretsPropertySource : Loading Secret with name 'my-secret' or with labels [{}] in namespace 'default'
2024-05-17 18:41:45.431  INFO 52735 --- [127.0.0.1:34648] okhttp3.mockwebserver.MockWebServer      : MockWebServer[53409] received request: GET /api/v1/namespaces/default/secrets/my-secret HTTP/1.1 and responded: HTTP/1.1 500 Server Error
2024-05-17 18:41:45.432  WARN 52735 --- [           main] o.s.c.k.f.c.Fabric8SecretsPropertySource : Can't read secret with name: [my-secret] or labels [{}] in namespace: [default] (cause: Failure executing: GET at: https://localhost:53409/api/v1/namespaces/default/secrets/my-secret. Message: Internal Server Error.). Ignoring
2024-05-17 18:41:45.441  INFO 52735 --- [WebServer 55277] okhttp3.mockwebserver.MockWebServer      : MockWebServer[55277] done accepting connections: Socket closed
2024-05-17 18:41:45.448  INFO 52735 --- [WebServer 37193] okhttp3.mockwebserver.MockWebServer      : MockWebServer[37193] starting to accept connections
2024-05-17 18:41:45.451  INFO 52735 --- [WebServer 39823] okhttp3.mockwebserver.MockWebServer      : MockWebServer[39823] starting to accept connections
2024-05-17 18:41:45.452  INFO 52735 --- [           main] .b.t.c.SpringBootTestContextBootstrapper : Neither @ContextConfiguration nor @ContextHierarchy found for test class [org.springframework.cloud.kubernetes.fabric8.config.Fabric8ConfigMapPropertySourceLocatorRetryTests$ConfigFailFastEnabledButRetryDisabled], using SpringBootContextLoader
2024-05-17 18:41:45.453  INFO 52735 --- [           main] o.s.t.c.support.AbstractContextLoader    : Could not detect default resource locations for test class [org.springframework.cloud.kubernetes.fabric8.config.Fabric8ConfigMapPropertySourceLocatorRetryTests$ConfigFailFastEnabledButRetryDisabled]: no resource found for suffixes {-context.xml, Context.groovy}.
2024-05-17 18:41:45.454  INFO 52735 --- [           main] .b.t.c.SpringBootTestContextBootstrapper : Loaded default TestExecutionListener class names from location [META-INF/spring.factories]: [org.springframework.boot.test.mock.mockito.MockitoTestExecutionListener, org.springframework.boot.test.mock.mockito.ResetMocksTestExecutionListener, org.springframework.boot.test.autoconfigure.restdocs.RestDocsTestExecutionListener, org.springframework.boot.test.autoconfigure.web.client.MockRestServiceServerResetTestExecutionListener, org.springframework.boot.test.autoconfigure.web.servlet.MockMvcPrintOnlyOnFailureTestExecutionListener, org.springframework.boot.test.autoconfigure.web.servlet.WebDriverTestExecutionListener, org.springframework.boot.test.autoconfigure.webservices.client.MockWebServiceServerTestExecutionListener, org.springframework.test.context.web.ServletTestExecutionListener, org.springframework.test.context.support.DirtiesContextBeforeModesTestExecutionListener, org.springframework.test.context.event.ApplicationEventsTestExecutionListener, org.springframework.test.context.support.DependencyInjectionTestExecutionListener, org.springframework.test.context.support.DirtiesContextTestExecutionListener, org.springframework.test.context.transaction.TransactionalTestExecutionListener, org.springframework.test.context.jdbc.SqlScriptsTestExecutionListener, org.springframework.test.context.event.EventPublishingTestExecutionListener, org.spockframework.spring.SpringMockTestExecutionListener]
2024-05-17 18:41:45.456  INFO 52735 --- [           main] .b.t.c.SpringBootTestContextBootstrapper : Using TestExecutionListeners: [org.springframework.test.context.web.ServletTestExecutionListener@3edc999f, org.springframework.test.context.support.DirtiesContextBeforeModesTestExecutionListener@cb03360, org.springframework.test.context.event.ApplicationEventsTestExecutionListener@3a8ae302, org.springframework.boot.test.mock.mockito.MockitoTestExecutionListener@65134e6c, org.springframework.boot.test.autoconfigure.SpringBootDependencyInjectionTestExecutionListener@3fd93330, org.springframework.test.context.support.DirtiesContextTestExecutionListener@32ff3c98, org.springframework.test.context.event.EventPublishingTestExecutionListener@5f804b36, org.springframework.boot.test.mock.mockito.ResetMocksTestExecutionListener@201f0e84, org.springframework.boot.test.autoconfigure.restdocs.RestDocsTestExecutionListener@5629e904, org.springframework.boot.test.autoconfigure.web.client.MockRestServiceServerResetTestExecutionListener@1d7914a5, org.springframework.boot.test.autoconfigure.web.servlet.MockMvcPrintOnlyOnFailureTestExecutionListener@40fd25c7, org.springframework.boot.test.autoconfigure.web.servlet.WebDriverTestExecutionListener@18ce7872, org.springframework.boot.test.autoconfigure.webservices.client.MockWebServiceServerTestExecutionListener@136c3a6, org.spockframework.spring.SpringMockTestExecutionListener@54bf2319]
2024-05-17 18:41:45.497  WARN 52735 --- [           main] ubernetesProfileEnvironmentPostProcessor : Not running inside kubernetes. Skipping 'kubernetes' profile activation.

  .   ____          _            __ _ _
 /\\ / ___'_ __ _ _(_)_ __  __ _ \ \ \ \
( ( )\___ | '_ | '_| | '_ \/ _` | \ \ \ \
 \\/  ___)| |_)| | | | | || (_| |  ) ) ) )
  '  |____| .__|_| |_|_| |_\__, | / / / /
 =========|_|==============|___/=/_/_/_/
 :: Spring Boot ::                (v2.6.3)

2024-05-17 18:41:45.564  INFO 52735 --- [           main] s.c.k.f.c.Fabric8ConfigMapPropertySource : Loading ConfigMap with name 'application' in namespace 'default'
2024-05-17 18:41:45.664  INFO 52735 --- [127.0.0.1:49814] okhttp3.mockwebserver.MockWebServer      : MockWebServer[37193] received request: GET /api/v1/namespaces/default/configmaps/application HTTP/1.1 and responded: HTTP/1.1 404 Client Error
2024-05-17 18:41:45.668  INFO 52735 --- [           main] o.s.c.k.f.config.Fabric8ConfigUtils      : config-map with name : 'application' not present in namespace : 'default'
2024-05-17 18:41:45.668  INFO 52735 --- [           main] b.c.PropertySourceBootstrapConfiguration : Located property source: [BootstrapPropertySource {name='bootstrapProperties-configmap.application.default'}]
2024-05-17 18:41:45.673  WARN 52735 --- [           main] ubernetesProfileEnvironmentPostProcessor : Not running inside kubernetes. Skipping 'kubernetes' profile activation.
2024-05-17 18:41:45.674  INFO 52735 --- [           main] ts$ConfigFailFastEnabledButRetryDisabled : No active profile set, falling back to default profiles: default
2024-05-17 18:41:45.975  INFO 52735 --- [           main] o.s.cloud.context.scope.GenericScope     : BeanFactory id=94652287-2eb9-367e-b08b-eea09b3b2900
2024-05-17 18:41:46.342  INFO 52735 --- [           main] ts$ConfigFailFastEnabledButRetryDisabled : Started Fabric8ConfigMapPropertySourceLocatorRetryTests.ConfigFailFastEnabledButRetryDisabled in 0.884 seconds (JVM running for 19.089)
2024-05-17 18:41:46.349  INFO 52735 --- [WebServer 49031] okhttp3.mockwebserver.MockWebServer      : MockWebServer[49031] starting to accept connections
2024-05-17 18:41:46.352  INFO 52735 --- [           main] s.c.k.f.c.Fabric8ConfigMapPropertySource : Loading ConfigMap with name 'application' in namespace 'default'
2024-05-17 18:41:46.354  INFO 52735 --- [127.0.0.1:49814] okhttp3.mockwebserver.MockWebServer      : MockWebServer[37193] received request: GET /api/v1/namespaces/default/configmaps/application HTTP/1.1 and responded: HTTP/1.1 500 Server Error
2024-05-17 18:41:46.359  INFO 52735 --- [WebServer 49031] okhttp3.mockwebserver.MockWebServer      : MockWebServer[49031] done accepting connections: Socket closed
2024-05-17 18:41:46.364  INFO 52735 --- [WebServer 55157] okhttp3.mockwebserver.MockWebServer      : MockWebServer[55157] starting to accept connections
2024-05-17 18:41:46.366  INFO 52735 --- [WebServer 38375] okhttp3.mockwebserver.MockWebServer      : MockWebServer[38375] starting to accept connections
2024-05-17 18:41:46.369  INFO 52735 --- [127.0.0.1:59090] okhttp3.mockwebserver.MockWebServer      : MockWebServer[55157] received request: POST /api/v1/namespaces/ns1/configmaps HTTP/1.1 and responded: HTTP/1.1 200 OK
2024-05-17 18:41:46.371  INFO 52735 --- [127.0.0.1:59090] okhttp3.mockwebserver.MockWebServer      : MockWebServer[55157] received request: GET /api/v1/namespaces/ns1/configmaps HTTP/1.1 and responded: HTTP/1.1 200 OK
2024-05-17 18:41:46.423  INFO 52735 --- [WebServer 38375] okhttp3.mockwebserver.MockWebServer      : MockWebServer[38375] done accepting connections: Socket closed
2024-05-17 18:41:46.428  INFO 52735 --- [           main] .b.t.c.SpringBootTestContextBootstrapper : Neither @ContextConfiguration nor @ContextHierarchy found for test class [org.springframework.cloud.kubernetes.fabric8.config.Fabric8ActuatorTests$DisabledHealthTest], using SpringBootContextLoader
2024-05-17 18:41:46.429  INFO 52735 --- [           main] o.s.t.c.support.AbstractContextLoader    : Could not detect default resource locations for test class [org.springframework.cloud.kubernetes.fabric8.config.Fabric8ActuatorTests$DisabledHealthTest]: no resource found for suffixes {-context.xml, Context.groovy}.
2024-05-17 18:41:46.430  INFO 52735 --- [           main] .b.t.c.SpringBootTestContextBootstrapper : Loaded default TestExecutionListener class names from location [META-INF/spring.factories]: [org.springframework.boot.test.mock.mockito.MockitoTestExecutionListener, org.springframework.boot.test.mock.mockito.ResetMocksTestExecutionListener, org.springframework.boot.test.autoconfigure.restdocs.RestDocsTestExecutionListener, org.springframework.boot.test.autoconfigure.web.client.MockRestServiceServerResetTestExecutionListener, org.springframework.boot.test.autoconfigure.web.servlet.MockMvcPrintOnlyOnFailureTestExecutionListener, org.springframework.boot.test.autoconfigure.web.servlet.WebDriverTestExecutionListener, org.springframework.boot.test.autoconfigure.webservices.client.MockWebServiceServerTestExecutionListener, org.springframework.test.context.web.ServletTestExecutionListener, org.springframework.test.context.support.DirtiesContextBeforeModesTestExecutionListener, org.springframework.test.context.event.ApplicationEventsTestExecutionListener, org.springframework.test.context.support.DependencyInjectionTestExecutionListener, org.springframework.test.context.support.DirtiesContextTestExecutionListener, org.springframework.test.context.transaction.TransactionalTestExecutionListener, org.springframework.test.context.jdbc.SqlScriptsTestExecutionListener, org.springframework.test.context.event.EventPublishingTestExecutionListener, org.spockframework.spring.SpringMockTestExecutionListener]
2024-05-17 18:41:46.431  INFO 52735 --- [           main] .b.t.c.SpringBootTestContextBootstrapper : Using TestExecutionListeners: [org.springframework.test.context.web.ServletTestExecutionListener@7c943143, org.springframework.test.context.support.DirtiesContextBeforeModesTestExecutionListener@705e24fb, org.springframework.test.context.event.ApplicationEventsTestExecutionListener@3c511385, org.springframework.boot.test.mock.mockito.MockitoTestExecutionListener@20e7ea20, org.springframework.boot.test.autoconfigure.SpringBootDependencyInjectionTestExecutionListener@7da4c956, org.springframework.test.context.support.DirtiesContextTestExecutionListener@7c5c53e5, org.springframework.test.context.event.EventPublishingTestExecutionListener@4825aad0, org.springframework.boot.test.mock.mockito.ResetMocksTestExecutionListener@570cef1e, org.springframework.boot.test.autoconfigure.restdocs.RestDocsTestExecutionListener@c3972d0, org.springframework.boot.test.autoconfigure.web.client.MockRestServiceServerResetTestExecutionListener@1264dbc9, org.springframework.boot.test.autoconfigure.web.servlet.MockMvcPrintOnlyOnFailureTestExecutionListener@77f2807f, org.springframework.boot.test.autoconfigure.web.servlet.WebDriverTestExecutionListener@47b6f580, org.springframework.boot.test.autoconfigure.webservices.client.MockWebServiceServerTestExecutionListener@5eb054, org.spockframework.spring.SpringMockTestExecutionListener@34d08905]
2024-05-17 18:41:46.476  WARN 52735 --- [           main] ubernetesProfileEnvironmentPostProcessor : Not running inside kubernetes. Skipping 'kubernetes' profile activation.

  .   ____          _            __ _ _
 /\\ / ___'_ __ _ _(_)_ __  __ _ \ \ \ \
( ( )\___ | '_ | '_| | '_ \/ _` | \ \ \ \
 \\/  ___)| |_)| | | | | || (_| |  ) ) ) )
  '  |____| .__|_| |_|_| |_\__, | / / / /
 =========|_|==============|___/=/_/_/_/
 :: Spring Boot ::                (v2.6.3)

2024-05-17 18:41:46.561  WARN 52735 --- [           main] ubernetesProfileEnvironmentPostProcessor : Not running inside kubernetes. Skipping 'kubernetes' profile activation.
2024-05-17 18:41:46.561  INFO 52735 --- [           main] .Fabric8ActuatorTests$DisabledHealthTest : No active profile set, falling back to default profiles: default
2024-05-17 18:41:46.730  INFO 52735 --- [           main] o.s.cloud.context.scope.GenericScope     : BeanFactory id=4be2013b-cc49-3351-ae92-82ba8fb12059
2024-05-17 18:41:46.821  INFO 52735 --- [           main] o.s.b.w.embedded.tomcat.TomcatWebServer  : Tomcat initialized with port(s): 0 (http)
2024-05-17 18:41:46.822  INFO 52735 --- [           main] o.apache.catalina.core.StandardService   : Starting service [Tomcat]
2024-05-17 18:41:46.822  INFO 52735 --- [           main] org.apache.catalina.core.StandardEngine  : Starting Servlet engine: [Apache Tomcat/9.0.56]
2024-05-17 18:41:46.831  INFO 52735 --- [           main] o.a.c.c.C.[Tomcat-6].[localhost].[/]     : Initializing Spring embedded WebApplicationContext
2024-05-17 18:41:46.831  INFO 52735 --- [           main] w.s.c.ServletWebServerApplicationContext : Root WebApplicationContext: initialization completed in 268 ms
2024-05-17 18:41:47.384  INFO 52735 --- [           main] o.s.b.a.e.web.EndpointLinksResolver      : Exposing 1 endpoint(s) beneath base path '/actuator'
2024-05-17 18:41:47.423  INFO 52735 --- [           main] o.s.b.w.embedded.tomcat.TomcatWebServer  : Tomcat started on port(s): 34527 (http) with context path ''
2024-05-17 18:41:47.429  INFO 52735 --- [           main] .Fabric8ActuatorTests$DisabledHealthTest : Started Fabric8ActuatorTests.DisabledHealthTest in 0.996 seconds (JVM running for 20.176)
2024-05-17 18:41:47.445  INFO 52735 --- [o-auto-7-exec-1] o.a.c.c.C.[Tomcat-6].[localhost].[/]     : Initializing Spring DispatcherServlet 'dispatcherServlet'
2024-05-17 18:41:47.447  INFO 52735 --- [o-auto-7-exec-1] o.s.web.servlet.DispatcherServlet        : Initializing Servlet 'dispatcherServlet'
2024-05-17 18:41:47.448  INFO 52735 --- [o-auto-7-exec-1] o.s.web.servlet.DispatcherServlet        : Completed initialization in 1 ms
2024-05-17 18:41:47.489  INFO 52735 --- [           main] .b.t.c.SpringBootTestContextBootstrapper : Neither @ContextConfiguration nor @ContextHierarchy found for test class [org.springframework.cloud.kubernetes.fabric8.config.Fabric8BootstrapConfigurationTests$KubernetesEnabledSecretsAndConfigDisabled], using SpringBootContextLoader
2024-05-17 18:41:47.491  INFO 52735 --- [           main] o.s.t.c.support.AbstractContextLoader    : Could not detect default resource locations for test class [org.springframework.cloud.kubernetes.fabric8.config.Fabric8BootstrapConfigurationTests$KubernetesEnabledSecretsAndConfigDisabled]: no resource found for suffixes {-context.xml, Context.groovy}.
2024-05-17 18:41:47.492  INFO 52735 --- [           main] .b.t.c.SpringBootTestContextBootstrapper : Loaded default TestExecutionListener class names from location [META-INF/spring.factories]: [org.springframework.boot.test.mock.mockito.MockitoTestExecutionListener, org.springframework.boot.test.mock.mockito.ResetMocksTestExecutionListener, org.springframework.boot.test.autoconfigure.restdocs.RestDocsTestExecutionListener, org.springframework.boot.test.autoconfigure.web.client.MockRestServiceServerResetTestExecutionListener, org.springframework.boot.test.autoconfigure.web.servlet.MockMvcPrintOnlyOnFailureTestExecutionListener, org.springframework.boot.test.autoconfigure.web.servlet.WebDriverTestExecutionListener, org.springframework.boot.test.autoconfigure.webservices.client.MockWebServiceServerTestExecutionListener, org.springframework.test.context.web.ServletTestExecutionListener, org.springframework.test.context.support.DirtiesContextBeforeModesTestExecutionListener, org.springframework.test.context.event.ApplicationEventsTestExecutionListener, org.springframework.test.context.support.DependencyInjectionTestExecutionListener, org.springframework.test.context.support.DirtiesContextTestExecutionListener, org.springframework.test.context.transaction.TransactionalTestExecutionListener, org.springframework.test.context.jdbc.SqlScriptsTestExecutionListener, org.springframework.test.context.event.EventPublishingTestExecutionListener, org.spockframework.spring.SpringMockTestExecutionListener]
2024-05-17 18:41:47.493  INFO 52735 --- [           main] .b.t.c.SpringBootTestContextBootstrapper : Using TestExecutionListeners: [org.springframework.test.context.web.ServletTestExecutionListener@340b7fca, org.springframework.test.context.support.DirtiesContextBeforeModesTestExecutionListener@4ab8c3c0, org.springframework.test.context.event.ApplicationEventsTestExecutionListener@2978d342, org.springframework.boot.test.mock.mockito.MockitoTestExecutionListener@7dbf92aa, org.springframework.boot.test.autoconfigure.SpringBootDependencyInjectionTestExecutionListener@122557f8, org.springframework.test.context.support.DirtiesContextTestExecutionListener@1e8f20bf, org.springframework.test.context.event.EventPublishingTestExecutionListener@718212ef, org.springframework.boot.test.mock.mockito.ResetMocksTestExecutionListener@70a9f4b7, org.springframework.boot.test.autoconfigure.restdocs.RestDocsTestExecutionListener@488bf7cd, org.springframework.boot.test.autoconfigure.web.client.MockRestServiceServerResetTestExecutionListener@2fe6bcbb, org.springframework.boot.test.autoconfigure.web.servlet.MockMvcPrintOnlyOnFailureTestExecutionListener@4e92c6c2, org.springframework.boot.test.autoconfigure.web.servlet.WebDriverTestExecutionListener@71a18feb, org.springframework.boot.test.autoconfigure.webservices.client.MockWebServiceServerTestExecutionListener@66032b8d, org.spockframework.spring.SpringMockTestExecutionListener@7c1a5092]
2024-05-17 18:41:47.551  WARN 52735 --- [           main] ubernetesProfileEnvironmentPostProcessor : Not running inside kubernetes. Skipping 'kubernetes' profile activation.

  .   ____          _            __ _ _
 /\\ / ___'_ __ _ _(_)_ __  __ _ \ \ \ \
( ( )\___ | '_ | '_| | '_ \/ _` | \ \ \ \
 \\/  ___)| |_)| | | | | || (_| |  ) ) ) )
  '  |____| .__|_| |_|_| |_\__, | / / / /
 =========|_|==============|___/=/_/_/_/
 :: Spring Boot ::                (v2.6.3)

2024-05-17 18:41:47.612  WARN 52735 --- [           main] ubernetesProfileEnvironmentPostProcessor : Not running inside kubernetes. Skipping 'kubernetes' profile activation.
2024-05-17 18:41:47.612  INFO 52735 --- [           main] ubernetesEnabledSecretsAndConfigDisabled : No active profile set, falling back to default profiles: default
2024-05-17 18:41:47.948  INFO 52735 --- [           main] o.s.cloud.context.scope.GenericScope     : BeanFactory id=28f5efda-2be0-3ec4-9d06-389d7832aa32
2024-05-17 18:41:48.030  INFO 52735 --- [           main] o.s.b.w.embedded.tomcat.TomcatWebServer  : Tomcat initialized with port(s): 0 (http)
2024-05-17 18:41:48.031  INFO 52735 --- [           main] o.apache.catalina.core.StandardService   : Starting service [Tomcat]
2024-05-17 18:41:48.031  INFO 52735 --- [           main] org.apache.catalina.core.StandardEngine  : Starting Servlet engine: [Apache Tomcat/9.0.56]
2024-05-17 18:41:48.042  INFO 52735 --- [           main] o.a.c.c.C.[Tomcat-7].[localhost].[/]     : Initializing Spring embedded WebApplicationContext
2024-05-17 18:41:48.042  INFO 52735 --- [           main] w.s.c.ServletWebServerApplicationContext : Root WebApplicationContext: initialization completed in 429 ms
2024-05-17 18:41:48.616  INFO 52735 --- [           main] o.s.b.a.e.web.EndpointLinksResolver      : Exposing 1 endpoint(s) beneath base path '/actuator'
2024-05-17 18:41:48.673  INFO 52735 --- [           main] o.s.b.w.embedded.tomcat.TomcatWebServer  : Tomcat started on port(s): 46241 (http) with context path ''
2024-05-17 18:41:48.680  INFO 52735 --- [           main] ubernetesEnabledSecretsAndConfigDisabled : Started Fabric8BootstrapConfigurationTests.KubernetesEnabledSecretsAndConfigDisabled in 1.185 seconds (JVM running for 21.427)
2024-05-17 18:41:48.701  INFO 52735 --- [WebServer 42073] okhttp3.mockwebserver.MockWebServer      : MockWebServer[42073] starting to accept connections
2024-05-17 18:41:48.709  INFO 52735 --- [WebServer 35665] okhttp3.mockwebserver.MockWebServer      : MockWebServer[35665] starting to accept connections
2024-05-17 18:41:48.710  INFO 52735 --- [           main] o.s.c.k.f.c.Fabric8SecretsPropertySource : Loading Secret with name 'my-config' or with labels [{}] in namespace 'default'
2024-05-17 18:41:48.809  INFO 52735 --- [127.0.0.1:57286] okhttp3.mockwebserver.MockWebServer      : MockWebServer[42073] received request: GET /api/v1/namespaces/default/secrets/my-config HTTP/1.1 and responded: HTTP/1.1 500 Server Error
2024-05-17 18:41:48.851  INFO 52735 --- [WebServer 35665] okhttp3.mockwebserver.MockWebServer      : MockWebServer[35665] done accepting connections: Socket closed
2024-05-17 18:41:48.856  INFO 52735 --- [WebServer 52337] okhttp3.mockwebserver.MockWebServer      : MockWebServer[52337] starting to accept connections
2024-05-17 18:41:48.859  INFO 52735 --- [WebServer 58569] okhttp3.mockwebserver.MockWebServer      : MockWebServer[58569] starting to accept connections
2024-05-17 18:41:48.861  INFO 52735 --- [WebServer 58569] okhttp3.mockwebserver.MockWebServer      : MockWebServer[58569] done accepting connections: Socket closed
2024-05-17 18:41:48.866  INFO 52735 --- [WebServer 53347] okhttp3.mockwebserver.MockWebServer      : MockWebServer[53347] starting to accept connections
2024-05-17 18:41:48.870  INFO 52735 --- [WebServer 45917] okhttp3.mockwebserver.MockWebServer      : MockWebServer[45917] starting to accept connections
2024-05-17 18:41:48.871  INFO 52735 --- [           main] s.c.k.f.c.Fabric8ConfigMapPropertySource : Loading ConfigMap with name 'my-config' in namespace 'default'
2024-05-17 18:41:48.967  INFO 52735 --- [127.0.0.1:60470] okhttp3.mockwebserver.MockWebServer      : MockWebServer[45917] received request: GET /api/v1/namespaces/default/configmaps/my-config HTTP/1.1 and responded: HTTP/1.1 500 Server Error
2024-05-17 18:41:49.008  INFO 52735 --- [WebServer 45917] okhttp3.mockwebserver.MockWebServer      : MockWebServer[45917] done accepting connections: Socket closed
2024-05-17 18:41:49.016  INFO 52735 --- [WebServer 50489] okhttp3.mockwebserver.MockWebServer      : MockWebServer[50489] starting to accept connections
2024-05-17 18:41:49.018  INFO 52735 --- [WebServer 59339] okhttp3.mockwebserver.MockWebServer      : MockWebServer[59339] starting to accept connections

  .   ____          _            __ _ _
 /\\ / ___'_ __ _ _(_)_ __  __ _ \ \ \ \
( ( )\___ | '_ | '_| | '_ \/ _` | \ \ \ \
 \\/  ___)| |_)| | | | | || (_| |  ) ) ) )
  '  |____| .__|_| |_|_| |_\__, | / / / /
 =========|_|==============|___/=/_/_/_/
 :: Spring Boot ::                (v2.6.3)

2024-05-17 18:41:49.136  INFO 52735 --- [           main] e.i.cs.testrunner.execution.Executor$    : No active profile set, falling back to default profiles: default
2024-05-17 18:41:49.147  INFO 52735 --- [           main] o.s.cloud.context.scope.GenericScope     : BeanFactory id=5adb76a5-ffff-3c5f-a60f-7f84faf1ce0f
2024-05-17 18:41:49.150  INFO 52735 --- [           main] e.i.cs.testrunner.execution.Executor$    : Started Executor. in 0.131 seconds (JVM running for 21.897)
2024-05-17 18:41:49.151  INFO 52735 --- [WebServer 59339] okhttp3.mockwebserver.MockWebServer      : MockWebServer[59339] done accepting connections: Socket closed
2024-05-17 18:41:49.157  INFO 52735 --- [WebServer 49007] okhttp3.mockwebserver.MockWebServer      : MockWebServer[49007] starting to accept connections
2024-05-17 18:41:49.159  INFO 52735 --- [WebServer 51747] okhttp3.mockwebserver.MockWebServer      : MockWebServer[51747] starting to accept connections
2024-05-17 18:41:49.212  WARN 52735 --- [           main] ubernetesProfileEnvironmentPostProcessor : Not running inside kubernetes. Skipping 'kubernetes' profile activation.

  .   ____          _            __ _ _
 /\\ / ___'_ __ _ _(_)_ __  __ _ \ \ \ \
( ( )\___ | '_ | '_| | '_ \/ _` | \ \ \ \
 \\/  ___)| |_)| | | | | || (_| |  ) ) ) )
  '  |____| .__|_| |_|_| |_\__, | / / / /
 =========|_|==============|___/=/_/_/_/
 :: Spring Boot ::                (v2.6.3)

2024-05-17 18:41:49.279  INFO 52735 --- [           main] s.c.k.f.c.Fabric8ConfigMapPropertySource : Loading ConfigMap with name 'application' in namespace 'default'
2024-05-17 18:41:49.377  INFO 52735 --- [127.0.0.1:35878] okhttp3.mockwebserver.MockWebServer      : MockWebServer[37193] received request: GET /api/v1/namespaces/default/configmaps/application HTTP/1.1 and responded: HTTP/1.1 404 Client Error
2024-05-17 18:41:49.380  INFO 52735 --- [           main] o.s.c.k.f.config.Fabric8ConfigUtils      : config-map with name : 'application' not present in namespace : 'default'
2024-05-17 18:41:49.380  INFO 52735 --- [           main] b.c.PropertySourceBootstrapConfiguration : Located property source: [BootstrapPropertySource {name='bootstrapProperties-configmap.application.default'}]
2024-05-17 18:41:49.382  WARN 52735 --- [           main] ubernetesProfileEnvironmentPostProcessor : Not running inside kubernetes. Skipping 'kubernetes' profile activation.
2024-05-17 18:41:49.382  INFO 52735 --- [           main] e.i.cs.testrunner.execution.Executor$    : No active profile set, falling back to default profiles: default
2024-05-17 18:41:49.397  INFO 52735 --- [           main] o.s.cloud.context.scope.GenericScope     : BeanFactory id=9e8f334d-ea3e-3bac-a635-d33d7314ddc7
2024-05-17 18:41:49.400  INFO 52735 --- [           main] e.i.cs.testrunner.execution.Executor$    : Started Executor. in 0.24 seconds (JVM running for 22.147)
2024-05-17 18:41:49.401  INFO 52735 --- [WebServer 51747] okhttp3.mockwebserver.MockWebServer      : MockWebServer[51747] done accepting connections: Socket closed
2024-05-17 18:41:49.406  INFO 52735 --- [WebServer 37153] okhttp3.mockwebserver.MockWebServer      : MockWebServer[37153] starting to accept connections
2024-05-17 18:41:49.409  INFO 52735 --- [WebServer 44149] okhttp3.mockwebserver.MockWebServer      : MockWebServer[44149] starting to accept connections
2024-05-17 18:41:49.409  INFO 52735 --- [           main] .b.t.c.SpringBootTestContextBootstrapper : Neither @ContextConfiguration nor @ContextHierarchy found for test class [org.springframework.cloud.kubernetes.fabric8.config.Fabric8SecretsPropertySourceLocatorRetryTests$SecretsRetryEnabled], using SpringBootContextLoader
2024-05-17 18:41:49.410  INFO 52735 --- [           main] o.s.t.c.support.AbstractContextLoader    : Could not detect default resource locations for test class [org.springframework.cloud.kubernetes.fabric8.config.Fabric8SecretsPropertySourceLocatorRetryTests$SecretsRetryEnabled]: no resource found for suffixes {-context.xml, Context.groovy}.
2024-05-17 18:41:49.412  INFO 52735 --- [           main] .b.t.c.SpringBootTestContextBootstrapper : Loaded default TestExecutionListener class names from location [META-INF/spring.factories]: [org.springframework.boot.test.mock.mockito.MockitoTestExecutionListener, org.springframework.boot.test.mock.mockito.ResetMocksTestExecutionListener, org.springframework.boot.test.autoconfigure.restdocs.RestDocsTestExecutionListener, org.springframework.boot.test.autoconfigure.web.client.MockRestServiceServerResetTestExecutionListener, org.springframework.boot.test.autoconfigure.web.servlet.MockMvcPrintOnlyOnFailureTestExecutionListener, org.springframework.boot.test.autoconfigure.web.servlet.WebDriverTestExecutionListener, org.springframework.boot.test.autoconfigure.webservices.client.MockWebServiceServerTestExecutionListener, org.springframework.test.context.web.ServletTestExecutionListener, org.springframework.test.context.support.DirtiesContextBeforeModesTestExecutionListener, org.springframework.test.context.event.ApplicationEventsTestExecutionListener, org.springframework.test.context.support.DependencyInjectionTestExecutionListener, org.springframework.test.context.support.DirtiesContextTestExecutionListener, org.springframework.test.context.transaction.TransactionalTestExecutionListener, org.springframework.test.context.jdbc.SqlScriptsTestExecutionListener, org.springframework.test.context.event.EventPublishingTestExecutionListener, org.spockframework.spring.SpringMockTestExecutionListener]
2024-05-17 18:41:49.413  INFO 52735 --- [           main] .b.t.c.SpringBootTestContextBootstrapper : Using TestExecutionListeners: [org.springframework.test.context.web.ServletTestExecutionListener@7c7335dc, org.springframework.test.context.support.DirtiesContextBeforeModesTestExecutionListener@3095e9c6, org.springframework.test.context.event.ApplicationEventsTestExecutionListener@8802edd, org.springframework.boot.test.mock.mockito.MockitoTestExecutionListener@50fd4246, org.springframework.boot.test.autoconfigure.SpringBootDependencyInjectionTestExecutionListener@35c55050, org.springframework.test.context.support.DirtiesContextTestExecutionListener@2a0154f7, org.springframework.test.context.event.EventPublishingTestExecutionListener@237e61ac, org.springframework.boot.test.mock.mockito.ResetMocksTestExecutionListener@19abe8f7, org.springframework.boot.test.autoconfigure.restdocs.RestDocsTestExecutionListener@6f36c42, org.springframework.boot.test.autoconfigure.web.client.MockRestServiceServerResetTestExecutionListener@26753687, org.springframework.boot.test.autoconfigure.web.servlet.MockMvcPrintOnlyOnFailureTestExecutionListener@765650e4, org.springframework.boot.test.autoconfigure.web.servlet.WebDriverTestExecutionListener@307cf289, org.springframework.boot.test.autoconfigure.webservices.client.MockWebServiceServerTestExecutionListener@2df019b8, org.spockframework.spring.SpringMockTestExecutionListener@223ed38f]
2024-05-17 18:41:49.454  WARN 52735 --- [           main] ubernetesProfileEnvironmentPostProcessor : Not running inside kubernetes. Skipping 'kubernetes' profile activation.
2024-05-17 18:41:49.499  INFO 52735 --- [           main] trationDelegate$BeanPostProcessorChecker : Bean 'org.springframework.retry.annotation.RetryConfiguration' of type [org.springframework.retry.annotation.RetryConfiguration] is not eligible for getting processed by all BeanPostProcessors (for example: not eligible for auto-proxying)

  .   ____          _            __ _ _
 /\\ / ___'_ __ _ _(_)_ __  __ _ \ \ \ \
( ( )\___ | '_ | '_| | '_ \/ _` | \ \ \ \
 \\/  ___)| |_)| | | | | || (_| |  ) ) ) )
  '  |____| .__|_| |_|_| |_\__, | / / / /
 =========|_|==============|___/=/_/_/_/
 :: Spring Boot ::                (v2.6.3)

2024-05-17 18:41:49.598  INFO 52735 --- [           main] s.c.k.f.c.Fabric8ConfigMapPropertySource : Loading ConfigMap with name 'application' in namespace 'default'
2024-05-17 18:41:49.695  INFO 52735 --- [127.0.0.1:54148] okhttp3.mockwebserver.MockWebServer      : MockWebServer[37153] received request: GET /api/v1/namespaces/default/configmaps/application HTTP/1.1 and responded: HTTP/1.1 404 Client Error
2024-05-17 18:41:49.698  INFO 52735 --- [           main] o.s.c.k.f.config.Fabric8ConfigUtils      : config-map with name : 'application' not present in namespace : 'default'
2024-05-17 18:41:49.698  INFO 52735 --- [           main] b.c.PropertySourceBootstrapConfiguration : Located property source: [BootstrapPropertySource {name='bootstrapProperties-configmap.application.default'}]
2024-05-17 18:41:49.705  INFO 52735 --- [           main] o.s.c.k.f.c.Fabric8SecretsPropertySource : Loading Secret with name 'my-secret' or with labels [{}] in namespace 'default'
2024-05-17 18:41:49.706  INFO 52735 --- [127.0.0.1:54148] okhttp3.mockwebserver.MockWebServer      : MockWebServer[37153] received request: GET /api/v1/namespaces/default/secrets/my-secret HTTP/1.1 and responded: HTTP/1.1 404 Client Error
2024-05-17 18:41:49.706  WARN 52735 --- [           main] o.s.c.k.f.c.Fabric8SecretsPropertySource : secret with name : my-secret in namespace : default not found
2024-05-17 18:41:49.707  INFO 52735 --- [127.0.0.1:54148] okhttp3.mockwebserver.MockWebServer      : MockWebServer[37153] received request: GET /api/v1/namespaces/default/secrets HTTP/1.1 and responded: HTTP/1.1 200 OK
2024-05-17 18:41:49.748  INFO 52735 --- [           main] b.c.PropertySourceBootstrapConfiguration : Located property source: [BootstrapPropertySource {name='bootstrapProperties-secrets.my-secret.default'}]
2024-05-17 18:41:49.751  WARN 52735 --- [           main] ubernetesProfileEnvironmentPostProcessor : Not running inside kubernetes. Skipping 'kubernetes' profile activation.
2024-05-17 18:41:49.752  INFO 52735 --- [           main] rceLocatorRetryTests$SecretsRetryEnabled : No active profile set, falling back to default profiles: default
2024-05-17 18:41:50.118  INFO 52735 --- [           main] o.s.cloud.context.scope.GenericScope     : BeanFactory id=94652287-2eb9-367e-b08b-eea09b3b2900
2024-05-17 18:41:50.545  INFO 52735 --- [           main] rceLocatorRetryTests$SecretsRetryEnabled : Started Fabric8SecretsPropertySourceLocatorRetryTests.SecretsRetryEnabled in 1.13 seconds (JVM running for 23.292)
2024-05-17 18:41:50.550  INFO 52735 --- [WebServer 38071] okhttp3.mockwebserver.MockWebServer      : MockWebServer[38071] starting to accept connections
2024-05-17 18:41:50.559  INFO 52735 --- [           main] o.s.c.k.f.c.Fabric8SecretsPropertySource : Loading Secret with name 'my-secret' or with labels [{}] in namespace 'default'
2024-05-17 18:41:50.560  INFO 52735 --- [127.0.0.1:54148] okhttp3.mockwebserver.MockWebServer      : MockWebServer[37153] received request: GET /api/v1/namespaces/default/secrets/my-secret HTTP/1.1 and responded: HTTP/1.1 500 Server Error
2024-05-17 18:41:51.563  INFO 52735 --- [           main] o.s.c.k.f.c.Fabric8SecretsPropertySource : Loading Secret with name 'my-secret' or with labels [{}] in namespace 'default'
2024-05-17 18:41:51.566  INFO 52735 --- [127.0.0.1:54148] okhttp3.mockwebserver.MockWebServer      : MockWebServer[37153] received request: GET /api/v1/namespaces/default/secrets/my-secret HTTP/1.1 and responded: HTTP/1.1 500 Server Error
2024-05-17 18:41:52.669  INFO 52735 --- [           main] o.s.c.k.f.c.Fabric8SecretsPropertySource : Loading Secret with name 'my-secret' or with labels [{}] in namespace 'default'
2024-05-17 18:41:52.671  INFO 52735 --- [127.0.0.1:54148] okhttp3.mockwebserver.MockWebServer      : MockWebServer[37153] received request: GET /api/v1/namespaces/default/secrets/my-secret HTTP/1.1 and responded: HTTP/1.1 500 Server Error
2024-05-17 18:41:53.884  INFO 52735 --- [           main] o.s.c.k.f.c.Fabric8SecretsPropertySource : Loading Secret with name 'my-secret' or with labels [{}] in namespace 'default'
2024-05-17 18:41:53.888  INFO 52735 --- [127.0.0.1:54148] okhttp3.mockwebserver.MockWebServer      : MockWebServer[37153] received request: GET /api/v1/namespaces/default/secrets/my-secret HTTP/1.1 and responded: HTTP/1.1 200 OK
2024-05-17 18:41:53.893  INFO 52735 --- [127.0.0.1:54148] okhttp3.mockwebserver.MockWebServer      : MockWebServer[37153] received request: GET /api/v1/namespaces/default/secrets HTTP/1.1 and responded: HTTP/1.1 200 OK
2024-05-17 18:41:53.944  INFO 52735 --- [WebServer 38071] okhttp3.mockwebserver.MockWebServer      : MockWebServer[38071] done accepting connections: Socket closed
2024-05-17 18:41:53.958  INFO 52735 --- [WebServer 46547] okhttp3.mockwebserver.MockWebServer      : MockWebServer[46547] starting to accept connections
2024-05-17 18:41:53.964  INFO 52735 --- [WebServer 33141] okhttp3.mockwebserver.MockWebServer      : MockWebServer[33141] starting to accept connections
2024-05-17 18:41:53.965  INFO 52735 --- [           main] .b.t.c.SpringBootTestContextBootstrapper : Neither @ContextConfiguration nor @ContextHierarchy found for test class [org.springframework.cloud.kubernetes.fabric8.config.Fabric8ConfigMapPropertySourceLocatorRetryTests$ConfigRetryDisabledButSecretsRetryEnabled], using SpringBootContextLoader
2024-05-17 18:41:53.967  INFO 52735 --- [           main] o.s.t.c.support.AbstractContextLoader    : Could not detect default resource locations for test class [org.springframework.cloud.kubernetes.fabric8.config.Fabric8ConfigMapPropertySourceLocatorRetryTests$ConfigRetryDisabledButSecretsRetryEnabled]: no resource found for suffixes {-context.xml, Context.groovy}.
2024-05-17 18:41:53.969  INFO 52735 --- [           main] .b.t.c.SpringBootTestContextBootstrapper : Loaded default TestExecutionListener class names from location [META-INF/spring.factories]: [org.springframework.boot.test.mock.mockito.MockitoTestExecutionListener, org.springframework.boot.test.mock.mockito.ResetMocksTestExecutionListener, org.springframework.boot.test.autoconfigure.restdocs.RestDocsTestExecutionListener, org.springframework.boot.test.autoconfigure.web.client.MockRestServiceServerResetTestExecutionListener, org.springframework.boot.test.autoconfigure.web.servlet.MockMvcPrintOnlyOnFailureTestExecutionListener, org.springframework.boot.test.autoconfigure.web.servlet.WebDriverTestExecutionListener, org.springframework.boot.test.autoconfigure.webservices.client.MockWebServiceServerTestExecutionListener, org.springframework.test.context.web.ServletTestExecutionListener, org.springframework.test.context.support.DirtiesContextBeforeModesTestExecutionListener, org.springframework.test.context.event.ApplicationEventsTestExecutionListener, org.springframework.test.context.support.DependencyInjectionTestExecutionListener, org.springframework.test.context.support.DirtiesContextTestExecutionListener, org.springframework.test.context.transaction.TransactionalTestExecutionListener, org.springframework.test.context.jdbc.SqlScriptsTestExecutionListener, org.springframework.test.context.event.EventPublishingTestExecutionListener, org.spockframework.spring.SpringMockTestExecutionListener]
2024-05-17 18:41:53.971  INFO 52735 --- [           main] .b.t.c.SpringBootTestContextBootstrapper : Using TestExecutionListeners: [org.springframework.test.context.web.ServletTestExecutionListener@7bfa2d74, org.springframework.test.context.support.DirtiesContextBeforeModesTestExecutionListener@467924d8, org.springframework.test.context.event.ApplicationEventsTestExecutionListener@20bc417f, org.springframework.boot.test.mock.mockito.MockitoTestExecutionListener@614da024, org.springframework.boot.test.autoconfigure.SpringBootDependencyInjectionTestExecutionListener@4b76a0f4, org.springframework.test.context.support.DirtiesContextTestExecutionListener@442612a6, org.springframework.test.context.event.EventPublishingTestExecutionListener@65314e4, org.springframework.boot.test.mock.mockito.ResetMocksTestExecutionListener@a93c88a, org.springframework.boot.test.autoconfigure.restdocs.RestDocsTestExecutionListener@741cb82c, org.springframework.boot.test.autoconfigure.web.client.MockRestServiceServerResetTestExecutionListener@db372b, org.springframework.boot.test.autoconfigure.web.servlet.MockMvcPrintOnlyOnFailureTestExecutionListener@1e31e7e0, org.springframework.boot.test.autoconfigure.web.servlet.WebDriverTestExecutionListener@a72bb34, org.springframework.boot.test.autoconfigure.webservices.client.MockWebServiceServerTestExecutionListener@1bbebf8e, org.spockframework.spring.SpringMockTestExecutionListener@4285b1bd]
2024-05-17 18:41:54.024  WARN 52735 --- [           main] ubernetesProfileEnvironmentPostProcessor : Not running inside kubernetes. Skipping 'kubernetes' profile activation.
2024-05-17 18:41:54.062  INFO 52735 --- [           main] trationDelegate$BeanPostProcessorChecker : Bean 'org.springframework.retry.annotation.RetryConfiguration' of type [org.springframework.retry.annotation.RetryConfiguration] is not eligible for getting processed by all BeanPostProcessors (for example: not eligible for auto-proxying)

  .   ____          _            __ _ _
 /\\ / ___'_ __ _ _(_)_ __  __ _ \ \ \ \
( ( )\___ | '_ | '_| | '_ \/ _` | \ \ \ \
 \\/  ___)| |_)| | | | | || (_| |  ) ) ) )
  '  |____| .__|_| |_|_| |_\__, | / / / /
 =========|_|==============|___/=/_/_/_/
 :: Spring Boot ::                (v2.6.3)

2024-05-17 18:41:54.117  INFO 52735 --- [           main] s.c.k.f.c.Fabric8ConfigMapPropertySource : Loading ConfigMap with name 'application' in namespace 'default'
2024-05-17 18:41:54.212  INFO 52735 --- [127.0.0.1:43812] okhttp3.mockwebserver.MockWebServer      : MockWebServer[46547] received request: GET /api/v1/namespaces/default/configmaps/application HTTP/1.1 and responded: HTTP/1.1 404 Client Error
2024-05-17 18:41:54.215  INFO 52735 --- [           main] o.s.c.k.f.config.Fabric8ConfigUtils      : config-map with name : 'application' not present in namespace : 'default'
2024-05-17 18:41:54.216  INFO 52735 --- [           main] b.c.PropertySourceBootstrapConfiguration : Located property source: [BootstrapPropertySource {name='bootstrapProperties-configmap.application.default'}]
2024-05-17 18:41:54.219  WARN 52735 --- [           main] ubernetesProfileEnvironmentPostProcessor : Not running inside kubernetes. Skipping 'kubernetes' profile activation.
2024-05-17 18:41:54.219  INFO 52735 --- [           main] onfigRetryDisabledButSecretsRetryEnabled : No active profile set, falling back to default profiles: default
2024-05-17 18:41:54.508  INFO 52735 --- [           main] o.s.cloud.context.scope.GenericScope     : BeanFactory id=94652287-2eb9-367e-b08b-eea09b3b2900
2024-05-17 18:41:54.933  INFO 52735 --- [           main] onfigRetryDisabledButSecretsRetryEnabled : Started Fabric8ConfigMapPropertySourceLocatorRetryTests.ConfigRetryDisabledButSecretsRetryEnabled in 0.96 seconds (JVM running for 27.68)
2024-05-17 18:41:54.939  INFO 52735 --- [WebServer 60135] okhttp3.mockwebserver.MockWebServer      : MockWebServer[60135] starting to accept connections
2024-05-17 18:41:54.950  INFO 52735 --- [           main] s.c.k.f.c.Fabric8ConfigMapPropertySource : Loading ConfigMap with name 'application' in namespace 'default'
2024-05-17 18:41:54.951  INFO 52735 --- [127.0.0.1:43812] okhttp3.mockwebserver.MockWebServer      : MockWebServer[46547] received request: GET /api/v1/namespaces/default/configmaps/application HTTP/1.1 and responded: HTTP/1.1 500 Server Error
2024-05-17 18:41:54.956  INFO 52735 --- [WebServer 60135] okhttp3.mockwebserver.MockWebServer      : MockWebServer[60135] done accepting connections: Socket closed
2024-05-17 18:41:54.963  INFO 52735 --- [WebServer 48737] okhttp3.mockwebserver.MockWebServer      : MockWebServer[48737] starting to accept connections
2024-05-17 18:41:54.967  INFO 52735 --- [WebServer 47363] okhttp3.mockwebserver.MockWebServer      : MockWebServer[47363] starting to accept connections
2024-05-17 18:41:54.968  INFO 52735 --- [           main] .b.t.c.SpringBootTestContextBootstrapper : Neither @ContextConfiguration nor @ContextHierarchy found for test class [org.springframework.cloud.kubernetes.fabric8.config.Fabric8ConfigMapPropertySourceLocatorRetryTests$ConfigRetryEnabled], using SpringBootContextLoader
2024-05-17 18:41:54.969  INFO 52735 --- [           main] o.s.t.c.support.AbstractContextLoader    : Could not detect default resource locations for test class [org.springframework.cloud.kubernetes.fabric8.config.Fabric8ConfigMapPropertySourceLocatorRetryTests$ConfigRetryEnabled]: no resource found for suffixes {-context.xml, Context.groovy}.
2024-05-17 18:41:54.971  INFO 52735 --- [           main] .b.t.c.SpringBootTestContextBootstrapper : Loaded default TestExecutionListener class names from location [META-INF/spring.factories]: [org.springframework.boot.test.mock.mockito.MockitoTestExecutionListener, org.springframework.boot.test.mock.mockito.ResetMocksTestExecutionListener, org.springframework.boot.test.autoconfigure.restdocs.RestDocsTestExecutionListener, org.springframework.boot.test.autoconfigure.web.client.MockRestServiceServerResetTestExecutionListener, org.springframework.boot.test.autoconfigure.web.servlet.MockMvcPrintOnlyOnFailureTestExecutionListener, org.springframework.boot.test.autoconfigure.web.servlet.WebDriverTestExecutionListener, org.springframework.boot.test.autoconfigure.webservices.client.MockWebServiceServerTestExecutionListener, org.springframework.test.context.web.ServletTestExecutionListener, org.springframework.test.context.support.DirtiesContextBeforeModesTestExecutionListener, org.springframework.test.context.event.ApplicationEventsTestExecutionListener, org.springframework.test.context.support.DependencyInjectionTestExecutionListener, org.springframework.test.context.support.DirtiesContextTestExecutionListener, org.springframework.test.context.transaction.TransactionalTestExecutionListener, org.springframework.test.context.jdbc.SqlScriptsTestExecutionListener, org.springframework.test.context.event.EventPublishingTestExecutionListener, org.spockframework.spring.SpringMockTestExecutionListener]
2024-05-17 18:41:54.972  INFO 52735 --- [           main] .b.t.c.SpringBootTestContextBootstrapper : Using TestExecutionListeners: [org.springframework.test.context.web.ServletTestExecutionListener@a69c4c3, org.springframework.test.context.support.DirtiesContextBeforeModesTestExecutionListener@26b3eb48, org.springframework.test.context.event.ApplicationEventsTestExecutionListener@45db8ba6, org.springframework.boot.test.mock.mockito.MockitoTestExecutionListener@6c826924, org.springframework.boot.test.autoconfigure.SpringBootDependencyInjectionTestExecutionListener@2809e7ab, org.springframework.test.context.support.DirtiesContextTestExecutionListener@1159a049, org.springframework.test.context.event.EventPublishingTestExecutionListener@8c68f7f, org.springframework.boot.test.mock.mockito.ResetMocksTestExecutionListener@77f21c0a, org.springframework.boot.test.autoconfigure.restdocs.RestDocsTestExecutionListener@10a199e0, org.springframework.boot.test.autoconfigure.web.client.MockRestServiceServerResetTestExecutionListener@4ca62855, org.springframework.boot.test.autoconfigure.web.servlet.MockMvcPrintOnlyOnFailureTestExecutionListener@70a7ebc9, org.springframework.boot.test.autoconfigure.web.servlet.WebDriverTestExecutionListener@1752ab9b, org.springframework.boot.test.autoconfigure.webservices.client.MockWebServiceServerTestExecutionListener@b205e08, org.spockframework.spring.SpringMockTestExecutionListener@76b93bb9]
2024-05-17 18:41:55.014  WARN 52735 --- [           main] ubernetesProfileEnvironmentPostProcessor : Not running inside kubernetes. Skipping 'kubernetes' profile activation.
2024-05-17 18:41:55.044  INFO 52735 --- [           main] trationDelegate$BeanPostProcessorChecker : Bean 'org.springframework.retry.annotation.RetryConfiguration' of type [org.springframework.retry.annotation.RetryConfiguration] is not eligible for getting processed by all BeanPostProcessors (for example: not eligible for auto-proxying)

  .   ____          _            __ _ _
 /\\ / ___'_ __ _ _(_)_ __  __ _ \ \ \ \
( ( )\___ | '_ | '_| | '_ \/ _` | \ \ \ \
 \\/  ___)| |_)| | | | | || (_| |  ) ) ) )
  '  |____| .__|_| |_|_| |_\__, | / / / /
 =========|_|==============|___/=/_/_/_/
 :: Spring Boot ::                (v2.6.3)

2024-05-17 18:41:55.100  INFO 52735 --- [           main] s.c.k.f.c.Fabric8ConfigMapPropertySource : Loading ConfigMap with name 'application' in namespace 'default'
2024-05-17 18:41:55.193  INFO 52735 --- [127.0.0.1:34536] okhttp3.mockwebserver.MockWebServer      : MockWebServer[48737] received request: GET /api/v1/namespaces/default/configmaps/application HTTP/1.1 and responded: HTTP/1.1 404 Client Error
2024-05-17 18:41:55.197  INFO 52735 --- [           main] o.s.c.k.f.config.Fabric8ConfigUtils      : config-map with name : 'application' not present in namespace : 'default'
2024-05-17 18:41:55.197  INFO 52735 --- [           main] b.c.PropertySourceBootstrapConfiguration : Located property source: [BootstrapPropertySource {name='bootstrapProperties-configmap.application.default'}]
2024-05-17 18:41:55.200  WARN 52735 --- [           main] ubernetesProfileEnvironmentPostProcessor : Not running inside kubernetes. Skipping 'kubernetes' profile activation.
2024-05-17 18:41:55.200  INFO 52735 --- [           main] urceLocatorRetryTests$ConfigRetryEnabled : No active profile set, falling back to default profiles: default
2024-05-17 18:41:55.520  INFO 52735 --- [           main] o.s.cloud.context.scope.GenericScope     : BeanFactory id=94652287-2eb9-367e-b08b-eea09b3b2900
2024-05-17 18:41:55.904  INFO 52735 --- [           main] urceLocatorRetryTests$ConfigRetryEnabled : Started Fabric8ConfigMapPropertySourceLocatorRetryTests.ConfigRetryEnabled in 0.929 seconds (JVM running for 28.65)
2024-05-17 18:41:55.909  INFO 52735 --- [WebServer 48263] okhttp3.mockwebserver.MockWebServer      : MockWebServer[48263] starting to accept connections
2024-05-17 18:41:55.911  INFO 52735 --- [           main] s.c.k.f.c.Fabric8ConfigMapPropertySource : Loading ConfigMap with name 'application' in namespace 'default'
2024-05-17 18:41:55.913  INFO 52735 --- [127.0.0.1:34536] okhttp3.mockwebserver.MockWebServer      : MockWebServer[48737] received request: GET /api/v1/namespaces/default/configmaps/application HTTP/1.1 and responded: HTTP/1.1 500 Server Error
2024-05-17 18:41:56.916  INFO 52735 --- [           main] s.c.k.f.c.Fabric8ConfigMapPropertySource : Loading ConfigMap with name 'application' in namespace 'default'
2024-05-17 18:41:56.920  INFO 52735 --- [127.0.0.1:34536] okhttp3.mockwebserver.MockWebServer      : MockWebServer[48737] received request: GET /api/v1/namespaces/default/configmaps/application HTTP/1.1 and responded: HTTP/1.1 500 Server Error
2024-05-17 18:41:58.024  INFO 52735 --- [           main] s.c.k.f.c.Fabric8ConfigMapPropertySource : Loading ConfigMap with name 'application' in namespace 'default'
2024-05-17 18:41:58.027  INFO 52735 --- [127.0.0.1:34536] okhttp3.mockwebserver.MockWebServer      : MockWebServer[48737] received request: GET /api/v1/namespaces/default/configmaps/application HTTP/1.1 and responded: HTTP/1.1 500 Server Error
2024-05-17 18:41:59.242  INFO 52735 --- [           main] s.c.k.f.c.Fabric8ConfigMapPropertySource : Loading ConfigMap with name 'application' in namespace 'default'
2024-05-17 18:41:59.245  INFO 52735 --- [127.0.0.1:34536] okhttp3.mockwebserver.MockWebServer      : MockWebServer[48737] received request: GET /api/v1/namespaces/default/configmaps/application HTTP/1.1 and responded: HTTP/1.1 500 Server Error
2024-05-17 18:42:00.580  INFO 52735 --- [           main] s.c.k.f.c.Fabric8ConfigMapPropertySource : Loading ConfigMap with name 'application' in namespace 'default'
2024-05-17 18:42:00.584  INFO 52735 --- [127.0.0.1:34536] okhttp3.mockwebserver.MockWebServer      : MockWebServer[48737] received request: GET /api/v1/namespaces/default/configmaps/application HTTP/1.1 and responded: HTTP/1.1 500 Server Error
2024-05-17 18:42:00.594  INFO 52735 --- [WebServer 48263] okhttp3.mockwebserver.MockWebServer      : MockWebServer[48263] done accepting connections: Socket closed
2024-05-17 18:42:00.609  INFO 52735 --- [WebServer 40221] okhttp3.mockwebserver.MockWebServer      : MockWebServer[40221] starting to accept connections
2024-05-17 18:42:00.615  INFO 52735 --- [WebServer 47131] okhttp3.mockwebserver.MockWebServer      : MockWebServer[47131] starting to accept connections
2024-05-17 18:42:00.616  INFO 52735 --- [           main] .b.t.c.SpringBootTestContextBootstrapper : Neither @ContextConfiguration nor @ContextHierarchy found for test class [org.springframework.cloud.kubernetes.fabric8.config.Fabric8ConfigMapPropertySourceLocatorRetryTests$ConfigRetryEnabled], using SpringBootContextLoader
2024-05-17 18:42:00.617  INFO 52735 --- [           main] o.s.t.c.support.AbstractContextLoader    : Could not detect default resource locations for test class [org.springframework.cloud.kubernetes.fabric8.config.Fabric8ConfigMapPropertySourceLocatorRetryTests$ConfigRetryEnabled]: no resource found for suffixes {-context.xml, Context.groovy}.
2024-05-17 18:42:00.619  INFO 52735 --- [           main] .b.t.c.SpringBootTestContextBootstrapper : Loaded default TestExecutionListener class names from location [META-INF/spring.factories]: [org.springframework.boot.test.mock.mockito.MockitoTestExecutionListener, org.springframework.boot.test.mock.mockito.ResetMocksTestExecutionListener, org.springframework.boot.test.autoconfigure.restdocs.RestDocsTestExecutionListener, org.springframework.boot.test.autoconfigure.web.client.MockRestServiceServerResetTestExecutionListener, org.springframework.boot.test.autoconfigure.web.servlet.MockMvcPrintOnlyOnFailureTestExecutionListener, org.springframework.boot.test.autoconfigure.web.servlet.WebDriverTestExecutionListener, org.springframework.boot.test.autoconfigure.webservices.client.MockWebServiceServerTestExecutionListener, org.springframework.test.context.web.ServletTestExecutionListener, org.springframework.test.context.support.DirtiesContextBeforeModesTestExecutionListener, org.springframework.test.context.event.ApplicationEventsTestExecutionListener, org.springframework.test.context.support.DependencyInjectionTestExecutionListener, org.springframework.test.context.support.DirtiesContextTestExecutionListener, org.springframework.test.context.transaction.TransactionalTestExecutionListener, org.springframework.test.context.jdbc.SqlScriptsTestExecutionListener, org.springframework.test.context.event.EventPublishingTestExecutionListener, org.spockframework.spring.SpringMockTestExecutionListener]
2024-05-17 18:42:00.620  INFO 52735 --- [           main] .b.t.c.SpringBootTestContextBootstrapper : Using TestExecutionListeners: [org.springframework.test.context.web.ServletTestExecutionListener@ee395c, org.springframework.test.context.support.DirtiesContextBeforeModesTestExecutionListener@79da2f0d, org.springframework.test.context.event.ApplicationEventsTestExecutionListener@37e57a20, org.springframework.boot.test.mock.mockito.MockitoTestExecutionListener@380cb7e3, org.springframework.boot.test.autoconfigure.SpringBootDependencyInjectionTestExecutionListener@49d94d67, org.springframework.test.context.support.DirtiesContextTestExecutionListener@6153b116, org.springframework.test.context.event.EventPublishingTestExecutionListener@7d7be366, org.springframework.boot.test.mock.mockito.ResetMocksTestExecutionListener@2095e085, org.springframework.boot.test.autoconfigure.restdocs.RestDocsTestExecutionListener@23243385, org.springframework.boot.test.autoconfigure.web.client.MockRestServiceServerResetTestExecutionListener@5f83fdf6, org.springframework.boot.test.autoconfigure.web.servlet.MockMvcPrintOnlyOnFailureTestExecutionListener@7dc155b3, org.springframework.boot.test.autoconfigure.web.servlet.WebDriverTestExecutionListener@725f1346, org.springframework.boot.test.autoconfigure.webservices.client.MockWebServiceServerTestExecutionListener@7065ae93, org.spockframework.spring.SpringMockTestExecutionListener@30c98124]
2024-05-17 18:42:00.625  INFO 52735 --- [WebServer 47087] okhttp3.mockwebserver.MockWebServer      : MockWebServer[47087] starting to accept connections
2024-05-17 18:42:00.629  INFO 52735 --- [           main] s.c.k.f.c.Fabric8ConfigMapPropertySource : Loading ConfigMap with name 'application' in namespace 'default'
2024-05-17 18:42:00.630  INFO 52735 --- [127.0.0.1:34536] okhttp3.mockwebserver.MockWebServer      : MockWebServer[48737] received request: GET /api/v1/namespaces/default/configmaps/application HTTP/1.1 and responded: HTTP/1.1 404 Client Error
2024-05-17 18:42:00.631  INFO 52735 --- [           main] o.s.c.k.f.config.Fabric8ConfigUtils      : config-map with name : 'application' not present in namespace : 'default'
2024-05-17 18:42:00.640  INFO 52735 --- [WebServer 47087] okhttp3.mockwebserver.MockWebServer      : MockWebServer[47087] done accepting connections: Socket closed
org.opentest4j.AssertionFailedError: 
expected: "theValue"
 but was: null
	at sun.reflect.NativeConstructorAccessorImpl.newInstance0(Native Method)
	at sun.reflect.NativeConstructorAccessorImpl.newInstance(NativeConstructorAccessorImpl.java:62)
	at sun.reflect.DelegatingConstructorAccessorImpl.newInstance(DelegatingConstructorAccessorImpl.java:45)
	at org.springframework.cloud.kubernetes.fabric8.config.Fabric8ConfigMapPropertySourceLocatorRetryTests$ConfigRetryEnabled.locateShouldNotRetryWhenThereIsNoFailure(Fabric8ConfigMapPropertySourceLocatorRetryTests.java:96)
	at sun.reflect.NativeMethodAccessorImpl.invoke0(Native Method)
	at sun.reflect.NativeMethodAccessorImpl.invoke(NativeMethodAccessorImpl.java:62)
	at sun.reflect.DelegatingMethodAccessorImpl.invoke(DelegatingMethodAccessorImpl.java:43)
	at java.lang.reflect.Method.invoke(Method.java:498)
	at org.junit.platform.commons.util.ReflectionUtils.invokeMethod(ReflectionUtils.java:725)
	at org.junit.jupiter.engine.execution.MethodInvocation.proceed(MethodInvocation.java:60)
	at org.junit.jupiter.engine.execution.InvocationInterceptorChain$ValidatingInvocation.proceed(InvocationInterceptorChain.java:131)
	at org.junit.jupiter.engine.extension.TimeoutExtension.intercept(TimeoutExtension.java:149)
	at org.junit.jupiter.engine.extension.TimeoutExtension.interceptTestableMethod(TimeoutExtension.java:140)
	at org.junit.jupiter.engine.extension.TimeoutExtension.interceptTestMethod(TimeoutExtension.java:84)
	at org.junit.jupiter.engine.execution.ExecutableInvoker$ReflectiveInterceptorCall.lambda$ofVoidMethod$0(ExecutableInvoker.java:115)
	at org.junit.jupiter.engine.execution.ExecutableInvoker.lambda$invoke$0(ExecutableInvoker.java:105)
	at org.junit.jupiter.engine.execution.InvocationInterceptorChain$InterceptedInvocation.proceed(InvocationInterceptorChain.java:106)
	at org.junit.jupiter.engine.execution.InvocationInterceptorChain.proceed(InvocationInterceptorChain.java:64)
	at org.junit.jupiter.engine.execution.InvocationInterceptorChain.chainAndInvoke(InvocationInterceptorChain.java:45)
	at org.junit.jupiter.engine.execution.InvocationInterceptorChain.invoke(InvocationInterceptorChain.java:37)
	at org.junit.jupiter.engine.execution.ExecutableInvoker.invoke(ExecutableInvoker.java:104)
	at org.junit.jupiter.engine.execution.ExecutableInvoker.invoke(ExecutableInvoker.java:98)
	at org.junit.jupiter.engine.descriptor.TestMethodTestDescriptor.lambda$invokeTestMethod$7(TestMethodTestDescriptor.java:214)
	at org.junit.platform.engine.support.hierarchical.ThrowableCollector.execute(ThrowableCollector.java:73)
	at org.junit.jupiter.engine.descriptor.TestMethodTestDescriptor.invokeTestMethod(TestMethodTestDescriptor.java:210)
	at org.junit.jupiter.engine.descriptor.TestMethodTestDescriptor.execute(TestMethodTestDescriptor.java:135)
	at org.junit.jupiter.engine.descriptor.TestMethodTestDescriptor.execute(TestMethodTestDescriptor.java:66)
	at org.junit.platform.engine.support.hierarchical.NodeTestTask.lambda$executeRecursively$6(NodeTestTask.java:151)
	at org.junit.platform.engine.support.hierarchical.ThrowableCollector.execute(ThrowableCollector.java:73)
	at org.junit.platform.engine.support.hierarchical.NodeTestTask.lambda$executeRecursively$8(NodeTestTask.java:141)
	at org.junit.platform.engine.support.hierarchical.Node.around(Node.java:137)
	at org.junit.platform.engine.support.hierarchical.NodeTestTask.lambda$executeRecursively$9(NodeTestTask.java:139)
	at org.junit.platform.engine.support.hierarchical.ThrowableCollector.execute(ThrowableCollector.java:73)
	at org.junit.platform.engine.support.hierarchical.NodeTestTask.executeRecursively(NodeTestTask.java:138)
	at org.junit.platform.engine.support.hierarchical.NodeTestTask.execute(NodeTestTask.java:95)
	at java.util.ArrayList.forEach(ArrayList.java:1259)
	at org.junit.platform.engine.support.hierarchical.SameThreadHierarchicalTestExecutorService.invokeAll(SameThreadHierarchicalTestExecutorService.java:41)
	at org.junit.platform.engine.support.hierarchical.NodeTestTask.lambda$executeRecursively$6(NodeTestTask.java:155)
	at org.junit.platform.engine.support.hierarchical.ThrowableCollector.execute(ThrowableCollector.java:73)
	at org.junit.platform.engine.support.hierarchical.NodeTestTask.lambda$executeRecursively$8(NodeTestTask.java:141)
	at org.junit.platform.engine.support.hierarchical.Node.around(Node.java:137)
	at org.junit.platform.engine.support.hierarchical.NodeTestTask.lambda$executeRecursively$9(NodeTestTask.java:139)
	at org.junit.platform.engine.support.hierarchical.ThrowableCollector.execute(ThrowableCollector.java:73)
	at org.junit.platform.engine.support.hierarchical.NodeTestTask.executeRecursively(NodeTestTask.java:138)
	at org.junit.platform.engine.support.hierarchical.NodeTestTask.execute(NodeTestTask.java:95)
	at java.util.ArrayList.forEach(ArrayList.java:1259)
	at org.junit.platform.engine.support.hierarchical.SameThreadHierarchicalTestExecutorService.invokeAll(SameThreadHierarchicalTestExecutorService.java:41)
	at org.junit.platform.engine.support.hierarchical.NodeTestTask.lambda$executeRecursively$6(NodeTestTask.java:155)
	at org.junit.platform.engine.support.hierarchical.ThrowableCollector.execute(ThrowableCollector.java:73)
	at org.junit.platform.engine.support.hierarchical.NodeTestTask.lambda$executeRecursively$8(NodeTestTask.java:141)
	at org.junit.platform.engine.support.hierarchical.Node.around(Node.java:137)
	at org.junit.platform.engine.support.hierarchical.NodeTestTask.lambda$executeRecursively$9(NodeTestTask.java:139)
	at org.junit.platform.engine.support.hierarchical.ThrowableCollector.execute(ThrowableCollector.java:73)
	at org.junit.platform.engine.support.hierarchical.NodeTestTask.executeRecursively(NodeTestTask.java:138)
	at org.junit.platform.engine.support.hierarchical.NodeTestTask.execute(NodeTestTask.java:95)
	at java.util.ArrayList.forEach(ArrayList.java:1259)
	at org.junit.platform.engine.support.hierarchical.SameThreadHierarchicalTestExecutorService.invokeAll(SameThreadHierarchicalTestExecutorService.java:41)
	at org.junit.platform.engine.support.hierarchical.NodeTestTask.lambda$executeRecursively$6(NodeTestTask.java:155)
	at org.junit.platform.engine.support.hierarchical.ThrowableCollector.execute(ThrowableCollector.java:73)
	at org.junit.platform.engine.support.hierarchical.NodeTestTask.lambda$executeRecursively$8(NodeTestTask.java:141)
	at org.junit.platform.engine.support.hierarchical.Node.around(Node.java:137)
	at org.junit.platform.engine.support.hierarchical.NodeTestTask.lambda$executeRecursively$9(NodeTestTask.java:139)
	at org.junit.platform.engine.support.hierarchical.ThrowableCollector.execute(ThrowableCollector.java:73)
	at org.junit.platform.engine.support.hierarchical.NodeTestTask.executeRecursively(NodeTestTask.java:138)
	at org.junit.platform.engine.support.hierarchical.NodeTestTask.execute(NodeTestTask.java:95)
	at org.junit.platform.engine.support.hierarchical.SameThreadHierarchicalTestExecutorService.submit(SameThreadHierarchicalTestExecutorService.java:35)
	at org.junit.platform.engine.support.hierarchical.HierarchicalTestExecutor.execute(HierarchicalTestExecutor.java:57)
	at org.junit.platform.engine.support.hierarchical.HierarchicalTestEngine.execute(HierarchicalTestEngine.java:54)
	at org.junit.platform.launcher.core.DefaultLauncher.execute(DefaultLauncher.java:170)
	at org.junit.platform.launcher.core.DefaultLauncher.execute(DefaultLauncher.java:154)
	at org.junit.platform.launcher.core.DefaultLauncher.execute(DefaultLauncher.java:90)
	at edu.illinois.cs.testrunner.execution.JUnit5TestExecutor.runTestsSeparately(JUnit5TestExecutor.java:40)
	at edu.illinois.cs.testrunner.execution.Executor$.$anonfun$run$1(Executor.scala:33)
	at scala.runtime.java8.JFunction0$mcV$sp.apply(JFunction0$mcV$sp.java:12)
	at scala.util.Try$.apply(Try.scala:209)
	at edu.illinois.cs.testrunner.execution.Executor$.run(Executor.scala:28)
	at edu.illinois.cs.testrunner.execution.Executor$.main(Executor.scala:18)
	at edu.illinois.cs.testrunner.execution.Executor.main(Executor.scala)
2024-05-17 18:42:00.645  INFO 52735 --- [WebServer 33381] okhttp3.mockwebserver.MockWebServer      : MockWebServer[33381] starting to accept connections
2024-05-17 18:42:00.647  INFO 52735 --- [WebServer 36471] okhttp3.mockwebserver.MockWebServer      : MockWebServer[36471] starting to accept connections
2024-05-17 18:42:00.648  INFO 52735 --- [WebServer 36471] okhttp3.mockwebserver.MockWebServer      : MockWebServer[36471] done accepting connections: Socket closed
2024-05-17 18:42:00.651  INFO 52735 --- [WebServer 54741] okhttp3.mockwebserver.MockWebServer      : MockWebServer[54741] starting to accept connections
2024-05-17 18:42:00.653  INFO 52735 --- [WebServer 54445] okhttp3.mockwebserver.MockWebServer      : MockWebServer[54445] starting to accept connections
2024-05-17 18:42:00.654  INFO 52735 --- [WebServer 54445] okhttp3.mockwebserver.MockWebServer      : MockWebServer[54445] done accepting connections: Socket closed
2024-05-17 18:42:00.659  INFO 52735 --- [           main] .b.t.c.SpringBootTestContextBootstrapper : Neither @ContextConfiguration nor @ContextHierarchy found for test class [org.springframework.cloud.kubernetes.fabric8.config.ConfigMapWithPrefixTests], using SpringBootContextLoader
2024-05-17 18:42:00.660  INFO 52735 --- [           main] o.s.t.c.support.AbstractContextLoader    : Could not detect default resource locations for test class [org.springframework.cloud.kubernetes.fabric8.config.ConfigMapWithPrefixTests]: no resource found for suffixes {-context.xml, Context.groovy}.
2024-05-17 18:42:00.662  INFO 52735 --- [           main] .b.t.c.SpringBootTestContextBootstrapper : Loaded default TestExecutionListener class names from location [META-INF/spring.factories]: [org.springframework.boot.test.mock.mockito.MockitoTestExecutionListener, org.springframework.boot.test.mock.mockito.ResetMocksTestExecutionListener, org.springframework.boot.test.autoconfigure.restdocs.RestDocsTestExecutionListener, org.springframework.boot.test.autoconfigure.web.client.MockRestServiceServerResetTestExecutionListener, org.springframework.boot.test.autoconfigure.web.servlet.MockMvcPrintOnlyOnFailureTestExecutionListener, org.springframework.boot.test.autoconfigure.web.servlet.WebDriverTestExecutionListener, org.springframework.boot.test.autoconfigure.webservices.client.MockWebServiceServerTestExecutionListener, org.springframework.test.context.web.ServletTestExecutionListener, org.springframework.test.context.support.DirtiesContextBeforeModesTestExecutionListener, org.springframework.test.context.event.ApplicationEventsTestExecutionListener, org.springframework.test.context.support.DependencyInjectionTestExecutionListener, org.springframework.test.context.support.DirtiesContextTestExecutionListener, org.springframework.test.context.transaction.TransactionalTestExecutionListener, org.springframework.test.context.jdbc.SqlScriptsTestExecutionListener, org.springframework.test.context.event.EventPublishingTestExecutionListener, org.spockframework.spring.SpringMockTestExecutionListener]
2024-05-17 18:42:00.665  INFO 52735 --- [           main] .b.t.c.SpringBootTestContextBootstrapper : Using TestExecutionListeners: [org.springframework.test.context.web.ServletTestExecutionListener@7c0b0090, org.springframework.test.context.support.DirtiesContextBeforeModesTestExecutionListener@223c1a82, org.springframework.test.context.event.ApplicationEventsTestExecutionListener@144d064a, org.springframework.boot.test.mock.mockito.MockitoTestExecutionListener@282919de, org.springframework.boot.test.autoconfigure.SpringBootDependencyInjectionTestExecutionListener@c8293cb, org.springframework.test.context.support.DirtiesContextTestExecutionListener@4e2860d3, org.springframework.test.context.event.EventPublishingTestExecutionListener@322b500a, org.springframework.boot.test.mock.mockito.ResetMocksTestExecutionListener@52ac4878, org.springframework.boot.test.autoconfigure.restdocs.RestDocsTestExecutionListener@4a28852d, org.springframework.boot.test.autoconfigure.web.client.MockRestServiceServerResetTestExecutionListener@478b5a43, org.springframework.boot.test.autoconfigure.web.servlet.MockMvcPrintOnlyOnFailureTestExecutionListener@2fc8e9b8, org.springframework.boot.test.autoconfigure.web.servlet.WebDriverTestExecutionListener@1f978bb1, org.springframework.boot.test.autoconfigure.webservices.client.MockWebServiceServerTestExecutionListener@11987483, org.spockframework.spring.SpringMockTestExecutionListener@c5c7db1]
2024-05-17 18:42:00.667  INFO 52735 --- [WebServer 35511] okhttp3.mockwebserver.MockWebServer      : MockWebServer[35511] starting to accept connections
2024-05-17 18:42:00.670  INFO 52735 --- [127.0.0.1:42294] okhttp3.mockwebserver.MockWebServer      : MockWebServer[35511] received request: POST /api/v1/namespaces/spring-k8s/configmaps HTTP/1.1 and responded: HTTP/1.1 200 OK
2024-05-17 18:42:00.674  INFO 52735 --- [127.0.0.1:42294] okhttp3.mockwebserver.MockWebServer      : MockWebServer[35511] received request: POST /api/v1/namespaces/spring-k8s/configmaps HTTP/1.1 and responded: HTTP/1.1 200 OK
2024-05-17 18:42:00.720  INFO 52735 --- [127.0.0.1:42294] okhttp3.mockwebserver.MockWebServer      : MockWebServer[35511] received request: POST /api/v1/namespaces/spring-k8s/configmaps HTTP/1.1 and responded: HTTP/1.1 200 OK
2024-05-17 18:42:00.813  WARN 52735 --- [           main] ubernetesProfileEnvironmentPostProcessor : Not running inside kubernetes. Skipping 'kubernetes' profile activation.

  .   ____          _            __ _ _
 /\\ / ___'_ __ _ _(_)_ __  __ _ \ \ \ \
( ( )\___ | '_ | '_| | '_ \/ _` | \ \ \ \
 \\/  ___)| |_)| | | | | || (_| |  ) ) ) )
  '  |____| .__|_| |_|_| |_\__, | / / / /
 =========|_|==============|___/=/_/_/_/
 :: Spring Boot ::                (v2.6.3)

2024-05-17 18:42:00.879  INFO 52735 --- [           main] s.c.k.f.c.Fabric8ConfigMapPropertySource : Loading ConfigMap with name 'config-map-one' in namespace 'spring-k8s'
2024-05-17 18:42:00.882  INFO 52735 --- [127.0.0.1:42298] okhttp3.mockwebserver.MockWebServer      : MockWebServer[35511] received request: GET /api/v1/namespaces/spring-k8s/configmaps/config-map-one HTTP/1.1 and responded: HTTP/1.1 200 OK
2024-05-17 18:42:00.884  INFO 52735 --- [           main] s.c.k.f.c.Fabric8ConfigMapPropertySource : Loading ConfigMap with name 'config-map-two' in namespace 'spring-k8s'
2024-05-17 18:42:00.885  INFO 52735 --- [127.0.0.1:42298] okhttp3.mockwebserver.MockWebServer      : MockWebServer[35511] received request: GET /api/v1/namespaces/spring-k8s/configmaps/config-map-two HTTP/1.1 and responded: HTTP/1.1 200 OK
2024-05-17 18:42:00.927  INFO 52735 --- [           main] s.c.k.f.c.Fabric8ConfigMapPropertySource : Loading ConfigMap with name 'config-map-three' in namespace 'spring-k8s'
2024-05-17 18:42:00.929  INFO 52735 --- [127.0.0.1:42298] okhttp3.mockwebserver.MockWebServer      : MockWebServer[35511] received request: GET /api/v1/namespaces/spring-k8s/configmaps/config-map-three HTTP/1.1 and responded: HTTP/1.1 200 OK
2024-05-17 18:42:00.970  INFO 52735 --- [           main] b.c.PropertySourceBootstrapConfiguration : Located property source: [BootstrapPropertySource {name='bootstrapProperties-configmap.config-map-three.spring-k8s'}, BootstrapPropertySource {name='bootstrapProperties-configmap.config-map-two.spring-k8s'}, BootstrapPropertySource {name='bootstrapProperties-configmap.config-map-one.spring-k8s'}]
2024-05-17 18:42:00.980  WARN 52735 --- [           main] ubernetesProfileEnvironmentPostProcessor : Not running inside kubernetes. Skipping 'kubernetes' profile activation.
2024-05-17 18:42:00.981  INFO 52735 --- [           main] o.s.c.k.f.c.ConfigMapWithPrefixTests     : No active profile set, falling back to default profiles: default
2024-05-17 18:42:01.167  INFO 52735 --- [           main] o.s.cloud.context.scope.GenericScope     : BeanFactory id=1367d525-e9cf-3080-b335-95bb990e6dec
2024-05-17 18:42:01.254  INFO 52735 --- [           main] o.s.b.w.embedded.tomcat.TomcatWebServer  : Tomcat initialized with port(s): 0 (http)
2024-05-17 18:42:01.255  INFO 52735 --- [           main] o.apache.catalina.core.StandardService   : Starting service [Tomcat]
2024-05-17 18:42:01.255  INFO 52735 --- [           main] org.apache.catalina.core.StandardEngine  : Starting Servlet engine: [Apache Tomcat/9.0.56]
2024-05-17 18:42:01.265  INFO 52735 --- [           main] o.a.c.c.C.[Tomcat-8].[localhost].[/]     : Initializing Spring embedded WebApplicationContext
2024-05-17 18:42:01.265  INFO 52735 --- [           main] w.s.c.ServletWebServerApplicationContext : Root WebApplicationContext: initialization completed in 282 ms
2024-05-17 18:42:01.791  INFO 52735 --- [           main] o.s.b.a.e.web.EndpointLinksResolver      : Exposing 1 endpoint(s) beneath base path '/actuator'
2024-05-17 18:42:01.828  INFO 52735 --- [           main] o.s.b.w.embedded.tomcat.TomcatWebServer  : Tomcat started on port(s): 38481 (http) with context path ''
2024-05-17 18:42:01.834  INFO 52735 --- [           main] o.s.c.k.f.c.ConfigMapWithPrefixTests     : Started ConfigMapWithPrefixTests in 1.072 seconds (JVM running for 34.581)
2024-05-17 18:42:01.846  INFO 52735 --- [WebServer 49173] okhttp3.mockwebserver.MockWebServer      : MockWebServer[49173] starting to accept connections
2024-05-17 18:42:01.856  INFO 52735 --- [o-auto-9-exec-1] o.a.c.c.C.[Tomcat-8].[localhost].[/]     : Initializing Spring DispatcherServlet 'dispatcherServlet'
2024-05-17 18:42:01.856  INFO 52735 --- [o-auto-9-exec-1] o.s.web.servlet.DispatcherServlet        : Initializing Servlet 'dispatcherServlet'
2024-05-17 18:42:01.857  INFO 52735 --- [o-auto-9-exec-1] o.s.web.servlet.DispatcherServlet        : Completed initialization in 0 ms
2024-05-17 18:42:01.869  INFO 52735 --- [WebServer 49173] okhttp3.mockwebserver.MockWebServer      : MockWebServer[49173] done accepting connections: Socket closed
2024-05-17 18:42:01.875  INFO 52735 --- [           main] .b.t.c.SpringBootTestContextBootstrapper : Neither @ContextConfiguration nor @ContextHierarchy found for test class [org.springframework.cloud.kubernetes.fabric8.config.ConfigMapsMixedTests], using SpringBootContextLoader
2024-05-17 18:42:01.876  INFO 52735 --- [           main] o.s.t.c.support.AbstractContextLoader    : Could not detect default resource locations for test class [org.springframework.cloud.kubernetes.fabric8.config.ConfigMapsMixedTests]: no resource found for suffixes {-context.xml, Context.groovy}.
2024-05-17 18:42:01.878  INFO 52735 --- [           main] .b.t.c.SpringBootTestContextBootstrapper : Loaded default TestExecutionListener class names from location [META-INF/spring.factories]: [org.springframework.boot.test.mock.mockito.MockitoTestExecutionListener, org.springframework.boot.test.mock.mockito.ResetMocksTestExecutionListener, org.springframework.boot.test.autoconfigure.restdocs.RestDocsTestExecutionListener, org.springframework.boot.test.autoconfigure.web.client.MockRestServiceServerResetTestExecutionListener, org.springframework.boot.test.autoconfigure.web.servlet.MockMvcPrintOnlyOnFailureTestExecutionListener, org.springframework.boot.test.autoconfigure.web.servlet.WebDriverTestExecutionListener, org.springframework.boot.test.autoconfigure.webservices.client.MockWebServiceServerTestExecutionListener, org.springframework.test.context.web.ServletTestExecutionListener, org.springframework.test.context.support.DirtiesContextBeforeModesTestExecutionListener, org.springframework.test.context.event.ApplicationEventsTestExecutionListener, org.springframework.test.context.support.DependencyInjectionTestExecutionListener, org.springframework.test.context.support.DirtiesContextTestExecutionListener, org.springframework.test.context.transaction.TransactionalTestExecutionListener, org.springframework.test.context.jdbc.SqlScriptsTestExecutionListener, org.springframework.test.context.event.EventPublishingTestExecutionListener, org.spockframework.spring.SpringMockTestExecutionListener]
2024-05-17 18:42:01.879  INFO 52735 --- [           main] .b.t.c.SpringBootTestContextBootstrapper : Using TestExecutionListeners: [org.springframework.test.context.web.ServletTestExecutionListener@9acee30, org.springframework.test.context.support.DirtiesContextBeforeModesTestExecutionListener@3408fdb8, org.springframework.test.context.event.ApplicationEventsTestExecutionListener@64db8a3, org.springframework.boot.test.mock.mockito.MockitoTestExecutionListener@554b571b, org.springframework.boot.test.autoconfigure.SpringBootDependencyInjectionTestExecutionListener@3bf8feec, org.springframework.test.context.support.DirtiesContextTestExecutionListener@486e3116, org.springframework.test.context.event.EventPublishingTestExecutionListener@230d0018, org.springframework.boot.test.mock.mockito.ResetMocksTestExecutionListener@2c7178ed, org.springframework.boot.test.autoconfigure.restdocs.RestDocsTestExecutionListener@5002fc11, org.springframework.boot.test.autoconfigure.web.client.MockRestServiceServerResetTestExecutionListener@695d8186, org.springframework.boot.test.autoconfigure.web.servlet.MockMvcPrintOnlyOnFailureTestExecutionListener@221b4175, org.springframework.boot.test.autoconfigure.web.servlet.WebDriverTestExecutionListener@58ae3cb, org.springframework.boot.test.autoconfigure.webservices.client.MockWebServiceServerTestExecutionListener@42af751f, org.spockframework.spring.SpringMockTestExecutionListener@477b8d7d]
2024-05-17 18:42:01.881  INFO 52735 --- [WebServer 45635] okhttp3.mockwebserver.MockWebServer      : MockWebServer[45635] starting to accept connections
2024-05-17 18:42:01.887  INFO 52735 --- [127.0.0.1:42328] okhttp3.mockwebserver.MockWebServer      : MockWebServer[45635] received request: POST /api/v1/namespaces/test/configmaps HTTP/1.1 and responded: HTTP/1.1 200 OK
2024-05-17 18:42:01.928  WARN 52735 --- [           main] ubernetesProfileEnvironmentPostProcessor : Not running inside kubernetes. Skipping 'kubernetes' profile activation.

  .   ____          _            __ _ _
 /\\ / ___'_ __ _ _(_)_ __  __ _ \ \ \ \
( ( )\___ | '_ | '_| | '_ \/ _` | \ \ \ \
 \\/  ___)| |_)| | | | | || (_| |  ) ) ) )
  '  |____| .__|_| |_|_| |_\__, | / / / /
 =========|_|==============|___/=/_/_/_/
 :: Spring Boot ::                (v2.6.3)

2024-05-17 18:42:01.995  INFO 52735 --- [           main] s.c.k.f.c.Fabric8ConfigMapPropertySource : Loading ConfigMap with name 'configmap-mixed-example' in namespace 'test'
2024-05-17 18:42:01.997  INFO 52735 --- [127.0.0.1:42344] okhttp3.mockwebserver.MockWebServer      : MockWebServer[45635] received request: GET /api/v1/namespaces/test/configmaps/configmap-mixed-example HTTP/1.1 and responded: HTTP/1.1 200 OK
2024-05-17 18:42:02.002  INFO 52735 --- [           main] b.c.PropertySourceBootstrapConfiguration : Located property source: [BootstrapPropertySource {name='bootstrapProperties-/tmp/scktests/application-path.yaml'}, BootstrapPropertySource {name='bootstrapProperties-configmap.configmap-mixed-example.test'}]
2024-05-17 18:42:02.005  WARN 52735 --- [           main] ubernetesProfileEnvironmentPostProcessor : Not running inside kubernetes. Skipping 'kubernetes' profile activation.
2024-05-17 18:42:02.005  INFO 52735 --- [           main] o.s.c.k.f.config.ConfigMapsMixedTests    : No active profile set, falling back to default profiles: default
2024-05-17 18:42:02.176  INFO 52735 --- [           main] o.s.cloud.context.scope.GenericScope     : BeanFactory id=e369cf40-d234-36e2-a4dc-38329760186f
2024-05-17 18:42:02.276  INFO 52735 --- [           main] o.s.b.w.embedded.tomcat.TomcatWebServer  : Tomcat initialized with port(s): 0 (http)
2024-05-17 18:42:02.277  INFO 52735 --- [           main] o.apache.catalina.core.StandardService   : Starting service [Tomcat]
2024-05-17 18:42:02.277  INFO 52735 --- [           main] org.apache.catalina.core.StandardEngine  : Starting Servlet engine: [Apache Tomcat/9.0.56]
2024-05-17 18:42:02.287  INFO 52735 --- [           main] o.a.c.c.C.[Tomcat-9].[localhost].[/]     : Initializing Spring embedded WebApplicationContext
2024-05-17 18:42:02.287  INFO 52735 --- [           main] w.s.c.ServletWebServerApplicationContext : Root WebApplicationContext: initialization completed in 281 ms
2024-05-17 18:42:02.864  INFO 52735 --- [           main] o.s.b.a.e.web.EndpointLinksResolver      : Exposing 1 endpoint(s) beneath base path '/actuator'
2024-05-17 18:42:02.905  INFO 52735 --- [           main] o.s.b.w.embedded.tomcat.TomcatWebServer  : Tomcat started on port(s): 37649 (http) with context path ''
2024-05-17 18:42:02.911  INFO 52735 --- [           main] o.s.c.k.f.config.ConfigMapsMixedTests    : Started ConfigMapsMixedTests in 1.022 seconds (JVM running for 35.657)
2024-05-17 18:42:02.919  INFO 52735 --- [WebServer 32971] okhttp3.mockwebserver.MockWebServer      : MockWebServer[32971] starting to accept connections
2024-05-17 18:42:02.928  INFO 52735 --- [-auto-10-exec-1] o.a.c.c.C.[Tomcat-9].[localhost].[/]     : Initializing Spring DispatcherServlet 'dispatcherServlet'
2024-05-17 18:42:02.928  INFO 52735 --- [-auto-10-exec-1] o.s.web.servlet.DispatcherServlet        : Initializing Servlet 'dispatcherServlet'
2024-05-17 18:42:02.929  INFO 52735 --- [-auto-10-exec-1] o.s.web.servlet.DispatcherServlet        : Completed initialization in 1 ms
2024-05-17 18:42:02.940  INFO 52735 --- [WebServer 32971] okhttp3.mockwebserver.MockWebServer      : MockWebServer[32971] done accepting connections: Socket closed
2024-05-17 18:42:02.943  INFO 52735 --- [WebServer 60277] okhttp3.mockwebserver.MockWebServer      : MockWebServer[60277] starting to accept connections
2024-05-17 18:42:02.945  INFO 52735 --- [WebServer 34991] okhttp3.mockwebserver.MockWebServer      : MockWebServer[34991] starting to accept connections
2024-05-17 18:42:02.949  INFO 52735 --- [127.0.0.1:54720] okhttp3.mockwebserver.MockWebServer      : MockWebServer[60277] received request: POST /api/v1/namespaces/test/configmaps HTTP/1.1 and responded: HTTP/1.1 200 OK
2024-05-17 18:42:02.949  INFO 52735 --- [           main] s.c.k.f.c.Fabric8ConfigMapPropertySource : Loading ConfigMap with name 'single-non-standard-test' in namespace 'test'
2024-05-17 18:42:02.950  INFO 52735 --- [127.0.0.1:54720] okhttp3.mockwebserver.MockWebServer      : MockWebServer[60277] received request: GET /api/v1/namespaces/test/configmaps/single-non-standard-test HTTP/1.1 and responded: HTTP/1.1 200 OK
2024-05-17 18:42:02.992  INFO 52735 --- [WebServer 34991] okhttp3.mockwebserver.MockWebServer      : MockWebServer[34991] done accepting connections: Socket closed
2024-05-17 18:42:02.997  INFO 52735 --- [WebServer 52899] okhttp3.mockwebserver.MockWebServer      : MockWebServer[52899] starting to accept connections
2024-05-17 18:42:03.000  INFO 52735 --- [WebServer 34373] okhttp3.mockwebserver.MockWebServer      : MockWebServer[34373] starting to accept connections
2024-05-17 18:42:03.001  INFO 52735 --- [           main] .b.t.c.SpringBootTestContextBootstrapper : Neither @ContextConfiguration nor @ContextHierarchy found for test class [org.springframework.cloud.kubernetes.fabric8.config.Fabric8SecretsPropertySourceLocatorRetryTests$SecretsFailFastEnabledButRetryDisabled], using SpringBootContextLoader
2024-05-17 18:42:03.001  INFO 52735 --- [           main] o.s.t.c.support.AbstractContextLoader    : Could not detect default resource locations for test class [org.springframework.cloud.kubernetes.fabric8.config.Fabric8SecretsPropertySourceLocatorRetryTests$SecretsFailFastEnabledButRetryDisabled]: no resource found for suffixes {-context.xml, Context.groovy}.
2024-05-17 18:42:03.002  INFO 52735 --- [           main] .b.t.c.SpringBootTestContextBootstrapper : Loaded default TestExecutionListener class names from location [META-INF/spring.factories]: [org.springframework.boot.test.mock.mockito.MockitoTestExecutionListener, org.springframework.boot.test.mock.mockito.ResetMocksTestExecutionListener, org.springframework.boot.test.autoconfigure.restdocs.RestDocsTestExecutionListener, org.springframework.boot.test.autoconfigure.web.client.MockRestServiceServerResetTestExecutionListener, org.springframework.boot.test.autoconfigure.web.servlet.MockMvcPrintOnlyOnFailureTestExecutionListener, org.springframework.boot.test.autoconfigure.web.servlet.WebDriverTestExecutionListener, org.springframework.boot.test.autoconfigure.webservices.client.MockWebServiceServerTestExecutionListener, org.springframework.test.context.web.ServletTestExecutionListener, org.springframework.test.context.support.DirtiesContextBeforeModesTestExecutionListener, org.springframework.test.context.event.ApplicationEventsTestExecutionListener, org.springframework.test.context.support.DependencyInjectionTestExecutionListener, org.springframework.test.context.support.DirtiesContextTestExecutionListener, org.springframework.test.context.transaction.TransactionalTestExecutionListener, org.springframework.test.context.jdbc.SqlScriptsTestExecutionListener, org.springframework.test.context.event.EventPublishingTestExecutionListener, org.spockframework.spring.SpringMockTestExecutionListener]
2024-05-17 18:42:03.004  INFO 52735 --- [           main] .b.t.c.SpringBootTestContextBootstrapper : Using TestExecutionListeners: [org.springframework.test.context.web.ServletTestExecutionListener@f5eff92, org.springframework.test.context.support.DirtiesContextBeforeModesTestExecutionListener@2558c3fb, org.springframework.test.context.event.ApplicationEventsTestExecutionListener@1efb1a38, org.springframework.boot.test.mock.mockito.MockitoTestExecutionListener@4ce1292a, org.springframework.boot.test.autoconfigure.SpringBootDependencyInjectionTestExecutionListener@34bbfd4b, org.springframework.test.context.support.DirtiesContextTestExecutionListener@571fa73c, org.springframework.test.context.event.EventPublishingTestExecutionListener@11734d3d, org.springframework.boot.test.mock.mockito.ResetMocksTestExecutionListener@541e8e40, org.springframework.boot.test.autoconfigure.restdocs.RestDocsTestExecutionListener@3fa4702d, org.springframework.boot.test.autoconfigure.web.client.MockRestServiceServerResetTestExecutionListener@15a806a2, org.springframework.boot.test.autoconfigure.web.servlet.MockMvcPrintOnlyOnFailureTestExecutionListener@1eb9ab8f, org.springframework.boot.test.autoconfigure.web.servlet.WebDriverTestExecutionListener@3e755a96, org.springframework.boot.test.autoconfigure.webservices.client.MockWebServiceServerTestExecutionListener@22cc606d, org.spockframework.spring.SpringMockTestExecutionListener@7784ff80]
2024-05-17 18:42:03.043  WARN 52735 --- [           main] ubernetesProfileEnvironmentPostProcessor : Not running inside kubernetes. Skipping 'kubernetes' profile activation.

  .   ____          _            __ _ _
 /\\ / ___'_ __ _ _(_)_ __  __ _ \ \ \ \
( ( )\___ | '_ | '_| | '_ \/ _` | \ \ \ \
 \\/  ___)| |_)| | | | | || (_| |  ) ) ) )
  '  |____| .__|_| |_|_| |_\__, | / / / /
 =========|_|==============|___/=/_/_/_/
 :: Spring Boot ::                (v2.6.3)

2024-05-17 18:42:03.117  INFO 52735 --- [           main] s.c.k.f.c.Fabric8ConfigMapPropertySource : Loading ConfigMap with name 'application' in namespace 'default'
2024-05-17 18:42:03.211  INFO 52735 --- [127.0.0.1:35122] okhttp3.mockwebserver.MockWebServer      : MockWebServer[52899] received request: GET /api/v1/namespaces/default/configmaps/application HTTP/1.1 and responded: HTTP/1.1 404 Client Error
2024-05-17 18:42:03.213  INFO 52735 --- [           main] o.s.c.k.f.config.Fabric8ConfigUtils      : config-map with name : 'application' not present in namespace : 'default'
2024-05-17 18:42:03.214  INFO 52735 --- [           main] b.c.PropertySourceBootstrapConfiguration : Located property source: [BootstrapPropertySource {name='bootstrapProperties-configmap.application.default'}]
2024-05-17 18:42:03.214  INFO 52735 --- [           main] o.s.c.k.f.c.Fabric8SecretsPropertySource : Loading Secret with name 'my-secret' or with labels [{}] in namespace 'default'
2024-05-17 18:42:03.215  INFO 52735 --- [127.0.0.1:35122] okhttp3.mockwebserver.MockWebServer      : MockWebServer[52899] received request: GET /api/v1/namespaces/default/secrets/my-secret HTTP/1.1 and responded: HTTP/1.1 404 Client Error
2024-05-17 18:42:03.215  WARN 52735 --- [           main] o.s.c.k.f.c.Fabric8SecretsPropertySource : secret with name : my-secret in namespace : default not found
2024-05-17 18:42:03.216  INFO 52735 --- [127.0.0.1:35122] okhttp3.mockwebserver.MockWebServer      : MockWebServer[52899] received request: GET /api/v1/namespaces/default/secrets HTTP/1.1 and responded: HTTP/1.1 200 OK
2024-05-17 18:42:03.257  INFO 52735 --- [           main] b.c.PropertySourceBootstrapConfiguration : Located property source: [BootstrapPropertySource {name='bootstrapProperties-secrets.my-secret.default'}]
2024-05-17 18:42:03.260  WARN 52735 --- [           main] ubernetesProfileEnvironmentPostProcessor : Not running inside kubernetes. Skipping 'kubernetes' profile activation.
2024-05-17 18:42:03.260  INFO 52735 --- [           main] s$SecretsFailFastEnabledButRetryDisabled : No active profile set, falling back to default profiles: default
2024-05-17 18:42:03.520  INFO 52735 --- [           main] o.s.cloud.context.scope.GenericScope     : BeanFactory id=94652287-2eb9-367e-b08b-eea09b3b2900
2024-05-17 18:42:03.926  INFO 52735 --- [           main] s$SecretsFailFastEnabledButRetryDisabled : Started Fabric8SecretsPropertySourceLocatorRetryTests.SecretsFailFastEnabledButRetryDisabled in 0.921 seconds (JVM running for 36.673)
2024-05-17 18:42:03.931  INFO 52735 --- [WebServer 56261] okhttp3.mockwebserver.MockWebServer      : MockWebServer[56261] starting to accept connections
2024-05-17 18:42:03.934  INFO 52735 --- [           main] o.s.c.k.f.c.Fabric8SecretsPropertySource : Loading Secret with name 'my-secret' or with labels [{}] in namespace 'default'
2024-05-17 18:42:03.935  INFO 52735 --- [127.0.0.1:35122] okhttp3.mockwebserver.MockWebServer      : MockWebServer[52899] received request: GET /api/v1/namespaces/default/secrets/my-secret HTTP/1.1 and responded: HTTP/1.1 500 Server Error
2024-05-17 18:42:03.938  INFO 52735 --- [WebServer 56261] okhttp3.mockwebserver.MockWebServer      : MockWebServer[56261] done accepting connections: Socket closed
2024-05-17 18:42:03.942  INFO 52735 --- [WebServer 55225] okhttp3.mockwebserver.MockWebServer      : MockWebServer[55225] starting to accept connections
2024-05-17 18:42:03.944  INFO 52735 --- [WebServer 46745] okhttp3.mockwebserver.MockWebServer      : MockWebServer[46745] starting to accept connections
2024-05-17 18:42:03.947  INFO 52735 --- [127.0.0.1:48146] okhttp3.mockwebserver.MockWebServer      : MockWebServer[55225] received request: POST /api/v1/namespaces/test/configmaps HTTP/1.1 and responded: HTTP/1.1 200 OK
2024-05-17 18:42:03.947  INFO 52735 --- [           main] s.c.k.f.c.Fabric8ConfigMapPropertySource : Loading ConfigMap with name 'single-unparseable-yaml-test' in namespace 'test'
2024-05-17 18:42:03.948  INFO 52735 --- [127.0.0.1:48146] okhttp3.mockwebserver.MockWebServer      : MockWebServer[55225] received request: GET /api/v1/namespaces/test/configmaps/single-unparseable-yaml-test HTTP/1.1 and responded: HTTP/1.1 200 OK
2024-05-17 18:42:03.991  INFO 52735 --- [WebServer 46745] okhttp3.mockwebserver.MockWebServer      : MockWebServer[46745] done accepting connections: Socket closed
2024-05-17 18:42:04.001  INFO 52735 --- [WebServer 56263] okhttp3.mockwebserver.MockWebServer      : MockWebServer[56263] starting to accept connections
2024-05-17 18:42:04.005  INFO 52735 --- [WebServer 43449] okhttp3.mockwebserver.MockWebServer      : MockWebServer[43449] starting to accept connections
2024-05-17 18:42:04.058  WARN 52735 --- [           main] ubernetesProfileEnvironmentPostProcessor : Not running inside kubernetes. Skipping 'kubernetes' profile activation.

  .   ____          _            __ _ _
 /\\ / ___'_ __ _ _(_)_ __  __ _ \ \ \ \
( ( )\___ | '_ | '_| | '_ \/ _` | \ \ \ \
 \\/  ___)| |_)| | | | | || (_| |  ) ) ) )
  '  |____| .__|_| |_|_| |_\__, | / / / /
 =========|_|==============|___/=/_/_/_/
 :: Spring Boot ::                (v2.6.3)

2024-05-17 18:42:04.112  WARN 52735 --- [           main] ubernetesProfileEnvironmentPostProcessor : Not running inside kubernetes. Skipping 'kubernetes' profile activation.
2024-05-17 18:42:04.112  INFO 52735 --- [           main] e.i.cs.testrunner.execution.Executor$    : No active profile set, falling back to default profiles: default
2024-05-17 18:42:04.122  INFO 52735 --- [           main] o.s.cloud.context.scope.GenericScope     : BeanFactory id=5adb76a5-ffff-3c5f-a60f-7f84faf1ce0f
2024-05-17 18:42:04.126  INFO 52735 --- [           main] e.i.cs.testrunner.execution.Executor$    : Started Executor. in 0.118 seconds (JVM running for 36.872)
2024-05-17 18:42:04.127  INFO 52735 --- [WebServer 43449] okhttp3.mockwebserver.MockWebServer      : MockWebServer[43449] done accepting connections: Socket closed
2024-05-17 18:42:04.133  INFO 52735 --- [WebServer 54205] okhttp3.mockwebserver.MockWebServer      : MockWebServer[54205] starting to accept connections
2024-05-17 18:42:04.135  INFO 52735 --- [WebServer 46785] okhttp3.mockwebserver.MockWebServer      : MockWebServer[46785] starting to accept connections
2024-05-17 18:42:04.137  INFO 52735 --- [WebServer 46785] okhttp3.mockwebserver.MockWebServer      : MockWebServer[46785] done accepting connections: Socket closed
2024-05-17 18:42:04.140  INFO 52735 --- [           main] .b.t.c.SpringBootTestContextBootstrapper : Neither @ContextConfiguration nor @ContextHierarchy found for test class [org.springframework.cloud.kubernetes.fabric8.config.ConfigMapsWithProfilesTests], using SpringBootContextLoader
2024-05-17 18:42:04.141  INFO 52735 --- [           main] o.s.t.c.support.AbstractContextLoader    : Could not detect default resource locations for test class [org.springframework.cloud.kubernetes.fabric8.config.ConfigMapsWithProfilesTests]: no resource found for suffixes {-context.xml, Context.groovy}.
2024-05-17 18:42:04.143  INFO 52735 --- [           main] .b.t.c.SpringBootTestContextBootstrapper : Loaded default TestExecutionListener class names from location [META-INF/spring.factories]: [org.springframework.boot.test.mock.mockito.MockitoTestExecutionListener, org.springframework.boot.test.mock.mockito.ResetMocksTestExecutionListener, org.springframework.boot.test.autoconfigure.restdocs.RestDocsTestExecutionListener, org.springframework.boot.test.autoconfigure.web.client.MockRestServiceServerResetTestExecutionListener, org.springframework.boot.test.autoconfigure.web.servlet.MockMvcPrintOnlyOnFailureTestExecutionListener, org.springframework.boot.test.autoconfigure.web.servlet.WebDriverTestExecutionListener, org.springframework.boot.test.autoconfigure.webservices.client.MockWebServiceServerTestExecutionListener, org.springframework.test.context.web.ServletTestExecutionListener, org.springframework.test.context.support.DirtiesContextBeforeModesTestExecutionListener, org.springframework.test.context.event.ApplicationEventsTestExecutionListener, org.springframework.test.context.support.DependencyInjectionTestExecutionListener, org.springframework.test.context.support.DirtiesContextTestExecutionListener, org.springframework.test.context.transaction.TransactionalTestExecutionListener, org.springframework.test.context.jdbc.SqlScriptsTestExecutionListener, org.springframework.test.context.event.EventPublishingTestExecutionListener, org.spockframework.spring.SpringMockTestExecutionListener]
2024-05-17 18:42:04.144  INFO 52735 --- [           main] .b.t.c.SpringBootTestContextBootstrapper : Using TestExecutionListeners: [org.springframework.test.context.web.ServletTestExecutionListener@6cc1da7b, org.springframework.test.context.support.DirtiesContextBeforeModesTestExecutionListener@439a0f0, org.springframework.test.context.event.ApplicationEventsTestExecutionListener@6ac3ce34, org.springframework.boot.test.mock.mockito.MockitoTestExecutionListener@6444bf53, org.springframework.boot.test.autoconfigure.SpringBootDependencyInjectionTestExecutionListener@634a3a2, org.springframework.test.context.support.DirtiesContextTestExecutionListener@4fc3bdb4, org.springframework.test.context.event.EventPublishingTestExecutionListener@3b057816, org.springframework.boot.test.mock.mockito.ResetMocksTestExecutionListener@7afaf602, org.springframework.boot.test.autoconfigure.restdocs.RestDocsTestExecutionListener@5970734c, org.springframework.boot.test.autoconfigure.web.client.MockRestServiceServerResetTestExecutionListener@b8c4bcb, org.springframework.boot.test.autoconfigure.web.servlet.MockMvcPrintOnlyOnFailureTestExecutionListener@1bd95764, org.springframework.boot.test.autoconfigure.web.servlet.WebDriverTestExecutionListener@36bef8fb, org.springframework.boot.test.autoconfigure.webservices.client.MockWebServiceServerTestExecutionListener@6c8e0773, org.spockframework.spring.SpringMockTestExecutionListener@5b5db3a]
2024-05-17 18:42:04.146  INFO 52735 --- [WebServer 36063] okhttp3.mockwebserver.MockWebServer      : MockWebServer[36063] starting to accept connections
2024-05-17 18:42:04.149  INFO 52735 --- [127.0.0.1:46376] okhttp3.mockwebserver.MockWebServer      : MockWebServer[36063] received request: POST /api/v1/namespaces/test/configmaps HTTP/1.1 and responded: HTTP/1.1 200 OK
2024-05-17 18:42:04.200  WARN 52735 --- [           main] ubernetesProfileEnvironmentPostProcessor : Not running inside kubernetes. Skipping 'kubernetes' profile activation.

  .   ____          _            __ _ _
 /\\ / ___'_ __ _ _(_)_ __  __ _ \ \ \ \
( ( )\___ | '_ | '_| | '_ \/ _` | \ \ \ \
 \\/  ___)| |_)| | | | | || (_| |  ) ) ) )
  '  |____| .__|_| |_|_| |_\__, | / / / /
 =========|_|==============|___/=/_/_/_/
 :: Spring Boot ::                (v2.6.3)

2024-05-17 18:42:04.261  INFO 52735 --- [           main] s.c.k.f.c.Fabric8ConfigMapPropertySource : Loading ConfigMap with name 'configmap-with-profile-example' in namespace 'test'
2024-05-17 18:42:04.264  INFO 52735 --- [127.0.0.1:46384] okhttp3.mockwebserver.MockWebServer      : MockWebServer[36063] received request: GET /api/v1/namespaces/test/configmaps/configmap-with-profile-example HTTP/1.1 and responded: HTTP/1.1 200 OK
2024-05-17 18:42:04.268  INFO 52735 --- [127.0.0.1:46384] okhttp3.mockwebserver.MockWebServer      : MockWebServer[36063] received request: GET /api/v1/namespaces/test/configmaps/configmap-with-profile-example-development HTTP/1.1 and responded: HTTP/1.1 404 Client Error
2024-05-17 18:42:04.268  INFO 52735 --- [           main] o.s.c.k.f.config.Fabric8ConfigUtils      : config-map with name : 'configmap-with-profile-example-development' not present in namespace : 'test'
2024-05-17 18:42:04.268  INFO 52735 --- [           main] b.c.PropertySourceBootstrapConfiguration : Located property source: [BootstrapPropertySource {name='bootstrapProperties-configmap.configmap-with-profile-example.test'}]
2024-05-17 18:42:04.271  WARN 52735 --- [           main] ubernetesProfileEnvironmentPostProcessor : Not running inside kubernetes. Skipping 'kubernetes' profile activation.
2024-05-17 18:42:04.272  INFO 52735 --- [           main] o.s.c.k.f.c.ConfigMapsWithProfilesTests  : The following profiles are active: development
2024-05-17 18:42:04.421  INFO 52735 --- [           main] o.s.cloud.context.scope.GenericScope     : BeanFactory id=affffd22-e438-321b-a0d0-967c2140a2e8
2024-05-17 18:42:04.504  INFO 52735 --- [           main] o.s.b.w.embedded.tomcat.TomcatWebServer  : Tomcat initialized with port(s): 0 (http)
2024-05-17 18:42:04.504  INFO 52735 --- [           main] o.apache.catalina.core.StandardService   : Starting service [Tomcat]
2024-05-17 18:42:04.505  INFO 52735 --- [           main] org.apache.catalina.core.StandardEngine  : Starting Servlet engine: [Apache Tomcat/9.0.56]
2024-05-17 18:42:04.513  INFO 52735 --- [           main] o.a.c.c.C.[Tomcat-10].[localhost].[/]    : Initializing Spring embedded WebApplicationContext
2024-05-17 18:42:04.513  INFO 52735 --- [           main] w.s.c.ServletWebServerApplicationContext : Root WebApplicationContext: initialization completed in 241 ms
2024-05-17 18:42:05.080  INFO 52735 --- [           main] o.s.b.a.e.web.EndpointLinksResolver      : Exposing 1 endpoint(s) beneath base path '/actuator'
2024-05-17 18:42:05.115  INFO 52735 --- [           main] o.s.b.w.embedded.tomcat.TomcatWebServer  : Tomcat started on port(s): 34993 (http) with context path ''
2024-05-17 18:42:05.121  INFO 52735 --- [           main] o.s.c.k.f.c.ConfigMapsWithProfilesTests  : Started ConfigMapsWithProfilesTests in 0.969 seconds (JVM running for 37.867)
2024-05-17 18:42:05.491  INFO 52735 --- [WebServer 35569] okhttp3.mockwebserver.MockWebServer      : MockWebServer[35569] starting to accept connections
2024-05-17 18:42:05.508  INFO 52735 --- [-auto-11-exec-1] o.a.c.c.C.[Tomcat-10].[localhost].[/]    : Initializing Spring DispatcherServlet 'dispatcherServlet'
2024-05-17 18:42:05.508  INFO 52735 --- [-auto-11-exec-1] o.s.web.servlet.DispatcherServlet        : Initializing Servlet 'dispatcherServlet'
2024-05-17 18:42:05.509  INFO 52735 --- [-auto-11-exec-1] o.s.web.servlet.DispatcherServlet        : Completed initialization in 1 ms
2024-05-17 18:42:05.520  INFO 52735 --- [WebServer 35569] okhttp3.mockwebserver.MockWebServer      : MockWebServer[35569] done accepting connections: Socket closed
2024-05-17 18:42:05.526  INFO 52735 --- [WebServer 36433] okhttp3.mockwebserver.MockWebServer      : MockWebServer[36433] starting to accept connections
2024-05-17 18:42:05.528  INFO 52735 --- [WebServer 44405] okhttp3.mockwebserver.MockWebServer      : MockWebServer[44405] starting to accept connections
2024-05-17 18:42:05.532  INFO 52735 --- [127.0.0.1:40066] okhttp3.mockwebserver.MockWebServer      : MockWebServer[36433] received request: POST /api/v1/namespaces/ns2/configmaps HTTP/1.1 and responded: HTTP/1.1 200 OK
2024-05-17 18:42:05.533  INFO 52735 --- [127.0.0.1:40066] okhttp3.mockwebserver.MockWebServer      : MockWebServer[36433] received request: GET /api/v1/namespaces/ns2/configmaps HTTP/1.1 and responded: HTTP/1.1 200 OK
2024-05-17 18:42:05.575  INFO 52735 --- [WebServer 44405] okhttp3.mockwebserver.MockWebServer      : MockWebServer[44405] done accepting connections: Socket closed
2024-05-17 18:42:05.579  INFO 52735 --- [WebServer 41979] okhttp3.mockwebserver.MockWebServer      : MockWebServer[41979] starting to accept connections
2024-05-17 18:42:05.581  INFO 52735 --- [WebServer 58019] okhttp3.mockwebserver.MockWebServer      : MockWebServer[58019] starting to accept connections
2024-05-17 18:42:05.582  INFO 52735 --- [           main] .b.t.c.SpringBootTestContextBootstrapper : Neither @ContextConfiguration nor @ContextHierarchy found for test class [org.springframework.cloud.kubernetes.fabric8.config.Fabric8SecretsPropertySourceLocatorRetryTests$SecretsRetryEnabled], using SpringBootContextLoader
2024-05-17 18:42:05.582  INFO 52735 --- [           main] o.s.t.c.support.AbstractContextLoader    : Could not detect default resource locations for test class [org.springframework.cloud.kubernetes.fabric8.config.Fabric8SecretsPropertySourceLocatorRetryTests$SecretsRetryEnabled]: no resource found for suffixes {-context.xml, Context.groovy}.
2024-05-17 18:42:05.583  INFO 52735 --- [           main] .b.t.c.SpringBootTestContextBootstrapper : Loaded default TestExecutionListener class names from location [META-INF/spring.factories]: [org.springframework.boot.test.mock.mockito.MockitoTestExecutionListener, org.springframework.boot.test.mock.mockito.ResetMocksTestExecutionListener, org.springframework.boot.test.autoconfigure.restdocs.RestDocsTestExecutionListener, org.springframework.boot.test.autoconfigure.web.client.MockRestServiceServerResetTestExecutionListener, org.springframework.boot.test.autoconfigure.web.servlet.MockMvcPrintOnlyOnFailureTestExecutionListener, org.springframework.boot.test.autoconfigure.web.servlet.WebDriverTestExecutionListener, org.springframework.boot.test.autoconfigure.webservices.client.MockWebServiceServerTestExecutionListener, org.springframework.test.context.web.ServletTestExecutionListener, org.springframework.test.context.support.DirtiesContextBeforeModesTestExecutionListener, org.springframework.test.context.event.ApplicationEventsTestExecutionListener, org.springframework.test.context.support.DependencyInjectionTestExecutionListener, org.springframework.test.context.support.DirtiesContextTestExecutionListener, org.springframework.test.context.transaction.TransactionalTestExecutionListener, org.springframework.test.context.jdbc.SqlScriptsTestExecutionListener, org.springframework.test.context.event.EventPublishingTestExecutionListener, org.spockframework.spring.SpringMockTestExecutionListener]
2024-05-17 18:42:05.585  INFO 52735 --- [           main] .b.t.c.SpringBootTestContextBootstrapper : Using TestExecutionListeners: [org.springframework.test.context.web.ServletTestExecutionListener@48b97191, org.springframework.test.context.support.DirtiesContextBeforeModesTestExecutionListener@5bcafda3, org.springframework.test.context.event.ApplicationEventsTestExecutionListener@21996ae2, org.springframework.boot.test.mock.mockito.MockitoTestExecutionListener@2e239394, org.springframework.boot.test.autoconfigure.SpringBootDependencyInjectionTestExecutionListener@2d154a38, org.springframework.test.context.support.DirtiesContextTestExecutionListener@21be9ddc, org.springframework.test.context.event.EventPublishingTestExecutionListener@4b9a2d73, org.springframework.boot.test.mock.mockito.ResetMocksTestExecutionListener@7997b8a7, org.springframework.boot.test.autoconfigure.restdocs.RestDocsTestExecutionListener@7ed47927, org.springframework.boot.test.autoconfigure.web.client.MockRestServiceServerResetTestExecutionListener@2b515b5c, org.springframework.boot.test.autoconfigure.web.servlet.MockMvcPrintOnlyOnFailureTestExecutionListener@31ba0af0, org.springframework.boot.test.autoconfigure.web.servlet.WebDriverTestExecutionListener@752ccee0, org.springframework.boot.test.autoconfigure.webservices.client.MockWebServiceServerTestExecutionListener@28ec9c23, org.spockframework.spring.SpringMockTestExecutionListener@946b9d9]
2024-05-17 18:42:05.589  INFO 52735 --- [WebServer 51933] okhttp3.mockwebserver.MockWebServer      : MockWebServer[51933] starting to accept connections
2024-05-17 18:42:05.591  INFO 52735 --- [           main] o.s.c.k.f.c.Fabric8SecretsPropertySource : Loading Secret with name 'my-secret' or with labels [{}] in namespace 'default'
2024-05-17 18:42:05.593  INFO 52735 --- [127.0.0.1:54148] okhttp3.mockwebserver.MockWebServer      : MockWebServer[37153] received request: GET /api/v1/namespaces/default/secrets/my-secret HTTP/1.1 and responded: HTTP/1.1 404 Client Error
2024-05-17 18:42:05.593  WARN 52735 --- [           main] o.s.c.k.f.c.Fabric8SecretsPropertySource : secret with name : my-secret in namespace : default not found
2024-05-17 18:42:05.594  INFO 52735 --- [127.0.0.1:54148] okhttp3.mockwebserver.MockWebServer      : MockWebServer[37153] received request: GET /api/v1/namespaces/default/secrets HTTP/1.1 and responded: HTTP/1.1 200 OK
2024-05-17 18:42:05.638  INFO 52735 --- [WebServer 51933] okhttp3.mockwebserver.MockWebServer      : MockWebServer[51933] done accepting connections: Socket closed
org.opentest4j.AssertionFailedError: 
expected: "theSensitiveValue"
 but was: null
	at sun.reflect.NativeConstructorAccessorImpl.newInstance0(Native Method)
	at sun.reflect.NativeConstructorAccessorImpl.newInstance(NativeConstructorAccessorImpl.java:62)
	at sun.reflect.DelegatingConstructorAccessorImpl.newInstance(DelegatingConstructorAccessorImpl.java:45)
	at org.springframework.cloud.kubernetes.fabric8.config.Fabric8SecretsPropertySourceLocatorRetryTests$SecretsRetryEnabled.locateShouldNotRetryWhenThereIsNoFailure(Fabric8SecretsPropertySourceLocatorRetryTests.java:104)
	at sun.reflect.NativeMethodAccessorImpl.invoke0(Native Method)
	at sun.reflect.NativeMethodAccessorImpl.invoke(NativeMethodAccessorImpl.java:62)
	at sun.reflect.DelegatingMethodAccessorImpl.invoke(DelegatingMethodAccessorImpl.java:43)
	at java.lang.reflect.Method.invoke(Method.java:498)
	at org.junit.platform.commons.util.ReflectionUtils.invokeMethod(ReflectionUtils.java:725)
	at org.junit.jupiter.engine.execution.MethodInvocation.proceed(MethodInvocation.java:60)
	at org.junit.jupiter.engine.execution.InvocationInterceptorChain$ValidatingInvocation.proceed(InvocationInterceptorChain.java:131)
	at org.junit.jupiter.engine.extension.TimeoutExtension.intercept(TimeoutExtension.java:149)
	at org.junit.jupiter.engine.extension.TimeoutExtension.interceptTestableMethod(TimeoutExtension.java:140)
	at org.junit.jupiter.engine.extension.TimeoutExtension.interceptTestMethod(TimeoutExtension.java:84)
	at org.junit.jupiter.engine.execution.ExecutableInvoker$ReflectiveInterceptorCall.lambda$ofVoidMethod$0(ExecutableInvoker.java:115)
	at org.junit.jupiter.engine.execution.ExecutableInvoker.lambda$invoke$0(ExecutableInvoker.java:105)
	at org.junit.jupiter.engine.execution.InvocationInterceptorChain$InterceptedInvocation.proceed(InvocationInterceptorChain.java:106)
	at org.junit.jupiter.engine.execution.InvocationInterceptorChain.proceed(InvocationInterceptorChain.java:64)
	at org.junit.jupiter.engine.execution.InvocationInterceptorChain.chainAndInvoke(InvocationInterceptorChain.java:45)
	at org.junit.jupiter.engine.execution.InvocationInterceptorChain.invoke(InvocationInterceptorChain.java:37)
	at org.junit.jupiter.engine.execution.ExecutableInvoker.invoke(ExecutableInvoker.java:104)
	at org.junit.jupiter.engine.execution.ExecutableInvoker.invoke(ExecutableInvoker.java:98)
	at org.junit.jupiter.engine.descriptor.TestMethodTestDescriptor.lambda$invokeTestMethod$7(TestMethodTestDescriptor.java:214)
	at org.junit.platform.engine.support.hierarchical.ThrowableCollector.execute(ThrowableCollector.java:73)
	at org.junit.jupiter.engine.descriptor.TestMethodTestDescriptor.invokeTestMethod(TestMethodTestDescriptor.java:210)
	at org.junit.jupiter.engine.descriptor.TestMethodTestDescriptor.execute(TestMethodTestDescriptor.java:135)
	at org.junit.jupiter.engine.descriptor.TestMethodTestDescriptor.execute(TestMethodTestDescriptor.java:66)
	at org.junit.platform.engine.support.hierarchical.NodeTestTask.lambda$executeRecursively$6(NodeTestTask.java:151)
	at org.junit.platform.engine.support.hierarchical.ThrowableCollector.execute(ThrowableCollector.java:73)
	at org.junit.platform.engine.support.hierarchical.NodeTestTask.lambda$executeRecursively$8(NodeTestTask.java:141)
	at org.junit.platform.engine.support.hierarchical.Node.around(Node.java:137)
	at org.junit.platform.engine.support.hierarchical.NodeTestTask.lambda$executeRecursively$9(NodeTestTask.java:139)
	at org.junit.platform.engine.support.hierarchical.ThrowableCollector.execute(ThrowableCollector.java:73)
	at org.junit.platform.engine.support.hierarchical.NodeTestTask.executeRecursively(NodeTestTask.java:138)
	at org.junit.platform.engine.support.hierarchical.NodeTestTask.execute(NodeTestTask.java:95)
	at java.util.ArrayList.forEach(ArrayList.java:1259)
	at org.junit.platform.engine.support.hierarchical.SameThreadHierarchicalTestExecutorService.invokeAll(SameThreadHierarchicalTestExecutorService.java:41)
	at org.junit.platform.engine.support.hierarchical.NodeTestTask.lambda$executeRecursively$6(NodeTestTask.java:155)
	at org.junit.platform.engine.support.hierarchical.ThrowableCollector.execute(ThrowableCollector.java:73)
	at org.junit.platform.engine.support.hierarchical.NodeTestTask.lambda$executeRecursively$8(NodeTestTask.java:141)
	at org.junit.platform.engine.support.hierarchical.Node.around(Node.java:137)
	at org.junit.platform.engine.support.hierarchical.NodeTestTask.lambda$executeRecursively$9(NodeTestTask.java:139)
	at org.junit.platform.engine.support.hierarchical.ThrowableCollector.execute(ThrowableCollector.java:73)
	at org.junit.platform.engine.support.hierarchical.NodeTestTask.executeRecursively(NodeTestTask.java:138)
	at org.junit.platform.engine.support.hierarchical.NodeTestTask.execute(NodeTestTask.java:95)
	at java.util.ArrayList.forEach(ArrayList.java:1259)
	at org.junit.platform.engine.support.hierarchical.SameThreadHierarchicalTestExecutorService.invokeAll(SameThreadHierarchicalTestExecutorService.java:41)
	at org.junit.platform.engine.support.hierarchical.NodeTestTask.lambda$executeRecursively$6(NodeTestTask.java:155)
	at org.junit.platform.engine.support.hierarchical.ThrowableCollector.execute(ThrowableCollector.java:73)
	at org.junit.platform.engine.support.hierarchical.NodeTestTask.lambda$executeRecursively$8(NodeTestTask.java:141)
	at org.junit.platform.engine.support.hierarchical.Node.around(Node.java:137)
	at org.junit.platform.engine.support.hierarchical.NodeTestTask.lambda$executeRecursively$9(NodeTestTask.java:139)
	at org.junit.platform.engine.support.hierarchical.ThrowableCollector.execute(ThrowableCollector.java:73)
	at org.junit.platform.engine.support.hierarchical.NodeTestTask.executeRecursively(NodeTestTask.java:138)
	at org.junit.platform.engine.support.hierarchical.NodeTestTask.execute(NodeTestTask.java:95)
	at java.util.ArrayList.forEach(ArrayList.java:1259)
	at org.junit.platform.engine.support.hierarchical.SameThreadHierarchicalTestExecutorService.invokeAll(SameThreadHierarchicalTestExecutorService.java:41)
	at org.junit.platform.engine.support.hierarchical.NodeTestTask.lambda$executeRecursively$6(NodeTestTask.java:155)
	at org.junit.platform.engine.support.hierarchical.ThrowableCollector.execute(ThrowableCollector.java:73)
	at org.junit.platform.engine.support.hierarchical.NodeTestTask.lambda$executeRecursively$8(NodeTestTask.java:141)
	at org.junit.platform.engine.support.hierarchical.Node.around(Node.java:137)
	at org.junit.platform.engine.support.hierarchical.NodeTestTask.lambda$executeRecursively$9(NodeTestTask.java:139)
	at org.junit.platform.engine.support.hierarchical.ThrowableCollector.execute(ThrowableCollector.java:73)
	at org.junit.platform.engine.support.hierarchical.NodeTestTask.executeRecursively(NodeTestTask.java:138)
	at org.junit.platform.engine.support.hierarchical.NodeTestTask.execute(NodeTestTask.java:95)
	at org.junit.platform.engine.support.hierarchical.SameThreadHierarchicalTestExecutorService.submit(SameThreadHierarchicalTestExecutorService.java:35)
	at org.junit.platform.engine.support.hierarchical.HierarchicalTestExecutor.execute(HierarchicalTestExecutor.java:57)
	at org.junit.platform.engine.support.hierarchical.HierarchicalTestEngine.execute(HierarchicalTestEngine.java:54)
	at org.junit.platform.launcher.core.DefaultLauncher.execute(DefaultLauncher.java:170)
	at org.junit.platform.launcher.core.DefaultLauncher.execute(DefaultLauncher.java:154)
	at org.junit.platform.launcher.core.DefaultLauncher.execute(DefaultLauncher.java:90)
	at edu.illinois.cs.testrunner.execution.JUnit5TestExecutor.runTestsSeparately(JUnit5TestExecutor.java:40)
	at edu.illinois.cs.testrunner.execution.Executor$.$anonfun$run$1(Executor.scala:33)
	at scala.runtime.java8.JFunction0$mcV$sp.apply(JFunction0$mcV$sp.java:12)
	at scala.util.Try$.apply(Try.scala:209)
	at edu.illinois.cs.testrunner.execution.Executor$.run(Executor.scala:28)
	at edu.illinois.cs.testrunner.execution.Executor$.main(Executor.scala:18)
	at edu.illinois.cs.testrunner.execution.Executor.main(Executor.scala)
2024-05-17 18:42:05.643  INFO 52735 --- [WebServer 39747] okhttp3.mockwebserver.MockWebServer      : MockWebServer[39747] starting to accept connections
2024-05-17 18:42:05.646  INFO 52735 --- [WebServer 34825] okhttp3.mockwebserver.MockWebServer      : MockWebServer[34825] starting to accept connections
2024-05-17 18:42:05.647  INFO 52735 --- [           main] s.c.k.f.c.Fabric8ConfigMapPropertySource : Loading ConfigMap with name 'my-config' in namespace 'default'
2024-05-17 18:42:05.741  INFO 52735 --- [127.0.0.1:56214] okhttp3.mockwebserver.MockWebServer      : MockWebServer[34825] received request: GET /api/v1/namespaces/default/configmaps/my-config HTTP/1.1 and responded: HTTP/1.1 500 Server Error
2024-05-17 18:42:05.783  WARN 52735 --- [           main] s.c.k.f.c.Fabric8ConfigMapPropertySource : Can't read configMap with name: [my-config] in namespace: [default]. Ignoring.

io.fabric8.kubernetes.client.KubernetesClientException: Failure executing: GET at: https://localhost:34825/api/v1/namespaces/default/configmaps/my-config. Message: Internal Server Error.
	at io.fabric8.kubernetes.client.dsl.base.OperationSupport.requestFailure(OperationSupport.java:694)
	at io.fabric8.kubernetes.client.dsl.base.OperationSupport.requestFailure(OperationSupport.java:673)
	at io.fabric8.kubernetes.client.dsl.base.OperationSupport.assertResponseCode(OperationSupport.java:626)
	at io.fabric8.kubernetes.client.dsl.base.OperationSupport.handleResponse(OperationSupport.java:566)
	at io.fabric8.kubernetes.client.dsl.base.OperationSupport.handleResponse(OperationSupport.java:527)
	at io.fabric8.kubernetes.client.dsl.base.OperationSupport.handleGet(OperationSupport.java:494)
	at io.fabric8.kubernetes.client.dsl.base.OperationSupport.handleGet(OperationSupport.java:476)
	at io.fabric8.kubernetes.client.dsl.base.BaseOperation.handleGet(BaseOperation.java:788)
	at io.fabric8.kubernetes.client.dsl.base.BaseOperation.getMandatory(BaseOperation.java:187)
	at io.fabric8.kubernetes.client.dsl.base.BaseOperation.get(BaseOperation.java:154)
	at io.fabric8.kubernetes.client.dsl.base.BaseOperation.get(BaseOperation.java:87)
	at org.springframework.cloud.kubernetes.fabric8.config.Fabric8ConfigUtils.getConfigMapData(Fabric8ConfigUtils.java:118)
	at org.springframework.cloud.kubernetes.fabric8.config.Fabric8ConfigMapPropertySource.getData(Fabric8ConfigMapPropertySource.java:79)
	at org.springframework.cloud.kubernetes.fabric8.config.Fabric8ConfigMapPropertySource.<init>(Fabric8ConfigMapPropertySource.java:70)
	at org.springframework.cloud.kubernetes.fabric8.config.Fabric8ConfigMapPropertySourceTests.lambda$constructorShouldNotThrowExceptionOnFailureWhenFailFastIsDisabled$1(Fabric8ConfigMapPropertySourceTests.java:64)
	at org.assertj.core.api.ThrowableAssert.catchThrowable(ThrowableAssert.java:63)
	at org.assertj.core.api.NotThrownAssert.isThrownBy(NotThrownAssert.java:43)
	at org.springframework.cloud.kubernetes.fabric8.config.Fabric8ConfigMapPropertySourceTests.constructorShouldNotThrowExceptionOnFailureWhenFailFastIsDisabled(Fabric8ConfigMapPropertySourceTests.java:64)
	at sun.reflect.NativeMethodAccessorImpl.invoke0(Native Method)
	at sun.reflect.NativeMethodAccessorImpl.invoke(NativeMethodAccessorImpl.java:62)
	at sun.reflect.DelegatingMethodAccessorImpl.invoke(DelegatingMethodAccessorImpl.java:43)
	at java.lang.reflect.Method.invoke(Method.java:498)
	at org.junit.platform.commons.util.ReflectionUtils.invokeMethod(ReflectionUtils.java:725)
	at org.junit.jupiter.engine.execution.MethodInvocation.proceed(MethodInvocation.java:60)
	at org.junit.jupiter.engine.execution.InvocationInterceptorChain$ValidatingInvocation.proceed(InvocationInterceptorChain.java:131)
	at org.junit.jupiter.engine.extension.TimeoutExtension.intercept(TimeoutExtension.java:149)
	at org.junit.jupiter.engine.extension.TimeoutExtension.interceptTestableMethod(TimeoutExtension.java:140)
	at org.junit.jupiter.engine.extension.TimeoutExtension.interceptTestMethod(TimeoutExtension.java:84)
	at org.junit.jupiter.engine.execution.ExecutableInvoker$ReflectiveInterceptorCall.lambda$ofVoidMethod$0(ExecutableInvoker.java:115)
	at org.junit.jupiter.engine.execution.ExecutableInvoker.lambda$invoke$0(ExecutableInvoker.java:105)
	at org.junit.jupiter.engine.execution.InvocationInterceptorChain$InterceptedInvocation.proceed(InvocationInterceptorChain.java:106)
	at org.junit.jupiter.engine.execution.InvocationInterceptorChain.proceed(InvocationInterceptorChain.java:64)
	at org.junit.jupiter.engine.execution.InvocationInterceptorChain.chainAndInvoke(InvocationInterceptorChain.java:45)
	at org.junit.jupiter.engine.execution.InvocationInterceptorChain.invoke(InvocationInterceptorChain.java:37)
	at org.junit.jupiter.engine.execution.ExecutableInvoker.invoke(ExecutableInvoker.java:104)
	at org.junit.jupiter.engine.execution.ExecutableInvoker.invoke(ExecutableInvoker.java:98)
	at org.junit.jupiter.engine.descriptor.TestMethodTestDescriptor.lambda$invokeTestMethod$7(TestMethodTestDescriptor.java:214)
	at org.junit.platform.engine.support.hierarchical.ThrowableCollector.execute(ThrowableCollector.java:73)
	at org.junit.jupiter.engine.descriptor.TestMethodTestDescriptor.invokeTestMethod(TestMethodTestDescriptor.java:210)
	at org.junit.jupiter.engine.descriptor.TestMethodTestDescriptor.execute(TestMethodTestDescriptor.java:135)
	at org.junit.jupiter.engine.descriptor.TestMethodTestDescriptor.execute(TestMethodTestDescriptor.java:66)
	at org.junit.platform.engine.support.hierarchical.NodeTestTask.lambda$executeRecursively$6(NodeTestTask.java:151)
	at org.junit.platform.engine.support.hierarchical.ThrowableCollector.execute(ThrowableCollector.java:73)
	at org.junit.platform.engine.support.hierarchical.NodeTestTask.lambda$executeRecursively$8(NodeTestTask.java:141)
	at org.junit.platform.engine.support.hierarchical.Node.around(Node.java:137)
	at org.junit.platform.engine.support.hierarchical.NodeTestTask.lambda$executeRecursively$9(NodeTestTask.java:139)
	at org.junit.platform.engine.support.hierarchical.ThrowableCollector.execute(ThrowableCollector.java:73)
	at org.junit.platform.engine.support.hierarchical.NodeTestTask.executeRecursively(NodeTestTask.java:138)
	at org.junit.platform.engine.support.hierarchical.NodeTestTask.execute(NodeTestTask.java:95)
	at java.util.ArrayList.forEach(ArrayList.java:1259)
	at org.junit.platform.engine.support.hierarchical.SameThreadHierarchicalTestExecutorService.invokeAll(SameThreadHierarchicalTestExecutorService.java:41)
	at org.junit.platform.engine.support.hierarchical.NodeTestTask.lambda$executeRecursively$6(NodeTestTask.java:155)
	at org.junit.platform.engine.support.hierarchical.ThrowableCollector.execute(ThrowableCollector.java:73)
	at org.junit.platform.engine.support.hierarchical.NodeTestTask.lambda$executeRecursively$8(NodeTestTask.java:141)
	at org.junit.platform.engine.support.hierarchical.Node.around(Node.java:137)
	at org.junit.platform.engine.support.hierarchical.NodeTestTask.lambda$executeRecursively$9(NodeTestTask.java:139)
	at org.junit.platform.engine.support.hierarchical.ThrowableCollector.execute(ThrowableCollector.java:73)
	at org.junit.platform.engine.support.hierarchical.NodeTestTask.executeRecursively(NodeTestTask.java:138)
	at org.junit.platform.engine.support.hierarchical.NodeTestTask.execute(NodeTestTask.java:95)
	at java.util.ArrayList.forEach(ArrayList.java:1259)
	at org.junit.platform.engine.support.hierarchical.SameThreadHierarchicalTestExecutorService.invokeAll(SameThreadHierarchicalTestExecutorService.java:41)
	at org.junit.platform.engine.support.hierarchical.NodeTestTask.lambda$executeRecursively$6(NodeTestTask.java:155)
	at org.junit.platform.engine.support.hierarchical.ThrowableCollector.execute(ThrowableCollector.java:73)
	at org.junit.platform.engine.support.hierarchical.NodeTestTask.lambda$executeRecursively$8(NodeTestTask.java:141)
	at org.junit.platform.engine.support.hierarchical.Node.around(Node.java:137)
	at org.junit.platform.engine.support.hierarchical.NodeTestTask.lambda$executeRecursively$9(NodeTestTask.java:139)
	at org.junit.platform.engine.support.hierarchical.ThrowableCollector.execute(ThrowableCollector.java:73)
	at org.junit.platform.engine.support.hierarchical.NodeTestTask.executeRecursively(NodeTestTask.java:138)
	at org.junit.platform.engine.support.hierarchical.NodeTestTask.execute(NodeTestTask.java:95)
	at org.junit.platform.engine.support.hierarchical.SameThreadHierarchicalTestExecutorService.submit(SameThreadHierarchicalTestExecutorService.java:35)
	at org.junit.platform.engine.support.hierarchical.HierarchicalTestExecutor.execute(HierarchicalTestExecutor.java:57)
	at org.junit.platform.engine.support.hierarchical.HierarchicalTestEngine.execute(HierarchicalTestEngine.java:54)
	at org.junit.platform.launcher.core.DefaultLauncher.execute(DefaultLauncher.java:170)
	at org.junit.platform.launcher.core.DefaultLauncher.execute(DefaultLauncher.java:154)
	at org.junit.platform.launcher.core.DefaultLauncher.execute(DefaultLauncher.java:90)
	at edu.illinois.cs.testrunner.execution.JUnit5TestExecutor.runTestsSeparately(JUnit5TestExecutor.java:40)
	at edu.illinois.cs.testrunner.execution.Executor$.$anonfun$run$1(Executor.scala:33)
	at scala.runtime.java8.JFunction0$mcV$sp.apply(JFunction0$mcV$sp.java:12)
	at scala.util.Try$.apply(Try.scala:209)
	at edu.illinois.cs.testrunner.execution.Executor$.run(Executor.scala:28)
	at edu.illinois.cs.testrunner.execution.Executor$.main(Executor.scala:18)
	at edu.illinois.cs.testrunner.execution.Executor.main(Executor.scala)

2024-05-17 18:42:05.785  INFO 52735 --- [WebServer 34825] okhttp3.mockwebserver.MockWebServer      : MockWebServer[34825] done accepting connections: Socket closed
2024-05-17 18:42:05.799  INFO 52735 --- [           main] .b.t.c.SpringBootTestContextBootstrapper : Neither @ContextConfiguration nor @ContextHierarchy found for test class [org.springframework.cloud.kubernetes.fabric8.config.ConfigMapWithPrefixTests], using SpringBootContextLoader
2024-05-17 18:42:05.801  INFO 52735 --- [           main] o.s.t.c.support.AbstractContextLoader    : Could not detect default resource locations for test class [org.springframework.cloud.kubernetes.fabric8.config.ConfigMapWithPrefixTests]: no resource found for suffixes {-context.xml, Context.groovy}.
2024-05-17 18:42:05.807  INFO 52735 --- [           main] .b.t.c.SpringBootTestContextBootstrapper : Loaded default TestExecutionListener class names from location [META-INF/spring.factories]: [org.springframework.boot.test.mock.mockito.MockitoTestExecutionListener, org.springframework.boot.test.mock.mockito.ResetMocksTestExecutionListener, org.springframework.boot.test.autoconfigure.restdocs.RestDocsTestExecutionListener, org.springframework.boot.test.autoconfigure.web.client.MockRestServiceServerResetTestExecutionListener, org.springframework.boot.test.autoconfigure.web.servlet.MockMvcPrintOnlyOnFailureTestExecutionListener, org.springframework.boot.test.autoconfigure.web.servlet.WebDriverTestExecutionListener, org.springframework.boot.test.autoconfigure.webservices.client.MockWebServiceServerTestExecutionListener, org.springframework.test.context.web.ServletTestExecutionListener, org.springframework.test.context.support.DirtiesContextBeforeModesTestExecutionListener, org.springframework.test.context.event.ApplicationEventsTestExecutionListener, org.springframework.test.context.support.DependencyInjectionTestExecutionListener, org.springframework.test.context.support.DirtiesContextTestExecutionListener, org.springframework.test.context.transaction.TransactionalTestExecutionListener, org.springframework.test.context.jdbc.SqlScriptsTestExecutionListener, org.springframework.test.context.event.EventPublishingTestExecutionListener, org.spockframework.spring.SpringMockTestExecutionListener]
2024-05-17 18:42:05.811  INFO 52735 --- [           main] .b.t.c.SpringBootTestContextBootstrapper : Using TestExecutionListeners: [org.springframework.test.context.web.ServletTestExecutionListener@17c83403, org.springframework.test.context.support.DirtiesContextBeforeModesTestExecutionListener@31e8949d, org.springframework.test.context.event.ApplicationEventsTestExecutionListener@2a84aed7, org.springframework.boot.test.mock.mockito.MockitoTestExecutionListener@339852ab, org.springframework.boot.test.autoconfigure.SpringBootDependencyInjectionTestExecutionListener@65a610f7, org.springframework.test.context.support.DirtiesContextTestExecutionListener@101f2ca2, org.springframework.test.context.event.EventPublishingTestExecutionListener@1fe2da60, org.springframework.boot.test.mock.mockito.ResetMocksTestExecutionListener@6e1ece3d, org.springframework.boot.test.autoconfigure.restdocs.RestDocsTestExecutionListener@3b6a4aa1, org.springframework.boot.test.autoconfigure.web.client.MockRestServiceServerResetTestExecutionListener@52790b52, org.springframework.boot.test.autoconfigure.web.servlet.MockMvcPrintOnlyOnFailureTestExecutionListener@5bc1eaa7, org.springframework.boot.test.autoconfigure.web.servlet.WebDriverTestExecutionListener@4336b8c4, org.springframework.boot.test.autoconfigure.webservices.client.MockWebServiceServerTestExecutionListener@2a60cd41, org.spockframework.spring.SpringMockTestExecutionListener@30d970c4]
2024-05-17 18:42:05.816  INFO 52735 --- [WebServer 38713] okhttp3.mockwebserver.MockWebServer      : MockWebServer[38713] starting to accept connections
2024-05-17 18:42:05.825  INFO 52735 --- [127.0.0.1:57132] okhttp3.mockwebserver.MockWebServer      : MockWebServer[38713] received request: POST /api/v1/namespaces/spring-k8s/configmaps HTTP/1.1 and responded: HTTP/1.1 200 OK
2024-05-17 18:42:05.832  INFO 52735 --- [127.0.0.1:57132] okhttp3.mockwebserver.MockWebServer      : MockWebServer[38713] received request: POST /api/v1/namespaces/spring-k8s/configmaps HTTP/1.1 and responded: HTTP/1.1 200 OK
2024-05-17 18:42:05.881  INFO 52735 --- [127.0.0.1:57132] okhttp3.mockwebserver.MockWebServer      : MockWebServer[38713] received request: POST /api/v1/namespaces/spring-k8s/configmaps HTTP/1.1 and responded: HTTP/1.1 200 OK
2024-05-17 18:42:05.931  INFO 52735 --- [WebServer 42301] okhttp3.mockwebserver.MockWebServer      : MockWebServer[42301] starting to accept connections
2024-05-17 18:42:05.956  INFO 52735 --- [WebServer 42301] okhttp3.mockwebserver.MockWebServer      : MockWebServer[42301] done accepting connections: Socket closed
2024-05-17 18:42:05.966  INFO 52735 --- [WebServer 36075] okhttp3.mockwebserver.MockWebServer      : MockWebServer[36075] starting to accept connections
2024-05-17 18:42:05.973  INFO 52735 --- [WebServer 50103] okhttp3.mockwebserver.MockWebServer      : MockWebServer[50103] starting to accept connections
2024-05-17 18:42:05.974  INFO 52735 --- [           main] o.s.c.k.f.c.Fabric8SecretsPropertySource : Loading Secret with name 'my-secret' or with labels [{}] in namespace 'ns'
2024-05-17 18:42:05.974  WARN 52735 --- [           main] o.s.c.k.f.c.Fabric8SecretsPropertySource : Can't read secret with name: [my-secret] or labels [{}] in namespace: [ns] (cause: null). Ignoring
2024-05-17 18:42:05.975  INFO 52735 --- [WebServer 50103] okhttp3.mockwebserver.MockWebServer      : MockWebServer[50103] done accepting connections: Socket closed
2024-05-17 18:42:05.982  INFO 52735 --- [WebServer 43703] okhttp3.mockwebserver.MockWebServer      : MockWebServer[43703] starting to accept connections
2024-05-17 18:42:05.986  INFO 52735 --- [WebServer 52487] okhttp3.mockwebserver.MockWebServer      : MockWebServer[52487] starting to accept connections
2024-05-17 18:42:05.987  INFO 52735 --- [           main] .b.t.c.SpringBootTestContextBootstrapper : Neither @ContextConfiguration nor @ContextHierarchy found for test class [org.springframework.cloud.kubernetes.fabric8.config.Fabric8SecretsPropertySourceLocatorRetryTests$SecretsRetryEnabled], using SpringBootContextLoader
2024-05-17 18:42:05.988  INFO 52735 --- [           main] o.s.t.c.support.AbstractContextLoader    : Could not detect default resource locations for test class [org.springframework.cloud.kubernetes.fabric8.config.Fabric8SecretsPropertySourceLocatorRetryTests$SecretsRetryEnabled]: no resource found for suffixes {-context.xml, Context.groovy}.
2024-05-17 18:42:05.989  INFO 52735 --- [           main] .b.t.c.SpringBootTestContextBootstrapper : Loaded default TestExecutionListener class names from location [META-INF/spring.factories]: [org.springframework.boot.test.mock.mockito.MockitoTestExecutionListener, org.springframework.boot.test.mock.mockito.ResetMocksTestExecutionListener, org.springframework.boot.test.autoconfigure.restdocs.RestDocsTestExecutionListener, org.springframework.boot.test.autoconfigure.web.client.MockRestServiceServerResetTestExecutionListener, org.springframework.boot.test.autoconfigure.web.servlet.MockMvcPrintOnlyOnFailureTestExecutionListener, org.springframework.boot.test.autoconfigure.web.servlet.WebDriverTestExecutionListener, org.springframework.boot.test.autoconfigure.webservices.client.MockWebServiceServerTestExecutionListener, org.springframework.test.context.web.ServletTestExecutionListener, org.springframework.test.context.support.DirtiesContextBeforeModesTestExecutionListener, org.springframework.test.context.event.ApplicationEventsTestExecutionListener, org.springframework.test.context.support.DependencyInjectionTestExecutionListener, org.springframework.test.context.support.DirtiesContextTestExecutionListener, org.springframework.test.context.transaction.TransactionalTestExecutionListener, org.springframework.test.context.jdbc.SqlScriptsTestExecutionListener, org.springframework.test.context.event.EventPublishingTestExecutionListener, org.spockframework.spring.SpringMockTestExecutionListener]
2024-05-17 18:42:05.991  INFO 52735 --- [           main] .b.t.c.SpringBootTestContextBootstrapper : Using TestExecutionListeners: [org.springframework.test.context.web.ServletTestExecutionListener@697c0ae6, org.springframework.test.context.support.DirtiesContextBeforeModesTestExecutionListener@28aeab8a, org.springframework.test.context.event.ApplicationEventsTestExecutionListener@76425cc2, org.springframework.boot.test.mock.mockito.MockitoTestExecutionListener@1285b1f8, org.springframework.boot.test.autoconfigure.SpringBootDependencyInjectionTestExecutionListener@1ba7b274, org.springframework.test.context.support.DirtiesContextTestExecutionListener@4608a871, org.springframework.test.context.event.EventPublishingTestExecutionListener@2248583e, org.springframework.boot.test.mock.mockito.ResetMocksTestExecutionListener@1dfd27fe, org.springframework.boot.test.autoconfigure.restdocs.RestDocsTestExecutionListener@3b6f1227, org.springframework.boot.test.autoconfigure.web.client.MockRestServiceServerResetTestExecutionListener@38a77e1b, org.springframework.boot.test.autoconfigure.web.servlet.MockMvcPrintOnlyOnFailureTestExecutionListener@584e4899, org.springframework.boot.test.autoconfigure.web.servlet.WebDriverTestExecutionListener@2cf846b9, org.springframework.boot.test.autoconfigure.webservices.client.MockWebServiceServerTestExecutionListener@6f45872b, org.spockframework.spring.SpringMockTestExecutionListener@6c916b7e]
2024-05-17 18:42:05.995  INFO 52735 --- [WebServer 59139] okhttp3.mockwebserver.MockWebServer      : MockWebServer[59139] starting to accept connections
2024-05-17 18:42:05.997  INFO 52735 --- [           main] o.s.c.k.f.c.Fabric8SecretsPropertySource : Loading Secret with name 'my-secret' or with labels [{}] in namespace 'default'
2024-05-17 18:42:05.999  INFO 52735 --- [127.0.0.1:54148] okhttp3.mockwebserver.MockWebServer      : MockWebServer[37153] received request: GET /api/v1/namespaces/default/secrets/my-secret HTTP/1.1 and responded: HTTP/1.1 404 Client Error
2024-05-17 18:42:05.999  WARN 52735 --- [           main] o.s.c.k.f.c.Fabric8SecretsPropertySource : secret with name : my-secret in namespace : default not found
2024-05-17 18:42:06.000  INFO 52735 --- [127.0.0.1:54148] okhttp3.mockwebserver.MockWebServer      : MockWebServer[37153] received request: GET /api/v1/namespaces/default/secrets HTTP/1.1 and responded: HTTP/1.1 200 OK
2024-05-17 18:42:06.044  INFO 52735 --- [WebServer 59139] okhttp3.mockwebserver.MockWebServer      : MockWebServer[59139] done accepting connections: Socket closed
java.lang.AssertionError: 
Expecting code to raise a throwable.
	at org.springframework.cloud.kubernetes.fabric8.config.Fabric8SecretsPropertySourceLocatorRetryTests$SecretsRetryEnabled.locateShouldRetryAndFail(Fabric8SecretsPropertySourceLocatorRetryTests.java:136)
	at sun.reflect.NativeMethodAccessorImpl.invoke0(Native Method)
	at sun.reflect.NativeMethodAccessorImpl.invoke(NativeMethodAccessorImpl.java:62)
	at sun.reflect.DelegatingMethodAccessorImpl.invoke(DelegatingMethodAccessorImpl.java:43)
	at java.lang.reflect.Method.invoke(Method.java:498)
	at org.junit.platform.commons.util.ReflectionUtils.invokeMethod(ReflectionUtils.java:725)
	at org.junit.jupiter.engine.execution.MethodInvocation.proceed(MethodInvocation.java:60)
	at org.junit.jupiter.engine.execution.InvocationInterceptorChain$ValidatingInvocation.proceed(InvocationInterceptorChain.java:131)
	at org.junit.jupiter.engine.extension.TimeoutExtension.intercept(TimeoutExtension.java:149)
	at org.junit.jupiter.engine.extension.TimeoutExtension.interceptTestableMethod(TimeoutExtension.java:140)
	at org.junit.jupiter.engine.extension.TimeoutExtension.interceptTestMethod(TimeoutExtension.java:84)
	at org.junit.jupiter.engine.execution.ExecutableInvoker$ReflectiveInterceptorCall.lambda$ofVoidMethod$0(ExecutableInvoker.java:115)
	at org.junit.jupiter.engine.execution.ExecutableInvoker.lambda$invoke$0(ExecutableInvoker.java:105)
	at org.junit.jupiter.engine.execution.InvocationInterceptorChain$InterceptedInvocation.proceed(InvocationInterceptorChain.java:106)
	at org.junit.jupiter.engine.execution.InvocationInterceptorChain.proceed(InvocationInterceptorChain.java:64)
	at org.junit.jupiter.engine.execution.InvocationInterceptorChain.chainAndInvoke(InvocationInterceptorChain.java:45)
	at org.junit.jupiter.engine.execution.InvocationInterceptorChain.invoke(InvocationInterceptorChain.java:37)
	at org.junit.jupiter.engine.execution.ExecutableInvoker.invoke(ExecutableInvoker.java:104)
	at org.junit.jupiter.engine.execution.ExecutableInvoker.invoke(ExecutableInvoker.java:98)
	at org.junit.jupiter.engine.descriptor.TestMethodTestDescriptor.lambda$invokeTestMethod$7(TestMethodTestDescriptor.java:214)
	at org.junit.platform.engine.support.hierarchical.ThrowableCollector.execute(ThrowableCollector.java:73)
	at org.junit.jupiter.engine.descriptor.TestMethodTestDescriptor.invokeTestMethod(TestMethodTestDescriptor.java:210)
	at org.junit.jupiter.engine.descriptor.TestMethodTestDescriptor.execute(TestMethodTestDescriptor.java:135)
	at org.junit.jupiter.engine.descriptor.TestMethodTestDescriptor.execute(TestMethodTestDescriptor.java:66)
	at org.junit.platform.engine.support.hierarchical.NodeTestTask.lambda$executeRecursively$6(NodeTestTask.java:151)
	at org.junit.platform.engine.support.hierarchical.ThrowableCollector.execute(ThrowableCollector.java:73)
	at org.junit.platform.engine.support.hierarchical.NodeTestTask.lambda$executeRecursively$8(NodeTestTask.java:141)
	at org.junit.platform.engine.support.hierarchical.Node.around(Node.java:137)
	at org.junit.platform.engine.support.hierarchical.NodeTestTask.lambda$executeRecursively$9(NodeTestTask.java:139)
	at org.junit.platform.engine.support.hierarchical.ThrowableCollector.execute(ThrowableCollector.java:73)
	at org.junit.platform.engine.support.hierarchical.NodeTestTask.executeRecursively(NodeTestTask.java:138)
	at org.junit.platform.engine.support.hierarchical.NodeTestTask.execute(NodeTestTask.java:95)
	at java.util.ArrayList.forEach(ArrayList.java:1259)
	at org.junit.platform.engine.support.hierarchical.SameThreadHierarchicalTestExecutorService.invokeAll(SameThreadHierarchicalTestExecutorService.java:41)
	at org.junit.platform.engine.support.hierarchical.NodeTestTask.lambda$executeRecursively$6(NodeTestTask.java:155)
	at org.junit.platform.engine.support.hierarchical.ThrowableCollector.execute(ThrowableCollector.java:73)
	at org.junit.platform.engine.support.hierarchical.NodeTestTask.lambda$executeRecursively$8(NodeTestTask.java:141)
	at org.junit.platform.engine.support.hierarchical.Node.around(Node.java:137)
	at org.junit.platform.engine.support.hierarchical.NodeTestTask.lambda$executeRecursively$9(NodeTestTask.java:139)
	at org.junit.platform.engine.support.hierarchical.ThrowableCollector.execute(ThrowableCollector.java:73)
	at org.junit.platform.engine.support.hierarchical.NodeTestTask.executeRecursively(NodeTestTask.java:138)
	at org.junit.platform.engine.support.hierarchical.NodeTestTask.execute(NodeTestTask.java:95)
	at java.util.ArrayList.forEach(ArrayList.java:1259)
	at org.junit.platform.engine.support.hierarchical.SameThreadHierarchicalTestExecutorService.invokeAll(SameThreadHierarchicalTestExecutorService.java:41)
	at org.junit.platform.engine.support.hierarchical.NodeTestTask.lambda$executeRecursively$6(NodeTestTask.java:155)
	at org.junit.platform.engine.support.hierarchical.ThrowableCollector.execute(ThrowableCollector.java:73)
	at org.junit.platform.engine.support.hierarchical.NodeTestTask.lambda$executeRecursively$8(NodeTestTask.java:141)
	at org.junit.platform.engine.support.hierarchical.Node.around(Node.java:137)
	at org.junit.platform.engine.support.hierarchical.NodeTestTask.lambda$executeRecursively$9(NodeTestTask.java:139)
	at org.junit.platform.engine.support.hierarchical.ThrowableCollector.execute(ThrowableCollector.java:73)
	at org.junit.platform.engine.support.hierarchical.NodeTestTask.executeRecursively(NodeTestTask.java:138)
	at org.junit.platform.engine.support.hierarchical.NodeTestTask.execute(NodeTestTask.java:95)
	at java.util.ArrayList.forEach(ArrayList.java:1259)
	at org.junit.platform.engine.support.hierarchical.SameThreadHierarchicalTestExecutorService.invokeAll(SameThreadHierarchicalTestExecutorService.java:41)
	at org.junit.platform.engine.support.hierarchical.NodeTestTask.lambda$executeRecursively$6(NodeTestTask.java:155)
	at org.junit.platform.engine.support.hierarchical.ThrowableCollector.execute(ThrowableCollector.java:73)
	at org.junit.platform.engine.support.hierarchical.NodeTestTask.lambda$executeRecursively$8(NodeTestTask.java:141)
	at org.junit.platform.engine.support.hierarchical.Node.around(Node.java:137)
	at org.junit.platform.engine.support.hierarchical.NodeTestTask.lambda$executeRecursively$9(NodeTestTask.java:139)
	at org.junit.platform.engine.support.hierarchical.ThrowableCollector.execute(ThrowableCollector.java:73)
	at org.junit.platform.engine.support.hierarchical.NodeTestTask.executeRecursively(NodeTestTask.java:138)
	at org.junit.platform.engine.support.hierarchical.NodeTestTask.execute(NodeTestTask.java:95)
	at org.junit.platform.engine.support.hierarchical.SameThreadHierarchicalTestExecutorService.submit(SameThreadHierarchicalTestExecutorService.java:35)
	at org.junit.platform.engine.support.hierarchical.HierarchicalTestExecutor.execute(HierarchicalTestExecutor.java:57)
	at org.junit.platform.engine.support.hierarchical.HierarchicalTestEngine.execute(HierarchicalTestEngine.java:54)
	at org.junit.platform.launcher.core.DefaultLauncher.execute(DefaultLauncher.java:170)
	at org.junit.platform.launcher.core.DefaultLauncher.execute(DefaultLauncher.java:154)
	at org.junit.platform.launcher.core.DefaultLauncher.execute(DefaultLauncher.java:90)
	at edu.illinois.cs.testrunner.execution.JUnit5TestExecutor.runTestsSeparately(JUnit5TestExecutor.java:40)
	at edu.illinois.cs.testrunner.execution.Executor$.$anonfun$run$1(Executor.scala:33)
	at scala.runtime.java8.JFunction0$mcV$sp.apply(JFunction0$mcV$sp.java:12)
	at scala.util.Try$.apply(Try.scala:209)
	at edu.illinois.cs.testrunner.execution.Executor$.run(Executor.scala:28)
	at edu.illinois.cs.testrunner.execution.Executor$.main(Executor.scala:18)
	at edu.illinois.cs.testrunner.execution.Executor.main(Executor.scala)
2024-05-17 18:42:06.048  INFO 52735 --- [           main] .b.t.c.SpringBootTestContextBootstrapper : Neither @ContextConfiguration nor @ContextHierarchy found for test class [org.springframework.cloud.kubernetes.fabric8.config.ConfigMapWithIncludeProfileSpecificSourcesTests], using SpringBootContextLoader
2024-05-17 18:42:06.049  INFO 52735 --- [           main] o.s.t.c.support.AbstractContextLoader    : Could not detect default resource locations for test class [org.springframework.cloud.kubernetes.fabric8.config.ConfigMapWithIncludeProfileSpecificSourcesTests]: no resource found for suffixes {-context.xml, Context.groovy}.
2024-05-17 18:42:06.051  INFO 52735 --- [           main] .b.t.c.SpringBootTestContextBootstrapper : Loaded default TestExecutionListener class names from location [META-INF/spring.factories]: [org.springframework.boot.test.mock.mockito.MockitoTestExecutionListener, org.springframework.boot.test.mock.mockito.ResetMocksTestExecutionListener, org.springframework.boot.test.autoconfigure.restdocs.RestDocsTestExecutionListener, org.springframework.boot.test.autoconfigure.web.client.MockRestServiceServerResetTestExecutionListener, org.springframework.boot.test.autoconfigure.web.servlet.MockMvcPrintOnlyOnFailureTestExecutionListener, org.springframework.boot.test.autoconfigure.web.servlet.WebDriverTestExecutionListener, org.springframework.boot.test.autoconfigure.webservices.client.MockWebServiceServerTestExecutionListener, org.springframework.test.context.web.ServletTestExecutionListener, org.springframework.test.context.support.DirtiesContextBeforeModesTestExecutionListener, org.springframework.test.context.event.ApplicationEventsTestExecutionListener, org.springframework.test.context.support.DependencyInjectionTestExecutionListener, org.springframework.test.context.support.DirtiesContextTestExecutionListener, org.springframework.test.context.transaction.TransactionalTestExecutionListener, org.springframework.test.context.jdbc.SqlScriptsTestExecutionListener, org.springframework.test.context.event.EventPublishingTestExecutionListener, org.spockframework.spring.SpringMockTestExecutionListener]
2024-05-17 18:42:06.052  INFO 52735 --- [           main] .b.t.c.SpringBootTestContextBootstrapper : Using TestExecutionListeners: [org.springframework.test.context.web.ServletTestExecutionListener@6e879a78, org.springframework.test.context.support.DirtiesContextBeforeModesTestExecutionListener@882364e, org.springframework.test.context.event.ApplicationEventsTestExecutionListener@5db7419c, org.springframework.boot.test.mock.mockito.MockitoTestExecutionListener@7aff1fa3, org.springframework.boot.test.autoconfigure.SpringBootDependencyInjectionTestExecutionListener@28790ede, org.springframework.test.context.support.DirtiesContextTestExecutionListener@31d07dd9, org.springframework.test.context.event.EventPublishingTestExecutionListener@568c71de, org.springframework.boot.test.mock.mockito.ResetMocksTestExecutionListener@548c7eab, org.springframework.boot.test.autoconfigure.restdocs.RestDocsTestExecutionListener@3463851a, org.springframework.boot.test.autoconfigure.web.client.MockRestServiceServerResetTestExecutionListener@66f18fa, org.springframework.boot.test.autoconfigure.web.servlet.MockMvcPrintOnlyOnFailureTestExecutionListener@33588b68, org.springframework.boot.test.autoconfigure.web.servlet.WebDriverTestExecutionListener@416c28e, org.springframework.boot.test.autoconfigure.webservices.client.MockWebServiceServerTestExecutionListener@2cf5cc43, org.spockframework.spring.SpringMockTestExecutionListener@52a3a9ef]
2024-05-17 18:42:06.053  INFO 52735 --- [WebServer 53733] okhttp3.mockwebserver.MockWebServer      : MockWebServer[53733] starting to accept connections
2024-05-17 18:42:06.057  INFO 52735 --- [127.0.0.1:47358] okhttp3.mockwebserver.MockWebServer      : MockWebServer[53733] received request: POST /api/v1/namespaces/spring-k8s/configmaps HTTP/1.1 and responded: HTTP/1.1 200 OK
2024-05-17 18:42:06.061  INFO 52735 --- [127.0.0.1:47358] okhttp3.mockwebserver.MockWebServer      : MockWebServer[53733] received request: POST /api/v1/namespaces/spring-k8s/configmaps HTTP/1.1 and responded: HTTP/1.1 200 OK
2024-05-17 18:42:06.107  INFO 52735 --- [127.0.0.1:47358] okhttp3.mockwebserver.MockWebServer      : MockWebServer[53733] received request: POST /api/v1/namespaces/spring-k8s/configmaps HTTP/1.1 and responded: HTTP/1.1 200 OK
2024-05-17 18:42:06.155  INFO 52735 --- [127.0.0.1:47358] okhttp3.mockwebserver.MockWebServer      : MockWebServer[53733] received request: POST /api/v1/namespaces/spring-k8s/configmaps HTTP/1.1 and responded: HTTP/1.1 200 OK
2024-05-17 18:42:06.204  INFO 52735 --- [127.0.0.1:47358] okhttp3.mockwebserver.MockWebServer      : MockWebServer[53733] received request: POST /api/v1/namespaces/spring-k8s/configmaps HTTP/1.1 and responded: HTTP/1.1 200 OK
2024-05-17 18:42:06.302  WARN 52735 --- [           main] ubernetesProfileEnvironmentPostProcessor : Not running inside kubernetes. Skipping 'kubernetes' profile activation.

  .   ____          _            __ _ _
 /\\ / ___'_ __ _ _(_)_ __  __ _ \ \ \ \
( ( )\___ | '_ | '_| | '_ \/ _` | \ \ \ \
 \\/  ___)| |_)| | | | | || (_| |  ) ) ) )
  '  |____| .__|_| |_|_| |_\__, | / / / /
 =========|_|==============|___/=/_/_/_/
 :: Spring Boot ::                (v2.6.3)

2024-05-17 18:42:06.361  INFO 52735 --- [           main] s.c.k.f.c.Fabric8ConfigMapPropertySource : Loading ConfigMap with name 'config-map-one' in namespace 'spring-k8s'
2024-05-17 18:42:06.364  INFO 52735 --- [127.0.0.1:60268] okhttp3.mockwebserver.MockWebServer      : MockWebServer[53733] received request: GET /api/v1/namespaces/spring-k8s/configmaps/config-map-one HTTP/1.1 and responded: HTTP/1.1 404 Client Error
2024-05-17 18:42:06.366  INFO 52735 --- [           main] o.s.c.k.f.config.Fabric8ConfigUtils      : config-map with name : 'config-map-one' not present in namespace : 'spring-k8s'
2024-05-17 18:42:06.367  INFO 52735 --- [127.0.0.1:60268] okhttp3.mockwebserver.MockWebServer      : MockWebServer[53733] received request: GET /api/v1/namespaces/spring-k8s/configmaps/config-map-one-dev HTTP/1.1 and responded: HTTP/1.1 200 OK
2024-05-17 18:42:06.408  INFO 52735 --- [           main] s.c.k.f.c.Fabric8ConfigMapPropertySource : Loading ConfigMap with name 'config-map-two' in namespace 'spring-k8s'
2024-05-17 18:42:06.409  INFO 52735 --- [127.0.0.1:60268] okhttp3.mockwebserver.MockWebServer      : MockWebServer[53733] received request: GET /api/v1/namespaces/spring-k8s/configmaps/config-map-two HTTP/1.1 and responded: HTTP/1.1 200 OK
2024-05-17 18:42:06.450  INFO 52735 --- [           main] s.c.k.f.c.Fabric8ConfigMapPropertySource : Loading ConfigMap with name 'config-map-three' in namespace 'spring-k8s'
2024-05-17 18:42:06.451  INFO 52735 --- [127.0.0.1:60268] okhttp3.mockwebserver.MockWebServer      : MockWebServer[53733] received request: GET /api/v1/namespaces/spring-k8s/configmaps/config-map-three HTTP/1.1 and responded: HTTP/1.1 200 OK
2024-05-17 18:42:06.493  INFO 52735 --- [           main] b.c.PropertySourceBootstrapConfiguration : Located property source: [BootstrapPropertySource {name='bootstrapProperties-configmap.config-map-three.spring-k8s'}, BootstrapPropertySource {name='bootstrapProperties-configmap.config-map-two.spring-k8s'}, BootstrapPropertySource {name='bootstrapProperties-configmap.config-map-one.spring-k8s'}]
2024-05-17 18:42:06.501  WARN 52735 --- [           main] ubernetesProfileEnvironmentPostProcessor : Not running inside kubernetes. Skipping 'kubernetes' profile activation.
2024-05-17 18:42:06.501  INFO 52735 --- [           main] apWithIncludeProfileSpecificSourcesTests : The following profiles are active: dev
2024-05-17 18:42:06.682  INFO 52735 --- [           main] o.s.cloud.context.scope.GenericScope     : BeanFactory id=25e932e5-66c9-3368-9666-2d7e7b1ab398
2024-05-17 18:42:06.778  INFO 52735 --- [           main] o.s.b.w.embedded.tomcat.TomcatWebServer  : Tomcat initialized with port(s): 0 (http)
2024-05-17 18:42:06.778  INFO 52735 --- [           main] o.apache.catalina.core.StandardService   : Starting service [Tomcat]
2024-05-17 18:42:06.779  INFO 52735 --- [           main] org.apache.catalina.core.StandardEngine  : Starting Servlet engine: [Apache Tomcat/9.0.56]
2024-05-17 18:42:06.787  INFO 52735 --- [           main] o.a.c.c.C.[Tomcat-11].[localhost].[/]    : Initializing Spring embedded WebApplicationContext
2024-05-17 18:42:06.788  INFO 52735 --- [           main] w.s.c.ServletWebServerApplicationContext : Root WebApplicationContext: initialization completed in 285 ms
2024-05-17 18:42:07.402  INFO 52735 --- [           main] o.s.b.a.e.web.EndpointLinksResolver      : Exposing 1 endpoint(s) beneath base path '/actuator'
2024-05-17 18:42:07.454  INFO 52735 --- [           main] o.s.b.w.embedded.tomcat.TomcatWebServer  : Tomcat started on port(s): 43087 (http) with context path ''
2024-05-17 18:42:07.459  INFO 52735 --- [           main] apWithIncludeProfileSpecificSourcesTests : Started ConfigMapWithIncludeProfileSpecificSourcesTests in 1.211 seconds (JVM running for 40.206)
2024-05-17 18:42:07.467  INFO 52735 --- [WebServer 40679] okhttp3.mockwebserver.MockWebServer      : MockWebServer[40679] starting to accept connections
2024-05-17 18:42:07.475  INFO 52735 --- [-auto-12-exec-1] o.a.c.c.C.[Tomcat-11].[localhost].[/]    : Initializing Spring DispatcherServlet 'dispatcherServlet'
2024-05-17 18:42:07.475  INFO 52735 --- [-auto-12-exec-1] o.s.web.servlet.DispatcherServlet        : Initializing Servlet 'dispatcherServlet'
2024-05-17 18:42:07.475  INFO 52735 --- [-auto-12-exec-1] o.s.web.servlet.DispatcherServlet        : Completed initialization in 0 ms
2024-05-17 18:42:07.482  INFO 52735 --- [WebServer 40679] okhttp3.mockwebserver.MockWebServer      : MockWebServer[40679] done accepting connections: Socket closed
