2024-05-17 16:25:22.274  INFO   --- [           main] s.c.k.f.c.Fabric8ConfigMapPropertySource : Loading ConfigMap with name 'myconfigmap' in namespace 'default'
2024-05-17 16:25:22.397  WARN   --- [           main] ctorTest$ConfigurationChangeDetectorStub : The current number of ConfigMap PropertySources does not match the ones loaded from the Kubernetes - No reload will take place
May 17, 2024 4:25:22 PM okhttp3.mockwebserver.MockWebServer$3 execute
INFO: MockWebServer[53311] starting to accept connections
May 17, 2024 4:25:23 PM okhttp3.mockwebserver.MockWebServer$4 processOneRequest
INFO: MockWebServer[53311] received request: POST /api/v1/namespaces/test/configmaps HTTP/1.1 and responded: HTTP/1.1 200 OK
May 17, 2024 4:25:23 PM okhttp3.mockwebserver.MockWebServer$4 processOneRequest
INFO: MockWebServer[53311] received request: POST /api/v1/namespaces/spring/configmaps HTTP/1.1 and responded: HTTP/1.1 200 OK
May 17, 2024 4:25:23 PM okhttp3.mockwebserver.MockWebServer$3 execute
INFO: MockWebServer[48441] starting to accept connections
2024-05-17 16:25:23.635  WARN 62362 --- [           main] ubernetesProfileEnvironmentPostProcessor : Not running inside kubernetes. Skipping 'kubernetes' profile activation.

  .   ____          _            __ _ _
 /\\ / ___'_ __ _ _(_)_ __  __ _ \ \ \ \
( ( )\___ | '_ | '_| | '_ \/ _` | \ \ \ \
 \\/  ___)| |_)| | | | | || (_| |  ) ) ) )
  '  |____| .__|_| |_|_| |_\__, | / / / /
 =========|_|==============|___/=/_/_/_/
 :: Spring Boot ::                (v2.6.3)

2024-05-17 16:25:24.414  INFO 62362 --- [           main] s.c.k.f.c.Fabric8ConfigMapPropertySource : Loading ConfigMap with name 'application' in namespace 'test'
2024-05-17 16:25:24.417  INFO 62362 --- [127.0.0.1:59244] okhttp3.mockwebserver.MockWebServer      : MockWebServer[53311] received request: GET /api/v1/namespaces/test/configmaps/application HTTP/1.1 and responded: HTTP/1.1 200 OK
2024-05-17 16:25:24.418  INFO 62362 --- [           main] b.c.PropertySourceBootstrapConfiguration : Located property source: [BootstrapPropertySource {name='bootstrapProperties-configmap.application.test'}]
2024-05-17 16:25:24.424  WARN 62362 --- [           main] ubernetesProfileEnvironmentPostProcessor : Not running inside kubernetes. Skipping 'kubernetes' profile activation.
2024-05-17 16:25:24.425  INFO 62362 --- [           main] e.i.cs.testrunner.execution.Executor$    : No active profile set, falling back to default profiles: default
2024-05-17 16:25:24.479  INFO 62362 --- [           main] o.s.cloud.context.scope.GenericScope     : BeanFactory id=4e60d521-be67-3e3f-8992-a4ba0e929d1d
2024-05-17 16:25:24.506  INFO 62362 --- [           main] .f.c.r.EventBasedConfigMapChangeDetector : Added new Kubernetes watch: config-maps-watch-event
2024-05-17 16:25:24.506  INFO 62362 --- [           main] .f.c.r.EventBasedConfigMapChangeDetector : Kubernetes event-based configMap change detector activated
2024-05-17 16:25:24.513  INFO 62362 --- [           main] e.i.cs.testrunner.execution.Executor$    : Started Executor. in 1.227 seconds (JVM running for 3.943)
2024-05-17 16:25:24.513  INFO 62362 --- [lhost:53311/...] s.c.k.f.c.Fabric8ConfigMapPropertySource : Loading ConfigMap with name 'application' in namespace 'test'
2024-05-17 16:25:24.516  INFO 62362 --- [127.0.0.1:59258] okhttp3.mockwebserver.MockWebServer      : MockWebServer[53311] received request: GET /api/v1/namespaces/test/configmaps/application HTTP/1.1 and responded: HTTP/1.1 200 OK
2024-05-17 16:25:24.519  INFO 62362 --- [127.0.0.1:59244] okhttp3.mockwebserver.MockWebServer      : MockWebServer[53311] received request: GET /api/v1/namespaces/test/configmaps?watch=true HTTP/1.1 and responded: HTTP/1.1 101 Switching Protocols
2024-05-17 16:25:24.520  INFO 62362 --- [WebServer 48441] okhttp3.mockwebserver.MockWebServer      : MockWebServer[48441] done accepting connections: Socket closed
2024-05-17 16:25:24.524  INFO 62362 --- [WebServer 50681] okhttp3.mockwebserver.MockWebServer      : MockWebServer[50681] starting to accept connections
2024-05-17 16:25:24.527  INFO 62362 --- [127.0.0.1:41020] okhttp3.mockwebserver.MockWebServer      : MockWebServer[50681] received request: POST /api/v1/namespaces/test/configmaps HTTP/1.1 and responded: HTTP/1.1 200 OK
2024-05-17 16:25:24.532  INFO 62362 --- [127.0.0.1:41020] okhttp3.mockwebserver.MockWebServer      : MockWebServer[50681] received request: POST /api/v1/namespaces/spring/configmaps HTTP/1.1 and responded: HTTP/1.1 200 OK
2024-05-17 16:25:24.575  INFO 62362 --- [WebServer 39441] okhttp3.mockwebserver.MockWebServer      : MockWebServer[39441] starting to accept connections
2024-05-17 16:25:24.636  WARN 62362 --- [           main] ubernetesProfileEnvironmentPostProcessor : Not running inside kubernetes. Skipping 'kubernetes' profile activation.

  .   ____          _            __ _ _
 /\\ / ___'_ __ _ _(_)_ __  __ _ \ \ \ \
( ( )\___ | '_ | '_| | '_ \/ _` | \ \ \ \
 \\/  ___)| |_)| | | | | || (_| |  ) ) ) )
  '  |____| .__|_| |_|_| |_\__, | / / / /
 =========|_|==============|___/=/_/_/_/
 :: Spring Boot ::                (v2.6.3)

2024-05-17 16:25:24.740  WARN 62362 --- [           main] ubernetesProfileEnvironmentPostProcessor : Not running inside kubernetes. Skipping 'kubernetes' profile activation.
2024-05-17 16:25:24.740  INFO 62362 --- [           main] e.i.cs.testrunner.execution.Executor$    : No active profile set, falling back to default profiles: default
2024-05-17 16:25:24.763  INFO 62362 --- [           main] o.s.cloud.context.scope.GenericScope     : BeanFactory id=615c3102-799b-3ad5-8efd-da051292b8fe
2024-05-17 16:25:24.773  INFO 62362 --- [           main] e.i.cs.testrunner.execution.Executor$    : Started Executor. in 0.196 seconds (JVM running for 4.202)
2024-05-17 16:25:24.774  INFO 62362 --- [WebServer 39441] okhttp3.mockwebserver.MockWebServer      : MockWebServer[39441] done accepting connections: Socket closed
2024-05-17 16:25:24.781  INFO 62362 --- [WebServer 43425] okhttp3.mockwebserver.MockWebServer      : MockWebServer[43425] starting to accept connections
2024-05-17 16:25:24.786  INFO 62362 --- [127.0.0.1:48684] okhttp3.mockwebserver.MockWebServer      : MockWebServer[43425] received request: POST /api/v1/namespaces/test/configmaps HTTP/1.1 and responded: HTTP/1.1 200 OK
2024-05-17 16:25:24.790  INFO 62362 --- [127.0.0.1:48684] okhttp3.mockwebserver.MockWebServer      : MockWebServer[43425] received request: POST /api/v1/namespaces/spring/configmaps HTTP/1.1 and responded: HTTP/1.1 200 OK
2024-05-17 16:25:24.834  INFO 62362 --- [WebServer 53859] okhttp3.mockwebserver.MockWebServer      : MockWebServer[53859] starting to accept connections
2024-05-17 16:25:24.880  WARN 62362 --- [           main] ubernetesProfileEnvironmentPostProcessor : Not running inside kubernetes. Skipping 'kubernetes' profile activation.

  .   ____          _            __ _ _
 /\\ / ___'_ __ _ _(_)_ __  __ _ \ \ \ \
( ( )\___ | '_ | '_| | '_ \/ _` | \ \ \ \
 \\/  ___)| |_)| | | | | || (_| |  ) ) ) )
  '  |____| .__|_| |_|_| |_\__, | / / / /
 =========|_|==============|___/=/_/_/_/
 :: Spring Boot ::                (v2.6.3)

2024-05-17 16:25:24.992  INFO 62362 --- [           main] s.c.k.f.c.Fabric8ConfigMapPropertySource : Loading ConfigMap with name 'application' in namespace 'test'
2024-05-17 16:25:24.995  INFO 62362 --- [127.0.0.1:48686] okhttp3.mockwebserver.MockWebServer      : MockWebServer[43425] received request: GET /api/v1/namespaces/test/configmaps/application HTTP/1.1 and responded: HTTP/1.1 200 OK
2024-05-17 16:25:24.997  INFO 62362 --- [           main] b.c.PropertySourceBootstrapConfiguration : Located property source: [BootstrapPropertySource {name='bootstrapProperties-configmap.application.test'}]
2024-05-17 16:25:25.003  WARN 62362 --- [           main] ubernetesProfileEnvironmentPostProcessor : Not running inside kubernetes. Skipping 'kubernetes' profile activation.
2024-05-17 16:25:25.003  INFO 62362 --- [           main] e.i.cs.testrunner.execution.Executor$    : No active profile set, falling back to default profiles: default
2024-05-17 16:25:25.032  INFO 62362 --- [           main] o.s.cloud.context.scope.GenericScope     : BeanFactory id=ad017daa-99f3-351a-8d2b-f486c21b492c
2024-05-17 16:25:25.053  INFO 62362 --- [           main] .f.c.r.EventBasedConfigMapChangeDetector : Added new Kubernetes watch: config-maps-watch-event
2024-05-17 16:25:25.053  INFO 62362 --- [           main] .f.c.r.EventBasedConfigMapChangeDetector : Kubernetes event-based configMap change detector activated
2024-05-17 16:25:25.059  INFO 62362 --- [lhost:43425/...] s.c.k.f.c.Fabric8ConfigMapPropertySource : Loading ConfigMap with name 'application' in namespace 'test'
2024-05-17 16:25:25.062  INFO 62362 --- [127.0.0.1:48702] okhttp3.mockwebserver.MockWebServer      : MockWebServer[43425] received request: GET /api/v1/namespaces/test/configmaps/application HTTP/1.1 and responded: HTTP/1.1 200 OK
2024-05-17 16:25:25.062  INFO 62362 --- [           main] e.i.cs.testrunner.execution.Executor$    : Started Executor. in 0.227 seconds (JVM running for 4.492)
2024-05-17 16:25:25.066  INFO 62362 --- [127.0.0.1:48686] okhttp3.mockwebserver.MockWebServer      : MockWebServer[43425] received request: GET /api/v1/namespaces/test/configmaps?watch=true HTTP/1.1 and responded: HTTP/1.1 101 Switching Protocols
2024-05-17 16:25:25.066  INFO 62362 --- [WebServer 53859] okhttp3.mockwebserver.MockWebServer      : MockWebServer[53859] done accepting connections: Socket closed
2024-05-17 16:25:25.066  WARN 62362 --- [lhost:43425/...] i.f.k.c.d.i.WatcherWebSocketListener     : Exec Failure java.net.SocketException Socket closed
2024-05-17 16:25:25.071  INFO 62362 --- [WebServer 59421] okhttp3.mockwebserver.MockWebServer      : MockWebServer[59421] starting to accept connections
2024-05-17 16:25:25.076  INFO 62362 --- [127.0.0.1:47592] okhttp3.mockwebserver.MockWebServer      : MockWebServer[59421] received request: POST /api/v1/namespaces/test/configmaps HTTP/1.1 and responded: HTTP/1.1 200 OK
2024-05-17 16:25:25.080  INFO 62362 --- [127.0.0.1:47592] okhttp3.mockwebserver.MockWebServer      : MockWebServer[59421] received request: POST /api/v1/namespaces/spring/configmaps HTTP/1.1 and responded: HTTP/1.1 200 OK
2024-05-17 16:25:25.125  INFO 62362 --- [WebServer 44051] okhttp3.mockwebserver.MockWebServer      : MockWebServer[44051] starting to accept connections

  .   ____          _            __ _ _
 /\\ / ___'_ __ _ _(_)_ __  __ _ \ \ \ \
( ( )\___ | '_ | '_| | '_ \/ _` | \ \ \ \
 \\/  ___)| |_)| | | | | || (_| |  ) ) ) )
  '  |____| .__|_| |_|_| |_\__, | / / / /
 =========|_|==============|___/=/_/_/_/
 :: Spring Boot ::                (v2.6.3)

2024-05-17 16:25:25.248  INFO 62362 --- [           main] e.i.cs.testrunner.execution.Executor$    : No active profile set, falling back to default profiles: default
2024-05-17 16:25:25.267  INFO 62362 --- [           main] o.s.cloud.context.scope.GenericScope     : BeanFactory id=615c3102-799b-3ad5-8efd-da051292b8fe
2024-05-17 16:25:25.275  INFO 62362 --- [           main] e.i.cs.testrunner.execution.Executor$    : Started Executor. in 0.148 seconds (JVM running for 4.705)
2024-05-17 16:25:25.277  INFO 62362 --- [WebServer 44051] okhttp3.mockwebserver.MockWebServer      : MockWebServer[44051] done accepting connections: Socket closed
2024-05-17 16:25:25.283  INFO 62362 --- [WebServer 43961] okhttp3.mockwebserver.MockWebServer      : MockWebServer[43961] starting to accept connections
2024-05-17 16:25:25.287  INFO 62362 --- [127.0.0.1:42950] okhttp3.mockwebserver.MockWebServer      : MockWebServer[43961] received request: POST /api/v1/namespaces/test/configmaps HTTP/1.1 and responded: HTTP/1.1 200 OK
2024-05-17 16:25:25.292  INFO 62362 --- [127.0.0.1:42950] okhttp3.mockwebserver.MockWebServer      : MockWebServer[43961] received request: POST /api/v1/namespaces/spring/configmaps HTTP/1.1 and responded: HTTP/1.1 200 OK
2024-05-17 16:25:25.336  INFO 62362 --- [WebServer 38921] okhttp3.mockwebserver.MockWebServer      : MockWebServer[38921] starting to accept connections
2024-05-17 16:25:25.379  WARN 62362 --- [           main] ubernetesProfileEnvironmentPostProcessor : Not running inside kubernetes. Skipping 'kubernetes' profile activation.

  .   ____          _            __ _ _
 /\\ / ___'_ __ _ _(_)_ __  __ _ \ \ \ \
( ( )\___ | '_ | '_| | '_ \/ _` | \ \ \ \
 \\/  ___)| |_)| | | | | || (_| |  ) ) ) )
  '  |____| .__|_| |_|_| |_\__, | / / / /
 =========|_|==============|___/=/_/_/_/
 :: Spring Boot ::                (v2.6.3)

2024-05-17 16:25:25.462  WARN 62362 --- [           main] ubernetesProfileEnvironmentPostProcessor : Not running inside kubernetes. Skipping 'kubernetes' profile activation.
2024-05-17 16:25:25.463  INFO 62362 --- [           main] e.i.cs.testrunner.execution.Executor$    : No active profile set, falling back to default profiles: default
2024-05-17 16:25:25.481  INFO 62362 --- [           main] o.s.cloud.context.scope.GenericScope     : BeanFactory id=615c3102-799b-3ad5-8efd-da051292b8fe
2024-05-17 16:25:25.488  INFO 62362 --- [           main] e.i.cs.testrunner.execution.Executor$    : Started Executor. in 0.151 seconds (JVM running for 4.918)
2024-05-17 16:25:25.490  INFO 62362 --- [WebServer 38921] okhttp3.mockwebserver.MockWebServer      : MockWebServer[38921] done accepting connections: Socket closed
2024-05-17 16:25:25.496  INFO 62362 --- [WebServer 58099] okhttp3.mockwebserver.MockWebServer      : MockWebServer[58099] starting to accept connections
2024-05-17 16:25:25.500  INFO 62362 --- [127.0.0.1:40666] okhttp3.mockwebserver.MockWebServer      : MockWebServer[58099] received request: POST /api/v1/namespaces/test/configmaps HTTP/1.1 and responded: HTTP/1.1 200 OK
2024-05-17 16:25:25.504  INFO 62362 --- [127.0.0.1:40666] okhttp3.mockwebserver.MockWebServer      : MockWebServer[58099] received request: POST /api/v1/namespaces/spring/configmaps HTTP/1.1 and responded: HTTP/1.1 200 OK
2024-05-17 16:25:25.547  INFO 62362 --- [WebServer 34251] okhttp3.mockwebserver.MockWebServer      : MockWebServer[34251] starting to accept connections
2024-05-17 16:25:25.590  WARN 62362 --- [           main] ubernetesProfileEnvironmentPostProcessor : Not running inside kubernetes. Skipping 'kubernetes' profile activation.

  .   ____          _            __ _ _
 /\\ / ___'_ __ _ _(_)_ __  __ _ \ \ \ \
( ( )\___ | '_ | '_| | '_ \/ _` | \ \ \ \
 \\/  ___)| |_)| | | | | || (_| |  ) ) ) )
  '  |____| .__|_| |_|_| |_\__, | / / / /
 =========|_|==============|___/=/_/_/_/
 :: Spring Boot ::                (v2.6.3)

2024-05-17 16:25:25.686  WARN 62362 --- [           main] ubernetesProfileEnvironmentPostProcessor : Not running inside kubernetes. Skipping 'kubernetes' profile activation.
2024-05-17 16:25:25.686  INFO 62362 --- [           main] e.i.cs.testrunner.execution.Executor$    : No active profile set, falling back to default profiles: default
2024-05-17 16:25:25.716  INFO 62362 --- [           main] o.s.cloud.context.scope.GenericScope     : BeanFactory id=24caa74a-4c79-3c2a-b684-19b5fd3ecafe
2024-05-17 16:25:25.727  INFO 62362 --- [           main] e.i.cs.testrunner.execution.Executor$    : Started Executor. in 0.179 seconds (JVM running for 5.157)
2024-05-17 16:25:25.730  INFO 62362 --- [WebServer 34251] okhttp3.mockwebserver.MockWebServer      : MockWebServer[34251] done accepting connections: Socket closed
2024-05-17 16:25:25.781  INFO 62362 --- [           main] .b.t.c.SpringBootTestContextBootstrapper : Neither @ContextConfiguration nor @ContextHierarchy found for test class [org.springframework.cloud.kubernetes.fabric8.config.MultipleSecretsTests], using SpringBootContextLoader
2024-05-17 16:25:25.782  INFO 62362 --- [           main] o.s.t.c.support.AbstractContextLoader    : Could not detect default resource locations for test class [org.springframework.cloud.kubernetes.fabric8.config.MultipleSecretsTests]: no resource found for suffixes {-context.xml, Context.groovy}.
2024-05-17 16:25:25.842  INFO 62362 --- [           main] .b.t.c.SpringBootTestContextBootstrapper : Loaded default TestExecutionListener class names from location [META-INF/spring.factories]: [org.springframework.boot.test.mock.mockito.MockitoTestExecutionListener, org.springframework.boot.test.mock.mockito.ResetMocksTestExecutionListener, org.springframework.boot.test.autoconfigure.restdocs.RestDocsTestExecutionListener, org.springframework.boot.test.autoconfigure.web.client.MockRestServiceServerResetTestExecutionListener, org.springframework.boot.test.autoconfigure.web.servlet.MockMvcPrintOnlyOnFailureTestExecutionListener, org.springframework.boot.test.autoconfigure.web.servlet.WebDriverTestExecutionListener, org.springframework.boot.test.autoconfigure.webservices.client.MockWebServiceServerTestExecutionListener, org.springframework.test.context.web.ServletTestExecutionListener, org.springframework.test.context.support.DirtiesContextBeforeModesTestExecutionListener, org.springframework.test.context.event.ApplicationEventsTestExecutionListener, org.springframework.test.context.support.DependencyInjectionTestExecutionListener, org.springframework.test.context.support.DirtiesContextTestExecutionListener, org.springframework.test.context.transaction.TransactionalTestExecutionListener, org.springframework.test.context.jdbc.SqlScriptsTestExecutionListener, org.springframework.test.context.event.EventPublishingTestExecutionListener, org.spockframework.spring.SpringMockTestExecutionListener]
2024-05-17 16:25:25.857  INFO 62362 --- [           main] .b.t.c.SpringBootTestContextBootstrapper : Using TestExecutionListeners: [org.springframework.test.context.web.ServletTestExecutionListener@7b211077, org.springframework.test.context.support.DirtiesContextBeforeModesTestExecutionListener@3b770d07, org.springframework.test.context.event.ApplicationEventsTestExecutionListener@62b0bf85, org.springframework.boot.test.mock.mockito.MockitoTestExecutionListener@1fcaea93, org.springframework.boot.test.autoconfigure.SpringBootDependencyInjectionTestExecutionListener@6c9bf3b5, org.springframework.test.context.support.DirtiesContextTestExecutionListener@6f07d414, org.springframework.test.context.event.EventPublishingTestExecutionListener@8ac12e6, org.springframework.boot.test.mock.mockito.ResetMocksTestExecutionListener@40faff12, org.springframework.boot.test.autoconfigure.restdocs.RestDocsTestExecutionListener@734fbae3, org.springframework.boot.test.autoconfigure.web.client.MockRestServiceServerResetTestExecutionListener@223967ea, org.springframework.boot.test.autoconfigure.web.servlet.MockMvcPrintOnlyOnFailureTestExecutionListener@4a6a6a69, org.springframework.boot.test.autoconfigure.web.servlet.WebDriverTestExecutionListener@5d7f1e59, org.springframework.boot.test.autoconfigure.webservices.client.MockWebServiceServerTestExecutionListener@53e93fb7, org.spockframework.spring.SpringMockTestExecutionListener@3a861417]
2024-05-17 16:25:25.864  INFO 62362 --- [WebServer 51855] okhttp3.mockwebserver.MockWebServer      : MockWebServer[51855] starting to accept connections
2024-05-17 16:25:25.879  INFO 62362 --- [127.0.0.1:59698] okhttp3.mockwebserver.MockWebServer      : MockWebServer[51855] received request: POST /api/v1/namespaces/ns1/secrets HTTP/1.1 and responded: HTTP/1.1 200 OK
2024-05-17 16:25:25.886  INFO 62362 --- [127.0.0.1:59698] okhttp3.mockwebserver.MockWebServer      : MockWebServer[51855] received request: POST /api/v1/namespaces/ns2/secrets HTTP/1.1 and responded: HTTP/1.1 200 OK
2024-05-17 16:25:26.014  WARN 62362 --- [           main] ubernetesProfileEnvironmentPostProcessor : Not running inside kubernetes. Skipping 'kubernetes' profile activation.

  .   ____          _            __ _ _
 /\\ / ___'_ __ _ _(_)_ __  __ _ \ \ \ \
( ( )\___ | '_ | '_| | '_ \/ _` | \ \ \ \
 \\/  ___)| |_)| | | | | || (_| |  ) ) ) )
  '  |____| .__|_| |_|_| |_\__, | / / / /
 =========|_|==============|___/=/_/_/_/
 :: Spring Boot ::                (v2.6.3)

2024-05-17 16:25:26.158  INFO 62362 --- [           main] s.c.k.f.c.Fabric8ConfigMapPropertySource : Loading ConfigMap with name 'secret-example' in namespace 'ns1'
2024-05-17 16:25:26.161  INFO 62362 --- [127.0.0.1:59714] okhttp3.mockwebserver.MockWebServer      : MockWebServer[51855] received request: GET /api/v1/namespaces/ns1/configmaps/secret-example HTTP/1.1 and responded: HTTP/1.1 404 Client Error
2024-05-17 16:25:26.167  INFO 62362 --- [           main] o.s.c.k.f.config.Fabric8ConfigUtils      : config-map with name : 'secret-example' not present in namespace : 'ns1'
2024-05-17 16:25:26.167  INFO 62362 --- [           main] b.c.PropertySourceBootstrapConfiguration : Located property source: [BootstrapPropertySource {name='bootstrapProperties-configmap.secret-example.ns1'}]
2024-05-17 16:25:26.168  INFO 62362 --- [           main] o.s.c.k.f.c.Fabric8SecretsPropertySource : Loading Secret with name 'name2' or with labels [{0.env=dev2, 1.version=2.0}] in namespace 'ns2'
2024-05-17 16:25:26.170  INFO 62362 --- [127.0.0.1:59714] okhttp3.mockwebserver.MockWebServer      : MockWebServer[51855] received request: GET /api/v1/namespaces/ns2/secrets/name2 HTTP/1.1 and responded: HTTP/1.1 200 OK
2024-05-17 16:25:26.215  INFO 62362 --- [127.0.0.1:59714] okhttp3.mockwebserver.MockWebServer      : MockWebServer[51855] received request: GET /api/v1/namespaces/ns2/secrets?labelSelector=0.env%3Ddev2%2C1.version%3D2.0 HTTP/1.1 and responded: HTTP/1.1 200 OK
2024-05-17 16:25:26.261  INFO 62362 --- [           main] o.s.c.k.f.c.Fabric8SecretsPropertySource : Loading Secret with name 'name1' or with labels [{0.env=env1, 1.version=1.0}] in namespace 'ns1'
2024-05-17 16:25:26.263  INFO 62362 --- [127.0.0.1:59714] okhttp3.mockwebserver.MockWebServer      : MockWebServer[51855] received request: GET /api/v1/namespaces/ns1/secrets/name1 HTTP/1.1 and responded: HTTP/1.1 200 OK
2024-05-17 16:25:26.306  INFO 62362 --- [127.0.0.1:59714] okhttp3.mockwebserver.MockWebServer      : MockWebServer[51855] received request: GET /api/v1/namespaces/ns1/secrets?labelSelector=0.env%3Denv1%2C1.version%3D1.0 HTTP/1.1 and responded: HTTP/1.1 200 OK
2024-05-17 16:25:26.347  INFO 62362 --- [           main] b.c.PropertySourceBootstrapConfiguration : Located property source: [BootstrapPropertySource {name='bootstrapProperties-secrets.name2.ns2'}, BootstrapPropertySource {name='bootstrapProperties-secrets.name1.ns1'}]
2024-05-17 16:25:26.369  WARN 62362 --- [           main] ubernetesProfileEnvironmentPostProcessor : Not running inside kubernetes. Skipping 'kubernetes' profile activation.
2024-05-17 16:25:26.370  INFO 62362 --- [           main] o.s.c.k.f.config.MultipleSecretsTests    : No active profile set, falling back to default profiles: default
2024-05-17 16:25:27.194  INFO 62362 --- [           main] o.s.cloud.context.scope.GenericScope     : BeanFactory id=d892432b-60e7-3516-91cd-00a010d0f3f7
2024-05-17 16:25:27.793  INFO 62362 --- [           main] o.s.b.w.embedded.tomcat.TomcatWebServer  : Tomcat initialized with port(s): 0 (http)
2024-05-17 16:25:27.809  INFO 62362 --- [           main] o.apache.catalina.core.StandardService   : Starting service [Tomcat]
2024-05-17 16:25:27.809  INFO 62362 --- [           main] org.apache.catalina.core.StandardEngine  : Starting Servlet engine: [Apache Tomcat/9.0.56]
2024-05-17 16:25:27.950  INFO 62362 --- [           main] o.a.c.c.C.[Tomcat].[localhost].[/]       : Initializing Spring embedded WebApplicationContext
2024-05-17 16:25:27.950  INFO 62362 --- [           main] w.s.c.ServletWebServerApplicationContext : Root WebApplicationContext: initialization completed in 1578 ms
2024-05-17 16:25:30.000  INFO 62362 --- [           main] o.s.b.a.e.web.EndpointLinksResolver      : Exposing 1 endpoint(s) beneath base path '/actuator'
2024-05-17 16:25:30.178  INFO 62362 --- [           main] o.s.b.w.embedded.tomcat.TomcatWebServer  : Tomcat started on port(s): 41375 (http) with context path ''
2024-05-17 16:25:30.189  INFO 62362 --- [           main] o.s.c.k.f.config.MultipleSecretsTests    : Started MultipleSecretsTests in 4.255 seconds (JVM running for 9.619)
2024-05-17 16:25:30.390  INFO 62362 --- [WebServer 37233] okhttp3.mockwebserver.MockWebServer      : MockWebServer[37233] starting to accept connections
2024-05-17 16:25:30.796  INFO 62362 --- [o-auto-1-exec-1] o.a.c.c.C.[Tomcat].[localhost].[/]       : Initializing Spring DispatcherServlet 'dispatcherServlet'
2024-05-17 16:25:30.797  INFO 62362 --- [o-auto-1-exec-1] o.s.web.servlet.DispatcherServlet        : Initializing Servlet 'dispatcherServlet'
2024-05-17 16:25:30.798  INFO 62362 --- [o-auto-1-exec-1] o.s.web.servlet.DispatcherServlet        : Completed initialization in 1 ms
2024-05-17 16:25:30.943  INFO 62362 --- [WebServer 37233] okhttp3.mockwebserver.MockWebServer      : MockWebServer[37233] done accepting connections: Socket closed
2024-05-17 16:25:30.948  INFO 62362 --- [           main] .b.t.c.SpringBootTestContextBootstrapper : Neither @ContextConfiguration nor @ContextHierarchy found for test class [org.springframework.cloud.kubernetes.fabric8.config.MultipleSecretsTests], using SpringBootContextLoader
2024-05-17 16:25:30.949  INFO 62362 --- [           main] o.s.t.c.support.AbstractContextLoader    : Could not detect default resource locations for test class [org.springframework.cloud.kubernetes.fabric8.config.MultipleSecretsTests]: no resource found for suffixes {-context.xml, Context.groovy}.
2024-05-17 16:25:30.952  INFO 62362 --- [           main] .b.t.c.SpringBootTestContextBootstrapper : Loaded default TestExecutionListener class names from location [META-INF/spring.factories]: [org.springframework.boot.test.mock.mockito.MockitoTestExecutionListener, org.springframework.boot.test.mock.mockito.ResetMocksTestExecutionListener, org.springframework.boot.test.autoconfigure.restdocs.RestDocsTestExecutionListener, org.springframework.boot.test.autoconfigure.web.client.MockRestServiceServerResetTestExecutionListener, org.springframework.boot.test.autoconfigure.web.servlet.MockMvcPrintOnlyOnFailureTestExecutionListener, org.springframework.boot.test.autoconfigure.web.servlet.WebDriverTestExecutionListener, org.springframework.boot.test.autoconfigure.webservices.client.MockWebServiceServerTestExecutionListener, org.springframework.test.context.web.ServletTestExecutionListener, org.springframework.test.context.support.DirtiesContextBeforeModesTestExecutionListener, org.springframework.test.context.event.ApplicationEventsTestExecutionListener, org.springframework.test.context.support.DependencyInjectionTestExecutionListener, org.springframework.test.context.support.DirtiesContextTestExecutionListener, org.springframework.test.context.transaction.TransactionalTestExecutionListener, org.springframework.test.context.jdbc.SqlScriptsTestExecutionListener, org.springframework.test.context.event.EventPublishingTestExecutionListener, org.spockframework.spring.SpringMockTestExecutionListener]
2024-05-17 16:25:30.953  INFO 62362 --- [           main] .b.t.c.SpringBootTestContextBootstrapper : Using TestExecutionListeners: [org.springframework.test.context.web.ServletTestExecutionListener@1b08d26f, org.springframework.test.context.support.DirtiesContextBeforeModesTestExecutionListener@565030b7, org.springframework.test.context.event.ApplicationEventsTestExecutionListener@752fecbf, org.springframework.boot.test.mock.mockito.MockitoTestExecutionListener@2eb31735, org.springframework.boot.test.autoconfigure.SpringBootDependencyInjectionTestExecutionListener@73753326, org.springframework.test.context.support.DirtiesContextTestExecutionListener@24f77077, org.springframework.test.context.event.EventPublishingTestExecutionListener@2eb73a42, org.springframework.boot.test.mock.mockito.ResetMocksTestExecutionListener@188b9a1e, org.springframework.boot.test.autoconfigure.restdocs.RestDocsTestExecutionListener@423d662a, org.springframework.boot.test.autoconfigure.web.client.MockRestServiceServerResetTestExecutionListener@5d56c2d2, org.springframework.boot.test.autoconfigure.web.servlet.MockMvcPrintOnlyOnFailureTestExecutionListener@4a249610, org.springframework.boot.test.autoconfigure.web.servlet.WebDriverTestExecutionListener@ebbbe20, org.springframework.boot.test.autoconfigure.webservices.client.MockWebServiceServerTestExecutionListener@279e85eb, org.spockframework.spring.SpringMockTestExecutionListener@4cb59398]
2024-05-17 16:25:30.956  INFO 62362 --- [WebServer 48397] okhttp3.mockwebserver.MockWebServer      : MockWebServer[48397] starting to accept connections
2024-05-17 16:25:30.960  INFO 62362 --- [127.0.0.1:56628] okhttp3.mockwebserver.MockWebServer      : MockWebServer[48397] received request: POST /api/v1/namespaces/ns1/secrets HTTP/1.1 and responded: HTTP/1.1 200 OK
2024-05-17 16:25:30.964  INFO 62362 --- [127.0.0.1:56628] okhttp3.mockwebserver.MockWebServer      : MockWebServer[48397] received request: POST /api/v1/namespaces/ns2/secrets HTTP/1.1 and responded: HTTP/1.1 200 OK
2024-05-17 16:25:31.010  INFO 62362 --- [WebServer 54993] okhttp3.mockwebserver.MockWebServer      : MockWebServer[54993] starting to accept connections
2024-05-17 16:25:31.023  INFO 62362 --- [WebServer 54993] okhttp3.mockwebserver.MockWebServer      : MockWebServer[54993] done accepting connections: Socket closed
2024-05-17 16:25:31.030  INFO 62362 --- [           main] .b.t.c.SpringBootTestContextBootstrapper : Neither @ContextConfiguration nor @ContextHierarchy found for test class [org.springframework.cloud.kubernetes.fabric8.config.MultipleConfigMapsTests], using SpringBootContextLoader
2024-05-17 16:25:31.031  INFO 62362 --- [           main] o.s.t.c.support.AbstractContextLoader    : Could not detect default resource locations for test class [org.springframework.cloud.kubernetes.fabric8.config.MultipleConfigMapsTests]: no resource found for suffixes {-context.xml, Context.groovy}.
2024-05-17 16:25:31.035  INFO 62362 --- [           main] .b.t.c.SpringBootTestContextBootstrapper : Loaded default TestExecutionListener class names from location [META-INF/spring.factories]: [org.springframework.boot.test.mock.mockito.MockitoTestExecutionListener, org.springframework.boot.test.mock.mockito.ResetMocksTestExecutionListener, org.springframework.boot.test.autoconfigure.restdocs.RestDocsTestExecutionListener, org.springframework.boot.test.autoconfigure.web.client.MockRestServiceServerResetTestExecutionListener, org.springframework.boot.test.autoconfigure.web.servlet.MockMvcPrintOnlyOnFailureTestExecutionListener, org.springframework.boot.test.autoconfigure.web.servlet.WebDriverTestExecutionListener, org.springframework.boot.test.autoconfigure.webservices.client.MockWebServiceServerTestExecutionListener, org.springframework.test.context.web.ServletTestExecutionListener, org.springframework.test.context.support.DirtiesContextBeforeModesTestExecutionListener, org.springframework.test.context.event.ApplicationEventsTestExecutionListener, org.springframework.test.context.support.DependencyInjectionTestExecutionListener, org.springframework.test.context.support.DirtiesContextTestExecutionListener, org.springframework.test.context.transaction.TransactionalTestExecutionListener, org.springframework.test.context.jdbc.SqlScriptsTestExecutionListener, org.springframework.test.context.event.EventPublishingTestExecutionListener, org.spockframework.spring.SpringMockTestExecutionListener]
2024-05-17 16:25:31.037  INFO 62362 --- [           main] .b.t.c.SpringBootTestContextBootstrapper : Using TestExecutionListeners: [org.springframework.test.context.web.ServletTestExecutionListener@63218586, org.springframework.test.context.support.DirtiesContextBeforeModesTestExecutionListener@341c0dfc, org.springframework.test.context.event.ApplicationEventsTestExecutionListener@7e0b68e5, org.springframework.boot.test.mock.mockito.MockitoTestExecutionListener@507fecf3, org.springframework.boot.test.autoconfigure.SpringBootDependencyInjectionTestExecutionListener@3f1d4ecf, org.springframework.test.context.support.DirtiesContextTestExecutionListener@6bbac73d, org.springframework.test.context.event.EventPublishingTestExecutionListener@4e53c6ef, org.springframework.boot.test.mock.mockito.ResetMocksTestExecutionListener@6164b3a2, org.springframework.boot.test.autoconfigure.restdocs.RestDocsTestExecutionListener@345af277, org.springframework.boot.test.autoconfigure.web.client.MockRestServiceServerResetTestExecutionListener@96448ee, org.springframework.boot.test.autoconfigure.web.servlet.MockMvcPrintOnlyOnFailureTestExecutionListener@59509393, org.springframework.boot.test.autoconfigure.web.servlet.WebDriverTestExecutionListener@1d6dc2b8, org.springframework.boot.test.autoconfigure.webservices.client.MockWebServiceServerTestExecutionListener@7ec75228, org.spockframework.spring.SpringMockTestExecutionListener@55cf5626]
2024-05-17 16:25:31.040  INFO 62362 --- [WebServer 39613] okhttp3.mockwebserver.MockWebServer      : MockWebServer[39613] starting to accept connections
2024-05-17 16:25:31.044  INFO 62362 --- [127.0.0.1:50962] okhttp3.mockwebserver.MockWebServer      : MockWebServer[39613] received request: POST /api/v1/namespaces/defnamespace/configmaps HTTP/1.1 and responded: HTTP/1.1 200 OK
2024-05-17 16:25:31.050  INFO 62362 --- [127.0.0.1:50962] okhttp3.mockwebserver.MockWebServer      : MockWebServer[39613] received request: POST /api/v1/namespaces/s2/configmaps HTTP/1.1 and responded: HTTP/1.1 200 OK
2024-05-17 16:25:31.095  INFO 62362 --- [127.0.0.1:50962] okhttp3.mockwebserver.MockWebServer      : MockWebServer[39613] received request: POST /api/v1/namespaces/othernamespace/configmaps HTTP/1.1 and responded: HTTP/1.1 200 OK
2024-05-17 16:25:31.192  WARN 62362 --- [           main] ubernetesProfileEnvironmentPostProcessor : Not running inside kubernetes. Skipping 'kubernetes' profile activation.

  .   ____          _            __ _ _
 /\\ / ___'_ __ _ _(_)_ __  __ _ \ \ \ \
( ( )\___ | '_ | '_| | '_ \/ _` | \ \ \ \
 \\/  ___)| |_)| | | | | || (_| |  ) ) ) )
  '  |____| .__|_| |_|_| |_\__, | / / / /
 =========|_|==============|___/=/_/_/_/
 :: Spring Boot ::                (v2.6.3)

2024-05-17 16:25:31.284  INFO 62362 --- [           main] s.c.k.f.c.Fabric8ConfigMapPropertySource : Loading ConfigMap with name 's1' in namespace 'defnamespace'
2024-05-17 16:25:31.287  INFO 62362 --- [127.0.0.1:50964] okhttp3.mockwebserver.MockWebServer      : MockWebServer[39613] received request: GET /api/v1/namespaces/defnamespace/configmaps/s1 HTTP/1.1 and responded: HTTP/1.1 200 OK
2024-05-17 16:25:31.289  INFO 62362 --- [           main] s.c.k.f.c.Fabric8ConfigMapPropertySource : Loading ConfigMap with name 'defname' in namespace 's2'
2024-05-17 16:25:31.290  INFO 62362 --- [127.0.0.1:50964] okhttp3.mockwebserver.MockWebServer      : MockWebServer[39613] received request: GET /api/v1/namespaces/s2/configmaps/defname HTTP/1.1 and responded: HTTP/1.1 200 OK
2024-05-17 16:25:31.331  INFO 62362 --- [           main] s.c.k.f.c.Fabric8ConfigMapPropertySource : Loading ConfigMap with name 'othername' in namespace 'othernamespace'
2024-05-17 16:25:31.333  INFO 62362 --- [127.0.0.1:50964] okhttp3.mockwebserver.MockWebServer      : MockWebServer[39613] received request: GET /api/v1/namespaces/othernamespace/configmaps/othername HTTP/1.1 and responded: HTTP/1.1 200 OK
2024-05-17 16:25:31.375  INFO 62362 --- [           main] b.c.PropertySourceBootstrapConfiguration : Located property source: [BootstrapPropertySource {name='bootstrapProperties-configmap.othername.othernamespace'}, BootstrapPropertySource {name='bootstrapProperties-configmap.defname.s2'}, BootstrapPropertySource {name='bootstrapProperties-configmap.s1.defnamespace'}]
2024-05-17 16:25:31.380  WARN 62362 --- [           main] ubernetesProfileEnvironmentPostProcessor : Not running inside kubernetes. Skipping 'kubernetes' profile activation.
2024-05-17 16:25:31.381  INFO 62362 --- [           main] o.s.c.k.f.c.MultipleConfigMapsTests      : No active profile set, falling back to default profiles: default
2024-05-17 16:25:31.688  INFO 62362 --- [           main] o.s.cloud.context.scope.GenericScope     : BeanFactory id=012be945-5008-354a-8a47-8e5e16a24aa5
2024-05-17 16:25:31.824  INFO 62362 --- [           main] o.s.b.w.embedded.tomcat.TomcatWebServer  : Tomcat initialized with port(s): 0 (http)
2024-05-17 16:25:31.826  INFO 62362 --- [           main] o.apache.catalina.core.StandardService   : Starting service [Tomcat]
2024-05-17 16:25:31.826  INFO 62362 --- [           main] org.apache.catalina.core.StandardEngine  : Starting Servlet engine: [Apache Tomcat/9.0.56]
2024-05-17 16:25:31.840  INFO 62362 --- [           main] o.a.c.c.C.[Tomcat-1].[localhost].[/]     : Initializing Spring embedded WebApplicationContext
2024-05-17 16:25:31.840  INFO 62362 --- [           main] w.s.c.ServletWebServerApplicationContext : Root WebApplicationContext: initialization completed in 457 ms
2024-05-17 16:25:32.597  INFO 62362 --- [           main] o.s.b.a.e.web.EndpointLinksResolver      : Exposing 1 endpoint(s) beneath base path '/actuator'
2024-05-17 16:25:32.658  INFO 62362 --- [           main] o.s.b.w.embedded.tomcat.TomcatWebServer  : Tomcat started on port(s): 42053 (http) with context path ''
2024-05-17 16:25:32.665  INFO 62362 --- [           main] o.s.c.k.f.c.MultipleConfigMapsTests      : Started MultipleConfigMapsTests in 1.527 seconds (JVM running for 12.095)
2024-05-17 16:25:32.678  INFO 62362 --- [WebServer 49085] okhttp3.mockwebserver.MockWebServer      : MockWebServer[49085] starting to accept connections
2024-05-17 16:25:32.686  INFO 62362 --- [o-auto-2-exec-1] o.a.c.c.C.[Tomcat-1].[localhost].[/]     : Initializing Spring DispatcherServlet 'dispatcherServlet'
2024-05-17 16:25:32.686  INFO 62362 --- [o-auto-2-exec-1] o.s.web.servlet.DispatcherServlet        : Initializing Servlet 'dispatcherServlet'
2024-05-17 16:25:32.687  INFO 62362 --- [o-auto-2-exec-1] o.s.web.servlet.DispatcherServlet        : Completed initialization in 1 ms
2024-05-17 16:25:32.697  INFO 62362 --- [WebServer 49085] okhttp3.mockwebserver.MockWebServer      : MockWebServer[49085] done accepting connections: Socket closed
2024-05-17 16:25:32.701  INFO 62362 --- [           main] .b.t.c.SpringBootTestContextBootstrapper : Neither @ContextConfiguration nor @ContextHierarchy found for test class [org.springframework.cloud.kubernetes.fabric8.config.MultipleConfigMapsTests], using SpringBootContextLoader
2024-05-17 16:25:32.702  INFO 62362 --- [           main] o.s.t.c.support.AbstractContextLoader    : Could not detect default resource locations for test class [org.springframework.cloud.kubernetes.fabric8.config.MultipleConfigMapsTests]: no resource found for suffixes {-context.xml, Context.groovy}.
2024-05-17 16:25:32.704  INFO 62362 --- [           main] .b.t.c.SpringBootTestContextBootstrapper : Loaded default TestExecutionListener class names from location [META-INF/spring.factories]: [org.springframework.boot.test.mock.mockito.MockitoTestExecutionListener, org.springframework.boot.test.mock.mockito.ResetMocksTestExecutionListener, org.springframework.boot.test.autoconfigure.restdocs.RestDocsTestExecutionListener, org.springframework.boot.test.autoconfigure.web.client.MockRestServiceServerResetTestExecutionListener, org.springframework.boot.test.autoconfigure.web.servlet.MockMvcPrintOnlyOnFailureTestExecutionListener, org.springframework.boot.test.autoconfigure.web.servlet.WebDriverTestExecutionListener, org.springframework.boot.test.autoconfigure.webservices.client.MockWebServiceServerTestExecutionListener, org.springframework.test.context.web.ServletTestExecutionListener, org.springframework.test.context.support.DirtiesContextBeforeModesTestExecutionListener, org.springframework.test.context.event.ApplicationEventsTestExecutionListener, org.springframework.test.context.support.DependencyInjectionTestExecutionListener, org.springframework.test.context.support.DirtiesContextTestExecutionListener, org.springframework.test.context.transaction.TransactionalTestExecutionListener, org.springframework.test.context.jdbc.SqlScriptsTestExecutionListener, org.springframework.test.context.event.EventPublishingTestExecutionListener, org.spockframework.spring.SpringMockTestExecutionListener]
2024-05-17 16:25:32.705  INFO 62362 --- [           main] .b.t.c.SpringBootTestContextBootstrapper : Using TestExecutionListeners: [org.springframework.test.context.web.ServletTestExecutionListener@76ccde41, org.springframework.test.context.support.DirtiesContextBeforeModesTestExecutionListener@5f26fc4d, org.springframework.test.context.event.ApplicationEventsTestExecutionListener@3e8eea59, org.springframework.boot.test.mock.mockito.MockitoTestExecutionListener@1fb379e4, org.springframework.boot.test.autoconfigure.SpringBootDependencyInjectionTestExecutionListener@f9d8285, org.springframework.test.context.support.DirtiesContextTestExecutionListener@67b1c3af, org.springframework.test.context.event.EventPublishingTestExecutionListener@2e243122, org.springframework.boot.test.mock.mockito.ResetMocksTestExecutionListener@2a5c115b, org.springframework.boot.test.autoconfigure.restdocs.RestDocsTestExecutionListener@49b6373f, org.springframework.boot.test.autoconfigure.web.client.MockRestServiceServerResetTestExecutionListener@20f3291d, org.springframework.boot.test.autoconfigure.web.servlet.MockMvcPrintOnlyOnFailureTestExecutionListener@2f51b100, org.springframework.boot.test.autoconfigure.web.servlet.WebDriverTestExecutionListener@654dbb78, org.springframework.boot.test.autoconfigure.webservices.client.MockWebServiceServerTestExecutionListener@1dba7721, org.spockframework.spring.SpringMockTestExecutionListener@24381e4a]
2024-05-17 16:25:32.707  INFO 62362 --- [WebServer 56767] okhttp3.mockwebserver.MockWebServer      : MockWebServer[56767] starting to accept connections
2024-05-17 16:25:32.710  INFO 62362 --- [127.0.0.1:50360] okhttp3.mockwebserver.MockWebServer      : MockWebServer[56767] received request: POST /api/v1/namespaces/defnamespace/configmaps HTTP/1.1 and responded: HTTP/1.1 200 OK
2024-05-17 16:25:32.715  INFO 62362 --- [127.0.0.1:50360] okhttp3.mockwebserver.MockWebServer      : MockWebServer[56767] received request: POST /api/v1/namespaces/s2/configmaps HTTP/1.1 and responded: HTTP/1.1 200 OK
2024-05-17 16:25:32.759  INFO 62362 --- [127.0.0.1:50360] okhttp3.mockwebserver.MockWebServer      : MockWebServer[56767] received request: POST /api/v1/namespaces/othernamespace/configmaps HTTP/1.1 and responded: HTTP/1.1 200 OK
2024-05-17 16:25:32.803  INFO 62362 --- [WebServer 59791] okhttp3.mockwebserver.MockWebServer      : MockWebServer[59791] starting to accept connections
2024-05-17 16:25:32.816  INFO 62362 --- [WebServer 59791] okhttp3.mockwebserver.MockWebServer      : MockWebServer[59791] done accepting connections: Socket closed
2024-05-17 16:25:32.819  INFO 62362 --- [           main] .b.t.c.SpringBootTestContextBootstrapper : Neither @ContextConfiguration nor @ContextHierarchy found for test class [org.springframework.cloud.kubernetes.fabric8.config.MultipleConfigMapsTests], using SpringBootContextLoader
2024-05-17 16:25:32.820  INFO 62362 --- [           main] o.s.t.c.support.AbstractContextLoader    : Could not detect default resource locations for test class [org.springframework.cloud.kubernetes.fabric8.config.MultipleConfigMapsTests]: no resource found for suffixes {-context.xml, Context.groovy}.
2024-05-17 16:25:32.821  INFO 62362 --- [           main] .b.t.c.SpringBootTestContextBootstrapper : Loaded default TestExecutionListener class names from location [META-INF/spring.factories]: [org.springframework.boot.test.mock.mockito.MockitoTestExecutionListener, org.springframework.boot.test.mock.mockito.ResetMocksTestExecutionListener, org.springframework.boot.test.autoconfigure.restdocs.RestDocsTestExecutionListener, org.springframework.boot.test.autoconfigure.web.client.MockRestServiceServerResetTestExecutionListener, org.springframework.boot.test.autoconfigure.web.servlet.MockMvcPrintOnlyOnFailureTestExecutionListener, org.springframework.boot.test.autoconfigure.web.servlet.WebDriverTestExecutionListener, org.springframework.boot.test.autoconfigure.webservices.client.MockWebServiceServerTestExecutionListener, org.springframework.test.context.web.ServletTestExecutionListener, org.springframework.test.context.support.DirtiesContextBeforeModesTestExecutionListener, org.springframework.test.context.event.ApplicationEventsTestExecutionListener, org.springframework.test.context.support.DependencyInjectionTestExecutionListener, org.springframework.test.context.support.DirtiesContextTestExecutionListener, org.springframework.test.context.transaction.TransactionalTestExecutionListener, org.springframework.test.context.jdbc.SqlScriptsTestExecutionListener, org.springframework.test.context.event.EventPublishingTestExecutionListener, org.spockframework.spring.SpringMockTestExecutionListener]
2024-05-17 16:25:32.823  INFO 62362 --- [           main] .b.t.c.SpringBootTestContextBootstrapper : Using TestExecutionListeners: [org.springframework.test.context.web.ServletTestExecutionListener@1b897ffb, org.springframework.test.context.support.DirtiesContextBeforeModesTestExecutionListener@2ec258f1, org.springframework.test.context.event.ApplicationEventsTestExecutionListener@3074575a, org.springframework.boot.test.mock.mockito.MockitoTestExecutionListener@7e4bbda4, org.springframework.boot.test.autoconfigure.SpringBootDependencyInjectionTestExecutionListener@2eed6331, org.springframework.test.context.support.DirtiesContextTestExecutionListener@1254a3cd, org.springframework.test.context.event.EventPublishingTestExecutionListener@88e85a, org.springframework.boot.test.mock.mockito.ResetMocksTestExecutionListener@230dd372, org.springframework.boot.test.autoconfigure.restdocs.RestDocsTestExecutionListener@663cc8c9, org.springframework.boot.test.autoconfigure.web.client.MockRestServiceServerResetTestExecutionListener@51c15508, org.springframework.boot.test.autoconfigure.web.servlet.MockMvcPrintOnlyOnFailureTestExecutionListener@164cad52, org.springframework.boot.test.autoconfigure.web.servlet.WebDriverTestExecutionListener@5b977aaa, org.springframework.boot.test.autoconfigure.webservices.client.MockWebServiceServerTestExecutionListener@5bed8b91, org.spockframework.spring.SpringMockTestExecutionListener@dffcf1]
2024-05-17 16:25:32.825  INFO 62362 --- [WebServer 38595] okhttp3.mockwebserver.MockWebServer      : MockWebServer[38595] starting to accept connections
2024-05-17 16:25:32.828  INFO 62362 --- [127.0.0.1:37490] okhttp3.mockwebserver.MockWebServer      : MockWebServer[38595] received request: POST /api/v1/namespaces/defnamespace/configmaps HTTP/1.1 and responded: HTTP/1.1 200 OK
2024-05-17 16:25:32.832  INFO 62362 --- [127.0.0.1:37490] okhttp3.mockwebserver.MockWebServer      : MockWebServer[38595] received request: POST /api/v1/namespaces/s2/configmaps HTTP/1.1 and responded: HTTP/1.1 200 OK
2024-05-17 16:25:32.877  INFO 62362 --- [127.0.0.1:37490] okhttp3.mockwebserver.MockWebServer      : MockWebServer[38595] received request: POST /api/v1/namespaces/othernamespace/configmaps HTTP/1.1 and responded: HTTP/1.1 200 OK
2024-05-17 16:25:32.921  INFO 62362 --- [WebServer 57257] okhttp3.mockwebserver.MockWebServer      : MockWebServer[57257] starting to accept connections
2024-05-17 16:25:32.930  INFO 62362 --- [WebServer 57257] okhttp3.mockwebserver.MockWebServer      : MockWebServer[57257] done accepting connections: Socket closed
2024-05-17 16:25:32.933  INFO 62362 --- [           main] .b.t.c.SpringBootTestContextBootstrapper : Neither @ContextConfiguration nor @ContextHierarchy found for test class [org.springframework.cloud.kubernetes.fabric8.config.MultipleConfigMapsTests], using SpringBootContextLoader
2024-05-17 16:25:32.934  INFO 62362 --- [           main] o.s.t.c.support.AbstractContextLoader    : Could not detect default resource locations for test class [org.springframework.cloud.kubernetes.fabric8.config.MultipleConfigMapsTests]: no resource found for suffixes {-context.xml, Context.groovy}.
2024-05-17 16:25:32.935  INFO 62362 --- [           main] .b.t.c.SpringBootTestContextBootstrapper : Loaded default TestExecutionListener class names from location [META-INF/spring.factories]: [org.springframework.boot.test.mock.mockito.MockitoTestExecutionListener, org.springframework.boot.test.mock.mockito.ResetMocksTestExecutionListener, org.springframework.boot.test.autoconfigure.restdocs.RestDocsTestExecutionListener, org.springframework.boot.test.autoconfigure.web.client.MockRestServiceServerResetTestExecutionListener, org.springframework.boot.test.autoconfigure.web.servlet.MockMvcPrintOnlyOnFailureTestExecutionListener, org.springframework.boot.test.autoconfigure.web.servlet.WebDriverTestExecutionListener, org.springframework.boot.test.autoconfigure.webservices.client.MockWebServiceServerTestExecutionListener, org.springframework.test.context.web.ServletTestExecutionListener, org.springframework.test.context.support.DirtiesContextBeforeModesTestExecutionListener, org.springframework.test.context.event.ApplicationEventsTestExecutionListener, org.springframework.test.context.support.DependencyInjectionTestExecutionListener, org.springframework.test.context.support.DirtiesContextTestExecutionListener, org.springframework.test.context.transaction.TransactionalTestExecutionListener, org.springframework.test.context.jdbc.SqlScriptsTestExecutionListener, org.springframework.test.context.event.EventPublishingTestExecutionListener, org.spockframework.spring.SpringMockTestExecutionListener]
2024-05-17 16:25:32.937  INFO 62362 --- [           main] .b.t.c.SpringBootTestContextBootstrapper : Using TestExecutionListeners: [org.springframework.test.context.web.ServletTestExecutionListener@1a23136f, org.springframework.test.context.support.DirtiesContextBeforeModesTestExecutionListener@23a78d2e, org.springframework.test.context.event.ApplicationEventsTestExecutionListener@20724c21, org.springframework.boot.test.mock.mockito.MockitoTestExecutionListener@c0cb9c2, org.springframework.boot.test.autoconfigure.SpringBootDependencyInjectionTestExecutionListener@eb66b47, org.springframework.test.context.support.DirtiesContextTestExecutionListener@11e75942, org.springframework.test.context.event.EventPublishingTestExecutionListener@23c61c1b, org.springframework.boot.test.mock.mockito.ResetMocksTestExecutionListener@4a6d6308, org.springframework.boot.test.autoconfigure.restdocs.RestDocsTestExecutionListener@773cc551, org.springframework.boot.test.autoconfigure.web.client.MockRestServiceServerResetTestExecutionListener@5cbaafbd, org.springframework.boot.test.autoconfigure.web.servlet.MockMvcPrintOnlyOnFailureTestExecutionListener@4f0f56f5, org.springframework.boot.test.autoconfigure.web.servlet.WebDriverTestExecutionListener@6edb093f, org.springframework.boot.test.autoconfigure.webservices.client.MockWebServiceServerTestExecutionListener@7f5c4ff8, org.spockframework.spring.SpringMockTestExecutionListener@7692c0e9]
2024-05-17 16:25:32.939  INFO 62362 --- [WebServer 36215] okhttp3.mockwebserver.MockWebServer      : MockWebServer[36215] starting to accept connections
2024-05-17 16:25:32.942  INFO 62362 --- [127.0.0.1:34510] okhttp3.mockwebserver.MockWebServer      : MockWebServer[36215] received request: POST /api/v1/namespaces/defnamespace/configmaps HTTP/1.1 and responded: HTTP/1.1 200 OK
2024-05-17 16:25:32.945  INFO 62362 --- [127.0.0.1:34510] okhttp3.mockwebserver.MockWebServer      : MockWebServer[36215] received request: POST /api/v1/namespaces/s2/configmaps HTTP/1.1 and responded: HTTP/1.1 200 OK
2024-05-17 16:25:32.990  INFO 62362 --- [127.0.0.1:34510] okhttp3.mockwebserver.MockWebServer      : MockWebServer[36215] received request: POST /api/v1/namespaces/othernamespace/configmaps HTTP/1.1 and responded: HTTP/1.1 200 OK
2024-05-17 16:25:33.036  INFO 62362 --- [WebServer 43387] okhttp3.mockwebserver.MockWebServer      : MockWebServer[43387] starting to accept connections
2024-05-17 16:25:33.046  INFO 62362 --- [WebServer 43387] okhttp3.mockwebserver.MockWebServer      : MockWebServer[43387] done accepting connections: Socket closed
2024-05-17 16:25:33.052  INFO 62362 --- [WebServer 50803] okhttp3.mockwebserver.MockWebServer      : MockWebServer[50803] starting to accept connections
2024-05-17 16:25:33.054  INFO 62362 --- [WebServer 36067] okhttp3.mockwebserver.MockWebServer      : MockWebServer[36067] starting to accept connections

  .   ____          _            __ _ _
 /\\ / ___'_ __ _ _(_)_ __  __ _ \ \ \ \
( ( )\___ | '_ | '_| | '_ \/ _` | \ \ \ \
 \\/  ___)| |_)| | | | | || (_| |  ) ) ) )
  '  |____| .__|_| |_|_| |_\__, | / / / /
 =========|_|==============|___/=/_/_/_/
 :: Spring Boot ::                (v2.6.3)

2024-05-17 16:25:33.181  INFO 62362 --- [           main] e.i.cs.testrunner.execution.Executor$    : No active profile set, falling back to default profiles: default
2024-05-17 16:25:33.199  INFO 62362 --- [           main] o.s.cloud.context.scope.GenericScope     : BeanFactory id=5adb76a5-ffff-3c5f-a60f-7f84faf1ce0f
2024-05-17 16:25:33.204  INFO 62362 --- [           main] e.i.cs.testrunner.execution.Executor$    : Started Executor. in 0.148 seconds (JVM running for 12.634)
2024-05-17 16:25:33.205  INFO 62362 --- [WebServer 36067] okhttp3.mockwebserver.MockWebServer      : MockWebServer[36067] done accepting connections: Socket closed
2024-05-17 16:25:33.210  INFO 62362 --- [WebServer 54775] okhttp3.mockwebserver.MockWebServer      : MockWebServer[54775] starting to accept connections
2024-05-17 16:25:33.213  INFO 62362 --- [WebServer 35309] okhttp3.mockwebserver.MockWebServer      : MockWebServer[35309] starting to accept connections
2024-05-17 16:25:33.248  WARN 62362 --- [           main] ubernetesProfileEnvironmentPostProcessor : Not running inside kubernetes. Skipping 'kubernetes' profile activation.

  .   ____          _            __ _ _
 /\\ / ___'_ __ _ _(_)_ __  __ _ \ \ \ \
( ( )\___ | '_ | '_| | '_ \/ _` | \ \ \ \
 \\/  ___)| |_)| | | | | || (_| |  ) ) ) )
  '  |____| .__|_| |_|_| |_\__, | / / / /
 =========|_|==============|___/=/_/_/_/
 :: Spring Boot ::                (v2.6.3)

2024-05-17 16:25:33.319  INFO 62362 --- [           main] s.c.k.f.c.Fabric8ConfigMapPropertySource : Loading ConfigMap with name 'application' in namespace 'default'
2024-05-17 16:25:33.321  INFO 62362 --- [127.0.0.1:34512] okhttp3.mockwebserver.MockWebServer      : MockWebServer[36215] received request: GET /api/v1/namespaces/default/configmaps/application HTTP/1.1 and responded: HTTP/1.1 404 Client Error
2024-05-17 16:25:33.322  INFO 62362 --- [           main] o.s.c.k.f.config.Fabric8ConfigUtils      : config-map with name : 'application' not present in namespace : 'default'
2024-05-17 16:25:33.323  INFO 62362 --- [           main] b.c.PropertySourceBootstrapConfiguration : Located property source: [BootstrapPropertySource {name='bootstrapProperties-configmap.application.default'}]
2024-05-17 16:25:33.326  WARN 62362 --- [           main] ubernetesProfileEnvironmentPostProcessor : Not running inside kubernetes. Skipping 'kubernetes' profile activation.
2024-05-17 16:25:33.326  INFO 62362 --- [           main] e.i.cs.testrunner.execution.Executor$    : No active profile set, falling back to default profiles: default
2024-05-17 16:25:33.345  INFO 62362 --- [           main] o.s.cloud.context.scope.GenericScope     : BeanFactory id=9e8f334d-ea3e-3bac-a635-d33d7314ddc7
2024-05-17 16:25:33.350  INFO 62362 --- [           main] e.i.cs.testrunner.execution.Executor$    : Started Executor. in 0.136 seconds (JVM running for 12.78)
2024-05-17 16:25:33.351  INFO 62362 --- [WebServer 35309] okhttp3.mockwebserver.MockWebServer      : MockWebServer[35309] done accepting connections: Socket closed
2024-05-17 16:25:33.364  INFO 62362 --- [WebServer 43481] okhttp3.mockwebserver.MockWebServer      : MockWebServer[43481] starting to accept connections
2024-05-17 16:25:33.366  INFO 62362 --- [WebServer 56717] okhttp3.mockwebserver.MockWebServer      : MockWebServer[56717] starting to accept connections
2024-05-17 16:25:33.406  WARN 62362 --- [           main] ubernetesProfileEnvironmentPostProcessor : Not running inside kubernetes. Skipping 'kubernetes' profile activation.

  .   ____          _            __ _ _
 /\\ / ___'_ __ _ _(_)_ __  __ _ \ \ \ \
( ( )\___ | '_ | '_| | '_ \/ _` | \ \ \ \
 \\/  ___)| |_)| | | | | || (_| |  ) ) ) )
  '  |____| .__|_| |_|_| |_\__, | / / / /
 =========|_|==============|___/=/_/_/_/
 :: Spring Boot ::                (v2.6.3)

2024-05-17 16:25:33.483  INFO 62362 --- [           main] s.c.k.f.c.Fabric8ConfigMapPropertySource : Loading ConfigMap with name 'application' in namespace 'default'
2024-05-17 16:25:33.487  INFO 62362 --- [127.0.0.1:34522] okhttp3.mockwebserver.MockWebServer      : MockWebServer[36215] received request: GET /api/v1/namespaces/default/configmaps/application HTTP/1.1 and responded: HTTP/1.1 404 Client Error
2024-05-17 16:25:33.490  INFO 62362 --- [           main] o.s.c.k.f.config.Fabric8ConfigUtils      : config-map with name : 'application' not present in namespace : 'default'
2024-05-17 16:25:33.491  INFO 62362 --- [           main] b.c.PropertySourceBootstrapConfiguration : Located property source: [BootstrapPropertySource {name='bootstrapProperties-configmap.application.default'}]
2024-05-17 16:25:33.493  WARN 62362 --- [           main] ubernetesProfileEnvironmentPostProcessor : Not running inside kubernetes. Skipping 'kubernetes' profile activation.
2024-05-17 16:25:33.493  INFO 62362 --- [           main] e.i.cs.testrunner.execution.Executor$    : No active profile set, falling back to default profiles: default
2024-05-17 16:25:33.508  INFO 62362 --- [           main] o.s.cloud.context.scope.GenericScope     : BeanFactory id=9e8f334d-ea3e-3bac-a635-d33d7314ddc7
2024-05-17 16:25:33.512  INFO 62362 --- [           main] e.i.cs.testrunner.execution.Executor$    : Started Executor. in 0.145 seconds (JVM running for 12.942)
2024-05-17 16:25:33.513  INFO 62362 --- [WebServer 56717] okhttp3.mockwebserver.MockWebServer      : MockWebServer[56717] done accepting connections: Socket closed
2024-05-17 16:25:33.518  INFO 62362 --- [WebServer 49379] okhttp3.mockwebserver.MockWebServer      : MockWebServer[49379] starting to accept connections
2024-05-17 16:25:33.520  INFO 62362 --- [WebServer 40817] okhttp3.mockwebserver.MockWebServer      : MockWebServer[40817] starting to accept connections
2024-05-17 16:25:33.562  WARN 62362 --- [           main] ubernetesProfileEnvironmentPostProcessor : Not running inside kubernetes. Skipping 'kubernetes' profile activation.

  .   ____          _            __ _ _
 /\\ / ___'_ __ _ _(_)_ __  __ _ \ \ \ \
( ( )\___ | '_ | '_| | '_ \/ _` | \ \ \ \
 \\/  ___)| |_)| | | | | || (_| |  ) ) ) )
  '  |____| .__|_| |_|_| |_\__, | / / / /
 =========|_|==============|___/=/_/_/_/
 :: Spring Boot ::                (v2.6.3)

2024-05-17 16:25:33.634  WARN 62362 --- [           main] ubernetesProfileEnvironmentPostProcessor : Not running inside kubernetes. Skipping 'kubernetes' profile activation.
2024-05-17 16:25:33.634  INFO 62362 --- [           main] e.i.cs.testrunner.execution.Executor$    : No active profile set, falling back to default profiles: default
2024-05-17 16:25:33.648  INFO 62362 --- [           main] o.s.cloud.context.scope.GenericScope     : BeanFactory id=9bb0c735-c94f-3d6c-a130-cef04bd7ea41
2024-05-17 16:25:33.652  INFO 62362 --- [           main] e.i.cs.testrunner.execution.Executor$    : Started Executor. in 0.131 seconds (JVM running for 13.082)
2024-05-17 16:25:33.654  INFO 62362 --- [WebServer 40817] okhttp3.mockwebserver.MockWebServer      : MockWebServer[40817] done accepting connections: Socket closed
2024-05-17 16:25:33.659  INFO 62362 --- [WebServer 42769] okhttp3.mockwebserver.MockWebServer      : MockWebServer[42769] starting to accept connections
2024-05-17 16:25:33.661  INFO 62362 --- [WebServer 35323] okhttp3.mockwebserver.MockWebServer      : MockWebServer[35323] starting to accept connections
2024-05-17 16:25:33.709  WARN 62362 --- [           main] ubernetesProfileEnvironmentPostProcessor : Not running inside kubernetes. Skipping 'kubernetes' profile activation.

  .   ____          _            __ _ _
 /\\ / ___'_ __ _ _(_)_ __  __ _ \ \ \ \
( ( )\___ | '_ | '_| | '_ \/ _` | \ \ \ \
 \\/  ___)| |_)| | | | | || (_| |  ) ) ) )
  '  |____| .__|_| |_|_| |_\__, | / / / /
 =========|_|==============|___/=/_/_/_/
 :: Spring Boot ::                (v2.6.3)

2024-05-17 16:25:33.783  WARN 62362 --- [           main] ubernetesProfileEnvironmentPostProcessor : Not running inside kubernetes. Skipping 'kubernetes' profile activation.
2024-05-17 16:25:33.783  INFO 62362 --- [           main] e.i.cs.testrunner.execution.Executor$    : No active profile set, falling back to default profiles: default
2024-05-17 16:25:33.796  INFO 62362 --- [           main] o.s.cloud.context.scope.GenericScope     : BeanFactory id=5adb76a5-ffff-3c5f-a60f-7f84faf1ce0f
2024-05-17 16:25:33.800  INFO 62362 --- [           main] e.i.cs.testrunner.execution.Executor$    : Started Executor. in 0.138 seconds (JVM running for 13.23)
2024-05-17 16:25:33.801  INFO 62362 --- [WebServer 35323] okhttp3.mockwebserver.MockWebServer      : MockWebServer[35323] done accepting connections: Socket closed
2024-05-17 16:25:33.806  INFO 62362 --- [WebServer 40653] okhttp3.mockwebserver.MockWebServer      : MockWebServer[40653] starting to accept connections
2024-05-17 16:25:33.808  INFO 62362 --- [WebServer 42949] okhttp3.mockwebserver.MockWebServer      : MockWebServer[42949] starting to accept connections
2024-05-17 16:25:33.841  WARN 62362 --- [           main] ubernetesProfileEnvironmentPostProcessor : Not running inside kubernetes. Skipping 'kubernetes' profile activation.

  .   ____          _            __ _ _
 /\\ / ___'_ __ _ _(_)_ __  __ _ \ \ \ \
( ( )\___ | '_ | '_| | '_ \/ _` | \ \ \ \
 \\/  ___)| |_)| | | | | || (_| |  ) ) ) )
  '  |____| .__|_| |_|_| |_\__, | / / / /
 =========|_|==============|___/=/_/_/_/
 :: Spring Boot ::                (v2.6.3)

2024-05-17 16:25:33.910  INFO 62362 --- [           main] s.c.k.f.c.Fabric8ConfigMapPropertySource : Loading ConfigMap with name 'application' in namespace 'default'
2024-05-17 16:25:33.912  INFO 62362 --- [127.0.0.1:34538] okhttp3.mockwebserver.MockWebServer      : MockWebServer[36215] received request: GET /api/v1/namespaces/default/configmaps/application HTTP/1.1 and responded: HTTP/1.1 404 Client Error
2024-05-17 16:25:33.914  INFO 62362 --- [           main] o.s.c.k.f.config.Fabric8ConfigUtils      : config-map with name : 'application' not present in namespace : 'default'
2024-05-17 16:25:33.915  INFO 62362 --- [           main] b.c.PropertySourceBootstrapConfiguration : Located property source: [BootstrapPropertySource {name='bootstrapProperties-configmap.application.default'}]
2024-05-17 16:25:33.917  WARN 62362 --- [           main] ubernetesProfileEnvironmentPostProcessor : Not running inside kubernetes. Skipping 'kubernetes' profile activation.
2024-05-17 16:25:33.917  INFO 62362 --- [           main] e.i.cs.testrunner.execution.Executor$    : No active profile set, falling back to default profiles: default
2024-05-17 16:25:33.932  INFO 62362 --- [           main] o.s.cloud.context.scope.GenericScope     : BeanFactory id=9e8f334d-ea3e-3bac-a635-d33d7314ddc7
2024-05-17 16:25:33.936  INFO 62362 --- [           main] e.i.cs.testrunner.execution.Executor$    : Started Executor. in 0.128 seconds (JVM running for 13.366)
2024-05-17 16:25:33.938  INFO 62362 --- [WebServer 42949] okhttp3.mockwebserver.MockWebServer      : MockWebServer[42949] done accepting connections: Socket closed
2024-05-17 16:25:33.941  INFO 62362 --- [WebServer 48555] okhttp3.mockwebserver.MockWebServer      : MockWebServer[48555] starting to accept connections
2024-05-17 16:25:33.943  INFO 62362 --- [WebServer 50699] okhttp3.mockwebserver.MockWebServer      : MockWebServer[50699] starting to accept connections
2024-05-17 16:25:33.978  WARN 62362 --- [           main] ubernetesProfileEnvironmentPostProcessor : Not running inside kubernetes. Skipping 'kubernetes' profile activation.

  .   ____          _            __ _ _
 /\\ / ___'_ __ _ _(_)_ __  __ _ \ \ \ \
( ( )\___ | '_ | '_| | '_ \/ _` | \ \ \ \
 \\/  ___)| |_)| | | | | || (_| |  ) ) ) )
  '  |____| .__|_| |_|_| |_\__, | / / / /
 =========|_|==============|___/=/_/_/_/
 :: Spring Boot ::                (v2.6.3)

2024-05-17 16:25:34.041  WARN 62362 --- [           main] ubernetesProfileEnvironmentPostProcessor : Not running inside kubernetes. Skipping 'kubernetes' profile activation.
2024-05-17 16:25:34.042  INFO 62362 --- [           main] e.i.cs.testrunner.execution.Executor$    : No active profile set, falling back to default profiles: default
2024-05-17 16:25:34.056  INFO 62362 --- [           main] o.s.cloud.context.scope.GenericScope     : BeanFactory id=5adb76a5-ffff-3c5f-a60f-7f84faf1ce0f
2024-05-17 16:25:34.060  INFO 62362 --- [           main] e.i.cs.testrunner.execution.Executor$    : Started Executor. in 0.116 seconds (JVM running for 13.49)
2024-05-17 16:25:34.062  INFO 62362 --- [WebServer 50699] okhttp3.mockwebserver.MockWebServer      : MockWebServer[50699] done accepting connections: Socket closed
2024-05-17 16:25:34.067  INFO 62362 --- [           main] .b.t.c.SpringBootTestContextBootstrapper : Neither @ContextConfiguration nor @ContextHierarchy found for test class [org.springframework.cloud.kubernetes.fabric8.config.HealthIndicatorTest], using SpringBootContextLoader
2024-05-17 16:25:34.068  INFO 62362 --- [           main] o.s.t.c.support.AbstractContextLoader    : Could not detect default resource locations for test class [org.springframework.cloud.kubernetes.fabric8.config.HealthIndicatorTest]: no resource found for suffixes {-context.xml, Context.groovy}.
2024-05-17 16:25:34.070  INFO 62362 --- [           main] .b.t.c.SpringBootTestContextBootstrapper : Loaded default TestExecutionListener class names from location [META-INF/spring.factories]: [org.springframework.boot.test.mock.mockito.MockitoTestExecutionListener, org.springframework.boot.test.mock.mockito.ResetMocksTestExecutionListener, org.springframework.boot.test.autoconfigure.restdocs.RestDocsTestExecutionListener, org.springframework.boot.test.autoconfigure.web.client.MockRestServiceServerResetTestExecutionListener, org.springframework.boot.test.autoconfigure.web.servlet.MockMvcPrintOnlyOnFailureTestExecutionListener, org.springframework.boot.test.autoconfigure.web.servlet.WebDriverTestExecutionListener, org.springframework.boot.test.autoconfigure.webservices.client.MockWebServiceServerTestExecutionListener, org.springframework.test.context.web.ServletTestExecutionListener, org.springframework.test.context.support.DirtiesContextBeforeModesTestExecutionListener, org.springframework.test.context.event.ApplicationEventsTestExecutionListener, org.springframework.test.context.support.DependencyInjectionTestExecutionListener, org.springframework.test.context.support.DirtiesContextTestExecutionListener, org.springframework.test.context.transaction.TransactionalTestExecutionListener, org.springframework.test.context.jdbc.SqlScriptsTestExecutionListener, org.springframework.test.context.event.EventPublishingTestExecutionListener, org.spockframework.spring.SpringMockTestExecutionListener]
2024-05-17 16:25:34.072  INFO 62362 --- [           main] .b.t.c.SpringBootTestContextBootstrapper : Using TestExecutionListeners: [org.springframework.test.context.web.ServletTestExecutionListener@3021e31, org.springframework.test.context.support.DirtiesContextBeforeModesTestExecutionListener@4d305059, org.springframework.test.context.event.ApplicationEventsTestExecutionListener@3304362e, org.springframework.boot.test.mock.mockito.MockitoTestExecutionListener@78b293a, org.springframework.boot.test.autoconfigure.SpringBootDependencyInjectionTestExecutionListener@146b4c6c, org.springframework.test.context.support.DirtiesContextTestExecutionListener@5b166420, org.springframework.test.context.event.EventPublishingTestExecutionListener@49318c2a, org.springframework.boot.test.mock.mockito.ResetMocksTestExecutionListener@17adbecf, org.springframework.boot.test.autoconfigure.restdocs.RestDocsTestExecutionListener@59eb987a, org.springframework.boot.test.autoconfigure.web.client.MockRestServiceServerResetTestExecutionListener@31b4c003, org.springframework.boot.test.autoconfigure.web.servlet.MockMvcPrintOnlyOnFailureTestExecutionListener@74214ac3, org.springframework.boot.test.autoconfigure.web.servlet.WebDriverTestExecutionListener@e00c94e, org.springframework.boot.test.autoconfigure.webservices.client.MockWebServiceServerTestExecutionListener@b2db8bc, org.spockframework.spring.SpringMockTestExecutionListener@1c0ec502]
2024-05-17 16:25:34.073  INFO 62362 --- [WebServer 36267] okhttp3.mockwebserver.MockWebServer      : MockWebServer[36267] starting to accept connections
2024-05-17 16:25:34.111  WARN 62362 --- [           main] ubernetesProfileEnvironmentPostProcessor : Not running inside kubernetes. Skipping 'kubernetes' profile activation.

  .   ____          _            __ _ _
 /\\ / ___'_ __ _ _(_)_ __  __ _ \ \ \ \
( ( )\___ | '_ | '_| | '_ \/ _` | \ \ \ \
 \\/  ___)| |_)| | | | | || (_| |  ) ) ) )
  '  |____| .__|_| |_|_| |_\__, | / / / /
 =========|_|==============|___/=/_/_/_/
 :: Spring Boot ::                (v2.6.3)

2024-05-17 16:25:34.193  WARN 62362 --- [           main] ubernetesProfileEnvironmentPostProcessor : Not running inside kubernetes. Skipping 'kubernetes' profile activation.
2024-05-17 16:25:34.194  INFO 62362 --- [           main] o.s.c.k.f.config.HealthIndicatorTest     : No active profile set, falling back to default profiles: default
2024-05-17 16:25:34.397  INFO 62362 --- [           main] o.s.cloud.context.scope.GenericScope     : BeanFactory id=cf6232b6-8180-3b95-aacc-818afebc75eb
2024-05-17 16:25:34.509  INFO 62362 --- [           main] o.s.b.w.embedded.tomcat.TomcatWebServer  : Tomcat initialized with port(s): 0 (http)
2024-05-17 16:25:34.509  INFO 62362 --- [           main] o.apache.catalina.core.StandardService   : Starting service [Tomcat]
2024-05-17 16:25:34.510  INFO 62362 --- [           main] org.apache.catalina.core.StandardEngine  : Starting Servlet engine: [Apache Tomcat/9.0.56]
2024-05-17 16:25:34.520  INFO 62362 --- [           main] o.a.c.c.C.[Tomcat-2].[localhost].[/]     : Initializing Spring embedded WebApplicationContext
2024-05-17 16:25:34.520  INFO 62362 --- [           main] w.s.c.ServletWebServerApplicationContext : Root WebApplicationContext: initialization completed in 325 ms
2024-05-17 16:25:35.207  INFO 62362 --- [           main] o.s.b.a.e.web.EndpointLinksResolver      : Exposing 1 endpoint(s) beneath base path '/actuator'
2024-05-17 16:25:35.251  INFO 62362 --- [           main] o.s.b.w.embedded.tomcat.TomcatWebServer  : Tomcat started on port(s): 33201 (http) with context path ''
2024-05-17 16:25:35.258  INFO 62362 --- [           main] o.s.c.k.f.config.HealthIndicatorTest     : Started HealthIndicatorTest in 1.183 seconds (JVM running for 14.688)
2024-05-17 16:25:35.269  INFO 62362 --- [WebServer 34479] okhttp3.mockwebserver.MockWebServer      : MockWebServer[34479] starting to accept connections
2024-05-17 16:25:35.280  INFO 62362 --- [o-auto-3-exec-1] o.a.c.c.C.[Tomcat-2].[localhost].[/]     : Initializing Spring DispatcherServlet 'dispatcherServlet'
2024-05-17 16:25:35.280  INFO 62362 --- [o-auto-3-exec-1] o.s.web.servlet.DispatcherServlet        : Initializing Servlet 'dispatcherServlet'
2024-05-17 16:25:35.281  INFO 62362 --- [o-auto-3-exec-1] o.s.web.servlet.DispatcherServlet        : Completed initialization in 1 ms
2024-05-17 16:25:35.337  INFO 62362 --- [WebServer 34479] okhttp3.mockwebserver.MockWebServer      : MockWebServer[34479] done accepting connections: Socket closed
2024-05-17 16:25:35.345  INFO 62362 --- [           main] .b.t.c.SpringBootTestContextBootstrapper : Neither @ContextConfiguration nor @ContextHierarchy found for test class [org.springframework.cloud.kubernetes.fabric8.config.Fabric8SecretsPropertySourceTest], using SpringBootContextLoader
2024-05-17 16:25:35.347  INFO 62362 --- [           main] o.s.t.c.support.AbstractContextLoader    : Could not detect default resource locations for test class [org.springframework.cloud.kubernetes.fabric8.config.Fabric8SecretsPropertySourceTest]: no resource found for suffixes {-context.xml, Context.groovy}.
2024-05-17 16:25:35.350  INFO 62362 --- [           main] .b.t.c.SpringBootTestContextBootstrapper : Loaded default TestExecutionListener class names from location [META-INF/spring.factories]: [org.springframework.boot.test.mock.mockito.MockitoTestExecutionListener, org.springframework.boot.test.mock.mockito.ResetMocksTestExecutionListener, org.springframework.boot.test.autoconfigure.restdocs.RestDocsTestExecutionListener, org.springframework.boot.test.autoconfigure.web.client.MockRestServiceServerResetTestExecutionListener, org.springframework.boot.test.autoconfigure.web.servlet.MockMvcPrintOnlyOnFailureTestExecutionListener, org.springframework.boot.test.autoconfigure.web.servlet.WebDriverTestExecutionListener, org.springframework.boot.test.autoconfigure.webservices.client.MockWebServiceServerTestExecutionListener, org.springframework.test.context.web.ServletTestExecutionListener, org.springframework.test.context.support.DirtiesContextBeforeModesTestExecutionListener, org.springframework.test.context.event.ApplicationEventsTestExecutionListener, org.springframework.test.context.support.DependencyInjectionTestExecutionListener, org.springframework.test.context.support.DirtiesContextTestExecutionListener, org.springframework.test.context.transaction.TransactionalTestExecutionListener, org.springframework.test.context.jdbc.SqlScriptsTestExecutionListener, org.springframework.test.context.event.EventPublishingTestExecutionListener, org.spockframework.spring.SpringMockTestExecutionListener]
2024-05-17 16:25:35.352  INFO 62362 --- [           main] .b.t.c.SpringBootTestContextBootstrapper : Using TestExecutionListeners: [org.springframework.test.context.web.ServletTestExecutionListener@329b4b8b, org.springframework.test.context.support.DirtiesContextBeforeModesTestExecutionListener@6124a7c0, org.springframework.test.context.event.ApplicationEventsTestExecutionListener@77a13162, org.springframework.boot.test.mock.mockito.MockitoTestExecutionListener@6bea0866, org.springframework.boot.test.autoconfigure.SpringBootDependencyInjectionTestExecutionListener@3c5d183, org.springframework.test.context.support.DirtiesContextTestExecutionListener@471b7c9c, org.springframework.test.context.event.EventPublishingTestExecutionListener@39cf7f3c, org.springframework.boot.test.mock.mockito.ResetMocksTestExecutionListener@25df95b, org.springframework.boot.test.autoconfigure.restdocs.RestDocsTestExecutionListener@2fb9695a, org.springframework.boot.test.autoconfigure.web.client.MockRestServiceServerResetTestExecutionListener@33da0fad, org.springframework.boot.test.autoconfigure.web.servlet.MockMvcPrintOnlyOnFailureTestExecutionListener@712eb075, org.springframework.boot.test.autoconfigure.web.servlet.WebDriverTestExecutionListener@1cd4082a, org.springframework.boot.test.autoconfigure.webservices.client.MockWebServiceServerTestExecutionListener@78c34153, org.spockframework.spring.SpringMockTestExecutionListener@1b079e81]
2024-05-17 16:25:35.354  INFO 62362 --- [WebServer 58697] okhttp3.mockwebserver.MockWebServer      : MockWebServer[58697] starting to accept connections
2024-05-17 16:25:35.359  INFO 62362 --- [127.0.0.1:41310] okhttp3.mockwebserver.MockWebServer      : MockWebServer[58697] received request: POST /api/v1/namespaces/test/secrets HTTP/1.1 and responded: HTTP/1.1 200 OK
2024-05-17 16:25:35.412  WARN 62362 --- [           main] ubernetesProfileEnvironmentPostProcessor : Not running inside kubernetes. Skipping 'kubernetes' profile activation.

  .   ____          _            __ _ _
 /\\ / ___'_ __ _ _(_)_ __  __ _ \ \ \ \
( ( )\___ | '_ | '_| | '_ \/ _` | \ \ \ \
 \\/  ___)| |_)| | | | | || (_| |  ) ) ) )
  '  |____| .__|_| |_|_| |_\__, | / / / /
 =========|_|==============|___/=/_/_/_/
 :: Spring Boot ::                (v2.6.3)

2024-05-17 16:25:35.490  INFO 62362 --- [           main] s.c.k.f.c.Fabric8ConfigMapPropertySource : Loading ConfigMap with name 'configmap-example' in namespace 'test'
2024-05-17 16:25:35.492  INFO 62362 --- [127.0.0.1:41316] okhttp3.mockwebserver.MockWebServer      : MockWebServer[58697] received request: GET /api/v1/namespaces/test/configmaps/configmap-example HTTP/1.1 and responded: HTTP/1.1 404 Client Error
2024-05-17 16:25:35.493  INFO 62362 --- [           main] o.s.c.k.f.config.Fabric8ConfigUtils      : config-map with name : 'configmap-example' not present in namespace : 'test'
2024-05-17 16:25:35.495  INFO 62362 --- [           main] b.c.PropertySourceBootstrapConfiguration : Located property source: [BootstrapPropertySource {name='bootstrapProperties-configmap.configmap-example.test'}]
2024-05-17 16:25:35.495  INFO 62362 --- [           main] o.s.c.k.f.c.Fabric8SecretsPropertySource : Loading Secret with name 'configmap-example' or with labels [{foo=bar}] in namespace 'test'
2024-05-17 16:25:35.496  INFO 62362 --- [127.0.0.1:41316] okhttp3.mockwebserver.MockWebServer      : MockWebServer[58697] received request: GET /api/v1/namespaces/test/secrets/configmap-example HTTP/1.1 and responded: HTTP/1.1 404 Client Error
2024-05-17 16:25:35.496  WARN 62362 --- [           main] o.s.c.k.f.c.Fabric8SecretsPropertySource : secret with name : configmap-example in namespace : test not found
2024-05-17 16:25:35.498  INFO 62362 --- [127.0.0.1:41316] okhttp3.mockwebserver.MockWebServer      : MockWebServer[58697] received request: GET /api/v1/namespaces/test/secrets?labelSelector=foo%3Dbar HTTP/1.1 and responded: HTTP/1.1 200 OK
2024-05-17 16:25:35.538 DEBUG 62362 --- [           main] o.s.c.k.f.c.Fabric8SecretsPropertySource : reading secret with name : test-secret in namespace : test
2024-05-17 16:25:35.539  INFO 62362 --- [           main] b.c.PropertySourceBootstrapConfiguration : Located property source: [BootstrapPropertySource {name='bootstrapProperties-secrets.configmap-example.test'}]
2024-05-17 16:25:35.560  WARN 62362 --- [           main] ubernetesProfileEnvironmentPostProcessor : Not running inside kubernetes. Skipping 'kubernetes' profile activation.
2024-05-17 16:25:35.561  INFO 62362 --- [           main] c.k.f.c.Fabric8SecretsPropertySourceTest : No active profile set, falling back to default profiles: default
2024-05-17 16:25:35.779  INFO 62362 --- [           main] o.s.cloud.context.scope.GenericScope     : BeanFactory id=e369cf40-d234-36e2-a4dc-38329760186f
2024-05-17 16:25:35.899  INFO 62362 --- [           main] o.s.b.w.embedded.tomcat.TomcatWebServer  : Tomcat initialized with port(s): 0 (http)
2024-05-17 16:25:35.900  INFO 62362 --- [           main] o.apache.catalina.core.StandardService   : Starting service [Tomcat]
2024-05-17 16:25:35.900  INFO 62362 --- [           main] org.apache.catalina.core.StandardEngine  : Starting Servlet engine: [Apache Tomcat/9.0.56]
2024-05-17 16:25:35.911  INFO 62362 --- [           main] o.a.c.c.C.[Tomcat-3].[localhost].[/]     : Initializing Spring embedded WebApplicationContext
2024-05-17 16:25:35.911  INFO 62362 --- [           main] w.s.c.ServletWebServerApplicationContext : Root WebApplicationContext: initialization completed in 349 ms
2024-05-17 16:25:36.639  INFO 62362 --- [           main] o.s.b.a.e.web.EndpointLinksResolver      : Exposing 1 endpoint(s) beneath base path '/actuator'
2024-05-17 16:25:36.690  INFO 62362 --- [           main] o.s.b.w.embedded.tomcat.TomcatWebServer  : Tomcat started on port(s): 38005 (http) with context path ''
2024-05-17 16:25:36.697  INFO 62362 --- [           main] c.k.f.c.Fabric8SecretsPropertySourceTest : Started Fabric8SecretsPropertySourceTest in 1.336 seconds (JVM running for 16.127)
2024-05-17 16:25:36.704  INFO 62362 --- [WebServer 56905] okhttp3.mockwebserver.MockWebServer      : MockWebServer[56905] starting to accept connections
2024-05-17 16:25:36.708  INFO 62362 --- [           main] o.s.c.k.f.c.Fabric8SecretsPropertySource : Loading Secret with name 'configmap-example' or with labels [{foo=bar}] in namespace 'test'
2024-05-17 16:25:36.709  INFO 62362 --- [127.0.0.1:41316] okhttp3.mockwebserver.MockWebServer      : MockWebServer[58697] received request: GET /api/v1/namespaces/test/secrets/configmap-example HTTP/1.1 and responded: HTTP/1.1 404 Client Error
2024-05-17 16:25:36.709  WARN 62362 --- [           main] o.s.c.k.f.c.Fabric8SecretsPropertySource : secret with name : configmap-example in namespace : test not found
2024-05-17 16:25:36.711  INFO 62362 --- [127.0.0.1:41316] okhttp3.mockwebserver.MockWebServer      : MockWebServer[58697] received request: GET /api/v1/namespaces/test/secrets?labelSelector=foo%3Dbar HTTP/1.1 and responded: HTTP/1.1 200 OK
2024-05-17 16:25:36.752 DEBUG 62362 --- [           main] o.s.c.k.f.c.Fabric8SecretsPropertySource : reading secret with name : test-secret in namespace : test
2024-05-17 16:25:36.759  INFO 62362 --- [WebServer 56905] okhttp3.mockwebserver.MockWebServer      : MockWebServer[56905] done accepting connections: Socket closed
2024-05-17 16:25:36.772  INFO 62362 --- [WebServer 57949] okhttp3.mockwebserver.MockWebServer      : MockWebServer[57949] starting to accept connections
2024-05-17 16:25:36.879  INFO 62362 --- [WebServer 49905] okhttp3.mockwebserver.MockWebServer      : MockWebServer[49905] starting to accept connections
2024-05-17 16:25:36.883  INFO 62362 --- [WebServer 49905] okhttp3.mockwebserver.MockWebServer      : MockWebServer[49905] done accepting connections: Socket closed
2024-05-17 16:25:36.888  INFO 62362 --- [WebServer 48161] okhttp3.mockwebserver.MockWebServer      : MockWebServer[48161] starting to accept connections
2024-05-17 16:25:36.891  INFO 62362 --- [WebServer 43889] okhttp3.mockwebserver.MockWebServer      : MockWebServer[43889] starting to accept connections
2024-05-17 16:25:36.892  INFO 62362 --- [           main] o.s.c.k.f.c.Fabric8SecretsPropertySource : Loading Secret with name 'my-secret' or with labels [{}] in namespace 'ns'
2024-05-17 16:25:36.892  WARN 62362 --- [           main] o.s.c.k.f.c.Fabric8SecretsPropertySource : Can't read secret with name: [my-secret] or labels [{}] in namespace: [ns] (cause: null). Ignoring
2024-05-17 16:25:36.892  INFO 62362 --- [WebServer 43889] okhttp3.mockwebserver.MockWebServer      : MockWebServer[43889] done accepting connections: Socket closed
2024-05-17 16:25:36.897  INFO 62362 --- [WebServer 45709] okhttp3.mockwebserver.MockWebServer      : MockWebServer[45709] starting to accept connections
2024-05-17 16:25:36.900  INFO 62362 --- [WebServer 42637] okhttp3.mockwebserver.MockWebServer      : MockWebServer[42637] starting to accept connections
2024-05-17 16:25:36.900  INFO 62362 --- [           main] o.s.c.k.f.c.Fabric8SecretsPropertySource : Loading Secret with name 'my-secret' or with labels [{}] in namespace 'namespace'
2024-05-17 16:25:36.901  WARN 62362 --- [           main] o.s.c.k.f.c.Fabric8SecretsPropertySource : Can't read secret with name: [my-secret] or labels [{}] in namespace: [namespace] (cause: null). Ignoring
2024-05-17 16:25:36.901  INFO 62362 --- [WebServer 42637] okhttp3.mockwebserver.MockWebServer      : MockWebServer[42637] done accepting connections: Socket closed
2024-05-17 16:25:36.905  INFO 62362 --- [WebServer 34667] okhttp3.mockwebserver.MockWebServer      : MockWebServer[34667] starting to accept connections
2024-05-17 16:25:36.908  INFO 62362 --- [WebServer 59917] okhttp3.mockwebserver.MockWebServer      : MockWebServer[59917] starting to accept connections
2024-05-17 16:25:36.909  INFO 62362 --- [           main] o.s.c.k.f.c.Fabric8SecretsPropertySource : Loading Secret with name 'my-config' or with labels [{}] in namespace 'default'
2024-05-17 16:25:37.119  INFO 62362 --- [127.0.0.1:37524] okhttp3.mockwebserver.MockWebServer      : MockWebServer[34667] received request: GET /api/v1/namespaces/default/secrets/my-config HTTP/1.1 and responded: HTTP/1.1 500 Server Error
2024-05-17 16:25:37.161  INFO 62362 --- [WebServer 59917] okhttp3.mockwebserver.MockWebServer      : MockWebServer[59917] done accepting connections: Socket closed
2024-05-17 16:25:37.165  INFO 62362 --- [WebServer 57433] okhttp3.mockwebserver.MockWebServer      : MockWebServer[57433] starting to accept connections
2024-05-17 16:25:37.168  INFO 62362 --- [WebServer 45489] okhttp3.mockwebserver.MockWebServer      : MockWebServer[45489] starting to accept connections
2024-05-17 16:25:37.169  INFO 62362 --- [           main] o.s.c.k.f.c.Fabric8SecretsPropertySource : Loading Secret with name 'my-config' or with labels [{}] in namespace 'default'
2024-05-17 16:25:37.287  INFO 62362 --- [127.0.0.1:56860] okhttp3.mockwebserver.MockWebServer      : MockWebServer[57433] received request: GET /api/v1/namespaces/default/secrets/my-config HTTP/1.1 and responded: HTTP/1.1 500 Server Error
2024-05-17 16:25:37.329  WARN 62362 --- [           main] o.s.c.k.f.c.Fabric8SecretsPropertySource : Can't read secret with name: [my-config] or labels [{}] in namespace: [default] (cause: Failure executing: GET at: https://localhost:57433/api/v1/namespaces/default/secrets/my-config. Message: Internal Server Error.). Ignoring
2024-05-17 16:25:37.331  INFO 62362 --- [WebServer 45489] okhttp3.mockwebserver.MockWebServer      : MockWebServer[45489] done accepting connections: Socket closed
2024-05-17 16:25:37.344  INFO 62362 --- [WebServer 57007] okhttp3.mockwebserver.MockWebServer      : MockWebServer[57007] starting to accept connections
2024-05-17 16:25:37.353  INFO 62362 --- [WebServer 36239] okhttp3.mockwebserver.MockWebServer      : MockWebServer[36239] starting to accept connections
2024-05-17 16:25:37.356  INFO 62362 --- [           main] o.s.c.k.f.c.Fabric8SecretsPropertySource : Loading Secret with name 'my-config' or with labels [{}] in namespace 'default'
2024-05-17 16:25:37.506  INFO 62362 --- [127.0.0.1:37506] okhttp3.mockwebserver.MockWebServer      : MockWebServer[36239] received request: GET /api/v1/namespaces/default/secrets/my-config HTTP/1.1 and responded: HTTP/1.1 500 Server Error
2024-05-17 16:25:37.549  INFO 62362 --- [WebServer 36239] okhttp3.mockwebserver.MockWebServer      : MockWebServer[36239] done accepting connections: Socket closed
2024-05-17 16:25:37.567  INFO 62362 --- [WebServer 51229] okhttp3.mockwebserver.MockWebServer      : MockWebServer[51229] starting to accept connections
2024-05-17 16:25:37.575  INFO 62362 --- [WebServer 44079] okhttp3.mockwebserver.MockWebServer      : MockWebServer[44079] starting to accept connections
2024-05-17 16:25:37.577  INFO 62362 --- [           main] o.s.c.k.f.c.Fabric8SecretsPropertySource : Loading Secret with name 'my-config' or with labels [{}] in namespace 'default'
2024-05-17 16:25:37.707  INFO 62362 --- [127.0.0.1:36024] okhttp3.mockwebserver.MockWebServer      : MockWebServer[44079] received request: GET /api/v1/namespaces/default/secrets/my-config HTTP/1.1 and responded: HTTP/1.1 500 Server Error
2024-05-17 16:25:37.748  WARN 62362 --- [           main] o.s.c.k.f.c.Fabric8SecretsPropertySource : Can't read secret with name: [my-config] or labels [{}] in namespace: [default] (cause: Failure executing: GET at: https://localhost:44079/api/v1/namespaces/default/secrets/my-config. Message: Internal Server Error.). Ignoring
2024-05-17 16:25:37.748  INFO 62362 --- [WebServer 44079] okhttp3.mockwebserver.MockWebServer      : MockWebServer[44079] done accepting connections: Socket closed
2024-05-17 16:25:37.760  INFO 62362 --- [WebServer 51549] okhttp3.mockwebserver.MockWebServer      : MockWebServer[51549] starting to accept connections
2024-05-17 16:25:37.769  INFO 62362 --- [WebServer 37335] okhttp3.mockwebserver.MockWebServer      : MockWebServer[37335] starting to accept connections
2024-05-17 16:25:37.771  INFO 62362 --- [           main] .b.t.c.SpringBootTestContextBootstrapper : Neither @ContextConfiguration nor @ContextHierarchy found for test class [org.springframework.cloud.kubernetes.fabric8.config.Fabric8SecretsPropertySourceLocatorRetryTests$SecretsRetryEnabled], using SpringBootContextLoader
2024-05-17 16:25:37.772  INFO 62362 --- [           main] o.s.t.c.support.AbstractContextLoader    : Could not detect default resource locations for test class [org.springframework.cloud.kubernetes.fabric8.config.Fabric8SecretsPropertySourceLocatorRetryTests$SecretsRetryEnabled]: no resource found for suffixes {-context.xml, Context.groovy}.
2024-05-17 16:25:37.775  INFO 62362 --- [           main] .b.t.c.SpringBootTestContextBootstrapper : Loaded default TestExecutionListener class names from location [META-INF/spring.factories]: [org.springframework.boot.test.mock.mockito.MockitoTestExecutionListener, org.springframework.boot.test.mock.mockito.ResetMocksTestExecutionListener, org.springframework.boot.test.autoconfigure.restdocs.RestDocsTestExecutionListener, org.springframework.boot.test.autoconfigure.web.client.MockRestServiceServerResetTestExecutionListener, org.springframework.boot.test.autoconfigure.web.servlet.MockMvcPrintOnlyOnFailureTestExecutionListener, org.springframework.boot.test.autoconfigure.web.servlet.WebDriverTestExecutionListener, org.springframework.boot.test.autoconfigure.webservices.client.MockWebServiceServerTestExecutionListener, org.springframework.test.context.web.ServletTestExecutionListener, org.springframework.test.context.support.DirtiesContextBeforeModesTestExecutionListener, org.springframework.test.context.event.ApplicationEventsTestExecutionListener, org.springframework.test.context.support.DependencyInjectionTestExecutionListener, org.springframework.test.context.support.DirtiesContextTestExecutionListener, org.springframework.test.context.transaction.TransactionalTestExecutionListener, org.springframework.test.context.jdbc.SqlScriptsTestExecutionListener, org.springframework.test.context.event.EventPublishingTestExecutionListener, org.spockframework.spring.SpringMockTestExecutionListener]
2024-05-17 16:25:37.777  INFO 62362 --- [           main] .b.t.c.SpringBootTestContextBootstrapper : Using TestExecutionListeners: [org.springframework.test.context.web.ServletTestExecutionListener@1ef4179, org.springframework.test.context.support.DirtiesContextBeforeModesTestExecutionListener@322f6283, org.springframework.test.context.event.ApplicationEventsTestExecutionListener@168f447d, org.springframework.boot.test.mock.mockito.MockitoTestExecutionListener@4756c8f3, org.springframework.boot.test.autoconfigure.SpringBootDependencyInjectionTestExecutionListener@3cc9bde9, org.springframework.test.context.support.DirtiesContextTestExecutionListener@75bbeb89, org.springframework.test.context.event.EventPublishingTestExecutionListener@197bf5ef, org.springframework.boot.test.mock.mockito.ResetMocksTestExecutionListener@681ba763, org.springframework.boot.test.autoconfigure.restdocs.RestDocsTestExecutionListener@19cc697c, org.springframework.boot.test.autoconfigure.web.client.MockRestServiceServerResetTestExecutionListener@33012e6f, org.springframework.boot.test.autoconfigure.web.servlet.MockMvcPrintOnlyOnFailureTestExecutionListener@7593716d, org.springframework.boot.test.autoconfigure.web.servlet.WebDriverTestExecutionListener@4086e003, org.springframework.boot.test.autoconfigure.webservices.client.MockWebServiceServerTestExecutionListener@3a7be6e6, org.spockframework.spring.SpringMockTestExecutionListener@33c590]
2024-05-17 16:25:37.814  WARN 62362 --- [           main] ubernetesProfileEnvironmentPostProcessor : Not running inside kubernetes. Skipping 'kubernetes' profile activation.
2024-05-17 16:25:37.866  INFO 62362 --- [           main] trationDelegate$BeanPostProcessorChecker : Bean 'org.springframework.retry.annotation.RetryConfiguration' of type [org.springframework.retry.annotation.RetryConfiguration] is not eligible for getting processed by all BeanPostProcessors (for example: not eligible for auto-proxying)

  .   ____          _            __ _ _
 /\\ / ___'_ __ _ _(_)_ __  __ _ \ \ \ \
( ( )\___ | '_ | '_| | '_ \/ _` | \ \ \ \
 \\/  ___)| |_)| | | | | || (_| |  ) ) ) )
  '  |____| .__|_| |_|_| |_\__, | / / / /
 =========|_|==============|___/=/_/_/_/
 :: Spring Boot ::                (v2.6.3)

2024-05-17 16:25:37.974  INFO 62362 --- [           main] s.c.k.f.c.Fabric8ConfigMapPropertySource : Loading ConfigMap with name 'application' in namespace 'default'
2024-05-17 16:25:38.073  INFO 62362 --- [127.0.0.1:55242] okhttp3.mockwebserver.MockWebServer      : MockWebServer[51549] received request: GET /api/v1/namespaces/default/configmaps/application HTTP/1.1 and responded: HTTP/1.1 404 Client Error
2024-05-17 16:25:38.076  INFO 62362 --- [           main] o.s.c.k.f.config.Fabric8ConfigUtils      : config-map with name : 'application' not present in namespace : 'default'
2024-05-17 16:25:38.076  INFO 62362 --- [           main] b.c.PropertySourceBootstrapConfiguration : Located property source: [BootstrapPropertySource {name='bootstrapProperties-configmap.application.default'}]
2024-05-17 16:25:38.086  INFO 62362 --- [           main] o.s.c.k.f.c.Fabric8SecretsPropertySource : Loading Secret with name 'my-secret' or with labels [{}] in namespace 'default'
2024-05-17 16:25:38.087  INFO 62362 --- [127.0.0.1:55242] okhttp3.mockwebserver.MockWebServer      : MockWebServer[51549] received request: GET /api/v1/namespaces/default/secrets/my-secret HTTP/1.1 and responded: HTTP/1.1 404 Client Error
2024-05-17 16:25:38.088  WARN 62362 --- [           main] o.s.c.k.f.c.Fabric8SecretsPropertySource : secret with name : my-secret in namespace : default not found
2024-05-17 16:25:38.089  INFO 62362 --- [127.0.0.1:55242] okhttp3.mockwebserver.MockWebServer      : MockWebServer[51549] received request: GET /api/v1/namespaces/default/secrets HTTP/1.1 and responded: HTTP/1.1 200 OK
2024-05-17 16:25:38.131  INFO 62362 --- [           main] b.c.PropertySourceBootstrapConfiguration : Located property source: [BootstrapPropertySource {name='bootstrapProperties-secrets.my-secret.default'}]
2024-05-17 16:25:38.135  WARN 62362 --- [           main] ubernetesProfileEnvironmentPostProcessor : Not running inside kubernetes. Skipping 'kubernetes' profile activation.
2024-05-17 16:25:38.135  INFO 62362 --- [           main] rceLocatorRetryTests$SecretsRetryEnabled : No active profile set, falling back to default profiles: default
2024-05-17 16:25:38.509  INFO 62362 --- [           main] o.s.cloud.context.scope.GenericScope     : BeanFactory id=94652287-2eb9-367e-b08b-eea09b3b2900
2024-05-17 16:25:39.031  INFO 62362 --- [           main] rceLocatorRetryTests$SecretsRetryEnabled : Started Fabric8SecretsPropertySourceLocatorRetryTests.SecretsRetryEnabled in 1.252 seconds (JVM running for 18.461)
2024-05-17 16:25:39.036  INFO 62362 --- [WebServer 40893] okhttp3.mockwebserver.MockWebServer      : MockWebServer[40893] starting to accept connections
2024-05-17 16:25:39.049  INFO 62362 --- [           main] o.s.c.k.f.c.Fabric8SecretsPropertySource : Loading Secret with name 'my-secret' or with labels [{}] in namespace 'default'
2024-05-17 16:25:39.050  INFO 62362 --- [127.0.0.1:55242] okhttp3.mockwebserver.MockWebServer      : MockWebServer[51549] received request: GET /api/v1/namespaces/default/secrets/my-secret HTTP/1.1 and responded: HTTP/1.1 500 Server Error
2024-05-17 16:25:40.054  INFO 62362 --- [           main] o.s.c.k.f.c.Fabric8SecretsPropertySource : Loading Secret with name 'my-secret' or with labels [{}] in namespace 'default'
2024-05-17 16:25:40.058  INFO 62362 --- [127.0.0.1:55242] okhttp3.mockwebserver.MockWebServer      : MockWebServer[51549] received request: GET /api/v1/namespaces/default/secrets/my-secret HTTP/1.1 and responded: HTTP/1.1 500 Server Error
2024-05-17 16:25:41.163  INFO 62362 --- [           main] o.s.c.k.f.c.Fabric8SecretsPropertySource : Loading Secret with name 'my-secret' or with labels [{}] in namespace 'default'
2024-05-17 16:25:41.166  INFO 62362 --- [127.0.0.1:55242] okhttp3.mockwebserver.MockWebServer      : MockWebServer[51549] received request: GET /api/v1/namespaces/default/secrets/my-secret HTTP/1.1 and responded: HTTP/1.1 500 Server Error
2024-05-17 16:25:42.380  INFO 62362 --- [           main] o.s.c.k.f.c.Fabric8SecretsPropertySource : Loading Secret with name 'my-secret' or with labels [{}] in namespace 'default'
2024-05-17 16:25:42.383  INFO 62362 --- [127.0.0.1:55242] okhttp3.mockwebserver.MockWebServer      : MockWebServer[51549] received request: GET /api/v1/namespaces/default/secrets/my-secret HTTP/1.1 and responded: HTTP/1.1 200 OK
2024-05-17 16:25:42.389  INFO 62362 --- [127.0.0.1:55242] okhttp3.mockwebserver.MockWebServer      : MockWebServer[51549] received request: GET /api/v1/namespaces/default/secrets HTTP/1.1 and responded: HTTP/1.1 200 OK
2024-05-17 16:25:42.451  INFO 62362 --- [WebServer 40893] okhttp3.mockwebserver.MockWebServer      : MockWebServer[40893] done accepting connections: Socket closed
2024-05-17 16:25:42.460  INFO 62362 --- [WebServer 59237] okhttp3.mockwebserver.MockWebServer      : MockWebServer[59237] starting to accept connections
2024-05-17 16:25:42.465  INFO 62362 --- [WebServer 47807] okhttp3.mockwebserver.MockWebServer      : MockWebServer[47807] starting to accept connections
2024-05-17 16:25:42.466  INFO 62362 --- [           main] .b.t.c.SpringBootTestContextBootstrapper : Neither @ContextConfiguration nor @ContextHierarchy found for test class [org.springframework.cloud.kubernetes.fabric8.config.Fabric8SecretsPropertySourceLocatorRetryTests$SecretsRetryEnabled], using SpringBootContextLoader
2024-05-17 16:25:42.467  INFO 62362 --- [           main] o.s.t.c.support.AbstractContextLoader    : Could not detect default resource locations for test class [org.springframework.cloud.kubernetes.fabric8.config.Fabric8SecretsPropertySourceLocatorRetryTests$SecretsRetryEnabled]: no resource found for suffixes {-context.xml, Context.groovy}.
2024-05-17 16:25:42.469  INFO 62362 --- [           main] .b.t.c.SpringBootTestContextBootstrapper : Loaded default TestExecutionListener class names from location [META-INF/spring.factories]: [org.springframework.boot.test.mock.mockito.MockitoTestExecutionListener, org.springframework.boot.test.mock.mockito.ResetMocksTestExecutionListener, org.springframework.boot.test.autoconfigure.restdocs.RestDocsTestExecutionListener, org.springframework.boot.test.autoconfigure.web.client.MockRestServiceServerResetTestExecutionListener, org.springframework.boot.test.autoconfigure.web.servlet.MockMvcPrintOnlyOnFailureTestExecutionListener, org.springframework.boot.test.autoconfigure.web.servlet.WebDriverTestExecutionListener, org.springframework.boot.test.autoconfigure.webservices.client.MockWebServiceServerTestExecutionListener, org.springframework.test.context.web.ServletTestExecutionListener, org.springframework.test.context.support.DirtiesContextBeforeModesTestExecutionListener, org.springframework.test.context.event.ApplicationEventsTestExecutionListener, org.springframework.test.context.support.DependencyInjectionTestExecutionListener, org.springframework.test.context.support.DirtiesContextTestExecutionListener, org.springframework.test.context.transaction.TransactionalTestExecutionListener, org.springframework.test.context.jdbc.SqlScriptsTestExecutionListener, org.springframework.test.context.event.EventPublishingTestExecutionListener, org.spockframework.spring.SpringMockTestExecutionListener]
2024-05-17 16:25:42.471  INFO 62362 --- [           main] .b.t.c.SpringBootTestContextBootstrapper : Using TestExecutionListeners: [org.springframework.test.context.web.ServletTestExecutionListener@173e4b75, org.springframework.test.context.support.DirtiesContextBeforeModesTestExecutionListener@78f2cab9, org.springframework.test.context.event.ApplicationEventsTestExecutionListener@32441ed4, org.springframework.boot.test.mock.mockito.MockitoTestExecutionListener@3fc2197d, org.springframework.boot.test.autoconfigure.SpringBootDependencyInjectionTestExecutionListener@5a429813, org.springframework.test.context.support.DirtiesContextTestExecutionListener@348b26e0, org.springframework.test.context.event.EventPublishingTestExecutionListener@26ab3c1b, org.springframework.boot.test.mock.mockito.ResetMocksTestExecutionListener@98dc042, org.springframework.boot.test.autoconfigure.restdocs.RestDocsTestExecutionListener@47c14360, org.springframework.boot.test.autoconfigure.web.client.MockRestServiceServerResetTestExecutionListener@2a90c15e, org.springframework.boot.test.autoconfigure.web.servlet.MockMvcPrintOnlyOnFailureTestExecutionListener@55a46bf3, org.springframework.boot.test.autoconfigure.web.servlet.WebDriverTestExecutionListener@324c3ed5, org.springframework.boot.test.autoconfigure.webservices.client.MockWebServiceServerTestExecutionListener@7f5ba1bf, org.spockframework.spring.SpringMockTestExecutionListener@536d153b]
2024-05-17 16:25:42.475  INFO 62362 --- [WebServer 36573] okhttp3.mockwebserver.MockWebServer      : MockWebServer[36573] starting to accept connections
2024-05-17 16:25:42.478  INFO 62362 --- [           main] o.s.c.k.f.c.Fabric8SecretsPropertySource : Loading Secret with name 'my-secret' or with labels [{}] in namespace 'default'
2024-05-17 16:25:42.479  INFO 62362 --- [127.0.0.1:55242] okhttp3.mockwebserver.MockWebServer      : MockWebServer[51549] received request: GET /api/v1/namespaces/default/secrets/my-secret HTTP/1.1 and responded: HTTP/1.1 404 Client Error
2024-05-17 16:25:42.479  WARN 62362 --- [           main] o.s.c.k.f.c.Fabric8SecretsPropertySource : secret with name : my-secret in namespace : default not found
2024-05-17 16:25:42.480  INFO 62362 --- [127.0.0.1:55242] okhttp3.mockwebserver.MockWebServer      : MockWebServer[51549] received request: GET /api/v1/namespaces/default/secrets HTTP/1.1 and responded: HTTP/1.1 200 OK
2024-05-17 16:25:42.529  INFO 62362 --- [WebServer 36573] okhttp3.mockwebserver.MockWebServer      : MockWebServer[36573] done accepting connections: Socket closed
java.lang.AssertionError: 
Expecting code to raise a throwable.
	at org.springframework.cloud.kubernetes.fabric8.config.Fabric8SecretsPropertySourceLocatorRetryTests$SecretsRetryEnabled.locateShouldRetryAndFail(Fabric8SecretsPropertySourceLocatorRetryTests.java:136)
	at sun.reflect.NativeMethodAccessorImpl.invoke0(Native Method)
	at sun.reflect.NativeMethodAccessorImpl.invoke(NativeMethodAccessorImpl.java:62)
	at sun.reflect.DelegatingMethodAccessorImpl.invoke(DelegatingMethodAccessorImpl.java:43)
	at java.lang.reflect.Method.invoke(Method.java:498)
	at org.junit.platform.commons.util.ReflectionUtils.invokeMethod(ReflectionUtils.java:725)
	at org.junit.jupiter.engine.execution.MethodInvocation.proceed(MethodInvocation.java:60)
	at org.junit.jupiter.engine.execution.InvocationInterceptorChain$ValidatingInvocation.proceed(InvocationInterceptorChain.java:131)
	at org.junit.jupiter.engine.extension.TimeoutExtension.intercept(TimeoutExtension.java:149)
	at org.junit.jupiter.engine.extension.TimeoutExtension.interceptTestableMethod(TimeoutExtension.java:140)
	at org.junit.jupiter.engine.extension.TimeoutExtension.interceptTestMethod(TimeoutExtension.java:84)
	at org.junit.jupiter.engine.execution.ExecutableInvoker$ReflectiveInterceptorCall.lambda$ofVoidMethod$0(ExecutableInvoker.java:115)
	at org.junit.jupiter.engine.execution.ExecutableInvoker.lambda$invoke$0(ExecutableInvoker.java:105)
	at org.junit.jupiter.engine.execution.InvocationInterceptorChain$InterceptedInvocation.proceed(InvocationInterceptorChain.java:106)
	at org.junit.jupiter.engine.execution.InvocationInterceptorChain.proceed(InvocationInterceptorChain.java:64)
	at org.junit.jupiter.engine.execution.InvocationInterceptorChain.chainAndInvoke(InvocationInterceptorChain.java:45)
	at org.junit.jupiter.engine.execution.InvocationInterceptorChain.invoke(InvocationInterceptorChain.java:37)
	at org.junit.jupiter.engine.execution.ExecutableInvoker.invoke(ExecutableInvoker.java:104)
	at org.junit.jupiter.engine.execution.ExecutableInvoker.invoke(ExecutableInvoker.java:98)
	at org.junit.jupiter.engine.descriptor.TestMethodTestDescriptor.lambda$invokeTestMethod$7(TestMethodTestDescriptor.java:214)
	at org.junit.platform.engine.support.hierarchical.ThrowableCollector.execute(ThrowableCollector.java:73)
	at org.junit.jupiter.engine.descriptor.TestMethodTestDescriptor.invokeTestMethod(TestMethodTestDescriptor.java:210)
	at org.junit.jupiter.engine.descriptor.TestMethodTestDescriptor.execute(TestMethodTestDescriptor.java:135)
	at org.junit.jupiter.engine.descriptor.TestMethodTestDescriptor.execute(TestMethodTestDescriptor.java:66)
	at org.junit.platform.engine.support.hierarchical.NodeTestTask.lambda$executeRecursively$6(NodeTestTask.java:151)
	at org.junit.platform.engine.support.hierarchical.ThrowableCollector.execute(ThrowableCollector.java:73)
	at org.junit.platform.engine.support.hierarchical.NodeTestTask.lambda$executeRecursively$8(NodeTestTask.java:141)
	at org.junit.platform.engine.support.hierarchical.Node.around(Node.java:137)
	at org.junit.platform.engine.support.hierarchical.NodeTestTask.lambda$executeRecursively$9(NodeTestTask.java:139)
	at org.junit.platform.engine.support.hierarchical.ThrowableCollector.execute(ThrowableCollector.java:73)
	at org.junit.platform.engine.support.hierarchical.NodeTestTask.executeRecursively(NodeTestTask.java:138)
	at org.junit.platform.engine.support.hierarchical.NodeTestTask.execute(NodeTestTask.java:95)
	at java.util.ArrayList.forEach(ArrayList.java:1259)
	at org.junit.platform.engine.support.hierarchical.SameThreadHierarchicalTestExecutorService.invokeAll(SameThreadHierarchicalTestExecutorService.java:41)
	at org.junit.platform.engine.support.hierarchical.NodeTestTask.lambda$executeRecursively$6(NodeTestTask.java:155)
	at org.junit.platform.engine.support.hierarchical.ThrowableCollector.execute(ThrowableCollector.java:73)
	at org.junit.platform.engine.support.hierarchical.NodeTestTask.lambda$executeRecursively$8(NodeTestTask.java:141)
	at org.junit.platform.engine.support.hierarchical.Node.around(Node.java:137)
	at org.junit.platform.engine.support.hierarchical.NodeTestTask.lambda$executeRecursively$9(NodeTestTask.java:139)
	at org.junit.platform.engine.support.hierarchical.ThrowableCollector.execute(ThrowableCollector.java:73)
	at org.junit.platform.engine.support.hierarchical.NodeTestTask.executeRecursively(NodeTestTask.java:138)
	at org.junit.platform.engine.support.hierarchical.NodeTestTask.execute(NodeTestTask.java:95)
	at java.util.ArrayList.forEach(ArrayList.java:1259)
	at org.junit.platform.engine.support.hierarchical.SameThreadHierarchicalTestExecutorService.invokeAll(SameThreadHierarchicalTestExecutorService.java:41)
	at org.junit.platform.engine.support.hierarchical.NodeTestTask.lambda$executeRecursively$6(NodeTestTask.java:155)
	at org.junit.platform.engine.support.hierarchical.ThrowableCollector.execute(ThrowableCollector.java:73)
	at org.junit.platform.engine.support.hierarchical.NodeTestTask.lambda$executeRecursively$8(NodeTestTask.java:141)
	at org.junit.platform.engine.support.hierarchical.Node.around(Node.java:137)
	at org.junit.platform.engine.support.hierarchical.NodeTestTask.lambda$executeRecursively$9(NodeTestTask.java:139)
	at org.junit.platform.engine.support.hierarchical.ThrowableCollector.execute(ThrowableCollector.java:73)
	at org.junit.platform.engine.support.hierarchical.NodeTestTask.executeRecursively(NodeTestTask.java:138)
	at org.junit.platform.engine.support.hierarchical.NodeTestTask.execute(NodeTestTask.java:95)
	at java.util.ArrayList.forEach(ArrayList.java:1259)
	at org.junit.platform.engine.support.hierarchical.SameThreadHierarchicalTestExecutorService.invokeAll(SameThreadHierarchicalTestExecutorService.java:41)
	at org.junit.platform.engine.support.hierarchical.NodeTestTask.lambda$executeRecursively$6(NodeTestTask.java:155)
	at org.junit.platform.engine.support.hierarchical.ThrowableCollector.execute(ThrowableCollector.java:73)
	at org.junit.platform.engine.support.hierarchical.NodeTestTask.lambda$executeRecursively$8(NodeTestTask.java:141)
	at org.junit.platform.engine.support.hierarchical.Node.around(Node.java:137)
	at org.junit.platform.engine.support.hierarchical.NodeTestTask.lambda$executeRecursively$9(NodeTestTask.java:139)
	at org.junit.platform.engine.support.hierarchical.ThrowableCollector.execute(ThrowableCollector.java:73)
	at org.junit.platform.engine.support.hierarchical.NodeTestTask.executeRecursively(NodeTestTask.java:138)
	at org.junit.platform.engine.support.hierarchical.NodeTestTask.execute(NodeTestTask.java:95)
	at org.junit.platform.engine.support.hierarchical.SameThreadHierarchicalTestExecutorService.submit(SameThreadHierarchicalTestExecutorService.java:35)
	at org.junit.platform.engine.support.hierarchical.HierarchicalTestExecutor.execute(HierarchicalTestExecutor.java:57)
	at org.junit.platform.engine.support.hierarchical.HierarchicalTestEngine.execute(HierarchicalTestEngine.java:54)
	at org.junit.platform.launcher.core.DefaultLauncher.execute(DefaultLauncher.java:170)
	at org.junit.platform.launcher.core.DefaultLauncher.execute(DefaultLauncher.java:154)
	at org.junit.platform.launcher.core.DefaultLauncher.execute(DefaultLauncher.java:90)
	at edu.illinois.cs.testrunner.execution.JUnit5TestExecutor.runTestsSeparately(JUnit5TestExecutor.java:40)
	at edu.illinois.cs.testrunner.execution.Executor$.$anonfun$run$1(Executor.scala:33)
	at scala.runtime.java8.JFunction0$mcV$sp.apply(JFunction0$mcV$sp.java:12)
	at scala.util.Try$.apply(Try.scala:209)
	at edu.illinois.cs.testrunner.execution.Executor$.run(Executor.scala:28)
	at edu.illinois.cs.testrunner.execution.Executor$.main(Executor.scala:18)
	at edu.illinois.cs.testrunner.execution.Executor.main(Executor.scala)
2024-05-17 16:25:42.535  INFO 62362 --- [WebServer 36173] okhttp3.mockwebserver.MockWebServer      : MockWebServer[36173] starting to accept connections
2024-05-17 16:25:42.539  INFO 62362 --- [WebServer 48219] okhttp3.mockwebserver.MockWebServer      : MockWebServer[48219] starting to accept connections
2024-05-17 16:25:42.539  INFO 62362 --- [           main] .b.t.c.SpringBootTestContextBootstrapper : Neither @ContextConfiguration nor @ContextHierarchy found for test class [org.springframework.cloud.kubernetes.fabric8.config.Fabric8SecretsPropertySourceLocatorRetryTests$SecretsRetryEnabled], using SpringBootContextLoader
2024-05-17 16:25:42.540  INFO 62362 --- [           main] o.s.t.c.support.AbstractContextLoader    : Could not detect default resource locations for test class [org.springframework.cloud.kubernetes.fabric8.config.Fabric8SecretsPropertySourceLocatorRetryTests$SecretsRetryEnabled]: no resource found for suffixes {-context.xml, Context.groovy}.
2024-05-17 16:25:42.542  INFO 62362 --- [           main] .b.t.c.SpringBootTestContextBootstrapper : Loaded default TestExecutionListener class names from location [META-INF/spring.factories]: [org.springframework.boot.test.mock.mockito.MockitoTestExecutionListener, org.springframework.boot.test.mock.mockito.ResetMocksTestExecutionListener, org.springframework.boot.test.autoconfigure.restdocs.RestDocsTestExecutionListener, org.springframework.boot.test.autoconfigure.web.client.MockRestServiceServerResetTestExecutionListener, org.springframework.boot.test.autoconfigure.web.servlet.MockMvcPrintOnlyOnFailureTestExecutionListener, org.springframework.boot.test.autoconfigure.web.servlet.WebDriverTestExecutionListener, org.springframework.boot.test.autoconfigure.webservices.client.MockWebServiceServerTestExecutionListener, org.springframework.test.context.web.ServletTestExecutionListener, org.springframework.test.context.support.DirtiesContextBeforeModesTestExecutionListener, org.springframework.test.context.event.ApplicationEventsTestExecutionListener, org.springframework.test.context.support.DependencyInjectionTestExecutionListener, org.springframework.test.context.support.DirtiesContextTestExecutionListener, org.springframework.test.context.transaction.TransactionalTestExecutionListener, org.springframework.test.context.jdbc.SqlScriptsTestExecutionListener, org.springframework.test.context.event.EventPublishingTestExecutionListener, org.spockframework.spring.SpringMockTestExecutionListener]
2024-05-17 16:25:42.544  INFO 62362 --- [           main] .b.t.c.SpringBootTestContextBootstrapper : Using TestExecutionListeners: [org.springframework.test.context.web.ServletTestExecutionListener@298990ab, org.springframework.test.context.support.DirtiesContextBeforeModesTestExecutionListener@6fc44cb6, org.springframework.test.context.event.ApplicationEventsTestExecutionListener@4d53dfb7, org.springframework.boot.test.mock.mockito.MockitoTestExecutionListener@6655b4e6, org.springframework.boot.test.autoconfigure.SpringBootDependencyInjectionTestExecutionListener@33c6c4f, org.springframework.test.context.support.DirtiesContextTestExecutionListener@4e502162, org.springframework.test.context.event.EventPublishingTestExecutionListener@1dade178, org.springframework.boot.test.mock.mockito.ResetMocksTestExecutionListener@561494af, org.springframework.boot.test.autoconfigure.restdocs.RestDocsTestExecutionListener@362ad436, org.springframework.boot.test.autoconfigure.web.client.MockRestServiceServerResetTestExecutionListener@79beb8a0, org.springframework.boot.test.autoconfigure.web.servlet.MockMvcPrintOnlyOnFailureTestExecutionListener@b6a20ce, org.springframework.boot.test.autoconfigure.web.servlet.WebDriverTestExecutionListener@79296ce0, org.springframework.boot.test.autoconfigure.webservices.client.MockWebServiceServerTestExecutionListener@19c28c97, org.spockframework.spring.SpringMockTestExecutionListener@15b54cb7]
2024-05-17 16:25:42.547  INFO 62362 --- [WebServer 37999] okhttp3.mockwebserver.MockWebServer      : MockWebServer[37999] starting to accept connections
2024-05-17 16:25:42.550  INFO 62362 --- [           main] o.s.c.k.f.c.Fabric8SecretsPropertySource : Loading Secret with name 'my-secret' or with labels [{}] in namespace 'default'
2024-05-17 16:25:42.551  INFO 62362 --- [127.0.0.1:55242] okhttp3.mockwebserver.MockWebServer      : MockWebServer[51549] received request: GET /api/v1/namespaces/default/secrets/my-secret HTTP/1.1 and responded: HTTP/1.1 404 Client Error
2024-05-17 16:25:42.552  WARN 62362 --- [           main] o.s.c.k.f.c.Fabric8SecretsPropertySource : secret with name : my-secret in namespace : default not found
2024-05-17 16:25:42.553  INFO 62362 --- [127.0.0.1:55242] okhttp3.mockwebserver.MockWebServer      : MockWebServer[51549] received request: GET /api/v1/namespaces/default/secrets HTTP/1.1 and responded: HTTP/1.1 200 OK
2024-05-17 16:25:42.599  INFO 62362 --- [WebServer 37999] okhttp3.mockwebserver.MockWebServer      : MockWebServer[37999] done accepting connections: Socket closed
org.opentest4j.AssertionFailedError: 
expected: "theSensitiveValue"
 but was: null
	at sun.reflect.NativeConstructorAccessorImpl.newInstance0(Native Method)
	at sun.reflect.NativeConstructorAccessorImpl.newInstance(NativeConstructorAccessorImpl.java:62)
	at sun.reflect.DelegatingConstructorAccessorImpl.newInstance(DelegatingConstructorAccessorImpl.java:45)
	at org.springframework.cloud.kubernetes.fabric8.config.Fabric8SecretsPropertySourceLocatorRetryTests$SecretsRetryEnabled.locateShouldNotRetryWhenThereIsNoFailure(Fabric8SecretsPropertySourceLocatorRetryTests.java:104)
	at sun.reflect.NativeMethodAccessorImpl.invoke0(Native Method)
	at sun.reflect.NativeMethodAccessorImpl.invoke(NativeMethodAccessorImpl.java:62)
	at sun.reflect.DelegatingMethodAccessorImpl.invoke(DelegatingMethodAccessorImpl.java:43)
	at java.lang.reflect.Method.invoke(Method.java:498)
	at org.junit.platform.commons.util.ReflectionUtils.invokeMethod(ReflectionUtils.java:725)
	at org.junit.jupiter.engine.execution.MethodInvocation.proceed(MethodInvocation.java:60)
	at org.junit.jupiter.engine.execution.InvocationInterceptorChain$ValidatingInvocation.proceed(InvocationInterceptorChain.java:131)
	at org.junit.jupiter.engine.extension.TimeoutExtension.intercept(TimeoutExtension.java:149)
	at org.junit.jupiter.engine.extension.TimeoutExtension.interceptTestableMethod(TimeoutExtension.java:140)
	at org.junit.jupiter.engine.extension.TimeoutExtension.interceptTestMethod(TimeoutExtension.java:84)
	at org.junit.jupiter.engine.execution.ExecutableInvoker$ReflectiveInterceptorCall.lambda$ofVoidMethod$0(ExecutableInvoker.java:115)
	at org.junit.jupiter.engine.execution.ExecutableInvoker.lambda$invoke$0(ExecutableInvoker.java:105)
	at org.junit.jupiter.engine.execution.InvocationInterceptorChain$InterceptedInvocation.proceed(InvocationInterceptorChain.java:106)
	at org.junit.jupiter.engine.execution.InvocationInterceptorChain.proceed(InvocationInterceptorChain.java:64)
	at org.junit.jupiter.engine.execution.InvocationInterceptorChain.chainAndInvoke(InvocationInterceptorChain.java:45)
	at org.junit.jupiter.engine.execution.InvocationInterceptorChain.invoke(InvocationInterceptorChain.java:37)
	at org.junit.jupiter.engine.execution.ExecutableInvoker.invoke(ExecutableInvoker.java:104)
	at org.junit.jupiter.engine.execution.ExecutableInvoker.invoke(ExecutableInvoker.java:98)
	at org.junit.jupiter.engine.descriptor.TestMethodTestDescriptor.lambda$invokeTestMethod$7(TestMethodTestDescriptor.java:214)
	at org.junit.platform.engine.support.hierarchical.ThrowableCollector.execute(ThrowableCollector.java:73)
	at org.junit.jupiter.engine.descriptor.TestMethodTestDescriptor.invokeTestMethod(TestMethodTestDescriptor.java:210)
	at org.junit.jupiter.engine.descriptor.TestMethodTestDescriptor.execute(TestMethodTestDescriptor.java:135)
	at org.junit.jupiter.engine.descriptor.TestMethodTestDescriptor.execute(TestMethodTestDescriptor.java:66)
	at org.junit.platform.engine.support.hierarchical.NodeTestTask.lambda$executeRecursively$6(NodeTestTask.java:151)
	at org.junit.platform.engine.support.hierarchical.ThrowableCollector.execute(ThrowableCollector.java:73)
	at org.junit.platform.engine.support.hierarchical.NodeTestTask.lambda$executeRecursively$8(NodeTestTask.java:141)
	at org.junit.platform.engine.support.hierarchical.Node.around(Node.java:137)
	at org.junit.platform.engine.support.hierarchical.NodeTestTask.lambda$executeRecursively$9(NodeTestTask.java:139)
	at org.junit.platform.engine.support.hierarchical.ThrowableCollector.execute(ThrowableCollector.java:73)
	at org.junit.platform.engine.support.hierarchical.NodeTestTask.executeRecursively(NodeTestTask.java:138)
	at org.junit.platform.engine.support.hierarchical.NodeTestTask.execute(NodeTestTask.java:95)
	at java.util.ArrayList.forEach(ArrayList.java:1259)
	at org.junit.platform.engine.support.hierarchical.SameThreadHierarchicalTestExecutorService.invokeAll(SameThreadHierarchicalTestExecutorService.java:41)
	at org.junit.platform.engine.support.hierarchical.NodeTestTask.lambda$executeRecursively$6(NodeTestTask.java:155)
	at org.junit.platform.engine.support.hierarchical.ThrowableCollector.execute(ThrowableCollector.java:73)
	at org.junit.platform.engine.support.hierarchical.NodeTestTask.lambda$executeRecursively$8(NodeTestTask.java:141)
	at org.junit.platform.engine.support.hierarchical.Node.around(Node.java:137)
	at org.junit.platform.engine.support.hierarchical.NodeTestTask.lambda$executeRecursively$9(NodeTestTask.java:139)
	at org.junit.platform.engine.support.hierarchical.ThrowableCollector.execute(ThrowableCollector.java:73)
	at org.junit.platform.engine.support.hierarchical.NodeTestTask.executeRecursively(NodeTestTask.java:138)
	at org.junit.platform.engine.support.hierarchical.NodeTestTask.execute(NodeTestTask.java:95)
	at java.util.ArrayList.forEach(ArrayList.java:1259)
	at org.junit.platform.engine.support.hierarchical.SameThreadHierarchicalTestExecutorService.invokeAll(SameThreadHierarchicalTestExecutorService.java:41)
	at org.junit.platform.engine.support.hierarchical.NodeTestTask.lambda$executeRecursively$6(NodeTestTask.java:155)
	at org.junit.platform.engine.support.hierarchical.ThrowableCollector.execute(ThrowableCollector.java:73)
	at org.junit.platform.engine.support.hierarchical.NodeTestTask.lambda$executeRecursively$8(NodeTestTask.java:141)
	at org.junit.platform.engine.support.hierarchical.Node.around(Node.java:137)
	at org.junit.platform.engine.support.hierarchical.NodeTestTask.lambda$executeRecursively$9(NodeTestTask.java:139)
	at org.junit.platform.engine.support.hierarchical.ThrowableCollector.execute(ThrowableCollector.java:73)
	at org.junit.platform.engine.support.hierarchical.NodeTestTask.executeRecursively(NodeTestTask.java:138)
	at org.junit.platform.engine.support.hierarchical.NodeTestTask.execute(NodeTestTask.java:95)
	at java.util.ArrayList.forEach(ArrayList.java:1259)
	at org.junit.platform.engine.support.hierarchical.SameThreadHierarchicalTestExecutorService.invokeAll(SameThreadHierarchicalTestExecutorService.java:41)
	at org.junit.platform.engine.support.hierarchical.NodeTestTask.lambda$executeRecursively$6(NodeTestTask.java:155)
	at org.junit.platform.engine.support.hierarchical.ThrowableCollector.execute(ThrowableCollector.java:73)
	at org.junit.platform.engine.support.hierarchical.NodeTestTask.lambda$executeRecursively$8(NodeTestTask.java:141)
	at org.junit.platform.engine.support.hierarchical.Node.around(Node.java:137)
	at org.junit.platform.engine.support.hierarchical.NodeTestTask.lambda$executeRecursively$9(NodeTestTask.java:139)
	at org.junit.platform.engine.support.hierarchical.ThrowableCollector.execute(ThrowableCollector.java:73)
	at org.junit.platform.engine.support.hierarchical.NodeTestTask.executeRecursively(NodeTestTask.java:138)
	at org.junit.platform.engine.support.hierarchical.NodeTestTask.execute(NodeTestTask.java:95)
	at org.junit.platform.engine.support.hierarchical.SameThreadHierarchicalTestExecutorService.submit(SameThreadHierarchicalTestExecutorService.java:35)
	at org.junit.platform.engine.support.hierarchical.HierarchicalTestExecutor.execute(HierarchicalTestExecutor.java:57)
	at org.junit.platform.engine.support.hierarchical.HierarchicalTestEngine.execute(HierarchicalTestEngine.java:54)
	at org.junit.platform.launcher.core.DefaultLauncher.execute(DefaultLauncher.java:170)
	at org.junit.platform.launcher.core.DefaultLauncher.execute(DefaultLauncher.java:154)
	at org.junit.platform.launcher.core.DefaultLauncher.execute(DefaultLauncher.java:90)
	at edu.illinois.cs.testrunner.execution.JUnit5TestExecutor.runTestsSeparately(JUnit5TestExecutor.java:40)
	at edu.illinois.cs.testrunner.execution.Executor$.$anonfun$run$1(Executor.scala:33)
	at scala.runtime.java8.JFunction0$mcV$sp.apply(JFunction0$mcV$sp.java:12)
	at scala.util.Try$.apply(Try.scala:209)
	at edu.illinois.cs.testrunner.execution.Executor$.run(Executor.scala:28)
	at edu.illinois.cs.testrunner.execution.Executor$.main(Executor.scala:18)
	at edu.illinois.cs.testrunner.execution.Executor.main(Executor.scala)
2024-05-17 16:25:42.605  INFO 62362 --- [WebServer 54659] okhttp3.mockwebserver.MockWebServer      : MockWebServer[54659] starting to accept connections
2024-05-17 16:25:42.608  INFO 62362 --- [WebServer 43989] okhttp3.mockwebserver.MockWebServer      : MockWebServer[43989] starting to accept connections
2024-05-17 16:25:42.609  INFO 62362 --- [           main] .b.t.c.SpringBootTestContextBootstrapper : Neither @ContextConfiguration nor @ContextHierarchy found for test class [org.springframework.cloud.kubernetes.fabric8.config.Fabric8SecretsPropertySourceLocatorRetryTests$SecretsRetryDisabledButConfigRetryEnabled], using SpringBootContextLoader
2024-05-17 16:25:42.609  INFO 62362 --- [           main] o.s.t.c.support.AbstractContextLoader    : Could not detect default resource locations for test class [org.springframework.cloud.kubernetes.fabric8.config.Fabric8SecretsPropertySourceLocatorRetryTests$SecretsRetryDisabledButConfigRetryEnabled]: no resource found for suffixes {-context.xml, Context.groovy}.
2024-05-17 16:25:42.611  INFO 62362 --- [           main] .b.t.c.SpringBootTestContextBootstrapper : Loaded default TestExecutionListener class names from location [META-INF/spring.factories]: [org.springframework.boot.test.mock.mockito.MockitoTestExecutionListener, org.springframework.boot.test.mock.mockito.ResetMocksTestExecutionListener, org.springframework.boot.test.autoconfigure.restdocs.RestDocsTestExecutionListener, org.springframework.boot.test.autoconfigure.web.client.MockRestServiceServerResetTestExecutionListener, org.springframework.boot.test.autoconfigure.web.servlet.MockMvcPrintOnlyOnFailureTestExecutionListener, org.springframework.boot.test.autoconfigure.web.servlet.WebDriverTestExecutionListener, org.springframework.boot.test.autoconfigure.webservices.client.MockWebServiceServerTestExecutionListener, org.springframework.test.context.web.ServletTestExecutionListener, org.springframework.test.context.support.DirtiesContextBeforeModesTestExecutionListener, org.springframework.test.context.event.ApplicationEventsTestExecutionListener, org.springframework.test.context.support.DependencyInjectionTestExecutionListener, org.springframework.test.context.support.DirtiesContextTestExecutionListener, org.springframework.test.context.transaction.TransactionalTestExecutionListener, org.springframework.test.context.jdbc.SqlScriptsTestExecutionListener, org.springframework.test.context.event.EventPublishingTestExecutionListener, org.spockframework.spring.SpringMockTestExecutionListener]
2024-05-17 16:25:42.612  INFO 62362 --- [           main] .b.t.c.SpringBootTestContextBootstrapper : Using TestExecutionListeners: [org.springframework.test.context.web.ServletTestExecutionListener@1f9009d3, org.springframework.test.context.support.DirtiesContextBeforeModesTestExecutionListener@4c9ed40, org.springframework.test.context.event.ApplicationEventsTestExecutionListener@56394880, org.springframework.boot.test.mock.mockito.MockitoTestExecutionListener@23c3f787, org.springframework.boot.test.autoconfigure.SpringBootDependencyInjectionTestExecutionListener@3c82bcbd, org.springframework.test.context.support.DirtiesContextTestExecutionListener@776ae580, org.springframework.test.context.event.EventPublishingTestExecutionListener@6b0bcea5, org.springframework.boot.test.mock.mockito.ResetMocksTestExecutionListener@5748638c, org.springframework.boot.test.autoconfigure.restdocs.RestDocsTestExecutionListener@7e864a8c, org.springframework.boot.test.autoconfigure.web.client.MockRestServiceServerResetTestExecutionListener@5e60e639, org.springframework.boot.test.autoconfigure.web.servlet.MockMvcPrintOnlyOnFailureTestExecutionListener@6bab65b6, org.springframework.boot.test.autoconfigure.web.servlet.WebDriverTestExecutionListener@7f6b3f4c, org.springframework.boot.test.autoconfigure.webservices.client.MockWebServiceServerTestExecutionListener@33f5d807, org.spockframework.spring.SpringMockTestExecutionListener@6a7db16e]
2024-05-17 16:25:42.651  WARN 62362 --- [           main] ubernetesProfileEnvironmentPostProcessor : Not running inside kubernetes. Skipping 'kubernetes' profile activation.
2024-05-17 16:25:42.687  INFO 62362 --- [           main] trationDelegate$BeanPostProcessorChecker : Bean 'org.springframework.retry.annotation.RetryConfiguration' of type [org.springframework.retry.annotation.RetryConfiguration] is not eligible for getting processed by all BeanPostProcessors (for example: not eligible for auto-proxying)

  .   ____          _            __ _ _
 /\\ / ___'_ __ _ _(_)_ __  __ _ \ \ \ \
( ( )\___ | '_ | '_| | '_ \/ _` | \ \ \ \
 \\/  ___)| |_)| | | | | || (_| |  ) ) ) )
  '  |____| .__|_| |_|_| |_\__, | / / / /
 =========|_|==============|___/=/_/_/_/
 :: Spring Boot ::                (v2.6.3)

2024-05-17 16:25:42.748  INFO 62362 --- [           main] s.c.k.f.c.Fabric8ConfigMapPropertySource : Loading ConfigMap with name 'application' in namespace 'default'
2024-05-17 16:25:42.843  INFO 62362 --- [127.0.0.1:47886] okhttp3.mockwebserver.MockWebServer      : MockWebServer[54659] received request: GET /api/v1/namespaces/default/configmaps/application HTTP/1.1 and responded: HTTP/1.1 404 Client Error
2024-05-17 16:25:42.846  INFO 62362 --- [           main] o.s.c.k.f.config.Fabric8ConfigUtils      : config-map with name : 'application' not present in namespace : 'default'
2024-05-17 16:25:42.846  INFO 62362 --- [           main] b.c.PropertySourceBootstrapConfiguration : Located property source: [BootstrapPropertySource {name='bootstrapProperties-configmap.application.default'}]
2024-05-17 16:25:42.846  INFO 62362 --- [           main] o.s.c.k.f.c.Fabric8SecretsPropertySource : Loading Secret with name 'my-secret' or with labels [{}] in namespace 'default'
2024-05-17 16:25:42.847  INFO 62362 --- [127.0.0.1:47886] okhttp3.mockwebserver.MockWebServer      : MockWebServer[54659] received request: GET /api/v1/namespaces/default/secrets/my-secret HTTP/1.1 and responded: HTTP/1.1 404 Client Error
2024-05-17 16:25:42.847  WARN 62362 --- [           main] o.s.c.k.f.c.Fabric8SecretsPropertySource : secret with name : my-secret in namespace : default not found
2024-05-17 16:25:42.849  INFO 62362 --- [127.0.0.1:47886] okhttp3.mockwebserver.MockWebServer      : MockWebServer[54659] received request: GET /api/v1/namespaces/default/secrets HTTP/1.1 and responded: HTTP/1.1 200 OK
2024-05-17 16:25:42.890  INFO 62362 --- [           main] b.c.PropertySourceBootstrapConfiguration : Located property source: [BootstrapPropertySource {name='bootstrapProperties-secrets.my-secret.default'}]
2024-05-17 16:25:42.893  WARN 62362 --- [           main] ubernetesProfileEnvironmentPostProcessor : Not running inside kubernetes. Skipping 'kubernetes' profile activation.
2024-05-17 16:25:42.893  INFO 62362 --- [           main] ecretsRetryDisabledButConfigRetryEnabled : No active profile set, falling back to default profiles: default
2024-05-17 16:25:43.239  INFO 62362 --- [           main] o.s.cloud.context.scope.GenericScope     : BeanFactory id=94652287-2eb9-367e-b08b-eea09b3b2900
2024-05-17 16:25:43.665  INFO 62362 --- [           main] ecretsRetryDisabledButConfigRetryEnabled : Started Fabric8SecretsPropertySourceLocatorRetryTests.SecretsRetryDisabledButConfigRetryEnabled in 1.051 seconds (JVM running for 23.095)
2024-05-17 16:25:43.672  INFO 62362 --- [WebServer 58343] okhttp3.mockwebserver.MockWebServer      : MockWebServer[58343] starting to accept connections
2024-05-17 16:25:43.675  INFO 62362 --- [           main] o.s.c.k.f.c.Fabric8SecretsPropertySource : Loading Secret with name 'my-secret' or with labels [{}] in namespace 'default'
2024-05-17 16:25:43.676  INFO 62362 --- [127.0.0.1:47886] okhttp3.mockwebserver.MockWebServer      : MockWebServer[54659] received request: GET /api/v1/namespaces/default/secrets/my-secret HTTP/1.1 and responded: HTTP/1.1 500 Server Error
2024-05-17 16:25:43.679  INFO 62362 --- [WebServer 58343] okhttp3.mockwebserver.MockWebServer      : MockWebServer[58343] done accepting connections: Socket closed
2024-05-17 16:25:43.684  INFO 62362 --- [WebServer 37485] okhttp3.mockwebserver.MockWebServer      : MockWebServer[37485] starting to accept connections
2024-05-17 16:25:43.686  INFO 62362 --- [WebServer 56859] okhttp3.mockwebserver.MockWebServer      : MockWebServer[56859] starting to accept connections
2024-05-17 16:25:43.687  INFO 62362 --- [           main] .b.t.c.SpringBootTestContextBootstrapper : Neither @ContextConfiguration nor @ContextHierarchy found for test class [org.springframework.cloud.kubernetes.fabric8.config.Fabric8SecretsPropertySourceLocatorRetryTests$SecretsFailFastEnabledButRetryDisabled], using SpringBootContextLoader
2024-05-17 16:25:43.688  INFO 62362 --- [           main] o.s.t.c.support.AbstractContextLoader    : Could not detect default resource locations for test class [org.springframework.cloud.kubernetes.fabric8.config.Fabric8SecretsPropertySourceLocatorRetryTests$SecretsFailFastEnabledButRetryDisabled]: no resource found for suffixes {-context.xml, Context.groovy}.
2024-05-17 16:25:43.689  INFO 62362 --- [           main] .b.t.c.SpringBootTestContextBootstrapper : Loaded default TestExecutionListener class names from location [META-INF/spring.factories]: [org.springframework.boot.test.mock.mockito.MockitoTestExecutionListener, org.springframework.boot.test.mock.mockito.ResetMocksTestExecutionListener, org.springframework.boot.test.autoconfigure.restdocs.RestDocsTestExecutionListener, org.springframework.boot.test.autoconfigure.web.client.MockRestServiceServerResetTestExecutionListener, org.springframework.boot.test.autoconfigure.web.servlet.MockMvcPrintOnlyOnFailureTestExecutionListener, org.springframework.boot.test.autoconfigure.web.servlet.WebDriverTestExecutionListener, org.springframework.boot.test.autoconfigure.webservices.client.MockWebServiceServerTestExecutionListener, org.springframework.test.context.web.ServletTestExecutionListener, org.springframework.test.context.support.DirtiesContextBeforeModesTestExecutionListener, org.springframework.test.context.event.ApplicationEventsTestExecutionListener, org.springframework.test.context.support.DependencyInjectionTestExecutionListener, org.springframework.test.context.support.DirtiesContextTestExecutionListener, org.springframework.test.context.transaction.TransactionalTestExecutionListener, org.springframework.test.context.jdbc.SqlScriptsTestExecutionListener, org.springframework.test.context.event.EventPublishingTestExecutionListener, org.spockframework.spring.SpringMockTestExecutionListener]
2024-05-17 16:25:43.691  INFO 62362 --- [           main] .b.t.c.SpringBootTestContextBootstrapper : Using TestExecutionListeners: [org.springframework.test.context.web.ServletTestExecutionListener@45c5cd9a, org.springframework.test.context.support.DirtiesContextBeforeModesTestExecutionListener@858bf8c, org.springframework.test.context.event.ApplicationEventsTestExecutionListener@30c1447e, org.springframework.boot.test.mock.mockito.MockitoTestExecutionListener@5135b459, org.springframework.boot.test.autoconfigure.SpringBootDependencyInjectionTestExecutionListener@3a770af8, org.springframework.test.context.support.DirtiesContextTestExecutionListener@779e66e5, org.springframework.test.context.event.EventPublishingTestExecutionListener@4d462edc, org.springframework.boot.test.mock.mockito.ResetMocksTestExecutionListener@312ddc51, org.springframework.boot.test.autoconfigure.restdocs.RestDocsTestExecutionListener@330f3046, org.springframework.boot.test.autoconfigure.web.client.MockRestServiceServerResetTestExecutionListener@37a2d18c, org.springframework.boot.test.autoconfigure.web.servlet.MockMvcPrintOnlyOnFailureTestExecutionListener@4b6e296a, org.springframework.boot.test.autoconfigure.web.servlet.WebDriverTestExecutionListener@14feab02, org.springframework.boot.test.autoconfigure.webservices.client.MockWebServiceServerTestExecutionListener@5e3934db, org.spockframework.spring.SpringMockTestExecutionListener@7f36b021]
2024-05-17 16:25:43.723  WARN 62362 --- [           main] ubernetesProfileEnvironmentPostProcessor : Not running inside kubernetes. Skipping 'kubernetes' profile activation.

  .   ____          _            __ _ _
 /\\ / ___'_ __ _ _(_)_ __  __ _ \ \ \ \
( ( )\___ | '_ | '_| | '_ \/ _` | \ \ \ \
 \\/  ___)| |_)| | | | | || (_| |  ) ) ) )
  '  |____| .__|_| |_|_| |_\__, | / / / /
 =========|_|==============|___/=/_/_/_/
 :: Spring Boot ::                (v2.6.3)

2024-05-17 16:25:43.788  INFO 62362 --- [           main] s.c.k.f.c.Fabric8ConfigMapPropertySource : Loading ConfigMap with name 'application' in namespace 'default'
2024-05-17 16:25:43.886  INFO 62362 --- [127.0.0.1:58136] okhttp3.mockwebserver.MockWebServer      : MockWebServer[37485] received request: GET /api/v1/namespaces/default/configmaps/application HTTP/1.1 and responded: HTTP/1.1 404 Client Error
2024-05-17 16:25:43.890  INFO 62362 --- [           main] o.s.c.k.f.config.Fabric8ConfigUtils      : config-map with name : 'application' not present in namespace : 'default'
2024-05-17 16:25:43.891  INFO 62362 --- [           main] b.c.PropertySourceBootstrapConfiguration : Located property source: [BootstrapPropertySource {name='bootstrapProperties-configmap.application.default'}]
2024-05-17 16:25:43.891  INFO 62362 --- [           main] o.s.c.k.f.c.Fabric8SecretsPropertySource : Loading Secret with name 'my-secret' or with labels [{}] in namespace 'default'
2024-05-17 16:25:43.892  INFO 62362 --- [127.0.0.1:58136] okhttp3.mockwebserver.MockWebServer      : MockWebServer[37485] received request: GET /api/v1/namespaces/default/secrets/my-secret HTTP/1.1 and responded: HTTP/1.1 404 Client Error
2024-05-17 16:25:43.893  WARN 62362 --- [           main] o.s.c.k.f.c.Fabric8SecretsPropertySource : secret with name : my-secret in namespace : default not found
2024-05-17 16:25:43.894  INFO 62362 --- [127.0.0.1:58136] okhttp3.mockwebserver.MockWebServer      : MockWebServer[37485] received request: GET /api/v1/namespaces/default/secrets HTTP/1.1 and responded: HTTP/1.1 200 OK
2024-05-17 16:25:43.934  INFO 62362 --- [           main] b.c.PropertySourceBootstrapConfiguration : Located property source: [BootstrapPropertySource {name='bootstrapProperties-secrets.my-secret.default'}]
2024-05-17 16:25:43.938  WARN 62362 --- [           main] ubernetesProfileEnvironmentPostProcessor : Not running inside kubernetes. Skipping 'kubernetes' profile activation.
2024-05-17 16:25:43.938  INFO 62362 --- [           main] s$SecretsFailFastEnabledButRetryDisabled : No active profile set, falling back to default profiles: default
2024-05-17 16:25:44.237  INFO 62362 --- [           main] o.s.cloud.context.scope.GenericScope     : BeanFactory id=94652287-2eb9-367e-b08b-eea09b3b2900
2024-05-17 16:25:44.637  INFO 62362 --- [           main] s$SecretsFailFastEnabledButRetryDisabled : Started Fabric8SecretsPropertySourceLocatorRetryTests.SecretsFailFastEnabledButRetryDisabled in 0.944 seconds (JVM running for 24.067)
2024-05-17 16:25:44.642  INFO 62362 --- [WebServer 36269] okhttp3.mockwebserver.MockWebServer      : MockWebServer[36269] starting to accept connections
2024-05-17 16:25:44.645  INFO 62362 --- [           main] o.s.c.k.f.c.Fabric8SecretsPropertySource : Loading Secret with name 'my-secret' or with labels [{}] in namespace 'default'
2024-05-17 16:25:44.646  INFO 62362 --- [127.0.0.1:58136] okhttp3.mockwebserver.MockWebServer      : MockWebServer[37485] received request: GET /api/v1/namespaces/default/secrets/my-secret HTTP/1.1 and responded: HTTP/1.1 500 Server Error
2024-05-17 16:25:44.651  INFO 62362 --- [WebServer 36269] okhttp3.mockwebserver.MockWebServer      : MockWebServer[36269] done accepting connections: Socket closed
2024-05-17 16:25:44.657  INFO 62362 --- [WebServer 41313] okhttp3.mockwebserver.MockWebServer      : MockWebServer[41313] starting to accept connections
2024-05-17 16:25:44.661  INFO 62362 --- [WebServer 46301] okhttp3.mockwebserver.MockWebServer      : MockWebServer[46301] starting to accept connections
2024-05-17 16:25:44.662  INFO 62362 --- [           main] .b.t.c.SpringBootTestContextBootstrapper : Neither @ContextConfiguration nor @ContextHierarchy found for test class [org.springframework.cloud.kubernetes.fabric8.config.Fabric8SecretsPropertySourceLocatorRetryTests$SecretsFailFastDisabled], using SpringBootContextLoader
2024-05-17 16:25:44.663  INFO 62362 --- [           main] o.s.t.c.support.AbstractContextLoader    : Could not detect default resource locations for test class [org.springframework.cloud.kubernetes.fabric8.config.Fabric8SecretsPropertySourceLocatorRetryTests$SecretsFailFastDisabled]: no resource found for suffixes {-context.xml, Context.groovy}.
2024-05-17 16:25:44.665  INFO 62362 --- [           main] .b.t.c.SpringBootTestContextBootstrapper : Loaded default TestExecutionListener class names from location [META-INF/spring.factories]: [org.springframework.boot.test.mock.mockito.MockitoTestExecutionListener, org.springframework.boot.test.mock.mockito.ResetMocksTestExecutionListener, org.springframework.boot.test.autoconfigure.restdocs.RestDocsTestExecutionListener, org.springframework.boot.test.autoconfigure.web.client.MockRestServiceServerResetTestExecutionListener, org.springframework.boot.test.autoconfigure.web.servlet.MockMvcPrintOnlyOnFailureTestExecutionListener, org.springframework.boot.test.autoconfigure.web.servlet.WebDriverTestExecutionListener, org.springframework.boot.test.autoconfigure.webservices.client.MockWebServiceServerTestExecutionListener, org.springframework.test.context.web.ServletTestExecutionListener, org.springframework.test.context.support.DirtiesContextBeforeModesTestExecutionListener, org.springframework.test.context.event.ApplicationEventsTestExecutionListener, org.springframework.test.context.support.DependencyInjectionTestExecutionListener, org.springframework.test.context.support.DirtiesContextTestExecutionListener, org.springframework.test.context.transaction.TransactionalTestExecutionListener, org.springframework.test.context.jdbc.SqlScriptsTestExecutionListener, org.springframework.test.context.event.EventPublishingTestExecutionListener, org.spockframework.spring.SpringMockTestExecutionListener]
2024-05-17 16:25:44.667  INFO 62362 --- [           main] .b.t.c.SpringBootTestContextBootstrapper : Using TestExecutionListeners: [org.springframework.test.context.web.ServletTestExecutionListener@4872d04d, org.springframework.test.context.support.DirtiesContextBeforeModesTestExecutionListener@75564689, org.springframework.test.context.event.ApplicationEventsTestExecutionListener@65977161, org.springframework.boot.test.mock.mockito.MockitoTestExecutionListener@5f7e2ca8, org.springframework.boot.test.autoconfigure.SpringBootDependencyInjectionTestExecutionListener@1d07fb2, org.springframework.test.context.support.DirtiesContextTestExecutionListener@46f5030f, org.springframework.test.context.event.EventPublishingTestExecutionListener@18b77ec9, org.springframework.boot.test.mock.mockito.ResetMocksTestExecutionListener@36821a1b, org.springframework.boot.test.autoconfigure.restdocs.RestDocsTestExecutionListener@34adce96, org.springframework.boot.test.autoconfigure.web.client.MockRestServiceServerResetTestExecutionListener@5a2e4e77, org.springframework.boot.test.autoconfigure.web.servlet.MockMvcPrintOnlyOnFailureTestExecutionListener@794c22cd, org.springframework.boot.test.autoconfigure.web.servlet.WebDriverTestExecutionListener@5fb8ad3d, org.springframework.boot.test.autoconfigure.webservices.client.MockWebServiceServerTestExecutionListener@5bb0122, org.spockframework.spring.SpringMockTestExecutionListener@2d4eba14]
2024-05-17 16:25:44.716  WARN 62362 --- [           main] ubernetesProfileEnvironmentPostProcessor : Not running inside kubernetes. Skipping 'kubernetes' profile activation.

  .   ____          _            __ _ _
 /\\ / ___'_ __ _ _(_)_ __  __ _ \ \ \ \
( ( )\___ | '_ | '_| | '_ \/ _` | \ \ \ \
 \\/  ___)| |_)| | | | | || (_| |  ) ) ) )
  '  |____| .__|_| |_|_| |_\__, | / / / /
 =========|_|==============|___/=/_/_/_/
 :: Spring Boot ::                (v2.6.3)

2024-05-17 16:25:44.786  INFO 62362 --- [           main] s.c.k.f.c.Fabric8ConfigMapPropertySource : Loading ConfigMap with name 'application' in namespace 'default'
2024-05-17 16:25:44.886  INFO 62362 --- [127.0.0.1:40698] okhttp3.mockwebserver.MockWebServer      : MockWebServer[41313] received request: GET /api/v1/namespaces/default/configmaps/application HTTP/1.1 and responded: HTTP/1.1 404 Client Error
2024-05-17 16:25:44.887  INFO 62362 --- [           main] o.s.c.k.f.config.Fabric8ConfigUtils      : config-map with name : 'application' not present in namespace : 'default'
2024-05-17 16:25:44.887  INFO 62362 --- [           main] b.c.PropertySourceBootstrapConfiguration : Located property source: [BootstrapPropertySource {name='bootstrapProperties-configmap.application.default'}]
2024-05-17 16:25:44.887  INFO 62362 --- [           main] o.s.c.k.f.c.Fabric8SecretsPropertySource : Loading Secret with name 'my-secret' or with labels [{}] in namespace 'default'
2024-05-17 16:25:44.888  INFO 62362 --- [127.0.0.1:40698] okhttp3.mockwebserver.MockWebServer      : MockWebServer[41313] received request: GET /api/v1/namespaces/default/secrets/my-secret HTTP/1.1 and responded: HTTP/1.1 404 Client Error
2024-05-17 16:25:44.889  WARN 62362 --- [           main] o.s.c.k.f.c.Fabric8SecretsPropertySource : secret with name : my-secret in namespace : default not found
2024-05-17 16:25:44.890  INFO 62362 --- [127.0.0.1:40698] okhttp3.mockwebserver.MockWebServer      : MockWebServer[41313] received request: GET /api/v1/namespaces/default/secrets HTTP/1.1 and responded: HTTP/1.1 200 OK
2024-05-17 16:25:44.931  INFO 62362 --- [           main] b.c.PropertySourceBootstrapConfiguration : Located property source: [BootstrapPropertySource {name='bootstrapProperties-secrets.my-secret.default'}]
2024-05-17 16:25:44.934  WARN 62362 --- [           main] ubernetesProfileEnvironmentPostProcessor : Not running inside kubernetes. Skipping 'kubernetes' profile activation.
2024-05-17 16:25:44.934  INFO 62362 --- [           main] ocatorRetryTests$SecretsFailFastDisabled : No active profile set, falling back to default profiles: default
2024-05-17 16:25:45.229  INFO 62362 --- [           main] o.s.cloud.context.scope.GenericScope     : BeanFactory id=94652287-2eb9-367e-b08b-eea09b3b2900
2024-05-17 16:25:45.564  INFO 62362 --- [           main] ocatorRetryTests$SecretsFailFastDisabled : Started Fabric8SecretsPropertySourceLocatorRetryTests.SecretsFailFastDisabled in 0.896 seconds (JVM running for 24.994)
2024-05-17 16:25:45.569  INFO 62362 --- [WebServer 56237] okhttp3.mockwebserver.MockWebServer      : MockWebServer[56237] starting to accept connections
2024-05-17 16:25:45.572  INFO 62362 --- [           main] o.s.c.k.f.c.Fabric8SecretsPropertySource : Loading Secret with name 'my-secret' or with labels [{}] in namespace 'default'
2024-05-17 16:25:45.573  INFO 62362 --- [127.0.0.1:40698] okhttp3.mockwebserver.MockWebServer      : MockWebServer[41313] received request: GET /api/v1/namespaces/default/secrets/my-secret HTTP/1.1 and responded: HTTP/1.1 500 Server Error
2024-05-17 16:25:45.573  WARN 62362 --- [           main] o.s.c.k.f.c.Fabric8SecretsPropertySource : Can't read secret with name: [my-secret] or labels [{}] in namespace: [default] (cause: Failure executing: GET at: https://localhost:41313/api/v1/namespaces/default/secrets/my-secret. Message: Internal Server Error.). Ignoring
2024-05-17 16:25:45.576  INFO 62362 --- [WebServer 56237] okhttp3.mockwebserver.MockWebServer      : MockWebServer[56237] done accepting connections: Socket closed
2024-05-17 16:25:45.580  INFO 62362 --- [WebServer 40075] okhttp3.mockwebserver.MockWebServer      : MockWebServer[40075] starting to accept connections
2024-05-17 16:25:45.588  INFO 62362 --- [WebServer 57779] okhttp3.mockwebserver.MockWebServer      : MockWebServer[57779] starting to accept connections
2024-05-17 16:25:45.589  INFO 62362 --- [WebServer 57779] okhttp3.mockwebserver.MockWebServer      : MockWebServer[57779] done accepting connections: Socket closed
2024-05-17 16:25:45.592  INFO 62362 --- [WebServer 51597] okhttp3.mockwebserver.MockWebServer      : MockWebServer[51597] starting to accept connections
2024-05-17 16:25:45.594  INFO 62362 --- [WebServer 60645] okhttp3.mockwebserver.MockWebServer      : MockWebServer[60645] starting to accept connections
2024-05-17 16:25:45.595  INFO 62362 --- [WebServer 60645] okhttp3.mockwebserver.MockWebServer      : MockWebServer[60645] done accepting connections: Socket closed
2024-05-17 16:25:45.598  INFO 62362 --- [WebServer 55397] okhttp3.mockwebserver.MockWebServer      : MockWebServer[55397] starting to accept connections
2024-05-17 16:25:45.600  INFO 62362 --- [WebServer 43043] okhttp3.mockwebserver.MockWebServer      : MockWebServer[43043] starting to accept connections
2024-05-17 16:25:45.600  INFO 62362 --- [WebServer 43043] okhttp3.mockwebserver.MockWebServer      : MockWebServer[43043] done accepting connections: Socket closed
2024-05-17 16:25:45.603  INFO 62362 --- [WebServer 59427] okhttp3.mockwebserver.MockWebServer      : MockWebServer[59427] starting to accept connections
2024-05-17 16:25:45.605  INFO 62362 --- [WebServer 60843] okhttp3.mockwebserver.MockWebServer      : MockWebServer[60843] starting to accept connections
2024-05-17 16:25:45.606  INFO 62362 --- [WebServer 60843] okhttp3.mockwebserver.MockWebServer      : MockWebServer[60843] done accepting connections: Socket closed
2024-05-17 16:25:45.610  INFO 62362 --- [WebServer 55705] okhttp3.mockwebserver.MockWebServer      : MockWebServer[55705] starting to accept connections
2024-05-17 16:25:45.612  INFO 62362 --- [WebServer 34513] okhttp3.mockwebserver.MockWebServer      : MockWebServer[34513] starting to accept connections
2024-05-17 16:25:45.612  INFO 62362 --- [WebServer 34513] okhttp3.mockwebserver.MockWebServer      : MockWebServer[34513] done accepting connections: Socket closed
2024-05-17 16:25:45.615  INFO 62362 --- [WebServer 56083] okhttp3.mockwebserver.MockWebServer      : MockWebServer[56083] starting to accept connections
2024-05-17 16:25:45.617  INFO 62362 --- [WebServer 37675] okhttp3.mockwebserver.MockWebServer      : MockWebServer[37675] starting to accept connections
2024-05-17 16:25:45.617  INFO 62362 --- [WebServer 37675] okhttp3.mockwebserver.MockWebServer      : MockWebServer[37675] done accepting connections: Socket closed
2024-05-17 16:25:45.622  INFO 62362 --- [WebServer 46249] okhttp3.mockwebserver.MockWebServer      : MockWebServer[46249] starting to accept connections
2024-05-17 16:25:45.637  INFO 62362 --- [WebServer 40259] okhttp3.mockwebserver.MockWebServer      : MockWebServer[40259] starting to accept connections
2024-05-17 16:25:45.638  INFO 62362 --- [WebServer 40259] okhttp3.mockwebserver.MockWebServer      : MockWebServer[40259] done accepting connections: Socket closed
2024-05-17 16:25:45.642  INFO 62362 --- [WebServer 58173] okhttp3.mockwebserver.MockWebServer      : MockWebServer[58173] starting to accept connections
2024-05-17 16:25:45.645  INFO 62362 --- [WebServer 39211] okhttp3.mockwebserver.MockWebServer      : MockWebServer[39211] starting to accept connections
2024-05-17 16:25:45.645  INFO 62362 --- [           main] s.c.k.f.c.Fabric8ConfigMapPropertySource : Loading ConfigMap with name 'configmap' in namespace 'some'
2024-05-17 16:25:45.647  WARN 62362 --- [           main] s.c.k.f.c.Fabric8ConfigMapPropertySource : Can't read configMap with name: [configmap] in namespace: [some]. Ignoring.

java.lang.NullPointerException: null
	at org.springframework.cloud.kubernetes.fabric8.config.Fabric8ConfigUtils.getConfigMapData(Fabric8ConfigUtils.java:118)
	at org.springframework.cloud.kubernetes.fabric8.config.Fabric8ConfigMapPropertySource.getData(Fabric8ConfigMapPropertySource.java:79)
	at org.springframework.cloud.kubernetes.fabric8.config.Fabric8ConfigMapPropertySource.<init>(Fabric8ConfigMapPropertySource.java:70)
	at org.springframework.cloud.kubernetes.fabric8.config.Fabric8ConfigMapPropertySource.<init>(Fabric8ConfigMapPropertySource.java:53)
	at org.springframework.cloud.kubernetes.fabric8.config.Fabric8ConfigMapPropertySourceTests.deprecatedConstructorWithClientNamespaceMustNotFail(Fabric8ConfigMapPropertySourceTests.java:80)
	at sun.reflect.NativeMethodAccessorImpl.invoke0(Native Method)
	at sun.reflect.NativeMethodAccessorImpl.invoke(NativeMethodAccessorImpl.java:62)
	at sun.reflect.DelegatingMethodAccessorImpl.invoke(DelegatingMethodAccessorImpl.java:43)
	at java.lang.reflect.Method.invoke(Method.java:498)
	at org.junit.platform.commons.util.ReflectionUtils.invokeMethod(ReflectionUtils.java:725)
	at org.junit.jupiter.engine.execution.MethodInvocation.proceed(MethodInvocation.java:60)
	at org.junit.jupiter.engine.execution.InvocationInterceptorChain$ValidatingInvocation.proceed(InvocationInterceptorChain.java:131)
	at org.junit.jupiter.engine.extension.TimeoutExtension.intercept(TimeoutExtension.java:149)
	at org.junit.jupiter.engine.extension.TimeoutExtension.interceptTestableMethod(TimeoutExtension.java:140)
	at org.junit.jupiter.engine.extension.TimeoutExtension.interceptTestMethod(TimeoutExtension.java:84)
	at org.junit.jupiter.engine.execution.ExecutableInvoker$ReflectiveInterceptorCall.lambda$ofVoidMethod$0(ExecutableInvoker.java:115)
	at org.junit.jupiter.engine.execution.ExecutableInvoker.lambda$invoke$0(ExecutableInvoker.java:105)
	at org.junit.jupiter.engine.execution.InvocationInterceptorChain$InterceptedInvocation.proceed(InvocationInterceptorChain.java:106)
	at org.junit.jupiter.engine.execution.InvocationInterceptorChain.proceed(InvocationInterceptorChain.java:64)
	at org.junit.jupiter.engine.execution.InvocationInterceptorChain.chainAndInvoke(InvocationInterceptorChain.java:45)
	at org.junit.jupiter.engine.execution.InvocationInterceptorChain.invoke(InvocationInterceptorChain.java:37)
	at org.junit.jupiter.engine.execution.ExecutableInvoker.invoke(ExecutableInvoker.java:104)
	at org.junit.jupiter.engine.execution.ExecutableInvoker.invoke(ExecutableInvoker.java:98)
	at org.junit.jupiter.engine.descriptor.TestMethodTestDescriptor.lambda$invokeTestMethod$7(TestMethodTestDescriptor.java:214)
	at org.junit.platform.engine.support.hierarchical.ThrowableCollector.execute(ThrowableCollector.java:73)
	at org.junit.jupiter.engine.descriptor.TestMethodTestDescriptor.invokeTestMethod(TestMethodTestDescriptor.java:210)
	at org.junit.jupiter.engine.descriptor.TestMethodTestDescriptor.execute(TestMethodTestDescriptor.java:135)
	at org.junit.jupiter.engine.descriptor.TestMethodTestDescriptor.execute(TestMethodTestDescriptor.java:66)
	at org.junit.platform.engine.support.hierarchical.NodeTestTask.lambda$executeRecursively$6(NodeTestTask.java:151)
	at org.junit.platform.engine.support.hierarchical.ThrowableCollector.execute(ThrowableCollector.java:73)
	at org.junit.platform.engine.support.hierarchical.NodeTestTask.lambda$executeRecursively$8(NodeTestTask.java:141)
	at org.junit.platform.engine.support.hierarchical.Node.around(Node.java:137)
	at org.junit.platform.engine.support.hierarchical.NodeTestTask.lambda$executeRecursively$9(NodeTestTask.java:139)
	at org.junit.platform.engine.support.hierarchical.ThrowableCollector.execute(ThrowableCollector.java:73)
	at org.junit.platform.engine.support.hierarchical.NodeTestTask.executeRecursively(NodeTestTask.java:138)
	at org.junit.platform.engine.support.hierarchical.NodeTestTask.execute(NodeTestTask.java:95)
	at java.util.ArrayList.forEach(ArrayList.java:1259)
	at org.junit.platform.engine.support.hierarchical.SameThreadHierarchicalTestExecutorService.invokeAll(SameThreadHierarchicalTestExecutorService.java:41)
	at org.junit.platform.engine.support.hierarchical.NodeTestTask.lambda$executeRecursively$6(NodeTestTask.java:155)
	at org.junit.platform.engine.support.hierarchical.ThrowableCollector.execute(ThrowableCollector.java:73)
	at org.junit.platform.engine.support.hierarchical.NodeTestTask.lambda$executeRecursively$8(NodeTestTask.java:141)
	at org.junit.platform.engine.support.hierarchical.Node.around(Node.java:137)
	at org.junit.platform.engine.support.hierarchical.NodeTestTask.lambda$executeRecursively$9(NodeTestTask.java:139)
	at org.junit.platform.engine.support.hierarchical.ThrowableCollector.execute(ThrowableCollector.java:73)
	at org.junit.platform.engine.support.hierarchical.NodeTestTask.executeRecursively(NodeTestTask.java:138)
	at org.junit.platform.engine.support.hierarchical.NodeTestTask.execute(NodeTestTask.java:95)
	at java.util.ArrayList.forEach(ArrayList.java:1259)
	at org.junit.platform.engine.support.hierarchical.SameThreadHierarchicalTestExecutorService.invokeAll(SameThreadHierarchicalTestExecutorService.java:41)
	at org.junit.platform.engine.support.hierarchical.NodeTestTask.lambda$executeRecursively$6(NodeTestTask.java:155)
	at org.junit.platform.engine.support.hierarchical.ThrowableCollector.execute(ThrowableCollector.java:73)
	at org.junit.platform.engine.support.hierarchical.NodeTestTask.lambda$executeRecursively$8(NodeTestTask.java:141)
	at org.junit.platform.engine.support.hierarchical.Node.around(Node.java:137)
	at org.junit.platform.engine.support.hierarchical.NodeTestTask.lambda$executeRecursively$9(NodeTestTask.java:139)
	at org.junit.platform.engine.support.hierarchical.ThrowableCollector.execute(ThrowableCollector.java:73)
	at org.junit.platform.engine.support.hierarchical.NodeTestTask.executeRecursively(NodeTestTask.java:138)
	at org.junit.platform.engine.support.hierarchical.NodeTestTask.execute(NodeTestTask.java:95)
	at org.junit.platform.engine.support.hierarchical.SameThreadHierarchicalTestExecutorService.submit(SameThreadHierarchicalTestExecutorService.java:35)
	at org.junit.platform.engine.support.hierarchical.HierarchicalTestExecutor.execute(HierarchicalTestExecutor.java:57)
	at org.junit.platform.engine.support.hierarchical.HierarchicalTestEngine.execute(HierarchicalTestEngine.java:54)
	at org.junit.platform.launcher.core.DefaultLauncher.execute(DefaultLauncher.java:170)
	at org.junit.platform.launcher.core.DefaultLauncher.execute(DefaultLauncher.java:154)
	at org.junit.platform.launcher.core.DefaultLauncher.execute(DefaultLauncher.java:90)
	at edu.illinois.cs.testrunner.execution.JUnit5TestExecutor.runTestsSeparately(JUnit5TestExecutor.java:40)
	at edu.illinois.cs.testrunner.execution.Executor$.$anonfun$run$1(Executor.scala:33)
	at scala.runtime.java8.JFunction0$mcV$sp.apply(JFunction0$mcV$sp.java:12)
	at scala.util.Try$.apply(Try.scala:209)
	at edu.illinois.cs.testrunner.execution.Executor$.run(Executor.scala:28)
	at edu.illinois.cs.testrunner.execution.Executor$.main(Executor.scala:18)
	at edu.illinois.cs.testrunner.execution.Executor.main(Executor.scala)

2024-05-17 16:25:45.648  INFO 62362 --- [WebServer 39211] okhttp3.mockwebserver.MockWebServer      : MockWebServer[39211] done accepting connections: Socket closed
2024-05-17 16:25:45.652  INFO 62362 --- [WebServer 38675] okhttp3.mockwebserver.MockWebServer      : MockWebServer[38675] starting to accept connections
2024-05-17 16:25:45.654  INFO 62362 --- [WebServer 48349] okhttp3.mockwebserver.MockWebServer      : MockWebServer[48349] starting to accept connections
2024-05-17 16:25:45.655  INFO 62362 --- [WebServer 48349] okhttp3.mockwebserver.MockWebServer      : MockWebServer[48349] done accepting connections: Socket closed
2024-05-17 16:25:45.659  INFO 62362 --- [WebServer 58285] okhttp3.mockwebserver.MockWebServer      : MockWebServer[58285] starting to accept connections
2024-05-17 16:25:45.662  INFO 62362 --- [WebServer 47309] okhttp3.mockwebserver.MockWebServer      : MockWebServer[47309] starting to accept connections
2024-05-17 16:25:45.662  INFO 62362 --- [           main] s.c.k.f.c.Fabric8ConfigMapPropertySource : Loading ConfigMap with name 'configmap' in namespace 'namespace'
2024-05-17 16:25:45.662  WARN 62362 --- [           main] s.c.k.f.c.Fabric8ConfigMapPropertySource : Can't read configMap with name: [configmap] in namespace: [namespace]. Ignoring.

java.lang.NullPointerException: null
	at org.springframework.cloud.kubernetes.fabric8.config.Fabric8ConfigUtils.getConfigMapData(Fabric8ConfigUtils.java:118)
	at org.springframework.cloud.kubernetes.fabric8.config.Fabric8ConfigMapPropertySource.getData(Fabric8ConfigMapPropertySource.java:79)
	at org.springframework.cloud.kubernetes.fabric8.config.Fabric8ConfigMapPropertySource.<init>(Fabric8ConfigMapPropertySource.java:63)
	at org.springframework.cloud.kubernetes.fabric8.config.Fabric8ConfigMapPropertySourceTests.constructorWithNamespaceMustNotFail(Fabric8ConfigMapPropertySourceTests.java:125)
	at sun.reflect.NativeMethodAccessorImpl.invoke0(Native Method)
	at sun.reflect.NativeMethodAccessorImpl.invoke(NativeMethodAccessorImpl.java:62)
	at sun.reflect.DelegatingMethodAccessorImpl.invoke(DelegatingMethodAccessorImpl.java:43)
	at java.lang.reflect.Method.invoke(Method.java:498)
	at org.junit.platform.commons.util.ReflectionUtils.invokeMethod(ReflectionUtils.java:725)
	at org.junit.jupiter.engine.execution.MethodInvocation.proceed(MethodInvocation.java:60)
	at org.junit.jupiter.engine.execution.InvocationInterceptorChain$ValidatingInvocation.proceed(InvocationInterceptorChain.java:131)
	at org.junit.jupiter.engine.extension.TimeoutExtension.intercept(TimeoutExtension.java:149)
	at org.junit.jupiter.engine.extension.TimeoutExtension.interceptTestableMethod(TimeoutExtension.java:140)
	at org.junit.jupiter.engine.extension.TimeoutExtension.interceptTestMethod(TimeoutExtension.java:84)
	at org.junit.jupiter.engine.execution.ExecutableInvoker$ReflectiveInterceptorCall.lambda$ofVoidMethod$0(ExecutableInvoker.java:115)
	at org.junit.jupiter.engine.execution.ExecutableInvoker.lambda$invoke$0(ExecutableInvoker.java:105)
	at org.junit.jupiter.engine.execution.InvocationInterceptorChain$InterceptedInvocation.proceed(InvocationInterceptorChain.java:106)
	at org.junit.jupiter.engine.execution.InvocationInterceptorChain.proceed(InvocationInterceptorChain.java:64)
	at org.junit.jupiter.engine.execution.InvocationInterceptorChain.chainAndInvoke(InvocationInterceptorChain.java:45)
	at org.junit.jupiter.engine.execution.InvocationInterceptorChain.invoke(InvocationInterceptorChain.java:37)
	at org.junit.jupiter.engine.execution.ExecutableInvoker.invoke(ExecutableInvoker.java:104)
	at org.junit.jupiter.engine.execution.ExecutableInvoker.invoke(ExecutableInvoker.java:98)
	at org.junit.jupiter.engine.descriptor.TestMethodTestDescriptor.lambda$invokeTestMethod$7(TestMethodTestDescriptor.java:214)
	at org.junit.platform.engine.support.hierarchical.ThrowableCollector.execute(ThrowableCollector.java:73)
	at org.junit.jupiter.engine.descriptor.TestMethodTestDescriptor.invokeTestMethod(TestMethodTestDescriptor.java:210)
	at org.junit.jupiter.engine.descriptor.TestMethodTestDescriptor.execute(TestMethodTestDescriptor.java:135)
	at org.junit.jupiter.engine.descriptor.TestMethodTestDescriptor.execute(TestMethodTestDescriptor.java:66)
	at org.junit.platform.engine.support.hierarchical.NodeTestTask.lambda$executeRecursively$6(NodeTestTask.java:151)
	at org.junit.platform.engine.support.hierarchical.ThrowableCollector.execute(ThrowableCollector.java:73)
	at org.junit.platform.engine.support.hierarchical.NodeTestTask.lambda$executeRecursively$8(NodeTestTask.java:141)
	at org.junit.platform.engine.support.hierarchical.Node.around(Node.java:137)
	at org.junit.platform.engine.support.hierarchical.NodeTestTask.lambda$executeRecursively$9(NodeTestTask.java:139)
	at org.junit.platform.engine.support.hierarchical.ThrowableCollector.execute(ThrowableCollector.java:73)
	at org.junit.platform.engine.support.hierarchical.NodeTestTask.executeRecursively(NodeTestTask.java:138)
	at org.junit.platform.engine.support.hierarchical.NodeTestTask.execute(NodeTestTask.java:95)
	at java.util.ArrayList.forEach(ArrayList.java:1259)
	at org.junit.platform.engine.support.hierarchical.SameThreadHierarchicalTestExecutorService.invokeAll(SameThreadHierarchicalTestExecutorService.java:41)
	at org.junit.platform.engine.support.hierarchical.NodeTestTask.lambda$executeRecursively$6(NodeTestTask.java:155)
	at org.junit.platform.engine.support.hierarchical.ThrowableCollector.execute(ThrowableCollector.java:73)
	at org.junit.platform.engine.support.hierarchical.NodeTestTask.lambda$executeRecursively$8(NodeTestTask.java:141)
	at org.junit.platform.engine.support.hierarchical.Node.around(Node.java:137)
	at org.junit.platform.engine.support.hierarchical.NodeTestTask.lambda$executeRecursively$9(NodeTestTask.java:139)
	at org.junit.platform.engine.support.hierarchical.ThrowableCollector.execute(ThrowableCollector.java:73)
	at org.junit.platform.engine.support.hierarchical.NodeTestTask.executeRecursively(NodeTestTask.java:138)
	at org.junit.platform.engine.support.hierarchical.NodeTestTask.execute(NodeTestTask.java:95)
	at java.util.ArrayList.forEach(ArrayList.java:1259)
	at org.junit.platform.engine.support.hierarchical.SameThreadHierarchicalTestExecutorService.invokeAll(SameThreadHierarchicalTestExecutorService.java:41)
	at org.junit.platform.engine.support.hierarchical.NodeTestTask.lambda$executeRecursively$6(NodeTestTask.java:155)
	at org.junit.platform.engine.support.hierarchical.ThrowableCollector.execute(ThrowableCollector.java:73)
	at org.junit.platform.engine.support.hierarchical.NodeTestTask.lambda$executeRecursively$8(NodeTestTask.java:141)
	at org.junit.platform.engine.support.hierarchical.Node.around(Node.java:137)
	at org.junit.platform.engine.support.hierarchical.NodeTestTask.lambda$executeRecursively$9(NodeTestTask.java:139)
	at org.junit.platform.engine.support.hierarchical.ThrowableCollector.execute(ThrowableCollector.java:73)
	at org.junit.platform.engine.support.hierarchical.NodeTestTask.executeRecursively(NodeTestTask.java:138)
	at org.junit.platform.engine.support.hierarchical.NodeTestTask.execute(NodeTestTask.java:95)
	at org.junit.platform.engine.support.hierarchical.SameThreadHierarchicalTestExecutorService.submit(SameThreadHierarchicalTestExecutorService.java:35)
	at org.junit.platform.engine.support.hierarchical.HierarchicalTestExecutor.execute(HierarchicalTestExecutor.java:57)
	at org.junit.platform.engine.support.hierarchical.HierarchicalTestEngine.execute(HierarchicalTestEngine.java:54)
	at org.junit.platform.launcher.core.DefaultLauncher.execute(DefaultLauncher.java:170)
	at org.junit.platform.launcher.core.DefaultLauncher.execute(DefaultLauncher.java:154)
	at org.junit.platform.launcher.core.DefaultLauncher.execute(DefaultLauncher.java:90)
	at edu.illinois.cs.testrunner.execution.JUnit5TestExecutor.runTestsSeparately(JUnit5TestExecutor.java:40)
	at edu.illinois.cs.testrunner.execution.Executor$.$anonfun$run$1(Executor.scala:33)
	at scala.runtime.java8.JFunction0$mcV$sp.apply(JFunction0$mcV$sp.java:12)
	at scala.util.Try$.apply(Try.scala:209)
	at edu.illinois.cs.testrunner.execution.Executor$.run(Executor.scala:28)
	at edu.illinois.cs.testrunner.execution.Executor$.main(Executor.scala:18)
	at edu.illinois.cs.testrunner.execution.Executor.main(Executor.scala)

2024-05-17 16:25:45.663  INFO 62362 --- [WebServer 47309] okhttp3.mockwebserver.MockWebServer      : MockWebServer[47309] done accepting connections: Socket closed
2024-05-17 16:25:45.667  INFO 62362 --- [WebServer 45257] okhttp3.mockwebserver.MockWebServer      : MockWebServer[45257] starting to accept connections
2024-05-17 16:25:45.669  INFO 62362 --- [WebServer 54397] okhttp3.mockwebserver.MockWebServer      : MockWebServer[54397] starting to accept connections
2024-05-17 16:25:45.670  INFO 62362 --- [           main] s.c.k.f.c.Fabric8ConfigMapPropertySource : Loading ConfigMap with name 'configmap' in namespace 'namespace'
2024-05-17 16:25:45.670  WARN 62362 --- [           main] s.c.k.f.c.Fabric8ConfigMapPropertySource : Can't read configMap with name: [configmap] in namespace: [namespace]. Ignoring.

java.lang.NullPointerException: null
	at org.springframework.cloud.kubernetes.fabric8.config.Fabric8ConfigUtils.getConfigMapData(Fabric8ConfigUtils.java:118)
	at org.springframework.cloud.kubernetes.fabric8.config.Fabric8ConfigMapPropertySource.getData(Fabric8ConfigMapPropertySource.java:79)
	at org.springframework.cloud.kubernetes.fabric8.config.Fabric8ConfigMapPropertySource.<init>(Fabric8ConfigMapPropertySource.java:63)
	at org.springframework.cloud.kubernetes.fabric8.config.Fabric8ConfigMapPropertySourceTests.constructorWithClientNamespaceMustNotFail(Fabric8ConfigMapPropertySourceTests.java:118)
	at sun.reflect.NativeMethodAccessorImpl.invoke0(Native Method)
	at sun.reflect.NativeMethodAccessorImpl.invoke(NativeMethodAccessorImpl.java:62)
	at sun.reflect.DelegatingMethodAccessorImpl.invoke(DelegatingMethodAccessorImpl.java:43)
	at java.lang.reflect.Method.invoke(Method.java:498)
	at org.junit.platform.commons.util.ReflectionUtils.invokeMethod(ReflectionUtils.java:725)
	at org.junit.jupiter.engine.execution.MethodInvocation.proceed(MethodInvocation.java:60)
	at org.junit.jupiter.engine.execution.InvocationInterceptorChain$ValidatingInvocation.proceed(InvocationInterceptorChain.java:131)
	at org.junit.jupiter.engine.extension.TimeoutExtension.intercept(TimeoutExtension.java:149)
	at org.junit.jupiter.engine.extension.TimeoutExtension.interceptTestableMethod(TimeoutExtension.java:140)
	at org.junit.jupiter.engine.extension.TimeoutExtension.interceptTestMethod(TimeoutExtension.java:84)
	at org.junit.jupiter.engine.execution.ExecutableInvoker$ReflectiveInterceptorCall.lambda$ofVoidMethod$0(ExecutableInvoker.java:115)
	at org.junit.jupiter.engine.execution.ExecutableInvoker.lambda$invoke$0(ExecutableInvoker.java:105)
	at org.junit.jupiter.engine.execution.InvocationInterceptorChain$InterceptedInvocation.proceed(InvocationInterceptorChain.java:106)
	at org.junit.jupiter.engine.execution.InvocationInterceptorChain.proceed(InvocationInterceptorChain.java:64)
	at org.junit.jupiter.engine.execution.InvocationInterceptorChain.chainAndInvoke(InvocationInterceptorChain.java:45)
	at org.junit.jupiter.engine.execution.InvocationInterceptorChain.invoke(InvocationInterceptorChain.java:37)
	at org.junit.jupiter.engine.execution.ExecutableInvoker.invoke(ExecutableInvoker.java:104)
	at org.junit.jupiter.engine.execution.ExecutableInvoker.invoke(ExecutableInvoker.java:98)
	at org.junit.jupiter.engine.descriptor.TestMethodTestDescriptor.lambda$invokeTestMethod$7(TestMethodTestDescriptor.java:214)
	at org.junit.platform.engine.support.hierarchical.ThrowableCollector.execute(ThrowableCollector.java:73)
	at org.junit.jupiter.engine.descriptor.TestMethodTestDescriptor.invokeTestMethod(TestMethodTestDescriptor.java:210)
	at org.junit.jupiter.engine.descriptor.TestMethodTestDescriptor.execute(TestMethodTestDescriptor.java:135)
	at org.junit.jupiter.engine.descriptor.TestMethodTestDescriptor.execute(TestMethodTestDescriptor.java:66)
	at org.junit.platform.engine.support.hierarchical.NodeTestTask.lambda$executeRecursively$6(NodeTestTask.java:151)
	at org.junit.platform.engine.support.hierarchical.ThrowableCollector.execute(ThrowableCollector.java:73)
	at org.junit.platform.engine.support.hierarchical.NodeTestTask.lambda$executeRecursively$8(NodeTestTask.java:141)
	at org.junit.platform.engine.support.hierarchical.Node.around(Node.java:137)
	at org.junit.platform.engine.support.hierarchical.NodeTestTask.lambda$executeRecursively$9(NodeTestTask.java:139)
	at org.junit.platform.engine.support.hierarchical.ThrowableCollector.execute(ThrowableCollector.java:73)
	at org.junit.platform.engine.support.hierarchical.NodeTestTask.executeRecursively(NodeTestTask.java:138)
	at org.junit.platform.engine.support.hierarchical.NodeTestTask.execute(NodeTestTask.java:95)
	at java.util.ArrayList.forEach(ArrayList.java:1259)
	at org.junit.platform.engine.support.hierarchical.SameThreadHierarchicalTestExecutorService.invokeAll(SameThreadHierarchicalTestExecutorService.java:41)
	at org.junit.platform.engine.support.hierarchical.NodeTestTask.lambda$executeRecursively$6(NodeTestTask.java:155)
	at org.junit.platform.engine.support.hierarchical.ThrowableCollector.execute(ThrowableCollector.java:73)
	at org.junit.platform.engine.support.hierarchical.NodeTestTask.lambda$executeRecursively$8(NodeTestTask.java:141)
	at org.junit.platform.engine.support.hierarchical.Node.around(Node.java:137)
	at org.junit.platform.engine.support.hierarchical.NodeTestTask.lambda$executeRecursively$9(NodeTestTask.java:139)
	at org.junit.platform.engine.support.hierarchical.ThrowableCollector.execute(ThrowableCollector.java:73)
	at org.junit.platform.engine.support.hierarchical.NodeTestTask.executeRecursively(NodeTestTask.java:138)
	at org.junit.platform.engine.support.hierarchical.NodeTestTask.execute(NodeTestTask.java:95)
	at java.util.ArrayList.forEach(ArrayList.java:1259)
	at org.junit.platform.engine.support.hierarchical.SameThreadHierarchicalTestExecutorService.invokeAll(SameThreadHierarchicalTestExecutorService.java:41)
	at org.junit.platform.engine.support.hierarchical.NodeTestTask.lambda$executeRecursively$6(NodeTestTask.java:155)
	at org.junit.platform.engine.support.hierarchical.ThrowableCollector.execute(ThrowableCollector.java:73)
	at org.junit.platform.engine.support.hierarchical.NodeTestTask.lambda$executeRecursively$8(NodeTestTask.java:141)
	at org.junit.platform.engine.support.hierarchical.Node.around(Node.java:137)
	at org.junit.platform.engine.support.hierarchical.NodeTestTask.lambda$executeRecursively$9(NodeTestTask.java:139)
	at org.junit.platform.engine.support.hierarchical.ThrowableCollector.execute(ThrowableCollector.java:73)
	at org.junit.platform.engine.support.hierarchical.NodeTestTask.executeRecursively(NodeTestTask.java:138)
	at org.junit.platform.engine.support.hierarchical.NodeTestTask.execute(NodeTestTask.java:95)
	at org.junit.platform.engine.support.hierarchical.SameThreadHierarchicalTestExecutorService.submit(SameThreadHierarchicalTestExecutorService.java:35)
	at org.junit.platform.engine.support.hierarchical.HierarchicalTestExecutor.execute(HierarchicalTestExecutor.java:57)
	at org.junit.platform.engine.support.hierarchical.HierarchicalTestEngine.execute(HierarchicalTestEngine.java:54)
	at org.junit.platform.launcher.core.DefaultLauncher.execute(DefaultLauncher.java:170)
	at org.junit.platform.launcher.core.DefaultLauncher.execute(DefaultLauncher.java:154)
	at org.junit.platform.launcher.core.DefaultLauncher.execute(DefaultLauncher.java:90)
	at edu.illinois.cs.testrunner.execution.JUnit5TestExecutor.runTestsSeparately(JUnit5TestExecutor.java:40)
	at edu.illinois.cs.testrunner.execution.Executor$.$anonfun$run$1(Executor.scala:33)
	at scala.runtime.java8.JFunction0$mcV$sp.apply(JFunction0$mcV$sp.java:12)
	at scala.util.Try$.apply(Try.scala:209)
	at edu.illinois.cs.testrunner.execution.Executor$.run(Executor.scala:28)
	at edu.illinois.cs.testrunner.execution.Executor$.main(Executor.scala:18)
	at edu.illinois.cs.testrunner.execution.Executor.main(Executor.scala)

2024-05-17 16:25:45.671  INFO 62362 --- [WebServer 54397] okhttp3.mockwebserver.MockWebServer      : MockWebServer[54397] done accepting connections: Socket closed
2024-05-17 16:25:45.675  INFO 62362 --- [WebServer 43795] okhttp3.mockwebserver.MockWebServer      : MockWebServer[43795] starting to accept connections
2024-05-17 16:25:45.678  INFO 62362 --- [WebServer 54647] okhttp3.mockwebserver.MockWebServer      : MockWebServer[54647] starting to accept connections
2024-05-17 16:25:45.678  INFO 62362 --- [           main] s.c.k.f.c.Fabric8ConfigMapPropertySource : Loading ConfigMap with name 'my-config' in namespace 'default'
2024-05-17 16:25:45.779  INFO 62362 --- [127.0.0.1:53610] okhttp3.mockwebserver.MockWebServer      : MockWebServer[54647] received request: GET /api/v1/namespaces/default/configmaps/my-config HTTP/1.1 and responded: HTTP/1.1 500 Server Error
2024-05-17 16:25:45.821  INFO 62362 --- [WebServer 54647] okhttp3.mockwebserver.MockWebServer      : MockWebServer[54647] done accepting connections: Socket closed
2024-05-17 16:25:45.834  INFO 62362 --- [WebServer 43397] okhttp3.mockwebserver.MockWebServer      : MockWebServer[43397] starting to accept connections
2024-05-17 16:25:45.841  INFO 62362 --- [WebServer 45695] okhttp3.mockwebserver.MockWebServer      : MockWebServer[45695] starting to accept connections
2024-05-17 16:25:45.843  INFO 62362 --- [           main] s.c.k.f.c.Fabric8ConfigMapPropertySource : Loading ConfigMap with name 'my-config' in namespace 'default'
2024-05-17 16:25:45.968  INFO 62362 --- [127.0.0.1:40242] okhttp3.mockwebserver.MockWebServer      : MockWebServer[45695] received request: GET /api/v1/namespaces/default/configmaps/my-config HTTP/1.1 and responded: HTTP/1.1 500 Server Error
2024-05-17 16:25:46.010  WARN 62362 --- [           main] s.c.k.f.c.Fabric8ConfigMapPropertySource : Can't read configMap with name: [my-config] in namespace: [default]. Ignoring.

io.fabric8.kubernetes.client.KubernetesClientException: Failure executing: GET at: https://localhost:45695/api/v1/namespaces/default/configmaps/my-config. Message: Internal Server Error.
	at io.fabric8.kubernetes.client.dsl.base.OperationSupport.requestFailure(OperationSupport.java:694)
	at io.fabric8.kubernetes.client.dsl.base.OperationSupport.requestFailure(OperationSupport.java:673)
	at io.fabric8.kubernetes.client.dsl.base.OperationSupport.assertResponseCode(OperationSupport.java:626)
	at io.fabric8.kubernetes.client.dsl.base.OperationSupport.handleResponse(OperationSupport.java:566)
	at io.fabric8.kubernetes.client.dsl.base.OperationSupport.handleResponse(OperationSupport.java:527)
	at io.fabric8.kubernetes.client.dsl.base.OperationSupport.handleGet(OperationSupport.java:494)
	at io.fabric8.kubernetes.client.dsl.base.OperationSupport.handleGet(OperationSupport.java:476)
	at io.fabric8.kubernetes.client.dsl.base.BaseOperation.handleGet(BaseOperation.java:788)
	at io.fabric8.kubernetes.client.dsl.base.BaseOperation.getMandatory(BaseOperation.java:187)
	at io.fabric8.kubernetes.client.dsl.base.BaseOperation.get(BaseOperation.java:154)
	at io.fabric8.kubernetes.client.dsl.base.BaseOperation.get(BaseOperation.java:87)
	at org.springframework.cloud.kubernetes.fabric8.config.Fabric8ConfigUtils.getConfigMapData(Fabric8ConfigUtils.java:118)
	at org.springframework.cloud.kubernetes.fabric8.config.Fabric8ConfigMapPropertySource.getData(Fabric8ConfigMapPropertySource.java:79)
	at org.springframework.cloud.kubernetes.fabric8.config.Fabric8ConfigMapPropertySource.<init>(Fabric8ConfigMapPropertySource.java:70)
	at org.springframework.cloud.kubernetes.fabric8.config.Fabric8ConfigMapPropertySourceTests.lambda$constructorShouldNotThrowExceptionOnFailureWhenFailFastIsDisabled$1(Fabric8ConfigMapPropertySourceTests.java:64)
	at org.assertj.core.api.ThrowableAssert.catchThrowable(ThrowableAssert.java:63)
	at org.assertj.core.api.NotThrownAssert.isThrownBy(NotThrownAssert.java:43)
	at org.springframework.cloud.kubernetes.fabric8.config.Fabric8ConfigMapPropertySourceTests.constructorShouldNotThrowExceptionOnFailureWhenFailFastIsDisabled(Fabric8ConfigMapPropertySourceTests.java:64)
	at sun.reflect.NativeMethodAccessorImpl.invoke0(Native Method)
	at sun.reflect.NativeMethodAccessorImpl.invoke(NativeMethodAccessorImpl.java:62)
	at sun.reflect.DelegatingMethodAccessorImpl.invoke(DelegatingMethodAccessorImpl.java:43)
	at java.lang.reflect.Method.invoke(Method.java:498)
	at org.junit.platform.commons.util.ReflectionUtils.invokeMethod(ReflectionUtils.java:725)
	at org.junit.jupiter.engine.execution.MethodInvocation.proceed(MethodInvocation.java:60)
	at org.junit.jupiter.engine.execution.InvocationInterceptorChain$ValidatingInvocation.proceed(InvocationInterceptorChain.java:131)
	at org.junit.jupiter.engine.extension.TimeoutExtension.intercept(TimeoutExtension.java:149)
	at org.junit.jupiter.engine.extension.TimeoutExtension.interceptTestableMethod(TimeoutExtension.java:140)
	at org.junit.jupiter.engine.extension.TimeoutExtension.interceptTestMethod(TimeoutExtension.java:84)
	at org.junit.jupiter.engine.execution.ExecutableInvoker$ReflectiveInterceptorCall.lambda$ofVoidMethod$0(ExecutableInvoker.java:115)
	at org.junit.jupiter.engine.execution.ExecutableInvoker.lambda$invoke$0(ExecutableInvoker.java:105)
	at org.junit.jupiter.engine.execution.InvocationInterceptorChain$InterceptedInvocation.proceed(InvocationInterceptorChain.java:106)
	at org.junit.jupiter.engine.execution.InvocationInterceptorChain.proceed(InvocationInterceptorChain.java:64)
	at org.junit.jupiter.engine.execution.InvocationInterceptorChain.chainAndInvoke(InvocationInterceptorChain.java:45)
	at org.junit.jupiter.engine.execution.InvocationInterceptorChain.invoke(InvocationInterceptorChain.java:37)
	at org.junit.jupiter.engine.execution.ExecutableInvoker.invoke(ExecutableInvoker.java:104)
	at org.junit.jupiter.engine.execution.ExecutableInvoker.invoke(ExecutableInvoker.java:98)
	at org.junit.jupiter.engine.descriptor.TestMethodTestDescriptor.lambda$invokeTestMethod$7(TestMethodTestDescriptor.java:214)
	at org.junit.platform.engine.support.hierarchical.ThrowableCollector.execute(ThrowableCollector.java:73)
	at org.junit.jupiter.engine.descriptor.TestMethodTestDescriptor.invokeTestMethod(TestMethodTestDescriptor.java:210)
	at org.junit.jupiter.engine.descriptor.TestMethodTestDescriptor.execute(TestMethodTestDescriptor.java:135)
	at org.junit.jupiter.engine.descriptor.TestMethodTestDescriptor.execute(TestMethodTestDescriptor.java:66)
	at org.junit.platform.engine.support.hierarchical.NodeTestTask.lambda$executeRecursively$6(NodeTestTask.java:151)
	at org.junit.platform.engine.support.hierarchical.ThrowableCollector.execute(ThrowableCollector.java:73)
	at org.junit.platform.engine.support.hierarchical.NodeTestTask.lambda$executeRecursively$8(NodeTestTask.java:141)
	at org.junit.platform.engine.support.hierarchical.Node.around(Node.java:137)
	at org.junit.platform.engine.support.hierarchical.NodeTestTask.lambda$executeRecursively$9(NodeTestTask.java:139)
	at org.junit.platform.engine.support.hierarchical.ThrowableCollector.execute(ThrowableCollector.java:73)
	at org.junit.platform.engine.support.hierarchical.NodeTestTask.executeRecursively(NodeTestTask.java:138)
	at org.junit.platform.engine.support.hierarchical.NodeTestTask.execute(NodeTestTask.java:95)
	at java.util.ArrayList.forEach(ArrayList.java:1259)
	at org.junit.platform.engine.support.hierarchical.SameThreadHierarchicalTestExecutorService.invokeAll(SameThreadHierarchicalTestExecutorService.java:41)
	at org.junit.platform.engine.support.hierarchical.NodeTestTask.lambda$executeRecursively$6(NodeTestTask.java:155)
	at org.junit.platform.engine.support.hierarchical.ThrowableCollector.execute(ThrowableCollector.java:73)
	at org.junit.platform.engine.support.hierarchical.NodeTestTask.lambda$executeRecursively$8(NodeTestTask.java:141)
	at org.junit.platform.engine.support.hierarchical.Node.around(Node.java:137)
	at org.junit.platform.engine.support.hierarchical.NodeTestTask.lambda$executeRecursively$9(NodeTestTask.java:139)
	at org.junit.platform.engine.support.hierarchical.ThrowableCollector.execute(ThrowableCollector.java:73)
	at org.junit.platform.engine.support.hierarchical.NodeTestTask.executeRecursively(NodeTestTask.java:138)
	at org.junit.platform.engine.support.hierarchical.NodeTestTask.execute(NodeTestTask.java:95)
	at java.util.ArrayList.forEach(ArrayList.java:1259)
	at org.junit.platform.engine.support.hierarchical.SameThreadHierarchicalTestExecutorService.invokeAll(SameThreadHierarchicalTestExecutorService.java:41)
	at org.junit.platform.engine.support.hierarchical.NodeTestTask.lambda$executeRecursively$6(NodeTestTask.java:155)
	at org.junit.platform.engine.support.hierarchical.ThrowableCollector.execute(ThrowableCollector.java:73)
	at org.junit.platform.engine.support.hierarchical.NodeTestTask.lambda$executeRecursively$8(NodeTestTask.java:141)
	at org.junit.platform.engine.support.hierarchical.Node.around(Node.java:137)
	at org.junit.platform.engine.support.hierarchical.NodeTestTask.lambda$executeRecursively$9(NodeTestTask.java:139)
	at org.junit.platform.engine.support.hierarchical.ThrowableCollector.execute(ThrowableCollector.java:73)
	at org.junit.platform.engine.support.hierarchical.NodeTestTask.executeRecursively(NodeTestTask.java:138)
	at org.junit.platform.engine.support.hierarchical.NodeTestTask.execute(NodeTestTask.java:95)
	at org.junit.platform.engine.support.hierarchical.SameThreadHierarchicalTestExecutorService.submit(SameThreadHierarchicalTestExecutorService.java:35)
	at org.junit.platform.engine.support.hierarchical.HierarchicalTestExecutor.execute(HierarchicalTestExecutor.java:57)
	at org.junit.platform.engine.support.hierarchical.HierarchicalTestEngine.execute(HierarchicalTestEngine.java:54)
	at org.junit.platform.launcher.core.DefaultLauncher.execute(DefaultLauncher.java:170)
	at org.junit.platform.launcher.core.DefaultLauncher.execute(DefaultLauncher.java:154)
	at org.junit.platform.launcher.core.DefaultLauncher.execute(DefaultLauncher.java:90)
	at edu.illinois.cs.testrunner.execution.JUnit5TestExecutor.runTestsSeparately(JUnit5TestExecutor.java:40)
	at edu.illinois.cs.testrunner.execution.Executor$.$anonfun$run$1(Executor.scala:33)
	at scala.runtime.java8.JFunction0$mcV$sp.apply(JFunction0$mcV$sp.java:12)
	at scala.util.Try$.apply(Try.scala:209)
	at edu.illinois.cs.testrunner.execution.Executor$.run(Executor.scala:28)
	at edu.illinois.cs.testrunner.execution.Executor$.main(Executor.scala:18)
	at edu.illinois.cs.testrunner.execution.Executor.main(Executor.scala)

2024-05-17 16:25:46.010  INFO 62362 --- [WebServer 45695] okhttp3.mockwebserver.MockWebServer      : MockWebServer[45695] done accepting connections: Socket closed
2024-05-17 16:25:46.016  INFO 62362 --- [WebServer 34919] okhttp3.mockwebserver.MockWebServer      : MockWebServer[34919] starting to accept connections
2024-05-17 16:25:46.019  INFO 62362 --- [WebServer 38909] okhttp3.mockwebserver.MockWebServer      : MockWebServer[38909] starting to accept connections
2024-05-17 16:25:46.020  INFO 62362 --- [WebServer 38909] okhttp3.mockwebserver.MockWebServer      : MockWebServer[38909] done accepting connections: Socket closed
2024-05-17 16:25:46.024  INFO 62362 --- [WebServer 51117] okhttp3.mockwebserver.MockWebServer      : MockWebServer[51117] starting to accept connections
2024-05-17 16:25:46.027  INFO 62362 --- [WebServer 33301] okhttp3.mockwebserver.MockWebServer      : MockWebServer[33301] starting to accept connections
2024-05-17 16:25:46.028  INFO 62362 --- [           main] s.c.k.f.c.Fabric8ConfigMapPropertySource : Loading ConfigMap with name 'configmap' in namespace 'namespace'
2024-05-17 16:25:46.028  WARN 62362 --- [           main] s.c.k.f.c.Fabric8ConfigMapPropertySource : Can't read configMap with name: [configmap] in namespace: [namespace]. Ignoring.

java.lang.NullPointerException: null
	at org.springframework.cloud.kubernetes.fabric8.config.Fabric8ConfigUtils.getConfigMapData(Fabric8ConfigUtils.java:118)
	at org.springframework.cloud.kubernetes.fabric8.config.Fabric8ConfigMapPropertySource.getData(Fabric8ConfigMapPropertySource.java:79)
	at org.springframework.cloud.kubernetes.fabric8.config.Fabric8ConfigMapPropertySource.<init>(Fabric8ConfigMapPropertySource.java:63)
	at org.springframework.cloud.kubernetes.fabric8.config.Fabric8ConfigMapPropertySourceTests.anotherDeprecatedConstructorWithNamespaceMustNotFail(Fabric8ConfigMapPropertySourceTests.java:102)
	at sun.reflect.NativeMethodAccessorImpl.invoke0(Native Method)
	at sun.reflect.NativeMethodAccessorImpl.invoke(NativeMethodAccessorImpl.java:62)
	at sun.reflect.DelegatingMethodAccessorImpl.invoke(DelegatingMethodAccessorImpl.java:43)
	at java.lang.reflect.Method.invoke(Method.java:498)
	at org.junit.platform.commons.util.ReflectionUtils.invokeMethod(ReflectionUtils.java:725)
	at org.junit.jupiter.engine.execution.MethodInvocation.proceed(MethodInvocation.java:60)
	at org.junit.jupiter.engine.execution.InvocationInterceptorChain$ValidatingInvocation.proceed(InvocationInterceptorChain.java:131)
	at org.junit.jupiter.engine.extension.TimeoutExtension.intercept(TimeoutExtension.java:149)
	at org.junit.jupiter.engine.extension.TimeoutExtension.interceptTestableMethod(TimeoutExtension.java:140)
	at org.junit.jupiter.engine.extension.TimeoutExtension.interceptTestMethod(TimeoutExtension.java:84)
	at org.junit.jupiter.engine.execution.ExecutableInvoker$ReflectiveInterceptorCall.lambda$ofVoidMethod$0(ExecutableInvoker.java:115)
	at org.junit.jupiter.engine.execution.ExecutableInvoker.lambda$invoke$0(ExecutableInvoker.java:105)
	at org.junit.jupiter.engine.execution.InvocationInterceptorChain$InterceptedInvocation.proceed(InvocationInterceptorChain.java:106)
	at org.junit.jupiter.engine.execution.InvocationInterceptorChain.proceed(InvocationInterceptorChain.java:64)
	at org.junit.jupiter.engine.execution.InvocationInterceptorChain.chainAndInvoke(InvocationInterceptorChain.java:45)
	at org.junit.jupiter.engine.execution.InvocationInterceptorChain.invoke(InvocationInterceptorChain.java:37)
	at org.junit.jupiter.engine.execution.ExecutableInvoker.invoke(ExecutableInvoker.java:104)
	at org.junit.jupiter.engine.execution.ExecutableInvoker.invoke(ExecutableInvoker.java:98)
	at org.junit.jupiter.engine.descriptor.TestMethodTestDescriptor.lambda$invokeTestMethod$7(TestMethodTestDescriptor.java:214)
	at org.junit.platform.engine.support.hierarchical.ThrowableCollector.execute(ThrowableCollector.java:73)
	at org.junit.jupiter.engine.descriptor.TestMethodTestDescriptor.invokeTestMethod(TestMethodTestDescriptor.java:210)
	at org.junit.jupiter.engine.descriptor.TestMethodTestDescriptor.execute(TestMethodTestDescriptor.java:135)
	at org.junit.jupiter.engine.descriptor.TestMethodTestDescriptor.execute(TestMethodTestDescriptor.java:66)
	at org.junit.platform.engine.support.hierarchical.NodeTestTask.lambda$executeRecursively$6(NodeTestTask.java:151)
	at org.junit.platform.engine.support.hierarchical.ThrowableCollector.execute(ThrowableCollector.java:73)
	at org.junit.platform.engine.support.hierarchical.NodeTestTask.lambda$executeRecursively$8(NodeTestTask.java:141)
	at org.junit.platform.engine.support.hierarchical.Node.around(Node.java:137)
	at org.junit.platform.engine.support.hierarchical.NodeTestTask.lambda$executeRecursively$9(NodeTestTask.java:139)
	at org.junit.platform.engine.support.hierarchical.ThrowableCollector.execute(ThrowableCollector.java:73)
	at org.junit.platform.engine.support.hierarchical.NodeTestTask.executeRecursively(NodeTestTask.java:138)
	at org.junit.platform.engine.support.hierarchical.NodeTestTask.execute(NodeTestTask.java:95)
	at java.util.ArrayList.forEach(ArrayList.java:1259)
	at org.junit.platform.engine.support.hierarchical.SameThreadHierarchicalTestExecutorService.invokeAll(SameThreadHierarchicalTestExecutorService.java:41)
	at org.junit.platform.engine.support.hierarchical.NodeTestTask.lambda$executeRecursively$6(NodeTestTask.java:155)
	at org.junit.platform.engine.support.hierarchical.ThrowableCollector.execute(ThrowableCollector.java:73)
	at org.junit.platform.engine.support.hierarchical.NodeTestTask.lambda$executeRecursively$8(NodeTestTask.java:141)
	at org.junit.platform.engine.support.hierarchical.Node.around(Node.java:137)
	at org.junit.platform.engine.support.hierarchical.NodeTestTask.lambda$executeRecursively$9(NodeTestTask.java:139)
	at org.junit.platform.engine.support.hierarchical.ThrowableCollector.execute(ThrowableCollector.java:73)
	at org.junit.platform.engine.support.hierarchical.NodeTestTask.executeRecursively(NodeTestTask.java:138)
	at org.junit.platform.engine.support.hierarchical.NodeTestTask.execute(NodeTestTask.java:95)
	at java.util.ArrayList.forEach(ArrayList.java:1259)
	at org.junit.platform.engine.support.hierarchical.SameThreadHierarchicalTestExecutorService.invokeAll(SameThreadHierarchicalTestExecutorService.java:41)
	at org.junit.platform.engine.support.hierarchical.NodeTestTask.lambda$executeRecursively$6(NodeTestTask.java:155)
	at org.junit.platform.engine.support.hierarchical.ThrowableCollector.execute(ThrowableCollector.java:73)
	at org.junit.platform.engine.support.hierarchical.NodeTestTask.lambda$executeRecursively$8(NodeTestTask.java:141)
	at org.junit.platform.engine.support.hierarchical.Node.around(Node.java:137)
	at org.junit.platform.engine.support.hierarchical.NodeTestTask.lambda$executeRecursively$9(NodeTestTask.java:139)
	at org.junit.platform.engine.support.hierarchical.ThrowableCollector.execute(ThrowableCollector.java:73)
	at org.junit.platform.engine.support.hierarchical.NodeTestTask.executeRecursively(NodeTestTask.java:138)
	at org.junit.platform.engine.support.hierarchical.NodeTestTask.execute(NodeTestTask.java:95)
	at org.junit.platform.engine.support.hierarchical.SameThreadHierarchicalTestExecutorService.submit(SameThreadHierarchicalTestExecutorService.java:35)
	at org.junit.platform.engine.support.hierarchical.HierarchicalTestExecutor.execute(HierarchicalTestExecutor.java:57)
	at org.junit.platform.engine.support.hierarchical.HierarchicalTestEngine.execute(HierarchicalTestEngine.java:54)
	at org.junit.platform.launcher.core.DefaultLauncher.execute(DefaultLauncher.java:170)
	at org.junit.platform.launcher.core.DefaultLauncher.execute(DefaultLauncher.java:154)
	at org.junit.platform.launcher.core.DefaultLauncher.execute(DefaultLauncher.java:90)
	at edu.illinois.cs.testrunner.execution.JUnit5TestExecutor.runTestsSeparately(JUnit5TestExecutor.java:40)
	at edu.illinois.cs.testrunner.execution.Executor$.$anonfun$run$1(Executor.scala:33)
	at scala.runtime.java8.JFunction0$mcV$sp.apply(JFunction0$mcV$sp.java:12)
	at scala.util.Try$.apply(Try.scala:209)
	at edu.illinois.cs.testrunner.execution.Executor$.run(Executor.scala:28)
	at edu.illinois.cs.testrunner.execution.Executor$.main(Executor.scala:18)
	at edu.illinois.cs.testrunner.execution.Executor.main(Executor.scala)

2024-05-17 16:25:46.028  INFO 62362 --- [WebServer 33301] okhttp3.mockwebserver.MockWebServer      : MockWebServer[33301] done accepting connections: Socket closed
2024-05-17 16:25:46.034  INFO 62362 --- [WebServer 41403] okhttp3.mockwebserver.MockWebServer      : MockWebServer[41403] starting to accept connections
2024-05-17 16:25:46.036  INFO 62362 --- [WebServer 37109] okhttp3.mockwebserver.MockWebServer      : MockWebServer[37109] starting to accept connections
2024-05-17 16:25:46.037  INFO 62362 --- [           main] s.c.k.f.c.Fabric8ConfigMapPropertySource : Loading ConfigMap with name 'configmap' in namespace 'some-namespace'
2024-05-17 16:25:46.037  WARN 62362 --- [           main] s.c.k.f.c.Fabric8ConfigMapPropertySource : Can't read configMap with name: [configmap] in namespace: [some-namespace]. Ignoring.

java.lang.NullPointerException: null
	at org.springframework.cloud.kubernetes.fabric8.config.Fabric8ConfigUtils.getConfigMapData(Fabric8ConfigUtils.java:118)
	at org.springframework.cloud.kubernetes.fabric8.config.Fabric8ConfigMapPropertySource.getData(Fabric8ConfigMapPropertySource.java:79)
	at org.springframework.cloud.kubernetes.fabric8.config.Fabric8ConfigMapPropertySource.<init>(Fabric8ConfigMapPropertySource.java:63)
	at org.springframework.cloud.kubernetes.fabric8.config.Fabric8ConfigMapPropertySourceTests.anotherDeprecatedConstructorWithClientNamespaceMustNotFail(Fabric8ConfigMapPropertySourceTests.java:95)
	at sun.reflect.NativeMethodAccessorImpl.invoke0(Native Method)
	at sun.reflect.NativeMethodAccessorImpl.invoke(NativeMethodAccessorImpl.java:62)
	at sun.reflect.DelegatingMethodAccessorImpl.invoke(DelegatingMethodAccessorImpl.java:43)
	at java.lang.reflect.Method.invoke(Method.java:498)
	at org.junit.platform.commons.util.ReflectionUtils.invokeMethod(ReflectionUtils.java:725)
	at org.junit.jupiter.engine.execution.MethodInvocation.proceed(MethodInvocation.java:60)
	at org.junit.jupiter.engine.execution.InvocationInterceptorChain$ValidatingInvocation.proceed(InvocationInterceptorChain.java:131)
	at org.junit.jupiter.engine.extension.TimeoutExtension.intercept(TimeoutExtension.java:149)
	at org.junit.jupiter.engine.extension.TimeoutExtension.interceptTestableMethod(TimeoutExtension.java:140)
	at org.junit.jupiter.engine.extension.TimeoutExtension.interceptTestMethod(TimeoutExtension.java:84)
	at org.junit.jupiter.engine.execution.ExecutableInvoker$ReflectiveInterceptorCall.lambda$ofVoidMethod$0(ExecutableInvoker.java:115)
	at org.junit.jupiter.engine.execution.ExecutableInvoker.lambda$invoke$0(ExecutableInvoker.java:105)
	at org.junit.jupiter.engine.execution.InvocationInterceptorChain$InterceptedInvocation.proceed(InvocationInterceptorChain.java:106)
	at org.junit.jupiter.engine.execution.InvocationInterceptorChain.proceed(InvocationInterceptorChain.java:64)
	at org.junit.jupiter.engine.execution.InvocationInterceptorChain.chainAndInvoke(InvocationInterceptorChain.java:45)
	at org.junit.jupiter.engine.execution.InvocationInterceptorChain.invoke(InvocationInterceptorChain.java:37)
	at org.junit.jupiter.engine.execution.ExecutableInvoker.invoke(ExecutableInvoker.java:104)
	at org.junit.jupiter.engine.execution.ExecutableInvoker.invoke(ExecutableInvoker.java:98)
	at org.junit.jupiter.engine.descriptor.TestMethodTestDescriptor.lambda$invokeTestMethod$7(TestMethodTestDescriptor.java:214)
	at org.junit.platform.engine.support.hierarchical.ThrowableCollector.execute(ThrowableCollector.java:73)
	at org.junit.jupiter.engine.descriptor.TestMethodTestDescriptor.invokeTestMethod(TestMethodTestDescriptor.java:210)
	at org.junit.jupiter.engine.descriptor.TestMethodTestDescriptor.execute(TestMethodTestDescriptor.java:135)
	at org.junit.jupiter.engine.descriptor.TestMethodTestDescriptor.execute(TestMethodTestDescriptor.java:66)
	at org.junit.platform.engine.support.hierarchical.NodeTestTask.lambda$executeRecursively$6(NodeTestTask.java:151)
	at org.junit.platform.engine.support.hierarchical.ThrowableCollector.execute(ThrowableCollector.java:73)
	at org.junit.platform.engine.support.hierarchical.NodeTestTask.lambda$executeRecursively$8(NodeTestTask.java:141)
	at org.junit.platform.engine.support.hierarchical.Node.around(Node.java:137)
	at org.junit.platform.engine.support.hierarchical.NodeTestTask.lambda$executeRecursively$9(NodeTestTask.java:139)
	at org.junit.platform.engine.support.hierarchical.ThrowableCollector.execute(ThrowableCollector.java:73)
	at org.junit.platform.engine.support.hierarchical.NodeTestTask.executeRecursively(NodeTestTask.java:138)
	at org.junit.platform.engine.support.hierarchical.NodeTestTask.execute(NodeTestTask.java:95)
	at java.util.ArrayList.forEach(ArrayList.java:1259)
	at org.junit.platform.engine.support.hierarchical.SameThreadHierarchicalTestExecutorService.invokeAll(SameThreadHierarchicalTestExecutorService.java:41)
	at org.junit.platform.engine.support.hierarchical.NodeTestTask.lambda$executeRecursively$6(NodeTestTask.java:155)
	at org.junit.platform.engine.support.hierarchical.ThrowableCollector.execute(ThrowableCollector.java:73)
	at org.junit.platform.engine.support.hierarchical.NodeTestTask.lambda$executeRecursively$8(NodeTestTask.java:141)
	at org.junit.platform.engine.support.hierarchical.Node.around(Node.java:137)
	at org.junit.platform.engine.support.hierarchical.NodeTestTask.lambda$executeRecursively$9(NodeTestTask.java:139)
	at org.junit.platform.engine.support.hierarchical.ThrowableCollector.execute(ThrowableCollector.java:73)
	at org.junit.platform.engine.support.hierarchical.NodeTestTask.executeRecursively(NodeTestTask.java:138)
	at org.junit.platform.engine.support.hierarchical.NodeTestTask.execute(NodeTestTask.java:95)
	at java.util.ArrayList.forEach(ArrayList.java:1259)
	at org.junit.platform.engine.support.hierarchical.SameThreadHierarchicalTestExecutorService.invokeAll(SameThreadHierarchicalTestExecutorService.java:41)
	at org.junit.platform.engine.support.hierarchical.NodeTestTask.lambda$executeRecursively$6(NodeTestTask.java:155)
	at org.junit.platform.engine.support.hierarchical.ThrowableCollector.execute(ThrowableCollector.java:73)
	at org.junit.platform.engine.support.hierarchical.NodeTestTask.lambda$executeRecursively$8(NodeTestTask.java:141)
	at org.junit.platform.engine.support.hierarchical.Node.around(Node.java:137)
	at org.junit.platform.engine.support.hierarchical.NodeTestTask.lambda$executeRecursively$9(NodeTestTask.java:139)
	at org.junit.platform.engine.support.hierarchical.ThrowableCollector.execute(ThrowableCollector.java:73)
	at org.junit.platform.engine.support.hierarchical.NodeTestTask.executeRecursively(NodeTestTask.java:138)
	at org.junit.platform.engine.support.hierarchical.NodeTestTask.execute(NodeTestTask.java:95)
	at org.junit.platform.engine.support.hierarchical.SameThreadHierarchicalTestExecutorService.submit(SameThreadHierarchicalTestExecutorService.java:35)
	at org.junit.platform.engine.support.hierarchical.HierarchicalTestExecutor.execute(HierarchicalTestExecutor.java:57)
	at org.junit.platform.engine.support.hierarchical.HierarchicalTestEngine.execute(HierarchicalTestEngine.java:54)
	at org.junit.platform.launcher.core.DefaultLauncher.execute(DefaultLauncher.java:170)
	at org.junit.platform.launcher.core.DefaultLauncher.execute(DefaultLauncher.java:154)
	at org.junit.platform.launcher.core.DefaultLauncher.execute(DefaultLauncher.java:90)
	at edu.illinois.cs.testrunner.execution.JUnit5TestExecutor.runTestsSeparately(JUnit5TestExecutor.java:40)
	at edu.illinois.cs.testrunner.execution.Executor$.$anonfun$run$1(Executor.scala:33)
	at scala.runtime.java8.JFunction0$mcV$sp.apply(JFunction0$mcV$sp.java:12)
	at scala.util.Try$.apply(Try.scala:209)
	at edu.illinois.cs.testrunner.execution.Executor$.run(Executor.scala:28)
	at edu.illinois.cs.testrunner.execution.Executor$.main(Executor.scala:18)
	at edu.illinois.cs.testrunner.execution.Executor.main(Executor.scala)

2024-05-17 16:25:46.038  INFO 62362 --- [WebServer 37109] okhttp3.mockwebserver.MockWebServer      : MockWebServer[37109] done accepting connections: Socket closed
2024-05-17 16:25:46.045  INFO 62362 --- [WebServer 40937] okhttp3.mockwebserver.MockWebServer      : MockWebServer[40937] starting to accept connections
2024-05-17 16:25:46.048  INFO 62362 --- [WebServer 40397] okhttp3.mockwebserver.MockWebServer      : MockWebServer[40397] starting to accept connections
2024-05-17 16:25:46.050  INFO 62362 --- [           main] s.c.k.f.c.Fabric8ConfigMapPropertySource : Loading ConfigMap with name 'my-config' in namespace 'default'
2024-05-17 16:25:46.146  INFO 62362 --- [127.0.0.1:59240] okhttp3.mockwebserver.MockWebServer      : MockWebServer[40397] received request: GET /api/v1/namespaces/default/configmaps/my-config HTTP/1.1 and responded: HTTP/1.1 500 Server Error
2024-05-17 16:25:46.188  INFO 62362 --- [WebServer 40397] okhttp3.mockwebserver.MockWebServer      : MockWebServer[40397] done accepting connections: Socket closed
2024-05-17 16:25:46.203  INFO 62362 --- [WebServer 53499] okhttp3.mockwebserver.MockWebServer      : MockWebServer[53499] starting to accept connections
2024-05-17 16:25:46.209  INFO 62362 --- [WebServer 48539] okhttp3.mockwebserver.MockWebServer      : MockWebServer[48539] starting to accept connections
2024-05-17 16:25:46.211  INFO 62362 --- [           main] s.c.k.f.c.Fabric8ConfigMapPropertySource : Loading ConfigMap with name 'my-config' in namespace 'default'
2024-05-17 16:25:46.330  INFO 62362 --- [127.0.0.1:41308] okhttp3.mockwebserver.MockWebServer      : MockWebServer[48539] received request: GET /api/v1/namespaces/default/configmaps/my-config HTTP/1.1 and responded: HTTP/1.1 500 Server Error
2024-05-17 16:25:46.372  WARN 62362 --- [           main] s.c.k.f.c.Fabric8ConfigMapPropertySource : Can't read configMap with name: [my-config] in namespace: [default]. Ignoring.

io.fabric8.kubernetes.client.KubernetesClientException: Failure executing: GET at: https://localhost:48539/api/v1/namespaces/default/configmaps/my-config. Message: Internal Server Error.
	at io.fabric8.kubernetes.client.dsl.base.OperationSupport.requestFailure(OperationSupport.java:694)
	at io.fabric8.kubernetes.client.dsl.base.OperationSupport.requestFailure(OperationSupport.java:673)
	at io.fabric8.kubernetes.client.dsl.base.OperationSupport.assertResponseCode(OperationSupport.java:626)
	at io.fabric8.kubernetes.client.dsl.base.OperationSupport.handleResponse(OperationSupport.java:566)
	at io.fabric8.kubernetes.client.dsl.base.OperationSupport.handleResponse(OperationSupport.java:527)
	at io.fabric8.kubernetes.client.dsl.base.OperationSupport.handleGet(OperationSupport.java:494)
	at io.fabric8.kubernetes.client.dsl.base.OperationSupport.handleGet(OperationSupport.java:476)
	at io.fabric8.kubernetes.client.dsl.base.BaseOperation.handleGet(BaseOperation.java:788)
	at io.fabric8.kubernetes.client.dsl.base.BaseOperation.getMandatory(BaseOperation.java:187)
	at io.fabric8.kubernetes.client.dsl.base.BaseOperation.get(BaseOperation.java:154)
	at io.fabric8.kubernetes.client.dsl.base.BaseOperation.get(BaseOperation.java:87)
	at org.springframework.cloud.kubernetes.fabric8.config.Fabric8ConfigUtils.getConfigMapData(Fabric8ConfigUtils.java:118)
	at org.springframework.cloud.kubernetes.fabric8.config.Fabric8ConfigMapPropertySource.getData(Fabric8ConfigMapPropertySource.java:79)
	at org.springframework.cloud.kubernetes.fabric8.config.Fabric8ConfigMapPropertySource.<init>(Fabric8ConfigMapPropertySource.java:70)
	at org.springframework.cloud.kubernetes.fabric8.config.Fabric8ConfigMapPropertySourceLocator.getMapPropertySource(Fabric8ConfigMapPropertySourceLocator.java:74)
	at org.springframework.cloud.kubernetes.commons.config.ConfigMapPropertySourceLocator.getMapPropertySourceForSingleConfigMap(ConfigMapPropertySourceLocator.java:98)
	at org.springframework.cloud.kubernetes.commons.config.ConfigMapPropertySourceLocator.lambda$locate$0(ConfigMapPropertySourceLocator.java:77)
	at java.lang.Iterable.forEach(Iterable.java:75)
	at org.springframework.cloud.kubernetes.commons.config.ConfigMapPropertySourceLocator.locate(ConfigMapPropertySourceLocator.java:77)
	at org.springframework.cloud.kubernetes.fabric8.config.Fabric8ConfigMapPropertySourceLocatorTests.lambda$locateShouldNotThrowExceptionOnFailureWhenFailFastIsDisabled$1(Fabric8ConfigMapPropertySourceLocatorTests.java:77)
	at org.assertj.core.api.ThrowableAssert.catchThrowable(ThrowableAssert.java:63)
	at org.assertj.core.api.NotThrownAssert.isThrownBy(NotThrownAssert.java:43)
	at org.springframework.cloud.kubernetes.fabric8.config.Fabric8ConfigMapPropertySourceLocatorTests.locateShouldNotThrowExceptionOnFailureWhenFailFastIsDisabled(Fabric8ConfigMapPropertySourceLocatorTests.java:77)
	at sun.reflect.NativeMethodAccessorImpl.invoke0(Native Method)
	at sun.reflect.NativeMethodAccessorImpl.invoke(NativeMethodAccessorImpl.java:62)
	at sun.reflect.DelegatingMethodAccessorImpl.invoke(DelegatingMethodAccessorImpl.java:43)
	at java.lang.reflect.Method.invoke(Method.java:498)
	at org.junit.platform.commons.util.ReflectionUtils.invokeMethod(ReflectionUtils.java:725)
	at org.junit.jupiter.engine.execution.MethodInvocation.proceed(MethodInvocation.java:60)
	at org.junit.jupiter.engine.execution.InvocationInterceptorChain$ValidatingInvocation.proceed(InvocationInterceptorChain.java:131)
	at org.junit.jupiter.engine.extension.TimeoutExtension.intercept(TimeoutExtension.java:149)
	at org.junit.jupiter.engine.extension.TimeoutExtension.interceptTestableMethod(TimeoutExtension.java:140)
	at org.junit.jupiter.engine.extension.TimeoutExtension.interceptTestMethod(TimeoutExtension.java:84)
	at org.junit.jupiter.engine.execution.ExecutableInvoker$ReflectiveInterceptorCall.lambda$ofVoidMethod$0(ExecutableInvoker.java:115)
	at org.junit.jupiter.engine.execution.ExecutableInvoker.lambda$invoke$0(ExecutableInvoker.java:105)
	at org.junit.jupiter.engine.execution.InvocationInterceptorChain$InterceptedInvocation.proceed(InvocationInterceptorChain.java:106)
	at org.junit.jupiter.engine.execution.InvocationInterceptorChain.proceed(InvocationInterceptorChain.java:64)
	at org.junit.jupiter.engine.execution.InvocationInterceptorChain.chainAndInvoke(InvocationInterceptorChain.java:45)
	at org.junit.jupiter.engine.execution.InvocationInterceptorChain.invoke(InvocationInterceptorChain.java:37)
	at org.junit.jupiter.engine.execution.ExecutableInvoker.invoke(ExecutableInvoker.java:104)
	at org.junit.jupiter.engine.execution.ExecutableInvoker.invoke(ExecutableInvoker.java:98)
	at org.junit.jupiter.engine.descriptor.TestMethodTestDescriptor.lambda$invokeTestMethod$7(TestMethodTestDescriptor.java:214)
	at org.junit.platform.engine.support.hierarchical.ThrowableCollector.execute(ThrowableCollector.java:73)
	at org.junit.jupiter.engine.descriptor.TestMethodTestDescriptor.invokeTestMethod(TestMethodTestDescriptor.java:210)
	at org.junit.jupiter.engine.descriptor.TestMethodTestDescriptor.execute(TestMethodTestDescriptor.java:135)
	at org.junit.jupiter.engine.descriptor.TestMethodTestDescriptor.execute(TestMethodTestDescriptor.java:66)
	at org.junit.platform.engine.support.hierarchical.NodeTestTask.lambda$executeRecursively$6(NodeTestTask.java:151)
	at org.junit.platform.engine.support.hierarchical.ThrowableCollector.execute(ThrowableCollector.java:73)
	at org.junit.platform.engine.support.hierarchical.NodeTestTask.lambda$executeRecursively$8(NodeTestTask.java:141)
	at org.junit.platform.engine.support.hierarchical.Node.around(Node.java:137)
	at org.junit.platform.engine.support.hierarchical.NodeTestTask.lambda$executeRecursively$9(NodeTestTask.java:139)
	at org.junit.platform.engine.support.hierarchical.ThrowableCollector.execute(ThrowableCollector.java:73)
	at org.junit.platform.engine.support.hierarchical.NodeTestTask.executeRecursively(NodeTestTask.java:138)
	at org.junit.platform.engine.support.hierarchical.NodeTestTask.execute(NodeTestTask.java:95)
	at java.util.ArrayList.forEach(ArrayList.java:1259)
	at org.junit.platform.engine.support.hierarchical.SameThreadHierarchicalTestExecutorService.invokeAll(SameThreadHierarchicalTestExecutorService.java:41)
	at org.junit.platform.engine.support.hierarchical.NodeTestTask.lambda$executeRecursively$6(NodeTestTask.java:155)
	at org.junit.platform.engine.support.hierarchical.ThrowableCollector.execute(ThrowableCollector.java:73)
	at org.junit.platform.engine.support.hierarchical.NodeTestTask.lambda$executeRecursively$8(NodeTestTask.java:141)
	at org.junit.platform.engine.support.hierarchical.Node.around(Node.java:137)
	at org.junit.platform.engine.support.hierarchical.NodeTestTask.lambda$executeRecursively$9(NodeTestTask.java:139)
	at org.junit.platform.engine.support.hierarchical.ThrowableCollector.execute(ThrowableCollector.java:73)
	at org.junit.platform.engine.support.hierarchical.NodeTestTask.executeRecursively(NodeTestTask.java:138)
	at org.junit.platform.engine.support.hierarchical.NodeTestTask.execute(NodeTestTask.java:95)
	at java.util.ArrayList.forEach(ArrayList.java:1259)
	at org.junit.platform.engine.support.hierarchical.SameThreadHierarchicalTestExecutorService.invokeAll(SameThreadHierarchicalTestExecutorService.java:41)
	at org.junit.platform.engine.support.hierarchical.NodeTestTask.lambda$executeRecursively$6(NodeTestTask.java:155)
	at org.junit.platform.engine.support.hierarchical.ThrowableCollector.execute(ThrowableCollector.java:73)
	at org.junit.platform.engine.support.hierarchical.NodeTestTask.lambda$executeRecursively$8(NodeTestTask.java:141)
	at org.junit.platform.engine.support.hierarchical.Node.around(Node.java:137)
	at org.junit.platform.engine.support.hierarchical.NodeTestTask.lambda$executeRecursively$9(NodeTestTask.java:139)
	at org.junit.platform.engine.support.hierarchical.ThrowableCollector.execute(ThrowableCollector.java:73)
	at org.junit.platform.engine.support.hierarchical.NodeTestTask.executeRecursively(NodeTestTask.java:138)
	at org.junit.platform.engine.support.hierarchical.NodeTestTask.execute(NodeTestTask.java:95)
	at org.junit.platform.engine.support.hierarchical.SameThreadHierarchicalTestExecutorService.submit(SameThreadHierarchicalTestExecutorService.java:35)
	at org.junit.platform.engine.support.hierarchical.HierarchicalTestExecutor.execute(HierarchicalTestExecutor.java:57)
	at org.junit.platform.engine.support.hierarchical.HierarchicalTestEngine.execute(HierarchicalTestEngine.java:54)
	at org.junit.platform.launcher.core.DefaultLauncher.execute(DefaultLauncher.java:170)
	at org.junit.platform.launcher.core.DefaultLauncher.execute(DefaultLauncher.java:154)
	at org.junit.platform.launcher.core.DefaultLauncher.execute(DefaultLauncher.java:90)
	at edu.illinois.cs.testrunner.execution.JUnit5TestExecutor.runTestsSeparately(JUnit5TestExecutor.java:40)
	at edu.illinois.cs.testrunner.execution.Executor$.$anonfun$run$1(Executor.scala:33)
	at scala.runtime.java8.JFunction0$mcV$sp.apply(JFunction0$mcV$sp.java:12)
	at scala.util.Try$.apply(Try.scala:209)
	at edu.illinois.cs.testrunner.execution.Executor$.run(Executor.scala:28)
	at edu.illinois.cs.testrunner.execution.Executor$.main(Executor.scala:18)
	at edu.illinois.cs.testrunner.execution.Executor.main(Executor.scala)

2024-05-17 16:25:46.373  INFO 62362 --- [WebServer 48539] okhttp3.mockwebserver.MockWebServer      : MockWebServer[48539] done accepting connections: Socket closed
2024-05-17 16:25:46.396  INFO 62362 --- [WebServer 51595] okhttp3.mockwebserver.MockWebServer      : MockWebServer[51595] starting to accept connections
2024-05-17 16:25:46.402  INFO 62362 --- [WebServer 50625] okhttp3.mockwebserver.MockWebServer      : MockWebServer[50625] starting to accept connections
2024-05-17 16:25:46.403  INFO 62362 --- [           main] .b.t.c.SpringBootTestContextBootstrapper : Neither @ContextConfiguration nor @ContextHierarchy found for test class [org.springframework.cloud.kubernetes.fabric8.config.Fabric8ConfigMapPropertySourceLocatorRetryTests$ConfigRetryEnabled], using SpringBootContextLoader
2024-05-17 16:25:46.404  INFO 62362 --- [           main] o.s.t.c.support.AbstractContextLoader    : Could not detect default resource locations for test class [org.springframework.cloud.kubernetes.fabric8.config.Fabric8ConfigMapPropertySourceLocatorRetryTests$ConfigRetryEnabled]: no resource found for suffixes {-context.xml, Context.groovy}.
2024-05-17 16:25:46.406  INFO 62362 --- [           main] .b.t.c.SpringBootTestContextBootstrapper : Loaded default TestExecutionListener class names from location [META-INF/spring.factories]: [org.springframework.boot.test.mock.mockito.MockitoTestExecutionListener, org.springframework.boot.test.mock.mockito.ResetMocksTestExecutionListener, org.springframework.boot.test.autoconfigure.restdocs.RestDocsTestExecutionListener, org.springframework.boot.test.autoconfigure.web.client.MockRestServiceServerResetTestExecutionListener, org.springframework.boot.test.autoconfigure.web.servlet.MockMvcPrintOnlyOnFailureTestExecutionListener, org.springframework.boot.test.autoconfigure.web.servlet.WebDriverTestExecutionListener, org.springframework.boot.test.autoconfigure.webservices.client.MockWebServiceServerTestExecutionListener, org.springframework.test.context.web.ServletTestExecutionListener, org.springframework.test.context.support.DirtiesContextBeforeModesTestExecutionListener, org.springframework.test.context.event.ApplicationEventsTestExecutionListener, org.springframework.test.context.support.DependencyInjectionTestExecutionListener, org.springframework.test.context.support.DirtiesContextTestExecutionListener, org.springframework.test.context.transaction.TransactionalTestExecutionListener, org.springframework.test.context.jdbc.SqlScriptsTestExecutionListener, org.springframework.test.context.event.EventPublishingTestExecutionListener, org.spockframework.spring.SpringMockTestExecutionListener]
2024-05-17 16:25:46.409  INFO 62362 --- [           main] .b.t.c.SpringBootTestContextBootstrapper : Using TestExecutionListeners: [org.springframework.test.context.web.ServletTestExecutionListener@442612a6, org.springframework.test.context.support.DirtiesContextBeforeModesTestExecutionListener@65314e4, org.springframework.test.context.event.ApplicationEventsTestExecutionListener@a93c88a, org.springframework.boot.test.mock.mockito.MockitoTestExecutionListener@741cb82c, org.springframework.boot.test.autoconfigure.SpringBootDependencyInjectionTestExecutionListener@db372b, org.springframework.test.context.support.DirtiesContextTestExecutionListener@1e31e7e0, org.springframework.test.context.event.EventPublishingTestExecutionListener@a72bb34, org.springframework.boot.test.mock.mockito.ResetMocksTestExecutionListener@1bbebf8e, org.springframework.boot.test.autoconfigure.restdocs.RestDocsTestExecutionListener@4285b1bd, org.springframework.boot.test.autoconfigure.web.client.MockRestServiceServerResetTestExecutionListener@539a50ea, org.springframework.boot.test.autoconfigure.web.servlet.MockMvcPrintOnlyOnFailureTestExecutionListener@4caeeab6, org.springframework.boot.test.autoconfigure.web.servlet.WebDriverTestExecutionListener@22027e62, org.springframework.boot.test.autoconfigure.webservices.client.MockWebServiceServerTestExecutionListener@4d652bc6, org.spockframework.spring.SpringMockTestExecutionListener@4cf93f80]
2024-05-17 16:25:46.446  WARN 62362 --- [           main] ubernetesProfileEnvironmentPostProcessor : Not running inside kubernetes. Skipping 'kubernetes' profile activation.
2024-05-17 16:25:46.482  INFO 62362 --- [           main] trationDelegate$BeanPostProcessorChecker : Bean 'org.springframework.retry.annotation.RetryConfiguration' of type [org.springframework.retry.annotation.RetryConfiguration] is not eligible for getting processed by all BeanPostProcessors (for example: not eligible for auto-proxying)

  .   ____          _            __ _ _
 /\\ / ___'_ __ _ _(_)_ __  __ _ \ \ \ \
( ( )\___ | '_ | '_| | '_ \/ _` | \ \ \ \
 \\/  ___)| |_)| | | | | || (_| |  ) ) ) )
  '  |____| .__|_| |_|_| |_\__, | / / / /
 =========|_|==============|___/=/_/_/_/
 :: Spring Boot ::                (v2.6.3)

2024-05-17 16:25:46.525  INFO 62362 --- [           main] s.c.k.f.c.Fabric8ConfigMapPropertySource : Loading ConfigMap with name 'application' in namespace 'default'
2024-05-17 16:25:46.622  INFO 62362 --- [127.0.0.1:47222] okhttp3.mockwebserver.MockWebServer      : MockWebServer[51595] received request: GET /api/v1/namespaces/default/configmaps/application HTTP/1.1 and responded: HTTP/1.1 404 Client Error
2024-05-17 16:25:46.624  INFO 62362 --- [           main] o.s.c.k.f.config.Fabric8ConfigUtils      : config-map with name : 'application' not present in namespace : 'default'
2024-05-17 16:25:46.624  INFO 62362 --- [           main] b.c.PropertySourceBootstrapConfiguration : Located property source: [BootstrapPropertySource {name='bootstrapProperties-configmap.application.default'}]
2024-05-17 16:25:46.628  WARN 62362 --- [           main] ubernetesProfileEnvironmentPostProcessor : Not running inside kubernetes. Skipping 'kubernetes' profile activation.
2024-05-17 16:25:46.628  INFO 62362 --- [           main] urceLocatorRetryTests$ConfigRetryEnabled : No active profile set, falling back to default profiles: default
2024-05-17 16:25:46.930  INFO 62362 --- [           main] o.s.cloud.context.scope.GenericScope     : BeanFactory id=94652287-2eb9-367e-b08b-eea09b3b2900
2024-05-17 16:25:47.413  INFO 62362 --- [           main] urceLocatorRetryTests$ConfigRetryEnabled : Started Fabric8ConfigMapPropertySourceLocatorRetryTests.ConfigRetryEnabled in 1.002 seconds (JVM running for 26.843)
2024-05-17 16:25:47.418  INFO 62362 --- [WebServer 47973] okhttp3.mockwebserver.MockWebServer      : MockWebServer[47973] starting to accept connections
2024-05-17 16:25:47.429  INFO 62362 --- [           main] s.c.k.f.c.Fabric8ConfigMapPropertySource : Loading ConfigMap with name 'application' in namespace 'default'
2024-05-17 16:25:47.430  INFO 62362 --- [127.0.0.1:47222] okhttp3.mockwebserver.MockWebServer      : MockWebServer[51595] received request: GET /api/v1/namespaces/default/configmaps/application HTTP/1.1 and responded: HTTP/1.1 500 Server Error
2024-05-17 16:25:48.433  INFO 62362 --- [           main] s.c.k.f.c.Fabric8ConfigMapPropertySource : Loading ConfigMap with name 'application' in namespace 'default'
2024-05-17 16:25:48.436  INFO 62362 --- [127.0.0.1:47222] okhttp3.mockwebserver.MockWebServer      : MockWebServer[51595] received request: GET /api/v1/namespaces/default/configmaps/application HTTP/1.1 and responded: HTTP/1.1 500 Server Error
2024-05-17 16:25:49.540  INFO 62362 --- [           main] s.c.k.f.c.Fabric8ConfigMapPropertySource : Loading ConfigMap with name 'application' in namespace 'default'
2024-05-17 16:25:49.544  INFO 62362 --- [127.0.0.1:47222] okhttp3.mockwebserver.MockWebServer      : MockWebServer[51595] received request: GET /api/v1/namespaces/default/configmaps/application HTTP/1.1 and responded: HTTP/1.1 500 Server Error
2024-05-17 16:25:50.757  INFO 62362 --- [           main] s.c.k.f.c.Fabric8ConfigMapPropertySource : Loading ConfigMap with name 'application' in namespace 'default'
2024-05-17 16:25:50.762  INFO 62362 --- [127.0.0.1:47222] okhttp3.mockwebserver.MockWebServer      : MockWebServer[51595] received request: GET /api/v1/namespaces/default/configmaps/application HTTP/1.1 and responded: HTTP/1.1 200 OK
2024-05-17 16:25:50.771  INFO 62362 --- [WebServer 47973] okhttp3.mockwebserver.MockWebServer      : MockWebServer[47973] done accepting connections: Socket closed
