May 17, 2024 6:01:28 PM okhttp3.mockwebserver.MockWebServer$3 execute
INFO: MockWebServer[47809] starting to accept connections
May 17, 2024 6:01:28 PM okhttp3.mockwebserver.MockWebServer$3 execute
INFO: MockWebServer[51807] starting to accept connections
2024-05-17 18:01:29.329  WARN 23845 --- [           main] ubernetesProfileEnvironmentPostProcessor : Not running inside kubernetes. Skipping 'kubernetes' profile activation.

  .   ____          _            __ _ _
 /\\ / ___'_ __ _ _(_)_ __  __ _ \ \ \ \
( ( )\___ | '_ | '_| | '_ \/ _` | \ \ \ \
 \\/  ___)| |_)| | | | | || (_| |  ) ) ) )
  '  |____| .__|_| |_|_| |_\__, | / / / /
 =========|_|==============|___/=/_/_/_/
 :: Spring Boot ::                (v2.6.3)

2024-05-17 18:01:30.113  WARN 23845 --- [           main] ubernetesProfileEnvironmentPostProcessor : Not running inside kubernetes. Skipping 'kubernetes' profile activation.
2024-05-17 18:01:30.114  INFO 23845 --- [           main] e.i.cs.testrunner.execution.Executor$    : No active profile set, falling back to default profiles: default
2024-05-17 18:01:30.158  INFO 23845 --- [           main] o.s.cloud.context.scope.GenericScope     : BeanFactory id=5adb76a5-ffff-3c5f-a60f-7f84faf1ce0f
2024-05-17 18:01:30.182  INFO 23845 --- [           main] e.i.cs.testrunner.execution.Executor$    : Started Executor. in 1.278 seconds (JVM running for 3.026)
2024-05-17 18:01:30.239  INFO 23845 --- [WebServer 51807] okhttp3.mockwebserver.MockWebServer      : MockWebServer[51807] done accepting connections: Socket closed
2024-05-17 18:01:30.271  INFO 23845 --- [WebServer 47025] okhttp3.mockwebserver.MockWebServer      : MockWebServer[47025] starting to accept connections
2024-05-17 18:01:30.287  INFO 23845 --- [WebServer 58317] okhttp3.mockwebserver.MockWebServer      : MockWebServer[58317] starting to accept connections
2024-05-17 18:01:30.306  INFO 23845 --- [           main] .b.t.c.SpringBootTestContextBootstrapper : Neither @ContextConfiguration nor @ContextHierarchy found for test class [org.springframework.cloud.kubernetes.fabric8.config.Fabric8SecretsPropertySourceLocatorRetryTests$SecretsFailFastDisabled], using SpringBootContextLoader
2024-05-17 18:01:30.307  INFO 23845 --- [           main] o.s.t.c.support.AbstractContextLoader    : Could not detect default resource locations for test class [org.springframework.cloud.kubernetes.fabric8.config.Fabric8SecretsPropertySourceLocatorRetryTests$SecretsFailFastDisabled]: no resource found for suffixes {-context.xml, Context.groovy}.
2024-05-17 18:01:30.351  INFO 23845 --- [           main] .b.t.c.SpringBootTestContextBootstrapper : Loaded default TestExecutionListener class names from location [META-INF/spring.factories]: [org.springframework.boot.test.mock.mockito.MockitoTestExecutionListener, org.springframework.boot.test.mock.mockito.ResetMocksTestExecutionListener, org.springframework.boot.test.autoconfigure.restdocs.RestDocsTestExecutionListener, org.springframework.boot.test.autoconfigure.web.client.MockRestServiceServerResetTestExecutionListener, org.springframework.boot.test.autoconfigure.web.servlet.MockMvcPrintOnlyOnFailureTestExecutionListener, org.springframework.boot.test.autoconfigure.web.servlet.WebDriverTestExecutionListener, org.springframework.boot.test.autoconfigure.webservices.client.MockWebServiceServerTestExecutionListener, org.springframework.test.context.web.ServletTestExecutionListener, org.springframework.test.context.support.DirtiesContextBeforeModesTestExecutionListener, org.springframework.test.context.event.ApplicationEventsTestExecutionListener, org.springframework.test.context.support.DependencyInjectionTestExecutionListener, org.springframework.test.context.support.DirtiesContextTestExecutionListener, org.springframework.test.context.transaction.TransactionalTestExecutionListener, org.springframework.test.context.jdbc.SqlScriptsTestExecutionListener, org.springframework.test.context.event.EventPublishingTestExecutionListener, org.spockframework.spring.SpringMockTestExecutionListener]
2024-05-17 18:01:30.363  INFO 23845 --- [           main] .b.t.c.SpringBootTestContextBootstrapper : Using TestExecutionListeners: [org.springframework.test.context.web.ServletTestExecutionListener@2aa7399c, org.springframework.test.context.support.DirtiesContextBeforeModesTestExecutionListener@11eed657, org.springframework.test.context.event.ApplicationEventsTestExecutionListener@708f018e, org.springframework.boot.test.mock.mockito.MockitoTestExecutionListener@19a31b9d, org.springframework.boot.test.autoconfigure.SpringBootDependencyInjectionTestExecutionListener@a5bbaec, org.springframework.test.context.support.DirtiesContextTestExecutionListener@6d60899e, org.springframework.test.context.event.EventPublishingTestExecutionListener@65eb76cd, org.springframework.boot.test.mock.mockito.ResetMocksTestExecutionListener@6415f61e, org.springframework.boot.test.autoconfigure.restdocs.RestDocsTestExecutionListener@334ebcaa, org.springframework.boot.test.autoconfigure.web.client.MockRestServiceServerResetTestExecutionListener@5a0bef24, org.springframework.boot.test.autoconfigure.web.servlet.MockMvcPrintOnlyOnFailureTestExecutionListener@6468a7b6, org.springframework.boot.test.autoconfigure.web.servlet.WebDriverTestExecutionListener@2f860823, org.springframework.boot.test.autoconfigure.webservices.client.MockWebServiceServerTestExecutionListener@696b4a95, org.spockframework.spring.SpringMockTestExecutionListener@6c1cfa53]
2024-05-17 18:01:30.447  WARN 23845 --- [           main] ubernetesProfileEnvironmentPostProcessor : Not running inside kubernetes. Skipping 'kubernetes' profile activation.

  .   ____          _            __ _ _
 /\\ / ___'_ __ _ _(_)_ __  __ _ \ \ \ \
( ( )\___ | '_ | '_| | '_ \/ _` | \ \ \ \
 \\/  ___)| |_)| | | | | || (_| |  ) ) ) )
  '  |____| .__|_| |_|_| |_\__, | / / / /
 =========|_|==============|___/=/_/_/_/
 :: Spring Boot ::                (v2.6.3)

2024-05-17 18:01:30.608  INFO 23845 --- [           main] s.c.k.f.c.Fabric8ConfigMapPropertySource : Loading ConfigMap with name 'application' in namespace 'default'
2024-05-17 18:01:30.865  INFO 23845 --- [127.0.0.1:33654] okhttp3.mockwebserver.MockWebServer      : MockWebServer[47025] received request: GET /api/v1/namespaces/default/configmaps/application HTTP/1.1 and responded: HTTP/1.1 404 Client Error
2024-05-17 18:01:30.878  INFO 23845 --- [           main] o.s.c.k.f.config.Fabric8ConfigUtils      : config-map with name : 'application' not present in namespace : 'default'
2024-05-17 18:01:30.881  INFO 23845 --- [           main] b.c.PropertySourceBootstrapConfiguration : Located property source: [BootstrapPropertySource {name='bootstrapProperties-configmap.application.default'}]
2024-05-17 18:01:30.884  INFO 23845 --- [           main] o.s.c.k.f.c.Fabric8SecretsPropertySource : Loading Secret with name 'my-secret' or with labels [{}] in namespace 'default'
2024-05-17 18:01:30.887  INFO 23845 --- [127.0.0.1:33654] okhttp3.mockwebserver.MockWebServer      : MockWebServer[47025] received request: GET /api/v1/namespaces/default/secrets/my-secret HTTP/1.1 and responded: HTTP/1.1 404 Client Error
2024-05-17 18:01:30.888  WARN 23845 --- [           main] o.s.c.k.f.c.Fabric8SecretsPropertySource : secret with name : my-secret in namespace : default not found
2024-05-17 18:01:30.892  INFO 23845 --- [127.0.0.1:33654] okhttp3.mockwebserver.MockWebServer      : MockWebServer[47025] received request: GET /api/v1/namespaces/default/secrets HTTP/1.1 and responded: HTTP/1.1 200 OK
2024-05-17 18:01:30.984  INFO 23845 --- [           main] b.c.PropertySourceBootstrapConfiguration : Located property source: [BootstrapPropertySource {name='bootstrapProperties-secrets.my-secret.default'}]
2024-05-17 18:01:31.001  WARN 23845 --- [           main] ubernetesProfileEnvironmentPostProcessor : Not running inside kubernetes. Skipping 'kubernetes' profile activation.
2024-05-17 18:01:31.001  INFO 23845 --- [           main] ocatorRetryTests$SecretsFailFastDisabled : No active profile set, falling back to default profiles: default
2024-05-17 18:01:31.852  INFO 23845 --- [           main] o.s.cloud.context.scope.GenericScope     : BeanFactory id=94652287-2eb9-367e-b08b-eea09b3b2900
2024-05-17 18:01:33.906  INFO 23845 --- [           main] ocatorRetryTests$SecretsFailFastDisabled : Started Fabric8SecretsPropertySourceLocatorRetryTests.SecretsFailFastDisabled in 3.532 seconds (JVM running for 6.749)
2024-05-17 18:01:33.917  INFO 23845 --- [WebServer 53375] okhttp3.mockwebserver.MockWebServer      : MockWebServer[53375] starting to accept connections
2024-05-17 18:01:33.938  INFO 23845 --- [           main] o.s.c.k.f.c.Fabric8SecretsPropertySource : Loading Secret with name 'my-secret' or with labels [{}] in namespace 'default'
2024-05-17 18:01:33.940  INFO 23845 --- [127.0.0.1:33654] okhttp3.mockwebserver.MockWebServer      : MockWebServer[47025] received request: GET /api/v1/namespaces/default/secrets/my-secret HTTP/1.1 and responded: HTTP/1.1 500 Server Error
2024-05-17 18:01:33.941  WARN 23845 --- [           main] o.s.c.k.f.c.Fabric8SecretsPropertySource : Can't read secret with name: [my-secret] or labels [{}] in namespace: [default] (cause: Failure executing: GET at: https://localhost:47025/api/v1/namespaces/default/secrets/my-secret. Message: Internal Server Error.). Ignoring
2024-05-17 18:01:33.958  INFO 23845 --- [WebServer 53375] okhttp3.mockwebserver.MockWebServer      : MockWebServer[53375] done accepting connections: Socket closed
2024-05-17 18:01:33.968  INFO 23845 --- [           main] .b.t.c.SpringBootTestContextBootstrapper : Neither @ContextConfiguration nor @ContextHierarchy found for test class [org.springframework.cloud.kubernetes.fabric8.config.Fabric8BootstrapConfigurationTests$KubernetesEnabledOnPurpose], using SpringBootContextLoader
2024-05-17 18:01:33.969  INFO 23845 --- [           main] o.s.t.c.support.AbstractContextLoader    : Could not detect default resource locations for test class [org.springframework.cloud.kubernetes.fabric8.config.Fabric8BootstrapConfigurationTests$KubernetesEnabledOnPurpose]: no resource found for suffixes {-context.xml, Context.groovy}.
2024-05-17 18:01:33.973  INFO 23845 --- [           main] .b.t.c.SpringBootTestContextBootstrapper : Loaded default TestExecutionListener class names from location [META-INF/spring.factories]: [org.springframework.boot.test.mock.mockito.MockitoTestExecutionListener, org.springframework.boot.test.mock.mockito.ResetMocksTestExecutionListener, org.springframework.boot.test.autoconfigure.restdocs.RestDocsTestExecutionListener, org.springframework.boot.test.autoconfigure.web.client.MockRestServiceServerResetTestExecutionListener, org.springframework.boot.test.autoconfigure.web.servlet.MockMvcPrintOnlyOnFailureTestExecutionListener, org.springframework.boot.test.autoconfigure.web.servlet.WebDriverTestExecutionListener, org.springframework.boot.test.autoconfigure.webservices.client.MockWebServiceServerTestExecutionListener, org.springframework.test.context.web.ServletTestExecutionListener, org.springframework.test.context.support.DirtiesContextBeforeModesTestExecutionListener, org.springframework.test.context.event.ApplicationEventsTestExecutionListener, org.springframework.test.context.support.DependencyInjectionTestExecutionListener, org.springframework.test.context.support.DirtiesContextTestExecutionListener, org.springframework.test.context.transaction.TransactionalTestExecutionListener, org.springframework.test.context.jdbc.SqlScriptsTestExecutionListener, org.springframework.test.context.event.EventPublishingTestExecutionListener, org.spockframework.spring.SpringMockTestExecutionListener]
2024-05-17 18:01:33.975  INFO 23845 --- [           main] .b.t.c.SpringBootTestContextBootstrapper : Using TestExecutionListeners: [org.springframework.test.context.web.ServletTestExecutionListener@9147ba2, org.springframework.test.context.support.DirtiesContextBeforeModesTestExecutionListener@3460e4ed, org.springframework.test.context.event.ApplicationEventsTestExecutionListener@2efcc0b3, org.springframework.boot.test.mock.mockito.MockitoTestExecutionListener@4a453f8d, org.springframework.boot.test.autoconfigure.SpringBootDependencyInjectionTestExecutionListener@60a6840c, org.springframework.test.context.support.DirtiesContextTestExecutionListener@53525379, org.springframework.test.context.event.EventPublishingTestExecutionListener@1be3f8f8, org.springframework.boot.test.mock.mockito.ResetMocksTestExecutionListener@78b9155e, org.springframework.boot.test.autoconfigure.restdocs.RestDocsTestExecutionListener@2ceb68a1, org.springframework.boot.test.autoconfigure.web.client.MockRestServiceServerResetTestExecutionListener@6de33fde, org.springframework.boot.test.autoconfigure.web.servlet.MockMvcPrintOnlyOnFailureTestExecutionListener@69c33ea2, org.springframework.boot.test.autoconfigure.web.servlet.WebDriverTestExecutionListener@59e0d521, org.springframework.boot.test.autoconfigure.webservices.client.MockWebServiceServerTestExecutionListener@2e3900dc, org.spockframework.spring.SpringMockTestExecutionListener@5ad0c70a]
2024-05-17 18:01:34.046  WARN 23845 --- [           main] ubernetesProfileEnvironmentPostProcessor : Not running inside kubernetes. Skipping 'kubernetes' profile activation.

  .   ____          _            __ _ _
 /\\ / ___'_ __ _ _(_)_ __  __ _ \ \ \ \
( ( )\___ | '_ | '_| | '_ \/ _` | \ \ \ \
 \\/  ___)| |_)| | | | | || (_| |  ) ) ) )
  '  |____| .__|_| |_|_| |_\__, | / / / /
 =========|_|==============|___/=/_/_/_/
 :: Spring Boot ::                (v2.6.3)

2024-05-17 18:01:34.167  INFO 23845 --- [           main] s.c.k.f.c.Fabric8ConfigMapPropertySource : Loading ConfigMap with name 'application' in namespace 'default'
2024-05-17 18:01:34.281  INFO 23845 --- [127.0.0.1:33666] okhttp3.mockwebserver.MockWebServer      : MockWebServer[47025] received request: GET /api/v1/namespaces/default/configmaps/application HTTP/1.1 and responded: HTTP/1.1 404 Client Error
2024-05-17 18:01:34.283  INFO 23845 --- [           main] o.s.c.k.f.config.Fabric8ConfigUtils      : config-map with name : 'application' not present in namespace : 'default'
2024-05-17 18:01:34.283  INFO 23845 --- [           main] b.c.PropertySourceBootstrapConfiguration : Located property source: [BootstrapPropertySource {name='bootstrapProperties-configmap.application.default'}]
2024-05-17 18:01:34.289  WARN 23845 --- [           main] ubernetesProfileEnvironmentPostProcessor : Not running inside kubernetes. Skipping 'kubernetes' profile activation.
2024-05-17 18:01:34.290  INFO 23845 --- [           main] gurationTests$KubernetesEnabledOnPurpose : No active profile set, falling back to default profiles: default
2024-05-17 18:01:34.887  INFO 23845 --- [           main] o.s.cloud.context.scope.GenericScope     : BeanFactory id=55b4a3e9-9f94-32f4-ad68-c7f5dce8195c
2024-05-17 18:01:35.225  INFO 23845 --- [           main] o.s.b.w.embedded.tomcat.TomcatWebServer  : Tomcat initialized with port(s): 0 (http)
2024-05-17 18:01:35.237  INFO 23845 --- [           main] o.apache.catalina.core.StandardService   : Starting service [Tomcat]
2024-05-17 18:01:35.237  INFO 23845 --- [           main] org.apache.catalina.core.StandardEngine  : Starting Servlet engine: [Apache Tomcat/9.0.56]
2024-05-17 18:01:35.362  INFO 23845 --- [           main] o.a.c.c.C.[Tomcat].[localhost].[/]       : Initializing Spring embedded WebApplicationContext
2024-05-17 18:01:35.363  INFO 23845 --- [           main] w.s.c.ServletWebServerApplicationContext : Root WebApplicationContext: initialization completed in 1070 ms
2024-05-17 18:01:36.675  INFO 23845 --- [           main] o.s.b.a.e.web.EndpointLinksResolver      : Exposing 1 endpoint(s) beneath base path '/actuator'
2024-05-17 18:01:36.863  INFO 23845 --- [           main] o.s.b.w.embedded.tomcat.TomcatWebServer  : Tomcat started on port(s): 42287 (http) with context path ''
2024-05-17 18:01:36.871  INFO 23845 --- [           main] gurationTests$KubernetesEnabledOnPurpose : Started Fabric8BootstrapConfigurationTests.KubernetesEnabledOnPurpose in 2.894 seconds (JVM running for 9.715)
2024-05-17 18:01:36.935  INFO 23845 --- [           main] .b.t.c.SpringBootTestContextBootstrapper : Neither @ContextConfiguration nor @ContextHierarchy found for test class [org.springframework.cloud.kubernetes.fabric8.config.ConfigMapsWithoutProfilesTests], using SpringBootContextLoader
2024-05-17 18:01:36.936  INFO 23845 --- [           main] o.s.t.c.support.AbstractContextLoader    : Could not detect default resource locations for test class [org.springframework.cloud.kubernetes.fabric8.config.ConfigMapsWithoutProfilesTests]: no resource found for suffixes {-context.xml, Context.groovy}.
2024-05-17 18:01:36.944  INFO 23845 --- [           main] .b.t.c.SpringBootTestContextBootstrapper : Loaded default TestExecutionListener class names from location [META-INF/spring.factories]: [org.springframework.boot.test.mock.mockito.MockitoTestExecutionListener, org.springframework.boot.test.mock.mockito.ResetMocksTestExecutionListener, org.springframework.boot.test.autoconfigure.restdocs.RestDocsTestExecutionListener, org.springframework.boot.test.autoconfigure.web.client.MockRestServiceServerResetTestExecutionListener, org.springframework.boot.test.autoconfigure.web.servlet.MockMvcPrintOnlyOnFailureTestExecutionListener, org.springframework.boot.test.autoconfigure.web.servlet.WebDriverTestExecutionListener, org.springframework.boot.test.autoconfigure.webservices.client.MockWebServiceServerTestExecutionListener, org.springframework.test.context.web.ServletTestExecutionListener, org.springframework.test.context.support.DirtiesContextBeforeModesTestExecutionListener, org.springframework.test.context.event.ApplicationEventsTestExecutionListener, org.springframework.test.context.support.DependencyInjectionTestExecutionListener, org.springframework.test.context.support.DirtiesContextTestExecutionListener, org.springframework.test.context.transaction.TransactionalTestExecutionListener, org.springframework.test.context.jdbc.SqlScriptsTestExecutionListener, org.springframework.test.context.event.EventPublishingTestExecutionListener, org.spockframework.spring.SpringMockTestExecutionListener]
2024-05-17 18:01:36.946  INFO 23845 --- [           main] .b.t.c.SpringBootTestContextBootstrapper : Using TestExecutionListeners: [org.springframework.test.context.web.ServletTestExecutionListener@57f89680, org.springframework.test.context.support.DirtiesContextBeforeModesTestExecutionListener@70bc9070, org.springframework.test.context.event.ApplicationEventsTestExecutionListener@5d202dc4, org.springframework.boot.test.mock.mockito.MockitoTestExecutionListener@71e409f, org.springframework.boot.test.autoconfigure.SpringBootDependencyInjectionTestExecutionListener@14c18a6a, org.springframework.test.context.support.DirtiesContextTestExecutionListener@6aa792, org.springframework.test.context.event.EventPublishingTestExecutionListener@5c78f456, org.springframework.boot.test.mock.mockito.ResetMocksTestExecutionListener@29174dfe, org.springframework.boot.test.autoconfigure.restdocs.RestDocsTestExecutionListener@319d106c, org.springframework.boot.test.autoconfigure.web.client.MockRestServiceServerResetTestExecutionListener@641e67fa, org.springframework.boot.test.autoconfigure.web.servlet.MockMvcPrintOnlyOnFailureTestExecutionListener@7fdff56b, org.springframework.boot.test.autoconfigure.web.servlet.WebDriverTestExecutionListener@6cb43fd3, org.springframework.boot.test.autoconfigure.webservices.client.MockWebServiceServerTestExecutionListener@35f35c59, org.spockframework.spring.SpringMockTestExecutionListener@2245ccaa]
2024-05-17 18:01:36.948  INFO 23845 --- [WebServer 53593] okhttp3.mockwebserver.MockWebServer      : MockWebServer[53593] starting to accept connections
2024-05-17 18:01:36.985  INFO 23845 --- [127.0.0.1:52354] okhttp3.mockwebserver.MockWebServer      : MockWebServer[53593] received request: POST /api/v1/namespaces/test/configmaps HTTP/1.1 and responded: HTTP/1.1 200 OK
2024-05-17 18:01:37.040  WARN 23845 --- [           main] ubernetesProfileEnvironmentPostProcessor : Not running inside kubernetes. Skipping 'kubernetes' profile activation.

  .   ____          _            __ _ _
 /\\ / ___'_ __ _ _(_)_ __  __ _ \ \ \ \
( ( )\___ | '_ | '_| | '_ \/ _` | \ \ \ \
 \\/  ___)| |_)| | | | | || (_| |  ) ) ) )
  '  |____| .__|_| |_|_| |_\__, | / / / /
 =========|_|==============|___/=/_/_/_/
 :: Spring Boot ::                (v2.6.3)

2024-05-17 18:01:37.132  INFO 23845 --- [           main] s.c.k.f.c.Fabric8ConfigMapPropertySource : Loading ConfigMap with name 'configmap-without-profile-example' in namespace 'test'
2024-05-17 18:01:37.136  INFO 23845 --- [127.0.0.1:52368] okhttp3.mockwebserver.MockWebServer      : MockWebServer[53593] received request: GET /api/v1/namespaces/test/configmaps/configmap-without-profile-example HTTP/1.1 and responded: HTTP/1.1 200 OK
2024-05-17 18:01:37.146  INFO 23845 --- [127.0.0.1:52368] okhttp3.mockwebserver.MockWebServer      : MockWebServer[53593] received request: GET /api/v1/namespaces/test/configmaps/configmap-without-profile-example-development HTTP/1.1 and responded: HTTP/1.1 404 Client Error
2024-05-17 18:01:37.146  INFO 23845 --- [           main] o.s.c.k.f.config.Fabric8ConfigUtils      : config-map with name : 'configmap-without-profile-example-development' not present in namespace : 'test'
2024-05-17 18:01:37.146  INFO 23845 --- [           main] b.c.PropertySourceBootstrapConfiguration : Located property source: [BootstrapPropertySource {name='bootstrapProperties-configmap.configmap-without-profile-example.test'}]
2024-05-17 18:01:37.151  WARN 23845 --- [           main] ubernetesProfileEnvironmentPostProcessor : Not running inside kubernetes. Skipping 'kubernetes' profile activation.
2024-05-17 18:01:37.152  INFO 23845 --- [           main] s.c.k.f.c.ConfigMapsWithoutProfilesTests : The following profiles are active: development
2024-05-17 18:01:37.427  INFO 23845 --- [           main] o.s.cloud.context.scope.GenericScope     : BeanFactory id=affffd22-e438-321b-a0d0-967c2140a2e8
2024-05-17 18:01:37.549  INFO 23845 --- [           main] o.s.b.w.embedded.tomcat.TomcatWebServer  : Tomcat initialized with port(s): 0 (http)
2024-05-17 18:01:37.550  INFO 23845 --- [           main] o.apache.catalina.core.StandardService   : Starting service [Tomcat]
2024-05-17 18:01:37.550  INFO 23845 --- [           main] org.apache.catalina.core.StandardEngine  : Starting Servlet engine: [Apache Tomcat/9.0.56]
2024-05-17 18:01:37.565  INFO 23845 --- [           main] o.a.c.c.C.[Tomcat-1].[localhost].[/]     : Initializing Spring embedded WebApplicationContext
2024-05-17 18:01:37.565  INFO 23845 --- [           main] w.s.c.ServletWebServerApplicationContext : Root WebApplicationContext: initialization completed in 412 ms
2024-05-17 18:01:38.268  INFO 23845 --- [           main] o.s.b.a.e.web.EndpointLinksResolver      : Exposing 1 endpoint(s) beneath base path '/actuator'
2024-05-17 18:01:38.326  INFO 23845 --- [           main] o.s.b.w.embedded.tomcat.TomcatWebServer  : Tomcat started on port(s): 39317 (http) with context path ''
2024-05-17 18:01:38.337  INFO 23845 --- [           main] s.c.k.f.c.ConfigMapsWithoutProfilesTests : Started ConfigMapsWithoutProfilesTests in 1.35 seconds (JVM running for 11.181)
2024-05-17 18:01:38.499  INFO 23845 --- [WebServer 36073] okhttp3.mockwebserver.MockWebServer      : MockWebServer[36073] starting to accept connections
2024-05-17 18:01:39.036  INFO 23845 --- [o-auto-2-exec-1] o.a.c.c.C.[Tomcat-1].[localhost].[/]     : Initializing Spring DispatcherServlet 'dispatcherServlet'
2024-05-17 18:01:39.036  INFO 23845 --- [o-auto-2-exec-1] o.s.web.servlet.DispatcherServlet        : Initializing Servlet 'dispatcherServlet'
2024-05-17 18:01:39.037  INFO 23845 --- [o-auto-2-exec-1] o.s.web.servlet.DispatcherServlet        : Completed initialization in 1 ms
2024-05-17 18:01:39.174  INFO 23845 --- [WebServer 36073] okhttp3.mockwebserver.MockWebServer      : MockWebServer[36073] done accepting connections: Socket closed
2024-05-17 18:01:39.179  INFO 23845 --- [           main] .b.t.c.SpringBootTestContextBootstrapper : Neither @ContextConfiguration nor @ContextHierarchy found for test class [org.springframework.cloud.kubernetes.fabric8.config.Fabric8BootstrapConfigurationTests$Fabric8BootstrapConfigurationNotInsideK8s], using SpringBootContextLoader
2024-05-17 18:01:39.180  INFO 23845 --- [           main] o.s.t.c.support.AbstractContextLoader    : Could not detect default resource locations for test class [org.springframework.cloud.kubernetes.fabric8.config.Fabric8BootstrapConfigurationTests$Fabric8BootstrapConfigurationNotInsideK8s]: no resource found for suffixes {-context.xml, Context.groovy}.
2024-05-17 18:01:39.182  INFO 23845 --- [           main] .b.t.c.SpringBootTestContextBootstrapper : Loaded default TestExecutionListener class names from location [META-INF/spring.factories]: [org.springframework.boot.test.mock.mockito.MockitoTestExecutionListener, org.springframework.boot.test.mock.mockito.ResetMocksTestExecutionListener, org.springframework.boot.test.autoconfigure.restdocs.RestDocsTestExecutionListener, org.springframework.boot.test.autoconfigure.web.client.MockRestServiceServerResetTestExecutionListener, org.springframework.boot.test.autoconfigure.web.servlet.MockMvcPrintOnlyOnFailureTestExecutionListener, org.springframework.boot.test.autoconfigure.web.servlet.WebDriverTestExecutionListener, org.springframework.boot.test.autoconfigure.webservices.client.MockWebServiceServerTestExecutionListener, org.springframework.test.context.web.ServletTestExecutionListener, org.springframework.test.context.support.DirtiesContextBeforeModesTestExecutionListener, org.springframework.test.context.event.ApplicationEventsTestExecutionListener, org.springframework.test.context.support.DependencyInjectionTestExecutionListener, org.springframework.test.context.support.DirtiesContextTestExecutionListener, org.springframework.test.context.transaction.TransactionalTestExecutionListener, org.springframework.test.context.jdbc.SqlScriptsTestExecutionListener, org.springframework.test.context.event.EventPublishingTestExecutionListener, org.spockframework.spring.SpringMockTestExecutionListener]
2024-05-17 18:01:39.183  INFO 23845 --- [           main] .b.t.c.SpringBootTestContextBootstrapper : Using TestExecutionListeners: [org.springframework.test.context.web.ServletTestExecutionListener@3751baf6, org.springframework.test.context.support.DirtiesContextBeforeModesTestExecutionListener@27e656e6, org.springframework.test.context.event.ApplicationEventsTestExecutionListener@3cfab56d, org.springframework.boot.test.mock.mockito.MockitoTestExecutionListener@6b6fde93, org.springframework.boot.test.autoconfigure.SpringBootDependencyInjectionTestExecutionListener@51d34f02, org.springframework.test.context.support.DirtiesContextTestExecutionListener@441762b8, org.springframework.test.context.event.EventPublishingTestExecutionListener@2d2fe68a, org.springframework.boot.test.mock.mockito.ResetMocksTestExecutionListener@38213efa, org.springframework.boot.test.autoconfigure.restdocs.RestDocsTestExecutionListener@73c1dda3, org.springframework.boot.test.autoconfigure.web.client.MockRestServiceServerResetTestExecutionListener@c3c63c1, org.springframework.boot.test.autoconfigure.web.servlet.MockMvcPrintOnlyOnFailureTestExecutionListener@5e75cf7a, org.springframework.boot.test.autoconfigure.web.servlet.WebDriverTestExecutionListener@6f12fca0, org.springframework.boot.test.autoconfigure.webservices.client.MockWebServiceServerTestExecutionListener@12c30824, org.spockframework.spring.SpringMockTestExecutionListener@7d0e43d6]
2024-05-17 18:01:39.234  WARN 23845 --- [           main] ubernetesProfileEnvironmentPostProcessor : Not running inside kubernetes. Skipping 'kubernetes' profile activation.

  .   ____          _            __ _ _
 /\\ / ___'_ __ _ _(_)_ __  __ _ \ \ \ \
( ( )\___ | '_ | '_| | '_ \/ _` | \ \ \ \
 \\/  ___)| |_)| | | | | || (_| |  ) ) ) )
  '  |____| .__|_| |_|_| |_\__, | / / / /
 =========|_|==============|___/=/_/_/_/
 :: Spring Boot ::                (v2.6.3)

2024-05-17 18:01:39.311  WARN 23845 --- [           main] ubernetesProfileEnvironmentPostProcessor : Not running inside kubernetes. Skipping 'kubernetes' profile activation.
2024-05-17 18:01:39.312  INFO 23845 --- [           main] abric8BootstrapConfigurationNotInsideK8s : No active profile set, falling back to default profiles: default
2024-05-17 18:01:39.737  INFO 23845 --- [           main] o.s.cloud.context.scope.GenericScope     : BeanFactory id=5afc43ad-a7d0-33b0-b9e5-c05cec1eda7d
2024-05-17 18:01:39.862  INFO 23845 --- [           main] o.s.b.w.embedded.tomcat.TomcatWebServer  : Tomcat initialized with port(s): 0 (http)
2024-05-17 18:01:39.862  INFO 23845 --- [           main] o.apache.catalina.core.StandardService   : Starting service [Tomcat]
2024-05-17 18:01:39.863  INFO 23845 --- [           main] org.apache.catalina.core.StandardEngine  : Starting Servlet engine: [Apache Tomcat/9.0.56]
2024-05-17 18:01:39.873  INFO 23845 --- [           main] o.a.c.c.C.[Tomcat-2].[localhost].[/]     : Initializing Spring embedded WebApplicationContext
2024-05-17 18:01:39.873  INFO 23845 --- [           main] w.s.c.ServletWebServerApplicationContext : Root WebApplicationContext: initialization completed in 560 ms
2024-05-17 18:01:40.727  INFO 23845 --- [           main] o.s.b.a.e.web.EndpointLinksResolver      : Exposing 1 endpoint(s) beneath base path '/actuator'
2024-05-17 18:01:40.782  INFO 23845 --- [           main] o.s.b.w.embedded.tomcat.TomcatWebServer  : Tomcat started on port(s): 40799 (http) with context path ''
2024-05-17 18:01:40.788  INFO 23845 --- [           main] abric8BootstrapConfigurationNotInsideK8s : Started Fabric8BootstrapConfigurationTests.Fabric8BootstrapConfigurationNotInsideK8s in 1.603 seconds (JVM running for 13.632)
2024-05-17 18:01:40.803  INFO 23845 --- [WebServer 49147] okhttp3.mockwebserver.MockWebServer      : MockWebServer[49147] starting to accept connections
2024-05-17 18:01:40.807  INFO 23845 --- [WebServer 40821] okhttp3.mockwebserver.MockWebServer      : MockWebServer[40821] starting to accept connections
2024-05-17 18:01:40.811  INFO 23845 --- [127.0.0.1:55428] okhttp3.mockwebserver.MockWebServer      : MockWebServer[49147] received request: POST /api/v1/namespaces/test/configmaps HTTP/1.1 and responded: HTTP/1.1 200 OK
2024-05-17 18:01:40.812  INFO 23845 --- [           main] s.c.k.f.c.Fabric8ConfigMapPropertySource : Loading ConfigMap with name 'app-properties-test' in namespace 'test'
2024-05-17 18:01:40.813  INFO 23845 --- [127.0.0.1:55428] okhttp3.mockwebserver.MockWebServer      : MockWebServer[49147] received request: GET /api/v1/namespaces/test/configmaps/app-properties-test HTTP/1.1 and responded: HTTP/1.1 200 OK
2024-05-17 18:01:40.855  INFO 23845 --- [WebServer 40821] okhttp3.mockwebserver.MockWebServer      : MockWebServer[40821] done accepting connections: Socket closed
2024-05-17 18:01:40.860  INFO 23845 --- [           main] .b.t.c.SpringBootTestContextBootstrapper : Neither @ContextConfiguration nor @ContextHierarchy found for test class [org.springframework.cloud.kubernetes.fabric8.config.ConfigMapsWithProfileExpressionTests], using SpringBootContextLoader
2024-05-17 18:01:40.861  INFO 23845 --- [           main] o.s.t.c.support.AbstractContextLoader    : Could not detect default resource locations for test class [org.springframework.cloud.kubernetes.fabric8.config.ConfigMapsWithProfileExpressionTests]: no resource found for suffixes {-context.xml, Context.groovy}.
2024-05-17 18:01:40.864  INFO 23845 --- [           main] .b.t.c.SpringBootTestContextBootstrapper : Loaded default TestExecutionListener class names from location [META-INF/spring.factories]: [org.springframework.boot.test.mock.mockito.MockitoTestExecutionListener, org.springframework.boot.test.mock.mockito.ResetMocksTestExecutionListener, org.springframework.boot.test.autoconfigure.restdocs.RestDocsTestExecutionListener, org.springframework.boot.test.autoconfigure.web.client.MockRestServiceServerResetTestExecutionListener, org.springframework.boot.test.autoconfigure.web.servlet.MockMvcPrintOnlyOnFailureTestExecutionListener, org.springframework.boot.test.autoconfigure.web.servlet.WebDriverTestExecutionListener, org.springframework.boot.test.autoconfigure.webservices.client.MockWebServiceServerTestExecutionListener, org.springframework.test.context.web.ServletTestExecutionListener, org.springframework.test.context.support.DirtiesContextBeforeModesTestExecutionListener, org.springframework.test.context.event.ApplicationEventsTestExecutionListener, org.springframework.test.context.support.DependencyInjectionTestExecutionListener, org.springframework.test.context.support.DirtiesContextTestExecutionListener, org.springframework.test.context.transaction.TransactionalTestExecutionListener, org.springframework.test.context.jdbc.SqlScriptsTestExecutionListener, org.springframework.test.context.event.EventPublishingTestExecutionListener, org.spockframework.spring.SpringMockTestExecutionListener]
2024-05-17 18:01:40.865  INFO 23845 --- [           main] .b.t.c.SpringBootTestContextBootstrapper : Using TestExecutionListeners: [org.springframework.test.context.web.ServletTestExecutionListener@4199761d, org.springframework.test.context.support.DirtiesContextBeforeModesTestExecutionListener@3ca564aa, org.springframework.test.context.event.ApplicationEventsTestExecutionListener@3cd758be, org.springframework.boot.test.mock.mockito.MockitoTestExecutionListener@562ec518, org.springframework.boot.test.autoconfigure.SpringBootDependencyInjectionTestExecutionListener@5c8d685e, org.springframework.test.context.support.DirtiesContextTestExecutionListener@4b1ad751, org.springframework.test.context.event.EventPublishingTestExecutionListener@4d0e6424, org.springframework.boot.test.mock.mockito.ResetMocksTestExecutionListener@6da86e98, org.springframework.boot.test.autoconfigure.restdocs.RestDocsTestExecutionListener@5a5024eb, org.springframework.boot.test.autoconfigure.web.client.MockRestServiceServerResetTestExecutionListener@476dc0af, org.springframework.boot.test.autoconfigure.web.servlet.MockMvcPrintOnlyOnFailureTestExecutionListener@797ca322, org.springframework.boot.test.autoconfigure.web.servlet.WebDriverTestExecutionListener@570ede3b, org.springframework.boot.test.autoconfigure.webservices.client.MockWebServiceServerTestExecutionListener@c22cf4d, org.spockframework.spring.SpringMockTestExecutionListener@25630ede]
2024-05-17 18:01:40.868  INFO 23845 --- [WebServer 52227] okhttp3.mockwebserver.MockWebServer      : MockWebServer[52227] starting to accept connections
2024-05-17 18:01:40.873  INFO 23845 --- [127.0.0.1:33164] okhttp3.mockwebserver.MockWebServer      : MockWebServer[52227] received request: POST /api/v1/namespaces/test/configmaps HTTP/1.1 and responded: HTTP/1.1 200 OK
2024-05-17 18:01:40.944  WARN 23845 --- [           main] ubernetesProfileEnvironmentPostProcessor : Not running inside kubernetes. Skipping 'kubernetes' profile activation.

  .   ____          _            __ _ _
 /\\ / ___'_ __ _ _(_)_ __  __ _ \ \ \ \
( ( )\___ | '_ | '_| | '_ \/ _` | \ \ \ \
 \\/  ___)| |_)| | | | | || (_| |  ) ) ) )
  '  |____| .__|_| |_|_| |_\__, | / / / /
 =========|_|==============|___/=/_/_/_/
 :: Spring Boot ::                (v2.6.3)

2024-05-17 18:01:41.070  INFO 23845 --- [           main] s.c.k.f.c.Fabric8ConfigMapPropertySource : Loading ConfigMap with name 'configmap-with-profile-example' in namespace 'test'
2024-05-17 18:01:41.073  INFO 23845 --- [127.0.0.1:33168] okhttp3.mockwebserver.MockWebServer      : MockWebServer[52227] received request: GET /api/v1/namespaces/test/configmaps/configmap-with-profile-example HTTP/1.1 and responded: HTTP/1.1 200 OK
2024-05-17 18:01:41.083  INFO 23845 --- [127.0.0.1:33168] okhttp3.mockwebserver.MockWebServer      : MockWebServer[52227] received request: GET /api/v1/namespaces/test/configmaps/configmap-with-profile-example-production HTTP/1.1 and responded: HTTP/1.1 404 Client Error
2024-05-17 18:01:41.083  INFO 23845 --- [           main] o.s.c.k.f.config.Fabric8ConfigUtils      : config-map with name : 'configmap-with-profile-example-production' not present in namespace : 'test'
2024-05-17 18:01:41.084  INFO 23845 --- [127.0.0.1:33168] okhttp3.mockwebserver.MockWebServer      : MockWebServer[52227] received request: GET /api/v1/namespaces/test/configmaps/configmap-with-profile-example-us-east HTTP/1.1 and responded: HTTP/1.1 404 Client Error
2024-05-17 18:01:41.084  INFO 23845 --- [           main] o.s.c.k.f.config.Fabric8ConfigUtils      : config-map with name : 'configmap-with-profile-example-us-east' not present in namespace : 'test'
2024-05-17 18:01:41.084  INFO 23845 --- [           main] b.c.PropertySourceBootstrapConfiguration : Located property source: [BootstrapPropertySource {name='bootstrapProperties-configmap.configmap-with-profile-example.test'}]
2024-05-17 18:01:41.088  WARN 23845 --- [           main] ubernetesProfileEnvironmentPostProcessor : Not running inside kubernetes. Skipping 'kubernetes' profile activation.
2024-05-17 18:01:41.088  INFO 23845 --- [           main] f.c.ConfigMapsWithProfileExpressionTests : The following profiles are active: production,us-east
2024-05-17 18:01:41.315  INFO 23845 --- [           main] o.s.cloud.context.scope.GenericScope     : BeanFactory id=affffd22-e438-321b-a0d0-967c2140a2e8
2024-05-17 18:01:41.428  INFO 23845 --- [           main] o.s.b.w.embedded.tomcat.TomcatWebServer  : Tomcat initialized with port(s): 0 (http)
2024-05-17 18:01:41.428  INFO 23845 --- [           main] o.apache.catalina.core.StandardService   : Starting service [Tomcat]
2024-05-17 18:01:41.429  INFO 23845 --- [           main] org.apache.catalina.core.StandardEngine  : Starting Servlet engine: [Apache Tomcat/9.0.56]
2024-05-17 18:01:41.439  INFO 23845 --- [           main] o.a.c.c.C.[Tomcat-3].[localhost].[/]     : Initializing Spring embedded WebApplicationContext
2024-05-17 18:01:41.439  INFO 23845 --- [           main] w.s.c.ServletWebServerApplicationContext : Root WebApplicationContext: initialization completed in 350 ms
2024-05-17 18:01:42.177  INFO 23845 --- [           main] o.s.b.a.e.web.EndpointLinksResolver      : Exposing 1 endpoint(s) beneath base path '/actuator'
2024-05-17 18:01:42.223  INFO 23845 --- [           main] o.s.b.w.embedded.tomcat.TomcatWebServer  : Tomcat started on port(s): 43141 (http) with context path ''
2024-05-17 18:01:42.229  INFO 23845 --- [           main] f.c.ConfigMapsWithProfileExpressionTests : Started ConfigMapsWithProfileExpressionTests in 1.353 seconds (JVM running for 15.073)
2024-05-17 18:01:42.245  INFO 23845 --- [WebServer 54841] okhttp3.mockwebserver.MockWebServer      : MockWebServer[54841] starting to accept connections
2024-05-17 18:01:42.252  INFO 23845 --- [o-auto-4-exec-1] o.a.c.c.C.[Tomcat-3].[localhost].[/]     : Initializing Spring DispatcherServlet 'dispatcherServlet'
2024-05-17 18:01:42.252  INFO 23845 --- [o-auto-4-exec-1] o.s.web.servlet.DispatcherServlet        : Initializing Servlet 'dispatcherServlet'
2024-05-17 18:01:42.254  INFO 23845 --- [o-auto-4-exec-1] o.s.web.servlet.DispatcherServlet        : Completed initialization in 2 ms
2024-05-17 18:01:42.263  INFO 23845 --- [WebServer 54841] okhttp3.mockwebserver.MockWebServer      : MockWebServer[54841] done accepting connections: Socket closed
2024-05-17 18:01:42.269  INFO 23845 --- [           main] .b.t.c.SpringBootTestContextBootstrapper : Neither @ContextConfiguration nor @ContextHierarchy found for test class [org.springframework.cloud.kubernetes.fabric8.config.ConfigMapsTests], using SpringBootContextLoader
2024-05-17 18:01:42.270  INFO 23845 --- [           main] o.s.t.c.support.AbstractContextLoader    : Could not detect default resource locations for test class [org.springframework.cloud.kubernetes.fabric8.config.ConfigMapsTests]: no resource found for suffixes {-context.xml, Context.groovy}.
2024-05-17 18:01:42.273  INFO 23845 --- [           main] .b.t.c.SpringBootTestContextBootstrapper : Loaded default TestExecutionListener class names from location [META-INF/spring.factories]: [org.springframework.boot.test.mock.mockito.MockitoTestExecutionListener, org.springframework.boot.test.mock.mockito.ResetMocksTestExecutionListener, org.springframework.boot.test.autoconfigure.restdocs.RestDocsTestExecutionListener, org.springframework.boot.test.autoconfigure.web.client.MockRestServiceServerResetTestExecutionListener, org.springframework.boot.test.autoconfigure.web.servlet.MockMvcPrintOnlyOnFailureTestExecutionListener, org.springframework.boot.test.autoconfigure.web.servlet.WebDriverTestExecutionListener, org.springframework.boot.test.autoconfigure.webservices.client.MockWebServiceServerTestExecutionListener, org.springframework.test.context.web.ServletTestExecutionListener, org.springframework.test.context.support.DirtiesContextBeforeModesTestExecutionListener, org.springframework.test.context.event.ApplicationEventsTestExecutionListener, org.springframework.test.context.support.DependencyInjectionTestExecutionListener, org.springframework.test.context.support.DirtiesContextTestExecutionListener, org.springframework.test.context.transaction.TransactionalTestExecutionListener, org.springframework.test.context.jdbc.SqlScriptsTestExecutionListener, org.springframework.test.context.event.EventPublishingTestExecutionListener, org.spockframework.spring.SpringMockTestExecutionListener]
2024-05-17 18:01:42.274  INFO 23845 --- [           main] .b.t.c.SpringBootTestContextBootstrapper : Using TestExecutionListeners: [org.springframework.test.context.web.ServletTestExecutionListener@2e778abb, org.springframework.test.context.support.DirtiesContextBeforeModesTestExecutionListener@154cbb46, org.springframework.test.context.event.ApplicationEventsTestExecutionListener@58fbecde, org.springframework.boot.test.mock.mockito.MockitoTestExecutionListener@299615a5, org.springframework.boot.test.autoconfigure.SpringBootDependencyInjectionTestExecutionListener@3ba6707e, org.springframework.test.context.support.DirtiesContextTestExecutionListener@4b407ac7, org.springframework.test.context.event.EventPublishingTestExecutionListener@4c5ae26d, org.springframework.boot.test.mock.mockito.ResetMocksTestExecutionListener@5578ed7e, org.springframework.boot.test.autoconfigure.restdocs.RestDocsTestExecutionListener@5dd5422f, org.springframework.boot.test.autoconfigure.web.client.MockRestServiceServerResetTestExecutionListener@158b8d10, org.springframework.boot.test.autoconfigure.web.servlet.MockMvcPrintOnlyOnFailureTestExecutionListener@e594c46, org.springframework.boot.test.autoconfigure.web.servlet.WebDriverTestExecutionListener@1cd853ee, org.springframework.boot.test.autoconfigure.webservices.client.MockWebServiceServerTestExecutionListener@6b6bae60, org.spockframework.spring.SpringMockTestExecutionListener@22c14d10]
2024-05-17 18:01:42.276  INFO 23845 --- [WebServer 46927] okhttp3.mockwebserver.MockWebServer      : MockWebServer[46927] starting to accept connections
2024-05-17 18:01:42.280  INFO 23845 --- [127.0.0.1:46692] okhttp3.mockwebserver.MockWebServer      : MockWebServer[46927] received request: POST /api/v1/namespaces/test/configmaps HTTP/1.1 and responded: HTTP/1.1 200 OK
2024-05-17 18:01:42.325  WARN 23845 --- [           main] ubernetesProfileEnvironmentPostProcessor : Not running inside kubernetes. Skipping 'kubernetes' profile activation.

  .   ____          _            __ _ _
 /\\ / ___'_ __ _ _(_)_ __  __ _ \ \ \ \
( ( )\___ | '_ | '_| | '_ \/ _` | \ \ \ \
 \\/  ___)| |_)| | | | | || (_| |  ) ) ) )
  '  |____| .__|_| |_|_| |_\__, | / / / /
 =========|_|==============|___/=/_/_/_/
 :: Spring Boot ::                (v2.6.3)

2024-05-17 18:01:42.418  INFO 23845 --- [           main] s.c.k.f.c.Fabric8ConfigMapPropertySource : Loading ConfigMap with name 'configmap-example' in namespace 'test'
2024-05-17 18:01:42.421  INFO 23845 --- [127.0.0.1:46700] okhttp3.mockwebserver.MockWebServer      : MockWebServer[46927] received request: GET /api/v1/namespaces/test/configmaps/configmap-example HTTP/1.1 and responded: HTTP/1.1 200 OK
2024-05-17 18:01:42.424  INFO 23845 --- [           main] b.c.PropertySourceBootstrapConfiguration : Located property source: [BootstrapPropertySource {name='bootstrapProperties-configmap.configmap-example.test'}]
2024-05-17 18:01:42.427  WARN 23845 --- [           main] ubernetesProfileEnvironmentPostProcessor : Not running inside kubernetes. Skipping 'kubernetes' profile activation.
2024-05-17 18:01:42.427  INFO 23845 --- [           main] o.s.c.k.fabric8.config.ConfigMapsTests   : No active profile set, falling back to default profiles: default
2024-05-17 18:01:42.628  INFO 23845 --- [           main] o.s.cloud.context.scope.GenericScope     : BeanFactory id=affffd22-e438-321b-a0d0-967c2140a2e8
2024-05-17 18:01:42.737  INFO 23845 --- [           main] o.s.b.w.embedded.tomcat.TomcatWebServer  : Tomcat initialized with port(s): 0 (http)
2024-05-17 18:01:42.738  INFO 23845 --- [           main] o.apache.catalina.core.StandardService   : Starting service [Tomcat]
2024-05-17 18:01:42.738  INFO 23845 --- [           main] org.apache.catalina.core.StandardEngine  : Starting Servlet engine: [Apache Tomcat/9.0.56]
2024-05-17 18:01:42.749  INFO 23845 --- [           main] o.a.c.c.C.[Tomcat-4].[localhost].[/]     : Initializing Spring embedded WebApplicationContext
2024-05-17 18:01:42.749  INFO 23845 --- [           main] w.s.c.ServletWebServerApplicationContext : Root WebApplicationContext: initialization completed in 320 ms
2024-05-17 18:01:43.334  INFO 23845 --- [           main] o.s.b.a.e.web.EndpointLinksResolver      : Exposing 1 endpoint(s) beneath base path '/actuator'
2024-05-17 18:01:43.373  INFO 23845 --- [           main] o.s.b.w.embedded.tomcat.TomcatWebServer  : Tomcat started on port(s): 40349 (http) with context path ''
2024-05-17 18:01:43.379  INFO 23845 --- [           main] o.s.c.k.fabric8.config.ConfigMapsTests   : Started ConfigMapsTests in 1.097 seconds (JVM running for 16.223)
2024-05-17 18:01:43.392  INFO 23845 --- [WebServer 52569] okhttp3.mockwebserver.MockWebServer      : MockWebServer[52569] starting to accept connections
2024-05-17 18:01:43.393  INFO 23845 --- [127.0.0.1:46692] okhttp3.mockwebserver.MockWebServer      : MockWebServer[46927] received request: GET /api/v1/namespaces/test/configmaps/configmap-example HTTP/1.1 and responded: HTTP/1.1 200 OK
2024-05-17 18:01:43.400  INFO 23845 --- [WebServer 52569] okhttp3.mockwebserver.MockWebServer      : MockWebServer[52569] done accepting connections: Socket closed
2024-05-17 18:01:43.406  INFO 23845 --- [           main] .b.t.c.SpringBootTestContextBootstrapper : Neither @ContextConfiguration nor @ContextHierarchy found for test class [org.springframework.cloud.kubernetes.fabric8.config.ConfigMapsMixedTests], using SpringBootContextLoader
2024-05-17 18:01:43.407  INFO 23845 --- [           main] o.s.t.c.support.AbstractContextLoader    : Could not detect default resource locations for test class [org.springframework.cloud.kubernetes.fabric8.config.ConfigMapsMixedTests]: no resource found for suffixes {-context.xml, Context.groovy}.
2024-05-17 18:01:43.408  INFO 23845 --- [           main] .b.t.c.SpringBootTestContextBootstrapper : Loaded default TestExecutionListener class names from location [META-INF/spring.factories]: [org.springframework.boot.test.mock.mockito.MockitoTestExecutionListener, org.springframework.boot.test.mock.mockito.ResetMocksTestExecutionListener, org.springframework.boot.test.autoconfigure.restdocs.RestDocsTestExecutionListener, org.springframework.boot.test.autoconfigure.web.client.MockRestServiceServerResetTestExecutionListener, org.springframework.boot.test.autoconfigure.web.servlet.MockMvcPrintOnlyOnFailureTestExecutionListener, org.springframework.boot.test.autoconfigure.web.servlet.WebDriverTestExecutionListener, org.springframework.boot.test.autoconfigure.webservices.client.MockWebServiceServerTestExecutionListener, org.springframework.test.context.web.ServletTestExecutionListener, org.springframework.test.context.support.DirtiesContextBeforeModesTestExecutionListener, org.springframework.test.context.event.ApplicationEventsTestExecutionListener, org.springframework.test.context.support.DependencyInjectionTestExecutionListener, org.springframework.test.context.support.DirtiesContextTestExecutionListener, org.springframework.test.context.transaction.TransactionalTestExecutionListener, org.springframework.test.context.jdbc.SqlScriptsTestExecutionListener, org.springframework.test.context.event.EventPublishingTestExecutionListener, org.spockframework.spring.SpringMockTestExecutionListener]
2024-05-17 18:01:43.409  INFO 23845 --- [           main] .b.t.c.SpringBootTestContextBootstrapper : Using TestExecutionListeners: [org.springframework.test.context.web.ServletTestExecutionListener@48463900, org.springframework.test.context.support.DirtiesContextBeforeModesTestExecutionListener@5834298c, org.springframework.test.context.event.ApplicationEventsTestExecutionListener@7c070e78, org.springframework.boot.test.mock.mockito.MockitoTestExecutionListener@63ead376, org.springframework.boot.test.autoconfigure.SpringBootDependencyInjectionTestExecutionListener@1a1d7832, org.springframework.test.context.support.DirtiesContextTestExecutionListener@639c5ab4, org.springframework.test.context.event.EventPublishingTestExecutionListener@272cec71, org.springframework.boot.test.mock.mockito.ResetMocksTestExecutionListener@12e8ea81, org.springframework.boot.test.autoconfigure.restdocs.RestDocsTestExecutionListener@6345dc06, org.springframework.boot.test.autoconfigure.web.client.MockRestServiceServerResetTestExecutionListener@628d6320, org.springframework.boot.test.autoconfigure.web.servlet.MockMvcPrintOnlyOnFailureTestExecutionListener@22025464, org.springframework.boot.test.autoconfigure.web.servlet.WebDriverTestExecutionListener@77eb0e47, org.springframework.boot.test.autoconfigure.webservices.client.MockWebServiceServerTestExecutionListener@3a034950, org.spockframework.spring.SpringMockTestExecutionListener@331eb953]
2024-05-17 18:01:43.411  INFO 23845 --- [WebServer 41627] okhttp3.mockwebserver.MockWebServer      : MockWebServer[41627] starting to accept connections
2024-05-17 18:01:43.415  INFO 23845 --- [127.0.0.1:57148] okhttp3.mockwebserver.MockWebServer      : MockWebServer[41627] received request: POST /api/v1/namespaces/test/configmaps HTTP/1.1 and responded: HTTP/1.1 200 OK
2024-05-17 18:01:43.472  WARN 23845 --- [           main] ubernetesProfileEnvironmentPostProcessor : Not running inside kubernetes. Skipping 'kubernetes' profile activation.

  .   ____          _            __ _ _
 /\\ / ___'_ __ _ _(_)_ __  __ _ \ \ \ \
( ( )\___ | '_ | '_| | '_ \/ _` | \ \ \ \
 \\/  ___)| |_)| | | | | || (_| |  ) ) ) )
  '  |____| .__|_| |_|_| |_\__, | / / / /
 =========|_|==============|___/=/_/_/_/
 :: Spring Boot ::                (v2.6.3)

2024-05-17 18:01:43.564  INFO 23845 --- [           main] s.c.k.f.c.Fabric8ConfigMapPropertySource : Loading ConfigMap with name 'configmap-mixed-example' in namespace 'test'
2024-05-17 18:01:43.567  INFO 23845 --- [127.0.0.1:57160] okhttp3.mockwebserver.MockWebServer      : MockWebServer[41627] received request: GET /api/v1/namespaces/test/configmaps/configmap-mixed-example HTTP/1.1 and responded: HTTP/1.1 200 OK
2024-05-17 18:01:43.571  INFO 23845 --- [           main] b.c.PropertySourceBootstrapConfiguration : Located property source: [BootstrapPropertySource {name='bootstrapProperties-/tmp/scktests/application-path.yaml'}, BootstrapPropertySource {name='bootstrapProperties-configmap.configmap-mixed-example.test'}]
2024-05-17 18:01:43.574  WARN 23845 --- [           main] ubernetesProfileEnvironmentPostProcessor : Not running inside kubernetes. Skipping 'kubernetes' profile activation.
2024-05-17 18:01:43.574  INFO 23845 --- [           main] o.s.c.k.f.config.ConfigMapsMixedTests    : No active profile set, falling back to default profiles: default
2024-05-17 18:01:43.772  INFO 23845 --- [           main] o.s.cloud.context.scope.GenericScope     : BeanFactory id=e369cf40-d234-36e2-a4dc-38329760186f
2024-05-17 18:01:43.886  INFO 23845 --- [           main] o.s.b.w.embedded.tomcat.TomcatWebServer  : Tomcat initialized with port(s): 0 (http)
2024-05-17 18:01:43.886  INFO 23845 --- [           main] o.apache.catalina.core.StandardService   : Starting service [Tomcat]
2024-05-17 18:01:43.887  INFO 23845 --- [           main] org.apache.catalina.core.StandardEngine  : Starting Servlet engine: [Apache Tomcat/9.0.56]
2024-05-17 18:01:43.896  INFO 23845 --- [           main] o.a.c.c.C.[Tomcat-5].[localhost].[/]     : Initializing Spring embedded WebApplicationContext
2024-05-17 18:01:43.896  INFO 23845 --- [           main] w.s.c.ServletWebServerApplicationContext : Root WebApplicationContext: initialization completed in 321 ms
2024-05-17 18:01:44.448  INFO 23845 --- [           main] o.s.b.a.e.web.EndpointLinksResolver      : Exposing 1 endpoint(s) beneath base path '/actuator'
2024-05-17 18:01:44.496  INFO 23845 --- [           main] o.s.b.w.embedded.tomcat.TomcatWebServer  : Tomcat started on port(s): 41715 (http) with context path ''
2024-05-17 18:01:44.504  INFO 23845 --- [           main] o.s.c.k.f.config.ConfigMapsMixedTests    : Started ConfigMapsMixedTests in 1.087 seconds (JVM running for 17.348)
2024-05-17 18:01:44.514  INFO 23845 --- [WebServer 53443] okhttp3.mockwebserver.MockWebServer      : MockWebServer[53443] starting to accept connections
2024-05-17 18:01:44.522  INFO 23845 --- [o-auto-6-exec-1] o.a.c.c.C.[Tomcat-5].[localhost].[/]     : Initializing Spring DispatcherServlet 'dispatcherServlet'
2024-05-17 18:01:44.522  INFO 23845 --- [o-auto-6-exec-1] o.s.web.servlet.DispatcherServlet        : Initializing Servlet 'dispatcherServlet'
2024-05-17 18:01:44.523  INFO 23845 --- [o-auto-6-exec-1] o.s.web.servlet.DispatcherServlet        : Completed initialization in 1 ms
2024-05-17 18:01:44.534  INFO 23845 --- [WebServer 53443] okhttp3.mockwebserver.MockWebServer      : MockWebServer[53443] done accepting connections: Socket closed
2024-05-17 18:01:44.558  INFO 23845 --- [WebServer 38865] okhttp3.mockwebserver.MockWebServer      : MockWebServer[38865] starting to accept connections
2024-05-17 18:01:44.773  INFO 23845 --- [WebServer 50717] okhttp3.mockwebserver.MockWebServer      : MockWebServer[50717] starting to accept connections
2024-05-17 18:01:44.774  INFO 23845 --- [           main] o.s.c.k.f.c.Fabric8SecretsPropertySource : Loading Secret with name 'my-config' or with labels [{}] in namespace 'default'
2024-05-17 18:01:44.873  INFO 23845 --- [127.0.0.1:55354] okhttp3.mockwebserver.MockWebServer      : MockWebServer[38865] received request: GET /api/v1/namespaces/default/secrets/my-config HTTP/1.1 and responded: HTTP/1.1 500 Server Error
2024-05-17 18:01:44.914  WARN 23845 --- [           main] o.s.c.k.f.c.Fabric8SecretsPropertySource : Can't read secret with name: [my-config] or labels [{}] in namespace: [default] (cause: Failure executing: GET at: https://localhost:38865/api/v1/namespaces/default/secrets/my-config. Message: Internal Server Error.). Ignoring
2024-05-17 18:01:44.920  INFO 23845 --- [WebServer 50717] okhttp3.mockwebserver.MockWebServer      : MockWebServer[50717] done accepting connections: Socket closed
2024-05-17 18:01:44.930  INFO 23845 --- [WebServer 47569] okhttp3.mockwebserver.MockWebServer      : MockWebServer[47569] starting to accept connections
2024-05-17 18:01:44.934  INFO 23845 --- [WebServer 56839] okhttp3.mockwebserver.MockWebServer      : MockWebServer[56839] starting to accept connections
2024-05-17 18:01:44.942  INFO 23845 --- [127.0.0.1:47726] okhttp3.mockwebserver.MockWebServer      : MockWebServer[47569] received request: POST /api/v1/namespaces/test/configmaps HTTP/1.1 and responded: HTTP/1.1 200 OK
2024-05-17 18:01:44.943  INFO 23845 --- [           main] s.c.k.f.c.Fabric8ConfigMapPropertySource : Loading ConfigMap with name 'single-unparseable-properties-test' in namespace 'test'
2024-05-17 18:01:44.946  INFO 23845 --- [127.0.0.1:47726] okhttp3.mockwebserver.MockWebServer      : MockWebServer[47569] received request: GET /api/v1/namespaces/test/configmaps/single-unparseable-properties-test HTTP/1.1 and responded: HTTP/1.1 200 OK
2024-05-17 18:01:44.988  INFO 23845 --- [WebServer 56839] okhttp3.mockwebserver.MockWebServer      : MockWebServer[56839] done accepting connections: Socket closed
2024-05-17 18:01:45.000  INFO 23845 --- [           main] .b.t.c.SpringBootTestContextBootstrapper : Neither @ContextConfiguration nor @ContextHierarchy found for test class [org.springframework.cloud.kubernetes.fabric8.config.ConfigMapsFromFilePathsTests], using SpringBootContextLoader
2024-05-17 18:01:45.003  INFO 23845 --- [           main] o.s.t.c.support.AbstractContextLoader    : Could not detect default resource locations for test class [org.springframework.cloud.kubernetes.fabric8.config.ConfigMapsFromFilePathsTests]: no resource found for suffixes {-context.xml, Context.groovy}.
2024-05-17 18:01:45.008  INFO 23845 --- [           main] .b.t.c.SpringBootTestContextBootstrapper : Loaded default TestExecutionListener class names from location [META-INF/spring.factories]: [org.springframework.boot.test.mock.mockito.MockitoTestExecutionListener, org.springframework.boot.test.mock.mockito.ResetMocksTestExecutionListener, org.springframework.boot.test.autoconfigure.restdocs.RestDocsTestExecutionListener, org.springframework.boot.test.autoconfigure.web.client.MockRestServiceServerResetTestExecutionListener, org.springframework.boot.test.autoconfigure.web.servlet.MockMvcPrintOnlyOnFailureTestExecutionListener, org.springframework.boot.test.autoconfigure.web.servlet.WebDriverTestExecutionListener, org.springframework.boot.test.autoconfigure.webservices.client.MockWebServiceServerTestExecutionListener, org.springframework.test.context.web.ServletTestExecutionListener, org.springframework.test.context.support.DirtiesContextBeforeModesTestExecutionListener, org.springframework.test.context.event.ApplicationEventsTestExecutionListener, org.springframework.test.context.support.DependencyInjectionTestExecutionListener, org.springframework.test.context.support.DirtiesContextTestExecutionListener, org.springframework.test.context.transaction.TransactionalTestExecutionListener, org.springframework.test.context.jdbc.SqlScriptsTestExecutionListener, org.springframework.test.context.event.EventPublishingTestExecutionListener, org.spockframework.spring.SpringMockTestExecutionListener]
2024-05-17 18:01:45.012  INFO 23845 --- [           main] .b.t.c.SpringBootTestContextBootstrapper : Using TestExecutionListeners: [org.springframework.test.context.web.ServletTestExecutionListener@6c6fdf5d, org.springframework.test.context.support.DirtiesContextBeforeModesTestExecutionListener@187c8f96, org.springframework.test.context.event.ApplicationEventsTestExecutionListener@592e315e, org.springframework.boot.test.mock.mockito.MockitoTestExecutionListener@f7a8a7b, org.springframework.boot.test.autoconfigure.SpringBootDependencyInjectionTestExecutionListener@1dfd39fe, org.springframework.test.context.support.DirtiesContextTestExecutionListener@610115e8, org.springframework.test.context.event.EventPublishingTestExecutionListener@498d7c57, org.springframework.boot.test.mock.mockito.ResetMocksTestExecutionListener@12ff0e4f, org.springframework.boot.test.autoconfigure.restdocs.RestDocsTestExecutionListener@66b9f727, org.springframework.boot.test.autoconfigure.web.client.MockRestServiceServerResetTestExecutionListener@f7e004d, org.springframework.boot.test.autoconfigure.web.servlet.MockMvcPrintOnlyOnFailureTestExecutionListener@2d33aa31, org.springframework.boot.test.autoconfigure.web.servlet.WebDriverTestExecutionListener@475454ae, org.springframework.boot.test.autoconfigure.webservices.client.MockWebServiceServerTestExecutionListener@6efd83ac, org.spockframework.spring.SpringMockTestExecutionListener@117e9a56]
2024-05-17 18:01:45.018  INFO 23845 --- [WebServer 56983] okhttp3.mockwebserver.MockWebServer      : MockWebServer[56983] starting to accept connections
2024-05-17 18:01:45.127  WARN 23845 --- [           main] ubernetesProfileEnvironmentPostProcessor : Not running inside kubernetes. Skipping 'kubernetes' profile activation.

  .   ____          _            __ _ _
 /\\ / ___'_ __ _ _(_)_ __  __ _ \ \ \ \
( ( )\___ | '_ | '_| | '_ \/ _` | \ \ \ \
 \\/  ___)| |_)| | | | | || (_| |  ) ) ) )
  '  |____| .__|_| |_|_| |_\__, | / / / /
 =========|_|==============|___/=/_/_/_/
 :: Spring Boot ::                (v2.6.3)

2024-05-17 18:01:45.214  INFO 23845 --- [           main] b.c.PropertySourceBootstrapConfiguration : Located property source: [BootstrapPropertySource {name='bootstrapProperties-/tmp/scktests/another-directory/application.properties'}, BootstrapPropertySource {name='bootstrapProperties-/tmp/scktests/extra.properties'}, BootstrapPropertySource {name='bootstrapProperties-/tmp/scktests/application.properties'}]
2024-05-17 18:01:45.217  WARN 23845 --- [           main] ubernetesProfileEnvironmentPostProcessor : Not running inside kubernetes. Skipping 'kubernetes' profile activation.
2024-05-17 18:01:45.217  INFO 23845 --- [           main] o.s.c.k.f.c.ConfigMapsFromFilePathsTests : No active profile set, falling back to default profiles: default
2024-05-17 18:01:45.415  INFO 23845 --- [           main] o.s.cloud.context.scope.GenericScope     : BeanFactory id=e369cf40-d234-36e2-a4dc-38329760186f
2024-05-17 18:01:45.517  INFO 23845 --- [           main] o.s.b.w.embedded.tomcat.TomcatWebServer  : Tomcat initialized with port(s): 0 (http)
2024-05-17 18:01:45.518  INFO 23845 --- [           main] o.apache.catalina.core.StandardService   : Starting service [Tomcat]
2024-05-17 18:01:45.518  INFO 23845 --- [           main] org.apache.catalina.core.StandardEngine  : Starting Servlet engine: [Apache Tomcat/9.0.56]
2024-05-17 18:01:45.529  INFO 23845 --- [           main] o.a.c.c.C.[Tomcat-6].[localhost].[/]     : Initializing Spring embedded WebApplicationContext
2024-05-17 18:01:45.529  INFO 23845 --- [           main] w.s.c.ServletWebServerApplicationContext : Root WebApplicationContext: initialization completed in 311 ms
2024-05-17 18:01:46.088  INFO 23845 --- [           main] o.s.b.a.e.web.EndpointLinksResolver      : Exposing 1 endpoint(s) beneath base path '/actuator'
2024-05-17 18:01:46.125  INFO 23845 --- [           main] o.s.b.w.embedded.tomcat.TomcatWebServer  : Tomcat started on port(s): 35965 (http) with context path ''
2024-05-17 18:01:46.131  INFO 23845 --- [           main] o.s.c.k.f.c.ConfigMapsFromFilePathsTests : Started ConfigMapsFromFilePathsTests in 1.107 seconds (JVM running for 18.975)
2024-05-17 18:01:46.141  INFO 23845 --- [WebServer 46805] okhttp3.mockwebserver.MockWebServer      : MockWebServer[46805] starting to accept connections
2024-05-17 18:01:46.150  INFO 23845 --- [o-auto-7-exec-1] o.a.c.c.C.[Tomcat-6].[localhost].[/]     : Initializing Spring DispatcherServlet 'dispatcherServlet'
2024-05-17 18:01:46.150  INFO 23845 --- [o-auto-7-exec-1] o.s.web.servlet.DispatcherServlet        : Initializing Servlet 'dispatcherServlet'
2024-05-17 18:01:46.151  INFO 23845 --- [o-auto-7-exec-1] o.s.web.servlet.DispatcherServlet        : Completed initialization in 1 ms
2024-05-17 18:01:46.160  INFO 23845 --- [WebServer 46805] okhttp3.mockwebserver.MockWebServer      : MockWebServer[46805] done accepting connections: Socket closed
2024-05-17 18:01:46.165  INFO 23845 --- [WebServer 50919] okhttp3.mockwebserver.MockWebServer      : MockWebServer[50919] starting to accept connections
2024-05-17 18:01:46.167  INFO 23845 --- [WebServer 50253] okhttp3.mockwebserver.MockWebServer      : MockWebServer[50253] starting to accept connections
2024-05-17 18:01:46.171  INFO 23845 --- [127.0.0.1:59152] okhttp3.mockwebserver.MockWebServer      : MockWebServer[50919] received request: POST /api/v1/namespaces/test/configmaps HTTP/1.1 and responded: HTTP/1.1 200 OK
2024-05-17 18:01:46.171  INFO 23845 --- [           main] s.c.k.f.c.Fabric8ConfigMapPropertySource : Loading ConfigMap with name 'single-unparseable-yaml-test' in namespace 'test'
2024-05-17 18:01:46.172  INFO 23845 --- [127.0.0.1:59152] okhttp3.mockwebserver.MockWebServer      : MockWebServer[50919] received request: GET /api/v1/namespaces/test/configmaps/single-unparseable-yaml-test HTTP/1.1 and responded: HTTP/1.1 200 OK
2024-05-17 18:01:46.215  INFO 23845 --- [WebServer 50253] okhttp3.mockwebserver.MockWebServer      : MockWebServer[50253] done accepting connections: Socket closed
2024-05-17 18:01:46.221  INFO 23845 --- [WebServer 42627] okhttp3.mockwebserver.MockWebServer      : MockWebServer[42627] starting to accept connections
2024-05-17 18:01:46.225  INFO 23845 --- [WebServer 54013] okhttp3.mockwebserver.MockWebServer      : MockWebServer[54013] starting to accept connections
2024-05-17 18:01:46.232  INFO 23845 --- [           main] s.c.k.f.c.Fabric8ConfigMapPropertySource : Loading ConfigMap with name 'configmap' in namespace 'some'
2024-05-17 18:01:46.234  WARN 23845 --- [           main] s.c.k.f.c.Fabric8ConfigMapPropertySource : Can't read configMap with name: [configmap] in namespace: [some]. Ignoring.

java.lang.NullPointerException: null
	at org.springframework.cloud.kubernetes.fabric8.config.Fabric8ConfigUtils.getConfigMapData(Fabric8ConfigUtils.java:118)
	at org.springframework.cloud.kubernetes.fabric8.config.Fabric8ConfigMapPropertySource.getData(Fabric8ConfigMapPropertySource.java:79)
	at org.springframework.cloud.kubernetes.fabric8.config.Fabric8ConfigMapPropertySource.<init>(Fabric8ConfigMapPropertySource.java:70)
	at org.springframework.cloud.kubernetes.fabric8.config.Fabric8ConfigMapPropertySource.<init>(Fabric8ConfigMapPropertySource.java:53)
	at org.springframework.cloud.kubernetes.fabric8.config.Fabric8ConfigMapPropertySourceTests.deprecatedConstructorWithClientNamespaceMustNotFail(Fabric8ConfigMapPropertySourceTests.java:80)
	at sun.reflect.NativeMethodAccessorImpl.invoke0(Native Method)
	at sun.reflect.NativeMethodAccessorImpl.invoke(NativeMethodAccessorImpl.java:62)
	at sun.reflect.DelegatingMethodAccessorImpl.invoke(DelegatingMethodAccessorImpl.java:43)
	at java.lang.reflect.Method.invoke(Method.java:498)
	at org.junit.platform.commons.util.ReflectionUtils.invokeMethod(ReflectionUtils.java:725)
	at org.junit.jupiter.engine.execution.MethodInvocation.proceed(MethodInvocation.java:60)
	at org.junit.jupiter.engine.execution.InvocationInterceptorChain$ValidatingInvocation.proceed(InvocationInterceptorChain.java:131)
	at org.junit.jupiter.engine.extension.TimeoutExtension.intercept(TimeoutExtension.java:149)
	at org.junit.jupiter.engine.extension.TimeoutExtension.interceptTestableMethod(TimeoutExtension.java:140)
	at org.junit.jupiter.engine.extension.TimeoutExtension.interceptTestMethod(TimeoutExtension.java:84)
	at org.junit.jupiter.engine.execution.ExecutableInvoker$ReflectiveInterceptorCall.lambda$ofVoidMethod$0(ExecutableInvoker.java:115)
	at org.junit.jupiter.engine.execution.ExecutableInvoker.lambda$invoke$0(ExecutableInvoker.java:105)
	at org.junit.jupiter.engine.execution.InvocationInterceptorChain$InterceptedInvocation.proceed(InvocationInterceptorChain.java:106)
	at org.junit.jupiter.engine.execution.InvocationInterceptorChain.proceed(InvocationInterceptorChain.java:64)
	at org.junit.jupiter.engine.execution.InvocationInterceptorChain.chainAndInvoke(InvocationInterceptorChain.java:45)
	at org.junit.jupiter.engine.execution.InvocationInterceptorChain.invoke(InvocationInterceptorChain.java:37)
	at org.junit.jupiter.engine.execution.ExecutableInvoker.invoke(ExecutableInvoker.java:104)
	at org.junit.jupiter.engine.execution.ExecutableInvoker.invoke(ExecutableInvoker.java:98)
	at org.junit.jupiter.engine.descriptor.TestMethodTestDescriptor.lambda$invokeTestMethod$7(TestMethodTestDescriptor.java:214)
	at org.junit.platform.engine.support.hierarchical.ThrowableCollector.execute(ThrowableCollector.java:73)
	at org.junit.jupiter.engine.descriptor.TestMethodTestDescriptor.invokeTestMethod(TestMethodTestDescriptor.java:210)
	at org.junit.jupiter.engine.descriptor.TestMethodTestDescriptor.execute(TestMethodTestDescriptor.java:135)
	at org.junit.jupiter.engine.descriptor.TestMethodTestDescriptor.execute(TestMethodTestDescriptor.java:66)
	at org.junit.platform.engine.support.hierarchical.NodeTestTask.lambda$executeRecursively$6(NodeTestTask.java:151)
	at org.junit.platform.engine.support.hierarchical.ThrowableCollector.execute(ThrowableCollector.java:73)
	at org.junit.platform.engine.support.hierarchical.NodeTestTask.lambda$executeRecursively$8(NodeTestTask.java:141)
	at org.junit.platform.engine.support.hierarchical.Node.around(Node.java:137)
	at org.junit.platform.engine.support.hierarchical.NodeTestTask.lambda$executeRecursively$9(NodeTestTask.java:139)
	at org.junit.platform.engine.support.hierarchical.ThrowableCollector.execute(ThrowableCollector.java:73)
	at org.junit.platform.engine.support.hierarchical.NodeTestTask.executeRecursively(NodeTestTask.java:138)
	at org.junit.platform.engine.support.hierarchical.NodeTestTask.execute(NodeTestTask.java:95)
	at java.util.ArrayList.forEach(ArrayList.java:1259)
	at org.junit.platform.engine.support.hierarchical.SameThreadHierarchicalTestExecutorService.invokeAll(SameThreadHierarchicalTestExecutorService.java:41)
	at org.junit.platform.engine.support.hierarchical.NodeTestTask.lambda$executeRecursively$6(NodeTestTask.java:155)
	at org.junit.platform.engine.support.hierarchical.ThrowableCollector.execute(ThrowableCollector.java:73)
	at org.junit.platform.engine.support.hierarchical.NodeTestTask.lambda$executeRecursively$8(NodeTestTask.java:141)
	at org.junit.platform.engine.support.hierarchical.Node.around(Node.java:137)
	at org.junit.platform.engine.support.hierarchical.NodeTestTask.lambda$executeRecursively$9(NodeTestTask.java:139)
	at org.junit.platform.engine.support.hierarchical.ThrowableCollector.execute(ThrowableCollector.java:73)
	at org.junit.platform.engine.support.hierarchical.NodeTestTask.executeRecursively(NodeTestTask.java:138)
	at org.junit.platform.engine.support.hierarchical.NodeTestTask.execute(NodeTestTask.java:95)
	at java.util.ArrayList.forEach(ArrayList.java:1259)
	at org.junit.platform.engine.support.hierarchical.SameThreadHierarchicalTestExecutorService.invokeAll(SameThreadHierarchicalTestExecutorService.java:41)
	at org.junit.platform.engine.support.hierarchical.NodeTestTask.lambda$executeRecursively$6(NodeTestTask.java:155)
	at org.junit.platform.engine.support.hierarchical.ThrowableCollector.execute(ThrowableCollector.java:73)
	at org.junit.platform.engine.support.hierarchical.NodeTestTask.lambda$executeRecursively$8(NodeTestTask.java:141)
	at org.junit.platform.engine.support.hierarchical.Node.around(Node.java:137)
	at org.junit.platform.engine.support.hierarchical.NodeTestTask.lambda$executeRecursively$9(NodeTestTask.java:139)
	at org.junit.platform.engine.support.hierarchical.ThrowableCollector.execute(ThrowableCollector.java:73)
	at org.junit.platform.engine.support.hierarchical.NodeTestTask.executeRecursively(NodeTestTask.java:138)
	at org.junit.platform.engine.support.hierarchical.NodeTestTask.execute(NodeTestTask.java:95)
	at org.junit.platform.engine.support.hierarchical.SameThreadHierarchicalTestExecutorService.submit(SameThreadHierarchicalTestExecutorService.java:35)
	at org.junit.platform.engine.support.hierarchical.HierarchicalTestExecutor.execute(HierarchicalTestExecutor.java:57)
	at org.junit.platform.engine.support.hierarchical.HierarchicalTestEngine.execute(HierarchicalTestEngine.java:54)
	at org.junit.platform.launcher.core.DefaultLauncher.execute(DefaultLauncher.java:170)
	at org.junit.platform.launcher.core.DefaultLauncher.execute(DefaultLauncher.java:154)
	at org.junit.platform.launcher.core.DefaultLauncher.execute(DefaultLauncher.java:90)
	at edu.illinois.cs.testrunner.execution.JUnit5TestExecutor.runTestsSeparately(JUnit5TestExecutor.java:40)
	at edu.illinois.cs.testrunner.execution.Executor$.$anonfun$run$1(Executor.scala:33)
	at scala.runtime.java8.JFunction0$mcV$sp.apply(JFunction0$mcV$sp.java:12)
	at scala.util.Try$.apply(Try.scala:209)
	at edu.illinois.cs.testrunner.execution.Executor$.run(Executor.scala:28)
	at edu.illinois.cs.testrunner.execution.Executor$.main(Executor.scala:18)
	at edu.illinois.cs.testrunner.execution.Executor.main(Executor.scala)

2024-05-17 18:01:46.235  INFO 23845 --- [WebServer 54013] okhttp3.mockwebserver.MockWebServer      : MockWebServer[54013] done accepting connections: Socket closed
2024-05-17 18:01:46.240  INFO 23845 --- [WebServer 40105] okhttp3.mockwebserver.MockWebServer      : MockWebServer[40105] starting to accept connections
2024-05-17 18:01:46.243  INFO 23845 --- [WebServer 44261] okhttp3.mockwebserver.MockWebServer      : MockWebServer[44261] starting to accept connections
2024-05-17 18:01:46.244  INFO 23845 --- [           main] s.c.k.f.c.Fabric8ConfigMapPropertySource : Loading ConfigMap with name 'configmap' in namespace 'namespace'
2024-05-17 18:01:46.244  WARN 23845 --- [           main] s.c.k.f.c.Fabric8ConfigMapPropertySource : Can't read configMap with name: [configmap] in namespace: [namespace]. Ignoring.

java.lang.NullPointerException: null
	at org.springframework.cloud.kubernetes.fabric8.config.Fabric8ConfigUtils.getConfigMapData(Fabric8ConfigUtils.java:118)
	at org.springframework.cloud.kubernetes.fabric8.config.Fabric8ConfigMapPropertySource.getData(Fabric8ConfigMapPropertySource.java:79)
	at org.springframework.cloud.kubernetes.fabric8.config.Fabric8ConfigMapPropertySource.<init>(Fabric8ConfigMapPropertySource.java:63)
	at org.springframework.cloud.kubernetes.fabric8.config.Fabric8ConfigMapPropertySourceTests.constructorWithNamespaceMustNotFail(Fabric8ConfigMapPropertySourceTests.java:125)
	at sun.reflect.NativeMethodAccessorImpl.invoke0(Native Method)
	at sun.reflect.NativeMethodAccessorImpl.invoke(NativeMethodAccessorImpl.java:62)
	at sun.reflect.DelegatingMethodAccessorImpl.invoke(DelegatingMethodAccessorImpl.java:43)
	at java.lang.reflect.Method.invoke(Method.java:498)
	at org.junit.platform.commons.util.ReflectionUtils.invokeMethod(ReflectionUtils.java:725)
	at org.junit.jupiter.engine.execution.MethodInvocation.proceed(MethodInvocation.java:60)
	at org.junit.jupiter.engine.execution.InvocationInterceptorChain$ValidatingInvocation.proceed(InvocationInterceptorChain.java:131)
	at org.junit.jupiter.engine.extension.TimeoutExtension.intercept(TimeoutExtension.java:149)
	at org.junit.jupiter.engine.extension.TimeoutExtension.interceptTestableMethod(TimeoutExtension.java:140)
	at org.junit.jupiter.engine.extension.TimeoutExtension.interceptTestMethod(TimeoutExtension.java:84)
	at org.junit.jupiter.engine.execution.ExecutableInvoker$ReflectiveInterceptorCall.lambda$ofVoidMethod$0(ExecutableInvoker.java:115)
	at org.junit.jupiter.engine.execution.ExecutableInvoker.lambda$invoke$0(ExecutableInvoker.java:105)
	at org.junit.jupiter.engine.execution.InvocationInterceptorChain$InterceptedInvocation.proceed(InvocationInterceptorChain.java:106)
	at org.junit.jupiter.engine.execution.InvocationInterceptorChain.proceed(InvocationInterceptorChain.java:64)
	at org.junit.jupiter.engine.execution.InvocationInterceptorChain.chainAndInvoke(InvocationInterceptorChain.java:45)
	at org.junit.jupiter.engine.execution.InvocationInterceptorChain.invoke(InvocationInterceptorChain.java:37)
	at org.junit.jupiter.engine.execution.ExecutableInvoker.invoke(ExecutableInvoker.java:104)
	at org.junit.jupiter.engine.execution.ExecutableInvoker.invoke(ExecutableInvoker.java:98)
	at org.junit.jupiter.engine.descriptor.TestMethodTestDescriptor.lambda$invokeTestMethod$7(TestMethodTestDescriptor.java:214)
	at org.junit.platform.engine.support.hierarchical.ThrowableCollector.execute(ThrowableCollector.java:73)
	at org.junit.jupiter.engine.descriptor.TestMethodTestDescriptor.invokeTestMethod(TestMethodTestDescriptor.java:210)
	at org.junit.jupiter.engine.descriptor.TestMethodTestDescriptor.execute(TestMethodTestDescriptor.java:135)
	at org.junit.jupiter.engine.descriptor.TestMethodTestDescriptor.execute(TestMethodTestDescriptor.java:66)
	at org.junit.platform.engine.support.hierarchical.NodeTestTask.lambda$executeRecursively$6(NodeTestTask.java:151)
	at org.junit.platform.engine.support.hierarchical.ThrowableCollector.execute(ThrowableCollector.java:73)
	at org.junit.platform.engine.support.hierarchical.NodeTestTask.lambda$executeRecursively$8(NodeTestTask.java:141)
	at org.junit.platform.engine.support.hierarchical.Node.around(Node.java:137)
	at org.junit.platform.engine.support.hierarchical.NodeTestTask.lambda$executeRecursively$9(NodeTestTask.java:139)
	at org.junit.platform.engine.support.hierarchical.ThrowableCollector.execute(ThrowableCollector.java:73)
	at org.junit.platform.engine.support.hierarchical.NodeTestTask.executeRecursively(NodeTestTask.java:138)
	at org.junit.platform.engine.support.hierarchical.NodeTestTask.execute(NodeTestTask.java:95)
	at java.util.ArrayList.forEach(ArrayList.java:1259)
	at org.junit.platform.engine.support.hierarchical.SameThreadHierarchicalTestExecutorService.invokeAll(SameThreadHierarchicalTestExecutorService.java:41)
	at org.junit.platform.engine.support.hierarchical.NodeTestTask.lambda$executeRecursively$6(NodeTestTask.java:155)
	at org.junit.platform.engine.support.hierarchical.ThrowableCollector.execute(ThrowableCollector.java:73)
	at org.junit.platform.engine.support.hierarchical.NodeTestTask.lambda$executeRecursively$8(NodeTestTask.java:141)
	at org.junit.platform.engine.support.hierarchical.Node.around(Node.java:137)
	at org.junit.platform.engine.support.hierarchical.NodeTestTask.lambda$executeRecursively$9(NodeTestTask.java:139)
	at org.junit.platform.engine.support.hierarchical.ThrowableCollector.execute(ThrowableCollector.java:73)
	at org.junit.platform.engine.support.hierarchical.NodeTestTask.executeRecursively(NodeTestTask.java:138)
	at org.junit.platform.engine.support.hierarchical.NodeTestTask.execute(NodeTestTask.java:95)
	at java.util.ArrayList.forEach(ArrayList.java:1259)
	at org.junit.platform.engine.support.hierarchical.SameThreadHierarchicalTestExecutorService.invokeAll(SameThreadHierarchicalTestExecutorService.java:41)
	at org.junit.platform.engine.support.hierarchical.NodeTestTask.lambda$executeRecursively$6(NodeTestTask.java:155)
	at org.junit.platform.engine.support.hierarchical.ThrowableCollector.execute(ThrowableCollector.java:73)
	at org.junit.platform.engine.support.hierarchical.NodeTestTask.lambda$executeRecursively$8(NodeTestTask.java:141)
	at org.junit.platform.engine.support.hierarchical.Node.around(Node.java:137)
	at org.junit.platform.engine.support.hierarchical.NodeTestTask.lambda$executeRecursively$9(NodeTestTask.java:139)
	at org.junit.platform.engine.support.hierarchical.ThrowableCollector.execute(ThrowableCollector.java:73)
	at org.junit.platform.engine.support.hierarchical.NodeTestTask.executeRecursively(NodeTestTask.java:138)
	at org.junit.platform.engine.support.hierarchical.NodeTestTask.execute(NodeTestTask.java:95)
	at org.junit.platform.engine.support.hierarchical.SameThreadHierarchicalTestExecutorService.submit(SameThreadHierarchicalTestExecutorService.java:35)
	at org.junit.platform.engine.support.hierarchical.HierarchicalTestExecutor.execute(HierarchicalTestExecutor.java:57)
	at org.junit.platform.engine.support.hierarchical.HierarchicalTestEngine.execute(HierarchicalTestEngine.java:54)
	at org.junit.platform.launcher.core.DefaultLauncher.execute(DefaultLauncher.java:170)
	at org.junit.platform.launcher.core.DefaultLauncher.execute(DefaultLauncher.java:154)
	at org.junit.platform.launcher.core.DefaultLauncher.execute(DefaultLauncher.java:90)
	at edu.illinois.cs.testrunner.execution.JUnit5TestExecutor.runTestsSeparately(JUnit5TestExecutor.java:40)
	at edu.illinois.cs.testrunner.execution.Executor$.$anonfun$run$1(Executor.scala:33)
	at scala.runtime.java8.JFunction0$mcV$sp.apply(JFunction0$mcV$sp.java:12)
	at scala.util.Try$.apply(Try.scala:209)
	at edu.illinois.cs.testrunner.execution.Executor$.run(Executor.scala:28)
	at edu.illinois.cs.testrunner.execution.Executor$.main(Executor.scala:18)
	at edu.illinois.cs.testrunner.execution.Executor.main(Executor.scala)

2024-05-17 18:01:46.245  INFO 23845 --- [WebServer 44261] okhttp3.mockwebserver.MockWebServer      : MockWebServer[44261] done accepting connections: Socket closed
2024-05-17 18:01:46.250  INFO 23845 --- [WebServer 34401] okhttp3.mockwebserver.MockWebServer      : MockWebServer[34401] starting to accept connections
2024-05-17 18:01:46.254  INFO 23845 --- [WebServer 55755] okhttp3.mockwebserver.MockWebServer      : MockWebServer[55755] starting to accept connections
2024-05-17 18:01:46.255  INFO 23845 --- [           main] .b.t.c.SpringBootTestContextBootstrapper : Neither @ContextConfiguration nor @ContextHierarchy found for test class [org.springframework.cloud.kubernetes.fabric8.config.Fabric8SecretsPropertySourceLocatorRetryTests$SecretsRetryDisabledButConfigRetryEnabled], using SpringBootContextLoader
2024-05-17 18:01:46.256  INFO 23845 --- [           main] o.s.t.c.support.AbstractContextLoader    : Could not detect default resource locations for test class [org.springframework.cloud.kubernetes.fabric8.config.Fabric8SecretsPropertySourceLocatorRetryTests$SecretsRetryDisabledButConfigRetryEnabled]: no resource found for suffixes {-context.xml, Context.groovy}.
2024-05-17 18:01:46.257  INFO 23845 --- [           main] .b.t.c.SpringBootTestContextBootstrapper : Loaded default TestExecutionListener class names from location [META-INF/spring.factories]: [org.springframework.boot.test.mock.mockito.MockitoTestExecutionListener, org.springframework.boot.test.mock.mockito.ResetMocksTestExecutionListener, org.springframework.boot.test.autoconfigure.restdocs.RestDocsTestExecutionListener, org.springframework.boot.test.autoconfigure.web.client.MockRestServiceServerResetTestExecutionListener, org.springframework.boot.test.autoconfigure.web.servlet.MockMvcPrintOnlyOnFailureTestExecutionListener, org.springframework.boot.test.autoconfigure.web.servlet.WebDriverTestExecutionListener, org.springframework.boot.test.autoconfigure.webservices.client.MockWebServiceServerTestExecutionListener, org.springframework.test.context.web.ServletTestExecutionListener, org.springframework.test.context.support.DirtiesContextBeforeModesTestExecutionListener, org.springframework.test.context.event.ApplicationEventsTestExecutionListener, org.springframework.test.context.support.DependencyInjectionTestExecutionListener, org.springframework.test.context.support.DirtiesContextTestExecutionListener, org.springframework.test.context.transaction.TransactionalTestExecutionListener, org.springframework.test.context.jdbc.SqlScriptsTestExecutionListener, org.springframework.test.context.event.EventPublishingTestExecutionListener, org.spockframework.spring.SpringMockTestExecutionListener]
2024-05-17 18:01:46.259  INFO 23845 --- [           main] .b.t.c.SpringBootTestContextBootstrapper : Using TestExecutionListeners: [org.springframework.test.context.web.ServletTestExecutionListener@4c2b8df7, org.springframework.test.context.support.DirtiesContextBeforeModesTestExecutionListener@7734ddb8, org.springframework.test.context.event.ApplicationEventsTestExecutionListener@7b2adbde, org.springframework.boot.test.mock.mockito.MockitoTestExecutionListener@6d7c8a2, org.springframework.boot.test.autoconfigure.SpringBootDependencyInjectionTestExecutionListener@1683b9ba, org.springframework.test.context.support.DirtiesContextTestExecutionListener@470b7fcf, org.springframework.test.context.event.EventPublishingTestExecutionListener@6ad2a8db, org.springframework.boot.test.mock.mockito.ResetMocksTestExecutionListener@52f8effb, org.springframework.boot.test.autoconfigure.restdocs.RestDocsTestExecutionListener@59bdd277, org.springframework.boot.test.autoconfigure.web.client.MockRestServiceServerResetTestExecutionListener@45543b88, org.springframework.boot.test.autoconfigure.web.servlet.MockMvcPrintOnlyOnFailureTestExecutionListener@3a3fc789, org.springframework.boot.test.autoconfigure.web.servlet.WebDriverTestExecutionListener@2fad7002, org.springframework.boot.test.autoconfigure.webservices.client.MockWebServiceServerTestExecutionListener@18b431ea, org.spockframework.spring.SpringMockTestExecutionListener@7c58c10f]
2024-05-17 18:01:46.299  WARN 23845 --- [           main] ubernetesProfileEnvironmentPostProcessor : Not running inside kubernetes. Skipping 'kubernetes' profile activation.
2024-05-17 18:01:46.349  INFO 23845 --- [           main] trationDelegate$BeanPostProcessorChecker : Bean 'org.springframework.retry.annotation.RetryConfiguration' of type [org.springframework.retry.annotation.RetryConfiguration] is not eligible for getting processed by all BeanPostProcessors (for example: not eligible for auto-proxying)

  .   ____          _            __ _ _
 /\\ / ___'_ __ _ _(_)_ __  __ _ \ \ \ \
( ( )\___ | '_ | '_| | '_ \/ _` | \ \ \ \
 \\/  ___)| |_)| | | | | || (_| |  ) ) ) )
  '  |____| .__|_| |_|_| |_\__, | / / / /
 =========|_|==============|___/=/_/_/_/
 :: Spring Boot ::                (v2.6.3)

2024-05-17 18:01:46.467  INFO 23845 --- [           main] s.c.k.f.c.Fabric8ConfigMapPropertySource : Loading ConfigMap with name 'application' in namespace 'default'
2024-05-17 18:01:46.565  INFO 23845 --- [127.0.0.1:50462] okhttp3.mockwebserver.MockWebServer      : MockWebServer[34401] received request: GET /api/v1/namespaces/default/configmaps/application HTTP/1.1 and responded: HTTP/1.1 404 Client Error
2024-05-17 18:01:46.567  INFO 23845 --- [           main] o.s.c.k.f.config.Fabric8ConfigUtils      : config-map with name : 'application' not present in namespace : 'default'
2024-05-17 18:01:46.567  INFO 23845 --- [           main] b.c.PropertySourceBootstrapConfiguration : Located property source: [BootstrapPropertySource {name='bootstrapProperties-configmap.application.default'}]
2024-05-17 18:01:46.577  INFO 23845 --- [           main] o.s.c.k.f.c.Fabric8SecretsPropertySource : Loading Secret with name 'my-secret' or with labels [{}] in namespace 'default'
2024-05-17 18:01:46.579  INFO 23845 --- [127.0.0.1:50462] okhttp3.mockwebserver.MockWebServer      : MockWebServer[34401] received request: GET /api/v1/namespaces/default/secrets/my-secret HTTP/1.1 and responded: HTTP/1.1 404 Client Error
2024-05-17 18:01:46.579  WARN 23845 --- [           main] o.s.c.k.f.c.Fabric8SecretsPropertySource : secret with name : my-secret in namespace : default not found
2024-05-17 18:01:46.581  INFO 23845 --- [127.0.0.1:50462] okhttp3.mockwebserver.MockWebServer      : MockWebServer[34401] received request: GET /api/v1/namespaces/default/secrets HTTP/1.1 and responded: HTTP/1.1 200 OK
2024-05-17 18:01:46.622  INFO 23845 --- [           main] b.c.PropertySourceBootstrapConfiguration : Located property source: [BootstrapPropertySource {name='bootstrapProperties-secrets.my-secret.default'}]
2024-05-17 18:01:46.625  WARN 23845 --- [           main] ubernetesProfileEnvironmentPostProcessor : Not running inside kubernetes. Skipping 'kubernetes' profile activation.
2024-05-17 18:01:46.626  INFO 23845 --- [           main] ecretsRetryDisabledButConfigRetryEnabled : No active profile set, falling back to default profiles: default
2024-05-17 18:01:46.919  INFO 23845 --- [           main] o.s.cloud.context.scope.GenericScope     : BeanFactory id=94652287-2eb9-367e-b08b-eea09b3b2900
2024-05-17 18:01:47.310  INFO 23845 --- [           main] ecretsRetryDisabledButConfigRetryEnabled : Started Fabric8SecretsPropertySourceLocatorRetryTests.SecretsRetryDisabledButConfigRetryEnabled in 1.05 seconds (JVM running for 20.154)
2024-05-17 18:01:47.315  INFO 23845 --- [WebServer 58805] okhttp3.mockwebserver.MockWebServer      : MockWebServer[58805] starting to accept connections
2024-05-17 18:01:47.328  INFO 23845 --- [           main] o.s.c.k.f.c.Fabric8SecretsPropertySource : Loading Secret with name 'my-secret' or with labels [{}] in namespace 'default'
2024-05-17 18:01:47.330  INFO 23845 --- [127.0.0.1:50462] okhttp3.mockwebserver.MockWebServer      : MockWebServer[34401] received request: GET /api/v1/namespaces/default/secrets/my-secret HTTP/1.1 and responded: HTTP/1.1 500 Server Error
2024-05-17 18:01:47.334  INFO 23845 --- [WebServer 58805] okhttp3.mockwebserver.MockWebServer      : MockWebServer[58805] done accepting connections: Socket closed
2024-05-17 18:01:47.337  INFO 23845 --- [           main] .b.t.c.SpringBootTestContextBootstrapper : Neither @ContextConfiguration nor @ContextHierarchy found for test class [org.springframework.cloud.kubernetes.fabric8.config.ConfigMapsFromFilePathsTests], using SpringBootContextLoader
2024-05-17 18:01:47.338  INFO 23845 --- [           main] o.s.t.c.support.AbstractContextLoader    : Could not detect default resource locations for test class [org.springframework.cloud.kubernetes.fabric8.config.ConfigMapsFromFilePathsTests]: no resource found for suffixes {-context.xml, Context.groovy}.
2024-05-17 18:01:47.339  INFO 23845 --- [           main] .b.t.c.SpringBootTestContextBootstrapper : Loaded default TestExecutionListener class names from location [META-INF/spring.factories]: [org.springframework.boot.test.mock.mockito.MockitoTestExecutionListener, org.springframework.boot.test.mock.mockito.ResetMocksTestExecutionListener, org.springframework.boot.test.autoconfigure.restdocs.RestDocsTestExecutionListener, org.springframework.boot.test.autoconfigure.web.client.MockRestServiceServerResetTestExecutionListener, org.springframework.boot.test.autoconfigure.web.servlet.MockMvcPrintOnlyOnFailureTestExecutionListener, org.springframework.boot.test.autoconfigure.web.servlet.WebDriverTestExecutionListener, org.springframework.boot.test.autoconfigure.webservices.client.MockWebServiceServerTestExecutionListener, org.springframework.test.context.web.ServletTestExecutionListener, org.springframework.test.context.support.DirtiesContextBeforeModesTestExecutionListener, org.springframework.test.context.event.ApplicationEventsTestExecutionListener, org.springframework.test.context.support.DependencyInjectionTestExecutionListener, org.springframework.test.context.support.DirtiesContextTestExecutionListener, org.springframework.test.context.transaction.TransactionalTestExecutionListener, org.springframework.test.context.jdbc.SqlScriptsTestExecutionListener, org.springframework.test.context.event.EventPublishingTestExecutionListener, org.spockframework.spring.SpringMockTestExecutionListener]
2024-05-17 18:01:47.340  INFO 23845 --- [           main] .b.t.c.SpringBootTestContextBootstrapper : Using TestExecutionListeners: [org.springframework.test.context.web.ServletTestExecutionListener@51f714d1, org.springframework.test.context.support.DirtiesContextBeforeModesTestExecutionListener@77e8492f, org.springframework.test.context.event.ApplicationEventsTestExecutionListener@1263d20d, org.springframework.boot.test.mock.mockito.MockitoTestExecutionListener@4f355321, org.springframework.boot.test.autoconfigure.SpringBootDependencyInjectionTestExecutionListener@260d878a, org.springframework.test.context.support.DirtiesContextTestExecutionListener@13190355, org.springframework.test.context.event.EventPublishingTestExecutionListener@1f664881, org.springframework.boot.test.mock.mockito.ResetMocksTestExecutionListener@7aafac17, org.springframework.boot.test.autoconfigure.restdocs.RestDocsTestExecutionListener@3054551f, org.springframework.boot.test.autoconfigure.web.client.MockRestServiceServerResetTestExecutionListener@6b8cfbeb, org.springframework.boot.test.autoconfigure.web.servlet.MockMvcPrintOnlyOnFailureTestExecutionListener@4603845b, org.springframework.boot.test.autoconfigure.web.servlet.WebDriverTestExecutionListener@414b5798, org.springframework.boot.test.autoconfigure.webservices.client.MockWebServiceServerTestExecutionListener@53251e03, org.spockframework.spring.SpringMockTestExecutionListener@5ffae42f]
2024-05-17 18:01:47.342  INFO 23845 --- [WebServer 59297] okhttp3.mockwebserver.MockWebServer      : MockWebServer[59297] starting to accept connections
2024-05-17 18:01:47.346  INFO 23845 --- [WebServer 53953] okhttp3.mockwebserver.MockWebServer      : MockWebServer[53953] starting to accept connections
2024-05-17 18:01:47.357  INFO 23845 --- [WebServer 53953] okhttp3.mockwebserver.MockWebServer      : MockWebServer[53953] done accepting connections: Socket closed
2024-05-17 18:01:47.361  INFO 23845 --- [           main] .b.t.c.SpringBootTestContextBootstrapper : Neither @ContextConfiguration nor @ContextHierarchy found for test class [org.springframework.cloud.kubernetes.fabric8.config.Fabric8BootstrapConfigurationTests$KubernetesEnabledSecretsDisabled], using SpringBootContextLoader
2024-05-17 18:01:47.361  INFO 23845 --- [           main] o.s.t.c.support.AbstractContextLoader    : Could not detect default resource locations for test class [org.springframework.cloud.kubernetes.fabric8.config.Fabric8BootstrapConfigurationTests$KubernetesEnabledSecretsDisabled]: no resource found for suffixes {-context.xml, Context.groovy}.
2024-05-17 18:01:47.362  INFO 23845 --- [           main] .b.t.c.SpringBootTestContextBootstrapper : Loaded default TestExecutionListener class names from location [META-INF/spring.factories]: [org.springframework.boot.test.mock.mockito.MockitoTestExecutionListener, org.springframework.boot.test.mock.mockito.ResetMocksTestExecutionListener, org.springframework.boot.test.autoconfigure.restdocs.RestDocsTestExecutionListener, org.springframework.boot.test.autoconfigure.web.client.MockRestServiceServerResetTestExecutionListener, org.springframework.boot.test.autoconfigure.web.servlet.MockMvcPrintOnlyOnFailureTestExecutionListener, org.springframework.boot.test.autoconfigure.web.servlet.WebDriverTestExecutionListener, org.springframework.boot.test.autoconfigure.webservices.client.MockWebServiceServerTestExecutionListener, org.springframework.test.context.web.ServletTestExecutionListener, org.springframework.test.context.support.DirtiesContextBeforeModesTestExecutionListener, org.springframework.test.context.event.ApplicationEventsTestExecutionListener, org.springframework.test.context.support.DependencyInjectionTestExecutionListener, org.springframework.test.context.support.DirtiesContextTestExecutionListener, org.springframework.test.context.transaction.TransactionalTestExecutionListener, org.springframework.test.context.jdbc.SqlScriptsTestExecutionListener, org.springframework.test.context.event.EventPublishingTestExecutionListener, org.spockframework.spring.SpringMockTestExecutionListener]
2024-05-17 18:01:47.364  INFO 23845 --- [           main] .b.t.c.SpringBootTestContextBootstrapper : Using TestExecutionListeners: [org.springframework.test.context.web.ServletTestExecutionListener@81a193b, org.springframework.test.context.support.DirtiesContextBeforeModesTestExecutionListener@3eff5c32, org.springframework.test.context.event.ApplicationEventsTestExecutionListener@79d538c1, org.springframework.boot.test.mock.mockito.MockitoTestExecutionListener@31e08c61, org.springframework.boot.test.autoconfigure.SpringBootDependencyInjectionTestExecutionListener@69eb88a7, org.springframework.test.context.support.DirtiesContextTestExecutionListener@2db15764, org.springframework.test.context.event.EventPublishingTestExecutionListener@7d727123, org.springframework.boot.test.mock.mockito.ResetMocksTestExecutionListener@48446968, org.springframework.boot.test.autoconfigure.restdocs.RestDocsTestExecutionListener@7ddf7e77, org.springframework.boot.test.autoconfigure.web.client.MockRestServiceServerResetTestExecutionListener@5a720cdf, org.springframework.boot.test.autoconfigure.web.servlet.MockMvcPrintOnlyOnFailureTestExecutionListener@34e785db, org.springframework.boot.test.autoconfigure.web.servlet.WebDriverTestExecutionListener@5f83b506, org.springframework.boot.test.autoconfigure.webservices.client.MockWebServiceServerTestExecutionListener@59294447, org.spockframework.spring.SpringMockTestExecutionListener@1377af49]
2024-05-17 18:01:47.401  WARN 23845 --- [           main] ubernetesProfileEnvironmentPostProcessor : Not running inside kubernetes. Skipping 'kubernetes' profile activation.

  .   ____          _            __ _ _
 /\\ / ___'_ __ _ _(_)_ __  __ _ \ \ \ \
( ( )\___ | '_ | '_| | '_ \/ _` | \ \ \ \
 \\/  ___)| |_)| | | | | || (_| |  ) ) ) )
  '  |____| .__|_| |_|_| |_\__, | / / / /
 =========|_|==============|___/=/_/_/_/
 :: Spring Boot ::                (v2.6.3)

2024-05-17 18:01:47.462  INFO 23845 --- [           main] s.c.k.f.c.Fabric8ConfigMapPropertySource : Loading ConfigMap with name 'application' in namespace 'default'
2024-05-17 18:01:47.464  INFO 23845 --- [127.0.0.1:53630] okhttp3.mockwebserver.MockWebServer      : MockWebServer[59297] received request: GET /api/v1/namespaces/default/configmaps/application HTTP/1.1 and responded: HTTP/1.1 404 Client Error
2024-05-17 18:01:47.465  INFO 23845 --- [           main] o.s.c.k.f.config.Fabric8ConfigUtils      : config-map with name : 'application' not present in namespace : 'default'
2024-05-17 18:01:47.467  INFO 23845 --- [           main] b.c.PropertySourceBootstrapConfiguration : Located property source: [BootstrapPropertySource {name='bootstrapProperties-configmap.application.default'}]
2024-05-17 18:01:47.469  WARN 23845 --- [           main] ubernetesProfileEnvironmentPostProcessor : Not running inside kubernetes. Skipping 'kubernetes' profile activation.
2024-05-17 18:01:47.470  INFO 23845 --- [           main] onTests$KubernetesEnabledSecretsDisabled : No active profile set, falling back to default profiles: default
2024-05-17 18:01:47.809  INFO 23845 --- [           main] o.s.cloud.context.scope.GenericScope     : BeanFactory id=b44b17b9-4871-3254-a9f0-4dd2fdc4c959
2024-05-17 18:01:47.890  INFO 23845 --- [           main] o.s.b.w.embedded.tomcat.TomcatWebServer  : Tomcat initialized with port(s): 0 (http)
2024-05-17 18:01:47.891  INFO 23845 --- [           main] o.apache.catalina.core.StandardService   : Starting service [Tomcat]
2024-05-17 18:01:47.891  INFO 23845 --- [           main] org.apache.catalina.core.StandardEngine  : Starting Servlet engine: [Apache Tomcat/9.0.56]
2024-05-17 18:01:47.900  INFO 23845 --- [           main] o.a.c.c.C.[Tomcat-7].[localhost].[/]     : Initializing Spring embedded WebApplicationContext
2024-05-17 18:01:47.900  INFO 23845 --- [           main] w.s.c.ServletWebServerApplicationContext : Root WebApplicationContext: initialization completed in 429 ms
2024-05-17 18:01:48.520  INFO 23845 --- [           main] o.s.b.a.e.web.EndpointLinksResolver      : Exposing 1 endpoint(s) beneath base path '/actuator'
2024-05-17 18:01:48.556  INFO 23845 --- [           main] o.s.b.w.embedded.tomcat.TomcatWebServer  : Tomcat started on port(s): 35665 (http) with context path ''
2024-05-17 18:01:48.561  INFO 23845 --- [           main] onTests$KubernetesEnabledSecretsDisabled : Started Fabric8BootstrapConfigurationTests.KubernetesEnabledSecretsDisabled in 1.195 seconds (JVM running for 21.404)
2024-05-17 18:01:48.570  INFO 23845 --- [           main] .b.t.c.SpringBootTestContextBootstrapper : Neither @ContextConfiguration nor @ContextHierarchy found for test class [org.springframework.cloud.kubernetes.fabric8.config.ConfigMapsTests], using SpringBootContextLoader
2024-05-17 18:01:48.570  INFO 23845 --- [           main] o.s.t.c.support.AbstractContextLoader    : Could not detect default resource locations for test class [org.springframework.cloud.kubernetes.fabric8.config.ConfigMapsTests]: no resource found for suffixes {-context.xml, Context.groovy}.
2024-05-17 18:01:48.572  INFO 23845 --- [           main] .b.t.c.SpringBootTestContextBootstrapper : Loaded default TestExecutionListener class names from location [META-INF/spring.factories]: [org.springframework.boot.test.mock.mockito.MockitoTestExecutionListener, org.springframework.boot.test.mock.mockito.ResetMocksTestExecutionListener, org.springframework.boot.test.autoconfigure.restdocs.RestDocsTestExecutionListener, org.springframework.boot.test.autoconfigure.web.client.MockRestServiceServerResetTestExecutionListener, org.springframework.boot.test.autoconfigure.web.servlet.MockMvcPrintOnlyOnFailureTestExecutionListener, org.springframework.boot.test.autoconfigure.web.servlet.WebDriverTestExecutionListener, org.springframework.boot.test.autoconfigure.webservices.client.MockWebServiceServerTestExecutionListener, org.springframework.test.context.web.ServletTestExecutionListener, org.springframework.test.context.support.DirtiesContextBeforeModesTestExecutionListener, org.springframework.test.context.event.ApplicationEventsTestExecutionListener, org.springframework.test.context.support.DependencyInjectionTestExecutionListener, org.springframework.test.context.support.DirtiesContextTestExecutionListener, org.springframework.test.context.transaction.TransactionalTestExecutionListener, org.springframework.test.context.jdbc.SqlScriptsTestExecutionListener, org.springframework.test.context.event.EventPublishingTestExecutionListener, org.spockframework.spring.SpringMockTestExecutionListener]
2024-05-17 18:01:48.574  INFO 23845 --- [           main] .b.t.c.SpringBootTestContextBootstrapper : Using TestExecutionListeners: [org.springframework.test.context.web.ServletTestExecutionListener@1b58788a, org.springframework.test.context.support.DirtiesContextBeforeModesTestExecutionListener@31881213, org.springframework.test.context.event.ApplicationEventsTestExecutionListener@2162e4a, org.springframework.boot.test.mock.mockito.MockitoTestExecutionListener@595626b8, org.springframework.boot.test.autoconfigure.SpringBootDependencyInjectionTestExecutionListener@1928930, org.springframework.test.context.support.DirtiesContextTestExecutionListener@707b0b9b, org.springframework.test.context.event.EventPublishingTestExecutionListener@43ac1fa0, org.springframework.boot.test.mock.mockito.ResetMocksTestExecutionListener@2ba7828b, org.springframework.boot.test.autoconfigure.restdocs.RestDocsTestExecutionListener@3e6945c6, org.springframework.boot.test.autoconfigure.web.client.MockRestServiceServerResetTestExecutionListener@16e6a643, org.springframework.boot.test.autoconfigure.web.servlet.MockMvcPrintOnlyOnFailureTestExecutionListener@3514ea20, org.springframework.boot.test.autoconfigure.web.servlet.WebDriverTestExecutionListener@223095d3, org.springframework.boot.test.autoconfigure.webservices.client.MockWebServiceServerTestExecutionListener@5683a326, org.spockframework.spring.SpringMockTestExecutionListener@7574d30b]
2024-05-17 18:01:48.575  INFO 23845 --- [WebServer 48569] okhttp3.mockwebserver.MockWebServer      : MockWebServer[48569] starting to accept connections
2024-05-17 18:01:48.579  INFO 23845 --- [127.0.0.1:53520] okhttp3.mockwebserver.MockWebServer      : MockWebServer[48569] received request: POST /api/v1/namespaces/test/configmaps HTTP/1.1 and responded: HTTP/1.1 200 OK
2024-05-17 18:01:48.583  INFO 23845 --- [WebServer 54209] okhttp3.mockwebserver.MockWebServer      : MockWebServer[54209] starting to accept connections
2024-05-17 18:01:48.590  INFO 23845 --- [o-auto-5-exec-1] o.a.c.c.C.[Tomcat-4].[localhost].[/]     : Initializing Spring DispatcherServlet 'dispatcherServlet'
2024-05-17 18:01:48.591  INFO 23845 --- [o-auto-5-exec-1] o.s.web.servlet.DispatcherServlet        : Initializing Servlet 'dispatcherServlet'
2024-05-17 18:01:48.592  INFO 23845 --- [o-auto-5-exec-1] o.s.web.servlet.DispatcherServlet        : Completed initialization in 1 ms
2024-05-17 18:01:48.600  INFO 23845 --- [WebServer 54209] okhttp3.mockwebserver.MockWebServer      : MockWebServer[54209] done accepting connections: Socket closed
2024-05-17 18:01:48.604  INFO 23845 --- [           main] .b.t.c.SpringBootTestContextBootstrapper : Neither @ContextConfiguration nor @ContextHierarchy found for test class [org.springframework.cloud.kubernetes.fabric8.config.ConfigMapWithIncludeProfileSpecificSourcesTests], using SpringBootContextLoader
2024-05-17 18:01:48.605  INFO 23845 --- [           main] o.s.t.c.support.AbstractContextLoader    : Could not detect default resource locations for test class [org.springframework.cloud.kubernetes.fabric8.config.ConfigMapWithIncludeProfileSpecificSourcesTests]: no resource found for suffixes {-context.xml, Context.groovy}.
2024-05-17 18:01:48.607  INFO 23845 --- [           main] .b.t.c.SpringBootTestContextBootstrapper : Loaded default TestExecutionListener class names from location [META-INF/spring.factories]: [org.springframework.boot.test.mock.mockito.MockitoTestExecutionListener, org.springframework.boot.test.mock.mockito.ResetMocksTestExecutionListener, org.springframework.boot.test.autoconfigure.restdocs.RestDocsTestExecutionListener, org.springframework.boot.test.autoconfigure.web.client.MockRestServiceServerResetTestExecutionListener, org.springframework.boot.test.autoconfigure.web.servlet.MockMvcPrintOnlyOnFailureTestExecutionListener, org.springframework.boot.test.autoconfigure.web.servlet.WebDriverTestExecutionListener, org.springframework.boot.test.autoconfigure.webservices.client.MockWebServiceServerTestExecutionListener, org.springframework.test.context.web.ServletTestExecutionListener, org.springframework.test.context.support.DirtiesContextBeforeModesTestExecutionListener, org.springframework.test.context.event.ApplicationEventsTestExecutionListener, org.springframework.test.context.support.DependencyInjectionTestExecutionListener, org.springframework.test.context.support.DirtiesContextTestExecutionListener, org.springframework.test.context.transaction.TransactionalTestExecutionListener, org.springframework.test.context.jdbc.SqlScriptsTestExecutionListener, org.springframework.test.context.event.EventPublishingTestExecutionListener, org.spockframework.spring.SpringMockTestExecutionListener]
2024-05-17 18:01:48.608  INFO 23845 --- [           main] .b.t.c.SpringBootTestContextBootstrapper : Using TestExecutionListeners: [org.springframework.test.context.web.ServletTestExecutionListener@32fccfc2, org.springframework.test.context.support.DirtiesContextBeforeModesTestExecutionListener@4702faee, org.springframework.test.context.event.ApplicationEventsTestExecutionListener@576d4810, org.springframework.boot.test.mock.mockito.MockitoTestExecutionListener@3609b8f2, org.springframework.boot.test.autoconfigure.SpringBootDependencyInjectionTestExecutionListener@62dfe32e, org.springframework.test.context.support.DirtiesContextTestExecutionListener@32dab011, org.springframework.test.context.event.EventPublishingTestExecutionListener@fca4392, org.springframework.boot.test.mock.mockito.ResetMocksTestExecutionListener@747fb4b1, org.springframework.boot.test.autoconfigure.restdocs.RestDocsTestExecutionListener@6924ff83, org.springframework.boot.test.autoconfigure.web.client.MockRestServiceServerResetTestExecutionListener@e19908e, org.springframework.boot.test.autoconfigure.web.servlet.MockMvcPrintOnlyOnFailureTestExecutionListener@5312940c, org.springframework.boot.test.autoconfigure.web.servlet.WebDriverTestExecutionListener@5ac168e3, org.springframework.boot.test.autoconfigure.webservices.client.MockWebServiceServerTestExecutionListener@14574cdf, org.spockframework.spring.SpringMockTestExecutionListener@5608233b]
2024-05-17 18:01:48.610  INFO 23845 --- [WebServer 44231] okhttp3.mockwebserver.MockWebServer      : MockWebServer[44231] starting to accept connections
2024-05-17 18:01:48.614  INFO 23845 --- [127.0.0.1:54762] okhttp3.mockwebserver.MockWebServer      : MockWebServer[44231] received request: POST /api/v1/namespaces/spring-k8s/configmaps HTTP/1.1 and responded: HTTP/1.1 200 OK
2024-05-17 18:01:48.618  INFO 23845 --- [127.0.0.1:54762] okhttp3.mockwebserver.MockWebServer      : MockWebServer[44231] received request: POST /api/v1/namespaces/spring-k8s/configmaps HTTP/1.1 and responded: HTTP/1.1 200 OK
2024-05-17 18:01:48.664  INFO 23845 --- [127.0.0.1:54762] okhttp3.mockwebserver.MockWebServer      : MockWebServer[44231] received request: POST /api/v1/namespaces/spring-k8s/configmaps HTTP/1.1 and responded: HTTP/1.1 200 OK
2024-05-17 18:01:48.708  INFO 23845 --- [127.0.0.1:54762] okhttp3.mockwebserver.MockWebServer      : MockWebServer[44231] received request: POST /api/v1/namespaces/spring-k8s/configmaps HTTP/1.1 and responded: HTTP/1.1 200 OK
2024-05-17 18:01:48.753  INFO 23845 --- [127.0.0.1:54762] okhttp3.mockwebserver.MockWebServer      : MockWebServer[44231] received request: POST /api/v1/namespaces/spring-k8s/configmaps HTTP/1.1 and responded: HTTP/1.1 200 OK
2024-05-17 18:01:48.838  WARN 23845 --- [           main] ubernetesProfileEnvironmentPostProcessor : Not running inside kubernetes. Skipping 'kubernetes' profile activation.

  .   ____          _            __ _ _
 /\\ / ___'_ __ _ _(_)_ __  __ _ \ \ \ \
( ( )\___ | '_ | '_| | '_ \/ _` | \ \ \ \
 \\/  ___)| |_)| | | | | || (_| |  ) ) ) )
  '  |____| .__|_| |_|_| |_\__, | / / / /
 =========|_|==============|___/=/_/_/_/
 :: Spring Boot ::                (v2.6.3)

2024-05-17 18:01:48.906  INFO 23845 --- [           main] s.c.k.f.c.Fabric8ConfigMapPropertySource : Loading ConfigMap with name 'config-map-one' in namespace 'spring-k8s'
2024-05-17 18:01:48.910  INFO 23845 --- [           main] o.s.c.k.f.config.Fabric8ConfigUtils      : config-map with name : 'config-map-one' not present in namespace : 'spring-k8s'
2024-05-17 18:01:48.909  INFO 23845 --- [127.0.0.1:54772] okhttp3.mockwebserver.MockWebServer      : MockWebServer[44231] received request: GET /api/v1/namespaces/spring-k8s/configmaps/config-map-one HTTP/1.1 and responded: HTTP/1.1 404 Client Error
2024-05-17 18:01:48.914  INFO 23845 --- [127.0.0.1:54772] okhttp3.mockwebserver.MockWebServer      : MockWebServer[44231] received request: GET /api/v1/namespaces/spring-k8s/configmaps/config-map-one-dev HTTP/1.1 and responded: HTTP/1.1 200 OK
2024-05-17 18:01:48.955  INFO 23845 --- [           main] s.c.k.f.c.Fabric8ConfigMapPropertySource : Loading ConfigMap with name 'config-map-two' in namespace 'spring-k8s'
2024-05-17 18:01:48.957  INFO 23845 --- [127.0.0.1:54772] okhttp3.mockwebserver.MockWebServer      : MockWebServer[44231] received request: GET /api/v1/namespaces/spring-k8s/configmaps/config-map-two HTTP/1.1 and responded: HTTP/1.1 200 OK
2024-05-17 18:01:48.998  INFO 23845 --- [           main] s.c.k.f.c.Fabric8ConfigMapPropertySource : Loading ConfigMap with name 'config-map-three' in namespace 'spring-k8s'
2024-05-17 18:01:48.999  INFO 23845 --- [127.0.0.1:54772] okhttp3.mockwebserver.MockWebServer      : MockWebServer[44231] received request: GET /api/v1/namespaces/spring-k8s/configmaps/config-map-three HTTP/1.1 and responded: HTTP/1.1 200 OK
2024-05-17 18:01:49.040  INFO 23845 --- [           main] b.c.PropertySourceBootstrapConfiguration : Located property source: [BootstrapPropertySource {name='bootstrapProperties-configmap.config-map-three.spring-k8s'}, BootstrapPropertySource {name='bootstrapProperties-configmap.config-map-two.spring-k8s'}, BootstrapPropertySource {name='bootstrapProperties-configmap.config-map-one.spring-k8s'}]
2024-05-17 18:01:49.043  WARN 23845 --- [           main] ubernetesProfileEnvironmentPostProcessor : Not running inside kubernetes. Skipping 'kubernetes' profile activation.
2024-05-17 18:01:49.044  INFO 23845 --- [           main] apWithIncludeProfileSpecificSourcesTests : The following profiles are active: dev
2024-05-17 18:01:49.228  INFO 23845 --- [           main] o.s.cloud.context.scope.GenericScope     : BeanFactory id=25e932e5-66c9-3368-9666-2d7e7b1ab398
2024-05-17 18:01:49.310  INFO 23845 --- [           main] o.s.b.w.embedded.tomcat.TomcatWebServer  : Tomcat initialized with port(s): 0 (http)
2024-05-17 18:01:49.310  INFO 23845 --- [           main] o.apache.catalina.core.StandardService   : Starting service [Tomcat]
2024-05-17 18:01:49.310  INFO 23845 --- [           main] org.apache.catalina.core.StandardEngine  : Starting Servlet engine: [Apache Tomcat/9.0.56]
2024-05-17 18:01:49.320  INFO 23845 --- [           main] o.a.c.c.C.[Tomcat-8].[localhost].[/]     : Initializing Spring embedded WebApplicationContext
2024-05-17 18:01:49.321  INFO 23845 --- [           main] w.s.c.ServletWebServerApplicationContext : Root WebApplicationContext: initialization completed in 277 ms
2024-05-17 18:01:49.937  INFO 23845 --- [           main] o.s.b.a.e.web.EndpointLinksResolver      : Exposing 1 endpoint(s) beneath base path '/actuator'
2024-05-17 18:01:49.994  INFO 23845 --- [           main] o.s.b.w.embedded.tomcat.TomcatWebServer  : Tomcat started on port(s): 38265 (http) with context path ''
2024-05-17 18:01:50.000  INFO 23845 --- [           main] apWithIncludeProfileSpecificSourcesTests : Started ConfigMapWithIncludeProfileSpecificSourcesTests in 1.204 seconds (JVM running for 22.844)
2024-05-17 18:01:50.010  INFO 23845 --- [WebServer 34317] okhttp3.mockwebserver.MockWebServer      : MockWebServer[34317] starting to accept connections
2024-05-17 18:01:50.018  INFO 23845 --- [o-auto-9-exec-1] o.a.c.c.C.[Tomcat-8].[localhost].[/]     : Initializing Spring DispatcherServlet 'dispatcherServlet'
2024-05-17 18:01:50.018  INFO 23845 --- [o-auto-9-exec-1] o.s.web.servlet.DispatcherServlet        : Initializing Servlet 'dispatcherServlet'
2024-05-17 18:01:50.019  INFO 23845 --- [o-auto-9-exec-1] o.s.web.servlet.DispatcherServlet        : Completed initialization in 1 ms
2024-05-17 18:01:50.035  INFO 23845 --- [WebServer 34317] okhttp3.mockwebserver.MockWebServer      : MockWebServer[34317] done accepting connections: Socket closed
2024-05-17 18:01:50.038  INFO 23845 --- [           main] .b.t.c.SpringBootTestContextBootstrapper : Neither @ContextConfiguration nor @ContextHierarchy found for test class [org.springframework.cloud.kubernetes.fabric8.config.Fabric8BootstrapConfigurationTests$KubernetesEnabledSecretsAndConfigDisabled], using SpringBootContextLoader
2024-05-17 18:01:50.039  INFO 23845 --- [           main] o.s.t.c.support.AbstractContextLoader    : Could not detect default resource locations for test class [org.springframework.cloud.kubernetes.fabric8.config.Fabric8BootstrapConfigurationTests$KubernetesEnabledSecretsAndConfigDisabled]: no resource found for suffixes {-context.xml, Context.groovy}.
2024-05-17 18:01:50.040  INFO 23845 --- [           main] .b.t.c.SpringBootTestContextBootstrapper : Loaded default TestExecutionListener class names from location [META-INF/spring.factories]: [org.springframework.boot.test.mock.mockito.MockitoTestExecutionListener, org.springframework.boot.test.mock.mockito.ResetMocksTestExecutionListener, org.springframework.boot.test.autoconfigure.restdocs.RestDocsTestExecutionListener, org.springframework.boot.test.autoconfigure.web.client.MockRestServiceServerResetTestExecutionListener, org.springframework.boot.test.autoconfigure.web.servlet.MockMvcPrintOnlyOnFailureTestExecutionListener, org.springframework.boot.test.autoconfigure.web.servlet.WebDriverTestExecutionListener, org.springframework.boot.test.autoconfigure.webservices.client.MockWebServiceServerTestExecutionListener, org.springframework.test.context.web.ServletTestExecutionListener, org.springframework.test.context.support.DirtiesContextBeforeModesTestExecutionListener, org.springframework.test.context.event.ApplicationEventsTestExecutionListener, org.springframework.test.context.support.DependencyInjectionTestExecutionListener, org.springframework.test.context.support.DirtiesContextTestExecutionListener, org.springframework.test.context.transaction.TransactionalTestExecutionListener, org.springframework.test.context.jdbc.SqlScriptsTestExecutionListener, org.springframework.test.context.event.EventPublishingTestExecutionListener, org.spockframework.spring.SpringMockTestExecutionListener]
2024-05-17 18:01:50.041  INFO 23845 --- [           main] .b.t.c.SpringBootTestContextBootstrapper : Using TestExecutionListeners: [org.springframework.test.context.web.ServletTestExecutionListener@7ce87f9d, org.springframework.test.context.support.DirtiesContextBeforeModesTestExecutionListener@e944541, org.springframework.test.context.event.ApplicationEventsTestExecutionListener@1c89cec5, org.springframework.boot.test.mock.mockito.MockitoTestExecutionListener@1447bef2, org.springframework.boot.test.autoconfigure.SpringBootDependencyInjectionTestExecutionListener@2b6c3f70, org.springframework.test.context.support.DirtiesContextTestExecutionListener@77ec911, org.springframework.test.context.event.EventPublishingTestExecutionListener@55d3c0dd, org.springframework.boot.test.mock.mockito.ResetMocksTestExecutionListener@7c4a44bb, org.springframework.boot.test.autoconfigure.restdocs.RestDocsTestExecutionListener@369773fd, org.springframework.boot.test.autoconfigure.web.client.MockRestServiceServerResetTestExecutionListener@47d0127f, org.springframework.boot.test.autoconfigure.web.servlet.MockMvcPrintOnlyOnFailureTestExecutionListener@c4ef770, org.springframework.boot.test.autoconfigure.web.servlet.WebDriverTestExecutionListener@228f15de, org.springframework.boot.test.autoconfigure.webservices.client.MockWebServiceServerTestExecutionListener@2f8a82e9, org.spockframework.spring.SpringMockTestExecutionListener@688e2e8d]
2024-05-17 18:01:50.078  WARN 23845 --- [           main] ubernetesProfileEnvironmentPostProcessor : Not running inside kubernetes. Skipping 'kubernetes' profile activation.

  .   ____          _            __ _ _
 /\\ / ___'_ __ _ _(_)_ __  __ _ \ \ \ \
( ( )\___ | '_ | '_| | '_ \/ _` | \ \ \ \
 \\/  ___)| |_)| | | | | || (_| |  ) ) ) )
  '  |____| .__|_| |_|_| |_\__, | / / / /
 =========|_|==============|___/=/_/_/_/
 :: Spring Boot ::                (v2.6.3)

2024-05-17 18:01:50.172  WARN 23845 --- [           main] ubernetesProfileEnvironmentPostProcessor : Not running inside kubernetes. Skipping 'kubernetes' profile activation.
2024-05-17 18:01:50.172  INFO 23845 --- [           main] ubernetesEnabledSecretsAndConfigDisabled : No active profile set, falling back to default profiles: default
2024-05-17 18:01:50.493  INFO 23845 --- [           main] o.s.cloud.context.scope.GenericScope     : BeanFactory id=28f5efda-2be0-3ec4-9d06-389d7832aa32
2024-05-17 18:01:50.592  INFO 23845 --- [           main] o.s.b.w.embedded.tomcat.TomcatWebServer  : Tomcat initialized with port(s): 0 (http)
2024-05-17 18:01:50.593  INFO 23845 --- [           main] o.apache.catalina.core.StandardService   : Starting service [Tomcat]
2024-05-17 18:01:50.593  INFO 23845 --- [           main] org.apache.catalina.core.StandardEngine  : Starting Servlet engine: [Apache Tomcat/9.0.56]
2024-05-17 18:01:50.602  INFO 23845 --- [           main] o.a.c.c.C.[Tomcat-9].[localhost].[/]     : Initializing Spring embedded WebApplicationContext
2024-05-17 18:01:50.602  INFO 23845 --- [           main] w.s.c.ServletWebServerApplicationContext : Root WebApplicationContext: initialization completed in 429 ms
2024-05-17 18:01:51.388  INFO 23845 --- [           main] o.s.b.a.e.web.EndpointLinksResolver      : Exposing 1 endpoint(s) beneath base path '/actuator'
2024-05-17 18:01:51.425  INFO 23845 --- [           main] o.s.b.w.embedded.tomcat.TomcatWebServer  : Tomcat started on port(s): 45165 (http) with context path ''
2024-05-17 18:01:51.430  INFO 23845 --- [           main] ubernetesEnabledSecretsAndConfigDisabled : Started Fabric8BootstrapConfigurationTests.KubernetesEnabledSecretsAndConfigDisabled in 1.387 seconds (JVM running for 24.274)
2024-05-17 18:01:51.441  INFO 23845 --- [WebServer 36977] okhttp3.mockwebserver.MockWebServer      : MockWebServer[36977] starting to accept connections
2024-05-17 18:01:51.446  INFO 23845 --- [WebServer 36383] okhttp3.mockwebserver.MockWebServer      : MockWebServer[36383] starting to accept connections
2024-05-17 18:01:51.446  INFO 23845 --- [           main] .b.t.c.SpringBootTestContextBootstrapper : Neither @ContextConfiguration nor @ContextHierarchy found for test class [org.springframework.cloud.kubernetes.fabric8.config.Fabric8SecretsPropertySourceLocatorRetryTests$SecretsRetryEnabled], using SpringBootContextLoader
2024-05-17 18:01:51.447  INFO 23845 --- [           main] o.s.t.c.support.AbstractContextLoader    : Could not detect default resource locations for test class [org.springframework.cloud.kubernetes.fabric8.config.Fabric8SecretsPropertySourceLocatorRetryTests$SecretsRetryEnabled]: no resource found for suffixes {-context.xml, Context.groovy}.
2024-05-17 18:01:51.449  INFO 23845 --- [           main] .b.t.c.SpringBootTestContextBootstrapper : Loaded default TestExecutionListener class names from location [META-INF/spring.factories]: [org.springframework.boot.test.mock.mockito.MockitoTestExecutionListener, org.springframework.boot.test.mock.mockito.ResetMocksTestExecutionListener, org.springframework.boot.test.autoconfigure.restdocs.RestDocsTestExecutionListener, org.springframework.boot.test.autoconfigure.web.client.MockRestServiceServerResetTestExecutionListener, org.springframework.boot.test.autoconfigure.web.servlet.MockMvcPrintOnlyOnFailureTestExecutionListener, org.springframework.boot.test.autoconfigure.web.servlet.WebDriverTestExecutionListener, org.springframework.boot.test.autoconfigure.webservices.client.MockWebServiceServerTestExecutionListener, org.springframework.test.context.web.ServletTestExecutionListener, org.springframework.test.context.support.DirtiesContextBeforeModesTestExecutionListener, org.springframework.test.context.event.ApplicationEventsTestExecutionListener, org.springframework.test.context.support.DependencyInjectionTestExecutionListener, org.springframework.test.context.support.DirtiesContextTestExecutionListener, org.springframework.test.context.transaction.TransactionalTestExecutionListener, org.springframework.test.context.jdbc.SqlScriptsTestExecutionListener, org.springframework.test.context.event.EventPublishingTestExecutionListener, org.spockframework.spring.SpringMockTestExecutionListener]
2024-05-17 18:01:51.450  INFO 23845 --- [           main] .b.t.c.SpringBootTestContextBootstrapper : Using TestExecutionListeners: [org.springframework.test.context.web.ServletTestExecutionListener@1582dfec, org.springframework.test.context.support.DirtiesContextBeforeModesTestExecutionListener@1bae8e5e, org.springframework.test.context.event.ApplicationEventsTestExecutionListener@352bccf, org.springframework.boot.test.mock.mockito.MockitoTestExecutionListener@70d3e710, org.springframework.boot.test.autoconfigure.SpringBootDependencyInjectionTestExecutionListener@732d2b59, org.springframework.test.context.support.DirtiesContextTestExecutionListener@1c1e971c, org.springframework.test.context.event.EventPublishingTestExecutionListener@abce494, org.springframework.boot.test.mock.mockito.ResetMocksTestExecutionListener@65b869b4, org.springframework.boot.test.autoconfigure.restdocs.RestDocsTestExecutionListener@7f55e1b9, org.springframework.boot.test.autoconfigure.web.client.MockRestServiceServerResetTestExecutionListener@171b3f38, org.springframework.boot.test.autoconfigure.web.servlet.MockMvcPrintOnlyOnFailureTestExecutionListener@7a6ef10b, org.springframework.boot.test.autoconfigure.web.servlet.WebDriverTestExecutionListener@5cbdc23b, org.springframework.boot.test.autoconfigure.webservices.client.MockWebServiceServerTestExecutionListener@c35b83c, org.spockframework.spring.SpringMockTestExecutionListener@4299b47d]
2024-05-17 18:01:51.487  WARN 23845 --- [           main] ubernetesProfileEnvironmentPostProcessor : Not running inside kubernetes. Skipping 'kubernetes' profile activation.
2024-05-17 18:01:51.514  INFO 23845 --- [           main] trationDelegate$BeanPostProcessorChecker : Bean 'org.springframework.retry.annotation.RetryConfiguration' of type [org.springframework.retry.annotation.RetryConfiguration] is not eligible for getting processed by all BeanPostProcessors (for example: not eligible for auto-proxying)

  .   ____          _            __ _ _
 /\\ / ___'_ __ _ _(_)_ __  __ _ \ \ \ \
( ( )\___ | '_ | '_| | '_ \/ _` | \ \ \ \
 \\/  ___)| |_)| | | | | || (_| |  ) ) ) )
  '  |____| .__|_| |_|_| |_\__, | / / / /
 =========|_|==============|___/=/_/_/_/
 :: Spring Boot ::                (v2.6.3)

2024-05-17 18:01:51.792  INFO 23845 --- [           main] s.c.k.f.c.Fabric8ConfigMapPropertySource : Loading ConfigMap with name 'application' in namespace 'default'
2024-05-17 18:01:51.891  INFO 23845 --- [127.0.0.1:49412] okhttp3.mockwebserver.MockWebServer      : MockWebServer[36977] received request: GET /api/v1/namespaces/default/configmaps/application HTTP/1.1 and responded: HTTP/1.1 404 Client Error
2024-05-17 18:01:51.893  INFO 23845 --- [           main] o.s.c.k.f.config.Fabric8ConfigUtils      : config-map with name : 'application' not present in namespace : 'default'
2024-05-17 18:01:51.893  INFO 23845 --- [           main] b.c.PropertySourceBootstrapConfiguration : Located property source: [BootstrapPropertySource {name='bootstrapProperties-configmap.application.default'}]
2024-05-17 18:01:51.894  INFO 23845 --- [           main] o.s.c.k.f.c.Fabric8SecretsPropertySource : Loading Secret with name 'my-secret' or with labels [{}] in namespace 'default'
2024-05-17 18:01:51.895  INFO 23845 --- [127.0.0.1:49412] okhttp3.mockwebserver.MockWebServer      : MockWebServer[36977] received request: GET /api/v1/namespaces/default/secrets/my-secret HTTP/1.1 and responded: HTTP/1.1 404 Client Error
2024-05-17 18:01:51.895  WARN 23845 --- [           main] o.s.c.k.f.c.Fabric8SecretsPropertySource : secret with name : my-secret in namespace : default not found
2024-05-17 18:01:51.896  INFO 23845 --- [127.0.0.1:49412] okhttp3.mockwebserver.MockWebServer      : MockWebServer[36977] received request: GET /api/v1/namespaces/default/secrets HTTP/1.1 and responded: HTTP/1.1 200 OK
2024-05-17 18:01:51.937  INFO 23845 --- [           main] b.c.PropertySourceBootstrapConfiguration : Located property source: [BootstrapPropertySource {name='bootstrapProperties-secrets.my-secret.default'}]
2024-05-17 18:01:51.939  WARN 23845 --- [           main] ubernetesProfileEnvironmentPostProcessor : Not running inside kubernetes. Skipping 'kubernetes' profile activation.
2024-05-17 18:01:51.940  INFO 23845 --- [           main] rceLocatorRetryTests$SecretsRetryEnabled : No active profile set, falling back to default profiles: default
2024-05-17 18:01:52.198  INFO 23845 --- [           main] o.s.cloud.context.scope.GenericScope     : BeanFactory id=94652287-2eb9-367e-b08b-eea09b3b2900
2024-05-17 18:01:52.555  INFO 23845 --- [           main] rceLocatorRetryTests$SecretsRetryEnabled : Started Fabric8SecretsPropertySourceLocatorRetryTests.SecretsRetryEnabled in 1.103 seconds (JVM running for 25.399)
2024-05-17 18:01:52.561  INFO 23845 --- [WebServer 39287] okhttp3.mockwebserver.MockWebServer      : MockWebServer[39287] starting to accept connections
2024-05-17 18:01:52.567  INFO 23845 --- [           main] o.s.c.k.f.c.Fabric8SecretsPropertySource : Loading Secret with name 'my-secret' or with labels [{}] in namespace 'default'
2024-05-17 18:01:52.569  INFO 23845 --- [127.0.0.1:49412] okhttp3.mockwebserver.MockWebServer      : MockWebServer[36977] received request: GET /api/v1/namespaces/default/secrets/my-secret HTTP/1.1 and responded: HTTP/1.1 200 OK
2024-05-17 18:01:52.572  INFO 23845 --- [127.0.0.1:49412] okhttp3.mockwebserver.MockWebServer      : MockWebServer[36977] received request: GET /api/v1/namespaces/default/secrets HTTP/1.1 and responded: HTTP/1.1 200 OK
2024-05-17 18:01:52.615  INFO 23845 --- [WebServer 39287] okhttp3.mockwebserver.MockWebServer      : MockWebServer[39287] done accepting connections: Socket closed
2024-05-17 18:01:52.621  INFO 23845 --- [WebServer 33073] okhttp3.mockwebserver.MockWebServer      : MockWebServer[33073] starting to accept connections
2024-05-17 18:01:52.633  INFO 23845 --- [WebServer 60475] okhttp3.mockwebserver.MockWebServer      : MockWebServer[60475] starting to accept connections
2024-05-17 18:01:52.634  INFO 23845 --- [WebServer 60475] okhttp3.mockwebserver.MockWebServer      : MockWebServer[60475] done accepting connections: Socket closed
2024-05-17 18:01:52.640  INFO 23845 --- [           main] .b.t.c.SpringBootTestContextBootstrapper : Neither @ContextConfiguration nor @ContextHierarchy found for test class [org.springframework.cloud.kubernetes.fabric8.config.CoreTestClientViaSystemProperties], using SpringBootContextLoader
2024-05-17 18:01:52.641  INFO 23845 --- [           main] o.s.t.c.support.AbstractContextLoader    : Could not detect default resource locations for test class [org.springframework.cloud.kubernetes.fabric8.config.CoreTestClientViaSystemProperties]: no resource found for suffixes {-context.xml, Context.groovy}.
2024-05-17 18:01:52.645  INFO 23845 --- [           main] .b.t.c.SpringBootTestContextBootstrapper : Loaded default TestExecutionListener class names from location [META-INF/spring.factories]: [org.springframework.boot.test.mock.mockito.MockitoTestExecutionListener, org.springframework.boot.test.mock.mockito.ResetMocksTestExecutionListener, org.springframework.boot.test.autoconfigure.restdocs.RestDocsTestExecutionListener, org.springframework.boot.test.autoconfigure.web.client.MockRestServiceServerResetTestExecutionListener, org.springframework.boot.test.autoconfigure.web.servlet.MockMvcPrintOnlyOnFailureTestExecutionListener, org.springframework.boot.test.autoconfigure.web.servlet.WebDriverTestExecutionListener, org.springframework.boot.test.autoconfigure.webservices.client.MockWebServiceServerTestExecutionListener, org.springframework.test.context.web.ServletTestExecutionListener, org.springframework.test.context.support.DirtiesContextBeforeModesTestExecutionListener, org.springframework.test.context.event.ApplicationEventsTestExecutionListener, org.springframework.test.context.support.DependencyInjectionTestExecutionListener, org.springframework.test.context.support.DirtiesContextTestExecutionListener, org.springframework.test.context.transaction.TransactionalTestExecutionListener, org.springframework.test.context.jdbc.SqlScriptsTestExecutionListener, org.springframework.test.context.event.EventPublishingTestExecutionListener, org.spockframework.spring.SpringMockTestExecutionListener]
2024-05-17 18:01:52.650  INFO 23845 --- [           main] .b.t.c.SpringBootTestContextBootstrapper : Using TestExecutionListeners: [org.springframework.test.context.web.ServletTestExecutionListener@787239f5, org.springframework.test.context.support.DirtiesContextBeforeModesTestExecutionListener@6e4e7a62, org.springframework.test.context.event.ApplicationEventsTestExecutionListener@2fdbd353, org.springframework.boot.test.mock.mockito.MockitoTestExecutionListener@492b12e5, org.springframework.boot.test.autoconfigure.SpringBootDependencyInjectionTestExecutionListener@20ff27a4, org.springframework.test.context.support.DirtiesContextTestExecutionListener@3d7fc4b3, org.springframework.test.context.event.EventPublishingTestExecutionListener@4ccfd904, org.springframework.boot.test.mock.mockito.ResetMocksTestExecutionListener@5de25642, org.springframework.boot.test.autoconfigure.restdocs.RestDocsTestExecutionListener@479885d, org.springframework.boot.test.autoconfigure.web.client.MockRestServiceServerResetTestExecutionListener@47609e3d, org.springframework.boot.test.autoconfigure.web.servlet.MockMvcPrintOnlyOnFailureTestExecutionListener@7555782c, org.springframework.boot.test.autoconfigure.web.servlet.WebDriverTestExecutionListener@3aca7082, org.springframework.boot.test.autoconfigure.webservices.client.MockWebServiceServerTestExecutionListener@72b92ce6, org.spockframework.spring.SpringMockTestExecutionListener@31ebc5fa]
2024-05-17 18:01:52.721  WARN 23845 --- [           main] ubernetesProfileEnvironmentPostProcessor : Not running inside kubernetes. Skipping 'kubernetes' profile activation.

  .   ____          _            __ _ _
 /\\ / ___'_ __ _ _(_)_ __  __ _ \ \ \ \
( ( )\___ | '_ | '_| | '_ \/ _` | \ \ \ \
 \\/  ___)| |_)| | | | | || (_| |  ) ) ) )
  '  |____| .__|_| |_|_| |_\__, | / / / /
 =========|_|==============|___/=/_/_/_/
 :: Spring Boot ::                (v2.6.3)

2024-05-17 18:01:52.786  WARN 23845 --- [           main] ubernetesProfileEnvironmentPostProcessor : Not running inside kubernetes. Skipping 'kubernetes' profile activation.
2024-05-17 18:01:52.786  INFO 23845 --- [           main] .k.f.c.CoreTestClientViaSystemProperties : No active profile set, falling back to default profiles: default
2024-05-17 18:01:53.080  INFO 23845 --- [           main] o.s.cloud.context.scope.GenericScope     : BeanFactory id=84b71cfc-8942-3f46-b1ff-f22a03fbdcf2
2024-05-17 18:01:53.492  WARN 23845 --- [           main] i.f.kubernetes.client.internal.SSLUtils  : SSL handshake failed. Falling back to insecure connection.
2024-05-17 18:01:53.493  WARN 23845 --- [           main] i.f.kubernetes.client.internal.SSLUtils  : SSL handshake failed. Falling back to insecure connection.
2024-05-17 18:01:53.699  INFO 23845 --- [           main] o.s.b.a.e.web.EndpointLinksResolver      : Exposing 1 endpoint(s) beneath base path '/actuator'
2024-05-17 18:01:53.730  INFO 23845 --- [           main] .k.f.c.CoreTestClientViaSystemProperties : Started CoreTestClientViaSystemProperties in 1.072 seconds (JVM running for 26.574)
2024-05-17 18:01:53.749  INFO 23845 --- [           main] .b.t.c.SpringBootTestContextBootstrapper : Neither @ContextConfiguration nor @ContextHierarchy found for test class [org.springframework.cloud.kubernetes.fabric8.config.MultipleConfigMapsTests], using SpringBootContextLoader
2024-05-17 18:01:53.750  INFO 23845 --- [           main] o.s.t.c.support.AbstractContextLoader    : Could not detect default resource locations for test class [org.springframework.cloud.kubernetes.fabric8.config.MultipleConfigMapsTests]: no resource found for suffixes {-context.xml, Context.groovy}.
2024-05-17 18:01:53.751  INFO 23845 --- [           main] .b.t.c.SpringBootTestContextBootstrapper : Loaded default TestExecutionListener class names from location [META-INF/spring.factories]: [org.springframework.boot.test.mock.mockito.MockitoTestExecutionListener, org.springframework.boot.test.mock.mockito.ResetMocksTestExecutionListener, org.springframework.boot.test.autoconfigure.restdocs.RestDocsTestExecutionListener, org.springframework.boot.test.autoconfigure.web.client.MockRestServiceServerResetTestExecutionListener, org.springframework.boot.test.autoconfigure.web.servlet.MockMvcPrintOnlyOnFailureTestExecutionListener, org.springframework.boot.test.autoconfigure.web.servlet.WebDriverTestExecutionListener, org.springframework.boot.test.autoconfigure.webservices.client.MockWebServiceServerTestExecutionListener, org.springframework.test.context.web.ServletTestExecutionListener, org.springframework.test.context.support.DirtiesContextBeforeModesTestExecutionListener, org.springframework.test.context.event.ApplicationEventsTestExecutionListener, org.springframework.test.context.support.DependencyInjectionTestExecutionListener, org.springframework.test.context.support.DirtiesContextTestExecutionListener, org.springframework.test.context.transaction.TransactionalTestExecutionListener, org.springframework.test.context.jdbc.SqlScriptsTestExecutionListener, org.springframework.test.context.event.EventPublishingTestExecutionListener, org.spockframework.spring.SpringMockTestExecutionListener]
2024-05-17 18:01:53.753  INFO 23845 --- [           main] .b.t.c.SpringBootTestContextBootstrapper : Using TestExecutionListeners: [org.springframework.test.context.web.ServletTestExecutionListener@5d708ef6, org.springframework.test.context.support.DirtiesContextBeforeModesTestExecutionListener@4d424aea, org.springframework.test.context.event.ApplicationEventsTestExecutionListener@7fcbb24b, org.springframework.boot.test.mock.mockito.MockitoTestExecutionListener@58b69176, org.springframework.boot.test.autoconfigure.SpringBootDependencyInjectionTestExecutionListener@1e8b3a8, org.springframework.test.context.support.DirtiesContextTestExecutionListener@5e22ac65, org.springframework.test.context.event.EventPublishingTestExecutionListener@7cd91400, org.springframework.boot.test.mock.mockito.ResetMocksTestExecutionListener@108817cc, org.springframework.boot.test.autoconfigure.restdocs.RestDocsTestExecutionListener@54398386, org.springframework.boot.test.autoconfigure.web.client.MockRestServiceServerResetTestExecutionListener@1f334ce0, org.springframework.boot.test.autoconfigure.web.servlet.MockMvcPrintOnlyOnFailureTestExecutionListener@2b7e2212, org.springframework.boot.test.autoconfigure.web.servlet.WebDriverTestExecutionListener@7b9866c6, org.springframework.boot.test.autoconfigure.webservices.client.MockWebServiceServerTestExecutionListener@6325ef80, org.spockframework.spring.SpringMockTestExecutionListener@66f4fb48]
2024-05-17 18:01:53.754  INFO 23845 --- [WebServer 35601] okhttp3.mockwebserver.MockWebServer      : MockWebServer[35601] starting to accept connections
2024-05-17 18:01:53.760  INFO 23845 --- [127.0.0.1:60942] okhttp3.mockwebserver.MockWebServer      : MockWebServer[35601] received request: POST /api/v1/namespaces/defnamespace/configmaps HTTP/1.1 and responded: HTTP/1.1 200 OK
2024-05-17 18:01:53.766  INFO 23845 --- [127.0.0.1:60942] okhttp3.mockwebserver.MockWebServer      : MockWebServer[35601] received request: POST /api/v1/namespaces/s2/configmaps HTTP/1.1 and responded: HTTP/1.1 200 OK
2024-05-17 18:01:53.812  INFO 23845 --- [127.0.0.1:60942] okhttp3.mockwebserver.MockWebServer      : MockWebServer[35601] received request: POST /api/v1/namespaces/othernamespace/configmaps HTTP/1.1 and responded: HTTP/1.1 200 OK
2024-05-17 18:01:53.914  WARN 23845 --- [           main] ubernetesProfileEnvironmentPostProcessor : Not running inside kubernetes. Skipping 'kubernetes' profile activation.

  .   ____          _            __ _ _
 /\\ / ___'_ __ _ _(_)_ __  __ _ \ \ \ \
( ( )\___ | '_ | '_| | '_ \/ _` | \ \ \ \
 \\/  ___)| |_)| | | | | || (_| |  ) ) ) )
  '  |____| .__|_| |_|_| |_\__, | / / / /
 =========|_|==============|___/=/_/_/_/
 :: Spring Boot ::                (v2.6.3)

2024-05-17 18:01:53.985  INFO 23845 --- [           main] s.c.k.f.c.Fabric8ConfigMapPropertySource : Loading ConfigMap with name 's1' in namespace 'defnamespace'
2024-05-17 18:01:53.988  INFO 23845 --- [127.0.0.1:60958] okhttp3.mockwebserver.MockWebServer      : MockWebServer[35601] received request: GET /api/v1/namespaces/defnamespace/configmaps/s1 HTTP/1.1 and responded: HTTP/1.1 200 OK
2024-05-17 18:01:53.990  INFO 23845 --- [           main] s.c.k.f.c.Fabric8ConfigMapPropertySource : Loading ConfigMap with name 'defname' in namespace 's2'
2024-05-17 18:01:53.991  INFO 23845 --- [127.0.0.1:60958] okhttp3.mockwebserver.MockWebServer      : MockWebServer[35601] received request: GET /api/v1/namespaces/s2/configmaps/defname HTTP/1.1 and responded: HTTP/1.1 200 OK
2024-05-17 18:01:54.033  INFO 23845 --- [           main] s.c.k.f.c.Fabric8ConfigMapPropertySource : Loading ConfigMap with name 'othername' in namespace 'othernamespace'
2024-05-17 18:01:54.034  INFO 23845 --- [127.0.0.1:60958] okhttp3.mockwebserver.MockWebServer      : MockWebServer[35601] received request: GET /api/v1/namespaces/othernamespace/configmaps/othername HTTP/1.1 and responded: HTTP/1.1 200 OK
2024-05-17 18:01:54.075  INFO 23845 --- [           main] b.c.PropertySourceBootstrapConfiguration : Located property source: [BootstrapPropertySource {name='bootstrapProperties-configmap.othername.othernamespace'}, BootstrapPropertySource {name='bootstrapProperties-configmap.defname.s2'}, BootstrapPropertySource {name='bootstrapProperties-configmap.s1.defnamespace'}]
2024-05-17 18:01:54.079  WARN 23845 --- [           main] ubernetesProfileEnvironmentPostProcessor : Not running inside kubernetes. Skipping 'kubernetes' profile activation.
2024-05-17 18:01:54.079  INFO 23845 --- [           main] o.s.c.k.f.c.MultipleConfigMapsTests      : No active profile set, falling back to default profiles: default
2024-05-17 18:01:54.245  INFO 23845 --- [           main] o.s.cloud.context.scope.GenericScope     : BeanFactory id=012be945-5008-354a-8a47-8e5e16a24aa5
2024-05-17 18:01:54.350  INFO 23845 --- [           main] o.s.b.w.embedded.tomcat.TomcatWebServer  : Tomcat initialized with port(s): 0 (http)
2024-05-17 18:01:54.351  INFO 23845 --- [           main] o.apache.catalina.core.StandardService   : Starting service [Tomcat]
2024-05-17 18:01:54.351  INFO 23845 --- [           main] org.apache.catalina.core.StandardEngine  : Starting Servlet engine: [Apache Tomcat/9.0.56]
2024-05-17 18:01:54.361  INFO 23845 --- [           main] o.a.c.c.C.[Tomcat-10].[localhost].[/]    : Initializing Spring embedded WebApplicationContext
2024-05-17 18:01:54.361  INFO 23845 --- [           main] w.s.c.ServletWebServerApplicationContext : Root WebApplicationContext: initialization completed in 280 ms
2024-05-17 18:01:54.952  INFO 23845 --- [           main] o.s.b.a.e.web.EndpointLinksResolver      : Exposing 1 endpoint(s) beneath base path '/actuator'
2024-05-17 18:01:54.992  INFO 23845 --- [           main] o.s.b.w.embedded.tomcat.TomcatWebServer  : Tomcat started on port(s): 41801 (http) with context path ''
2024-05-17 18:01:54.998  INFO 23845 --- [           main] o.s.c.k.f.c.MultipleConfigMapsTests      : Started MultipleConfigMapsTests in 1.143 seconds (JVM running for 27.842)
2024-05-17 18:01:55.013  INFO 23845 --- [WebServer 41489] okhttp3.mockwebserver.MockWebServer      : MockWebServer[41489] starting to accept connections
2024-05-17 18:01:55.023  INFO 23845 --- [-auto-11-exec-1] o.a.c.c.C.[Tomcat-10].[localhost].[/]    : Initializing Spring DispatcherServlet 'dispatcherServlet'
2024-05-17 18:01:55.023  INFO 23845 --- [-auto-11-exec-1] o.s.web.servlet.DispatcherServlet        : Initializing Servlet 'dispatcherServlet'
2024-05-17 18:01:55.024  INFO 23845 --- [-auto-11-exec-1] o.s.web.servlet.DispatcherServlet        : Completed initialization in 1 ms
2024-05-17 18:01:55.033  INFO 23845 --- [WebServer 41489] okhttp3.mockwebserver.MockWebServer      : MockWebServer[41489] done accepting connections: Socket closed
2024-05-17 18:01:55.038  INFO 23845 --- [WebServer 50801] okhttp3.mockwebserver.MockWebServer      : MockWebServer[50801] starting to accept connections
2024-05-17 18:01:55.040  INFO 23845 --- [WebServer 57915] okhttp3.mockwebserver.MockWebServer      : MockWebServer[57915] starting to accept connections
2024-05-17 18:01:55.041  INFO 23845 --- [           main] o.s.c.k.f.c.Fabric8SecretsPropertySource : Loading Secret with name 'my-config' or with labels [{}] in namespace 'default'
2024-05-17 18:01:55.137  INFO 23845 --- [127.0.0.1:44250] okhttp3.mockwebserver.MockWebServer      : MockWebServer[57915] received request: GET /api/v1/namespaces/default/secrets/my-config HTTP/1.1 and responded: HTTP/1.1 500 Server Error
2024-05-17 18:01:55.178  WARN 23845 --- [           main] o.s.c.k.f.c.Fabric8SecretsPropertySource : Can't read secret with name: [my-config] or labels [{}] in namespace: [default] (cause: Failure executing: GET at: https://localhost:57915/api/v1/namespaces/default/secrets/my-config. Message: Internal Server Error.). Ignoring
2024-05-17 18:01:55.179  INFO 23845 --- [WebServer 57915] okhttp3.mockwebserver.MockWebServer      : MockWebServer[57915] done accepting connections: Socket closed
2024-05-17 18:01:55.186  INFO 23845 --- [           main] .b.t.c.SpringBootTestContextBootstrapper : Neither @ContextConfiguration nor @ContextHierarchy found for test class [org.springframework.cloud.kubernetes.fabric8.config.Fabric8ActuatorTests$EnabledHealthTest], using SpringBootContextLoader
2024-05-17 18:01:55.187  INFO 23845 --- [           main] o.s.t.c.support.AbstractContextLoader    : Could not detect default resource locations for test class [org.springframework.cloud.kubernetes.fabric8.config.Fabric8ActuatorTests$EnabledHealthTest]: no resource found for suffixes {-context.xml, Context.groovy}.
2024-05-17 18:01:55.188  INFO 23845 --- [           main] .b.t.c.SpringBootTestContextBootstrapper : Loaded default TestExecutionListener class names from location [META-INF/spring.factories]: [org.springframework.boot.test.mock.mockito.MockitoTestExecutionListener, org.springframework.boot.test.mock.mockito.ResetMocksTestExecutionListener, org.springframework.boot.test.autoconfigure.restdocs.RestDocsTestExecutionListener, org.springframework.boot.test.autoconfigure.web.client.MockRestServiceServerResetTestExecutionListener, org.springframework.boot.test.autoconfigure.web.servlet.MockMvcPrintOnlyOnFailureTestExecutionListener, org.springframework.boot.test.autoconfigure.web.servlet.WebDriverTestExecutionListener, org.springframework.boot.test.autoconfigure.webservices.client.MockWebServiceServerTestExecutionListener, org.springframework.test.context.web.ServletTestExecutionListener, org.springframework.test.context.support.DirtiesContextBeforeModesTestExecutionListener, org.springframework.test.context.event.ApplicationEventsTestExecutionListener, org.springframework.test.context.support.DependencyInjectionTestExecutionListener, org.springframework.test.context.support.DirtiesContextTestExecutionListener, org.springframework.test.context.transaction.TransactionalTestExecutionListener, org.springframework.test.context.jdbc.SqlScriptsTestExecutionListener, org.springframework.test.context.event.EventPublishingTestExecutionListener, org.spockframework.spring.SpringMockTestExecutionListener]
2024-05-17 18:01:55.189  INFO 23845 --- [           main] .b.t.c.SpringBootTestContextBootstrapper : Using TestExecutionListeners: [org.springframework.test.context.web.ServletTestExecutionListener@1f4e9eee, org.springframework.test.context.support.DirtiesContextBeforeModesTestExecutionListener@aca89a3, org.springframework.test.context.event.ApplicationEventsTestExecutionListener@7122b1ff, org.springframework.boot.test.mock.mockito.MockitoTestExecutionListener@fadd58, org.springframework.boot.test.autoconfigure.SpringBootDependencyInjectionTestExecutionListener@6ba88a47, org.springframework.test.context.support.DirtiesContextTestExecutionListener@35f18100, org.springframework.test.context.event.EventPublishingTestExecutionListener@51386308, org.springframework.boot.test.mock.mockito.ResetMocksTestExecutionListener@7fe646a, org.springframework.boot.test.autoconfigure.restdocs.RestDocsTestExecutionListener@28ab3c60, org.springframework.boot.test.autoconfigure.web.client.MockRestServiceServerResetTestExecutionListener@11eb41f4, org.springframework.boot.test.autoconfigure.web.servlet.MockMvcPrintOnlyOnFailureTestExecutionListener@35950e2, org.springframework.boot.test.autoconfigure.web.servlet.WebDriverTestExecutionListener@77f0b9d7, org.springframework.boot.test.autoconfigure.webservices.client.MockWebServiceServerTestExecutionListener@6c9c375, org.spockframework.spring.SpringMockTestExecutionListener@4de6c6b9]
2024-05-17 18:01:55.228  WARN 23845 --- [           main] ubernetesProfileEnvironmentPostProcessor : Not running inside kubernetes. Skipping 'kubernetes' profile activation.

  .   ____          _            __ _ _
 /\\ / ___'_ __ _ _(_)_ __  __ _ \ \ \ \
( ( )\___ | '_ | '_| | '_ \/ _` | \ \ \ \
 \\/  ___)| |_)| | | | | || (_| |  ) ) ) )
  '  |____| .__|_| |_|_| |_\__, | / / / /
 =========|_|==============|___/=/_/_/_/
 :: Spring Boot ::                (v2.6.3)

2024-05-17 18:01:55.298  WARN 23845 --- [           main] ubernetesProfileEnvironmentPostProcessor : Not running inside kubernetes. Skipping 'kubernetes' profile activation.
2024-05-17 18:01:55.298  INFO 23845 --- [           main] c.Fabric8ActuatorTests$EnabledHealthTest : No active profile set, falling back to default profiles: default
2024-05-17 18:01:55.442  INFO 23845 --- [           main] o.s.cloud.context.scope.GenericScope     : BeanFactory id=cf6232b6-8180-3b95-aacc-818afebc75eb
2024-05-17 18:01:55.536  INFO 23845 --- [           main] o.s.b.w.embedded.tomcat.TomcatWebServer  : Tomcat initialized with port(s): 0 (http)
2024-05-17 18:01:55.536  INFO 23845 --- [           main] o.apache.catalina.core.StandardService   : Starting service [Tomcat]
2024-05-17 18:01:55.536  INFO 23845 --- [           main] org.apache.catalina.core.StandardEngine  : Starting Servlet engine: [Apache Tomcat/9.0.56]
2024-05-17 18:01:55.545  INFO 23845 --- [           main] o.a.c.c.C.[Tomcat-11].[localhost].[/]    : Initializing Spring embedded WebApplicationContext
2024-05-17 18:01:55.545  INFO 23845 --- [           main] w.s.c.ServletWebServerApplicationContext : Root WebApplicationContext: initialization completed in 246 ms
2024-05-17 18:01:56.123  INFO 23845 --- [           main] o.s.b.a.e.web.EndpointLinksResolver      : Exposing 1 endpoint(s) beneath base path '/actuator'
2024-05-17 18:01:56.158  INFO 23845 --- [           main] o.s.b.w.embedded.tomcat.TomcatWebServer  : Tomcat started on port(s): 39145 (http) with context path ''
2024-05-17 18:01:56.163  INFO 23845 --- [           main] c.Fabric8ActuatorTests$EnabledHealthTest : Started Fabric8ActuatorTests.EnabledHealthTest in 0.972 seconds (JVM running for 29.007)
2024-05-17 18:01:56.176  INFO 23845 --- [-auto-12-exec-1] o.a.c.c.C.[Tomcat-11].[localhost].[/]    : Initializing Spring DispatcherServlet 'dispatcherServlet'
2024-05-17 18:01:56.178  INFO 23845 --- [-auto-12-exec-1] o.s.web.servlet.DispatcherServlet        : Initializing Servlet 'dispatcherServlet'
2024-05-17 18:01:56.179  INFO 23845 --- [-auto-12-exec-1] o.s.web.servlet.DispatcherServlet        : Completed initialization in 1 ms
2024-05-17 18:01:56.222  INFO 23845 --- [WebServer 53165] okhttp3.mockwebserver.MockWebServer      : MockWebServer[53165] starting to accept connections
2024-05-17 18:01:56.226  INFO 23845 --- [WebServer 51937] okhttp3.mockwebserver.MockWebServer      : MockWebServer[51937] starting to accept connections
2024-05-17 18:01:56.227  INFO 23845 --- [           main] .b.t.c.SpringBootTestContextBootstrapper : Neither @ContextConfiguration nor @ContextHierarchy found for test class [org.springframework.cloud.kubernetes.fabric8.config.Fabric8SecretsPropertySourceLocatorRetryTests$SecretsRetryEnabled], using SpringBootContextLoader
2024-05-17 18:01:56.227  INFO 23845 --- [           main] o.s.t.c.support.AbstractContextLoader    : Could not detect default resource locations for test class [org.springframework.cloud.kubernetes.fabric8.config.Fabric8SecretsPropertySourceLocatorRetryTests$SecretsRetryEnabled]: no resource found for suffixes {-context.xml, Context.groovy}.
2024-05-17 18:01:56.228  INFO 23845 --- [           main] .b.t.c.SpringBootTestContextBootstrapper : Loaded default TestExecutionListener class names from location [META-INF/spring.factories]: [org.springframework.boot.test.mock.mockito.MockitoTestExecutionListener, org.springframework.boot.test.mock.mockito.ResetMocksTestExecutionListener, org.springframework.boot.test.autoconfigure.restdocs.RestDocsTestExecutionListener, org.springframework.boot.test.autoconfigure.web.client.MockRestServiceServerResetTestExecutionListener, org.springframework.boot.test.autoconfigure.web.servlet.MockMvcPrintOnlyOnFailureTestExecutionListener, org.springframework.boot.test.autoconfigure.web.servlet.WebDriverTestExecutionListener, org.springframework.boot.test.autoconfigure.webservices.client.MockWebServiceServerTestExecutionListener, org.springframework.test.context.web.ServletTestExecutionListener, org.springframework.test.context.support.DirtiesContextBeforeModesTestExecutionListener, org.springframework.test.context.event.ApplicationEventsTestExecutionListener, org.springframework.test.context.support.DependencyInjectionTestExecutionListener, org.springframework.test.context.support.DirtiesContextTestExecutionListener, org.springframework.test.context.transaction.TransactionalTestExecutionListener, org.springframework.test.context.jdbc.SqlScriptsTestExecutionListener, org.springframework.test.context.event.EventPublishingTestExecutionListener, org.spockframework.spring.SpringMockTestExecutionListener]
2024-05-17 18:01:56.230  INFO 23845 --- [           main] .b.t.c.SpringBootTestContextBootstrapper : Using TestExecutionListeners: [org.springframework.test.context.web.ServletTestExecutionListener@302d0419, org.springframework.test.context.support.DirtiesContextBeforeModesTestExecutionListener@48b3ce9b, org.springframework.test.context.event.ApplicationEventsTestExecutionListener@6b7ff02a, org.springframework.boot.test.mock.mockito.MockitoTestExecutionListener@56fdb4db, org.springframework.boot.test.autoconfigure.SpringBootDependencyInjectionTestExecutionListener@e287fd1, org.springframework.test.context.support.DirtiesContextTestExecutionListener@5839bf99, org.springframework.test.context.event.EventPublishingTestExecutionListener@4c53ea14, org.springframework.boot.test.mock.mockito.ResetMocksTestExecutionListener@77b3c429, org.springframework.boot.test.autoconfigure.restdocs.RestDocsTestExecutionListener@3aa8ebf9, org.springframework.boot.test.autoconfigure.web.client.MockRestServiceServerResetTestExecutionListener@2ff84e42, org.springframework.boot.test.autoconfigure.web.servlet.MockMvcPrintOnlyOnFailureTestExecutionListener@7ca802e3, org.springframework.boot.test.autoconfigure.web.servlet.WebDriverTestExecutionListener@15d313d3, org.springframework.boot.test.autoconfigure.webservices.client.MockWebServiceServerTestExecutionListener@68d9d5b3, org.spockframework.spring.SpringMockTestExecutionListener@5be0cb4]
2024-05-17 18:01:56.233  INFO 23845 --- [WebServer 39731] okhttp3.mockwebserver.MockWebServer      : MockWebServer[39731] starting to accept connections
2024-05-17 18:01:56.235  INFO 23845 --- [           main] o.s.c.k.f.c.Fabric8SecretsPropertySource : Loading Secret with name 'my-secret' or with labels [{}] in namespace 'default'
2024-05-17 18:01:56.236  INFO 23845 --- [127.0.0.1:49412] okhttp3.mockwebserver.MockWebServer      : MockWebServer[36977] received request: GET /api/v1/namespaces/default/secrets/my-secret HTTP/1.1 and responded: HTTP/1.1 404 Client Error
2024-05-17 18:01:56.237  WARN 23845 --- [           main] o.s.c.k.f.c.Fabric8SecretsPropertySource : secret with name : my-secret in namespace : default not found
2024-05-17 18:01:56.238  INFO 23845 --- [127.0.0.1:49412] okhttp3.mockwebserver.MockWebServer      : MockWebServer[36977] received request: GET /api/v1/namespaces/default/secrets HTTP/1.1 and responded: HTTP/1.1 200 OK
2024-05-17 18:01:56.287  INFO 23845 --- [WebServer 39731] okhttp3.mockwebserver.MockWebServer      : MockWebServer[39731] done accepting connections: Socket closed
java.lang.AssertionError: 
Expecting code to raise a throwable.
	at org.springframework.cloud.kubernetes.fabric8.config.Fabric8SecretsPropertySourceLocatorRetryTests$SecretsRetryEnabled.locateShouldRetryAndFail(Fabric8SecretsPropertySourceLocatorRetryTests.java:136)
	at sun.reflect.NativeMethodAccessorImpl.invoke0(Native Method)
	at sun.reflect.NativeMethodAccessorImpl.invoke(NativeMethodAccessorImpl.java:62)
	at sun.reflect.DelegatingMethodAccessorImpl.invoke(DelegatingMethodAccessorImpl.java:43)
	at java.lang.reflect.Method.invoke(Method.java:498)
	at org.junit.platform.commons.util.ReflectionUtils.invokeMethod(ReflectionUtils.java:725)
	at org.junit.jupiter.engine.execution.MethodInvocation.proceed(MethodInvocation.java:60)
	at org.junit.jupiter.engine.execution.InvocationInterceptorChain$ValidatingInvocation.proceed(InvocationInterceptorChain.java:131)
	at org.junit.jupiter.engine.extension.TimeoutExtension.intercept(TimeoutExtension.java:149)
	at org.junit.jupiter.engine.extension.TimeoutExtension.interceptTestableMethod(TimeoutExtension.java:140)
	at org.junit.jupiter.engine.extension.TimeoutExtension.interceptTestMethod(TimeoutExtension.java:84)
	at org.junit.jupiter.engine.execution.ExecutableInvoker$ReflectiveInterceptorCall.lambda$ofVoidMethod$0(ExecutableInvoker.java:115)
	at org.junit.jupiter.engine.execution.ExecutableInvoker.lambda$invoke$0(ExecutableInvoker.java:105)
	at org.junit.jupiter.engine.execution.InvocationInterceptorChain$InterceptedInvocation.proceed(InvocationInterceptorChain.java:106)
	at org.junit.jupiter.engine.execution.InvocationInterceptorChain.proceed(InvocationInterceptorChain.java:64)
	at org.junit.jupiter.engine.execution.InvocationInterceptorChain.chainAndInvoke(InvocationInterceptorChain.java:45)
	at org.junit.jupiter.engine.execution.InvocationInterceptorChain.invoke(InvocationInterceptorChain.java:37)
	at org.junit.jupiter.engine.execution.ExecutableInvoker.invoke(ExecutableInvoker.java:104)
	at org.junit.jupiter.engine.execution.ExecutableInvoker.invoke(ExecutableInvoker.java:98)
	at org.junit.jupiter.engine.descriptor.TestMethodTestDescriptor.lambda$invokeTestMethod$7(TestMethodTestDescriptor.java:214)
	at org.junit.platform.engine.support.hierarchical.ThrowableCollector.execute(ThrowableCollector.java:73)
	at org.junit.jupiter.engine.descriptor.TestMethodTestDescriptor.invokeTestMethod(TestMethodTestDescriptor.java:210)
	at org.junit.jupiter.engine.descriptor.TestMethodTestDescriptor.execute(TestMethodTestDescriptor.java:135)
	at org.junit.jupiter.engine.descriptor.TestMethodTestDescriptor.execute(TestMethodTestDescriptor.java:66)
	at org.junit.platform.engine.support.hierarchical.NodeTestTask.lambda$executeRecursively$6(NodeTestTask.java:151)
	at org.junit.platform.engine.support.hierarchical.ThrowableCollector.execute(ThrowableCollector.java:73)
	at org.junit.platform.engine.support.hierarchical.NodeTestTask.lambda$executeRecursively$8(NodeTestTask.java:141)
	at org.junit.platform.engine.support.hierarchical.Node.around(Node.java:137)
	at org.junit.platform.engine.support.hierarchical.NodeTestTask.lambda$executeRecursively$9(NodeTestTask.java:139)
	at org.junit.platform.engine.support.hierarchical.ThrowableCollector.execute(ThrowableCollector.java:73)
	at org.junit.platform.engine.support.hierarchical.NodeTestTask.executeRecursively(NodeTestTask.java:138)
	at org.junit.platform.engine.support.hierarchical.NodeTestTask.execute(NodeTestTask.java:95)
	at java.util.ArrayList.forEach(ArrayList.java:1259)
	at org.junit.platform.engine.support.hierarchical.SameThreadHierarchicalTestExecutorService.invokeAll(SameThreadHierarchicalTestExecutorService.java:41)
	at org.junit.platform.engine.support.hierarchical.NodeTestTask.lambda$executeRecursively$6(NodeTestTask.java:155)
	at org.junit.platform.engine.support.hierarchical.ThrowableCollector.execute(ThrowableCollector.java:73)
	at org.junit.platform.engine.support.hierarchical.NodeTestTask.lambda$executeRecursively$8(NodeTestTask.java:141)
	at org.junit.platform.engine.support.hierarchical.Node.around(Node.java:137)
	at org.junit.platform.engine.support.hierarchical.NodeTestTask.lambda$executeRecursively$9(NodeTestTask.java:139)
	at org.junit.platform.engine.support.hierarchical.ThrowableCollector.execute(ThrowableCollector.java:73)
	at org.junit.platform.engine.support.hierarchical.NodeTestTask.executeRecursively(NodeTestTask.java:138)
	at org.junit.platform.engine.support.hierarchical.NodeTestTask.execute(NodeTestTask.java:95)
	at java.util.ArrayList.forEach(ArrayList.java:1259)
	at org.junit.platform.engine.support.hierarchical.SameThreadHierarchicalTestExecutorService.invokeAll(SameThreadHierarchicalTestExecutorService.java:41)
	at org.junit.platform.engine.support.hierarchical.NodeTestTask.lambda$executeRecursively$6(NodeTestTask.java:155)
	at org.junit.platform.engine.support.hierarchical.ThrowableCollector.execute(ThrowableCollector.java:73)
	at org.junit.platform.engine.support.hierarchical.NodeTestTask.lambda$executeRecursively$8(NodeTestTask.java:141)
	at org.junit.platform.engine.support.hierarchical.Node.around(Node.java:137)
	at org.junit.platform.engine.support.hierarchical.NodeTestTask.lambda$executeRecursively$9(NodeTestTask.java:139)
	at org.junit.platform.engine.support.hierarchical.ThrowableCollector.execute(ThrowableCollector.java:73)
	at org.junit.platform.engine.support.hierarchical.NodeTestTask.executeRecursively(NodeTestTask.java:138)
	at org.junit.platform.engine.support.hierarchical.NodeTestTask.execute(NodeTestTask.java:95)
	at java.util.ArrayList.forEach(ArrayList.java:1259)
	at org.junit.platform.engine.support.hierarchical.SameThreadHierarchicalTestExecutorService.invokeAll(SameThreadHierarchicalTestExecutorService.java:41)
	at org.junit.platform.engine.support.hierarchical.NodeTestTask.lambda$executeRecursively$6(NodeTestTask.java:155)
	at org.junit.platform.engine.support.hierarchical.ThrowableCollector.execute(ThrowableCollector.java:73)
	at org.junit.platform.engine.support.hierarchical.NodeTestTask.lambda$executeRecursively$8(NodeTestTask.java:141)
	at org.junit.platform.engine.support.hierarchical.Node.around(Node.java:137)
	at org.junit.platform.engine.support.hierarchical.NodeTestTask.lambda$executeRecursively$9(NodeTestTask.java:139)
	at org.junit.platform.engine.support.hierarchical.ThrowableCollector.execute(ThrowableCollector.java:73)
	at org.junit.platform.engine.support.hierarchical.NodeTestTask.executeRecursively(NodeTestTask.java:138)
	at org.junit.platform.engine.support.hierarchical.NodeTestTask.execute(NodeTestTask.java:95)
	at org.junit.platform.engine.support.hierarchical.SameThreadHierarchicalTestExecutorService.submit(SameThreadHierarchicalTestExecutorService.java:35)
	at org.junit.platform.engine.support.hierarchical.HierarchicalTestExecutor.execute(HierarchicalTestExecutor.java:57)
	at org.junit.platform.engine.support.hierarchical.HierarchicalTestEngine.execute(HierarchicalTestEngine.java:54)
	at org.junit.platform.launcher.core.DefaultLauncher.execute(DefaultLauncher.java:170)
	at org.junit.platform.launcher.core.DefaultLauncher.execute(DefaultLauncher.java:154)
	at org.junit.platform.launcher.core.DefaultLauncher.execute(DefaultLauncher.java:90)
	at edu.illinois.cs.testrunner.execution.JUnit5TestExecutor.runTestsSeparately(JUnit5TestExecutor.java:40)
	at edu.illinois.cs.testrunner.execution.Executor$.$anonfun$run$1(Executor.scala:33)
	at scala.runtime.java8.JFunction0$mcV$sp.apply(JFunction0$mcV$sp.java:12)
	at scala.util.Try$.apply(Try.scala:209)
	at edu.illinois.cs.testrunner.execution.Executor$.run(Executor.scala:28)
	at edu.illinois.cs.testrunner.execution.Executor$.main(Executor.scala:18)
	at edu.illinois.cs.testrunner.execution.Executor.main(Executor.scala)
2024-05-17 18:01:56.294  INFO 23845 --- [WebServer 47543] okhttp3.mockwebserver.MockWebServer      : MockWebServer[47543] starting to accept connections
2024-05-17 18:01:56.296  INFO 23845 --- [WebServer 40941] okhttp3.mockwebserver.MockWebServer      : MockWebServer[40941] starting to accept connections
2024-05-17 18:01:56.344  WARN 23845 --- [           main] ubernetesProfileEnvironmentPostProcessor : Not running inside kubernetes. Skipping 'kubernetes' profile activation.

  .   ____          _            __ _ _
 /\\ / ___'_ __ _ _(_)_ __  __ _ \ \ \ \
( ( )\___ | '_ | '_| | '_ \/ _` | \ \ \ \
 \\/  ___)| |_)| | | | | || (_| |  ) ) ) )
  '  |____| .__|_| |_|_| |_\__, | / / / /
 =========|_|==============|___/=/_/_/_/
 :: Spring Boot ::                (v2.6.3)

2024-05-17 18:01:56.401  INFO 23845 --- [           main] s.c.k.f.c.Fabric8ConfigMapPropertySource : Loading ConfigMap with name 'application' in namespace 'default'
2024-05-17 18:01:56.497  INFO 23845 --- [127.0.0.1:46392] okhttp3.mockwebserver.MockWebServer      : MockWebServer[53165] received request: GET /api/v1/namespaces/default/configmaps/application HTTP/1.1 and responded: HTTP/1.1 404 Client Error
2024-05-17 18:01:56.504  INFO 23845 --- [           main] o.s.c.k.f.config.Fabric8ConfigUtils      : config-map with name : 'application' not present in namespace : 'default'
2024-05-17 18:01:56.505  INFO 23845 --- [           main] b.c.PropertySourceBootstrapConfiguration : Located property source: [BootstrapPropertySource {name='bootstrapProperties-configmap.application.default'}]
2024-05-17 18:01:56.509  WARN 23845 --- [           main] ubernetesProfileEnvironmentPostProcessor : Not running inside kubernetes. Skipping 'kubernetes' profile activation.
2024-05-17 18:01:56.510  INFO 23845 --- [           main] e.i.cs.testrunner.execution.Executor$    : No active profile set, falling back to default profiles: default
2024-05-17 18:01:56.548  INFO 23845 --- [           main] o.s.cloud.context.scope.GenericScope     : BeanFactory id=9e8f334d-ea3e-3bac-a635-d33d7314ddc7
2024-05-17 18:01:56.554  INFO 23845 --- [           main] e.i.cs.testrunner.execution.Executor$    : Started Executor. in 0.256 seconds (JVM running for 29.397)
2024-05-17 18:01:56.555  INFO 23845 --- [WebServer 40941] okhttp3.mockwebserver.MockWebServer      : MockWebServer[40941] done accepting connections: Socket closed
2024-05-17 18:01:56.559  INFO 23845 --- [           main] .b.t.c.SpringBootTestContextBootstrapper : Neither @ContextConfiguration nor @ContextHierarchy found for test class [org.springframework.cloud.kubernetes.fabric8.config.Fabric8BootstrapConfigurationTests$KubernetesEnabledConfigDisabled], using SpringBootContextLoader
2024-05-17 18:01:56.560  INFO 23845 --- [           main] o.s.t.c.support.AbstractContextLoader    : Could not detect default resource locations for test class [org.springframework.cloud.kubernetes.fabric8.config.Fabric8BootstrapConfigurationTests$KubernetesEnabledConfigDisabled]: no resource found for suffixes {-context.xml, Context.groovy}.
2024-05-17 18:01:56.562  INFO 23845 --- [           main] .b.t.c.SpringBootTestContextBootstrapper : Loaded default TestExecutionListener class names from location [META-INF/spring.factories]: [org.springframework.boot.test.mock.mockito.MockitoTestExecutionListener, org.springframework.boot.test.mock.mockito.ResetMocksTestExecutionListener, org.springframework.boot.test.autoconfigure.restdocs.RestDocsTestExecutionListener, org.springframework.boot.test.autoconfigure.web.client.MockRestServiceServerResetTestExecutionListener, org.springframework.boot.test.autoconfigure.web.servlet.MockMvcPrintOnlyOnFailureTestExecutionListener, org.springframework.boot.test.autoconfigure.web.servlet.WebDriverTestExecutionListener, org.springframework.boot.test.autoconfigure.webservices.client.MockWebServiceServerTestExecutionListener, org.springframework.test.context.web.ServletTestExecutionListener, org.springframework.test.context.support.DirtiesContextBeforeModesTestExecutionListener, org.springframework.test.context.event.ApplicationEventsTestExecutionListener, org.springframework.test.context.support.DependencyInjectionTestExecutionListener, org.springframework.test.context.support.DirtiesContextTestExecutionListener, org.springframework.test.context.transaction.TransactionalTestExecutionListener, org.springframework.test.context.jdbc.SqlScriptsTestExecutionListener, org.springframework.test.context.event.EventPublishingTestExecutionListener, org.spockframework.spring.SpringMockTestExecutionListener]
2024-05-17 18:01:56.563  INFO 23845 --- [           main] .b.t.c.SpringBootTestContextBootstrapper : Using TestExecutionListeners: [org.springframework.test.context.web.ServletTestExecutionListener@446dcab3, org.springframework.test.context.support.DirtiesContextBeforeModesTestExecutionListener@5b95557f, org.springframework.test.context.event.ApplicationEventsTestExecutionListener@1253fada, org.springframework.boot.test.mock.mockito.MockitoTestExecutionListener@3cc135a9, org.springframework.boot.test.autoconfigure.SpringBootDependencyInjectionTestExecutionListener@165348d0, org.springframework.test.context.support.DirtiesContextTestExecutionListener@679cd9c8, org.springframework.test.context.event.EventPublishingTestExecutionListener@6a146acb, org.springframework.boot.test.mock.mockito.ResetMocksTestExecutionListener@5fcd665d, org.springframework.boot.test.autoconfigure.restdocs.RestDocsTestExecutionListener@5354b0bc, org.springframework.boot.test.autoconfigure.web.client.MockRestServiceServerResetTestExecutionListener@52076187, org.springframework.boot.test.autoconfigure.web.servlet.MockMvcPrintOnlyOnFailureTestExecutionListener@1b0c0b3e, org.springframework.boot.test.autoconfigure.web.servlet.WebDriverTestExecutionListener@2fc7698c, org.springframework.boot.test.autoconfigure.webservices.client.MockWebServiceServerTestExecutionListener@5960fd98, org.spockframework.spring.SpringMockTestExecutionListener@3082b46a]
2024-05-17 18:01:56.610  WARN 23845 --- [           main] ubernetesProfileEnvironmentPostProcessor : Not running inside kubernetes. Skipping 'kubernetes' profile activation.

  .   ____          _            __ _ _
 /\\ / ___'_ __ _ _(_)_ __  __ _ \ \ \ \
( ( )\___ | '_ | '_| | '_ \/ _` | \ \ \ \
 \\/  ___)| |_)| | | | | || (_| |  ) ) ) )
  '  |____| .__|_| |_|_| |_\__, | / / / /
 =========|_|==============|___/=/_/_/_/
 :: Spring Boot ::                (v2.6.3)

2024-05-17 18:01:56.672  WARN 23845 --- [           main] ubernetesProfileEnvironmentPostProcessor : Not running inside kubernetes. Skipping 'kubernetes' profile activation.
2024-05-17 18:01:56.672  INFO 23845 --- [           main] ionTests$KubernetesEnabledConfigDisabled : No active profile set, falling back to default profiles: default
2024-05-17 18:01:56.986  INFO 23845 --- [           main] o.s.cloud.context.scope.GenericScope     : BeanFactory id=c633168c-f5dc-39ae-b0b9-99689feeff1d
2024-05-17 18:01:57.074  INFO 23845 --- [           main] o.s.b.w.embedded.tomcat.TomcatWebServer  : Tomcat initialized with port(s): 0 (http)
2024-05-17 18:01:57.075  INFO 23845 --- [           main] o.apache.catalina.core.StandardService   : Starting service [Tomcat]
2024-05-17 18:01:57.075  INFO 23845 --- [           main] org.apache.catalina.core.StandardEngine  : Starting Servlet engine: [Apache Tomcat/9.0.56]
2024-05-17 18:01:57.084  INFO 23845 --- [           main] o.a.c.c.C.[Tomcat-12].[localhost].[/]    : Initializing Spring embedded WebApplicationContext
2024-05-17 18:01:57.084  INFO 23845 --- [           main] w.s.c.ServletWebServerApplicationContext : Root WebApplicationContext: initialization completed in 411 ms
2024-05-17 18:01:57.647  INFO 23845 --- [           main] o.s.b.a.e.web.EndpointLinksResolver      : Exposing 1 endpoint(s) beneath base path '/actuator'
2024-05-17 18:01:57.687  INFO 23845 --- [           main] o.s.b.w.embedded.tomcat.TomcatWebServer  : Tomcat started on port(s): 35241 (http) with context path ''
2024-05-17 18:01:57.692  INFO 23845 --- [           main] ionTests$KubernetesEnabledConfigDisabled : Started Fabric8BootstrapConfigurationTests.KubernetesEnabledConfigDisabled in 1.127 seconds (JVM running for 30.536)
2024-05-17 18:01:57.705  INFO 23845 --- [WebServer 50379] okhttp3.mockwebserver.MockWebServer      : MockWebServer[50379] starting to accept connections
2024-05-17 18:01:57.710  INFO 23845 --- [WebServer 48699] okhttp3.mockwebserver.MockWebServer      : MockWebServer[48699] starting to accept connections
2024-05-17 18:01:57.710  INFO 23845 --- [           main] o.s.c.k.f.c.Fabric8SecretsPropertySource : Loading Secret with name 'my-config' or with labels [{}] in namespace 'default'
2024-05-17 18:01:57.805  INFO 23845 --- [127.0.0.1:38280] okhttp3.mockwebserver.MockWebServer      : MockWebServer[50379] received request: GET /api/v1/namespaces/default/secrets/my-config HTTP/1.1 and responded: HTTP/1.1 500 Server Error
2024-05-17 18:01:57.849  INFO 23845 --- [WebServer 48699] okhttp3.mockwebserver.MockWebServer      : MockWebServer[48699] done accepting connections: Socket closed
2024-05-17 18:01:57.855  INFO 23845 --- [           main] .b.t.c.SpringBootTestContextBootstrapper : Neither @ContextConfiguration nor @ContextHierarchy found for test class [org.springframework.cloud.kubernetes.fabric8.config.ConfigMapWithIncludeProfileSpecificSourcesTests], using SpringBootContextLoader
2024-05-17 18:01:57.857  INFO 23845 --- [           main] o.s.t.c.support.AbstractContextLoader    : Could not detect default resource locations for test class [org.springframework.cloud.kubernetes.fabric8.config.ConfigMapWithIncludeProfileSpecificSourcesTests]: no resource found for suffixes {-context.xml, Context.groovy}.
2024-05-17 18:01:57.862  INFO 23845 --- [           main] .b.t.c.SpringBootTestContextBootstrapper : Loaded default TestExecutionListener class names from location [META-INF/spring.factories]: [org.springframework.boot.test.mock.mockito.MockitoTestExecutionListener, org.springframework.boot.test.mock.mockito.ResetMocksTestExecutionListener, org.springframework.boot.test.autoconfigure.restdocs.RestDocsTestExecutionListener, org.springframework.boot.test.autoconfigure.web.client.MockRestServiceServerResetTestExecutionListener, org.springframework.boot.test.autoconfigure.web.servlet.MockMvcPrintOnlyOnFailureTestExecutionListener, org.springframework.boot.test.autoconfigure.web.servlet.WebDriverTestExecutionListener, org.springframework.boot.test.autoconfigure.webservices.client.MockWebServiceServerTestExecutionListener, org.springframework.test.context.web.ServletTestExecutionListener, org.springframework.test.context.support.DirtiesContextBeforeModesTestExecutionListener, org.springframework.test.context.event.ApplicationEventsTestExecutionListener, org.springframework.test.context.support.DependencyInjectionTestExecutionListener, org.springframework.test.context.support.DirtiesContextTestExecutionListener, org.springframework.test.context.transaction.TransactionalTestExecutionListener, org.springframework.test.context.jdbc.SqlScriptsTestExecutionListener, org.springframework.test.context.event.EventPublishingTestExecutionListener, org.spockframework.spring.SpringMockTestExecutionListener]
2024-05-17 18:01:57.865  INFO 23845 --- [           main] .b.t.c.SpringBootTestContextBootstrapper : Using TestExecutionListeners: [org.springframework.test.context.web.ServletTestExecutionListener@12ad2a0b, org.springframework.test.context.support.DirtiesContextBeforeModesTestExecutionListener@1500c6e7, org.springframework.test.context.event.ApplicationEventsTestExecutionListener@413d15d5, org.springframework.boot.test.mock.mockito.MockitoTestExecutionListener@5ffac740, org.springframework.boot.test.autoconfigure.SpringBootDependencyInjectionTestExecutionListener@247c43c6, org.springframework.test.context.support.DirtiesContextTestExecutionListener@37d88e50, org.springframework.test.context.event.EventPublishingTestExecutionListener@1ee2b6c3, org.springframework.boot.test.mock.mockito.ResetMocksTestExecutionListener@17abb298, org.springframework.boot.test.autoconfigure.restdocs.RestDocsTestExecutionListener@510fb1d8, org.springframework.boot.test.autoconfigure.web.client.MockRestServiceServerResetTestExecutionListener@22d61fa7, org.springframework.boot.test.autoconfigure.web.servlet.MockMvcPrintOnlyOnFailureTestExecutionListener@2989e190, org.springframework.boot.test.autoconfigure.web.servlet.WebDriverTestExecutionListener@637ca94b, org.springframework.boot.test.autoconfigure.webservices.client.MockWebServiceServerTestExecutionListener@4fd1458d, org.spockframework.spring.SpringMockTestExecutionListener@5d6850f7]
2024-05-17 18:01:57.870  INFO 23845 --- [WebServer 34737] okhttp3.mockwebserver.MockWebServer      : MockWebServer[34737] starting to accept connections
2024-05-17 18:01:57.879  INFO 23845 --- [127.0.0.1:39062] okhttp3.mockwebserver.MockWebServer      : MockWebServer[34737] received request: POST /api/v1/namespaces/spring-k8s/configmaps HTTP/1.1 and responded: HTTP/1.1 200 OK
2024-05-17 18:01:57.886  INFO 23845 --- [127.0.0.1:39062] okhttp3.mockwebserver.MockWebServer      : MockWebServer[34737] received request: POST /api/v1/namespaces/spring-k8s/configmaps HTTP/1.1 and responded: HTTP/1.1 200 OK
2024-05-17 18:01:57.934  INFO 23845 --- [127.0.0.1:39062] okhttp3.mockwebserver.MockWebServer      : MockWebServer[34737] received request: POST /api/v1/namespaces/spring-k8s/configmaps HTTP/1.1 and responded: HTTP/1.1 200 OK
2024-05-17 18:01:57.982  INFO 23845 --- [127.0.0.1:39062] okhttp3.mockwebserver.MockWebServer      : MockWebServer[34737] received request: POST /api/v1/namespaces/spring-k8s/configmaps HTTP/1.1 and responded: HTTP/1.1 200 OK
2024-05-17 18:01:58.033  INFO 23845 --- [127.0.0.1:39062] okhttp3.mockwebserver.MockWebServer      : MockWebServer[34737] received request: POST /api/v1/namespaces/spring-k8s/configmaps HTTP/1.1 and responded: HTTP/1.1 200 OK
2024-05-17 18:01:58.083  INFO 23845 --- [WebServer 50987] okhttp3.mockwebserver.MockWebServer      : MockWebServer[50987] starting to accept connections
2024-05-17 18:01:58.115  INFO 23845 --- [WebServer 50987] okhttp3.mockwebserver.MockWebServer      : MockWebServer[50987] done accepting connections: Socket closed
2024-05-17 18:01:58.124  INFO 23845 --- [           main] .b.t.c.SpringBootTestContextBootstrapper : Neither @ContextConfiguration nor @ContextHierarchy found for test class [org.springframework.cloud.kubernetes.fabric8.config.MultipleSecretsTests], using SpringBootContextLoader
2024-05-17 18:01:58.125  INFO 23845 --- [           main] o.s.t.c.support.AbstractContextLoader    : Could not detect default resource locations for test class [org.springframework.cloud.kubernetes.fabric8.config.MultipleSecretsTests]: no resource found for suffixes {-context.xml, Context.groovy}.
2024-05-17 18:01:58.127  INFO 23845 --- [           main] .b.t.c.SpringBootTestContextBootstrapper : Loaded default TestExecutionListener class names from location [META-INF/spring.factories]: [org.springframework.boot.test.mock.mockito.MockitoTestExecutionListener, org.springframework.boot.test.mock.mockito.ResetMocksTestExecutionListener, org.springframework.boot.test.autoconfigure.restdocs.RestDocsTestExecutionListener, org.springframework.boot.test.autoconfigure.web.client.MockRestServiceServerResetTestExecutionListener, org.springframework.boot.test.autoconfigure.web.servlet.MockMvcPrintOnlyOnFailureTestExecutionListener, org.springframework.boot.test.autoconfigure.web.servlet.WebDriverTestExecutionListener, org.springframework.boot.test.autoconfigure.webservices.client.MockWebServiceServerTestExecutionListener, org.springframework.test.context.web.ServletTestExecutionListener, org.springframework.test.context.support.DirtiesContextBeforeModesTestExecutionListener, org.springframework.test.context.event.ApplicationEventsTestExecutionListener, org.springframework.test.context.support.DependencyInjectionTestExecutionListener, org.springframework.test.context.support.DirtiesContextTestExecutionListener, org.springframework.test.context.transaction.TransactionalTestExecutionListener, org.springframework.test.context.jdbc.SqlScriptsTestExecutionListener, org.springframework.test.context.event.EventPublishingTestExecutionListener, org.spockframework.spring.SpringMockTestExecutionListener]
2024-05-17 18:01:58.129  INFO 23845 --- [           main] .b.t.c.SpringBootTestContextBootstrapper : Using TestExecutionListeners: [org.springframework.test.context.web.ServletTestExecutionListener@5440942, org.springframework.test.context.support.DirtiesContextBeforeModesTestExecutionListener@18aa9b83, org.springframework.test.context.event.ApplicationEventsTestExecutionListener@265b52b7, org.springframework.boot.test.mock.mockito.MockitoTestExecutionListener@7e58471, org.springframework.boot.test.autoconfigure.SpringBootDependencyInjectionTestExecutionListener@22ce83d6, org.springframework.test.context.support.DirtiesContextTestExecutionListener@6e74628f, org.springframework.test.context.event.EventPublishingTestExecutionListener@12464b1c, org.springframework.boot.test.mock.mockito.ResetMocksTestExecutionListener@392b9329, org.springframework.boot.test.autoconfigure.restdocs.RestDocsTestExecutionListener@6f2d77e9, org.springframework.boot.test.autoconfigure.web.client.MockRestServiceServerResetTestExecutionListener@22801099, org.springframework.boot.test.autoconfigure.web.servlet.MockMvcPrintOnlyOnFailureTestExecutionListener@23ea17e, org.springframework.boot.test.autoconfigure.web.servlet.WebDriverTestExecutionListener@67e9d8cb, org.springframework.boot.test.autoconfigure.webservices.client.MockWebServiceServerTestExecutionListener@63ff69e0, org.spockframework.spring.SpringMockTestExecutionListener@41d9b9de]
2024-05-17 18:01:58.131  INFO 23845 --- [WebServer 37637] okhttp3.mockwebserver.MockWebServer      : MockWebServer[37637] starting to accept connections
2024-05-17 18:01:58.135  INFO 23845 --- [127.0.0.1:60994] okhttp3.mockwebserver.MockWebServer      : MockWebServer[37637] received request: POST /api/v1/namespaces/ns1/secrets HTTP/1.1 and responded: HTTP/1.1 200 OK
2024-05-17 18:01:58.140  INFO 23845 --- [127.0.0.1:60994] okhttp3.mockwebserver.MockWebServer      : MockWebServer[37637] received request: POST /api/v1/namespaces/ns2/secrets HTTP/1.1 and responded: HTTP/1.1 200 OK
2024-05-17 18:01:58.236  WARN 23845 --- [           main] ubernetesProfileEnvironmentPostProcessor : Not running inside kubernetes. Skipping 'kubernetes' profile activation.

  .   ____          _            __ _ _
 /\\ / ___'_ __ _ _(_)_ __  __ _ \ \ \ \
( ( )\___ | '_ | '_| | '_ \/ _` | \ \ \ \
 \\/  ___)| |_)| | | | | || (_| |  ) ) ) )
  '  |____| .__|_| |_|_| |_\__, | / / / /
 =========|_|==============|___/=/_/_/_/
 :: Spring Boot ::                (v2.6.3)

2024-05-17 18:01:58.310  INFO 23845 --- [           main] s.c.k.f.c.Fabric8ConfigMapPropertySource : Loading ConfigMap with name 'secret-example' in namespace 'ns1'
2024-05-17 18:01:58.313  INFO 23845 --- [127.0.0.1:32768] okhttp3.mockwebserver.MockWebServer      : MockWebServer[37637] received request: GET /api/v1/namespaces/ns1/configmaps/secret-example HTTP/1.1 and responded: HTTP/1.1 404 Client Error
2024-05-17 18:01:58.316  INFO 23845 --- [           main] o.s.c.k.f.config.Fabric8ConfigUtils      : config-map with name : 'secret-example' not present in namespace : 'ns1'
2024-05-17 18:01:58.316  INFO 23845 --- [           main] b.c.PropertySourceBootstrapConfiguration : Located property source: [BootstrapPropertySource {name='bootstrapProperties-configmap.secret-example.ns1'}]
2024-05-17 18:01:58.317  INFO 23845 --- [           main] o.s.c.k.f.c.Fabric8SecretsPropertySource : Loading Secret with name 'name2' or with labels [{0.env=dev2, 1.version=2.0}] in namespace 'ns2'
2024-05-17 18:01:58.318  INFO 23845 --- [127.0.0.1:32768] okhttp3.mockwebserver.MockWebServer      : MockWebServer[37637] received request: GET /api/v1/namespaces/ns2/secrets/name2 HTTP/1.1 and responded: HTTP/1.1 200 OK
2024-05-17 18:01:58.362  INFO 23845 --- [127.0.0.1:32768] okhttp3.mockwebserver.MockWebServer      : MockWebServer[37637] received request: GET /api/v1/namespaces/ns2/secrets?labelSelector=0.env%3Ddev2%2C1.version%3D2.0 HTTP/1.1 and responded: HTTP/1.1 200 OK
2024-05-17 18:01:58.404  INFO 23845 --- [           main] o.s.c.k.f.c.Fabric8SecretsPropertySource : Loading Secret with name 'name1' or with labels [{0.env=env1, 1.version=1.0}] in namespace 'ns1'
2024-05-17 18:01:58.405  INFO 23845 --- [127.0.0.1:32768] okhttp3.mockwebserver.MockWebServer      : MockWebServer[37637] received request: GET /api/v1/namespaces/ns1/secrets/name1 HTTP/1.1 and responded: HTTP/1.1 200 OK
2024-05-17 18:01:58.451  INFO 23845 --- [127.0.0.1:32768] okhttp3.mockwebserver.MockWebServer      : MockWebServer[37637] received request: GET /api/v1/namespaces/ns1/secrets?labelSelector=0.env%3Denv1%2C1.version%3D1.0 HTTP/1.1 and responded: HTTP/1.1 200 OK
2024-05-17 18:01:58.491  INFO 23845 --- [           main] b.c.PropertySourceBootstrapConfiguration : Located property source: [BootstrapPropertySource {name='bootstrapProperties-secrets.name2.ns2'}, BootstrapPropertySource {name='bootstrapProperties-secrets.name1.ns1'}]
2024-05-17 18:01:58.500  WARN 23845 --- [           main] ubernetesProfileEnvironmentPostProcessor : Not running inside kubernetes. Skipping 'kubernetes' profile activation.
2024-05-17 18:01:58.501  INFO 23845 --- [           main] o.s.c.k.f.config.MultipleSecretsTests    : No active profile set, falling back to default profiles: default
2024-05-17 18:01:58.659  INFO 23845 --- [           main] o.s.cloud.context.scope.GenericScope     : BeanFactory id=d892432b-60e7-3516-91cd-00a010d0f3f7
2024-05-17 18:01:58.754  INFO 23845 --- [           main] o.s.b.w.embedded.tomcat.TomcatWebServer  : Tomcat initialized with port(s): 0 (http)
2024-05-17 18:01:58.755  INFO 23845 --- [           main] o.apache.catalina.core.StandardService   : Starting service [Tomcat]
2024-05-17 18:01:58.756  INFO 23845 --- [           main] org.apache.catalina.core.StandardEngine  : Starting Servlet engine: [Apache Tomcat/9.0.56]
2024-05-17 18:01:58.776  INFO 23845 --- [           main] o.a.c.c.C.[Tomcat-13].[localhost].[/]    : Initializing Spring embedded WebApplicationContext
2024-05-17 18:01:58.776  INFO 23845 --- [           main] w.s.c.ServletWebServerApplicationContext : Root WebApplicationContext: initialization completed in 273 ms
2024-05-17 18:01:59.313  INFO 23845 --- [           main] o.s.b.a.e.web.EndpointLinksResolver      : Exposing 1 endpoint(s) beneath base path '/actuator'
2024-05-17 18:01:59.347  INFO 23845 --- [           main] o.s.b.w.embedded.tomcat.TomcatWebServer  : Tomcat started on port(s): 38889 (http) with context path ''
2024-05-17 18:01:59.352  INFO 23845 --- [           main] o.s.c.k.f.config.MultipleSecretsTests    : Started MultipleSecretsTests in 1.169 seconds (JVM running for 32.196)
2024-05-17 18:01:59.362  INFO 23845 --- [WebServer 50269] okhttp3.mockwebserver.MockWebServer      : MockWebServer[50269] starting to accept connections
2024-05-17 18:01:59.370  INFO 23845 --- [-auto-14-exec-1] o.a.c.c.C.[Tomcat-13].[localhost].[/]    : Initializing Spring DispatcherServlet 'dispatcherServlet'
2024-05-17 18:01:59.370  INFO 23845 --- [-auto-14-exec-1] o.s.web.servlet.DispatcherServlet        : Initializing Servlet 'dispatcherServlet'
2024-05-17 18:01:59.371  INFO 23845 --- [-auto-14-exec-1] o.s.web.servlet.DispatcherServlet        : Completed initialization in 1 ms
2024-05-17 18:01:59.379  INFO 23845 --- [WebServer 50269] okhttp3.mockwebserver.MockWebServer      : MockWebServer[50269] done accepting connections: Socket closed
2024-05-17 18:01:59.382  INFO 23845 --- [           main] .b.t.c.SpringBootTestContextBootstrapper : Neither @ContextConfiguration nor @ContextHierarchy found for test class [org.springframework.cloud.kubernetes.fabric8.config.ConfigMapsMixedTests], using SpringBootContextLoader
2024-05-17 18:01:59.383  INFO 23845 --- [           main] o.s.t.c.support.AbstractContextLoader    : Could not detect default resource locations for test class [org.springframework.cloud.kubernetes.fabric8.config.ConfigMapsMixedTests]: no resource found for suffixes {-context.xml, Context.groovy}.
2024-05-17 18:01:59.384  INFO 23845 --- [           main] .b.t.c.SpringBootTestContextBootstrapper : Loaded default TestExecutionListener class names from location [META-INF/spring.factories]: [org.springframework.boot.test.mock.mockito.MockitoTestExecutionListener, org.springframework.boot.test.mock.mockito.ResetMocksTestExecutionListener, org.springframework.boot.test.autoconfigure.restdocs.RestDocsTestExecutionListener, org.springframework.boot.test.autoconfigure.web.client.MockRestServiceServerResetTestExecutionListener, org.springframework.boot.test.autoconfigure.web.servlet.MockMvcPrintOnlyOnFailureTestExecutionListener, org.springframework.boot.test.autoconfigure.web.servlet.WebDriverTestExecutionListener, org.springframework.boot.test.autoconfigure.webservices.client.MockWebServiceServerTestExecutionListener, org.springframework.test.context.web.ServletTestExecutionListener, org.springframework.test.context.support.DirtiesContextBeforeModesTestExecutionListener, org.springframework.test.context.event.ApplicationEventsTestExecutionListener, org.springframework.test.context.support.DependencyInjectionTestExecutionListener, org.springframework.test.context.support.DirtiesContextTestExecutionListener, org.springframework.test.context.transaction.TransactionalTestExecutionListener, org.springframework.test.context.jdbc.SqlScriptsTestExecutionListener, org.springframework.test.context.event.EventPublishingTestExecutionListener, org.spockframework.spring.SpringMockTestExecutionListener]
2024-05-17 18:01:59.386  INFO 23845 --- [           main] .b.t.c.SpringBootTestContextBootstrapper : Using TestExecutionListeners: [org.springframework.test.context.web.ServletTestExecutionListener@74cc8c55, org.springframework.test.context.support.DirtiesContextBeforeModesTestExecutionListener@64b05928, org.springframework.test.context.event.ApplicationEventsTestExecutionListener@ba59da9, org.springframework.boot.test.mock.mockito.MockitoTestExecutionListener@1775ff4a, org.springframework.boot.test.autoconfigure.SpringBootDependencyInjectionTestExecutionListener@7cb77d5, org.springframework.test.context.support.DirtiesContextTestExecutionListener@61d4171d, org.springframework.test.context.event.EventPublishingTestExecutionListener@463b865b, org.springframework.boot.test.mock.mockito.ResetMocksTestExecutionListener@7e0cbe79, org.springframework.boot.test.autoconfigure.restdocs.RestDocsTestExecutionListener@22251bb2, org.springframework.boot.test.autoconfigure.web.client.MockRestServiceServerResetTestExecutionListener@63888c14, org.springframework.boot.test.autoconfigure.web.servlet.MockMvcPrintOnlyOnFailureTestExecutionListener@799bc760, org.springframework.boot.test.autoconfigure.web.servlet.WebDriverTestExecutionListener@627f515c, org.springframework.boot.test.autoconfigure.webservices.client.MockWebServiceServerTestExecutionListener@688d3e2a, org.spockframework.spring.SpringMockTestExecutionListener@4fc2e703]
2024-05-17 18:01:59.388  INFO 23845 --- [WebServer 60099] okhttp3.mockwebserver.MockWebServer      : MockWebServer[60099] starting to accept connections
2024-05-17 18:01:59.392  INFO 23845 --- [127.0.0.1:37198] okhttp3.mockwebserver.MockWebServer      : MockWebServer[60099] received request: POST /api/v1/namespaces/test/configmaps HTTP/1.1 and responded: HTTP/1.1 200 OK
2024-05-17 18:01:59.396  INFO 23845 --- [WebServer 44233] okhttp3.mockwebserver.MockWebServer      : MockWebServer[44233] starting to accept connections
2024-05-17 18:01:59.406  INFO 23845 --- [WebServer 44233] okhttp3.mockwebserver.MockWebServer      : MockWebServer[44233] done accepting connections: Socket closed
2024-05-17 18:01:59.409  INFO 23845 --- [           main] .b.t.c.SpringBootTestContextBootstrapper : Neither @ContextConfiguration nor @ContextHierarchy found for test class [org.springframework.cloud.kubernetes.fabric8.config.HealthIndicatorTest], using SpringBootContextLoader
2024-05-17 18:01:59.410  INFO 23845 --- [           main] o.s.t.c.support.AbstractContextLoader    : Could not detect default resource locations for test class [org.springframework.cloud.kubernetes.fabric8.config.HealthIndicatorTest]: no resource found for suffixes {-context.xml, Context.groovy}.
2024-05-17 18:01:59.411  INFO 23845 --- [           main] .b.t.c.SpringBootTestContextBootstrapper : Loaded default TestExecutionListener class names from location [META-INF/spring.factories]: [org.springframework.boot.test.mock.mockito.MockitoTestExecutionListener, org.springframework.boot.test.mock.mockito.ResetMocksTestExecutionListener, org.springframework.boot.test.autoconfigure.restdocs.RestDocsTestExecutionListener, org.springframework.boot.test.autoconfigure.web.client.MockRestServiceServerResetTestExecutionListener, org.springframework.boot.test.autoconfigure.web.servlet.MockMvcPrintOnlyOnFailureTestExecutionListener, org.springframework.boot.test.autoconfigure.web.servlet.WebDriverTestExecutionListener, org.springframework.boot.test.autoconfigure.webservices.client.MockWebServiceServerTestExecutionListener, org.springframework.test.context.web.ServletTestExecutionListener, org.springframework.test.context.support.DirtiesContextBeforeModesTestExecutionListener, org.springframework.test.context.event.ApplicationEventsTestExecutionListener, org.springframework.test.context.support.DependencyInjectionTestExecutionListener, org.springframework.test.context.support.DirtiesContextTestExecutionListener, org.springframework.test.context.transaction.TransactionalTestExecutionListener, org.springframework.test.context.jdbc.SqlScriptsTestExecutionListener, org.springframework.test.context.event.EventPublishingTestExecutionListener, org.spockframework.spring.SpringMockTestExecutionListener]
2024-05-17 18:01:59.412  INFO 23845 --- [           main] .b.t.c.SpringBootTestContextBootstrapper : Using TestExecutionListeners: [org.springframework.test.context.web.ServletTestExecutionListener@20eee47c, org.springframework.test.context.support.DirtiesContextBeforeModesTestExecutionListener@d5aea9a, org.springframework.test.context.event.ApplicationEventsTestExecutionListener@6d88a3f4, org.springframework.boot.test.mock.mockito.MockitoTestExecutionListener@6980c50b, org.springframework.boot.test.autoconfigure.SpringBootDependencyInjectionTestExecutionListener@3e9a0143, org.springframework.test.context.support.DirtiesContextTestExecutionListener@644e2230, org.springframework.test.context.event.EventPublishingTestExecutionListener@4cf1ba4e, org.springframework.boot.test.mock.mockito.ResetMocksTestExecutionListener@23368646, org.springframework.boot.test.autoconfigure.restdocs.RestDocsTestExecutionListener@4dc80b7a, org.springframework.boot.test.autoconfigure.web.client.MockRestServiceServerResetTestExecutionListener@5882ff51, org.springframework.boot.test.autoconfigure.web.servlet.MockMvcPrintOnlyOnFailureTestExecutionListener@19601dc5, org.springframework.boot.test.autoconfigure.web.servlet.WebDriverTestExecutionListener@ef3bc19, org.springframework.boot.test.autoconfigure.webservices.client.MockWebServiceServerTestExecutionListener@36df566, org.spockframework.spring.SpringMockTestExecutionListener@4c5afa2d]
2024-05-17 18:01:59.413  INFO 23845 --- [WebServer 59535] okhttp3.mockwebserver.MockWebServer      : MockWebServer[59535] starting to accept connections
2024-05-17 18:01:59.459  WARN 23845 --- [           main] ubernetesProfileEnvironmentPostProcessor : Not running inside kubernetes. Skipping 'kubernetes' profile activation.

  .   ____          _            __ _ _
 /\\ / ___'_ __ _ _(_)_ __  __ _ \ \ \ \
( ( )\___ | '_ | '_| | '_ \/ _` | \ \ \ \
 \\/  ___)| |_)| | | | | || (_| |  ) ) ) )
  '  |____| .__|_| |_|_| |_\__, | / / / /
 =========|_|==============|___/=/_/_/_/
 :: Spring Boot ::                (v2.6.3)

2024-05-17 18:01:59.511  WARN 23845 --- [           main] ubernetesProfileEnvironmentPostProcessor : Not running inside kubernetes. Skipping 'kubernetes' profile activation.
2024-05-17 18:01:59.511  INFO 23845 --- [           main] o.s.c.k.f.config.HealthIndicatorTest     : No active profile set, falling back to default profiles: default
2024-05-17 18:01:59.670  INFO 23845 --- [           main] o.s.cloud.context.scope.GenericScope     : BeanFactory id=cf6232b6-8180-3b95-aacc-818afebc75eb
2024-05-17 18:01:59.768  INFO 23845 --- [           main] o.s.b.w.embedded.tomcat.TomcatWebServer  : Tomcat initialized with port(s): 0 (http)
2024-05-17 18:01:59.769  INFO 23845 --- [           main] o.apache.catalina.core.StandardService   : Starting service [Tomcat]
2024-05-17 18:01:59.769  INFO 23845 --- [           main] org.apache.catalina.core.StandardEngine  : Starting Servlet engine: [Apache Tomcat/9.0.56]
2024-05-17 18:01:59.779  INFO 23845 --- [           main] o.a.c.c.C.[Tomcat-14].[localhost].[/]    : Initializing Spring embedded WebApplicationContext
2024-05-17 18:01:59.779  INFO 23845 --- [           main] w.s.c.ServletWebServerApplicationContext : Root WebApplicationContext: initialization completed in 267 ms
2024-05-17 18:02:00.345  INFO 23845 --- [           main] o.s.b.a.e.web.EndpointLinksResolver      : Exposing 1 endpoint(s) beneath base path '/actuator'
2024-05-17 18:02:00.381  INFO 23845 --- [           main] o.s.b.w.embedded.tomcat.TomcatWebServer  : Tomcat started on port(s): 44989 (http) with context path ''
2024-05-17 18:02:00.388  INFO 23845 --- [           main] o.s.c.k.f.config.HealthIndicatorTest     : Started HealthIndicatorTest in 0.974 seconds (JVM running for 33.232)
2024-05-17 18:02:00.396  INFO 23845 --- [WebServer 54031] okhttp3.mockwebserver.MockWebServer      : MockWebServer[54031] starting to accept connections
2024-05-17 18:02:00.406  INFO 23845 --- [-auto-15-exec-1] o.a.c.c.C.[Tomcat-14].[localhost].[/]    : Initializing Spring DispatcherServlet 'dispatcherServlet'
2024-05-17 18:02:00.406  INFO 23845 --- [-auto-15-exec-1] o.s.web.servlet.DispatcherServlet        : Initializing Servlet 'dispatcherServlet'
2024-05-17 18:02:00.407  INFO 23845 --- [-auto-15-exec-1] o.s.web.servlet.DispatcherServlet        : Completed initialization in 1 ms
2024-05-17 18:02:00.423  INFO 23845 --- [WebServer 54031] okhttp3.mockwebserver.MockWebServer      : MockWebServer[54031] done accepting connections: Socket closed
2024-05-17 18:02:00.427  INFO 23845 --- [           main] .b.t.c.SpringBootTestContextBootstrapper : Neither @ContextConfiguration nor @ContextHierarchy found for test class [org.springframework.cloud.kubernetes.fabric8.config.ConfigMapsWithActiveProfilesNameTests], using SpringBootContextLoader
2024-05-17 18:02:00.427  INFO 23845 --- [           main] o.s.t.c.support.AbstractContextLoader    : Could not detect default resource locations for test class [org.springframework.cloud.kubernetes.fabric8.config.ConfigMapsWithActiveProfilesNameTests]: no resource found for suffixes {-context.xml, Context.groovy}.
2024-05-17 18:02:00.429  INFO 23845 --- [           main] .b.t.c.SpringBootTestContextBootstrapper : Loaded default TestExecutionListener class names from location [META-INF/spring.factories]: [org.springframework.boot.test.mock.mockito.MockitoTestExecutionListener, org.springframework.boot.test.mock.mockito.ResetMocksTestExecutionListener, org.springframework.boot.test.autoconfigure.restdocs.RestDocsTestExecutionListener, org.springframework.boot.test.autoconfigure.web.client.MockRestServiceServerResetTestExecutionListener, org.springframework.boot.test.autoconfigure.web.servlet.MockMvcPrintOnlyOnFailureTestExecutionListener, org.springframework.boot.test.autoconfigure.web.servlet.WebDriverTestExecutionListener, org.springframework.boot.test.autoconfigure.webservices.client.MockWebServiceServerTestExecutionListener, org.springframework.test.context.web.ServletTestExecutionListener, org.springframework.test.context.support.DirtiesContextBeforeModesTestExecutionListener, org.springframework.test.context.event.ApplicationEventsTestExecutionListener, org.springframework.test.context.support.DependencyInjectionTestExecutionListener, org.springframework.test.context.support.DirtiesContextTestExecutionListener, org.springframework.test.context.transaction.TransactionalTestExecutionListener, org.springframework.test.context.jdbc.SqlScriptsTestExecutionListener, org.springframework.test.context.event.EventPublishingTestExecutionListener, org.spockframework.spring.SpringMockTestExecutionListener]
2024-05-17 18:02:00.430  INFO 23845 --- [           main] .b.t.c.SpringBootTestContextBootstrapper : Using TestExecutionListeners: [org.springframework.test.context.web.ServletTestExecutionListener@4b8816f7, org.springframework.test.context.support.DirtiesContextBeforeModesTestExecutionListener@2d7ee91c, org.springframework.test.context.event.ApplicationEventsTestExecutionListener@56a2599a, org.springframework.boot.test.mock.mockito.MockitoTestExecutionListener@3a3f66f3, org.springframework.boot.test.autoconfigure.SpringBootDependencyInjectionTestExecutionListener@310bf0ed, org.springframework.test.context.support.DirtiesContextTestExecutionListener@6be7c9d9, org.springframework.test.context.event.EventPublishingTestExecutionListener@2f4d33b6, org.springframework.boot.test.mock.mockito.ResetMocksTestExecutionListener@6e84c052, org.springframework.boot.test.autoconfigure.restdocs.RestDocsTestExecutionListener@66c9f7, org.springframework.boot.test.autoconfigure.web.client.MockRestServiceServerResetTestExecutionListener@551a7123, org.springframework.boot.test.autoconfigure.web.servlet.MockMvcPrintOnlyOnFailureTestExecutionListener@138c28b5, org.springframework.boot.test.autoconfigure.web.servlet.WebDriverTestExecutionListener@5bc2fcc6, org.springframework.boot.test.autoconfigure.webservices.client.MockWebServiceServerTestExecutionListener@6d5dbf38, org.spockframework.spring.SpringMockTestExecutionListener@6b4848d9]
2024-05-17 18:02:00.431  INFO 23845 --- [WebServer 46425] okhttp3.mockwebserver.MockWebServer      : MockWebServer[46425] starting to accept connections
2024-05-17 18:02:00.435  INFO 23845 --- [127.0.0.1:36070] okhttp3.mockwebserver.MockWebServer      : MockWebServer[46425] received request: POST /api/v1/namespaces/test/configmaps HTTP/1.1 and responded: HTTP/1.1 200 OK
2024-05-17 18:02:00.440  INFO 23845 --- [127.0.0.1:36070] okhttp3.mockwebserver.MockWebServer      : MockWebServer[46425] received request: POST /api/v1/namespaces/test/configmaps HTTP/1.1 and responded: HTTP/1.1 200 OK
2024-05-17 18:02:00.529  WARN 23845 --- [           main] ubernetesProfileEnvironmentPostProcessor : Not running inside kubernetes. Skipping 'kubernetes' profile activation.

  .   ____          _            __ _ _
 /\\ / ___'_ __ _ _(_)_ __  __ _ \ \ \ \
( ( )\___ | '_ | '_| | '_ \/ _` | \ \ \ \
 \\/  ___)| |_)| | | | | || (_| |  ) ) ) )
  '  |____| .__|_| |_|_| |_\__, | / / / /
 =========|_|==============|___/=/_/_/_/
 :: Spring Boot ::                (v2.6.3)

2024-05-17 18:02:00.586  INFO 23845 --- [           main] s.c.k.f.c.Fabric8ConfigMapPropertySource : Loading ConfigMap with name 'configmap-with-active-profile-name-example' in namespace 'test'
2024-05-17 18:02:00.589  INFO 23845 --- [127.0.0.1:36076] okhttp3.mockwebserver.MockWebServer      : MockWebServer[46425] received request: GET /api/v1/namespaces/test/configmaps/configmap-with-active-profile-name-example HTTP/1.1 and responded: HTTP/1.1 200 OK
2024-05-17 18:02:00.596  INFO 23845 --- [127.0.0.1:36076] okhttp3.mockwebserver.MockWebServer      : MockWebServer[46425] received request: GET /api/v1/namespaces/test/configmaps/configmap-with-active-profile-name-example-development HTTP/1.1 and responded: HTTP/1.1 200 OK
2024-05-17 18:02:00.639  INFO 23845 --- [           main] b.c.PropertySourceBootstrapConfiguration : Located property source: [BootstrapPropertySource {name='bootstrapProperties-configmap.configmap-with-active-profile-name-example.test'}]
2024-05-17 18:02:00.649  WARN 23845 --- [           main] ubernetesProfileEnvironmentPostProcessor : Not running inside kubernetes. Skipping 'kubernetes' profile activation.
2024-05-17 18:02:00.650  INFO 23845 --- [           main] .c.ConfigMapsWithActiveProfilesNameTests : The following profiles are active: development
2024-05-17 18:02:00.812  INFO 23845 --- [           main] o.s.cloud.context.scope.GenericScope     : BeanFactory id=affffd22-e438-321b-a0d0-967c2140a2e8
2024-05-17 18:02:00.914  INFO 23845 --- [           main] o.s.b.w.embedded.tomcat.TomcatWebServer  : Tomcat initialized with port(s): 0 (http)
2024-05-17 18:02:00.916  INFO 23845 --- [           main] o.apache.catalina.core.StandardService   : Starting service [Tomcat]
2024-05-17 18:02:00.916  INFO 23845 --- [           main] org.apache.catalina.core.StandardEngine  : Starting Servlet engine: [Apache Tomcat/9.0.56]
2024-05-17 18:02:00.927  INFO 23845 --- [           main] o.a.c.c.C.[Tomcat-15].[localhost].[/]    : Initializing Spring embedded WebApplicationContext
2024-05-17 18:02:00.927  INFO 23845 --- [           main] w.s.c.ServletWebServerApplicationContext : Root WebApplicationContext: initialization completed in 276 ms
2024-05-17 18:02:01.552  INFO 23845 --- [           main] o.s.b.a.e.web.EndpointLinksResolver      : Exposing 1 endpoint(s) beneath base path '/actuator'
2024-05-17 18:02:01.608  INFO 23845 --- [           main] o.s.b.w.embedded.tomcat.TomcatWebServer  : Tomcat started on port(s): 42473 (http) with context path ''
2024-05-17 18:02:01.614  INFO 23845 --- [           main] .c.ConfigMapsWithActiveProfilesNameTests : Started ConfigMapsWithActiveProfilesNameTests in 1.132 seconds (JVM running for 34.457)
2024-05-17 18:02:01.623  INFO 23845 --- [WebServer 34437] okhttp3.mockwebserver.MockWebServer      : MockWebServer[34437] starting to accept connections
2024-05-17 18:02:01.631  INFO 23845 --- [-auto-16-exec-1] o.a.c.c.C.[Tomcat-15].[localhost].[/]    : Initializing Spring DispatcherServlet 'dispatcherServlet'
2024-05-17 18:02:01.631  INFO 23845 --- [-auto-16-exec-1] o.s.web.servlet.DispatcherServlet        : Initializing Servlet 'dispatcherServlet'
2024-05-17 18:02:01.632  INFO 23845 --- [-auto-16-exec-1] o.s.web.servlet.DispatcherServlet        : Completed initialization in 1 ms
2024-05-17 18:02:01.640  INFO 23845 --- [WebServer 34437] okhttp3.mockwebserver.MockWebServer      : MockWebServer[34437] done accepting connections: Socket closed
2024-05-17 18:02:01.646  INFO 23845 --- [WebServer 45323] okhttp3.mockwebserver.MockWebServer      : MockWebServer[45323] starting to accept connections
2024-05-17 18:02:01.649  INFO 23845 --- [WebServer 50363] okhttp3.mockwebserver.MockWebServer      : MockWebServer[50363] starting to accept connections
2024-05-17 18:02:01.650  INFO 23845 --- [           main] .b.t.c.SpringBootTestContextBootstrapper : Neither @ContextConfiguration nor @ContextHierarchy found for test class [org.springframework.cloud.kubernetes.fabric8.config.Fabric8ConfigMapPropertySourceLocatorRetryTests$ConfigFailFastEnabledButRetryDisabled], using SpringBootContextLoader
2024-05-17 18:02:01.650  INFO 23845 --- [           main] o.s.t.c.support.AbstractContextLoader    : Could not detect default resource locations for test class [org.springframework.cloud.kubernetes.fabric8.config.Fabric8ConfigMapPropertySourceLocatorRetryTests$ConfigFailFastEnabledButRetryDisabled]: no resource found for suffixes {-context.xml, Context.groovy}.
2024-05-17 18:02:01.652  INFO 23845 --- [           main] .b.t.c.SpringBootTestContextBootstrapper : Loaded default TestExecutionListener class names from location [META-INF/spring.factories]: [org.springframework.boot.test.mock.mockito.MockitoTestExecutionListener, org.springframework.boot.test.mock.mockito.ResetMocksTestExecutionListener, org.springframework.boot.test.autoconfigure.restdocs.RestDocsTestExecutionListener, org.springframework.boot.test.autoconfigure.web.client.MockRestServiceServerResetTestExecutionListener, org.springframework.boot.test.autoconfigure.web.servlet.MockMvcPrintOnlyOnFailureTestExecutionListener, org.springframework.boot.test.autoconfigure.web.servlet.WebDriverTestExecutionListener, org.springframework.boot.test.autoconfigure.webservices.client.MockWebServiceServerTestExecutionListener, org.springframework.test.context.web.ServletTestExecutionListener, org.springframework.test.context.support.DirtiesContextBeforeModesTestExecutionListener, org.springframework.test.context.event.ApplicationEventsTestExecutionListener, org.springframework.test.context.support.DependencyInjectionTestExecutionListener, org.springframework.test.context.support.DirtiesContextTestExecutionListener, org.springframework.test.context.transaction.TransactionalTestExecutionListener, org.springframework.test.context.jdbc.SqlScriptsTestExecutionListener, org.springframework.test.context.event.EventPublishingTestExecutionListener, org.spockframework.spring.SpringMockTestExecutionListener]
2024-05-17 18:02:01.653  INFO 23845 --- [           main] .b.t.c.SpringBootTestContextBootstrapper : Using TestExecutionListeners: [org.springframework.test.context.web.ServletTestExecutionListener@6e609e8a, org.springframework.test.context.support.DirtiesContextBeforeModesTestExecutionListener@59209bcd, org.springframework.test.context.event.ApplicationEventsTestExecutionListener@4ceb6854, org.springframework.boot.test.mock.mockito.MockitoTestExecutionListener@59ccdde4, org.springframework.boot.test.autoconfigure.SpringBootDependencyInjectionTestExecutionListener@33b29c99, org.springframework.test.context.support.DirtiesContextTestExecutionListener@6e9197d1, org.springframework.test.context.event.EventPublishingTestExecutionListener@792feb9f, org.springframework.boot.test.mock.mockito.ResetMocksTestExecutionListener@46b32aa3, org.springframework.boot.test.autoconfigure.restdocs.RestDocsTestExecutionListener@614220b8, org.springframework.boot.test.autoconfigure.web.client.MockRestServiceServerResetTestExecutionListener@30f0c5e, org.springframework.boot.test.autoconfigure.web.servlet.MockMvcPrintOnlyOnFailureTestExecutionListener@5fa7cb3, org.springframework.boot.test.autoconfigure.web.servlet.WebDriverTestExecutionListener@5ac3a89d, org.springframework.boot.test.autoconfigure.webservices.client.MockWebServiceServerTestExecutionListener@2a74149d, org.spockframework.spring.SpringMockTestExecutionListener@51e28071]
2024-05-17 18:02:01.690  WARN 23845 --- [           main] ubernetesProfileEnvironmentPostProcessor : Not running inside kubernetes. Skipping 'kubernetes' profile activation.

  .   ____          _            __ _ _
 /\\ / ___'_ __ _ _(_)_ __  __ _ \ \ \ \
( ( )\___ | '_ | '_| | '_ \/ _` | \ \ \ \
 \\/  ___)| |_)| | | | | || (_| |  ) ) ) )
  '  |____| .__|_| |_|_| |_\__, | / / / /
 =========|_|==============|___/=/_/_/_/
 :: Spring Boot ::                (v2.6.3)

2024-05-17 18:02:01.748  INFO 23845 --- [           main] s.c.k.f.c.Fabric8ConfigMapPropertySource : Loading ConfigMap with name 'application' in namespace 'default'
2024-05-17 18:02:01.845  INFO 23845 --- [127.0.0.1:60714] okhttp3.mockwebserver.MockWebServer      : MockWebServer[45323] received request: GET /api/v1/namespaces/default/configmaps/application HTTP/1.1 and responded: HTTP/1.1 404 Client Error
2024-05-17 18:02:01.846  INFO 23845 --- [           main] o.s.c.k.f.config.Fabric8ConfigUtils      : config-map with name : 'application' not present in namespace : 'default'
2024-05-17 18:02:01.846  INFO 23845 --- [           main] b.c.PropertySourceBootstrapConfiguration : Located property source: [BootstrapPropertySource {name='bootstrapProperties-configmap.application.default'}]
2024-05-17 18:02:01.849  WARN 23845 --- [           main] ubernetesProfileEnvironmentPostProcessor : Not running inside kubernetes. Skipping 'kubernetes' profile activation.
2024-05-17 18:02:01.849  INFO 23845 --- [           main] ts$ConfigFailFastEnabledButRetryDisabled : No active profile set, falling back to default profiles: default
2024-05-17 18:02:02.152  INFO 23845 --- [           main] o.s.cloud.context.scope.GenericScope     : BeanFactory id=94652287-2eb9-367e-b08b-eea09b3b2900
2024-05-17 18:02:02.557  INFO 23845 --- [           main] ts$ConfigFailFastEnabledButRetryDisabled : Started Fabric8ConfigMapPropertySourceLocatorRetryTests.ConfigFailFastEnabledButRetryDisabled in 0.902 seconds (JVM running for 35.401)
2024-05-17 18:02:02.562  INFO 23845 --- [WebServer 33701] okhttp3.mockwebserver.MockWebServer      : MockWebServer[33701] starting to accept connections
2024-05-17 18:02:02.565  INFO 23845 --- [           main] s.c.k.f.c.Fabric8ConfigMapPropertySource : Loading ConfigMap with name 'application' in namespace 'default'
2024-05-17 18:02:02.566  INFO 23845 --- [127.0.0.1:60714] okhttp3.mockwebserver.MockWebServer      : MockWebServer[45323] received request: GET /api/v1/namespaces/default/configmaps/application HTTP/1.1 and responded: HTTP/1.1 500 Server Error
2024-05-17 18:02:02.569  INFO 23845 --- [WebServer 33701] okhttp3.mockwebserver.MockWebServer      : MockWebServer[33701] done accepting connections: Socket closed
2024-05-17 18:02:02.572  INFO 23845 --- [WebServer 43753] okhttp3.mockwebserver.MockWebServer      : MockWebServer[43753] starting to accept connections
2024-05-17 18:02:02.574  INFO 23845 --- [WebServer 43143] okhttp3.mockwebserver.MockWebServer      : MockWebServer[43143] starting to accept connections
2024-05-17 18:02:02.589  INFO 23845 --- [127.0.0.1:48952] okhttp3.mockwebserver.MockWebServer      : MockWebServer[43753] received request: POST /api/v1/namespaces/test/configmaps HTTP/1.1 and responded: HTTP/1.1 200 OK
2024-05-17 18:02:02.589  INFO 23845 --- [           main] s.c.k.f.c.Fabric8ConfigMapPropertySource : Loading ConfigMap with name 'app-yaml-test' in namespace 'test'
2024-05-17 18:02:02.590  INFO 23845 --- [127.0.0.1:48952] okhttp3.mockwebserver.MockWebServer      : MockWebServer[43753] received request: GET /api/v1/namespaces/test/configmaps/app-yaml-test HTTP/1.1 and responded: HTTP/1.1 200 OK
2024-05-17 18:02:02.632  INFO 23845 --- [WebServer 43143] okhttp3.mockwebserver.MockWebServer      : MockWebServer[43143] done accepting connections: Socket closed
2024-05-17 18:02:02.636  INFO 23845 --- [WebServer 58395] okhttp3.mockwebserver.MockWebServer      : MockWebServer[58395] starting to accept connections
2024-05-17 18:02:02.639  INFO 23845 --- [WebServer 58413] okhttp3.mockwebserver.MockWebServer      : MockWebServer[58413] starting to accept connections
2024-05-17 18:02:02.640  INFO 23845 --- [           main] s.c.k.f.c.Fabric8ConfigMapPropertySource : Loading ConfigMap with name 'my-config' in namespace 'default'
2024-05-17 18:02:02.755  INFO 23845 --- [127.0.0.1:36286] okhttp3.mockwebserver.MockWebServer      : MockWebServer[58413] received request: GET /api/v1/namespaces/default/configmaps/my-config HTTP/1.1 and responded: HTTP/1.1 500 Server Error
2024-05-17 18:02:02.796  INFO 23845 --- [WebServer 58413] okhttp3.mockwebserver.MockWebServer      : MockWebServer[58413] done accepting connections: Socket closed
2024-05-17 18:02:02.803  INFO 23845 --- [WebServer 39631] okhttp3.mockwebserver.MockWebServer      : MockWebServer[39631] starting to accept connections
2024-05-17 18:02:02.806  INFO 23845 --- [WebServer 56891] okhttp3.mockwebserver.MockWebServer      : MockWebServer[56891] starting to accept connections
2024-05-17 18:02:02.806  INFO 23845 --- [           main] .b.t.c.SpringBootTestContextBootstrapper : Neither @ContextConfiguration nor @ContextHierarchy found for test class [org.springframework.cloud.kubernetes.fabric8.config.Fabric8ConfigMapPropertySourceLocatorRetryTests$ConfigRetryEnabled], using SpringBootContextLoader
2024-05-17 18:02:02.807  INFO 23845 --- [           main] o.s.t.c.support.AbstractContextLoader    : Could not detect default resource locations for test class [org.springframework.cloud.kubernetes.fabric8.config.Fabric8ConfigMapPropertySourceLocatorRetryTests$ConfigRetryEnabled]: no resource found for suffixes {-context.xml, Context.groovy}.
2024-05-17 18:02:02.809  INFO 23845 --- [           main] .b.t.c.SpringBootTestContextBootstrapper : Loaded default TestExecutionListener class names from location [META-INF/spring.factories]: [org.springframework.boot.test.mock.mockito.MockitoTestExecutionListener, org.springframework.boot.test.mock.mockito.ResetMocksTestExecutionListener, org.springframework.boot.test.autoconfigure.restdocs.RestDocsTestExecutionListener, org.springframework.boot.test.autoconfigure.web.client.MockRestServiceServerResetTestExecutionListener, org.springframework.boot.test.autoconfigure.web.servlet.MockMvcPrintOnlyOnFailureTestExecutionListener, org.springframework.boot.test.autoconfigure.web.servlet.WebDriverTestExecutionListener, org.springframework.boot.test.autoconfigure.webservices.client.MockWebServiceServerTestExecutionListener, org.springframework.test.context.web.ServletTestExecutionListener, org.springframework.test.context.support.DirtiesContextBeforeModesTestExecutionListener, org.springframework.test.context.event.ApplicationEventsTestExecutionListener, org.springframework.test.context.support.DependencyInjectionTestExecutionListener, org.springframework.test.context.support.DirtiesContextTestExecutionListener, org.springframework.test.context.transaction.TransactionalTestExecutionListener, org.springframework.test.context.jdbc.SqlScriptsTestExecutionListener, org.springframework.test.context.event.EventPublishingTestExecutionListener, org.spockframework.spring.SpringMockTestExecutionListener]
2024-05-17 18:02:02.810  INFO 23845 --- [           main] .b.t.c.SpringBootTestContextBootstrapper : Using TestExecutionListeners: [org.springframework.test.context.web.ServletTestExecutionListener@56ed0511, org.springframework.test.context.support.DirtiesContextBeforeModesTestExecutionListener@1d2c5d75, org.springframework.test.context.event.ApplicationEventsTestExecutionListener@401835ac, org.springframework.boot.test.mock.mockito.MockitoTestExecutionListener@7445fdb2, org.springframework.boot.test.autoconfigure.SpringBootDependencyInjectionTestExecutionListener@4a3ebba6, org.springframework.test.context.support.DirtiesContextTestExecutionListener@35069061, org.springframework.test.context.event.EventPublishingTestExecutionListener@34327638, org.springframework.boot.test.mock.mockito.ResetMocksTestExecutionListener@6fc1a561, org.springframework.boot.test.autoconfigure.restdocs.RestDocsTestExecutionListener@501dd0b4, org.springframework.boot.test.autoconfigure.web.client.MockRestServiceServerResetTestExecutionListener@5199d74e, org.springframework.boot.test.autoconfigure.web.servlet.MockMvcPrintOnlyOnFailureTestExecutionListener@763df8f3, org.springframework.boot.test.autoconfigure.web.servlet.WebDriverTestExecutionListener@1435a1f8, org.springframework.boot.test.autoconfigure.webservices.client.MockWebServiceServerTestExecutionListener@2a934bba, org.spockframework.spring.SpringMockTestExecutionListener@35afca01]
2024-05-17 18:02:02.847  WARN 23845 --- [           main] ubernetesProfileEnvironmentPostProcessor : Not running inside kubernetes. Skipping 'kubernetes' profile activation.
2024-05-17 18:02:02.872  INFO 23845 --- [           main] trationDelegate$BeanPostProcessorChecker : Bean 'org.springframework.retry.annotation.RetryConfiguration' of type [org.springframework.retry.annotation.RetryConfiguration] is not eligible for getting processed by all BeanPostProcessors (for example: not eligible for auto-proxying)

  .   ____          _            __ _ _
 /\\ / ___'_ __ _ _(_)_ __  __ _ \ \ \ \
( ( )\___ | '_ | '_| | '_ \/ _` | \ \ \ \
 \\/  ___)| |_)| | | | | || (_| |  ) ) ) )
  '  |____| .__|_| |_|_| |_\__, | / / / /
 =========|_|==============|___/=/_/_/_/
 :: Spring Boot ::                (v2.6.3)

2024-05-17 18:02:02.913  INFO 23845 --- [           main] s.c.k.f.c.Fabric8ConfigMapPropertySource : Loading ConfigMap with name 'application' in namespace 'default'
2024-05-17 18:02:03.007  INFO 23845 --- [127.0.0.1:35200] okhttp3.mockwebserver.MockWebServer      : MockWebServer[39631] received request: GET /api/v1/namespaces/default/configmaps/application HTTP/1.1 and responded: HTTP/1.1 404 Client Error
2024-05-17 18:02:03.011  INFO 23845 --- [           main] o.s.c.k.f.config.Fabric8ConfigUtils      : config-map with name : 'application' not present in namespace : 'default'
2024-05-17 18:02:03.012  INFO 23845 --- [           main] b.c.PropertySourceBootstrapConfiguration : Located property source: [BootstrapPropertySource {name='bootstrapProperties-configmap.application.default'}]
2024-05-17 18:02:03.020  WARN 23845 --- [           main] ubernetesProfileEnvironmentPostProcessor : Not running inside kubernetes. Skipping 'kubernetes' profile activation.
2024-05-17 18:02:03.021  INFO 23845 --- [           main] urceLocatorRetryTests$ConfigRetryEnabled : No active profile set, falling back to default profiles: default
2024-05-17 18:02:03.278  INFO 23845 --- [           main] o.s.cloud.context.scope.GenericScope     : BeanFactory id=94652287-2eb9-367e-b08b-eea09b3b2900
2024-05-17 18:02:03.590  INFO 23845 --- [           main] urceLocatorRetryTests$ConfigRetryEnabled : Started Fabric8ConfigMapPropertySourceLocatorRetryTests.ConfigRetryEnabled in 0.778 seconds (JVM running for 36.434)
2024-05-17 18:02:03.594  INFO 23845 --- [WebServer 58307] okhttp3.mockwebserver.MockWebServer      : MockWebServer[58307] starting to accept connections
2024-05-17 18:02:03.602  INFO 23845 --- [           main] s.c.k.f.c.Fabric8ConfigMapPropertySource : Loading ConfigMap with name 'application' in namespace 'default'
2024-05-17 18:02:03.604  INFO 23845 --- [127.0.0.1:35200] okhttp3.mockwebserver.MockWebServer      : MockWebServer[39631] received request: GET /api/v1/namespaces/default/configmaps/application HTTP/1.1 and responded: HTTP/1.1 200 OK
2024-05-17 18:02:03.607  INFO 23845 --- [WebServer 58307] okhttp3.mockwebserver.MockWebServer      : MockWebServer[58307] done accepting connections: Socket closed
2024-05-17 18:02:03.611  INFO 23845 --- [           main] .b.t.c.SpringBootTestContextBootstrapper : Neither @ContextConfiguration nor @ContextHierarchy found for test class [org.springframework.cloud.kubernetes.fabric8.config.ConfigMapsWithProfilesNoActiveProfileTests], using SpringBootContextLoader
2024-05-17 18:02:03.611  INFO 23845 --- [           main] o.s.t.c.support.AbstractContextLoader    : Could not detect default resource locations for test class [org.springframework.cloud.kubernetes.fabric8.config.ConfigMapsWithProfilesNoActiveProfileTests]: no resource found for suffixes {-context.xml, Context.groovy}.
2024-05-17 18:02:03.613  INFO 23845 --- [           main] .b.t.c.SpringBootTestContextBootstrapper : Loaded default TestExecutionListener class names from location [META-INF/spring.factories]: [org.springframework.boot.test.mock.mockito.MockitoTestExecutionListener, org.springframework.boot.test.mock.mockito.ResetMocksTestExecutionListener, org.springframework.boot.test.autoconfigure.restdocs.RestDocsTestExecutionListener, org.springframework.boot.test.autoconfigure.web.client.MockRestServiceServerResetTestExecutionListener, org.springframework.boot.test.autoconfigure.web.servlet.MockMvcPrintOnlyOnFailureTestExecutionListener, org.springframework.boot.test.autoconfigure.web.servlet.WebDriverTestExecutionListener, org.springframework.boot.test.autoconfigure.webservices.client.MockWebServiceServerTestExecutionListener, org.springframework.test.context.web.ServletTestExecutionListener, org.springframework.test.context.support.DirtiesContextBeforeModesTestExecutionListener, org.springframework.test.context.event.ApplicationEventsTestExecutionListener, org.springframework.test.context.support.DependencyInjectionTestExecutionListener, org.springframework.test.context.support.DirtiesContextTestExecutionListener, org.springframework.test.context.transaction.TransactionalTestExecutionListener, org.springframework.test.context.jdbc.SqlScriptsTestExecutionListener, org.springframework.test.context.event.EventPublishingTestExecutionListener, org.spockframework.spring.SpringMockTestExecutionListener]
2024-05-17 18:02:03.614  INFO 23845 --- [           main] .b.t.c.SpringBootTestContextBootstrapper : Using TestExecutionListeners: [org.springframework.test.context.web.ServletTestExecutionListener@11281f47, org.springframework.test.context.support.DirtiesContextBeforeModesTestExecutionListener@28a3c051, org.springframework.test.context.event.ApplicationEventsTestExecutionListener@bac9c81, org.springframework.boot.test.mock.mockito.MockitoTestExecutionListener@2a15b749, org.springframework.boot.test.autoconfigure.SpringBootDependencyInjectionTestExecutionListener@7b96476b, org.springframework.test.context.support.DirtiesContextTestExecutionListener@4d01a100, org.springframework.test.context.event.EventPublishingTestExecutionListener@222674b5, org.springframework.boot.test.mock.mockito.ResetMocksTestExecutionListener@250e2047, org.springframework.boot.test.autoconfigure.restdocs.RestDocsTestExecutionListener@6c6a8692, org.springframework.boot.test.autoconfigure.web.client.MockRestServiceServerResetTestExecutionListener@2c2323be, org.springframework.boot.test.autoconfigure.web.servlet.MockMvcPrintOnlyOnFailureTestExecutionListener@3db17953, org.springframework.boot.test.autoconfigure.web.servlet.WebDriverTestExecutionListener@69696aba, org.springframework.boot.test.autoconfigure.webservices.client.MockWebServiceServerTestExecutionListener@510f3f13, org.spockframework.spring.SpringMockTestExecutionListener@6404c85f]
2024-05-17 18:02:03.616  INFO 23845 --- [WebServer 52407] okhttp3.mockwebserver.MockWebServer      : MockWebServer[52407] starting to accept connections
2024-05-17 18:02:03.619  INFO 23845 --- [127.0.0.1:54226] okhttp3.mockwebserver.MockWebServer      : MockWebServer[52407] received request: POST /api/v1/namespaces/test/configmaps HTTP/1.1 and responded: HTTP/1.1 200 OK
2024-05-17 18:02:03.675  WARN 23845 --- [           main] ubernetesProfileEnvironmentPostProcessor : Not running inside kubernetes. Skipping 'kubernetes' profile activation.

  .   ____          _            __ _ _
 /\\ / ___'_ __ _ _(_)_ __  __ _ \ \ \ \
( ( )\___ | '_ | '_| | '_ \/ _` | \ \ \ \
 \\/  ___)| |_)| | | | | || (_| |  ) ) ) )
  '  |____| .__|_| |_|_| |_\__, | / / / /
 =========|_|==============|___/=/_/_/_/
 :: Spring Boot ::                (v2.6.3)

2024-05-17 18:02:03.736  INFO 23845 --- [           main] s.c.k.f.c.Fabric8ConfigMapPropertySource : Loading ConfigMap with name 'configmap-with-profile-no-active-profiles-example' in namespace 'test'
2024-05-17 18:02:03.739  INFO 23845 --- [127.0.0.1:54240] okhttp3.mockwebserver.MockWebServer      : MockWebServer[52407] received request: GET /api/v1/namespaces/test/configmaps/configmap-with-profile-no-active-profiles-example HTTP/1.1 and responded: HTTP/1.1 200 OK
2024-05-17 18:02:03.742  INFO 23845 --- [           main] b.c.PropertySourceBootstrapConfiguration : Located property source: [BootstrapPropertySource {name='bootstrapProperties-configmap.configmap-with-profile-no-active-profiles-example.test'}]
2024-05-17 18:02:03.746  WARN 23845 --- [           main] ubernetesProfileEnvironmentPostProcessor : Not running inside kubernetes. Skipping 'kubernetes' profile activation.
2024-05-17 18:02:03.747  INFO 23845 --- [           main] nfigMapsWithProfilesNoActiveProfileTests : No active profile set, falling back to default profiles: default
2024-05-17 18:02:03.893  INFO 23845 --- [           main] o.s.cloud.context.scope.GenericScope     : BeanFactory id=affffd22-e438-321b-a0d0-967c2140a2e8
2024-05-17 18:02:03.967  INFO 23845 --- [           main] o.s.b.w.embedded.tomcat.TomcatWebServer  : Tomcat initialized with port(s): 0 (http)
2024-05-17 18:02:03.968  INFO 23845 --- [           main] o.apache.catalina.core.StandardService   : Starting service [Tomcat]
2024-05-17 18:02:03.968  INFO 23845 --- [           main] org.apache.catalina.core.StandardEngine  : Starting Servlet engine: [Apache Tomcat/9.0.56]
2024-05-17 18:02:03.976  INFO 23845 --- [           main] o.a.c.c.C.[Tomcat-16].[localhost].[/]    : Initializing Spring embedded WebApplicationContext
2024-05-17 18:02:03.976  INFO 23845 --- [           main] w.s.c.ServletWebServerApplicationContext : Root WebApplicationContext: initialization completed in 228 ms
2024-05-17 18:02:04.461  INFO 23845 --- [           main] o.s.b.a.e.web.EndpointLinksResolver      : Exposing 1 endpoint(s) beneath base path '/actuator'
2024-05-17 18:02:04.503  INFO 23845 --- [           main] o.s.b.w.embedded.tomcat.TomcatWebServer  : Tomcat started on port(s): 35755 (http) with context path ''
2024-05-17 18:02:04.509  INFO 23845 --- [           main] nfigMapsWithProfilesNoActiveProfileTests : Started ConfigMapsWithProfilesNoActiveProfileTests in 0.888 seconds (JVM running for 37.353)
2024-05-17 18:02:04.520  INFO 23845 --- [WebServer 44641] okhttp3.mockwebserver.MockWebServer      : MockWebServer[44641] starting to accept connections
2024-05-17 18:02:04.529  INFO 23845 --- [-auto-17-exec-1] o.a.c.c.C.[Tomcat-16].[localhost].[/]    : Initializing Spring DispatcherServlet 'dispatcherServlet'
2024-05-17 18:02:04.529  INFO 23845 --- [-auto-17-exec-1] o.s.web.servlet.DispatcherServlet        : Initializing Servlet 'dispatcherServlet'
2024-05-17 18:02:04.530  INFO 23845 --- [-auto-17-exec-1] o.s.web.servlet.DispatcherServlet        : Completed initialization in 0 ms
2024-05-17 18:02:04.538  INFO 23845 --- [WebServer 44641] okhttp3.mockwebserver.MockWebServer      : MockWebServer[44641] done accepting connections: Socket closed
2024-05-17 18:02:04.542  INFO 23845 --- [WebServer 57297] okhttp3.mockwebserver.MockWebServer      : MockWebServer[57297] starting to accept connections
2024-05-17 18:02:04.543  INFO 23845 --- [WebServer 46503] okhttp3.mockwebserver.MockWebServer      : MockWebServer[46503] starting to accept connections
2024-05-17 18:02:04.584  WARN 23845 --- [           main] ubernetesProfileEnvironmentPostProcessor : Not running inside kubernetes. Skipping 'kubernetes' profile activation.

  .   ____          _            __ _ _
 /\\ / ___'_ __ _ _(_)_ __  __ _ \ \ \ \
( ( )\___ | '_ | '_| | '_ \/ _` | \ \ \ \
 \\/  ___)| |_)| | | | | || (_| |  ) ) ) )
  '  |____| .__|_| |_|_| |_\__, | / / / /
 =========|_|==============|___/=/_/_/_/
 :: Spring Boot ::                (v2.6.3)

2024-05-17 18:02:04.647  WARN 23845 --- [           main] ubernetesProfileEnvironmentPostProcessor : Not running inside kubernetes. Skipping 'kubernetes' profile activation.
2024-05-17 18:02:04.647  INFO 23845 --- [           main] e.i.cs.testrunner.execution.Executor$    : No active profile set, falling back to default profiles: default
2024-05-17 18:02:04.658  INFO 23845 --- [           main] o.s.cloud.context.scope.GenericScope     : BeanFactory id=9bb0c735-c94f-3d6c-a130-cef04bd7ea41
2024-05-17 18:02:04.661  INFO 23845 --- [           main] e.i.cs.testrunner.execution.Executor$    : Started Executor. in 0.116 seconds (JVM running for 37.505)
2024-05-17 18:02:04.663  INFO 23845 --- [WebServer 46503] okhttp3.mockwebserver.MockWebServer      : MockWebServer[46503] done accepting connections: Socket closed
2024-05-17 18:02:04.667  INFO 23845 --- [           main] .b.t.c.SpringBootTestContextBootstrapper : Neither @ContextConfiguration nor @ContextHierarchy found for test class [org.springframework.cloud.kubernetes.fabric8.config.MultipleConfigMapsTests], using SpringBootContextLoader
2024-05-17 18:02:04.668  INFO 23845 --- [           main] o.s.t.c.support.AbstractContextLoader    : Could not detect default resource locations for test class [org.springframework.cloud.kubernetes.fabric8.config.MultipleConfigMapsTests]: no resource found for suffixes {-context.xml, Context.groovy}.
2024-05-17 18:02:04.669  INFO 23845 --- [           main] .b.t.c.SpringBootTestContextBootstrapper : Loaded default TestExecutionListener class names from location [META-INF/spring.factories]: [org.springframework.boot.test.mock.mockito.MockitoTestExecutionListener, org.springframework.boot.test.mock.mockito.ResetMocksTestExecutionListener, org.springframework.boot.test.autoconfigure.restdocs.RestDocsTestExecutionListener, org.springframework.boot.test.autoconfigure.web.client.MockRestServiceServerResetTestExecutionListener, org.springframework.boot.test.autoconfigure.web.servlet.MockMvcPrintOnlyOnFailureTestExecutionListener, org.springframework.boot.test.autoconfigure.web.servlet.WebDriverTestExecutionListener, org.springframework.boot.test.autoconfigure.webservices.client.MockWebServiceServerTestExecutionListener, org.springframework.test.context.web.ServletTestExecutionListener, org.springframework.test.context.support.DirtiesContextBeforeModesTestExecutionListener, org.springframework.test.context.event.ApplicationEventsTestExecutionListener, org.springframework.test.context.support.DependencyInjectionTestExecutionListener, org.springframework.test.context.support.DirtiesContextTestExecutionListener, org.springframework.test.context.transaction.TransactionalTestExecutionListener, org.springframework.test.context.jdbc.SqlScriptsTestExecutionListener, org.springframework.test.context.event.EventPublishingTestExecutionListener, org.spockframework.spring.SpringMockTestExecutionListener]
2024-05-17 18:02:04.671  INFO 23845 --- [           main] .b.t.c.SpringBootTestContextBootstrapper : Using TestExecutionListeners: [org.springframework.test.context.web.ServletTestExecutionListener@1d215a52, org.springframework.test.context.support.DirtiesContextBeforeModesTestExecutionListener@409e4611, org.springframework.test.context.event.ApplicationEventsTestExecutionListener@6b8564e5, org.springframework.boot.test.mock.mockito.MockitoTestExecutionListener@5d8a0b6, org.springframework.boot.test.autoconfigure.SpringBootDependencyInjectionTestExecutionListener@12bc9995, org.springframework.test.context.support.DirtiesContextTestExecutionListener@20a0eb1d, org.springframework.test.context.event.EventPublishingTestExecutionListener@604201a0, org.springframework.boot.test.mock.mockito.ResetMocksTestExecutionListener@205fc00e, org.springframework.boot.test.autoconfigure.restdocs.RestDocsTestExecutionListener@565995a1, org.springframework.boot.test.autoconfigure.web.client.MockRestServiceServerResetTestExecutionListener@71867474, org.springframework.boot.test.autoconfigure.web.servlet.MockMvcPrintOnlyOnFailureTestExecutionListener@1b924e5, org.springframework.boot.test.autoconfigure.web.servlet.WebDriverTestExecutionListener@5fb8db6c, org.springframework.boot.test.autoconfigure.webservices.client.MockWebServiceServerTestExecutionListener@4556a9a7, org.spockframework.spring.SpringMockTestExecutionListener@7b140ad]
2024-05-17 18:02:04.673  INFO 23845 --- [WebServer 52931] okhttp3.mockwebserver.MockWebServer      : MockWebServer[52931] starting to accept connections
2024-05-17 18:02:04.676  INFO 23845 --- [127.0.0.1:58522] okhttp3.mockwebserver.MockWebServer      : MockWebServer[52931] received request: POST /api/v1/namespaces/defnamespace/configmaps HTTP/1.1 and responded: HTTP/1.1 200 OK
2024-05-17 18:02:04.681  INFO 23845 --- [127.0.0.1:58522] okhttp3.mockwebserver.MockWebServer      : MockWebServer[52931] received request: POST /api/v1/namespaces/s2/configmaps HTTP/1.1 and responded: HTTP/1.1 200 OK
2024-05-17 18:02:04.726  INFO 23845 --- [127.0.0.1:58522] okhttp3.mockwebserver.MockWebServer      : MockWebServer[52931] received request: POST /api/v1/namespaces/othernamespace/configmaps HTTP/1.1 and responded: HTTP/1.1 200 OK
2024-05-17 18:02:04.771  INFO 23845 --- [WebServer 40403] okhttp3.mockwebserver.MockWebServer      : MockWebServer[40403] starting to accept connections
2024-05-17 18:02:04.782  INFO 23845 --- [WebServer 40403] okhttp3.mockwebserver.MockWebServer      : MockWebServer[40403] done accepting connections: Socket closed
2024-05-17 18:02:04.784  INFO 23845 --- [           main] .b.t.c.SpringBootTestContextBootstrapper : Neither @ContextConfiguration nor @ContextHierarchy found for test class [org.springframework.cloud.kubernetes.fabric8.config.ConfigMapWithIncludeProfileSpecificSourcesTests], using SpringBootContextLoader
2024-05-17 18:02:04.785  INFO 23845 --- [           main] o.s.t.c.support.AbstractContextLoader    : Could not detect default resource locations for test class [org.springframework.cloud.kubernetes.fabric8.config.ConfigMapWithIncludeProfileSpecificSourcesTests]: no resource found for suffixes {-context.xml, Context.groovy}.
2024-05-17 18:02:04.786  INFO 23845 --- [           main] .b.t.c.SpringBootTestContextBootstrapper : Loaded default TestExecutionListener class names from location [META-INF/spring.factories]: [org.springframework.boot.test.mock.mockito.MockitoTestExecutionListener, org.springframework.boot.test.mock.mockito.ResetMocksTestExecutionListener, org.springframework.boot.test.autoconfigure.restdocs.RestDocsTestExecutionListener, org.springframework.boot.test.autoconfigure.web.client.MockRestServiceServerResetTestExecutionListener, org.springframework.boot.test.autoconfigure.web.servlet.MockMvcPrintOnlyOnFailureTestExecutionListener, org.springframework.boot.test.autoconfigure.web.servlet.WebDriverTestExecutionListener, org.springframework.boot.test.autoconfigure.webservices.client.MockWebServiceServerTestExecutionListener, org.springframework.test.context.web.ServletTestExecutionListener, org.springframework.test.context.support.DirtiesContextBeforeModesTestExecutionListener, org.springframework.test.context.event.ApplicationEventsTestExecutionListener, org.springframework.test.context.support.DependencyInjectionTestExecutionListener, org.springframework.test.context.support.DirtiesContextTestExecutionListener, org.springframework.test.context.transaction.TransactionalTestExecutionListener, org.springframework.test.context.jdbc.SqlScriptsTestExecutionListener, org.springframework.test.context.event.EventPublishingTestExecutionListener, org.spockframework.spring.SpringMockTestExecutionListener]
2024-05-17 18:02:04.787  INFO 23845 --- [           main] .b.t.c.SpringBootTestContextBootstrapper : Using TestExecutionListeners: [org.springframework.test.context.web.ServletTestExecutionListener@6a2affb6, org.springframework.test.context.support.DirtiesContextBeforeModesTestExecutionListener@683cd50d, org.springframework.test.context.event.ApplicationEventsTestExecutionListener@280c955c, org.springframework.boot.test.mock.mockito.MockitoTestExecutionListener@23f7ed9d, org.springframework.boot.test.autoconfigure.SpringBootDependencyInjectionTestExecutionListener@1e9d611a, org.springframework.test.context.support.DirtiesContextTestExecutionListener@10874b79, org.springframework.test.context.event.EventPublishingTestExecutionListener@5c6d8a40, org.springframework.boot.test.mock.mockito.ResetMocksTestExecutionListener@40ea0f55, org.springframework.boot.test.autoconfigure.restdocs.RestDocsTestExecutionListener@358a33e3, org.springframework.boot.test.autoconfigure.web.client.MockRestServiceServerResetTestExecutionListener@1ffc6aa8, org.springframework.boot.test.autoconfigure.web.servlet.MockMvcPrintOnlyOnFailureTestExecutionListener@2f73cc9d, org.springframework.boot.test.autoconfigure.web.servlet.WebDriverTestExecutionListener@3f73fe81, org.springframework.boot.test.autoconfigure.webservices.client.MockWebServiceServerTestExecutionListener@5b02d7a7, org.spockframework.spring.SpringMockTestExecutionListener@27d74f45]
2024-05-17 18:02:04.789  INFO 23845 --- [WebServer 37021] okhttp3.mockwebserver.MockWebServer      : MockWebServer[37021] starting to accept connections
2024-05-17 18:02:04.793  INFO 23845 --- [127.0.0.1:52496] okhttp3.mockwebserver.MockWebServer      : MockWebServer[37021] received request: POST /api/v1/namespaces/spring-k8s/configmaps HTTP/1.1 and responded: HTTP/1.1 200 OK
2024-05-17 18:02:04.797  INFO 23845 --- [127.0.0.1:52496] okhttp3.mockwebserver.MockWebServer      : MockWebServer[37021] received request: POST /api/v1/namespaces/spring-k8s/configmaps HTTP/1.1 and responded: HTTP/1.1 200 OK
2024-05-17 18:02:04.842  INFO 23845 --- [127.0.0.1:52496] okhttp3.mockwebserver.MockWebServer      : MockWebServer[37021] received request: POST /api/v1/namespaces/spring-k8s/configmaps HTTP/1.1 and responded: HTTP/1.1 200 OK
2024-05-17 18:02:04.887  INFO 23845 --- [127.0.0.1:52496] okhttp3.mockwebserver.MockWebServer      : MockWebServer[37021] received request: POST /api/v1/namespaces/spring-k8s/configmaps HTTP/1.1 and responded: HTTP/1.1 200 OK
2024-05-17 18:02:04.936  INFO 23845 --- [127.0.0.1:52496] okhttp3.mockwebserver.MockWebServer      : MockWebServer[37021] received request: POST /api/v1/namespaces/spring-k8s/configmaps HTTP/1.1 and responded: HTTP/1.1 200 OK
2024-05-17 18:02:04.989  INFO 23845 --- [WebServer 52149] okhttp3.mockwebserver.MockWebServer      : MockWebServer[52149] starting to accept connections
2024-05-17 18:02:05.007  INFO 23845 --- [WebServer 52149] okhttp3.mockwebserver.MockWebServer      : MockWebServer[52149] done accepting connections: Socket closed
2024-05-17 18:02:05.014  INFO 23845 --- [           main] .b.t.c.SpringBootTestContextBootstrapper : Neither @ContextConfiguration nor @ContextHierarchy found for test class [org.springframework.cloud.kubernetes.fabric8.config.MultipleConfigMapsTests], using SpringBootContextLoader
2024-05-17 18:02:05.016  INFO 23845 --- [           main] o.s.t.c.support.AbstractContextLoader    : Could not detect default resource locations for test class [org.springframework.cloud.kubernetes.fabric8.config.MultipleConfigMapsTests]: no resource found for suffixes {-context.xml, Context.groovy}.
2024-05-17 18:02:05.019  INFO 23845 --- [           main] .b.t.c.SpringBootTestContextBootstrapper : Loaded default TestExecutionListener class names from location [META-INF/spring.factories]: [org.springframework.boot.test.mock.mockito.MockitoTestExecutionListener, org.springframework.boot.test.mock.mockito.ResetMocksTestExecutionListener, org.springframework.boot.test.autoconfigure.restdocs.RestDocsTestExecutionListener, org.springframework.boot.test.autoconfigure.web.client.MockRestServiceServerResetTestExecutionListener, org.springframework.boot.test.autoconfigure.web.servlet.MockMvcPrintOnlyOnFailureTestExecutionListener, org.springframework.boot.test.autoconfigure.web.servlet.WebDriverTestExecutionListener, org.springframework.boot.test.autoconfigure.webservices.client.MockWebServiceServerTestExecutionListener, org.springframework.test.context.web.ServletTestExecutionListener, org.springframework.test.context.support.DirtiesContextBeforeModesTestExecutionListener, org.springframework.test.context.event.ApplicationEventsTestExecutionListener, org.springframework.test.context.support.DependencyInjectionTestExecutionListener, org.springframework.test.context.support.DirtiesContextTestExecutionListener, org.springframework.test.context.transaction.TransactionalTestExecutionListener, org.springframework.test.context.jdbc.SqlScriptsTestExecutionListener, org.springframework.test.context.event.EventPublishingTestExecutionListener, org.spockframework.spring.SpringMockTestExecutionListener]
2024-05-17 18:02:05.022  INFO 23845 --- [           main] .b.t.c.SpringBootTestContextBootstrapper : Using TestExecutionListeners: [org.springframework.test.context.web.ServletTestExecutionListener@fe972c4, org.springframework.test.context.support.DirtiesContextBeforeModesTestExecutionListener@240844b6, org.springframework.test.context.event.ApplicationEventsTestExecutionListener@610f146c, org.springframework.boot.test.mock.mockito.MockitoTestExecutionListener@40f06edc, org.springframework.boot.test.autoconfigure.SpringBootDependencyInjectionTestExecutionListener@44b4b54, org.springframework.test.context.support.DirtiesContextTestExecutionListener@6280829f, org.springframework.test.context.event.EventPublishingTestExecutionListener@7b3556d7, org.springframework.boot.test.mock.mockito.ResetMocksTestExecutionListener@387051e3, org.springframework.boot.test.autoconfigure.restdocs.RestDocsTestExecutionListener@66bfbc52, org.springframework.boot.test.autoconfigure.web.client.MockRestServiceServerResetTestExecutionListener@4d5e60, org.springframework.boot.test.autoconfigure.web.servlet.MockMvcPrintOnlyOnFailureTestExecutionListener@511f3350, org.springframework.boot.test.autoconfigure.web.servlet.WebDriverTestExecutionListener@6bda9fd9, org.springframework.boot.test.autoconfigure.webservices.client.MockWebServiceServerTestExecutionListener@701cf3dc, org.spockframework.spring.SpringMockTestExecutionListener@1ac81de1]
2024-05-17 18:02:05.026  INFO 23845 --- [WebServer 42525] okhttp3.mockwebserver.MockWebServer      : MockWebServer[42525] starting to accept connections
2024-05-17 18:02:05.032  INFO 23845 --- [127.0.0.1:58982] okhttp3.mockwebserver.MockWebServer      : MockWebServer[42525] received request: POST /api/v1/namespaces/defnamespace/configmaps HTTP/1.1 and responded: HTTP/1.1 200 OK
2024-05-17 18:02:05.036  INFO 23845 --- [127.0.0.1:58982] okhttp3.mockwebserver.MockWebServer      : MockWebServer[42525] received request: POST /api/v1/namespaces/s2/configmaps HTTP/1.1 and responded: HTTP/1.1 200 OK
2024-05-17 18:02:05.085  INFO 23845 --- [127.0.0.1:58982] okhttp3.mockwebserver.MockWebServer      : MockWebServer[42525] received request: POST /api/v1/namespaces/othernamespace/configmaps HTTP/1.1 and responded: HTTP/1.1 200 OK
2024-05-17 18:02:05.135  INFO 23845 --- [WebServer 46285] okhttp3.mockwebserver.MockWebServer      : MockWebServer[46285] starting to accept connections
2024-05-17 18:02:05.154  INFO 23845 --- [WebServer 46285] okhttp3.mockwebserver.MockWebServer      : MockWebServer[46285] done accepting connections: Socket closed
