May 17, 2024 6:05:13 PM okhttp3.mockwebserver.MockWebServer$3 execute
INFO: MockWebServer[47031] starting to accept connections
May 17, 2024 6:05:13 PM okhttp3.mockwebserver.MockWebServer$3 execute
INFO: MockWebServer[35549] starting to accept connections
2024-05-17 18:05:14.463  WARN 26516 --- [           main] ubernetesProfileEnvironmentPostProcessor : Not running inside kubernetes. Skipping 'kubernetes' profile activation.

  .   ____          _            __ _ _
 /\\ / ___'_ __ _ _(_)_ __  __ _ \ \ \ \
( ( )\___ | '_ | '_| | '_ \/ _` | \ \ \ \
 \\/  ___)| |_)| | | | | || (_| |  ) ) ) )
  '  |____| .__|_| |_|_| |_\__, | / / / /
 =========|_|==============|___/=/_/_/_/
 :: Spring Boot ::                (v2.6.3)

2024-05-17 18:05:15.228  WARN 26516 --- [           main] ubernetesProfileEnvironmentPostProcessor : Not running inside kubernetes. Skipping 'kubernetes' profile activation.
2024-05-17 18:05:15.229  INFO 26516 --- [           main] e.i.cs.testrunner.execution.Executor$    : No active profile set, falling back to default profiles: default
2024-05-17 18:05:15.273  INFO 26516 --- [           main] o.s.cloud.context.scope.GenericScope     : BeanFactory id=5adb76a5-ffff-3c5f-a60f-7f84faf1ce0f
2024-05-17 18:05:15.296  INFO 26516 --- [           main] e.i.cs.testrunner.execution.Executor$    : Started Executor. in 1.223 seconds (JVM running for 2.884)
2024-05-17 18:05:15.354  INFO 26516 --- [WebServer 35549] okhttp3.mockwebserver.MockWebServer      : MockWebServer[35549] done accepting connections: Socket closed
2024-05-17 18:05:15.387  INFO 26516 --- [WebServer 41381] okhttp3.mockwebserver.MockWebServer      : MockWebServer[41381] starting to accept connections
2024-05-17 18:05:15.404  INFO 26516 --- [WebServer 39223] okhttp3.mockwebserver.MockWebServer      : MockWebServer[39223] starting to accept connections
2024-05-17 18:05:15.424  INFO 26516 --- [           main] .b.t.c.SpringBootTestContextBootstrapper : Neither @ContextConfiguration nor @ContextHierarchy found for test class [org.springframework.cloud.kubernetes.fabric8.config.Fabric8SecretsPropertySourceLocatorRetryTests$SecretsFailFastDisabled], using SpringBootContextLoader
2024-05-17 18:05:15.425  INFO 26516 --- [           main] o.s.t.c.support.AbstractContextLoader    : Could not detect default resource locations for test class [org.springframework.cloud.kubernetes.fabric8.config.Fabric8SecretsPropertySourceLocatorRetryTests$SecretsFailFastDisabled]: no resource found for suffixes {-context.xml, Context.groovy}.
2024-05-17 18:05:15.472  INFO 26516 --- [           main] .b.t.c.SpringBootTestContextBootstrapper : Loaded default TestExecutionListener class names from location [META-INF/spring.factories]: [org.springframework.boot.test.mock.mockito.MockitoTestExecutionListener, org.springframework.boot.test.mock.mockito.ResetMocksTestExecutionListener, org.springframework.boot.test.autoconfigure.restdocs.RestDocsTestExecutionListener, org.springframework.boot.test.autoconfigure.web.client.MockRestServiceServerResetTestExecutionListener, org.springframework.boot.test.autoconfigure.web.servlet.MockMvcPrintOnlyOnFailureTestExecutionListener, org.springframework.boot.test.autoconfigure.web.servlet.WebDriverTestExecutionListener, org.springframework.boot.test.autoconfigure.webservices.client.MockWebServiceServerTestExecutionListener, org.springframework.test.context.web.ServletTestExecutionListener, org.springframework.test.context.support.DirtiesContextBeforeModesTestExecutionListener, org.springframework.test.context.event.ApplicationEventsTestExecutionListener, org.springframework.test.context.support.DependencyInjectionTestExecutionListener, org.springframework.test.context.support.DirtiesContextTestExecutionListener, org.springframework.test.context.transaction.TransactionalTestExecutionListener, org.springframework.test.context.jdbc.SqlScriptsTestExecutionListener, org.springframework.test.context.event.EventPublishingTestExecutionListener, org.spockframework.spring.SpringMockTestExecutionListener]
2024-05-17 18:05:15.485  INFO 26516 --- [           main] .b.t.c.SpringBootTestContextBootstrapper : Using TestExecutionListeners: [org.springframework.test.context.web.ServletTestExecutionListener@2aa7399c, org.springframework.test.context.support.DirtiesContextBeforeModesTestExecutionListener@11eed657, org.springframework.test.context.event.ApplicationEventsTestExecutionListener@708f018e, org.springframework.boot.test.mock.mockito.MockitoTestExecutionListener@19a31b9d, org.springframework.boot.test.autoconfigure.SpringBootDependencyInjectionTestExecutionListener@a5bbaec, org.springframework.test.context.support.DirtiesContextTestExecutionListener@6d60899e, org.springframework.test.context.event.EventPublishingTestExecutionListener@65eb76cd, org.springframework.boot.test.mock.mockito.ResetMocksTestExecutionListener@6415f61e, org.springframework.boot.test.autoconfigure.restdocs.RestDocsTestExecutionListener@334ebcaa, org.springframework.boot.test.autoconfigure.web.client.MockRestServiceServerResetTestExecutionListener@5a0bef24, org.springframework.boot.test.autoconfigure.web.servlet.MockMvcPrintOnlyOnFailureTestExecutionListener@6468a7b6, org.springframework.boot.test.autoconfigure.web.servlet.WebDriverTestExecutionListener@2f860823, org.springframework.boot.test.autoconfigure.webservices.client.MockWebServiceServerTestExecutionListener@696b4a95, org.spockframework.spring.SpringMockTestExecutionListener@6c1cfa53]
2024-05-17 18:05:15.566  WARN 26516 --- [           main] ubernetesProfileEnvironmentPostProcessor : Not running inside kubernetes. Skipping 'kubernetes' profile activation.

  .   ____          _            __ _ _
 /\\ / ___'_ __ _ _(_)_ __  __ _ \ \ \ \
( ( )\___ | '_ | '_| | '_ \/ _` | \ \ \ \
 \\/  ___)| |_)| | | | | || (_| |  ) ) ) )
  '  |____| .__|_| |_|_| |_\__, | / / / /
 =========|_|==============|___/=/_/_/_/
 :: Spring Boot ::                (v2.6.3)

2024-05-17 18:05:15.714  INFO 26516 --- [           main] s.c.k.f.c.Fabric8ConfigMapPropertySource : Loading ConfigMap with name 'application' in namespace 'default'
2024-05-17 18:05:15.938  INFO 26516 --- [127.0.0.1:48792] okhttp3.mockwebserver.MockWebServer      : MockWebServer[41381] received request: GET /api/v1/namespaces/default/configmaps/application HTTP/1.1 and responded: HTTP/1.1 404 Client Error
2024-05-17 18:05:15.950  INFO 26516 --- [           main] o.s.c.k.f.config.Fabric8ConfigUtils      : config-map with name : 'application' not present in namespace : 'default'
2024-05-17 18:05:15.953  INFO 26516 --- [           main] b.c.PropertySourceBootstrapConfiguration : Located property source: [BootstrapPropertySource {name='bootstrapProperties-configmap.application.default'}]
2024-05-17 18:05:15.956  INFO 26516 --- [           main] o.s.c.k.f.c.Fabric8SecretsPropertySource : Loading Secret with name 'my-secret' or with labels [{}] in namespace 'default'
2024-05-17 18:05:15.959  INFO 26516 --- [127.0.0.1:48792] okhttp3.mockwebserver.MockWebServer      : MockWebServer[41381] received request: GET /api/v1/namespaces/default/secrets/my-secret HTTP/1.1 and responded: HTTP/1.1 404 Client Error
2024-05-17 18:05:15.960  WARN 26516 --- [           main] o.s.c.k.f.c.Fabric8SecretsPropertySource : secret with name : my-secret in namespace : default not found
2024-05-17 18:05:15.964  INFO 26516 --- [127.0.0.1:48792] okhttp3.mockwebserver.MockWebServer      : MockWebServer[41381] received request: GET /api/v1/namespaces/default/secrets HTTP/1.1 and responded: HTTP/1.1 200 OK
2024-05-17 18:05:16.059  INFO 26516 --- [           main] b.c.PropertySourceBootstrapConfiguration : Located property source: [BootstrapPropertySource {name='bootstrapProperties-secrets.my-secret.default'}]
2024-05-17 18:05:16.077  WARN 26516 --- [           main] ubernetesProfileEnvironmentPostProcessor : Not running inside kubernetes. Skipping 'kubernetes' profile activation.
2024-05-17 18:05:16.077  INFO 26516 --- [           main] ocatorRetryTests$SecretsFailFastDisabled : No active profile set, falling back to default profiles: default
2024-05-17 18:05:16.884  INFO 26516 --- [           main] o.s.cloud.context.scope.GenericScope     : BeanFactory id=94652287-2eb9-367e-b08b-eea09b3b2900
2024-05-17 18:05:18.886  INFO 26516 --- [           main] ocatorRetryTests$SecretsFailFastDisabled : Started Fabric8SecretsPropertySourceLocatorRetryTests.SecretsFailFastDisabled in 3.389 seconds (JVM running for 6.474)
2024-05-17 18:05:18.897  INFO 26516 --- [WebServer 35859] okhttp3.mockwebserver.MockWebServer      : MockWebServer[35859] starting to accept connections
2024-05-17 18:05:18.919  INFO 26516 --- [           main] o.s.c.k.f.c.Fabric8SecretsPropertySource : Loading Secret with name 'my-secret' or with labels [{}] in namespace 'default'
2024-05-17 18:05:18.921  INFO 26516 --- [127.0.0.1:48792] okhttp3.mockwebserver.MockWebServer      : MockWebServer[41381] received request: GET /api/v1/namespaces/default/secrets/my-secret HTTP/1.1 and responded: HTTP/1.1 500 Server Error
2024-05-17 18:05:18.922  WARN 26516 --- [           main] o.s.c.k.f.c.Fabric8SecretsPropertySource : Can't read secret with name: [my-secret] or labels [{}] in namespace: [default] (cause: Failure executing: GET at: https://localhost:41381/api/v1/namespaces/default/secrets/my-secret. Message: Internal Server Error.). Ignoring
2024-05-17 18:05:18.938  INFO 26516 --- [WebServer 35859] okhttp3.mockwebserver.MockWebServer      : MockWebServer[35859] done accepting connections: Socket closed
2024-05-17 18:05:18.948  INFO 26516 --- [           main] .b.t.c.SpringBootTestContextBootstrapper : Neither @ContextConfiguration nor @ContextHierarchy found for test class [org.springframework.cloud.kubernetes.fabric8.config.Fabric8BootstrapConfigurationTests$KubernetesEnabledOnPurpose], using SpringBootContextLoader
2024-05-17 18:05:18.949  INFO 26516 --- [           main] o.s.t.c.support.AbstractContextLoader    : Could not detect default resource locations for test class [org.springframework.cloud.kubernetes.fabric8.config.Fabric8BootstrapConfigurationTests$KubernetesEnabledOnPurpose]: no resource found for suffixes {-context.xml, Context.groovy}.
2024-05-17 18:05:18.953  INFO 26516 --- [           main] .b.t.c.SpringBootTestContextBootstrapper : Loaded default TestExecutionListener class names from location [META-INF/spring.factories]: [org.springframework.boot.test.mock.mockito.MockitoTestExecutionListener, org.springframework.boot.test.mock.mockito.ResetMocksTestExecutionListener, org.springframework.boot.test.autoconfigure.restdocs.RestDocsTestExecutionListener, org.springframework.boot.test.autoconfigure.web.client.MockRestServiceServerResetTestExecutionListener, org.springframework.boot.test.autoconfigure.web.servlet.MockMvcPrintOnlyOnFailureTestExecutionListener, org.springframework.boot.test.autoconfigure.web.servlet.WebDriverTestExecutionListener, org.springframework.boot.test.autoconfigure.webservices.client.MockWebServiceServerTestExecutionListener, org.springframework.test.context.web.ServletTestExecutionListener, org.springframework.test.context.support.DirtiesContextBeforeModesTestExecutionListener, org.springframework.test.context.event.ApplicationEventsTestExecutionListener, org.springframework.test.context.support.DependencyInjectionTestExecutionListener, org.springframework.test.context.support.DirtiesContextTestExecutionListener, org.springframework.test.context.transaction.TransactionalTestExecutionListener, org.springframework.test.context.jdbc.SqlScriptsTestExecutionListener, org.springframework.test.context.event.EventPublishingTestExecutionListener, org.spockframework.spring.SpringMockTestExecutionListener]
2024-05-17 18:05:18.954  INFO 26516 --- [           main] .b.t.c.SpringBootTestContextBootstrapper : Using TestExecutionListeners: [org.springframework.test.context.web.ServletTestExecutionListener@2efcc0b3, org.springframework.test.context.support.DirtiesContextBeforeModesTestExecutionListener@4a453f8d, org.springframework.test.context.event.ApplicationEventsTestExecutionListener@60a6840c, org.springframework.boot.test.mock.mockito.MockitoTestExecutionListener@53525379, org.springframework.boot.test.autoconfigure.SpringBootDependencyInjectionTestExecutionListener@1be3f8f8, org.springframework.test.context.support.DirtiesContextTestExecutionListener@78b9155e, org.springframework.test.context.event.EventPublishingTestExecutionListener@2ceb68a1, org.springframework.boot.test.mock.mockito.ResetMocksTestExecutionListener@6de33fde, org.springframework.boot.test.autoconfigure.restdocs.RestDocsTestExecutionListener@69c33ea2, org.springframework.boot.test.autoconfigure.web.client.MockRestServiceServerResetTestExecutionListener@59e0d521, org.springframework.boot.test.autoconfigure.web.servlet.MockMvcPrintOnlyOnFailureTestExecutionListener@2e3900dc, org.springframework.boot.test.autoconfigure.web.servlet.WebDriverTestExecutionListener@5ad0c70a, org.springframework.boot.test.autoconfigure.webservices.client.MockWebServiceServerTestExecutionListener@2a16d4dc, org.spockframework.spring.SpringMockTestExecutionListener@75805562]
2024-05-17 18:05:19.026  WARN 26516 --- [           main] ubernetesProfileEnvironmentPostProcessor : Not running inside kubernetes. Skipping 'kubernetes' profile activation.

  .   ____          _            __ _ _
 /\\ / ___'_ __ _ _(_)_ __  __ _ \ \ \ \
( ( )\___ | '_ | '_| | '_ \/ _` | \ \ \ \
 \\/  ___)| |_)| | | | | || (_| |  ) ) ) )
  '  |____| .__|_| |_|_| |_\__, | / / / /
 =========|_|==============|___/=/_/_/_/
 :: Spring Boot ::                (v2.6.3)

2024-05-17 18:05:19.153  INFO 26516 --- [           main] s.c.k.f.c.Fabric8ConfigMapPropertySource : Loading ConfigMap with name 'application' in namespace 'default'
2024-05-17 18:05:19.257  INFO 26516 --- [127.0.0.1:44586] okhttp3.mockwebserver.MockWebServer      : MockWebServer[41381] received request: GET /api/v1/namespaces/default/configmaps/application HTTP/1.1 and responded: HTTP/1.1 404 Client Error
2024-05-17 18:05:19.259  INFO 26516 --- [           main] o.s.c.k.f.config.Fabric8ConfigUtils      : config-map with name : 'application' not present in namespace : 'default'
2024-05-17 18:05:19.259  INFO 26516 --- [           main] b.c.PropertySourceBootstrapConfiguration : Located property source: [BootstrapPropertySource {name='bootstrapProperties-configmap.application.default'}]
2024-05-17 18:05:19.264  WARN 26516 --- [           main] ubernetesProfileEnvironmentPostProcessor : Not running inside kubernetes. Skipping 'kubernetes' profile activation.
2024-05-17 18:05:19.264  INFO 26516 --- [           main] gurationTests$KubernetesEnabledOnPurpose : No active profile set, falling back to default profiles: default
2024-05-17 18:05:19.867  INFO 26516 --- [           main] o.s.cloud.context.scope.GenericScope     : BeanFactory id=55b4a3e9-9f94-32f4-ad68-c7f5dce8195c
2024-05-17 18:05:20.191  INFO 26516 --- [           main] o.s.b.w.embedded.tomcat.TomcatWebServer  : Tomcat initialized with port(s): 0 (http)
2024-05-17 18:05:20.204  INFO 26516 --- [           main] o.apache.catalina.core.StandardService   : Starting service [Tomcat]
2024-05-17 18:05:20.204  INFO 26516 --- [           main] org.apache.catalina.core.StandardEngine  : Starting Servlet engine: [Apache Tomcat/9.0.56]
2024-05-17 18:05:20.336  INFO 26516 --- [           main] o.a.c.c.C.[Tomcat].[localhost].[/]       : Initializing Spring embedded WebApplicationContext
2024-05-17 18:05:20.336  INFO 26516 --- [           main] w.s.c.ServletWebServerApplicationContext : Root WebApplicationContext: initialization completed in 1070 ms
2024-05-17 18:05:21.669  INFO 26516 --- [           main] o.s.b.a.e.web.EndpointLinksResolver      : Exposing 1 endpoint(s) beneath base path '/actuator'
2024-05-17 18:05:21.850  INFO 26516 --- [           main] o.s.b.w.embedded.tomcat.TomcatWebServer  : Tomcat started on port(s): 33553 (http) with context path ''
2024-05-17 18:05:21.858  INFO 26516 --- [           main] gurationTests$KubernetesEnabledOnPurpose : Started Fabric8BootstrapConfigurationTests.KubernetesEnabledOnPurpose in 2.901 seconds (JVM running for 9.446)
2024-05-17 18:05:21.923  INFO 26516 --- [           main] .b.t.c.SpringBootTestContextBootstrapper : Neither @ContextConfiguration nor @ContextHierarchy found for test class [org.springframework.cloud.kubernetes.fabric8.config.ConfigMapsWithoutProfilesTests], using SpringBootContextLoader
2024-05-17 18:05:21.925  INFO 26516 --- [           main] o.s.t.c.support.AbstractContextLoader    : Could not detect default resource locations for test class [org.springframework.cloud.kubernetes.fabric8.config.ConfigMapsWithoutProfilesTests]: no resource found for suffixes {-context.xml, Context.groovy}.
2024-05-17 18:05:21.934  INFO 26516 --- [           main] .b.t.c.SpringBootTestContextBootstrapper : Loaded default TestExecutionListener class names from location [META-INF/spring.factories]: [org.springframework.boot.test.mock.mockito.MockitoTestExecutionListener, org.springframework.boot.test.mock.mockito.ResetMocksTestExecutionListener, org.springframework.boot.test.autoconfigure.restdocs.RestDocsTestExecutionListener, org.springframework.boot.test.autoconfigure.web.client.MockRestServiceServerResetTestExecutionListener, org.springframework.boot.test.autoconfigure.web.servlet.MockMvcPrintOnlyOnFailureTestExecutionListener, org.springframework.boot.test.autoconfigure.web.servlet.WebDriverTestExecutionListener, org.springframework.boot.test.autoconfigure.webservices.client.MockWebServiceServerTestExecutionListener, org.springframework.test.context.web.ServletTestExecutionListener, org.springframework.test.context.support.DirtiesContextBeforeModesTestExecutionListener, org.springframework.test.context.event.ApplicationEventsTestExecutionListener, org.springframework.test.context.support.DependencyInjectionTestExecutionListener, org.springframework.test.context.support.DirtiesContextTestExecutionListener, org.springframework.test.context.transaction.TransactionalTestExecutionListener, org.springframework.test.context.jdbc.SqlScriptsTestExecutionListener, org.springframework.test.context.event.EventPublishingTestExecutionListener, org.spockframework.spring.SpringMockTestExecutionListener]
2024-05-17 18:05:21.935  INFO 26516 --- [           main] .b.t.c.SpringBootTestContextBootstrapper : Using TestExecutionListeners: [org.springframework.test.context.web.ServletTestExecutionListener@5d202dc4, org.springframework.test.context.support.DirtiesContextBeforeModesTestExecutionListener@71e409f, org.springframework.test.context.event.ApplicationEventsTestExecutionListener@14c18a6a, org.springframework.boot.test.mock.mockito.MockitoTestExecutionListener@6aa792, org.springframework.boot.test.autoconfigure.SpringBootDependencyInjectionTestExecutionListener@5c78f456, org.springframework.test.context.support.DirtiesContextTestExecutionListener@29174dfe, org.springframework.test.context.event.EventPublishingTestExecutionListener@319d106c, org.springframework.boot.test.mock.mockito.ResetMocksTestExecutionListener@641e67fa, org.springframework.boot.test.autoconfigure.restdocs.RestDocsTestExecutionListener@7fdff56b, org.springframework.boot.test.autoconfigure.web.client.MockRestServiceServerResetTestExecutionListener@6cb43fd3, org.springframework.boot.test.autoconfigure.web.servlet.MockMvcPrintOnlyOnFailureTestExecutionListener@35f35c59, org.springframework.boot.test.autoconfigure.web.servlet.WebDriverTestExecutionListener@2245ccaa, org.springframework.boot.test.autoconfigure.webservices.client.MockWebServiceServerTestExecutionListener@22b10124, org.spockframework.spring.SpringMockTestExecutionListener@6f36e806]
2024-05-17 18:05:21.938  INFO 26516 --- [WebServer 39649] okhttp3.mockwebserver.MockWebServer      : MockWebServer[39649] starting to accept connections
2024-05-17 18:05:21.980  INFO 26516 --- [127.0.0.1:33736] okhttp3.mockwebserver.MockWebServer      : MockWebServer[39649] received request: POST /api/v1/namespaces/test/configmaps HTTP/1.1 and responded: HTTP/1.1 200 OK
2024-05-17 18:05:22.043  WARN 26516 --- [           main] ubernetesProfileEnvironmentPostProcessor : Not running inside kubernetes. Skipping 'kubernetes' profile activation.

  .   ____          _            __ _ _
 /\\ / ___'_ __ _ _(_)_ __  __ _ \ \ \ \
( ( )\___ | '_ | '_| | '_ \/ _` | \ \ \ \
 \\/  ___)| |_)| | | | | || (_| |  ) ) ) )
  '  |____| .__|_| |_|_| |_\__, | / / / /
 =========|_|==============|___/=/_/_/_/
 :: Spring Boot ::                (v2.6.3)

2024-05-17 18:05:22.133  INFO 26516 --- [           main] s.c.k.f.c.Fabric8ConfigMapPropertySource : Loading ConfigMap with name 'configmap-without-profile-example' in namespace 'test'
2024-05-17 18:05:22.138  INFO 26516 --- [127.0.0.1:33752] okhttp3.mockwebserver.MockWebServer      : MockWebServer[39649] received request: GET /api/v1/namespaces/test/configmaps/configmap-without-profile-example HTTP/1.1 and responded: HTTP/1.1 200 OK
2024-05-17 18:05:22.148  INFO 26516 --- [127.0.0.1:33752] okhttp3.mockwebserver.MockWebServer      : MockWebServer[39649] received request: GET /api/v1/namespaces/test/configmaps/configmap-without-profile-example-development HTTP/1.1 and responded: HTTP/1.1 404 Client Error
2024-05-17 18:05:22.148  INFO 26516 --- [           main] o.s.c.k.f.config.Fabric8ConfigUtils      : config-map with name : 'configmap-without-profile-example-development' not present in namespace : 'test'
2024-05-17 18:05:22.148  INFO 26516 --- [           main] b.c.PropertySourceBootstrapConfiguration : Located property source: [BootstrapPropertySource {name='bootstrapProperties-configmap.configmap-without-profile-example.test'}]
2024-05-17 18:05:22.154  WARN 26516 --- [           main] ubernetesProfileEnvironmentPostProcessor : Not running inside kubernetes. Skipping 'kubernetes' profile activation.
2024-05-17 18:05:22.155  INFO 26516 --- [           main] s.c.k.f.c.ConfigMapsWithoutProfilesTests : The following profiles are active: development
2024-05-17 18:05:22.425  INFO 26516 --- [           main] o.s.cloud.context.scope.GenericScope     : BeanFactory id=affffd22-e438-321b-a0d0-967c2140a2e8
2024-05-17 18:05:22.578  INFO 26516 --- [           main] o.s.b.w.embedded.tomcat.TomcatWebServer  : Tomcat initialized with port(s): 0 (http)
2024-05-17 18:05:22.579  INFO 26516 --- [           main] o.apache.catalina.core.StandardService   : Starting service [Tomcat]
2024-05-17 18:05:22.580  INFO 26516 --- [           main] org.apache.catalina.core.StandardEngine  : Starting Servlet engine: [Apache Tomcat/9.0.56]
2024-05-17 18:05:22.592  INFO 26516 --- [           main] o.a.c.c.C.[Tomcat-1].[localhost].[/]     : Initializing Spring embedded WebApplicationContext
2024-05-17 18:05:22.592  INFO 26516 --- [           main] w.s.c.ServletWebServerApplicationContext : Root WebApplicationContext: initialization completed in 436 ms
2024-05-17 18:05:23.363  INFO 26516 --- [           main] o.s.b.a.e.web.EndpointLinksResolver      : Exposing 1 endpoint(s) beneath base path '/actuator'
2024-05-17 18:05:23.412  INFO 26516 --- [           main] o.s.b.w.embedded.tomcat.TomcatWebServer  : Tomcat started on port(s): 41157 (http) with context path ''
2024-05-17 18:05:23.419  INFO 26516 --- [           main] s.c.k.f.c.ConfigMapsWithoutProfilesTests : Started ConfigMapsWithoutProfilesTests in 1.437 seconds (JVM running for 11.007)
2024-05-17 18:05:23.570  INFO 26516 --- [WebServer 48129] okhttp3.mockwebserver.MockWebServer      : MockWebServer[48129] starting to accept connections
2024-05-17 18:05:24.041  INFO 26516 --- [o-auto-2-exec-1] o.a.c.c.C.[Tomcat-1].[localhost].[/]     : Initializing Spring DispatcherServlet 'dispatcherServlet'
2024-05-17 18:05:24.041  INFO 26516 --- [o-auto-2-exec-1] o.s.web.servlet.DispatcherServlet        : Initializing Servlet 'dispatcherServlet'
2024-05-17 18:05:24.043  INFO 26516 --- [o-auto-2-exec-1] o.s.web.servlet.DispatcherServlet        : Completed initialization in 1 ms
2024-05-17 18:05:24.193  INFO 26516 --- [WebServer 48129] okhttp3.mockwebserver.MockWebServer      : MockWebServer[48129] done accepting connections: Socket closed
2024-05-17 18:05:24.198  INFO 26516 --- [           main] .b.t.c.SpringBootTestContextBootstrapper : Neither @ContextConfiguration nor @ContextHierarchy found for test class [org.springframework.cloud.kubernetes.fabric8.config.Fabric8BootstrapConfigurationTests$Fabric8BootstrapConfigurationNotInsideK8s], using SpringBootContextLoader
2024-05-17 18:05:24.199  INFO 26516 --- [           main] o.s.t.c.support.AbstractContextLoader    : Could not detect default resource locations for test class [org.springframework.cloud.kubernetes.fabric8.config.Fabric8BootstrapConfigurationTests$Fabric8BootstrapConfigurationNotInsideK8s]: no resource found for suffixes {-context.xml, Context.groovy}.
2024-05-17 18:05:24.201  INFO 26516 --- [           main] .b.t.c.SpringBootTestContextBootstrapper : Loaded default TestExecutionListener class names from location [META-INF/spring.factories]: [org.springframework.boot.test.mock.mockito.MockitoTestExecutionListener, org.springframework.boot.test.mock.mockito.ResetMocksTestExecutionListener, org.springframework.boot.test.autoconfigure.restdocs.RestDocsTestExecutionListener, org.springframework.boot.test.autoconfigure.web.client.MockRestServiceServerResetTestExecutionListener, org.springframework.boot.test.autoconfigure.web.servlet.MockMvcPrintOnlyOnFailureTestExecutionListener, org.springframework.boot.test.autoconfigure.web.servlet.WebDriverTestExecutionListener, org.springframework.boot.test.autoconfigure.webservices.client.MockWebServiceServerTestExecutionListener, org.springframework.test.context.web.ServletTestExecutionListener, org.springframework.test.context.support.DirtiesContextBeforeModesTestExecutionListener, org.springframework.test.context.event.ApplicationEventsTestExecutionListener, org.springframework.test.context.support.DependencyInjectionTestExecutionListener, org.springframework.test.context.support.DirtiesContextTestExecutionListener, org.springframework.test.context.transaction.TransactionalTestExecutionListener, org.springframework.test.context.jdbc.SqlScriptsTestExecutionListener, org.springframework.test.context.event.EventPublishingTestExecutionListener, org.spockframework.spring.SpringMockTestExecutionListener]
2024-05-17 18:05:24.202  INFO 26516 --- [           main] .b.t.c.SpringBootTestContextBootstrapper : Using TestExecutionListeners: [org.springframework.test.context.web.ServletTestExecutionListener@27e656e6, org.springframework.test.context.support.DirtiesContextBeforeModesTestExecutionListener@3cfab56d, org.springframework.test.context.event.ApplicationEventsTestExecutionListener@6b6fde93, org.springframework.boot.test.mock.mockito.MockitoTestExecutionListener@51d34f02, org.springframework.boot.test.autoconfigure.SpringBootDependencyInjectionTestExecutionListener@441762b8, org.springframework.test.context.support.DirtiesContextTestExecutionListener@2d2fe68a, org.springframework.test.context.event.EventPublishingTestExecutionListener@38213efa, org.springframework.boot.test.mock.mockito.ResetMocksTestExecutionListener@73c1dda3, org.springframework.boot.test.autoconfigure.restdocs.RestDocsTestExecutionListener@c3c63c1, org.springframework.boot.test.autoconfigure.web.client.MockRestServiceServerResetTestExecutionListener@5e75cf7a, org.springframework.boot.test.autoconfigure.web.servlet.MockMvcPrintOnlyOnFailureTestExecutionListener@6f12fca0, org.springframework.boot.test.autoconfigure.web.servlet.WebDriverTestExecutionListener@12c30824, org.springframework.boot.test.autoconfigure.webservices.client.MockWebServiceServerTestExecutionListener@7d0e43d6, org.spockframework.spring.SpringMockTestExecutionListener@df04d12]
2024-05-17 18:05:24.254  WARN 26516 --- [           main] ubernetesProfileEnvironmentPostProcessor : Not running inside kubernetes. Skipping 'kubernetes' profile activation.

  .   ____          _            __ _ _
 /\\ / ___'_ __ _ _(_)_ __  __ _ \ \ \ \
( ( )\___ | '_ | '_| | '_ \/ _` | \ \ \ \
 \\/  ___)| |_)| | | | | || (_| |  ) ) ) )
  '  |____| .__|_| |_|_| |_\__, | / / / /
 =========|_|==============|___/=/_/_/_/
 :: Spring Boot ::                (v2.6.3)

2024-05-17 18:05:24.334  WARN 26516 --- [           main] ubernetesProfileEnvironmentPostProcessor : Not running inside kubernetes. Skipping 'kubernetes' profile activation.
2024-05-17 18:05:24.334  INFO 26516 --- [           main] abric8BootstrapConfigurationNotInsideK8s : No active profile set, falling back to default profiles: default
2024-05-17 18:05:24.786  INFO 26516 --- [           main] o.s.cloud.context.scope.GenericScope     : BeanFactory id=5afc43ad-a7d0-33b0-b9e5-c05cec1eda7d
2024-05-17 18:05:24.920  INFO 26516 --- [           main] o.s.b.w.embedded.tomcat.TomcatWebServer  : Tomcat initialized with port(s): 0 (http)
2024-05-17 18:05:24.920  INFO 26516 --- [           main] o.apache.catalina.core.StandardService   : Starting service [Tomcat]
2024-05-17 18:05:24.921  INFO 26516 --- [           main] org.apache.catalina.core.StandardEngine  : Starting Servlet engine: [Apache Tomcat/9.0.56]
2024-05-17 18:05:24.932  INFO 26516 --- [           main] o.a.c.c.C.[Tomcat-2].[localhost].[/]     : Initializing Spring embedded WebApplicationContext
2024-05-17 18:05:24.932  INFO 26516 --- [           main] w.s.c.ServletWebServerApplicationContext : Root WebApplicationContext: initialization completed in 597 ms
2024-05-17 18:05:25.837  INFO 26516 --- [           main] o.s.b.a.e.web.EndpointLinksResolver      : Exposing 1 endpoint(s) beneath base path '/actuator'
2024-05-17 18:05:25.894  INFO 26516 --- [           main] o.s.b.w.embedded.tomcat.TomcatWebServer  : Tomcat started on port(s): 39845 (http) with context path ''
2024-05-17 18:05:25.902  INFO 26516 --- [           main] abric8BootstrapConfigurationNotInsideK8s : Started Fabric8BootstrapConfigurationTests.Fabric8BootstrapConfigurationNotInsideK8s in 1.698 seconds (JVM running for 13.49)
2024-05-17 18:05:25.918  INFO 26516 --- [WebServer 37793] okhttp3.mockwebserver.MockWebServer      : MockWebServer[37793] starting to accept connections
2024-05-17 18:05:25.922  INFO 26516 --- [WebServer 39299] okhttp3.mockwebserver.MockWebServer      : MockWebServer[39299] starting to accept connections
2024-05-17 18:05:25.926  INFO 26516 --- [127.0.0.1:44050] okhttp3.mockwebserver.MockWebServer      : MockWebServer[37793] received request: POST /api/v1/namespaces/test/configmaps HTTP/1.1 and responded: HTTP/1.1 200 OK
2024-05-17 18:05:25.927  INFO 26516 --- [           main] s.c.k.f.c.Fabric8ConfigMapPropertySource : Loading ConfigMap with name 'app-properties-test' in namespace 'test'
2024-05-17 18:05:25.928  INFO 26516 --- [127.0.0.1:44050] okhttp3.mockwebserver.MockWebServer      : MockWebServer[37793] received request: GET /api/v1/namespaces/test/configmaps/app-properties-test HTTP/1.1 and responded: HTTP/1.1 200 OK
2024-05-17 18:05:25.972  INFO 26516 --- [WebServer 39299] okhttp3.mockwebserver.MockWebServer      : MockWebServer[39299] done accepting connections: Socket closed
2024-05-17 18:05:25.978  INFO 26516 --- [           main] .b.t.c.SpringBootTestContextBootstrapper : Neither @ContextConfiguration nor @ContextHierarchy found for test class [org.springframework.cloud.kubernetes.fabric8.config.ConfigMapsWithProfileExpressionTests], using SpringBootContextLoader
2024-05-17 18:05:25.979  INFO 26516 --- [           main] o.s.t.c.support.AbstractContextLoader    : Could not detect default resource locations for test class [org.springframework.cloud.kubernetes.fabric8.config.ConfigMapsWithProfileExpressionTests]: no resource found for suffixes {-context.xml, Context.groovy}.
2024-05-17 18:05:25.982  INFO 26516 --- [           main] .b.t.c.SpringBootTestContextBootstrapper : Loaded default TestExecutionListener class names from location [META-INF/spring.factories]: [org.springframework.boot.test.mock.mockito.MockitoTestExecutionListener, org.springframework.boot.test.mock.mockito.ResetMocksTestExecutionListener, org.springframework.boot.test.autoconfigure.restdocs.RestDocsTestExecutionListener, org.springframework.boot.test.autoconfigure.web.client.MockRestServiceServerResetTestExecutionListener, org.springframework.boot.test.autoconfigure.web.servlet.MockMvcPrintOnlyOnFailureTestExecutionListener, org.springframework.boot.test.autoconfigure.web.servlet.WebDriverTestExecutionListener, org.springframework.boot.test.autoconfigure.webservices.client.MockWebServiceServerTestExecutionListener, org.springframework.test.context.web.ServletTestExecutionListener, org.springframework.test.context.support.DirtiesContextBeforeModesTestExecutionListener, org.springframework.test.context.event.ApplicationEventsTestExecutionListener, org.springframework.test.context.support.DependencyInjectionTestExecutionListener, org.springframework.test.context.support.DirtiesContextTestExecutionListener, org.springframework.test.context.transaction.TransactionalTestExecutionListener, org.springframework.test.context.jdbc.SqlScriptsTestExecutionListener, org.springframework.test.context.event.EventPublishingTestExecutionListener, org.spockframework.spring.SpringMockTestExecutionListener]
2024-05-17 18:05:25.984  INFO 26516 --- [           main] .b.t.c.SpringBootTestContextBootstrapper : Using TestExecutionListeners: [org.springframework.test.context.web.ServletTestExecutionListener@3ca564aa, org.springframework.test.context.support.DirtiesContextBeforeModesTestExecutionListener@3cd758be, org.springframework.test.context.event.ApplicationEventsTestExecutionListener@562ec518, org.springframework.boot.test.mock.mockito.MockitoTestExecutionListener@5c8d685e, org.springframework.boot.test.autoconfigure.SpringBootDependencyInjectionTestExecutionListener@4b1ad751, org.springframework.test.context.support.DirtiesContextTestExecutionListener@4d0e6424, org.springframework.test.context.event.EventPublishingTestExecutionListener@6da86e98, org.springframework.boot.test.mock.mockito.ResetMocksTestExecutionListener@5a5024eb, org.springframework.boot.test.autoconfigure.restdocs.RestDocsTestExecutionListener@476dc0af, org.springframework.boot.test.autoconfigure.web.client.MockRestServiceServerResetTestExecutionListener@797ca322, org.springframework.boot.test.autoconfigure.web.servlet.MockMvcPrintOnlyOnFailureTestExecutionListener@570ede3b, org.springframework.boot.test.autoconfigure.web.servlet.WebDriverTestExecutionListener@c22cf4d, org.springframework.boot.test.autoconfigure.webservices.client.MockWebServiceServerTestExecutionListener@25630ede, org.spockframework.spring.SpringMockTestExecutionListener@399acce3]
2024-05-17 18:05:25.986  INFO 26516 --- [WebServer 54501] okhttp3.mockwebserver.MockWebServer      : MockWebServer[54501] starting to accept connections
2024-05-17 18:05:25.991  INFO 26516 --- [127.0.0.1:48442] okhttp3.mockwebserver.MockWebServer      : MockWebServer[54501] received request: POST /api/v1/namespaces/test/configmaps HTTP/1.1 and responded: HTTP/1.1 200 OK
2024-05-17 18:05:26.057  WARN 26516 --- [           main] ubernetesProfileEnvironmentPostProcessor : Not running inside kubernetes. Skipping 'kubernetes' profile activation.

  .   ____          _            __ _ _
 /\\ / ___'_ __ _ _(_)_ __  __ _ \ \ \ \
( ( )\___ | '_ | '_| | '_ \/ _` | \ \ \ \
 \\/  ___)| |_)| | | | | || (_| |  ) ) ) )
  '  |____| .__|_| |_|_| |_\__, | / / / /
 =========|_|==============|___/=/_/_/_/
 :: Spring Boot ::                (v2.6.3)

2024-05-17 18:05:26.138  INFO 26516 --- [           main] s.c.k.f.c.Fabric8ConfigMapPropertySource : Loading ConfigMap with name 'configmap-with-profile-example' in namespace 'test'
2024-05-17 18:05:26.140  INFO 26516 --- [127.0.0.1:48444] okhttp3.mockwebserver.MockWebServer      : MockWebServer[54501] received request: GET /api/v1/namespaces/test/configmaps/configmap-with-profile-example HTTP/1.1 and responded: HTTP/1.1 200 OK
2024-05-17 18:05:26.151  INFO 26516 --- [127.0.0.1:48444] okhttp3.mockwebserver.MockWebServer      : MockWebServer[54501] received request: GET /api/v1/namespaces/test/configmaps/configmap-with-profile-example-production HTTP/1.1 and responded: HTTP/1.1 404 Client Error
2024-05-17 18:05:26.151  INFO 26516 --- [           main] o.s.c.k.f.config.Fabric8ConfigUtils      : config-map with name : 'configmap-with-profile-example-production' not present in namespace : 'test'
2024-05-17 18:05:26.152  INFO 26516 --- [127.0.0.1:48444] okhttp3.mockwebserver.MockWebServer      : MockWebServer[54501] received request: GET /api/v1/namespaces/test/configmaps/configmap-with-profile-example-us-east HTTP/1.1 and responded: HTTP/1.1 404 Client Error
2024-05-17 18:05:26.153  INFO 26516 --- [           main] o.s.c.k.f.config.Fabric8ConfigUtils      : config-map with name : 'configmap-with-profile-example-us-east' not present in namespace : 'test'
2024-05-17 18:05:26.153  INFO 26516 --- [           main] b.c.PropertySourceBootstrapConfiguration : Located property source: [BootstrapPropertySource {name='bootstrapProperties-configmap.configmap-with-profile-example.test'}]
2024-05-17 18:05:26.156  WARN 26516 --- [           main] ubernetesProfileEnvironmentPostProcessor : Not running inside kubernetes. Skipping 'kubernetes' profile activation.
2024-05-17 18:05:26.157  INFO 26516 --- [           main] f.c.ConfigMapsWithProfileExpressionTests : The following profiles are active: production,us-east
2024-05-17 18:05:26.419  INFO 26516 --- [           main] o.s.cloud.context.scope.GenericScope     : BeanFactory id=affffd22-e438-321b-a0d0-967c2140a2e8
2024-05-17 18:05:26.537  INFO 26516 --- [           main] o.s.b.w.embedded.tomcat.TomcatWebServer  : Tomcat initialized with port(s): 0 (http)
2024-05-17 18:05:26.538  INFO 26516 --- [           main] o.apache.catalina.core.StandardService   : Starting service [Tomcat]
2024-05-17 18:05:26.538  INFO 26516 --- [           main] org.apache.catalina.core.StandardEngine  : Starting Servlet engine: [Apache Tomcat/9.0.56]
2024-05-17 18:05:26.550  INFO 26516 --- [           main] o.a.c.c.C.[Tomcat-3].[localhost].[/]     : Initializing Spring embedded WebApplicationContext
2024-05-17 18:05:26.550  INFO 26516 --- [           main] w.s.c.ServletWebServerApplicationContext : Root WebApplicationContext: initialization completed in 392 ms
2024-05-17 18:05:27.309  INFO 26516 --- [           main] o.s.b.a.e.web.EndpointLinksResolver      : Exposing 1 endpoint(s) beneath base path '/actuator'
2024-05-17 18:05:27.361  INFO 26516 --- [           main] o.s.b.w.embedded.tomcat.TomcatWebServer  : Tomcat started on port(s): 46779 (http) with context path ''
2024-05-17 18:05:27.366  INFO 26516 --- [           main] f.c.ConfigMapsWithProfileExpressionTests : Started ConfigMapsWithProfileExpressionTests in 1.373 seconds (JVM running for 14.954)
2024-05-17 18:05:27.379  INFO 26516 --- [WebServer 37639] okhttp3.mockwebserver.MockWebServer      : MockWebServer[37639] starting to accept connections
2024-05-17 18:05:27.387  INFO 26516 --- [o-auto-4-exec-1] o.a.c.c.C.[Tomcat-3].[localhost].[/]     : Initializing Spring DispatcherServlet 'dispatcherServlet'
2024-05-17 18:05:27.387  INFO 26516 --- [o-auto-4-exec-1] o.s.web.servlet.DispatcherServlet        : Initializing Servlet 'dispatcherServlet'
2024-05-17 18:05:27.388  INFO 26516 --- [o-auto-4-exec-1] o.s.web.servlet.DispatcherServlet        : Completed initialization in 1 ms
2024-05-17 18:05:27.396  INFO 26516 --- [WebServer 37639] okhttp3.mockwebserver.MockWebServer      : MockWebServer[37639] done accepting connections: Socket closed
2024-05-17 18:05:27.401  INFO 26516 --- [           main] .b.t.c.SpringBootTestContextBootstrapper : Neither @ContextConfiguration nor @ContextHierarchy found for test class [org.springframework.cloud.kubernetes.fabric8.config.ConfigMapsTests], using SpringBootContextLoader
2024-05-17 18:05:27.402  INFO 26516 --- [           main] o.s.t.c.support.AbstractContextLoader    : Could not detect default resource locations for test class [org.springframework.cloud.kubernetes.fabric8.config.ConfigMapsTests]: no resource found for suffixes {-context.xml, Context.groovy}.
2024-05-17 18:05:27.404  INFO 26516 --- [           main] .b.t.c.SpringBootTestContextBootstrapper : Loaded default TestExecutionListener class names from location [META-INF/spring.factories]: [org.springframework.boot.test.mock.mockito.MockitoTestExecutionListener, org.springframework.boot.test.mock.mockito.ResetMocksTestExecutionListener, org.springframework.boot.test.autoconfigure.restdocs.RestDocsTestExecutionListener, org.springframework.boot.test.autoconfigure.web.client.MockRestServiceServerResetTestExecutionListener, org.springframework.boot.test.autoconfigure.web.servlet.MockMvcPrintOnlyOnFailureTestExecutionListener, org.springframework.boot.test.autoconfigure.web.servlet.WebDriverTestExecutionListener, org.springframework.boot.test.autoconfigure.webservices.client.MockWebServiceServerTestExecutionListener, org.springframework.test.context.web.ServletTestExecutionListener, org.springframework.test.context.support.DirtiesContextBeforeModesTestExecutionListener, org.springframework.test.context.event.ApplicationEventsTestExecutionListener, org.springframework.test.context.support.DependencyInjectionTestExecutionListener, org.springframework.test.context.support.DirtiesContextTestExecutionListener, org.springframework.test.context.transaction.TransactionalTestExecutionListener, org.springframework.test.context.jdbc.SqlScriptsTestExecutionListener, org.springframework.test.context.event.EventPublishingTestExecutionListener, org.spockframework.spring.SpringMockTestExecutionListener]
2024-05-17 18:05:27.405  INFO 26516 --- [           main] .b.t.c.SpringBootTestContextBootstrapper : Using TestExecutionListeners: [org.springframework.test.context.web.ServletTestExecutionListener@154cbb46, org.springframework.test.context.support.DirtiesContextBeforeModesTestExecutionListener@58fbecde, org.springframework.test.context.event.ApplicationEventsTestExecutionListener@299615a5, org.springframework.boot.test.mock.mockito.MockitoTestExecutionListener@3ba6707e, org.springframework.boot.test.autoconfigure.SpringBootDependencyInjectionTestExecutionListener@4b407ac7, org.springframework.test.context.support.DirtiesContextTestExecutionListener@4c5ae26d, org.springframework.test.context.event.EventPublishingTestExecutionListener@5578ed7e, org.springframework.boot.test.mock.mockito.ResetMocksTestExecutionListener@5dd5422f, org.springframework.boot.test.autoconfigure.restdocs.RestDocsTestExecutionListener@158b8d10, org.springframework.boot.test.autoconfigure.web.client.MockRestServiceServerResetTestExecutionListener@e594c46, org.springframework.boot.test.autoconfigure.web.servlet.MockMvcPrintOnlyOnFailureTestExecutionListener@1cd853ee, org.springframework.boot.test.autoconfigure.web.servlet.WebDriverTestExecutionListener@6b6bae60, org.springframework.boot.test.autoconfigure.webservices.client.MockWebServiceServerTestExecutionListener@22c14d10, org.spockframework.spring.SpringMockTestExecutionListener@66be0e72]
2024-05-17 18:05:27.407  INFO 26516 --- [WebServer 60807] okhttp3.mockwebserver.MockWebServer      : MockWebServer[60807] starting to accept connections
2024-05-17 18:05:27.411  INFO 26516 --- [127.0.0.1:35834] okhttp3.mockwebserver.MockWebServer      : MockWebServer[60807] received request: POST /api/v1/namespaces/test/configmaps HTTP/1.1 and responded: HTTP/1.1 200 OK
2024-05-17 18:05:27.469  WARN 26516 --- [           main] ubernetesProfileEnvironmentPostProcessor : Not running inside kubernetes. Skipping 'kubernetes' profile activation.

  .   ____          _            __ _ _
 /\\ / ___'_ __ _ _(_)_ __  __ _ \ \ \ \
( ( )\___ | '_ | '_| | '_ \/ _` | \ \ \ \
 \\/  ___)| |_)| | | | | || (_| |  ) ) ) )
  '  |____| .__|_| |_|_| |_\__, | / / / /
 =========|_|==============|___/=/_/_/_/
 :: Spring Boot ::                (v2.6.3)

2024-05-17 18:05:27.547  INFO 26516 --- [           main] s.c.k.f.c.Fabric8ConfigMapPropertySource : Loading ConfigMap with name 'configmap-example' in namespace 'test'
2024-05-17 18:05:27.550  INFO 26516 --- [127.0.0.1:35836] okhttp3.mockwebserver.MockWebServer      : MockWebServer[60807] received request: GET /api/v1/namespaces/test/configmaps/configmap-example HTTP/1.1 and responded: HTTP/1.1 200 OK
2024-05-17 18:05:27.554  INFO 26516 --- [           main] b.c.PropertySourceBootstrapConfiguration : Located property source: [BootstrapPropertySource {name='bootstrapProperties-configmap.configmap-example.test'}]
2024-05-17 18:05:27.558  WARN 26516 --- [           main] ubernetesProfileEnvironmentPostProcessor : Not running inside kubernetes. Skipping 'kubernetes' profile activation.
2024-05-17 18:05:27.558  INFO 26516 --- [           main] o.s.c.k.fabric8.config.ConfigMapsTests   : No active profile set, falling back to default profiles: default
2024-05-17 18:05:27.786  INFO 26516 --- [           main] o.s.cloud.context.scope.GenericScope     : BeanFactory id=affffd22-e438-321b-a0d0-967c2140a2e8
2024-05-17 18:05:27.907  INFO 26516 --- [           main] o.s.b.w.embedded.tomcat.TomcatWebServer  : Tomcat initialized with port(s): 0 (http)
2024-05-17 18:05:27.908  INFO 26516 --- [           main] o.apache.catalina.core.StandardService   : Starting service [Tomcat]
2024-05-17 18:05:27.909  INFO 26516 --- [           main] org.apache.catalina.core.StandardEngine  : Starting Servlet engine: [Apache Tomcat/9.0.56]
2024-05-17 18:05:27.939  INFO 26516 --- [           main] o.a.c.c.C.[Tomcat-4].[localhost].[/]     : Initializing Spring embedded WebApplicationContext
2024-05-17 18:05:27.939  INFO 26516 --- [           main] w.s.c.ServletWebServerApplicationContext : Root WebApplicationContext: initialization completed in 379 ms
2024-05-17 18:05:28.594  INFO 26516 --- [           main] o.s.b.a.e.web.EndpointLinksResolver      : Exposing 1 endpoint(s) beneath base path '/actuator'
2024-05-17 18:05:28.644  INFO 26516 --- [           main] o.s.b.w.embedded.tomcat.TomcatWebServer  : Tomcat started on port(s): 38393 (http) with context path ''
2024-05-17 18:05:28.650  INFO 26516 --- [           main] o.s.c.k.fabric8.config.ConfigMapsTests   : Started ConfigMapsTests in 1.237 seconds (JVM running for 16.238)
2024-05-17 18:05:28.664  INFO 26516 --- [WebServer 48565] okhttp3.mockwebserver.MockWebServer      : MockWebServer[48565] starting to accept connections
2024-05-17 18:05:28.666  INFO 26516 --- [127.0.0.1:35834] okhttp3.mockwebserver.MockWebServer      : MockWebServer[60807] received request: GET /api/v1/namespaces/test/configmaps/configmap-example HTTP/1.1 and responded: HTTP/1.1 200 OK
2024-05-17 18:05:28.675  INFO 26516 --- [WebServer 48565] okhttp3.mockwebserver.MockWebServer      : MockWebServer[48565] done accepting connections: Socket closed
2024-05-17 18:05:28.681  INFO 26516 --- [           main] .b.t.c.SpringBootTestContextBootstrapper : Neither @ContextConfiguration nor @ContextHierarchy found for test class [org.springframework.cloud.kubernetes.fabric8.config.ConfigMapsMixedTests], using SpringBootContextLoader
2024-05-17 18:05:28.682  INFO 26516 --- [           main] o.s.t.c.support.AbstractContextLoader    : Could not detect default resource locations for test class [org.springframework.cloud.kubernetes.fabric8.config.ConfigMapsMixedTests]: no resource found for suffixes {-context.xml, Context.groovy}.
2024-05-17 18:05:28.684  INFO 26516 --- [           main] .b.t.c.SpringBootTestContextBootstrapper : Loaded default TestExecutionListener class names from location [META-INF/spring.factories]: [org.springframework.boot.test.mock.mockito.MockitoTestExecutionListener, org.springframework.boot.test.mock.mockito.ResetMocksTestExecutionListener, org.springframework.boot.test.autoconfigure.restdocs.RestDocsTestExecutionListener, org.springframework.boot.test.autoconfigure.web.client.MockRestServiceServerResetTestExecutionListener, org.springframework.boot.test.autoconfigure.web.servlet.MockMvcPrintOnlyOnFailureTestExecutionListener, org.springframework.boot.test.autoconfigure.web.servlet.WebDriverTestExecutionListener, org.springframework.boot.test.autoconfigure.webservices.client.MockWebServiceServerTestExecutionListener, org.springframework.test.context.web.ServletTestExecutionListener, org.springframework.test.context.support.DirtiesContextBeforeModesTestExecutionListener, org.springframework.test.context.event.ApplicationEventsTestExecutionListener, org.springframework.test.context.support.DependencyInjectionTestExecutionListener, org.springframework.test.context.support.DirtiesContextTestExecutionListener, org.springframework.test.context.transaction.TransactionalTestExecutionListener, org.springframework.test.context.jdbc.SqlScriptsTestExecutionListener, org.springframework.test.context.event.EventPublishingTestExecutionListener, org.spockframework.spring.SpringMockTestExecutionListener]
2024-05-17 18:05:28.685  INFO 26516 --- [           main] .b.t.c.SpringBootTestContextBootstrapper : Using TestExecutionListeners: [org.springframework.test.context.web.ServletTestExecutionListener@5834298c, org.springframework.test.context.support.DirtiesContextBeforeModesTestExecutionListener@7c070e78, org.springframework.test.context.event.ApplicationEventsTestExecutionListener@63ead376, org.springframework.boot.test.mock.mockito.MockitoTestExecutionListener@1a1d7832, org.springframework.boot.test.autoconfigure.SpringBootDependencyInjectionTestExecutionListener@639c5ab4, org.springframework.test.context.support.DirtiesContextTestExecutionListener@272cec71, org.springframework.test.context.event.EventPublishingTestExecutionListener@12e8ea81, org.springframework.boot.test.mock.mockito.ResetMocksTestExecutionListener@6345dc06, org.springframework.boot.test.autoconfigure.restdocs.RestDocsTestExecutionListener@628d6320, org.springframework.boot.test.autoconfigure.web.client.MockRestServiceServerResetTestExecutionListener@22025464, org.springframework.boot.test.autoconfigure.web.servlet.MockMvcPrintOnlyOnFailureTestExecutionListener@77eb0e47, org.springframework.boot.test.autoconfigure.web.servlet.WebDriverTestExecutionListener@3a034950, org.springframework.boot.test.autoconfigure.webservices.client.MockWebServiceServerTestExecutionListener@331eb953, org.spockframework.spring.SpringMockTestExecutionListener@38f7a20]
2024-05-17 18:05:28.687  INFO 26516 --- [WebServer 36247] okhttp3.mockwebserver.MockWebServer      : MockWebServer[36247] starting to accept connections
2024-05-17 18:05:28.692  INFO 26516 --- [127.0.0.1:44480] okhttp3.mockwebserver.MockWebServer      : MockWebServer[36247] received request: POST /api/v1/namespaces/test/configmaps HTTP/1.1 and responded: HTTP/1.1 200 OK
2024-05-17 18:05:28.748  WARN 26516 --- [           main] ubernetesProfileEnvironmentPostProcessor : Not running inside kubernetes. Skipping 'kubernetes' profile activation.

  .   ____          _            __ _ _
 /\\ / ___'_ __ _ _(_)_ __  __ _ \ \ \ \
( ( )\___ | '_ | '_| | '_ \/ _` | \ \ \ \
 \\/  ___)| |_)| | | | | || (_| |  ) ) ) )
  '  |____| .__|_| |_|_| |_\__, | / / / /
 =========|_|==============|___/=/_/_/_/
 :: Spring Boot ::                (v2.6.3)

2024-05-17 18:05:28.838  INFO 26516 --- [           main] s.c.k.f.c.Fabric8ConfigMapPropertySource : Loading ConfigMap with name 'configmap-mixed-example' in namespace 'test'
2024-05-17 18:05:28.840  INFO 26516 --- [127.0.0.1:44488] okhttp3.mockwebserver.MockWebServer      : MockWebServer[36247] received request: GET /api/v1/namespaces/test/configmaps/configmap-mixed-example HTTP/1.1 and responded: HTTP/1.1 200 OK
2024-05-17 18:05:28.844  INFO 26516 --- [           main] b.c.PropertySourceBootstrapConfiguration : Located property source: [BootstrapPropertySource {name='bootstrapProperties-/tmp/scktests/application-path.yaml'}, BootstrapPropertySource {name='bootstrapProperties-configmap.configmap-mixed-example.test'}]
2024-05-17 18:05:28.847  WARN 26516 --- [           main] ubernetesProfileEnvironmentPostProcessor : Not running inside kubernetes. Skipping 'kubernetes' profile activation.
2024-05-17 18:05:28.847  INFO 26516 --- [           main] o.s.c.k.f.config.ConfigMapsMixedTests    : No active profile set, falling back to default profiles: default
2024-05-17 18:05:29.057  INFO 26516 --- [           main] o.s.cloud.context.scope.GenericScope     : BeanFactory id=e369cf40-d234-36e2-a4dc-38329760186f
2024-05-17 18:05:29.189  INFO 26516 --- [           main] o.s.b.w.embedded.tomcat.TomcatWebServer  : Tomcat initialized with port(s): 0 (http)
2024-05-17 18:05:29.190  INFO 26516 --- [           main] o.apache.catalina.core.StandardService   : Starting service [Tomcat]
2024-05-17 18:05:29.190  INFO 26516 --- [           main] org.apache.catalina.core.StandardEngine  : Starting Servlet engine: [Apache Tomcat/9.0.56]
2024-05-17 18:05:29.201  INFO 26516 --- [           main] o.a.c.c.C.[Tomcat-5].[localhost].[/]     : Initializing Spring embedded WebApplicationContext
2024-05-17 18:05:29.201  INFO 26516 --- [           main] w.s.c.ServletWebServerApplicationContext : Root WebApplicationContext: initialization completed in 353 ms
2024-05-17 18:05:29.757  INFO 26516 --- [           main] o.s.b.a.e.web.EndpointLinksResolver      : Exposing 1 endpoint(s) beneath base path '/actuator'
2024-05-17 18:05:29.818  INFO 26516 --- [           main] o.s.b.w.embedded.tomcat.TomcatWebServer  : Tomcat started on port(s): 42863 (http) with context path ''
2024-05-17 18:05:29.825  INFO 26516 --- [           main] o.s.c.k.f.config.ConfigMapsMixedTests    : Started ConfigMapsMixedTests in 1.131 seconds (JVM running for 17.413)
2024-05-17 18:05:29.835  INFO 26516 --- [WebServer 51569] okhttp3.mockwebserver.MockWebServer      : MockWebServer[51569] starting to accept connections
2024-05-17 18:05:29.843  INFO 26516 --- [o-auto-6-exec-1] o.a.c.c.C.[Tomcat-5].[localhost].[/]     : Initializing Spring DispatcherServlet 'dispatcherServlet'
2024-05-17 18:05:29.843  INFO 26516 --- [o-auto-6-exec-1] o.s.web.servlet.DispatcherServlet        : Initializing Servlet 'dispatcherServlet'
2024-05-17 18:05:29.844  INFO 26516 --- [o-auto-6-exec-1] o.s.web.servlet.DispatcherServlet        : Completed initialization in 1 ms
2024-05-17 18:05:29.855  INFO 26516 --- [WebServer 51569] okhttp3.mockwebserver.MockWebServer      : MockWebServer[51569] done accepting connections: Socket closed
2024-05-17 18:05:29.862  INFO 26516 --- [WebServer 56081] okhttp3.mockwebserver.MockWebServer      : MockWebServer[56081] starting to accept connections
2024-05-17 18:05:30.097  INFO 26516 --- [WebServer 55479] okhttp3.mockwebserver.MockWebServer      : MockWebServer[55479] starting to accept connections
2024-05-17 18:05:30.099  INFO 26516 --- [           main] o.s.c.k.f.c.Fabric8SecretsPropertySource : Loading Secret with name 'my-config' or with labels [{}] in namespace 'default'
2024-05-17 18:05:30.212  INFO 26516 --- [127.0.0.1:51516] okhttp3.mockwebserver.MockWebServer      : MockWebServer[56081] received request: GET /api/v1/namespaces/default/secrets/my-config HTTP/1.1 and responded: HTTP/1.1 500 Server Error
2024-05-17 18:05:30.252  WARN 26516 --- [           main] o.s.c.k.f.c.Fabric8SecretsPropertySource : Can't read secret with name: [my-config] or labels [{}] in namespace: [default] (cause: Failure executing: GET at: https://localhost:56081/api/v1/namespaces/default/secrets/my-config. Message: Internal Server Error.). Ignoring
2024-05-17 18:05:30.255  INFO 26516 --- [WebServer 55479] okhttp3.mockwebserver.MockWebServer      : MockWebServer[55479] done accepting connections: Socket closed
2024-05-17 18:05:30.259  INFO 26516 --- [WebServer 59641] okhttp3.mockwebserver.MockWebServer      : MockWebServer[59641] starting to accept connections
2024-05-17 18:05:30.261  INFO 26516 --- [WebServer 55037] okhttp3.mockwebserver.MockWebServer      : MockWebServer[55037] starting to accept connections
2024-05-17 18:05:30.264  INFO 26516 --- [127.0.0.1:59580] okhttp3.mockwebserver.MockWebServer      : MockWebServer[59641] received request: POST /api/v1/namespaces/test/configmaps HTTP/1.1 and responded: HTTP/1.1 200 OK
2024-05-17 18:05:30.264  INFO 26516 --- [           main] s.c.k.f.c.Fabric8ConfigMapPropertySource : Loading ConfigMap with name 'single-unparseable-properties-test' in namespace 'test'
2024-05-17 18:05:30.265  INFO 26516 --- [127.0.0.1:59580] okhttp3.mockwebserver.MockWebServer      : MockWebServer[59641] received request: GET /api/v1/namespaces/test/configmaps/single-unparseable-properties-test HTTP/1.1 and responded: HTTP/1.1 200 OK
2024-05-17 18:05:30.308  INFO 26516 --- [WebServer 55037] okhttp3.mockwebserver.MockWebServer      : MockWebServer[55037] done accepting connections: Socket closed
2024-05-17 18:05:30.313  INFO 26516 --- [           main] .b.t.c.SpringBootTestContextBootstrapper : Neither @ContextConfiguration nor @ContextHierarchy found for test class [org.springframework.cloud.kubernetes.fabric8.config.ConfigMapsFromFilePathsTests], using SpringBootContextLoader
2024-05-17 18:05:30.315  INFO 26516 --- [           main] o.s.t.c.support.AbstractContextLoader    : Could not detect default resource locations for test class [org.springframework.cloud.kubernetes.fabric8.config.ConfigMapsFromFilePathsTests]: no resource found for suffixes {-context.xml, Context.groovy}.
2024-05-17 18:05:30.317  INFO 26516 --- [           main] .b.t.c.SpringBootTestContextBootstrapper : Loaded default TestExecutionListener class names from location [META-INF/spring.factories]: [org.springframework.boot.test.mock.mockito.MockitoTestExecutionListener, org.springframework.boot.test.mock.mockito.ResetMocksTestExecutionListener, org.springframework.boot.test.autoconfigure.restdocs.RestDocsTestExecutionListener, org.springframework.boot.test.autoconfigure.web.client.MockRestServiceServerResetTestExecutionListener, org.springframework.boot.test.autoconfigure.web.servlet.MockMvcPrintOnlyOnFailureTestExecutionListener, org.springframework.boot.test.autoconfigure.web.servlet.WebDriverTestExecutionListener, org.springframework.boot.test.autoconfigure.webservices.client.MockWebServiceServerTestExecutionListener, org.springframework.test.context.web.ServletTestExecutionListener, org.springframework.test.context.support.DirtiesContextBeforeModesTestExecutionListener, org.springframework.test.context.event.ApplicationEventsTestExecutionListener, org.springframework.test.context.support.DependencyInjectionTestExecutionListener, org.springframework.test.context.support.DirtiesContextTestExecutionListener, org.springframework.test.context.transaction.TransactionalTestExecutionListener, org.springframework.test.context.jdbc.SqlScriptsTestExecutionListener, org.springframework.test.context.event.EventPublishingTestExecutionListener, org.spockframework.spring.SpringMockTestExecutionListener]
2024-05-17 18:05:30.318  INFO 26516 --- [           main] .b.t.c.SpringBootTestContextBootstrapper : Using TestExecutionListeners: [org.springframework.test.context.web.ServletTestExecutionListener@4b93a232, org.springframework.test.context.support.DirtiesContextBeforeModesTestExecutionListener@6c6fdf5d, org.springframework.test.context.event.ApplicationEventsTestExecutionListener@187c8f96, org.springframework.boot.test.mock.mockito.MockitoTestExecutionListener@592e315e, org.springframework.boot.test.autoconfigure.SpringBootDependencyInjectionTestExecutionListener@f7a8a7b, org.springframework.test.context.support.DirtiesContextTestExecutionListener@1dfd39fe, org.springframework.test.context.event.EventPublishingTestExecutionListener@610115e8, org.springframework.boot.test.mock.mockito.ResetMocksTestExecutionListener@498d7c57, org.springframework.boot.test.autoconfigure.restdocs.RestDocsTestExecutionListener@12ff0e4f, org.springframework.boot.test.autoconfigure.web.client.MockRestServiceServerResetTestExecutionListener@66b9f727, org.springframework.boot.test.autoconfigure.web.servlet.MockMvcPrintOnlyOnFailureTestExecutionListener@f7e004d, org.springframework.boot.test.autoconfigure.web.servlet.WebDriverTestExecutionListener@2d33aa31, org.springframework.boot.test.autoconfigure.webservices.client.MockWebServiceServerTestExecutionListener@475454ae, org.spockframework.spring.SpringMockTestExecutionListener@6efd83ac]
2024-05-17 18:05:30.320  INFO 26516 --- [WebServer 50897] okhttp3.mockwebserver.MockWebServer      : MockWebServer[50897] starting to accept connections
2024-05-17 18:05:30.383  WARN 26516 --- [           main] ubernetesProfileEnvironmentPostProcessor : Not running inside kubernetes. Skipping 'kubernetes' profile activation.

  .   ____          _            __ _ _
 /\\ / ___'_ __ _ _(_)_ __  __ _ \ \ \ \
( ( )\___ | '_ | '_| | '_ \/ _` | \ \ \ \
 \\/  ___)| |_)| | | | | || (_| |  ) ) ) )
  '  |____| .__|_| |_|_| |_\__, | / / / /
 =========|_|==============|___/=/_/_/_/
 :: Spring Boot ::                (v2.6.3)

2024-05-17 18:05:30.479  INFO 26516 --- [           main] b.c.PropertySourceBootstrapConfiguration : Located property source: [BootstrapPropertySource {name='bootstrapProperties-/tmp/scktests/another-directory/application.properties'}, BootstrapPropertySource {name='bootstrapProperties-/tmp/scktests/extra.properties'}, BootstrapPropertySource {name='bootstrapProperties-/tmp/scktests/application.properties'}]
2024-05-17 18:05:30.482  WARN 26516 --- [           main] ubernetesProfileEnvironmentPostProcessor : Not running inside kubernetes. Skipping 'kubernetes' profile activation.
2024-05-17 18:05:30.482  INFO 26516 --- [           main] o.s.c.k.f.c.ConfigMapsFromFilePathsTests : No active profile set, falling back to default profiles: default
2024-05-17 18:05:30.684  INFO 26516 --- [           main] o.s.cloud.context.scope.GenericScope     : BeanFactory id=e369cf40-d234-36e2-a4dc-38329760186f
2024-05-17 18:05:30.781  INFO 26516 --- [           main] o.s.b.w.embedded.tomcat.TomcatWebServer  : Tomcat initialized with port(s): 0 (http)
2024-05-17 18:05:30.782  INFO 26516 --- [           main] o.apache.catalina.core.StandardService   : Starting service [Tomcat]
2024-05-17 18:05:30.782  INFO 26516 --- [           main] org.apache.catalina.core.StandardEngine  : Starting Servlet engine: [Apache Tomcat/9.0.56]
2024-05-17 18:05:30.793  INFO 26516 --- [           main] o.a.c.c.C.[Tomcat-6].[localhost].[/]     : Initializing Spring embedded WebApplicationContext
2024-05-17 18:05:30.793  INFO 26516 --- [           main] w.s.c.ServletWebServerApplicationContext : Root WebApplicationContext: initialization completed in 310 ms
2024-05-17 18:05:31.382  INFO 26516 --- [           main] o.s.b.a.e.web.EndpointLinksResolver      : Exposing 1 endpoint(s) beneath base path '/actuator'
2024-05-17 18:05:31.438  INFO 26516 --- [           main] o.s.b.w.embedded.tomcat.TomcatWebServer  : Tomcat started on port(s): 45957 (http) with context path ''
2024-05-17 18:05:31.444  INFO 26516 --- [           main] o.s.c.k.f.c.ConfigMapsFromFilePathsTests : Started ConfigMapsFromFilePathsTests in 1.121 seconds (JVM running for 19.032)
2024-05-17 18:05:31.455  INFO 26516 --- [WebServer 36591] okhttp3.mockwebserver.MockWebServer      : MockWebServer[36591] starting to accept connections
2024-05-17 18:05:31.464  INFO 26516 --- [o-auto-7-exec-1] o.a.c.c.C.[Tomcat-6].[localhost].[/]     : Initializing Spring DispatcherServlet 'dispatcherServlet'
2024-05-17 18:05:31.465  INFO 26516 --- [o-auto-7-exec-1] o.s.web.servlet.DispatcherServlet        : Initializing Servlet 'dispatcherServlet'
2024-05-17 18:05:31.466  INFO 26516 --- [o-auto-7-exec-1] o.s.web.servlet.DispatcherServlet        : Completed initialization in 1 ms
2024-05-17 18:05:31.474  INFO 26516 --- [WebServer 36591] okhttp3.mockwebserver.MockWebServer      : MockWebServer[36591] done accepting connections: Socket closed
2024-05-17 18:05:31.478  INFO 26516 --- [WebServer 37255] okhttp3.mockwebserver.MockWebServer      : MockWebServer[37255] starting to accept connections
2024-05-17 18:05:31.480  INFO 26516 --- [WebServer 48089] okhttp3.mockwebserver.MockWebServer      : MockWebServer[48089] starting to accept connections
2024-05-17 18:05:31.483  INFO 26516 --- [127.0.0.1:44674] okhttp3.mockwebserver.MockWebServer      : MockWebServer[37255] received request: POST /api/v1/namespaces/test/configmaps HTTP/1.1 and responded: HTTP/1.1 200 OK
2024-05-17 18:05:31.484  INFO 26516 --- [           main] s.c.k.f.c.Fabric8ConfigMapPropertySource : Loading ConfigMap with name 'single-unparseable-yaml-test' in namespace 'test'
2024-05-17 18:05:31.485  INFO 26516 --- [127.0.0.1:44674] okhttp3.mockwebserver.MockWebServer      : MockWebServer[37255] received request: GET /api/v1/namespaces/test/configmaps/single-unparseable-yaml-test HTTP/1.1 and responded: HTTP/1.1 200 OK
2024-05-17 18:05:31.526  INFO 26516 --- [WebServer 48089] okhttp3.mockwebserver.MockWebServer      : MockWebServer[48089] done accepting connections: Socket closed
2024-05-17 18:05:31.532  INFO 26516 --- [WebServer 55455] okhttp3.mockwebserver.MockWebServer      : MockWebServer[55455] starting to accept connections
2024-05-17 18:05:31.535  INFO 26516 --- [WebServer 37073] okhttp3.mockwebserver.MockWebServer      : MockWebServer[37073] starting to accept connections
2024-05-17 18:05:31.542  INFO 26516 --- [           main] s.c.k.f.c.Fabric8ConfigMapPropertySource : Loading ConfigMap with name 'configmap' in namespace 'some'
2024-05-17 18:05:31.544  WARN 26516 --- [           main] s.c.k.f.c.Fabric8ConfigMapPropertySource : Can't read configMap with name: [configmap] in namespace: [some]. Ignoring.

java.lang.NullPointerException: null
	at org.springframework.cloud.kubernetes.fabric8.config.Fabric8ConfigUtils.getConfigMapData(Fabric8ConfigUtils.java:118)
	at org.springframework.cloud.kubernetes.fabric8.config.Fabric8ConfigMapPropertySource.getData(Fabric8ConfigMapPropertySource.java:79)
	at org.springframework.cloud.kubernetes.fabric8.config.Fabric8ConfigMapPropertySource.<init>(Fabric8ConfigMapPropertySource.java:70)
	at org.springframework.cloud.kubernetes.fabric8.config.Fabric8ConfigMapPropertySource.<init>(Fabric8ConfigMapPropertySource.java:53)
	at org.springframework.cloud.kubernetes.fabric8.config.Fabric8ConfigMapPropertySourceTests.deprecatedConstructorWithClientNamespaceMustNotFail(Fabric8ConfigMapPropertySourceTests.java:80)
	at sun.reflect.NativeMethodAccessorImpl.invoke0(Native Method)
	at sun.reflect.NativeMethodAccessorImpl.invoke(NativeMethodAccessorImpl.java:62)
	at sun.reflect.DelegatingMethodAccessorImpl.invoke(DelegatingMethodAccessorImpl.java:43)
	at java.lang.reflect.Method.invoke(Method.java:498)
	at org.junit.platform.commons.util.ReflectionUtils.invokeMethod(ReflectionUtils.java:725)
	at org.junit.jupiter.engine.execution.MethodInvocation.proceed(MethodInvocation.java:60)
	at org.junit.jupiter.engine.execution.InvocationInterceptorChain$ValidatingInvocation.proceed(InvocationInterceptorChain.java:131)
	at org.junit.jupiter.engine.extension.TimeoutExtension.intercept(TimeoutExtension.java:149)
	at org.junit.jupiter.engine.extension.TimeoutExtension.interceptTestableMethod(TimeoutExtension.java:140)
	at org.junit.jupiter.engine.extension.TimeoutExtension.interceptTestMethod(TimeoutExtension.java:84)
	at org.junit.jupiter.engine.execution.ExecutableInvoker$ReflectiveInterceptorCall.lambda$ofVoidMethod$0(ExecutableInvoker.java:115)
	at org.junit.jupiter.engine.execution.ExecutableInvoker.lambda$invoke$0(ExecutableInvoker.java:105)
	at org.junit.jupiter.engine.execution.InvocationInterceptorChain$InterceptedInvocation.proceed(InvocationInterceptorChain.java:106)
	at org.junit.jupiter.engine.execution.InvocationInterceptorChain.proceed(InvocationInterceptorChain.java:64)
	at org.junit.jupiter.engine.execution.InvocationInterceptorChain.chainAndInvoke(InvocationInterceptorChain.java:45)
	at org.junit.jupiter.engine.execution.InvocationInterceptorChain.invoke(InvocationInterceptorChain.java:37)
	at org.junit.jupiter.engine.execution.ExecutableInvoker.invoke(ExecutableInvoker.java:104)
	at org.junit.jupiter.engine.execution.ExecutableInvoker.invoke(ExecutableInvoker.java:98)
	at org.junit.jupiter.engine.descriptor.TestMethodTestDescriptor.lambda$invokeTestMethod$7(TestMethodTestDescriptor.java:214)
	at org.junit.platform.engine.support.hierarchical.ThrowableCollector.execute(ThrowableCollector.java:73)
	at org.junit.jupiter.engine.descriptor.TestMethodTestDescriptor.invokeTestMethod(TestMethodTestDescriptor.java:210)
	at org.junit.jupiter.engine.descriptor.TestMethodTestDescriptor.execute(TestMethodTestDescriptor.java:135)
	at org.junit.jupiter.engine.descriptor.TestMethodTestDescriptor.execute(TestMethodTestDescriptor.java:66)
	at org.junit.platform.engine.support.hierarchical.NodeTestTask.lambda$executeRecursively$6(NodeTestTask.java:151)
	at org.junit.platform.engine.support.hierarchical.ThrowableCollector.execute(ThrowableCollector.java:73)
	at org.junit.platform.engine.support.hierarchical.NodeTestTask.lambda$executeRecursively$8(NodeTestTask.java:141)
	at org.junit.platform.engine.support.hierarchical.Node.around(Node.java:137)
	at org.junit.platform.engine.support.hierarchical.NodeTestTask.lambda$executeRecursively$9(NodeTestTask.java:139)
	at org.junit.platform.engine.support.hierarchical.ThrowableCollector.execute(ThrowableCollector.java:73)
	at org.junit.platform.engine.support.hierarchical.NodeTestTask.executeRecursively(NodeTestTask.java:138)
	at org.junit.platform.engine.support.hierarchical.NodeTestTask.execute(NodeTestTask.java:95)
	at java.util.ArrayList.forEach(ArrayList.java:1259)
	at org.junit.platform.engine.support.hierarchical.SameThreadHierarchicalTestExecutorService.invokeAll(SameThreadHierarchicalTestExecutorService.java:41)
	at org.junit.platform.engine.support.hierarchical.NodeTestTask.lambda$executeRecursively$6(NodeTestTask.java:155)
	at org.junit.platform.engine.support.hierarchical.ThrowableCollector.execute(ThrowableCollector.java:73)
	at org.junit.platform.engine.support.hierarchical.NodeTestTask.lambda$executeRecursively$8(NodeTestTask.java:141)
	at org.junit.platform.engine.support.hierarchical.Node.around(Node.java:137)
	at org.junit.platform.engine.support.hierarchical.NodeTestTask.lambda$executeRecursively$9(NodeTestTask.java:139)
	at org.junit.platform.engine.support.hierarchical.ThrowableCollector.execute(ThrowableCollector.java:73)
	at org.junit.platform.engine.support.hierarchical.NodeTestTask.executeRecursively(NodeTestTask.java:138)
	at org.junit.platform.engine.support.hierarchical.NodeTestTask.execute(NodeTestTask.java:95)
	at java.util.ArrayList.forEach(ArrayList.java:1259)
	at org.junit.platform.engine.support.hierarchical.SameThreadHierarchicalTestExecutorService.invokeAll(SameThreadHierarchicalTestExecutorService.java:41)
	at org.junit.platform.engine.support.hierarchical.NodeTestTask.lambda$executeRecursively$6(NodeTestTask.java:155)
	at org.junit.platform.engine.support.hierarchical.ThrowableCollector.execute(ThrowableCollector.java:73)
	at org.junit.platform.engine.support.hierarchical.NodeTestTask.lambda$executeRecursively$8(NodeTestTask.java:141)
	at org.junit.platform.engine.support.hierarchical.Node.around(Node.java:137)
	at org.junit.platform.engine.support.hierarchical.NodeTestTask.lambda$executeRecursively$9(NodeTestTask.java:139)
	at org.junit.platform.engine.support.hierarchical.ThrowableCollector.execute(ThrowableCollector.java:73)
	at org.junit.platform.engine.support.hierarchical.NodeTestTask.executeRecursively(NodeTestTask.java:138)
	at org.junit.platform.engine.support.hierarchical.NodeTestTask.execute(NodeTestTask.java:95)
	at org.junit.platform.engine.support.hierarchical.SameThreadHierarchicalTestExecutorService.submit(SameThreadHierarchicalTestExecutorService.java:35)
	at org.junit.platform.engine.support.hierarchical.HierarchicalTestExecutor.execute(HierarchicalTestExecutor.java:57)
	at org.junit.platform.engine.support.hierarchical.HierarchicalTestEngine.execute(HierarchicalTestEngine.java:54)
	at org.junit.platform.launcher.core.DefaultLauncher.execute(DefaultLauncher.java:170)
	at org.junit.platform.launcher.core.DefaultLauncher.execute(DefaultLauncher.java:154)
	at org.junit.platform.launcher.core.DefaultLauncher.execute(DefaultLauncher.java:90)
	at edu.illinois.cs.testrunner.execution.JUnit5TestExecutor.runTestsSeparately(JUnit5TestExecutor.java:40)
	at edu.illinois.cs.testrunner.execution.Executor$.$anonfun$run$1(Executor.scala:33)
	at scala.runtime.java8.JFunction0$mcV$sp.apply(JFunction0$mcV$sp.java:12)
	at scala.util.Try$.apply(Try.scala:209)
	at edu.illinois.cs.testrunner.execution.Executor$.run(Executor.scala:28)
	at edu.illinois.cs.testrunner.execution.Executor$.main(Executor.scala:18)
	at edu.illinois.cs.testrunner.execution.Executor.main(Executor.scala)

2024-05-17 18:05:31.545  INFO 26516 --- [WebServer 37073] okhttp3.mockwebserver.MockWebServer      : MockWebServer[37073] done accepting connections: Socket closed
2024-05-17 18:05:31.549  INFO 26516 --- [WebServer 38523] okhttp3.mockwebserver.MockWebServer      : MockWebServer[38523] starting to accept connections
2024-05-17 18:05:31.553  INFO 26516 --- [WebServer 58305] okhttp3.mockwebserver.MockWebServer      : MockWebServer[58305] starting to accept connections
2024-05-17 18:05:31.553  INFO 26516 --- [           main] s.c.k.f.c.Fabric8ConfigMapPropertySource : Loading ConfigMap with name 'configmap' in namespace 'namespace'
2024-05-17 18:05:31.553  WARN 26516 --- [           main] s.c.k.f.c.Fabric8ConfigMapPropertySource : Can't read configMap with name: [configmap] in namespace: [namespace]. Ignoring.

java.lang.NullPointerException: null
	at org.springframework.cloud.kubernetes.fabric8.config.Fabric8ConfigUtils.getConfigMapData(Fabric8ConfigUtils.java:118)
	at org.springframework.cloud.kubernetes.fabric8.config.Fabric8ConfigMapPropertySource.getData(Fabric8ConfigMapPropertySource.java:79)
	at org.springframework.cloud.kubernetes.fabric8.config.Fabric8ConfigMapPropertySource.<init>(Fabric8ConfigMapPropertySource.java:63)
	at org.springframework.cloud.kubernetes.fabric8.config.Fabric8ConfigMapPropertySourceTests.constructorWithNamespaceMustNotFail(Fabric8ConfigMapPropertySourceTests.java:125)
	at sun.reflect.NativeMethodAccessorImpl.invoke0(Native Method)
	at sun.reflect.NativeMethodAccessorImpl.invoke(NativeMethodAccessorImpl.java:62)
	at sun.reflect.DelegatingMethodAccessorImpl.invoke(DelegatingMethodAccessorImpl.java:43)
	at java.lang.reflect.Method.invoke(Method.java:498)
	at org.junit.platform.commons.util.ReflectionUtils.invokeMethod(ReflectionUtils.java:725)
	at org.junit.jupiter.engine.execution.MethodInvocation.proceed(MethodInvocation.java:60)
	at org.junit.jupiter.engine.execution.InvocationInterceptorChain$ValidatingInvocation.proceed(InvocationInterceptorChain.java:131)
	at org.junit.jupiter.engine.extension.TimeoutExtension.intercept(TimeoutExtension.java:149)
	at org.junit.jupiter.engine.extension.TimeoutExtension.interceptTestableMethod(TimeoutExtension.java:140)
	at org.junit.jupiter.engine.extension.TimeoutExtension.interceptTestMethod(TimeoutExtension.java:84)
	at org.junit.jupiter.engine.execution.ExecutableInvoker$ReflectiveInterceptorCall.lambda$ofVoidMethod$0(ExecutableInvoker.java:115)
	at org.junit.jupiter.engine.execution.ExecutableInvoker.lambda$invoke$0(ExecutableInvoker.java:105)
	at org.junit.jupiter.engine.execution.InvocationInterceptorChain$InterceptedInvocation.proceed(InvocationInterceptorChain.java:106)
	at org.junit.jupiter.engine.execution.InvocationInterceptorChain.proceed(InvocationInterceptorChain.java:64)
	at org.junit.jupiter.engine.execution.InvocationInterceptorChain.chainAndInvoke(InvocationInterceptorChain.java:45)
	at org.junit.jupiter.engine.execution.InvocationInterceptorChain.invoke(InvocationInterceptorChain.java:37)
	at org.junit.jupiter.engine.execution.ExecutableInvoker.invoke(ExecutableInvoker.java:104)
	at org.junit.jupiter.engine.execution.ExecutableInvoker.invoke(ExecutableInvoker.java:98)
	at org.junit.jupiter.engine.descriptor.TestMethodTestDescriptor.lambda$invokeTestMethod$7(TestMethodTestDescriptor.java:214)
	at org.junit.platform.engine.support.hierarchical.ThrowableCollector.execute(ThrowableCollector.java:73)
	at org.junit.jupiter.engine.descriptor.TestMethodTestDescriptor.invokeTestMethod(TestMethodTestDescriptor.java:210)
	at org.junit.jupiter.engine.descriptor.TestMethodTestDescriptor.execute(TestMethodTestDescriptor.java:135)
	at org.junit.jupiter.engine.descriptor.TestMethodTestDescriptor.execute(TestMethodTestDescriptor.java:66)
	at org.junit.platform.engine.support.hierarchical.NodeTestTask.lambda$executeRecursively$6(NodeTestTask.java:151)
	at org.junit.platform.engine.support.hierarchical.ThrowableCollector.execute(ThrowableCollector.java:73)
	at org.junit.platform.engine.support.hierarchical.NodeTestTask.lambda$executeRecursively$8(NodeTestTask.java:141)
	at org.junit.platform.engine.support.hierarchical.Node.around(Node.java:137)
	at org.junit.platform.engine.support.hierarchical.NodeTestTask.lambda$executeRecursively$9(NodeTestTask.java:139)
	at org.junit.platform.engine.support.hierarchical.ThrowableCollector.execute(ThrowableCollector.java:73)
	at org.junit.platform.engine.support.hierarchical.NodeTestTask.executeRecursively(NodeTestTask.java:138)
	at org.junit.platform.engine.support.hierarchical.NodeTestTask.execute(NodeTestTask.java:95)
	at java.util.ArrayList.forEach(ArrayList.java:1259)
	at org.junit.platform.engine.support.hierarchical.SameThreadHierarchicalTestExecutorService.invokeAll(SameThreadHierarchicalTestExecutorService.java:41)
	at org.junit.platform.engine.support.hierarchical.NodeTestTask.lambda$executeRecursively$6(NodeTestTask.java:155)
	at org.junit.platform.engine.support.hierarchical.ThrowableCollector.execute(ThrowableCollector.java:73)
	at org.junit.platform.engine.support.hierarchical.NodeTestTask.lambda$executeRecursively$8(NodeTestTask.java:141)
	at org.junit.platform.engine.support.hierarchical.Node.around(Node.java:137)
	at org.junit.platform.engine.support.hierarchical.NodeTestTask.lambda$executeRecursively$9(NodeTestTask.java:139)
	at org.junit.platform.engine.support.hierarchical.ThrowableCollector.execute(ThrowableCollector.java:73)
	at org.junit.platform.engine.support.hierarchical.NodeTestTask.executeRecursively(NodeTestTask.java:138)
	at org.junit.platform.engine.support.hierarchical.NodeTestTask.execute(NodeTestTask.java:95)
	at java.util.ArrayList.forEach(ArrayList.java:1259)
	at org.junit.platform.engine.support.hierarchical.SameThreadHierarchicalTestExecutorService.invokeAll(SameThreadHierarchicalTestExecutorService.java:41)
	at org.junit.platform.engine.support.hierarchical.NodeTestTask.lambda$executeRecursively$6(NodeTestTask.java:155)
	at org.junit.platform.engine.support.hierarchical.ThrowableCollector.execute(ThrowableCollector.java:73)
	at org.junit.platform.engine.support.hierarchical.NodeTestTask.lambda$executeRecursively$8(NodeTestTask.java:141)
	at org.junit.platform.engine.support.hierarchical.Node.around(Node.java:137)
	at org.junit.platform.engine.support.hierarchical.NodeTestTask.lambda$executeRecursively$9(NodeTestTask.java:139)
	at org.junit.platform.engine.support.hierarchical.ThrowableCollector.execute(ThrowableCollector.java:73)
	at org.junit.platform.engine.support.hierarchical.NodeTestTask.executeRecursively(NodeTestTask.java:138)
	at org.junit.platform.engine.support.hierarchical.NodeTestTask.execute(NodeTestTask.java:95)
	at org.junit.platform.engine.support.hierarchical.SameThreadHierarchicalTestExecutorService.submit(SameThreadHierarchicalTestExecutorService.java:35)
	at org.junit.platform.engine.support.hierarchical.HierarchicalTestExecutor.execute(HierarchicalTestExecutor.java:57)
	at org.junit.platform.engine.support.hierarchical.HierarchicalTestEngine.execute(HierarchicalTestEngine.java:54)
	at org.junit.platform.launcher.core.DefaultLauncher.execute(DefaultLauncher.java:170)
	at org.junit.platform.launcher.core.DefaultLauncher.execute(DefaultLauncher.java:154)
	at org.junit.platform.launcher.core.DefaultLauncher.execute(DefaultLauncher.java:90)
	at edu.illinois.cs.testrunner.execution.JUnit5TestExecutor.runTestsSeparately(JUnit5TestExecutor.java:40)
	at edu.illinois.cs.testrunner.execution.Executor$.$anonfun$run$1(Executor.scala:33)
	at scala.runtime.java8.JFunction0$mcV$sp.apply(JFunction0$mcV$sp.java:12)
	at scala.util.Try$.apply(Try.scala:209)
	at edu.illinois.cs.testrunner.execution.Executor$.run(Executor.scala:28)
	at edu.illinois.cs.testrunner.execution.Executor$.main(Executor.scala:18)
	at edu.illinois.cs.testrunner.execution.Executor.main(Executor.scala)

2024-05-17 18:05:31.554  INFO 26516 --- [WebServer 58305] okhttp3.mockwebserver.MockWebServer      : MockWebServer[58305] done accepting connections: Socket closed
2024-05-17 18:05:31.559  INFO 26516 --- [WebServer 59803] okhttp3.mockwebserver.MockWebServer      : MockWebServer[59803] starting to accept connections
2024-05-17 18:05:31.563  INFO 26516 --- [WebServer 51651] okhttp3.mockwebserver.MockWebServer      : MockWebServer[51651] starting to accept connections
2024-05-17 18:05:31.563  INFO 26516 --- [           main] .b.t.c.SpringBootTestContextBootstrapper : Neither @ContextConfiguration nor @ContextHierarchy found for test class [org.springframework.cloud.kubernetes.fabric8.config.Fabric8SecretsPropertySourceLocatorRetryTests$SecretsRetryDisabledButConfigRetryEnabled], using SpringBootContextLoader
2024-05-17 18:05:31.564  INFO 26516 --- [           main] o.s.t.c.support.AbstractContextLoader    : Could not detect default resource locations for test class [org.springframework.cloud.kubernetes.fabric8.config.Fabric8SecretsPropertySourceLocatorRetryTests$SecretsRetryDisabledButConfigRetryEnabled]: no resource found for suffixes {-context.xml, Context.groovy}.
2024-05-17 18:05:31.566  INFO 26516 --- [           main] .b.t.c.SpringBootTestContextBootstrapper : Loaded default TestExecutionListener class names from location [META-INF/spring.factories]: [org.springframework.boot.test.mock.mockito.MockitoTestExecutionListener, org.springframework.boot.test.mock.mockito.ResetMocksTestExecutionListener, org.springframework.boot.test.autoconfigure.restdocs.RestDocsTestExecutionListener, org.springframework.boot.test.autoconfigure.web.client.MockRestServiceServerResetTestExecutionListener, org.springframework.boot.test.autoconfigure.web.servlet.MockMvcPrintOnlyOnFailureTestExecutionListener, org.springframework.boot.test.autoconfigure.web.servlet.WebDriverTestExecutionListener, org.springframework.boot.test.autoconfigure.webservices.client.MockWebServiceServerTestExecutionListener, org.springframework.test.context.web.ServletTestExecutionListener, org.springframework.test.context.support.DirtiesContextBeforeModesTestExecutionListener, org.springframework.test.context.event.ApplicationEventsTestExecutionListener, org.springframework.test.context.support.DependencyInjectionTestExecutionListener, org.springframework.test.context.support.DirtiesContextTestExecutionListener, org.springframework.test.context.transaction.TransactionalTestExecutionListener, org.springframework.test.context.jdbc.SqlScriptsTestExecutionListener, org.springframework.test.context.event.EventPublishingTestExecutionListener, org.spockframework.spring.SpringMockTestExecutionListener]
2024-05-17 18:05:31.567  INFO 26516 --- [           main] .b.t.c.SpringBootTestContextBootstrapper : Using TestExecutionListeners: [org.springframework.test.context.web.ServletTestExecutionListener@1a42da0a, org.springframework.test.context.support.DirtiesContextBeforeModesTestExecutionListener@5824b485, org.springframework.test.context.event.ApplicationEventsTestExecutionListener@4c2b8df7, org.springframework.boot.test.mock.mockito.MockitoTestExecutionListener@7734ddb8, org.springframework.boot.test.autoconfigure.SpringBootDependencyInjectionTestExecutionListener@7b2adbde, org.springframework.test.context.support.DirtiesContextTestExecutionListener@6d7c8a2, org.springframework.test.context.event.EventPublishingTestExecutionListener@1683b9ba, org.springframework.boot.test.mock.mockito.ResetMocksTestExecutionListener@470b7fcf, org.springframework.boot.test.autoconfigure.restdocs.RestDocsTestExecutionListener@6ad2a8db, org.springframework.boot.test.autoconfigure.web.client.MockRestServiceServerResetTestExecutionListener@52f8effb, org.springframework.boot.test.autoconfigure.web.servlet.MockMvcPrintOnlyOnFailureTestExecutionListener@59bdd277, org.springframework.boot.test.autoconfigure.web.servlet.WebDriverTestExecutionListener@45543b88, org.springframework.boot.test.autoconfigure.webservices.client.MockWebServiceServerTestExecutionListener@3a3fc789, org.spockframework.spring.SpringMockTestExecutionListener@2fad7002]
2024-05-17 18:05:31.610  WARN 26516 --- [           main] ubernetesProfileEnvironmentPostProcessor : Not running inside kubernetes. Skipping 'kubernetes' profile activation.
2024-05-17 18:05:31.655  INFO 26516 --- [           main] trationDelegate$BeanPostProcessorChecker : Bean 'org.springframework.retry.annotation.RetryConfiguration' of type [org.springframework.retry.annotation.RetryConfiguration] is not eligible for getting processed by all BeanPostProcessors (for example: not eligible for auto-proxying)

  .   ____          _            __ _ _
 /\\ / ___'_ __ _ _(_)_ __  __ _ \ \ \ \
( ( )\___ | '_ | '_| | '_ \/ _` | \ \ \ \
 \\/  ___)| |_)| | | | | || (_| |  ) ) ) )
  '  |____| .__|_| |_|_| |_\__, | / / / /
 =========|_|==============|___/=/_/_/_/
 :: Spring Boot ::                (v2.6.3)

2024-05-17 18:05:31.772  INFO 26516 --- [           main] s.c.k.f.c.Fabric8ConfigMapPropertySource : Loading ConfigMap with name 'application' in namespace 'default'
2024-05-17 18:05:31.871  INFO 26516 --- [127.0.0.1:50220] okhttp3.mockwebserver.MockWebServer      : MockWebServer[59803] received request: GET /api/v1/namespaces/default/configmaps/application HTTP/1.1 and responded: HTTP/1.1 404 Client Error
2024-05-17 18:05:31.873  INFO 26516 --- [           main] o.s.c.k.f.config.Fabric8ConfigUtils      : config-map with name : 'application' not present in namespace : 'default'
2024-05-17 18:05:31.874  INFO 26516 --- [           main] b.c.PropertySourceBootstrapConfiguration : Located property source: [BootstrapPropertySource {name='bootstrapProperties-configmap.application.default'}]
2024-05-17 18:05:31.880  INFO 26516 --- [           main] o.s.c.k.f.c.Fabric8SecretsPropertySource : Loading Secret with name 'my-secret' or with labels [{}] in namespace 'default'
2024-05-17 18:05:31.881  INFO 26516 --- [127.0.0.1:50220] okhttp3.mockwebserver.MockWebServer      : MockWebServer[59803] received request: GET /api/v1/namespaces/default/secrets/my-secret HTTP/1.1 and responded: HTTP/1.1 404 Client Error
2024-05-17 18:05:31.881  WARN 26516 --- [           main] o.s.c.k.f.c.Fabric8SecretsPropertySource : secret with name : my-secret in namespace : default not found
2024-05-17 18:05:31.882  INFO 26516 --- [127.0.0.1:50220] okhttp3.mockwebserver.MockWebServer      : MockWebServer[59803] received request: GET /api/v1/namespaces/default/secrets HTTP/1.1 and responded: HTTP/1.1 200 OK
2024-05-17 18:05:31.924  INFO 26516 --- [           main] b.c.PropertySourceBootstrapConfiguration : Located property source: [BootstrapPropertySource {name='bootstrapProperties-secrets.my-secret.default'}]
2024-05-17 18:05:31.927  WARN 26516 --- [           main] ubernetesProfileEnvironmentPostProcessor : Not running inside kubernetes. Skipping 'kubernetes' profile activation.
2024-05-17 18:05:31.927  INFO 26516 --- [           main] ecretsRetryDisabledButConfigRetryEnabled : No active profile set, falling back to default profiles: default
2024-05-17 18:05:32.268  INFO 26516 --- [           main] o.s.cloud.context.scope.GenericScope     : BeanFactory id=94652287-2eb9-367e-b08b-eea09b3b2900
2024-05-17 18:05:32.693  INFO 26516 --- [           main] ecretsRetryDisabledButConfigRetryEnabled : Started Fabric8SecretsPropertySourceLocatorRetryTests.SecretsRetryDisabledButConfigRetryEnabled in 1.124 seconds (JVM running for 20.281)
2024-05-17 18:05:32.698  INFO 26516 --- [WebServer 45313] okhttp3.mockwebserver.MockWebServer      : MockWebServer[45313] starting to accept connections
2024-05-17 18:05:32.707  INFO 26516 --- [           main] o.s.c.k.f.c.Fabric8SecretsPropertySource : Loading Secret with name 'my-secret' or with labels [{}] in namespace 'default'
2024-05-17 18:05:32.709  INFO 26516 --- [127.0.0.1:50220] okhttp3.mockwebserver.MockWebServer      : MockWebServer[59803] received request: GET /api/v1/namespaces/default/secrets/my-secret HTTP/1.1 and responded: HTTP/1.1 500 Server Error
2024-05-17 18:05:32.714  INFO 26516 --- [WebServer 45313] okhttp3.mockwebserver.MockWebServer      : MockWebServer[45313] done accepting connections: Socket closed
2024-05-17 18:05:32.717  INFO 26516 --- [           main] .b.t.c.SpringBootTestContextBootstrapper : Neither @ContextConfiguration nor @ContextHierarchy found for test class [org.springframework.cloud.kubernetes.fabric8.config.ConfigMapsFromFilePathsTests], using SpringBootContextLoader
2024-05-17 18:05:32.718  INFO 26516 --- [           main] o.s.t.c.support.AbstractContextLoader    : Could not detect default resource locations for test class [org.springframework.cloud.kubernetes.fabric8.config.ConfigMapsFromFilePathsTests]: no resource found for suffixes {-context.xml, Context.groovy}.
2024-05-17 18:05:32.719  INFO 26516 --- [           main] .b.t.c.SpringBootTestContextBootstrapper : Loaded default TestExecutionListener class names from location [META-INF/spring.factories]: [org.springframework.boot.test.mock.mockito.MockitoTestExecutionListener, org.springframework.boot.test.mock.mockito.ResetMocksTestExecutionListener, org.springframework.boot.test.autoconfigure.restdocs.RestDocsTestExecutionListener, org.springframework.boot.test.autoconfigure.web.client.MockRestServiceServerResetTestExecutionListener, org.springframework.boot.test.autoconfigure.web.servlet.MockMvcPrintOnlyOnFailureTestExecutionListener, org.springframework.boot.test.autoconfigure.web.servlet.WebDriverTestExecutionListener, org.springframework.boot.test.autoconfigure.webservices.client.MockWebServiceServerTestExecutionListener, org.springframework.test.context.web.ServletTestExecutionListener, org.springframework.test.context.support.DirtiesContextBeforeModesTestExecutionListener, org.springframework.test.context.event.ApplicationEventsTestExecutionListener, org.springframework.test.context.support.DependencyInjectionTestExecutionListener, org.springframework.test.context.support.DirtiesContextTestExecutionListener, org.springframework.test.context.transaction.TransactionalTestExecutionListener, org.springframework.test.context.jdbc.SqlScriptsTestExecutionListener, org.springframework.test.context.event.EventPublishingTestExecutionListener, org.spockframework.spring.SpringMockTestExecutionListener]
2024-05-17 18:05:32.720  INFO 26516 --- [           main] .b.t.c.SpringBootTestContextBootstrapper : Using TestExecutionListeners: [org.springframework.test.context.web.ServletTestExecutionListener@51f714d1, org.springframework.test.context.support.DirtiesContextBeforeModesTestExecutionListener@77e8492f, org.springframework.test.context.event.ApplicationEventsTestExecutionListener@1263d20d, org.springframework.boot.test.mock.mockito.MockitoTestExecutionListener@4f355321, org.springframework.boot.test.autoconfigure.SpringBootDependencyInjectionTestExecutionListener@260d878a, org.springframework.test.context.support.DirtiesContextTestExecutionListener@13190355, org.springframework.test.context.event.EventPublishingTestExecutionListener@1f664881, org.springframework.boot.test.mock.mockito.ResetMocksTestExecutionListener@7aafac17, org.springframework.boot.test.autoconfigure.restdocs.RestDocsTestExecutionListener@3054551f, org.springframework.boot.test.autoconfigure.web.client.MockRestServiceServerResetTestExecutionListener@6b8cfbeb, org.springframework.boot.test.autoconfigure.web.servlet.MockMvcPrintOnlyOnFailureTestExecutionListener@4603845b, org.springframework.boot.test.autoconfigure.web.servlet.WebDriverTestExecutionListener@414b5798, org.springframework.boot.test.autoconfigure.webservices.client.MockWebServiceServerTestExecutionListener@53251e03, org.spockframework.spring.SpringMockTestExecutionListener@5ffae42f]
2024-05-17 18:05:32.722  INFO 26516 --- [WebServer 56351] okhttp3.mockwebserver.MockWebServer      : MockWebServer[56351] starting to accept connections
2024-05-17 18:05:32.727  INFO 26516 --- [WebServer 50789] okhttp3.mockwebserver.MockWebServer      : MockWebServer[50789] starting to accept connections
2024-05-17 18:05:32.739  INFO 26516 --- [WebServer 50789] okhttp3.mockwebserver.MockWebServer      : MockWebServer[50789] done accepting connections: Socket closed
2024-05-17 18:05:32.743  INFO 26516 --- [           main] .b.t.c.SpringBootTestContextBootstrapper : Neither @ContextConfiguration nor @ContextHierarchy found for test class [org.springframework.cloud.kubernetes.fabric8.config.Fabric8BootstrapConfigurationTests$KubernetesEnabledSecretsDisabled], using SpringBootContextLoader
2024-05-17 18:05:32.745  INFO 26516 --- [           main] o.s.t.c.support.AbstractContextLoader    : Could not detect default resource locations for test class [org.springframework.cloud.kubernetes.fabric8.config.Fabric8BootstrapConfigurationTests$KubernetesEnabledSecretsDisabled]: no resource found for suffixes {-context.xml, Context.groovy}.
2024-05-17 18:05:32.746  INFO 26516 --- [           main] .b.t.c.SpringBootTestContextBootstrapper : Loaded default TestExecutionListener class names from location [META-INF/spring.factories]: [org.springframework.boot.test.mock.mockito.MockitoTestExecutionListener, org.springframework.boot.test.mock.mockito.ResetMocksTestExecutionListener, org.springframework.boot.test.autoconfigure.restdocs.RestDocsTestExecutionListener, org.springframework.boot.test.autoconfigure.web.client.MockRestServiceServerResetTestExecutionListener, org.springframework.boot.test.autoconfigure.web.servlet.MockMvcPrintOnlyOnFailureTestExecutionListener, org.springframework.boot.test.autoconfigure.web.servlet.WebDriverTestExecutionListener, org.springframework.boot.test.autoconfigure.webservices.client.MockWebServiceServerTestExecutionListener, org.springframework.test.context.web.ServletTestExecutionListener, org.springframework.test.context.support.DirtiesContextBeforeModesTestExecutionListener, org.springframework.test.context.event.ApplicationEventsTestExecutionListener, org.springframework.test.context.support.DependencyInjectionTestExecutionListener, org.springframework.test.context.support.DirtiesContextTestExecutionListener, org.springframework.test.context.transaction.TransactionalTestExecutionListener, org.springframework.test.context.jdbc.SqlScriptsTestExecutionListener, org.springframework.test.context.event.EventPublishingTestExecutionListener, org.spockframework.spring.SpringMockTestExecutionListener]
2024-05-17 18:05:32.748  INFO 26516 --- [           main] .b.t.c.SpringBootTestContextBootstrapper : Using TestExecutionListeners: [org.springframework.test.context.web.ServletTestExecutionListener@81a193b, org.springframework.test.context.support.DirtiesContextBeforeModesTestExecutionListener@3eff5c32, org.springframework.test.context.event.ApplicationEventsTestExecutionListener@79d538c1, org.springframework.boot.test.mock.mockito.MockitoTestExecutionListener@31e08c61, org.springframework.boot.test.autoconfigure.SpringBootDependencyInjectionTestExecutionListener@69eb88a7, org.springframework.test.context.support.DirtiesContextTestExecutionListener@2db15764, org.springframework.test.context.event.EventPublishingTestExecutionListener@7d727123, org.springframework.boot.test.mock.mockito.ResetMocksTestExecutionListener@48446968, org.springframework.boot.test.autoconfigure.restdocs.RestDocsTestExecutionListener@7ddf7e77, org.springframework.boot.test.autoconfigure.web.client.MockRestServiceServerResetTestExecutionListener@5a720cdf, org.springframework.boot.test.autoconfigure.web.servlet.MockMvcPrintOnlyOnFailureTestExecutionListener@34e785db, org.springframework.boot.test.autoconfigure.web.servlet.WebDriverTestExecutionListener@5f83b506, org.springframework.boot.test.autoconfigure.webservices.client.MockWebServiceServerTestExecutionListener@59294447, org.spockframework.spring.SpringMockTestExecutionListener@1377af49]
2024-05-17 18:05:32.790  WARN 26516 --- [           main] ubernetesProfileEnvironmentPostProcessor : Not running inside kubernetes. Skipping 'kubernetes' profile activation.

  .   ____          _            __ _ _
 /\\ / ___'_ __ _ _(_)_ __  __ _ \ \ \ \
( ( )\___ | '_ | '_| | '_ \/ _` | \ \ \ \
 \\/  ___)| |_)| | | | | || (_| |  ) ) ) )
  '  |____| .__|_| |_|_| |_\__, | / / / /
 =========|_|==============|___/=/_/_/_/
 :: Spring Boot ::                (v2.6.3)

2024-05-17 18:05:32.853  INFO 26516 --- [           main] s.c.k.f.c.Fabric8ConfigMapPropertySource : Loading ConfigMap with name 'application' in namespace 'default'
2024-05-17 18:05:32.855  INFO 26516 --- [127.0.0.1:40978] okhttp3.mockwebserver.MockWebServer      : MockWebServer[56351] received request: GET /api/v1/namespaces/default/configmaps/application HTTP/1.1 and responded: HTTP/1.1 404 Client Error
2024-05-17 18:05:32.857  INFO 26516 --- [           main] o.s.c.k.f.config.Fabric8ConfigUtils      : config-map with name : 'application' not present in namespace : 'default'
2024-05-17 18:05:32.858  INFO 26516 --- [           main] b.c.PropertySourceBootstrapConfiguration : Located property source: [BootstrapPropertySource {name='bootstrapProperties-configmap.application.default'}]
2024-05-17 18:05:32.861  WARN 26516 --- [           main] ubernetesProfileEnvironmentPostProcessor : Not running inside kubernetes. Skipping 'kubernetes' profile activation.
2024-05-17 18:05:32.861  INFO 26516 --- [           main] onTests$KubernetesEnabledSecretsDisabled : No active profile set, falling back to default profiles: default
2024-05-17 18:05:33.216  INFO 26516 --- [           main] o.s.cloud.context.scope.GenericScope     : BeanFactory id=b44b17b9-4871-3254-a9f0-4dd2fdc4c959
2024-05-17 18:05:33.313  INFO 26516 --- [           main] o.s.b.w.embedded.tomcat.TomcatWebServer  : Tomcat initialized with port(s): 0 (http)
2024-05-17 18:05:33.314  INFO 26516 --- [           main] o.apache.catalina.core.StandardService   : Starting service [Tomcat]
2024-05-17 18:05:33.314  INFO 26516 --- [           main] org.apache.catalina.core.StandardEngine  : Starting Servlet engine: [Apache Tomcat/9.0.56]
2024-05-17 18:05:33.323  INFO 26516 --- [           main] o.a.c.c.C.[Tomcat-7].[localhost].[/]     : Initializing Spring embedded WebApplicationContext
2024-05-17 18:05:33.323  INFO 26516 --- [           main] w.s.c.ServletWebServerApplicationContext : Root WebApplicationContext: initialization completed in 461 ms
2024-05-17 18:05:33.914  INFO 26516 --- [           main] o.s.b.a.e.web.EndpointLinksResolver      : Exposing 1 endpoint(s) beneath base path '/actuator'
2024-05-17 18:05:33.956  INFO 26516 --- [           main] o.s.b.w.embedded.tomcat.TomcatWebServer  : Tomcat started on port(s): 44965 (http) with context path ''
2024-05-17 18:05:33.962  INFO 26516 --- [           main] onTests$KubernetesEnabledSecretsDisabled : Started Fabric8BootstrapConfigurationTests.KubernetesEnabledSecretsDisabled in 1.212 seconds (JVM running for 21.55)
2024-05-17 18:05:33.971  INFO 26516 --- [           main] .b.t.c.SpringBootTestContextBootstrapper : Neither @ContextConfiguration nor @ContextHierarchy found for test class [org.springframework.cloud.kubernetes.fabric8.config.ConfigMapsTests], using SpringBootContextLoader
2024-05-17 18:05:33.972  INFO 26516 --- [           main] o.s.t.c.support.AbstractContextLoader    : Could not detect default resource locations for test class [org.springframework.cloud.kubernetes.fabric8.config.ConfigMapsTests]: no resource found for suffixes {-context.xml, Context.groovy}.
2024-05-17 18:05:33.974  INFO 26516 --- [           main] .b.t.c.SpringBootTestContextBootstrapper : Loaded default TestExecutionListener class names from location [META-INF/spring.factories]: [org.springframework.boot.test.mock.mockito.MockitoTestExecutionListener, org.springframework.boot.test.mock.mockito.ResetMocksTestExecutionListener, org.springframework.boot.test.autoconfigure.restdocs.RestDocsTestExecutionListener, org.springframework.boot.test.autoconfigure.web.client.MockRestServiceServerResetTestExecutionListener, org.springframework.boot.test.autoconfigure.web.servlet.MockMvcPrintOnlyOnFailureTestExecutionListener, org.springframework.boot.test.autoconfigure.web.servlet.WebDriverTestExecutionListener, org.springframework.boot.test.autoconfigure.webservices.client.MockWebServiceServerTestExecutionListener, org.springframework.test.context.web.ServletTestExecutionListener, org.springframework.test.context.support.DirtiesContextBeforeModesTestExecutionListener, org.springframework.test.context.event.ApplicationEventsTestExecutionListener, org.springframework.test.context.support.DependencyInjectionTestExecutionListener, org.springframework.test.context.support.DirtiesContextTestExecutionListener, org.springframework.test.context.transaction.TransactionalTestExecutionListener, org.springframework.test.context.jdbc.SqlScriptsTestExecutionListener, org.springframework.test.context.event.EventPublishingTestExecutionListener, org.spockframework.spring.SpringMockTestExecutionListener]
2024-05-17 18:05:33.975  INFO 26516 --- [           main] .b.t.c.SpringBootTestContextBootstrapper : Using TestExecutionListeners: [org.springframework.test.context.web.ServletTestExecutionListener@4fc28b23, org.springframework.test.context.support.DirtiesContextBeforeModesTestExecutionListener@1b58788a, org.springframework.test.context.event.ApplicationEventsTestExecutionListener@31881213, org.springframework.boot.test.mock.mockito.MockitoTestExecutionListener@2162e4a, org.springframework.boot.test.autoconfigure.SpringBootDependencyInjectionTestExecutionListener@595626b8, org.springframework.test.context.support.DirtiesContextTestExecutionListener@1928930, org.springframework.test.context.event.EventPublishingTestExecutionListener@707b0b9b, org.springframework.boot.test.mock.mockito.ResetMocksTestExecutionListener@43ac1fa0, org.springframework.boot.test.autoconfigure.restdocs.RestDocsTestExecutionListener@2ba7828b, org.springframework.boot.test.autoconfigure.web.client.MockRestServiceServerResetTestExecutionListener@3e6945c6, org.springframework.boot.test.autoconfigure.web.servlet.MockMvcPrintOnlyOnFailureTestExecutionListener@16e6a643, org.springframework.boot.test.autoconfigure.web.servlet.WebDriverTestExecutionListener@3514ea20, org.springframework.boot.test.autoconfigure.webservices.client.MockWebServiceServerTestExecutionListener@223095d3, org.spockframework.spring.SpringMockTestExecutionListener@5683a326]
2024-05-17 18:05:33.976  INFO 26516 --- [WebServer 53093] okhttp3.mockwebserver.MockWebServer      : MockWebServer[53093] starting to accept connections
2024-05-17 18:05:33.980  INFO 26516 --- [127.0.0.1:47596] okhttp3.mockwebserver.MockWebServer      : MockWebServer[53093] received request: POST /api/v1/namespaces/test/configmaps HTTP/1.1 and responded: HTTP/1.1 200 OK
2024-05-17 18:05:33.983  INFO 26516 --- [WebServer 42965] okhttp3.mockwebserver.MockWebServer      : MockWebServer[42965] starting to accept connections
2024-05-17 18:05:33.991  INFO 26516 --- [o-auto-5-exec-1] o.a.c.c.C.[Tomcat-4].[localhost].[/]     : Initializing Spring DispatcherServlet 'dispatcherServlet'
2024-05-17 18:05:33.991  INFO 26516 --- [o-auto-5-exec-1] o.s.web.servlet.DispatcherServlet        : Initializing Servlet 'dispatcherServlet'
2024-05-17 18:05:33.992  INFO 26516 --- [o-auto-5-exec-1] o.s.web.servlet.DispatcherServlet        : Completed initialization in 1 ms
2024-05-17 18:05:33.999  INFO 26516 --- [WebServer 42965] okhttp3.mockwebserver.MockWebServer      : MockWebServer[42965] done accepting connections: Socket closed
2024-05-17 18:05:34.003  INFO 26516 --- [           main] .b.t.c.SpringBootTestContextBootstrapper : Neither @ContextConfiguration nor @ContextHierarchy found for test class [org.springframework.cloud.kubernetes.fabric8.config.ConfigMapWithIncludeProfileSpecificSourcesTests], using SpringBootContextLoader
2024-05-17 18:05:34.004  INFO 26516 --- [           main] o.s.t.c.support.AbstractContextLoader    : Could not detect default resource locations for test class [org.springframework.cloud.kubernetes.fabric8.config.ConfigMapWithIncludeProfileSpecificSourcesTests]: no resource found for suffixes {-context.xml, Context.groovy}.
2024-05-17 18:05:34.005  INFO 26516 --- [           main] .b.t.c.SpringBootTestContextBootstrapper : Loaded default TestExecutionListener class names from location [META-INF/spring.factories]: [org.springframework.boot.test.mock.mockito.MockitoTestExecutionListener, org.springframework.boot.test.mock.mockito.ResetMocksTestExecutionListener, org.springframework.boot.test.autoconfigure.restdocs.RestDocsTestExecutionListener, org.springframework.boot.test.autoconfigure.web.client.MockRestServiceServerResetTestExecutionListener, org.springframework.boot.test.autoconfigure.web.servlet.MockMvcPrintOnlyOnFailureTestExecutionListener, org.springframework.boot.test.autoconfigure.web.servlet.WebDriverTestExecutionListener, org.springframework.boot.test.autoconfigure.webservices.client.MockWebServiceServerTestExecutionListener, org.springframework.test.context.web.ServletTestExecutionListener, org.springframework.test.context.support.DirtiesContextBeforeModesTestExecutionListener, org.springframework.test.context.event.ApplicationEventsTestExecutionListener, org.springframework.test.context.support.DependencyInjectionTestExecutionListener, org.springframework.test.context.support.DirtiesContextTestExecutionListener, org.springframework.test.context.transaction.TransactionalTestExecutionListener, org.springframework.test.context.jdbc.SqlScriptsTestExecutionListener, org.springframework.test.context.event.EventPublishingTestExecutionListener, org.spockframework.spring.SpringMockTestExecutionListener]
2024-05-17 18:05:34.007  INFO 26516 --- [           main] .b.t.c.SpringBootTestContextBootstrapper : Using TestExecutionListeners: [org.springframework.test.context.web.ServletTestExecutionListener@32fa7ff0, org.springframework.test.context.support.DirtiesContextBeforeModesTestExecutionListener@32fccfc2, org.springframework.test.context.event.ApplicationEventsTestExecutionListener@4702faee, org.springframework.boot.test.mock.mockito.MockitoTestExecutionListener@576d4810, org.springframework.boot.test.autoconfigure.SpringBootDependencyInjectionTestExecutionListener@3609b8f2, org.springframework.test.context.support.DirtiesContextTestExecutionListener@62dfe32e, org.springframework.test.context.event.EventPublishingTestExecutionListener@32dab011, org.springframework.boot.test.mock.mockito.ResetMocksTestExecutionListener@fca4392, org.springframework.boot.test.autoconfigure.restdocs.RestDocsTestExecutionListener@747fb4b1, org.springframework.boot.test.autoconfigure.web.client.MockRestServiceServerResetTestExecutionListener@6924ff83, org.springframework.boot.test.autoconfigure.web.servlet.MockMvcPrintOnlyOnFailureTestExecutionListener@e19908e, org.springframework.boot.test.autoconfigure.web.servlet.WebDriverTestExecutionListener@5312940c, org.springframework.boot.test.autoconfigure.webservices.client.MockWebServiceServerTestExecutionListener@5ac168e3, org.spockframework.spring.SpringMockTestExecutionListener@14574cdf]
2024-05-17 18:05:34.008  INFO 26516 --- [WebServer 60959] okhttp3.mockwebserver.MockWebServer      : MockWebServer[60959] starting to accept connections
2024-05-17 18:05:34.012  INFO 26516 --- [127.0.0.1:52028] okhttp3.mockwebserver.MockWebServer      : MockWebServer[60959] received request: POST /api/v1/namespaces/spring-k8s/configmaps HTTP/1.1 and responded: HTTP/1.1 200 OK
2024-05-17 18:05:34.016  INFO 26516 --- [127.0.0.1:52028] okhttp3.mockwebserver.MockWebServer      : MockWebServer[60959] received request: POST /api/v1/namespaces/spring-k8s/configmaps HTTP/1.1 and responded: HTTP/1.1 200 OK
2024-05-17 18:05:34.062  INFO 26516 --- [127.0.0.1:52028] okhttp3.mockwebserver.MockWebServer      : MockWebServer[60959] received request: POST /api/v1/namespaces/spring-k8s/configmaps HTTP/1.1 and responded: HTTP/1.1 200 OK
2024-05-17 18:05:34.111  INFO 26516 --- [127.0.0.1:52028] okhttp3.mockwebserver.MockWebServer      : MockWebServer[60959] received request: POST /api/v1/namespaces/spring-k8s/configmaps HTTP/1.1 and responded: HTTP/1.1 200 OK
2024-05-17 18:05:34.161  INFO 26516 --- [127.0.0.1:52028] okhttp3.mockwebserver.MockWebServer      : MockWebServer[60959] received request: POST /api/v1/namespaces/spring-k8s/configmaps HTTP/1.1 and responded: HTTP/1.1 200 OK
2024-05-17 18:05:34.284  WARN 26516 --- [           main] ubernetesProfileEnvironmentPostProcessor : Not running inside kubernetes. Skipping 'kubernetes' profile activation.

  .   ____          _            __ _ _
 /\\ / ___'_ __ _ _(_)_ __  __ _ \ \ \ \
( ( )\___ | '_ | '_| | '_ \/ _` | \ \ \ \
 \\/  ___)| |_)| | | | | || (_| |  ) ) ) )
  '  |____| .__|_| |_|_| |_\__, | / / / /
 =========|_|==============|___/=/_/_/_/
 :: Spring Boot ::                (v2.6.3)

2024-05-17 18:05:34.363  INFO 26516 --- [           main] s.c.k.f.c.Fabric8ConfigMapPropertySource : Loading ConfigMap with name 'config-map-one' in namespace 'spring-k8s'
2024-05-17 18:05:34.366  INFO 26516 --- [127.0.0.1:52034] okhttp3.mockwebserver.MockWebServer      : MockWebServer[60959] received request: GET /api/v1/namespaces/spring-k8s/configmaps/config-map-one HTTP/1.1 and responded: HTTP/1.1 404 Client Error
2024-05-17 18:05:34.369  INFO 26516 --- [           main] o.s.c.k.f.config.Fabric8ConfigUtils      : config-map with name : 'config-map-one' not present in namespace : 'spring-k8s'
2024-05-17 18:05:34.371  INFO 26516 --- [127.0.0.1:52034] okhttp3.mockwebserver.MockWebServer      : MockWebServer[60959] received request: GET /api/v1/namespaces/spring-k8s/configmaps/config-map-one-dev HTTP/1.1 and responded: HTTP/1.1 200 OK
2024-05-17 18:05:34.412  INFO 26516 --- [           main] s.c.k.f.c.Fabric8ConfigMapPropertySource : Loading ConfigMap with name 'config-map-two' in namespace 'spring-k8s'
2024-05-17 18:05:34.413  INFO 26516 --- [127.0.0.1:52034] okhttp3.mockwebserver.MockWebServer      : MockWebServer[60959] received request: GET /api/v1/namespaces/spring-k8s/configmaps/config-map-two HTTP/1.1 and responded: HTTP/1.1 200 OK
2024-05-17 18:05:34.454  INFO 26516 --- [           main] s.c.k.f.c.Fabric8ConfigMapPropertySource : Loading ConfigMap with name 'config-map-three' in namespace 'spring-k8s'
2024-05-17 18:05:34.455  INFO 26516 --- [127.0.0.1:52034] okhttp3.mockwebserver.MockWebServer      : MockWebServer[60959] received request: GET /api/v1/namespaces/spring-k8s/configmaps/config-map-three HTTP/1.1 and responded: HTTP/1.1 200 OK
2024-05-17 18:05:34.497  INFO 26516 --- [           main] b.c.PropertySourceBootstrapConfiguration : Located property source: [BootstrapPropertySource {name='bootstrapProperties-configmap.config-map-three.spring-k8s'}, BootstrapPropertySource {name='bootstrapProperties-configmap.config-map-two.spring-k8s'}, BootstrapPropertySource {name='bootstrapProperties-configmap.config-map-one.spring-k8s'}]
2024-05-17 18:05:34.506  WARN 26516 --- [           main] ubernetesProfileEnvironmentPostProcessor : Not running inside kubernetes. Skipping 'kubernetes' profile activation.
2024-05-17 18:05:34.506  INFO 26516 --- [           main] apWithIncludeProfileSpecificSourcesTests : The following profiles are active: dev
2024-05-17 18:05:34.724  INFO 26516 --- [           main] o.s.cloud.context.scope.GenericScope     : BeanFactory id=25e932e5-66c9-3368-9666-2d7e7b1ab398
2024-05-17 18:05:34.807  INFO 26516 --- [           main] o.s.b.w.embedded.tomcat.TomcatWebServer  : Tomcat initialized with port(s): 0 (http)
2024-05-17 18:05:34.807  INFO 26516 --- [           main] o.apache.catalina.core.StandardService   : Starting service [Tomcat]
2024-05-17 18:05:34.807  INFO 26516 --- [           main] org.apache.catalina.core.StandardEngine  : Starting Servlet engine: [Apache Tomcat/9.0.56]
2024-05-17 18:05:34.816  INFO 26516 --- [           main] o.a.c.c.C.[Tomcat-8].[localhost].[/]     : Initializing Spring embedded WebApplicationContext
2024-05-17 18:05:34.816  INFO 26516 --- [           main] w.s.c.ServletWebServerApplicationContext : Root WebApplicationContext: initialization completed in 307 ms
2024-05-17 18:05:35.419  INFO 26516 --- [           main] o.s.b.a.e.web.EndpointLinksResolver      : Exposing 1 endpoint(s) beneath base path '/actuator'
2024-05-17 18:05:35.461  INFO 26516 --- [           main] o.s.b.w.embedded.tomcat.TomcatWebServer  : Tomcat started on port(s): 38161 (http) with context path ''
2024-05-17 18:05:35.466  INFO 26516 --- [           main] apWithIncludeProfileSpecificSourcesTests : Started ConfigMapWithIncludeProfileSpecificSourcesTests in 1.261 seconds (JVM running for 23.054)
2024-05-17 18:05:35.476  INFO 26516 --- [WebServer 33913] okhttp3.mockwebserver.MockWebServer      : MockWebServer[33913] starting to accept connections
2024-05-17 18:05:35.484  INFO 26516 --- [o-auto-9-exec-1] o.a.c.c.C.[Tomcat-8].[localhost].[/]     : Initializing Spring DispatcherServlet 'dispatcherServlet'
2024-05-17 18:05:35.484  INFO 26516 --- [o-auto-9-exec-1] o.s.web.servlet.DispatcherServlet        : Initializing Servlet 'dispatcherServlet'
2024-05-17 18:05:35.485  INFO 26516 --- [o-auto-9-exec-1] o.s.web.servlet.DispatcherServlet        : Completed initialization in 1 ms
2024-05-17 18:05:35.499  INFO 26516 --- [WebServer 33913] okhttp3.mockwebserver.MockWebServer      : MockWebServer[33913] done accepting connections: Socket closed
2024-05-17 18:05:35.502  INFO 26516 --- [           main] .b.t.c.SpringBootTestContextBootstrapper : Neither @ContextConfiguration nor @ContextHierarchy found for test class [org.springframework.cloud.kubernetes.fabric8.config.Fabric8BootstrapConfigurationTests$KubernetesEnabledSecretsAndConfigDisabled], using SpringBootContextLoader
2024-05-17 18:05:35.503  INFO 26516 --- [           main] o.s.t.c.support.AbstractContextLoader    : Could not detect default resource locations for test class [org.springframework.cloud.kubernetes.fabric8.config.Fabric8BootstrapConfigurationTests$KubernetesEnabledSecretsAndConfigDisabled]: no resource found for suffixes {-context.xml, Context.groovy}.
2024-05-17 18:05:35.504  INFO 26516 --- [           main] .b.t.c.SpringBootTestContextBootstrapper : Loaded default TestExecutionListener class names from location [META-INF/spring.factories]: [org.springframework.boot.test.mock.mockito.MockitoTestExecutionListener, org.springframework.boot.test.mock.mockito.ResetMocksTestExecutionListener, org.springframework.boot.test.autoconfigure.restdocs.RestDocsTestExecutionListener, org.springframework.boot.test.autoconfigure.web.client.MockRestServiceServerResetTestExecutionListener, org.springframework.boot.test.autoconfigure.web.servlet.MockMvcPrintOnlyOnFailureTestExecutionListener, org.springframework.boot.test.autoconfigure.web.servlet.WebDriverTestExecutionListener, org.springframework.boot.test.autoconfigure.webservices.client.MockWebServiceServerTestExecutionListener, org.springframework.test.context.web.ServletTestExecutionListener, org.springframework.test.context.support.DirtiesContextBeforeModesTestExecutionListener, org.springframework.test.context.event.ApplicationEventsTestExecutionListener, org.springframework.test.context.support.DependencyInjectionTestExecutionListener, org.springframework.test.context.support.DirtiesContextTestExecutionListener, org.springframework.test.context.transaction.TransactionalTestExecutionListener, org.springframework.test.context.jdbc.SqlScriptsTestExecutionListener, org.springframework.test.context.event.EventPublishingTestExecutionListener, org.spockframework.spring.SpringMockTestExecutionListener]
2024-05-17 18:05:35.505  INFO 26516 --- [           main] .b.t.c.SpringBootTestContextBootstrapper : Using TestExecutionListeners: [org.springframework.test.context.web.ServletTestExecutionListener@79ae2d13, org.springframework.test.context.support.DirtiesContextBeforeModesTestExecutionListener@7ce87f9d, org.springframework.test.context.event.ApplicationEventsTestExecutionListener@e944541, org.springframework.boot.test.mock.mockito.MockitoTestExecutionListener@1c89cec5, org.springframework.boot.test.autoconfigure.SpringBootDependencyInjectionTestExecutionListener@1447bef2, org.springframework.test.context.support.DirtiesContextTestExecutionListener@2b6c3f70, org.springframework.test.context.event.EventPublishingTestExecutionListener@77ec911, org.springframework.boot.test.mock.mockito.ResetMocksTestExecutionListener@55d3c0dd, org.springframework.boot.test.autoconfigure.restdocs.RestDocsTestExecutionListener@7c4a44bb, org.springframework.boot.test.autoconfigure.web.client.MockRestServiceServerResetTestExecutionListener@369773fd, org.springframework.boot.test.autoconfigure.web.servlet.MockMvcPrintOnlyOnFailureTestExecutionListener@47d0127f, org.springframework.boot.test.autoconfigure.web.servlet.WebDriverTestExecutionListener@c4ef770, org.springframework.boot.test.autoconfigure.webservices.client.MockWebServiceServerTestExecutionListener@228f15de, org.spockframework.spring.SpringMockTestExecutionListener@2f8a82e9]
2024-05-17 18:05:35.542  WARN 26516 --- [           main] ubernetesProfileEnvironmentPostProcessor : Not running inside kubernetes. Skipping 'kubernetes' profile activation.

  .   ____          _            __ _ _
 /\\ / ___'_ __ _ _(_)_ __  __ _ \ \ \ \
( ( )\___ | '_ | '_| | '_ \/ _` | \ \ \ \
 \\/  ___)| |_)| | | | | || (_| |  ) ) ) )
  '  |____| .__|_| |_|_| |_\__, | / / / /
 =========|_|==============|___/=/_/_/_/
 :: Spring Boot ::                (v2.6.3)

2024-05-17 18:05:35.616  WARN 26516 --- [           main] ubernetesProfileEnvironmentPostProcessor : Not running inside kubernetes. Skipping 'kubernetes' profile activation.
2024-05-17 18:05:35.616  INFO 26516 --- [           main] ubernetesEnabledSecretsAndConfigDisabled : No active profile set, falling back to default profiles: default
2024-05-17 18:05:35.991  INFO 26516 --- [           main] o.s.cloud.context.scope.GenericScope     : BeanFactory id=28f5efda-2be0-3ec4-9d06-389d7832aa32
2024-05-17 18:05:36.115  INFO 26516 --- [           main] o.s.b.w.embedded.tomcat.TomcatWebServer  : Tomcat initialized with port(s): 0 (http)
2024-05-17 18:05:36.116  INFO 26516 --- [           main] o.apache.catalina.core.StandardService   : Starting service [Tomcat]
2024-05-17 18:05:36.116  INFO 26516 --- [           main] org.apache.catalina.core.StandardEngine  : Starting Servlet engine: [Apache Tomcat/9.0.56]
2024-05-17 18:05:36.126  INFO 26516 --- [           main] o.a.c.c.C.[Tomcat-9].[localhost].[/]     : Initializing Spring embedded WebApplicationContext
2024-05-17 18:05:36.126  INFO 26516 --- [           main] w.s.c.ServletWebServerApplicationContext : Root WebApplicationContext: initialization completed in 509 ms
2024-05-17 18:05:36.777  INFO 26516 --- [           main] o.s.b.a.e.web.EndpointLinksResolver      : Exposing 1 endpoint(s) beneath base path '/actuator'
2024-05-17 18:05:36.812  INFO 26516 --- [           main] o.s.b.w.embedded.tomcat.TomcatWebServer  : Tomcat started on port(s): 38605 (http) with context path ''
2024-05-17 18:05:36.817  INFO 26516 --- [           main] ubernetesEnabledSecretsAndConfigDisabled : Started Fabric8BootstrapConfigurationTests.KubernetesEnabledSecretsAndConfigDisabled in 1.311 seconds (JVM running for 24.405)
2024-05-17 18:05:36.828  INFO 26516 --- [WebServer 38183] okhttp3.mockwebserver.MockWebServer      : MockWebServer[38183] starting to accept connections
2024-05-17 18:05:36.833  INFO 26516 --- [WebServer 55565] okhttp3.mockwebserver.MockWebServer      : MockWebServer[55565] starting to accept connections
2024-05-17 18:05:36.833  INFO 26516 --- [           main] .b.t.c.SpringBootTestContextBootstrapper : Neither @ContextConfiguration nor @ContextHierarchy found for test class [org.springframework.cloud.kubernetes.fabric8.config.Fabric8SecretsPropertySourceLocatorRetryTests$SecretsRetryEnabled], using SpringBootContextLoader
2024-05-17 18:05:36.834  INFO 26516 --- [           main] o.s.t.c.support.AbstractContextLoader    : Could not detect default resource locations for test class [org.springframework.cloud.kubernetes.fabric8.config.Fabric8SecretsPropertySourceLocatorRetryTests$SecretsRetryEnabled]: no resource found for suffixes {-context.xml, Context.groovy}.
2024-05-17 18:05:36.836  INFO 26516 --- [           main] .b.t.c.SpringBootTestContextBootstrapper : Loaded default TestExecutionListener class names from location [META-INF/spring.factories]: [org.springframework.boot.test.mock.mockito.MockitoTestExecutionListener, org.springframework.boot.test.mock.mockito.ResetMocksTestExecutionListener, org.springframework.boot.test.autoconfigure.restdocs.RestDocsTestExecutionListener, org.springframework.boot.test.autoconfigure.web.client.MockRestServiceServerResetTestExecutionListener, org.springframework.boot.test.autoconfigure.web.servlet.MockMvcPrintOnlyOnFailureTestExecutionListener, org.springframework.boot.test.autoconfigure.web.servlet.WebDriverTestExecutionListener, org.springframework.boot.test.autoconfigure.webservices.client.MockWebServiceServerTestExecutionListener, org.springframework.test.context.web.ServletTestExecutionListener, org.springframework.test.context.support.DirtiesContextBeforeModesTestExecutionListener, org.springframework.test.context.event.ApplicationEventsTestExecutionListener, org.springframework.test.context.support.DependencyInjectionTestExecutionListener, org.springframework.test.context.support.DirtiesContextTestExecutionListener, org.springframework.test.context.transaction.TransactionalTestExecutionListener, org.springframework.test.context.jdbc.SqlScriptsTestExecutionListener, org.springframework.test.context.event.EventPublishingTestExecutionListener, org.spockframework.spring.SpringMockTestExecutionListener]
2024-05-17 18:05:36.838  INFO 26516 --- [           main] .b.t.c.SpringBootTestContextBootstrapper : Using TestExecutionListeners: [org.springframework.test.context.web.ServletTestExecutionListener@768dcd21, org.springframework.test.context.support.DirtiesContextBeforeModesTestExecutionListener@1be598c, org.springframework.test.context.event.ApplicationEventsTestExecutionListener@1582dfec, org.springframework.boot.test.mock.mockito.MockitoTestExecutionListener@1bae8e5e, org.springframework.boot.test.autoconfigure.SpringBootDependencyInjectionTestExecutionListener@352bccf, org.springframework.test.context.support.DirtiesContextTestExecutionListener@70d3e710, org.springframework.test.context.event.EventPublishingTestExecutionListener@732d2b59, org.springframework.boot.test.mock.mockito.ResetMocksTestExecutionListener@1c1e971c, org.springframework.boot.test.autoconfigure.restdocs.RestDocsTestExecutionListener@abce494, org.springframework.boot.test.autoconfigure.web.client.MockRestServiceServerResetTestExecutionListener@65b869b4, org.springframework.boot.test.autoconfigure.web.servlet.MockMvcPrintOnlyOnFailureTestExecutionListener@7f55e1b9, org.springframework.boot.test.autoconfigure.web.servlet.WebDriverTestExecutionListener@171b3f38, org.springframework.boot.test.autoconfigure.webservices.client.MockWebServiceServerTestExecutionListener@7a6ef10b, org.spockframework.spring.SpringMockTestExecutionListener@5cbdc23b]
2024-05-17 18:05:36.889  WARN 26516 --- [           main] ubernetesProfileEnvironmentPostProcessor : Not running inside kubernetes. Skipping 'kubernetes' profile activation.
2024-05-17 18:05:36.922  INFO 26516 --- [           main] trationDelegate$BeanPostProcessorChecker : Bean 'org.springframework.retry.annotation.RetryConfiguration' of type [org.springframework.retry.annotation.RetryConfiguration] is not eligible for getting processed by all BeanPostProcessors (for example: not eligible for auto-proxying)

  .   ____          _            __ _ _
 /\\ / ___'_ __ _ _(_)_ __  __ _ \ \ \ \
( ( )\___ | '_ | '_| | '_ \/ _` | \ \ \ \
 \\/  ___)| |_)| | | | | || (_| |  ) ) ) )
  '  |____| .__|_| |_|_| |_\__, | / / / /
 =========|_|==============|___/=/_/_/_/
 :: Spring Boot ::                (v2.6.3)

2024-05-17 18:05:36.975  INFO 26516 --- [           main] s.c.k.f.c.Fabric8ConfigMapPropertySource : Loading ConfigMap with name 'application' in namespace 'default'
2024-05-17 18:05:37.070  INFO 26516 --- [127.0.0.1:55824] okhttp3.mockwebserver.MockWebServer      : MockWebServer[38183] received request: GET /api/v1/namespaces/default/configmaps/application HTTP/1.1 and responded: HTTP/1.1 404 Client Error
2024-05-17 18:05:37.072  INFO 26516 --- [           main] o.s.c.k.f.config.Fabric8ConfigUtils      : config-map with name : 'application' not present in namespace : 'default'
2024-05-17 18:05:37.072  INFO 26516 --- [           main] b.c.PropertySourceBootstrapConfiguration : Located property source: [BootstrapPropertySource {name='bootstrapProperties-configmap.application.default'}]
2024-05-17 18:05:37.073  INFO 26516 --- [           main] o.s.c.k.f.c.Fabric8SecretsPropertySource : Loading Secret with name 'my-secret' or with labels [{}] in namespace 'default'
2024-05-17 18:05:37.074  INFO 26516 --- [127.0.0.1:55824] okhttp3.mockwebserver.MockWebServer      : MockWebServer[38183] received request: GET /api/v1/namespaces/default/secrets/my-secret HTTP/1.1 and responded: HTTP/1.1 404 Client Error
2024-05-17 18:05:37.074  WARN 26516 --- [           main] o.s.c.k.f.c.Fabric8SecretsPropertySource : secret with name : my-secret in namespace : default not found
2024-05-17 18:05:37.075  INFO 26516 --- [127.0.0.1:55824] okhttp3.mockwebserver.MockWebServer      : MockWebServer[38183] received request: GET /api/v1/namespaces/default/secrets HTTP/1.1 and responded: HTTP/1.1 200 OK
2024-05-17 18:05:37.116  INFO 26516 --- [           main] b.c.PropertySourceBootstrapConfiguration : Located property source: [BootstrapPropertySource {name='bootstrapProperties-secrets.my-secret.default'}]
2024-05-17 18:05:37.119  WARN 26516 --- [           main] ubernetesProfileEnvironmentPostProcessor : Not running inside kubernetes. Skipping 'kubernetes' profile activation.
2024-05-17 18:05:37.120  INFO 26516 --- [           main] rceLocatorRetryTests$SecretsRetryEnabled : No active profile set, falling back to default profiles: default
2024-05-17 18:05:37.415  INFO 26516 --- [           main] o.s.cloud.context.scope.GenericScope     : BeanFactory id=94652287-2eb9-367e-b08b-eea09b3b2900
2024-05-17 18:05:37.773  INFO 26516 --- [           main] rceLocatorRetryTests$SecretsRetryEnabled : Started Fabric8SecretsPropertySourceLocatorRetryTests.SecretsRetryEnabled in 0.933 seconds (JVM running for 25.361)
2024-05-17 18:05:37.779  INFO 26516 --- [WebServer 47215] okhttp3.mockwebserver.MockWebServer      : MockWebServer[47215] starting to accept connections
2024-05-17 18:05:37.784  INFO 26516 --- [           main] o.s.c.k.f.c.Fabric8SecretsPropertySource : Loading Secret with name 'my-secret' or with labels [{}] in namespace 'default'
2024-05-17 18:05:37.786  INFO 26516 --- [127.0.0.1:55824] okhttp3.mockwebserver.MockWebServer      : MockWebServer[38183] received request: GET /api/v1/namespaces/default/secrets/my-secret HTTP/1.1 and responded: HTTP/1.1 200 OK
2024-05-17 18:05:37.788  INFO 26516 --- [127.0.0.1:55824] okhttp3.mockwebserver.MockWebServer      : MockWebServer[38183] received request: GET /api/v1/namespaces/default/secrets HTTP/1.1 and responded: HTTP/1.1 200 OK
2024-05-17 18:05:37.833  INFO 26516 --- [WebServer 47215] okhttp3.mockwebserver.MockWebServer      : MockWebServer[47215] done accepting connections: Socket closed
2024-05-17 18:05:37.838  INFO 26516 --- [WebServer 41847] okhttp3.mockwebserver.MockWebServer      : MockWebServer[41847] starting to accept connections
2024-05-17 18:05:37.849  INFO 26516 --- [WebServer 47925] okhttp3.mockwebserver.MockWebServer      : MockWebServer[47925] starting to accept connections
2024-05-17 18:05:37.850  INFO 26516 --- [WebServer 47925] okhttp3.mockwebserver.MockWebServer      : MockWebServer[47925] done accepting connections: Socket closed
2024-05-17 18:05:37.854  INFO 26516 --- [           main] .b.t.c.SpringBootTestContextBootstrapper : Neither @ContextConfiguration nor @ContextHierarchy found for test class [org.springframework.cloud.kubernetes.fabric8.config.CoreTestClientViaSystemProperties], using SpringBootContextLoader
2024-05-17 18:05:37.855  INFO 26516 --- [           main] o.s.t.c.support.AbstractContextLoader    : Could not detect default resource locations for test class [org.springframework.cloud.kubernetes.fabric8.config.CoreTestClientViaSystemProperties]: no resource found for suffixes {-context.xml, Context.groovy}.
2024-05-17 18:05:37.858  INFO 26516 --- [           main] .b.t.c.SpringBootTestContextBootstrapper : Loaded default TestExecutionListener class names from location [META-INF/spring.factories]: [org.springframework.boot.test.mock.mockito.MockitoTestExecutionListener, org.springframework.boot.test.mock.mockito.ResetMocksTestExecutionListener, org.springframework.boot.test.autoconfigure.restdocs.RestDocsTestExecutionListener, org.springframework.boot.test.autoconfigure.web.client.MockRestServiceServerResetTestExecutionListener, org.springframework.boot.test.autoconfigure.web.servlet.MockMvcPrintOnlyOnFailureTestExecutionListener, org.springframework.boot.test.autoconfigure.web.servlet.WebDriverTestExecutionListener, org.springframework.boot.test.autoconfigure.webservices.client.MockWebServiceServerTestExecutionListener, org.springframework.test.context.web.ServletTestExecutionListener, org.springframework.test.context.support.DirtiesContextBeforeModesTestExecutionListener, org.springframework.test.context.event.ApplicationEventsTestExecutionListener, org.springframework.test.context.support.DependencyInjectionTestExecutionListener, org.springframework.test.context.support.DirtiesContextTestExecutionListener, org.springframework.test.context.transaction.TransactionalTestExecutionListener, org.springframework.test.context.jdbc.SqlScriptsTestExecutionListener, org.springframework.test.context.event.EventPublishingTestExecutionListener, org.spockframework.spring.SpringMockTestExecutionListener]
2024-05-17 18:05:37.862  INFO 26516 --- [           main] .b.t.c.SpringBootTestContextBootstrapper : Using TestExecutionListeners: [org.springframework.test.context.web.ServletTestExecutionListener@40503088, org.springframework.test.context.support.DirtiesContextBeforeModesTestExecutionListener@77422a9f, org.springframework.test.context.event.ApplicationEventsTestExecutionListener@787239f5, org.springframework.boot.test.mock.mockito.MockitoTestExecutionListener@6e4e7a62, org.springframework.boot.test.autoconfigure.SpringBootDependencyInjectionTestExecutionListener@2fdbd353, org.springframework.test.context.support.DirtiesContextTestExecutionListener@492b12e5, org.springframework.test.context.event.EventPublishingTestExecutionListener@20ff27a4, org.springframework.boot.test.mock.mockito.ResetMocksTestExecutionListener@3d7fc4b3, org.springframework.boot.test.autoconfigure.restdocs.RestDocsTestExecutionListener@4ccfd904, org.springframework.boot.test.autoconfigure.web.client.MockRestServiceServerResetTestExecutionListener@5de25642, org.springframework.boot.test.autoconfigure.web.servlet.MockMvcPrintOnlyOnFailureTestExecutionListener@479885d, org.springframework.boot.test.autoconfigure.web.servlet.WebDriverTestExecutionListener@47609e3d, org.springframework.boot.test.autoconfigure.webservices.client.MockWebServiceServerTestExecutionListener@7555782c, org.spockframework.spring.SpringMockTestExecutionListener@3aca7082]
2024-05-17 18:05:37.928  WARN 26516 --- [           main] ubernetesProfileEnvironmentPostProcessor : Not running inside kubernetes. Skipping 'kubernetes' profile activation.

  .   ____          _            __ _ _
 /\\ / ___'_ __ _ _(_)_ __  __ _ \ \ \ \
( ( )\___ | '_ | '_| | '_ \/ _` | \ \ \ \
 \\/  ___)| |_)| | | | | || (_| |  ) ) ) )
  '  |____| .__|_| |_|_| |_\__, | / / / /
 =========|_|==============|___/=/_/_/_/
 :: Spring Boot ::                (v2.6.3)

2024-05-17 18:05:37.990  WARN 26516 --- [           main] ubernetesProfileEnvironmentPostProcessor : Not running inside kubernetes. Skipping 'kubernetes' profile activation.
2024-05-17 18:05:37.990  INFO 26516 --- [           main] .k.f.c.CoreTestClientViaSystemProperties : No active profile set, falling back to default profiles: default
2024-05-17 18:05:38.325  INFO 26516 --- [           main] o.s.cloud.context.scope.GenericScope     : BeanFactory id=84b71cfc-8942-3f46-b1ff-f22a03fbdcf2
2024-05-17 18:05:38.787  WARN 26516 --- [           main] i.f.kubernetes.client.internal.SSLUtils  : SSL handshake failed. Falling back to insecure connection.
2024-05-17 18:05:38.788  WARN 26516 --- [           main] i.f.kubernetes.client.internal.SSLUtils  : SSL handshake failed. Falling back to insecure connection.
2024-05-17 18:05:38.998  INFO 26516 --- [           main] o.s.b.a.e.web.EndpointLinksResolver      : Exposing 1 endpoint(s) beneath base path '/actuator'
2024-05-17 18:05:39.033  INFO 26516 --- [           main] .k.f.c.CoreTestClientViaSystemProperties : Started CoreTestClientViaSystemProperties in 1.166 seconds (JVM running for 26.621)
2024-05-17 18:05:39.051  INFO 26516 --- [           main] .b.t.c.SpringBootTestContextBootstrapper : Neither @ContextConfiguration nor @ContextHierarchy found for test class [org.springframework.cloud.kubernetes.fabric8.config.MultipleConfigMapsTests], using SpringBootContextLoader
2024-05-17 18:05:39.052  INFO 26516 --- [           main] o.s.t.c.support.AbstractContextLoader    : Could not detect default resource locations for test class [org.springframework.cloud.kubernetes.fabric8.config.MultipleConfigMapsTests]: no resource found for suffixes {-context.xml, Context.groovy}.
2024-05-17 18:05:39.054  INFO 26516 --- [           main] .b.t.c.SpringBootTestContextBootstrapper : Loaded default TestExecutionListener class names from location [META-INF/spring.factories]: [org.springframework.boot.test.mock.mockito.MockitoTestExecutionListener, org.springframework.boot.test.mock.mockito.ResetMocksTestExecutionListener, org.springframework.boot.test.autoconfigure.restdocs.RestDocsTestExecutionListener, org.springframework.boot.test.autoconfigure.web.client.MockRestServiceServerResetTestExecutionListener, org.springframework.boot.test.autoconfigure.web.servlet.MockMvcPrintOnlyOnFailureTestExecutionListener, org.springframework.boot.test.autoconfigure.web.servlet.WebDriverTestExecutionListener, org.springframework.boot.test.autoconfigure.webservices.client.MockWebServiceServerTestExecutionListener, org.springframework.test.context.web.ServletTestExecutionListener, org.springframework.test.context.support.DirtiesContextBeforeModesTestExecutionListener, org.springframework.test.context.event.ApplicationEventsTestExecutionListener, org.springframework.test.context.support.DependencyInjectionTestExecutionListener, org.springframework.test.context.support.DirtiesContextTestExecutionListener, org.springframework.test.context.transaction.TransactionalTestExecutionListener, org.springframework.test.context.jdbc.SqlScriptsTestExecutionListener, org.springframework.test.context.event.EventPublishingTestExecutionListener, org.spockframework.spring.SpringMockTestExecutionListener]
2024-05-17 18:05:39.056  INFO 26516 --- [           main] .b.t.c.SpringBootTestContextBootstrapper : Using TestExecutionListeners: [org.springframework.test.context.web.ServletTestExecutionListener@7ca9c253, org.springframework.test.context.support.DirtiesContextBeforeModesTestExecutionListener@5cef76a2, org.springframework.test.context.event.ApplicationEventsTestExecutionListener@5d708ef6, org.springframework.boot.test.mock.mockito.MockitoTestExecutionListener@4d424aea, org.springframework.boot.test.autoconfigure.SpringBootDependencyInjectionTestExecutionListener@7fcbb24b, org.springframework.test.context.support.DirtiesContextTestExecutionListener@58b69176, org.springframework.test.context.event.EventPublishingTestExecutionListener@1e8b3a8, org.springframework.boot.test.mock.mockito.ResetMocksTestExecutionListener@5e22ac65, org.springframework.boot.test.autoconfigure.restdocs.RestDocsTestExecutionListener@7cd91400, org.springframework.boot.test.autoconfigure.web.client.MockRestServiceServerResetTestExecutionListener@108817cc, org.springframework.boot.test.autoconfigure.web.servlet.MockMvcPrintOnlyOnFailureTestExecutionListener@54398386, org.springframework.boot.test.autoconfigure.web.servlet.WebDriverTestExecutionListener@1f334ce0, org.springframework.boot.test.autoconfigure.webservices.client.MockWebServiceServerTestExecutionListener@2b7e2212, org.spockframework.spring.SpringMockTestExecutionListener@7b9866c6]
2024-05-17 18:05:39.058  INFO 26516 --- [WebServer 51911] okhttp3.mockwebserver.MockWebServer      : MockWebServer[51911] starting to accept connections
2024-05-17 18:05:39.065  INFO 26516 --- [127.0.0.1:50934] okhttp3.mockwebserver.MockWebServer      : MockWebServer[51911] received request: POST /api/v1/namespaces/defnamespace/configmaps HTTP/1.1 and responded: HTTP/1.1 200 OK
2024-05-17 18:05:39.072  INFO 26516 --- [127.0.0.1:50934] okhttp3.mockwebserver.MockWebServer      : MockWebServer[51911] received request: POST /api/v1/namespaces/s2/configmaps HTTP/1.1 and responded: HTTP/1.1 200 OK
2024-05-17 18:05:39.117  INFO 26516 --- [127.0.0.1:50934] okhttp3.mockwebserver.MockWebServer      : MockWebServer[51911] received request: POST /api/v1/namespaces/othernamespace/configmaps HTTP/1.1 and responded: HTTP/1.1 200 OK
2024-05-17 18:05:39.213  WARN 26516 --- [           main] ubernetesProfileEnvironmentPostProcessor : Not running inside kubernetes. Skipping 'kubernetes' profile activation.

  .   ____          _            __ _ _
 /\\ / ___'_ __ _ _(_)_ __  __ _ \ \ \ \
( ( )\___ | '_ | '_| | '_ \/ _` | \ \ \ \
 \\/  ___)| |_)| | | | | || (_| |  ) ) ) )
  '  |____| .__|_| |_|_| |_\__, | / / / /
 =========|_|==============|___/=/_/_/_/
 :: Spring Boot ::                (v2.6.3)

2024-05-17 18:05:39.283  INFO 26516 --- [           main] s.c.k.f.c.Fabric8ConfigMapPropertySource : Loading ConfigMap with name 's1' in namespace 'defnamespace'
2024-05-17 18:05:39.286  INFO 26516 --- [127.0.0.1:50946] okhttp3.mockwebserver.MockWebServer      : MockWebServer[51911] received request: GET /api/v1/namespaces/defnamespace/configmaps/s1 HTTP/1.1 and responded: HTTP/1.1 200 OK
2024-05-17 18:05:39.289  INFO 26516 --- [           main] s.c.k.f.c.Fabric8ConfigMapPropertySource : Loading ConfigMap with name 'defname' in namespace 's2'
2024-05-17 18:05:39.290  INFO 26516 --- [127.0.0.1:50946] okhttp3.mockwebserver.MockWebServer      : MockWebServer[51911] received request: GET /api/v1/namespaces/s2/configmaps/defname HTTP/1.1 and responded: HTTP/1.1 200 OK
2024-05-17 18:05:39.332  INFO 26516 --- [           main] s.c.k.f.c.Fabric8ConfigMapPropertySource : Loading ConfigMap with name 'othername' in namespace 'othernamespace'
2024-05-17 18:05:39.332  INFO 26516 --- [127.0.0.1:50946] okhttp3.mockwebserver.MockWebServer      : MockWebServer[51911] received request: GET /api/v1/namespaces/othernamespace/configmaps/othername HTTP/1.1 and responded: HTTP/1.1 200 OK
2024-05-17 18:05:39.374  INFO 26516 --- [           main] b.c.PropertySourceBootstrapConfiguration : Located property source: [BootstrapPropertySource {name='bootstrapProperties-configmap.othername.othernamespace'}, BootstrapPropertySource {name='bootstrapProperties-configmap.defname.s2'}, BootstrapPropertySource {name='bootstrapProperties-configmap.s1.defnamespace'}]
2024-05-17 18:05:39.383  WARN 26516 --- [           main] ubernetesProfileEnvironmentPostProcessor : Not running inside kubernetes. Skipping 'kubernetes' profile activation.
2024-05-17 18:05:39.383  INFO 26516 --- [           main] o.s.c.k.f.c.MultipleConfigMapsTests      : No active profile set, falling back to default profiles: default
2024-05-17 18:05:39.566  INFO 26516 --- [           main] o.s.cloud.context.scope.GenericScope     : BeanFactory id=012be945-5008-354a-8a47-8e5e16a24aa5
2024-05-17 18:05:39.668  INFO 26516 --- [           main] o.s.b.w.embedded.tomcat.TomcatWebServer  : Tomcat initialized with port(s): 0 (http)
2024-05-17 18:05:39.669  INFO 26516 --- [           main] o.apache.catalina.core.StandardService   : Starting service [Tomcat]
2024-05-17 18:05:39.669  INFO 26516 --- [           main] org.apache.catalina.core.StandardEngine  : Starting Servlet engine: [Apache Tomcat/9.0.56]
2024-05-17 18:05:39.677  INFO 26516 --- [           main] o.a.c.c.C.[Tomcat-10].[localhost].[/]    : Initializing Spring embedded WebApplicationContext
2024-05-17 18:05:39.678  INFO 26516 --- [           main] w.s.c.ServletWebServerApplicationContext : Root WebApplicationContext: initialization completed in 292 ms
2024-05-17 18:05:40.271  INFO 26516 --- [           main] o.s.b.a.e.web.EndpointLinksResolver      : Exposing 1 endpoint(s) beneath base path '/actuator'
2024-05-17 18:05:40.309  INFO 26516 --- [           main] o.s.b.w.embedded.tomcat.TomcatWebServer  : Tomcat started on port(s): 45777 (http) with context path ''
2024-05-17 18:05:40.317  INFO 26516 --- [           main] o.s.c.k.f.c.MultipleConfigMapsTests      : Started MultipleConfigMapsTests in 1.158 seconds (JVM running for 27.905)
2024-05-17 18:05:40.331  INFO 26516 --- [WebServer 42523] okhttp3.mockwebserver.MockWebServer      : MockWebServer[42523] starting to accept connections
2024-05-17 18:05:40.341  INFO 26516 --- [-auto-11-exec-1] o.a.c.c.C.[Tomcat-10].[localhost].[/]    : Initializing Spring DispatcherServlet 'dispatcherServlet'
2024-05-17 18:05:40.341  INFO 26516 --- [-auto-11-exec-1] o.s.web.servlet.DispatcherServlet        : Initializing Servlet 'dispatcherServlet'
2024-05-17 18:05:40.342  INFO 26516 --- [-auto-11-exec-1] o.s.web.servlet.DispatcherServlet        : Completed initialization in 1 ms
2024-05-17 18:05:40.350  INFO 26516 --- [WebServer 42523] okhttp3.mockwebserver.MockWebServer      : MockWebServer[42523] done accepting connections: Socket closed
2024-05-17 18:05:40.357  INFO 26516 --- [WebServer 42849] okhttp3.mockwebserver.MockWebServer      : MockWebServer[42849] starting to accept connections
2024-05-17 18:05:40.360  INFO 26516 --- [WebServer 33011] okhttp3.mockwebserver.MockWebServer      : MockWebServer[33011] starting to accept connections
2024-05-17 18:05:40.361  INFO 26516 --- [           main] o.s.c.k.f.c.Fabric8SecretsPropertySource : Loading Secret with name 'my-config' or with labels [{}] in namespace 'default'
2024-05-17 18:05:40.458  INFO 26516 --- [127.0.0.1:33100] okhttp3.mockwebserver.MockWebServer      : MockWebServer[33011] received request: GET /api/v1/namespaces/default/secrets/my-config HTTP/1.1 and responded: HTTP/1.1 500 Server Error
2024-05-17 18:05:40.501  WARN 26516 --- [           main] o.s.c.k.f.c.Fabric8SecretsPropertySource : Can't read secret with name: [my-config] or labels [{}] in namespace: [default] (cause: Failure executing: GET at: https://localhost:33011/api/v1/namespaces/default/secrets/my-config. Message: Internal Server Error.). Ignoring
2024-05-17 18:05:40.502  INFO 26516 --- [WebServer 33011] okhttp3.mockwebserver.MockWebServer      : MockWebServer[33011] done accepting connections: Socket closed
2024-05-17 18:05:40.527  INFO 26516 --- [           main] .b.t.c.SpringBootTestContextBootstrapper : Neither @ContextConfiguration nor @ContextHierarchy found for test class [org.springframework.cloud.kubernetes.fabric8.config.Fabric8ActuatorTests$EnabledHealthTest], using SpringBootContextLoader
2024-05-17 18:05:40.530  INFO 26516 --- [           main] o.s.t.c.support.AbstractContextLoader    : Could not detect default resource locations for test class [org.springframework.cloud.kubernetes.fabric8.config.Fabric8ActuatorTests$EnabledHealthTest]: no resource found for suffixes {-context.xml, Context.groovy}.
2024-05-17 18:05:40.533  INFO 26516 --- [           main] .b.t.c.SpringBootTestContextBootstrapper : Loaded default TestExecutionListener class names from location [META-INF/spring.factories]: [org.springframework.boot.test.mock.mockito.MockitoTestExecutionListener, org.springframework.boot.test.mock.mockito.ResetMocksTestExecutionListener, org.springframework.boot.test.autoconfigure.restdocs.RestDocsTestExecutionListener, org.springframework.boot.test.autoconfigure.web.client.MockRestServiceServerResetTestExecutionListener, org.springframework.boot.test.autoconfigure.web.servlet.MockMvcPrintOnlyOnFailureTestExecutionListener, org.springframework.boot.test.autoconfigure.web.servlet.WebDriverTestExecutionListener, org.springframework.boot.test.autoconfigure.webservices.client.MockWebServiceServerTestExecutionListener, org.springframework.test.context.web.ServletTestExecutionListener, org.springframework.test.context.support.DirtiesContextBeforeModesTestExecutionListener, org.springframework.test.context.event.ApplicationEventsTestExecutionListener, org.springframework.test.context.support.DependencyInjectionTestExecutionListener, org.springframework.test.context.support.DirtiesContextTestExecutionListener, org.springframework.test.context.transaction.TransactionalTestExecutionListener, org.springframework.test.context.jdbc.SqlScriptsTestExecutionListener, org.springframework.test.context.event.EventPublishingTestExecutionListener, org.spockframework.spring.SpringMockTestExecutionListener]
2024-05-17 18:05:40.536  INFO 26516 --- [           main] .b.t.c.SpringBootTestContextBootstrapper : Using TestExecutionListeners: [org.springframework.test.context.web.ServletTestExecutionListener@6d02c23f, org.springframework.test.context.support.DirtiesContextBeforeModesTestExecutionListener@6df38b48, org.springframework.test.context.event.ApplicationEventsTestExecutionListener@1f4e9eee, org.springframework.boot.test.mock.mockito.MockitoTestExecutionListener@aca89a3, org.springframework.boot.test.autoconfigure.SpringBootDependencyInjectionTestExecutionListener@7122b1ff, org.springframework.test.context.support.DirtiesContextTestExecutionListener@fadd58, org.springframework.test.context.event.EventPublishingTestExecutionListener@6ba88a47, org.springframework.boot.test.mock.mockito.ResetMocksTestExecutionListener@35f18100, org.springframework.boot.test.autoconfigure.restdocs.RestDocsTestExecutionListener@51386308, org.springframework.boot.test.autoconfigure.web.client.MockRestServiceServerResetTestExecutionListener@7fe646a, org.springframework.boot.test.autoconfigure.web.servlet.MockMvcPrintOnlyOnFailureTestExecutionListener@28ab3c60, org.springframework.boot.test.autoconfigure.web.servlet.WebDriverTestExecutionListener@11eb41f4, org.springframework.boot.test.autoconfigure.webservices.client.MockWebServiceServerTestExecutionListener@35950e2, org.spockframework.spring.SpringMockTestExecutionListener@77f0b9d7]
2024-05-17 18:05:40.586  WARN 26516 --- [           main] ubernetesProfileEnvironmentPostProcessor : Not running inside kubernetes. Skipping 'kubernetes' profile activation.

  .   ____          _            __ _ _
 /\\ / ___'_ __ _ _(_)_ __  __ _ \ \ \ \
( ( )\___ | '_ | '_| | '_ \/ _` | \ \ \ \
 \\/  ___)| |_)| | | | | || (_| |  ) ) ) )
  '  |____| .__|_| |_|_| |_\__, | / / / /
 =========|_|==============|___/=/_/_/_/
 :: Spring Boot ::                (v2.6.3)

2024-05-17 18:05:40.647  WARN 26516 --- [           main] ubernetesProfileEnvironmentPostProcessor : Not running inside kubernetes. Skipping 'kubernetes' profile activation.
2024-05-17 18:05:40.648  INFO 26516 --- [           main] c.Fabric8ActuatorTests$EnabledHealthTest : No active profile set, falling back to default profiles: default
2024-05-17 18:05:40.795  INFO 26516 --- [           main] o.s.cloud.context.scope.GenericScope     : BeanFactory id=cf6232b6-8180-3b95-aacc-818afebc75eb
2024-05-17 18:05:40.893  INFO 26516 --- [           main] o.s.b.w.embedded.tomcat.TomcatWebServer  : Tomcat initialized with port(s): 0 (http)
2024-05-17 18:05:40.893  INFO 26516 --- [           main] o.apache.catalina.core.StandardService   : Starting service [Tomcat]
2024-05-17 18:05:40.894  INFO 26516 --- [           main] org.apache.catalina.core.StandardEngine  : Starting Servlet engine: [Apache Tomcat/9.0.56]
2024-05-17 18:05:40.902  INFO 26516 --- [           main] o.a.c.c.C.[Tomcat-11].[localhost].[/]    : Initializing Spring embedded WebApplicationContext
2024-05-17 18:05:40.902  INFO 26516 --- [           main] w.s.c.ServletWebServerApplicationContext : Root WebApplicationContext: initialization completed in 254 ms
2024-05-17 18:05:41.524  INFO 26516 --- [           main] o.s.b.a.e.web.EndpointLinksResolver      : Exposing 1 endpoint(s) beneath base path '/actuator'
2024-05-17 18:05:41.559  INFO 26516 --- [           main] o.s.b.w.embedded.tomcat.TomcatWebServer  : Tomcat started on port(s): 42311 (http) with context path ''
2024-05-17 18:05:41.564  INFO 26516 --- [           main] c.Fabric8ActuatorTests$EnabledHealthTest : Started Fabric8ActuatorTests.EnabledHealthTest in 1.025 seconds (JVM running for 29.152)
2024-05-17 18:05:41.577  INFO 26516 --- [-auto-12-exec-1] o.a.c.c.C.[Tomcat-11].[localhost].[/]    : Initializing Spring DispatcherServlet 'dispatcherServlet'
2024-05-17 18:05:41.579  INFO 26516 --- [-auto-12-exec-1] o.s.web.servlet.DispatcherServlet        : Initializing Servlet 'dispatcherServlet'
2024-05-17 18:05:41.580  INFO 26516 --- [-auto-12-exec-1] o.s.web.servlet.DispatcherServlet        : Completed initialization in 1 ms
2024-05-17 18:05:41.621  INFO 26516 --- [WebServer 38479] okhttp3.mockwebserver.MockWebServer      : MockWebServer[38479] starting to accept connections
2024-05-17 18:05:41.624  INFO 26516 --- [WebServer 50831] okhttp3.mockwebserver.MockWebServer      : MockWebServer[50831] starting to accept connections
2024-05-17 18:05:41.624  INFO 26516 --- [           main] .b.t.c.SpringBootTestContextBootstrapper : Neither @ContextConfiguration nor @ContextHierarchy found for test class [org.springframework.cloud.kubernetes.fabric8.config.Fabric8SecretsPropertySourceLocatorRetryTests$SecretsRetryEnabled], using SpringBootContextLoader
2024-05-17 18:05:41.625  INFO 26516 --- [           main] o.s.t.c.support.AbstractContextLoader    : Could not detect default resource locations for test class [org.springframework.cloud.kubernetes.fabric8.config.Fabric8SecretsPropertySourceLocatorRetryTests$SecretsRetryEnabled]: no resource found for suffixes {-context.xml, Context.groovy}.
2024-05-17 18:05:41.626  INFO 26516 --- [           main] .b.t.c.SpringBootTestContextBootstrapper : Loaded default TestExecutionListener class names from location [META-INF/spring.factories]: [org.springframework.boot.test.mock.mockito.MockitoTestExecutionListener, org.springframework.boot.test.mock.mockito.ResetMocksTestExecutionListener, org.springframework.boot.test.autoconfigure.restdocs.RestDocsTestExecutionListener, org.springframework.boot.test.autoconfigure.web.client.MockRestServiceServerResetTestExecutionListener, org.springframework.boot.test.autoconfigure.web.servlet.MockMvcPrintOnlyOnFailureTestExecutionListener, org.springframework.boot.test.autoconfigure.web.servlet.WebDriverTestExecutionListener, org.springframework.boot.test.autoconfigure.webservices.client.MockWebServiceServerTestExecutionListener, org.springframework.test.context.web.ServletTestExecutionListener, org.springframework.test.context.support.DirtiesContextBeforeModesTestExecutionListener, org.springframework.test.context.event.ApplicationEventsTestExecutionListener, org.springframework.test.context.support.DependencyInjectionTestExecutionListener, org.springframework.test.context.support.DirtiesContextTestExecutionListener, org.springframework.test.context.transaction.TransactionalTestExecutionListener, org.springframework.test.context.jdbc.SqlScriptsTestExecutionListener, org.springframework.test.context.event.EventPublishingTestExecutionListener, org.spockframework.spring.SpringMockTestExecutionListener]
2024-05-17 18:05:41.627  INFO 26516 --- [           main] .b.t.c.SpringBootTestContextBootstrapper : Using TestExecutionListeners: [org.springframework.test.context.web.ServletTestExecutionListener@580cb668, org.springframework.test.context.support.DirtiesContextBeforeModesTestExecutionListener@302d0419, org.springframework.test.context.event.ApplicationEventsTestExecutionListener@48b3ce9b, org.springframework.boot.test.mock.mockito.MockitoTestExecutionListener@6b7ff02a, org.springframework.boot.test.autoconfigure.SpringBootDependencyInjectionTestExecutionListener@56fdb4db, org.springframework.test.context.support.DirtiesContextTestExecutionListener@e287fd1, org.springframework.test.context.event.EventPublishingTestExecutionListener@5839bf99, org.springframework.boot.test.mock.mockito.ResetMocksTestExecutionListener@4c53ea14, org.springframework.boot.test.autoconfigure.restdocs.RestDocsTestExecutionListener@77b3c429, org.springframework.boot.test.autoconfigure.web.client.MockRestServiceServerResetTestExecutionListener@3aa8ebf9, org.springframework.boot.test.autoconfigure.web.servlet.MockMvcPrintOnlyOnFailureTestExecutionListener@2ff84e42, org.springframework.boot.test.autoconfigure.web.servlet.WebDriverTestExecutionListener@7ca802e3, org.springframework.boot.test.autoconfigure.webservices.client.MockWebServiceServerTestExecutionListener@15d313d3, org.spockframework.spring.SpringMockTestExecutionListener@68d9d5b3]
2024-05-17 18:05:41.631  INFO 26516 --- [WebServer 56565] okhttp3.mockwebserver.MockWebServer      : MockWebServer[56565] starting to accept connections
2024-05-17 18:05:41.633  INFO 26516 --- [           main] o.s.c.k.f.c.Fabric8SecretsPropertySource : Loading Secret with name 'my-secret' or with labels [{}] in namespace 'default'
2024-05-17 18:05:41.634  INFO 26516 --- [127.0.0.1:55824] okhttp3.mockwebserver.MockWebServer      : MockWebServer[38183] received request: GET /api/v1/namespaces/default/secrets/my-secret HTTP/1.1 and responded: HTTP/1.1 404 Client Error
2024-05-17 18:05:41.635  WARN 26516 --- [           main] o.s.c.k.f.c.Fabric8SecretsPropertySource : secret with name : my-secret in namespace : default not found
2024-05-17 18:05:41.636  INFO 26516 --- [127.0.0.1:55824] okhttp3.mockwebserver.MockWebServer      : MockWebServer[38183] received request: GET /api/v1/namespaces/default/secrets HTTP/1.1 and responded: HTTP/1.1 200 OK
2024-05-17 18:05:41.697  INFO 26516 --- [WebServer 56565] okhttp3.mockwebserver.MockWebServer      : MockWebServer[56565] done accepting connections: Socket closed
java.lang.AssertionError: 
Expecting code to raise a throwable.
	at org.springframework.cloud.kubernetes.fabric8.config.Fabric8SecretsPropertySourceLocatorRetryTests$SecretsRetryEnabled.locateShouldRetryAndFail(Fabric8SecretsPropertySourceLocatorRetryTests.java:136)
	at sun.reflect.NativeMethodAccessorImpl.invoke0(Native Method)
	at sun.reflect.NativeMethodAccessorImpl.invoke(NativeMethodAccessorImpl.java:62)
	at sun.reflect.DelegatingMethodAccessorImpl.invoke(DelegatingMethodAccessorImpl.java:43)
	at java.lang.reflect.Method.invoke(Method.java:498)
	at org.junit.platform.commons.util.ReflectionUtils.invokeMethod(ReflectionUtils.java:725)
	at org.junit.jupiter.engine.execution.MethodInvocation.proceed(MethodInvocation.java:60)
	at org.junit.jupiter.engine.execution.InvocationInterceptorChain$ValidatingInvocation.proceed(InvocationInterceptorChain.java:131)
	at org.junit.jupiter.engine.extension.TimeoutExtension.intercept(TimeoutExtension.java:149)
	at org.junit.jupiter.engine.extension.TimeoutExtension.interceptTestableMethod(TimeoutExtension.java:140)
	at org.junit.jupiter.engine.extension.TimeoutExtension.interceptTestMethod(TimeoutExtension.java:84)
	at org.junit.jupiter.engine.execution.ExecutableInvoker$ReflectiveInterceptorCall.lambda$ofVoidMethod$0(ExecutableInvoker.java:115)
	at org.junit.jupiter.engine.execution.ExecutableInvoker.lambda$invoke$0(ExecutableInvoker.java:105)
	at org.junit.jupiter.engine.execution.InvocationInterceptorChain$InterceptedInvocation.proceed(InvocationInterceptorChain.java:106)
	at org.junit.jupiter.engine.execution.InvocationInterceptorChain.proceed(InvocationInterceptorChain.java:64)
	at org.junit.jupiter.engine.execution.InvocationInterceptorChain.chainAndInvoke(InvocationInterceptorChain.java:45)
	at org.junit.jupiter.engine.execution.InvocationInterceptorChain.invoke(InvocationInterceptorChain.java:37)
	at org.junit.jupiter.engine.execution.ExecutableInvoker.invoke(ExecutableInvoker.java:104)
	at org.junit.jupiter.engine.execution.ExecutableInvoker.invoke(ExecutableInvoker.java:98)
	at org.junit.jupiter.engine.descriptor.TestMethodTestDescriptor.lambda$invokeTestMethod$7(TestMethodTestDescriptor.java:214)
	at org.junit.platform.engine.support.hierarchical.ThrowableCollector.execute(ThrowableCollector.java:73)
	at org.junit.jupiter.engine.descriptor.TestMethodTestDescriptor.invokeTestMethod(TestMethodTestDescriptor.java:210)
	at org.junit.jupiter.engine.descriptor.TestMethodTestDescriptor.execute(TestMethodTestDescriptor.java:135)
	at org.junit.jupiter.engine.descriptor.TestMethodTestDescriptor.execute(TestMethodTestDescriptor.java:66)
	at org.junit.platform.engine.support.hierarchical.NodeTestTask.lambda$executeRecursively$6(NodeTestTask.java:151)
	at org.junit.platform.engine.support.hierarchical.ThrowableCollector.execute(ThrowableCollector.java:73)
	at org.junit.platform.engine.support.hierarchical.NodeTestTask.lambda$executeRecursively$8(NodeTestTask.java:141)
	at org.junit.platform.engine.support.hierarchical.Node.around(Node.java:137)
	at org.junit.platform.engine.support.hierarchical.NodeTestTask.lambda$executeRecursively$9(NodeTestTask.java:139)
	at org.junit.platform.engine.support.hierarchical.ThrowableCollector.execute(ThrowableCollector.java:73)
	at org.junit.platform.engine.support.hierarchical.NodeTestTask.executeRecursively(NodeTestTask.java:138)
	at org.junit.platform.engine.support.hierarchical.NodeTestTask.execute(NodeTestTask.java:95)
	at java.util.ArrayList.forEach(ArrayList.java:1259)
	at org.junit.platform.engine.support.hierarchical.SameThreadHierarchicalTestExecutorService.invokeAll(SameThreadHierarchicalTestExecutorService.java:41)
	at org.junit.platform.engine.support.hierarchical.NodeTestTask.lambda$executeRecursively$6(NodeTestTask.java:155)
	at org.junit.platform.engine.support.hierarchical.ThrowableCollector.execute(ThrowableCollector.java:73)
	at org.junit.platform.engine.support.hierarchical.NodeTestTask.lambda$executeRecursively$8(NodeTestTask.java:141)
	at org.junit.platform.engine.support.hierarchical.Node.around(Node.java:137)
	at org.junit.platform.engine.support.hierarchical.NodeTestTask.lambda$executeRecursively$9(NodeTestTask.java:139)
	at org.junit.platform.engine.support.hierarchical.ThrowableCollector.execute(ThrowableCollector.java:73)
	at org.junit.platform.engine.support.hierarchical.NodeTestTask.executeRecursively(NodeTestTask.java:138)
	at org.junit.platform.engine.support.hierarchical.NodeTestTask.execute(NodeTestTask.java:95)
	at java.util.ArrayList.forEach(ArrayList.java:1259)
	at org.junit.platform.engine.support.hierarchical.SameThreadHierarchicalTestExecutorService.invokeAll(SameThreadHierarchicalTestExecutorService.java:41)
	at org.junit.platform.engine.support.hierarchical.NodeTestTask.lambda$executeRecursively$6(NodeTestTask.java:155)
	at org.junit.platform.engine.support.hierarchical.ThrowableCollector.execute(ThrowableCollector.java:73)
	at org.junit.platform.engine.support.hierarchical.NodeTestTask.lambda$executeRecursively$8(NodeTestTask.java:141)
	at org.junit.platform.engine.support.hierarchical.Node.around(Node.java:137)
	at org.junit.platform.engine.support.hierarchical.NodeTestTask.lambda$executeRecursively$9(NodeTestTask.java:139)
	at org.junit.platform.engine.support.hierarchical.ThrowableCollector.execute(ThrowableCollector.java:73)
	at org.junit.platform.engine.support.hierarchical.NodeTestTask.executeRecursively(NodeTestTask.java:138)
	at org.junit.platform.engine.support.hierarchical.NodeTestTask.execute(NodeTestTask.java:95)
	at java.util.ArrayList.forEach(ArrayList.java:1259)
	at org.junit.platform.engine.support.hierarchical.SameThreadHierarchicalTestExecutorService.invokeAll(SameThreadHierarchicalTestExecutorService.java:41)
	at org.junit.platform.engine.support.hierarchical.NodeTestTask.lambda$executeRecursively$6(NodeTestTask.java:155)
	at org.junit.platform.engine.support.hierarchical.ThrowableCollector.execute(ThrowableCollector.java:73)
	at org.junit.platform.engine.support.hierarchical.NodeTestTask.lambda$executeRecursively$8(NodeTestTask.java:141)
	at org.junit.platform.engine.support.hierarchical.Node.around(Node.java:137)
	at org.junit.platform.engine.support.hierarchical.NodeTestTask.lambda$executeRecursively$9(NodeTestTask.java:139)
	at org.junit.platform.engine.support.hierarchical.ThrowableCollector.execute(ThrowableCollector.java:73)
	at org.junit.platform.engine.support.hierarchical.NodeTestTask.executeRecursively(NodeTestTask.java:138)
	at org.junit.platform.engine.support.hierarchical.NodeTestTask.execute(NodeTestTask.java:95)
	at org.junit.platform.engine.support.hierarchical.SameThreadHierarchicalTestExecutorService.submit(SameThreadHierarchicalTestExecutorService.java:35)
	at org.junit.platform.engine.support.hierarchical.HierarchicalTestExecutor.execute(HierarchicalTestExecutor.java:57)
	at org.junit.platform.engine.support.hierarchical.HierarchicalTestEngine.execute(HierarchicalTestEngine.java:54)
	at org.junit.platform.launcher.core.DefaultLauncher.execute(DefaultLauncher.java:170)
	at org.junit.platform.launcher.core.DefaultLauncher.execute(DefaultLauncher.java:154)
	at org.junit.platform.launcher.core.DefaultLauncher.execute(DefaultLauncher.java:90)
	at edu.illinois.cs.testrunner.execution.JUnit5TestExecutor.runTestsSeparately(JUnit5TestExecutor.java:40)
	at edu.illinois.cs.testrunner.execution.Executor$.$anonfun$run$1(Executor.scala:33)
	at scala.runtime.java8.JFunction0$mcV$sp.apply(JFunction0$mcV$sp.java:12)
	at scala.util.Try$.apply(Try.scala:209)
	at edu.illinois.cs.testrunner.execution.Executor$.run(Executor.scala:28)
	at edu.illinois.cs.testrunner.execution.Executor$.main(Executor.scala:18)
	at edu.illinois.cs.testrunner.execution.Executor.main(Executor.scala)
2024-05-17 18:05:41.710  INFO 26516 --- [WebServer 46611] okhttp3.mockwebserver.MockWebServer      : MockWebServer[46611] starting to accept connections
2024-05-17 18:05:41.713  INFO 26516 --- [WebServer 40103] okhttp3.mockwebserver.MockWebServer      : MockWebServer[40103] starting to accept connections
2024-05-17 18:05:41.750  WARN 26516 --- [           main] ubernetesProfileEnvironmentPostProcessor : Not running inside kubernetes. Skipping 'kubernetes' profile activation.

  .   ____          _            __ _ _
 /\\ / ___'_ __ _ _(_)_ __  __ _ \ \ \ \
( ( )\___ | '_ | '_| | '_ \/ _` | \ \ \ \
 \\/  ___)| |_)| | | | | || (_| |  ) ) ) )
  '  |____| .__|_| |_|_| |_\__, | / / / /
 =========|_|==============|___/=/_/_/_/
 :: Spring Boot ::                (v2.6.3)

2024-05-17 18:05:41.807  INFO 26516 --- [           main] s.c.k.f.c.Fabric8ConfigMapPropertySource : Loading ConfigMap with name 'application' in namespace 'default'
2024-05-17 18:05:41.906  INFO 26516 --- [127.0.0.1:42046] okhttp3.mockwebserver.MockWebServer      : MockWebServer[38479] received request: GET /api/v1/namespaces/default/configmaps/application HTTP/1.1 and responded: HTTP/1.1 404 Client Error
2024-05-17 18:05:41.913  INFO 26516 --- [           main] o.s.c.k.f.config.Fabric8ConfigUtils      : config-map with name : 'application' not present in namespace : 'default'
2024-05-17 18:05:41.913  INFO 26516 --- [           main] b.c.PropertySourceBootstrapConfiguration : Located property source: [BootstrapPropertySource {name='bootstrapProperties-configmap.application.default'}]
2024-05-17 18:05:41.918  WARN 26516 --- [           main] ubernetesProfileEnvironmentPostProcessor : Not running inside kubernetes. Skipping 'kubernetes' profile activation.
2024-05-17 18:05:41.919  INFO 26516 --- [           main] e.i.cs.testrunner.execution.Executor$    : No active profile set, falling back to default profiles: default
2024-05-17 18:05:41.957  INFO 26516 --- [           main] o.s.cloud.context.scope.GenericScope     : BeanFactory id=9e8f334d-ea3e-3bac-a635-d33d7314ddc7
2024-05-17 18:05:41.961  INFO 26516 --- [           main] e.i.cs.testrunner.execution.Executor$    : Started Executor. in 0.247 seconds (JVM running for 29.549)
2024-05-17 18:05:41.963  INFO 26516 --- [WebServer 40103] okhttp3.mockwebserver.MockWebServer      : MockWebServer[40103] done accepting connections: Socket closed
2024-05-17 18:05:41.966  INFO 26516 --- [           main] .b.t.c.SpringBootTestContextBootstrapper : Neither @ContextConfiguration nor @ContextHierarchy found for test class [org.springframework.cloud.kubernetes.fabric8.config.Fabric8BootstrapConfigurationTests$KubernetesEnabledConfigDisabled], using SpringBootContextLoader
2024-05-17 18:05:41.966  INFO 26516 --- [           main] o.s.t.c.support.AbstractContextLoader    : Could not detect default resource locations for test class [org.springframework.cloud.kubernetes.fabric8.config.Fabric8BootstrapConfigurationTests$KubernetesEnabledConfigDisabled]: no resource found for suffixes {-context.xml, Context.groovy}.
2024-05-17 18:05:41.967  INFO 26516 --- [           main] .b.t.c.SpringBootTestContextBootstrapper : Loaded default TestExecutionListener class names from location [META-INF/spring.factories]: [org.springframework.boot.test.mock.mockito.MockitoTestExecutionListener, org.springframework.boot.test.mock.mockito.ResetMocksTestExecutionListener, org.springframework.boot.test.autoconfigure.restdocs.RestDocsTestExecutionListener, org.springframework.boot.test.autoconfigure.web.client.MockRestServiceServerResetTestExecutionListener, org.springframework.boot.test.autoconfigure.web.servlet.MockMvcPrintOnlyOnFailureTestExecutionListener, org.springframework.boot.test.autoconfigure.web.servlet.WebDriverTestExecutionListener, org.springframework.boot.test.autoconfigure.webservices.client.MockWebServiceServerTestExecutionListener, org.springframework.test.context.web.ServletTestExecutionListener, org.springframework.test.context.support.DirtiesContextBeforeModesTestExecutionListener, org.springframework.test.context.event.ApplicationEventsTestExecutionListener, org.springframework.test.context.support.DependencyInjectionTestExecutionListener, org.springframework.test.context.support.DirtiesContextTestExecutionListener, org.springframework.test.context.transaction.TransactionalTestExecutionListener, org.springframework.test.context.jdbc.SqlScriptsTestExecutionListener, org.springframework.test.context.event.EventPublishingTestExecutionListener, org.spockframework.spring.SpringMockTestExecutionListener]
2024-05-17 18:05:41.969  INFO 26516 --- [           main] .b.t.c.SpringBootTestContextBootstrapper : Using TestExecutionListeners: [org.springframework.test.context.web.ServletTestExecutionListener@1bb6a158, org.springframework.test.context.support.DirtiesContextBeforeModesTestExecutionListener@446dcab3, org.springframework.test.context.event.ApplicationEventsTestExecutionListener@5b95557f, org.springframework.boot.test.mock.mockito.MockitoTestExecutionListener@1253fada, org.springframework.boot.test.autoconfigure.SpringBootDependencyInjectionTestExecutionListener@3cc135a9, org.springframework.test.context.support.DirtiesContextTestExecutionListener@165348d0, org.springframework.test.context.event.EventPublishingTestExecutionListener@679cd9c8, org.springframework.boot.test.mock.mockito.ResetMocksTestExecutionListener@6a146acb, org.springframework.boot.test.autoconfigure.restdocs.RestDocsTestExecutionListener@5fcd665d, org.springframework.boot.test.autoconfigure.web.client.MockRestServiceServerResetTestExecutionListener@5354b0bc, org.springframework.boot.test.autoconfigure.web.servlet.MockMvcPrintOnlyOnFailureTestExecutionListener@52076187, org.springframework.boot.test.autoconfigure.web.servlet.WebDriverTestExecutionListener@1b0c0b3e, org.springframework.boot.test.autoconfigure.webservices.client.MockWebServiceServerTestExecutionListener@2fc7698c, org.spockframework.spring.SpringMockTestExecutionListener@5960fd98]
2024-05-17 18:05:42.008  WARN 26516 --- [           main] ubernetesProfileEnvironmentPostProcessor : Not running inside kubernetes. Skipping 'kubernetes' profile activation.

  .   ____          _            __ _ _
 /\\ / ___'_ __ _ _(_)_ __  __ _ \ \ \ \
( ( )\___ | '_ | '_| | '_ \/ _` | \ \ \ \
 \\/  ___)| |_)| | | | | || (_| |  ) ) ) )
  '  |____| .__|_| |_|_| |_\__, | / / / /
 =========|_|==============|___/=/_/_/_/
 :: Spring Boot ::                (v2.6.3)

2024-05-17 18:05:42.070  WARN 26516 --- [           main] ubernetesProfileEnvironmentPostProcessor : Not running inside kubernetes. Skipping 'kubernetes' profile activation.
2024-05-17 18:05:42.071  INFO 26516 --- [           main] ionTests$KubernetesEnabledConfigDisabled : No active profile set, falling back to default profiles: default
2024-05-17 18:05:42.375  INFO 26516 --- [           main] o.s.cloud.context.scope.GenericScope     : BeanFactory id=c633168c-f5dc-39ae-b0b9-99689feeff1d
2024-05-17 18:05:42.464  INFO 26516 --- [           main] o.s.b.w.embedded.tomcat.TomcatWebServer  : Tomcat initialized with port(s): 0 (http)
2024-05-17 18:05:42.465  INFO 26516 --- [           main] o.apache.catalina.core.StandardService   : Starting service [Tomcat]
2024-05-17 18:05:42.465  INFO 26516 --- [           main] org.apache.catalina.core.StandardEngine  : Starting Servlet engine: [Apache Tomcat/9.0.56]
2024-05-17 18:05:42.473  INFO 26516 --- [           main] o.a.c.c.C.[Tomcat-12].[localhost].[/]    : Initializing Spring embedded WebApplicationContext
2024-05-17 18:05:42.473  INFO 26516 --- [           main] w.s.c.ServletWebServerApplicationContext : Root WebApplicationContext: initialization completed in 402 ms
2024-05-17 18:05:43.054  INFO 26516 --- [           main] o.s.b.a.e.web.EndpointLinksResolver      : Exposing 1 endpoint(s) beneath base path '/actuator'
2024-05-17 18:05:43.095  INFO 26516 --- [           main] o.s.b.w.embedded.tomcat.TomcatWebServer  : Tomcat started on port(s): 36299 (http) with context path ''
2024-05-17 18:05:43.102  INFO 26516 --- [           main] ionTests$KubernetesEnabledConfigDisabled : Started Fabric8BootstrapConfigurationTests.KubernetesEnabledConfigDisabled in 1.131 seconds (JVM running for 30.69)
2024-05-17 18:05:43.114  INFO 26516 --- [WebServer 36499] okhttp3.mockwebserver.MockWebServer      : MockWebServer[36499] starting to accept connections
2024-05-17 18:05:43.119  INFO 26516 --- [WebServer 35505] okhttp3.mockwebserver.MockWebServer      : MockWebServer[35505] starting to accept connections
2024-05-17 18:05:43.120  INFO 26516 --- [           main] o.s.c.k.f.c.Fabric8SecretsPropertySource : Loading Secret with name 'my-config' or with labels [{}] in namespace 'default'
2024-05-17 18:05:43.213  INFO 26516 --- [127.0.0.1:49870] okhttp3.mockwebserver.MockWebServer      : MockWebServer[36499] received request: GET /api/v1/namespaces/default/secrets/my-config HTTP/1.1 and responded: HTTP/1.1 500 Server Error
2024-05-17 18:05:43.256  INFO 26516 --- [WebServer 35505] okhttp3.mockwebserver.MockWebServer      : MockWebServer[35505] done accepting connections: Socket closed
2024-05-17 18:05:43.258  INFO 26516 --- [           main] .b.t.c.SpringBootTestContextBootstrapper : Neither @ContextConfiguration nor @ContextHierarchy found for test class [org.springframework.cloud.kubernetes.fabric8.config.ConfigMapWithIncludeProfileSpecificSourcesTests], using SpringBootContextLoader
2024-05-17 18:05:43.259  INFO 26516 --- [           main] o.s.t.c.support.AbstractContextLoader    : Could not detect default resource locations for test class [org.springframework.cloud.kubernetes.fabric8.config.ConfigMapWithIncludeProfileSpecificSourcesTests]: no resource found for suffixes {-context.xml, Context.groovy}.
2024-05-17 18:05:43.261  INFO 26516 --- [           main] .b.t.c.SpringBootTestContextBootstrapper : Loaded default TestExecutionListener class names from location [META-INF/spring.factories]: [org.springframework.boot.test.mock.mockito.MockitoTestExecutionListener, org.springframework.boot.test.mock.mockito.ResetMocksTestExecutionListener, org.springframework.boot.test.autoconfigure.restdocs.RestDocsTestExecutionListener, org.springframework.boot.test.autoconfigure.web.client.MockRestServiceServerResetTestExecutionListener, org.springframework.boot.test.autoconfigure.web.servlet.MockMvcPrintOnlyOnFailureTestExecutionListener, org.springframework.boot.test.autoconfigure.web.servlet.WebDriverTestExecutionListener, org.springframework.boot.test.autoconfigure.webservices.client.MockWebServiceServerTestExecutionListener, org.springframework.test.context.web.ServletTestExecutionListener, org.springframework.test.context.support.DirtiesContextBeforeModesTestExecutionListener, org.springframework.test.context.event.ApplicationEventsTestExecutionListener, org.springframework.test.context.support.DependencyInjectionTestExecutionListener, org.springframework.test.context.support.DirtiesContextTestExecutionListener, org.springframework.test.context.transaction.TransactionalTestExecutionListener, org.springframework.test.context.jdbc.SqlScriptsTestExecutionListener, org.springframework.test.context.event.EventPublishingTestExecutionListener, org.spockframework.spring.SpringMockTestExecutionListener]
2024-05-17 18:05:43.262  INFO 26516 --- [           main] .b.t.c.SpringBootTestContextBootstrapper : Using TestExecutionListeners: [org.springframework.test.context.web.ServletTestExecutionListener@332cf8ba, org.springframework.test.context.support.DirtiesContextBeforeModesTestExecutionListener@3a848bb1, org.springframework.test.context.event.ApplicationEventsTestExecutionListener@12ad2a0b, org.springframework.boot.test.mock.mockito.MockitoTestExecutionListener@1500c6e7, org.springframework.boot.test.autoconfigure.SpringBootDependencyInjectionTestExecutionListener@413d15d5, org.springframework.test.context.support.DirtiesContextTestExecutionListener@5ffac740, org.springframework.test.context.event.EventPublishingTestExecutionListener@247c43c6, org.springframework.boot.test.mock.mockito.ResetMocksTestExecutionListener@37d88e50, org.springframework.boot.test.autoconfigure.restdocs.RestDocsTestExecutionListener@1ee2b6c3, org.springframework.boot.test.autoconfigure.web.client.MockRestServiceServerResetTestExecutionListener@17abb298, org.springframework.boot.test.autoconfigure.web.servlet.MockMvcPrintOnlyOnFailureTestExecutionListener@510fb1d8, org.springframework.boot.test.autoconfigure.web.servlet.WebDriverTestExecutionListener@22d61fa7, org.springframework.boot.test.autoconfigure.webservices.client.MockWebServiceServerTestExecutionListener@2989e190, org.spockframework.spring.SpringMockTestExecutionListener@637ca94b]
2024-05-17 18:05:43.264  INFO 26516 --- [WebServer 47835] okhttp3.mockwebserver.MockWebServer      : MockWebServer[47835] starting to accept connections
2024-05-17 18:05:43.267  INFO 26516 --- [127.0.0.1:42798] okhttp3.mockwebserver.MockWebServer      : MockWebServer[47835] received request: POST /api/v1/namespaces/spring-k8s/configmaps HTTP/1.1 and responded: HTTP/1.1 200 OK
2024-05-17 18:05:43.270  INFO 26516 --- [127.0.0.1:42798] okhttp3.mockwebserver.MockWebServer      : MockWebServer[47835] received request: POST /api/v1/namespaces/spring-k8s/configmaps HTTP/1.1 and responded: HTTP/1.1 200 OK
2024-05-17 18:05:43.315  INFO 26516 --- [127.0.0.1:42798] okhttp3.mockwebserver.MockWebServer      : MockWebServer[47835] received request: POST /api/v1/namespaces/spring-k8s/configmaps HTTP/1.1 and responded: HTTP/1.1 200 OK
2024-05-17 18:05:43.360  INFO 26516 --- [127.0.0.1:42798] okhttp3.mockwebserver.MockWebServer      : MockWebServer[47835] received request: POST /api/v1/namespaces/spring-k8s/configmaps HTTP/1.1 and responded: HTTP/1.1 200 OK
2024-05-17 18:05:43.405  INFO 26516 --- [127.0.0.1:42798] okhttp3.mockwebserver.MockWebServer      : MockWebServer[47835] received request: POST /api/v1/namespaces/spring-k8s/configmaps HTTP/1.1 and responded: HTTP/1.1 200 OK
2024-05-17 18:05:43.455  INFO 26516 --- [WebServer 50995] okhttp3.mockwebserver.MockWebServer      : MockWebServer[50995] starting to accept connections
2024-05-17 18:05:43.485  INFO 26516 --- [WebServer 50995] okhttp3.mockwebserver.MockWebServer      : MockWebServer[50995] done accepting connections: Socket closed
2024-05-17 18:05:43.492  INFO 26516 --- [           main] .b.t.c.SpringBootTestContextBootstrapper : Neither @ContextConfiguration nor @ContextHierarchy found for test class [org.springframework.cloud.kubernetes.fabric8.config.MultipleSecretsTests], using SpringBootContextLoader
2024-05-17 18:05:43.493  INFO 26516 --- [           main] o.s.t.c.support.AbstractContextLoader    : Could not detect default resource locations for test class [org.springframework.cloud.kubernetes.fabric8.config.MultipleSecretsTests]: no resource found for suffixes {-context.xml, Context.groovy}.
2024-05-17 18:05:43.496  INFO 26516 --- [           main] .b.t.c.SpringBootTestContextBootstrapper : Loaded default TestExecutionListener class names from location [META-INF/spring.factories]: [org.springframework.boot.test.mock.mockito.MockitoTestExecutionListener, org.springframework.boot.test.mock.mockito.ResetMocksTestExecutionListener, org.springframework.boot.test.autoconfigure.restdocs.RestDocsTestExecutionListener, org.springframework.boot.test.autoconfigure.web.client.MockRestServiceServerResetTestExecutionListener, org.springframework.boot.test.autoconfigure.web.servlet.MockMvcPrintOnlyOnFailureTestExecutionListener, org.springframework.boot.test.autoconfigure.web.servlet.WebDriverTestExecutionListener, org.springframework.boot.test.autoconfigure.webservices.client.MockWebServiceServerTestExecutionListener, org.springframework.test.context.web.ServletTestExecutionListener, org.springframework.test.context.support.DirtiesContextBeforeModesTestExecutionListener, org.springframework.test.context.event.ApplicationEventsTestExecutionListener, org.springframework.test.context.support.DependencyInjectionTestExecutionListener, org.springframework.test.context.support.DirtiesContextTestExecutionListener, org.springframework.test.context.transaction.TransactionalTestExecutionListener, org.springframework.test.context.jdbc.SqlScriptsTestExecutionListener, org.springframework.test.context.event.EventPublishingTestExecutionListener, org.spockframework.spring.SpringMockTestExecutionListener]
2024-05-17 18:05:43.497  INFO 26516 --- [           main] .b.t.c.SpringBootTestContextBootstrapper : Using TestExecutionListeners: [org.springframework.test.context.web.ServletTestExecutionListener@2fe235b4, org.springframework.test.context.support.DirtiesContextBeforeModesTestExecutionListener@2f71cdc0, org.springframework.test.context.event.ApplicationEventsTestExecutionListener@5440942, org.springframework.boot.test.mock.mockito.MockitoTestExecutionListener@18aa9b83, org.springframework.boot.test.autoconfigure.SpringBootDependencyInjectionTestExecutionListener@265b52b7, org.springframework.test.context.support.DirtiesContextTestExecutionListener@7e58471, org.springframework.test.context.event.EventPublishingTestExecutionListener@22ce83d6, org.springframework.boot.test.mock.mockito.ResetMocksTestExecutionListener@6e74628f, org.springframework.boot.test.autoconfigure.restdocs.RestDocsTestExecutionListener@12464b1c, org.springframework.boot.test.autoconfigure.web.client.MockRestServiceServerResetTestExecutionListener@392b9329, org.springframework.boot.test.autoconfigure.web.servlet.MockMvcPrintOnlyOnFailureTestExecutionListener@6f2d77e9, org.springframework.boot.test.autoconfigure.web.servlet.WebDriverTestExecutionListener@22801099, org.springframework.boot.test.autoconfigure.webservices.client.MockWebServiceServerTestExecutionListener@23ea17e, org.spockframework.spring.SpringMockTestExecutionListener@67e9d8cb]
2024-05-17 18:05:43.499  INFO 26516 --- [WebServer 60965] okhttp3.mockwebserver.MockWebServer      : MockWebServer[60965] starting to accept connections
2024-05-17 18:05:43.504  INFO 26516 --- [127.0.0.1:38968] okhttp3.mockwebserver.MockWebServer      : MockWebServer[60965] received request: POST /api/v1/namespaces/ns1/secrets HTTP/1.1 and responded: HTTP/1.1 200 OK
2024-05-17 18:05:43.508  INFO 26516 --- [127.0.0.1:38968] okhttp3.mockwebserver.MockWebServer      : MockWebServer[60965] received request: POST /api/v1/namespaces/ns2/secrets HTTP/1.1 and responded: HTTP/1.1 200 OK
2024-05-17 18:05:43.591  WARN 26516 --- [           main] ubernetesProfileEnvironmentPostProcessor : Not running inside kubernetes. Skipping 'kubernetes' profile activation.

  .   ____          _            __ _ _
 /\\ / ___'_ __ _ _(_)_ __  __ _ \ \ \ \
( ( )\___ | '_ | '_| | '_ \/ _` | \ \ \ \
 \\/  ___)| |_)| | | | | || (_| |  ) ) ) )
  '  |____| .__|_| |_|_| |_\__, | / / / /
 =========|_|==============|___/=/_/_/_/
 :: Spring Boot ::                (v2.6.3)

2024-05-17 18:05:43.663  INFO 26516 --- [           main] s.c.k.f.c.Fabric8ConfigMapPropertySource : Loading ConfigMap with name 'secret-example' in namespace 'ns1'
2024-05-17 18:05:43.666  INFO 26516 --- [127.0.0.1:38974] okhttp3.mockwebserver.MockWebServer      : MockWebServer[60965] received request: GET /api/v1/namespaces/ns1/configmaps/secret-example HTTP/1.1 and responded: HTTP/1.1 404 Client Error
2024-05-17 18:05:43.668  INFO 26516 --- [           main] o.s.c.k.f.config.Fabric8ConfigUtils      : config-map with name : 'secret-example' not present in namespace : 'ns1'
2024-05-17 18:05:43.670  INFO 26516 --- [           main] b.c.PropertySourceBootstrapConfiguration : Located property source: [BootstrapPropertySource {name='bootstrapProperties-configmap.secret-example.ns1'}]
2024-05-17 18:05:43.670  INFO 26516 --- [           main] o.s.c.k.f.c.Fabric8SecretsPropertySource : Loading Secret with name 'name2' or with labels [{0.env=dev2, 1.version=2.0}] in namespace 'ns2'
2024-05-17 18:05:43.671  INFO 26516 --- [127.0.0.1:38974] okhttp3.mockwebserver.MockWebServer      : MockWebServer[60965] received request: GET /api/v1/namespaces/ns2/secrets/name2 HTTP/1.1 and responded: HTTP/1.1 200 OK
2024-05-17 18:05:43.715  INFO 26516 --- [127.0.0.1:38974] okhttp3.mockwebserver.MockWebServer      : MockWebServer[60965] received request: GET /api/v1/namespaces/ns2/secrets?labelSelector=0.env%3Ddev2%2C1.version%3D2.0 HTTP/1.1 and responded: HTTP/1.1 200 OK
2024-05-17 18:05:43.756  INFO 26516 --- [           main] o.s.c.k.f.c.Fabric8SecretsPropertySource : Loading Secret with name 'name1' or with labels [{0.env=env1, 1.version=1.0}] in namespace 'ns1'
2024-05-17 18:05:43.759  INFO 26516 --- [127.0.0.1:38974] okhttp3.mockwebserver.MockWebServer      : MockWebServer[60965] received request: GET /api/v1/namespaces/ns1/secrets/name1 HTTP/1.1 and responded: HTTP/1.1 200 OK
2024-05-17 18:05:43.806  INFO 26516 --- [127.0.0.1:38974] okhttp3.mockwebserver.MockWebServer      : MockWebServer[60965] received request: GET /api/v1/namespaces/ns1/secrets?labelSelector=0.env%3Denv1%2C1.version%3D1.0 HTTP/1.1 and responded: HTTP/1.1 200 OK
2024-05-17 18:05:43.848  INFO 26516 --- [           main] b.c.PropertySourceBootstrapConfiguration : Located property source: [BootstrapPropertySource {name='bootstrapProperties-secrets.name2.ns2'}, BootstrapPropertySource {name='bootstrapProperties-secrets.name1.ns1'}]
2024-05-17 18:05:43.856  WARN 26516 --- [           main] ubernetesProfileEnvironmentPostProcessor : Not running inside kubernetes. Skipping 'kubernetes' profile activation.
2024-05-17 18:05:43.857  INFO 26516 --- [           main] o.s.c.k.f.config.MultipleSecretsTests    : No active profile set, falling back to default profiles: default
2024-05-17 18:05:44.032  INFO 26516 --- [           main] o.s.cloud.context.scope.GenericScope     : BeanFactory id=d892432b-60e7-3516-91cd-00a010d0f3f7
2024-05-17 18:05:44.138  INFO 26516 --- [           main] o.s.b.w.embedded.tomcat.TomcatWebServer  : Tomcat initialized with port(s): 0 (http)
2024-05-17 18:05:44.139  INFO 26516 --- [           main] o.apache.catalina.core.StandardService   : Starting service [Tomcat]
2024-05-17 18:05:44.139  INFO 26516 --- [           main] org.apache.catalina.core.StandardEngine  : Starting Servlet engine: [Apache Tomcat/9.0.56]
2024-05-17 18:05:44.153  INFO 26516 --- [           main] o.a.c.c.C.[Tomcat-13].[localhost].[/]    : Initializing Spring embedded WebApplicationContext
2024-05-17 18:05:44.153  INFO 26516 --- [           main] w.s.c.ServletWebServerApplicationContext : Root WebApplicationContext: initialization completed in 294 ms
2024-05-17 18:05:44.670  INFO 26516 --- [           main] o.s.b.a.e.web.EndpointLinksResolver      : Exposing 1 endpoint(s) beneath base path '/actuator'
2024-05-17 18:05:44.708  INFO 26516 --- [           main] o.s.b.w.embedded.tomcat.TomcatWebServer  : Tomcat started on port(s): 39767 (http) with context path ''
2024-05-17 18:05:44.713  INFO 26516 --- [           main] o.s.c.k.f.config.MultipleSecretsTests    : Started MultipleSecretsTests in 1.163 seconds (JVM running for 32.301)
2024-05-17 18:05:44.723  INFO 26516 --- [WebServer 35853] okhttp3.mockwebserver.MockWebServer      : MockWebServer[35853] starting to accept connections
2024-05-17 18:05:44.731  INFO 26516 --- [-auto-14-exec-1] o.a.c.c.C.[Tomcat-13].[localhost].[/]    : Initializing Spring DispatcherServlet 'dispatcherServlet'
2024-05-17 18:05:44.731  INFO 26516 --- [-auto-14-exec-1] o.s.web.servlet.DispatcherServlet        : Initializing Servlet 'dispatcherServlet'
2024-05-17 18:05:44.731  INFO 26516 --- [-auto-14-exec-1] o.s.web.servlet.DispatcherServlet        : Completed initialization in 0 ms
2024-05-17 18:05:44.739  INFO 26516 --- [WebServer 35853] okhttp3.mockwebserver.MockWebServer      : MockWebServer[35853] done accepting connections: Socket closed
2024-05-17 18:05:44.742  INFO 26516 --- [           main] .b.t.c.SpringBootTestContextBootstrapper : Neither @ContextConfiguration nor @ContextHierarchy found for test class [org.springframework.cloud.kubernetes.fabric8.config.ConfigMapsMixedTests], using SpringBootContextLoader
2024-05-17 18:05:44.743  INFO 26516 --- [           main] o.s.t.c.support.AbstractContextLoader    : Could not detect default resource locations for test class [org.springframework.cloud.kubernetes.fabric8.config.ConfigMapsMixedTests]: no resource found for suffixes {-context.xml, Context.groovy}.
2024-05-17 18:05:44.744  INFO 26516 --- [           main] .b.t.c.SpringBootTestContextBootstrapper : Loaded default TestExecutionListener class names from location [META-INF/spring.factories]: [org.springframework.boot.test.mock.mockito.MockitoTestExecutionListener, org.springframework.boot.test.mock.mockito.ResetMocksTestExecutionListener, org.springframework.boot.test.autoconfigure.restdocs.RestDocsTestExecutionListener, org.springframework.boot.test.autoconfigure.web.client.MockRestServiceServerResetTestExecutionListener, org.springframework.boot.test.autoconfigure.web.servlet.MockMvcPrintOnlyOnFailureTestExecutionListener, org.springframework.boot.test.autoconfigure.web.servlet.WebDriverTestExecutionListener, org.springframework.boot.test.autoconfigure.webservices.client.MockWebServiceServerTestExecutionListener, org.springframework.test.context.web.ServletTestExecutionListener, org.springframework.test.context.support.DirtiesContextBeforeModesTestExecutionListener, org.springframework.test.context.event.ApplicationEventsTestExecutionListener, org.springframework.test.context.support.DependencyInjectionTestExecutionListener, org.springframework.test.context.support.DirtiesContextTestExecutionListener, org.springframework.test.context.transaction.TransactionalTestExecutionListener, org.springframework.test.context.jdbc.SqlScriptsTestExecutionListener, org.springframework.test.context.event.EventPublishingTestExecutionListener, org.spockframework.spring.SpringMockTestExecutionListener]
2024-05-17 18:05:44.746  INFO 26516 --- [           main] .b.t.c.SpringBootTestContextBootstrapper : Using TestExecutionListeners: [org.springframework.test.context.web.ServletTestExecutionListener@172f0ab5, org.springframework.test.context.support.DirtiesContextBeforeModesTestExecutionListener@17b17fa8, org.springframework.test.context.event.ApplicationEventsTestExecutionListener@74cc8c55, org.springframework.boot.test.mock.mockito.MockitoTestExecutionListener@64b05928, org.springframework.boot.test.autoconfigure.SpringBootDependencyInjectionTestExecutionListener@ba59da9, org.springframework.test.context.support.DirtiesContextTestExecutionListener@1775ff4a, org.springframework.test.context.event.EventPublishingTestExecutionListener@7cb77d5, org.springframework.boot.test.mock.mockito.ResetMocksTestExecutionListener@61d4171d, org.springframework.boot.test.autoconfigure.restdocs.RestDocsTestExecutionListener@463b865b, org.springframework.boot.test.autoconfigure.web.client.MockRestServiceServerResetTestExecutionListener@7e0cbe79, org.springframework.boot.test.autoconfigure.web.servlet.MockMvcPrintOnlyOnFailureTestExecutionListener@22251bb2, org.springframework.boot.test.autoconfigure.web.servlet.WebDriverTestExecutionListener@63888c14, org.springframework.boot.test.autoconfigure.webservices.client.MockWebServiceServerTestExecutionListener@799bc760, org.spockframework.spring.SpringMockTestExecutionListener@627f515c]
2024-05-17 18:05:44.748  INFO 26516 --- [WebServer 45437] okhttp3.mockwebserver.MockWebServer      : MockWebServer[45437] starting to accept connections
2024-05-17 18:05:44.752  INFO 26516 --- [127.0.0.1:38480] okhttp3.mockwebserver.MockWebServer      : MockWebServer[45437] received request: POST /api/v1/namespaces/test/configmaps HTTP/1.1 and responded: HTTP/1.1 200 OK
2024-05-17 18:05:44.755  INFO 26516 --- [WebServer 33231] okhttp3.mockwebserver.MockWebServer      : MockWebServer[33231] starting to accept connections
2024-05-17 18:05:44.767  INFO 26516 --- [WebServer 33231] okhttp3.mockwebserver.MockWebServer      : MockWebServer[33231] done accepting connections: Socket closed
2024-05-17 18:05:44.770  INFO 26516 --- [           main] .b.t.c.SpringBootTestContextBootstrapper : Neither @ContextConfiguration nor @ContextHierarchy found for test class [org.springframework.cloud.kubernetes.fabric8.config.HealthIndicatorTest], using SpringBootContextLoader
2024-05-17 18:05:44.771  INFO 26516 --- [           main] o.s.t.c.support.AbstractContextLoader    : Could not detect default resource locations for test class [org.springframework.cloud.kubernetes.fabric8.config.HealthIndicatorTest]: no resource found for suffixes {-context.xml, Context.groovy}.
2024-05-17 18:05:44.772  INFO 26516 --- [           main] .b.t.c.SpringBootTestContextBootstrapper : Loaded default TestExecutionListener class names from location [META-INF/spring.factories]: [org.springframework.boot.test.mock.mockito.MockitoTestExecutionListener, org.springframework.boot.test.mock.mockito.ResetMocksTestExecutionListener, org.springframework.boot.test.autoconfigure.restdocs.RestDocsTestExecutionListener, org.springframework.boot.test.autoconfigure.web.client.MockRestServiceServerResetTestExecutionListener, org.springframework.boot.test.autoconfigure.web.servlet.MockMvcPrintOnlyOnFailureTestExecutionListener, org.springframework.boot.test.autoconfigure.web.servlet.WebDriverTestExecutionListener, org.springframework.boot.test.autoconfigure.webservices.client.MockWebServiceServerTestExecutionListener, org.springframework.test.context.web.ServletTestExecutionListener, org.springframework.test.context.support.DirtiesContextBeforeModesTestExecutionListener, org.springframework.test.context.event.ApplicationEventsTestExecutionListener, org.springframework.test.context.support.DependencyInjectionTestExecutionListener, org.springframework.test.context.support.DirtiesContextTestExecutionListener, org.springframework.test.context.transaction.TransactionalTestExecutionListener, org.springframework.test.context.jdbc.SqlScriptsTestExecutionListener, org.springframework.test.context.event.EventPublishingTestExecutionListener, org.spockframework.spring.SpringMockTestExecutionListener]
2024-05-17 18:05:44.773  INFO 26516 --- [           main] .b.t.c.SpringBootTestContextBootstrapper : Using TestExecutionListeners: [org.springframework.test.context.web.ServletTestExecutionListener@78a3023f, org.springframework.test.context.support.DirtiesContextBeforeModesTestExecutionListener@2d752f29, org.springframework.test.context.event.ApplicationEventsTestExecutionListener@20eee47c, org.springframework.boot.test.mock.mockito.MockitoTestExecutionListener@d5aea9a, org.springframework.boot.test.autoconfigure.SpringBootDependencyInjectionTestExecutionListener@6d88a3f4, org.springframework.test.context.support.DirtiesContextTestExecutionListener@6980c50b, org.springframework.test.context.event.EventPublishingTestExecutionListener@3e9a0143, org.springframework.boot.test.mock.mockito.ResetMocksTestExecutionListener@644e2230, org.springframework.boot.test.autoconfigure.restdocs.RestDocsTestExecutionListener@4cf1ba4e, org.springframework.boot.test.autoconfigure.web.client.MockRestServiceServerResetTestExecutionListener@23368646, org.springframework.boot.test.autoconfigure.web.servlet.MockMvcPrintOnlyOnFailureTestExecutionListener@4dc80b7a, org.springframework.boot.test.autoconfigure.web.servlet.WebDriverTestExecutionListener@5882ff51, org.springframework.boot.test.autoconfigure.webservices.client.MockWebServiceServerTestExecutionListener@19601dc5, org.spockframework.spring.SpringMockTestExecutionListener@ef3bc19]
2024-05-17 18:05:44.774  INFO 26516 --- [WebServer 36553] okhttp3.mockwebserver.MockWebServer      : MockWebServer[36553] starting to accept connections
2024-05-17 18:05:44.811  WARN 26516 --- [           main] ubernetesProfileEnvironmentPostProcessor : Not running inside kubernetes. Skipping 'kubernetes' profile activation.

  .   ____          _            __ _ _
 /\\ / ___'_ __ _ _(_)_ __  __ _ \ \ \ \
( ( )\___ | '_ | '_| | '_ \/ _` | \ \ \ \
 \\/  ___)| |_)| | | | | || (_| |  ) ) ) )
  '  |____| .__|_| |_|_| |_\__, | / / / /
 =========|_|==============|___/=/_/_/_/
 :: Spring Boot ::                (v2.6.3)

2024-05-17 18:05:44.866  WARN 26516 --- [           main] ubernetesProfileEnvironmentPostProcessor : Not running inside kubernetes. Skipping 'kubernetes' profile activation.
2024-05-17 18:05:44.866  INFO 26516 --- [           main] o.s.c.k.f.config.HealthIndicatorTest     : No active profile set, falling back to default profiles: default
2024-05-17 18:05:45.029  INFO 26516 --- [           main] o.s.cloud.context.scope.GenericScope     : BeanFactory id=cf6232b6-8180-3b95-aacc-818afebc75eb
2024-05-17 18:05:45.155  INFO 26516 --- [           main] o.s.b.w.embedded.tomcat.TomcatWebServer  : Tomcat initialized with port(s): 0 (http)
2024-05-17 18:05:45.156  INFO 26516 --- [           main] o.apache.catalina.core.StandardService   : Starting service [Tomcat]
2024-05-17 18:05:45.156  INFO 26516 --- [           main] org.apache.catalina.core.StandardEngine  : Starting Servlet engine: [Apache Tomcat/9.0.56]
2024-05-17 18:05:45.167  INFO 26516 --- [           main] o.a.c.c.C.[Tomcat-14].[localhost].[/]    : Initializing Spring embedded WebApplicationContext
2024-05-17 18:05:45.167  INFO 26516 --- [           main] w.s.c.ServletWebServerApplicationContext : Root WebApplicationContext: initialization completed in 300 ms
2024-05-17 18:05:46.170  INFO 26516 --- [           main] o.s.b.a.e.web.EndpointLinksResolver      : Exposing 1 endpoint(s) beneath base path '/actuator'
2024-05-17 18:05:46.209  INFO 26516 --- [           main] o.s.b.w.embedded.tomcat.TomcatWebServer  : Tomcat started on port(s): 44935 (http) with context path ''
2024-05-17 18:05:46.215  INFO 26516 --- [           main] o.s.c.k.f.config.HealthIndicatorTest     : Started HealthIndicatorTest in 1.439 seconds (JVM running for 33.803)
2024-05-17 18:05:46.223  INFO 26516 --- [WebServer 55973] okhttp3.mockwebserver.MockWebServer      : MockWebServer[55973] starting to accept connections
2024-05-17 18:05:46.233  INFO 26516 --- [-auto-15-exec-1] o.a.c.c.C.[Tomcat-14].[localhost].[/]    : Initializing Spring DispatcherServlet 'dispatcherServlet'
2024-05-17 18:05:46.233  INFO 26516 --- [-auto-15-exec-1] o.s.web.servlet.DispatcherServlet        : Initializing Servlet 'dispatcherServlet'
2024-05-17 18:05:46.233  INFO 26516 --- [-auto-15-exec-1] o.s.web.servlet.DispatcherServlet        : Completed initialization in 0 ms
2024-05-17 18:05:46.249  INFO 26516 --- [WebServer 55973] okhttp3.mockwebserver.MockWebServer      : MockWebServer[55973] done accepting connections: Socket closed
2024-05-17 18:05:46.253  INFO 26516 --- [           main] .b.t.c.SpringBootTestContextBootstrapper : Neither @ContextConfiguration nor @ContextHierarchy found for test class [org.springframework.cloud.kubernetes.fabric8.config.ConfigMapsWithActiveProfilesNameTests], using SpringBootContextLoader
2024-05-17 18:05:46.253  INFO 26516 --- [           main] o.s.t.c.support.AbstractContextLoader    : Could not detect default resource locations for test class [org.springframework.cloud.kubernetes.fabric8.config.ConfigMapsWithActiveProfilesNameTests]: no resource found for suffixes {-context.xml, Context.groovy}.
2024-05-17 18:05:46.255  INFO 26516 --- [           main] .b.t.c.SpringBootTestContextBootstrapper : Loaded default TestExecutionListener class names from location [META-INF/spring.factories]: [org.springframework.boot.test.mock.mockito.MockitoTestExecutionListener, org.springframework.boot.test.mock.mockito.ResetMocksTestExecutionListener, org.springframework.boot.test.autoconfigure.restdocs.RestDocsTestExecutionListener, org.springframework.boot.test.autoconfigure.web.client.MockRestServiceServerResetTestExecutionListener, org.springframework.boot.test.autoconfigure.web.servlet.MockMvcPrintOnlyOnFailureTestExecutionListener, org.springframework.boot.test.autoconfigure.web.servlet.WebDriverTestExecutionListener, org.springframework.boot.test.autoconfigure.webservices.client.MockWebServiceServerTestExecutionListener, org.springframework.test.context.web.ServletTestExecutionListener, org.springframework.test.context.support.DirtiesContextBeforeModesTestExecutionListener, org.springframework.test.context.event.ApplicationEventsTestExecutionListener, org.springframework.test.context.support.DependencyInjectionTestExecutionListener, org.springframework.test.context.support.DirtiesContextTestExecutionListener, org.springframework.test.context.transaction.TransactionalTestExecutionListener, org.springframework.test.context.jdbc.SqlScriptsTestExecutionListener, org.springframework.test.context.event.EventPublishingTestExecutionListener, org.spockframework.spring.SpringMockTestExecutionListener]
2024-05-17 18:05:46.256  INFO 26516 --- [           main] .b.t.c.SpringBootTestContextBootstrapper : Using TestExecutionListeners: [org.springframework.test.context.web.ServletTestExecutionListener@69724abb, org.springframework.test.context.support.DirtiesContextBeforeModesTestExecutionListener@5c961ce9, org.springframework.test.context.event.ApplicationEventsTestExecutionListener@4b8816f7, org.springframework.boot.test.mock.mockito.MockitoTestExecutionListener@2d7ee91c, org.springframework.boot.test.autoconfigure.SpringBootDependencyInjectionTestExecutionListener@56a2599a, org.springframework.test.context.support.DirtiesContextTestExecutionListener@3a3f66f3, org.springframework.test.context.event.EventPublishingTestExecutionListener@310bf0ed, org.springframework.boot.test.mock.mockito.ResetMocksTestExecutionListener@6be7c9d9, org.springframework.boot.test.autoconfigure.restdocs.RestDocsTestExecutionListener@2f4d33b6, org.springframework.boot.test.autoconfigure.web.client.MockRestServiceServerResetTestExecutionListener@6e84c052, org.springframework.boot.test.autoconfigure.web.servlet.MockMvcPrintOnlyOnFailureTestExecutionListener@66c9f7, org.springframework.boot.test.autoconfigure.web.servlet.WebDriverTestExecutionListener@551a7123, org.springframework.boot.test.autoconfigure.webservices.client.MockWebServiceServerTestExecutionListener@138c28b5, org.spockframework.spring.SpringMockTestExecutionListener@5bc2fcc6]
2024-05-17 18:05:46.258  INFO 26516 --- [WebServer 53309] okhttp3.mockwebserver.MockWebServer      : MockWebServer[53309] starting to accept connections
2024-05-17 18:05:46.262  INFO 26516 --- [127.0.0.1:46100] okhttp3.mockwebserver.MockWebServer      : MockWebServer[53309] received request: POST /api/v1/namespaces/test/configmaps HTTP/1.1 and responded: HTTP/1.1 200 OK
2024-05-17 18:05:46.265  INFO 26516 --- [127.0.0.1:46100] okhttp3.mockwebserver.MockWebServer      : MockWebServer[53309] received request: POST /api/v1/namespaces/test/configmaps HTTP/1.1 and responded: HTTP/1.1 200 OK
2024-05-17 18:05:46.343  WARN 26516 --- [           main] ubernetesProfileEnvironmentPostProcessor : Not running inside kubernetes. Skipping 'kubernetes' profile activation.

  .   ____          _            __ _ _
 /\\ / ___'_ __ _ _(_)_ __  __ _ \ \ \ \
( ( )\___ | '_ | '_| | '_ \/ _` | \ \ \ \
 \\/  ___)| |_)| | | | | || (_| |  ) ) ) )
  '  |____| .__|_| |_|_| |_\__, | / / / /
 =========|_|==============|___/=/_/_/_/
 :: Spring Boot ::                (v2.6.3)

2024-05-17 18:05:46.407  INFO 26516 --- [           main] s.c.k.f.c.Fabric8ConfigMapPropertySource : Loading ConfigMap with name 'configmap-with-active-profile-name-example' in namespace 'test'
2024-05-17 18:05:46.409  INFO 26516 --- [127.0.0.1:49800] okhttp3.mockwebserver.MockWebServer      : MockWebServer[53309] received request: GET /api/v1/namespaces/test/configmaps/configmap-with-active-profile-name-example HTTP/1.1 and responded: HTTP/1.1 200 OK
2024-05-17 18:05:46.417  INFO 26516 --- [127.0.0.1:49800] okhttp3.mockwebserver.MockWebServer      : MockWebServer[53309] received request: GET /api/v1/namespaces/test/configmaps/configmap-with-active-profile-name-example-development HTTP/1.1 and responded: HTTP/1.1 200 OK
2024-05-17 18:05:46.459  INFO 26516 --- [           main] b.c.PropertySourceBootstrapConfiguration : Located property source: [BootstrapPropertySource {name='bootstrapProperties-configmap.configmap-with-active-profile-name-example.test'}]
2024-05-17 18:05:46.463  WARN 26516 --- [           main] ubernetesProfileEnvironmentPostProcessor : Not running inside kubernetes. Skipping 'kubernetes' profile activation.
2024-05-17 18:05:46.463  INFO 26516 --- [           main] .c.ConfigMapsWithActiveProfilesNameTests : The following profiles are active: development
2024-05-17 18:05:46.606  INFO 26516 --- [           main] o.s.cloud.context.scope.GenericScope     : BeanFactory id=affffd22-e438-321b-a0d0-967c2140a2e8
2024-05-17 18:05:46.720  INFO 26516 --- [           main] o.s.b.w.embedded.tomcat.TomcatWebServer  : Tomcat initialized with port(s): 0 (http)
2024-05-17 18:05:46.722  INFO 26516 --- [           main] o.apache.catalina.core.StandardService   : Starting service [Tomcat]
2024-05-17 18:05:46.722  INFO 26516 --- [           main] org.apache.catalina.core.StandardEngine  : Starting Servlet engine: [Apache Tomcat/9.0.56]
2024-05-17 18:05:46.732  INFO 26516 --- [           main] o.a.c.c.C.[Tomcat-15].[localhost].[/]    : Initializing Spring embedded WebApplicationContext
2024-05-17 18:05:46.732  INFO 26516 --- [           main] w.s.c.ServletWebServerApplicationContext : Root WebApplicationContext: initialization completed in 268 ms
2024-05-17 18:05:47.255  INFO 26516 --- [           main] o.s.b.a.e.web.EndpointLinksResolver      : Exposing 1 endpoint(s) beneath base path '/actuator'
2024-05-17 18:05:47.291  INFO 26516 --- [           main] o.s.b.w.embedded.tomcat.TomcatWebServer  : Tomcat started on port(s): 37345 (http) with context path ''
2024-05-17 18:05:47.296  INFO 26516 --- [           main] .c.ConfigMapsWithActiveProfilesNameTests : Started ConfigMapsWithActiveProfilesNameTests in 0.988 seconds (JVM running for 34.884)
2024-05-17 18:05:47.306  INFO 26516 --- [WebServer 41435] okhttp3.mockwebserver.MockWebServer      : MockWebServer[41435] starting to accept connections
2024-05-17 18:05:47.313  INFO 26516 --- [-auto-16-exec-1] o.a.c.c.C.[Tomcat-15].[localhost].[/]    : Initializing Spring DispatcherServlet 'dispatcherServlet'
2024-05-17 18:05:47.314  INFO 26516 --- [-auto-16-exec-1] o.s.web.servlet.DispatcherServlet        : Initializing Servlet 'dispatcherServlet'
2024-05-17 18:05:47.314  INFO 26516 --- [-auto-16-exec-1] o.s.web.servlet.DispatcherServlet        : Completed initialization in 0 ms
2024-05-17 18:05:47.323  INFO 26516 --- [WebServer 41435] okhttp3.mockwebserver.MockWebServer      : MockWebServer[41435] done accepting connections: Socket closed
2024-05-17 18:05:47.329  INFO 26516 --- [WebServer 51455] okhttp3.mockwebserver.MockWebServer      : MockWebServer[51455] starting to accept connections
2024-05-17 18:05:47.331  INFO 26516 --- [WebServer 50717] okhttp3.mockwebserver.MockWebServer      : MockWebServer[50717] starting to accept connections
2024-05-17 18:05:47.332  INFO 26516 --- [           main] .b.t.c.SpringBootTestContextBootstrapper : Neither @ContextConfiguration nor @ContextHierarchy found for test class [org.springframework.cloud.kubernetes.fabric8.config.Fabric8ConfigMapPropertySourceLocatorRetryTests$ConfigFailFastEnabledButRetryDisabled], using SpringBootContextLoader
2024-05-17 18:05:47.333  INFO 26516 --- [           main] o.s.t.c.support.AbstractContextLoader    : Could not detect default resource locations for test class [org.springframework.cloud.kubernetes.fabric8.config.Fabric8ConfigMapPropertySourceLocatorRetryTests$ConfigFailFastEnabledButRetryDisabled]: no resource found for suffixes {-context.xml, Context.groovy}.
2024-05-17 18:05:47.334  INFO 26516 --- [           main] .b.t.c.SpringBootTestContextBootstrapper : Loaded default TestExecutionListener class names from location [META-INF/spring.factories]: [org.springframework.boot.test.mock.mockito.MockitoTestExecutionListener, org.springframework.boot.test.mock.mockito.ResetMocksTestExecutionListener, org.springframework.boot.test.autoconfigure.restdocs.RestDocsTestExecutionListener, org.springframework.boot.test.autoconfigure.web.client.MockRestServiceServerResetTestExecutionListener, org.springframework.boot.test.autoconfigure.web.servlet.MockMvcPrintOnlyOnFailureTestExecutionListener, org.springframework.boot.test.autoconfigure.web.servlet.WebDriverTestExecutionListener, org.springframework.boot.test.autoconfigure.webservices.client.MockWebServiceServerTestExecutionListener, org.springframework.test.context.web.ServletTestExecutionListener, org.springframework.test.context.support.DirtiesContextBeforeModesTestExecutionListener, org.springframework.test.context.event.ApplicationEventsTestExecutionListener, org.springframework.test.context.support.DependencyInjectionTestExecutionListener, org.springframework.test.context.support.DirtiesContextTestExecutionListener, org.springframework.test.context.transaction.TransactionalTestExecutionListener, org.springframework.test.context.jdbc.SqlScriptsTestExecutionListener, org.springframework.test.context.event.EventPublishingTestExecutionListener, org.spockframework.spring.SpringMockTestExecutionListener]
2024-05-17 18:05:47.335  INFO 26516 --- [           main] .b.t.c.SpringBootTestContextBootstrapper : Using TestExecutionListeners: [org.springframework.test.context.web.ServletTestExecutionListener@622eee0b, org.springframework.test.context.support.DirtiesContextBeforeModesTestExecutionListener@d031623, org.springframework.test.context.event.ApplicationEventsTestExecutionListener@6e609e8a, org.springframework.boot.test.mock.mockito.MockitoTestExecutionListener@59209bcd, org.springframework.boot.test.autoconfigure.SpringBootDependencyInjectionTestExecutionListener@4ceb6854, org.springframework.test.context.support.DirtiesContextTestExecutionListener@59ccdde4, org.springframework.test.context.event.EventPublishingTestExecutionListener@33b29c99, org.springframework.boot.test.mock.mockito.ResetMocksTestExecutionListener@6e9197d1, org.springframework.boot.test.autoconfigure.restdocs.RestDocsTestExecutionListener@792feb9f, org.springframework.boot.test.autoconfigure.web.client.MockRestServiceServerResetTestExecutionListener@46b32aa3, org.springframework.boot.test.autoconfigure.web.servlet.MockMvcPrintOnlyOnFailureTestExecutionListener@614220b8, org.springframework.boot.test.autoconfigure.web.servlet.WebDriverTestExecutionListener@30f0c5e, org.springframework.boot.test.autoconfigure.webservices.client.MockWebServiceServerTestExecutionListener@5fa7cb3, org.spockframework.spring.SpringMockTestExecutionListener@5ac3a89d]
2024-05-17 18:05:47.373  WARN 26516 --- [           main] ubernetesProfileEnvironmentPostProcessor : Not running inside kubernetes. Skipping 'kubernetes' profile activation.

  .   ____          _            __ _ _
 /\\ / ___'_ __ _ _(_)_ __  __ _ \ \ \ \
( ( )\___ | '_ | '_| | '_ \/ _` | \ \ \ \
 \\/  ___)| |_)| | | | | || (_| |  ) ) ) )
  '  |____| .__|_| |_|_| |_\__, | / / / /
 =========|_|==============|___/=/_/_/_/
 :: Spring Boot ::                (v2.6.3)

2024-05-17 18:05:47.431  INFO 26516 --- [           main] s.c.k.f.c.Fabric8ConfigMapPropertySource : Loading ConfigMap with name 'application' in namespace 'default'
2024-05-17 18:05:47.527  INFO 26516 --- [127.0.0.1:57732] okhttp3.mockwebserver.MockWebServer      : MockWebServer[51455] received request: GET /api/v1/namespaces/default/configmaps/application HTTP/1.1 and responded: HTTP/1.1 404 Client Error
2024-05-17 18:05:47.530  INFO 26516 --- [           main] o.s.c.k.f.config.Fabric8ConfigUtils      : config-map with name : 'application' not present in namespace : 'default'
2024-05-17 18:05:47.530  INFO 26516 --- [           main] b.c.PropertySourceBootstrapConfiguration : Located property source: [BootstrapPropertySource {name='bootstrapProperties-configmap.application.default'}]
2024-05-17 18:05:47.537  WARN 26516 --- [           main] ubernetesProfileEnvironmentPostProcessor : Not running inside kubernetes. Skipping 'kubernetes' profile activation.
2024-05-17 18:05:47.537  INFO 26516 --- [           main] ts$ConfigFailFastEnabledButRetryDisabled : No active profile set, falling back to default profiles: default
2024-05-17 18:05:47.845  INFO 26516 --- [           main] o.s.cloud.context.scope.GenericScope     : BeanFactory id=94652287-2eb9-367e-b08b-eea09b3b2900
2024-05-17 18:05:48.222  INFO 26516 --- [           main] ts$ConfigFailFastEnabledButRetryDisabled : Started Fabric8ConfigMapPropertySourceLocatorRetryTests.ConfigFailFastEnabledButRetryDisabled in 0.885 seconds (JVM running for 35.81)
2024-05-17 18:05:48.228  INFO 26516 --- [WebServer 32995] okhttp3.mockwebserver.MockWebServer      : MockWebServer[32995] starting to accept connections
2024-05-17 18:05:48.230  INFO 26516 --- [           main] s.c.k.f.c.Fabric8ConfigMapPropertySource : Loading ConfigMap with name 'application' in namespace 'default'
2024-05-17 18:05:48.232  INFO 26516 --- [127.0.0.1:57732] okhttp3.mockwebserver.MockWebServer      : MockWebServer[51455] received request: GET /api/v1/namespaces/default/configmaps/application HTTP/1.1 and responded: HTTP/1.1 500 Server Error
2024-05-17 18:05:48.235  INFO 26516 --- [WebServer 32995] okhttp3.mockwebserver.MockWebServer      : MockWebServer[32995] done accepting connections: Socket closed
2024-05-17 18:05:48.238  INFO 26516 --- [WebServer 42119] okhttp3.mockwebserver.MockWebServer      : MockWebServer[42119] starting to accept connections
2024-05-17 18:05:48.240  INFO 26516 --- [WebServer 55955] okhttp3.mockwebserver.MockWebServer      : MockWebServer[55955] starting to accept connections
2024-05-17 18:05:48.255  INFO 26516 --- [127.0.0.1:36082] okhttp3.mockwebserver.MockWebServer      : MockWebServer[42119] received request: POST /api/v1/namespaces/test/configmaps HTTP/1.1 and responded: HTTP/1.1 200 OK
2024-05-17 18:05:48.256  INFO 26516 --- [           main] s.c.k.f.c.Fabric8ConfigMapPropertySource : Loading ConfigMap with name 'app-yaml-test' in namespace 'test'
2024-05-17 18:05:48.256  INFO 26516 --- [127.0.0.1:36082] okhttp3.mockwebserver.MockWebServer      : MockWebServer[42119] received request: GET /api/v1/namespaces/test/configmaps/app-yaml-test HTTP/1.1 and responded: HTTP/1.1 200 OK
2024-05-17 18:05:48.300  INFO 26516 --- [WebServer 55955] okhttp3.mockwebserver.MockWebServer      : MockWebServer[55955] done accepting connections: Socket closed
2024-05-17 18:05:48.312  INFO 26516 --- [WebServer 55261] okhttp3.mockwebserver.MockWebServer      : MockWebServer[55261] starting to accept connections
2024-05-17 18:05:48.319  INFO 26516 --- [WebServer 37073] okhttp3.mockwebserver.MockWebServer      : MockWebServer[37073] starting to accept connections
2024-05-17 18:05:48.321  INFO 26516 --- [           main] s.c.k.f.c.Fabric8ConfigMapPropertySource : Loading ConfigMap with name 'my-config' in namespace 'default'
2024-05-17 18:05:48.429  INFO 26516 --- [127.0.0.1:38738] okhttp3.mockwebserver.MockWebServer      : MockWebServer[37073] received request: GET /api/v1/namespaces/default/configmaps/my-config HTTP/1.1 and responded: HTTP/1.1 500 Server Error
2024-05-17 18:05:48.471  INFO 26516 --- [WebServer 37073] okhttp3.mockwebserver.MockWebServer      : MockWebServer[37073] done accepting connections: Socket closed
2024-05-17 18:05:48.477  INFO 26516 --- [WebServer 44169] okhttp3.mockwebserver.MockWebServer      : MockWebServer[44169] starting to accept connections
2024-05-17 18:05:48.480  INFO 26516 --- [WebServer 51863] okhttp3.mockwebserver.MockWebServer      : MockWebServer[51863] starting to accept connections
2024-05-17 18:05:48.481  INFO 26516 --- [           main] .b.t.c.SpringBootTestContextBootstrapper : Neither @ContextConfiguration nor @ContextHierarchy found for test class [org.springframework.cloud.kubernetes.fabric8.config.Fabric8ConfigMapPropertySourceLocatorRetryTests$ConfigRetryEnabled], using SpringBootContextLoader
2024-05-17 18:05:48.481  INFO 26516 --- [           main] o.s.t.c.support.AbstractContextLoader    : Could not detect default resource locations for test class [org.springframework.cloud.kubernetes.fabric8.config.Fabric8ConfigMapPropertySourceLocatorRetryTests$ConfigRetryEnabled]: no resource found for suffixes {-context.xml, Context.groovy}.
2024-05-17 18:05:48.482  INFO 26516 --- [           main] .b.t.c.SpringBootTestContextBootstrapper : Loaded default TestExecutionListener class names from location [META-INF/spring.factories]: [org.springframework.boot.test.mock.mockito.MockitoTestExecutionListener, org.springframework.boot.test.mock.mockito.ResetMocksTestExecutionListener, org.springframework.boot.test.autoconfigure.restdocs.RestDocsTestExecutionListener, org.springframework.boot.test.autoconfigure.web.client.MockRestServiceServerResetTestExecutionListener, org.springframework.boot.test.autoconfigure.web.servlet.MockMvcPrintOnlyOnFailureTestExecutionListener, org.springframework.boot.test.autoconfigure.web.servlet.WebDriverTestExecutionListener, org.springframework.boot.test.autoconfigure.webservices.client.MockWebServiceServerTestExecutionListener, org.springframework.test.context.web.ServletTestExecutionListener, org.springframework.test.context.support.DirtiesContextBeforeModesTestExecutionListener, org.springframework.test.context.event.ApplicationEventsTestExecutionListener, org.springframework.test.context.support.DependencyInjectionTestExecutionListener, org.springframework.test.context.support.DirtiesContextTestExecutionListener, org.springframework.test.context.transaction.TransactionalTestExecutionListener, org.springframework.test.context.jdbc.SqlScriptsTestExecutionListener, org.springframework.test.context.event.EventPublishingTestExecutionListener, org.spockframework.spring.SpringMockTestExecutionListener]
2024-05-17 18:05:48.484  INFO 26516 --- [           main] .b.t.c.SpringBootTestContextBootstrapper : Using TestExecutionListeners: [org.springframework.test.context.web.ServletTestExecutionListener@2afee2ee, org.springframework.test.context.support.DirtiesContextBeforeModesTestExecutionListener@142409b4, org.springframework.test.context.event.ApplicationEventsTestExecutionListener@56ed0511, org.springframework.boot.test.mock.mockito.MockitoTestExecutionListener@1d2c5d75, org.springframework.boot.test.autoconfigure.SpringBootDependencyInjectionTestExecutionListener@401835ac, org.springframework.test.context.support.DirtiesContextTestExecutionListener@7445fdb2, org.springframework.test.context.event.EventPublishingTestExecutionListener@4a3ebba6, org.springframework.boot.test.mock.mockito.ResetMocksTestExecutionListener@35069061, org.springframework.boot.test.autoconfigure.restdocs.RestDocsTestExecutionListener@34327638, org.springframework.boot.test.autoconfigure.web.client.MockRestServiceServerResetTestExecutionListener@6fc1a561, org.springframework.boot.test.autoconfigure.web.servlet.MockMvcPrintOnlyOnFailureTestExecutionListener@501dd0b4, org.springframework.boot.test.autoconfigure.web.servlet.WebDriverTestExecutionListener@5199d74e, org.springframework.boot.test.autoconfigure.webservices.client.MockWebServiceServerTestExecutionListener@763df8f3, org.spockframework.spring.SpringMockTestExecutionListener@1435a1f8]
2024-05-17 18:05:48.519  WARN 26516 --- [           main] ubernetesProfileEnvironmentPostProcessor : Not running inside kubernetes. Skipping 'kubernetes' profile activation.
2024-05-17 18:05:48.544  INFO 26516 --- [           main] trationDelegate$BeanPostProcessorChecker : Bean 'org.springframework.retry.annotation.RetryConfiguration' of type [org.springframework.retry.annotation.RetryConfiguration] is not eligible for getting processed by all BeanPostProcessors (for example: not eligible for auto-proxying)

  .   ____          _            __ _ _
 /\\ / ___'_ __ _ _(_)_ __  __ _ \ \ \ \
( ( )\___ | '_ | '_| | '_ \/ _` | \ \ \ \
 \\/  ___)| |_)| | | | | || (_| |  ) ) ) )
  '  |____| .__|_| |_|_| |_\__, | / / / /
 =========|_|==============|___/=/_/_/_/
 :: Spring Boot ::                (v2.6.3)

2024-05-17 18:05:48.586  INFO 26516 --- [           main] s.c.k.f.c.Fabric8ConfigMapPropertySource : Loading ConfigMap with name 'application' in namespace 'default'
2024-05-17 18:05:48.681  INFO 26516 --- [127.0.0.1:48966] okhttp3.mockwebserver.MockWebServer      : MockWebServer[44169] received request: GET /api/v1/namespaces/default/configmaps/application HTTP/1.1 and responded: HTTP/1.1 404 Client Error
2024-05-17 18:05:48.684  INFO 26516 --- [           main] o.s.c.k.f.config.Fabric8ConfigUtils      : config-map with name : 'application' not present in namespace : 'default'
2024-05-17 18:05:48.685  INFO 26516 --- [           main] b.c.PropertySourceBootstrapConfiguration : Located property source: [BootstrapPropertySource {name='bootstrapProperties-configmap.application.default'}]
2024-05-17 18:05:48.692  WARN 26516 --- [           main] ubernetesProfileEnvironmentPostProcessor : Not running inside kubernetes. Skipping 'kubernetes' profile activation.
2024-05-17 18:05:48.693  INFO 26516 --- [           main] urceLocatorRetryTests$ConfigRetryEnabled : No active profile set, falling back to default profiles: default
2024-05-17 18:05:48.967  INFO 26516 --- [           main] o.s.cloud.context.scope.GenericScope     : BeanFactory id=94652287-2eb9-367e-b08b-eea09b3b2900
2024-05-17 18:05:49.310  INFO 26516 --- [           main] urceLocatorRetryTests$ConfigRetryEnabled : Started Fabric8ConfigMapPropertySourceLocatorRetryTests.ConfigRetryEnabled in 0.825 seconds (JVM running for 36.898)
2024-05-17 18:05:49.315  INFO 26516 --- [WebServer 45685] okhttp3.mockwebserver.MockWebServer      : MockWebServer[45685] starting to accept connections
2024-05-17 18:05:49.326  INFO 26516 --- [           main] s.c.k.f.c.Fabric8ConfigMapPropertySource : Loading ConfigMap with name 'application' in namespace 'default'
2024-05-17 18:05:49.327  INFO 26516 --- [127.0.0.1:48966] okhttp3.mockwebserver.MockWebServer      : MockWebServer[44169] received request: GET /api/v1/namespaces/default/configmaps/application HTTP/1.1 and responded: HTTP/1.1 200 OK
2024-05-17 18:05:49.332  INFO 26516 --- [WebServer 45685] okhttp3.mockwebserver.MockWebServer      : MockWebServer[45685] done accepting connections: Socket closed
2024-05-17 18:05:49.338  INFO 26516 --- [           main] .b.t.c.SpringBootTestContextBootstrapper : Neither @ContextConfiguration nor @ContextHierarchy found for test class [org.springframework.cloud.kubernetes.fabric8.config.ConfigMapsWithProfilesNoActiveProfileTests], using SpringBootContextLoader
2024-05-17 18:05:49.339  INFO 26516 --- [           main] o.s.t.c.support.AbstractContextLoader    : Could not detect default resource locations for test class [org.springframework.cloud.kubernetes.fabric8.config.ConfigMapsWithProfilesNoActiveProfileTests]: no resource found for suffixes {-context.xml, Context.groovy}.
2024-05-17 18:05:49.340  INFO 26516 --- [           main] .b.t.c.SpringBootTestContextBootstrapper : Loaded default TestExecutionListener class names from location [META-INF/spring.factories]: [org.springframework.boot.test.mock.mockito.MockitoTestExecutionListener, org.springframework.boot.test.mock.mockito.ResetMocksTestExecutionListener, org.springframework.boot.test.autoconfigure.restdocs.RestDocsTestExecutionListener, org.springframework.boot.test.autoconfigure.web.client.MockRestServiceServerResetTestExecutionListener, org.springframework.boot.test.autoconfigure.web.servlet.MockMvcPrintOnlyOnFailureTestExecutionListener, org.springframework.boot.test.autoconfigure.web.servlet.WebDriverTestExecutionListener, org.springframework.boot.test.autoconfigure.webservices.client.MockWebServiceServerTestExecutionListener, org.springframework.test.context.web.ServletTestExecutionListener, org.springframework.test.context.support.DirtiesContextBeforeModesTestExecutionListener, org.springframework.test.context.event.ApplicationEventsTestExecutionListener, org.springframework.test.context.support.DependencyInjectionTestExecutionListener, org.springframework.test.context.support.DirtiesContextTestExecutionListener, org.springframework.test.context.transaction.TransactionalTestExecutionListener, org.springframework.test.context.jdbc.SqlScriptsTestExecutionListener, org.springframework.test.context.event.EventPublishingTestExecutionListener, org.spockframework.spring.SpringMockTestExecutionListener]
2024-05-17 18:05:49.342  INFO 26516 --- [           main] .b.t.c.SpringBootTestContextBootstrapper : Using TestExecutionListeners: [org.springframework.test.context.web.ServletTestExecutionListener@2cc1fdb1, org.springframework.test.context.support.DirtiesContextBeforeModesTestExecutionListener@67c8ca0f, org.springframework.test.context.event.ApplicationEventsTestExecutionListener@11281f47, org.springframework.boot.test.mock.mockito.MockitoTestExecutionListener@28a3c051, org.springframework.boot.test.autoconfigure.SpringBootDependencyInjectionTestExecutionListener@bac9c81, org.springframework.test.context.support.DirtiesContextTestExecutionListener@2a15b749, org.springframework.test.context.event.EventPublishingTestExecutionListener@7b96476b, org.springframework.boot.test.mock.mockito.ResetMocksTestExecutionListener@4d01a100, org.springframework.boot.test.autoconfigure.restdocs.RestDocsTestExecutionListener@222674b5, org.springframework.boot.test.autoconfigure.web.client.MockRestServiceServerResetTestExecutionListener@250e2047, org.springframework.boot.test.autoconfigure.web.servlet.MockMvcPrintOnlyOnFailureTestExecutionListener@6c6a8692, org.springframework.boot.test.autoconfigure.web.servlet.WebDriverTestExecutionListener@2c2323be, org.springframework.boot.test.autoconfigure.webservices.client.MockWebServiceServerTestExecutionListener@3db17953, org.spockframework.spring.SpringMockTestExecutionListener@69696aba]
2024-05-17 18:05:49.344  INFO 26516 --- [WebServer 47391] okhttp3.mockwebserver.MockWebServer      : MockWebServer[47391] starting to accept connections
2024-05-17 18:05:49.348  INFO 26516 --- [127.0.0.1:54494] okhttp3.mockwebserver.MockWebServer      : MockWebServer[47391] received request: POST /api/v1/namespaces/test/configmaps HTTP/1.1 and responded: HTTP/1.1 200 OK
2024-05-17 18:05:49.401  WARN 26516 --- [           main] ubernetesProfileEnvironmentPostProcessor : Not running inside kubernetes. Skipping 'kubernetes' profile activation.

  .   ____          _            __ _ _
 /\\ / ___'_ __ _ _(_)_ __  __ _ \ \ \ \
( ( )\___ | '_ | '_| | '_ \/ _` | \ \ \ \
 \\/  ___)| |_)| | | | | || (_| |  ) ) ) )
  '  |____| .__|_| |_|_| |_\__, | / / / /
 =========|_|==============|___/=/_/_/_/
 :: Spring Boot ::                (v2.6.3)

2024-05-17 18:05:49.460  INFO 26516 --- [           main] s.c.k.f.c.Fabric8ConfigMapPropertySource : Loading ConfigMap with name 'configmap-with-profile-no-active-profiles-example' in namespace 'test'
2024-05-17 18:05:49.464  INFO 26516 --- [127.0.0.1:54510] okhttp3.mockwebserver.MockWebServer      : MockWebServer[47391] received request: GET /api/v1/namespaces/test/configmaps/configmap-with-profile-no-active-profiles-example HTTP/1.1 and responded: HTTP/1.1 200 OK
2024-05-17 18:05:49.466  INFO 26516 --- [           main] b.c.PropertySourceBootstrapConfiguration : Located property source: [BootstrapPropertySource {name='bootstrapProperties-configmap.configmap-with-profile-no-active-profiles-example.test'}]
2024-05-17 18:05:49.470  WARN 26516 --- [           main] ubernetesProfileEnvironmentPostProcessor : Not running inside kubernetes. Skipping 'kubernetes' profile activation.
2024-05-17 18:05:49.470  INFO 26516 --- [           main] nfigMapsWithProfilesNoActiveProfileTests : No active profile set, falling back to default profiles: default
2024-05-17 18:05:49.613  INFO 26516 --- [           main] o.s.cloud.context.scope.GenericScope     : BeanFactory id=affffd22-e438-321b-a0d0-967c2140a2e8
2024-05-17 18:05:49.692  INFO 26516 --- [           main] o.s.b.w.embedded.tomcat.TomcatWebServer  : Tomcat initialized with port(s): 0 (http)
2024-05-17 18:05:49.692  INFO 26516 --- [           main] o.apache.catalina.core.StandardService   : Starting service [Tomcat]
2024-05-17 18:05:49.693  INFO 26516 --- [           main] org.apache.catalina.core.StandardEngine  : Starting Servlet engine: [Apache Tomcat/9.0.56]
2024-05-17 18:05:49.701  INFO 26516 --- [           main] o.a.c.c.C.[Tomcat-16].[localhost].[/]    : Initializing Spring embedded WebApplicationContext
2024-05-17 18:05:49.701  INFO 26516 --- [           main] w.s.c.ServletWebServerApplicationContext : Root WebApplicationContext: initialization completed in 231 ms
2024-05-17 18:05:50.222  INFO 26516 --- [           main] o.s.b.a.e.web.EndpointLinksResolver      : Exposing 1 endpoint(s) beneath base path '/actuator'
2024-05-17 18:05:50.257  INFO 26516 --- [           main] o.s.b.w.embedded.tomcat.TomcatWebServer  : Tomcat started on port(s): 42501 (http) with context path ''
2024-05-17 18:05:50.262  INFO 26516 --- [           main] nfigMapsWithProfilesNoActiveProfileTests : Started ConfigMapsWithProfilesNoActiveProfileTests in 0.912 seconds (JVM running for 37.85)
2024-05-17 18:05:50.271  INFO 26516 --- [WebServer 59745] okhttp3.mockwebserver.MockWebServer      : MockWebServer[59745] starting to accept connections
2024-05-17 18:05:50.278  INFO 26516 --- [-auto-17-exec-1] o.a.c.c.C.[Tomcat-16].[localhost].[/]    : Initializing Spring DispatcherServlet 'dispatcherServlet'
2024-05-17 18:05:50.278  INFO 26516 --- [-auto-17-exec-1] o.s.web.servlet.DispatcherServlet        : Initializing Servlet 'dispatcherServlet'
2024-05-17 18:05:50.279  INFO 26516 --- [-auto-17-exec-1] o.s.web.servlet.DispatcherServlet        : Completed initialization in 1 ms
2024-05-17 18:05:50.288  INFO 26516 --- [WebServer 59745] okhttp3.mockwebserver.MockWebServer      : MockWebServer[59745] done accepting connections: Socket closed
2024-05-17 18:05:50.291  INFO 26516 --- [WebServer 36891] okhttp3.mockwebserver.MockWebServer      : MockWebServer[36891] starting to accept connections
2024-05-17 18:05:50.293  INFO 26516 --- [WebServer 40605] okhttp3.mockwebserver.MockWebServer      : MockWebServer[40605] starting to accept connections
2024-05-17 18:05:50.330  WARN 26516 --- [           main] ubernetesProfileEnvironmentPostProcessor : Not running inside kubernetes. Skipping 'kubernetes' profile activation.

  .   ____          _            __ _ _
 /\\ / ___'_ __ _ _(_)_ __  __ _ \ \ \ \
( ( )\___ | '_ | '_| | '_ \/ _` | \ \ \ \
 \\/  ___)| |_)| | | | | || (_| |  ) ) ) )
  '  |____| .__|_| |_|_| |_\__, | / / / /
 =========|_|==============|___/=/_/_/_/
 :: Spring Boot ::                (v2.6.3)

2024-05-17 18:05:50.416  WARN 26516 --- [           main] ubernetesProfileEnvironmentPostProcessor : Not running inside kubernetes. Skipping 'kubernetes' profile activation.
2024-05-17 18:05:50.417  INFO 26516 --- [           main] e.i.cs.testrunner.execution.Executor$    : No active profile set, falling back to default profiles: default
2024-05-17 18:05:50.430  INFO 26516 --- [           main] o.s.cloud.context.scope.GenericScope     : BeanFactory id=9bb0c735-c94f-3d6c-a130-cef04bd7ea41
2024-05-17 18:05:50.433  INFO 26516 --- [           main] e.i.cs.testrunner.execution.Executor$    : Started Executor. in 0.139 seconds (JVM running for 38.021)
2024-05-17 18:05:50.435  INFO 26516 --- [WebServer 40605] okhttp3.mockwebserver.MockWebServer      : MockWebServer[40605] done accepting connections: Socket closed
2024-05-17 18:05:50.438  INFO 26516 --- [           main] .b.t.c.SpringBootTestContextBootstrapper : Neither @ContextConfiguration nor @ContextHierarchy found for test class [org.springframework.cloud.kubernetes.fabric8.config.MultipleConfigMapsTests], using SpringBootContextLoader
2024-05-17 18:05:50.439  INFO 26516 --- [           main] o.s.t.c.support.AbstractContextLoader    : Could not detect default resource locations for test class [org.springframework.cloud.kubernetes.fabric8.config.MultipleConfigMapsTests]: no resource found for suffixes {-context.xml, Context.groovy}.
2024-05-17 18:05:50.440  INFO 26516 --- [           main] .b.t.c.SpringBootTestContextBootstrapper : Loaded default TestExecutionListener class names from location [META-INF/spring.factories]: [org.springframework.boot.test.mock.mockito.MockitoTestExecutionListener, org.springframework.boot.test.mock.mockito.ResetMocksTestExecutionListener, org.springframework.boot.test.autoconfigure.restdocs.RestDocsTestExecutionListener, org.springframework.boot.test.autoconfigure.web.client.MockRestServiceServerResetTestExecutionListener, org.springframework.boot.test.autoconfigure.web.servlet.MockMvcPrintOnlyOnFailureTestExecutionListener, org.springframework.boot.test.autoconfigure.web.servlet.WebDriverTestExecutionListener, org.springframework.boot.test.autoconfigure.webservices.client.MockWebServiceServerTestExecutionListener, org.springframework.test.context.web.ServletTestExecutionListener, org.springframework.test.context.support.DirtiesContextBeforeModesTestExecutionListener, org.springframework.test.context.event.ApplicationEventsTestExecutionListener, org.springframework.test.context.support.DependencyInjectionTestExecutionListener, org.springframework.test.context.support.DirtiesContextTestExecutionListener, org.springframework.test.context.transaction.TransactionalTestExecutionListener, org.springframework.test.context.jdbc.SqlScriptsTestExecutionListener, org.springframework.test.context.event.EventPublishingTestExecutionListener, org.spockframework.spring.SpringMockTestExecutionListener]
2024-05-17 18:05:50.441  INFO 26516 --- [           main] .b.t.c.SpringBootTestContextBootstrapper : Using TestExecutionListeners: [org.springframework.test.context.web.ServletTestExecutionListener@14a7f2fd, org.springframework.test.context.support.DirtiesContextBeforeModesTestExecutionListener@47a532d9, org.springframework.test.context.event.ApplicationEventsTestExecutionListener@1d215a52, org.springframework.boot.test.mock.mockito.MockitoTestExecutionListener@409e4611, org.springframework.boot.test.autoconfigure.SpringBootDependencyInjectionTestExecutionListener@6b8564e5, org.springframework.test.context.support.DirtiesContextTestExecutionListener@5d8a0b6, org.springframework.test.context.event.EventPublishingTestExecutionListener@12bc9995, org.springframework.boot.test.mock.mockito.ResetMocksTestExecutionListener@20a0eb1d, org.springframework.boot.test.autoconfigure.restdocs.RestDocsTestExecutionListener@604201a0, org.springframework.boot.test.autoconfigure.web.client.MockRestServiceServerResetTestExecutionListener@205fc00e, org.springframework.boot.test.autoconfigure.web.servlet.MockMvcPrintOnlyOnFailureTestExecutionListener@565995a1, org.springframework.boot.test.autoconfigure.web.servlet.WebDriverTestExecutionListener@71867474, org.springframework.boot.test.autoconfigure.webservices.client.MockWebServiceServerTestExecutionListener@1b924e5, org.spockframework.spring.SpringMockTestExecutionListener@5fb8db6c]
2024-05-17 18:05:50.443  INFO 26516 --- [WebServer 40067] okhttp3.mockwebserver.MockWebServer      : MockWebServer[40067] starting to accept connections
2024-05-17 18:05:50.447  INFO 26516 --- [127.0.0.1:44196] okhttp3.mockwebserver.MockWebServer      : MockWebServer[40067] received request: POST /api/v1/namespaces/defnamespace/configmaps HTTP/1.1 and responded: HTTP/1.1 200 OK
2024-05-17 18:05:50.450  INFO 26516 --- [127.0.0.1:44196] okhttp3.mockwebserver.MockWebServer      : MockWebServer[40067] received request: POST /api/v1/namespaces/s2/configmaps HTTP/1.1 and responded: HTTP/1.1 200 OK
2024-05-17 18:05:50.495  INFO 26516 --- [127.0.0.1:44196] okhttp3.mockwebserver.MockWebServer      : MockWebServer[40067] received request: POST /api/v1/namespaces/othernamespace/configmaps HTTP/1.1 and responded: HTTP/1.1 200 OK
2024-05-17 18:05:50.539  INFO 26516 --- [WebServer 53855] okhttp3.mockwebserver.MockWebServer      : MockWebServer[53855] starting to accept connections
2024-05-17 18:05:50.550  INFO 26516 --- [WebServer 53855] okhttp3.mockwebserver.MockWebServer      : MockWebServer[53855] done accepting connections: Socket closed
2024-05-17 18:05:50.553  INFO 26516 --- [           main] .b.t.c.SpringBootTestContextBootstrapper : Neither @ContextConfiguration nor @ContextHierarchy found for test class [org.springframework.cloud.kubernetes.fabric8.config.ConfigMapWithIncludeProfileSpecificSourcesTests], using SpringBootContextLoader
2024-05-17 18:05:50.553  INFO 26516 --- [           main] o.s.t.c.support.AbstractContextLoader    : Could not detect default resource locations for test class [org.springframework.cloud.kubernetes.fabric8.config.ConfigMapWithIncludeProfileSpecificSourcesTests]: no resource found for suffixes {-context.xml, Context.groovy}.
2024-05-17 18:05:50.554  INFO 26516 --- [           main] .b.t.c.SpringBootTestContextBootstrapper : Loaded default TestExecutionListener class names from location [META-INF/spring.factories]: [org.springframework.boot.test.mock.mockito.MockitoTestExecutionListener, org.springframework.boot.test.mock.mockito.ResetMocksTestExecutionListener, org.springframework.boot.test.autoconfigure.restdocs.RestDocsTestExecutionListener, org.springframework.boot.test.autoconfigure.web.client.MockRestServiceServerResetTestExecutionListener, org.springframework.boot.test.autoconfigure.web.servlet.MockMvcPrintOnlyOnFailureTestExecutionListener, org.springframework.boot.test.autoconfigure.web.servlet.WebDriverTestExecutionListener, org.springframework.boot.test.autoconfigure.webservices.client.MockWebServiceServerTestExecutionListener, org.springframework.test.context.web.ServletTestExecutionListener, org.springframework.test.context.support.DirtiesContextBeforeModesTestExecutionListener, org.springframework.test.context.event.ApplicationEventsTestExecutionListener, org.springframework.test.context.support.DependencyInjectionTestExecutionListener, org.springframework.test.context.support.DirtiesContextTestExecutionListener, org.springframework.test.context.transaction.TransactionalTestExecutionListener, org.springframework.test.context.jdbc.SqlScriptsTestExecutionListener, org.springframework.test.context.event.EventPublishingTestExecutionListener, org.spockframework.spring.SpringMockTestExecutionListener]
2024-05-17 18:05:50.555  INFO 26516 --- [           main] .b.t.c.SpringBootTestContextBootstrapper : Using TestExecutionListeners: [org.springframework.test.context.web.ServletTestExecutionListener@1b5b656b, org.springframework.test.context.support.DirtiesContextBeforeModesTestExecutionListener@785e65cd, org.springframework.test.context.event.ApplicationEventsTestExecutionListener@6a2affb6, org.springframework.boot.test.mock.mockito.MockitoTestExecutionListener@683cd50d, org.springframework.boot.test.autoconfigure.SpringBootDependencyInjectionTestExecutionListener@280c955c, org.springframework.test.context.support.DirtiesContextTestExecutionListener@23f7ed9d, org.springframework.test.context.event.EventPublishingTestExecutionListener@1e9d611a, org.springframework.boot.test.mock.mockito.ResetMocksTestExecutionListener@10874b79, org.springframework.boot.test.autoconfigure.restdocs.RestDocsTestExecutionListener@5c6d8a40, org.springframework.boot.test.autoconfigure.web.client.MockRestServiceServerResetTestExecutionListener@40ea0f55, org.springframework.boot.test.autoconfigure.web.servlet.MockMvcPrintOnlyOnFailureTestExecutionListener@358a33e3, org.springframework.boot.test.autoconfigure.web.servlet.WebDriverTestExecutionListener@1ffc6aa8, org.springframework.boot.test.autoconfigure.webservices.client.MockWebServiceServerTestExecutionListener@2f73cc9d, org.spockframework.spring.SpringMockTestExecutionListener@3f73fe81]
2024-05-17 18:05:50.557  INFO 26516 --- [WebServer 41609] okhttp3.mockwebserver.MockWebServer      : MockWebServer[41609] starting to accept connections
2024-05-17 18:05:50.560  INFO 26516 --- [127.0.0.1:56040] okhttp3.mockwebserver.MockWebServer      : MockWebServer[41609] received request: POST /api/v1/namespaces/spring-k8s/configmaps HTTP/1.1 and responded: HTTP/1.1 200 OK
2024-05-17 18:05:50.564  INFO 26516 --- [127.0.0.1:56040] okhttp3.mockwebserver.MockWebServer      : MockWebServer[41609] received request: POST /api/v1/namespaces/spring-k8s/configmaps HTTP/1.1 and responded: HTTP/1.1 200 OK
2024-05-17 18:05:50.608  INFO 26516 --- [127.0.0.1:56040] okhttp3.mockwebserver.MockWebServer      : MockWebServer[41609] received request: POST /api/v1/namespaces/spring-k8s/configmaps HTTP/1.1 and responded: HTTP/1.1 200 OK
2024-05-17 18:05:50.653  INFO 26516 --- [127.0.0.1:56040] okhttp3.mockwebserver.MockWebServer      : MockWebServer[41609] received request: POST /api/v1/namespaces/spring-k8s/configmaps HTTP/1.1 and responded: HTTP/1.1 200 OK
2024-05-17 18:05:50.699  INFO 26516 --- [127.0.0.1:56040] okhttp3.mockwebserver.MockWebServer      : MockWebServer[41609] received request: POST /api/v1/namespaces/spring-k8s/configmaps HTTP/1.1 and responded: HTTP/1.1 200 OK
2024-05-17 18:05:50.749  INFO 26516 --- [WebServer 50365] okhttp3.mockwebserver.MockWebServer      : MockWebServer[50365] starting to accept connections
2024-05-17 18:05:50.768  INFO 26516 --- [WebServer 50365] okhttp3.mockwebserver.MockWebServer      : MockWebServer[50365] done accepting connections: Socket closed
