2024-05-17 18:37:10.975  INFO   --- [           main] .b.t.c.SpringBootTestContextBootstrapper : Neither @ContextConfiguration nor @ContextHierarchy found for test class [org.springframework.cloud.kubernetes.fabric8.config.ConfigMapsWithActiveProfilesNameTests], using SpringBootContextLoader
2024-05-17 18:37:10.981  INFO   --- [           main] o.s.t.c.support.AbstractContextLoader    : Could not detect default resource locations for test class [org.springframework.cloud.kubernetes.fabric8.config.ConfigMapsWithActiveProfilesNameTests]: no resource found for suffixes {-context.xml, Context.groovy}.
2024-05-17 18:37:11.159  INFO   --- [           main] .b.t.c.SpringBootTestContextBootstrapper : Loaded default TestExecutionListener class names from location [META-INF/spring.factories]: [org.springframework.boot.test.mock.mockito.MockitoTestExecutionListener, org.springframework.boot.test.mock.mockito.ResetMocksTestExecutionListener, org.springframework.boot.test.autoconfigure.restdocs.RestDocsTestExecutionListener, org.springframework.boot.test.autoconfigure.web.client.MockRestServiceServerResetTestExecutionListener, org.springframework.boot.test.autoconfigure.web.servlet.MockMvcPrintOnlyOnFailureTestExecutionListener, org.springframework.boot.test.autoconfigure.web.servlet.WebDriverTestExecutionListener, org.springframework.boot.test.autoconfigure.webservices.client.MockWebServiceServerTestExecutionListener, org.springframework.test.context.web.ServletTestExecutionListener, org.springframework.test.context.support.DirtiesContextBeforeModesTestExecutionListener, org.springframework.test.context.event.ApplicationEventsTestExecutionListener, org.springframework.test.context.support.DependencyInjectionTestExecutionListener, org.springframework.test.context.support.DirtiesContextTestExecutionListener, org.springframework.test.context.transaction.TransactionalTestExecutionListener, org.springframework.test.context.jdbc.SqlScriptsTestExecutionListener, org.springframework.test.context.event.EventPublishingTestExecutionListener, org.spockframework.spring.SpringMockTestExecutionListener]
2024-05-17 18:37:11.176  INFO   --- [           main] .b.t.c.SpringBootTestContextBootstrapper : Using TestExecutionListeners: [org.springframework.test.context.web.ServletTestExecutionListener@797cf65c, org.springframework.test.context.support.DirtiesContextBeforeModesTestExecutionListener@31bcf236, org.springframework.test.context.event.ApplicationEventsTestExecutionListener@4b3ed2f0, org.springframework.boot.test.mock.mockito.MockitoTestExecutionListener@4fad9bb2, org.springframework.boot.test.autoconfigure.SpringBootDependencyInjectionTestExecutionListener@517d4a0d, org.springframework.test.context.support.DirtiesContextTestExecutionListener@7862f56, org.springframework.test.context.event.EventPublishingTestExecutionListener@3a12c404, org.springframework.boot.test.mock.mockito.ResetMocksTestExecutionListener@1941a8ff, org.springframework.boot.test.autoconfigure.restdocs.RestDocsTestExecutionListener@22d7b4f8, org.springframework.boot.test.autoconfigure.web.client.MockRestServiceServerResetTestExecutionListener@149dd36b, org.springframework.boot.test.autoconfigure.web.servlet.MockMvcPrintOnlyOnFailureTestExecutionListener@38831718, org.springframework.boot.test.autoconfigure.web.servlet.WebDriverTestExecutionListener@2c1156a7, org.springframework.boot.test.autoconfigure.webservices.client.MockWebServiceServerTestExecutionListener@33fe57a9, org.spockframework.spring.SpringMockTestExecutionListener@4982cc36]
May 17, 2024 6:37:11 PM okhttp3.mockwebserver.MockWebServer$3 execute
INFO: MockWebServer[35181] starting to accept connections
May 17, 2024 6:37:11 PM okhttp3.mockwebserver.MockWebServer$4 processOneRequest
INFO: MockWebServer[35181] received request: POST /api/v1/namespaces/test/configmaps HTTP/1.1 and responded: HTTP/1.1 200 OK
May 17, 2024 6:37:11 PM okhttp3.mockwebserver.MockWebServer$4 processOneRequest
INFO: MockWebServer[35181] received request: POST /api/v1/namespaces/test/configmaps HTTP/1.1 and responded: HTTP/1.1 200 OK
2024-05-17 18:37:12.344  WARN 50130 --- [           main] ubernetesProfileEnvironmentPostProcessor : Not running inside kubernetes. Skipping 'kubernetes' profile activation.

  .   ____          _            __ _ _
 /\\ / ___'_ __ _ _(_)_ __  __ _ \ \ \ \
( ( )\___ | '_ | '_| | '_ \/ _` | \ \ \ \
 \\/  ___)| |_)| | | | | || (_| |  ) ) ) )
  '  |____| .__|_| |_|_| |_\__, | / / / /
 =========|_|==============|___/=/_/_/_/
 :: Spring Boot ::                (v2.6.3)

2024-05-17 18:37:13.121  INFO 50130 --- [           main] s.c.k.f.c.Fabric8ConfigMapPropertySource : Loading ConfigMap with name 'configmap-with-active-profile-name-example' in namespace 'test'
2024-05-17 18:37:13.124  INFO 50130 --- [127.0.0.1:58262] okhttp3.mockwebserver.MockWebServer      : MockWebServer[35181] received request: GET /api/v1/namespaces/test/configmaps/configmap-with-active-profile-name-example HTTP/1.1 and responded: HTTP/1.1 200 OK
2024-05-17 18:37:13.140  INFO 50130 --- [127.0.0.1:58262] okhttp3.mockwebserver.MockWebServer      : MockWebServer[35181] received request: GET /api/v1/namespaces/test/configmaps/configmap-with-active-profile-name-example-development HTTP/1.1 and responded: HTTP/1.1 200 OK
2024-05-17 18:37:13.184  INFO 50130 --- [           main] b.c.PropertySourceBootstrapConfiguration : Located property source: [BootstrapPropertySource {name='bootstrapProperties-configmap.configmap-with-active-profile-name-example.test'}]
2024-05-17 18:37:13.201  WARN 50130 --- [           main] ubernetesProfileEnvironmentPostProcessor : Not running inside kubernetes. Skipping 'kubernetes' profile activation.
2024-05-17 18:37:13.202  INFO 50130 --- [           main] .c.ConfigMapsWithActiveProfilesNameTests : The following profiles are active: development
2024-05-17 18:37:14.057  INFO 50130 --- [           main] o.s.cloud.context.scope.GenericScope     : BeanFactory id=affffd22-e438-321b-a0d0-967c2140a2e8
2024-05-17 18:37:14.484  INFO 50130 --- [           main] o.s.b.w.embedded.tomcat.TomcatWebServer  : Tomcat initialized with port(s): 0 (http)
2024-05-17 18:37:14.496  INFO 50130 --- [           main] o.apache.catalina.core.StandardService   : Starting service [Tomcat]
2024-05-17 18:37:14.497  INFO 50130 --- [           main] org.apache.catalina.core.StandardEngine  : Starting Servlet engine: [Apache Tomcat/9.0.56]
2024-05-17 18:37:14.668  INFO 50130 --- [           main] o.a.c.c.C.[Tomcat].[localhost].[/]       : Initializing Spring embedded WebApplicationContext
2024-05-17 18:37:14.669  INFO 50130 --- [           main] w.s.c.ServletWebServerApplicationContext : Root WebApplicationContext: initialization completed in 1463 ms
2024-05-17 18:37:16.898  INFO 50130 --- [           main] o.s.b.a.e.web.EndpointLinksResolver      : Exposing 1 endpoint(s) beneath base path '/actuator'
2024-05-17 18:37:17.074  INFO 50130 --- [           main] o.s.b.w.embedded.tomcat.TomcatWebServer  : Tomcat started on port(s): 36071 (http) with context path ''
2024-05-17 18:37:17.091  INFO 50130 --- [           main] .c.ConfigMapsWithActiveProfilesNameTests : Started ConfigMapsWithActiveProfilesNameTests in 5.117 seconds (JVM running for 7.243)
2024-05-17 18:37:17.462  INFO 50130 --- [WebServer 59027] okhttp3.mockwebserver.MockWebServer      : MockWebServer[59027] starting to accept connections
2024-05-17 18:37:17.924  INFO 50130 --- [o-auto-1-exec-1] o.a.c.c.C.[Tomcat].[localhost].[/]       : Initializing Spring DispatcherServlet 'dispatcherServlet'
2024-05-17 18:37:17.924  INFO 50130 --- [o-auto-1-exec-1] o.s.web.servlet.DispatcherServlet        : Initializing Servlet 'dispatcherServlet'
2024-05-17 18:37:17.925  INFO 50130 --- [o-auto-1-exec-1] o.s.web.servlet.DispatcherServlet        : Completed initialization in 1 ms
2024-05-17 18:37:18.073  INFO 50130 --- [WebServer 59027] okhttp3.mockwebserver.MockWebServer      : MockWebServer[59027] done accepting connections: Socket closed
2024-05-17 18:37:18.084  INFO 50130 --- [           main] .b.t.c.SpringBootTestContextBootstrapper : Neither @ContextConfiguration nor @ContextHierarchy found for test class [org.springframework.cloud.kubernetes.fabric8.config.MultipleSecretsTests], using SpringBootContextLoader
2024-05-17 18:37:18.085  INFO 50130 --- [           main] o.s.t.c.support.AbstractContextLoader    : Could not detect default resource locations for test class [org.springframework.cloud.kubernetes.fabric8.config.MultipleSecretsTests]: no resource found for suffixes {-context.xml, Context.groovy}.
2024-05-17 18:37:18.088  INFO 50130 --- [           main] .b.t.c.SpringBootTestContextBootstrapper : Loaded default TestExecutionListener class names from location [META-INF/spring.factories]: [org.springframework.boot.test.mock.mockito.MockitoTestExecutionListener, org.springframework.boot.test.mock.mockito.ResetMocksTestExecutionListener, org.springframework.boot.test.autoconfigure.restdocs.RestDocsTestExecutionListener, org.springframework.boot.test.autoconfigure.web.client.MockRestServiceServerResetTestExecutionListener, org.springframework.boot.test.autoconfigure.web.servlet.MockMvcPrintOnlyOnFailureTestExecutionListener, org.springframework.boot.test.autoconfigure.web.servlet.WebDriverTestExecutionListener, org.springframework.boot.test.autoconfigure.webservices.client.MockWebServiceServerTestExecutionListener, org.springframework.test.context.web.ServletTestExecutionListener, org.springframework.test.context.support.DirtiesContextBeforeModesTestExecutionListener, org.springframework.test.context.event.ApplicationEventsTestExecutionListener, org.springframework.test.context.support.DependencyInjectionTestExecutionListener, org.springframework.test.context.support.DirtiesContextTestExecutionListener, org.springframework.test.context.transaction.TransactionalTestExecutionListener, org.springframework.test.context.jdbc.SqlScriptsTestExecutionListener, org.springframework.test.context.event.EventPublishingTestExecutionListener, org.spockframework.spring.SpringMockTestExecutionListener]
2024-05-17 18:37:18.090  INFO 50130 --- [           main] .b.t.c.SpringBootTestContextBootstrapper : Using TestExecutionListeners: [org.springframework.test.context.web.ServletTestExecutionListener@1870b9b8, org.springframework.test.context.support.DirtiesContextBeforeModesTestExecutionListener@6d9ee75a, org.springframework.test.context.event.ApplicationEventsTestExecutionListener@9825465, org.springframework.boot.test.mock.mockito.MockitoTestExecutionListener@36cf6377, org.springframework.boot.test.autoconfigure.SpringBootDependencyInjectionTestExecutionListener@2befb16f, org.springframework.test.context.support.DirtiesContextTestExecutionListener@3151277f, org.springframework.test.context.event.EventPublishingTestExecutionListener@2aeb7c4c, org.springframework.boot.test.mock.mockito.ResetMocksTestExecutionListener@67f266bd, org.springframework.boot.test.autoconfigure.restdocs.RestDocsTestExecutionListener@31c0c7e5, org.springframework.boot.test.autoconfigure.web.client.MockRestServiceServerResetTestExecutionListener@912747d, org.springframework.boot.test.autoconfigure.web.servlet.MockMvcPrintOnlyOnFailureTestExecutionListener@78ea700f, org.springframework.boot.test.autoconfigure.web.servlet.WebDriverTestExecutionListener@cd93621, org.springframework.boot.test.autoconfigure.webservices.client.MockWebServiceServerTestExecutionListener@3b1137b0, org.spockframework.spring.SpringMockTestExecutionListener@21ba0d33]
2024-05-17 18:37:18.092  INFO 50130 --- [WebServer 60659] okhttp3.mockwebserver.MockWebServer      : MockWebServer[60659] starting to accept connections
2024-05-17 18:37:18.105  INFO 50130 --- [127.0.0.1:37200] okhttp3.mockwebserver.MockWebServer      : MockWebServer[60659] received request: POST /api/v1/namespaces/ns1/secrets HTTP/1.1 and responded: HTTP/1.1 200 OK
2024-05-17 18:37:18.109  INFO 50130 --- [127.0.0.1:37200] okhttp3.mockwebserver.MockWebServer      : MockWebServer[60659] received request: POST /api/v1/namespaces/ns2/secrets HTTP/1.1 and responded: HTTP/1.1 200 OK
2024-05-17 18:37:18.221  WARN 50130 --- [           main] ubernetesProfileEnvironmentPostProcessor : Not running inside kubernetes. Skipping 'kubernetes' profile activation.

  .   ____          _            __ _ _
 /\\ / ___'_ __ _ _(_)_ __  __ _ \ \ \ \
( ( )\___ | '_ | '_| | '_ \/ _` | \ \ \ \
 \\/  ___)| |_)| | | | | || (_| |  ) ) ) )
  '  |____| .__|_| |_|_| |_\__, | / / / /
 =========|_|==============|___/=/_/_/_/
 :: Spring Boot ::                (v2.6.3)

2024-05-17 18:37:18.344  INFO 50130 --- [           main] s.c.k.f.c.Fabric8ConfigMapPropertySource : Loading ConfigMap with name 'secret-example' in namespace 'ns1'
2024-05-17 18:37:18.347  INFO 50130 --- [127.0.0.1:37208] okhttp3.mockwebserver.MockWebServer      : MockWebServer[60659] received request: GET /api/v1/namespaces/ns1/configmaps/secret-example HTTP/1.1 and responded: HTTP/1.1 404 Client Error
2024-05-17 18:37:18.354  INFO 50130 --- [           main] o.s.c.k.f.config.Fabric8ConfigUtils      : config-map with name : 'secret-example' not present in namespace : 'ns1'
2024-05-17 18:37:18.356  INFO 50130 --- [           main] b.c.PropertySourceBootstrapConfiguration : Located property source: [BootstrapPropertySource {name='bootstrapProperties-configmap.secret-example.ns1'}]
2024-05-17 18:37:18.357  INFO 50130 --- [           main] o.s.c.k.f.c.Fabric8SecretsPropertySource : Loading Secret with name 'name2' or with labels [{0.env=dev2, 1.version=2.0}] in namespace 'ns2'
2024-05-17 18:37:18.359  INFO 50130 --- [127.0.0.1:37208] okhttp3.mockwebserver.MockWebServer      : MockWebServer[60659] received request: GET /api/v1/namespaces/ns2/secrets/name2 HTTP/1.1 and responded: HTTP/1.1 200 OK
2024-05-17 18:37:18.405  INFO 50130 --- [127.0.0.1:37208] okhttp3.mockwebserver.MockWebServer      : MockWebServer[60659] received request: GET /api/v1/namespaces/ns2/secrets?labelSelector=0.env%3Ddev2%2C1.version%3D2.0 HTTP/1.1 and responded: HTTP/1.1 200 OK
2024-05-17 18:37:18.451  INFO 50130 --- [           main] o.s.c.k.f.c.Fabric8SecretsPropertySource : Loading Secret with name 'name1' or with labels [{0.env=env1, 1.version=1.0}] in namespace 'ns1'
2024-05-17 18:37:18.453  INFO 50130 --- [127.0.0.1:37208] okhttp3.mockwebserver.MockWebServer      : MockWebServer[60659] received request: GET /api/v1/namespaces/ns1/secrets/name1 HTTP/1.1 and responded: HTTP/1.1 200 OK
2024-05-17 18:37:18.497  INFO 50130 --- [127.0.0.1:37208] okhttp3.mockwebserver.MockWebServer      : MockWebServer[60659] received request: GET /api/v1/namespaces/ns1/secrets?labelSelector=0.env%3Denv1%2C1.version%3D1.0 HTTP/1.1 and responded: HTTP/1.1 200 OK
2024-05-17 18:37:18.538  INFO 50130 --- [           main] b.c.PropertySourceBootstrapConfiguration : Located property source: [BootstrapPropertySource {name='bootstrapProperties-secrets.name2.ns2'}, BootstrapPropertySource {name='bootstrapProperties-secrets.name1.ns1'}]
2024-05-17 18:37:18.544  WARN 50130 --- [           main] ubernetesProfileEnvironmentPostProcessor : Not running inside kubernetes. Skipping 'kubernetes' profile activation.
2024-05-17 18:37:18.545  INFO 50130 --- [           main] o.s.c.k.f.config.MultipleSecretsTests    : No active profile set, falling back to default profiles: default
2024-05-17 18:37:18.933  INFO 50130 --- [           main] o.s.cloud.context.scope.GenericScope     : BeanFactory id=d892432b-60e7-3516-91cd-00a010d0f3f7
2024-05-17 18:37:19.089  INFO 50130 --- [           main] o.s.b.w.embedded.tomcat.TomcatWebServer  : Tomcat initialized with port(s): 0 (http)
2024-05-17 18:37:19.090  INFO 50130 --- [           main] o.apache.catalina.core.StandardService   : Starting service [Tomcat]
2024-05-17 18:37:19.090  INFO 50130 --- [           main] org.apache.catalina.core.StandardEngine  : Starting Servlet engine: [Apache Tomcat/9.0.56]
2024-05-17 18:37:19.102  INFO 50130 --- [           main] o.a.c.c.C.[Tomcat-1].[localhost].[/]     : Initializing Spring embedded WebApplicationContext
2024-05-17 18:37:19.103  INFO 50130 --- [           main] w.s.c.ServletWebServerApplicationContext : Root WebApplicationContext: initialization completed in 555 ms
2024-05-17 18:37:19.975  INFO 50130 --- [           main] o.s.b.a.e.web.EndpointLinksResolver      : Exposing 1 endpoint(s) beneath base path '/actuator'
2024-05-17 18:37:20.030  INFO 50130 --- [           main] o.s.b.w.embedded.tomcat.TomcatWebServer  : Tomcat started on port(s): 37509 (http) with context path ''
2024-05-17 18:37:20.038  INFO 50130 --- [           main] o.s.c.k.f.config.MultipleSecretsTests    : Started MultipleSecretsTests in 1.885 seconds (JVM running for 10.19)
2024-05-17 18:37:20.052  INFO 50130 --- [WebServer 46697] okhttp3.mockwebserver.MockWebServer      : MockWebServer[46697] starting to accept connections
2024-05-17 18:37:20.060  INFO 50130 --- [o-auto-2-exec-1] o.a.c.c.C.[Tomcat-1].[localhost].[/]     : Initializing Spring DispatcherServlet 'dispatcherServlet'
2024-05-17 18:37:20.060  INFO 50130 --- [o-auto-2-exec-1] o.s.web.servlet.DispatcherServlet        : Initializing Servlet 'dispatcherServlet'
2024-05-17 18:37:20.061  INFO 50130 --- [o-auto-2-exec-1] o.s.web.servlet.DispatcherServlet        : Completed initialization in 1 ms
2024-05-17 18:37:20.071  INFO 50130 --- [WebServer 46697] okhttp3.mockwebserver.MockWebServer      : MockWebServer[46697] done accepting connections: Socket closed
2024-05-17 18:37:20.091  INFO 50130 --- [WebServer 47451] okhttp3.mockwebserver.MockWebServer      : MockWebServer[47451] starting to accept connections
2024-05-17 18:37:20.543  INFO 50130 --- [WebServer 35663] okhttp3.mockwebserver.MockWebServer      : MockWebServer[35663] starting to accept connections
2024-05-17 18:37:20.558  INFO 50130 --- [           main] s.c.k.f.c.Fabric8ConfigMapPropertySource : Loading ConfigMap with name 'configmap' in namespace 'some'
2024-05-17 18:37:20.560  WARN 50130 --- [           main] s.c.k.f.c.Fabric8ConfigMapPropertySource : Can't read configMap with name: [configmap] in namespace: [some]. Ignoring.

java.lang.NullPointerException: null
	at org.springframework.cloud.kubernetes.fabric8.config.Fabric8ConfigUtils.getConfigMapData(Fabric8ConfigUtils.java:118)
	at org.springframework.cloud.kubernetes.fabric8.config.Fabric8ConfigMapPropertySource.getData(Fabric8ConfigMapPropertySource.java:79)
	at org.springframework.cloud.kubernetes.fabric8.config.Fabric8ConfigMapPropertySource.<init>(Fabric8ConfigMapPropertySource.java:70)
	at org.springframework.cloud.kubernetes.fabric8.config.Fabric8ConfigMapPropertySource.<init>(Fabric8ConfigMapPropertySource.java:53)
	at org.springframework.cloud.kubernetes.fabric8.config.Fabric8ConfigMapPropertySourceTests.deprecatedConstructorWithClientNamespaceMustNotFail(Fabric8ConfigMapPropertySourceTests.java:80)
	at sun.reflect.NativeMethodAccessorImpl.invoke0(Native Method)
	at sun.reflect.NativeMethodAccessorImpl.invoke(NativeMethodAccessorImpl.java:62)
	at sun.reflect.DelegatingMethodAccessorImpl.invoke(DelegatingMethodAccessorImpl.java:43)
	at java.lang.reflect.Method.invoke(Method.java:498)
	at org.junit.platform.commons.util.ReflectionUtils.invokeMethod(ReflectionUtils.java:725)
	at org.junit.jupiter.engine.execution.MethodInvocation.proceed(MethodInvocation.java:60)
	at org.junit.jupiter.engine.execution.InvocationInterceptorChain$ValidatingInvocation.proceed(InvocationInterceptorChain.java:131)
	at org.junit.jupiter.engine.extension.TimeoutExtension.intercept(TimeoutExtension.java:149)
	at org.junit.jupiter.engine.extension.TimeoutExtension.interceptTestableMethod(TimeoutExtension.java:140)
	at org.junit.jupiter.engine.extension.TimeoutExtension.interceptTestMethod(TimeoutExtension.java:84)
	at org.junit.jupiter.engine.execution.ExecutableInvoker$ReflectiveInterceptorCall.lambda$ofVoidMethod$0(ExecutableInvoker.java:115)
	at org.junit.jupiter.engine.execution.ExecutableInvoker.lambda$invoke$0(ExecutableInvoker.java:105)
	at org.junit.jupiter.engine.execution.InvocationInterceptorChain$InterceptedInvocation.proceed(InvocationInterceptorChain.java:106)
	at org.junit.jupiter.engine.execution.InvocationInterceptorChain.proceed(InvocationInterceptorChain.java:64)
	at org.junit.jupiter.engine.execution.InvocationInterceptorChain.chainAndInvoke(InvocationInterceptorChain.java:45)
	at org.junit.jupiter.engine.execution.InvocationInterceptorChain.invoke(InvocationInterceptorChain.java:37)
	at org.junit.jupiter.engine.execution.ExecutableInvoker.invoke(ExecutableInvoker.java:104)
	at org.junit.jupiter.engine.execution.ExecutableInvoker.invoke(ExecutableInvoker.java:98)
	at org.junit.jupiter.engine.descriptor.TestMethodTestDescriptor.lambda$invokeTestMethod$7(TestMethodTestDescriptor.java:214)
	at org.junit.platform.engine.support.hierarchical.ThrowableCollector.execute(ThrowableCollector.java:73)
	at org.junit.jupiter.engine.descriptor.TestMethodTestDescriptor.invokeTestMethod(TestMethodTestDescriptor.java:210)
	at org.junit.jupiter.engine.descriptor.TestMethodTestDescriptor.execute(TestMethodTestDescriptor.java:135)
	at org.junit.jupiter.engine.descriptor.TestMethodTestDescriptor.execute(TestMethodTestDescriptor.java:66)
	at org.junit.platform.engine.support.hierarchical.NodeTestTask.lambda$executeRecursively$6(NodeTestTask.java:151)
	at org.junit.platform.engine.support.hierarchical.ThrowableCollector.execute(ThrowableCollector.java:73)
	at org.junit.platform.engine.support.hierarchical.NodeTestTask.lambda$executeRecursively$8(NodeTestTask.java:141)
	at org.junit.platform.engine.support.hierarchical.Node.around(Node.java:137)
	at org.junit.platform.engine.support.hierarchical.NodeTestTask.lambda$executeRecursively$9(NodeTestTask.java:139)
	at org.junit.platform.engine.support.hierarchical.ThrowableCollector.execute(ThrowableCollector.java:73)
	at org.junit.platform.engine.support.hierarchical.NodeTestTask.executeRecursively(NodeTestTask.java:138)
	at org.junit.platform.engine.support.hierarchical.NodeTestTask.execute(NodeTestTask.java:95)
	at java.util.ArrayList.forEach(ArrayList.java:1259)
	at org.junit.platform.engine.support.hierarchical.SameThreadHierarchicalTestExecutorService.invokeAll(SameThreadHierarchicalTestExecutorService.java:41)
	at org.junit.platform.engine.support.hierarchical.NodeTestTask.lambda$executeRecursively$6(NodeTestTask.java:155)
	at org.junit.platform.engine.support.hierarchical.ThrowableCollector.execute(ThrowableCollector.java:73)
	at org.junit.platform.engine.support.hierarchical.NodeTestTask.lambda$executeRecursively$8(NodeTestTask.java:141)
	at org.junit.platform.engine.support.hierarchical.Node.around(Node.java:137)
	at org.junit.platform.engine.support.hierarchical.NodeTestTask.lambda$executeRecursively$9(NodeTestTask.java:139)
	at org.junit.platform.engine.support.hierarchical.ThrowableCollector.execute(ThrowableCollector.java:73)
	at org.junit.platform.engine.support.hierarchical.NodeTestTask.executeRecursively(NodeTestTask.java:138)
	at org.junit.platform.engine.support.hierarchical.NodeTestTask.execute(NodeTestTask.java:95)
	at java.util.ArrayList.forEach(ArrayList.java:1259)
	at org.junit.platform.engine.support.hierarchical.SameThreadHierarchicalTestExecutorService.invokeAll(SameThreadHierarchicalTestExecutorService.java:41)
	at org.junit.platform.engine.support.hierarchical.NodeTestTask.lambda$executeRecursively$6(NodeTestTask.java:155)
	at org.junit.platform.engine.support.hierarchical.ThrowableCollector.execute(ThrowableCollector.java:73)
	at org.junit.platform.engine.support.hierarchical.NodeTestTask.lambda$executeRecursively$8(NodeTestTask.java:141)
	at org.junit.platform.engine.support.hierarchical.Node.around(Node.java:137)
	at org.junit.platform.engine.support.hierarchical.NodeTestTask.lambda$executeRecursively$9(NodeTestTask.java:139)
	at org.junit.platform.engine.support.hierarchical.ThrowableCollector.execute(ThrowableCollector.java:73)
	at org.junit.platform.engine.support.hierarchical.NodeTestTask.executeRecursively(NodeTestTask.java:138)
	at org.junit.platform.engine.support.hierarchical.NodeTestTask.execute(NodeTestTask.java:95)
	at org.junit.platform.engine.support.hierarchical.SameThreadHierarchicalTestExecutorService.submit(SameThreadHierarchicalTestExecutorService.java:35)
	at org.junit.platform.engine.support.hierarchical.HierarchicalTestExecutor.execute(HierarchicalTestExecutor.java:57)
	at org.junit.platform.engine.support.hierarchical.HierarchicalTestEngine.execute(HierarchicalTestEngine.java:54)
	at org.junit.platform.launcher.core.DefaultLauncher.execute(DefaultLauncher.java:170)
	at org.junit.platform.launcher.core.DefaultLauncher.execute(DefaultLauncher.java:154)
	at org.junit.platform.launcher.core.DefaultLauncher.execute(DefaultLauncher.java:90)
	at edu.illinois.cs.testrunner.execution.JUnit5TestExecutor.runTestsSeparately(JUnit5TestExecutor.java:40)
	at edu.illinois.cs.testrunner.execution.Executor$.$anonfun$run$1(Executor.scala:33)
	at scala.runtime.java8.JFunction0$mcV$sp.apply(JFunction0$mcV$sp.java:12)
	at scala.util.Try$.apply(Try.scala:209)
	at edu.illinois.cs.testrunner.execution.Executor$.run(Executor.scala:28)
	at edu.illinois.cs.testrunner.execution.Executor$.main(Executor.scala:18)
	at edu.illinois.cs.testrunner.execution.Executor.main(Executor.scala)

2024-05-17 18:37:20.605  INFO 50130 --- [WebServer 35663] okhttp3.mockwebserver.MockWebServer      : MockWebServer[35663] done accepting connections: Socket closed
2024-05-17 18:37:20.612  INFO 50130 --- [           main] .b.t.c.SpringBootTestContextBootstrapper : Neither @ContextConfiguration nor @ContextHierarchy found for test class [org.springframework.cloud.kubernetes.fabric8.config.MultipleConfigMapsTests], using SpringBootContextLoader
2024-05-17 18:37:20.613  INFO 50130 --- [           main] o.s.t.c.support.AbstractContextLoader    : Could not detect default resource locations for test class [org.springframework.cloud.kubernetes.fabric8.config.MultipleConfigMapsTests]: no resource found for suffixes {-context.xml, Context.groovy}.
2024-05-17 18:37:20.615  INFO 50130 --- [           main] .b.t.c.SpringBootTestContextBootstrapper : Loaded default TestExecutionListener class names from location [META-INF/spring.factories]: [org.springframework.boot.test.mock.mockito.MockitoTestExecutionListener, org.springframework.boot.test.mock.mockito.ResetMocksTestExecutionListener, org.springframework.boot.test.autoconfigure.restdocs.RestDocsTestExecutionListener, org.springframework.boot.test.autoconfigure.web.client.MockRestServiceServerResetTestExecutionListener, org.springframework.boot.test.autoconfigure.web.servlet.MockMvcPrintOnlyOnFailureTestExecutionListener, org.springframework.boot.test.autoconfigure.web.servlet.WebDriverTestExecutionListener, org.springframework.boot.test.autoconfigure.webservices.client.MockWebServiceServerTestExecutionListener, org.springframework.test.context.web.ServletTestExecutionListener, org.springframework.test.context.support.DirtiesContextBeforeModesTestExecutionListener, org.springframework.test.context.event.ApplicationEventsTestExecutionListener, org.springframework.test.context.support.DependencyInjectionTestExecutionListener, org.springframework.test.context.support.DirtiesContextTestExecutionListener, org.springframework.test.context.transaction.TransactionalTestExecutionListener, org.springframework.test.context.jdbc.SqlScriptsTestExecutionListener, org.springframework.test.context.event.EventPublishingTestExecutionListener, org.spockframework.spring.SpringMockTestExecutionListener]
2024-05-17 18:37:20.617  INFO 50130 --- [           main] .b.t.c.SpringBootTestContextBootstrapper : Using TestExecutionListeners: [org.springframework.test.context.web.ServletTestExecutionListener@b859355, org.springframework.test.context.support.DirtiesContextBeforeModesTestExecutionListener@1f24e33d, org.springframework.test.context.event.ApplicationEventsTestExecutionListener@7c3223aa, org.springframework.boot.test.mock.mockito.MockitoTestExecutionListener@7683d632, org.springframework.boot.test.autoconfigure.SpringBootDependencyInjectionTestExecutionListener@513bec8c, org.springframework.test.context.support.DirtiesContextTestExecutionListener@693ed09d, org.springframework.test.context.event.EventPublishingTestExecutionListener@4fc8163, org.springframework.boot.test.mock.mockito.ResetMocksTestExecutionListener@6c26e588, org.springframework.boot.test.autoconfigure.restdocs.RestDocsTestExecutionListener@62f73b0c, org.springframework.boot.test.autoconfigure.web.client.MockRestServiceServerResetTestExecutionListener@7dd2a5f7, org.springframework.boot.test.autoconfigure.web.servlet.MockMvcPrintOnlyOnFailureTestExecutionListener@1d45c4b7, org.springframework.boot.test.autoconfigure.web.servlet.WebDriverTestExecutionListener@46146832, org.springframework.boot.test.autoconfigure.webservices.client.MockWebServiceServerTestExecutionListener@1d6014a7, org.spockframework.spring.SpringMockTestExecutionListener@7575f7e1]
2024-05-17 18:37:20.619  INFO 50130 --- [WebServer 53101] okhttp3.mockwebserver.MockWebServer      : MockWebServer[53101] starting to accept connections
2024-05-17 18:37:20.624  INFO 50130 --- [127.0.0.1:52252] okhttp3.mockwebserver.MockWebServer      : MockWebServer[53101] received request: POST /api/v1/namespaces/defnamespace/configmaps HTTP/1.1 and responded: HTTP/1.1 200 OK
2024-05-17 18:37:20.629  INFO 50130 --- [127.0.0.1:52252] okhttp3.mockwebserver.MockWebServer      : MockWebServer[53101] received request: POST /api/v1/namespaces/s2/configmaps HTTP/1.1 and responded: HTTP/1.1 200 OK
2024-05-17 18:37:20.677  INFO 50130 --- [127.0.0.1:52252] okhttp3.mockwebserver.MockWebServer      : MockWebServer[53101] received request: POST /api/v1/namespaces/othernamespace/configmaps HTTP/1.1 and responded: HTTP/1.1 200 OK
2024-05-17 18:37:20.848  WARN 50130 --- [           main] ubernetesProfileEnvironmentPostProcessor : Not running inside kubernetes. Skipping 'kubernetes' profile activation.

  .   ____          _            __ _ _
 /\\ / ___'_ __ _ _(_)_ __  __ _ \ \ \ \
( ( )\___ | '_ | '_| | '_ \/ _` | \ \ \ \
 \\/  ___)| |_)| | | | | || (_| |  ) ) ) )
  '  |____| .__|_| |_|_| |_\__, | / / / /
 =========|_|==============|___/=/_/_/_/
 :: Spring Boot ::                (v2.6.3)

2024-05-17 18:37:20.942  INFO 50130 --- [           main] s.c.k.f.c.Fabric8ConfigMapPropertySource : Loading ConfigMap with name 's1' in namespace 'defnamespace'
2024-05-17 18:37:20.944  INFO 50130 --- [127.0.0.1:52260] okhttp3.mockwebserver.MockWebServer      : MockWebServer[53101] received request: GET /api/v1/namespaces/defnamespace/configmaps/s1 HTTP/1.1 and responded: HTTP/1.1 200 OK
2024-05-17 18:37:20.946  INFO 50130 --- [           main] s.c.k.f.c.Fabric8ConfigMapPropertySource : Loading ConfigMap with name 'defname' in namespace 's2'
2024-05-17 18:37:20.948  INFO 50130 --- [127.0.0.1:52260] okhttp3.mockwebserver.MockWebServer      : MockWebServer[53101] received request: GET /api/v1/namespaces/s2/configmaps/defname HTTP/1.1 and responded: HTTP/1.1 200 OK
2024-05-17 18:37:20.989  INFO 50130 --- [           main] s.c.k.f.c.Fabric8ConfigMapPropertySource : Loading ConfigMap with name 'othername' in namespace 'othernamespace'
2024-05-17 18:37:20.993  INFO 50130 --- [127.0.0.1:52260] okhttp3.mockwebserver.MockWebServer      : MockWebServer[53101] received request: GET /api/v1/namespaces/othernamespace/configmaps/othername HTTP/1.1 and responded: HTTP/1.1 200 OK
2024-05-17 18:37:21.035  INFO 50130 --- [           main] b.c.PropertySourceBootstrapConfiguration : Located property source: [BootstrapPropertySource {name='bootstrapProperties-configmap.othername.othernamespace'}, BootstrapPropertySource {name='bootstrapProperties-configmap.defname.s2'}, BootstrapPropertySource {name='bootstrapProperties-configmap.s1.defnamespace'}]
2024-05-17 18:37:21.047  WARN 50130 --- [           main] ubernetesProfileEnvironmentPostProcessor : Not running inside kubernetes. Skipping 'kubernetes' profile activation.
2024-05-17 18:37:21.048  INFO 50130 --- [           main] o.s.c.k.f.c.MultipleConfigMapsTests      : No active profile set, falling back to default profiles: default
2024-05-17 18:37:21.393  INFO 50130 --- [           main] o.s.cloud.context.scope.GenericScope     : BeanFactory id=012be945-5008-354a-8a47-8e5e16a24aa5
2024-05-17 18:37:21.531  INFO 50130 --- [           main] o.s.b.w.embedded.tomcat.TomcatWebServer  : Tomcat initialized with port(s): 0 (http)
2024-05-17 18:37:21.532  INFO 50130 --- [           main] o.apache.catalina.core.StandardService   : Starting service [Tomcat]
2024-05-17 18:37:21.532  INFO 50130 --- [           main] org.apache.catalina.core.StandardEngine  : Starting Servlet engine: [Apache Tomcat/9.0.56]
2024-05-17 18:37:21.543  INFO 50130 --- [           main] o.a.c.c.C.[Tomcat-2].[localhost].[/]     : Initializing Spring embedded WebApplicationContext
2024-05-17 18:37:21.543  INFO 50130 --- [           main] w.s.c.ServletWebServerApplicationContext : Root WebApplicationContext: initialization completed in 491 ms
2024-05-17 18:37:22.267  INFO 50130 --- [           main] o.s.b.a.e.web.EndpointLinksResolver      : Exposing 1 endpoint(s) beneath base path '/actuator'
2024-05-17 18:37:22.316  INFO 50130 --- [           main] o.s.b.w.embedded.tomcat.TomcatWebServer  : Tomcat started on port(s): 38163 (http) with context path ''
2024-05-17 18:37:22.324  INFO 50130 --- [           main] o.s.c.k.f.c.MultipleConfigMapsTests      : Started MultipleConfigMapsTests in 1.603 seconds (JVM running for 12.476)
2024-05-17 18:37:22.336  INFO 50130 --- [WebServer 45181] okhttp3.mockwebserver.MockWebServer      : MockWebServer[45181] starting to accept connections
2024-05-17 18:37:22.343  INFO 50130 --- [o-auto-3-exec-1] o.a.c.c.C.[Tomcat-2].[localhost].[/]     : Initializing Spring DispatcherServlet 'dispatcherServlet'
2024-05-17 18:37:22.344  INFO 50130 --- [o-auto-3-exec-1] o.s.web.servlet.DispatcherServlet        : Initializing Servlet 'dispatcherServlet'
2024-05-17 18:37:22.345  INFO 50130 --- [o-auto-3-exec-1] o.s.web.servlet.DispatcherServlet        : Completed initialization in 1 ms
2024-05-17 18:37:22.354  INFO 50130 --- [WebServer 45181] okhttp3.mockwebserver.MockWebServer      : MockWebServer[45181] done accepting connections: Socket closed
2024-05-17 18:37:22.358  INFO 50130 --- [           main] .b.t.c.SpringBootTestContextBootstrapper : Neither @ContextConfiguration nor @ContextHierarchy found for test class [org.springframework.cloud.kubernetes.fabric8.config.ConfigMapsTests], using SpringBootContextLoader
2024-05-17 18:37:22.359  INFO 50130 --- [           main] o.s.t.c.support.AbstractContextLoader    : Could not detect default resource locations for test class [org.springframework.cloud.kubernetes.fabric8.config.ConfigMapsTests]: no resource found for suffixes {-context.xml, Context.groovy}.
2024-05-17 18:37:22.362  INFO 50130 --- [           main] .b.t.c.SpringBootTestContextBootstrapper : Loaded default TestExecutionListener class names from location [META-INF/spring.factories]: [org.springframework.boot.test.mock.mockito.MockitoTestExecutionListener, org.springframework.boot.test.mock.mockito.ResetMocksTestExecutionListener, org.springframework.boot.test.autoconfigure.restdocs.RestDocsTestExecutionListener, org.springframework.boot.test.autoconfigure.web.client.MockRestServiceServerResetTestExecutionListener, org.springframework.boot.test.autoconfigure.web.servlet.MockMvcPrintOnlyOnFailureTestExecutionListener, org.springframework.boot.test.autoconfigure.web.servlet.WebDriverTestExecutionListener, org.springframework.boot.test.autoconfigure.webservices.client.MockWebServiceServerTestExecutionListener, org.springframework.test.context.web.ServletTestExecutionListener, org.springframework.test.context.support.DirtiesContextBeforeModesTestExecutionListener, org.springframework.test.context.event.ApplicationEventsTestExecutionListener, org.springframework.test.context.support.DependencyInjectionTestExecutionListener, org.springframework.test.context.support.DirtiesContextTestExecutionListener, org.springframework.test.context.transaction.TransactionalTestExecutionListener, org.springframework.test.context.jdbc.SqlScriptsTestExecutionListener, org.springframework.test.context.event.EventPublishingTestExecutionListener, org.spockframework.spring.SpringMockTestExecutionListener]
2024-05-17 18:37:22.363  INFO 50130 --- [           main] .b.t.c.SpringBootTestContextBootstrapper : Using TestExecutionListeners: [org.springframework.test.context.web.ServletTestExecutionListener@3b7dd173, org.springframework.test.context.support.DirtiesContextBeforeModesTestExecutionListener@7552f05b, org.springframework.test.context.event.ApplicationEventsTestExecutionListener@524418a2, org.springframework.boot.test.mock.mockito.MockitoTestExecutionListener@322593ed, org.springframework.boot.test.autoconfigure.SpringBootDependencyInjectionTestExecutionListener@67062a93, org.springframework.test.context.support.DirtiesContextTestExecutionListener@5b4ce00, org.springframework.test.context.event.EventPublishingTestExecutionListener@7747571c, org.springframework.boot.test.mock.mockito.ResetMocksTestExecutionListener@69e308e2, org.springframework.boot.test.autoconfigure.restdocs.RestDocsTestExecutionListener@3f67f5ff, org.springframework.boot.test.autoconfigure.web.client.MockRestServiceServerResetTestExecutionListener@1c80f8dd, org.springframework.boot.test.autoconfigure.web.servlet.MockMvcPrintOnlyOnFailureTestExecutionListener@51b2b3e6, org.springframework.boot.test.autoconfigure.web.servlet.WebDriverTestExecutionListener@20e7152a, org.springframework.boot.test.autoconfigure.webservices.client.MockWebServiceServerTestExecutionListener@202fd4c4, org.spockframework.spring.SpringMockTestExecutionListener@3b72860c]
2024-05-17 18:37:22.365  INFO 50130 --- [WebServer 59895] okhttp3.mockwebserver.MockWebServer      : MockWebServer[59895] starting to accept connections
2024-05-17 18:37:22.370  INFO 50130 --- [127.0.0.1:59272] okhttp3.mockwebserver.MockWebServer      : MockWebServer[59895] received request: POST /api/v1/namespaces/test/configmaps HTTP/1.1 and responded: HTTP/1.1 200 OK
2024-05-17 18:37:22.420  WARN 50130 --- [           main] ubernetesProfileEnvironmentPostProcessor : Not running inside kubernetes. Skipping 'kubernetes' profile activation.

  .   ____          _            __ _ _
 /\\ / ___'_ __ _ _(_)_ __  __ _ \ \ \ \
( ( )\___ | '_ | '_| | '_ \/ _` | \ \ \ \
 \\/  ___)| |_)| | | | | || (_| |  ) ) ) )
  '  |____| .__|_| |_|_| |_\__, | / / / /
 =========|_|==============|___/=/_/_/_/
 :: Spring Boot ::                (v2.6.3)

2024-05-17 18:37:22.512  INFO 50130 --- [           main] s.c.k.f.c.Fabric8ConfigMapPropertySource : Loading ConfigMap with name 'configmap-example' in namespace 'test'
2024-05-17 18:37:22.515  INFO 50130 --- [127.0.0.1:59286] okhttp3.mockwebserver.MockWebServer      : MockWebServer[59895] received request: GET /api/v1/namespaces/test/configmaps/configmap-example HTTP/1.1 and responded: HTTP/1.1 200 OK
2024-05-17 18:37:22.517  INFO 50130 --- [           main] b.c.PropertySourceBootstrapConfiguration : Located property source: [BootstrapPropertySource {name='bootstrapProperties-configmap.configmap-example.test'}]
2024-05-17 18:37:22.520  WARN 50130 --- [           main] ubernetesProfileEnvironmentPostProcessor : Not running inside kubernetes. Skipping 'kubernetes' profile activation.
2024-05-17 18:37:22.521  INFO 50130 --- [           main] o.s.c.k.fabric8.config.ConfigMapsTests   : No active profile set, falling back to default profiles: default
2024-05-17 18:37:22.743  INFO 50130 --- [           main] o.s.cloud.context.scope.GenericScope     : BeanFactory id=affffd22-e438-321b-a0d0-967c2140a2e8
2024-05-17 18:37:22.849  INFO 50130 --- [           main] o.s.b.w.embedded.tomcat.TomcatWebServer  : Tomcat initialized with port(s): 0 (http)
2024-05-17 18:37:22.850  INFO 50130 --- [           main] o.apache.catalina.core.StandardService   : Starting service [Tomcat]
2024-05-17 18:37:22.850  INFO 50130 --- [           main] org.apache.catalina.core.StandardEngine  : Starting Servlet engine: [Apache Tomcat/9.0.56]
2024-05-17 18:37:22.860  INFO 50130 --- [           main] o.a.c.c.C.[Tomcat-3].[localhost].[/]     : Initializing Spring embedded WebApplicationContext
2024-05-17 18:37:22.860  INFO 50130 --- [           main] w.s.c.ServletWebServerApplicationContext : Root WebApplicationContext: initialization completed in 338 ms
2024-05-17 18:37:23.524  INFO 50130 --- [           main] o.s.b.a.e.web.EndpointLinksResolver      : Exposing 1 endpoint(s) beneath base path '/actuator'
2024-05-17 18:37:23.570  INFO 50130 --- [           main] o.s.b.w.embedded.tomcat.TomcatWebServer  : Tomcat started on port(s): 43813 (http) with context path ''
2024-05-17 18:37:23.578  INFO 50130 --- [           main] o.s.c.k.fabric8.config.ConfigMapsTests   : Started ConfigMapsTests in 1.207 seconds (JVM running for 13.73)
2024-05-17 18:37:23.593  INFO 50130 --- [WebServer 37229] okhttp3.mockwebserver.MockWebServer      : MockWebServer[37229] starting to accept connections
2024-05-17 18:37:23.600  INFO 50130 --- [WebServer 37229] okhttp3.mockwebserver.MockWebServer      : MockWebServer[37229] done accepting connections: Socket closed
2024-05-17 18:37:23.607  INFO 50130 --- [WebServer 59975] okhttp3.mockwebserver.MockWebServer      : MockWebServer[59975] starting to accept connections
2024-05-17 18:37:23.611  INFO 50130 --- [WebServer 48445] okhttp3.mockwebserver.MockWebServer      : MockWebServer[48445] starting to accept connections
2024-05-17 18:37:23.613  INFO 50130 --- [           main] o.s.c.k.f.c.Fabric8SecretsPropertySource : Loading Secret with name 'my-config' or with labels [{}] in namespace 'default'
2024-05-17 18:37:23.794  INFO 50130 --- [127.0.0.1:52626] okhttp3.mockwebserver.MockWebServer      : MockWebServer[59975] received request: GET /api/v1/namespaces/default/secrets/my-config HTTP/1.1 and responded: HTTP/1.1 500 Server Error
2024-05-17 18:37:23.837  WARN 50130 --- [           main] o.s.c.k.f.c.Fabric8SecretsPropertySource : Can't read secret with name: [my-config] or labels [{}] in namespace: [default] (cause: Failure executing: GET at: https://localhost:59975/api/v1/namespaces/default/secrets/my-config. Message: Internal Server Error.). Ignoring
2024-05-17 18:37:23.843  INFO 50130 --- [WebServer 48445] okhttp3.mockwebserver.MockWebServer      : MockWebServer[48445] done accepting connections: Socket closed
2024-05-17 18:37:23.857  INFO 50130 --- [WebServer 59025] okhttp3.mockwebserver.MockWebServer      : MockWebServer[59025] starting to accept connections
2024-05-17 18:37:23.882  INFO 50130 --- [WebServer 49793] okhttp3.mockwebserver.MockWebServer      : MockWebServer[49793] starting to accept connections
2024-05-17 18:37:23.883  INFO 50130 --- [WebServer 49793] okhttp3.mockwebserver.MockWebServer      : MockWebServer[49793] done accepting connections: Socket closed
2024-05-17 18:37:23.911  INFO 50130 --- [           main] .b.t.c.SpringBootTestContextBootstrapper : Neither @ContextConfiguration nor @ContextHierarchy found for test class [org.springframework.cloud.kubernetes.fabric8.config.Fabric8BootstrapConfigurationTests$Fabric8BootstrapConfigurationInsideK8s], using SpringBootContextLoader
2024-05-17 18:37:23.913  INFO 50130 --- [           main] o.s.t.c.support.AbstractContextLoader    : Could not detect default resource locations for test class [org.springframework.cloud.kubernetes.fabric8.config.Fabric8BootstrapConfigurationTests$Fabric8BootstrapConfigurationInsideK8s]: no resource found for suffixes {-context.xml, Context.groovy}.
2024-05-17 18:37:23.917  INFO 50130 --- [           main] .b.t.c.SpringBootTestContextBootstrapper : Loaded default TestExecutionListener class names from location [META-INF/spring.factories]: [org.springframework.boot.test.mock.mockito.MockitoTestExecutionListener, org.springframework.boot.test.mock.mockito.ResetMocksTestExecutionListener, org.springframework.boot.test.autoconfigure.restdocs.RestDocsTestExecutionListener, org.springframework.boot.test.autoconfigure.web.client.MockRestServiceServerResetTestExecutionListener, org.springframework.boot.test.autoconfigure.web.servlet.MockMvcPrintOnlyOnFailureTestExecutionListener, org.springframework.boot.test.autoconfigure.web.servlet.WebDriverTestExecutionListener, org.springframework.boot.test.autoconfigure.webservices.client.MockWebServiceServerTestExecutionListener, org.springframework.test.context.web.ServletTestExecutionListener, org.springframework.test.context.support.DirtiesContextBeforeModesTestExecutionListener, org.springframework.test.context.event.ApplicationEventsTestExecutionListener, org.springframework.test.context.support.DependencyInjectionTestExecutionListener, org.springframework.test.context.support.DirtiesContextTestExecutionListener, org.springframework.test.context.transaction.TransactionalTestExecutionListener, org.springframework.test.context.jdbc.SqlScriptsTestExecutionListener, org.springframework.test.context.event.EventPublishingTestExecutionListener, org.spockframework.spring.SpringMockTestExecutionListener]
2024-05-17 18:37:23.921  INFO 50130 --- [           main] .b.t.c.SpringBootTestContextBootstrapper : Using TestExecutionListeners: [org.springframework.test.context.web.ServletTestExecutionListener@3e5febe9, org.springframework.test.context.support.DirtiesContextBeforeModesTestExecutionListener@5643052d, org.springframework.test.context.event.ApplicationEventsTestExecutionListener@5e0b7f58, org.springframework.boot.test.mock.mockito.MockitoTestExecutionListener@1e9e4468, org.springframework.boot.test.autoconfigure.SpringBootDependencyInjectionTestExecutionListener@5fdff4f1, org.springframework.test.context.support.DirtiesContextTestExecutionListener@117be84a, org.springframework.test.context.event.EventPublishingTestExecutionListener@140fa482, org.springframework.boot.test.mock.mockito.ResetMocksTestExecutionListener@78de0f6f, org.springframework.boot.test.autoconfigure.restdocs.RestDocsTestExecutionListener@588614f9, org.springframework.boot.test.autoconfigure.web.client.MockRestServiceServerResetTestExecutionListener@16718e1b, org.springframework.boot.test.autoconfigure.web.servlet.MockMvcPrintOnlyOnFailureTestExecutionListener@7fb313e3, org.springframework.boot.test.autoconfigure.web.servlet.WebDriverTestExecutionListener@771ede0d, org.springframework.boot.test.autoconfigure.webservices.client.MockWebServiceServerTestExecutionListener@1fd73dcb, org.spockframework.spring.SpringMockTestExecutionListener@54c697c]
2024-05-17 18:37:24.010  WARN 50130 --- [           main] ubernetesProfileEnvironmentPostProcessor : Not running inside kubernetes. Skipping 'kubernetes' profile activation.

  .   ____          _            __ _ _
 /\\ / ___'_ __ _ _(_)_ __  __ _ \ \ \ \
( ( )\___ | '_ | '_| | '_ \/ _` | \ \ \ \
 \\/  ___)| |_)| | | | | || (_| |  ) ) ) )
  '  |____| .__|_| |_|_| |_\__, | / / / /
 =========|_|==============|___/=/_/_/_/
 :: Spring Boot ::                (v2.6.3)

2024-05-17 18:37:24.095  INFO 50130 --- [           main] s.c.k.f.c.Fabric8ConfigMapPropertySource : Loading ConfigMap with name 'application' in namespace 'abc'
2024-05-17 18:37:24.099  INFO 50130 --- [127.0.0.1:59288] okhttp3.mockwebserver.MockWebServer      : MockWebServer[59895] received request: GET /api/v1/namespaces/abc/configmaps/application HTTP/1.1 and responded: HTTP/1.1 404 Client Error
2024-05-17 18:37:24.101  INFO 50130 --- [           main] o.s.c.k.f.config.Fabric8ConfigUtils      : config-map with name : 'application' not present in namespace : 'abc'
2024-05-17 18:37:24.101  INFO 50130 --- [           main] b.c.PropertySourceBootstrapConfiguration : Located property source: [BootstrapPropertySource {name='bootstrapProperties-configmap.application.abc'}]
2024-05-17 18:37:24.104  WARN 50130 --- [           main] ubernetesProfileEnvironmentPostProcessor : Not running inside kubernetes. Skipping 'kubernetes' profile activation.
2024-05-17 18:37:24.104  INFO 50130 --- [           main] s$Fabric8BootstrapConfigurationInsideK8s : No active profile set, falling back to default profiles: default
2024-05-17 18:37:24.542  INFO 50130 --- [           main] o.s.cloud.context.scope.GenericScope     : BeanFactory id=55b4a3e9-9f94-32f4-ad68-c7f5dce8195c
2024-05-17 18:37:24.651  INFO 50130 --- [           main] o.s.b.w.embedded.tomcat.TomcatWebServer  : Tomcat initialized with port(s): 0 (http)
2024-05-17 18:37:24.652  INFO 50130 --- [           main] o.apache.catalina.core.StandardService   : Starting service [Tomcat]
2024-05-17 18:37:24.652  INFO 50130 --- [           main] org.apache.catalina.core.StandardEngine  : Starting Servlet engine: [Apache Tomcat/9.0.56]
2024-05-17 18:37:24.662  INFO 50130 --- [           main] o.a.c.c.C.[Tomcat-4].[localhost].[/]     : Initializing Spring embedded WebApplicationContext
2024-05-17 18:37:24.662  INFO 50130 --- [           main] w.s.c.ServletWebServerApplicationContext : Root WebApplicationContext: initialization completed in 557 ms
2024-05-17 18:37:25.279  INFO 50130 --- [           main] o.s.b.a.e.web.EndpointLinksResolver      : Exposing 1 endpoint(s) beneath base path '/actuator'
2024-05-17 18:37:25.317  INFO 50130 --- [           main] o.s.b.w.embedded.tomcat.TomcatWebServer  : Tomcat started on port(s): 35153 (http) with context path ''
2024-05-17 18:37:25.323  INFO 50130 --- [           main] s$Fabric8BootstrapConfigurationInsideK8s : Started Fabric8BootstrapConfigurationTests.Fabric8BootstrapConfigurationInsideK8s in 1.399 seconds (JVM running for 15.475)
2024-05-17 18:37:25.345  INFO 50130 --- [WebServer 49557] okhttp3.mockwebserver.MockWebServer      : MockWebServer[49557] starting to accept connections
2024-05-17 18:37:25.348  INFO 50130 --- [WebServer 39245] okhttp3.mockwebserver.MockWebServer      : MockWebServer[39245] starting to accept connections
2024-05-17 18:37:25.353  INFO 50130 --- [127.0.0.1:60002] okhttp3.mockwebserver.MockWebServer      : MockWebServer[49557] received request: POST /api/v1/namespaces/test/configmaps HTTP/1.1 and responded: HTTP/1.1 200 OK
2024-05-17 18:37:25.353  INFO 50130 --- [           main] s.c.k.f.c.Fabric8ConfigMapPropertySource : Loading ConfigMap with name 'app-multiple-properties-test' in namespace 'test'
2024-05-17 18:37:25.354  INFO 50130 --- [127.0.0.1:60002] okhttp3.mockwebserver.MockWebServer      : MockWebServer[49557] received request: GET /api/v1/namespaces/test/configmaps/app-multiple-properties-test HTTP/1.1 and responded: HTTP/1.1 200 OK
2024-05-17 18:37:25.397  INFO 50130 --- [WebServer 39245] okhttp3.mockwebserver.MockWebServer      : MockWebServer[39245] done accepting connections: Socket closed
2024-05-17 18:37:25.410  INFO 50130 --- [WebServer 36023] okhttp3.mockwebserver.MockWebServer      : MockWebServer[36023] starting to accept connections
2024-05-17 18:37:25.420  INFO 50130 --- [WebServer 40071] okhttp3.mockwebserver.MockWebServer      : MockWebServer[40071] starting to accept connections
2024-05-17 18:37:25.421  INFO 50130 --- [           main] o.s.c.k.f.c.Fabric8SecretsPropertySource : Loading Secret with name 'my-secret' or with labels [{}] in namespace 'namespace'
2024-05-17 18:37:25.422  WARN 50130 --- [           main] o.s.c.k.f.c.Fabric8SecretsPropertySource : Can't read secret with name: [my-secret] or labels [{}] in namespace: [namespace] (cause: null). Ignoring
2024-05-17 18:37:25.423  INFO 50130 --- [WebServer 40071] okhttp3.mockwebserver.MockWebServer      : MockWebServer[40071] done accepting connections: Socket closed
2024-05-17 18:37:25.430  INFO 50130 --- [WebServer 59881] okhttp3.mockwebserver.MockWebServer      : MockWebServer[59881] starting to accept connections
2024-05-17 18:37:25.435  INFO 50130 --- [WebServer 50663] okhttp3.mockwebserver.MockWebServer      : MockWebServer[50663] starting to accept connections
2024-05-17 18:37:25.436  INFO 50130 --- [           main] s.c.k.f.c.Fabric8ConfigMapPropertySource : Loading ConfigMap with name 'configmap' in namespace 'namespace'
2024-05-17 18:37:25.437  WARN 50130 --- [           main] s.c.k.f.c.Fabric8ConfigMapPropertySource : Can't read configMap with name: [configmap] in namespace: [namespace]. Ignoring.

java.lang.NullPointerException: null
	at org.springframework.cloud.kubernetes.fabric8.config.Fabric8ConfigUtils.getConfigMapData(Fabric8ConfigUtils.java:118)
	at org.springframework.cloud.kubernetes.fabric8.config.Fabric8ConfigMapPropertySource.getData(Fabric8ConfigMapPropertySource.java:79)
	at org.springframework.cloud.kubernetes.fabric8.config.Fabric8ConfigMapPropertySource.<init>(Fabric8ConfigMapPropertySource.java:63)
	at org.springframework.cloud.kubernetes.fabric8.config.Fabric8ConfigMapPropertySourceTests.constructorWithClientNamespaceMustNotFail(Fabric8ConfigMapPropertySourceTests.java:118)
	at sun.reflect.NativeMethodAccessorImpl.invoke0(Native Method)
	at sun.reflect.NativeMethodAccessorImpl.invoke(NativeMethodAccessorImpl.java:62)
	at sun.reflect.DelegatingMethodAccessorImpl.invoke(DelegatingMethodAccessorImpl.java:43)
	at java.lang.reflect.Method.invoke(Method.java:498)
	at org.junit.platform.commons.util.ReflectionUtils.invokeMethod(ReflectionUtils.java:725)
	at org.junit.jupiter.engine.execution.MethodInvocation.proceed(MethodInvocation.java:60)
	at org.junit.jupiter.engine.execution.InvocationInterceptorChain$ValidatingInvocation.proceed(InvocationInterceptorChain.java:131)
	at org.junit.jupiter.engine.extension.TimeoutExtension.intercept(TimeoutExtension.java:149)
	at org.junit.jupiter.engine.extension.TimeoutExtension.interceptTestableMethod(TimeoutExtension.java:140)
	at org.junit.jupiter.engine.extension.TimeoutExtension.interceptTestMethod(TimeoutExtension.java:84)
	at org.junit.jupiter.engine.execution.ExecutableInvoker$ReflectiveInterceptorCall.lambda$ofVoidMethod$0(ExecutableInvoker.java:115)
	at org.junit.jupiter.engine.execution.ExecutableInvoker.lambda$invoke$0(ExecutableInvoker.java:105)
	at org.junit.jupiter.engine.execution.InvocationInterceptorChain$InterceptedInvocation.proceed(InvocationInterceptorChain.java:106)
	at org.junit.jupiter.engine.execution.InvocationInterceptorChain.proceed(InvocationInterceptorChain.java:64)
	at org.junit.jupiter.engine.execution.InvocationInterceptorChain.chainAndInvoke(InvocationInterceptorChain.java:45)
	at org.junit.jupiter.engine.execution.InvocationInterceptorChain.invoke(InvocationInterceptorChain.java:37)
	at org.junit.jupiter.engine.execution.ExecutableInvoker.invoke(ExecutableInvoker.java:104)
	at org.junit.jupiter.engine.execution.ExecutableInvoker.invoke(ExecutableInvoker.java:98)
	at org.junit.jupiter.engine.descriptor.TestMethodTestDescriptor.lambda$invokeTestMethod$7(TestMethodTestDescriptor.java:214)
	at org.junit.platform.engine.support.hierarchical.ThrowableCollector.execute(ThrowableCollector.java:73)
	at org.junit.jupiter.engine.descriptor.TestMethodTestDescriptor.invokeTestMethod(TestMethodTestDescriptor.java:210)
	at org.junit.jupiter.engine.descriptor.TestMethodTestDescriptor.execute(TestMethodTestDescriptor.java:135)
	at org.junit.jupiter.engine.descriptor.TestMethodTestDescriptor.execute(TestMethodTestDescriptor.java:66)
	at org.junit.platform.engine.support.hierarchical.NodeTestTask.lambda$executeRecursively$6(NodeTestTask.java:151)
	at org.junit.platform.engine.support.hierarchical.ThrowableCollector.execute(ThrowableCollector.java:73)
	at org.junit.platform.engine.support.hierarchical.NodeTestTask.lambda$executeRecursively$8(NodeTestTask.java:141)
	at org.junit.platform.engine.support.hierarchical.Node.around(Node.java:137)
	at org.junit.platform.engine.support.hierarchical.NodeTestTask.lambda$executeRecursively$9(NodeTestTask.java:139)
	at org.junit.platform.engine.support.hierarchical.ThrowableCollector.execute(ThrowableCollector.java:73)
	at org.junit.platform.engine.support.hierarchical.NodeTestTask.executeRecursively(NodeTestTask.java:138)
	at org.junit.platform.engine.support.hierarchical.NodeTestTask.execute(NodeTestTask.java:95)
	at java.util.ArrayList.forEach(ArrayList.java:1259)
	at org.junit.platform.engine.support.hierarchical.SameThreadHierarchicalTestExecutorService.invokeAll(SameThreadHierarchicalTestExecutorService.java:41)
	at org.junit.platform.engine.support.hierarchical.NodeTestTask.lambda$executeRecursively$6(NodeTestTask.java:155)
	at org.junit.platform.engine.support.hierarchical.ThrowableCollector.execute(ThrowableCollector.java:73)
	at org.junit.platform.engine.support.hierarchical.NodeTestTask.lambda$executeRecursively$8(NodeTestTask.java:141)
	at org.junit.platform.engine.support.hierarchical.Node.around(Node.java:137)
	at org.junit.platform.engine.support.hierarchical.NodeTestTask.lambda$executeRecursively$9(NodeTestTask.java:139)
	at org.junit.platform.engine.support.hierarchical.ThrowableCollector.execute(ThrowableCollector.java:73)
	at org.junit.platform.engine.support.hierarchical.NodeTestTask.executeRecursively(NodeTestTask.java:138)
	at org.junit.platform.engine.support.hierarchical.NodeTestTask.execute(NodeTestTask.java:95)
	at java.util.ArrayList.forEach(ArrayList.java:1259)
	at org.junit.platform.engine.support.hierarchical.SameThreadHierarchicalTestExecutorService.invokeAll(SameThreadHierarchicalTestExecutorService.java:41)
	at org.junit.platform.engine.support.hierarchical.NodeTestTask.lambda$executeRecursively$6(NodeTestTask.java:155)
	at org.junit.platform.engine.support.hierarchical.ThrowableCollector.execute(ThrowableCollector.java:73)
	at org.junit.platform.engine.support.hierarchical.NodeTestTask.lambda$executeRecursively$8(NodeTestTask.java:141)
	at org.junit.platform.engine.support.hierarchical.Node.around(Node.java:137)
	at org.junit.platform.engine.support.hierarchical.NodeTestTask.lambda$executeRecursively$9(NodeTestTask.java:139)
	at org.junit.platform.engine.support.hierarchical.ThrowableCollector.execute(ThrowableCollector.java:73)
	at org.junit.platform.engine.support.hierarchical.NodeTestTask.executeRecursively(NodeTestTask.java:138)
	at org.junit.platform.engine.support.hierarchical.NodeTestTask.execute(NodeTestTask.java:95)
	at org.junit.platform.engine.support.hierarchical.SameThreadHierarchicalTestExecutorService.submit(SameThreadHierarchicalTestExecutorService.java:35)
	at org.junit.platform.engine.support.hierarchical.HierarchicalTestExecutor.execute(HierarchicalTestExecutor.java:57)
	at org.junit.platform.engine.support.hierarchical.HierarchicalTestEngine.execute(HierarchicalTestEngine.java:54)
	at org.junit.platform.launcher.core.DefaultLauncher.execute(DefaultLauncher.java:170)
	at org.junit.platform.launcher.core.DefaultLauncher.execute(DefaultLauncher.java:154)
	at org.junit.platform.launcher.core.DefaultLauncher.execute(DefaultLauncher.java:90)
	at edu.illinois.cs.testrunner.execution.JUnit5TestExecutor.runTestsSeparately(JUnit5TestExecutor.java:40)
	at edu.illinois.cs.testrunner.execution.Executor$.$anonfun$run$1(Executor.scala:33)
	at scala.runtime.java8.JFunction0$mcV$sp.apply(JFunction0$mcV$sp.java:12)
	at scala.util.Try$.apply(Try.scala:209)
	at edu.illinois.cs.testrunner.execution.Executor$.run(Executor.scala:28)
	at edu.illinois.cs.testrunner.execution.Executor$.main(Executor.scala:18)
	at edu.illinois.cs.testrunner.execution.Executor.main(Executor.scala)

2024-05-17 18:37:25.438  INFO 50130 --- [WebServer 50663] okhttp3.mockwebserver.MockWebServer      : MockWebServer[50663] done accepting connections: Socket closed
2024-05-17 18:37:25.445  INFO 50130 --- [WebServer 60975] okhttp3.mockwebserver.MockWebServer      : MockWebServer[60975] starting to accept connections
2024-05-17 18:37:25.448  INFO 50130 --- [WebServer 35709] okhttp3.mockwebserver.MockWebServer      : MockWebServer[35709] starting to accept connections
2024-05-17 18:37:25.497  WARN 50130 --- [           main] ubernetesProfileEnvironmentPostProcessor : Not running inside kubernetes. Skipping 'kubernetes' profile activation.

  .   ____          _            __ _ _
 /\\ / ___'_ __ _ _(_)_ __  __ _ \ \ \ \
( ( )\___ | '_ | '_| | '_ \/ _` | \ \ \ \
 \\/  ___)| |_)| | | | | || (_| |  ) ) ) )
  '  |____| .__|_| |_|_| |_\__, | / / / /
 =========|_|==============|___/=/_/_/_/
 :: Spring Boot ::                (v2.6.3)

2024-05-17 18:37:25.569  WARN 50130 --- [           main] ubernetesProfileEnvironmentPostProcessor : Not running inside kubernetes. Skipping 'kubernetes' profile activation.
2024-05-17 18:37:25.570  INFO 50130 --- [           main] e.i.cs.testrunner.execution.Executor$    : No active profile set, falling back to default profiles: default
2024-05-17 18:37:25.583  INFO 50130 --- [           main] o.s.cloud.context.scope.GenericScope     : BeanFactory id=5adb76a5-ffff-3c5f-a60f-7f84faf1ce0f
2024-05-17 18:37:25.587  INFO 50130 --- [           main] e.i.cs.testrunner.execution.Executor$    : Started Executor. in 0.137 seconds (JVM running for 15.739)
2024-05-17 18:37:25.592  INFO 50130 --- [WebServer 35709] okhttp3.mockwebserver.MockWebServer      : MockWebServer[35709] done accepting connections: Socket closed
2024-05-17 18:37:25.596  INFO 50130 --- [           main] .b.t.c.SpringBootTestContextBootstrapper : Neither @ContextConfiguration nor @ContextHierarchy found for test class [org.springframework.cloud.kubernetes.fabric8.config.ConfigMapsWithActiveProfilesNameTests], using SpringBootContextLoader
2024-05-17 18:37:25.597  INFO 50130 --- [           main] o.s.t.c.support.AbstractContextLoader    : Could not detect default resource locations for test class [org.springframework.cloud.kubernetes.fabric8.config.ConfigMapsWithActiveProfilesNameTests]: no resource found for suffixes {-context.xml, Context.groovy}.
2024-05-17 18:37:25.600  INFO 50130 --- [           main] .b.t.c.SpringBootTestContextBootstrapper : Loaded default TestExecutionListener class names from location [META-INF/spring.factories]: [org.springframework.boot.test.mock.mockito.MockitoTestExecutionListener, org.springframework.boot.test.mock.mockito.ResetMocksTestExecutionListener, org.springframework.boot.test.autoconfigure.restdocs.RestDocsTestExecutionListener, org.springframework.boot.test.autoconfigure.web.client.MockRestServiceServerResetTestExecutionListener, org.springframework.boot.test.autoconfigure.web.servlet.MockMvcPrintOnlyOnFailureTestExecutionListener, org.springframework.boot.test.autoconfigure.web.servlet.WebDriverTestExecutionListener, org.springframework.boot.test.autoconfigure.webservices.client.MockWebServiceServerTestExecutionListener, org.springframework.test.context.web.ServletTestExecutionListener, org.springframework.test.context.support.DirtiesContextBeforeModesTestExecutionListener, org.springframework.test.context.event.ApplicationEventsTestExecutionListener, org.springframework.test.context.support.DependencyInjectionTestExecutionListener, org.springframework.test.context.support.DirtiesContextTestExecutionListener, org.springframework.test.context.transaction.TransactionalTestExecutionListener, org.springframework.test.context.jdbc.SqlScriptsTestExecutionListener, org.springframework.test.context.event.EventPublishingTestExecutionListener, org.spockframework.spring.SpringMockTestExecutionListener]
2024-05-17 18:37:25.601  INFO 50130 --- [           main] .b.t.c.SpringBootTestContextBootstrapper : Using TestExecutionListeners: [org.springframework.test.context.web.ServletTestExecutionListener@1d5ec2ed, org.springframework.test.context.support.DirtiesContextBeforeModesTestExecutionListener@5e2ab1c, org.springframework.test.context.event.ApplicationEventsTestExecutionListener@37596b44, org.springframework.boot.test.mock.mockito.MockitoTestExecutionListener@29ec5005, org.springframework.boot.test.autoconfigure.SpringBootDependencyInjectionTestExecutionListener@42ceb67f, org.springframework.test.context.support.DirtiesContextTestExecutionListener@52e44f71, org.springframework.test.context.event.EventPublishingTestExecutionListener@2e1b1d22, org.springframework.boot.test.mock.mockito.ResetMocksTestExecutionListener@653c0c9c, org.springframework.boot.test.autoconfigure.restdocs.RestDocsTestExecutionListener@5276330a, org.springframework.boot.test.autoconfigure.web.client.MockRestServiceServerResetTestExecutionListener@221961f2, org.springframework.boot.test.autoconfigure.web.servlet.MockMvcPrintOnlyOnFailureTestExecutionListener@541d8a9e, org.springframework.boot.test.autoconfigure.web.servlet.WebDriverTestExecutionListener@51c0346d, org.springframework.boot.test.autoconfigure.webservices.client.MockWebServiceServerTestExecutionListener@32cda33c, org.spockframework.spring.SpringMockTestExecutionListener@5bb24266]
2024-05-17 18:37:25.603  INFO 50130 --- [WebServer 38425] okhttp3.mockwebserver.MockWebServer      : MockWebServer[38425] starting to accept connections
2024-05-17 18:37:25.607  INFO 50130 --- [127.0.0.1:39676] okhttp3.mockwebserver.MockWebServer      : MockWebServer[38425] received request: POST /api/v1/namespaces/test/configmaps HTTP/1.1 and responded: HTTP/1.1 200 OK
2024-05-17 18:37:25.611  INFO 50130 --- [127.0.0.1:39676] okhttp3.mockwebserver.MockWebServer      : MockWebServer[38425] received request: POST /api/v1/namespaces/test/configmaps HTTP/1.1 and responded: HTTP/1.1 200 OK
2024-05-17 18:37:25.657  INFO 50130 --- [WebServer 53453] okhttp3.mockwebserver.MockWebServer      : MockWebServer[53453] starting to accept connections
2024-05-17 18:37:25.670  INFO 50130 --- [WebServer 53453] okhttp3.mockwebserver.MockWebServer      : MockWebServer[53453] done accepting connections: Socket closed
2024-05-17 18:37:25.675  INFO 50130 --- [WebServer 55293] okhttp3.mockwebserver.MockWebServer      : MockWebServer[55293] starting to accept connections
2024-05-17 18:37:25.678  INFO 50130 --- [WebServer 36897] okhttp3.mockwebserver.MockWebServer      : MockWebServer[36897] starting to accept connections
2024-05-17 18:37:25.682  INFO 50130 --- [127.0.0.1:34960] okhttp3.mockwebserver.MockWebServer      : MockWebServer[55293] received request: POST /api/v1/namespaces/test/configmaps HTTP/1.1 and responded: HTTP/1.1 200 OK
2024-05-17 18:37:25.683  INFO 50130 --- [           main] s.c.k.f.c.Fabric8ConfigMapPropertySource : Loading ConfigMap with name 'app-yaml-test' in namespace 'test'
2024-05-17 18:37:25.684  INFO 50130 --- [127.0.0.1:34960] okhttp3.mockwebserver.MockWebServer      : MockWebServer[55293] received request: GET /api/v1/namespaces/test/configmaps/app-yaml-test HTTP/1.1 and responded: HTTP/1.1 200 OK
2024-05-17 18:37:25.727  INFO 50130 --- [WebServer 36897] okhttp3.mockwebserver.MockWebServer      : MockWebServer[36897] done accepting connections: Socket closed
2024-05-17 18:37:25.732  INFO 50130 --- [WebServer 54151] okhttp3.mockwebserver.MockWebServer      : MockWebServer[54151] starting to accept connections
2024-05-17 18:37:25.735  INFO 50130 --- [WebServer 46711] okhttp3.mockwebserver.MockWebServer      : MockWebServer[46711] starting to accept connections
2024-05-17 18:37:25.735  INFO 50130 --- [WebServer 46711] okhttp3.mockwebserver.MockWebServer      : MockWebServer[46711] done accepting connections: Socket closed
2024-05-17 18:37:25.740  INFO 50130 --- [           main] .b.t.c.SpringBootTestContextBootstrapper : Neither @ContextConfiguration nor @ContextHierarchy found for test class [org.springframework.cloud.kubernetes.fabric8.config.Fabric8SecretsPropertySourceTest], using SpringBootContextLoader
2024-05-17 18:37:25.741  INFO 50130 --- [           main] o.s.t.c.support.AbstractContextLoader    : Could not detect default resource locations for test class [org.springframework.cloud.kubernetes.fabric8.config.Fabric8SecretsPropertySourceTest]: no resource found for suffixes {-context.xml, Context.groovy}.
2024-05-17 18:37:25.743  INFO 50130 --- [           main] .b.t.c.SpringBootTestContextBootstrapper : Loaded default TestExecutionListener class names from location [META-INF/spring.factories]: [org.springframework.boot.test.mock.mockito.MockitoTestExecutionListener, org.springframework.boot.test.mock.mockito.ResetMocksTestExecutionListener, org.springframework.boot.test.autoconfigure.restdocs.RestDocsTestExecutionListener, org.springframework.boot.test.autoconfigure.web.client.MockRestServiceServerResetTestExecutionListener, org.springframework.boot.test.autoconfigure.web.servlet.MockMvcPrintOnlyOnFailureTestExecutionListener, org.springframework.boot.test.autoconfigure.web.servlet.WebDriverTestExecutionListener, org.springframework.boot.test.autoconfigure.webservices.client.MockWebServiceServerTestExecutionListener, org.springframework.test.context.web.ServletTestExecutionListener, org.springframework.test.context.support.DirtiesContextBeforeModesTestExecutionListener, org.springframework.test.context.event.ApplicationEventsTestExecutionListener, org.springframework.test.context.support.DependencyInjectionTestExecutionListener, org.springframework.test.context.support.DirtiesContextTestExecutionListener, org.springframework.test.context.transaction.TransactionalTestExecutionListener, org.springframework.test.context.jdbc.SqlScriptsTestExecutionListener, org.springframework.test.context.event.EventPublishingTestExecutionListener, org.spockframework.spring.SpringMockTestExecutionListener]
2024-05-17 18:37:25.745  INFO 50130 --- [           main] .b.t.c.SpringBootTestContextBootstrapper : Using TestExecutionListeners: [org.springframework.test.context.web.ServletTestExecutionListener@664c0466, org.springframework.test.context.support.DirtiesContextBeforeModesTestExecutionListener@2edc6690, org.springframework.test.context.event.ApplicationEventsTestExecutionListener@6ceeb592, org.springframework.boot.test.mock.mockito.MockitoTestExecutionListener@332fc35c, org.springframework.boot.test.autoconfigure.SpringBootDependencyInjectionTestExecutionListener@35c69e6b, org.springframework.test.context.support.DirtiesContextTestExecutionListener@78e386a5, org.springframework.test.context.event.EventPublishingTestExecutionListener@6138ee0e, org.springframework.boot.test.mock.mockito.ResetMocksTestExecutionListener@2c40e456, org.springframework.boot.test.autoconfigure.restdocs.RestDocsTestExecutionListener@2df40273, org.springframework.boot.test.autoconfigure.web.client.MockRestServiceServerResetTestExecutionListener@49467fc6, org.springframework.boot.test.autoconfigure.web.servlet.MockMvcPrintOnlyOnFailureTestExecutionListener@6f28a07e, org.springframework.boot.test.autoconfigure.web.servlet.WebDriverTestExecutionListener@44e19b99, org.springframework.boot.test.autoconfigure.webservices.client.MockWebServiceServerTestExecutionListener@498bfeec, org.spockframework.spring.SpringMockTestExecutionListener@33490054]
2024-05-17 18:37:25.747  INFO 50130 --- [WebServer 55023] okhttp3.mockwebserver.MockWebServer      : MockWebServer[55023] starting to accept connections
2024-05-17 18:37:25.750  INFO 50130 --- [127.0.0.1:54366] okhttp3.mockwebserver.MockWebServer      : MockWebServer[55023] received request: POST /api/v1/namespaces/test/secrets HTTP/1.1 and responded: HTTP/1.1 200 OK
2024-05-17 18:37:25.800  WARN 50130 --- [           main] ubernetesProfileEnvironmentPostProcessor : Not running inside kubernetes. Skipping 'kubernetes' profile activation.

  .   ____          _            __ _ _
 /\\ / ___'_ __ _ _(_)_ __  __ _ \ \ \ \
( ( )\___ | '_ | '_| | '_ \/ _` | \ \ \ \
 \\/  ___)| |_)| | | | | || (_| |  ) ) ) )
  '  |____| .__|_| |_|_| |_\__, | / / / /
 =========|_|==============|___/=/_/_/_/
 :: Spring Boot ::                (v2.6.3)

2024-05-17 18:37:25.890  INFO 50130 --- [           main] s.c.k.f.c.Fabric8ConfigMapPropertySource : Loading ConfigMap with name 'configmap-example' in namespace 'test'
2024-05-17 18:37:25.893  INFO 50130 --- [127.0.0.1:54370] okhttp3.mockwebserver.MockWebServer      : MockWebServer[55023] received request: GET /api/v1/namespaces/test/configmaps/configmap-example HTTP/1.1 and responded: HTTP/1.1 404 Client Error
2024-05-17 18:37:25.895  INFO 50130 --- [           main] o.s.c.k.f.config.Fabric8ConfigUtils      : config-map with name : 'configmap-example' not present in namespace : 'test'
2024-05-17 18:37:25.896  INFO 50130 --- [           main] b.c.PropertySourceBootstrapConfiguration : Located property source: [BootstrapPropertySource {name='bootstrapProperties-configmap.configmap-example.test'}]
2024-05-17 18:37:25.896  INFO 50130 --- [           main] o.s.c.k.f.c.Fabric8SecretsPropertySource : Loading Secret with name 'configmap-example' or with labels [{foo=bar}] in namespace 'test'
2024-05-17 18:37:25.897  INFO 50130 --- [127.0.0.1:54370] okhttp3.mockwebserver.MockWebServer      : MockWebServer[55023] received request: GET /api/v1/namespaces/test/secrets/configmap-example HTTP/1.1 and responded: HTTP/1.1 404 Client Error
2024-05-17 18:37:25.898  WARN 50130 --- [           main] o.s.c.k.f.c.Fabric8SecretsPropertySource : secret with name : configmap-example in namespace : test not found
2024-05-17 18:37:25.899  INFO 50130 --- [127.0.0.1:54370] okhttp3.mockwebserver.MockWebServer      : MockWebServer[55023] received request: GET /api/v1/namespaces/test/secrets?labelSelector=foo%3Dbar HTTP/1.1 and responded: HTTP/1.1 200 OK
2024-05-17 18:37:25.940 DEBUG 50130 --- [           main] o.s.c.k.f.c.Fabric8SecretsPropertySource : reading secret with name : test-secret in namespace : test
2024-05-17 18:37:25.940  INFO 50130 --- [           main] b.c.PropertySourceBootstrapConfiguration : Located property source: [BootstrapPropertySource {name='bootstrapProperties-secrets.configmap-example.test'}]
2024-05-17 18:37:25.991  WARN 50130 --- [           main] ubernetesProfileEnvironmentPostProcessor : Not running inside kubernetes. Skipping 'kubernetes' profile activation.
2024-05-17 18:37:25.991  INFO 50130 --- [           main] c.k.f.c.Fabric8SecretsPropertySourceTest : No active profile set, falling back to default profiles: default
2024-05-17 18:37:26.171  INFO 50130 --- [           main] o.s.cloud.context.scope.GenericScope     : BeanFactory id=e369cf40-d234-36e2-a4dc-38329760186f
2024-05-17 18:37:26.260  INFO 50130 --- [           main] o.s.b.w.embedded.tomcat.TomcatWebServer  : Tomcat initialized with port(s): 0 (http)
2024-05-17 18:37:26.261  INFO 50130 --- [           main] o.apache.catalina.core.StandardService   : Starting service [Tomcat]
2024-05-17 18:37:26.261  INFO 50130 --- [           main] org.apache.catalina.core.StandardEngine  : Starting Servlet engine: [Apache Tomcat/9.0.56]
2024-05-17 18:37:26.272  INFO 50130 --- [           main] o.a.c.c.C.[Tomcat-5].[localhost].[/]     : Initializing Spring embedded WebApplicationContext
2024-05-17 18:37:26.272  INFO 50130 --- [           main] w.s.c.ServletWebServerApplicationContext : Root WebApplicationContext: initialization completed in 278 ms
2024-05-17 18:37:26.814  INFO 50130 --- [           main] o.s.b.a.e.web.EndpointLinksResolver      : Exposing 1 endpoint(s) beneath base path '/actuator'
2024-05-17 18:37:26.855  INFO 50130 --- [           main] o.s.b.w.embedded.tomcat.TomcatWebServer  : Tomcat started on port(s): 44723 (http) with context path ''
2024-05-17 18:37:26.860  INFO 50130 --- [           main] c.k.f.c.Fabric8SecretsPropertySourceTest : Started Fabric8SecretsPropertySourceTest in 1.107 seconds (JVM running for 17.012)
2024-05-17 18:37:26.866  INFO 50130 --- [WebServer 48893] okhttp3.mockwebserver.MockWebServer      : MockWebServer[48893] starting to accept connections
2024-05-17 18:37:26.868  INFO 50130 --- [           main] o.s.c.k.f.c.Fabric8SecretsPropertySource : Loading Secret with name 'configmap-example' or with labels [{foo=bar}] in namespace 'test'
2024-05-17 18:37:26.869  INFO 50130 --- [127.0.0.1:54370] okhttp3.mockwebserver.MockWebServer      : MockWebServer[55023] received request: GET /api/v1/namespaces/test/secrets/configmap-example HTTP/1.1 and responded: HTTP/1.1 404 Client Error
2024-05-17 18:37:26.870  WARN 50130 --- [           main] o.s.c.k.f.c.Fabric8SecretsPropertySource : secret with name : configmap-example in namespace : test not found
2024-05-17 18:37:26.871  INFO 50130 --- [127.0.0.1:54370] okhttp3.mockwebserver.MockWebServer      : MockWebServer[55023] received request: GET /api/v1/namespaces/test/secrets?labelSelector=foo%3Dbar HTTP/1.1 and responded: HTTP/1.1 200 OK
2024-05-17 18:37:26.912 DEBUG 50130 --- [           main] o.s.c.k.f.c.Fabric8SecretsPropertySource : reading secret with name : test-secret in namespace : test
2024-05-17 18:37:26.916  INFO 50130 --- [WebServer 48893] okhttp3.mockwebserver.MockWebServer      : MockWebServer[48893] done accepting connections: Socket closed
2024-05-17 18:37:26.924  INFO 50130 --- [WebServer 58577] okhttp3.mockwebserver.MockWebServer      : MockWebServer[58577] starting to accept connections
2024-05-17 18:37:26.932  INFO 50130 --- [WebServer 51369] okhttp3.mockwebserver.MockWebServer      : MockWebServer[51369] starting to accept connections
2024-05-17 18:37:26.934  INFO 50130 --- [           main] .b.t.c.SpringBootTestContextBootstrapper : Neither @ContextConfiguration nor @ContextHierarchy found for test class [org.springframework.cloud.kubernetes.fabric8.config.Fabric8SecretsPropertySourceLocatorRetryTests$SecretsFailFastDisabled], using SpringBootContextLoader
2024-05-17 18:37:26.935  INFO 50130 --- [           main] o.s.t.c.support.AbstractContextLoader    : Could not detect default resource locations for test class [org.springframework.cloud.kubernetes.fabric8.config.Fabric8SecretsPropertySourceLocatorRetryTests$SecretsFailFastDisabled]: no resource found for suffixes {-context.xml, Context.groovy}.
2024-05-17 18:37:26.938  INFO 50130 --- [           main] .b.t.c.SpringBootTestContextBootstrapper : Loaded default TestExecutionListener class names from location [META-INF/spring.factories]: [org.springframework.boot.test.mock.mockito.MockitoTestExecutionListener, org.springframework.boot.test.mock.mockito.ResetMocksTestExecutionListener, org.springframework.boot.test.autoconfigure.restdocs.RestDocsTestExecutionListener, org.springframework.boot.test.autoconfigure.web.client.MockRestServiceServerResetTestExecutionListener, org.springframework.boot.test.autoconfigure.web.servlet.MockMvcPrintOnlyOnFailureTestExecutionListener, org.springframework.boot.test.autoconfigure.web.servlet.WebDriverTestExecutionListener, org.springframework.boot.test.autoconfigure.webservices.client.MockWebServiceServerTestExecutionListener, org.springframework.test.context.web.ServletTestExecutionListener, org.springframework.test.context.support.DirtiesContextBeforeModesTestExecutionListener, org.springframework.test.context.event.ApplicationEventsTestExecutionListener, org.springframework.test.context.support.DependencyInjectionTestExecutionListener, org.springframework.test.context.support.DirtiesContextTestExecutionListener, org.springframework.test.context.transaction.TransactionalTestExecutionListener, org.springframework.test.context.jdbc.SqlScriptsTestExecutionListener, org.springframework.test.context.event.EventPublishingTestExecutionListener, org.spockframework.spring.SpringMockTestExecutionListener]
2024-05-17 18:37:26.940  INFO 50130 --- [           main] .b.t.c.SpringBootTestContextBootstrapper : Using TestExecutionListeners: [org.springframework.test.context.web.ServletTestExecutionListener@3f4fd0dc, org.springframework.test.context.support.DirtiesContextBeforeModesTestExecutionListener@3723de42, org.springframework.test.context.event.ApplicationEventsTestExecutionListener@293988dc, org.springframework.boot.test.mock.mockito.MockitoTestExecutionListener@47b72d3b, org.springframework.boot.test.autoconfigure.SpringBootDependencyInjectionTestExecutionListener@63fcc21, org.springframework.test.context.support.DirtiesContextTestExecutionListener@2fc7c36a, org.springframework.test.context.event.EventPublishingTestExecutionListener@4a5dc126, org.springframework.boot.test.mock.mockito.ResetMocksTestExecutionListener@34fde3a3, org.springframework.boot.test.autoconfigure.restdocs.RestDocsTestExecutionListener@4cdb7fd9, org.springframework.boot.test.autoconfigure.web.client.MockRestServiceServerResetTestExecutionListener@5d9639bb, org.springframework.boot.test.autoconfigure.web.servlet.MockMvcPrintOnlyOnFailureTestExecutionListener@796687de, org.springframework.boot.test.autoconfigure.web.servlet.WebDriverTestExecutionListener@225d93aa, org.springframework.boot.test.autoconfigure.webservices.client.MockWebServiceServerTestExecutionListener@35ef158f, org.spockframework.spring.SpringMockTestExecutionListener@59d8a968]
2024-05-17 18:37:26.986  WARN 50130 --- [           main] ubernetesProfileEnvironmentPostProcessor : Not running inside kubernetes. Skipping 'kubernetes' profile activation.

  .   ____          _            __ _ _
 /\\ / ___'_ __ _ _(_)_ __  __ _ \ \ \ \
( ( )\___ | '_ | '_| | '_ \/ _` | \ \ \ \
 \\/  ___)| |_)| | | | | || (_| |  ) ) ) )
  '  |____| .__|_| |_|_| |_\__, | / / / /
 =========|_|==============|___/=/_/_/_/
 :: Spring Boot ::                (v2.6.3)

2024-05-17 18:37:27.068  INFO 50130 --- [           main] s.c.k.f.c.Fabric8ConfigMapPropertySource : Loading ConfigMap with name 'application' in namespace 'default'
2024-05-17 18:37:27.174  INFO 50130 --- [127.0.0.1:50578] okhttp3.mockwebserver.MockWebServer      : MockWebServer[58577] received request: GET /api/v1/namespaces/default/configmaps/application HTTP/1.1 and responded: HTTP/1.1 404 Client Error
2024-05-17 18:37:27.176  INFO 50130 --- [           main] o.s.c.k.f.config.Fabric8ConfigUtils      : config-map with name : 'application' not present in namespace : 'default'
2024-05-17 18:37:27.177  INFO 50130 --- [           main] b.c.PropertySourceBootstrapConfiguration : Located property source: [BootstrapPropertySource {name='bootstrapProperties-configmap.application.default'}]
2024-05-17 18:37:27.177  INFO 50130 --- [           main] o.s.c.k.f.c.Fabric8SecretsPropertySource : Loading Secret with name 'my-secret' or with labels [{}] in namespace 'default'
2024-05-17 18:37:27.178  INFO 50130 --- [127.0.0.1:50578] okhttp3.mockwebserver.MockWebServer      : MockWebServer[58577] received request: GET /api/v1/namespaces/default/secrets/my-secret HTTP/1.1 and responded: HTTP/1.1 404 Client Error
2024-05-17 18:37:27.179  WARN 50130 --- [           main] o.s.c.k.f.c.Fabric8SecretsPropertySource : secret with name : my-secret in namespace : default not found
2024-05-17 18:37:27.180  INFO 50130 --- [127.0.0.1:50578] okhttp3.mockwebserver.MockWebServer      : MockWebServer[58577] received request: GET /api/v1/namespaces/default/secrets HTTP/1.1 and responded: HTTP/1.1 200 OK
2024-05-17 18:37:27.221  INFO 50130 --- [           main] b.c.PropertySourceBootstrapConfiguration : Located property source: [BootstrapPropertySource {name='bootstrapProperties-secrets.my-secret.default'}]
2024-05-17 18:37:27.225  WARN 50130 --- [           main] ubernetesProfileEnvironmentPostProcessor : Not running inside kubernetes. Skipping 'kubernetes' profile activation.
2024-05-17 18:37:27.226  INFO 50130 --- [           main] ocatorRetryTests$SecretsFailFastDisabled : No active profile set, falling back to default profiles: default
2024-05-17 18:37:27.507  INFO 50130 --- [           main] o.s.cloud.context.scope.GenericScope     : BeanFactory id=94652287-2eb9-367e-b08b-eea09b3b2900
2024-05-17 18:37:27.915  INFO 50130 --- [           main] ocatorRetryTests$SecretsFailFastDisabled : Started Fabric8SecretsPropertySourceLocatorRetryTests.SecretsFailFastDisabled in 0.973 seconds (JVM running for 18.067)
2024-05-17 18:37:27.921  INFO 50130 --- [WebServer 39667] okhttp3.mockwebserver.MockWebServer      : MockWebServer[39667] starting to accept connections
2024-05-17 18:37:27.929  INFO 50130 --- [           main] o.s.c.k.f.c.Fabric8SecretsPropertySource : Loading Secret with name 'my-secret' or with labels [{}] in namespace 'default'
2024-05-17 18:37:27.931  INFO 50130 --- [127.0.0.1:50578] okhttp3.mockwebserver.MockWebServer      : MockWebServer[58577] received request: GET /api/v1/namespaces/default/secrets/my-secret HTTP/1.1 and responded: HTTP/1.1 500 Server Error
2024-05-17 18:37:27.932  WARN 50130 --- [           main] o.s.c.k.f.c.Fabric8SecretsPropertySource : Can't read secret with name: [my-secret] or labels [{}] in namespace: [default] (cause: Failure executing: GET at: https://localhost:58577/api/v1/namespaces/default/secrets/my-secret. Message: Internal Server Error.). Ignoring
2024-05-17 18:37:27.941  INFO 50130 --- [WebServer 39667] okhttp3.mockwebserver.MockWebServer      : MockWebServer[39667] done accepting connections: Socket closed
2024-05-17 18:37:27.948  INFO 50130 --- [WebServer 55891] okhttp3.mockwebserver.MockWebServer      : MockWebServer[55891] starting to accept connections
2024-05-17 18:37:27.952  INFO 50130 --- [WebServer 47735] okhttp3.mockwebserver.MockWebServer      : MockWebServer[47735] starting to accept connections
2024-05-17 18:37:27.953  INFO 50130 --- [           main] .b.t.c.SpringBootTestContextBootstrapper : Neither @ContextConfiguration nor @ContextHierarchy found for test class [org.springframework.cloud.kubernetes.fabric8.config.Fabric8ConfigMapPropertySourceLocatorRetryTests$ConfigFailFastEnabledButRetryDisabled], using SpringBootContextLoader
2024-05-17 18:37:27.954  INFO 50130 --- [           main] o.s.t.c.support.AbstractContextLoader    : Could not detect default resource locations for test class [org.springframework.cloud.kubernetes.fabric8.config.Fabric8ConfigMapPropertySourceLocatorRetryTests$ConfigFailFastEnabledButRetryDisabled]: no resource found for suffixes {-context.xml, Context.groovy}.
2024-05-17 18:37:27.955  INFO 50130 --- [           main] .b.t.c.SpringBootTestContextBootstrapper : Loaded default TestExecutionListener class names from location [META-INF/spring.factories]: [org.springframework.boot.test.mock.mockito.MockitoTestExecutionListener, org.springframework.boot.test.mock.mockito.ResetMocksTestExecutionListener, org.springframework.boot.test.autoconfigure.restdocs.RestDocsTestExecutionListener, org.springframework.boot.test.autoconfigure.web.client.MockRestServiceServerResetTestExecutionListener, org.springframework.boot.test.autoconfigure.web.servlet.MockMvcPrintOnlyOnFailureTestExecutionListener, org.springframework.boot.test.autoconfigure.web.servlet.WebDriverTestExecutionListener, org.springframework.boot.test.autoconfigure.webservices.client.MockWebServiceServerTestExecutionListener, org.springframework.test.context.web.ServletTestExecutionListener, org.springframework.test.context.support.DirtiesContextBeforeModesTestExecutionListener, org.springframework.test.context.event.ApplicationEventsTestExecutionListener, org.springframework.test.context.support.DependencyInjectionTestExecutionListener, org.springframework.test.context.support.DirtiesContextTestExecutionListener, org.springframework.test.context.transaction.TransactionalTestExecutionListener, org.springframework.test.context.jdbc.SqlScriptsTestExecutionListener, org.springframework.test.context.event.EventPublishingTestExecutionListener, org.spockframework.spring.SpringMockTestExecutionListener]
2024-05-17 18:37:27.957  INFO 50130 --- [           main] .b.t.c.SpringBootTestContextBootstrapper : Using TestExecutionListeners: [org.springframework.test.context.web.ServletTestExecutionListener@18ce7872, org.springframework.test.context.support.DirtiesContextBeforeModesTestExecutionListener@136c3a6, org.springframework.test.context.event.ApplicationEventsTestExecutionListener@54bf2319, org.springframework.boot.test.mock.mockito.MockitoTestExecutionListener@7d45e754, org.springframework.boot.test.autoconfigure.SpringBootDependencyInjectionTestExecutionListener@16a30d66, org.springframework.test.context.support.DirtiesContextTestExecutionListener@213fc7e7, org.springframework.test.context.event.EventPublishingTestExecutionListener@c358f32, org.springframework.boot.test.mock.mockito.ResetMocksTestExecutionListener@5e18a6a7, org.springframework.boot.test.autoconfigure.restdocs.RestDocsTestExecutionListener@505e483f, org.springframework.boot.test.autoconfigure.web.client.MockRestServiceServerResetTestExecutionListener@f81bd2c, org.springframework.boot.test.autoconfigure.web.servlet.MockMvcPrintOnlyOnFailureTestExecutionListener@2fedfff1, org.springframework.boot.test.autoconfigure.web.servlet.WebDriverTestExecutionListener@34db5935, org.springframework.boot.test.autoconfigure.webservices.client.MockWebServiceServerTestExecutionListener@1666e021, org.spockframework.spring.SpringMockTestExecutionListener@148c571c]
2024-05-17 18:37:28.001  WARN 50130 --- [           main] ubernetesProfileEnvironmentPostProcessor : Not running inside kubernetes. Skipping 'kubernetes' profile activation.

  .   ____          _            __ _ _
 /\\ / ___'_ __ _ _(_)_ __  __ _ \ \ \ \
( ( )\___ | '_ | '_| | '_ \/ _` | \ \ \ \
 \\/  ___)| |_)| | | | | || (_| |  ) ) ) )
  '  |____| .__|_| |_|_| |_\__, | / / / /
 =========|_|==============|___/=/_/_/_/
 :: Spring Boot ::                (v2.6.3)

2024-05-17 18:37:28.080  INFO 50130 --- [           main] s.c.k.f.c.Fabric8ConfigMapPropertySource : Loading ConfigMap with name 'application' in namespace 'default'
2024-05-17 18:37:28.179  INFO 50130 --- [127.0.0.1:42568] okhttp3.mockwebserver.MockWebServer      : MockWebServer[55891] received request: GET /api/v1/namespaces/default/configmaps/application HTTP/1.1 and responded: HTTP/1.1 404 Client Error
2024-05-17 18:37:28.183  INFO 50130 --- [           main] o.s.c.k.f.config.Fabric8ConfigUtils      : config-map with name : 'application' not present in namespace : 'default'
2024-05-17 18:37:28.183  INFO 50130 --- [           main] b.c.PropertySourceBootstrapConfiguration : Located property source: [BootstrapPropertySource {name='bootstrapProperties-configmap.application.default'}]
2024-05-17 18:37:28.187  WARN 50130 --- [           main] ubernetesProfileEnvironmentPostProcessor : Not running inside kubernetes. Skipping 'kubernetes' profile activation.
2024-05-17 18:37:28.187  INFO 50130 --- [           main] ts$ConfigFailFastEnabledButRetryDisabled : No active profile set, falling back to default profiles: default
2024-05-17 18:37:28.486  INFO 50130 --- [           main] o.s.cloud.context.scope.GenericScope     : BeanFactory id=94652287-2eb9-367e-b08b-eea09b3b2900
2024-05-17 18:37:28.919  INFO 50130 --- [           main] ts$ConfigFailFastEnabledButRetryDisabled : Started Fabric8ConfigMapPropertySourceLocatorRetryTests.ConfigFailFastEnabledButRetryDisabled in 0.96 seconds (JVM running for 19.071)
2024-05-17 18:37:28.926  INFO 50130 --- [WebServer 53569] okhttp3.mockwebserver.MockWebServer      : MockWebServer[53569] starting to accept connections
2024-05-17 18:37:28.929  INFO 50130 --- [           main] s.c.k.f.c.Fabric8ConfigMapPropertySource : Loading ConfigMap with name 'application' in namespace 'default'
2024-05-17 18:37:28.931  INFO 50130 --- [127.0.0.1:42568] okhttp3.mockwebserver.MockWebServer      : MockWebServer[55891] received request: GET /api/v1/namespaces/default/configmaps/application HTTP/1.1 and responded: HTTP/1.1 500 Server Error
2024-05-17 18:37:28.935  INFO 50130 --- [WebServer 53569] okhttp3.mockwebserver.MockWebServer      : MockWebServer[53569] done accepting connections: Socket closed
2024-05-17 18:37:28.939  INFO 50130 --- [WebServer 52373] okhttp3.mockwebserver.MockWebServer      : MockWebServer[52373] starting to accept connections
2024-05-17 18:37:28.941  INFO 50130 --- [WebServer 36085] okhttp3.mockwebserver.MockWebServer      : MockWebServer[36085] starting to accept connections
2024-05-17 18:37:28.944  INFO 50130 --- [127.0.0.1:43104] okhttp3.mockwebserver.MockWebServer      : MockWebServer[52373] received request: POST /api/v1/namespaces/ns1/configmaps HTTP/1.1 and responded: HTTP/1.1 200 OK
2024-05-17 18:37:28.945  INFO 50130 --- [127.0.0.1:43104] okhttp3.mockwebserver.MockWebServer      : MockWebServer[52373] received request: GET /api/v1/namespaces/ns1/configmaps HTTP/1.1 and responded: HTTP/1.1 200 OK
2024-05-17 18:37:28.996  INFO 50130 --- [WebServer 36085] okhttp3.mockwebserver.MockWebServer      : MockWebServer[36085] done accepting connections: Socket closed
2024-05-17 18:37:29.000  INFO 50130 --- [           main] .b.t.c.SpringBootTestContextBootstrapper : Neither @ContextConfiguration nor @ContextHierarchy found for test class [org.springframework.cloud.kubernetes.fabric8.config.Fabric8ActuatorTests$DisabledHealthTest], using SpringBootContextLoader
2024-05-17 18:37:29.001  INFO 50130 --- [           main] o.s.t.c.support.AbstractContextLoader    : Could not detect default resource locations for test class [org.springframework.cloud.kubernetes.fabric8.config.Fabric8ActuatorTests$DisabledHealthTest]: no resource found for suffixes {-context.xml, Context.groovy}.
2024-05-17 18:37:29.003  INFO 50130 --- [           main] .b.t.c.SpringBootTestContextBootstrapper : Loaded default TestExecutionListener class names from location [META-INF/spring.factories]: [org.springframework.boot.test.mock.mockito.MockitoTestExecutionListener, org.springframework.boot.test.mock.mockito.ResetMocksTestExecutionListener, org.springframework.boot.test.autoconfigure.restdocs.RestDocsTestExecutionListener, org.springframework.boot.test.autoconfigure.web.client.MockRestServiceServerResetTestExecutionListener, org.springframework.boot.test.autoconfigure.web.servlet.MockMvcPrintOnlyOnFailureTestExecutionListener, org.springframework.boot.test.autoconfigure.web.servlet.WebDriverTestExecutionListener, org.springframework.boot.test.autoconfigure.webservices.client.MockWebServiceServerTestExecutionListener, org.springframework.test.context.web.ServletTestExecutionListener, org.springframework.test.context.support.DirtiesContextBeforeModesTestExecutionListener, org.springframework.test.context.event.ApplicationEventsTestExecutionListener, org.springframework.test.context.support.DependencyInjectionTestExecutionListener, org.springframework.test.context.support.DirtiesContextTestExecutionListener, org.springframework.test.context.transaction.TransactionalTestExecutionListener, org.springframework.test.context.jdbc.SqlScriptsTestExecutionListener, org.springframework.test.context.event.EventPublishingTestExecutionListener, org.spockframework.spring.SpringMockTestExecutionListener]
2024-05-17 18:37:29.004  INFO 50130 --- [           main] .b.t.c.SpringBootTestContextBootstrapper : Using TestExecutionListeners: [org.springframework.test.context.web.ServletTestExecutionListener@47b6f580, org.springframework.test.context.support.DirtiesContextBeforeModesTestExecutionListener@5eb054, org.springframework.test.context.event.ApplicationEventsTestExecutionListener@34d08905, org.springframework.boot.test.mock.mockito.MockitoTestExecutionListener@57421698, org.springframework.boot.test.autoconfigure.SpringBootDependencyInjectionTestExecutionListener@2728e305, org.springframework.test.context.support.DirtiesContextTestExecutionListener@52813ba4, org.springframework.test.context.event.EventPublishingTestExecutionListener@62291850, org.springframework.boot.test.mock.mockito.ResetMocksTestExecutionListener@2518245b, org.springframework.boot.test.autoconfigure.restdocs.RestDocsTestExecutionListener@45c8db36, org.springframework.boot.test.autoconfigure.web.client.MockRestServiceServerResetTestExecutionListener@1e4f8430, org.springframework.boot.test.autoconfigure.web.servlet.MockMvcPrintOnlyOnFailureTestExecutionListener@340ef431, org.springframework.boot.test.autoconfigure.web.servlet.WebDriverTestExecutionListener@50d02417, org.springframework.boot.test.autoconfigure.webservices.client.MockWebServiceServerTestExecutionListener@53425450, org.spockframework.spring.SpringMockTestExecutionListener@314e240c]
2024-05-17 18:37:29.046  WARN 50130 --- [           main] ubernetesProfileEnvironmentPostProcessor : Not running inside kubernetes. Skipping 'kubernetes' profile activation.

  .   ____          _            __ _ _
 /\\ / ___'_ __ _ _(_)_ __  __ _ \ \ \ \
( ( )\___ | '_ | '_| | '_ \/ _` | \ \ \ \
 \\/  ___)| |_)| | | | | || (_| |  ) ) ) )
  '  |____| .__|_| |_|_| |_\__, | / / / /
 =========|_|==============|___/=/_/_/_/
 :: Spring Boot ::                (v2.6.3)

2024-05-17 18:37:29.108  WARN 50130 --- [           main] ubernetesProfileEnvironmentPostProcessor : Not running inside kubernetes. Skipping 'kubernetes' profile activation.
2024-05-17 18:37:29.109  INFO 50130 --- [           main] .Fabric8ActuatorTests$DisabledHealthTest : No active profile set, falling back to default profiles: default
2024-05-17 18:37:29.269  INFO 50130 --- [           main] o.s.cloud.context.scope.GenericScope     : BeanFactory id=4be2013b-cc49-3351-ae92-82ba8fb12059
2024-05-17 18:37:29.383  INFO 50130 --- [           main] o.s.b.w.embedded.tomcat.TomcatWebServer  : Tomcat initialized with port(s): 0 (http)
2024-05-17 18:37:29.384  INFO 50130 --- [           main] o.apache.catalina.core.StandardService   : Starting service [Tomcat]
2024-05-17 18:37:29.384  INFO 50130 --- [           main] org.apache.catalina.core.StandardEngine  : Starting Servlet engine: [Apache Tomcat/9.0.56]
2024-05-17 18:37:29.398  INFO 50130 --- [           main] o.a.c.c.C.[Tomcat-6].[localhost].[/]     : Initializing Spring embedded WebApplicationContext
2024-05-17 18:37:29.398  INFO 50130 --- [           main] w.s.c.ServletWebServerApplicationContext : Root WebApplicationContext: initialization completed in 288 ms
2024-05-17 18:37:29.970  INFO 50130 --- [           main] o.s.b.a.e.web.EndpointLinksResolver      : Exposing 1 endpoint(s) beneath base path '/actuator'
2024-05-17 18:37:30.007  INFO 50130 --- [           main] o.s.b.w.embedded.tomcat.TomcatWebServer  : Tomcat started on port(s): 35027 (http) with context path ''
2024-05-17 18:37:30.013  INFO 50130 --- [           main] .Fabric8ActuatorTests$DisabledHealthTest : Started Fabric8ActuatorTests.DisabledHealthTest in 1.007 seconds (JVM running for 20.164)
2024-05-17 18:37:30.028  INFO 50130 --- [o-auto-7-exec-1] o.a.c.c.C.[Tomcat-6].[localhost].[/]     : Initializing Spring DispatcherServlet 'dispatcherServlet'
2024-05-17 18:37:30.030  INFO 50130 --- [o-auto-7-exec-1] o.s.web.servlet.DispatcherServlet        : Initializing Servlet 'dispatcherServlet'
2024-05-17 18:37:30.031  INFO 50130 --- [o-auto-7-exec-1] o.s.web.servlet.DispatcherServlet        : Completed initialization in 1 ms
2024-05-17 18:37:30.073  INFO 50130 --- [           main] .b.t.c.SpringBootTestContextBootstrapper : Neither @ContextConfiguration nor @ContextHierarchy found for test class [org.springframework.cloud.kubernetes.fabric8.config.Fabric8BootstrapConfigurationTests$KubernetesEnabledSecretsAndConfigDisabled], using SpringBootContextLoader
2024-05-17 18:37:30.075  INFO 50130 --- [           main] o.s.t.c.support.AbstractContextLoader    : Could not detect default resource locations for test class [org.springframework.cloud.kubernetes.fabric8.config.Fabric8BootstrapConfigurationTests$KubernetesEnabledSecretsAndConfigDisabled]: no resource found for suffixes {-context.xml, Context.groovy}.
2024-05-17 18:37:30.076  INFO 50130 --- [           main] .b.t.c.SpringBootTestContextBootstrapper : Loaded default TestExecutionListener class names from location [META-INF/spring.factories]: [org.springframework.boot.test.mock.mockito.MockitoTestExecutionListener, org.springframework.boot.test.mock.mockito.ResetMocksTestExecutionListener, org.springframework.boot.test.autoconfigure.restdocs.RestDocsTestExecutionListener, org.springframework.boot.test.autoconfigure.web.client.MockRestServiceServerResetTestExecutionListener, org.springframework.boot.test.autoconfigure.web.servlet.MockMvcPrintOnlyOnFailureTestExecutionListener, org.springframework.boot.test.autoconfigure.web.servlet.WebDriverTestExecutionListener, org.springframework.boot.test.autoconfigure.webservices.client.MockWebServiceServerTestExecutionListener, org.springframework.test.context.web.ServletTestExecutionListener, org.springframework.test.context.support.DirtiesContextBeforeModesTestExecutionListener, org.springframework.test.context.event.ApplicationEventsTestExecutionListener, org.springframework.test.context.support.DependencyInjectionTestExecutionListener, org.springframework.test.context.support.DirtiesContextTestExecutionListener, org.springframework.test.context.transaction.TransactionalTestExecutionListener, org.springframework.test.context.jdbc.SqlScriptsTestExecutionListener, org.springframework.test.context.event.EventPublishingTestExecutionListener, org.spockframework.spring.SpringMockTestExecutionListener]
2024-05-17 18:37:30.077  INFO 50130 --- [           main] .b.t.c.SpringBootTestContextBootstrapper : Using TestExecutionListeners: [org.springframework.test.context.web.ServletTestExecutionListener@66032b8d, org.springframework.test.context.support.DirtiesContextBeforeModesTestExecutionListener@7c1a5092, org.springframework.test.context.event.ApplicationEventsTestExecutionListener@24663d05, org.springframework.boot.test.mock.mockito.MockitoTestExecutionListener@59c530b5, org.springframework.boot.test.autoconfigure.SpringBootDependencyInjectionTestExecutionListener@26652743, org.springframework.test.context.support.DirtiesContextTestExecutionListener@8d56ddd, org.springframework.test.context.event.EventPublishingTestExecutionListener@1d4ee7d7, org.springframework.boot.test.mock.mockito.ResetMocksTestExecutionListener@6d7e2c53, org.springframework.boot.test.autoconfigure.restdocs.RestDocsTestExecutionListener@62ae5180, org.springframework.boot.test.autoconfigure.web.client.MockRestServiceServerResetTestExecutionListener@4136638d, org.springframework.boot.test.autoconfigure.web.servlet.MockMvcPrintOnlyOnFailureTestExecutionListener@2bac4423, org.springframework.boot.test.autoconfigure.web.servlet.WebDriverTestExecutionListener@37acf9b1, org.springframework.boot.test.autoconfigure.webservices.client.MockWebServiceServerTestExecutionListener@279e9c95, org.spockframework.spring.SpringMockTestExecutionListener@5546a9e0]
2024-05-17 18:37:30.124  WARN 50130 --- [           main] ubernetesProfileEnvironmentPostProcessor : Not running inside kubernetes. Skipping 'kubernetes' profile activation.

  .   ____          _            __ _ _
 /\\ / ___'_ __ _ _(_)_ __  __ _ \ \ \ \
( ( )\___ | '_ | '_| | '_ \/ _` | \ \ \ \
 \\/  ___)| |_)| | | | | || (_| |  ) ) ) )
  '  |____| .__|_| |_|_| |_\__, | / / / /
 =========|_|==============|___/=/_/_/_/
 :: Spring Boot ::                (v2.6.3)

2024-05-17 18:37:30.190  WARN 50130 --- [           main] ubernetesProfileEnvironmentPostProcessor : Not running inside kubernetes. Skipping 'kubernetes' profile activation.
2024-05-17 18:37:30.190  INFO 50130 --- [           main] ubernetesEnabledSecretsAndConfigDisabled : No active profile set, falling back to default profiles: default
2024-05-17 18:37:30.498  INFO 50130 --- [           main] o.s.cloud.context.scope.GenericScope     : BeanFactory id=28f5efda-2be0-3ec4-9d06-389d7832aa32
2024-05-17 18:37:30.577  INFO 50130 --- [           main] o.s.b.w.embedded.tomcat.TomcatWebServer  : Tomcat initialized with port(s): 0 (http)
2024-05-17 18:37:30.578  INFO 50130 --- [           main] o.apache.catalina.core.StandardService   : Starting service [Tomcat]
2024-05-17 18:37:30.578  INFO 50130 --- [           main] org.apache.catalina.core.StandardEngine  : Starting Servlet engine: [Apache Tomcat/9.0.56]
2024-05-17 18:37:30.587  INFO 50130 --- [           main] o.a.c.c.C.[Tomcat-7].[localhost].[/]     : Initializing Spring embedded WebApplicationContext
2024-05-17 18:37:30.587  INFO 50130 --- [           main] w.s.c.ServletWebServerApplicationContext : Root WebApplicationContext: initialization completed in 396 ms
2024-05-17 18:37:31.160  INFO 50130 --- [           main] o.s.b.a.e.web.EndpointLinksResolver      : Exposing 1 endpoint(s) beneath base path '/actuator'
2024-05-17 18:37:31.196  INFO 50130 --- [           main] o.s.b.w.embedded.tomcat.TomcatWebServer  : Tomcat started on port(s): 46733 (http) with context path ''
2024-05-17 18:37:31.202  INFO 50130 --- [           main] ubernetesEnabledSecretsAndConfigDisabled : Started Fabric8BootstrapConfigurationTests.KubernetesEnabledSecretsAndConfigDisabled in 1.123 seconds (JVM running for 21.354)
2024-05-17 18:37:31.221  INFO 50130 --- [WebServer 41577] okhttp3.mockwebserver.MockWebServer      : MockWebServer[41577] starting to accept connections
2024-05-17 18:37:31.228  INFO 50130 --- [           main] o.s.c.k.f.c.Fabric8SecretsPropertySource : Loading Secret with name 'my-config' or with labels [{}] in namespace 'default'
2024-05-17 18:37:31.231  INFO 50130 --- [WebServer 60059] okhttp3.mockwebserver.MockWebServer      : MockWebServer[60059] starting to accept connections
2024-05-17 18:37:31.331  INFO 50130 --- [127.0.0.1:49112] okhttp3.mockwebserver.MockWebServer      : MockWebServer[41577] received request: GET /api/v1/namespaces/default/secrets/my-config HTTP/1.1 and responded: HTTP/1.1 500 Server Error
2024-05-17 18:37:31.372  INFO 50130 --- [WebServer 60059] okhttp3.mockwebserver.MockWebServer      : MockWebServer[60059] done accepting connections: Socket closed
2024-05-17 18:37:31.377  INFO 50130 --- [WebServer 53729] okhttp3.mockwebserver.MockWebServer      : MockWebServer[53729] starting to accept connections
2024-05-17 18:37:31.379  INFO 50130 --- [WebServer 48525] okhttp3.mockwebserver.MockWebServer      : MockWebServer[48525] starting to accept connections
2024-05-17 18:37:31.380  INFO 50130 --- [WebServer 48525] okhttp3.mockwebserver.MockWebServer      : MockWebServer[48525] done accepting connections: Socket closed
2024-05-17 18:37:31.386  INFO 50130 --- [WebServer 44309] okhttp3.mockwebserver.MockWebServer      : MockWebServer[44309] starting to accept connections
2024-05-17 18:37:31.388  INFO 50130 --- [WebServer 53179] okhttp3.mockwebserver.MockWebServer      : MockWebServer[53179] starting to accept connections
2024-05-17 18:37:31.389  INFO 50130 --- [           main] s.c.k.f.c.Fabric8ConfigMapPropertySource : Loading ConfigMap with name 'my-config' in namespace 'default'
2024-05-17 18:37:31.484  INFO 50130 --- [127.0.0.1:35506] okhttp3.mockwebserver.MockWebServer      : MockWebServer[53179] received request: GET /api/v1/namespaces/default/configmaps/my-config HTTP/1.1 and responded: HTTP/1.1 500 Server Error
2024-05-17 18:37:31.526  INFO 50130 --- [WebServer 53179] okhttp3.mockwebserver.MockWebServer      : MockWebServer[53179] done accepting connections: Socket closed
2024-05-17 18:37:31.533  INFO 50130 --- [WebServer 52899] okhttp3.mockwebserver.MockWebServer      : MockWebServer[52899] starting to accept connections
2024-05-17 18:37:31.535  INFO 50130 --- [WebServer 44941] okhttp3.mockwebserver.MockWebServer      : MockWebServer[44941] starting to accept connections

  .   ____          _            __ _ _
 /\\ / ___'_ __ _ _(_)_ __  __ _ \ \ \ \
( ( )\___ | '_ | '_| | '_ \/ _` | \ \ \ \
 \\/  ___)| |_)| | | | | || (_| |  ) ) ) )
  '  |____| .__|_| |_|_| |_\__, | / / / /
 =========|_|==============|___/=/_/_/_/
 :: Spring Boot ::                (v2.6.3)

2024-05-17 18:37:31.635  INFO 50130 --- [           main] e.i.cs.testrunner.execution.Executor$    : No active profile set, falling back to default profiles: default
2024-05-17 18:37:31.645  INFO 50130 --- [           main] o.s.cloud.context.scope.GenericScope     : BeanFactory id=5adb76a5-ffff-3c5f-a60f-7f84faf1ce0f
2024-05-17 18:37:31.649  INFO 50130 --- [           main] e.i.cs.testrunner.execution.Executor$    : Started Executor. in 0.113 seconds (JVM running for 21.801)
2024-05-17 18:37:31.650  INFO 50130 --- [WebServer 44941] okhttp3.mockwebserver.MockWebServer      : MockWebServer[44941] done accepting connections: Socket closed
2024-05-17 18:37:31.656  INFO 50130 --- [WebServer 40883] okhttp3.mockwebserver.MockWebServer      : MockWebServer[40883] starting to accept connections
2024-05-17 18:37:31.658  INFO 50130 --- [WebServer 57153] okhttp3.mockwebserver.MockWebServer      : MockWebServer[57153] starting to accept connections
2024-05-17 18:37:31.704  WARN 50130 --- [           main] ubernetesProfileEnvironmentPostProcessor : Not running inside kubernetes. Skipping 'kubernetes' profile activation.

  .   ____          _            __ _ _
 /\\ / ___'_ __ _ _(_)_ __  __ _ \ \ \ \
( ( )\___ | '_ | '_| | '_ \/ _` | \ \ \ \
 \\/  ___)| |_)| | | | | || (_| |  ) ) ) )
  '  |____| .__|_| |_|_| |_\__, | / / / /
 =========|_|==============|___/=/_/_/_/
 :: Spring Boot ::                (v2.6.3)

2024-05-17 18:37:31.775  INFO 50130 --- [           main] s.c.k.f.c.Fabric8ConfigMapPropertySource : Loading ConfigMap with name 'application' in namespace 'default'
2024-05-17 18:37:31.870  INFO 50130 --- [127.0.0.1:42572] okhttp3.mockwebserver.MockWebServer      : MockWebServer[55891] received request: GET /api/v1/namespaces/default/configmaps/application HTTP/1.1 and responded: HTTP/1.1 404 Client Error
2024-05-17 18:37:31.872  INFO 50130 --- [           main] o.s.c.k.f.config.Fabric8ConfigUtils      : config-map with name : 'application' not present in namespace : 'default'
2024-05-17 18:37:31.872  INFO 50130 --- [           main] b.c.PropertySourceBootstrapConfiguration : Located property source: [BootstrapPropertySource {name='bootstrapProperties-configmap.application.default'}]
2024-05-17 18:37:31.874  WARN 50130 --- [           main] ubernetesProfileEnvironmentPostProcessor : Not running inside kubernetes. Skipping 'kubernetes' profile activation.
2024-05-17 18:37:31.874  INFO 50130 --- [           main] e.i.cs.testrunner.execution.Executor$    : No active profile set, falling back to default profiles: default
2024-05-17 18:37:31.888  INFO 50130 --- [           main] o.s.cloud.context.scope.GenericScope     : BeanFactory id=9e8f334d-ea3e-3bac-a635-d33d7314ddc7
2024-05-17 18:37:31.892  INFO 50130 --- [           main] e.i.cs.testrunner.execution.Executor$    : Started Executor. in 0.233 seconds (JVM running for 22.044)
2024-05-17 18:37:31.893  INFO 50130 --- [WebServer 57153] okhttp3.mockwebserver.MockWebServer      : MockWebServer[57153] done accepting connections: Socket closed
2024-05-17 18:37:31.897  INFO 50130 --- [WebServer 52661] okhttp3.mockwebserver.MockWebServer      : MockWebServer[52661] starting to accept connections
2024-05-17 18:37:31.900  INFO 50130 --- [WebServer 55277] okhttp3.mockwebserver.MockWebServer      : MockWebServer[55277] starting to accept connections
2024-05-17 18:37:31.901  INFO 50130 --- [           main] .b.t.c.SpringBootTestContextBootstrapper : Neither @ContextConfiguration nor @ContextHierarchy found for test class [org.springframework.cloud.kubernetes.fabric8.config.Fabric8SecretsPropertySourceLocatorRetryTests$SecretsRetryEnabled], using SpringBootContextLoader
2024-05-17 18:37:31.902  INFO 50130 --- [           main] o.s.t.c.support.AbstractContextLoader    : Could not detect default resource locations for test class [org.springframework.cloud.kubernetes.fabric8.config.Fabric8SecretsPropertySourceLocatorRetryTests$SecretsRetryEnabled]: no resource found for suffixes {-context.xml, Context.groovy}.
2024-05-17 18:37:31.903  INFO 50130 --- [           main] .b.t.c.SpringBootTestContextBootstrapper : Loaded default TestExecutionListener class names from location [META-INF/spring.factories]: [org.springframework.boot.test.mock.mockito.MockitoTestExecutionListener, org.springframework.boot.test.mock.mockito.ResetMocksTestExecutionListener, org.springframework.boot.test.autoconfigure.restdocs.RestDocsTestExecutionListener, org.springframework.boot.test.autoconfigure.web.client.MockRestServiceServerResetTestExecutionListener, org.springframework.boot.test.autoconfigure.web.servlet.MockMvcPrintOnlyOnFailureTestExecutionListener, org.springframework.boot.test.autoconfigure.web.servlet.WebDriverTestExecutionListener, org.springframework.boot.test.autoconfigure.webservices.client.MockWebServiceServerTestExecutionListener, org.springframework.test.context.web.ServletTestExecutionListener, org.springframework.test.context.support.DirtiesContextBeforeModesTestExecutionListener, org.springframework.test.context.event.ApplicationEventsTestExecutionListener, org.springframework.test.context.support.DependencyInjectionTestExecutionListener, org.springframework.test.context.support.DirtiesContextTestExecutionListener, org.springframework.test.context.transaction.TransactionalTestExecutionListener, org.springframework.test.context.jdbc.SqlScriptsTestExecutionListener, org.springframework.test.context.event.EventPublishingTestExecutionListener, org.spockframework.spring.SpringMockTestExecutionListener]
2024-05-17 18:37:31.905  INFO 50130 --- [           main] .b.t.c.SpringBootTestContextBootstrapper : Using TestExecutionListeners: [org.springframework.test.context.web.ServletTestExecutionListener@307cf289, org.springframework.test.context.support.DirtiesContextBeforeModesTestExecutionListener@2df019b8, org.springframework.test.context.event.ApplicationEventsTestExecutionListener@223ed38f, org.springframework.boot.test.mock.mockito.MockitoTestExecutionListener@66ab765c, org.springframework.boot.test.autoconfigure.SpringBootDependencyInjectionTestExecutionListener@319428ba, org.springframework.test.context.support.DirtiesContextTestExecutionListener@1c04dae9, org.springframework.test.context.event.EventPublishingTestExecutionListener@4872d04d, org.springframework.boot.test.mock.mockito.ResetMocksTestExecutionListener@75564689, org.springframework.boot.test.autoconfigure.restdocs.RestDocsTestExecutionListener@65977161, org.springframework.boot.test.autoconfigure.web.client.MockRestServiceServerResetTestExecutionListener@5f7e2ca8, org.springframework.boot.test.autoconfigure.web.servlet.MockMvcPrintOnlyOnFailureTestExecutionListener@1d07fb2, org.springframework.boot.test.autoconfigure.web.servlet.WebDriverTestExecutionListener@46f5030f, org.springframework.boot.test.autoconfigure.webservices.client.MockWebServiceServerTestExecutionListener@18b77ec9, org.spockframework.spring.SpringMockTestExecutionListener@36821a1b]
2024-05-17 18:37:31.945  WARN 50130 --- [           main] ubernetesProfileEnvironmentPostProcessor : Not running inside kubernetes. Skipping 'kubernetes' profile activation.
2024-05-17 18:37:31.989  INFO 50130 --- [           main] trationDelegate$BeanPostProcessorChecker : Bean 'org.springframework.retry.annotation.RetryConfiguration' of type [org.springframework.retry.annotation.RetryConfiguration] is not eligible for getting processed by all BeanPostProcessors (for example: not eligible for auto-proxying)

  .   ____          _            __ _ _
 /\\ / ___'_ __ _ _(_)_ __  __ _ \ \ \ \
( ( )\___ | '_ | '_| | '_ \/ _` | \ \ \ \
 \\/  ___)| |_)| | | | | || (_| |  ) ) ) )
  '  |____| .__|_| |_|_| |_\__, | / / / /
 =========|_|==============|___/=/_/_/_/
 :: Spring Boot ::                (v2.6.3)

2024-05-17 18:37:32.116  INFO 50130 --- [           main] s.c.k.f.c.Fabric8ConfigMapPropertySource : Loading ConfigMap with name 'application' in namespace 'default'
2024-05-17 18:37:32.214  INFO 50130 --- [127.0.0.1:44658] okhttp3.mockwebserver.MockWebServer      : MockWebServer[52661] received request: GET /api/v1/namespaces/default/configmaps/application HTTP/1.1 and responded: HTTP/1.1 404 Client Error
2024-05-17 18:37:32.216  INFO 50130 --- [           main] o.s.c.k.f.config.Fabric8ConfigUtils      : config-map with name : 'application' not present in namespace : 'default'
2024-05-17 18:37:32.217  INFO 50130 --- [           main] b.c.PropertySourceBootstrapConfiguration : Located property source: [BootstrapPropertySource {name='bootstrapProperties-configmap.application.default'}]
2024-05-17 18:37:32.226  INFO 50130 --- [           main] o.s.c.k.f.c.Fabric8SecretsPropertySource : Loading Secret with name 'my-secret' or with labels [{}] in namespace 'default'
2024-05-17 18:37:32.228  INFO 50130 --- [127.0.0.1:44658] okhttp3.mockwebserver.MockWebServer      : MockWebServer[52661] received request: GET /api/v1/namespaces/default/secrets/my-secret HTTP/1.1 and responded: HTTP/1.1 404 Client Error
2024-05-17 18:37:32.228  WARN 50130 --- [           main] o.s.c.k.f.c.Fabric8SecretsPropertySource : secret with name : my-secret in namespace : default not found
2024-05-17 18:37:32.229  INFO 50130 --- [127.0.0.1:44658] okhttp3.mockwebserver.MockWebServer      : MockWebServer[52661] received request: GET /api/v1/namespaces/default/secrets HTTP/1.1 and responded: HTTP/1.1 200 OK
2024-05-17 18:37:32.270  INFO 50130 --- [           main] b.c.PropertySourceBootstrapConfiguration : Located property source: [BootstrapPropertySource {name='bootstrapProperties-secrets.my-secret.default'}]
2024-05-17 18:37:32.274  WARN 50130 --- [           main] ubernetesProfileEnvironmentPostProcessor : Not running inside kubernetes. Skipping 'kubernetes' profile activation.
2024-05-17 18:37:32.274  INFO 50130 --- [           main] rceLocatorRetryTests$SecretsRetryEnabled : No active profile set, falling back to default profiles: default
2024-05-17 18:37:32.564  INFO 50130 --- [           main] o.s.cloud.context.scope.GenericScope     : BeanFactory id=94652287-2eb9-367e-b08b-eea09b3b2900
2024-05-17 18:37:32.973  INFO 50130 --- [           main] rceLocatorRetryTests$SecretsRetryEnabled : Started Fabric8SecretsPropertySourceLocatorRetryTests.SecretsRetryEnabled in 1.066 seconds (JVM running for 23.125)
2024-05-17 18:37:32.978  INFO 50130 --- [WebServer 45411] okhttp3.mockwebserver.MockWebServer      : MockWebServer[45411] starting to accept connections
2024-05-17 18:37:32.987  INFO 50130 --- [           main] o.s.c.k.f.c.Fabric8SecretsPropertySource : Loading Secret with name 'my-secret' or with labels [{}] in namespace 'default'
2024-05-17 18:37:32.988  INFO 50130 --- [127.0.0.1:44658] okhttp3.mockwebserver.MockWebServer      : MockWebServer[52661] received request: GET /api/v1/namespaces/default/secrets/my-secret HTTP/1.1 and responded: HTTP/1.1 500 Server Error
2024-05-17 18:37:33.991  INFO 50130 --- [           main] o.s.c.k.f.c.Fabric8SecretsPropertySource : Loading Secret with name 'my-secret' or with labels [{}] in namespace 'default'
2024-05-17 18:37:33.994  INFO 50130 --- [127.0.0.1:44658] okhttp3.mockwebserver.MockWebServer      : MockWebServer[52661] received request: GET /api/v1/namespaces/default/secrets/my-secret HTTP/1.1 and responded: HTTP/1.1 500 Server Error
2024-05-17 18:37:35.099  INFO 50130 --- [           main] o.s.c.k.f.c.Fabric8SecretsPropertySource : Loading Secret with name 'my-secret' or with labels [{}] in namespace 'default'
2024-05-17 18:37:35.103  INFO 50130 --- [127.0.0.1:44658] okhttp3.mockwebserver.MockWebServer      : MockWebServer[52661] received request: GET /api/v1/namespaces/default/secrets/my-secret HTTP/1.1 and responded: HTTP/1.1 500 Server Error
2024-05-17 18:37:36.317  INFO 50130 --- [           main] o.s.c.k.f.c.Fabric8SecretsPropertySource : Loading Secret with name 'my-secret' or with labels [{}] in namespace 'default'
2024-05-17 18:37:36.321  INFO 50130 --- [127.0.0.1:44658] okhttp3.mockwebserver.MockWebServer      : MockWebServer[52661] received request: GET /api/v1/namespaces/default/secrets/my-secret HTTP/1.1 and responded: HTTP/1.1 200 OK
2024-05-17 18:37:36.325  INFO 50130 --- [127.0.0.1:44658] okhttp3.mockwebserver.MockWebServer      : MockWebServer[52661] received request: GET /api/v1/namespaces/default/secrets HTTP/1.1 and responded: HTTP/1.1 200 OK
2024-05-17 18:37:36.375  INFO 50130 --- [WebServer 45411] okhttp3.mockwebserver.MockWebServer      : MockWebServer[45411] done accepting connections: Socket closed
2024-05-17 18:37:36.390  INFO 50130 --- [WebServer 56253] okhttp3.mockwebserver.MockWebServer      : MockWebServer[56253] starting to accept connections
2024-05-17 18:37:36.397  INFO 50130 --- [WebServer 34523] okhttp3.mockwebserver.MockWebServer      : MockWebServer[34523] starting to accept connections
2024-05-17 18:37:36.398  INFO 50130 --- [           main] .b.t.c.SpringBootTestContextBootstrapper : Neither @ContextConfiguration nor @ContextHierarchy found for test class [org.springframework.cloud.kubernetes.fabric8.config.Fabric8ConfigMapPropertySourceLocatorRetryTests$ConfigRetryDisabledButSecretsRetryEnabled], using SpringBootContextLoader
2024-05-17 18:37:36.400  INFO 50130 --- [           main] o.s.t.c.support.AbstractContextLoader    : Could not detect default resource locations for test class [org.springframework.cloud.kubernetes.fabric8.config.Fabric8ConfigMapPropertySourceLocatorRetryTests$ConfigRetryDisabledButSecretsRetryEnabled]: no resource found for suffixes {-context.xml, Context.groovy}.
2024-05-17 18:37:36.402  INFO 50130 --- [           main] .b.t.c.SpringBootTestContextBootstrapper : Loaded default TestExecutionListener class names from location [META-INF/spring.factories]: [org.springframework.boot.test.mock.mockito.MockitoTestExecutionListener, org.springframework.boot.test.mock.mockito.ResetMocksTestExecutionListener, org.springframework.boot.test.autoconfigure.restdocs.RestDocsTestExecutionListener, org.springframework.boot.test.autoconfigure.web.client.MockRestServiceServerResetTestExecutionListener, org.springframework.boot.test.autoconfigure.web.servlet.MockMvcPrintOnlyOnFailureTestExecutionListener, org.springframework.boot.test.autoconfigure.web.servlet.WebDriverTestExecutionListener, org.springframework.boot.test.autoconfigure.webservices.client.MockWebServiceServerTestExecutionListener, org.springframework.test.context.web.ServletTestExecutionListener, org.springframework.test.context.support.DirtiesContextBeforeModesTestExecutionListener, org.springframework.test.context.event.ApplicationEventsTestExecutionListener, org.springframework.test.context.support.DependencyInjectionTestExecutionListener, org.springframework.test.context.support.DirtiesContextTestExecutionListener, org.springframework.test.context.transaction.TransactionalTestExecutionListener, org.springframework.test.context.jdbc.SqlScriptsTestExecutionListener, org.springframework.test.context.event.EventPublishingTestExecutionListener, org.spockframework.spring.SpringMockTestExecutionListener]
2024-05-17 18:37:36.404  INFO 50130 --- [           main] .b.t.c.SpringBootTestContextBootstrapper : Using TestExecutionListeners: [org.springframework.test.context.web.ServletTestExecutionListener@a72bb34, org.springframework.test.context.support.DirtiesContextBeforeModesTestExecutionListener@1bbebf8e, org.springframework.test.context.event.ApplicationEventsTestExecutionListener@4285b1bd, org.springframework.boot.test.mock.mockito.MockitoTestExecutionListener@539a50ea, org.springframework.boot.test.autoconfigure.SpringBootDependencyInjectionTestExecutionListener@4caeeab6, org.springframework.test.context.support.DirtiesContextTestExecutionListener@22027e62, org.springframework.test.context.event.EventPublishingTestExecutionListener@4d652bc6, org.springframework.boot.test.mock.mockito.ResetMocksTestExecutionListener@4cf93f80, org.springframework.boot.test.autoconfigure.restdocs.RestDocsTestExecutionListener@77b987f3, org.springframework.boot.test.autoconfigure.web.client.MockRestServiceServerResetTestExecutionListener@46791608, org.springframework.boot.test.autoconfigure.web.servlet.MockMvcPrintOnlyOnFailureTestExecutionListener@22263e1a, org.springframework.boot.test.autoconfigure.web.servlet.WebDriverTestExecutionListener@272600e1, org.springframework.boot.test.autoconfigure.webservices.client.MockWebServiceServerTestExecutionListener@1c1b9de9, org.spockframework.spring.SpringMockTestExecutionListener@125c1134]
2024-05-17 18:37:36.447  WARN 50130 --- [           main] ubernetesProfileEnvironmentPostProcessor : Not running inside kubernetes. Skipping 'kubernetes' profile activation.
2024-05-17 18:37:36.486  INFO 50130 --- [           main] trationDelegate$BeanPostProcessorChecker : Bean 'org.springframework.retry.annotation.RetryConfiguration' of type [org.springframework.retry.annotation.RetryConfiguration] is not eligible for getting processed by all BeanPostProcessors (for example: not eligible for auto-proxying)

  .   ____          _            __ _ _
 /\\ / ___'_ __ _ _(_)_ __  __ _ \ \ \ \
( ( )\___ | '_ | '_| | '_ \/ _` | \ \ \ \
 \\/  ___)| |_)| | | | | || (_| |  ) ) ) )
  '  |____| .__|_| |_|_| |_\__, | / / / /
 =========|_|==============|___/=/_/_/_/
 :: Spring Boot ::                (v2.6.3)

2024-05-17 18:37:36.532  INFO 50130 --- [           main] s.c.k.f.c.Fabric8ConfigMapPropertySource : Loading ConfigMap with name 'application' in namespace 'default'
2024-05-17 18:37:36.626  INFO 50130 --- [127.0.0.1:56480] okhttp3.mockwebserver.MockWebServer      : MockWebServer[56253] received request: GET /api/v1/namespaces/default/configmaps/application HTTP/1.1 and responded: HTTP/1.1 404 Client Error
2024-05-17 18:37:36.629  INFO 50130 --- [           main] o.s.c.k.f.config.Fabric8ConfigUtils      : config-map with name : 'application' not present in namespace : 'default'
2024-05-17 18:37:36.629  INFO 50130 --- [           main] b.c.PropertySourceBootstrapConfiguration : Located property source: [BootstrapPropertySource {name='bootstrapProperties-configmap.application.default'}]
2024-05-17 18:37:36.632  WARN 50130 --- [           main] ubernetesProfileEnvironmentPostProcessor : Not running inside kubernetes. Skipping 'kubernetes' profile activation.
2024-05-17 18:37:36.632  INFO 50130 --- [           main] onfigRetryDisabledButSecretsRetryEnabled : No active profile set, falling back to default profiles: default
2024-05-17 18:37:36.895  INFO 50130 --- [           main] o.s.cloud.context.scope.GenericScope     : BeanFactory id=94652287-2eb9-367e-b08b-eea09b3b2900
2024-05-17 18:37:37.264  INFO 50130 --- [           main] onfigRetryDisabledButSecretsRetryEnabled : Started Fabric8ConfigMapPropertySourceLocatorRetryTests.ConfigRetryDisabledButSecretsRetryEnabled in 0.858 seconds (JVM running for 27.416)
2024-05-17 18:37:37.271  INFO 50130 --- [WebServer 46717] okhttp3.mockwebserver.MockWebServer      : MockWebServer[46717] starting to accept connections
2024-05-17 18:37:37.279  INFO 50130 --- [           main] s.c.k.f.c.Fabric8ConfigMapPropertySource : Loading ConfigMap with name 'application' in namespace 'default'
2024-05-17 18:37:37.281  INFO 50130 --- [127.0.0.1:56480] okhttp3.mockwebserver.MockWebServer      : MockWebServer[56253] received request: GET /api/v1/namespaces/default/configmaps/application HTTP/1.1 and responded: HTTP/1.1 500 Server Error
2024-05-17 18:37:37.285  INFO 50130 --- [WebServer 46717] okhttp3.mockwebserver.MockWebServer      : MockWebServer[46717] done accepting connections: Socket closed
2024-05-17 18:37:37.290  INFO 50130 --- [WebServer 60475] okhttp3.mockwebserver.MockWebServer      : MockWebServer[60475] starting to accept connections
2024-05-17 18:37:37.293  INFO 50130 --- [WebServer 55795] okhttp3.mockwebserver.MockWebServer      : MockWebServer[55795] starting to accept connections
2024-05-17 18:37:37.294  INFO 50130 --- [           main] .b.t.c.SpringBootTestContextBootstrapper : Neither @ContextConfiguration nor @ContextHierarchy found for test class [org.springframework.cloud.kubernetes.fabric8.config.Fabric8ConfigMapPropertySourceLocatorRetryTests$ConfigRetryEnabled], using SpringBootContextLoader
2024-05-17 18:37:37.295  INFO 50130 --- [           main] o.s.t.c.support.AbstractContextLoader    : Could not detect default resource locations for test class [org.springframework.cloud.kubernetes.fabric8.config.Fabric8ConfigMapPropertySourceLocatorRetryTests$ConfigRetryEnabled]: no resource found for suffixes {-context.xml, Context.groovy}.
2024-05-17 18:37:37.296  INFO 50130 --- [           main] .b.t.c.SpringBootTestContextBootstrapper : Loaded default TestExecutionListener class names from location [META-INF/spring.factories]: [org.springframework.boot.test.mock.mockito.MockitoTestExecutionListener, org.springframework.boot.test.mock.mockito.ResetMocksTestExecutionListener, org.springframework.boot.test.autoconfigure.restdocs.RestDocsTestExecutionListener, org.springframework.boot.test.autoconfigure.web.client.MockRestServiceServerResetTestExecutionListener, org.springframework.boot.test.autoconfigure.web.servlet.MockMvcPrintOnlyOnFailureTestExecutionListener, org.springframework.boot.test.autoconfigure.web.servlet.WebDriverTestExecutionListener, org.springframework.boot.test.autoconfigure.webservices.client.MockWebServiceServerTestExecutionListener, org.springframework.test.context.web.ServletTestExecutionListener, org.springframework.test.context.support.DirtiesContextBeforeModesTestExecutionListener, org.springframework.test.context.event.ApplicationEventsTestExecutionListener, org.springframework.test.context.support.DependencyInjectionTestExecutionListener, org.springframework.test.context.support.DirtiesContextTestExecutionListener, org.springframework.test.context.transaction.TransactionalTestExecutionListener, org.springframework.test.context.jdbc.SqlScriptsTestExecutionListener, org.springframework.test.context.event.EventPublishingTestExecutionListener, org.spockframework.spring.SpringMockTestExecutionListener]
2024-05-17 18:37:37.297  INFO 50130 --- [           main] .b.t.c.SpringBootTestContextBootstrapper : Using TestExecutionListeners: [org.springframework.test.context.web.ServletTestExecutionListener@1752ab9b, org.springframework.test.context.support.DirtiesContextBeforeModesTestExecutionListener@b205e08, org.springframework.test.context.event.ApplicationEventsTestExecutionListener@76b93bb9, org.springframework.boot.test.mock.mockito.MockitoTestExecutionListener@398f6f04, org.springframework.boot.test.autoconfigure.SpringBootDependencyInjectionTestExecutionListener@3b0305dd, org.springframework.test.context.support.DirtiesContextTestExecutionListener@32daccab, org.springframework.test.context.event.EventPublishingTestExecutionListener@d015dba, org.springframework.boot.test.mock.mockito.ResetMocksTestExecutionListener@4f34f451, org.springframework.boot.test.autoconfigure.restdocs.RestDocsTestExecutionListener@6c3a3d87, org.springframework.boot.test.autoconfigure.web.client.MockRestServiceServerResetTestExecutionListener@8611b3f, org.springframework.boot.test.autoconfigure.web.servlet.MockMvcPrintOnlyOnFailureTestExecutionListener@f0a6b04, org.springframework.boot.test.autoconfigure.web.servlet.WebDriverTestExecutionListener@677480c8, org.springframework.boot.test.autoconfigure.webservices.client.MockWebServiceServerTestExecutionListener@5a1f4fa4, org.spockframework.spring.SpringMockTestExecutionListener@5a271f3b]
2024-05-17 18:37:37.339  WARN 50130 --- [           main] ubernetesProfileEnvironmentPostProcessor : Not running inside kubernetes. Skipping 'kubernetes' profile activation.
2024-05-17 18:37:37.378  INFO 50130 --- [           main] trationDelegate$BeanPostProcessorChecker : Bean 'org.springframework.retry.annotation.RetryConfiguration' of type [org.springframework.retry.annotation.RetryConfiguration] is not eligible for getting processed by all BeanPostProcessors (for example: not eligible for auto-proxying)

  .   ____          _            __ _ _
 /\\ / ___'_ __ _ _(_)_ __  __ _ \ \ \ \
( ( )\___ | '_ | '_| | '_ \/ _` | \ \ \ \
 \\/  ___)| |_)| | | | | || (_| |  ) ) ) )
  '  |____| .__|_| |_|_| |_\__, | / / / /
 =========|_|==============|___/=/_/_/_/
 :: Spring Boot ::                (v2.6.3)

2024-05-17 18:37:37.431  INFO 50130 --- [           main] s.c.k.f.c.Fabric8ConfigMapPropertySource : Loading ConfigMap with name 'application' in namespace 'default'
2024-05-17 18:37:37.526  INFO 50130 --- [127.0.0.1:37998] okhttp3.mockwebserver.MockWebServer      : MockWebServer[60475] received request: GET /api/v1/namespaces/default/configmaps/application HTTP/1.1 and responded: HTTP/1.1 404 Client Error
2024-05-17 18:37:37.528  INFO 50130 --- [           main] o.s.c.k.f.config.Fabric8ConfigUtils      : config-map with name : 'application' not present in namespace : 'default'
2024-05-17 18:37:37.529  INFO 50130 --- [           main] b.c.PropertySourceBootstrapConfiguration : Located property source: [BootstrapPropertySource {name='bootstrapProperties-configmap.application.default'}]
2024-05-17 18:37:37.531  WARN 50130 --- [           main] ubernetesProfileEnvironmentPostProcessor : Not running inside kubernetes. Skipping 'kubernetes' profile activation.
2024-05-17 18:37:37.532  INFO 50130 --- [           main] urceLocatorRetryTests$ConfigRetryEnabled : No active profile set, falling back to default profiles: default
2024-05-17 18:37:37.824  INFO 50130 --- [           main] o.s.cloud.context.scope.GenericScope     : BeanFactory id=94652287-2eb9-367e-b08b-eea09b3b2900
2024-05-17 18:37:38.202  INFO 50130 --- [           main] urceLocatorRetryTests$ConfigRetryEnabled : Started Fabric8ConfigMapPropertySourceLocatorRetryTests.ConfigRetryEnabled in 0.903 seconds (JVM running for 28.354)
2024-05-17 18:37:38.206  INFO 50130 --- [WebServer 51435] okhttp3.mockwebserver.MockWebServer      : MockWebServer[51435] starting to accept connections
2024-05-17 18:37:38.209  INFO 50130 --- [           main] s.c.k.f.c.Fabric8ConfigMapPropertySource : Loading ConfigMap with name 'application' in namespace 'default'
2024-05-17 18:37:38.210  INFO 50130 --- [127.0.0.1:37998] okhttp3.mockwebserver.MockWebServer      : MockWebServer[60475] received request: GET /api/v1/namespaces/default/configmaps/application HTTP/1.1 and responded: HTTP/1.1 500 Server Error
2024-05-17 18:37:39.213  INFO 50130 --- [           main] s.c.k.f.c.Fabric8ConfigMapPropertySource : Loading ConfigMap with name 'application' in namespace 'default'
2024-05-17 18:37:39.217  INFO 50130 --- [127.0.0.1:37998] okhttp3.mockwebserver.MockWebServer      : MockWebServer[60475] received request: GET /api/v1/namespaces/default/configmaps/application HTTP/1.1 and responded: HTTP/1.1 500 Server Error
2024-05-17 18:37:40.320  INFO 50130 --- [           main] s.c.k.f.c.Fabric8ConfigMapPropertySource : Loading ConfigMap with name 'application' in namespace 'default'
2024-05-17 18:37:40.324  INFO 50130 --- [127.0.0.1:37998] okhttp3.mockwebserver.MockWebServer      : MockWebServer[60475] received request: GET /api/v1/namespaces/default/configmaps/application HTTP/1.1 and responded: HTTP/1.1 500 Server Error
2024-05-17 18:37:41.537  INFO 50130 --- [           main] s.c.k.f.c.Fabric8ConfigMapPropertySource : Loading ConfigMap with name 'application' in namespace 'default'
2024-05-17 18:37:41.541  INFO 50130 --- [127.0.0.1:37998] okhttp3.mockwebserver.MockWebServer      : MockWebServer[60475] received request: GET /api/v1/namespaces/default/configmaps/application HTTP/1.1 and responded: HTTP/1.1 500 Server Error
2024-05-17 18:37:42.876  INFO 50130 --- [           main] s.c.k.f.c.Fabric8ConfigMapPropertySource : Loading ConfigMap with name 'application' in namespace 'default'
2024-05-17 18:37:42.881  INFO 50130 --- [127.0.0.1:37998] okhttp3.mockwebserver.MockWebServer      : MockWebServer[60475] received request: GET /api/v1/namespaces/default/configmaps/application HTTP/1.1 and responded: HTTP/1.1 500 Server Error
2024-05-17 18:37:42.891  INFO 50130 --- [WebServer 51435] okhttp3.mockwebserver.MockWebServer      : MockWebServer[51435] done accepting connections: Socket closed
2024-05-17 18:37:42.905  INFO 50130 --- [WebServer 38781] okhttp3.mockwebserver.MockWebServer      : MockWebServer[38781] starting to accept connections
2024-05-17 18:37:42.911  INFO 50130 --- [WebServer 51755] okhttp3.mockwebserver.MockWebServer      : MockWebServer[51755] starting to accept connections
2024-05-17 18:37:42.912  INFO 50130 --- [           main] .b.t.c.SpringBootTestContextBootstrapper : Neither @ContextConfiguration nor @ContextHierarchy found for test class [org.springframework.cloud.kubernetes.fabric8.config.Fabric8ConfigMapPropertySourceLocatorRetryTests$ConfigRetryEnabled], using SpringBootContextLoader
2024-05-17 18:37:42.913  INFO 50130 --- [           main] o.s.t.c.support.AbstractContextLoader    : Could not detect default resource locations for test class [org.springframework.cloud.kubernetes.fabric8.config.Fabric8ConfigMapPropertySourceLocatorRetryTests$ConfigRetryEnabled]: no resource found for suffixes {-context.xml, Context.groovy}.
2024-05-17 18:37:42.915  INFO 50130 --- [           main] .b.t.c.SpringBootTestContextBootstrapper : Loaded default TestExecutionListener class names from location [META-INF/spring.factories]: [org.springframework.boot.test.mock.mockito.MockitoTestExecutionListener, org.springframework.boot.test.mock.mockito.ResetMocksTestExecutionListener, org.springframework.boot.test.autoconfigure.restdocs.RestDocsTestExecutionListener, org.springframework.boot.test.autoconfigure.web.client.MockRestServiceServerResetTestExecutionListener, org.springframework.boot.test.autoconfigure.web.servlet.MockMvcPrintOnlyOnFailureTestExecutionListener, org.springframework.boot.test.autoconfigure.web.servlet.WebDriverTestExecutionListener, org.springframework.boot.test.autoconfigure.webservices.client.MockWebServiceServerTestExecutionListener, org.springframework.test.context.web.ServletTestExecutionListener, org.springframework.test.context.support.DirtiesContextBeforeModesTestExecutionListener, org.springframework.test.context.event.ApplicationEventsTestExecutionListener, org.springframework.test.context.support.DependencyInjectionTestExecutionListener, org.springframework.test.context.support.DirtiesContextTestExecutionListener, org.springframework.test.context.transaction.TransactionalTestExecutionListener, org.springframework.test.context.jdbc.SqlScriptsTestExecutionListener, org.springframework.test.context.event.EventPublishingTestExecutionListener, org.spockframework.spring.SpringMockTestExecutionListener]
2024-05-17 18:37:42.917  INFO 50130 --- [           main] .b.t.c.SpringBootTestContextBootstrapper : Using TestExecutionListeners: [org.springframework.test.context.web.ServletTestExecutionListener@725f1346, org.springframework.test.context.support.DirtiesContextBeforeModesTestExecutionListener@7065ae93, org.springframework.test.context.event.ApplicationEventsTestExecutionListener@30c98124, org.springframework.boot.test.mock.mockito.MockitoTestExecutionListener@47523643, org.springframework.boot.test.autoconfigure.SpringBootDependencyInjectionTestExecutionListener@4d9dd8cc, org.springframework.test.context.support.DirtiesContextTestExecutionListener@10d1f6da, org.springframework.test.context.event.EventPublishingTestExecutionListener@6ced9545, org.springframework.boot.test.mock.mockito.ResetMocksTestExecutionListener@3adb46b5, org.springframework.boot.test.autoconfigure.restdocs.RestDocsTestExecutionListener@1923a29a, org.springframework.boot.test.autoconfigure.web.client.MockRestServiceServerResetTestExecutionListener@6dbf042, org.springframework.boot.test.autoconfigure.web.servlet.MockMvcPrintOnlyOnFailureTestExecutionListener@61c0a61, org.springframework.boot.test.autoconfigure.web.servlet.WebDriverTestExecutionListener@66121af9, org.springframework.boot.test.autoconfigure.webservices.client.MockWebServiceServerTestExecutionListener@62a153d3, org.spockframework.spring.SpringMockTestExecutionListener@3b21f625]
2024-05-17 18:37:42.922  INFO 50130 --- [WebServer 55213] okhttp3.mockwebserver.MockWebServer      : MockWebServer[55213] starting to accept connections
2024-05-17 18:37:42.927  INFO 50130 --- [           main] s.c.k.f.c.Fabric8ConfigMapPropertySource : Loading ConfigMap with name 'application' in namespace 'default'
2024-05-17 18:37:42.928  INFO 50130 --- [127.0.0.1:37998] okhttp3.mockwebserver.MockWebServer      : MockWebServer[60475] received request: GET /api/v1/namespaces/default/configmaps/application HTTP/1.1 and responded: HTTP/1.1 404 Client Error
2024-05-17 18:37:42.928  INFO 50130 --- [           main] o.s.c.k.f.config.Fabric8ConfigUtils      : config-map with name : 'application' not present in namespace : 'default'
2024-05-17 18:37:42.937  INFO 50130 --- [WebServer 55213] okhttp3.mockwebserver.MockWebServer      : MockWebServer[55213] done accepting connections: Socket closed
org.opentest4j.AssertionFailedError: 
expected: "theValue"
 but was: null
	at sun.reflect.NativeConstructorAccessorImpl.newInstance0(Native Method)
	at sun.reflect.NativeConstructorAccessorImpl.newInstance(NativeConstructorAccessorImpl.java:62)
	at sun.reflect.DelegatingConstructorAccessorImpl.newInstance(DelegatingConstructorAccessorImpl.java:45)
	at org.springframework.cloud.kubernetes.fabric8.config.Fabric8ConfigMapPropertySourceLocatorRetryTests$ConfigRetryEnabled.locateShouldNotRetryWhenThereIsNoFailure(Fabric8ConfigMapPropertySourceLocatorRetryTests.java:96)
	at sun.reflect.NativeMethodAccessorImpl.invoke0(Native Method)
	at sun.reflect.NativeMethodAccessorImpl.invoke(NativeMethodAccessorImpl.java:62)
	at sun.reflect.DelegatingMethodAccessorImpl.invoke(DelegatingMethodAccessorImpl.java:43)
	at java.lang.reflect.Method.invoke(Method.java:498)
	at org.junit.platform.commons.util.ReflectionUtils.invokeMethod(ReflectionUtils.java:725)
	at org.junit.jupiter.engine.execution.MethodInvocation.proceed(MethodInvocation.java:60)
	at org.junit.jupiter.engine.execution.InvocationInterceptorChain$ValidatingInvocation.proceed(InvocationInterceptorChain.java:131)
	at org.junit.jupiter.engine.extension.TimeoutExtension.intercept(TimeoutExtension.java:149)
	at org.junit.jupiter.engine.extension.TimeoutExtension.interceptTestableMethod(TimeoutExtension.java:140)
	at org.junit.jupiter.engine.extension.TimeoutExtension.interceptTestMethod(TimeoutExtension.java:84)
	at org.junit.jupiter.engine.execution.ExecutableInvoker$ReflectiveInterceptorCall.lambda$ofVoidMethod$0(ExecutableInvoker.java:115)
	at org.junit.jupiter.engine.execution.ExecutableInvoker.lambda$invoke$0(ExecutableInvoker.java:105)
	at org.junit.jupiter.engine.execution.InvocationInterceptorChain$InterceptedInvocation.proceed(InvocationInterceptorChain.java:106)
	at org.junit.jupiter.engine.execution.InvocationInterceptorChain.proceed(InvocationInterceptorChain.java:64)
	at org.junit.jupiter.engine.execution.InvocationInterceptorChain.chainAndInvoke(InvocationInterceptorChain.java:45)
	at org.junit.jupiter.engine.execution.InvocationInterceptorChain.invoke(InvocationInterceptorChain.java:37)
	at org.junit.jupiter.engine.execution.ExecutableInvoker.invoke(ExecutableInvoker.java:104)
	at org.junit.jupiter.engine.execution.ExecutableInvoker.invoke(ExecutableInvoker.java:98)
	at org.junit.jupiter.engine.descriptor.TestMethodTestDescriptor.lambda$invokeTestMethod$7(TestMethodTestDescriptor.java:214)
	at org.junit.platform.engine.support.hierarchical.ThrowableCollector.execute(ThrowableCollector.java:73)
	at org.junit.jupiter.engine.descriptor.TestMethodTestDescriptor.invokeTestMethod(TestMethodTestDescriptor.java:210)
	at org.junit.jupiter.engine.descriptor.TestMethodTestDescriptor.execute(TestMethodTestDescriptor.java:135)
	at org.junit.jupiter.engine.descriptor.TestMethodTestDescriptor.execute(TestMethodTestDescriptor.java:66)
	at org.junit.platform.engine.support.hierarchical.NodeTestTask.lambda$executeRecursively$6(NodeTestTask.java:151)
	at org.junit.platform.engine.support.hierarchical.ThrowableCollector.execute(ThrowableCollector.java:73)
	at org.junit.platform.engine.support.hierarchical.NodeTestTask.lambda$executeRecursively$8(NodeTestTask.java:141)
	at org.junit.platform.engine.support.hierarchical.Node.around(Node.java:137)
	at org.junit.platform.engine.support.hierarchical.NodeTestTask.lambda$executeRecursively$9(NodeTestTask.java:139)
	at org.junit.platform.engine.support.hierarchical.ThrowableCollector.execute(ThrowableCollector.java:73)
	at org.junit.platform.engine.support.hierarchical.NodeTestTask.executeRecursively(NodeTestTask.java:138)
	at org.junit.platform.engine.support.hierarchical.NodeTestTask.execute(NodeTestTask.java:95)
	at java.util.ArrayList.forEach(ArrayList.java:1259)
	at org.junit.platform.engine.support.hierarchical.SameThreadHierarchicalTestExecutorService.invokeAll(SameThreadHierarchicalTestExecutorService.java:41)
	at org.junit.platform.engine.support.hierarchical.NodeTestTask.lambda$executeRecursively$6(NodeTestTask.java:155)
	at org.junit.platform.engine.support.hierarchical.ThrowableCollector.execute(ThrowableCollector.java:73)
	at org.junit.platform.engine.support.hierarchical.NodeTestTask.lambda$executeRecursively$8(NodeTestTask.java:141)
	at org.junit.platform.engine.support.hierarchical.Node.around(Node.java:137)
	at org.junit.platform.engine.support.hierarchical.NodeTestTask.lambda$executeRecursively$9(NodeTestTask.java:139)
	at org.junit.platform.engine.support.hierarchical.ThrowableCollector.execute(ThrowableCollector.java:73)
	at org.junit.platform.engine.support.hierarchical.NodeTestTask.executeRecursively(NodeTestTask.java:138)
	at org.junit.platform.engine.support.hierarchical.NodeTestTask.execute(NodeTestTask.java:95)
	at java.util.ArrayList.forEach(ArrayList.java:1259)
	at org.junit.platform.engine.support.hierarchical.SameThreadHierarchicalTestExecutorService.invokeAll(SameThreadHierarchicalTestExecutorService.java:41)
	at org.junit.platform.engine.support.hierarchical.NodeTestTask.lambda$executeRecursively$6(NodeTestTask.java:155)
	at org.junit.platform.engine.support.hierarchical.ThrowableCollector.execute(ThrowableCollector.java:73)
	at org.junit.platform.engine.support.hierarchical.NodeTestTask.lambda$executeRecursively$8(NodeTestTask.java:141)
	at org.junit.platform.engine.support.hierarchical.Node.around(Node.java:137)
	at org.junit.platform.engine.support.hierarchical.NodeTestTask.lambda$executeRecursively$9(NodeTestTask.java:139)
	at org.junit.platform.engine.support.hierarchical.ThrowableCollector.execute(ThrowableCollector.java:73)
	at org.junit.platform.engine.support.hierarchical.NodeTestTask.executeRecursively(NodeTestTask.java:138)
	at org.junit.platform.engine.support.hierarchical.NodeTestTask.execute(NodeTestTask.java:95)
	at java.util.ArrayList.forEach(ArrayList.java:1259)
	at org.junit.platform.engine.support.hierarchical.SameThreadHierarchicalTestExecutorService.invokeAll(SameThreadHierarchicalTestExecutorService.java:41)
	at org.junit.platform.engine.support.hierarchical.NodeTestTask.lambda$executeRecursively$6(NodeTestTask.java:155)
	at org.junit.platform.engine.support.hierarchical.ThrowableCollector.execute(ThrowableCollector.java:73)
	at org.junit.platform.engine.support.hierarchical.NodeTestTask.lambda$executeRecursively$8(NodeTestTask.java:141)
	at org.junit.platform.engine.support.hierarchical.Node.around(Node.java:137)
	at org.junit.platform.engine.support.hierarchical.NodeTestTask.lambda$executeRecursively$9(NodeTestTask.java:139)
	at org.junit.platform.engine.support.hierarchical.ThrowableCollector.execute(ThrowableCollector.java:73)
	at org.junit.platform.engine.support.hierarchical.NodeTestTask.executeRecursively(NodeTestTask.java:138)
	at org.junit.platform.engine.support.hierarchical.NodeTestTask.execute(NodeTestTask.java:95)
	at org.junit.platform.engine.support.hierarchical.SameThreadHierarchicalTestExecutorService.submit(SameThreadHierarchicalTestExecutorService.java:35)
	at org.junit.platform.engine.support.hierarchical.HierarchicalTestExecutor.execute(HierarchicalTestExecutor.java:57)
	at org.junit.platform.engine.support.hierarchical.HierarchicalTestEngine.execute(HierarchicalTestEngine.java:54)
	at org.junit.platform.launcher.core.DefaultLauncher.execute(DefaultLauncher.java:170)
	at org.junit.platform.launcher.core.DefaultLauncher.execute(DefaultLauncher.java:154)
	at org.junit.platform.launcher.core.DefaultLauncher.execute(DefaultLauncher.java:90)
	at edu.illinois.cs.testrunner.execution.JUnit5TestExecutor.runTestsSeparately(JUnit5TestExecutor.java:40)
	at edu.illinois.cs.testrunner.execution.Executor$.$anonfun$run$1(Executor.scala:33)
	at scala.runtime.java8.JFunction0$mcV$sp.apply(JFunction0$mcV$sp.java:12)
	at scala.util.Try$.apply(Try.scala:209)
	at edu.illinois.cs.testrunner.execution.Executor$.run(Executor.scala:28)
	at edu.illinois.cs.testrunner.execution.Executor$.main(Executor.scala:18)
	at edu.illinois.cs.testrunner.execution.Executor.main(Executor.scala)
2024-05-17 18:37:42.942  INFO 50130 --- [WebServer 41649] okhttp3.mockwebserver.MockWebServer      : MockWebServer[41649] starting to accept connections
2024-05-17 18:37:42.944  INFO 50130 --- [WebServer 54269] okhttp3.mockwebserver.MockWebServer      : MockWebServer[54269] starting to accept connections
2024-05-17 18:37:42.945  INFO 50130 --- [WebServer 54269] okhttp3.mockwebserver.MockWebServer      : MockWebServer[54269] done accepting connections: Socket closed
2024-05-17 18:37:42.948  INFO 50130 --- [WebServer 49223] okhttp3.mockwebserver.MockWebServer      : MockWebServer[49223] starting to accept connections
2024-05-17 18:37:42.951  INFO 50130 --- [WebServer 58975] okhttp3.mockwebserver.MockWebServer      : MockWebServer[58975] starting to accept connections
2024-05-17 18:37:42.952  INFO 50130 --- [WebServer 58975] okhttp3.mockwebserver.MockWebServer      : MockWebServer[58975] done accepting connections: Socket closed
2024-05-17 18:37:42.956  INFO 50130 --- [           main] .b.t.c.SpringBootTestContextBootstrapper : Neither @ContextConfiguration nor @ContextHierarchy found for test class [org.springframework.cloud.kubernetes.fabric8.config.ConfigMapWithPrefixTests], using SpringBootContextLoader
2024-05-17 18:37:42.957  INFO 50130 --- [           main] o.s.t.c.support.AbstractContextLoader    : Could not detect default resource locations for test class [org.springframework.cloud.kubernetes.fabric8.config.ConfigMapWithPrefixTests]: no resource found for suffixes {-context.xml, Context.groovy}.
2024-05-17 18:37:42.960  INFO 50130 --- [           main] .b.t.c.SpringBootTestContextBootstrapper : Loaded default TestExecutionListener class names from location [META-INF/spring.factories]: [org.springframework.boot.test.mock.mockito.MockitoTestExecutionListener, org.springframework.boot.test.mock.mockito.ResetMocksTestExecutionListener, org.springframework.boot.test.autoconfigure.restdocs.RestDocsTestExecutionListener, org.springframework.boot.test.autoconfigure.web.client.MockRestServiceServerResetTestExecutionListener, org.springframework.boot.test.autoconfigure.web.servlet.MockMvcPrintOnlyOnFailureTestExecutionListener, org.springframework.boot.test.autoconfigure.web.servlet.WebDriverTestExecutionListener, org.springframework.boot.test.autoconfigure.webservices.client.MockWebServiceServerTestExecutionListener, org.springframework.test.context.web.ServletTestExecutionListener, org.springframework.test.context.support.DirtiesContextBeforeModesTestExecutionListener, org.springframework.test.context.event.ApplicationEventsTestExecutionListener, org.springframework.test.context.support.DependencyInjectionTestExecutionListener, org.springframework.test.context.support.DirtiesContextTestExecutionListener, org.springframework.test.context.transaction.TransactionalTestExecutionListener, org.springframework.test.context.jdbc.SqlScriptsTestExecutionListener, org.springframework.test.context.event.EventPublishingTestExecutionListener, org.spockframework.spring.SpringMockTestExecutionListener]
2024-05-17 18:37:42.962  INFO 50130 --- [           main] .b.t.c.SpringBootTestContextBootstrapper : Using TestExecutionListeners: [org.springframework.test.context.web.ServletTestExecutionListener@1f978bb1, org.springframework.test.context.support.DirtiesContextBeforeModesTestExecutionListener@11987483, org.springframework.test.context.event.ApplicationEventsTestExecutionListener@c5c7db1, org.springframework.boot.test.mock.mockito.MockitoTestExecutionListener@64b1d0ab, org.springframework.boot.test.autoconfigure.SpringBootDependencyInjectionTestExecutionListener@4758158f, org.springframework.test.context.support.DirtiesContextTestExecutionListener@15364d8b, org.springframework.test.context.event.EventPublishingTestExecutionListener@7a680b69, org.springframework.boot.test.mock.mockito.ResetMocksTestExecutionListener@10b6a807, org.springframework.boot.test.autoconfigure.restdocs.RestDocsTestExecutionListener@17c533f3, org.springframework.boot.test.autoconfigure.web.client.MockRestServiceServerResetTestExecutionListener@30386e95, org.springframework.boot.test.autoconfigure.web.servlet.MockMvcPrintOnlyOnFailureTestExecutionListener@ab118b8, org.springframework.boot.test.autoconfigure.web.servlet.WebDriverTestExecutionListener@2fe26f79, org.springframework.boot.test.autoconfigure.webservices.client.MockWebServiceServerTestExecutionListener@11069bdd, org.spockframework.spring.SpringMockTestExecutionListener@62b903ae]
2024-05-17 18:37:42.964  INFO 50130 --- [WebServer 36969] okhttp3.mockwebserver.MockWebServer      : MockWebServer[36969] starting to accept connections
2024-05-17 18:37:42.968  INFO 50130 --- [127.0.0.1:33410] okhttp3.mockwebserver.MockWebServer      : MockWebServer[36969] received request: POST /api/v1/namespaces/spring-k8s/configmaps HTTP/1.1 and responded: HTTP/1.1 200 OK
2024-05-17 18:37:42.972  INFO 50130 --- [127.0.0.1:33410] okhttp3.mockwebserver.MockWebServer      : MockWebServer[36969] received request: POST /api/v1/namespaces/spring-k8s/configmaps HTTP/1.1 and responded: HTTP/1.1 200 OK
2024-05-17 18:37:43.017  INFO 50130 --- [127.0.0.1:33410] okhttp3.mockwebserver.MockWebServer      : MockWebServer[36969] received request: POST /api/v1/namespaces/spring-k8s/configmaps HTTP/1.1 and responded: HTTP/1.1 200 OK
2024-05-17 18:37:43.126  WARN 50130 --- [           main] ubernetesProfileEnvironmentPostProcessor : Not running inside kubernetes. Skipping 'kubernetes' profile activation.

  .   ____          _            __ _ _
 /\\ / ___'_ __ _ _(_)_ __  __ _ \ \ \ \
( ( )\___ | '_ | '_| | '_ \/ _` | \ \ \ \
 \\/  ___)| |_)| | | | | || (_| |  ) ) ) )
  '  |____| .__|_| |_|_| |_\__, | / / / /
 =========|_|==============|___/=/_/_/_/
 :: Spring Boot ::                (v2.6.3)

2024-05-17 18:37:43.200  INFO 50130 --- [           main] s.c.k.f.c.Fabric8ConfigMapPropertySource : Loading ConfigMap with name 'config-map-one' in namespace 'spring-k8s'
2024-05-17 18:37:43.202  INFO 50130 --- [127.0.0.1:33426] okhttp3.mockwebserver.MockWebServer      : MockWebServer[36969] received request: GET /api/v1/namespaces/spring-k8s/configmaps/config-map-one HTTP/1.1 and responded: HTTP/1.1 200 OK
2024-05-17 18:37:43.205  INFO 50130 --- [           main] s.c.k.f.c.Fabric8ConfigMapPropertySource : Loading ConfigMap with name 'config-map-two' in namespace 'spring-k8s'
2024-05-17 18:37:43.206  INFO 50130 --- [127.0.0.1:33426] okhttp3.mockwebserver.MockWebServer      : MockWebServer[36969] received request: GET /api/v1/namespaces/spring-k8s/configmaps/config-map-two HTTP/1.1 and responded: HTTP/1.1 200 OK
2024-05-17 18:37:43.247  INFO 50130 --- [           main] s.c.k.f.c.Fabric8ConfigMapPropertySource : Loading ConfigMap with name 'config-map-three' in namespace 'spring-k8s'
2024-05-17 18:37:43.249  INFO 50130 --- [127.0.0.1:33426] okhttp3.mockwebserver.MockWebServer      : MockWebServer[36969] received request: GET /api/v1/namespaces/spring-k8s/configmaps/config-map-three HTTP/1.1 and responded: HTTP/1.1 200 OK
2024-05-17 18:37:43.291  INFO 50130 --- [           main] b.c.PropertySourceBootstrapConfiguration : Located property source: [BootstrapPropertySource {name='bootstrapProperties-configmap.config-map-three.spring-k8s'}, BootstrapPropertySource {name='bootstrapProperties-configmap.config-map-two.spring-k8s'}, BootstrapPropertySource {name='bootstrapProperties-configmap.config-map-one.spring-k8s'}]
2024-05-17 18:37:43.301  WARN 50130 --- [           main] ubernetesProfileEnvironmentPostProcessor : Not running inside kubernetes. Skipping 'kubernetes' profile activation.
2024-05-17 18:37:43.302  INFO 50130 --- [           main] o.s.c.k.f.c.ConfigMapWithPrefixTests     : No active profile set, falling back to default profiles: default
2024-05-17 18:37:43.492  INFO 50130 --- [           main] o.s.cloud.context.scope.GenericScope     : BeanFactory id=1367d525-e9cf-3080-b335-95bb990e6dec
2024-05-17 18:37:43.571  INFO 50130 --- [           main] o.s.b.w.embedded.tomcat.TomcatWebServer  : Tomcat initialized with port(s): 0 (http)
2024-05-17 18:37:43.572  INFO 50130 --- [           main] o.apache.catalina.core.StandardService   : Starting service [Tomcat]
2024-05-17 18:37:43.572  INFO 50130 --- [           main] org.apache.catalina.core.StandardEngine  : Starting Servlet engine: [Apache Tomcat/9.0.56]
2024-05-17 18:37:43.581  INFO 50130 --- [           main] o.a.c.c.C.[Tomcat-8].[localhost].[/]     : Initializing Spring embedded WebApplicationContext
2024-05-17 18:37:43.581  INFO 50130 --- [           main] w.s.c.ServletWebServerApplicationContext : Root WebApplicationContext: initialization completed in 276 ms
2024-05-17 18:37:44.110  INFO 50130 --- [           main] o.s.b.a.e.web.EndpointLinksResolver      : Exposing 1 endpoint(s) beneath base path '/actuator'
2024-05-17 18:37:44.146  INFO 50130 --- [           main] o.s.b.w.embedded.tomcat.TomcatWebServer  : Tomcat started on port(s): 40083 (http) with context path ''
2024-05-17 18:37:44.152  INFO 50130 --- [           main] o.s.c.k.f.c.ConfigMapWithPrefixTests     : Started ConfigMapWithPrefixTests in 1.09 seconds (JVM running for 34.304)
2024-05-17 18:37:44.162  INFO 50130 --- [WebServer 41007] okhttp3.mockwebserver.MockWebServer      : MockWebServer[41007] starting to accept connections
2024-05-17 18:37:44.171  INFO 50130 --- [o-auto-9-exec-1] o.a.c.c.C.[Tomcat-8].[localhost].[/]     : Initializing Spring DispatcherServlet 'dispatcherServlet'
2024-05-17 18:37:44.171  INFO 50130 --- [o-auto-9-exec-1] o.s.web.servlet.DispatcherServlet        : Initializing Servlet 'dispatcherServlet'
2024-05-17 18:37:44.172  INFO 50130 --- [o-auto-9-exec-1] o.s.web.servlet.DispatcherServlet        : Completed initialization in 1 ms
2024-05-17 18:37:44.183  INFO 50130 --- [WebServer 41007] okhttp3.mockwebserver.MockWebServer      : MockWebServer[41007] done accepting connections: Socket closed
2024-05-17 18:37:44.188  INFO 50130 --- [           main] .b.t.c.SpringBootTestContextBootstrapper : Neither @ContextConfiguration nor @ContextHierarchy found for test class [org.springframework.cloud.kubernetes.fabric8.config.ConfigMapsMixedTests], using SpringBootContextLoader
2024-05-17 18:37:44.188  INFO 50130 --- [           main] o.s.t.c.support.AbstractContextLoader    : Could not detect default resource locations for test class [org.springframework.cloud.kubernetes.fabric8.config.ConfigMapsMixedTests]: no resource found for suffixes {-context.xml, Context.groovy}.
2024-05-17 18:37:44.190  INFO 50130 --- [           main] .b.t.c.SpringBootTestContextBootstrapper : Loaded default TestExecutionListener class names from location [META-INF/spring.factories]: [org.springframework.boot.test.mock.mockito.MockitoTestExecutionListener, org.springframework.boot.test.mock.mockito.ResetMocksTestExecutionListener, org.springframework.boot.test.autoconfigure.restdocs.RestDocsTestExecutionListener, org.springframework.boot.test.autoconfigure.web.client.MockRestServiceServerResetTestExecutionListener, org.springframework.boot.test.autoconfigure.web.servlet.MockMvcPrintOnlyOnFailureTestExecutionListener, org.springframework.boot.test.autoconfigure.web.servlet.WebDriverTestExecutionListener, org.springframework.boot.test.autoconfigure.webservices.client.MockWebServiceServerTestExecutionListener, org.springframework.test.context.web.ServletTestExecutionListener, org.springframework.test.context.support.DirtiesContextBeforeModesTestExecutionListener, org.springframework.test.context.event.ApplicationEventsTestExecutionListener, org.springframework.test.context.support.DependencyInjectionTestExecutionListener, org.springframework.test.context.support.DirtiesContextTestExecutionListener, org.springframework.test.context.transaction.TransactionalTestExecutionListener, org.springframework.test.context.jdbc.SqlScriptsTestExecutionListener, org.springframework.test.context.event.EventPublishingTestExecutionListener, org.spockframework.spring.SpringMockTestExecutionListener]
2024-05-17 18:37:44.191  INFO 50130 --- [           main] .b.t.c.SpringBootTestContextBootstrapper : Using TestExecutionListeners: [org.springframework.test.context.web.ServletTestExecutionListener@695d8186, org.springframework.test.context.support.DirtiesContextBeforeModesTestExecutionListener@221b4175, org.springframework.test.context.event.ApplicationEventsTestExecutionListener@58ae3cb, org.springframework.boot.test.mock.mockito.MockitoTestExecutionListener@42af751f, org.springframework.boot.test.autoconfigure.SpringBootDependencyInjectionTestExecutionListener@477b8d7d, org.springframework.test.context.support.DirtiesContextTestExecutionListener@3f937c0e, org.springframework.test.context.event.EventPublishingTestExecutionListener@6d55448c, org.springframework.boot.test.mock.mockito.ResetMocksTestExecutionListener@54ebd3b4, org.springframework.boot.test.autoconfigure.restdocs.RestDocsTestExecutionListener@4f60ac31, org.springframework.boot.test.autoconfigure.web.client.MockRestServiceServerResetTestExecutionListener@6b37cadf, org.springframework.boot.test.autoconfigure.web.servlet.MockMvcPrintOnlyOnFailureTestExecutionListener@2c018211, org.springframework.boot.test.autoconfigure.web.servlet.WebDriverTestExecutionListener@267d9256, org.springframework.boot.test.autoconfigure.webservices.client.MockWebServiceServerTestExecutionListener@6cb6a38c, org.spockframework.spring.SpringMockTestExecutionListener@3982fdf7]
2024-05-17 18:37:44.193  INFO 50130 --- [WebServer 47793] okhttp3.mockwebserver.MockWebServer      : MockWebServer[47793] starting to accept connections
2024-05-17 18:37:44.198  INFO 50130 --- [127.0.0.1:33824] okhttp3.mockwebserver.MockWebServer      : MockWebServer[47793] received request: POST /api/v1/namespaces/test/configmaps HTTP/1.1 and responded: HTTP/1.1 200 OK
2024-05-17 18:37:44.255  WARN 50130 --- [           main] ubernetesProfileEnvironmentPostProcessor : Not running inside kubernetes. Skipping 'kubernetes' profile activation.

  .   ____          _            __ _ _
 /\\ / ___'_ __ _ _(_)_ __  __ _ \ \ \ \
( ( )\___ | '_ | '_| | '_ \/ _` | \ \ \ \
 \\/  ___)| |_)| | | | | || (_| |  ) ) ) )
  '  |____| .__|_| |_|_| |_\__, | / / / /
 =========|_|==============|___/=/_/_/_/
 :: Spring Boot ::                (v2.6.3)

2024-05-17 18:37:44.321  INFO 50130 --- [           main] s.c.k.f.c.Fabric8ConfigMapPropertySource : Loading ConfigMap with name 'configmap-mixed-example' in namespace 'test'
2024-05-17 18:37:44.324  INFO 50130 --- [127.0.0.1:33830] okhttp3.mockwebserver.MockWebServer      : MockWebServer[47793] received request: GET /api/v1/namespaces/test/configmaps/configmap-mixed-example HTTP/1.1 and responded: HTTP/1.1 200 OK
2024-05-17 18:37:44.328  INFO 50130 --- [           main] b.c.PropertySourceBootstrapConfiguration : Located property source: [BootstrapPropertySource {name='bootstrapProperties-/tmp/scktests/application-path.yaml'}, BootstrapPropertySource {name='bootstrapProperties-configmap.configmap-mixed-example.test'}]
2024-05-17 18:37:44.331  WARN 50130 --- [           main] ubernetesProfileEnvironmentPostProcessor : Not running inside kubernetes. Skipping 'kubernetes' profile activation.
2024-05-17 18:37:44.331  INFO 50130 --- [           main] o.s.c.k.f.config.ConfigMapsMixedTests    : No active profile set, falling back to default profiles: default
2024-05-17 18:37:44.490  INFO 50130 --- [           main] o.s.cloud.context.scope.GenericScope     : BeanFactory id=e369cf40-d234-36e2-a4dc-38329760186f
2024-05-17 18:37:44.591  INFO 50130 --- [           main] o.s.b.w.embedded.tomcat.TomcatWebServer  : Tomcat initialized with port(s): 0 (http)
2024-05-17 18:37:44.591  INFO 50130 --- [           main] o.apache.catalina.core.StandardService   : Starting service [Tomcat]
2024-05-17 18:37:44.592  INFO 50130 --- [           main] org.apache.catalina.core.StandardEngine  : Starting Servlet engine: [Apache Tomcat/9.0.56]
2024-05-17 18:37:44.600  INFO 50130 --- [           main] o.a.c.c.C.[Tomcat-9].[localhost].[/]     : Initializing Spring embedded WebApplicationContext
2024-05-17 18:37:44.601  INFO 50130 --- [           main] w.s.c.ServletWebServerApplicationContext : Root WebApplicationContext: initialization completed in 269 ms
2024-05-17 18:37:45.116  INFO 50130 --- [           main] o.s.b.a.e.web.EndpointLinksResolver      : Exposing 1 endpoint(s) beneath base path '/actuator'
2024-05-17 18:37:45.504  INFO 50130 --- [           main] o.s.b.w.embedded.tomcat.TomcatWebServer  : Tomcat started on port(s): 33253 (http) with context path ''
2024-05-17 18:37:45.510  INFO 50130 --- [           main] o.s.c.k.f.config.ConfigMapsMixedTests    : Started ConfigMapsMixedTests in 1.309 seconds (JVM running for 35.662)
2024-05-17 18:37:45.519  INFO 50130 --- [WebServer 58011] okhttp3.mockwebserver.MockWebServer      : MockWebServer[58011] starting to accept connections
2024-05-17 18:37:45.529  INFO 50130 --- [-auto-10-exec-1] o.a.c.c.C.[Tomcat-9].[localhost].[/]     : Initializing Spring DispatcherServlet 'dispatcherServlet'
2024-05-17 18:37:45.530  INFO 50130 --- [-auto-10-exec-1] o.s.web.servlet.DispatcherServlet        : Initializing Servlet 'dispatcherServlet'
2024-05-17 18:37:45.531  INFO 50130 --- [-auto-10-exec-1] o.s.web.servlet.DispatcherServlet        : Completed initialization in 1 ms
2024-05-17 18:37:45.543  INFO 50130 --- [WebServer 58011] okhttp3.mockwebserver.MockWebServer      : MockWebServer[58011] done accepting connections: Socket closed
2024-05-17 18:37:45.546  INFO 50130 --- [WebServer 52115] okhttp3.mockwebserver.MockWebServer      : MockWebServer[52115] starting to accept connections
2024-05-17 18:37:45.548  INFO 50130 --- [WebServer 57893] okhttp3.mockwebserver.MockWebServer      : MockWebServer[57893] starting to accept connections
2024-05-17 18:37:45.551  INFO 50130 --- [127.0.0.1:55818] okhttp3.mockwebserver.MockWebServer      : MockWebServer[52115] received request: POST /api/v1/namespaces/test/configmaps HTTP/1.1 and responded: HTTP/1.1 200 OK
2024-05-17 18:37:45.552  INFO 50130 --- [           main] s.c.k.f.c.Fabric8ConfigMapPropertySource : Loading ConfigMap with name 'single-non-standard-test' in namespace 'test'
2024-05-17 18:37:45.553  INFO 50130 --- [127.0.0.1:55818] okhttp3.mockwebserver.MockWebServer      : MockWebServer[52115] received request: GET /api/v1/namespaces/test/configmaps/single-non-standard-test HTTP/1.1 and responded: HTTP/1.1 200 OK
2024-05-17 18:37:45.595  INFO 50130 --- [WebServer 57893] okhttp3.mockwebserver.MockWebServer      : MockWebServer[57893] done accepting connections: Socket closed
2024-05-17 18:37:45.601  INFO 50130 --- [WebServer 46339] okhttp3.mockwebserver.MockWebServer      : MockWebServer[46339] starting to accept connections
2024-05-17 18:37:45.605  INFO 50130 --- [WebServer 51391] okhttp3.mockwebserver.MockWebServer      : MockWebServer[51391] starting to accept connections
2024-05-17 18:37:45.606  INFO 50130 --- [           main] .b.t.c.SpringBootTestContextBootstrapper : Neither @ContextConfiguration nor @ContextHierarchy found for test class [org.springframework.cloud.kubernetes.fabric8.config.Fabric8SecretsPropertySourceLocatorRetryTests$SecretsFailFastEnabledButRetryDisabled], using SpringBootContextLoader
2024-05-17 18:37:45.607  INFO 50130 --- [           main] o.s.t.c.support.AbstractContextLoader    : Could not detect default resource locations for test class [org.springframework.cloud.kubernetes.fabric8.config.Fabric8SecretsPropertySourceLocatorRetryTests$SecretsFailFastEnabledButRetryDisabled]: no resource found for suffixes {-context.xml, Context.groovy}.
2024-05-17 18:37:45.609  INFO 50130 --- [           main] .b.t.c.SpringBootTestContextBootstrapper : Loaded default TestExecutionListener class names from location [META-INF/spring.factories]: [org.springframework.boot.test.mock.mockito.MockitoTestExecutionListener, org.springframework.boot.test.mock.mockito.ResetMocksTestExecutionListener, org.springframework.boot.test.autoconfigure.restdocs.RestDocsTestExecutionListener, org.springframework.boot.test.autoconfigure.web.client.MockRestServiceServerResetTestExecutionListener, org.springframework.boot.test.autoconfigure.web.servlet.MockMvcPrintOnlyOnFailureTestExecutionListener, org.springframework.boot.test.autoconfigure.web.servlet.WebDriverTestExecutionListener, org.springframework.boot.test.autoconfigure.webservices.client.MockWebServiceServerTestExecutionListener, org.springframework.test.context.web.ServletTestExecutionListener, org.springframework.test.context.support.DirtiesContextBeforeModesTestExecutionListener, org.springframework.test.context.event.ApplicationEventsTestExecutionListener, org.springframework.test.context.support.DependencyInjectionTestExecutionListener, org.springframework.test.context.support.DirtiesContextTestExecutionListener, org.springframework.test.context.transaction.TransactionalTestExecutionListener, org.springframework.test.context.jdbc.SqlScriptsTestExecutionListener, org.springframework.test.context.event.EventPublishingTestExecutionListener, org.spockframework.spring.SpringMockTestExecutionListener]
2024-05-17 18:37:45.611  INFO 50130 --- [           main] .b.t.c.SpringBootTestContextBootstrapper : Using TestExecutionListeners: [org.springframework.test.context.web.ServletTestExecutionListener@15a806a2, org.springframework.test.context.support.DirtiesContextBeforeModesTestExecutionListener@1eb9ab8f, org.springframework.test.context.event.ApplicationEventsTestExecutionListener@3e755a96, org.springframework.boot.test.mock.mockito.MockitoTestExecutionListener@22cc606d, org.springframework.boot.test.autoconfigure.SpringBootDependencyInjectionTestExecutionListener@7784ff80, org.springframework.test.context.support.DirtiesContextTestExecutionListener@2432c72c, org.springframework.test.context.event.EventPublishingTestExecutionListener@300788d6, org.springframework.boot.test.mock.mockito.ResetMocksTestExecutionListener@710959b3, org.springframework.boot.test.autoconfigure.restdocs.RestDocsTestExecutionListener@2121d0ed, org.springframework.boot.test.autoconfigure.web.client.MockRestServiceServerResetTestExecutionListener@13987842, org.springframework.boot.test.autoconfigure.web.servlet.MockMvcPrintOnlyOnFailureTestExecutionListener@1f5513df, org.springframework.boot.test.autoconfigure.web.servlet.WebDriverTestExecutionListener@24aa1547, org.springframework.boot.test.autoconfigure.webservices.client.MockWebServiceServerTestExecutionListener@b230f87, org.spockframework.spring.SpringMockTestExecutionListener@5b293cc9]
2024-05-17 18:37:45.665  WARN 50130 --- [           main] ubernetesProfileEnvironmentPostProcessor : Not running inside kubernetes. Skipping 'kubernetes' profile activation.

  .   ____          _            __ _ _
 /\\ / ___'_ __ _ _(_)_ __  __ _ \ \ \ \
( ( )\___ | '_ | '_| | '_ \/ _` | \ \ \ \
 \\/  ___)| |_)| | | | | || (_| |  ) ) ) )
  '  |____| .__|_| |_|_| |_\__, | / / / /
 =========|_|==============|___/=/_/_/_/
 :: Spring Boot ::                (v2.6.3)

2024-05-17 18:37:45.739  INFO 50130 --- [           main] s.c.k.f.c.Fabric8ConfigMapPropertySource : Loading ConfigMap with name 'application' in namespace 'default'
2024-05-17 18:37:45.831  INFO 50130 --- [127.0.0.1:60236] okhttp3.mockwebserver.MockWebServer      : MockWebServer[46339] received request: GET /api/v1/namespaces/default/configmaps/application HTTP/1.1 and responded: HTTP/1.1 404 Client Error
2024-05-17 18:37:45.835  INFO 50130 --- [           main] o.s.c.k.f.config.Fabric8ConfigUtils      : config-map with name : 'application' not present in namespace : 'default'
2024-05-17 18:37:45.836  INFO 50130 --- [           main] b.c.PropertySourceBootstrapConfiguration : Located property source: [BootstrapPropertySource {name='bootstrapProperties-configmap.application.default'}]
2024-05-17 18:37:45.836  INFO 50130 --- [           main] o.s.c.k.f.c.Fabric8SecretsPropertySource : Loading Secret with name 'my-secret' or with labels [{}] in namespace 'default'
2024-05-17 18:37:45.837  INFO 50130 --- [127.0.0.1:60236] okhttp3.mockwebserver.MockWebServer      : MockWebServer[46339] received request: GET /api/v1/namespaces/default/secrets/my-secret HTTP/1.1 and responded: HTTP/1.1 404 Client Error
2024-05-17 18:37:45.837  WARN 50130 --- [           main] o.s.c.k.f.c.Fabric8SecretsPropertySource : secret with name : my-secret in namespace : default not found
2024-05-17 18:37:45.838  INFO 50130 --- [127.0.0.1:60236] okhttp3.mockwebserver.MockWebServer      : MockWebServer[46339] received request: GET /api/v1/namespaces/default/secrets HTTP/1.1 and responded: HTTP/1.1 200 OK
2024-05-17 18:37:45.879  INFO 50130 --- [           main] b.c.PropertySourceBootstrapConfiguration : Located property source: [BootstrapPropertySource {name='bootstrapProperties-secrets.my-secret.default'}]
2024-05-17 18:37:45.883  WARN 50130 --- [           main] ubernetesProfileEnvironmentPostProcessor : Not running inside kubernetes. Skipping 'kubernetes' profile activation.
2024-05-17 18:37:45.883  INFO 50130 --- [           main] s$SecretsFailFastEnabledButRetryDisabled : No active profile set, falling back to default profiles: default
2024-05-17 18:37:46.137  INFO 50130 --- [           main] o.s.cloud.context.scope.GenericScope     : BeanFactory id=94652287-2eb9-367e-b08b-eea09b3b2900
2024-05-17 18:37:46.518  INFO 50130 --- [           main] s$SecretsFailFastEnabledButRetryDisabled : Started Fabric8SecretsPropertySourceLocatorRetryTests.SecretsFailFastEnabledButRetryDisabled in 0.905 seconds (JVM running for 36.67)
2024-05-17 18:37:46.523  INFO 50130 --- [WebServer 43453] okhttp3.mockwebserver.MockWebServer      : MockWebServer[43453] starting to accept connections
2024-05-17 18:37:46.525  INFO 50130 --- [           main] o.s.c.k.f.c.Fabric8SecretsPropertySource : Loading Secret with name 'my-secret' or with labels [{}] in namespace 'default'
2024-05-17 18:37:46.526  INFO 50130 --- [127.0.0.1:60236] okhttp3.mockwebserver.MockWebServer      : MockWebServer[46339] received request: GET /api/v1/namespaces/default/secrets/my-secret HTTP/1.1 and responded: HTTP/1.1 500 Server Error
2024-05-17 18:37:46.529  INFO 50130 --- [WebServer 43453] okhttp3.mockwebserver.MockWebServer      : MockWebServer[43453] done accepting connections: Socket closed
2024-05-17 18:37:46.533  INFO 50130 --- [WebServer 37921] okhttp3.mockwebserver.MockWebServer      : MockWebServer[37921] starting to accept connections
2024-05-17 18:37:46.534  INFO 50130 --- [WebServer 37559] okhttp3.mockwebserver.MockWebServer      : MockWebServer[37559] starting to accept connections
2024-05-17 18:37:46.538  INFO 50130 --- [127.0.0.1:36332] okhttp3.mockwebserver.MockWebServer      : MockWebServer[37921] received request: POST /api/v1/namespaces/test/configmaps HTTP/1.1 and responded: HTTP/1.1 200 OK
2024-05-17 18:37:46.538  INFO 50130 --- [           main] s.c.k.f.c.Fabric8ConfigMapPropertySource : Loading ConfigMap with name 'single-unparseable-yaml-test' in namespace 'test'
2024-05-17 18:37:46.539  INFO 50130 --- [127.0.0.1:36332] okhttp3.mockwebserver.MockWebServer      : MockWebServer[37921] received request: GET /api/v1/namespaces/test/configmaps/single-unparseable-yaml-test HTTP/1.1 and responded: HTTP/1.1 200 OK
2024-05-17 18:37:46.581  INFO 50130 --- [WebServer 37559] okhttp3.mockwebserver.MockWebServer      : MockWebServer[37559] done accepting connections: Socket closed
2024-05-17 18:37:46.584  INFO 50130 --- [WebServer 56509] okhttp3.mockwebserver.MockWebServer      : MockWebServer[56509] starting to accept connections
2024-05-17 18:37:46.586  INFO 50130 --- [WebServer 53491] okhttp3.mockwebserver.MockWebServer      : MockWebServer[53491] starting to accept connections
2024-05-17 18:37:46.624  WARN 50130 --- [           main] ubernetesProfileEnvironmentPostProcessor : Not running inside kubernetes. Skipping 'kubernetes' profile activation.

  .   ____          _            __ _ _
 /\\ / ___'_ __ _ _(_)_ __  __ _ \ \ \ \
( ( )\___ | '_ | '_| | '_ \/ _` | \ \ \ \
 \\/  ___)| |_)| | | | | || (_| |  ) ) ) )
  '  |____| .__|_| |_|_| |_\__, | / / / /
 =========|_|==============|___/=/_/_/_/
 :: Spring Boot ::                (v2.6.3)

2024-05-17 18:37:46.683  WARN 50130 --- [           main] ubernetesProfileEnvironmentPostProcessor : Not running inside kubernetes. Skipping 'kubernetes' profile activation.
2024-05-17 18:37:46.683  INFO 50130 --- [           main] e.i.cs.testrunner.execution.Executor$    : No active profile set, falling back to default profiles: default
2024-05-17 18:37:46.693  INFO 50130 --- [           main] o.s.cloud.context.scope.GenericScope     : BeanFactory id=5adb76a5-ffff-3c5f-a60f-7f84faf1ce0f
2024-05-17 18:37:46.696  INFO 50130 --- [           main] e.i.cs.testrunner.execution.Executor$    : Started Executor. in 0.109 seconds (JVM running for 36.848)
2024-05-17 18:37:46.698  INFO 50130 --- [WebServer 53491] okhttp3.mockwebserver.MockWebServer      : MockWebServer[53491] done accepting connections: Socket closed
2024-05-17 18:37:46.703  INFO 50130 --- [WebServer 44597] okhttp3.mockwebserver.MockWebServer      : MockWebServer[44597] starting to accept connections
2024-05-17 18:37:46.705  INFO 50130 --- [WebServer 35283] okhttp3.mockwebserver.MockWebServer      : MockWebServer[35283] starting to accept connections
2024-05-17 18:37:46.706  INFO 50130 --- [WebServer 35283] okhttp3.mockwebserver.MockWebServer      : MockWebServer[35283] done accepting connections: Socket closed
2024-05-17 18:37:46.710  INFO 50130 --- [           main] .b.t.c.SpringBootTestContextBootstrapper : Neither @ContextConfiguration nor @ContextHierarchy found for test class [org.springframework.cloud.kubernetes.fabric8.config.ConfigMapsWithProfilesTests], using SpringBootContextLoader
2024-05-17 18:37:46.710  INFO 50130 --- [           main] o.s.t.c.support.AbstractContextLoader    : Could not detect default resource locations for test class [org.springframework.cloud.kubernetes.fabric8.config.ConfigMapsWithProfilesTests]: no resource found for suffixes {-context.xml, Context.groovy}.
2024-05-17 18:37:46.712  INFO 50130 --- [           main] .b.t.c.SpringBootTestContextBootstrapper : Loaded default TestExecutionListener class names from location [META-INF/spring.factories]: [org.springframework.boot.test.mock.mockito.MockitoTestExecutionListener, org.springframework.boot.test.mock.mockito.ResetMocksTestExecutionListener, org.springframework.boot.test.autoconfigure.restdocs.RestDocsTestExecutionListener, org.springframework.boot.test.autoconfigure.web.client.MockRestServiceServerResetTestExecutionListener, org.springframework.boot.test.autoconfigure.web.servlet.MockMvcPrintOnlyOnFailureTestExecutionListener, org.springframework.boot.test.autoconfigure.web.servlet.WebDriverTestExecutionListener, org.springframework.boot.test.autoconfigure.webservices.client.MockWebServiceServerTestExecutionListener, org.springframework.test.context.web.ServletTestExecutionListener, org.springframework.test.context.support.DirtiesContextBeforeModesTestExecutionListener, org.springframework.test.context.event.ApplicationEventsTestExecutionListener, org.springframework.test.context.support.DependencyInjectionTestExecutionListener, org.springframework.test.context.support.DirtiesContextTestExecutionListener, org.springframework.test.context.transaction.TransactionalTestExecutionListener, org.springframework.test.context.jdbc.SqlScriptsTestExecutionListener, org.springframework.test.context.event.EventPublishingTestExecutionListener, org.spockframework.spring.SpringMockTestExecutionListener]
2024-05-17 18:37:46.713  INFO 50130 --- [           main] .b.t.c.SpringBootTestContextBootstrapper : Using TestExecutionListeners: [org.springframework.test.context.web.ServletTestExecutionListener@36bef8fb, org.springframework.test.context.support.DirtiesContextBeforeModesTestExecutionListener@6c8e0773, org.springframework.test.context.event.ApplicationEventsTestExecutionListener@5b5db3a, org.springframework.boot.test.mock.mockito.MockitoTestExecutionListener@5406ce9f, org.springframework.boot.test.autoconfigure.SpringBootDependencyInjectionTestExecutionListener@15be8dc4, org.springframework.test.context.support.DirtiesContextTestExecutionListener@997a59f, org.springframework.test.context.event.EventPublishingTestExecutionListener@2250d39c, org.springframework.boot.test.mock.mockito.ResetMocksTestExecutionListener@40c0937f, org.springframework.boot.test.autoconfigure.restdocs.RestDocsTestExecutionListener@21f1f60e, org.springframework.boot.test.autoconfigure.web.client.MockRestServiceServerResetTestExecutionListener@157e14f2, org.springframework.boot.test.autoconfigure.web.servlet.MockMvcPrintOnlyOnFailureTestExecutionListener@3116e9f2, org.springframework.boot.test.autoconfigure.web.servlet.WebDriverTestExecutionListener@7589cfc4, org.springframework.boot.test.autoconfigure.webservices.client.MockWebServiceServerTestExecutionListener@5b6606fd, org.spockframework.spring.SpringMockTestExecutionListener@3e5a40e7]
2024-05-17 18:37:46.715  INFO 50130 --- [WebServer 49221] okhttp3.mockwebserver.MockWebServer      : MockWebServer[49221] starting to accept connections
2024-05-17 18:37:46.718  INFO 50130 --- [127.0.0.1:48492] okhttp3.mockwebserver.MockWebServer      : MockWebServer[49221] received request: POST /api/v1/namespaces/test/configmaps HTTP/1.1 and responded: HTTP/1.1 200 OK
2024-05-17 18:37:46.756  WARN 50130 --- [           main] ubernetesProfileEnvironmentPostProcessor : Not running inside kubernetes. Skipping 'kubernetes' profile activation.

  .   ____          _            __ _ _
 /\\ / ___'_ __ _ _(_)_ __  __ _ \ \ \ \
( ( )\___ | '_ | '_| | '_ \/ _` | \ \ \ \
 \\/  ___)| |_)| | | | | || (_| |  ) ) ) )
  '  |____| .__|_| |_|_| |_\__, | / / / /
 =========|_|==============|___/=/_/_/_/
 :: Spring Boot ::                (v2.6.3)

2024-05-17 18:37:46.819  INFO 50130 --- [           main] s.c.k.f.c.Fabric8ConfigMapPropertySource : Loading ConfigMap with name 'configmap-with-profile-example' in namespace 'test'
2024-05-17 18:37:46.822  INFO 50130 --- [127.0.0.1:48498] okhttp3.mockwebserver.MockWebServer      : MockWebServer[49221] received request: GET /api/v1/namespaces/test/configmaps/configmap-with-profile-example HTTP/1.1 and responded: HTTP/1.1 200 OK
2024-05-17 18:37:46.826  INFO 50130 --- [127.0.0.1:48498] okhttp3.mockwebserver.MockWebServer      : MockWebServer[49221] received request: GET /api/v1/namespaces/test/configmaps/configmap-with-profile-example-development HTTP/1.1 and responded: HTTP/1.1 404 Client Error
2024-05-17 18:37:46.826  INFO 50130 --- [           main] o.s.c.k.f.config.Fabric8ConfigUtils      : config-map with name : 'configmap-with-profile-example-development' not present in namespace : 'test'
2024-05-17 18:37:46.826  INFO 50130 --- [           main] b.c.PropertySourceBootstrapConfiguration : Located property source: [BootstrapPropertySource {name='bootstrapProperties-configmap.configmap-with-profile-example.test'}]
2024-05-17 18:37:46.830  WARN 50130 --- [           main] ubernetesProfileEnvironmentPostProcessor : Not running inside kubernetes. Skipping 'kubernetes' profile activation.
2024-05-17 18:37:46.831  INFO 50130 --- [           main] o.s.c.k.f.c.ConfigMapsWithProfilesTests  : The following profiles are active: development
2024-05-17 18:37:46.971  INFO 50130 --- [           main] o.s.cloud.context.scope.GenericScope     : BeanFactory id=affffd22-e438-321b-a0d0-967c2140a2e8
2024-05-17 18:37:47.048  INFO 50130 --- [           main] o.s.b.w.embedded.tomcat.TomcatWebServer  : Tomcat initialized with port(s): 0 (http)
2024-05-17 18:37:47.049  INFO 50130 --- [           main] o.apache.catalina.core.StandardService   : Starting service [Tomcat]
2024-05-17 18:37:47.049  INFO 50130 --- [           main] org.apache.catalina.core.StandardEngine  : Starting Servlet engine: [Apache Tomcat/9.0.56]
2024-05-17 18:37:47.057  INFO 50130 --- [           main] o.a.c.c.C.[Tomcat-10].[localhost].[/]    : Initializing Spring embedded WebApplicationContext
2024-05-17 18:37:47.057  INFO 50130 --- [           main] w.s.c.ServletWebServerApplicationContext : Root WebApplicationContext: initialization completed in 225 ms
2024-05-17 18:37:47.624  INFO 50130 --- [           main] o.s.b.a.e.web.EndpointLinksResolver      : Exposing 1 endpoint(s) beneath base path '/actuator'
2024-05-17 18:37:47.659  INFO 50130 --- [           main] o.s.b.w.embedded.tomcat.TomcatWebServer  : Tomcat started on port(s): 35383 (http) with context path ''
2024-05-17 18:37:47.665  INFO 50130 --- [           main] o.s.c.k.f.c.ConfigMapsWithProfilesTests  : Started ConfigMapsWithProfilesTests in 0.945 seconds (JVM running for 37.817)
2024-05-17 18:37:47.674  INFO 50130 --- [WebServer 41827] okhttp3.mockwebserver.MockWebServer      : MockWebServer[41827] starting to accept connections
2024-05-17 18:37:47.683  INFO 50130 --- [-auto-11-exec-1] o.a.c.c.C.[Tomcat-10].[localhost].[/]    : Initializing Spring DispatcherServlet 'dispatcherServlet'
2024-05-17 18:37:47.683  INFO 50130 --- [-auto-11-exec-1] o.s.web.servlet.DispatcherServlet        : Initializing Servlet 'dispatcherServlet'
2024-05-17 18:37:47.684  INFO 50130 --- [-auto-11-exec-1] o.s.web.servlet.DispatcherServlet        : Completed initialization in 1 ms
2024-05-17 18:37:47.692  INFO 50130 --- [WebServer 41827] okhttp3.mockwebserver.MockWebServer      : MockWebServer[41827] done accepting connections: Socket closed
2024-05-17 18:37:47.696  INFO 50130 --- [WebServer 60795] okhttp3.mockwebserver.MockWebServer      : MockWebServer[60795] starting to accept connections
2024-05-17 18:37:47.698  INFO 50130 --- [WebServer 60279] okhttp3.mockwebserver.MockWebServer      : MockWebServer[60279] starting to accept connections
2024-05-17 18:37:47.702  INFO 50130 --- [127.0.0.1:49254] okhttp3.mockwebserver.MockWebServer      : MockWebServer[60795] received request: POST /api/v1/namespaces/ns2/configmaps HTTP/1.1 and responded: HTTP/1.1 200 OK
2024-05-17 18:37:47.703  INFO 50130 --- [127.0.0.1:49254] okhttp3.mockwebserver.MockWebServer      : MockWebServer[60795] received request: GET /api/v1/namespaces/ns2/configmaps HTTP/1.1 and responded: HTTP/1.1 200 OK
2024-05-17 18:37:47.744  INFO 50130 --- [WebServer 60279] okhttp3.mockwebserver.MockWebServer      : MockWebServer[60279] done accepting connections: Socket closed
2024-05-17 18:37:47.748  INFO 50130 --- [WebServer 49627] okhttp3.mockwebserver.MockWebServer      : MockWebServer[49627] starting to accept connections
2024-05-17 18:37:47.751  INFO 50130 --- [WebServer 35311] okhttp3.mockwebserver.MockWebServer      : MockWebServer[35311] starting to accept connections
2024-05-17 18:37:47.752  INFO 50130 --- [           main] .b.t.c.SpringBootTestContextBootstrapper : Neither @ContextConfiguration nor @ContextHierarchy found for test class [org.springframework.cloud.kubernetes.fabric8.config.Fabric8SecretsPropertySourceLocatorRetryTests$SecretsRetryEnabled], using SpringBootContextLoader
2024-05-17 18:37:47.753  INFO 50130 --- [           main] o.s.t.c.support.AbstractContextLoader    : Could not detect default resource locations for test class [org.springframework.cloud.kubernetes.fabric8.config.Fabric8SecretsPropertySourceLocatorRetryTests$SecretsRetryEnabled]: no resource found for suffixes {-context.xml, Context.groovy}.
2024-05-17 18:37:47.755  INFO 50130 --- [           main] .b.t.c.SpringBootTestContextBootstrapper : Loaded default TestExecutionListener class names from location [META-INF/spring.factories]: [org.springframework.boot.test.mock.mockito.MockitoTestExecutionListener, org.springframework.boot.test.mock.mockito.ResetMocksTestExecutionListener, org.springframework.boot.test.autoconfigure.restdocs.RestDocsTestExecutionListener, org.springframework.boot.test.autoconfigure.web.client.MockRestServiceServerResetTestExecutionListener, org.springframework.boot.test.autoconfigure.web.servlet.MockMvcPrintOnlyOnFailureTestExecutionListener, org.springframework.boot.test.autoconfigure.web.servlet.WebDriverTestExecutionListener, org.springframework.boot.test.autoconfigure.webservices.client.MockWebServiceServerTestExecutionListener, org.springframework.test.context.web.ServletTestExecutionListener, org.springframework.test.context.support.DirtiesContextBeforeModesTestExecutionListener, org.springframework.test.context.event.ApplicationEventsTestExecutionListener, org.springframework.test.context.support.DependencyInjectionTestExecutionListener, org.springframework.test.context.support.DirtiesContextTestExecutionListener, org.springframework.test.context.transaction.TransactionalTestExecutionListener, org.springframework.test.context.jdbc.SqlScriptsTestExecutionListener, org.springframework.test.context.event.EventPublishingTestExecutionListener, org.spockframework.spring.SpringMockTestExecutionListener]
2024-05-17 18:37:47.756  INFO 50130 --- [           main] .b.t.c.SpringBootTestContextBootstrapper : Using TestExecutionListeners: [org.springframework.test.context.web.ServletTestExecutionListener@752ccee0, org.springframework.test.context.support.DirtiesContextBeforeModesTestExecutionListener@28ec9c23, org.springframework.test.context.event.ApplicationEventsTestExecutionListener@946b9d9, org.springframework.boot.test.mock.mockito.MockitoTestExecutionListener@68cacf8b, org.springframework.boot.test.autoconfigure.SpringBootDependencyInjectionTestExecutionListener@7b8247bc, org.springframework.test.context.support.DirtiesContextTestExecutionListener@3743d16b, org.springframework.test.context.event.EventPublishingTestExecutionListener@b772e2b, org.springframework.boot.test.mock.mockito.ResetMocksTestExecutionListener@357f1e59, org.springframework.boot.test.autoconfigure.restdocs.RestDocsTestExecutionListener@5c2900ed, org.springframework.boot.test.autoconfigure.web.client.MockRestServiceServerResetTestExecutionListener@75c85a8a, org.springframework.boot.test.autoconfigure.web.servlet.MockMvcPrintOnlyOnFailureTestExecutionListener@47fc346e, org.springframework.boot.test.autoconfigure.web.servlet.WebDriverTestExecutionListener@abc771e, org.springframework.boot.test.autoconfigure.webservices.client.MockWebServiceServerTestExecutionListener@1e0630cc, org.spockframework.spring.SpringMockTestExecutionListener@29ad358c]
2024-05-17 18:37:47.761  INFO 50130 --- [WebServer 32911] okhttp3.mockwebserver.MockWebServer      : MockWebServer[32911] starting to accept connections
2024-05-17 18:37:47.763  INFO 50130 --- [           main] o.s.c.k.f.c.Fabric8SecretsPropertySource : Loading Secret with name 'my-secret' or with labels [{}] in namespace 'default'
2024-05-17 18:37:47.765  INFO 50130 --- [127.0.0.1:44658] okhttp3.mockwebserver.MockWebServer      : MockWebServer[52661] received request: GET /api/v1/namespaces/default/secrets/my-secret HTTP/1.1 and responded: HTTP/1.1 404 Client Error
2024-05-17 18:37:47.765  WARN 50130 --- [           main] o.s.c.k.f.c.Fabric8SecretsPropertySource : secret with name : my-secret in namespace : default not found
2024-05-17 18:37:47.766  INFO 50130 --- [127.0.0.1:44658] okhttp3.mockwebserver.MockWebServer      : MockWebServer[52661] received request: GET /api/v1/namespaces/default/secrets HTTP/1.1 and responded: HTTP/1.1 200 OK
2024-05-17 18:37:47.810  INFO 50130 --- [WebServer 32911] okhttp3.mockwebserver.MockWebServer      : MockWebServer[32911] done accepting connections: Socket closed
org.opentest4j.AssertionFailedError: 
expected: "theSensitiveValue"
 but was: null
	at sun.reflect.NativeConstructorAccessorImpl.newInstance0(Native Method)
	at sun.reflect.NativeConstructorAccessorImpl.newInstance(NativeConstructorAccessorImpl.java:62)
	at sun.reflect.DelegatingConstructorAccessorImpl.newInstance(DelegatingConstructorAccessorImpl.java:45)
	at org.springframework.cloud.kubernetes.fabric8.config.Fabric8SecretsPropertySourceLocatorRetryTests$SecretsRetryEnabled.locateShouldNotRetryWhenThereIsNoFailure(Fabric8SecretsPropertySourceLocatorRetryTests.java:104)
	at sun.reflect.NativeMethodAccessorImpl.invoke0(Native Method)
	at sun.reflect.NativeMethodAccessorImpl.invoke(NativeMethodAccessorImpl.java:62)
	at sun.reflect.DelegatingMethodAccessorImpl.invoke(DelegatingMethodAccessorImpl.java:43)
	at java.lang.reflect.Method.invoke(Method.java:498)
	at org.junit.platform.commons.util.ReflectionUtils.invokeMethod(ReflectionUtils.java:725)
	at org.junit.jupiter.engine.execution.MethodInvocation.proceed(MethodInvocation.java:60)
	at org.junit.jupiter.engine.execution.InvocationInterceptorChain$ValidatingInvocation.proceed(InvocationInterceptorChain.java:131)
	at org.junit.jupiter.engine.extension.TimeoutExtension.intercept(TimeoutExtension.java:149)
	at org.junit.jupiter.engine.extension.TimeoutExtension.interceptTestableMethod(TimeoutExtension.java:140)
	at org.junit.jupiter.engine.extension.TimeoutExtension.interceptTestMethod(TimeoutExtension.java:84)
	at org.junit.jupiter.engine.execution.ExecutableInvoker$ReflectiveInterceptorCall.lambda$ofVoidMethod$0(ExecutableInvoker.java:115)
	at org.junit.jupiter.engine.execution.ExecutableInvoker.lambda$invoke$0(ExecutableInvoker.java:105)
	at org.junit.jupiter.engine.execution.InvocationInterceptorChain$InterceptedInvocation.proceed(InvocationInterceptorChain.java:106)
	at org.junit.jupiter.engine.execution.InvocationInterceptorChain.proceed(InvocationInterceptorChain.java:64)
	at org.junit.jupiter.engine.execution.InvocationInterceptorChain.chainAndInvoke(InvocationInterceptorChain.java:45)
	at org.junit.jupiter.engine.execution.InvocationInterceptorChain.invoke(InvocationInterceptorChain.java:37)
	at org.junit.jupiter.engine.execution.ExecutableInvoker.invoke(ExecutableInvoker.java:104)
	at org.junit.jupiter.engine.execution.ExecutableInvoker.invoke(ExecutableInvoker.java:98)
	at org.junit.jupiter.engine.descriptor.TestMethodTestDescriptor.lambda$invokeTestMethod$7(TestMethodTestDescriptor.java:214)
	at org.junit.platform.engine.support.hierarchical.ThrowableCollector.execute(ThrowableCollector.java:73)
	at org.junit.jupiter.engine.descriptor.TestMethodTestDescriptor.invokeTestMethod(TestMethodTestDescriptor.java:210)
	at org.junit.jupiter.engine.descriptor.TestMethodTestDescriptor.execute(TestMethodTestDescriptor.java:135)
	at org.junit.jupiter.engine.descriptor.TestMethodTestDescriptor.execute(TestMethodTestDescriptor.java:66)
	at org.junit.platform.engine.support.hierarchical.NodeTestTask.lambda$executeRecursively$6(NodeTestTask.java:151)
	at org.junit.platform.engine.support.hierarchical.ThrowableCollector.execute(ThrowableCollector.java:73)
	at org.junit.platform.engine.support.hierarchical.NodeTestTask.lambda$executeRecursively$8(NodeTestTask.java:141)
	at org.junit.platform.engine.support.hierarchical.Node.around(Node.java:137)
	at org.junit.platform.engine.support.hierarchical.NodeTestTask.lambda$executeRecursively$9(NodeTestTask.java:139)
	at org.junit.platform.engine.support.hierarchical.ThrowableCollector.execute(ThrowableCollector.java:73)
	at org.junit.platform.engine.support.hierarchical.NodeTestTask.executeRecursively(NodeTestTask.java:138)
	at org.junit.platform.engine.support.hierarchical.NodeTestTask.execute(NodeTestTask.java:95)
	at java.util.ArrayList.forEach(ArrayList.java:1259)
	at org.junit.platform.engine.support.hierarchical.SameThreadHierarchicalTestExecutorService.invokeAll(SameThreadHierarchicalTestExecutorService.java:41)
	at org.junit.platform.engine.support.hierarchical.NodeTestTask.lambda$executeRecursively$6(NodeTestTask.java:155)
	at org.junit.platform.engine.support.hierarchical.ThrowableCollector.execute(ThrowableCollector.java:73)
	at org.junit.platform.engine.support.hierarchical.NodeTestTask.lambda$executeRecursively$8(NodeTestTask.java:141)
	at org.junit.platform.engine.support.hierarchical.Node.around(Node.java:137)
	at org.junit.platform.engine.support.hierarchical.NodeTestTask.lambda$executeRecursively$9(NodeTestTask.java:139)
	at org.junit.platform.engine.support.hierarchical.ThrowableCollector.execute(ThrowableCollector.java:73)
	at org.junit.platform.engine.support.hierarchical.NodeTestTask.executeRecursively(NodeTestTask.java:138)
	at org.junit.platform.engine.support.hierarchical.NodeTestTask.execute(NodeTestTask.java:95)
	at java.util.ArrayList.forEach(ArrayList.java:1259)
	at org.junit.platform.engine.support.hierarchical.SameThreadHierarchicalTestExecutorService.invokeAll(SameThreadHierarchicalTestExecutorService.java:41)
	at org.junit.platform.engine.support.hierarchical.NodeTestTask.lambda$executeRecursively$6(NodeTestTask.java:155)
	at org.junit.platform.engine.support.hierarchical.ThrowableCollector.execute(ThrowableCollector.java:73)
	at org.junit.platform.engine.support.hierarchical.NodeTestTask.lambda$executeRecursively$8(NodeTestTask.java:141)
	at org.junit.platform.engine.support.hierarchical.Node.around(Node.java:137)
	at org.junit.platform.engine.support.hierarchical.NodeTestTask.lambda$executeRecursively$9(NodeTestTask.java:139)
	at org.junit.platform.engine.support.hierarchical.ThrowableCollector.execute(ThrowableCollector.java:73)
	at org.junit.platform.engine.support.hierarchical.NodeTestTask.executeRecursively(NodeTestTask.java:138)
	at org.junit.platform.engine.support.hierarchical.NodeTestTask.execute(NodeTestTask.java:95)
	at java.util.ArrayList.forEach(ArrayList.java:1259)
	at org.junit.platform.engine.support.hierarchical.SameThreadHierarchicalTestExecutorService.invokeAll(SameThreadHierarchicalTestExecutorService.java:41)
	at org.junit.platform.engine.support.hierarchical.NodeTestTask.lambda$executeRecursively$6(NodeTestTask.java:155)
	at org.junit.platform.engine.support.hierarchical.ThrowableCollector.execute(ThrowableCollector.java:73)
	at org.junit.platform.engine.support.hierarchical.NodeTestTask.lambda$executeRecursively$8(NodeTestTask.java:141)
	at org.junit.platform.engine.support.hierarchical.Node.around(Node.java:137)
	at org.junit.platform.engine.support.hierarchical.NodeTestTask.lambda$executeRecursively$9(NodeTestTask.java:139)
	at org.junit.platform.engine.support.hierarchical.ThrowableCollector.execute(ThrowableCollector.java:73)
	at org.junit.platform.engine.support.hierarchical.NodeTestTask.executeRecursively(NodeTestTask.java:138)
	at org.junit.platform.engine.support.hierarchical.NodeTestTask.execute(NodeTestTask.java:95)
	at org.junit.platform.engine.support.hierarchical.SameThreadHierarchicalTestExecutorService.submit(SameThreadHierarchicalTestExecutorService.java:35)
	at org.junit.platform.engine.support.hierarchical.HierarchicalTestExecutor.execute(HierarchicalTestExecutor.java:57)
	at org.junit.platform.engine.support.hierarchical.HierarchicalTestEngine.execute(HierarchicalTestEngine.java:54)
	at org.junit.platform.launcher.core.DefaultLauncher.execute(DefaultLauncher.java:170)
	at org.junit.platform.launcher.core.DefaultLauncher.execute(DefaultLauncher.java:154)
	at org.junit.platform.launcher.core.DefaultLauncher.execute(DefaultLauncher.java:90)
	at edu.illinois.cs.testrunner.execution.JUnit5TestExecutor.runTestsSeparately(JUnit5TestExecutor.java:40)
	at edu.illinois.cs.testrunner.execution.Executor$.$anonfun$run$1(Executor.scala:33)
	at scala.runtime.java8.JFunction0$mcV$sp.apply(JFunction0$mcV$sp.java:12)
	at scala.util.Try$.apply(Try.scala:209)
	at edu.illinois.cs.testrunner.execution.Executor$.run(Executor.scala:28)
	at edu.illinois.cs.testrunner.execution.Executor$.main(Executor.scala:18)
	at edu.illinois.cs.testrunner.execution.Executor.main(Executor.scala)
2024-05-17 18:37:47.816  INFO 50130 --- [WebServer 48875] okhttp3.mockwebserver.MockWebServer      : MockWebServer[48875] starting to accept connections
2024-05-17 18:37:47.818  INFO 50130 --- [WebServer 44689] okhttp3.mockwebserver.MockWebServer      : MockWebServer[44689] starting to accept connections
2024-05-17 18:37:47.819  INFO 50130 --- [           main] s.c.k.f.c.Fabric8ConfigMapPropertySource : Loading ConfigMap with name 'my-config' in namespace 'default'
2024-05-17 18:37:47.917  INFO 50130 --- [127.0.0.1:39504] okhttp3.mockwebserver.MockWebServer      : MockWebServer[44689] received request: GET /api/v1/namespaces/default/configmaps/my-config HTTP/1.1 and responded: HTTP/1.1 500 Server Error
2024-05-17 18:37:47.958  WARN 50130 --- [           main] s.c.k.f.c.Fabric8ConfigMapPropertySource : Can't read configMap with name: [my-config] in namespace: [default]. Ignoring.

io.fabric8.kubernetes.client.KubernetesClientException: Failure executing: GET at: https://localhost:44689/api/v1/namespaces/default/configmaps/my-config. Message: Internal Server Error.
	at io.fabric8.kubernetes.client.dsl.base.OperationSupport.requestFailure(OperationSupport.java:694)
	at io.fabric8.kubernetes.client.dsl.base.OperationSupport.requestFailure(OperationSupport.java:673)
	at io.fabric8.kubernetes.client.dsl.base.OperationSupport.assertResponseCode(OperationSupport.java:626)
	at io.fabric8.kubernetes.client.dsl.base.OperationSupport.handleResponse(OperationSupport.java:566)
	at io.fabric8.kubernetes.client.dsl.base.OperationSupport.handleResponse(OperationSupport.java:527)
	at io.fabric8.kubernetes.client.dsl.base.OperationSupport.handleGet(OperationSupport.java:494)
	at io.fabric8.kubernetes.client.dsl.base.OperationSupport.handleGet(OperationSupport.java:476)
	at io.fabric8.kubernetes.client.dsl.base.BaseOperation.handleGet(BaseOperation.java:788)
	at io.fabric8.kubernetes.client.dsl.base.BaseOperation.getMandatory(BaseOperation.java:187)
	at io.fabric8.kubernetes.client.dsl.base.BaseOperation.get(BaseOperation.java:154)
	at io.fabric8.kubernetes.client.dsl.base.BaseOperation.get(BaseOperation.java:87)
	at org.springframework.cloud.kubernetes.fabric8.config.Fabric8ConfigUtils.getConfigMapData(Fabric8ConfigUtils.java:118)
	at org.springframework.cloud.kubernetes.fabric8.config.Fabric8ConfigMapPropertySource.getData(Fabric8ConfigMapPropertySource.java:79)
	at org.springframework.cloud.kubernetes.fabric8.config.Fabric8ConfigMapPropertySource.<init>(Fabric8ConfigMapPropertySource.java:70)
	at org.springframework.cloud.kubernetes.fabric8.config.Fabric8ConfigMapPropertySourceTests.lambda$constructorShouldNotThrowExceptionOnFailureWhenFailFastIsDisabled$1(Fabric8ConfigMapPropertySourceTests.java:64)
	at org.assertj.core.api.ThrowableAssert.catchThrowable(ThrowableAssert.java:63)
	at org.assertj.core.api.NotThrownAssert.isThrownBy(NotThrownAssert.java:43)
	at org.springframework.cloud.kubernetes.fabric8.config.Fabric8ConfigMapPropertySourceTests.constructorShouldNotThrowExceptionOnFailureWhenFailFastIsDisabled(Fabric8ConfigMapPropertySourceTests.java:64)
	at sun.reflect.NativeMethodAccessorImpl.invoke0(Native Method)
	at sun.reflect.NativeMethodAccessorImpl.invoke(NativeMethodAccessorImpl.java:62)
	at sun.reflect.DelegatingMethodAccessorImpl.invoke(DelegatingMethodAccessorImpl.java:43)
	at java.lang.reflect.Method.invoke(Method.java:498)
	at org.junit.platform.commons.util.ReflectionUtils.invokeMethod(ReflectionUtils.java:725)
	at org.junit.jupiter.engine.execution.MethodInvocation.proceed(MethodInvocation.java:60)
	at org.junit.jupiter.engine.execution.InvocationInterceptorChain$ValidatingInvocation.proceed(InvocationInterceptorChain.java:131)
	at org.junit.jupiter.engine.extension.TimeoutExtension.intercept(TimeoutExtension.java:149)
	at org.junit.jupiter.engine.extension.TimeoutExtension.interceptTestableMethod(TimeoutExtension.java:140)
	at org.junit.jupiter.engine.extension.TimeoutExtension.interceptTestMethod(TimeoutExtension.java:84)
	at org.junit.jupiter.engine.execution.ExecutableInvoker$ReflectiveInterceptorCall.lambda$ofVoidMethod$0(ExecutableInvoker.java:115)
	at org.junit.jupiter.engine.execution.ExecutableInvoker.lambda$invoke$0(ExecutableInvoker.java:105)
	at org.junit.jupiter.engine.execution.InvocationInterceptorChain$InterceptedInvocation.proceed(InvocationInterceptorChain.java:106)
	at org.junit.jupiter.engine.execution.InvocationInterceptorChain.proceed(InvocationInterceptorChain.java:64)
	at org.junit.jupiter.engine.execution.InvocationInterceptorChain.chainAndInvoke(InvocationInterceptorChain.java:45)
	at org.junit.jupiter.engine.execution.InvocationInterceptorChain.invoke(InvocationInterceptorChain.java:37)
	at org.junit.jupiter.engine.execution.ExecutableInvoker.invoke(ExecutableInvoker.java:104)
	at org.junit.jupiter.engine.execution.ExecutableInvoker.invoke(ExecutableInvoker.java:98)
	at org.junit.jupiter.engine.descriptor.TestMethodTestDescriptor.lambda$invokeTestMethod$7(TestMethodTestDescriptor.java:214)
	at org.junit.platform.engine.support.hierarchical.ThrowableCollector.execute(ThrowableCollector.java:73)
	at org.junit.jupiter.engine.descriptor.TestMethodTestDescriptor.invokeTestMethod(TestMethodTestDescriptor.java:210)
	at org.junit.jupiter.engine.descriptor.TestMethodTestDescriptor.execute(TestMethodTestDescriptor.java:135)
	at org.junit.jupiter.engine.descriptor.TestMethodTestDescriptor.execute(TestMethodTestDescriptor.java:66)
	at org.junit.platform.engine.support.hierarchical.NodeTestTask.lambda$executeRecursively$6(NodeTestTask.java:151)
	at org.junit.platform.engine.support.hierarchical.ThrowableCollector.execute(ThrowableCollector.java:73)
	at org.junit.platform.engine.support.hierarchical.NodeTestTask.lambda$executeRecursively$8(NodeTestTask.java:141)
	at org.junit.platform.engine.support.hierarchical.Node.around(Node.java:137)
	at org.junit.platform.engine.support.hierarchical.NodeTestTask.lambda$executeRecursively$9(NodeTestTask.java:139)
	at org.junit.platform.engine.support.hierarchical.ThrowableCollector.execute(ThrowableCollector.java:73)
	at org.junit.platform.engine.support.hierarchical.NodeTestTask.executeRecursively(NodeTestTask.java:138)
	at org.junit.platform.engine.support.hierarchical.NodeTestTask.execute(NodeTestTask.java:95)
	at java.util.ArrayList.forEach(ArrayList.java:1259)
	at org.junit.platform.engine.support.hierarchical.SameThreadHierarchicalTestExecutorService.invokeAll(SameThreadHierarchicalTestExecutorService.java:41)
	at org.junit.platform.engine.support.hierarchical.NodeTestTask.lambda$executeRecursively$6(NodeTestTask.java:155)
	at org.junit.platform.engine.support.hierarchical.ThrowableCollector.execute(ThrowableCollector.java:73)
	at org.junit.platform.engine.support.hierarchical.NodeTestTask.lambda$executeRecursively$8(NodeTestTask.java:141)
	at org.junit.platform.engine.support.hierarchical.Node.around(Node.java:137)
	at org.junit.platform.engine.support.hierarchical.NodeTestTask.lambda$executeRecursively$9(NodeTestTask.java:139)
	at org.junit.platform.engine.support.hierarchical.ThrowableCollector.execute(ThrowableCollector.java:73)
	at org.junit.platform.engine.support.hierarchical.NodeTestTask.executeRecursively(NodeTestTask.java:138)
	at org.junit.platform.engine.support.hierarchical.NodeTestTask.execute(NodeTestTask.java:95)
	at java.util.ArrayList.forEach(ArrayList.java:1259)
	at org.junit.platform.engine.support.hierarchical.SameThreadHierarchicalTestExecutorService.invokeAll(SameThreadHierarchicalTestExecutorService.java:41)
	at org.junit.platform.engine.support.hierarchical.NodeTestTask.lambda$executeRecursively$6(NodeTestTask.java:155)
	at org.junit.platform.engine.support.hierarchical.ThrowableCollector.execute(ThrowableCollector.java:73)
	at org.junit.platform.engine.support.hierarchical.NodeTestTask.lambda$executeRecursively$8(NodeTestTask.java:141)
	at org.junit.platform.engine.support.hierarchical.Node.around(Node.java:137)
	at org.junit.platform.engine.support.hierarchical.NodeTestTask.lambda$executeRecursively$9(NodeTestTask.java:139)
	at org.junit.platform.engine.support.hierarchical.ThrowableCollector.execute(ThrowableCollector.java:73)
	at org.junit.platform.engine.support.hierarchical.NodeTestTask.executeRecursively(NodeTestTask.java:138)
	at org.junit.platform.engine.support.hierarchical.NodeTestTask.execute(NodeTestTask.java:95)
	at org.junit.platform.engine.support.hierarchical.SameThreadHierarchicalTestExecutorService.submit(SameThreadHierarchicalTestExecutorService.java:35)
	at org.junit.platform.engine.support.hierarchical.HierarchicalTestExecutor.execute(HierarchicalTestExecutor.java:57)
	at org.junit.platform.engine.support.hierarchical.HierarchicalTestEngine.execute(HierarchicalTestEngine.java:54)
	at org.junit.platform.launcher.core.DefaultLauncher.execute(DefaultLauncher.java:170)
	at org.junit.platform.launcher.core.DefaultLauncher.execute(DefaultLauncher.java:154)
	at org.junit.platform.launcher.core.DefaultLauncher.execute(DefaultLauncher.java:90)
	at edu.illinois.cs.testrunner.execution.JUnit5TestExecutor.runTestsSeparately(JUnit5TestExecutor.java:40)
	at edu.illinois.cs.testrunner.execution.Executor$.$anonfun$run$1(Executor.scala:33)
	at scala.runtime.java8.JFunction0$mcV$sp.apply(JFunction0$mcV$sp.java:12)
	at scala.util.Try$.apply(Try.scala:209)
	at edu.illinois.cs.testrunner.execution.Executor$.run(Executor.scala:28)
	at edu.illinois.cs.testrunner.execution.Executor$.main(Executor.scala:18)
	at edu.illinois.cs.testrunner.execution.Executor.main(Executor.scala)

2024-05-17 18:37:47.960  INFO 50130 --- [WebServer 44689] okhttp3.mockwebserver.MockWebServer      : MockWebServer[44689] done accepting connections: Socket closed
2024-05-17 18:37:47.972  INFO 50130 --- [           main] .b.t.c.SpringBootTestContextBootstrapper : Neither @ContextConfiguration nor @ContextHierarchy found for test class [org.springframework.cloud.kubernetes.fabric8.config.ConfigMapWithPrefixTests], using SpringBootContextLoader
2024-05-17 18:37:47.974  INFO 50130 --- [           main] o.s.t.c.support.AbstractContextLoader    : Could not detect default resource locations for test class [org.springframework.cloud.kubernetes.fabric8.config.ConfigMapWithPrefixTests]: no resource found for suffixes {-context.xml, Context.groovy}.
2024-05-17 18:37:47.979  INFO 50130 --- [           main] .b.t.c.SpringBootTestContextBootstrapper : Loaded default TestExecutionListener class names from location [META-INF/spring.factories]: [org.springframework.boot.test.mock.mockito.MockitoTestExecutionListener, org.springframework.boot.test.mock.mockito.ResetMocksTestExecutionListener, org.springframework.boot.test.autoconfigure.restdocs.RestDocsTestExecutionListener, org.springframework.boot.test.autoconfigure.web.client.MockRestServiceServerResetTestExecutionListener, org.springframework.boot.test.autoconfigure.web.servlet.MockMvcPrintOnlyOnFailureTestExecutionListener, org.springframework.boot.test.autoconfigure.web.servlet.WebDriverTestExecutionListener, org.springframework.boot.test.autoconfigure.webservices.client.MockWebServiceServerTestExecutionListener, org.springframework.test.context.web.ServletTestExecutionListener, org.springframework.test.context.support.DirtiesContextBeforeModesTestExecutionListener, org.springframework.test.context.event.ApplicationEventsTestExecutionListener, org.springframework.test.context.support.DependencyInjectionTestExecutionListener, org.springframework.test.context.support.DirtiesContextTestExecutionListener, org.springframework.test.context.transaction.TransactionalTestExecutionListener, org.springframework.test.context.jdbc.SqlScriptsTestExecutionListener, org.springframework.test.context.event.EventPublishingTestExecutionListener, org.spockframework.spring.SpringMockTestExecutionListener]
2024-05-17 18:37:47.983  INFO 50130 --- [           main] .b.t.c.SpringBootTestContextBootstrapper : Using TestExecutionListeners: [org.springframework.test.context.web.ServletTestExecutionListener@4336b8c4, org.springframework.test.context.support.DirtiesContextBeforeModesTestExecutionListener@2a60cd41, org.springframework.test.context.event.ApplicationEventsTestExecutionListener@30d970c4, org.springframework.boot.test.mock.mockito.MockitoTestExecutionListener@649920aa, org.springframework.boot.test.autoconfigure.SpringBootDependencyInjectionTestExecutionListener@129f4465, org.springframework.test.context.support.DirtiesContextTestExecutionListener@3eb999b2, org.springframework.test.context.event.EventPublishingTestExecutionListener@459d81f1, org.springframework.boot.test.mock.mockito.ResetMocksTestExecutionListener@68ac7598, org.springframework.boot.test.autoconfigure.restdocs.RestDocsTestExecutionListener@78a884, org.springframework.boot.test.autoconfigure.web.client.MockRestServiceServerResetTestExecutionListener@727ed530, org.springframework.boot.test.autoconfigure.web.servlet.MockMvcPrintOnlyOnFailureTestExecutionListener@5bc54087, org.springframework.boot.test.autoconfigure.web.servlet.WebDriverTestExecutionListener@50cefed2, org.springframework.boot.test.autoconfigure.webservices.client.MockWebServiceServerTestExecutionListener@153740c7, org.spockframework.spring.SpringMockTestExecutionListener@1164d004]
2024-05-17 18:37:47.988  INFO 50130 --- [WebServer 59941] okhttp3.mockwebserver.MockWebServer      : MockWebServer[59941] starting to accept connections
2024-05-17 18:37:47.995  INFO 50130 --- [127.0.0.1:34714] okhttp3.mockwebserver.MockWebServer      : MockWebServer[59941] received request: POST /api/v1/namespaces/spring-k8s/configmaps HTTP/1.1 and responded: HTTP/1.1 200 OK
2024-05-17 18:37:48.001  INFO 50130 --- [127.0.0.1:34714] okhttp3.mockwebserver.MockWebServer      : MockWebServer[59941] received request: POST /api/v1/namespaces/spring-k8s/configmaps HTTP/1.1 and responded: HTTP/1.1 200 OK
2024-05-17 18:37:48.050  INFO 50130 --- [127.0.0.1:34714] okhttp3.mockwebserver.MockWebServer      : MockWebServer[59941] received request: POST /api/v1/namespaces/spring-k8s/configmaps HTTP/1.1 and responded: HTTP/1.1 200 OK
2024-05-17 18:37:48.095  INFO 50130 --- [WebServer 58173] okhttp3.mockwebserver.MockWebServer      : MockWebServer[58173] starting to accept connections
2024-05-17 18:37:48.108  INFO 50130 --- [WebServer 58173] okhttp3.mockwebserver.MockWebServer      : MockWebServer[58173] done accepting connections: Socket closed
2024-05-17 18:37:48.113  INFO 50130 --- [WebServer 42153] okhttp3.mockwebserver.MockWebServer      : MockWebServer[42153] starting to accept connections
2024-05-17 18:37:48.117  INFO 50130 --- [WebServer 42007] okhttp3.mockwebserver.MockWebServer      : MockWebServer[42007] starting to accept connections
2024-05-17 18:37:48.118  INFO 50130 --- [           main] o.s.c.k.f.c.Fabric8SecretsPropertySource : Loading Secret with name 'my-secret' or with labels [{}] in namespace 'ns'
2024-05-17 18:37:48.118  WARN 50130 --- [           main] o.s.c.k.f.c.Fabric8SecretsPropertySource : Can't read secret with name: [my-secret] or labels [{}] in namespace: [ns] (cause: null). Ignoring
2024-05-17 18:37:48.119  INFO 50130 --- [WebServer 42007] okhttp3.mockwebserver.MockWebServer      : MockWebServer[42007] done accepting connections: Socket closed
2024-05-17 18:37:48.125  INFO 50130 --- [WebServer 38957] okhttp3.mockwebserver.MockWebServer      : MockWebServer[38957] starting to accept connections
2024-05-17 18:37:48.129  INFO 50130 --- [WebServer 44077] okhttp3.mockwebserver.MockWebServer      : MockWebServer[44077] starting to accept connections
2024-05-17 18:37:48.129  INFO 50130 --- [           main] .b.t.c.SpringBootTestContextBootstrapper : Neither @ContextConfiguration nor @ContextHierarchy found for test class [org.springframework.cloud.kubernetes.fabric8.config.Fabric8SecretsPropertySourceLocatorRetryTests$SecretsRetryEnabled], using SpringBootContextLoader
2024-05-17 18:37:48.130  INFO 50130 --- [           main] o.s.t.c.support.AbstractContextLoader    : Could not detect default resource locations for test class [org.springframework.cloud.kubernetes.fabric8.config.Fabric8SecretsPropertySourceLocatorRetryTests$SecretsRetryEnabled]: no resource found for suffixes {-context.xml, Context.groovy}.
2024-05-17 18:37:48.131  INFO 50130 --- [           main] .b.t.c.SpringBootTestContextBootstrapper : Loaded default TestExecutionListener class names from location [META-INF/spring.factories]: [org.springframework.boot.test.mock.mockito.MockitoTestExecutionListener, org.springframework.boot.test.mock.mockito.ResetMocksTestExecutionListener, org.springframework.boot.test.autoconfigure.restdocs.RestDocsTestExecutionListener, org.springframework.boot.test.autoconfigure.web.client.MockRestServiceServerResetTestExecutionListener, org.springframework.boot.test.autoconfigure.web.servlet.MockMvcPrintOnlyOnFailureTestExecutionListener, org.springframework.boot.test.autoconfigure.web.servlet.WebDriverTestExecutionListener, org.springframework.boot.test.autoconfigure.webservices.client.MockWebServiceServerTestExecutionListener, org.springframework.test.context.web.ServletTestExecutionListener, org.springframework.test.context.support.DirtiesContextBeforeModesTestExecutionListener, org.springframework.test.context.event.ApplicationEventsTestExecutionListener, org.springframework.test.context.support.DependencyInjectionTestExecutionListener, org.springframework.test.context.support.DirtiesContextTestExecutionListener, org.springframework.test.context.transaction.TransactionalTestExecutionListener, org.springframework.test.context.jdbc.SqlScriptsTestExecutionListener, org.springframework.test.context.event.EventPublishingTestExecutionListener, org.spockframework.spring.SpringMockTestExecutionListener]
2024-05-17 18:37:48.133  INFO 50130 --- [           main] .b.t.c.SpringBootTestContextBootstrapper : Using TestExecutionListeners: [org.springframework.test.context.web.ServletTestExecutionListener@2cf846b9, org.springframework.test.context.support.DirtiesContextBeforeModesTestExecutionListener@6f45872b, org.springframework.test.context.event.ApplicationEventsTestExecutionListener@6c916b7e, org.springframework.boot.test.mock.mockito.MockitoTestExecutionListener@4631ecf5, org.springframework.boot.test.autoconfigure.SpringBootDependencyInjectionTestExecutionListener@2892b704, org.springframework.test.context.support.DirtiesContextTestExecutionListener@6b2d01e2, org.springframework.test.context.event.EventPublishingTestExecutionListener@c005d62, org.springframework.boot.test.mock.mockito.ResetMocksTestExecutionListener@451f5e53, org.springframework.boot.test.autoconfigure.restdocs.RestDocsTestExecutionListener@7808fb63, org.springframework.boot.test.autoconfigure.web.client.MockRestServiceServerResetTestExecutionListener@7b29d791, org.springframework.boot.test.autoconfigure.web.servlet.MockMvcPrintOnlyOnFailureTestExecutionListener@754c6edb, org.springframework.boot.test.autoconfigure.web.servlet.WebDriverTestExecutionListener@4a9e4be7, org.springframework.boot.test.autoconfigure.webservices.client.MockWebServiceServerTestExecutionListener@75f27234, org.spockframework.spring.SpringMockTestExecutionListener@40d2a644]
2024-05-17 18:37:48.136  INFO 50130 --- [WebServer 36235] okhttp3.mockwebserver.MockWebServer      : MockWebServer[36235] starting to accept connections
2024-05-17 18:37:48.139  INFO 50130 --- [           main] o.s.c.k.f.c.Fabric8SecretsPropertySource : Loading Secret with name 'my-secret' or with labels [{}] in namespace 'default'
2024-05-17 18:37:48.140  INFO 50130 --- [127.0.0.1:44658] okhttp3.mockwebserver.MockWebServer      : MockWebServer[52661] received request: GET /api/v1/namespaces/default/secrets/my-secret HTTP/1.1 and responded: HTTP/1.1 404 Client Error
2024-05-17 18:37:48.140  WARN 50130 --- [           main] o.s.c.k.f.c.Fabric8SecretsPropertySource : secret with name : my-secret in namespace : default not found
2024-05-17 18:37:48.141  INFO 50130 --- [127.0.0.1:44658] okhttp3.mockwebserver.MockWebServer      : MockWebServer[52661] received request: GET /api/v1/namespaces/default/secrets HTTP/1.1 and responded: HTTP/1.1 200 OK
2024-05-17 18:37:48.185  INFO 50130 --- [WebServer 36235] okhttp3.mockwebserver.MockWebServer      : MockWebServer[36235] done accepting connections: Socket closed
java.lang.AssertionError: 
Expecting code to raise a throwable.
	at org.springframework.cloud.kubernetes.fabric8.config.Fabric8SecretsPropertySourceLocatorRetryTests$SecretsRetryEnabled.locateShouldRetryAndFail(Fabric8SecretsPropertySourceLocatorRetryTests.java:136)
	at sun.reflect.NativeMethodAccessorImpl.invoke0(Native Method)
	at sun.reflect.NativeMethodAccessorImpl.invoke(NativeMethodAccessorImpl.java:62)
	at sun.reflect.DelegatingMethodAccessorImpl.invoke(DelegatingMethodAccessorImpl.java:43)
	at java.lang.reflect.Method.invoke(Method.java:498)
	at org.junit.platform.commons.util.ReflectionUtils.invokeMethod(ReflectionUtils.java:725)
	at org.junit.jupiter.engine.execution.MethodInvocation.proceed(MethodInvocation.java:60)
	at org.junit.jupiter.engine.execution.InvocationInterceptorChain$ValidatingInvocation.proceed(InvocationInterceptorChain.java:131)
	at org.junit.jupiter.engine.extension.TimeoutExtension.intercept(TimeoutExtension.java:149)
	at org.junit.jupiter.engine.extension.TimeoutExtension.interceptTestableMethod(TimeoutExtension.java:140)
	at org.junit.jupiter.engine.extension.TimeoutExtension.interceptTestMethod(TimeoutExtension.java:84)
	at org.junit.jupiter.engine.execution.ExecutableInvoker$ReflectiveInterceptorCall.lambda$ofVoidMethod$0(ExecutableInvoker.java:115)
	at org.junit.jupiter.engine.execution.ExecutableInvoker.lambda$invoke$0(ExecutableInvoker.java:105)
	at org.junit.jupiter.engine.execution.InvocationInterceptorChain$InterceptedInvocation.proceed(InvocationInterceptorChain.java:106)
	at org.junit.jupiter.engine.execution.InvocationInterceptorChain.proceed(InvocationInterceptorChain.java:64)
	at org.junit.jupiter.engine.execution.InvocationInterceptorChain.chainAndInvoke(InvocationInterceptorChain.java:45)
	at org.junit.jupiter.engine.execution.InvocationInterceptorChain.invoke(InvocationInterceptorChain.java:37)
	at org.junit.jupiter.engine.execution.ExecutableInvoker.invoke(ExecutableInvoker.java:104)
	at org.junit.jupiter.engine.execution.ExecutableInvoker.invoke(ExecutableInvoker.java:98)
	at org.junit.jupiter.engine.descriptor.TestMethodTestDescriptor.lambda$invokeTestMethod$7(TestMethodTestDescriptor.java:214)
	at org.junit.platform.engine.support.hierarchical.ThrowableCollector.execute(ThrowableCollector.java:73)
	at org.junit.jupiter.engine.descriptor.TestMethodTestDescriptor.invokeTestMethod(TestMethodTestDescriptor.java:210)
	at org.junit.jupiter.engine.descriptor.TestMethodTestDescriptor.execute(TestMethodTestDescriptor.java:135)
	at org.junit.jupiter.engine.descriptor.TestMethodTestDescriptor.execute(TestMethodTestDescriptor.java:66)
	at org.junit.platform.engine.support.hierarchical.NodeTestTask.lambda$executeRecursively$6(NodeTestTask.java:151)
	at org.junit.platform.engine.support.hierarchical.ThrowableCollector.execute(ThrowableCollector.java:73)
	at org.junit.platform.engine.support.hierarchical.NodeTestTask.lambda$executeRecursively$8(NodeTestTask.java:141)
	at org.junit.platform.engine.support.hierarchical.Node.around(Node.java:137)
	at org.junit.platform.engine.support.hierarchical.NodeTestTask.lambda$executeRecursively$9(NodeTestTask.java:139)
	at org.junit.platform.engine.support.hierarchical.ThrowableCollector.execute(ThrowableCollector.java:73)
	at org.junit.platform.engine.support.hierarchical.NodeTestTask.executeRecursively(NodeTestTask.java:138)
	at org.junit.platform.engine.support.hierarchical.NodeTestTask.execute(NodeTestTask.java:95)
	at java.util.ArrayList.forEach(ArrayList.java:1259)
	at org.junit.platform.engine.support.hierarchical.SameThreadHierarchicalTestExecutorService.invokeAll(SameThreadHierarchicalTestExecutorService.java:41)
	at org.junit.platform.engine.support.hierarchical.NodeTestTask.lambda$executeRecursively$6(NodeTestTask.java:155)
	at org.junit.platform.engine.support.hierarchical.ThrowableCollector.execute(ThrowableCollector.java:73)
	at org.junit.platform.engine.support.hierarchical.NodeTestTask.lambda$executeRecursively$8(NodeTestTask.java:141)
	at org.junit.platform.engine.support.hierarchical.Node.around(Node.java:137)
	at org.junit.platform.engine.support.hierarchical.NodeTestTask.lambda$executeRecursively$9(NodeTestTask.java:139)
	at org.junit.platform.engine.support.hierarchical.ThrowableCollector.execute(ThrowableCollector.java:73)
	at org.junit.platform.engine.support.hierarchical.NodeTestTask.executeRecursively(NodeTestTask.java:138)
	at org.junit.platform.engine.support.hierarchical.NodeTestTask.execute(NodeTestTask.java:95)
	at java.util.ArrayList.forEach(ArrayList.java:1259)
	at org.junit.platform.engine.support.hierarchical.SameThreadHierarchicalTestExecutorService.invokeAll(SameThreadHierarchicalTestExecutorService.java:41)
	at org.junit.platform.engine.support.hierarchical.NodeTestTask.lambda$executeRecursively$6(NodeTestTask.java:155)
	at org.junit.platform.engine.support.hierarchical.ThrowableCollector.execute(ThrowableCollector.java:73)
	at org.junit.platform.engine.support.hierarchical.NodeTestTask.lambda$executeRecursively$8(NodeTestTask.java:141)
	at org.junit.platform.engine.support.hierarchical.Node.around(Node.java:137)
	at org.junit.platform.engine.support.hierarchical.NodeTestTask.lambda$executeRecursively$9(NodeTestTask.java:139)
	at org.junit.platform.engine.support.hierarchical.ThrowableCollector.execute(ThrowableCollector.java:73)
	at org.junit.platform.engine.support.hierarchical.NodeTestTask.executeRecursively(NodeTestTask.java:138)
	at org.junit.platform.engine.support.hierarchical.NodeTestTask.execute(NodeTestTask.java:95)
	at java.util.ArrayList.forEach(ArrayList.java:1259)
	at org.junit.platform.engine.support.hierarchical.SameThreadHierarchicalTestExecutorService.invokeAll(SameThreadHierarchicalTestExecutorService.java:41)
	at org.junit.platform.engine.support.hierarchical.NodeTestTask.lambda$executeRecursively$6(NodeTestTask.java:155)
	at org.junit.platform.engine.support.hierarchical.ThrowableCollector.execute(ThrowableCollector.java:73)
	at org.junit.platform.engine.support.hierarchical.NodeTestTask.lambda$executeRecursively$8(NodeTestTask.java:141)
	at org.junit.platform.engine.support.hierarchical.Node.around(Node.java:137)
	at org.junit.platform.engine.support.hierarchical.NodeTestTask.lambda$executeRecursively$9(NodeTestTask.java:139)
	at org.junit.platform.engine.support.hierarchical.ThrowableCollector.execute(ThrowableCollector.java:73)
	at org.junit.platform.engine.support.hierarchical.NodeTestTask.executeRecursively(NodeTestTask.java:138)
	at org.junit.platform.engine.support.hierarchical.NodeTestTask.execute(NodeTestTask.java:95)
	at org.junit.platform.engine.support.hierarchical.SameThreadHierarchicalTestExecutorService.submit(SameThreadHierarchicalTestExecutorService.java:35)
	at org.junit.platform.engine.support.hierarchical.HierarchicalTestExecutor.execute(HierarchicalTestExecutor.java:57)
	at org.junit.platform.engine.support.hierarchical.HierarchicalTestEngine.execute(HierarchicalTestEngine.java:54)
	at org.junit.platform.launcher.core.DefaultLauncher.execute(DefaultLauncher.java:170)
	at org.junit.platform.launcher.core.DefaultLauncher.execute(DefaultLauncher.java:154)
	at org.junit.platform.launcher.core.DefaultLauncher.execute(DefaultLauncher.java:90)
	at edu.illinois.cs.testrunner.execution.JUnit5TestExecutor.runTestsSeparately(JUnit5TestExecutor.java:40)
	at edu.illinois.cs.testrunner.execution.Executor$.$anonfun$run$1(Executor.scala:33)
	at scala.runtime.java8.JFunction0$mcV$sp.apply(JFunction0$mcV$sp.java:12)
	at scala.util.Try$.apply(Try.scala:209)
	at edu.illinois.cs.testrunner.execution.Executor$.run(Executor.scala:28)
	at edu.illinois.cs.testrunner.execution.Executor$.main(Executor.scala:18)
	at edu.illinois.cs.testrunner.execution.Executor.main(Executor.scala)
