2024-05-17 18:39:04.818  INFO   --- [           main] .b.t.c.SpringBootTestContextBootstrapper : Neither @ContextConfiguration nor @ContextHierarchy found for test class [org.springframework.cloud.kubernetes.fabric8.config.ConfigMapsWithActiveProfilesNameTests], using SpringBootContextLoader
2024-05-17 18:39:04.824  INFO   --- [           main] o.s.t.c.support.AbstractContextLoader    : Could not detect default resource locations for test class [org.springframework.cloud.kubernetes.fabric8.config.ConfigMapsWithActiveProfilesNameTests]: no resource found for suffixes {-context.xml, Context.groovy}.
2024-05-17 18:39:05.005  INFO   --- [           main] .b.t.c.SpringBootTestContextBootstrapper : Loaded default TestExecutionListener class names from location [META-INF/spring.factories]: [org.springframework.boot.test.mock.mockito.MockitoTestExecutionListener, org.springframework.boot.test.mock.mockito.ResetMocksTestExecutionListener, org.springframework.boot.test.autoconfigure.restdocs.RestDocsTestExecutionListener, org.springframework.boot.test.autoconfigure.web.client.MockRestServiceServerResetTestExecutionListener, org.springframework.boot.test.autoconfigure.web.servlet.MockMvcPrintOnlyOnFailureTestExecutionListener, org.springframework.boot.test.autoconfigure.web.servlet.WebDriverTestExecutionListener, org.springframework.boot.test.autoconfigure.webservices.client.MockWebServiceServerTestExecutionListener, org.springframework.test.context.web.ServletTestExecutionListener, org.springframework.test.context.support.DirtiesContextBeforeModesTestExecutionListener, org.springframework.test.context.event.ApplicationEventsTestExecutionListener, org.springframework.test.context.support.DependencyInjectionTestExecutionListener, org.springframework.test.context.support.DirtiesContextTestExecutionListener, org.springframework.test.context.transaction.TransactionalTestExecutionListener, org.springframework.test.context.jdbc.SqlScriptsTestExecutionListener, org.springframework.test.context.event.EventPublishingTestExecutionListener, org.spockframework.spring.SpringMockTestExecutionListener]
2024-05-17 18:39:05.020  INFO   --- [           main] .b.t.c.SpringBootTestContextBootstrapper : Using TestExecutionListeners: [org.springframework.test.context.web.ServletTestExecutionListener@797cf65c, org.springframework.test.context.support.DirtiesContextBeforeModesTestExecutionListener@31bcf236, org.springframework.test.context.event.ApplicationEventsTestExecutionListener@4b3ed2f0, org.springframework.boot.test.mock.mockito.MockitoTestExecutionListener@4fad9bb2, org.springframework.boot.test.autoconfigure.SpringBootDependencyInjectionTestExecutionListener@517d4a0d, org.springframework.test.context.support.DirtiesContextTestExecutionListener@7862f56, org.springframework.test.context.event.EventPublishingTestExecutionListener@3a12c404, org.springframework.boot.test.mock.mockito.ResetMocksTestExecutionListener@1941a8ff, org.springframework.boot.test.autoconfigure.restdocs.RestDocsTestExecutionListener@22d7b4f8, org.springframework.boot.test.autoconfigure.web.client.MockRestServiceServerResetTestExecutionListener@149dd36b, org.springframework.boot.test.autoconfigure.web.servlet.MockMvcPrintOnlyOnFailureTestExecutionListener@38831718, org.springframework.boot.test.autoconfigure.web.servlet.WebDriverTestExecutionListener@2c1156a7, org.springframework.boot.test.autoconfigure.webservices.client.MockWebServiceServerTestExecutionListener@33fe57a9, org.spockframework.spring.SpringMockTestExecutionListener@4982cc36]
May 17, 2024 6:39:05 PM okhttp3.mockwebserver.MockWebServer$3 execute
INFO: MockWebServer[39971] starting to accept connections
May 17, 2024 6:39:05 PM okhttp3.mockwebserver.MockWebServer$4 processOneRequest
INFO: MockWebServer[39971] received request: POST /api/v1/namespaces/test/configmaps HTTP/1.1 and responded: HTTP/1.1 200 OK
May 17, 2024 6:39:05 PM okhttp3.mockwebserver.MockWebServer$4 processOneRequest
INFO: MockWebServer[39971] received request: POST /api/v1/namespaces/test/configmaps HTTP/1.1 and responded: HTTP/1.1 200 OK
2024-05-17 18:39:06.190  WARN 51168 --- [           main] ubernetesProfileEnvironmentPostProcessor : Not running inside kubernetes. Skipping 'kubernetes' profile activation.

  .   ____          _            __ _ _
 /\\ / ___'_ __ _ _(_)_ __  __ _ \ \ \ \
( ( )\___ | '_ | '_| | '_ \/ _` | \ \ \ \
 \\/  ___)| |_)| | | | | || (_| |  ) ) ) )
  '  |____| .__|_| |_|_| |_\__, | / / / /
 =========|_|==============|___/=/_/_/_/
 :: Spring Boot ::                (v2.6.3)

2024-05-17 18:39:06.976  INFO 51168 --- [           main] s.c.k.f.c.Fabric8ConfigMapPropertySource : Loading ConfigMap with name 'configmap-with-active-profile-name-example' in namespace 'test'
2024-05-17 18:39:06.979  INFO 51168 --- [127.0.0.1:40814] okhttp3.mockwebserver.MockWebServer      : MockWebServer[39971] received request: GET /api/v1/namespaces/test/configmaps/configmap-with-active-profile-name-example HTTP/1.1 and responded: HTTP/1.1 200 OK
2024-05-17 18:39:06.992  INFO 51168 --- [127.0.0.1:40814] okhttp3.mockwebserver.MockWebServer      : MockWebServer[39971] received request: GET /api/v1/namespaces/test/configmaps/configmap-with-active-profile-name-example-development HTTP/1.1 and responded: HTTP/1.1 200 OK
2024-05-17 18:39:07.035  INFO 51168 --- [           main] b.c.PropertySourceBootstrapConfiguration : Located property source: [BootstrapPropertySource {name='bootstrapProperties-configmap.configmap-with-active-profile-name-example.test'}]
2024-05-17 18:39:07.056  WARN 51168 --- [           main] ubernetesProfileEnvironmentPostProcessor : Not running inside kubernetes. Skipping 'kubernetes' profile activation.
2024-05-17 18:39:07.057  INFO 51168 --- [           main] .c.ConfigMapsWithActiveProfilesNameTests : The following profiles are active: development
2024-05-17 18:39:07.969  INFO 51168 --- [           main] o.s.cloud.context.scope.GenericScope     : BeanFactory id=affffd22-e438-321b-a0d0-967c2140a2e8
2024-05-17 18:39:08.429  INFO 51168 --- [           main] o.s.b.w.embedded.tomcat.TomcatWebServer  : Tomcat initialized with port(s): 0 (http)
2024-05-17 18:39:08.442  INFO 51168 --- [           main] o.apache.catalina.core.StandardService   : Starting service [Tomcat]
2024-05-17 18:39:08.442  INFO 51168 --- [           main] org.apache.catalina.core.StandardEngine  : Starting Servlet engine: [Apache Tomcat/9.0.56]
2024-05-17 18:39:08.597  INFO 51168 --- [           main] o.a.c.c.C.[Tomcat].[localhost].[/]       : Initializing Spring embedded WebApplicationContext
2024-05-17 18:39:08.597  INFO 51168 --- [           main] w.s.c.ServletWebServerApplicationContext : Root WebApplicationContext: initialization completed in 1536 ms
2024-05-17 18:39:10.883  INFO 51168 --- [           main] o.s.b.a.e.web.EndpointLinksResolver      : Exposing 1 endpoint(s) beneath base path '/actuator'
2024-05-17 18:39:11.056  INFO 51168 --- [           main] o.s.b.w.embedded.tomcat.TomcatWebServer  : Tomcat started on port(s): 35791 (http) with context path ''
2024-05-17 18:39:11.070  INFO 51168 --- [           main] .c.ConfigMapsWithActiveProfilesNameTests : Started ConfigMapsWithActiveProfilesNameTests in 5.248 seconds (JVM running for 7.378)
2024-05-17 18:39:11.482  INFO 51168 --- [WebServer 35505] okhttp3.mockwebserver.MockWebServer      : MockWebServer[35505] starting to accept connections
2024-05-17 18:39:11.969  INFO 51168 --- [o-auto-1-exec-1] o.a.c.c.C.[Tomcat].[localhost].[/]       : Initializing Spring DispatcherServlet 'dispatcherServlet'
2024-05-17 18:39:11.969  INFO 51168 --- [o-auto-1-exec-1] o.s.web.servlet.DispatcherServlet        : Initializing Servlet 'dispatcherServlet'
2024-05-17 18:39:11.970  INFO 51168 --- [o-auto-1-exec-1] o.s.web.servlet.DispatcherServlet        : Completed initialization in 1 ms
2024-05-17 18:39:12.111  INFO 51168 --- [WebServer 35505] okhttp3.mockwebserver.MockWebServer      : MockWebServer[35505] done accepting connections: Socket closed
2024-05-17 18:39:12.121  INFO 51168 --- [           main] .b.t.c.SpringBootTestContextBootstrapper : Neither @ContextConfiguration nor @ContextHierarchy found for test class [org.springframework.cloud.kubernetes.fabric8.config.MultipleSecretsTests], using SpringBootContextLoader
2024-05-17 18:39:12.122  INFO 51168 --- [           main] o.s.t.c.support.AbstractContextLoader    : Could not detect default resource locations for test class [org.springframework.cloud.kubernetes.fabric8.config.MultipleSecretsTests]: no resource found for suffixes {-context.xml, Context.groovy}.
2024-05-17 18:39:12.126  INFO 51168 --- [           main] .b.t.c.SpringBootTestContextBootstrapper : Loaded default TestExecutionListener class names from location [META-INF/spring.factories]: [org.springframework.boot.test.mock.mockito.MockitoTestExecutionListener, org.springframework.boot.test.mock.mockito.ResetMocksTestExecutionListener, org.springframework.boot.test.autoconfigure.restdocs.RestDocsTestExecutionListener, org.springframework.boot.test.autoconfigure.web.client.MockRestServiceServerResetTestExecutionListener, org.springframework.boot.test.autoconfigure.web.servlet.MockMvcPrintOnlyOnFailureTestExecutionListener, org.springframework.boot.test.autoconfigure.web.servlet.WebDriverTestExecutionListener, org.springframework.boot.test.autoconfigure.webservices.client.MockWebServiceServerTestExecutionListener, org.springframework.test.context.web.ServletTestExecutionListener, org.springframework.test.context.support.DirtiesContextBeforeModesTestExecutionListener, org.springframework.test.context.event.ApplicationEventsTestExecutionListener, org.springframework.test.context.support.DependencyInjectionTestExecutionListener, org.springframework.test.context.support.DirtiesContextTestExecutionListener, org.springframework.test.context.transaction.TransactionalTestExecutionListener, org.springframework.test.context.jdbc.SqlScriptsTestExecutionListener, org.springframework.test.context.event.EventPublishingTestExecutionListener, org.spockframework.spring.SpringMockTestExecutionListener]
2024-05-17 18:39:12.127  INFO 51168 --- [           main] .b.t.c.SpringBootTestContextBootstrapper : Using TestExecutionListeners: [org.springframework.test.context.web.ServletTestExecutionListener@1870b9b8, org.springframework.test.context.support.DirtiesContextBeforeModesTestExecutionListener@6d9ee75a, org.springframework.test.context.event.ApplicationEventsTestExecutionListener@9825465, org.springframework.boot.test.mock.mockito.MockitoTestExecutionListener@36cf6377, org.springframework.boot.test.autoconfigure.SpringBootDependencyInjectionTestExecutionListener@2befb16f, org.springframework.test.context.support.DirtiesContextTestExecutionListener@3151277f, org.springframework.test.context.event.EventPublishingTestExecutionListener@2aeb7c4c, org.springframework.boot.test.mock.mockito.ResetMocksTestExecutionListener@67f266bd, org.springframework.boot.test.autoconfigure.restdocs.RestDocsTestExecutionListener@31c0c7e5, org.springframework.boot.test.autoconfigure.web.client.MockRestServiceServerResetTestExecutionListener@912747d, org.springframework.boot.test.autoconfigure.web.servlet.MockMvcPrintOnlyOnFailureTestExecutionListener@78ea700f, org.springframework.boot.test.autoconfigure.web.servlet.WebDriverTestExecutionListener@cd93621, org.springframework.boot.test.autoconfigure.webservices.client.MockWebServiceServerTestExecutionListener@3b1137b0, org.spockframework.spring.SpringMockTestExecutionListener@21ba0d33]
2024-05-17 18:39:12.130  INFO 51168 --- [WebServer 58207] okhttp3.mockwebserver.MockWebServer      : MockWebServer[58207] starting to accept connections
2024-05-17 18:39:12.141  INFO 51168 --- [127.0.0.1:51528] okhttp3.mockwebserver.MockWebServer      : MockWebServer[58207] received request: POST /api/v1/namespaces/ns1/secrets HTTP/1.1 and responded: HTTP/1.1 200 OK
2024-05-17 18:39:12.145  INFO 51168 --- [127.0.0.1:51528] okhttp3.mockwebserver.MockWebServer      : MockWebServer[58207] received request: POST /api/v1/namespaces/ns2/secrets HTTP/1.1 and responded: HTTP/1.1 200 OK
2024-05-17 18:39:12.271  WARN 51168 --- [           main] ubernetesProfileEnvironmentPostProcessor : Not running inside kubernetes. Skipping 'kubernetes' profile activation.

  .   ____          _            __ _ _
 /\\ / ___'_ __ _ _(_)_ __  __ _ \ \ \ \
( ( )\___ | '_ | '_| | '_ \/ _` | \ \ \ \
 \\/  ___)| |_)| | | | | || (_| |  ) ) ) )
  '  |____| .__|_| |_|_| |_\__, | / / / /
 =========|_|==============|___/=/_/_/_/
 :: Spring Boot ::                (v2.6.3)

2024-05-17 18:39:12.384  INFO 51168 --- [           main] s.c.k.f.c.Fabric8ConfigMapPropertySource : Loading ConfigMap with name 'secret-example' in namespace 'ns1'
2024-05-17 18:39:12.387  INFO 51168 --- [127.0.0.1:51544] okhttp3.mockwebserver.MockWebServer      : MockWebServer[58207] received request: GET /api/v1/namespaces/ns1/configmaps/secret-example HTTP/1.1 and responded: HTTP/1.1 404 Client Error
2024-05-17 18:39:12.394  INFO 51168 --- [           main] o.s.c.k.f.config.Fabric8ConfigUtils      : config-map with name : 'secret-example' not present in namespace : 'ns1'
2024-05-17 18:39:12.396  INFO 51168 --- [           main] b.c.PropertySourceBootstrapConfiguration : Located property source: [BootstrapPropertySource {name='bootstrapProperties-configmap.secret-example.ns1'}]
2024-05-17 18:39:12.397  INFO 51168 --- [           main] o.s.c.k.f.c.Fabric8SecretsPropertySource : Loading Secret with name 'name2' or with labels [{0.env=dev2, 1.version=2.0}] in namespace 'ns2'
2024-05-17 18:39:12.399  INFO 51168 --- [127.0.0.1:51544] okhttp3.mockwebserver.MockWebServer      : MockWebServer[58207] received request: GET /api/v1/namespaces/ns2/secrets/name2 HTTP/1.1 and responded: HTTP/1.1 200 OK
2024-05-17 18:39:12.445  INFO 51168 --- [127.0.0.1:51544] okhttp3.mockwebserver.MockWebServer      : MockWebServer[58207] received request: GET /api/v1/namespaces/ns2/secrets?labelSelector=0.env%3Ddev2%2C1.version%3D2.0 HTTP/1.1 and responded: HTTP/1.1 200 OK
2024-05-17 18:39:12.492  INFO 51168 --- [           main] o.s.c.k.f.c.Fabric8SecretsPropertySource : Loading Secret with name 'name1' or with labels [{0.env=env1, 1.version=1.0}] in namespace 'ns1'
2024-05-17 18:39:12.494  INFO 51168 --- [127.0.0.1:51544] okhttp3.mockwebserver.MockWebServer      : MockWebServer[58207] received request: GET /api/v1/namespaces/ns1/secrets/name1 HTTP/1.1 and responded: HTTP/1.1 200 OK
2024-05-17 18:39:12.537  INFO 51168 --- [127.0.0.1:51544] okhttp3.mockwebserver.MockWebServer      : MockWebServer[58207] received request: GET /api/v1/namespaces/ns1/secrets?labelSelector=0.env%3Denv1%2C1.version%3D1.0 HTTP/1.1 and responded: HTTP/1.1 200 OK
2024-05-17 18:39:12.577  INFO 51168 --- [           main] b.c.PropertySourceBootstrapConfiguration : Located property source: [BootstrapPropertySource {name='bootstrapProperties-secrets.name2.ns2'}, BootstrapPropertySource {name='bootstrapProperties-secrets.name1.ns1'}]
2024-05-17 18:39:12.583  WARN 51168 --- [           main] ubernetesProfileEnvironmentPostProcessor : Not running inside kubernetes. Skipping 'kubernetes' profile activation.
2024-05-17 18:39:12.584  INFO 51168 --- [           main] o.s.c.k.f.config.MultipleSecretsTests    : No active profile set, falling back to default profiles: default
2024-05-17 18:39:12.902  INFO 51168 --- [           main] o.s.cloud.context.scope.GenericScope     : BeanFactory id=d892432b-60e7-3516-91cd-00a010d0f3f7
2024-05-17 18:39:13.059  INFO 51168 --- [           main] o.s.b.w.embedded.tomcat.TomcatWebServer  : Tomcat initialized with port(s): 0 (http)
2024-05-17 18:39:13.060  INFO 51168 --- [           main] o.apache.catalina.core.StandardService   : Starting service [Tomcat]
2024-05-17 18:39:13.060  INFO 51168 --- [           main] org.apache.catalina.core.StandardEngine  : Starting Servlet engine: [Apache Tomcat/9.0.56]
2024-05-17 18:39:13.072  INFO 51168 --- [           main] o.a.c.c.C.[Tomcat-1].[localhost].[/]     : Initializing Spring embedded WebApplicationContext
2024-05-17 18:39:13.073  INFO 51168 --- [           main] w.s.c.ServletWebServerApplicationContext : Root WebApplicationContext: initialization completed in 487 ms
2024-05-17 18:39:13.894  INFO 51168 --- [           main] o.s.b.a.e.web.EndpointLinksResolver      : Exposing 1 endpoint(s) beneath base path '/actuator'
2024-05-17 18:39:13.955  INFO 51168 --- [           main] o.s.b.w.embedded.tomcat.TomcatWebServer  : Tomcat started on port(s): 40241 (http) with context path ''
2024-05-17 18:39:13.963  INFO 51168 --- [           main] o.s.c.k.f.config.MultipleSecretsTests    : Started MultipleSecretsTests in 1.774 seconds (JVM running for 10.271)
2024-05-17 18:39:13.981  INFO 51168 --- [WebServer 39663] okhttp3.mockwebserver.MockWebServer      : MockWebServer[39663] starting to accept connections
2024-05-17 18:39:13.989  INFO 51168 --- [o-auto-2-exec-1] o.a.c.c.C.[Tomcat-1].[localhost].[/]     : Initializing Spring DispatcherServlet 'dispatcherServlet'
2024-05-17 18:39:13.990  INFO 51168 --- [o-auto-2-exec-1] o.s.web.servlet.DispatcherServlet        : Initializing Servlet 'dispatcherServlet'
2024-05-17 18:39:13.991  INFO 51168 --- [o-auto-2-exec-1] o.s.web.servlet.DispatcherServlet        : Completed initialization in 1 ms
2024-05-17 18:39:14.001  INFO 51168 --- [WebServer 39663] okhttp3.mockwebserver.MockWebServer      : MockWebServer[39663] done accepting connections: Socket closed
2024-05-17 18:39:14.022  INFO 51168 --- [WebServer 37321] okhttp3.mockwebserver.MockWebServer      : MockWebServer[37321] starting to accept connections
2024-05-17 18:39:14.438  INFO 51168 --- [WebServer 38007] okhttp3.mockwebserver.MockWebServer      : MockWebServer[38007] starting to accept connections
2024-05-17 18:39:14.456  INFO 51168 --- [           main] s.c.k.f.c.Fabric8ConfigMapPropertySource : Loading ConfigMap with name 'configmap' in namespace 'some'
2024-05-17 18:39:14.459  WARN 51168 --- [           main] s.c.k.f.c.Fabric8ConfigMapPropertySource : Can't read configMap with name: [configmap] in namespace: [some]. Ignoring.

java.lang.NullPointerException: null
	at org.springframework.cloud.kubernetes.fabric8.config.Fabric8ConfigUtils.getConfigMapData(Fabric8ConfigUtils.java:118)
	at org.springframework.cloud.kubernetes.fabric8.config.Fabric8ConfigMapPropertySource.getData(Fabric8ConfigMapPropertySource.java:79)
	at org.springframework.cloud.kubernetes.fabric8.config.Fabric8ConfigMapPropertySource.<init>(Fabric8ConfigMapPropertySource.java:70)
	at org.springframework.cloud.kubernetes.fabric8.config.Fabric8ConfigMapPropertySource.<init>(Fabric8ConfigMapPropertySource.java:53)
	at org.springframework.cloud.kubernetes.fabric8.config.Fabric8ConfigMapPropertySourceTests.deprecatedConstructorWithClientNamespaceMustNotFail(Fabric8ConfigMapPropertySourceTests.java:80)
	at sun.reflect.NativeMethodAccessorImpl.invoke0(Native Method)
	at sun.reflect.NativeMethodAccessorImpl.invoke(NativeMethodAccessorImpl.java:62)
	at sun.reflect.DelegatingMethodAccessorImpl.invoke(DelegatingMethodAccessorImpl.java:43)
	at java.lang.reflect.Method.invoke(Method.java:498)
	at org.junit.platform.commons.util.ReflectionUtils.invokeMethod(ReflectionUtils.java:725)
	at org.junit.jupiter.engine.execution.MethodInvocation.proceed(MethodInvocation.java:60)
	at org.junit.jupiter.engine.execution.InvocationInterceptorChain$ValidatingInvocation.proceed(InvocationInterceptorChain.java:131)
	at org.junit.jupiter.engine.extension.TimeoutExtension.intercept(TimeoutExtension.java:149)
	at org.junit.jupiter.engine.extension.TimeoutExtension.interceptTestableMethod(TimeoutExtension.java:140)
	at org.junit.jupiter.engine.extension.TimeoutExtension.interceptTestMethod(TimeoutExtension.java:84)
	at org.junit.jupiter.engine.execution.ExecutableInvoker$ReflectiveInterceptorCall.lambda$ofVoidMethod$0(ExecutableInvoker.java:115)
	at org.junit.jupiter.engine.execution.ExecutableInvoker.lambda$invoke$0(ExecutableInvoker.java:105)
	at org.junit.jupiter.engine.execution.InvocationInterceptorChain$InterceptedInvocation.proceed(InvocationInterceptorChain.java:106)
	at org.junit.jupiter.engine.execution.InvocationInterceptorChain.proceed(InvocationInterceptorChain.java:64)
	at org.junit.jupiter.engine.execution.InvocationInterceptorChain.chainAndInvoke(InvocationInterceptorChain.java:45)
	at org.junit.jupiter.engine.execution.InvocationInterceptorChain.invoke(InvocationInterceptorChain.java:37)
	at org.junit.jupiter.engine.execution.ExecutableInvoker.invoke(ExecutableInvoker.java:104)
	at org.junit.jupiter.engine.execution.ExecutableInvoker.invoke(ExecutableInvoker.java:98)
	at org.junit.jupiter.engine.descriptor.TestMethodTestDescriptor.lambda$invokeTestMethod$7(TestMethodTestDescriptor.java:214)
	at org.junit.platform.engine.support.hierarchical.ThrowableCollector.execute(ThrowableCollector.java:73)
	at org.junit.jupiter.engine.descriptor.TestMethodTestDescriptor.invokeTestMethod(TestMethodTestDescriptor.java:210)
	at org.junit.jupiter.engine.descriptor.TestMethodTestDescriptor.execute(TestMethodTestDescriptor.java:135)
	at org.junit.jupiter.engine.descriptor.TestMethodTestDescriptor.execute(TestMethodTestDescriptor.java:66)
	at org.junit.platform.engine.support.hierarchical.NodeTestTask.lambda$executeRecursively$6(NodeTestTask.java:151)
	at org.junit.platform.engine.support.hierarchical.ThrowableCollector.execute(ThrowableCollector.java:73)
	at org.junit.platform.engine.support.hierarchical.NodeTestTask.lambda$executeRecursively$8(NodeTestTask.java:141)
	at org.junit.platform.engine.support.hierarchical.Node.around(Node.java:137)
	at org.junit.platform.engine.support.hierarchical.NodeTestTask.lambda$executeRecursively$9(NodeTestTask.java:139)
	at org.junit.platform.engine.support.hierarchical.ThrowableCollector.execute(ThrowableCollector.java:73)
	at org.junit.platform.engine.support.hierarchical.NodeTestTask.executeRecursively(NodeTestTask.java:138)
	at org.junit.platform.engine.support.hierarchical.NodeTestTask.execute(NodeTestTask.java:95)
	at java.util.ArrayList.forEach(ArrayList.java:1259)
	at org.junit.platform.engine.support.hierarchical.SameThreadHierarchicalTestExecutorService.invokeAll(SameThreadHierarchicalTestExecutorService.java:41)
	at org.junit.platform.engine.support.hierarchical.NodeTestTask.lambda$executeRecursively$6(NodeTestTask.java:155)
	at org.junit.platform.engine.support.hierarchical.ThrowableCollector.execute(ThrowableCollector.java:73)
	at org.junit.platform.engine.support.hierarchical.NodeTestTask.lambda$executeRecursively$8(NodeTestTask.java:141)
	at org.junit.platform.engine.support.hierarchical.Node.around(Node.java:137)
	at org.junit.platform.engine.support.hierarchical.NodeTestTask.lambda$executeRecursively$9(NodeTestTask.java:139)
	at org.junit.platform.engine.support.hierarchical.ThrowableCollector.execute(ThrowableCollector.java:73)
	at org.junit.platform.engine.support.hierarchical.NodeTestTask.executeRecursively(NodeTestTask.java:138)
	at org.junit.platform.engine.support.hierarchical.NodeTestTask.execute(NodeTestTask.java:95)
	at java.util.ArrayList.forEach(ArrayList.java:1259)
	at org.junit.platform.engine.support.hierarchical.SameThreadHierarchicalTestExecutorService.invokeAll(SameThreadHierarchicalTestExecutorService.java:41)
	at org.junit.platform.engine.support.hierarchical.NodeTestTask.lambda$executeRecursively$6(NodeTestTask.java:155)
	at org.junit.platform.engine.support.hierarchical.ThrowableCollector.execute(ThrowableCollector.java:73)
	at org.junit.platform.engine.support.hierarchical.NodeTestTask.lambda$executeRecursively$8(NodeTestTask.java:141)
	at org.junit.platform.engine.support.hierarchical.Node.around(Node.java:137)
	at org.junit.platform.engine.support.hierarchical.NodeTestTask.lambda$executeRecursively$9(NodeTestTask.java:139)
	at org.junit.platform.engine.support.hierarchical.ThrowableCollector.execute(ThrowableCollector.java:73)
	at org.junit.platform.engine.support.hierarchical.NodeTestTask.executeRecursively(NodeTestTask.java:138)
	at org.junit.platform.engine.support.hierarchical.NodeTestTask.execute(NodeTestTask.java:95)
	at org.junit.platform.engine.support.hierarchical.SameThreadHierarchicalTestExecutorService.submit(SameThreadHierarchicalTestExecutorService.java:35)
	at org.junit.platform.engine.support.hierarchical.HierarchicalTestExecutor.execute(HierarchicalTestExecutor.java:57)
	at org.junit.platform.engine.support.hierarchical.HierarchicalTestEngine.execute(HierarchicalTestEngine.java:54)
	at org.junit.platform.launcher.core.DefaultLauncher.execute(DefaultLauncher.java:170)
	at org.junit.platform.launcher.core.DefaultLauncher.execute(DefaultLauncher.java:154)
	at org.junit.platform.launcher.core.DefaultLauncher.execute(DefaultLauncher.java:90)
	at edu.illinois.cs.testrunner.execution.JUnit5TestExecutor.runTestsSeparately(JUnit5TestExecutor.java:40)
	at edu.illinois.cs.testrunner.execution.Executor$.$anonfun$run$1(Executor.scala:33)
	at scala.runtime.java8.JFunction0$mcV$sp.apply(JFunction0$mcV$sp.java:12)
	at scala.util.Try$.apply(Try.scala:209)
	at edu.illinois.cs.testrunner.execution.Executor$.run(Executor.scala:28)
	at edu.illinois.cs.testrunner.execution.Executor$.main(Executor.scala:18)
	at edu.illinois.cs.testrunner.execution.Executor.main(Executor.scala)

2024-05-17 18:39:14.513  INFO 51168 --- [WebServer 38007] okhttp3.mockwebserver.MockWebServer      : MockWebServer[38007] done accepting connections: Socket closed
2024-05-17 18:39:14.521  INFO 51168 --- [           main] .b.t.c.SpringBootTestContextBootstrapper : Neither @ContextConfiguration nor @ContextHierarchy found for test class [org.springframework.cloud.kubernetes.fabric8.config.MultipleConfigMapsTests], using SpringBootContextLoader
2024-05-17 18:39:14.522  INFO 51168 --- [           main] o.s.t.c.support.AbstractContextLoader    : Could not detect default resource locations for test class [org.springframework.cloud.kubernetes.fabric8.config.MultipleConfigMapsTests]: no resource found for suffixes {-context.xml, Context.groovy}.
2024-05-17 18:39:14.526  INFO 51168 --- [           main] .b.t.c.SpringBootTestContextBootstrapper : Loaded default TestExecutionListener class names from location [META-INF/spring.factories]: [org.springframework.boot.test.mock.mockito.MockitoTestExecutionListener, org.springframework.boot.test.mock.mockito.ResetMocksTestExecutionListener, org.springframework.boot.test.autoconfigure.restdocs.RestDocsTestExecutionListener, org.springframework.boot.test.autoconfigure.web.client.MockRestServiceServerResetTestExecutionListener, org.springframework.boot.test.autoconfigure.web.servlet.MockMvcPrintOnlyOnFailureTestExecutionListener, org.springframework.boot.test.autoconfigure.web.servlet.WebDriverTestExecutionListener, org.springframework.boot.test.autoconfigure.webservices.client.MockWebServiceServerTestExecutionListener, org.springframework.test.context.web.ServletTestExecutionListener, org.springframework.test.context.support.DirtiesContextBeforeModesTestExecutionListener, org.springframework.test.context.event.ApplicationEventsTestExecutionListener, org.springframework.test.context.support.DependencyInjectionTestExecutionListener, org.springframework.test.context.support.DirtiesContextTestExecutionListener, org.springframework.test.context.transaction.TransactionalTestExecutionListener, org.springframework.test.context.jdbc.SqlScriptsTestExecutionListener, org.springframework.test.context.event.EventPublishingTestExecutionListener, org.spockframework.spring.SpringMockTestExecutionListener]
2024-05-17 18:39:14.528  INFO 51168 --- [           main] .b.t.c.SpringBootTestContextBootstrapper : Using TestExecutionListeners: [org.springframework.test.context.web.ServletTestExecutionListener@b859355, org.springframework.test.context.support.DirtiesContextBeforeModesTestExecutionListener@1f24e33d, org.springframework.test.context.event.ApplicationEventsTestExecutionListener@7c3223aa, org.springframework.boot.test.mock.mockito.MockitoTestExecutionListener@7683d632, org.springframework.boot.test.autoconfigure.SpringBootDependencyInjectionTestExecutionListener@513bec8c, org.springframework.test.context.support.DirtiesContextTestExecutionListener@693ed09d, org.springframework.test.context.event.EventPublishingTestExecutionListener@4fc8163, org.springframework.boot.test.mock.mockito.ResetMocksTestExecutionListener@6c26e588, org.springframework.boot.test.autoconfigure.restdocs.RestDocsTestExecutionListener@62f73b0c, org.springframework.boot.test.autoconfigure.web.client.MockRestServiceServerResetTestExecutionListener@7dd2a5f7, org.springframework.boot.test.autoconfigure.web.servlet.MockMvcPrintOnlyOnFailureTestExecutionListener@1d45c4b7, org.springframework.boot.test.autoconfigure.web.servlet.WebDriverTestExecutionListener@46146832, org.springframework.boot.test.autoconfigure.webservices.client.MockWebServiceServerTestExecutionListener@1d6014a7, org.spockframework.spring.SpringMockTestExecutionListener@7575f7e1]
2024-05-17 18:39:14.531  INFO 51168 --- [WebServer 40471] okhttp3.mockwebserver.MockWebServer      : MockWebServer[40471] starting to accept connections
2024-05-17 18:39:14.535  INFO 51168 --- [127.0.0.1:52022] okhttp3.mockwebserver.MockWebServer      : MockWebServer[40471] received request: POST /api/v1/namespaces/defnamespace/configmaps HTTP/1.1 and responded: HTTP/1.1 200 OK
2024-05-17 18:39:14.540  INFO 51168 --- [127.0.0.1:52022] okhttp3.mockwebserver.MockWebServer      : MockWebServer[40471] received request: POST /api/v1/namespaces/s2/configmaps HTTP/1.1 and responded: HTTP/1.1 200 OK
2024-05-17 18:39:14.589  INFO 51168 --- [127.0.0.1:52022] okhttp3.mockwebserver.MockWebServer      : MockWebServer[40471] received request: POST /api/v1/namespaces/othernamespace/configmaps HTTP/1.1 and responded: HTTP/1.1 200 OK
2024-05-17 18:39:14.683  WARN 51168 --- [           main] ubernetesProfileEnvironmentPostProcessor : Not running inside kubernetes. Skipping 'kubernetes' profile activation.

  .   ____          _            __ _ _
 /\\ / ___'_ __ _ _(_)_ __  __ _ \ \ \ \
( ( )\___ | '_ | '_| | '_ \/ _` | \ \ \ \
 \\/  ___)| |_)| | | | | || (_| |  ) ) ) )
  '  |____| .__|_| |_|_| |_\__, | / / / /
 =========|_|==============|___/=/_/_/_/
 :: Spring Boot ::                (v2.6.3)

2024-05-17 18:39:14.778  INFO 51168 --- [           main] s.c.k.f.c.Fabric8ConfigMapPropertySource : Loading ConfigMap with name 's1' in namespace 'defnamespace'
2024-05-17 18:39:14.781  INFO 51168 --- [127.0.0.1:52034] okhttp3.mockwebserver.MockWebServer      : MockWebServer[40471] received request: GET /api/v1/namespaces/defnamespace/configmaps/s1 HTTP/1.1 and responded: HTTP/1.1 200 OK
2024-05-17 18:39:14.783  INFO 51168 --- [           main] s.c.k.f.c.Fabric8ConfigMapPropertySource : Loading ConfigMap with name 'defname' in namespace 's2'
2024-05-17 18:39:14.784  INFO 51168 --- [127.0.0.1:52034] okhttp3.mockwebserver.MockWebServer      : MockWebServer[40471] received request: GET /api/v1/namespaces/s2/configmaps/defname HTTP/1.1 and responded: HTTP/1.1 200 OK
2024-05-17 18:39:14.826  INFO 51168 --- [           main] s.c.k.f.c.Fabric8ConfigMapPropertySource : Loading ConfigMap with name 'othername' in namespace 'othernamespace'
2024-05-17 18:39:14.827  INFO 51168 --- [127.0.0.1:52034] okhttp3.mockwebserver.MockWebServer      : MockWebServer[40471] received request: GET /api/v1/namespaces/othernamespace/configmaps/othername HTTP/1.1 and responded: HTTP/1.1 200 OK
2024-05-17 18:39:14.869  INFO 51168 --- [           main] b.c.PropertySourceBootstrapConfiguration : Located property source: [BootstrapPropertySource {name='bootstrapProperties-configmap.othername.othernamespace'}, BootstrapPropertySource {name='bootstrapProperties-configmap.defname.s2'}, BootstrapPropertySource {name='bootstrapProperties-configmap.s1.defnamespace'}]
2024-05-17 18:39:14.875  WARN 51168 --- [           main] ubernetesProfileEnvironmentPostProcessor : Not running inside kubernetes. Skipping 'kubernetes' profile activation.
2024-05-17 18:39:14.875  INFO 51168 --- [           main] o.s.c.k.f.c.MultipleConfigMapsTests      : No active profile set, falling back to default profiles: default
2024-05-17 18:39:15.147  INFO 51168 --- [           main] o.s.cloud.context.scope.GenericScope     : BeanFactory id=012be945-5008-354a-8a47-8e5e16a24aa5
2024-05-17 18:39:15.295  INFO 51168 --- [           main] o.s.b.w.embedded.tomcat.TomcatWebServer  : Tomcat initialized with port(s): 0 (http)
2024-05-17 18:39:15.295  INFO 51168 --- [           main] o.apache.catalina.core.StandardService   : Starting service [Tomcat]
2024-05-17 18:39:15.296  INFO 51168 --- [           main] org.apache.catalina.core.StandardEngine  : Starting Servlet engine: [Apache Tomcat/9.0.56]
2024-05-17 18:39:15.306  INFO 51168 --- [           main] o.a.c.c.C.[Tomcat-2].[localhost].[/]     : Initializing Spring embedded WebApplicationContext
2024-05-17 18:39:15.306  INFO 51168 --- [           main] w.s.c.ServletWebServerApplicationContext : Root WebApplicationContext: initialization completed in 429 ms
2024-05-17 18:39:16.026  INFO 51168 --- [           main] o.s.b.a.e.web.EndpointLinksResolver      : Exposing 1 endpoint(s) beneath base path '/actuator'
2024-05-17 18:39:16.079  INFO 51168 --- [           main] o.s.b.w.embedded.tomcat.TomcatWebServer  : Tomcat started on port(s): 33895 (http) with context path ''
2024-05-17 18:39:16.091  INFO 51168 --- [           main] o.s.c.k.f.c.MultipleConfigMapsTests      : Started MultipleConfigMapsTests in 1.457 seconds (JVM running for 12.398)
2024-05-17 18:39:16.108  INFO 51168 --- [WebServer 52851] okhttp3.mockwebserver.MockWebServer      : MockWebServer[52851] starting to accept connections
2024-05-17 18:39:16.118  INFO 51168 --- [o-auto-3-exec-1] o.a.c.c.C.[Tomcat-2].[localhost].[/]     : Initializing Spring DispatcherServlet 'dispatcherServlet'
2024-05-17 18:39:16.119  INFO 51168 --- [o-auto-3-exec-1] o.s.web.servlet.DispatcherServlet        : Initializing Servlet 'dispatcherServlet'
2024-05-17 18:39:16.120  INFO 51168 --- [o-auto-3-exec-1] o.s.web.servlet.DispatcherServlet        : Completed initialization in 1 ms
2024-05-17 18:39:16.130  INFO 51168 --- [WebServer 52851] okhttp3.mockwebserver.MockWebServer      : MockWebServer[52851] done accepting connections: Socket closed
2024-05-17 18:39:16.137  INFO 51168 --- [           main] .b.t.c.SpringBootTestContextBootstrapper : Neither @ContextConfiguration nor @ContextHierarchy found for test class [org.springframework.cloud.kubernetes.fabric8.config.ConfigMapsTests], using SpringBootContextLoader
2024-05-17 18:39:16.138  INFO 51168 --- [           main] o.s.t.c.support.AbstractContextLoader    : Could not detect default resource locations for test class [org.springframework.cloud.kubernetes.fabric8.config.ConfigMapsTests]: no resource found for suffixes {-context.xml, Context.groovy}.
2024-05-17 18:39:16.141  INFO 51168 --- [           main] .b.t.c.SpringBootTestContextBootstrapper : Loaded default TestExecutionListener class names from location [META-INF/spring.factories]: [org.springframework.boot.test.mock.mockito.MockitoTestExecutionListener, org.springframework.boot.test.mock.mockito.ResetMocksTestExecutionListener, org.springframework.boot.test.autoconfigure.restdocs.RestDocsTestExecutionListener, org.springframework.boot.test.autoconfigure.web.client.MockRestServiceServerResetTestExecutionListener, org.springframework.boot.test.autoconfigure.web.servlet.MockMvcPrintOnlyOnFailureTestExecutionListener, org.springframework.boot.test.autoconfigure.web.servlet.WebDriverTestExecutionListener, org.springframework.boot.test.autoconfigure.webservices.client.MockWebServiceServerTestExecutionListener, org.springframework.test.context.web.ServletTestExecutionListener, org.springframework.test.context.support.DirtiesContextBeforeModesTestExecutionListener, org.springframework.test.context.event.ApplicationEventsTestExecutionListener, org.springframework.test.context.support.DependencyInjectionTestExecutionListener, org.springframework.test.context.support.DirtiesContextTestExecutionListener, org.springframework.test.context.transaction.TransactionalTestExecutionListener, org.springframework.test.context.jdbc.SqlScriptsTestExecutionListener, org.springframework.test.context.event.EventPublishingTestExecutionListener, org.spockframework.spring.SpringMockTestExecutionListener]
2024-05-17 18:39:16.143  INFO 51168 --- [           main] .b.t.c.SpringBootTestContextBootstrapper : Using TestExecutionListeners: [org.springframework.test.context.web.ServletTestExecutionListener@7552f05b, org.springframework.test.context.support.DirtiesContextBeforeModesTestExecutionListener@524418a2, org.springframework.test.context.event.ApplicationEventsTestExecutionListener@322593ed, org.springframework.boot.test.mock.mockito.MockitoTestExecutionListener@67062a93, org.springframework.boot.test.autoconfigure.SpringBootDependencyInjectionTestExecutionListener@5b4ce00, org.springframework.test.context.support.DirtiesContextTestExecutionListener@7747571c, org.springframework.test.context.event.EventPublishingTestExecutionListener@69e308e2, org.springframework.boot.test.mock.mockito.ResetMocksTestExecutionListener@3f67f5ff, org.springframework.boot.test.autoconfigure.restdocs.RestDocsTestExecutionListener@1c80f8dd, org.springframework.boot.test.autoconfigure.web.client.MockRestServiceServerResetTestExecutionListener@51b2b3e6, org.springframework.boot.test.autoconfigure.web.servlet.MockMvcPrintOnlyOnFailureTestExecutionListener@20e7152a, org.springframework.boot.test.autoconfigure.web.servlet.WebDriverTestExecutionListener@202fd4c4, org.springframework.boot.test.autoconfigure.webservices.client.MockWebServiceServerTestExecutionListener@3b72860c, org.spockframework.spring.SpringMockTestExecutionListener@7f1b2f07]
2024-05-17 18:39:16.146  INFO 51168 --- [WebServer 35285] okhttp3.mockwebserver.MockWebServer      : MockWebServer[35285] starting to accept connections
2024-05-17 18:39:16.150  INFO 51168 --- [127.0.0.1:57160] okhttp3.mockwebserver.MockWebServer      : MockWebServer[35285] received request: POST /api/v1/namespaces/test/configmaps HTTP/1.1 and responded: HTTP/1.1 200 OK
2024-05-17 18:39:16.208  WARN 51168 --- [           main] ubernetesProfileEnvironmentPostProcessor : Not running inside kubernetes. Skipping 'kubernetes' profile activation.

  .   ____          _            __ _ _
 /\\ / ___'_ __ _ _(_)_ __  __ _ \ \ \ \
( ( )\___ | '_ | '_| | '_ \/ _` | \ \ \ \
 \\/  ___)| |_)| | | | | || (_| |  ) ) ) )
  '  |____| .__|_| |_|_| |_\__, | / / / /
 =========|_|==============|___/=/_/_/_/
 :: Spring Boot ::                (v2.6.3)

2024-05-17 18:39:16.293  INFO 51168 --- [           main] s.c.k.f.c.Fabric8ConfigMapPropertySource : Loading ConfigMap with name 'configmap-example' in namespace 'test'
2024-05-17 18:39:16.296  INFO 51168 --- [127.0.0.1:57170] okhttp3.mockwebserver.MockWebServer      : MockWebServer[35285] received request: GET /api/v1/namespaces/test/configmaps/configmap-example HTTP/1.1 and responded: HTTP/1.1 200 OK
2024-05-17 18:39:16.298  INFO 51168 --- [           main] b.c.PropertySourceBootstrapConfiguration : Located property source: [BootstrapPropertySource {name='bootstrapProperties-configmap.configmap-example.test'}]
2024-05-17 18:39:16.303  WARN 51168 --- [           main] ubernetesProfileEnvironmentPostProcessor : Not running inside kubernetes. Skipping 'kubernetes' profile activation.
2024-05-17 18:39:16.304  INFO 51168 --- [           main] o.s.c.k.fabric8.config.ConfigMapsTests   : No active profile set, falling back to default profiles: default
2024-05-17 18:39:16.530  INFO 51168 --- [           main] o.s.cloud.context.scope.GenericScope     : BeanFactory id=affffd22-e438-321b-a0d0-967c2140a2e8
2024-05-17 18:39:16.650  INFO 51168 --- [           main] o.s.b.w.embedded.tomcat.TomcatWebServer  : Tomcat initialized with port(s): 0 (http)
2024-05-17 18:39:16.651  INFO 51168 --- [           main] o.apache.catalina.core.StandardService   : Starting service [Tomcat]
2024-05-17 18:39:16.651  INFO 51168 --- [           main] org.apache.catalina.core.StandardEngine  : Starting Servlet engine: [Apache Tomcat/9.0.56]
2024-05-17 18:39:16.661  INFO 51168 --- [           main] o.a.c.c.C.[Tomcat-3].[localhost].[/]     : Initializing Spring embedded WebApplicationContext
2024-05-17 18:39:16.661  INFO 51168 --- [           main] w.s.c.ServletWebServerApplicationContext : Root WebApplicationContext: initialization completed in 355 ms
2024-05-17 18:39:17.385  INFO 51168 --- [           main] o.s.b.a.e.web.EndpointLinksResolver      : Exposing 1 endpoint(s) beneath base path '/actuator'
2024-05-17 18:39:17.437  INFO 51168 --- [           main] o.s.b.w.embedded.tomcat.TomcatWebServer  : Tomcat started on port(s): 33139 (http) with context path ''
2024-05-17 18:39:17.443  INFO 51168 --- [           main] o.s.c.k.fabric8.config.ConfigMapsTests   : Started ConfigMapsTests in 1.291 seconds (JVM running for 13.751)
2024-05-17 18:39:17.456  INFO 51168 --- [WebServer 52347] okhttp3.mockwebserver.MockWebServer      : MockWebServer[52347] starting to accept connections
2024-05-17 18:39:17.463  INFO 51168 --- [WebServer 52347] okhttp3.mockwebserver.MockWebServer      : MockWebServer[52347] done accepting connections: Socket closed
2024-05-17 18:39:17.470  INFO 51168 --- [WebServer 34727] okhttp3.mockwebserver.MockWebServer      : MockWebServer[34727] starting to accept connections
2024-05-17 18:39:17.473  INFO 51168 --- [WebServer 45319] okhttp3.mockwebserver.MockWebServer      : MockWebServer[45319] starting to accept connections
2024-05-17 18:39:17.475  INFO 51168 --- [           main] o.s.c.k.f.c.Fabric8SecretsPropertySource : Loading Secret with name 'my-config' or with labels [{}] in namespace 'default'
2024-05-17 18:39:17.670  INFO 51168 --- [127.0.0.1:51510] okhttp3.mockwebserver.MockWebServer      : MockWebServer[34727] received request: GET /api/v1/namespaces/default/secrets/my-config HTTP/1.1 and responded: HTTP/1.1 500 Server Error
2024-05-17 18:39:17.713  WARN 51168 --- [           main] o.s.c.k.f.c.Fabric8SecretsPropertySource : Can't read secret with name: [my-config] or labels [{}] in namespace: [default] (cause: Failure executing: GET at: https://localhost:34727/api/v1/namespaces/default/secrets/my-config. Message: Internal Server Error.). Ignoring
2024-05-17 18:39:17.716  INFO 51168 --- [WebServer 45319] okhttp3.mockwebserver.MockWebServer      : MockWebServer[45319] done accepting connections: Socket closed
2024-05-17 18:39:17.722  INFO 51168 --- [WebServer 39261] okhttp3.mockwebserver.MockWebServer      : MockWebServer[39261] starting to accept connections
2024-05-17 18:39:17.735  INFO 51168 --- [WebServer 38507] okhttp3.mockwebserver.MockWebServer      : MockWebServer[38507] starting to accept connections
2024-05-17 18:39:17.736  INFO 51168 --- [WebServer 38507] okhttp3.mockwebserver.MockWebServer      : MockWebServer[38507] done accepting connections: Socket closed
2024-05-17 18:39:17.750  INFO 51168 --- [           main] .b.t.c.SpringBootTestContextBootstrapper : Neither @ContextConfiguration nor @ContextHierarchy found for test class [org.springframework.cloud.kubernetes.fabric8.config.Fabric8BootstrapConfigurationTests$Fabric8BootstrapConfigurationInsideK8s], using SpringBootContextLoader
2024-05-17 18:39:17.752  INFO 51168 --- [           main] o.s.t.c.support.AbstractContextLoader    : Could not detect default resource locations for test class [org.springframework.cloud.kubernetes.fabric8.config.Fabric8BootstrapConfigurationTests$Fabric8BootstrapConfigurationInsideK8s]: no resource found for suffixes {-context.xml, Context.groovy}.
2024-05-17 18:39:17.754  INFO 51168 --- [           main] .b.t.c.SpringBootTestContextBootstrapper : Loaded default TestExecutionListener class names from location [META-INF/spring.factories]: [org.springframework.boot.test.mock.mockito.MockitoTestExecutionListener, org.springframework.boot.test.mock.mockito.ResetMocksTestExecutionListener, org.springframework.boot.test.autoconfigure.restdocs.RestDocsTestExecutionListener, org.springframework.boot.test.autoconfigure.web.client.MockRestServiceServerResetTestExecutionListener, org.springframework.boot.test.autoconfigure.web.servlet.MockMvcPrintOnlyOnFailureTestExecutionListener, org.springframework.boot.test.autoconfigure.web.servlet.WebDriverTestExecutionListener, org.springframework.boot.test.autoconfigure.webservices.client.MockWebServiceServerTestExecutionListener, org.springframework.test.context.web.ServletTestExecutionListener, org.springframework.test.context.support.DirtiesContextBeforeModesTestExecutionListener, org.springframework.test.context.event.ApplicationEventsTestExecutionListener, org.springframework.test.context.support.DependencyInjectionTestExecutionListener, org.springframework.test.context.support.DirtiesContextTestExecutionListener, org.springframework.test.context.transaction.TransactionalTestExecutionListener, org.springframework.test.context.jdbc.SqlScriptsTestExecutionListener, org.springframework.test.context.event.EventPublishingTestExecutionListener, org.spockframework.spring.SpringMockTestExecutionListener]
2024-05-17 18:39:17.756  INFO 51168 --- [           main] .b.t.c.SpringBootTestContextBootstrapper : Using TestExecutionListeners: [org.springframework.test.context.web.ServletTestExecutionListener@2c989d82, org.springframework.test.context.support.DirtiesContextBeforeModesTestExecutionListener@2e04c89d, org.springframework.test.context.event.ApplicationEventsTestExecutionListener@2e7dd504, org.springframework.boot.test.mock.mockito.MockitoTestExecutionListener@3e5febe9, org.springframework.boot.test.autoconfigure.SpringBootDependencyInjectionTestExecutionListener@5643052d, org.springframework.test.context.support.DirtiesContextTestExecutionListener@5e0b7f58, org.springframework.test.context.event.EventPublishingTestExecutionListener@1e9e4468, org.springframework.boot.test.mock.mockito.ResetMocksTestExecutionListener@5fdff4f1, org.springframework.boot.test.autoconfigure.restdocs.RestDocsTestExecutionListener@117be84a, org.springframework.boot.test.autoconfigure.web.client.MockRestServiceServerResetTestExecutionListener@140fa482, org.springframework.boot.test.autoconfigure.web.servlet.MockMvcPrintOnlyOnFailureTestExecutionListener@78de0f6f, org.springframework.boot.test.autoconfigure.web.servlet.WebDriverTestExecutionListener@588614f9, org.springframework.boot.test.autoconfigure.webservices.client.MockWebServiceServerTestExecutionListener@16718e1b, org.spockframework.spring.SpringMockTestExecutionListener@7fb313e3]
2024-05-17 18:39:17.824  WARN 51168 --- [           main] ubernetesProfileEnvironmentPostProcessor : Not running inside kubernetes. Skipping 'kubernetes' profile activation.

  .   ____          _            __ _ _
 /\\ / ___'_ __ _ _(_)_ __  __ _ \ \ \ \
( ( )\___ | '_ | '_| | '_ \/ _` | \ \ \ \
 \\/  ___)| |_)| | | | | || (_| |  ) ) ) )
  '  |____| .__|_| |_|_| |_\__, | / / / /
 =========|_|==============|___/=/_/_/_/
 :: Spring Boot ::                (v2.6.3)

2024-05-17 18:39:17.915  INFO 51168 --- [           main] s.c.k.f.c.Fabric8ConfigMapPropertySource : Loading ConfigMap with name 'application' in namespace 'abc'
2024-05-17 18:39:17.918  INFO 51168 --- [127.0.0.1:56072] okhttp3.mockwebserver.MockWebServer      : MockWebServer[35285] received request: GET /api/v1/namespaces/abc/configmaps/application HTTP/1.1 and responded: HTTP/1.1 404 Client Error
2024-05-17 18:39:17.920  INFO 51168 --- [           main] o.s.c.k.f.config.Fabric8ConfigUtils      : config-map with name : 'application' not present in namespace : 'abc'
2024-05-17 18:39:17.920  INFO 51168 --- [           main] b.c.PropertySourceBootstrapConfiguration : Located property source: [BootstrapPropertySource {name='bootstrapProperties-configmap.application.abc'}]
2024-05-17 18:39:17.925  WARN 51168 --- [           main] ubernetesProfileEnvironmentPostProcessor : Not running inside kubernetes. Skipping 'kubernetes' profile activation.
2024-05-17 18:39:17.926  INFO 51168 --- [           main] s$Fabric8BootstrapConfigurationInsideK8s : No active profile set, falling back to default profiles: default
2024-05-17 18:39:18.386  INFO 51168 --- [           main] o.s.cloud.context.scope.GenericScope     : BeanFactory id=55b4a3e9-9f94-32f4-ad68-c7f5dce8195c
2024-05-17 18:39:18.503  INFO 51168 --- [           main] o.s.b.w.embedded.tomcat.TomcatWebServer  : Tomcat initialized with port(s): 0 (http)
2024-05-17 18:39:18.504  INFO 51168 --- [           main] o.apache.catalina.core.StandardService   : Starting service [Tomcat]
2024-05-17 18:39:18.505  INFO 51168 --- [           main] org.apache.catalina.core.StandardEngine  : Starting Servlet engine: [Apache Tomcat/9.0.56]
2024-05-17 18:39:18.515  INFO 51168 --- [           main] o.a.c.c.C.[Tomcat-4].[localhost].[/]     : Initializing Spring embedded WebApplicationContext
2024-05-17 18:39:18.515  INFO 51168 --- [           main] w.s.c.ServletWebServerApplicationContext : Root WebApplicationContext: initialization completed in 588 ms
2024-05-17 18:39:19.334  INFO 51168 --- [           main] o.s.b.a.e.web.EndpointLinksResolver      : Exposing 1 endpoint(s) beneath base path '/actuator'
2024-05-17 18:39:19.381  INFO 51168 --- [           main] o.s.b.w.embedded.tomcat.TomcatWebServer  : Tomcat started on port(s): 33039 (http) with context path ''
2024-05-17 18:39:19.387  INFO 51168 --- [           main] s$Fabric8BootstrapConfigurationInsideK8s : Started Fabric8BootstrapConfigurationTests.Fabric8BootstrapConfigurationInsideK8s in 1.629 seconds (JVM running for 15.695)
2024-05-17 18:39:19.410  INFO 51168 --- [WebServer 44331] okhttp3.mockwebserver.MockWebServer      : MockWebServer[44331] starting to accept connections
2024-05-17 18:39:19.412  INFO 51168 --- [WebServer 41509] okhttp3.mockwebserver.MockWebServer      : MockWebServer[41509] starting to accept connections
2024-05-17 18:39:19.416  INFO 51168 --- [127.0.0.1:53298] okhttp3.mockwebserver.MockWebServer      : MockWebServer[44331] received request: POST /api/v1/namespaces/test/configmaps HTTP/1.1 and responded: HTTP/1.1 200 OK
2024-05-17 18:39:19.416  INFO 51168 --- [           main] s.c.k.f.c.Fabric8ConfigMapPropertySource : Loading ConfigMap with name 'app-multiple-properties-test' in namespace 'test'
2024-05-17 18:39:19.417  INFO 51168 --- [127.0.0.1:53298] okhttp3.mockwebserver.MockWebServer      : MockWebServer[44331] received request: GET /api/v1/namespaces/test/configmaps/app-multiple-properties-test HTTP/1.1 and responded: HTTP/1.1 200 OK
2024-05-17 18:39:19.459  INFO 51168 --- [WebServer 41509] okhttp3.mockwebserver.MockWebServer      : MockWebServer[41509] done accepting connections: Socket closed
2024-05-17 18:39:19.464  INFO 51168 --- [WebServer 33235] okhttp3.mockwebserver.MockWebServer      : MockWebServer[33235] starting to accept connections
2024-05-17 18:39:19.467  INFO 51168 --- [WebServer 44745] okhttp3.mockwebserver.MockWebServer      : MockWebServer[44745] starting to accept connections
2024-05-17 18:39:19.468  INFO 51168 --- [           main] o.s.c.k.f.c.Fabric8SecretsPropertySource : Loading Secret with name 'my-secret' or with labels [{}] in namespace 'namespace'
2024-05-17 18:39:19.468  WARN 51168 --- [           main] o.s.c.k.f.c.Fabric8SecretsPropertySource : Can't read secret with name: [my-secret] or labels [{}] in namespace: [namespace] (cause: null). Ignoring
2024-05-17 18:39:19.468  INFO 51168 --- [WebServer 44745] okhttp3.mockwebserver.MockWebServer      : MockWebServer[44745] done accepting connections: Socket closed
2024-05-17 18:39:19.473  INFO 51168 --- [WebServer 56063] okhttp3.mockwebserver.MockWebServer      : MockWebServer[56063] starting to accept connections
2024-05-17 18:39:19.492  INFO 51168 --- [WebServer 42977] okhttp3.mockwebserver.MockWebServer      : MockWebServer[42977] starting to accept connections
2024-05-17 18:39:19.494  INFO 51168 --- [           main] s.c.k.f.c.Fabric8ConfigMapPropertySource : Loading ConfigMap with name 'configmap' in namespace 'namespace'
2024-05-17 18:39:19.495  WARN 51168 --- [           main] s.c.k.f.c.Fabric8ConfigMapPropertySource : Can't read configMap with name: [configmap] in namespace: [namespace]. Ignoring.

java.lang.NullPointerException: null
	at org.springframework.cloud.kubernetes.fabric8.config.Fabric8ConfigUtils.getConfigMapData(Fabric8ConfigUtils.java:118)
	at org.springframework.cloud.kubernetes.fabric8.config.Fabric8ConfigMapPropertySource.getData(Fabric8ConfigMapPropertySource.java:79)
	at org.springframework.cloud.kubernetes.fabric8.config.Fabric8ConfigMapPropertySource.<init>(Fabric8ConfigMapPropertySource.java:63)
	at org.springframework.cloud.kubernetes.fabric8.config.Fabric8ConfigMapPropertySourceTests.constructorWithClientNamespaceMustNotFail(Fabric8ConfigMapPropertySourceTests.java:118)
	at sun.reflect.NativeMethodAccessorImpl.invoke0(Native Method)
	at sun.reflect.NativeMethodAccessorImpl.invoke(NativeMethodAccessorImpl.java:62)
	at sun.reflect.DelegatingMethodAccessorImpl.invoke(DelegatingMethodAccessorImpl.java:43)
	at java.lang.reflect.Method.invoke(Method.java:498)
	at org.junit.platform.commons.util.ReflectionUtils.invokeMethod(ReflectionUtils.java:725)
	at org.junit.jupiter.engine.execution.MethodInvocation.proceed(MethodInvocation.java:60)
	at org.junit.jupiter.engine.execution.InvocationInterceptorChain$ValidatingInvocation.proceed(InvocationInterceptorChain.java:131)
	at org.junit.jupiter.engine.extension.TimeoutExtension.intercept(TimeoutExtension.java:149)
	at org.junit.jupiter.engine.extension.TimeoutExtension.interceptTestableMethod(TimeoutExtension.java:140)
	at org.junit.jupiter.engine.extension.TimeoutExtension.interceptTestMethod(TimeoutExtension.java:84)
	at org.junit.jupiter.engine.execution.ExecutableInvoker$ReflectiveInterceptorCall.lambda$ofVoidMethod$0(ExecutableInvoker.java:115)
	at org.junit.jupiter.engine.execution.ExecutableInvoker.lambda$invoke$0(ExecutableInvoker.java:105)
	at org.junit.jupiter.engine.execution.InvocationInterceptorChain$InterceptedInvocation.proceed(InvocationInterceptorChain.java:106)
	at org.junit.jupiter.engine.execution.InvocationInterceptorChain.proceed(InvocationInterceptorChain.java:64)
	at org.junit.jupiter.engine.execution.InvocationInterceptorChain.chainAndInvoke(InvocationInterceptorChain.java:45)
	at org.junit.jupiter.engine.execution.InvocationInterceptorChain.invoke(InvocationInterceptorChain.java:37)
	at org.junit.jupiter.engine.execution.ExecutableInvoker.invoke(ExecutableInvoker.java:104)
	at org.junit.jupiter.engine.execution.ExecutableInvoker.invoke(ExecutableInvoker.java:98)
	at org.junit.jupiter.engine.descriptor.TestMethodTestDescriptor.lambda$invokeTestMethod$7(TestMethodTestDescriptor.java:214)
	at org.junit.platform.engine.support.hierarchical.ThrowableCollector.execute(ThrowableCollector.java:73)
	at org.junit.jupiter.engine.descriptor.TestMethodTestDescriptor.invokeTestMethod(TestMethodTestDescriptor.java:210)
	at org.junit.jupiter.engine.descriptor.TestMethodTestDescriptor.execute(TestMethodTestDescriptor.java:135)
	at org.junit.jupiter.engine.descriptor.TestMethodTestDescriptor.execute(TestMethodTestDescriptor.java:66)
	at org.junit.platform.engine.support.hierarchical.NodeTestTask.lambda$executeRecursively$6(NodeTestTask.java:151)
	at org.junit.platform.engine.support.hierarchical.ThrowableCollector.execute(ThrowableCollector.java:73)
	at org.junit.platform.engine.support.hierarchical.NodeTestTask.lambda$executeRecursively$8(NodeTestTask.java:141)
	at org.junit.platform.engine.support.hierarchical.Node.around(Node.java:137)
	at org.junit.platform.engine.support.hierarchical.NodeTestTask.lambda$executeRecursively$9(NodeTestTask.java:139)
	at org.junit.platform.engine.support.hierarchical.ThrowableCollector.execute(ThrowableCollector.java:73)
	at org.junit.platform.engine.support.hierarchical.NodeTestTask.executeRecursively(NodeTestTask.java:138)
	at org.junit.platform.engine.support.hierarchical.NodeTestTask.execute(NodeTestTask.java:95)
	at java.util.ArrayList.forEach(ArrayList.java:1259)
	at org.junit.platform.engine.support.hierarchical.SameThreadHierarchicalTestExecutorService.invokeAll(SameThreadHierarchicalTestExecutorService.java:41)
	at org.junit.platform.engine.support.hierarchical.NodeTestTask.lambda$executeRecursively$6(NodeTestTask.java:155)
	at org.junit.platform.engine.support.hierarchical.ThrowableCollector.execute(ThrowableCollector.java:73)
	at org.junit.platform.engine.support.hierarchical.NodeTestTask.lambda$executeRecursively$8(NodeTestTask.java:141)
	at org.junit.platform.engine.support.hierarchical.Node.around(Node.java:137)
	at org.junit.platform.engine.support.hierarchical.NodeTestTask.lambda$executeRecursively$9(NodeTestTask.java:139)
	at org.junit.platform.engine.support.hierarchical.ThrowableCollector.execute(ThrowableCollector.java:73)
	at org.junit.platform.engine.support.hierarchical.NodeTestTask.executeRecursively(NodeTestTask.java:138)
	at org.junit.platform.engine.support.hierarchical.NodeTestTask.execute(NodeTestTask.java:95)
	at java.util.ArrayList.forEach(ArrayList.java:1259)
	at org.junit.platform.engine.support.hierarchical.SameThreadHierarchicalTestExecutorService.invokeAll(SameThreadHierarchicalTestExecutorService.java:41)
	at org.junit.platform.engine.support.hierarchical.NodeTestTask.lambda$executeRecursively$6(NodeTestTask.java:155)
	at org.junit.platform.engine.support.hierarchical.ThrowableCollector.execute(ThrowableCollector.java:73)
	at org.junit.platform.engine.support.hierarchical.NodeTestTask.lambda$executeRecursively$8(NodeTestTask.java:141)
	at org.junit.platform.engine.support.hierarchical.Node.around(Node.java:137)
	at org.junit.platform.engine.support.hierarchical.NodeTestTask.lambda$executeRecursively$9(NodeTestTask.java:139)
	at org.junit.platform.engine.support.hierarchical.ThrowableCollector.execute(ThrowableCollector.java:73)
	at org.junit.platform.engine.support.hierarchical.NodeTestTask.executeRecursively(NodeTestTask.java:138)
	at org.junit.platform.engine.support.hierarchical.NodeTestTask.execute(NodeTestTask.java:95)
	at org.junit.platform.engine.support.hierarchical.SameThreadHierarchicalTestExecutorService.submit(SameThreadHierarchicalTestExecutorService.java:35)
	at org.junit.platform.engine.support.hierarchical.HierarchicalTestExecutor.execute(HierarchicalTestExecutor.java:57)
	at org.junit.platform.engine.support.hierarchical.HierarchicalTestEngine.execute(HierarchicalTestEngine.java:54)
	at org.junit.platform.launcher.core.DefaultLauncher.execute(DefaultLauncher.java:170)
	at org.junit.platform.launcher.core.DefaultLauncher.execute(DefaultLauncher.java:154)
	at org.junit.platform.launcher.core.DefaultLauncher.execute(DefaultLauncher.java:90)
	at edu.illinois.cs.testrunner.execution.JUnit5TestExecutor.runTestsSeparately(JUnit5TestExecutor.java:40)
	at edu.illinois.cs.testrunner.execution.Executor$.$anonfun$run$1(Executor.scala:33)
	at scala.runtime.java8.JFunction0$mcV$sp.apply(JFunction0$mcV$sp.java:12)
	at scala.util.Try$.apply(Try.scala:209)
	at edu.illinois.cs.testrunner.execution.Executor$.run(Executor.scala:28)
	at edu.illinois.cs.testrunner.execution.Executor$.main(Executor.scala:18)
	at edu.illinois.cs.testrunner.execution.Executor.main(Executor.scala)

2024-05-17 18:39:19.497  INFO 51168 --- [WebServer 42977] okhttp3.mockwebserver.MockWebServer      : MockWebServer[42977] done accepting connections: Socket closed
2024-05-17 18:39:19.506  INFO 51168 --- [WebServer 47507] okhttp3.mockwebserver.MockWebServer      : MockWebServer[47507] starting to accept connections
2024-05-17 18:39:19.509  INFO 51168 --- [WebServer 34641] okhttp3.mockwebserver.MockWebServer      : MockWebServer[34641] starting to accept connections
2024-05-17 18:39:19.559  WARN 51168 --- [           main] ubernetesProfileEnvironmentPostProcessor : Not running inside kubernetes. Skipping 'kubernetes' profile activation.

  .   ____          _            __ _ _
 /\\ / ___'_ __ _ _(_)_ __  __ _ \ \ \ \
( ( )\___ | '_ | '_| | '_ \/ _` | \ \ \ \
 \\/  ___)| |_)| | | | | || (_| |  ) ) ) )
  '  |____| .__|_| |_|_| |_\__, | / / / /
 =========|_|==============|___/=/_/_/_/
 :: Spring Boot ::                (v2.6.3)

2024-05-17 18:39:19.632  WARN 51168 --- [           main] ubernetesProfileEnvironmentPostProcessor : Not running inside kubernetes. Skipping 'kubernetes' profile activation.
2024-05-17 18:39:19.633  INFO 51168 --- [           main] e.i.cs.testrunner.execution.Executor$    : No active profile set, falling back to default profiles: default
2024-05-17 18:39:19.648  INFO 51168 --- [           main] o.s.cloud.context.scope.GenericScope     : BeanFactory id=5adb76a5-ffff-3c5f-a60f-7f84faf1ce0f
2024-05-17 18:39:19.652  INFO 51168 --- [           main] e.i.cs.testrunner.execution.Executor$    : Started Executor. in 0.141 seconds (JVM running for 15.96)
2024-05-17 18:39:19.657  INFO 51168 --- [WebServer 34641] okhttp3.mockwebserver.MockWebServer      : MockWebServer[34641] done accepting connections: Socket closed
2024-05-17 18:39:19.661  INFO 51168 --- [           main] .b.t.c.SpringBootTestContextBootstrapper : Neither @ContextConfiguration nor @ContextHierarchy found for test class [org.springframework.cloud.kubernetes.fabric8.config.ConfigMapsWithActiveProfilesNameTests], using SpringBootContextLoader
2024-05-17 18:39:19.662  INFO 51168 --- [           main] o.s.t.c.support.AbstractContextLoader    : Could not detect default resource locations for test class [org.springframework.cloud.kubernetes.fabric8.config.ConfigMapsWithActiveProfilesNameTests]: no resource found for suffixes {-context.xml, Context.groovy}.
2024-05-17 18:39:19.664  INFO 51168 --- [           main] .b.t.c.SpringBootTestContextBootstrapper : Loaded default TestExecutionListener class names from location [META-INF/spring.factories]: [org.springframework.boot.test.mock.mockito.MockitoTestExecutionListener, org.springframework.boot.test.mock.mockito.ResetMocksTestExecutionListener, org.springframework.boot.test.autoconfigure.restdocs.RestDocsTestExecutionListener, org.springframework.boot.test.autoconfigure.web.client.MockRestServiceServerResetTestExecutionListener, org.springframework.boot.test.autoconfigure.web.servlet.MockMvcPrintOnlyOnFailureTestExecutionListener, org.springframework.boot.test.autoconfigure.web.servlet.WebDriverTestExecutionListener, org.springframework.boot.test.autoconfigure.webservices.client.MockWebServiceServerTestExecutionListener, org.springframework.test.context.web.ServletTestExecutionListener, org.springframework.test.context.support.DirtiesContextBeforeModesTestExecutionListener, org.springframework.test.context.event.ApplicationEventsTestExecutionListener, org.springframework.test.context.support.DependencyInjectionTestExecutionListener, org.springframework.test.context.support.DirtiesContextTestExecutionListener, org.springframework.test.context.transaction.TransactionalTestExecutionListener, org.springframework.test.context.jdbc.SqlScriptsTestExecutionListener, org.springframework.test.context.event.EventPublishingTestExecutionListener, org.spockframework.spring.SpringMockTestExecutionListener]
2024-05-17 18:39:19.665  INFO 51168 --- [           main] .b.t.c.SpringBootTestContextBootstrapper : Using TestExecutionListeners: [org.springframework.test.context.web.ServletTestExecutionListener@71ae1cb, org.springframework.test.context.support.DirtiesContextBeforeModesTestExecutionListener@1f50fe84, org.springframework.test.context.event.ApplicationEventsTestExecutionListener@3380313d, org.springframework.boot.test.mock.mockito.MockitoTestExecutionListener@4d1a763c, org.springframework.boot.test.autoconfigure.SpringBootDependencyInjectionTestExecutionListener@1d5ec2ed, org.springframework.test.context.support.DirtiesContextTestExecutionListener@5e2ab1c, org.springframework.test.context.event.EventPublishingTestExecutionListener@37596b44, org.springframework.boot.test.mock.mockito.ResetMocksTestExecutionListener@29ec5005, org.springframework.boot.test.autoconfigure.restdocs.RestDocsTestExecutionListener@42ceb67f, org.springframework.boot.test.autoconfigure.web.client.MockRestServiceServerResetTestExecutionListener@52e44f71, org.springframework.boot.test.autoconfigure.web.servlet.MockMvcPrintOnlyOnFailureTestExecutionListener@2e1b1d22, org.springframework.boot.test.autoconfigure.web.servlet.WebDriverTestExecutionListener@653c0c9c, org.springframework.boot.test.autoconfigure.webservices.client.MockWebServiceServerTestExecutionListener@5276330a, org.spockframework.spring.SpringMockTestExecutionListener@221961f2]
2024-05-17 18:39:19.667  INFO 51168 --- [WebServer 48755] okhttp3.mockwebserver.MockWebServer      : MockWebServer[48755] starting to accept connections
2024-05-17 18:39:19.671  INFO 51168 --- [127.0.0.1:43482] okhttp3.mockwebserver.MockWebServer      : MockWebServer[48755] received request: POST /api/v1/namespaces/test/configmaps HTTP/1.1 and responded: HTTP/1.1 200 OK
2024-05-17 18:39:19.676  INFO 51168 --- [127.0.0.1:43482] okhttp3.mockwebserver.MockWebServer      : MockWebServer[48755] received request: POST /api/v1/namespaces/test/configmaps HTTP/1.1 and responded: HTTP/1.1 200 OK
2024-05-17 18:39:19.722  INFO 51168 --- [WebServer 43935] okhttp3.mockwebserver.MockWebServer      : MockWebServer[43935] starting to accept connections
2024-05-17 18:39:19.735  INFO 51168 --- [WebServer 43935] okhttp3.mockwebserver.MockWebServer      : MockWebServer[43935] done accepting connections: Socket closed
2024-05-17 18:39:19.740  INFO 51168 --- [WebServer 57241] okhttp3.mockwebserver.MockWebServer      : MockWebServer[57241] starting to accept connections
2024-05-17 18:39:19.742  INFO 51168 --- [WebServer 44939] okhttp3.mockwebserver.MockWebServer      : MockWebServer[44939] starting to accept connections
2024-05-17 18:39:19.746  INFO 51168 --- [127.0.0.1:40658] okhttp3.mockwebserver.MockWebServer      : MockWebServer[57241] received request: POST /api/v1/namespaces/test/configmaps HTTP/1.1 and responded: HTTP/1.1 200 OK
2024-05-17 18:39:19.746  INFO 51168 --- [           main] s.c.k.f.c.Fabric8ConfigMapPropertySource : Loading ConfigMap with name 'app-yaml-test' in namespace 'test'
2024-05-17 18:39:19.747  INFO 51168 --- [127.0.0.1:40658] okhttp3.mockwebserver.MockWebServer      : MockWebServer[57241] received request: GET /api/v1/namespaces/test/configmaps/app-yaml-test HTTP/1.1 and responded: HTTP/1.1 200 OK
2024-05-17 18:39:19.789  INFO 51168 --- [WebServer 44939] okhttp3.mockwebserver.MockWebServer      : MockWebServer[44939] done accepting connections: Socket closed
2024-05-17 18:39:19.794  INFO 51168 --- [WebServer 50621] okhttp3.mockwebserver.MockWebServer      : MockWebServer[50621] starting to accept connections
2024-05-17 18:39:19.797  INFO 51168 --- [WebServer 55743] okhttp3.mockwebserver.MockWebServer      : MockWebServer[55743] starting to accept connections
2024-05-17 18:39:19.798  INFO 51168 --- [WebServer 55743] okhttp3.mockwebserver.MockWebServer      : MockWebServer[55743] done accepting connections: Socket closed
2024-05-17 18:39:19.804  INFO 51168 --- [           main] .b.t.c.SpringBootTestContextBootstrapper : Neither @ContextConfiguration nor @ContextHierarchy found for test class [org.springframework.cloud.kubernetes.fabric8.config.Fabric8SecretsPropertySourceTest], using SpringBootContextLoader
2024-05-17 18:39:19.805  INFO 51168 --- [           main] o.s.t.c.support.AbstractContextLoader    : Could not detect default resource locations for test class [org.springframework.cloud.kubernetes.fabric8.config.Fabric8SecretsPropertySourceTest]: no resource found for suffixes {-context.xml, Context.groovy}.
2024-05-17 18:39:19.809  INFO 51168 --- [           main] .b.t.c.SpringBootTestContextBootstrapper : Loaded default TestExecutionListener class names from location [META-INF/spring.factories]: [org.springframework.boot.test.mock.mockito.MockitoTestExecutionListener, org.springframework.boot.test.mock.mockito.ResetMocksTestExecutionListener, org.springframework.boot.test.autoconfigure.restdocs.RestDocsTestExecutionListener, org.springframework.boot.test.autoconfigure.web.client.MockRestServiceServerResetTestExecutionListener, org.springframework.boot.test.autoconfigure.web.servlet.MockMvcPrintOnlyOnFailureTestExecutionListener, org.springframework.boot.test.autoconfigure.web.servlet.WebDriverTestExecutionListener, org.springframework.boot.test.autoconfigure.webservices.client.MockWebServiceServerTestExecutionListener, org.springframework.test.context.web.ServletTestExecutionListener, org.springframework.test.context.support.DirtiesContextBeforeModesTestExecutionListener, org.springframework.test.context.event.ApplicationEventsTestExecutionListener, org.springframework.test.context.support.DependencyInjectionTestExecutionListener, org.springframework.test.context.support.DirtiesContextTestExecutionListener, org.springframework.test.context.transaction.TransactionalTestExecutionListener, org.springframework.test.context.jdbc.SqlScriptsTestExecutionListener, org.springframework.test.context.event.EventPublishingTestExecutionListener, org.spockframework.spring.SpringMockTestExecutionListener]
2024-05-17 18:39:19.811  INFO 51168 --- [           main] .b.t.c.SpringBootTestContextBootstrapper : Using TestExecutionListeners: [org.springframework.test.context.web.ServletTestExecutionListener@12922d53, org.springframework.test.context.support.DirtiesContextBeforeModesTestExecutionListener@f28ee19, org.springframework.test.context.event.ApplicationEventsTestExecutionListener@7c07deff, org.springframework.boot.test.mock.mockito.MockitoTestExecutionListener@65374526, org.springframework.boot.test.autoconfigure.SpringBootDependencyInjectionTestExecutionListener@664c0466, org.springframework.test.context.support.DirtiesContextTestExecutionListener@2edc6690, org.springframework.test.context.event.EventPublishingTestExecutionListener@6ceeb592, org.springframework.boot.test.mock.mockito.ResetMocksTestExecutionListener@332fc35c, org.springframework.boot.test.autoconfigure.restdocs.RestDocsTestExecutionListener@35c69e6b, org.springframework.boot.test.autoconfigure.web.client.MockRestServiceServerResetTestExecutionListener@78e386a5, org.springframework.boot.test.autoconfigure.web.servlet.MockMvcPrintOnlyOnFailureTestExecutionListener@6138ee0e, org.springframework.boot.test.autoconfigure.web.servlet.WebDriverTestExecutionListener@2c40e456, org.springframework.boot.test.autoconfigure.webservices.client.MockWebServiceServerTestExecutionListener@2df40273, org.spockframework.spring.SpringMockTestExecutionListener@49467fc6]
2024-05-17 18:39:19.813  INFO 51168 --- [WebServer 60141] okhttp3.mockwebserver.MockWebServer      : MockWebServer[60141] starting to accept connections
2024-05-17 18:39:19.817  INFO 51168 --- [127.0.0.1:55984] okhttp3.mockwebserver.MockWebServer      : MockWebServer[60141] received request: POST /api/v1/namespaces/test/secrets HTTP/1.1 and responded: HTTP/1.1 200 OK
2024-05-17 18:39:19.869  WARN 51168 --- [           main] ubernetesProfileEnvironmentPostProcessor : Not running inside kubernetes. Skipping 'kubernetes' profile activation.

  .   ____          _            __ _ _
 /\\ / ___'_ __ _ _(_)_ __  __ _ \ \ \ \
( ( )\___ | '_ | '_| | '_ \/ _` | \ \ \ \
 \\/  ___)| |_)| | | | | || (_| |  ) ) ) )
  '  |____| .__|_| |_|_| |_\__, | / / / /
 =========|_|==============|___/=/_/_/_/
 :: Spring Boot ::                (v2.6.3)

2024-05-17 18:39:19.989  INFO 51168 --- [           main] s.c.k.f.c.Fabric8ConfigMapPropertySource : Loading ConfigMap with name 'configmap-example' in namespace 'test'
2024-05-17 18:39:19.992  INFO 51168 --- [127.0.0.1:55990] okhttp3.mockwebserver.MockWebServer      : MockWebServer[60141] received request: GET /api/v1/namespaces/test/configmaps/configmap-example HTTP/1.1 and responded: HTTP/1.1 404 Client Error
2024-05-17 18:39:19.993  INFO 51168 --- [           main] o.s.c.k.f.config.Fabric8ConfigUtils      : config-map with name : 'configmap-example' not present in namespace : 'test'
2024-05-17 18:39:19.994  INFO 51168 --- [           main] b.c.PropertySourceBootstrapConfiguration : Located property source: [BootstrapPropertySource {name='bootstrapProperties-configmap.configmap-example.test'}]
2024-05-17 18:39:19.994  INFO 51168 --- [           main] o.s.c.k.f.c.Fabric8SecretsPropertySource : Loading Secret with name 'configmap-example' or with labels [{foo=bar}] in namespace 'test'
2024-05-17 18:39:19.995  INFO 51168 --- [127.0.0.1:55990] okhttp3.mockwebserver.MockWebServer      : MockWebServer[60141] received request: GET /api/v1/namespaces/test/secrets/configmap-example HTTP/1.1 and responded: HTTP/1.1 404 Client Error
2024-05-17 18:39:19.996  WARN 51168 --- [           main] o.s.c.k.f.c.Fabric8SecretsPropertySource : secret with name : configmap-example in namespace : test not found
2024-05-17 18:39:19.997  INFO 51168 --- [127.0.0.1:55990] okhttp3.mockwebserver.MockWebServer      : MockWebServer[60141] received request: GET /api/v1/namespaces/test/secrets?labelSelector=foo%3Dbar HTTP/1.1 and responded: HTTP/1.1 200 OK
2024-05-17 18:39:20.040 DEBUG 51168 --- [           main] o.s.c.k.f.c.Fabric8SecretsPropertySource : reading secret with name : test-secret in namespace : test
2024-05-17 18:39:20.040  INFO 51168 --- [           main] b.c.PropertySourceBootstrapConfiguration : Located property source: [BootstrapPropertySource {name='bootstrapProperties-secrets.configmap-example.test'}]
2024-05-17 18:39:20.074  WARN 51168 --- [           main] ubernetesProfileEnvironmentPostProcessor : Not running inside kubernetes. Skipping 'kubernetes' profile activation.
2024-05-17 18:39:20.074  INFO 51168 --- [           main] c.k.f.c.Fabric8SecretsPropertySourceTest : No active profile set, falling back to default profiles: default
2024-05-17 18:39:20.308  INFO 51168 --- [           main] o.s.cloud.context.scope.GenericScope     : BeanFactory id=e369cf40-d234-36e2-a4dc-38329760186f
2024-05-17 18:39:20.426  INFO 51168 --- [           main] o.s.b.w.embedded.tomcat.TomcatWebServer  : Tomcat initialized with port(s): 0 (http)
2024-05-17 18:39:20.427  INFO 51168 --- [           main] o.apache.catalina.core.StandardService   : Starting service [Tomcat]
2024-05-17 18:39:20.427  INFO 51168 --- [           main] org.apache.catalina.core.StandardEngine  : Starting Servlet engine: [Apache Tomcat/9.0.56]
2024-05-17 18:39:20.442  INFO 51168 --- [           main] o.a.c.c.C.[Tomcat-5].[localhost].[/]     : Initializing Spring embedded WebApplicationContext
2024-05-17 18:39:20.442  INFO 51168 --- [           main] w.s.c.ServletWebServerApplicationContext : Root WebApplicationContext: initialization completed in 365 ms
2024-05-17 18:39:21.124  INFO 51168 --- [           main] o.s.b.a.e.web.EndpointLinksResolver      : Exposing 1 endpoint(s) beneath base path '/actuator'
2024-05-17 18:39:21.173  INFO 51168 --- [           main] o.s.b.w.embedded.tomcat.TomcatWebServer  : Tomcat started on port(s): 39387 (http) with context path ''
2024-05-17 18:39:21.179  INFO 51168 --- [           main] c.k.f.c.Fabric8SecretsPropertySourceTest : Started Fabric8SecretsPropertySourceTest in 1.359 seconds (JVM running for 17.487)
2024-05-17 18:39:21.186  INFO 51168 --- [WebServer 57749] okhttp3.mockwebserver.MockWebServer      : MockWebServer[57749] starting to accept connections
2024-05-17 18:39:21.188  INFO 51168 --- [           main] o.s.c.k.f.c.Fabric8SecretsPropertySource : Loading Secret with name 'configmap-example' or with labels [{foo=bar}] in namespace 'test'
2024-05-17 18:39:21.190  INFO 51168 --- [127.0.0.1:55990] okhttp3.mockwebserver.MockWebServer      : MockWebServer[60141] received request: GET /api/v1/namespaces/test/secrets/configmap-example HTTP/1.1 and responded: HTTP/1.1 404 Client Error
2024-05-17 18:39:21.190  WARN 51168 --- [           main] o.s.c.k.f.c.Fabric8SecretsPropertySource : secret with name : configmap-example in namespace : test not found
2024-05-17 18:39:21.191  INFO 51168 --- [127.0.0.1:55990] okhttp3.mockwebserver.MockWebServer      : MockWebServer[60141] received request: GET /api/v1/namespaces/test/secrets?labelSelector=foo%3Dbar HTTP/1.1 and responded: HTTP/1.1 200 OK
2024-05-17 18:39:21.232 DEBUG 51168 --- [           main] o.s.c.k.f.c.Fabric8SecretsPropertySource : reading secret with name : test-secret in namespace : test
2024-05-17 18:39:21.238  INFO 51168 --- [WebServer 57749] okhttp3.mockwebserver.MockWebServer      : MockWebServer[57749] done accepting connections: Socket closed
2024-05-17 18:39:21.252  INFO 51168 --- [WebServer 50229] okhttp3.mockwebserver.MockWebServer      : MockWebServer[50229] starting to accept connections
2024-05-17 18:39:21.266  INFO 51168 --- [WebServer 50023] okhttp3.mockwebserver.MockWebServer      : MockWebServer[50023] starting to accept connections
2024-05-17 18:39:21.268  INFO 51168 --- [           main] .b.t.c.SpringBootTestContextBootstrapper : Neither @ContextConfiguration nor @ContextHierarchy found for test class [org.springframework.cloud.kubernetes.fabric8.config.Fabric8SecretsPropertySourceLocatorRetryTests$SecretsFailFastDisabled], using SpringBootContextLoader
2024-05-17 18:39:21.270  INFO 51168 --- [           main] o.s.t.c.support.AbstractContextLoader    : Could not detect default resource locations for test class [org.springframework.cloud.kubernetes.fabric8.config.Fabric8SecretsPropertySourceLocatorRetryTests$SecretsFailFastDisabled]: no resource found for suffixes {-context.xml, Context.groovy}.
2024-05-17 18:39:21.276  INFO 51168 --- [           main] .b.t.c.SpringBootTestContextBootstrapper : Loaded default TestExecutionListener class names from location [META-INF/spring.factories]: [org.springframework.boot.test.mock.mockito.MockitoTestExecutionListener, org.springframework.boot.test.mock.mockito.ResetMocksTestExecutionListener, org.springframework.boot.test.autoconfigure.restdocs.RestDocsTestExecutionListener, org.springframework.boot.test.autoconfigure.web.client.MockRestServiceServerResetTestExecutionListener, org.springframework.boot.test.autoconfigure.web.servlet.MockMvcPrintOnlyOnFailureTestExecutionListener, org.springframework.boot.test.autoconfigure.web.servlet.WebDriverTestExecutionListener, org.springframework.boot.test.autoconfigure.webservices.client.MockWebServiceServerTestExecutionListener, org.springframework.test.context.web.ServletTestExecutionListener, org.springframework.test.context.support.DirtiesContextBeforeModesTestExecutionListener, org.springframework.test.context.event.ApplicationEventsTestExecutionListener, org.springframework.test.context.support.DependencyInjectionTestExecutionListener, org.springframework.test.context.support.DirtiesContextTestExecutionListener, org.springframework.test.context.transaction.TransactionalTestExecutionListener, org.springframework.test.context.jdbc.SqlScriptsTestExecutionListener, org.springframework.test.context.event.EventPublishingTestExecutionListener, org.spockframework.spring.SpringMockTestExecutionListener]
2024-05-17 18:39:21.278  INFO 51168 --- [           main] .b.t.c.SpringBootTestContextBootstrapper : Using TestExecutionListeners: [org.springframework.test.context.web.ServletTestExecutionListener@4707d60a, org.springframework.test.context.support.DirtiesContextBeforeModesTestExecutionListener@4d7f3adf, org.springframework.test.context.event.ApplicationEventsTestExecutionListener@394c77e2, org.springframework.boot.test.mock.mockito.MockitoTestExecutionListener@20dfe8b2, org.springframework.boot.test.autoconfigure.SpringBootDependencyInjectionTestExecutionListener@5911dd25, org.springframework.test.context.support.DirtiesContextTestExecutionListener@6d8cbd1a, org.springframework.test.context.event.EventPublishingTestExecutionListener@3725242e, org.springframework.boot.test.mock.mockito.ResetMocksTestExecutionListener@6860c000, org.springframework.boot.test.autoconfigure.restdocs.RestDocsTestExecutionListener@3f4fd0dc, org.springframework.boot.test.autoconfigure.web.client.MockRestServiceServerResetTestExecutionListener@3723de42, org.springframework.boot.test.autoconfigure.web.servlet.MockMvcPrintOnlyOnFailureTestExecutionListener@293988dc, org.springframework.boot.test.autoconfigure.web.servlet.WebDriverTestExecutionListener@47b72d3b, org.springframework.boot.test.autoconfigure.webservices.client.MockWebServiceServerTestExecutionListener@63fcc21, org.spockframework.spring.SpringMockTestExecutionListener@2fc7c36a]
2024-05-17 18:39:21.354  WARN 51168 --- [           main] ubernetesProfileEnvironmentPostProcessor : Not running inside kubernetes. Skipping 'kubernetes' profile activation.

  .   ____          _            __ _ _
 /\\ / ___'_ __ _ _(_)_ __  __ _ \ \ \ \
( ( )\___ | '_ | '_| | '_ \/ _` | \ \ \ \
 \\/  ___)| |_)| | | | | || (_| |  ) ) ) )
  '  |____| .__|_| |_|_| |_\__, | / / / /
 =========|_|==============|___/=/_/_/_/
 :: Spring Boot ::                (v2.6.3)

2024-05-17 18:39:21.452  INFO 51168 --- [           main] s.c.k.f.c.Fabric8ConfigMapPropertySource : Loading ConfigMap with name 'application' in namespace 'default'
2024-05-17 18:39:21.570  INFO 51168 --- [127.0.0.1:58460] okhttp3.mockwebserver.MockWebServer      : MockWebServer[50229] received request: GET /api/v1/namespaces/default/configmaps/application HTTP/1.1 and responded: HTTP/1.1 404 Client Error
2024-05-17 18:39:21.573  INFO 51168 --- [           main] o.s.c.k.f.config.Fabric8ConfigUtils      : config-map with name : 'application' not present in namespace : 'default'
2024-05-17 18:39:21.573  INFO 51168 --- [           main] b.c.PropertySourceBootstrapConfiguration : Located property source: [BootstrapPropertySource {name='bootstrapProperties-configmap.application.default'}]
2024-05-17 18:39:21.573  INFO 51168 --- [           main] o.s.c.k.f.c.Fabric8SecretsPropertySource : Loading Secret with name 'my-secret' or with labels [{}] in namespace 'default'
2024-05-17 18:39:21.574  INFO 51168 --- [127.0.0.1:58460] okhttp3.mockwebserver.MockWebServer      : MockWebServer[50229] received request: GET /api/v1/namespaces/default/secrets/my-secret HTTP/1.1 and responded: HTTP/1.1 404 Client Error
2024-05-17 18:39:21.575  WARN 51168 --- [           main] o.s.c.k.f.c.Fabric8SecretsPropertySource : secret with name : my-secret in namespace : default not found
2024-05-17 18:39:21.577  INFO 51168 --- [127.0.0.1:58460] okhttp3.mockwebserver.MockWebServer      : MockWebServer[50229] received request: GET /api/v1/namespaces/default/secrets HTTP/1.1 and responded: HTTP/1.1 200 OK
2024-05-17 18:39:21.619  INFO 51168 --- [           main] b.c.PropertySourceBootstrapConfiguration : Located property source: [BootstrapPropertySource {name='bootstrapProperties-secrets.my-secret.default'}]
2024-05-17 18:39:21.622  WARN 51168 --- [           main] ubernetesProfileEnvironmentPostProcessor : Not running inside kubernetes. Skipping 'kubernetes' profile activation.
2024-05-17 18:39:21.623  INFO 51168 --- [           main] ocatorRetryTests$SecretsFailFastDisabled : No active profile set, falling back to default profiles: default
2024-05-17 18:39:21.988  INFO 51168 --- [           main] o.s.cloud.context.scope.GenericScope     : BeanFactory id=94652287-2eb9-367e-b08b-eea09b3b2900
2024-05-17 18:39:22.416  INFO 51168 --- [           main] ocatorRetryTests$SecretsFailFastDisabled : Started Fabric8SecretsPropertySourceLocatorRetryTests.SecretsFailFastDisabled in 1.135 seconds (JVM running for 18.724)
2024-05-17 18:39:22.423  INFO 51168 --- [WebServer 46939] okhttp3.mockwebserver.MockWebServer      : MockWebServer[46939] starting to accept connections
2024-05-17 18:39:22.431  INFO 51168 --- [           main] o.s.c.k.f.c.Fabric8SecretsPropertySource : Loading Secret with name 'my-secret' or with labels [{}] in namespace 'default'
2024-05-17 18:39:22.433  INFO 51168 --- [127.0.0.1:58460] okhttp3.mockwebserver.MockWebServer      : MockWebServer[50229] received request: GET /api/v1/namespaces/default/secrets/my-secret HTTP/1.1 and responded: HTTP/1.1 500 Server Error
2024-05-17 18:39:22.433  WARN 51168 --- [           main] o.s.c.k.f.c.Fabric8SecretsPropertySource : Can't read secret with name: [my-secret] or labels [{}] in namespace: [default] (cause: Failure executing: GET at: https://localhost:50229/api/v1/namespaces/default/secrets/my-secret. Message: Internal Server Error.). Ignoring
2024-05-17 18:39:22.443  INFO 51168 --- [WebServer 46939] okhttp3.mockwebserver.MockWebServer      : MockWebServer[46939] done accepting connections: Socket closed
2024-05-17 18:39:22.452  INFO 51168 --- [WebServer 51299] okhttp3.mockwebserver.MockWebServer      : MockWebServer[51299] starting to accept connections
2024-05-17 18:39:22.457  INFO 51168 --- [WebServer 37135] okhttp3.mockwebserver.MockWebServer      : MockWebServer[37135] starting to accept connections
2024-05-17 18:39:22.458  INFO 51168 --- [           main] .b.t.c.SpringBootTestContextBootstrapper : Neither @ContextConfiguration nor @ContextHierarchy found for test class [org.springframework.cloud.kubernetes.fabric8.config.Fabric8ConfigMapPropertySourceLocatorRetryTests$ConfigFailFastEnabledButRetryDisabled], using SpringBootContextLoader
2024-05-17 18:39:22.459  INFO 51168 --- [           main] o.s.t.c.support.AbstractContextLoader    : Could not detect default resource locations for test class [org.springframework.cloud.kubernetes.fabric8.config.Fabric8ConfigMapPropertySourceLocatorRetryTests$ConfigFailFastEnabledButRetryDisabled]: no resource found for suffixes {-context.xml, Context.groovy}.
2024-05-17 18:39:22.462  INFO 51168 --- [           main] .b.t.c.SpringBootTestContextBootstrapper : Loaded default TestExecutionListener class names from location [META-INF/spring.factories]: [org.springframework.boot.test.mock.mockito.MockitoTestExecutionListener, org.springframework.boot.test.mock.mockito.ResetMocksTestExecutionListener, org.springframework.boot.test.autoconfigure.restdocs.RestDocsTestExecutionListener, org.springframework.boot.test.autoconfigure.web.client.MockRestServiceServerResetTestExecutionListener, org.springframework.boot.test.autoconfigure.web.servlet.MockMvcPrintOnlyOnFailureTestExecutionListener, org.springframework.boot.test.autoconfigure.web.servlet.WebDriverTestExecutionListener, org.springframework.boot.test.autoconfigure.webservices.client.MockWebServiceServerTestExecutionListener, org.springframework.test.context.web.ServletTestExecutionListener, org.springframework.test.context.support.DirtiesContextBeforeModesTestExecutionListener, org.springframework.test.context.event.ApplicationEventsTestExecutionListener, org.springframework.test.context.support.DependencyInjectionTestExecutionListener, org.springframework.test.context.support.DirtiesContextTestExecutionListener, org.springframework.test.context.transaction.TransactionalTestExecutionListener, org.springframework.test.context.jdbc.SqlScriptsTestExecutionListener, org.springframework.test.context.event.EventPublishingTestExecutionListener, org.spockframework.spring.SpringMockTestExecutionListener]
2024-05-17 18:39:22.464  INFO 51168 --- [           main] .b.t.c.SpringBootTestContextBootstrapper : Using TestExecutionListeners: [org.springframework.test.context.web.ServletTestExecutionListener@3fd93330, org.springframework.test.context.support.DirtiesContextBeforeModesTestExecutionListener@32ff3c98, org.springframework.test.context.event.ApplicationEventsTestExecutionListener@5f804b36, org.springframework.boot.test.mock.mockito.MockitoTestExecutionListener@201f0e84, org.springframework.boot.test.autoconfigure.SpringBootDependencyInjectionTestExecutionListener@5629e904, org.springframework.test.context.support.DirtiesContextTestExecutionListener@1d7914a5, org.springframework.test.context.event.EventPublishingTestExecutionListener@40fd25c7, org.springframework.boot.test.mock.mockito.ResetMocksTestExecutionListener@18ce7872, org.springframework.boot.test.autoconfigure.restdocs.RestDocsTestExecutionListener@136c3a6, org.springframework.boot.test.autoconfigure.web.client.MockRestServiceServerResetTestExecutionListener@54bf2319, org.springframework.boot.test.autoconfigure.web.servlet.MockMvcPrintOnlyOnFailureTestExecutionListener@7d45e754, org.springframework.boot.test.autoconfigure.web.servlet.WebDriverTestExecutionListener@16a30d66, org.springframework.boot.test.autoconfigure.webservices.client.MockWebServiceServerTestExecutionListener@213fc7e7, org.spockframework.spring.SpringMockTestExecutionListener@c358f32]
2024-05-17 18:39:22.509  WARN 51168 --- [           main] ubernetesProfileEnvironmentPostProcessor : Not running inside kubernetes. Skipping 'kubernetes' profile activation.

  .   ____          _            __ _ _
 /\\ / ___'_ __ _ _(_)_ __  __ _ \ \ \ \
( ( )\___ | '_ | '_| | '_ \/ _` | \ \ \ \
 \\/  ___)| |_)| | | | | || (_| |  ) ) ) )
  '  |____| .__|_| |_|_| |_\__, | / / / /
 =========|_|==============|___/=/_/_/_/
 :: Spring Boot ::                (v2.6.3)

2024-05-17 18:39:22.591  INFO 51168 --- [           main] s.c.k.f.c.Fabric8ConfigMapPropertySource : Loading ConfigMap with name 'application' in namespace 'default'
2024-05-17 18:39:22.697  INFO 51168 --- [127.0.0.1:52114] okhttp3.mockwebserver.MockWebServer      : MockWebServer[51299] received request: GET /api/v1/namespaces/default/configmaps/application HTTP/1.1 and responded: HTTP/1.1 404 Client Error
2024-05-17 18:39:22.699  INFO 51168 --- [           main] o.s.c.k.f.config.Fabric8ConfigUtils      : config-map with name : 'application' not present in namespace : 'default'
2024-05-17 18:39:22.699  INFO 51168 --- [           main] b.c.PropertySourceBootstrapConfiguration : Located property source: [BootstrapPropertySource {name='bootstrapProperties-configmap.application.default'}]
2024-05-17 18:39:22.703  WARN 51168 --- [           main] ubernetesProfileEnvironmentPostProcessor : Not running inside kubernetes. Skipping 'kubernetes' profile activation.
2024-05-17 18:39:22.703  INFO 51168 --- [           main] ts$ConfigFailFastEnabledButRetryDisabled : No active profile set, falling back to default profiles: default
2024-05-17 18:39:23.032  INFO 51168 --- [           main] o.s.cloud.context.scope.GenericScope     : BeanFactory id=94652287-2eb9-367e-b08b-eea09b3b2900
2024-05-17 18:39:23.440  INFO 51168 --- [           main] ts$ConfigFailFastEnabledButRetryDisabled : Started Fabric8ConfigMapPropertySourceLocatorRetryTests.ConfigFailFastEnabledButRetryDisabled in 0.974 seconds (JVM running for 19.748)
2024-05-17 18:39:23.446  INFO 51168 --- [WebServer 48545] okhttp3.mockwebserver.MockWebServer      : MockWebServer[48545] starting to accept connections
2024-05-17 18:39:23.449  INFO 51168 --- [           main] s.c.k.f.c.Fabric8ConfigMapPropertySource : Loading ConfigMap with name 'application' in namespace 'default'
2024-05-17 18:39:23.450  INFO 51168 --- [127.0.0.1:52114] okhttp3.mockwebserver.MockWebServer      : MockWebServer[51299] received request: GET /api/v1/namespaces/default/configmaps/application HTTP/1.1 and responded: HTTP/1.1 500 Server Error
2024-05-17 18:39:23.454  INFO 51168 --- [WebServer 48545] okhttp3.mockwebserver.MockWebServer      : MockWebServer[48545] done accepting connections: Socket closed
2024-05-17 18:39:23.457  INFO 51168 --- [WebServer 50519] okhttp3.mockwebserver.MockWebServer      : MockWebServer[50519] starting to accept connections
2024-05-17 18:39:23.459  INFO 51168 --- [WebServer 54103] okhttp3.mockwebserver.MockWebServer      : MockWebServer[54103] starting to accept connections
2024-05-17 18:39:23.463  INFO 51168 --- [127.0.0.1:46036] okhttp3.mockwebserver.MockWebServer      : MockWebServer[50519] received request: POST /api/v1/namespaces/ns1/configmaps HTTP/1.1 and responded: HTTP/1.1 200 OK
2024-05-17 18:39:23.464  INFO 51168 --- [127.0.0.1:46036] okhttp3.mockwebserver.MockWebServer      : MockWebServer[50519] received request: GET /api/v1/namespaces/ns1/configmaps HTTP/1.1 and responded: HTTP/1.1 200 OK
2024-05-17 18:39:23.516  INFO 51168 --- [WebServer 54103] okhttp3.mockwebserver.MockWebServer      : MockWebServer[54103] done accepting connections: Socket closed
2024-05-17 18:39:23.520  INFO 51168 --- [           main] .b.t.c.SpringBootTestContextBootstrapper : Neither @ContextConfiguration nor @ContextHierarchy found for test class [org.springframework.cloud.kubernetes.fabric8.config.Fabric8ActuatorTests$DisabledHealthTest], using SpringBootContextLoader
2024-05-17 18:39:23.521  INFO 51168 --- [           main] o.s.t.c.support.AbstractContextLoader    : Could not detect default resource locations for test class [org.springframework.cloud.kubernetes.fabric8.config.Fabric8ActuatorTests$DisabledHealthTest]: no resource found for suffixes {-context.xml, Context.groovy}.
2024-05-17 18:39:23.522  INFO 51168 --- [           main] .b.t.c.SpringBootTestContextBootstrapper : Loaded default TestExecutionListener class names from location [META-INF/spring.factories]: [org.springframework.boot.test.mock.mockito.MockitoTestExecutionListener, org.springframework.boot.test.mock.mockito.ResetMocksTestExecutionListener, org.springframework.boot.test.autoconfigure.restdocs.RestDocsTestExecutionListener, org.springframework.boot.test.autoconfigure.web.client.MockRestServiceServerResetTestExecutionListener, org.springframework.boot.test.autoconfigure.web.servlet.MockMvcPrintOnlyOnFailureTestExecutionListener, org.springframework.boot.test.autoconfigure.web.servlet.WebDriverTestExecutionListener, org.springframework.boot.test.autoconfigure.webservices.client.MockWebServiceServerTestExecutionListener, org.springframework.test.context.web.ServletTestExecutionListener, org.springframework.test.context.support.DirtiesContextBeforeModesTestExecutionListener, org.springframework.test.context.event.ApplicationEventsTestExecutionListener, org.springframework.test.context.support.DependencyInjectionTestExecutionListener, org.springframework.test.context.support.DirtiesContextTestExecutionListener, org.springframework.test.context.transaction.TransactionalTestExecutionListener, org.springframework.test.context.jdbc.SqlScriptsTestExecutionListener, org.springframework.test.context.event.EventPublishingTestExecutionListener, org.spockframework.spring.SpringMockTestExecutionListener]
2024-05-17 18:39:23.523  INFO 51168 --- [           main] .b.t.c.SpringBootTestContextBootstrapper : Using TestExecutionListeners: [org.springframework.test.context.web.ServletTestExecutionListener@4825aad0, org.springframework.test.context.support.DirtiesContextBeforeModesTestExecutionListener@570cef1e, org.springframework.test.context.event.ApplicationEventsTestExecutionListener@c3972d0, org.springframework.boot.test.mock.mockito.MockitoTestExecutionListener@1264dbc9, org.springframework.boot.test.autoconfigure.SpringBootDependencyInjectionTestExecutionListener@77f2807f, org.springframework.test.context.support.DirtiesContextTestExecutionListener@47b6f580, org.springframework.test.context.event.EventPublishingTestExecutionListener@5eb054, org.springframework.boot.test.mock.mockito.ResetMocksTestExecutionListener@34d08905, org.springframework.boot.test.autoconfigure.restdocs.RestDocsTestExecutionListener@57421698, org.springframework.boot.test.autoconfigure.web.client.MockRestServiceServerResetTestExecutionListener@2728e305, org.springframework.boot.test.autoconfigure.web.servlet.MockMvcPrintOnlyOnFailureTestExecutionListener@52813ba4, org.springframework.boot.test.autoconfigure.web.servlet.WebDriverTestExecutionListener@62291850, org.springframework.boot.test.autoconfigure.webservices.client.MockWebServiceServerTestExecutionListener@2518245b, org.spockframework.spring.SpringMockTestExecutionListener@45c8db36]
2024-05-17 18:39:23.567  WARN 51168 --- [           main] ubernetesProfileEnvironmentPostProcessor : Not running inside kubernetes. Skipping 'kubernetes' profile activation.

  .   ____          _            __ _ _
 /\\ / ___'_ __ _ _(_)_ __  __ _ \ \ \ \
( ( )\___ | '_ | '_| | '_ \/ _` | \ \ \ \
 \\/  ___)| |_)| | | | | || (_| |  ) ) ) )
  '  |____| .__|_| |_|_| |_\__, | / / / /
 =========|_|==============|___/=/_/_/_/
 :: Spring Boot ::                (v2.6.3)

2024-05-17 18:39:23.637  WARN 51168 --- [           main] ubernetesProfileEnvironmentPostProcessor : Not running inside kubernetes. Skipping 'kubernetes' profile activation.
2024-05-17 18:39:23.637  INFO 51168 --- [           main] .Fabric8ActuatorTests$DisabledHealthTest : No active profile set, falling back to default profiles: default
2024-05-17 18:39:23.803  INFO 51168 --- [           main] o.s.cloud.context.scope.GenericScope     : BeanFactory id=4be2013b-cc49-3351-ae92-82ba8fb12059
2024-05-17 18:39:23.894  INFO 51168 --- [           main] o.s.b.w.embedded.tomcat.TomcatWebServer  : Tomcat initialized with port(s): 0 (http)
2024-05-17 18:39:23.894  INFO 51168 --- [           main] o.apache.catalina.core.StandardService   : Starting service [Tomcat]
2024-05-17 18:39:23.894  INFO 51168 --- [           main] org.apache.catalina.core.StandardEngine  : Starting Servlet engine: [Apache Tomcat/9.0.56]
2024-05-17 18:39:23.904  INFO 51168 --- [           main] o.a.c.c.C.[Tomcat-6].[localhost].[/]     : Initializing Spring embedded WebApplicationContext
2024-05-17 18:39:23.904  INFO 51168 --- [           main] w.s.c.ServletWebServerApplicationContext : Root WebApplicationContext: initialization completed in 265 ms
2024-05-17 18:39:24.491  INFO 51168 --- [           main] o.s.b.a.e.web.EndpointLinksResolver      : Exposing 1 endpoint(s) beneath base path '/actuator'
2024-05-17 18:39:24.530  INFO 51168 --- [           main] o.s.b.w.embedded.tomcat.TomcatWebServer  : Tomcat started on port(s): 36049 (http) with context path ''
2024-05-17 18:39:24.536  INFO 51168 --- [           main] .Fabric8ActuatorTests$DisabledHealthTest : Started Fabric8ActuatorTests.DisabledHealthTest in 1.011 seconds (JVM running for 20.844)
2024-05-17 18:39:24.552  INFO 51168 --- [o-auto-7-exec-1] o.a.c.c.C.[Tomcat-6].[localhost].[/]     : Initializing Spring DispatcherServlet 'dispatcherServlet'
2024-05-17 18:39:24.555  INFO 51168 --- [o-auto-7-exec-1] o.s.web.servlet.DispatcherServlet        : Initializing Servlet 'dispatcherServlet'
2024-05-17 18:39:24.556  INFO 51168 --- [o-auto-7-exec-1] o.s.web.servlet.DispatcherServlet        : Completed initialization in 1 ms
2024-05-17 18:39:24.600  INFO 51168 --- [           main] .b.t.c.SpringBootTestContextBootstrapper : Neither @ContextConfiguration nor @ContextHierarchy found for test class [org.springframework.cloud.kubernetes.fabric8.config.Fabric8BootstrapConfigurationTests$KubernetesEnabledSecretsAndConfigDisabled], using SpringBootContextLoader
2024-05-17 18:39:24.601  INFO 51168 --- [           main] o.s.t.c.support.AbstractContextLoader    : Could not detect default resource locations for test class [org.springframework.cloud.kubernetes.fabric8.config.Fabric8BootstrapConfigurationTests$KubernetesEnabledSecretsAndConfigDisabled]: no resource found for suffixes {-context.xml, Context.groovy}.
2024-05-17 18:39:24.603  INFO 51168 --- [           main] .b.t.c.SpringBootTestContextBootstrapper : Loaded default TestExecutionListener class names from location [META-INF/spring.factories]: [org.springframework.boot.test.mock.mockito.MockitoTestExecutionListener, org.springframework.boot.test.mock.mockito.ResetMocksTestExecutionListener, org.springframework.boot.test.autoconfigure.restdocs.RestDocsTestExecutionListener, org.springframework.boot.test.autoconfigure.web.client.MockRestServiceServerResetTestExecutionListener, org.springframework.boot.test.autoconfigure.web.servlet.MockMvcPrintOnlyOnFailureTestExecutionListener, org.springframework.boot.test.autoconfigure.web.servlet.WebDriverTestExecutionListener, org.springframework.boot.test.autoconfigure.webservices.client.MockWebServiceServerTestExecutionListener, org.springframework.test.context.web.ServletTestExecutionListener, org.springframework.test.context.support.DirtiesContextBeforeModesTestExecutionListener, org.springframework.test.context.event.ApplicationEventsTestExecutionListener, org.springframework.test.context.support.DependencyInjectionTestExecutionListener, org.springframework.test.context.support.DirtiesContextTestExecutionListener, org.springframework.test.context.transaction.TransactionalTestExecutionListener, org.springframework.test.context.jdbc.SqlScriptsTestExecutionListener, org.springframework.test.context.event.EventPublishingTestExecutionListener, org.spockframework.spring.SpringMockTestExecutionListener]
2024-05-17 18:39:24.604  INFO 51168 --- [           main] .b.t.c.SpringBootTestContextBootstrapper : Using TestExecutionListeners: [org.springframework.test.context.web.ServletTestExecutionListener@488bf7cd, org.springframework.test.context.support.DirtiesContextBeforeModesTestExecutionListener@2fe6bcbb, org.springframework.test.context.event.ApplicationEventsTestExecutionListener@4e92c6c2, org.springframework.boot.test.mock.mockito.MockitoTestExecutionListener@71a18feb, org.springframework.boot.test.autoconfigure.SpringBootDependencyInjectionTestExecutionListener@66032b8d, org.springframework.test.context.support.DirtiesContextTestExecutionListener@7c1a5092, org.springframework.test.context.event.EventPublishingTestExecutionListener@24663d05, org.springframework.boot.test.mock.mockito.ResetMocksTestExecutionListener@59c530b5, org.springframework.boot.test.autoconfigure.restdocs.RestDocsTestExecutionListener@26652743, org.springframework.boot.test.autoconfigure.web.client.MockRestServiceServerResetTestExecutionListener@8d56ddd, org.springframework.boot.test.autoconfigure.web.servlet.MockMvcPrintOnlyOnFailureTestExecutionListener@1d4ee7d7, org.springframework.boot.test.autoconfigure.web.servlet.WebDriverTestExecutionListener@6d7e2c53, org.springframework.boot.test.autoconfigure.webservices.client.MockWebServiceServerTestExecutionListener@62ae5180, org.spockframework.spring.SpringMockTestExecutionListener@4136638d]
2024-05-17 18:39:24.652  WARN 51168 --- [           main] ubernetesProfileEnvironmentPostProcessor : Not running inside kubernetes. Skipping 'kubernetes' profile activation.

  .   ____          _            __ _ _
 /\\ / ___'_ __ _ _(_)_ __  __ _ \ \ \ \
( ( )\___ | '_ | '_| | '_ \/ _` | \ \ \ \
 \\/  ___)| |_)| | | | | || (_| |  ) ) ) )
  '  |____| .__|_| |_|_| |_\__, | / / / /
 =========|_|==============|___/=/_/_/_/
 :: Spring Boot ::                (v2.6.3)

2024-05-17 18:39:24.712  WARN 51168 --- [           main] ubernetesProfileEnvironmentPostProcessor : Not running inside kubernetes. Skipping 'kubernetes' profile activation.
2024-05-17 18:39:24.713  INFO 51168 --- [           main] ubernetesEnabledSecretsAndConfigDisabled : No active profile set, falling back to default profiles: default
2024-05-17 18:39:25.048  INFO 51168 --- [           main] o.s.cloud.context.scope.GenericScope     : BeanFactory id=28f5efda-2be0-3ec4-9d06-389d7832aa32
2024-05-17 18:39:25.130  INFO 51168 --- [           main] o.s.b.w.embedded.tomcat.TomcatWebServer  : Tomcat initialized with port(s): 0 (http)
2024-05-17 18:39:25.131  INFO 51168 --- [           main] o.apache.catalina.core.StandardService   : Starting service [Tomcat]
2024-05-17 18:39:25.131  INFO 51168 --- [           main] org.apache.catalina.core.StandardEngine  : Starting Servlet engine: [Apache Tomcat/9.0.56]
2024-05-17 18:39:25.140  INFO 51168 --- [           main] o.a.c.c.C.[Tomcat-7].[localhost].[/]     : Initializing Spring embedded WebApplicationContext
2024-05-17 18:39:25.140  INFO 51168 --- [           main] w.s.c.ServletWebServerApplicationContext : Root WebApplicationContext: initialization completed in 426 ms
2024-05-17 18:39:25.727  INFO 51168 --- [           main] o.s.b.a.e.web.EndpointLinksResolver      : Exposing 1 endpoint(s) beneath base path '/actuator'
2024-05-17 18:39:25.764  INFO 51168 --- [           main] o.s.b.w.embedded.tomcat.TomcatWebServer  : Tomcat started on port(s): 35695 (http) with context path ''
2024-05-17 18:39:25.770  INFO 51168 --- [           main] ubernetesEnabledSecretsAndConfigDisabled : Started Fabric8BootstrapConfigurationTests.KubernetesEnabledSecretsAndConfigDisabled in 1.164 seconds (JVM running for 22.078)
2024-05-17 18:39:25.782  INFO 51168 --- [WebServer 48133] okhttp3.mockwebserver.MockWebServer      : MockWebServer[48133] starting to accept connections
2024-05-17 18:39:25.786  INFO 51168 --- [WebServer 33471] okhttp3.mockwebserver.MockWebServer      : MockWebServer[33471] starting to accept connections
2024-05-17 18:39:25.787  INFO 51168 --- [           main] o.s.c.k.f.c.Fabric8SecretsPropertySource : Loading Secret with name 'my-config' or with labels [{}] in namespace 'default'
2024-05-17 18:39:25.885  INFO 51168 --- [127.0.0.1:54142] okhttp3.mockwebserver.MockWebServer      : MockWebServer[48133] received request: GET /api/v1/namespaces/default/secrets/my-config HTTP/1.1 and responded: HTTP/1.1 500 Server Error
2024-05-17 18:39:25.927  INFO 51168 --- [WebServer 33471] okhttp3.mockwebserver.MockWebServer      : MockWebServer[33471] done accepting connections: Socket closed
2024-05-17 18:39:25.932  INFO 51168 --- [WebServer 46689] okhttp3.mockwebserver.MockWebServer      : MockWebServer[46689] starting to accept connections
2024-05-17 18:39:25.935  INFO 51168 --- [WebServer 45587] okhttp3.mockwebserver.MockWebServer      : MockWebServer[45587] starting to accept connections
2024-05-17 18:39:25.936  INFO 51168 --- [WebServer 45587] okhttp3.mockwebserver.MockWebServer      : MockWebServer[45587] done accepting connections: Socket closed
2024-05-17 18:39:25.942  INFO 51168 --- [WebServer 38647] okhttp3.mockwebserver.MockWebServer      : MockWebServer[38647] starting to accept connections
2024-05-17 18:39:25.945  INFO 51168 --- [WebServer 54543] okhttp3.mockwebserver.MockWebServer      : MockWebServer[54543] starting to accept connections
2024-05-17 18:39:25.946  INFO 51168 --- [           main] s.c.k.f.c.Fabric8ConfigMapPropertySource : Loading ConfigMap with name 'my-config' in namespace 'default'
2024-05-17 18:39:26.044  INFO 51168 --- [127.0.0.1:47542] okhttp3.mockwebserver.MockWebServer      : MockWebServer[54543] received request: GET /api/v1/namespaces/default/configmaps/my-config HTTP/1.1 and responded: HTTP/1.1 500 Server Error
2024-05-17 18:39:26.084  INFO 51168 --- [WebServer 54543] okhttp3.mockwebserver.MockWebServer      : MockWebServer[54543] done accepting connections: Socket closed
2024-05-17 18:39:26.091  INFO 51168 --- [WebServer 51597] okhttp3.mockwebserver.MockWebServer      : MockWebServer[51597] starting to accept connections
2024-05-17 18:39:26.093  INFO 51168 --- [WebServer 59573] okhttp3.mockwebserver.MockWebServer      : MockWebServer[59573] starting to accept connections

  .   ____          _            __ _ _
 /\\ / ___'_ __ _ _(_)_ __  __ _ \ \ \ \
( ( )\___ | '_ | '_| | '_ \/ _` | \ \ \ \
 \\/  ___)| |_)| | | | | || (_| |  ) ) ) )
  '  |____| .__|_| |_|_| |_\__, | / / / /
 =========|_|==============|___/=/_/_/_/
 :: Spring Boot ::                (v2.6.3)

2024-05-17 18:39:26.196  INFO 51168 --- [           main] e.i.cs.testrunner.execution.Executor$    : No active profile set, falling back to default profiles: default
2024-05-17 18:39:26.208  INFO 51168 --- [           main] o.s.cloud.context.scope.GenericScope     : BeanFactory id=5adb76a5-ffff-3c5f-a60f-7f84faf1ce0f
2024-05-17 18:39:26.212  INFO 51168 --- [           main] e.i.cs.testrunner.execution.Executor$    : Started Executor. in 0.118 seconds (JVM running for 22.52)
2024-05-17 18:39:26.213  INFO 51168 --- [WebServer 59573] okhttp3.mockwebserver.MockWebServer      : MockWebServer[59573] done accepting connections: Socket closed
2024-05-17 18:39:26.219  INFO 51168 --- [WebServer 37501] okhttp3.mockwebserver.MockWebServer      : MockWebServer[37501] starting to accept connections
2024-05-17 18:39:26.220  INFO 51168 --- [WebServer 42465] okhttp3.mockwebserver.MockWebServer      : MockWebServer[42465] starting to accept connections
2024-05-17 18:39:26.272  WARN 51168 --- [           main] ubernetesProfileEnvironmentPostProcessor : Not running inside kubernetes. Skipping 'kubernetes' profile activation.

  .   ____          _            __ _ _
 /\\ / ___'_ __ _ _(_)_ __  __ _ \ \ \ \
( ( )\___ | '_ | '_| | '_ \/ _` | \ \ \ \
 \\/  ___)| |_)| | | | | || (_| |  ) ) ) )
  '  |____| .__|_| |_|_| |_\__, | / / / /
 =========|_|==============|___/=/_/_/_/
 :: Spring Boot ::                (v2.6.3)

2024-05-17 18:39:26.354  INFO 51168 --- [           main] s.c.k.f.c.Fabric8ConfigMapPropertySource : Loading ConfigMap with name 'application' in namespace 'default'
2024-05-17 18:39:26.451  INFO 51168 --- [127.0.0.1:52124] okhttp3.mockwebserver.MockWebServer      : MockWebServer[51299] received request: GET /api/v1/namespaces/default/configmaps/application HTTP/1.1 and responded: HTTP/1.1 404 Client Error
2024-05-17 18:39:26.453  INFO 51168 --- [           main] o.s.c.k.f.config.Fabric8ConfigUtils      : config-map with name : 'application' not present in namespace : 'default'
2024-05-17 18:39:26.453  INFO 51168 --- [           main] b.c.PropertySourceBootstrapConfiguration : Located property source: [BootstrapPropertySource {name='bootstrapProperties-configmap.application.default'}]
2024-05-17 18:39:26.456  WARN 51168 --- [           main] ubernetesProfileEnvironmentPostProcessor : Not running inside kubernetes. Skipping 'kubernetes' profile activation.
2024-05-17 18:39:26.456  INFO 51168 --- [           main] e.i.cs.testrunner.execution.Executor$    : No active profile set, falling back to default profiles: default
2024-05-17 18:39:26.471  INFO 51168 --- [           main] o.s.cloud.context.scope.GenericScope     : BeanFactory id=9e8f334d-ea3e-3bac-a635-d33d7314ddc7
2024-05-17 18:39:26.474  INFO 51168 --- [           main] e.i.cs.testrunner.execution.Executor$    : Started Executor. in 0.253 seconds (JVM running for 22.782)
2024-05-17 18:39:26.476  INFO 51168 --- [WebServer 42465] okhttp3.mockwebserver.MockWebServer      : MockWebServer[42465] done accepting connections: Socket closed
2024-05-17 18:39:26.482  INFO 51168 --- [WebServer 37051] okhttp3.mockwebserver.MockWebServer      : MockWebServer[37051] starting to accept connections
2024-05-17 18:39:26.486  INFO 51168 --- [WebServer 38345] okhttp3.mockwebserver.MockWebServer      : MockWebServer[38345] starting to accept connections
2024-05-17 18:39:26.487  INFO 51168 --- [           main] .b.t.c.SpringBootTestContextBootstrapper : Neither @ContextConfiguration nor @ContextHierarchy found for test class [org.springframework.cloud.kubernetes.fabric8.config.Fabric8SecretsPropertySourceLocatorRetryTests$SecretsRetryEnabled], using SpringBootContextLoader
2024-05-17 18:39:26.488  INFO 51168 --- [           main] o.s.t.c.support.AbstractContextLoader    : Could not detect default resource locations for test class [org.springframework.cloud.kubernetes.fabric8.config.Fabric8SecretsPropertySourceLocatorRetryTests$SecretsRetryEnabled]: no resource found for suffixes {-context.xml, Context.groovy}.
2024-05-17 18:39:26.490  INFO 51168 --- [           main] .b.t.c.SpringBootTestContextBootstrapper : Loaded default TestExecutionListener class names from location [META-INF/spring.factories]: [org.springframework.boot.test.mock.mockito.MockitoTestExecutionListener, org.springframework.boot.test.mock.mockito.ResetMocksTestExecutionListener, org.springframework.boot.test.autoconfigure.restdocs.RestDocsTestExecutionListener, org.springframework.boot.test.autoconfigure.web.client.MockRestServiceServerResetTestExecutionListener, org.springframework.boot.test.autoconfigure.web.servlet.MockMvcPrintOnlyOnFailureTestExecutionListener, org.springframework.boot.test.autoconfigure.web.servlet.WebDriverTestExecutionListener, org.springframework.boot.test.autoconfigure.webservices.client.MockWebServiceServerTestExecutionListener, org.springframework.test.context.web.ServletTestExecutionListener, org.springframework.test.context.support.DirtiesContextBeforeModesTestExecutionListener, org.springframework.test.context.event.ApplicationEventsTestExecutionListener, org.springframework.test.context.support.DependencyInjectionTestExecutionListener, org.springframework.test.context.support.DirtiesContextTestExecutionListener, org.springframework.test.context.transaction.TransactionalTestExecutionListener, org.springframework.test.context.jdbc.SqlScriptsTestExecutionListener, org.springframework.test.context.event.EventPublishingTestExecutionListener, org.spockframework.spring.SpringMockTestExecutionListener]
2024-05-17 18:39:26.492  INFO 51168 --- [           main] .b.t.c.SpringBootTestContextBootstrapper : Using TestExecutionListeners: [org.springframework.test.context.web.ServletTestExecutionListener@6f36c42, org.springframework.test.context.support.DirtiesContextBeforeModesTestExecutionListener@26753687, org.springframework.test.context.event.ApplicationEventsTestExecutionListener@765650e4, org.springframework.boot.test.mock.mockito.MockitoTestExecutionListener@307cf289, org.springframework.boot.test.autoconfigure.SpringBootDependencyInjectionTestExecutionListener@2df019b8, org.springframework.test.context.support.DirtiesContextTestExecutionListener@223ed38f, org.springframework.test.context.event.EventPublishingTestExecutionListener@66ab765c, org.springframework.boot.test.mock.mockito.ResetMocksTestExecutionListener@319428ba, org.springframework.boot.test.autoconfigure.restdocs.RestDocsTestExecutionListener@1c04dae9, org.springframework.boot.test.autoconfigure.web.client.MockRestServiceServerResetTestExecutionListener@4872d04d, org.springframework.boot.test.autoconfigure.web.servlet.MockMvcPrintOnlyOnFailureTestExecutionListener@75564689, org.springframework.boot.test.autoconfigure.web.servlet.WebDriverTestExecutionListener@65977161, org.springframework.boot.test.autoconfigure.webservices.client.MockWebServiceServerTestExecutionListener@5f7e2ca8, org.spockframework.spring.SpringMockTestExecutionListener@1d07fb2]
2024-05-17 18:39:26.552  WARN 51168 --- [           main] ubernetesProfileEnvironmentPostProcessor : Not running inside kubernetes. Skipping 'kubernetes' profile activation.
2024-05-17 18:39:26.593  INFO 51168 --- [           main] trationDelegate$BeanPostProcessorChecker : Bean 'org.springframework.retry.annotation.RetryConfiguration' of type [org.springframework.retry.annotation.RetryConfiguration] is not eligible for getting processed by all BeanPostProcessors (for example: not eligible for auto-proxying)

  .   ____          _            __ _ _
 /\\ / ___'_ __ _ _(_)_ __  __ _ \ \ \ \
( ( )\___ | '_ | '_| | '_ \/ _` | \ \ \ \
 \\/  ___)| |_)| | | | | || (_| |  ) ) ) )
  '  |____| .__|_| |_|_| |_\__, | / / / /
 =========|_|==============|___/=/_/_/_/
 :: Spring Boot ::                (v2.6.3)

2024-05-17 18:39:26.724  INFO 51168 --- [           main] s.c.k.f.c.Fabric8ConfigMapPropertySource : Loading ConfigMap with name 'application' in namespace 'default'
2024-05-17 18:39:26.822  INFO 51168 --- [127.0.0.1:57998] okhttp3.mockwebserver.MockWebServer      : MockWebServer[37051] received request: GET /api/v1/namespaces/default/configmaps/application HTTP/1.1 and responded: HTTP/1.1 404 Client Error
2024-05-17 18:39:26.825  INFO 51168 --- [           main] o.s.c.k.f.config.Fabric8ConfigUtils      : config-map with name : 'application' not present in namespace : 'default'
2024-05-17 18:39:26.826  INFO 51168 --- [           main] b.c.PropertySourceBootstrapConfiguration : Located property source: [BootstrapPropertySource {name='bootstrapProperties-configmap.application.default'}]
2024-05-17 18:39:26.834  INFO 51168 --- [           main] o.s.c.k.f.c.Fabric8SecretsPropertySource : Loading Secret with name 'my-secret' or with labels [{}] in namespace 'default'
2024-05-17 18:39:26.835  INFO 51168 --- [127.0.0.1:57998] okhttp3.mockwebserver.MockWebServer      : MockWebServer[37051] received request: GET /api/v1/namespaces/default/secrets/my-secret HTTP/1.1 and responded: HTTP/1.1 404 Client Error
2024-05-17 18:39:26.836  WARN 51168 --- [           main] o.s.c.k.f.c.Fabric8SecretsPropertySource : secret with name : my-secret in namespace : default not found
2024-05-17 18:39:26.837  INFO 51168 --- [127.0.0.1:57998] okhttp3.mockwebserver.MockWebServer      : MockWebServer[37051] received request: GET /api/v1/namespaces/default/secrets HTTP/1.1 and responded: HTTP/1.1 200 OK
2024-05-17 18:39:26.878  INFO 51168 --- [           main] b.c.PropertySourceBootstrapConfiguration : Located property source: [BootstrapPropertySource {name='bootstrapProperties-secrets.my-secret.default'}]
2024-05-17 18:39:26.881  WARN 51168 --- [           main] ubernetesProfileEnvironmentPostProcessor : Not running inside kubernetes. Skipping 'kubernetes' profile activation.
2024-05-17 18:39:26.881  INFO 51168 --- [           main] rceLocatorRetryTests$SecretsRetryEnabled : No active profile set, falling back to default profiles: default
2024-05-17 18:39:27.169  INFO 51168 --- [           main] o.s.cloud.context.scope.GenericScope     : BeanFactory id=94652287-2eb9-367e-b08b-eea09b3b2900
2024-05-17 18:39:27.566  INFO 51168 --- [           main] rceLocatorRetryTests$SecretsRetryEnabled : Started Fabric8SecretsPropertySourceLocatorRetryTests.SecretsRetryEnabled in 1.072 seconds (JVM running for 23.874)
2024-05-17 18:39:27.571  INFO 51168 --- [WebServer 46151] okhttp3.mockwebserver.MockWebServer      : MockWebServer[46151] starting to accept connections
2024-05-17 18:39:27.583  INFO 51168 --- [           main] o.s.c.k.f.c.Fabric8SecretsPropertySource : Loading Secret with name 'my-secret' or with labels [{}] in namespace 'default'
2024-05-17 18:39:27.584  INFO 51168 --- [127.0.0.1:57998] okhttp3.mockwebserver.MockWebServer      : MockWebServer[37051] received request: GET /api/v1/namespaces/default/secrets/my-secret HTTP/1.1 and responded: HTTP/1.1 500 Server Error
2024-05-17 18:39:28.587  INFO 51168 --- [           main] o.s.c.k.f.c.Fabric8SecretsPropertySource : Loading Secret with name 'my-secret' or with labels [{}] in namespace 'default'
2024-05-17 18:39:28.590  INFO 51168 --- [127.0.0.1:57998] okhttp3.mockwebserver.MockWebServer      : MockWebServer[37051] received request: GET /api/v1/namespaces/default/secrets/my-secret HTTP/1.1 and responded: HTTP/1.1 500 Server Error
2024-05-17 18:39:29.694  INFO 51168 --- [           main] o.s.c.k.f.c.Fabric8SecretsPropertySource : Loading Secret with name 'my-secret' or with labels [{}] in namespace 'default'
2024-05-17 18:39:29.698  INFO 51168 --- [127.0.0.1:57998] okhttp3.mockwebserver.MockWebServer      : MockWebServer[37051] received request: GET /api/v1/namespaces/default/secrets/my-secret HTTP/1.1 and responded: HTTP/1.1 500 Server Error
2024-05-17 18:39:30.913  INFO 51168 --- [           main] o.s.c.k.f.c.Fabric8SecretsPropertySource : Loading Secret with name 'my-secret' or with labels [{}] in namespace 'default'
2024-05-17 18:39:30.918  INFO 51168 --- [127.0.0.1:57998] okhttp3.mockwebserver.MockWebServer      : MockWebServer[37051] received request: GET /api/v1/namespaces/default/secrets/my-secret HTTP/1.1 and responded: HTTP/1.1 200 OK
2024-05-17 18:39:30.922  INFO 51168 --- [127.0.0.1:57998] okhttp3.mockwebserver.MockWebServer      : MockWebServer[37051] received request: GET /api/v1/namespaces/default/secrets HTTP/1.1 and responded: HTTP/1.1 200 OK
2024-05-17 18:39:30.973  INFO 51168 --- [WebServer 46151] okhttp3.mockwebserver.MockWebServer      : MockWebServer[46151] done accepting connections: Socket closed
2024-05-17 18:39:30.988  INFO 51168 --- [WebServer 42855] okhttp3.mockwebserver.MockWebServer      : MockWebServer[42855] starting to accept connections
2024-05-17 18:39:30.996  INFO 51168 --- [WebServer 55613] okhttp3.mockwebserver.MockWebServer      : MockWebServer[55613] starting to accept connections
2024-05-17 18:39:30.998  INFO 51168 --- [           main] .b.t.c.SpringBootTestContextBootstrapper : Neither @ContextConfiguration nor @ContextHierarchy found for test class [org.springframework.cloud.kubernetes.fabric8.config.Fabric8ConfigMapPropertySourceLocatorRetryTests$ConfigRetryDisabledButSecretsRetryEnabled], using SpringBootContextLoader
2024-05-17 18:39:31.000  INFO 51168 --- [           main] o.s.t.c.support.AbstractContextLoader    : Could not detect default resource locations for test class [org.springframework.cloud.kubernetes.fabric8.config.Fabric8ConfigMapPropertySourceLocatorRetryTests$ConfigRetryDisabledButSecretsRetryEnabled]: no resource found for suffixes {-context.xml, Context.groovy}.
2024-05-17 18:39:31.004  INFO 51168 --- [           main] .b.t.c.SpringBootTestContextBootstrapper : Loaded default TestExecutionListener class names from location [META-INF/spring.factories]: [org.springframework.boot.test.mock.mockito.MockitoTestExecutionListener, org.springframework.boot.test.mock.mockito.ResetMocksTestExecutionListener, org.springframework.boot.test.autoconfigure.restdocs.RestDocsTestExecutionListener, org.springframework.boot.test.autoconfigure.web.client.MockRestServiceServerResetTestExecutionListener, org.springframework.boot.test.autoconfigure.web.servlet.MockMvcPrintOnlyOnFailureTestExecutionListener, org.springframework.boot.test.autoconfigure.web.servlet.WebDriverTestExecutionListener, org.springframework.boot.test.autoconfigure.webservices.client.MockWebServiceServerTestExecutionListener, org.springframework.test.context.web.ServletTestExecutionListener, org.springframework.test.context.support.DirtiesContextBeforeModesTestExecutionListener, org.springframework.test.context.event.ApplicationEventsTestExecutionListener, org.springframework.test.context.support.DependencyInjectionTestExecutionListener, org.springframework.test.context.support.DirtiesContextTestExecutionListener, org.springframework.test.context.transaction.TransactionalTestExecutionListener, org.springframework.test.context.jdbc.SqlScriptsTestExecutionListener, org.springframework.test.context.event.EventPublishingTestExecutionListener, org.spockframework.spring.SpringMockTestExecutionListener]
2024-05-17 18:39:31.006  INFO 51168 --- [           main] .b.t.c.SpringBootTestContextBootstrapper : Using TestExecutionListeners: [org.springframework.test.context.web.ServletTestExecutionListener@741cb82c, org.springframework.test.context.support.DirtiesContextBeforeModesTestExecutionListener@db372b, org.springframework.test.context.event.ApplicationEventsTestExecutionListener@1e31e7e0, org.springframework.boot.test.mock.mockito.MockitoTestExecutionListener@a72bb34, org.springframework.boot.test.autoconfigure.SpringBootDependencyInjectionTestExecutionListener@1bbebf8e, org.springframework.test.context.support.DirtiesContextTestExecutionListener@4285b1bd, org.springframework.test.context.event.EventPublishingTestExecutionListener@539a50ea, org.springframework.boot.test.mock.mockito.ResetMocksTestExecutionListener@4caeeab6, org.springframework.boot.test.autoconfigure.restdocs.RestDocsTestExecutionListener@22027e62, org.springframework.boot.test.autoconfigure.web.client.MockRestServiceServerResetTestExecutionListener@4d652bc6, org.springframework.boot.test.autoconfigure.web.servlet.MockMvcPrintOnlyOnFailureTestExecutionListener@4cf93f80, org.springframework.boot.test.autoconfigure.web.servlet.WebDriverTestExecutionListener@77b987f3, org.springframework.boot.test.autoconfigure.webservices.client.MockWebServiceServerTestExecutionListener@46791608, org.spockframework.spring.SpringMockTestExecutionListener@22263e1a]
2024-05-17 18:39:31.050  WARN 51168 --- [           main] ubernetesProfileEnvironmentPostProcessor : Not running inside kubernetes. Skipping 'kubernetes' profile activation.
2024-05-17 18:39:31.076  INFO 51168 --- [           main] trationDelegate$BeanPostProcessorChecker : Bean 'org.springframework.retry.annotation.RetryConfiguration' of type [org.springframework.retry.annotation.RetryConfiguration] is not eligible for getting processed by all BeanPostProcessors (for example: not eligible for auto-proxying)

  .   ____          _            __ _ _
 /\\ / ___'_ __ _ _(_)_ __  __ _ \ \ \ \
( ( )\___ | '_ | '_| | '_ \/ _` | \ \ \ \
 \\/  ___)| |_)| | | | | || (_| |  ) ) ) )
  '  |____| .__|_| |_|_| |_\__, | / / / /
 =========|_|==============|___/=/_/_/_/
 :: Spring Boot ::                (v2.6.3)

2024-05-17 18:39:31.144  INFO 51168 --- [           main] s.c.k.f.c.Fabric8ConfigMapPropertySource : Loading ConfigMap with name 'application' in namespace 'default'
2024-05-17 18:39:31.240  INFO 51168 --- [127.0.0.1:36364] okhttp3.mockwebserver.MockWebServer      : MockWebServer[42855] received request: GET /api/v1/namespaces/default/configmaps/application HTTP/1.1 and responded: HTTP/1.1 404 Client Error
2024-05-17 18:39:31.253  INFO 51168 --- [           main] o.s.c.k.f.config.Fabric8ConfigUtils      : config-map with name : 'application' not present in namespace : 'default'
2024-05-17 18:39:31.253  INFO 51168 --- [           main] b.c.PropertySourceBootstrapConfiguration : Located property source: [BootstrapPropertySource {name='bootstrapProperties-configmap.application.default'}]
2024-05-17 18:39:31.266  WARN 51168 --- [           main] ubernetesProfileEnvironmentPostProcessor : Not running inside kubernetes. Skipping 'kubernetes' profile activation.
2024-05-17 18:39:31.267  INFO 51168 --- [           main] onfigRetryDisabledButSecretsRetryEnabled : No active profile set, falling back to default profiles: default
2024-05-17 18:39:31.567  INFO 51168 --- [           main] o.s.cloud.context.scope.GenericScope     : BeanFactory id=94652287-2eb9-367e-b08b-eea09b3b2900
2024-05-17 18:39:31.951  INFO 51168 --- [           main] onfigRetryDisabledButSecretsRetryEnabled : Started Fabric8ConfigMapPropertySourceLocatorRetryTests.ConfigRetryDisabledButSecretsRetryEnabled in 0.942 seconds (JVM running for 28.258)
2024-05-17 18:39:31.956  INFO 51168 --- [WebServer 55927] okhttp3.mockwebserver.MockWebServer      : MockWebServer[55927] starting to accept connections
2024-05-17 18:39:31.966  INFO 51168 --- [           main] s.c.k.f.c.Fabric8ConfigMapPropertySource : Loading ConfigMap with name 'application' in namespace 'default'
2024-05-17 18:39:31.968  INFO 51168 --- [127.0.0.1:36364] okhttp3.mockwebserver.MockWebServer      : MockWebServer[42855] received request: GET /api/v1/namespaces/default/configmaps/application HTTP/1.1 and responded: HTTP/1.1 500 Server Error
2024-05-17 18:39:31.972  INFO 51168 --- [WebServer 55927] okhttp3.mockwebserver.MockWebServer      : MockWebServer[55927] done accepting connections: Socket closed
2024-05-17 18:39:31.978  INFO 51168 --- [WebServer 43811] okhttp3.mockwebserver.MockWebServer      : MockWebServer[43811] starting to accept connections
2024-05-17 18:39:31.981  INFO 51168 --- [WebServer 33599] okhttp3.mockwebserver.MockWebServer      : MockWebServer[33599] starting to accept connections
2024-05-17 18:39:31.982  INFO 51168 --- [           main] .b.t.c.SpringBootTestContextBootstrapper : Neither @ContextConfiguration nor @ContextHierarchy found for test class [org.springframework.cloud.kubernetes.fabric8.config.Fabric8ConfigMapPropertySourceLocatorRetryTests$ConfigRetryEnabled], using SpringBootContextLoader
2024-05-17 18:39:31.983  INFO 51168 --- [           main] o.s.t.c.support.AbstractContextLoader    : Could not detect default resource locations for test class [org.springframework.cloud.kubernetes.fabric8.config.Fabric8ConfigMapPropertySourceLocatorRetryTests$ConfigRetryEnabled]: no resource found for suffixes {-context.xml, Context.groovy}.
2024-05-17 18:39:31.985  INFO 51168 --- [           main] .b.t.c.SpringBootTestContextBootstrapper : Loaded default TestExecutionListener class names from location [META-INF/spring.factories]: [org.springframework.boot.test.mock.mockito.MockitoTestExecutionListener, org.springframework.boot.test.mock.mockito.ResetMocksTestExecutionListener, org.springframework.boot.test.autoconfigure.restdocs.RestDocsTestExecutionListener, org.springframework.boot.test.autoconfigure.web.client.MockRestServiceServerResetTestExecutionListener, org.springframework.boot.test.autoconfigure.web.servlet.MockMvcPrintOnlyOnFailureTestExecutionListener, org.springframework.boot.test.autoconfigure.web.servlet.WebDriverTestExecutionListener, org.springframework.boot.test.autoconfigure.webservices.client.MockWebServiceServerTestExecutionListener, org.springframework.test.context.web.ServletTestExecutionListener, org.springframework.test.context.support.DirtiesContextBeforeModesTestExecutionListener, org.springframework.test.context.event.ApplicationEventsTestExecutionListener, org.springframework.test.context.support.DependencyInjectionTestExecutionListener, org.springframework.test.context.support.DirtiesContextTestExecutionListener, org.springframework.test.context.transaction.TransactionalTestExecutionListener, org.springframework.test.context.jdbc.SqlScriptsTestExecutionListener, org.springframework.test.context.event.EventPublishingTestExecutionListener, org.spockframework.spring.SpringMockTestExecutionListener]
2024-05-17 18:39:31.986  INFO 51168 --- [           main] .b.t.c.SpringBootTestContextBootstrapper : Using TestExecutionListeners: [org.springframework.test.context.web.ServletTestExecutionListener@10a199e0, org.springframework.test.context.support.DirtiesContextBeforeModesTestExecutionListener@4ca62855, org.springframework.test.context.event.ApplicationEventsTestExecutionListener@70a7ebc9, org.springframework.boot.test.mock.mockito.MockitoTestExecutionListener@1752ab9b, org.springframework.boot.test.autoconfigure.SpringBootDependencyInjectionTestExecutionListener@b205e08, org.springframework.test.context.support.DirtiesContextTestExecutionListener@76b93bb9, org.springframework.test.context.event.EventPublishingTestExecutionListener@398f6f04, org.springframework.boot.test.mock.mockito.ResetMocksTestExecutionListener@3b0305dd, org.springframework.boot.test.autoconfigure.restdocs.RestDocsTestExecutionListener@32daccab, org.springframework.boot.test.autoconfigure.web.client.MockRestServiceServerResetTestExecutionListener@d015dba, org.springframework.boot.test.autoconfigure.web.servlet.MockMvcPrintOnlyOnFailureTestExecutionListener@4f34f451, org.springframework.boot.test.autoconfigure.web.servlet.WebDriverTestExecutionListener@6c3a3d87, org.springframework.boot.test.autoconfigure.webservices.client.MockWebServiceServerTestExecutionListener@8611b3f, org.spockframework.spring.SpringMockTestExecutionListener@f0a6b04]
2024-05-17 18:39:32.031  WARN 51168 --- [           main] ubernetesProfileEnvironmentPostProcessor : Not running inside kubernetes. Skipping 'kubernetes' profile activation.
2024-05-17 18:39:32.074  INFO 51168 --- [           main] trationDelegate$BeanPostProcessorChecker : Bean 'org.springframework.retry.annotation.RetryConfiguration' of type [org.springframework.retry.annotation.RetryConfiguration] is not eligible for getting processed by all BeanPostProcessors (for example: not eligible for auto-proxying)

  .   ____          _            __ _ _
 /\\ / ___'_ __ _ _(_)_ __  __ _ \ \ \ \
( ( )\___ | '_ | '_| | '_ \/ _` | \ \ \ \
 \\/  ___)| |_)| | | | | || (_| |  ) ) ) )
  '  |____| .__|_| |_|_| |_\__, | / / / /
 =========|_|==============|___/=/_/_/_/
 :: Spring Boot ::                (v2.6.3)

2024-05-17 18:39:32.123  INFO 51168 --- [           main] s.c.k.f.c.Fabric8ConfigMapPropertySource : Loading ConfigMap with name 'application' in namespace 'default'
2024-05-17 18:39:32.219  INFO 51168 --- [127.0.0.1:36456] okhttp3.mockwebserver.MockWebServer      : MockWebServer[43811] received request: GET /api/v1/namespaces/default/configmaps/application HTTP/1.1 and responded: HTTP/1.1 404 Client Error
2024-05-17 18:39:32.221  INFO 51168 --- [           main] o.s.c.k.f.config.Fabric8ConfigUtils      : config-map with name : 'application' not present in namespace : 'default'
2024-05-17 18:39:32.221  INFO 51168 --- [           main] b.c.PropertySourceBootstrapConfiguration : Located property source: [BootstrapPropertySource {name='bootstrapProperties-configmap.application.default'}]
2024-05-17 18:39:32.224  WARN 51168 --- [           main] ubernetesProfileEnvironmentPostProcessor : Not running inside kubernetes. Skipping 'kubernetes' profile activation.
2024-05-17 18:39:32.224  INFO 51168 --- [           main] urceLocatorRetryTests$ConfigRetryEnabled : No active profile set, falling back to default profiles: default
2024-05-17 18:39:32.518  INFO 51168 --- [           main] o.s.cloud.context.scope.GenericScope     : BeanFactory id=94652287-2eb9-367e-b08b-eea09b3b2900
2024-05-17 18:39:32.901  INFO 51168 --- [           main] urceLocatorRetryTests$ConfigRetryEnabled : Started Fabric8ConfigMapPropertySourceLocatorRetryTests.ConfigRetryEnabled in 0.913 seconds (JVM running for 29.209)
2024-05-17 18:39:32.906  INFO 51168 --- [WebServer 37999] okhttp3.mockwebserver.MockWebServer      : MockWebServer[37999] starting to accept connections
2024-05-17 18:39:32.910  INFO 51168 --- [           main] s.c.k.f.c.Fabric8ConfigMapPropertySource : Loading ConfigMap with name 'application' in namespace 'default'
2024-05-17 18:39:32.911  INFO 51168 --- [127.0.0.1:36456] okhttp3.mockwebserver.MockWebServer      : MockWebServer[43811] received request: GET /api/v1/namespaces/default/configmaps/application HTTP/1.1 and responded: HTTP/1.1 500 Server Error
2024-05-17 18:39:33.914  INFO 51168 --- [           main] s.c.k.f.c.Fabric8ConfigMapPropertySource : Loading ConfigMap with name 'application' in namespace 'default'
2024-05-17 18:39:33.917  INFO 51168 --- [127.0.0.1:36456] okhttp3.mockwebserver.MockWebServer      : MockWebServer[43811] received request: GET /api/v1/namespaces/default/configmaps/application HTTP/1.1 and responded: HTTP/1.1 500 Server Error
2024-05-17 18:39:35.021  INFO 51168 --- [           main] s.c.k.f.c.Fabric8ConfigMapPropertySource : Loading ConfigMap with name 'application' in namespace 'default'
2024-05-17 18:39:35.024  INFO 51168 --- [127.0.0.1:36456] okhttp3.mockwebserver.MockWebServer      : MockWebServer[43811] received request: GET /api/v1/namespaces/default/configmaps/application HTTP/1.1 and responded: HTTP/1.1 500 Server Error
2024-05-17 18:39:36.238  INFO 51168 --- [           main] s.c.k.f.c.Fabric8ConfigMapPropertySource : Loading ConfigMap with name 'application' in namespace 'default'
2024-05-17 18:39:36.242  INFO 51168 --- [127.0.0.1:36456] okhttp3.mockwebserver.MockWebServer      : MockWebServer[43811] received request: GET /api/v1/namespaces/default/configmaps/application HTTP/1.1 and responded: HTTP/1.1 500 Server Error
2024-05-17 18:39:37.577  INFO 51168 --- [           main] s.c.k.f.c.Fabric8ConfigMapPropertySource : Loading ConfigMap with name 'application' in namespace 'default'
2024-05-17 18:39:37.580  INFO 51168 --- [127.0.0.1:36456] okhttp3.mockwebserver.MockWebServer      : MockWebServer[43811] received request: GET /api/v1/namespaces/default/configmaps/application HTTP/1.1 and responded: HTTP/1.1 500 Server Error
2024-05-17 18:39:37.591  INFO 51168 --- [WebServer 37999] okhttp3.mockwebserver.MockWebServer      : MockWebServer[37999] done accepting connections: Socket closed
2024-05-17 18:39:37.606  INFO 51168 --- [WebServer 45027] okhttp3.mockwebserver.MockWebServer      : MockWebServer[45027] starting to accept connections
2024-05-17 18:39:37.611  INFO 51168 --- [WebServer 60591] okhttp3.mockwebserver.MockWebServer      : MockWebServer[60591] starting to accept connections
2024-05-17 18:39:37.612  INFO 51168 --- [           main] .b.t.c.SpringBootTestContextBootstrapper : Neither @ContextConfiguration nor @ContextHierarchy found for test class [org.springframework.cloud.kubernetes.fabric8.config.Fabric8ConfigMapPropertySourceLocatorRetryTests$ConfigRetryEnabled], using SpringBootContextLoader
2024-05-17 18:39:37.613  INFO 51168 --- [           main] o.s.t.c.support.AbstractContextLoader    : Could not detect default resource locations for test class [org.springframework.cloud.kubernetes.fabric8.config.Fabric8ConfigMapPropertySourceLocatorRetryTests$ConfigRetryEnabled]: no resource found for suffixes {-context.xml, Context.groovy}.
2024-05-17 18:39:37.615  INFO 51168 --- [           main] .b.t.c.SpringBootTestContextBootstrapper : Loaded default TestExecutionListener class names from location [META-INF/spring.factories]: [org.springframework.boot.test.mock.mockito.MockitoTestExecutionListener, org.springframework.boot.test.mock.mockito.ResetMocksTestExecutionListener, org.springframework.boot.test.autoconfigure.restdocs.RestDocsTestExecutionListener, org.springframework.boot.test.autoconfigure.web.client.MockRestServiceServerResetTestExecutionListener, org.springframework.boot.test.autoconfigure.web.servlet.MockMvcPrintOnlyOnFailureTestExecutionListener, org.springframework.boot.test.autoconfigure.web.servlet.WebDriverTestExecutionListener, org.springframework.boot.test.autoconfigure.webservices.client.MockWebServiceServerTestExecutionListener, org.springframework.test.context.web.ServletTestExecutionListener, org.springframework.test.context.support.DirtiesContextBeforeModesTestExecutionListener, org.springframework.test.context.event.ApplicationEventsTestExecutionListener, org.springframework.test.context.support.DependencyInjectionTestExecutionListener, org.springframework.test.context.support.DirtiesContextTestExecutionListener, org.springframework.test.context.transaction.TransactionalTestExecutionListener, org.springframework.test.context.jdbc.SqlScriptsTestExecutionListener, org.springframework.test.context.event.EventPublishingTestExecutionListener, org.spockframework.spring.SpringMockTestExecutionListener]
2024-05-17 18:39:37.617  INFO 51168 --- [           main] .b.t.c.SpringBootTestContextBootstrapper : Using TestExecutionListeners: [org.springframework.test.context.web.ServletTestExecutionListener@23243385, org.springframework.test.context.support.DirtiesContextBeforeModesTestExecutionListener@5f83fdf6, org.springframework.test.context.event.ApplicationEventsTestExecutionListener@7dc155b3, org.springframework.boot.test.mock.mockito.MockitoTestExecutionListener@725f1346, org.springframework.boot.test.autoconfigure.SpringBootDependencyInjectionTestExecutionListener@7065ae93, org.springframework.test.context.support.DirtiesContextTestExecutionListener@30c98124, org.springframework.test.context.event.EventPublishingTestExecutionListener@47523643, org.springframework.boot.test.mock.mockito.ResetMocksTestExecutionListener@4d9dd8cc, org.springframework.boot.test.autoconfigure.restdocs.RestDocsTestExecutionListener@10d1f6da, org.springframework.boot.test.autoconfigure.web.client.MockRestServiceServerResetTestExecutionListener@6ced9545, org.springframework.boot.test.autoconfigure.web.servlet.MockMvcPrintOnlyOnFailureTestExecutionListener@3adb46b5, org.springframework.boot.test.autoconfigure.web.servlet.WebDriverTestExecutionListener@1923a29a, org.springframework.boot.test.autoconfigure.webservices.client.MockWebServiceServerTestExecutionListener@6dbf042, org.spockframework.spring.SpringMockTestExecutionListener@61c0a61]
2024-05-17 18:39:37.622  INFO 51168 --- [WebServer 35585] okhttp3.mockwebserver.MockWebServer      : MockWebServer[35585] starting to accept connections
2024-05-17 18:39:37.627  INFO 51168 --- [           main] s.c.k.f.c.Fabric8ConfigMapPropertySource : Loading ConfigMap with name 'application' in namespace 'default'
2024-05-17 18:39:37.628  INFO 51168 --- [127.0.0.1:36456] okhttp3.mockwebserver.MockWebServer      : MockWebServer[43811] received request: GET /api/v1/namespaces/default/configmaps/application HTTP/1.1 and responded: HTTP/1.1 404 Client Error
2024-05-17 18:39:37.628  INFO 51168 --- [           main] o.s.c.k.f.config.Fabric8ConfigUtils      : config-map with name : 'application' not present in namespace : 'default'
2024-05-17 18:39:37.637  INFO 51168 --- [WebServer 35585] okhttp3.mockwebserver.MockWebServer      : MockWebServer[35585] done accepting connections: Socket closed
org.opentest4j.AssertionFailedError: 
expected: "theValue"
 but was: null
	at sun.reflect.NativeConstructorAccessorImpl.newInstance0(Native Method)
	at sun.reflect.NativeConstructorAccessorImpl.newInstance(NativeConstructorAccessorImpl.java:62)
	at sun.reflect.DelegatingConstructorAccessorImpl.newInstance(DelegatingConstructorAccessorImpl.java:45)
	at org.springframework.cloud.kubernetes.fabric8.config.Fabric8ConfigMapPropertySourceLocatorRetryTests$ConfigRetryEnabled.locateShouldNotRetryWhenThereIsNoFailure(Fabric8ConfigMapPropertySourceLocatorRetryTests.java:96)
	at sun.reflect.NativeMethodAccessorImpl.invoke0(Native Method)
	at sun.reflect.NativeMethodAccessorImpl.invoke(NativeMethodAccessorImpl.java:62)
	at sun.reflect.DelegatingMethodAccessorImpl.invoke(DelegatingMethodAccessorImpl.java:43)
	at java.lang.reflect.Method.invoke(Method.java:498)
	at org.junit.platform.commons.util.ReflectionUtils.invokeMethod(ReflectionUtils.java:725)
	at org.junit.jupiter.engine.execution.MethodInvocation.proceed(MethodInvocation.java:60)
	at org.junit.jupiter.engine.execution.InvocationInterceptorChain$ValidatingInvocation.proceed(InvocationInterceptorChain.java:131)
	at org.junit.jupiter.engine.extension.TimeoutExtension.intercept(TimeoutExtension.java:149)
	at org.junit.jupiter.engine.extension.TimeoutExtension.interceptTestableMethod(TimeoutExtension.java:140)
	at org.junit.jupiter.engine.extension.TimeoutExtension.interceptTestMethod(TimeoutExtension.java:84)
	at org.junit.jupiter.engine.execution.ExecutableInvoker$ReflectiveInterceptorCall.lambda$ofVoidMethod$0(ExecutableInvoker.java:115)
	at org.junit.jupiter.engine.execution.ExecutableInvoker.lambda$invoke$0(ExecutableInvoker.java:105)
	at org.junit.jupiter.engine.execution.InvocationInterceptorChain$InterceptedInvocation.proceed(InvocationInterceptorChain.java:106)
	at org.junit.jupiter.engine.execution.InvocationInterceptorChain.proceed(InvocationInterceptorChain.java:64)
	at org.junit.jupiter.engine.execution.InvocationInterceptorChain.chainAndInvoke(InvocationInterceptorChain.java:45)
	at org.junit.jupiter.engine.execution.InvocationInterceptorChain.invoke(InvocationInterceptorChain.java:37)
	at org.junit.jupiter.engine.execution.ExecutableInvoker.invoke(ExecutableInvoker.java:104)
	at org.junit.jupiter.engine.execution.ExecutableInvoker.invoke(ExecutableInvoker.java:98)
	at org.junit.jupiter.engine.descriptor.TestMethodTestDescriptor.lambda$invokeTestMethod$7(TestMethodTestDescriptor.java:214)
	at org.junit.platform.engine.support.hierarchical.ThrowableCollector.execute(ThrowableCollector.java:73)
	at org.junit.jupiter.engine.descriptor.TestMethodTestDescriptor.invokeTestMethod(TestMethodTestDescriptor.java:210)
	at org.junit.jupiter.engine.descriptor.TestMethodTestDescriptor.execute(TestMethodTestDescriptor.java:135)
	at org.junit.jupiter.engine.descriptor.TestMethodTestDescriptor.execute(TestMethodTestDescriptor.java:66)
	at org.junit.platform.engine.support.hierarchical.NodeTestTask.lambda$executeRecursively$6(NodeTestTask.java:151)
	at org.junit.platform.engine.support.hierarchical.ThrowableCollector.execute(ThrowableCollector.java:73)
	at org.junit.platform.engine.support.hierarchical.NodeTestTask.lambda$executeRecursively$8(NodeTestTask.java:141)
	at org.junit.platform.engine.support.hierarchical.Node.around(Node.java:137)
	at org.junit.platform.engine.support.hierarchical.NodeTestTask.lambda$executeRecursively$9(NodeTestTask.java:139)
	at org.junit.platform.engine.support.hierarchical.ThrowableCollector.execute(ThrowableCollector.java:73)
	at org.junit.platform.engine.support.hierarchical.NodeTestTask.executeRecursively(NodeTestTask.java:138)
	at org.junit.platform.engine.support.hierarchical.NodeTestTask.execute(NodeTestTask.java:95)
	at java.util.ArrayList.forEach(ArrayList.java:1259)
	at org.junit.platform.engine.support.hierarchical.SameThreadHierarchicalTestExecutorService.invokeAll(SameThreadHierarchicalTestExecutorService.java:41)
	at org.junit.platform.engine.support.hierarchical.NodeTestTask.lambda$executeRecursively$6(NodeTestTask.java:155)
	at org.junit.platform.engine.support.hierarchical.ThrowableCollector.execute(ThrowableCollector.java:73)
	at org.junit.platform.engine.support.hierarchical.NodeTestTask.lambda$executeRecursively$8(NodeTestTask.java:141)
	at org.junit.platform.engine.support.hierarchical.Node.around(Node.java:137)
	at org.junit.platform.engine.support.hierarchical.NodeTestTask.lambda$executeRecursively$9(NodeTestTask.java:139)
	at org.junit.platform.engine.support.hierarchical.ThrowableCollector.execute(ThrowableCollector.java:73)
	at org.junit.platform.engine.support.hierarchical.NodeTestTask.executeRecursively(NodeTestTask.java:138)
	at org.junit.platform.engine.support.hierarchical.NodeTestTask.execute(NodeTestTask.java:95)
	at java.util.ArrayList.forEach(ArrayList.java:1259)
	at org.junit.platform.engine.support.hierarchical.SameThreadHierarchicalTestExecutorService.invokeAll(SameThreadHierarchicalTestExecutorService.java:41)
	at org.junit.platform.engine.support.hierarchical.NodeTestTask.lambda$executeRecursively$6(NodeTestTask.java:155)
	at org.junit.platform.engine.support.hierarchical.ThrowableCollector.execute(ThrowableCollector.java:73)
	at org.junit.platform.engine.support.hierarchical.NodeTestTask.lambda$executeRecursively$8(NodeTestTask.java:141)
	at org.junit.platform.engine.support.hierarchical.Node.around(Node.java:137)
	at org.junit.platform.engine.support.hierarchical.NodeTestTask.lambda$executeRecursively$9(NodeTestTask.java:139)
	at org.junit.platform.engine.support.hierarchical.ThrowableCollector.execute(ThrowableCollector.java:73)
	at org.junit.platform.engine.support.hierarchical.NodeTestTask.executeRecursively(NodeTestTask.java:138)
	at org.junit.platform.engine.support.hierarchical.NodeTestTask.execute(NodeTestTask.java:95)
	at java.util.ArrayList.forEach(ArrayList.java:1259)
	at org.junit.platform.engine.support.hierarchical.SameThreadHierarchicalTestExecutorService.invokeAll(SameThreadHierarchicalTestExecutorService.java:41)
	at org.junit.platform.engine.support.hierarchical.NodeTestTask.lambda$executeRecursively$6(NodeTestTask.java:155)
	at org.junit.platform.engine.support.hierarchical.ThrowableCollector.execute(ThrowableCollector.java:73)
	at org.junit.platform.engine.support.hierarchical.NodeTestTask.lambda$executeRecursively$8(NodeTestTask.java:141)
	at org.junit.platform.engine.support.hierarchical.Node.around(Node.java:137)
	at org.junit.platform.engine.support.hierarchical.NodeTestTask.lambda$executeRecursively$9(NodeTestTask.java:139)
	at org.junit.platform.engine.support.hierarchical.ThrowableCollector.execute(ThrowableCollector.java:73)
	at org.junit.platform.engine.support.hierarchical.NodeTestTask.executeRecursively(NodeTestTask.java:138)
	at org.junit.platform.engine.support.hierarchical.NodeTestTask.execute(NodeTestTask.java:95)
	at org.junit.platform.engine.support.hierarchical.SameThreadHierarchicalTestExecutorService.submit(SameThreadHierarchicalTestExecutorService.java:35)
	at org.junit.platform.engine.support.hierarchical.HierarchicalTestExecutor.execute(HierarchicalTestExecutor.java:57)
	at org.junit.platform.engine.support.hierarchical.HierarchicalTestEngine.execute(HierarchicalTestEngine.java:54)
	at org.junit.platform.launcher.core.DefaultLauncher.execute(DefaultLauncher.java:170)
	at org.junit.platform.launcher.core.DefaultLauncher.execute(DefaultLauncher.java:154)
	at org.junit.platform.launcher.core.DefaultLauncher.execute(DefaultLauncher.java:90)
	at edu.illinois.cs.testrunner.execution.JUnit5TestExecutor.runTestsSeparately(JUnit5TestExecutor.java:40)
	at edu.illinois.cs.testrunner.execution.Executor$.$anonfun$run$1(Executor.scala:33)
	at scala.runtime.java8.JFunction0$mcV$sp.apply(JFunction0$mcV$sp.java:12)
	at scala.util.Try$.apply(Try.scala:209)
	at edu.illinois.cs.testrunner.execution.Executor$.run(Executor.scala:28)
	at edu.illinois.cs.testrunner.execution.Executor$.main(Executor.scala:18)
	at edu.illinois.cs.testrunner.execution.Executor.main(Executor.scala)
2024-05-17 18:39:37.643  INFO 51168 --- [WebServer 35211] okhttp3.mockwebserver.MockWebServer      : MockWebServer[35211] starting to accept connections
2024-05-17 18:39:37.645  INFO 51168 --- [WebServer 46655] okhttp3.mockwebserver.MockWebServer      : MockWebServer[46655] starting to accept connections
2024-05-17 18:39:37.646  INFO 51168 --- [WebServer 46655] okhttp3.mockwebserver.MockWebServer      : MockWebServer[46655] done accepting connections: Socket closed
2024-05-17 18:39:37.650  INFO 51168 --- [WebServer 42355] okhttp3.mockwebserver.MockWebServer      : MockWebServer[42355] starting to accept connections
2024-05-17 18:39:37.652  INFO 51168 --- [WebServer 50295] okhttp3.mockwebserver.MockWebServer      : MockWebServer[50295] starting to accept connections
2024-05-17 18:39:37.653  INFO 51168 --- [WebServer 50295] okhttp3.mockwebserver.MockWebServer      : MockWebServer[50295] done accepting connections: Socket closed
2024-05-17 18:39:37.658  INFO 51168 --- [           main] .b.t.c.SpringBootTestContextBootstrapper : Neither @ContextConfiguration nor @ContextHierarchy found for test class [org.springframework.cloud.kubernetes.fabric8.config.ConfigMapWithPrefixTests], using SpringBootContextLoader
2024-05-17 18:39:37.659  INFO 51168 --- [           main] o.s.t.c.support.AbstractContextLoader    : Could not detect default resource locations for test class [org.springframework.cloud.kubernetes.fabric8.config.ConfigMapWithPrefixTests]: no resource found for suffixes {-context.xml, Context.groovy}.
2024-05-17 18:39:37.661  INFO 51168 --- [           main] .b.t.c.SpringBootTestContextBootstrapper : Loaded default TestExecutionListener class names from location [META-INF/spring.factories]: [org.springframework.boot.test.mock.mockito.MockitoTestExecutionListener, org.springframework.boot.test.mock.mockito.ResetMocksTestExecutionListener, org.springframework.boot.test.autoconfigure.restdocs.RestDocsTestExecutionListener, org.springframework.boot.test.autoconfigure.web.client.MockRestServiceServerResetTestExecutionListener, org.springframework.boot.test.autoconfigure.web.servlet.MockMvcPrintOnlyOnFailureTestExecutionListener, org.springframework.boot.test.autoconfigure.web.servlet.WebDriverTestExecutionListener, org.springframework.boot.test.autoconfigure.webservices.client.MockWebServiceServerTestExecutionListener, org.springframework.test.context.web.ServletTestExecutionListener, org.springframework.test.context.support.DirtiesContextBeforeModesTestExecutionListener, org.springframework.test.context.event.ApplicationEventsTestExecutionListener, org.springframework.test.context.support.DependencyInjectionTestExecutionListener, org.springframework.test.context.support.DirtiesContextTestExecutionListener, org.springframework.test.context.transaction.TransactionalTestExecutionListener, org.springframework.test.context.jdbc.SqlScriptsTestExecutionListener, org.springframework.test.context.event.EventPublishingTestExecutionListener, org.spockframework.spring.SpringMockTestExecutionListener]
2024-05-17 18:39:37.664  INFO 51168 --- [           main] .b.t.c.SpringBootTestContextBootstrapper : Using TestExecutionListeners: [org.springframework.test.context.web.ServletTestExecutionListener@4a28852d, org.springframework.test.context.support.DirtiesContextBeforeModesTestExecutionListener@478b5a43, org.springframework.test.context.event.ApplicationEventsTestExecutionListener@2fc8e9b8, org.springframework.boot.test.mock.mockito.MockitoTestExecutionListener@1f978bb1, org.springframework.boot.test.autoconfigure.SpringBootDependencyInjectionTestExecutionListener@11987483, org.springframework.test.context.support.DirtiesContextTestExecutionListener@c5c7db1, org.springframework.test.context.event.EventPublishingTestExecutionListener@64b1d0ab, org.springframework.boot.test.mock.mockito.ResetMocksTestExecutionListener@4758158f, org.springframework.boot.test.autoconfigure.restdocs.RestDocsTestExecutionListener@15364d8b, org.springframework.boot.test.autoconfigure.web.client.MockRestServiceServerResetTestExecutionListener@7a680b69, org.springframework.boot.test.autoconfigure.web.servlet.MockMvcPrintOnlyOnFailureTestExecutionListener@10b6a807, org.springframework.boot.test.autoconfigure.web.servlet.WebDriverTestExecutionListener@17c533f3, org.springframework.boot.test.autoconfigure.webservices.client.MockWebServiceServerTestExecutionListener@30386e95, org.spockframework.spring.SpringMockTestExecutionListener@ab118b8]
2024-05-17 18:39:37.666  INFO 51168 --- [WebServer 39107] okhttp3.mockwebserver.MockWebServer      : MockWebServer[39107] starting to accept connections
2024-05-17 18:39:37.669  INFO 51168 --- [127.0.0.1:39518] okhttp3.mockwebserver.MockWebServer      : MockWebServer[39107] received request: POST /api/v1/namespaces/spring-k8s/configmaps HTTP/1.1 and responded: HTTP/1.1 200 OK
2024-05-17 18:39:37.673  INFO 51168 --- [127.0.0.1:39518] okhttp3.mockwebserver.MockWebServer      : MockWebServer[39107] received request: POST /api/v1/namespaces/spring-k8s/configmaps HTTP/1.1 and responded: HTTP/1.1 200 OK
2024-05-17 18:39:37.719  INFO 51168 --- [127.0.0.1:39518] okhttp3.mockwebserver.MockWebServer      : MockWebServer[39107] received request: POST /api/v1/namespaces/spring-k8s/configmaps HTTP/1.1 and responded: HTTP/1.1 200 OK
2024-05-17 18:39:37.825  WARN 51168 --- [           main] ubernetesProfileEnvironmentPostProcessor : Not running inside kubernetes. Skipping 'kubernetes' profile activation.

  .   ____          _            __ _ _
 /\\ / ___'_ __ _ _(_)_ __  __ _ \ \ \ \
( ( )\___ | '_ | '_| | '_ \/ _` | \ \ \ \
 \\/  ___)| |_)| | | | | || (_| |  ) ) ) )
  '  |____| .__|_| |_|_| |_\__, | / / / /
 =========|_|==============|___/=/_/_/_/
 :: Spring Boot ::                (v2.6.3)

2024-05-17 18:39:37.912  INFO 51168 --- [           main] s.c.k.f.c.Fabric8ConfigMapPropertySource : Loading ConfigMap with name 'config-map-one' in namespace 'spring-k8s'
2024-05-17 18:39:37.915  INFO 51168 --- [127.0.0.1:39530] okhttp3.mockwebserver.MockWebServer      : MockWebServer[39107] received request: GET /api/v1/namespaces/spring-k8s/configmaps/config-map-one HTTP/1.1 and responded: HTTP/1.1 200 OK
2024-05-17 18:39:37.918  INFO 51168 --- [           main] s.c.k.f.c.Fabric8ConfigMapPropertySource : Loading ConfigMap with name 'config-map-two' in namespace 'spring-k8s'
2024-05-17 18:39:37.919  INFO 51168 --- [127.0.0.1:39530] okhttp3.mockwebserver.MockWebServer      : MockWebServer[39107] received request: GET /api/v1/namespaces/spring-k8s/configmaps/config-map-two HTTP/1.1 and responded: HTTP/1.1 200 OK
2024-05-17 18:39:37.961  INFO 51168 --- [           main] s.c.k.f.c.Fabric8ConfigMapPropertySource : Loading ConfigMap with name 'config-map-three' in namespace 'spring-k8s'
2024-05-17 18:39:37.962  INFO 51168 --- [127.0.0.1:39530] okhttp3.mockwebserver.MockWebServer      : MockWebServer[39107] received request: GET /api/v1/namespaces/spring-k8s/configmaps/config-map-three HTTP/1.1 and responded: HTTP/1.1 200 OK
2024-05-17 18:39:38.004  INFO 51168 --- [           main] b.c.PropertySourceBootstrapConfiguration : Located property source: [BootstrapPropertySource {name='bootstrapProperties-configmap.config-map-three.spring-k8s'}, BootstrapPropertySource {name='bootstrapProperties-configmap.config-map-two.spring-k8s'}, BootstrapPropertySource {name='bootstrapProperties-configmap.config-map-one.spring-k8s'}]
2024-05-17 18:39:38.016  WARN 51168 --- [           main] ubernetesProfileEnvironmentPostProcessor : Not running inside kubernetes. Skipping 'kubernetes' profile activation.
2024-05-17 18:39:38.016  INFO 51168 --- [           main] o.s.c.k.f.c.ConfigMapWithPrefixTests     : No active profile set, falling back to default profiles: default
2024-05-17 18:39:38.196  INFO 51168 --- [           main] o.s.cloud.context.scope.GenericScope     : BeanFactory id=1367d525-e9cf-3080-b335-95bb990e6dec
2024-05-17 18:39:38.279  INFO 51168 --- [           main] o.s.b.w.embedded.tomcat.TomcatWebServer  : Tomcat initialized with port(s): 0 (http)
2024-05-17 18:39:38.280  INFO 51168 --- [           main] o.apache.catalina.core.StandardService   : Starting service [Tomcat]
2024-05-17 18:39:38.280  INFO 51168 --- [           main] org.apache.catalina.core.StandardEngine  : Starting Servlet engine: [Apache Tomcat/9.0.56]
2024-05-17 18:39:38.292  INFO 51168 --- [           main] o.a.c.c.C.[Tomcat-8].[localhost].[/]     : Initializing Spring embedded WebApplicationContext
2024-05-17 18:39:38.292  INFO 51168 --- [           main] w.s.c.ServletWebServerApplicationContext : Root WebApplicationContext: initialization completed in 273 ms
2024-05-17 18:39:38.902  INFO 51168 --- [           main] o.s.b.a.e.web.EndpointLinksResolver      : Exposing 1 endpoint(s) beneath base path '/actuator'
2024-05-17 18:39:38.942  INFO 51168 --- [           main] o.s.b.w.embedded.tomcat.TomcatWebServer  : Tomcat started on port(s): 43203 (http) with context path ''
2024-05-17 18:39:38.950  INFO 51168 --- [           main] o.s.c.k.f.c.ConfigMapWithPrefixTests     : Started ConfigMapWithPrefixTests in 1.187 seconds (JVM running for 35.258)
2024-05-17 18:39:38.974  INFO 51168 --- [WebServer 42139] okhttp3.mockwebserver.MockWebServer      : MockWebServer[42139] starting to accept connections
2024-05-17 18:39:38.983  INFO 51168 --- [o-auto-9-exec-1] o.a.c.c.C.[Tomcat-8].[localhost].[/]     : Initializing Spring DispatcherServlet 'dispatcherServlet'
2024-05-17 18:39:38.983  INFO 51168 --- [o-auto-9-exec-1] o.s.web.servlet.DispatcherServlet        : Initializing Servlet 'dispatcherServlet'
2024-05-17 18:39:38.984  INFO 51168 --- [o-auto-9-exec-1] o.s.web.servlet.DispatcherServlet        : Completed initialization in 1 ms
2024-05-17 18:39:38.995  INFO 51168 --- [WebServer 42139] okhttp3.mockwebserver.MockWebServer      : MockWebServer[42139] done accepting connections: Socket closed
2024-05-17 18:39:38.999  INFO 51168 --- [           main] .b.t.c.SpringBootTestContextBootstrapper : Neither @ContextConfiguration nor @ContextHierarchy found for test class [org.springframework.cloud.kubernetes.fabric8.config.ConfigMapsMixedTests], using SpringBootContextLoader
2024-05-17 18:39:39.000  INFO 51168 --- [           main] o.s.t.c.support.AbstractContextLoader    : Could not detect default resource locations for test class [org.springframework.cloud.kubernetes.fabric8.config.ConfigMapsMixedTests]: no resource found for suffixes {-context.xml, Context.groovy}.
2024-05-17 18:39:39.001  INFO 51168 --- [           main] .b.t.c.SpringBootTestContextBootstrapper : Loaded default TestExecutionListener class names from location [META-INF/spring.factories]: [org.springframework.boot.test.mock.mockito.MockitoTestExecutionListener, org.springframework.boot.test.mock.mockito.ResetMocksTestExecutionListener, org.springframework.boot.test.autoconfigure.restdocs.RestDocsTestExecutionListener, org.springframework.boot.test.autoconfigure.web.client.MockRestServiceServerResetTestExecutionListener, org.springframework.boot.test.autoconfigure.web.servlet.MockMvcPrintOnlyOnFailureTestExecutionListener, org.springframework.boot.test.autoconfigure.web.servlet.WebDriverTestExecutionListener, org.springframework.boot.test.autoconfigure.webservices.client.MockWebServiceServerTestExecutionListener, org.springframework.test.context.web.ServletTestExecutionListener, org.springframework.test.context.support.DirtiesContextBeforeModesTestExecutionListener, org.springframework.test.context.event.ApplicationEventsTestExecutionListener, org.springframework.test.context.support.DependencyInjectionTestExecutionListener, org.springframework.test.context.support.DirtiesContextTestExecutionListener, org.springframework.test.context.transaction.TransactionalTestExecutionListener, org.springframework.test.context.jdbc.SqlScriptsTestExecutionListener, org.springframework.test.context.event.EventPublishingTestExecutionListener, org.spockframework.spring.SpringMockTestExecutionListener]
2024-05-17 18:39:39.002  INFO 51168 --- [           main] .b.t.c.SpringBootTestContextBootstrapper : Using TestExecutionListeners: [org.springframework.test.context.web.ServletTestExecutionListener@230d0018, org.springframework.test.context.support.DirtiesContextBeforeModesTestExecutionListener@2c7178ed, org.springframework.test.context.event.ApplicationEventsTestExecutionListener@5002fc11, org.springframework.boot.test.mock.mockito.MockitoTestExecutionListener@695d8186, org.springframework.boot.test.autoconfigure.SpringBootDependencyInjectionTestExecutionListener@221b4175, org.springframework.test.context.support.DirtiesContextTestExecutionListener@58ae3cb, org.springframework.test.context.event.EventPublishingTestExecutionListener@42af751f, org.springframework.boot.test.mock.mockito.ResetMocksTestExecutionListener@477b8d7d, org.springframework.boot.test.autoconfigure.restdocs.RestDocsTestExecutionListener@3f937c0e, org.springframework.boot.test.autoconfigure.web.client.MockRestServiceServerResetTestExecutionListener@6d55448c, org.springframework.boot.test.autoconfigure.web.servlet.MockMvcPrintOnlyOnFailureTestExecutionListener@54ebd3b4, org.springframework.boot.test.autoconfigure.web.servlet.WebDriverTestExecutionListener@4f60ac31, org.springframework.boot.test.autoconfigure.webservices.client.MockWebServiceServerTestExecutionListener@6b37cadf, org.spockframework.spring.SpringMockTestExecutionListener@2c018211]
2024-05-17 18:39:39.004  INFO 51168 --- [WebServer 46585] okhttp3.mockwebserver.MockWebServer      : MockWebServer[46585] starting to accept connections
2024-05-17 18:39:39.009  INFO 51168 --- [127.0.0.1:33144] okhttp3.mockwebserver.MockWebServer      : MockWebServer[46585] received request: POST /api/v1/namespaces/test/configmaps HTTP/1.1 and responded: HTTP/1.1 200 OK
2024-05-17 18:39:39.060  WARN 51168 --- [           main] ubernetesProfileEnvironmentPostProcessor : Not running inside kubernetes. Skipping 'kubernetes' profile activation.

  .   ____          _            __ _ _
 /\\ / ___'_ __ _ _(_)_ __  __ _ \ \ \ \
( ( )\___ | '_ | '_| | '_ \/ _` | \ \ \ \
 \\/  ___)| |_)| | | | | || (_| |  ) ) ) )
  '  |____| .__|_| |_|_| |_\__, | / / / /
 =========|_|==============|___/=/_/_/_/
 :: Spring Boot ::                (v2.6.3)

2024-05-17 18:39:39.132  INFO 51168 --- [           main] s.c.k.f.c.Fabric8ConfigMapPropertySource : Loading ConfigMap with name 'configmap-mixed-example' in namespace 'test'
2024-05-17 18:39:39.135  INFO 51168 --- [127.0.0.1:33152] okhttp3.mockwebserver.MockWebServer      : MockWebServer[46585] received request: GET /api/v1/namespaces/test/configmaps/configmap-mixed-example HTTP/1.1 and responded: HTTP/1.1 200 OK
2024-05-17 18:39:39.139  INFO 51168 --- [           main] b.c.PropertySourceBootstrapConfiguration : Located property source: [BootstrapPropertySource {name='bootstrapProperties-/tmp/scktests/application-path.yaml'}, BootstrapPropertySource {name='bootstrapProperties-configmap.configmap-mixed-example.test'}]
2024-05-17 18:39:39.143  WARN 51168 --- [           main] ubernetesProfileEnvironmentPostProcessor : Not running inside kubernetes. Skipping 'kubernetes' profile activation.
2024-05-17 18:39:39.143  INFO 51168 --- [           main] o.s.c.k.f.config.ConfigMapsMixedTests    : No active profile set, falling back to default profiles: default
2024-05-17 18:39:39.301  INFO 51168 --- [           main] o.s.cloud.context.scope.GenericScope     : BeanFactory id=e369cf40-d234-36e2-a4dc-38329760186f
2024-05-17 18:39:39.400  INFO 51168 --- [           main] o.s.b.w.embedded.tomcat.TomcatWebServer  : Tomcat initialized with port(s): 0 (http)
2024-05-17 18:39:39.401  INFO 51168 --- [           main] o.apache.catalina.core.StandardService   : Starting service [Tomcat]
2024-05-17 18:39:39.401  INFO 51168 --- [           main] org.apache.catalina.core.StandardEngine  : Starting Servlet engine: [Apache Tomcat/9.0.56]
2024-05-17 18:39:39.409  INFO 51168 --- [           main] o.a.c.c.C.[Tomcat-9].[localhost].[/]     : Initializing Spring embedded WebApplicationContext
2024-05-17 18:39:39.409  INFO 51168 --- [           main] w.s.c.ServletWebServerApplicationContext : Root WebApplicationContext: initialization completed in 265 ms
2024-05-17 18:39:39.959  INFO 51168 --- [           main] o.s.b.a.e.web.EndpointLinksResolver      : Exposing 1 endpoint(s) beneath base path '/actuator'
2024-05-17 18:39:40.018  INFO 51168 --- [           main] o.s.b.w.embedded.tomcat.TomcatWebServer  : Tomcat started on port(s): 45599 (http) with context path ''
2024-05-17 18:39:40.023  INFO 51168 --- [           main] o.s.c.k.f.config.ConfigMapsMixedTests    : Started ConfigMapsMixedTests in 1.013 seconds (JVM running for 36.331)
2024-05-17 18:39:40.033  INFO 51168 --- [WebServer 38513] okhttp3.mockwebserver.MockWebServer      : MockWebServer[38513] starting to accept connections
2024-05-17 18:39:40.042  INFO 51168 --- [-auto-10-exec-1] o.a.c.c.C.[Tomcat-9].[localhost].[/]     : Initializing Spring DispatcherServlet 'dispatcherServlet'
2024-05-17 18:39:40.043  INFO 51168 --- [-auto-10-exec-1] o.s.web.servlet.DispatcherServlet        : Initializing Servlet 'dispatcherServlet'
2024-05-17 18:39:40.043  INFO 51168 --- [-auto-10-exec-1] o.s.web.servlet.DispatcherServlet        : Completed initialization in 0 ms
2024-05-17 18:39:40.056  INFO 51168 --- [WebServer 38513] okhttp3.mockwebserver.MockWebServer      : MockWebServer[38513] done accepting connections: Socket closed
2024-05-17 18:39:40.061  INFO 51168 --- [WebServer 41083] okhttp3.mockwebserver.MockWebServer      : MockWebServer[41083] starting to accept connections
2024-05-17 18:39:40.063  INFO 51168 --- [WebServer 53165] okhttp3.mockwebserver.MockWebServer      : MockWebServer[53165] starting to accept connections
2024-05-17 18:39:40.067  INFO 51168 --- [127.0.0.1:55690] okhttp3.mockwebserver.MockWebServer      : MockWebServer[41083] received request: POST /api/v1/namespaces/test/configmaps HTTP/1.1 and responded: HTTP/1.1 200 OK
2024-05-17 18:39:40.067  INFO 51168 --- [           main] s.c.k.f.c.Fabric8ConfigMapPropertySource : Loading ConfigMap with name 'single-non-standard-test' in namespace 'test'
2024-05-17 18:39:40.068  INFO 51168 --- [127.0.0.1:55690] okhttp3.mockwebserver.MockWebServer      : MockWebServer[41083] received request: GET /api/v1/namespaces/test/configmaps/single-non-standard-test HTTP/1.1 and responded: HTTP/1.1 200 OK
2024-05-17 18:39:40.110  INFO 51168 --- [WebServer 53165] okhttp3.mockwebserver.MockWebServer      : MockWebServer[53165] done accepting connections: Socket closed
2024-05-17 18:39:40.115  INFO 51168 --- [WebServer 43619] okhttp3.mockwebserver.MockWebServer      : MockWebServer[43619] starting to accept connections
2024-05-17 18:39:40.119  INFO 51168 --- [WebServer 56313] okhttp3.mockwebserver.MockWebServer      : MockWebServer[56313] starting to accept connections
2024-05-17 18:39:40.120  INFO 51168 --- [           main] .b.t.c.SpringBootTestContextBootstrapper : Neither @ContextConfiguration nor @ContextHierarchy found for test class [org.springframework.cloud.kubernetes.fabric8.config.Fabric8SecretsPropertySourceLocatorRetryTests$SecretsFailFastEnabledButRetryDisabled], using SpringBootContextLoader
2024-05-17 18:39:40.121  INFO 51168 --- [           main] o.s.t.c.support.AbstractContextLoader    : Could not detect default resource locations for test class [org.springframework.cloud.kubernetes.fabric8.config.Fabric8SecretsPropertySourceLocatorRetryTests$SecretsFailFastEnabledButRetryDisabled]: no resource found for suffixes {-context.xml, Context.groovy}.
2024-05-17 18:39:40.123  INFO 51168 --- [           main] .b.t.c.SpringBootTestContextBootstrapper : Loaded default TestExecutionListener class names from location [META-INF/spring.factories]: [org.springframework.boot.test.mock.mockito.MockitoTestExecutionListener, org.springframework.boot.test.mock.mockito.ResetMocksTestExecutionListener, org.springframework.boot.test.autoconfigure.restdocs.RestDocsTestExecutionListener, org.springframework.boot.test.autoconfigure.web.client.MockRestServiceServerResetTestExecutionListener, org.springframework.boot.test.autoconfigure.web.servlet.MockMvcPrintOnlyOnFailureTestExecutionListener, org.springframework.boot.test.autoconfigure.web.servlet.WebDriverTestExecutionListener, org.springframework.boot.test.autoconfigure.webservices.client.MockWebServiceServerTestExecutionListener, org.springframework.test.context.web.ServletTestExecutionListener, org.springframework.test.context.support.DirtiesContextBeforeModesTestExecutionListener, org.springframework.test.context.event.ApplicationEventsTestExecutionListener, org.springframework.test.context.support.DependencyInjectionTestExecutionListener, org.springframework.test.context.support.DirtiesContextTestExecutionListener, org.springframework.test.context.transaction.TransactionalTestExecutionListener, org.springframework.test.context.jdbc.SqlScriptsTestExecutionListener, org.springframework.test.context.event.EventPublishingTestExecutionListener, org.spockframework.spring.SpringMockTestExecutionListener]
2024-05-17 18:39:40.125  INFO 51168 --- [           main] .b.t.c.SpringBootTestContextBootstrapper : Using TestExecutionListeners: [org.springframework.test.context.web.ServletTestExecutionListener@571fa73c, org.springframework.test.context.support.DirtiesContextBeforeModesTestExecutionListener@11734d3d, org.springframework.test.context.event.ApplicationEventsTestExecutionListener@541e8e40, org.springframework.boot.test.mock.mockito.MockitoTestExecutionListener@3fa4702d, org.springframework.boot.test.autoconfigure.SpringBootDependencyInjectionTestExecutionListener@15a806a2, org.springframework.test.context.support.DirtiesContextTestExecutionListener@1eb9ab8f, org.springframework.test.context.event.EventPublishingTestExecutionListener@3e755a96, org.springframework.boot.test.mock.mockito.ResetMocksTestExecutionListener@22cc606d, org.springframework.boot.test.autoconfigure.restdocs.RestDocsTestExecutionListener@7784ff80, org.springframework.boot.test.autoconfigure.web.client.MockRestServiceServerResetTestExecutionListener@2432c72c, org.springframework.boot.test.autoconfigure.web.servlet.MockMvcPrintOnlyOnFailureTestExecutionListener@300788d6, org.springframework.boot.test.autoconfigure.web.servlet.WebDriverTestExecutionListener@710959b3, org.springframework.boot.test.autoconfigure.webservices.client.MockWebServiceServerTestExecutionListener@2121d0ed, org.spockframework.spring.SpringMockTestExecutionListener@13987842]
2024-05-17 18:39:40.170  WARN 51168 --- [           main] ubernetesProfileEnvironmentPostProcessor : Not running inside kubernetes. Skipping 'kubernetes' profile activation.

  .   ____          _            __ _ _
 /\\ / ___'_ __ _ _(_)_ __  __ _ \ \ \ \
( ( )\___ | '_ | '_| | '_ \/ _` | \ \ \ \
 \\/  ___)| |_)| | | | | || (_| |  ) ) ) )
  '  |____| .__|_| |_|_| |_\__, | / / / /
 =========|_|==============|___/=/_/_/_/
 :: Spring Boot ::                (v2.6.3)

2024-05-17 18:39:40.237  INFO 51168 --- [           main] s.c.k.f.c.Fabric8ConfigMapPropertySource : Loading ConfigMap with name 'application' in namespace 'default'
2024-05-17 18:39:40.332  INFO 51168 --- [127.0.0.1:34334] okhttp3.mockwebserver.MockWebServer      : MockWebServer[43619] received request: GET /api/v1/namespaces/default/configmaps/application HTTP/1.1 and responded: HTTP/1.1 404 Client Error
2024-05-17 18:39:40.335  INFO 51168 --- [           main] o.s.c.k.f.config.Fabric8ConfigUtils      : config-map with name : 'application' not present in namespace : 'default'
2024-05-17 18:39:40.335  INFO 51168 --- [           main] b.c.PropertySourceBootstrapConfiguration : Located property source: [BootstrapPropertySource {name='bootstrapProperties-configmap.application.default'}]
2024-05-17 18:39:40.335  INFO 51168 --- [           main] o.s.c.k.f.c.Fabric8SecretsPropertySource : Loading Secret with name 'my-secret' or with labels [{}] in namespace 'default'
2024-05-17 18:39:40.336  INFO 51168 --- [127.0.0.1:34334] okhttp3.mockwebserver.MockWebServer      : MockWebServer[43619] received request: GET /api/v1/namespaces/default/secrets/my-secret HTTP/1.1 and responded: HTTP/1.1 404 Client Error
2024-05-17 18:39:40.336  WARN 51168 --- [           main] o.s.c.k.f.c.Fabric8SecretsPropertySource : secret with name : my-secret in namespace : default not found
2024-05-17 18:39:40.338  INFO 51168 --- [127.0.0.1:34334] okhttp3.mockwebserver.MockWebServer      : MockWebServer[43619] received request: GET /api/v1/namespaces/default/secrets HTTP/1.1 and responded: HTTP/1.1 200 OK
2024-05-17 18:39:40.379  INFO 51168 --- [           main] b.c.PropertySourceBootstrapConfiguration : Located property source: [BootstrapPropertySource {name='bootstrapProperties-secrets.my-secret.default'}]
2024-05-17 18:39:40.384  WARN 51168 --- [           main] ubernetesProfileEnvironmentPostProcessor : Not running inside kubernetes. Skipping 'kubernetes' profile activation.
2024-05-17 18:39:40.385  INFO 51168 --- [           main] s$SecretsFailFastEnabledButRetryDisabled : No active profile set, falling back to default profiles: default
2024-05-17 18:39:40.662  INFO 51168 --- [           main] o.s.cloud.context.scope.GenericScope     : BeanFactory id=94652287-2eb9-367e-b08b-eea09b3b2900
2024-05-17 18:39:41.040  INFO 51168 --- [           main] s$SecretsFailFastEnabledButRetryDisabled : Started Fabric8SecretsPropertySourceLocatorRetryTests.SecretsFailFastEnabledButRetryDisabled in 0.913 seconds (JVM running for 37.347)
2024-05-17 18:39:41.045  INFO 51168 --- [WebServer 44115] okhttp3.mockwebserver.MockWebServer      : MockWebServer[44115] starting to accept connections
2024-05-17 18:39:41.047  INFO 51168 --- [           main] o.s.c.k.f.c.Fabric8SecretsPropertySource : Loading Secret with name 'my-secret' or with labels [{}] in namespace 'default'
2024-05-17 18:39:41.048  INFO 51168 --- [127.0.0.1:34334] okhttp3.mockwebserver.MockWebServer      : MockWebServer[43619] received request: GET /api/v1/namespaces/default/secrets/my-secret HTTP/1.1 and responded: HTTP/1.1 500 Server Error
2024-05-17 18:39:41.051  INFO 51168 --- [WebServer 44115] okhttp3.mockwebserver.MockWebServer      : MockWebServer[44115] done accepting connections: Socket closed
2024-05-17 18:39:41.055  INFO 51168 --- [WebServer 39707] okhttp3.mockwebserver.MockWebServer      : MockWebServer[39707] starting to accept connections
2024-05-17 18:39:41.056  INFO 51168 --- [WebServer 34959] okhttp3.mockwebserver.MockWebServer      : MockWebServer[34959] starting to accept connections
2024-05-17 18:39:41.059  INFO 51168 --- [127.0.0.1:60106] okhttp3.mockwebserver.MockWebServer      : MockWebServer[39707] received request: POST /api/v1/namespaces/test/configmaps HTTP/1.1 and responded: HTTP/1.1 200 OK
2024-05-17 18:39:41.060  INFO 51168 --- [           main] s.c.k.f.c.Fabric8ConfigMapPropertySource : Loading ConfigMap with name 'single-unparseable-yaml-test' in namespace 'test'
2024-05-17 18:39:41.060  INFO 51168 --- [127.0.0.1:60106] okhttp3.mockwebserver.MockWebServer      : MockWebServer[39707] received request: GET /api/v1/namespaces/test/configmaps/single-unparseable-yaml-test HTTP/1.1 and responded: HTTP/1.1 200 OK
2024-05-17 18:39:41.103  INFO 51168 --- [WebServer 34959] okhttp3.mockwebserver.MockWebServer      : MockWebServer[34959] done accepting connections: Socket closed
2024-05-17 18:39:41.112  INFO 51168 --- [WebServer 49327] okhttp3.mockwebserver.MockWebServer      : MockWebServer[49327] starting to accept connections
2024-05-17 18:39:41.116  INFO 51168 --- [WebServer 53131] okhttp3.mockwebserver.MockWebServer      : MockWebServer[53131] starting to accept connections
2024-05-17 18:39:41.177  WARN 51168 --- [           main] ubernetesProfileEnvironmentPostProcessor : Not running inside kubernetes. Skipping 'kubernetes' profile activation.

  .   ____          _            __ _ _
 /\\ / ___'_ __ _ _(_)_ __  __ _ \ \ \ \
( ( )\___ | '_ | '_| | '_ \/ _` | \ \ \ \
 \\/  ___)| |_)| | | | | || (_| |  ) ) ) )
  '  |____| .__|_| |_|_| |_\__, | / / / /
 =========|_|==============|___/=/_/_/_/
 :: Spring Boot ::                (v2.6.3)

2024-05-17 18:39:41.235  WARN 51168 --- [           main] ubernetesProfileEnvironmentPostProcessor : Not running inside kubernetes. Skipping 'kubernetes' profile activation.
2024-05-17 18:39:41.235  INFO 51168 --- [           main] e.i.cs.testrunner.execution.Executor$    : No active profile set, falling back to default profiles: default
2024-05-17 18:39:41.249  INFO 51168 --- [           main] o.s.cloud.context.scope.GenericScope     : BeanFactory id=5adb76a5-ffff-3c5f-a60f-7f84faf1ce0f
2024-05-17 18:39:41.253  INFO 51168 --- [           main] e.i.cs.testrunner.execution.Executor$    : Started Executor. in 0.134 seconds (JVM running for 37.56)
2024-05-17 18:39:41.254  INFO 51168 --- [WebServer 53131] okhttp3.mockwebserver.MockWebServer      : MockWebServer[53131] done accepting connections: Socket closed
2024-05-17 18:39:41.261  INFO 51168 --- [WebServer 60197] okhttp3.mockwebserver.MockWebServer      : MockWebServer[60197] starting to accept connections
2024-05-17 18:39:41.263  INFO 51168 --- [WebServer 60145] okhttp3.mockwebserver.MockWebServer      : MockWebServer[60145] starting to accept connections
2024-05-17 18:39:41.265  INFO 51168 --- [WebServer 60145] okhttp3.mockwebserver.MockWebServer      : MockWebServer[60145] done accepting connections: Socket closed
2024-05-17 18:39:41.269  INFO 51168 --- [           main] .b.t.c.SpringBootTestContextBootstrapper : Neither @ContextConfiguration nor @ContextHierarchy found for test class [org.springframework.cloud.kubernetes.fabric8.config.ConfigMapsWithProfilesTests], using SpringBootContextLoader
2024-05-17 18:39:41.270  INFO 51168 --- [           main] o.s.t.c.support.AbstractContextLoader    : Could not detect default resource locations for test class [org.springframework.cloud.kubernetes.fabric8.config.ConfigMapsWithProfilesTests]: no resource found for suffixes {-context.xml, Context.groovy}.
2024-05-17 18:39:41.272  INFO 51168 --- [           main] .b.t.c.SpringBootTestContextBootstrapper : Loaded default TestExecutionListener class names from location [META-INF/spring.factories]: [org.springframework.boot.test.mock.mockito.MockitoTestExecutionListener, org.springframework.boot.test.mock.mockito.ResetMocksTestExecutionListener, org.springframework.boot.test.autoconfigure.restdocs.RestDocsTestExecutionListener, org.springframework.boot.test.autoconfigure.web.client.MockRestServiceServerResetTestExecutionListener, org.springframework.boot.test.autoconfigure.web.servlet.MockMvcPrintOnlyOnFailureTestExecutionListener, org.springframework.boot.test.autoconfigure.web.servlet.WebDriverTestExecutionListener, org.springframework.boot.test.autoconfigure.webservices.client.MockWebServiceServerTestExecutionListener, org.springframework.test.context.web.ServletTestExecutionListener, org.springframework.test.context.support.DirtiesContextBeforeModesTestExecutionListener, org.springframework.test.context.event.ApplicationEventsTestExecutionListener, org.springframework.test.context.support.DependencyInjectionTestExecutionListener, org.springframework.test.context.support.DirtiesContextTestExecutionListener, org.springframework.test.context.transaction.TransactionalTestExecutionListener, org.springframework.test.context.jdbc.SqlScriptsTestExecutionListener, org.springframework.test.context.event.EventPublishingTestExecutionListener, org.spockframework.spring.SpringMockTestExecutionListener]
2024-05-17 18:39:41.273  INFO 51168 --- [           main] .b.t.c.SpringBootTestContextBootstrapper : Using TestExecutionListeners: [org.springframework.test.context.web.ServletTestExecutionListener@7afaf602, org.springframework.test.context.support.DirtiesContextBeforeModesTestExecutionListener@5970734c, org.springframework.test.context.event.ApplicationEventsTestExecutionListener@b8c4bcb, org.springframework.boot.test.mock.mockito.MockitoTestExecutionListener@1bd95764, org.springframework.boot.test.autoconfigure.SpringBootDependencyInjectionTestExecutionListener@36bef8fb, org.springframework.test.context.support.DirtiesContextTestExecutionListener@6c8e0773, org.springframework.test.context.event.EventPublishingTestExecutionListener@5b5db3a, org.springframework.boot.test.mock.mockito.ResetMocksTestExecutionListener@5406ce9f, org.springframework.boot.test.autoconfigure.restdocs.RestDocsTestExecutionListener@15be8dc4, org.springframework.boot.test.autoconfigure.web.client.MockRestServiceServerResetTestExecutionListener@997a59f, org.springframework.boot.test.autoconfigure.web.servlet.MockMvcPrintOnlyOnFailureTestExecutionListener@2250d39c, org.springframework.boot.test.autoconfigure.web.servlet.WebDriverTestExecutionListener@40c0937f, org.springframework.boot.test.autoconfigure.webservices.client.MockWebServiceServerTestExecutionListener@21f1f60e, org.spockframework.spring.SpringMockTestExecutionListener@157e14f2]
2024-05-17 18:39:41.275  INFO 51168 --- [WebServer 60419] okhttp3.mockwebserver.MockWebServer      : MockWebServer[60419] starting to accept connections
2024-05-17 18:39:41.280  INFO 51168 --- [127.0.0.1:48514] okhttp3.mockwebserver.MockWebServer      : MockWebServer[60419] received request: POST /api/v1/namespaces/test/configmaps HTTP/1.1 and responded: HTTP/1.1 200 OK
2024-05-17 18:39:41.328  WARN 51168 --- [           main] ubernetesProfileEnvironmentPostProcessor : Not running inside kubernetes. Skipping 'kubernetes' profile activation.

  .   ____          _            __ _ _
 /\\ / ___'_ __ _ _(_)_ __  __ _ \ \ \ \
( ( )\___ | '_ | '_| | '_ \/ _` | \ \ \ \
 \\/  ___)| |_)| | | | | || (_| |  ) ) ) )
  '  |____| .__|_| |_|_| |_\__, | / / / /
 =========|_|==============|___/=/_/_/_/
 :: Spring Boot ::                (v2.6.3)

2024-05-17 18:39:41.386  INFO 51168 --- [           main] s.c.k.f.c.Fabric8ConfigMapPropertySource : Loading ConfigMap with name 'configmap-with-profile-example' in namespace 'test'
2024-05-17 18:39:41.388  INFO 51168 --- [127.0.0.1:48522] okhttp3.mockwebserver.MockWebServer      : MockWebServer[60419] received request: GET /api/v1/namespaces/test/configmaps/configmap-with-profile-example HTTP/1.1 and responded: HTTP/1.1 200 OK
2024-05-17 18:39:41.392  INFO 51168 --- [127.0.0.1:48522] okhttp3.mockwebserver.MockWebServer      : MockWebServer[60419] received request: GET /api/v1/namespaces/test/configmaps/configmap-with-profile-example-development HTTP/1.1 and responded: HTTP/1.1 404 Client Error
2024-05-17 18:39:41.392  INFO 51168 --- [           main] o.s.c.k.f.config.Fabric8ConfigUtils      : config-map with name : 'configmap-with-profile-example-development' not present in namespace : 'test'
2024-05-17 18:39:41.392  INFO 51168 --- [           main] b.c.PropertySourceBootstrapConfiguration : Located property source: [BootstrapPropertySource {name='bootstrapProperties-configmap.configmap-with-profile-example.test'}]
2024-05-17 18:39:41.395  WARN 51168 --- [           main] ubernetesProfileEnvironmentPostProcessor : Not running inside kubernetes. Skipping 'kubernetes' profile activation.
2024-05-17 18:39:41.395  INFO 51168 --- [           main] o.s.c.k.f.c.ConfigMapsWithProfilesTests  : The following profiles are active: development
2024-05-17 18:39:41.544  INFO 51168 --- [           main] o.s.cloud.context.scope.GenericScope     : BeanFactory id=affffd22-e438-321b-a0d0-967c2140a2e8
2024-05-17 18:39:41.624  INFO 51168 --- [           main] o.s.b.w.embedded.tomcat.TomcatWebServer  : Tomcat initialized with port(s): 0 (http)
2024-05-17 18:39:41.625  INFO 51168 --- [           main] o.apache.catalina.core.StandardService   : Starting service [Tomcat]
2024-05-17 18:39:41.625  INFO 51168 --- [           main] org.apache.catalina.core.StandardEngine  : Starting Servlet engine: [Apache Tomcat/9.0.56]
2024-05-17 18:39:41.633  INFO 51168 --- [           main] o.a.c.c.C.[Tomcat-10].[localhost].[/]    : Initializing Spring embedded WebApplicationContext
2024-05-17 18:39:41.633  INFO 51168 --- [           main] w.s.c.ServletWebServerApplicationContext : Root WebApplicationContext: initialization completed in 237 ms
2024-05-17 18:39:42.545  INFO 51168 --- [           main] o.s.b.a.e.web.EndpointLinksResolver      : Exposing 1 endpoint(s) beneath base path '/actuator'
2024-05-17 18:39:42.581  INFO 51168 --- [           main] o.s.b.w.embedded.tomcat.TomcatWebServer  : Tomcat started on port(s): 42819 (http) with context path ''
2024-05-17 18:39:42.586  INFO 51168 --- [           main] o.s.c.k.f.c.ConfigMapsWithProfilesTests  : Started ConfigMapsWithProfilesTests in 1.304 seconds (JVM running for 38.893)
2024-05-17 18:39:42.597  INFO 51168 --- [WebServer 38871] okhttp3.mockwebserver.MockWebServer      : MockWebServer[38871] starting to accept connections
2024-05-17 18:39:42.607  INFO 51168 --- [-auto-11-exec-1] o.a.c.c.C.[Tomcat-10].[localhost].[/]    : Initializing Spring DispatcherServlet 'dispatcherServlet'
2024-05-17 18:39:42.607  INFO 51168 --- [-auto-11-exec-1] o.s.web.servlet.DispatcherServlet        : Initializing Servlet 'dispatcherServlet'
2024-05-17 18:39:42.607  INFO 51168 --- [-auto-11-exec-1] o.s.web.servlet.DispatcherServlet        : Completed initialization in 0 ms
2024-05-17 18:39:42.617  INFO 51168 --- [WebServer 38871] okhttp3.mockwebserver.MockWebServer      : MockWebServer[38871] done accepting connections: Socket closed
2024-05-17 18:39:42.621  INFO 51168 --- [WebServer 53851] okhttp3.mockwebserver.MockWebServer      : MockWebServer[53851] starting to accept connections
2024-05-17 18:39:42.623  INFO 51168 --- [WebServer 48237] okhttp3.mockwebserver.MockWebServer      : MockWebServer[48237] starting to accept connections
2024-05-17 18:39:42.627  INFO 51168 --- [127.0.0.1:41872] okhttp3.mockwebserver.MockWebServer      : MockWebServer[53851] received request: POST /api/v1/namespaces/ns2/configmaps HTTP/1.1 and responded: HTTP/1.1 200 OK
2024-05-17 18:39:42.629  INFO 51168 --- [127.0.0.1:41872] okhttp3.mockwebserver.MockWebServer      : MockWebServer[53851] received request: GET /api/v1/namespaces/ns2/configmaps HTTP/1.1 and responded: HTTP/1.1 200 OK
2024-05-17 18:39:42.670  INFO 51168 --- [WebServer 48237] okhttp3.mockwebserver.MockWebServer      : MockWebServer[48237] done accepting connections: Socket closed
2024-05-17 18:39:42.675  INFO 51168 --- [WebServer 50987] okhttp3.mockwebserver.MockWebServer      : MockWebServer[50987] starting to accept connections
2024-05-17 18:39:42.678  INFO 51168 --- [WebServer 53879] okhttp3.mockwebserver.MockWebServer      : MockWebServer[53879] starting to accept connections
2024-05-17 18:39:42.678  INFO 51168 --- [           main] .b.t.c.SpringBootTestContextBootstrapper : Neither @ContextConfiguration nor @ContextHierarchy found for test class [org.springframework.cloud.kubernetes.fabric8.config.Fabric8SecretsPropertySourceLocatorRetryTests$SecretsRetryEnabled], using SpringBootContextLoader
2024-05-17 18:39:42.679  INFO 51168 --- [           main] o.s.t.c.support.AbstractContextLoader    : Could not detect default resource locations for test class [org.springframework.cloud.kubernetes.fabric8.config.Fabric8SecretsPropertySourceLocatorRetryTests$SecretsRetryEnabled]: no resource found for suffixes {-context.xml, Context.groovy}.
2024-05-17 18:39:42.680  INFO 51168 --- [           main] .b.t.c.SpringBootTestContextBootstrapper : Loaded default TestExecutionListener class names from location [META-INF/spring.factories]: [org.springframework.boot.test.mock.mockito.MockitoTestExecutionListener, org.springframework.boot.test.mock.mockito.ResetMocksTestExecutionListener, org.springframework.boot.test.autoconfigure.restdocs.RestDocsTestExecutionListener, org.springframework.boot.test.autoconfigure.web.client.MockRestServiceServerResetTestExecutionListener, org.springframework.boot.test.autoconfigure.web.servlet.MockMvcPrintOnlyOnFailureTestExecutionListener, org.springframework.boot.test.autoconfigure.web.servlet.WebDriverTestExecutionListener, org.springframework.boot.test.autoconfigure.webservices.client.MockWebServiceServerTestExecutionListener, org.springframework.test.context.web.ServletTestExecutionListener, org.springframework.test.context.support.DirtiesContextBeforeModesTestExecutionListener, org.springframework.test.context.event.ApplicationEventsTestExecutionListener, org.springframework.test.context.support.DependencyInjectionTestExecutionListener, org.springframework.test.context.support.DirtiesContextTestExecutionListener, org.springframework.test.context.transaction.TransactionalTestExecutionListener, org.springframework.test.context.jdbc.SqlScriptsTestExecutionListener, org.springframework.test.context.event.EventPublishingTestExecutionListener, org.spockframework.spring.SpringMockTestExecutionListener]
2024-05-17 18:39:42.682  INFO 51168 --- [           main] .b.t.c.SpringBootTestContextBootstrapper : Using TestExecutionListeners: [org.springframework.test.context.web.ServletTestExecutionListener@7997b8a7, org.springframework.test.context.support.DirtiesContextBeforeModesTestExecutionListener@7ed47927, org.springframework.test.context.event.ApplicationEventsTestExecutionListener@2b515b5c, org.springframework.boot.test.mock.mockito.MockitoTestExecutionListener@31ba0af0, org.springframework.boot.test.autoconfigure.SpringBootDependencyInjectionTestExecutionListener@752ccee0, org.springframework.test.context.support.DirtiesContextTestExecutionListener@28ec9c23, org.springframework.test.context.event.EventPublishingTestExecutionListener@946b9d9, org.springframework.boot.test.mock.mockito.ResetMocksTestExecutionListener@68cacf8b, org.springframework.boot.test.autoconfigure.restdocs.RestDocsTestExecutionListener@7b8247bc, org.springframework.boot.test.autoconfigure.web.client.MockRestServiceServerResetTestExecutionListener@3743d16b, org.springframework.boot.test.autoconfigure.web.servlet.MockMvcPrintOnlyOnFailureTestExecutionListener@b772e2b, org.springframework.boot.test.autoconfigure.web.servlet.WebDriverTestExecutionListener@357f1e59, org.springframework.boot.test.autoconfigure.webservices.client.MockWebServiceServerTestExecutionListener@5c2900ed, org.spockframework.spring.SpringMockTestExecutionListener@75c85a8a]
2024-05-17 18:39:42.686  INFO 51168 --- [WebServer 43279] okhttp3.mockwebserver.MockWebServer      : MockWebServer[43279] starting to accept connections
2024-05-17 18:39:42.689  INFO 51168 --- [           main] o.s.c.k.f.c.Fabric8SecretsPropertySource : Loading Secret with name 'my-secret' or with labels [{}] in namespace 'default'
2024-05-17 18:39:42.690  INFO 51168 --- [127.0.0.1:57998] okhttp3.mockwebserver.MockWebServer      : MockWebServer[37051] received request: GET /api/v1/namespaces/default/secrets/my-secret HTTP/1.1 and responded: HTTP/1.1 404 Client Error
2024-05-17 18:39:42.690  WARN 51168 --- [           main] o.s.c.k.f.c.Fabric8SecretsPropertySource : secret with name : my-secret in namespace : default not found
2024-05-17 18:39:42.691  INFO 51168 --- [127.0.0.1:57998] okhttp3.mockwebserver.MockWebServer      : MockWebServer[37051] received request: GET /api/v1/namespaces/default/secrets HTTP/1.1 and responded: HTTP/1.1 200 OK
2024-05-17 18:39:42.735  INFO 51168 --- [WebServer 43279] okhttp3.mockwebserver.MockWebServer      : MockWebServer[43279] done accepting connections: Socket closed
org.opentest4j.AssertionFailedError: 
expected: "theSensitiveValue"
 but was: null
	at sun.reflect.NativeConstructorAccessorImpl.newInstance0(Native Method)
	at sun.reflect.NativeConstructorAccessorImpl.newInstance(NativeConstructorAccessorImpl.java:62)
	at sun.reflect.DelegatingConstructorAccessorImpl.newInstance(DelegatingConstructorAccessorImpl.java:45)
	at org.springframework.cloud.kubernetes.fabric8.config.Fabric8SecretsPropertySourceLocatorRetryTests$SecretsRetryEnabled.locateShouldNotRetryWhenThereIsNoFailure(Fabric8SecretsPropertySourceLocatorRetryTests.java:104)
	at sun.reflect.NativeMethodAccessorImpl.invoke0(Native Method)
	at sun.reflect.NativeMethodAccessorImpl.invoke(NativeMethodAccessorImpl.java:62)
	at sun.reflect.DelegatingMethodAccessorImpl.invoke(DelegatingMethodAccessorImpl.java:43)
	at java.lang.reflect.Method.invoke(Method.java:498)
	at org.junit.platform.commons.util.ReflectionUtils.invokeMethod(ReflectionUtils.java:725)
	at org.junit.jupiter.engine.execution.MethodInvocation.proceed(MethodInvocation.java:60)
	at org.junit.jupiter.engine.execution.InvocationInterceptorChain$ValidatingInvocation.proceed(InvocationInterceptorChain.java:131)
	at org.junit.jupiter.engine.extension.TimeoutExtension.intercept(TimeoutExtension.java:149)
	at org.junit.jupiter.engine.extension.TimeoutExtension.interceptTestableMethod(TimeoutExtension.java:140)
	at org.junit.jupiter.engine.extension.TimeoutExtension.interceptTestMethod(TimeoutExtension.java:84)
	at org.junit.jupiter.engine.execution.ExecutableInvoker$ReflectiveInterceptorCall.lambda$ofVoidMethod$0(ExecutableInvoker.java:115)
	at org.junit.jupiter.engine.execution.ExecutableInvoker.lambda$invoke$0(ExecutableInvoker.java:105)
	at org.junit.jupiter.engine.execution.InvocationInterceptorChain$InterceptedInvocation.proceed(InvocationInterceptorChain.java:106)
	at org.junit.jupiter.engine.execution.InvocationInterceptorChain.proceed(InvocationInterceptorChain.java:64)
	at org.junit.jupiter.engine.execution.InvocationInterceptorChain.chainAndInvoke(InvocationInterceptorChain.java:45)
	at org.junit.jupiter.engine.execution.InvocationInterceptorChain.invoke(InvocationInterceptorChain.java:37)
	at org.junit.jupiter.engine.execution.ExecutableInvoker.invoke(ExecutableInvoker.java:104)
	at org.junit.jupiter.engine.execution.ExecutableInvoker.invoke(ExecutableInvoker.java:98)
	at org.junit.jupiter.engine.descriptor.TestMethodTestDescriptor.lambda$invokeTestMethod$7(TestMethodTestDescriptor.java:214)
	at org.junit.platform.engine.support.hierarchical.ThrowableCollector.execute(ThrowableCollector.java:73)
	at org.junit.jupiter.engine.descriptor.TestMethodTestDescriptor.invokeTestMethod(TestMethodTestDescriptor.java:210)
	at org.junit.jupiter.engine.descriptor.TestMethodTestDescriptor.execute(TestMethodTestDescriptor.java:135)
	at org.junit.jupiter.engine.descriptor.TestMethodTestDescriptor.execute(TestMethodTestDescriptor.java:66)
	at org.junit.platform.engine.support.hierarchical.NodeTestTask.lambda$executeRecursively$6(NodeTestTask.java:151)
	at org.junit.platform.engine.support.hierarchical.ThrowableCollector.execute(ThrowableCollector.java:73)
	at org.junit.platform.engine.support.hierarchical.NodeTestTask.lambda$executeRecursively$8(NodeTestTask.java:141)
	at org.junit.platform.engine.support.hierarchical.Node.around(Node.java:137)
	at org.junit.platform.engine.support.hierarchical.NodeTestTask.lambda$executeRecursively$9(NodeTestTask.java:139)
	at org.junit.platform.engine.support.hierarchical.ThrowableCollector.execute(ThrowableCollector.java:73)
	at org.junit.platform.engine.support.hierarchical.NodeTestTask.executeRecursively(NodeTestTask.java:138)
	at org.junit.platform.engine.support.hierarchical.NodeTestTask.execute(NodeTestTask.java:95)
	at java.util.ArrayList.forEach(ArrayList.java:1259)
	at org.junit.platform.engine.support.hierarchical.SameThreadHierarchicalTestExecutorService.invokeAll(SameThreadHierarchicalTestExecutorService.java:41)
	at org.junit.platform.engine.support.hierarchical.NodeTestTask.lambda$executeRecursively$6(NodeTestTask.java:155)
	at org.junit.platform.engine.support.hierarchical.ThrowableCollector.execute(ThrowableCollector.java:73)
	at org.junit.platform.engine.support.hierarchical.NodeTestTask.lambda$executeRecursively$8(NodeTestTask.java:141)
	at org.junit.platform.engine.support.hierarchical.Node.around(Node.java:137)
	at org.junit.platform.engine.support.hierarchical.NodeTestTask.lambda$executeRecursively$9(NodeTestTask.java:139)
	at org.junit.platform.engine.support.hierarchical.ThrowableCollector.execute(ThrowableCollector.java:73)
	at org.junit.platform.engine.support.hierarchical.NodeTestTask.executeRecursively(NodeTestTask.java:138)
	at org.junit.platform.engine.support.hierarchical.NodeTestTask.execute(NodeTestTask.java:95)
	at java.util.ArrayList.forEach(ArrayList.java:1259)
	at org.junit.platform.engine.support.hierarchical.SameThreadHierarchicalTestExecutorService.invokeAll(SameThreadHierarchicalTestExecutorService.java:41)
	at org.junit.platform.engine.support.hierarchical.NodeTestTask.lambda$executeRecursively$6(NodeTestTask.java:155)
	at org.junit.platform.engine.support.hierarchical.ThrowableCollector.execute(ThrowableCollector.java:73)
	at org.junit.platform.engine.support.hierarchical.NodeTestTask.lambda$executeRecursively$8(NodeTestTask.java:141)
	at org.junit.platform.engine.support.hierarchical.Node.around(Node.java:137)
	at org.junit.platform.engine.support.hierarchical.NodeTestTask.lambda$executeRecursively$9(NodeTestTask.java:139)
	at org.junit.platform.engine.support.hierarchical.ThrowableCollector.execute(ThrowableCollector.java:73)
	at org.junit.platform.engine.support.hierarchical.NodeTestTask.executeRecursively(NodeTestTask.java:138)
	at org.junit.platform.engine.support.hierarchical.NodeTestTask.execute(NodeTestTask.java:95)
	at java.util.ArrayList.forEach(ArrayList.java:1259)
	at org.junit.platform.engine.support.hierarchical.SameThreadHierarchicalTestExecutorService.invokeAll(SameThreadHierarchicalTestExecutorService.java:41)
	at org.junit.platform.engine.support.hierarchical.NodeTestTask.lambda$executeRecursively$6(NodeTestTask.java:155)
	at org.junit.platform.engine.support.hierarchical.ThrowableCollector.execute(ThrowableCollector.java:73)
	at org.junit.platform.engine.support.hierarchical.NodeTestTask.lambda$executeRecursively$8(NodeTestTask.java:141)
	at org.junit.platform.engine.support.hierarchical.Node.around(Node.java:137)
	at org.junit.platform.engine.support.hierarchical.NodeTestTask.lambda$executeRecursively$9(NodeTestTask.java:139)
	at org.junit.platform.engine.support.hierarchical.ThrowableCollector.execute(ThrowableCollector.java:73)
	at org.junit.platform.engine.support.hierarchical.NodeTestTask.executeRecursively(NodeTestTask.java:138)
	at org.junit.platform.engine.support.hierarchical.NodeTestTask.execute(NodeTestTask.java:95)
	at org.junit.platform.engine.support.hierarchical.SameThreadHierarchicalTestExecutorService.submit(SameThreadHierarchicalTestExecutorService.java:35)
	at org.junit.platform.engine.support.hierarchical.HierarchicalTestExecutor.execute(HierarchicalTestExecutor.java:57)
	at org.junit.platform.engine.support.hierarchical.HierarchicalTestEngine.execute(HierarchicalTestEngine.java:54)
	at org.junit.platform.launcher.core.DefaultLauncher.execute(DefaultLauncher.java:170)
	at org.junit.platform.launcher.core.DefaultLauncher.execute(DefaultLauncher.java:154)
	at org.junit.platform.launcher.core.DefaultLauncher.execute(DefaultLauncher.java:90)
	at edu.illinois.cs.testrunner.execution.JUnit5TestExecutor.runTestsSeparately(JUnit5TestExecutor.java:40)
	at edu.illinois.cs.testrunner.execution.Executor$.$anonfun$run$1(Executor.scala:33)
	at scala.runtime.java8.JFunction0$mcV$sp.apply(JFunction0$mcV$sp.java:12)
	at scala.util.Try$.apply(Try.scala:209)
	at edu.illinois.cs.testrunner.execution.Executor$.run(Executor.scala:28)
	at edu.illinois.cs.testrunner.execution.Executor$.main(Executor.scala:18)
	at edu.illinois.cs.testrunner.execution.Executor.main(Executor.scala)
2024-05-17 18:39:42.740  INFO 51168 --- [WebServer 33263] okhttp3.mockwebserver.MockWebServer      : MockWebServer[33263] starting to accept connections
2024-05-17 18:39:42.744  INFO 51168 --- [WebServer 52797] okhttp3.mockwebserver.MockWebServer      : MockWebServer[52797] starting to accept connections
2024-05-17 18:39:42.745  INFO 51168 --- [           main] s.c.k.f.c.Fabric8ConfigMapPropertySource : Loading ConfigMap with name 'my-config' in namespace 'default'
2024-05-17 18:39:42.841  INFO 51168 --- [127.0.0.1:48072] okhttp3.mockwebserver.MockWebServer      : MockWebServer[52797] received request: GET /api/v1/namespaces/default/configmaps/my-config HTTP/1.1 and responded: HTTP/1.1 500 Server Error
2024-05-17 18:39:42.883  WARN 51168 --- [           main] s.c.k.f.c.Fabric8ConfigMapPropertySource : Can't read configMap with name: [my-config] in namespace: [default]. Ignoring.

io.fabric8.kubernetes.client.KubernetesClientException: Failure executing: GET at: https://localhost:52797/api/v1/namespaces/default/configmaps/my-config. Message: Internal Server Error.
	at io.fabric8.kubernetes.client.dsl.base.OperationSupport.requestFailure(OperationSupport.java:694)
	at io.fabric8.kubernetes.client.dsl.base.OperationSupport.requestFailure(OperationSupport.java:673)
	at io.fabric8.kubernetes.client.dsl.base.OperationSupport.assertResponseCode(OperationSupport.java:626)
	at io.fabric8.kubernetes.client.dsl.base.OperationSupport.handleResponse(OperationSupport.java:566)
	at io.fabric8.kubernetes.client.dsl.base.OperationSupport.handleResponse(OperationSupport.java:527)
	at io.fabric8.kubernetes.client.dsl.base.OperationSupport.handleGet(OperationSupport.java:494)
	at io.fabric8.kubernetes.client.dsl.base.OperationSupport.handleGet(OperationSupport.java:476)
	at io.fabric8.kubernetes.client.dsl.base.BaseOperation.handleGet(BaseOperation.java:788)
	at io.fabric8.kubernetes.client.dsl.base.BaseOperation.getMandatory(BaseOperation.java:187)
	at io.fabric8.kubernetes.client.dsl.base.BaseOperation.get(BaseOperation.java:154)
	at io.fabric8.kubernetes.client.dsl.base.BaseOperation.get(BaseOperation.java:87)
	at org.springframework.cloud.kubernetes.fabric8.config.Fabric8ConfigUtils.getConfigMapData(Fabric8ConfigUtils.java:118)
	at org.springframework.cloud.kubernetes.fabric8.config.Fabric8ConfigMapPropertySource.getData(Fabric8ConfigMapPropertySource.java:79)
	at org.springframework.cloud.kubernetes.fabric8.config.Fabric8ConfigMapPropertySource.<init>(Fabric8ConfigMapPropertySource.java:70)
	at org.springframework.cloud.kubernetes.fabric8.config.Fabric8ConfigMapPropertySourceTests.lambda$constructorShouldNotThrowExceptionOnFailureWhenFailFastIsDisabled$1(Fabric8ConfigMapPropertySourceTests.java:64)
	at org.assertj.core.api.ThrowableAssert.catchThrowable(ThrowableAssert.java:63)
	at org.assertj.core.api.NotThrownAssert.isThrownBy(NotThrownAssert.java:43)
	at org.springframework.cloud.kubernetes.fabric8.config.Fabric8ConfigMapPropertySourceTests.constructorShouldNotThrowExceptionOnFailureWhenFailFastIsDisabled(Fabric8ConfigMapPropertySourceTests.java:64)
	at sun.reflect.NativeMethodAccessorImpl.invoke0(Native Method)
	at sun.reflect.NativeMethodAccessorImpl.invoke(NativeMethodAccessorImpl.java:62)
	at sun.reflect.DelegatingMethodAccessorImpl.invoke(DelegatingMethodAccessorImpl.java:43)
	at java.lang.reflect.Method.invoke(Method.java:498)
	at org.junit.platform.commons.util.ReflectionUtils.invokeMethod(ReflectionUtils.java:725)
	at org.junit.jupiter.engine.execution.MethodInvocation.proceed(MethodInvocation.java:60)
	at org.junit.jupiter.engine.execution.InvocationInterceptorChain$ValidatingInvocation.proceed(InvocationInterceptorChain.java:131)
	at org.junit.jupiter.engine.extension.TimeoutExtension.intercept(TimeoutExtension.java:149)
	at org.junit.jupiter.engine.extension.TimeoutExtension.interceptTestableMethod(TimeoutExtension.java:140)
	at org.junit.jupiter.engine.extension.TimeoutExtension.interceptTestMethod(TimeoutExtension.java:84)
	at org.junit.jupiter.engine.execution.ExecutableInvoker$ReflectiveInterceptorCall.lambda$ofVoidMethod$0(ExecutableInvoker.java:115)
	at org.junit.jupiter.engine.execution.ExecutableInvoker.lambda$invoke$0(ExecutableInvoker.java:105)
	at org.junit.jupiter.engine.execution.InvocationInterceptorChain$InterceptedInvocation.proceed(InvocationInterceptorChain.java:106)
	at org.junit.jupiter.engine.execution.InvocationInterceptorChain.proceed(InvocationInterceptorChain.java:64)
	at org.junit.jupiter.engine.execution.InvocationInterceptorChain.chainAndInvoke(InvocationInterceptorChain.java:45)
	at org.junit.jupiter.engine.execution.InvocationInterceptorChain.invoke(InvocationInterceptorChain.java:37)
	at org.junit.jupiter.engine.execution.ExecutableInvoker.invoke(ExecutableInvoker.java:104)
	at org.junit.jupiter.engine.execution.ExecutableInvoker.invoke(ExecutableInvoker.java:98)
	at org.junit.jupiter.engine.descriptor.TestMethodTestDescriptor.lambda$invokeTestMethod$7(TestMethodTestDescriptor.java:214)
	at org.junit.platform.engine.support.hierarchical.ThrowableCollector.execute(ThrowableCollector.java:73)
	at org.junit.jupiter.engine.descriptor.TestMethodTestDescriptor.invokeTestMethod(TestMethodTestDescriptor.java:210)
	at org.junit.jupiter.engine.descriptor.TestMethodTestDescriptor.execute(TestMethodTestDescriptor.java:135)
	at org.junit.jupiter.engine.descriptor.TestMethodTestDescriptor.execute(TestMethodTestDescriptor.java:66)
	at org.junit.platform.engine.support.hierarchical.NodeTestTask.lambda$executeRecursively$6(NodeTestTask.java:151)
	at org.junit.platform.engine.support.hierarchical.ThrowableCollector.execute(ThrowableCollector.java:73)
	at org.junit.platform.engine.support.hierarchical.NodeTestTask.lambda$executeRecursively$8(NodeTestTask.java:141)
	at org.junit.platform.engine.support.hierarchical.Node.around(Node.java:137)
	at org.junit.platform.engine.support.hierarchical.NodeTestTask.lambda$executeRecursively$9(NodeTestTask.java:139)
	at org.junit.platform.engine.support.hierarchical.ThrowableCollector.execute(ThrowableCollector.java:73)
	at org.junit.platform.engine.support.hierarchical.NodeTestTask.executeRecursively(NodeTestTask.java:138)
	at org.junit.platform.engine.support.hierarchical.NodeTestTask.execute(NodeTestTask.java:95)
	at java.util.ArrayList.forEach(ArrayList.java:1259)
	at org.junit.platform.engine.support.hierarchical.SameThreadHierarchicalTestExecutorService.invokeAll(SameThreadHierarchicalTestExecutorService.java:41)
	at org.junit.platform.engine.support.hierarchical.NodeTestTask.lambda$executeRecursively$6(NodeTestTask.java:155)
	at org.junit.platform.engine.support.hierarchical.ThrowableCollector.execute(ThrowableCollector.java:73)
	at org.junit.platform.engine.support.hierarchical.NodeTestTask.lambda$executeRecursively$8(NodeTestTask.java:141)
	at org.junit.platform.engine.support.hierarchical.Node.around(Node.java:137)
	at org.junit.platform.engine.support.hierarchical.NodeTestTask.lambda$executeRecursively$9(NodeTestTask.java:139)
	at org.junit.platform.engine.support.hierarchical.ThrowableCollector.execute(ThrowableCollector.java:73)
	at org.junit.platform.engine.support.hierarchical.NodeTestTask.executeRecursively(NodeTestTask.java:138)
	at org.junit.platform.engine.support.hierarchical.NodeTestTask.execute(NodeTestTask.java:95)
	at java.util.ArrayList.forEach(ArrayList.java:1259)
	at org.junit.platform.engine.support.hierarchical.SameThreadHierarchicalTestExecutorService.invokeAll(SameThreadHierarchicalTestExecutorService.java:41)
	at org.junit.platform.engine.support.hierarchical.NodeTestTask.lambda$executeRecursively$6(NodeTestTask.java:155)
	at org.junit.platform.engine.support.hierarchical.ThrowableCollector.execute(ThrowableCollector.java:73)
	at org.junit.platform.engine.support.hierarchical.NodeTestTask.lambda$executeRecursively$8(NodeTestTask.java:141)
	at org.junit.platform.engine.support.hierarchical.Node.around(Node.java:137)
	at org.junit.platform.engine.support.hierarchical.NodeTestTask.lambda$executeRecursively$9(NodeTestTask.java:139)
	at org.junit.platform.engine.support.hierarchical.ThrowableCollector.execute(ThrowableCollector.java:73)
	at org.junit.platform.engine.support.hierarchical.NodeTestTask.executeRecursively(NodeTestTask.java:138)
	at org.junit.platform.engine.support.hierarchical.NodeTestTask.execute(NodeTestTask.java:95)
	at org.junit.platform.engine.support.hierarchical.SameThreadHierarchicalTestExecutorService.submit(SameThreadHierarchicalTestExecutorService.java:35)
	at org.junit.platform.engine.support.hierarchical.HierarchicalTestExecutor.execute(HierarchicalTestExecutor.java:57)
	at org.junit.platform.engine.support.hierarchical.HierarchicalTestEngine.execute(HierarchicalTestEngine.java:54)
	at org.junit.platform.launcher.core.DefaultLauncher.execute(DefaultLauncher.java:170)
	at org.junit.platform.launcher.core.DefaultLauncher.execute(DefaultLauncher.java:154)
	at org.junit.platform.launcher.core.DefaultLauncher.execute(DefaultLauncher.java:90)
	at edu.illinois.cs.testrunner.execution.JUnit5TestExecutor.runTestsSeparately(JUnit5TestExecutor.java:40)
	at edu.illinois.cs.testrunner.execution.Executor$.$anonfun$run$1(Executor.scala:33)
	at scala.runtime.java8.JFunction0$mcV$sp.apply(JFunction0$mcV$sp.java:12)
	at scala.util.Try$.apply(Try.scala:209)
	at edu.illinois.cs.testrunner.execution.Executor$.run(Executor.scala:28)
	at edu.illinois.cs.testrunner.execution.Executor$.main(Executor.scala:18)
	at edu.illinois.cs.testrunner.execution.Executor.main(Executor.scala)

2024-05-17 18:39:42.885  INFO 51168 --- [WebServer 52797] okhttp3.mockwebserver.MockWebServer      : MockWebServer[52797] done accepting connections: Socket closed
2024-05-17 18:39:42.897  INFO 51168 --- [           main] .b.t.c.SpringBootTestContextBootstrapper : Neither @ContextConfiguration nor @ContextHierarchy found for test class [org.springframework.cloud.kubernetes.fabric8.config.ConfigMapWithPrefixTests], using SpringBootContextLoader
2024-05-17 18:39:42.900  INFO 51168 --- [           main] o.s.t.c.support.AbstractContextLoader    : Could not detect default resource locations for test class [org.springframework.cloud.kubernetes.fabric8.config.ConfigMapWithPrefixTests]: no resource found for suffixes {-context.xml, Context.groovy}.
2024-05-17 18:39:42.906  INFO 51168 --- [           main] .b.t.c.SpringBootTestContextBootstrapper : Loaded default TestExecutionListener class names from location [META-INF/spring.factories]: [org.springframework.boot.test.mock.mockito.MockitoTestExecutionListener, org.springframework.boot.test.mock.mockito.ResetMocksTestExecutionListener, org.springframework.boot.test.autoconfigure.restdocs.RestDocsTestExecutionListener, org.springframework.boot.test.autoconfigure.web.client.MockRestServiceServerResetTestExecutionListener, org.springframework.boot.test.autoconfigure.web.servlet.MockMvcPrintOnlyOnFailureTestExecutionListener, org.springframework.boot.test.autoconfigure.web.servlet.WebDriverTestExecutionListener, org.springframework.boot.test.autoconfigure.webservices.client.MockWebServiceServerTestExecutionListener, org.springframework.test.context.web.ServletTestExecutionListener, org.springframework.test.context.support.DirtiesContextBeforeModesTestExecutionListener, org.springframework.test.context.event.ApplicationEventsTestExecutionListener, org.springframework.test.context.support.DependencyInjectionTestExecutionListener, org.springframework.test.context.support.DirtiesContextTestExecutionListener, org.springframework.test.context.transaction.TransactionalTestExecutionListener, org.springframework.test.context.jdbc.SqlScriptsTestExecutionListener, org.springframework.test.context.event.EventPublishingTestExecutionListener, org.spockframework.spring.SpringMockTestExecutionListener]
2024-05-17 18:39:42.909  INFO 51168 --- [           main] .b.t.c.SpringBootTestContextBootstrapper : Using TestExecutionListeners: [org.springframework.test.context.web.ServletTestExecutionListener@6e1ece3d, org.springframework.test.context.support.DirtiesContextBeforeModesTestExecutionListener@3b6a4aa1, org.springframework.test.context.event.ApplicationEventsTestExecutionListener@52790b52, org.springframework.boot.test.mock.mockito.MockitoTestExecutionListener@5bc1eaa7, org.springframework.boot.test.autoconfigure.SpringBootDependencyInjectionTestExecutionListener@4336b8c4, org.springframework.test.context.support.DirtiesContextTestExecutionListener@2a60cd41, org.springframework.test.context.event.EventPublishingTestExecutionListener@30d970c4, org.springframework.boot.test.mock.mockito.ResetMocksTestExecutionListener@649920aa, org.springframework.boot.test.autoconfigure.restdocs.RestDocsTestExecutionListener@129f4465, org.springframework.boot.test.autoconfigure.web.client.MockRestServiceServerResetTestExecutionListener@3eb999b2, org.springframework.boot.test.autoconfigure.web.servlet.MockMvcPrintOnlyOnFailureTestExecutionListener@459d81f1, org.springframework.boot.test.autoconfigure.web.servlet.WebDriverTestExecutionListener@68ac7598, org.springframework.boot.test.autoconfigure.webservices.client.MockWebServiceServerTestExecutionListener@78a884, org.spockframework.spring.SpringMockTestExecutionListener@727ed530]
2024-05-17 18:39:42.914  INFO 51168 --- [WebServer 37115] okhttp3.mockwebserver.MockWebServer      : MockWebServer[37115] starting to accept connections
2024-05-17 18:39:42.921  INFO 51168 --- [127.0.0.1:45454] okhttp3.mockwebserver.MockWebServer      : MockWebServer[37115] received request: POST /api/v1/namespaces/spring-k8s/configmaps HTTP/1.1 and responded: HTTP/1.1 200 OK
2024-05-17 18:39:42.926  INFO 51168 --- [127.0.0.1:45454] okhttp3.mockwebserver.MockWebServer      : MockWebServer[37115] received request: POST /api/v1/namespaces/spring-k8s/configmaps HTTP/1.1 and responded: HTTP/1.1 200 OK
2024-05-17 18:39:42.974  INFO 51168 --- [127.0.0.1:45454] okhttp3.mockwebserver.MockWebServer      : MockWebServer[37115] received request: POST /api/v1/namespaces/spring-k8s/configmaps HTTP/1.1 and responded: HTTP/1.1 200 OK
2024-05-17 18:39:43.023  INFO 51168 --- [WebServer 38883] okhttp3.mockwebserver.MockWebServer      : MockWebServer[38883] starting to accept connections
2024-05-17 18:39:43.046  INFO 51168 --- [WebServer 38883] okhttp3.mockwebserver.MockWebServer      : MockWebServer[38883] done accepting connections: Socket closed
