Apr 21, 2024 7:00:58 PM okhttp3.mockwebserver.MockWebServer$3 execute
INFO: MockWebServer[57523] starting to accept connections
Apr 21, 2024 7:00:59 PM okhttp3.mockwebserver.MockWebServer$3 execute
INFO: MockWebServer[52343] starting to accept connections
2024-04-21 19:00:59.884  INFO   --- [           main] s.c.k.f.c.Fabric8ConfigMapPropertySource : Loading ConfigMap with name 'configmap' in namespace 'some-namespace'
2024-04-21 19:00:59.891  WARN   --- [           main] s.c.k.f.c.Fabric8ConfigMapPropertySource : Can't read configMap with name: [configmap] in namespace: [some-namespace]. Ignoring.

java.lang.NullPointerException: null
	at org.springframework.cloud.kubernetes.fabric8.config.Fabric8ConfigUtils.getConfigMapData(Fabric8ConfigUtils.java:118)
	at org.springframework.cloud.kubernetes.fabric8.config.Fabric8ConfigMapPropertySource.getData(Fabric8ConfigMapPropertySource.java:79)
	at org.springframework.cloud.kubernetes.fabric8.config.Fabric8ConfigMapPropertySource.<init>(Fabric8ConfigMapPropertySource.java:63)
	at org.springframework.cloud.kubernetes.fabric8.config.Fabric8ConfigMapPropertySourceTests.anotherDeprecatedConstructorWithClientNamespaceMustNotFail(Fabric8ConfigMapPropertySourceTests.java:95)
	at sun.reflect.NativeMethodAccessorImpl.invoke0(Native Method)
	at sun.reflect.NativeMethodAccessorImpl.invoke(NativeMethodAccessorImpl.java:62)
	at sun.reflect.DelegatingMethodAccessorImpl.invoke(DelegatingMethodAccessorImpl.java:43)
	at java.lang.reflect.Method.invoke(Method.java:498)
	at org.junit.platform.commons.util.ReflectionUtils.invokeMethod(ReflectionUtils.java:725)
	at org.junit.jupiter.engine.execution.MethodInvocation.proceed(MethodInvocation.java:60)
	at org.junit.jupiter.engine.execution.InvocationInterceptorChain$ValidatingInvocation.proceed(InvocationInterceptorChain.java:131)
	at org.junit.jupiter.engine.extension.TimeoutExtension.intercept(TimeoutExtension.java:149)
	at org.junit.jupiter.engine.extension.TimeoutExtension.interceptTestableMethod(TimeoutExtension.java:140)
	at org.junit.jupiter.engine.extension.TimeoutExtension.interceptTestMethod(TimeoutExtension.java:84)
	at org.junit.jupiter.engine.execution.ExecutableInvoker$ReflectiveInterceptorCall.lambda$ofVoidMethod$0(ExecutableInvoker.java:115)
	at org.junit.jupiter.engine.execution.ExecutableInvoker.lambda$invoke$0(ExecutableInvoker.java:105)
	at org.junit.jupiter.engine.execution.InvocationInterceptorChain$InterceptedInvocation.proceed(InvocationInterceptorChain.java:106)
	at org.junit.jupiter.engine.execution.InvocationInterceptorChain.proceed(InvocationInterceptorChain.java:64)
	at org.junit.jupiter.engine.execution.InvocationInterceptorChain.chainAndInvoke(InvocationInterceptorChain.java:45)
	at org.junit.jupiter.engine.execution.InvocationInterceptorChain.invoke(InvocationInterceptorChain.java:37)
	at org.junit.jupiter.engine.execution.ExecutableInvoker.invoke(ExecutableInvoker.java:104)
	at org.junit.jupiter.engine.execution.ExecutableInvoker.invoke(ExecutableInvoker.java:98)
	at org.junit.jupiter.engine.descriptor.TestMethodTestDescriptor.lambda$invokeTestMethod$7(TestMethodTestDescriptor.java:214)
	at org.junit.platform.engine.support.hierarchical.ThrowableCollector.execute(ThrowableCollector.java:73)
	at org.junit.jupiter.engine.descriptor.TestMethodTestDescriptor.invokeTestMethod(TestMethodTestDescriptor.java:210)
	at org.junit.jupiter.engine.descriptor.TestMethodTestDescriptor.execute(TestMethodTestDescriptor.java:135)
	at org.junit.jupiter.engine.descriptor.TestMethodTestDescriptor.execute(TestMethodTestDescriptor.java:66)
	at org.junit.platform.engine.support.hierarchical.NodeTestTask.lambda$executeRecursively$6(NodeTestTask.java:151)
	at org.junit.platform.engine.support.hierarchical.ThrowableCollector.execute(ThrowableCollector.java:73)
	at org.junit.platform.engine.support.hierarchical.NodeTestTask.lambda$executeRecursively$8(NodeTestTask.java:141)
	at org.junit.platform.engine.support.hierarchical.Node.around(Node.java:137)
	at org.junit.platform.engine.support.hierarchical.NodeTestTask.lambda$executeRecursively$9(NodeTestTask.java:139)
	at org.junit.platform.engine.support.hierarchical.ThrowableCollector.execute(ThrowableCollector.java:73)
	at org.junit.platform.engine.support.hierarchical.NodeTestTask.executeRecursively(NodeTestTask.java:138)
	at org.junit.platform.engine.support.hierarchical.NodeTestTask.execute(NodeTestTask.java:95)
	at java.util.ArrayList.forEach(ArrayList.java:1259)
	at org.junit.platform.engine.support.hierarchical.SameThreadHierarchicalTestExecutorService.invokeAll(SameThreadHierarchicalTestExecutorService.java:41)
	at org.junit.platform.engine.support.hierarchical.NodeTestTask.lambda$executeRecursively$6(NodeTestTask.java:155)
	at org.junit.platform.engine.support.hierarchical.ThrowableCollector.execute(ThrowableCollector.java:73)
	at org.junit.platform.engine.support.hierarchical.NodeTestTask.lambda$executeRecursively$8(NodeTestTask.java:141)
	at org.junit.platform.engine.support.hierarchical.Node.around(Node.java:137)
	at org.junit.platform.engine.support.hierarchical.NodeTestTask.lambda$executeRecursively$9(NodeTestTask.java:139)
	at org.junit.platform.engine.support.hierarchical.ThrowableCollector.execute(ThrowableCollector.java:73)
	at org.junit.platform.engine.support.hierarchical.NodeTestTask.executeRecursively(NodeTestTask.java:138)
	at org.junit.platform.engine.support.hierarchical.NodeTestTask.execute(NodeTestTask.java:95)
	at java.util.ArrayList.forEach(ArrayList.java:1259)
	at org.junit.platform.engine.support.hierarchical.SameThreadHierarchicalTestExecutorService.invokeAll(SameThreadHierarchicalTestExecutorService.java:41)
	at org.junit.platform.engine.support.hierarchical.NodeTestTask.lambda$executeRecursively$6(NodeTestTask.java:155)
	at org.junit.platform.engine.support.hierarchical.ThrowableCollector.execute(ThrowableCollector.java:73)
	at org.junit.platform.engine.support.hierarchical.NodeTestTask.lambda$executeRecursively$8(NodeTestTask.java:141)
	at org.junit.platform.engine.support.hierarchical.Node.around(Node.java:137)
	at org.junit.platform.engine.support.hierarchical.NodeTestTask.lambda$executeRecursively$9(NodeTestTask.java:139)
	at org.junit.platform.engine.support.hierarchical.ThrowableCollector.execute(ThrowableCollector.java:73)
	at org.junit.platform.engine.support.hierarchical.NodeTestTask.executeRecursively(NodeTestTask.java:138)
	at org.junit.platform.engine.support.hierarchical.NodeTestTask.execute(NodeTestTask.java:95)
	at org.junit.platform.engine.support.hierarchical.SameThreadHierarchicalTestExecutorService.submit(SameThreadHierarchicalTestExecutorService.java:35)
	at org.junit.platform.engine.support.hierarchical.HierarchicalTestExecutor.execute(HierarchicalTestExecutor.java:57)
	at org.junit.platform.engine.support.hierarchical.HierarchicalTestEngine.execute(HierarchicalTestEngine.java:54)
	at org.junit.platform.launcher.core.DefaultLauncher.execute(DefaultLauncher.java:170)
	at org.junit.platform.launcher.core.DefaultLauncher.execute(DefaultLauncher.java:154)
	at org.junit.platform.launcher.core.DefaultLauncher.execute(DefaultLauncher.java:90)
	at edu.illinois.cs.testrunner.execution.JUnit5TestExecutor.runTestsSeparately(JUnit5TestExecutor.java:40)
	at edu.illinois.cs.testrunner.execution.Executor$.$anonfun$run$1(Executor.scala:33)
	at scala.runtime.java8.JFunction0$mcV$sp.apply(JFunction0$mcV$sp.java:12)
	at scala.util.Try$.apply(Try.scala:209)
	at edu.illinois.cs.testrunner.execution.Executor$.run(Executor.scala:28)
	at edu.illinois.cs.testrunner.execution.Executor$.main(Executor.scala:18)
	at edu.illinois.cs.testrunner.execution.Executor.main(Executor.scala)

Apr 21, 2024 7:00:59 PM okhttp3.mockwebserver.MockWebServer$3 acceptConnections
INFO: MockWebServer[52343] done accepting connections: Socket closed
Apr 21, 2024 7:00:59 PM okhttp3.mockwebserver.MockWebServer$3 execute
INFO: MockWebServer[57281] starting to accept connections
Apr 21, 2024 7:00:59 PM okhttp3.mockwebserver.MockWebServer$3 execute
INFO: MockWebServer[55253] starting to accept connections
2024-04-21 19:00:59.984  INFO   --- [           main] o.s.c.k.f.c.Fabric8SecretsPropertySource : Loading Secret with name 'my-config' or with labels [{}] in namespace 'default'
Apr 21, 2024 7:01:00 PM okhttp3.mockwebserver.MockWebServer$4 processOneRequest
INFO: MockWebServer[57281] received request: GET /api/v1/namespaces/default/secrets/my-config HTTP/1.1 and responded: HTTP/1.1 500 Server Error
2024-04-21 19:01:00.268  WARN   --- [           main] o.s.c.k.f.c.Fabric8SecretsPropertySource : Can't read secret with name: [my-config] or labels [{}] in namespace: [default] (cause: Failure executing: GET at: https://localhost:57281/api/v1/namespaces/default/secrets/my-config. Message: Internal Server Error.). Ignoring
Apr 21, 2024 7:01:00 PM okhttp3.mockwebserver.MockWebServer$3 acceptConnections
INFO: MockWebServer[55253] done accepting connections: Socket closed
Apr 21, 2024 7:01:00 PM okhttp3.mockwebserver.MockWebServer$3 execute
INFO: MockWebServer[49825] starting to accept connections
Apr 21, 2024 7:01:00 PM okhttp3.mockwebserver.MockWebServer$3 execute
INFO: MockWebServer[34973] starting to accept connections
Apr 21, 2024 7:01:00 PM okhttp3.mockwebserver.MockWebServer$4 processOneRequest
INFO: MockWebServer[49825] received request: POST /api/v1/namespaces/ns2/configmaps HTTP/1.1 and responded: HTTP/1.1 200 OK
Apr 21, 2024 7:01:00 PM okhttp3.mockwebserver.MockWebServer$4 processOneRequest
INFO: MockWebServer[49825] received request: GET /api/v1/namespaces/ns2/configmaps HTTP/1.1 and responded: HTTP/1.1 200 OK
Apr 21, 2024 7:01:00 PM okhttp3.mockwebserver.MockWebServer$3 acceptConnections
INFO: MockWebServer[34973] done accepting connections: Socket closed
Apr 21, 2024 7:01:00 PM okhttp3.mockwebserver.MockWebServer$3 execute
INFO: MockWebServer[35977] starting to accept connections
Apr 21, 2024 7:01:00 PM okhttp3.mockwebserver.MockWebServer$3 execute
INFO: MockWebServer[45931] starting to accept connections
2024-04-21 19:01:01.002  WARN 47082 --- [           main] ubernetesProfileEnvironmentPostProcessor : Not running inside kubernetes. Skipping 'kubernetes' profile activation.

  .   ____          _            __ _ _
 /\\ / ___'_ __ _ _(_)_ __  __ _ \ \ \ \
( ( )\___ | '_ | '_| | '_ \/ _` | \ \ \ \
 \\/  ___)| |_)| | | | | || (_| |  ) ) ) )
  '  |____| .__|_| |_|_| |_\__, | / / / /
 =========|_|==============|___/=/_/_/_/
 :: Spring Boot ::                (v2.6.3)

2024-04-21 19:01:01.720  WARN 47082 --- [           main] ubernetesProfileEnvironmentPostProcessor : Not running inside kubernetes. Skipping 'kubernetes' profile activation.
2024-04-21 19:01:01.721  INFO 47082 --- [           main] e.i.cs.testrunner.execution.Executor$    : No active profile set, falling back to default profiles: default
2024-04-21 19:01:01.764  INFO 47082 --- [           main] o.s.cloud.context.scope.GenericScope     : BeanFactory id=5adb76a5-ffff-3c5f-a60f-7f84faf1ce0f
2024-04-21 19:01:01.782  INFO 47082 --- [           main] e.i.cs.testrunner.execution.Executor$    : Started Executor. in 1.148 seconds (JVM running for 4.517)
2024-04-21 19:01:01.788  INFO 47082 --- [WebServer 45931] okhttp3.mockwebserver.MockWebServer      : MockWebServer[45931] done accepting connections: Socket closed
2024-04-21 19:01:01.797  INFO 47082 --- [WebServer 59873] okhttp3.mockwebserver.MockWebServer      : MockWebServer[59873] starting to accept connections
2024-04-21 19:01:01.802  INFO 47082 --- [WebServer 34451] okhttp3.mockwebserver.MockWebServer      : MockWebServer[34451] starting to accept connections
2024-04-21 19:01:01.805  INFO 47082 --- [           main] s.c.k.f.c.Fabric8ConfigMapPropertySource : Loading ConfigMap with name 'my-config' in namespace 'default'
2024-04-21 19:01:01.914  INFO 47082 --- [127.0.0.1:60068] okhttp3.mockwebserver.MockWebServer      : MockWebServer[34451] received request: GET /api/v1/namespaces/default/configmaps/my-config HTTP/1.1 and responded: HTTP/1.1 500 Server Error
2024-04-21 19:01:01.957  WARN 47082 --- [           main] s.c.k.f.c.Fabric8ConfigMapPropertySource : Can't read configMap with name: [my-config] in namespace: [default]. Ignoring.

io.fabric8.kubernetes.client.KubernetesClientException: Failure executing: GET at: https://localhost:34451/api/v1/namespaces/default/configmaps/my-config. Message: Internal Server Error.
	at io.fabric8.kubernetes.client.dsl.base.OperationSupport.requestFailure(OperationSupport.java:694)
	at io.fabric8.kubernetes.client.dsl.base.OperationSupport.requestFailure(OperationSupport.java:673)
	at io.fabric8.kubernetes.client.dsl.base.OperationSupport.assertResponseCode(OperationSupport.java:626)
	at io.fabric8.kubernetes.client.dsl.base.OperationSupport.handleResponse(OperationSupport.java:566)
	at io.fabric8.kubernetes.client.dsl.base.OperationSupport.handleResponse(OperationSupport.java:527)
	at io.fabric8.kubernetes.client.dsl.base.OperationSupport.handleGet(OperationSupport.java:494)
	at io.fabric8.kubernetes.client.dsl.base.OperationSupport.handleGet(OperationSupport.java:476)
	at io.fabric8.kubernetes.client.dsl.base.BaseOperation.handleGet(BaseOperation.java:788)
	at io.fabric8.kubernetes.client.dsl.base.BaseOperation.getMandatory(BaseOperation.java:187)
	at io.fabric8.kubernetes.client.dsl.base.BaseOperation.get(BaseOperation.java:154)
	at io.fabric8.kubernetes.client.dsl.base.BaseOperation.get(BaseOperation.java:87)
	at org.springframework.cloud.kubernetes.fabric8.config.Fabric8ConfigUtils.getConfigMapData(Fabric8ConfigUtils.java:118)
	at org.springframework.cloud.kubernetes.fabric8.config.Fabric8ConfigMapPropertySource.getData(Fabric8ConfigMapPropertySource.java:79)
	at org.springframework.cloud.kubernetes.fabric8.config.Fabric8ConfigMapPropertySource.<init>(Fabric8ConfigMapPropertySource.java:70)
	at org.springframework.cloud.kubernetes.fabric8.config.Fabric8ConfigMapPropertySourceLocator.getMapPropertySource(Fabric8ConfigMapPropertySourceLocator.java:74)
	at org.springframework.cloud.kubernetes.commons.config.ConfigMapPropertySourceLocator.getMapPropertySourceForSingleConfigMap(ConfigMapPropertySourceLocator.java:98)
	at org.springframework.cloud.kubernetes.commons.config.ConfigMapPropertySourceLocator.lambda$locate$0(ConfigMapPropertySourceLocator.java:77)
	at java.lang.Iterable.forEach(Iterable.java:75)
	at org.springframework.cloud.kubernetes.commons.config.ConfigMapPropertySourceLocator.locate(ConfigMapPropertySourceLocator.java:77)
	at org.springframework.cloud.kubernetes.fabric8.config.Fabric8ConfigMapPropertySourceLocatorTests.lambda$locateShouldNotThrowExceptionOnFailureWhenFailFastIsDisabled$1(Fabric8ConfigMapPropertySourceLocatorTests.java:77)
	at org.assertj.core.api.ThrowableAssert.catchThrowable(ThrowableAssert.java:63)
	at org.assertj.core.api.NotThrownAssert.isThrownBy(NotThrownAssert.java:43)
	at org.springframework.cloud.kubernetes.fabric8.config.Fabric8ConfigMapPropertySourceLocatorTests.locateShouldNotThrowExceptionOnFailureWhenFailFastIsDisabled(Fabric8ConfigMapPropertySourceLocatorTests.java:77)
	at sun.reflect.NativeMethodAccessorImpl.invoke0(Native Method)
	at sun.reflect.NativeMethodAccessorImpl.invoke(NativeMethodAccessorImpl.java:62)
	at sun.reflect.DelegatingMethodAccessorImpl.invoke(DelegatingMethodAccessorImpl.java:43)
	at java.lang.reflect.Method.invoke(Method.java:498)
	at org.junit.platform.commons.util.ReflectionUtils.invokeMethod(ReflectionUtils.java:725)
	at org.junit.jupiter.engine.execution.MethodInvocation.proceed(MethodInvocation.java:60)
	at org.junit.jupiter.engine.execution.InvocationInterceptorChain$ValidatingInvocation.proceed(InvocationInterceptorChain.java:131)
	at org.junit.jupiter.engine.extension.TimeoutExtension.intercept(TimeoutExtension.java:149)
	at org.junit.jupiter.engine.extension.TimeoutExtension.interceptTestableMethod(TimeoutExtension.java:140)
	at org.junit.jupiter.engine.extension.TimeoutExtension.interceptTestMethod(TimeoutExtension.java:84)
	at org.junit.jupiter.engine.execution.ExecutableInvoker$ReflectiveInterceptorCall.lambda$ofVoidMethod$0(ExecutableInvoker.java:115)
	at org.junit.jupiter.engine.execution.ExecutableInvoker.lambda$invoke$0(ExecutableInvoker.java:105)
	at org.junit.jupiter.engine.execution.InvocationInterceptorChain$InterceptedInvocation.proceed(InvocationInterceptorChain.java:106)
	at org.junit.jupiter.engine.execution.InvocationInterceptorChain.proceed(InvocationInterceptorChain.java:64)
	at org.junit.jupiter.engine.execution.InvocationInterceptorChain.chainAndInvoke(InvocationInterceptorChain.java:45)
	at org.junit.jupiter.engine.execution.InvocationInterceptorChain.invoke(InvocationInterceptorChain.java:37)
	at org.junit.jupiter.engine.execution.ExecutableInvoker.invoke(ExecutableInvoker.java:104)
	at org.junit.jupiter.engine.execution.ExecutableInvoker.invoke(ExecutableInvoker.java:98)
	at org.junit.jupiter.engine.descriptor.TestMethodTestDescriptor.lambda$invokeTestMethod$7(TestMethodTestDescriptor.java:214)
	at org.junit.platform.engine.support.hierarchical.ThrowableCollector.execute(ThrowableCollector.java:73)
	at org.junit.jupiter.engine.descriptor.TestMethodTestDescriptor.invokeTestMethod(TestMethodTestDescriptor.java:210)
	at org.junit.jupiter.engine.descriptor.TestMethodTestDescriptor.execute(TestMethodTestDescriptor.java:135)
	at org.junit.jupiter.engine.descriptor.TestMethodTestDescriptor.execute(TestMethodTestDescriptor.java:66)
	at org.junit.platform.engine.support.hierarchical.NodeTestTask.lambda$executeRecursively$6(NodeTestTask.java:151)
	at org.junit.platform.engine.support.hierarchical.ThrowableCollector.execute(ThrowableCollector.java:73)
	at org.junit.platform.engine.support.hierarchical.NodeTestTask.lambda$executeRecursively$8(NodeTestTask.java:141)
	at org.junit.platform.engine.support.hierarchical.Node.around(Node.java:137)
	at org.junit.platform.engine.support.hierarchical.NodeTestTask.lambda$executeRecursively$9(NodeTestTask.java:139)
	at org.junit.platform.engine.support.hierarchical.ThrowableCollector.execute(ThrowableCollector.java:73)
	at org.junit.platform.engine.support.hierarchical.NodeTestTask.executeRecursively(NodeTestTask.java:138)
	at org.junit.platform.engine.support.hierarchical.NodeTestTask.execute(NodeTestTask.java:95)
	at java.util.ArrayList.forEach(ArrayList.java:1259)
	at org.junit.platform.engine.support.hierarchical.SameThreadHierarchicalTestExecutorService.invokeAll(SameThreadHierarchicalTestExecutorService.java:41)
	at org.junit.platform.engine.support.hierarchical.NodeTestTask.lambda$executeRecursively$6(NodeTestTask.java:155)
	at org.junit.platform.engine.support.hierarchical.ThrowableCollector.execute(ThrowableCollector.java:73)
	at org.junit.platform.engine.support.hierarchical.NodeTestTask.lambda$executeRecursively$8(NodeTestTask.java:141)
	at org.junit.platform.engine.support.hierarchical.Node.around(Node.java:137)
	at org.junit.platform.engine.support.hierarchical.NodeTestTask.lambda$executeRecursively$9(NodeTestTask.java:139)
	at org.junit.platform.engine.support.hierarchical.ThrowableCollector.execute(ThrowableCollector.java:73)
	at org.junit.platform.engine.support.hierarchical.NodeTestTask.executeRecursively(NodeTestTask.java:138)
	at org.junit.platform.engine.support.hierarchical.NodeTestTask.execute(NodeTestTask.java:95)
	at java.util.ArrayList.forEach(ArrayList.java:1259)
	at org.junit.platform.engine.support.hierarchical.SameThreadHierarchicalTestExecutorService.invokeAll(SameThreadHierarchicalTestExecutorService.java:41)
	at org.junit.platform.engine.support.hierarchical.NodeTestTask.lambda$executeRecursively$6(NodeTestTask.java:155)
	at org.junit.platform.engine.support.hierarchical.ThrowableCollector.execute(ThrowableCollector.java:73)
	at org.junit.platform.engine.support.hierarchical.NodeTestTask.lambda$executeRecursively$8(NodeTestTask.java:141)
	at org.junit.platform.engine.support.hierarchical.Node.around(Node.java:137)
	at org.junit.platform.engine.support.hierarchical.NodeTestTask.lambda$executeRecursively$9(NodeTestTask.java:139)
	at org.junit.platform.engine.support.hierarchical.ThrowableCollector.execute(ThrowableCollector.java:73)
	at org.junit.platform.engine.support.hierarchical.NodeTestTask.executeRecursively(NodeTestTask.java:138)
	at org.junit.platform.engine.support.hierarchical.NodeTestTask.execute(NodeTestTask.java:95)
	at org.junit.platform.engine.support.hierarchical.SameThreadHierarchicalTestExecutorService.submit(SameThreadHierarchicalTestExecutorService.java:35)
	at org.junit.platform.engine.support.hierarchical.HierarchicalTestExecutor.execute(HierarchicalTestExecutor.java:57)
	at org.junit.platform.engine.support.hierarchical.HierarchicalTestEngine.execute(HierarchicalTestEngine.java:54)
	at org.junit.platform.launcher.core.DefaultLauncher.execute(DefaultLauncher.java:170)
	at org.junit.platform.launcher.core.DefaultLauncher.execute(DefaultLauncher.java:154)
	at org.junit.platform.launcher.core.DefaultLauncher.execute(DefaultLauncher.java:90)
	at edu.illinois.cs.testrunner.execution.JUnit5TestExecutor.runTestsSeparately(JUnit5TestExecutor.java:40)
	at edu.illinois.cs.testrunner.execution.Executor$.$anonfun$run$1(Executor.scala:33)
	at scala.runtime.java8.JFunction0$mcV$sp.apply(JFunction0$mcV$sp.java:12)
	at scala.util.Try$.apply(Try.scala:209)
	at edu.illinois.cs.testrunner.execution.Executor$.run(Executor.scala:28)
	at edu.illinois.cs.testrunner.execution.Executor$.main(Executor.scala:18)
	at edu.illinois.cs.testrunner.execution.Executor.main(Executor.scala)

2024-04-21 19:01:01.963  INFO 47082 --- [WebServer 34451] okhttp3.mockwebserver.MockWebServer      : MockWebServer[34451] done accepting connections: Socket closed
2024-04-21 19:01:01.994  INFO 47082 --- [WebServer 58393] okhttp3.mockwebserver.MockWebServer      : MockWebServer[58393] starting to accept connections
2024-04-21 19:01:02.007  INFO 47082 --- [WebServer 42045] okhttp3.mockwebserver.MockWebServer      : MockWebServer[42045] starting to accept connections
2024-04-21 19:01:02.010  INFO 47082 --- [           main] s.c.k.f.c.Fabric8ConfigMapPropertySource : Loading ConfigMap with name 'my-config' in namespace 'default'
2024-04-21 19:01:02.144  INFO 47082 --- [127.0.0.1:56514] okhttp3.mockwebserver.MockWebServer      : MockWebServer[42045] received request: GET /api/v1/namespaces/default/configmaps/my-config HTTP/1.1 and responded: HTTP/1.1 500 Server Error
2024-04-21 19:01:02.189  INFO 47082 --- [WebServer 42045] okhttp3.mockwebserver.MockWebServer      : MockWebServer[42045] done accepting connections: Socket closed
2024-04-21 19:01:02.236  INFO 47082 --- [WebServer 60133] okhttp3.mockwebserver.MockWebServer      : MockWebServer[60133] starting to accept connections
2024-04-21 19:01:02.245  INFO 47082 --- [WebServer 58565] okhttp3.mockwebserver.MockWebServer      : MockWebServer[58565] starting to accept connections
2024-04-21 19:01:02.264  INFO 47082 --- [           main] .b.t.c.SpringBootTestContextBootstrapper : Neither @ContextConfiguration nor @ContextHierarchy found for test class [org.springframework.cloud.kubernetes.fabric8.config.Fabric8ConfigMapPropertySourceLocatorRetryTests$ConfigRetryEnabled], using SpringBootContextLoader
2024-04-21 19:01:02.265  INFO 47082 --- [           main] o.s.t.c.support.AbstractContextLoader    : Could not detect default resource locations for test class [org.springframework.cloud.kubernetes.fabric8.config.Fabric8ConfigMapPropertySourceLocatorRetryTests$ConfigRetryEnabled]: no resource found for suffixes {-context.xml, Context.groovy}.
2024-04-21 19:01:02.308  INFO 47082 --- [           main] .b.t.c.SpringBootTestContextBootstrapper : Loaded default TestExecutionListener class names from location [META-INF/spring.factories]: [org.springframework.boot.test.mock.mockito.MockitoTestExecutionListener, org.springframework.boot.test.mock.mockito.ResetMocksTestExecutionListener, org.springframework.boot.test.autoconfigure.restdocs.RestDocsTestExecutionListener, org.springframework.boot.test.autoconfigure.web.client.MockRestServiceServerResetTestExecutionListener, org.springframework.boot.test.autoconfigure.web.servlet.MockMvcPrintOnlyOnFailureTestExecutionListener, org.springframework.boot.test.autoconfigure.web.servlet.WebDriverTestExecutionListener, org.springframework.boot.test.autoconfigure.webservices.client.MockWebServiceServerTestExecutionListener, org.springframework.test.context.web.ServletTestExecutionListener, org.springframework.test.context.support.DirtiesContextBeforeModesTestExecutionListener, org.springframework.test.context.event.ApplicationEventsTestExecutionListener, org.springframework.test.context.support.DependencyInjectionTestExecutionListener, org.springframework.test.context.support.DirtiesContextTestExecutionListener, org.springframework.test.context.transaction.TransactionalTestExecutionListener, org.springframework.test.context.jdbc.SqlScriptsTestExecutionListener, org.springframework.test.context.event.EventPublishingTestExecutionListener, org.spockframework.spring.SpringMockTestExecutionListener]
2024-04-21 19:01:02.318  INFO 47082 --- [           main] .b.t.c.SpringBootTestContextBootstrapper : Using TestExecutionListeners: [org.springframework.test.context.web.ServletTestExecutionListener@6af65f29, org.springframework.test.context.support.DirtiesContextBeforeModesTestExecutionListener@370c9018, org.springframework.test.context.event.ApplicationEventsTestExecutionListener@3c81cd82, org.springframework.boot.test.mock.mockito.MockitoTestExecutionListener@111c229c, org.springframework.boot.test.autoconfigure.SpringBootDependencyInjectionTestExecutionListener@49cb3881, org.springframework.test.context.support.DirtiesContextTestExecutionListener@1a14fdf0, org.springframework.test.context.event.EventPublishingTestExecutionListener@284bdeed, org.springframework.boot.test.mock.mockito.ResetMocksTestExecutionListener@58b311ba, org.springframework.boot.test.autoconfigure.restdocs.RestDocsTestExecutionListener@482c351d, org.springframework.boot.test.autoconfigure.web.client.MockRestServiceServerResetTestExecutionListener@75eaba95, org.springframework.boot.test.autoconfigure.web.servlet.MockMvcPrintOnlyOnFailureTestExecutionListener@320be73, org.springframework.boot.test.autoconfigure.web.servlet.WebDriverTestExecutionListener@435e416c, org.springframework.boot.test.autoconfigure.webservices.client.MockWebServiceServerTestExecutionListener@6af310c7, org.spockframework.spring.SpringMockTestExecutionListener@4aed311e]
2024-04-21 19:01:02.384  WARN 47082 --- [           main] ubernetesProfileEnvironmentPostProcessor : Not running inside kubernetes. Skipping 'kubernetes' profile activation.
2024-04-21 19:01:02.539  INFO 47082 --- [           main] trationDelegate$BeanPostProcessorChecker : Bean 'org.springframework.retry.annotation.RetryConfiguration' of type [org.springframework.retry.annotation.RetryConfiguration] is not eligible for getting processed by all BeanPostProcessors (for example: not eligible for auto-proxying)

  .   ____          _            __ _ _
 /\\ / ___'_ __ _ _(_)_ __  __ _ \ \ \ \
( ( )\___ | '_ | '_| | '_ \/ _` | \ \ \ \
 \\/  ___)| |_)| | | | | || (_| |  ) ) ) )
  '  |____| .__|_| |_|_| |_\__, | / / / /
 =========|_|==============|___/=/_/_/_/
 :: Spring Boot ::                (v2.6.3)

2024-04-21 19:01:02.790  INFO 47082 --- [           main] s.c.k.f.c.Fabric8ConfigMapPropertySource : Loading ConfigMap with name 'application' in namespace 'default'
2024-04-21 19:01:02.886  INFO 47082 --- [127.0.0.1:40414] okhttp3.mockwebserver.MockWebServer      : MockWebServer[60133] received request: GET /api/v1/namespaces/default/configmaps/application HTTP/1.1 and responded: HTTP/1.1 404 Client Error
2024-04-21 19:01:02.888  INFO 47082 --- [           main] o.s.c.k.f.config.Fabric8ConfigUtils      : config-map with name : 'application' not present in namespace : 'default'
2024-04-21 19:01:02.891  INFO 47082 --- [           main] b.c.PropertySourceBootstrapConfiguration : Located property source: [BootstrapPropertySource {name='bootstrapProperties-configmap.application.default'}]
2024-04-21 19:01:02.915  WARN 47082 --- [           main] ubernetesProfileEnvironmentPostProcessor : Not running inside kubernetes. Skipping 'kubernetes' profile activation.
2024-04-21 19:01:02.916  INFO 47082 --- [           main] urceLocatorRetryTests$ConfigRetryEnabled : No active profile set, falling back to default profiles: default
2024-04-21 19:01:03.690  INFO 47082 --- [           main] o.s.cloud.context.scope.GenericScope     : BeanFactory id=94652287-2eb9-367e-b08b-eea09b3b2900
2024-04-21 19:01:05.247  INFO 47082 --- [           main] urceLocatorRetryTests$ConfigRetryEnabled : Started Fabric8ConfigMapPropertySourceLocatorRetryTests.ConfigRetryEnabled in 2.918 seconds (JVM running for 7.983)
2024-04-21 19:01:05.258  INFO 47082 --- [WebServer 38707] okhttp3.mockwebserver.MockWebServer      : MockWebServer[38707] starting to accept connections
2024-04-21 19:01:05.276  INFO 47082 --- [           main] s.c.k.f.c.Fabric8ConfigMapPropertySource : Loading ConfigMap with name 'application' in namespace 'default'
2024-04-21 19:01:05.278  INFO 47082 --- [127.0.0.1:40414] okhttp3.mockwebserver.MockWebServer      : MockWebServer[60133] received request: GET /api/v1/namespaces/default/configmaps/application HTTP/1.1 and responded: HTTP/1.1 200 OK
2024-04-21 19:01:05.295  INFO 47082 --- [WebServer 38707] okhttp3.mockwebserver.MockWebServer      : MockWebServer[38707] done accepting connections: Socket closed
2024-04-21 19:01:05.301  INFO 47082 --- [           main] .b.t.c.SpringBootTestContextBootstrapper : Neither @ContextConfiguration nor @ContextHierarchy found for test class [org.springframework.cloud.kubernetes.fabric8.config.CoreTest], using SpringBootContextLoader
2024-04-21 19:01:05.302  INFO 47082 --- [           main] o.s.t.c.support.AbstractContextLoader    : Could not detect default resource locations for test class [org.springframework.cloud.kubernetes.fabric8.config.CoreTest]: no resource found for suffixes {-context.xml, Context.groovy}.
2024-04-21 19:01:05.306  INFO 47082 --- [           main] .b.t.c.SpringBootTestContextBootstrapper : Loaded default TestExecutionListener class names from location [META-INF/spring.factories]: [org.springframework.boot.test.mock.mockito.MockitoTestExecutionListener, org.springframework.boot.test.mock.mockito.ResetMocksTestExecutionListener, org.springframework.boot.test.autoconfigure.restdocs.RestDocsTestExecutionListener, org.springframework.boot.test.autoconfigure.web.client.MockRestServiceServerResetTestExecutionListener, org.springframework.boot.test.autoconfigure.web.servlet.MockMvcPrintOnlyOnFailureTestExecutionListener, org.springframework.boot.test.autoconfigure.web.servlet.WebDriverTestExecutionListener, org.springframework.boot.test.autoconfigure.webservices.client.MockWebServiceServerTestExecutionListener, org.springframework.test.context.web.ServletTestExecutionListener, org.springframework.test.context.support.DirtiesContextBeforeModesTestExecutionListener, org.springframework.test.context.event.ApplicationEventsTestExecutionListener, org.springframework.test.context.support.DependencyInjectionTestExecutionListener, org.springframework.test.context.support.DirtiesContextTestExecutionListener, org.springframework.test.context.transaction.TransactionalTestExecutionListener, org.springframework.test.context.jdbc.SqlScriptsTestExecutionListener, org.springframework.test.context.event.EventPublishingTestExecutionListener, org.spockframework.spring.SpringMockTestExecutionListener]
2024-04-21 19:01:05.307  INFO 47082 --- [           main] .b.t.c.SpringBootTestContextBootstrapper : Using TestExecutionListeners: [org.springframework.test.context.web.ServletTestExecutionListener@2548fc01, org.springframework.test.context.support.DirtiesContextBeforeModesTestExecutionListener@4331be30, org.springframework.test.context.event.ApplicationEventsTestExecutionListener@5cd71ee2, org.springframework.boot.test.mock.mockito.MockitoTestExecutionListener@3dad535f, org.springframework.boot.test.autoconfigure.SpringBootDependencyInjectionTestExecutionListener@5f67181f, org.springframework.test.context.support.DirtiesContextTestExecutionListener@1169fdfd, org.springframework.test.context.event.EventPublishingTestExecutionListener@75add13c, org.springframework.boot.test.mock.mockito.ResetMocksTestExecutionListener@224d537d, org.springframework.boot.test.autoconfigure.restdocs.RestDocsTestExecutionListener@450d10cb, org.springframework.boot.test.autoconfigure.web.client.MockRestServiceServerResetTestExecutionListener@1bd59b82, org.springframework.boot.test.autoconfigure.web.servlet.MockMvcPrintOnlyOnFailureTestExecutionListener@6a9df5, org.springframework.boot.test.autoconfigure.web.servlet.WebDriverTestExecutionListener@48f4f03e, org.springframework.boot.test.autoconfigure.webservices.client.MockWebServiceServerTestExecutionListener@65d23aa3, org.spockframework.spring.SpringMockTestExecutionListener@52eca410]
2024-04-21 19:01:05.317  INFO 47082 --- [WebServer 40557] okhttp3.mockwebserver.MockWebServer      : MockWebServer[40557] starting to accept connections
2024-04-21 19:01:05.321  INFO 47082 --- [127.0.0.1:40090] okhttp3.mockwebserver.MockWebServer      : MockWebServer[40557] received request: POST /api/v1/namespaces/testns/configmaps HTTP/1.1 and responded: HTTP/1.1 200 OK
2024-04-21 19:01:05.331  INFO 47082 --- [127.0.0.1:40090] okhttp3.mockwebserver.MockWebServer      : MockWebServer[40557] received request: POST /api/v1/namespaces/testns/secrets HTTP/1.1 and responded: HTTP/1.1 200 OK
2024-04-21 19:01:05.463  WARN 47082 --- [           main] ubernetesProfileEnvironmentPostProcessor : Not running inside kubernetes. Skipping 'kubernetes' profile activation.

  .   ____          _            __ _ _
 /\\ / ___'_ __ _ _(_)_ __  __ _ \ \ \ \
( ( )\___ | '_ | '_| | '_ \/ _` | \ \ \ \
 \\/  ___)| |_)| | | | | || (_| |  ) ) ) )
  '  |____| .__|_| |_|_| |_\__, | / / / /
 =========|_|==============|___/=/_/_/_/
 :: Spring Boot ::                (v2.6.3)

2024-04-21 19:01:05.565  INFO 47082 --- [           main] s.c.k.f.c.Fabric8ConfigMapPropertySource : Loading ConfigMap with name 'testapp' in namespace 'testns'
2024-04-21 19:01:05.567  INFO 47082 --- [127.0.0.1:40098] okhttp3.mockwebserver.MockWebServer      : MockWebServer[40557] received request: GET /api/v1/namespaces/testns/configmaps/testapp HTTP/1.1 and responded: HTTP/1.1 200 OK
2024-04-21 19:01:05.569  INFO 47082 --- [           main] b.c.PropertySourceBootstrapConfiguration : Located property source: [BootstrapPropertySource {name='bootstrapProperties-configmap.testapp.testns'}]
2024-04-21 19:01:05.570  INFO 47082 --- [           main] o.s.c.k.f.c.Fabric8SecretsPropertySource : Loading Secret with name 'testapp' or with labels [{}] in namespace 'testns'
2024-04-21 19:01:05.572  INFO 47082 --- [127.0.0.1:40098] okhttp3.mockwebserver.MockWebServer      : MockWebServer[40557] received request: GET /api/v1/namespaces/testns/secrets/testapp HTTP/1.1 and responded: HTTP/1.1 200 OK
2024-04-21 19:01:05.616  INFO 47082 --- [127.0.0.1:40098] okhttp3.mockwebserver.MockWebServer      : MockWebServer[40557] received request: GET /api/v1/namespaces/testns/secrets HTTP/1.1 and responded: HTTP/1.1 200 OK
2024-04-21 19:01:05.660  INFO 47082 --- [           main] b.c.PropertySourceBootstrapConfiguration : Located property source: [BootstrapPropertySource {name='bootstrapProperties-secrets.testapp.testns'}]
2024-04-21 19:01:05.665  WARN 47082 --- [           main] ubernetesProfileEnvironmentPostProcessor : Not running inside kubernetes. Skipping 'kubernetes' profile activation.
2024-04-21 19:01:05.665  INFO 47082 --- [           main] o.s.c.k.fabric8.config.CoreTest          : No active profile set, falling back to default profiles: default
2024-04-21 19:01:06.280  INFO 47082 --- [           main] o.s.cloud.context.scope.GenericScope     : BeanFactory id=6834934e-323d-399a-bece-8fe3334006ce
2024-04-21 19:01:07.744  INFO 47082 --- [           main] o.s.b.a.e.web.EndpointLinksResolver      : Exposing 1 endpoint(s) beneath base path '/actuator'
2024-04-21 19:01:07.800  INFO 47082 --- [           main] o.s.c.k.fabric8.config.CoreTest          : Started CoreTest in 2.419 seconds (JVM running for 10.535)
2024-04-21 19:01:07.855  INFO 47082 --- [WebServer 48981] okhttp3.mockwebserver.MockWebServer      : MockWebServer[48981] starting to accept connections
2024-04-21 19:01:07.859  INFO 47082 --- [WebServer 48981] okhttp3.mockwebserver.MockWebServer      : MockWebServer[48981] done accepting connections: Socket closed
2024-04-21 19:01:07.866  INFO 47082 --- [WebServer 56829] okhttp3.mockwebserver.MockWebServer      : MockWebServer[56829] starting to accept connections
2024-04-21 19:01:07.870  INFO 47082 --- [WebServer 60393] okhttp3.mockwebserver.MockWebServer      : MockWebServer[60393] starting to accept connections
2024-04-21 19:01:07.871  INFO 47082 --- [           main] s.c.k.f.c.Fabric8ConfigMapPropertySource : Loading ConfigMap with name 'my-config' in namespace 'default'
2024-04-21 19:01:07.971  INFO 47082 --- [127.0.0.1:47678] okhttp3.mockwebserver.MockWebServer      : MockWebServer[60393] received request: GET /api/v1/namespaces/default/configmaps/my-config HTTP/1.1 and responded: HTTP/1.1 500 Server Error
2024-04-21 19:01:08.012  INFO 47082 --- [WebServer 60393] okhttp3.mockwebserver.MockWebServer      : MockWebServer[60393] done accepting connections: Socket closed
2024-04-21 19:01:08.021  INFO 47082 --- [WebServer 59669] okhttp3.mockwebserver.MockWebServer      : MockWebServer[59669] starting to accept connections
2024-04-21 19:01:08.025  INFO 47082 --- [WebServer 36589] okhttp3.mockwebserver.MockWebServer      : MockWebServer[36589] starting to accept connections
2024-04-21 19:01:08.027  INFO 47082 --- [           main] s.c.k.f.c.Fabric8ConfigMapPropertySource : Loading ConfigMap with name 'my-config' in namespace 'default'
2024-04-21 19:01:08.127  INFO 47082 --- [127.0.0.1:53560] okhttp3.mockwebserver.MockWebServer      : MockWebServer[36589] received request: GET /api/v1/namespaces/default/configmaps/my-config HTTP/1.1 and responded: HTTP/1.1 500 Server Error
2024-04-21 19:01:08.168  WARN 47082 --- [           main] s.c.k.f.c.Fabric8ConfigMapPropertySource : Can't read configMap with name: [my-config] in namespace: [default]. Ignoring.

io.fabric8.kubernetes.client.KubernetesClientException: Failure executing: GET at: https://localhost:36589/api/v1/namespaces/default/configmaps/my-config. Message: Internal Server Error.
	at io.fabric8.kubernetes.client.dsl.base.OperationSupport.requestFailure(OperationSupport.java:694)
	at io.fabric8.kubernetes.client.dsl.base.OperationSupport.requestFailure(OperationSupport.java:673)
	at io.fabric8.kubernetes.client.dsl.base.OperationSupport.assertResponseCode(OperationSupport.java:626)
	at io.fabric8.kubernetes.client.dsl.base.OperationSupport.handleResponse(OperationSupport.java:566)
	at io.fabric8.kubernetes.client.dsl.base.OperationSupport.handleResponse(OperationSupport.java:527)
	at io.fabric8.kubernetes.client.dsl.base.OperationSupport.handleGet(OperationSupport.java:494)
	at io.fabric8.kubernetes.client.dsl.base.OperationSupport.handleGet(OperationSupport.java:476)
	at io.fabric8.kubernetes.client.dsl.base.BaseOperation.handleGet(BaseOperation.java:788)
	at io.fabric8.kubernetes.client.dsl.base.BaseOperation.getMandatory(BaseOperation.java:187)
	at io.fabric8.kubernetes.client.dsl.base.BaseOperation.get(BaseOperation.java:154)
	at io.fabric8.kubernetes.client.dsl.base.BaseOperation.get(BaseOperation.java:87)
	at org.springframework.cloud.kubernetes.fabric8.config.Fabric8ConfigUtils.getConfigMapData(Fabric8ConfigUtils.java:118)
	at org.springframework.cloud.kubernetes.fabric8.config.Fabric8ConfigMapPropertySource.getData(Fabric8ConfigMapPropertySource.java:79)
	at org.springframework.cloud.kubernetes.fabric8.config.Fabric8ConfigMapPropertySource.<init>(Fabric8ConfigMapPropertySource.java:70)
	at org.springframework.cloud.kubernetes.fabric8.config.Fabric8ConfigMapPropertySourceTests.lambda$constructorShouldNotThrowExceptionOnFailureWhenFailFastIsDisabled$1(Fabric8ConfigMapPropertySourceTests.java:64)
	at org.assertj.core.api.ThrowableAssert.catchThrowable(ThrowableAssert.java:63)
	at org.assertj.core.api.NotThrownAssert.isThrownBy(NotThrownAssert.java:43)
	at org.springframework.cloud.kubernetes.fabric8.config.Fabric8ConfigMapPropertySourceTests.constructorShouldNotThrowExceptionOnFailureWhenFailFastIsDisabled(Fabric8ConfigMapPropertySourceTests.java:64)
	at sun.reflect.NativeMethodAccessorImpl.invoke0(Native Method)
	at sun.reflect.NativeMethodAccessorImpl.invoke(NativeMethodAccessorImpl.java:62)
	at sun.reflect.DelegatingMethodAccessorImpl.invoke(DelegatingMethodAccessorImpl.java:43)
	at java.lang.reflect.Method.invoke(Method.java:498)
	at org.junit.platform.commons.util.ReflectionUtils.invokeMethod(ReflectionUtils.java:725)
	at org.junit.jupiter.engine.execution.MethodInvocation.proceed(MethodInvocation.java:60)
	at org.junit.jupiter.engine.execution.InvocationInterceptorChain$ValidatingInvocation.proceed(InvocationInterceptorChain.java:131)
	at org.junit.jupiter.engine.extension.TimeoutExtension.intercept(TimeoutExtension.java:149)
	at org.junit.jupiter.engine.extension.TimeoutExtension.interceptTestableMethod(TimeoutExtension.java:140)
	at org.junit.jupiter.engine.extension.TimeoutExtension.interceptTestMethod(TimeoutExtension.java:84)
	at org.junit.jupiter.engine.execution.ExecutableInvoker$ReflectiveInterceptorCall.lambda$ofVoidMethod$0(ExecutableInvoker.java:115)
	at org.junit.jupiter.engine.execution.ExecutableInvoker.lambda$invoke$0(ExecutableInvoker.java:105)
	at org.junit.jupiter.engine.execution.InvocationInterceptorChain$InterceptedInvocation.proceed(InvocationInterceptorChain.java:106)
	at org.junit.jupiter.engine.execution.InvocationInterceptorChain.proceed(InvocationInterceptorChain.java:64)
	at org.junit.jupiter.engine.execution.InvocationInterceptorChain.chainAndInvoke(InvocationInterceptorChain.java:45)
	at org.junit.jupiter.engine.execution.InvocationInterceptorChain.invoke(InvocationInterceptorChain.java:37)
	at org.junit.jupiter.engine.execution.ExecutableInvoker.invoke(ExecutableInvoker.java:104)
	at org.junit.jupiter.engine.execution.ExecutableInvoker.invoke(ExecutableInvoker.java:98)
	at org.junit.jupiter.engine.descriptor.TestMethodTestDescriptor.lambda$invokeTestMethod$7(TestMethodTestDescriptor.java:214)
	at org.junit.platform.engine.support.hierarchical.ThrowableCollector.execute(ThrowableCollector.java:73)
	at org.junit.jupiter.engine.descriptor.TestMethodTestDescriptor.invokeTestMethod(TestMethodTestDescriptor.java:210)
	at org.junit.jupiter.engine.descriptor.TestMethodTestDescriptor.execute(TestMethodTestDescriptor.java:135)
	at org.junit.jupiter.engine.descriptor.TestMethodTestDescriptor.execute(TestMethodTestDescriptor.java:66)
	at org.junit.platform.engine.support.hierarchical.NodeTestTask.lambda$executeRecursively$6(NodeTestTask.java:151)
	at org.junit.platform.engine.support.hierarchical.ThrowableCollector.execute(ThrowableCollector.java:73)
	at org.junit.platform.engine.support.hierarchical.NodeTestTask.lambda$executeRecursively$8(NodeTestTask.java:141)
	at org.junit.platform.engine.support.hierarchical.Node.around(Node.java:137)
	at org.junit.platform.engine.support.hierarchical.NodeTestTask.lambda$executeRecursively$9(NodeTestTask.java:139)
	at org.junit.platform.engine.support.hierarchical.ThrowableCollector.execute(ThrowableCollector.java:73)
	at org.junit.platform.engine.support.hierarchical.NodeTestTask.executeRecursively(NodeTestTask.java:138)
	at org.junit.platform.engine.support.hierarchical.NodeTestTask.execute(NodeTestTask.java:95)
	at java.util.ArrayList.forEach(ArrayList.java:1259)
	at org.junit.platform.engine.support.hierarchical.SameThreadHierarchicalTestExecutorService.invokeAll(SameThreadHierarchicalTestExecutorService.java:41)
	at org.junit.platform.engine.support.hierarchical.NodeTestTask.lambda$executeRecursively$6(NodeTestTask.java:155)
	at org.junit.platform.engine.support.hierarchical.ThrowableCollector.execute(ThrowableCollector.java:73)
	at org.junit.platform.engine.support.hierarchical.NodeTestTask.lambda$executeRecursively$8(NodeTestTask.java:141)
	at org.junit.platform.engine.support.hierarchical.Node.around(Node.java:137)
	at org.junit.platform.engine.support.hierarchical.NodeTestTask.lambda$executeRecursively$9(NodeTestTask.java:139)
	at org.junit.platform.engine.support.hierarchical.ThrowableCollector.execute(ThrowableCollector.java:73)
	at org.junit.platform.engine.support.hierarchical.NodeTestTask.executeRecursively(NodeTestTask.java:138)
	at org.junit.platform.engine.support.hierarchical.NodeTestTask.execute(NodeTestTask.java:95)
	at java.util.ArrayList.forEach(ArrayList.java:1259)
	at org.junit.platform.engine.support.hierarchical.SameThreadHierarchicalTestExecutorService.invokeAll(SameThreadHierarchicalTestExecutorService.java:41)
	at org.junit.platform.engine.support.hierarchical.NodeTestTask.lambda$executeRecursively$6(NodeTestTask.java:155)
	at org.junit.platform.engine.support.hierarchical.ThrowableCollector.execute(ThrowableCollector.java:73)
	at org.junit.platform.engine.support.hierarchical.NodeTestTask.lambda$executeRecursively$8(NodeTestTask.java:141)
	at org.junit.platform.engine.support.hierarchical.Node.around(Node.java:137)
	at org.junit.platform.engine.support.hierarchical.NodeTestTask.lambda$executeRecursively$9(NodeTestTask.java:139)
	at org.junit.platform.engine.support.hierarchical.ThrowableCollector.execute(ThrowableCollector.java:73)
	at org.junit.platform.engine.support.hierarchical.NodeTestTask.executeRecursively(NodeTestTask.java:138)
	at org.junit.platform.engine.support.hierarchical.NodeTestTask.execute(NodeTestTask.java:95)
	at org.junit.platform.engine.support.hierarchical.SameThreadHierarchicalTestExecutorService.submit(SameThreadHierarchicalTestExecutorService.java:35)
	at org.junit.platform.engine.support.hierarchical.HierarchicalTestExecutor.execute(HierarchicalTestExecutor.java:57)
	at org.junit.platform.engine.support.hierarchical.HierarchicalTestEngine.execute(HierarchicalTestEngine.java:54)
	at org.junit.platform.launcher.core.DefaultLauncher.execute(DefaultLauncher.java:170)
	at org.junit.platform.launcher.core.DefaultLauncher.execute(DefaultLauncher.java:154)
	at org.junit.platform.launcher.core.DefaultLauncher.execute(DefaultLauncher.java:90)
	at edu.illinois.cs.testrunner.execution.JUnit5TestExecutor.runTestsSeparately(JUnit5TestExecutor.java:40)
	at edu.illinois.cs.testrunner.execution.Executor$.$anonfun$run$1(Executor.scala:33)
	at scala.runtime.java8.JFunction0$mcV$sp.apply(JFunction0$mcV$sp.java:12)
	at scala.util.Try$.apply(Try.scala:209)
	at edu.illinois.cs.testrunner.execution.Executor$.run(Executor.scala:28)
	at edu.illinois.cs.testrunner.execution.Executor$.main(Executor.scala:18)
	at edu.illinois.cs.testrunner.execution.Executor.main(Executor.scala)

2024-04-21 19:01:08.169  INFO 47082 --- [WebServer 36589] okhttp3.mockwebserver.MockWebServer      : MockWebServer[36589] done accepting connections: Socket closed
2024-04-21 19:01:08.177  INFO 47082 --- [           main] .b.t.c.SpringBootTestContextBootstrapper : Neither @ContextConfiguration nor @ContextHierarchy found for test class [org.springframework.cloud.kubernetes.fabric8.config.Fabric8BootstrapConfigurationTests$KubernetesEnabled], using SpringBootContextLoader
2024-04-21 19:01:08.178  INFO 47082 --- [           main] o.s.t.c.support.AbstractContextLoader    : Could not detect default resource locations for test class [org.springframework.cloud.kubernetes.fabric8.config.Fabric8BootstrapConfigurationTests$KubernetesEnabled]: no resource found for suffixes {-context.xml, Context.groovy}.
2024-04-21 19:01:08.180  INFO 47082 --- [           main] .b.t.c.SpringBootTestContextBootstrapper : Loaded default TestExecutionListener class names from location [META-INF/spring.factories]: [org.springframework.boot.test.mock.mockito.MockitoTestExecutionListener, org.springframework.boot.test.mock.mockito.ResetMocksTestExecutionListener, org.springframework.boot.test.autoconfigure.restdocs.RestDocsTestExecutionListener, org.springframework.boot.test.autoconfigure.web.client.MockRestServiceServerResetTestExecutionListener, org.springframework.boot.test.autoconfigure.web.servlet.MockMvcPrintOnlyOnFailureTestExecutionListener, org.springframework.boot.test.autoconfigure.web.servlet.WebDriverTestExecutionListener, org.springframework.boot.test.autoconfigure.webservices.client.MockWebServiceServerTestExecutionListener, org.springframework.test.context.web.ServletTestExecutionListener, org.springframework.test.context.support.DirtiesContextBeforeModesTestExecutionListener, org.springframework.test.context.event.ApplicationEventsTestExecutionListener, org.springframework.test.context.support.DependencyInjectionTestExecutionListener, org.springframework.test.context.support.DirtiesContextTestExecutionListener, org.springframework.test.context.transaction.TransactionalTestExecutionListener, org.springframework.test.context.jdbc.SqlScriptsTestExecutionListener, org.springframework.test.context.event.EventPublishingTestExecutionListener, org.spockframework.spring.SpringMockTestExecutionListener]
2024-04-21 19:01:08.181  INFO 47082 --- [           main] .b.t.c.SpringBootTestContextBootstrapper : Using TestExecutionListeners: [org.springframework.test.context.web.ServletTestExecutionListener@7c39193f, org.springframework.test.context.support.DirtiesContextBeforeModesTestExecutionListener@230d013b, org.springframework.test.context.event.ApplicationEventsTestExecutionListener@6e225c34, org.springframework.boot.test.mock.mockito.MockitoTestExecutionListener@5d84b088, org.springframework.boot.test.autoconfigure.SpringBootDependencyInjectionTestExecutionListener@69c0bae6, org.springframework.test.context.support.DirtiesContextTestExecutionListener@220f6a3c, org.springframework.test.context.event.EventPublishingTestExecutionListener@5eb041b5, org.springframework.boot.test.mock.mockito.ResetMocksTestExecutionListener@2648aa1b, org.springframework.boot.test.autoconfigure.restdocs.RestDocsTestExecutionListener@4a3333be, org.springframework.boot.test.autoconfigure.web.client.MockRestServiceServerResetTestExecutionListener@13b4ee4e, org.springframework.boot.test.autoconfigure.web.servlet.MockMvcPrintOnlyOnFailureTestExecutionListener@4f55a864, org.springframework.boot.test.autoconfigure.web.servlet.WebDriverTestExecutionListener@2c2edbe7, org.springframework.boot.test.autoconfigure.webservices.client.MockWebServiceServerTestExecutionListener@7f53a31f, org.spockframework.spring.SpringMockTestExecutionListener@4ba1f425]
2024-04-21 19:01:08.236  WARN 47082 --- [           main] ubernetesProfileEnvironmentPostProcessor : Not running inside kubernetes. Skipping 'kubernetes' profile activation.

  .   ____          _            __ _ _
 /\\ / ___'_ __ _ _(_)_ __  __ _ \ \ \ \
( ( )\___ | '_ | '_| | '_ \/ _` | \ \ \ \
 \\/  ___)| |_)| | | | | || (_| |  ) ) ) )
  '  |____| .__|_| |_|_| |_\__, | / / / /
 =========|_|==============|___/=/_/_/_/
 :: Spring Boot ::                (v2.6.3)

2024-04-21 19:01:08.325  INFO 47082 --- [           main] s.c.k.f.c.Fabric8ConfigMapPropertySource : Loading ConfigMap with name 'application' in namespace 'default'
2024-04-21 19:01:08.328  INFO 47082 --- [127.0.0.1:40114] okhttp3.mockwebserver.MockWebServer      : MockWebServer[40557] received request: GET /api/v1/namespaces/default/configmaps/application HTTP/1.1 and responded: HTTP/1.1 404 Client Error
2024-04-21 19:01:08.329  INFO 47082 --- [           main] o.s.c.k.f.config.Fabric8ConfigUtils      : config-map with name : 'application' not present in namespace : 'default'
2024-04-21 19:01:08.330  INFO 47082 --- [           main] b.c.PropertySourceBootstrapConfiguration : Located property source: [BootstrapPropertySource {name='bootstrapProperties-configmap.application.default'}]
2024-04-21 19:01:08.335  WARN 47082 --- [           main] ubernetesProfileEnvironmentPostProcessor : Not running inside kubernetes. Skipping 'kubernetes' profile activation.
2024-04-21 19:01:08.335  INFO 47082 --- [           main] trapConfigurationTests$KubernetesEnabled : No active profile set, falling back to default profiles: default
2024-04-21 19:01:08.787  INFO 47082 --- [           main] o.s.cloud.context.scope.GenericScope     : BeanFactory id=55b4a3e9-9f94-32f4-ad68-c7f5dce8195c
2024-04-21 19:01:09.021  INFO 47082 --- [           main] o.s.b.w.embedded.tomcat.TomcatWebServer  : Tomcat initialized with port(s): 0 (http)
2024-04-21 19:01:09.033  INFO 47082 --- [           main] o.apache.catalina.core.StandardService   : Starting service [Tomcat]
2024-04-21 19:01:09.033  INFO 47082 --- [           main] org.apache.catalina.core.StandardEngine  : Starting Servlet engine: [Apache Tomcat/9.0.56]
2024-04-21 19:01:09.175  INFO 47082 --- [           main] o.a.c.c.C.[Tomcat].[localhost].[/]       : Initializing Spring embedded WebApplicationContext
2024-04-21 19:01:09.175  INFO 47082 --- [           main] w.s.c.ServletWebServerApplicationContext : Root WebApplicationContext: initialization completed in 838 ms
2024-04-21 19:01:10.093  INFO 47082 --- [           main] o.s.b.a.e.web.EndpointLinksResolver      : Exposing 1 endpoint(s) beneath base path '/actuator'
2024-04-21 19:01:10.251  INFO 47082 --- [           main] o.s.b.w.embedded.tomcat.TomcatWebServer  : Tomcat started on port(s): 40431 (http) with context path ''
2024-04-21 19:01:10.259  INFO 47082 --- [           main] trapConfigurationTests$KubernetesEnabled : Started Fabric8BootstrapConfigurationTests.KubernetesEnabled in 2.076 seconds (JVM running for 12.994)
2024-04-21 19:01:10.283  INFO 47082 --- [WebServer 41505] okhttp3.mockwebserver.MockWebServer      : MockWebServer[41505] starting to accept connections
2024-04-21 19:01:10.285  INFO 47082 --- [WebServer 55829] okhttp3.mockwebserver.MockWebServer      : MockWebServer[55829] starting to accept connections

  .   ____          _            __ _ _
 /\\ / ___'_ __ _ _(_)_ __  __ _ \ \ \ \
( ( )\___ | '_ | '_| | '_ \/ _` | \ \ \ \
 \\/  ___)| |_)| | | | | || (_| |  ) ) ) )
  '  |____| .__|_| |_|_| |_\__, | / / / /
 =========|_|==============|___/=/_/_/_/
 :: Spring Boot ::                (v2.6.3)

2024-04-21 19:01:10.392  INFO 47082 --- [           main] e.i.cs.testrunner.execution.Executor$    : No active profile set, falling back to default profiles: default
2024-04-21 19:01:10.406  INFO 47082 --- [           main] o.s.cloud.context.scope.GenericScope     : BeanFactory id=5adb76a5-ffff-3c5f-a60f-7f84faf1ce0f
2024-04-21 19:01:10.411  INFO 47082 --- [           main] e.i.cs.testrunner.execution.Executor$    : Started Executor. in 0.125 seconds (JVM running for 13.147)
2024-04-21 19:01:10.413  INFO 47082 --- [WebServer 55829] okhttp3.mockwebserver.MockWebServer      : MockWebServer[55829] done accepting connections: Socket closed
2024-04-21 19:01:10.420  INFO 47082 --- [WebServer 43479] okhttp3.mockwebserver.MockWebServer      : MockWebServer[43479] starting to accept connections
2024-04-21 19:01:10.424  INFO 47082 --- [WebServer 44425] okhttp3.mockwebserver.MockWebServer      : MockWebServer[44425] starting to accept connections
2024-04-21 19:01:10.425  INFO 47082 --- [WebServer 44425] okhttp3.mockwebserver.MockWebServer      : MockWebServer[44425] done accepting connections: Socket closed
2024-04-21 19:01:10.430  INFO 47082 --- [           main] .b.t.c.SpringBootTestContextBootstrapper : Neither @ContextConfiguration nor @ContextHierarchy found for test class [org.springframework.cloud.kubernetes.fabric8.config.Fabric8BootstrapConfigurationTests$KubernetesDisabled], using SpringBootContextLoader
2024-04-21 19:01:10.431  INFO 47082 --- [           main] o.s.t.c.support.AbstractContextLoader    : Could not detect default resource locations for test class [org.springframework.cloud.kubernetes.fabric8.config.Fabric8BootstrapConfigurationTests$KubernetesDisabled]: no resource found for suffixes {-context.xml, Context.groovy}.
2024-04-21 19:01:10.433  INFO 47082 --- [           main] .b.t.c.SpringBootTestContextBootstrapper : Loaded default TestExecutionListener class names from location [META-INF/spring.factories]: [org.springframework.boot.test.mock.mockito.MockitoTestExecutionListener, org.springframework.boot.test.mock.mockito.ResetMocksTestExecutionListener, org.springframework.boot.test.autoconfigure.restdocs.RestDocsTestExecutionListener, org.springframework.boot.test.autoconfigure.web.client.MockRestServiceServerResetTestExecutionListener, org.springframework.boot.test.autoconfigure.web.servlet.MockMvcPrintOnlyOnFailureTestExecutionListener, org.springframework.boot.test.autoconfigure.web.servlet.WebDriverTestExecutionListener, org.springframework.boot.test.autoconfigure.webservices.client.MockWebServiceServerTestExecutionListener, org.springframework.test.context.web.ServletTestExecutionListener, org.springframework.test.context.support.DirtiesContextBeforeModesTestExecutionListener, org.springframework.test.context.event.ApplicationEventsTestExecutionListener, org.springframework.test.context.support.DependencyInjectionTestExecutionListener, org.springframework.test.context.support.DirtiesContextTestExecutionListener, org.springframework.test.context.transaction.TransactionalTestExecutionListener, org.springframework.test.context.jdbc.SqlScriptsTestExecutionListener, org.springframework.test.context.event.EventPublishingTestExecutionListener, org.spockframework.spring.SpringMockTestExecutionListener]
2024-04-21 19:01:10.435  INFO 47082 --- [           main] .b.t.c.SpringBootTestContextBootstrapper : Using TestExecutionListeners: [org.springframework.test.context.web.ServletTestExecutionListener@4a1c14a6, org.springframework.test.context.support.DirtiesContextBeforeModesTestExecutionListener@1bc1aa9e, org.springframework.test.context.event.ApplicationEventsTestExecutionListener@1e366f0f, org.springframework.boot.test.mock.mockito.MockitoTestExecutionListener@647b3fd3, org.springframework.boot.test.autoconfigure.SpringBootDependencyInjectionTestExecutionListener@4e68aede, org.springframework.test.context.support.DirtiesContextTestExecutionListener@586b78d7, org.springframework.test.context.event.EventPublishingTestExecutionListener@75882ac2, org.springframework.boot.test.mock.mockito.ResetMocksTestExecutionListener@48b01607, org.springframework.boot.test.autoconfigure.restdocs.RestDocsTestExecutionListener@43255f91, org.springframework.boot.test.autoconfigure.web.client.MockRestServiceServerResetTestExecutionListener@408b2ae2, org.springframework.boot.test.autoconfigure.web.servlet.MockMvcPrintOnlyOnFailureTestExecutionListener@74e1d60b, org.springframework.boot.test.autoconfigure.web.servlet.WebDriverTestExecutionListener@3c29f6be, org.springframework.boot.test.autoconfigure.webservices.client.MockWebServiceServerTestExecutionListener@5519ef7d, org.spockframework.spring.SpringMockTestExecutionListener@4c5c0306]

  .   ____          _            __ _ _
 /\\ / ___'_ __ _ _(_)_ __  __ _ \ \ \ \
( ( )\___ | '_ | '_| | '_ \/ _` | \ \ \ \
 \\/  ___)| |_)| | | | | || (_| |  ) ) ) )
  '  |____| .__|_| |_|_| |_\__, | / / / /
 =========|_|==============|___/=/_/_/_/
 :: Spring Boot ::                (v2.6.3)

2024-04-21 19:01:10.569  INFO 47082 --- [           main] rapConfigurationTests$KubernetesDisabled : No active profile set, falling back to default profiles: default
2024-04-21 19:01:10.963  INFO 47082 --- [           main] o.s.cloud.context.scope.GenericScope     : BeanFactory id=05bd9ce4-b5b1-3fa1-8610-bcc2745d9eb9
2024-04-21 19:01:11.084  INFO 47082 --- [           main] o.s.b.w.embedded.tomcat.TomcatWebServer  : Tomcat initialized with port(s): 0 (http)
2024-04-21 19:01:11.085  INFO 47082 --- [           main] o.apache.catalina.core.StandardService   : Starting service [Tomcat]
2024-04-21 19:01:11.085  INFO 47082 --- [           main] org.apache.catalina.core.StandardEngine  : Starting Servlet engine: [Apache Tomcat/9.0.56]
2024-04-21 19:01:11.095  INFO 47082 --- [           main] o.a.c.c.C.[Tomcat-1].[localhost].[/]     : Initializing Spring embedded WebApplicationContext
2024-04-21 19:01:11.095  INFO 47082 --- [           main] w.s.c.ServletWebServerApplicationContext : Root WebApplicationContext: initialization completed in 525 ms
2024-04-21 19:01:11.824  INFO 47082 --- [           main] o.s.b.a.e.web.EndpointLinksResolver      : Exposing 1 endpoint(s) beneath base path '/actuator'
2024-04-21 19:01:11.872  INFO 47082 --- [           main] o.s.b.w.embedded.tomcat.TomcatWebServer  : Tomcat started on port(s): 40805 (http) with context path ''
2024-04-21 19:01:11.879  INFO 47082 --- [           main] rapConfigurationTests$KubernetesDisabled : Started Fabric8BootstrapConfigurationTests.KubernetesDisabled in 1.442 seconds (JVM running for 14.615)
2024-04-21 19:01:11.892  INFO 47082 --- [WebServer 59463] okhttp3.mockwebserver.MockWebServer      : MockWebServer[59463] starting to accept connections
2024-04-21 19:01:11.896  INFO 47082 --- [WebServer 33839] okhttp3.mockwebserver.MockWebServer      : MockWebServer[33839] starting to accept connections
2024-04-21 19:01:11.897  INFO 47082 --- [           main] s.c.k.f.c.Fabric8ConfigMapPropertySource : Loading ConfigMap with name 'configmap' in namespace 'some'
2024-04-21 19:01:11.898  WARN 47082 --- [           main] s.c.k.f.c.Fabric8ConfigMapPropertySource : Can't read configMap with name: [configmap] in namespace: [some]. Ignoring.

java.lang.NullPointerException: null
	at org.springframework.cloud.kubernetes.fabric8.config.Fabric8ConfigUtils.getConfigMapData(Fabric8ConfigUtils.java:118)
	at org.springframework.cloud.kubernetes.fabric8.config.Fabric8ConfigMapPropertySource.getData(Fabric8ConfigMapPropertySource.java:79)
	at org.springframework.cloud.kubernetes.fabric8.config.Fabric8ConfigMapPropertySource.<init>(Fabric8ConfigMapPropertySource.java:70)
	at org.springframework.cloud.kubernetes.fabric8.config.Fabric8ConfigMapPropertySource.<init>(Fabric8ConfigMapPropertySource.java:53)
	at org.springframework.cloud.kubernetes.fabric8.config.Fabric8ConfigMapPropertySourceTests.deprecatedConstructorWithClientNamespaceMustNotFail(Fabric8ConfigMapPropertySourceTests.java:80)
	at sun.reflect.NativeMethodAccessorImpl.invoke0(Native Method)
	at sun.reflect.NativeMethodAccessorImpl.invoke(NativeMethodAccessorImpl.java:62)
	at sun.reflect.DelegatingMethodAccessorImpl.invoke(DelegatingMethodAccessorImpl.java:43)
	at java.lang.reflect.Method.invoke(Method.java:498)
	at org.junit.platform.commons.util.ReflectionUtils.invokeMethod(ReflectionUtils.java:725)
	at org.junit.jupiter.engine.execution.MethodInvocation.proceed(MethodInvocation.java:60)
	at org.junit.jupiter.engine.execution.InvocationInterceptorChain$ValidatingInvocation.proceed(InvocationInterceptorChain.java:131)
	at org.junit.jupiter.engine.extension.TimeoutExtension.intercept(TimeoutExtension.java:149)
	at org.junit.jupiter.engine.extension.TimeoutExtension.interceptTestableMethod(TimeoutExtension.java:140)
	at org.junit.jupiter.engine.extension.TimeoutExtension.interceptTestMethod(TimeoutExtension.java:84)
	at org.junit.jupiter.engine.execution.ExecutableInvoker$ReflectiveInterceptorCall.lambda$ofVoidMethod$0(ExecutableInvoker.java:115)
	at org.junit.jupiter.engine.execution.ExecutableInvoker.lambda$invoke$0(ExecutableInvoker.java:105)
	at org.junit.jupiter.engine.execution.InvocationInterceptorChain$InterceptedInvocation.proceed(InvocationInterceptorChain.java:106)
	at org.junit.jupiter.engine.execution.InvocationInterceptorChain.proceed(InvocationInterceptorChain.java:64)
	at org.junit.jupiter.engine.execution.InvocationInterceptorChain.chainAndInvoke(InvocationInterceptorChain.java:45)
	at org.junit.jupiter.engine.execution.InvocationInterceptorChain.invoke(InvocationInterceptorChain.java:37)
	at org.junit.jupiter.engine.execution.ExecutableInvoker.invoke(ExecutableInvoker.java:104)
	at org.junit.jupiter.engine.execution.ExecutableInvoker.invoke(ExecutableInvoker.java:98)
	at org.junit.jupiter.engine.descriptor.TestMethodTestDescriptor.lambda$invokeTestMethod$7(TestMethodTestDescriptor.java:214)
	at org.junit.platform.engine.support.hierarchical.ThrowableCollector.execute(ThrowableCollector.java:73)
	at org.junit.jupiter.engine.descriptor.TestMethodTestDescriptor.invokeTestMethod(TestMethodTestDescriptor.java:210)
	at org.junit.jupiter.engine.descriptor.TestMethodTestDescriptor.execute(TestMethodTestDescriptor.java:135)
	at org.junit.jupiter.engine.descriptor.TestMethodTestDescriptor.execute(TestMethodTestDescriptor.java:66)
	at org.junit.platform.engine.support.hierarchical.NodeTestTask.lambda$executeRecursively$6(NodeTestTask.java:151)
	at org.junit.platform.engine.support.hierarchical.ThrowableCollector.execute(ThrowableCollector.java:73)
	at org.junit.platform.engine.support.hierarchical.NodeTestTask.lambda$executeRecursively$8(NodeTestTask.java:141)
	at org.junit.platform.engine.support.hierarchical.Node.around(Node.java:137)
	at org.junit.platform.engine.support.hierarchical.NodeTestTask.lambda$executeRecursively$9(NodeTestTask.java:139)
	at org.junit.platform.engine.support.hierarchical.ThrowableCollector.execute(ThrowableCollector.java:73)
	at org.junit.platform.engine.support.hierarchical.NodeTestTask.executeRecursively(NodeTestTask.java:138)
	at org.junit.platform.engine.support.hierarchical.NodeTestTask.execute(NodeTestTask.java:95)
	at java.util.ArrayList.forEach(ArrayList.java:1259)
	at org.junit.platform.engine.support.hierarchical.SameThreadHierarchicalTestExecutorService.invokeAll(SameThreadHierarchicalTestExecutorService.java:41)
	at org.junit.platform.engine.support.hierarchical.NodeTestTask.lambda$executeRecursively$6(NodeTestTask.java:155)
	at org.junit.platform.engine.support.hierarchical.ThrowableCollector.execute(ThrowableCollector.java:73)
	at org.junit.platform.engine.support.hierarchical.NodeTestTask.lambda$executeRecursively$8(NodeTestTask.java:141)
	at org.junit.platform.engine.support.hierarchical.Node.around(Node.java:137)
	at org.junit.platform.engine.support.hierarchical.NodeTestTask.lambda$executeRecursively$9(NodeTestTask.java:139)
	at org.junit.platform.engine.support.hierarchical.ThrowableCollector.execute(ThrowableCollector.java:73)
	at org.junit.platform.engine.support.hierarchical.NodeTestTask.executeRecursively(NodeTestTask.java:138)
	at org.junit.platform.engine.support.hierarchical.NodeTestTask.execute(NodeTestTask.java:95)
	at java.util.ArrayList.forEach(ArrayList.java:1259)
	at org.junit.platform.engine.support.hierarchical.SameThreadHierarchicalTestExecutorService.invokeAll(SameThreadHierarchicalTestExecutorService.java:41)
	at org.junit.platform.engine.support.hierarchical.NodeTestTask.lambda$executeRecursively$6(NodeTestTask.java:155)
	at org.junit.platform.engine.support.hierarchical.ThrowableCollector.execute(ThrowableCollector.java:73)
	at org.junit.platform.engine.support.hierarchical.NodeTestTask.lambda$executeRecursively$8(NodeTestTask.java:141)
	at org.junit.platform.engine.support.hierarchical.Node.around(Node.java:137)
	at org.junit.platform.engine.support.hierarchical.NodeTestTask.lambda$executeRecursively$9(NodeTestTask.java:139)
	at org.junit.platform.engine.support.hierarchical.ThrowableCollector.execute(ThrowableCollector.java:73)
	at org.junit.platform.engine.support.hierarchical.NodeTestTask.executeRecursively(NodeTestTask.java:138)
	at org.junit.platform.engine.support.hierarchical.NodeTestTask.execute(NodeTestTask.java:95)
	at org.junit.platform.engine.support.hierarchical.SameThreadHierarchicalTestExecutorService.submit(SameThreadHierarchicalTestExecutorService.java:35)
	at org.junit.platform.engine.support.hierarchical.HierarchicalTestExecutor.execute(HierarchicalTestExecutor.java:57)
	at org.junit.platform.engine.support.hierarchical.HierarchicalTestEngine.execute(HierarchicalTestEngine.java:54)
	at org.junit.platform.launcher.core.DefaultLauncher.execute(DefaultLauncher.java:170)
	at org.junit.platform.launcher.core.DefaultLauncher.execute(DefaultLauncher.java:154)
	at org.junit.platform.launcher.core.DefaultLauncher.execute(DefaultLauncher.java:90)
	at edu.illinois.cs.testrunner.execution.JUnit5TestExecutor.runTestsSeparately(JUnit5TestExecutor.java:40)
	at edu.illinois.cs.testrunner.execution.Executor$.$anonfun$run$1(Executor.scala:33)
	at scala.runtime.java8.JFunction0$mcV$sp.apply(JFunction0$mcV$sp.java:12)
	at scala.util.Try$.apply(Try.scala:209)
	at edu.illinois.cs.testrunner.execution.Executor$.run(Executor.scala:28)
	at edu.illinois.cs.testrunner.execution.Executor$.main(Executor.scala:18)
	at edu.illinois.cs.testrunner.execution.Executor.main(Executor.scala)

2024-04-21 19:01:11.898  INFO 47082 --- [WebServer 33839] okhttp3.mockwebserver.MockWebServer      : MockWebServer[33839] done accepting connections: Socket closed
2024-04-21 19:01:11.903  INFO 47082 --- [WebServer 55941] okhttp3.mockwebserver.MockWebServer      : MockWebServer[55941] starting to accept connections
2024-04-21 19:01:11.912  INFO 47082 --- [WebServer 36957] okhttp3.mockwebserver.MockWebServer      : MockWebServer[36957] starting to accept connections
2024-04-21 19:01:11.913  INFO 47082 --- [WebServer 36957] okhttp3.mockwebserver.MockWebServer      : MockWebServer[36957] done accepting connections: Socket closed
2024-04-21 19:01:11.919  INFO 47082 --- [           main] .b.t.c.SpringBootTestContextBootstrapper : Neither @ContextConfiguration nor @ContextHierarchy found for test class [org.springframework.cloud.kubernetes.fabric8.config.ConfigMapsWithProfilesTests], using SpringBootContextLoader
2024-04-21 19:01:11.919  INFO 47082 --- [           main] o.s.t.c.support.AbstractContextLoader    : Could not detect default resource locations for test class [org.springframework.cloud.kubernetes.fabric8.config.ConfigMapsWithProfilesTests]: no resource found for suffixes {-context.xml, Context.groovy}.
2024-04-21 19:01:11.928  INFO 47082 --- [           main] .b.t.c.SpringBootTestContextBootstrapper : Loaded default TestExecutionListener class names from location [META-INF/spring.factories]: [org.springframework.boot.test.mock.mockito.MockitoTestExecutionListener, org.springframework.boot.test.mock.mockito.ResetMocksTestExecutionListener, org.springframework.boot.test.autoconfigure.restdocs.RestDocsTestExecutionListener, org.springframework.boot.test.autoconfigure.web.client.MockRestServiceServerResetTestExecutionListener, org.springframework.boot.test.autoconfigure.web.servlet.MockMvcPrintOnlyOnFailureTestExecutionListener, org.springframework.boot.test.autoconfigure.web.servlet.WebDriverTestExecutionListener, org.springframework.boot.test.autoconfigure.webservices.client.MockWebServiceServerTestExecutionListener, org.springframework.test.context.web.ServletTestExecutionListener, org.springframework.test.context.support.DirtiesContextBeforeModesTestExecutionListener, org.springframework.test.context.event.ApplicationEventsTestExecutionListener, org.springframework.test.context.support.DependencyInjectionTestExecutionListener, org.springframework.test.context.support.DirtiesContextTestExecutionListener, org.springframework.test.context.transaction.TransactionalTestExecutionListener, org.springframework.test.context.jdbc.SqlScriptsTestExecutionListener, org.springframework.test.context.event.EventPublishingTestExecutionListener, org.spockframework.spring.SpringMockTestExecutionListener]
2024-04-21 19:01:11.930  INFO 47082 --- [           main] .b.t.c.SpringBootTestContextBootstrapper : Using TestExecutionListeners: [org.springframework.test.context.web.ServletTestExecutionListener@726dd367, org.springframework.test.context.support.DirtiesContextBeforeModesTestExecutionListener@433362e0, org.springframework.test.context.event.ApplicationEventsTestExecutionListener@425a5c2e, org.springframework.boot.test.mock.mockito.MockitoTestExecutionListener@58cd6088, org.springframework.boot.test.autoconfigure.SpringBootDependencyInjectionTestExecutionListener@44a7661d, org.springframework.test.context.support.DirtiesContextTestExecutionListener@1cdb280b, org.springframework.test.context.event.EventPublishingTestExecutionListener@cf0bc92, org.springframework.boot.test.mock.mockito.ResetMocksTestExecutionListener@3f8a44a4, org.springframework.boot.test.autoconfigure.restdocs.RestDocsTestExecutionListener@40625ac6, org.springframework.boot.test.autoconfigure.web.client.MockRestServiceServerResetTestExecutionListener@53cb9b1, org.springframework.boot.test.autoconfigure.web.servlet.MockMvcPrintOnlyOnFailureTestExecutionListener@c2191a8, org.springframework.boot.test.autoconfigure.web.servlet.WebDriverTestExecutionListener@61e34bec, org.springframework.boot.test.autoconfigure.webservices.client.MockWebServiceServerTestExecutionListener@3305897c, org.spockframework.spring.SpringMockTestExecutionListener@53945f9c]
2024-04-21 19:01:11.931  INFO 47082 --- [WebServer 60653] okhttp3.mockwebserver.MockWebServer      : MockWebServer[60653] starting to accept connections
2024-04-21 19:01:11.937  INFO 47082 --- [127.0.0.1:34584] okhttp3.mockwebserver.MockWebServer      : MockWebServer[60653] received request: POST /api/v1/namespaces/test/configmaps HTTP/1.1 and responded: HTTP/1.1 200 OK
2024-04-21 19:01:11.982  WARN 47082 --- [           main] ubernetesProfileEnvironmentPostProcessor : Not running inside kubernetes. Skipping 'kubernetes' profile activation.

  .   ____          _            __ _ _
 /\\ / ___'_ __ _ _(_)_ __  __ _ \ \ \ \
( ( )\___ | '_ | '_| | '_ \/ _` | \ \ \ \
 \\/  ___)| |_)| | | | | || (_| |  ) ) ) )
  '  |____| .__|_| |_|_| |_\__, | / / / /
 =========|_|==============|___/=/_/_/_/
 :: Spring Boot ::                (v2.6.3)

2024-04-21 19:01:12.074  INFO 47082 --- [           main] s.c.k.f.c.Fabric8ConfigMapPropertySource : Loading ConfigMap with name 'configmap-with-profile-example' in namespace 'test'
2024-04-21 19:01:12.077  INFO 47082 --- [127.0.0.1:34592] okhttp3.mockwebserver.MockWebServer      : MockWebServer[60653] received request: GET /api/v1/namespaces/test/configmaps/configmap-with-profile-example HTTP/1.1 and responded: HTTP/1.1 200 OK
2024-04-21 19:01:12.091  INFO 47082 --- [127.0.0.1:34592] okhttp3.mockwebserver.MockWebServer      : MockWebServer[60653] received request: GET /api/v1/namespaces/test/configmaps/configmap-with-profile-example-development HTTP/1.1 and responded: HTTP/1.1 404 Client Error
2024-04-21 19:01:12.092  INFO 47082 --- [           main] o.s.c.k.f.config.Fabric8ConfigUtils      : config-map with name : 'configmap-with-profile-example-development' not present in namespace : 'test'
2024-04-21 19:01:12.092  INFO 47082 --- [           main] b.c.PropertySourceBootstrapConfiguration : Located property source: [BootstrapPropertySource {name='bootstrapProperties-configmap.configmap-with-profile-example.test'}]
2024-04-21 19:01:12.097  WARN 47082 --- [           main] ubernetesProfileEnvironmentPostProcessor : Not running inside kubernetes. Skipping 'kubernetes' profile activation.
2024-04-21 19:01:12.097  INFO 47082 --- [           main] o.s.c.k.f.c.ConfigMapsWithProfilesTests  : The following profiles are active: development
2024-04-21 19:01:12.323  INFO 47082 --- [           main] o.s.cloud.context.scope.GenericScope     : BeanFactory id=affffd22-e438-321b-a0d0-967c2140a2e8
2024-04-21 19:01:12.446  INFO 47082 --- [           main] o.s.b.w.embedded.tomcat.TomcatWebServer  : Tomcat initialized with port(s): 0 (http)
2024-04-21 19:01:12.447  INFO 47082 --- [           main] o.apache.catalina.core.StandardService   : Starting service [Tomcat]
2024-04-21 19:01:12.447  INFO 47082 --- [           main] org.apache.catalina.core.StandardEngine  : Starting Servlet engine: [Apache Tomcat/9.0.56]
2024-04-21 19:01:12.459  INFO 47082 --- [           main] o.a.c.c.C.[Tomcat-2].[localhost].[/]     : Initializing Spring embedded WebApplicationContext
2024-04-21 19:01:12.459  INFO 47082 --- [           main] w.s.c.ServletWebServerApplicationContext : Root WebApplicationContext: initialization completed in 361 ms
2024-04-21 19:01:13.171  INFO 47082 --- [           main] o.s.b.a.e.web.EndpointLinksResolver      : Exposing 1 endpoint(s) beneath base path '/actuator'
2024-04-21 19:01:13.216  INFO 47082 --- [           main] o.s.b.w.embedded.tomcat.TomcatWebServer  : Tomcat started on port(s): 39801 (http) with context path ''
2024-04-21 19:01:13.222  INFO 47082 --- [           main] o.s.c.k.f.c.ConfigMapsWithProfilesTests  : Started ConfigMapsWithProfilesTests in 1.283 seconds (JVM running for 15.958)
2024-04-21 19:01:13.367  INFO 47082 --- [WebServer 55149] okhttp3.mockwebserver.MockWebServer      : MockWebServer[55149] starting to accept connections
2024-04-21 19:01:13.845  INFO 47082 --- [o-auto-3-exec-1] o.a.c.c.C.[Tomcat-2].[localhost].[/]     : Initializing Spring DispatcherServlet 'dispatcherServlet'
2024-04-21 19:01:13.845  INFO 47082 --- [o-auto-3-exec-1] o.s.web.servlet.DispatcherServlet        : Initializing Servlet 'dispatcherServlet'
2024-04-21 19:01:13.846  INFO 47082 --- [o-auto-3-exec-1] o.s.web.servlet.DispatcherServlet        : Completed initialization in 1 ms
2024-04-21 19:01:13.992  INFO 47082 --- [WebServer 55149] okhttp3.mockwebserver.MockWebServer      : MockWebServer[55149] done accepting connections: Socket closed
2024-04-21 19:01:13.998  INFO 47082 --- [WebServer 44375] okhttp3.mockwebserver.MockWebServer      : MockWebServer[44375] starting to accept connections
2024-04-21 19:01:14.000  INFO 47082 --- [WebServer 35443] okhttp3.mockwebserver.MockWebServer      : MockWebServer[35443] starting to accept connections
2024-04-21 19:01:14.004  INFO 47082 --- [127.0.0.1:35262] okhttp3.mockwebserver.MockWebServer      : MockWebServer[44375] received request: POST /api/v1/namespaces/test/configmaps HTTP/1.1 and responded: HTTP/1.1 200 OK
2024-04-21 19:01:14.006  INFO 47082 --- [           main] s.c.k.f.c.Fabric8ConfigMapPropertySource : Loading ConfigMap with name 'single-unparseable-yaml-test' in namespace 'test'
2024-04-21 19:01:14.008  INFO 47082 --- [127.0.0.1:35262] okhttp3.mockwebserver.MockWebServer      : MockWebServer[44375] received request: GET /api/v1/namespaces/test/configmaps/single-unparseable-yaml-test HTTP/1.1 and responded: HTTP/1.1 200 OK
2024-04-21 19:01:14.051  INFO 47082 --- [WebServer 35443] okhttp3.mockwebserver.MockWebServer      : MockWebServer[35443] done accepting connections: Socket closed
2024-04-21 19:01:14.057  INFO 47082 --- [           main] .b.t.c.SpringBootTestContextBootstrapper : Neither @ContextConfiguration nor @ContextHierarchy found for test class [org.springframework.cloud.kubernetes.fabric8.config.ConfigMapsFromFilePathsTests], using SpringBootContextLoader
2024-04-21 19:01:14.059  INFO 47082 --- [           main] o.s.t.c.support.AbstractContextLoader    : Could not detect default resource locations for test class [org.springframework.cloud.kubernetes.fabric8.config.ConfigMapsFromFilePathsTests]: no resource found for suffixes {-context.xml, Context.groovy}.
2024-04-21 19:01:14.061  INFO 47082 --- [           main] .b.t.c.SpringBootTestContextBootstrapper : Loaded default TestExecutionListener class names from location [META-INF/spring.factories]: [org.springframework.boot.test.mock.mockito.MockitoTestExecutionListener, org.springframework.boot.test.mock.mockito.ResetMocksTestExecutionListener, org.springframework.boot.test.autoconfigure.restdocs.RestDocsTestExecutionListener, org.springframework.boot.test.autoconfigure.web.client.MockRestServiceServerResetTestExecutionListener, org.springframework.boot.test.autoconfigure.web.servlet.MockMvcPrintOnlyOnFailureTestExecutionListener, org.springframework.boot.test.autoconfigure.web.servlet.WebDriverTestExecutionListener, org.springframework.boot.test.autoconfigure.webservices.client.MockWebServiceServerTestExecutionListener, org.springframework.test.context.web.ServletTestExecutionListener, org.springframework.test.context.support.DirtiesContextBeforeModesTestExecutionListener, org.springframework.test.context.event.ApplicationEventsTestExecutionListener, org.springframework.test.context.support.DependencyInjectionTestExecutionListener, org.springframework.test.context.support.DirtiesContextTestExecutionListener, org.springframework.test.context.transaction.TransactionalTestExecutionListener, org.springframework.test.context.jdbc.SqlScriptsTestExecutionListener, org.springframework.test.context.event.EventPublishingTestExecutionListener, org.spockframework.spring.SpringMockTestExecutionListener]
2024-04-21 19:01:14.062  INFO 47082 --- [           main] .b.t.c.SpringBootTestContextBootstrapper : Using TestExecutionListeners: [org.springframework.test.context.web.ServletTestExecutionListener@5cc28282, org.springframework.test.context.support.DirtiesContextBeforeModesTestExecutionListener@5a0b925a, org.springframework.test.context.event.ApplicationEventsTestExecutionListener@14b4f462, org.springframework.boot.test.mock.mockito.MockitoTestExecutionListener@42718ebf, org.springframework.boot.test.autoconfigure.SpringBootDependencyInjectionTestExecutionListener@a6fc2e1, org.springframework.test.context.support.DirtiesContextTestExecutionListener@c7008b4, org.springframework.test.context.event.EventPublishingTestExecutionListener@3f54fabc, org.springframework.boot.test.mock.mockito.ResetMocksTestExecutionListener@719e8f9f, org.springframework.boot.test.autoconfigure.restdocs.RestDocsTestExecutionListener@5122387, org.springframework.boot.test.autoconfigure.web.client.MockRestServiceServerResetTestExecutionListener@9abbe39, org.springframework.boot.test.autoconfigure.web.servlet.MockMvcPrintOnlyOnFailureTestExecutionListener@11b234aa, org.springframework.boot.test.autoconfigure.web.servlet.WebDriverTestExecutionListener@1455a374, org.springframework.boot.test.autoconfigure.webservices.client.MockWebServiceServerTestExecutionListener@cfb462, org.spockframework.spring.SpringMockTestExecutionListener@54418834]
2024-04-21 19:01:14.065  INFO 47082 --- [WebServer 48627] okhttp3.mockwebserver.MockWebServer      : MockWebServer[48627] starting to accept connections
2024-04-21 19:01:14.132  WARN 47082 --- [           main] ubernetesProfileEnvironmentPostProcessor : Not running inside kubernetes. Skipping 'kubernetes' profile activation.

  .   ____          _            __ _ _
 /\\ / ___'_ __ _ _(_)_ __  __ _ \ \ \ \
( ( )\___ | '_ | '_| | '_ \/ _` | \ \ \ \
 \\/  ___)| |_)| | | | | || (_| |  ) ) ) )
  '  |____| .__|_| |_|_| |_\__, | / / / /
 =========|_|==============|___/=/_/_/_/
 :: Spring Boot ::                (v2.6.3)

2024-04-21 19:01:14.231  INFO 47082 --- [           main] b.c.PropertySourceBootstrapConfiguration : Located property source: [BootstrapPropertySource {name='bootstrapProperties-/tmp/scktests/another-directory/application.properties'}, BootstrapPropertySource {name='bootstrapProperties-/tmp/scktests/extra.properties'}, BootstrapPropertySource {name='bootstrapProperties-/tmp/scktests/application.properties'}]
2024-04-21 19:01:14.234  WARN 47082 --- [           main] ubernetesProfileEnvironmentPostProcessor : Not running inside kubernetes. Skipping 'kubernetes' profile activation.
2024-04-21 19:01:14.234  INFO 47082 --- [           main] o.s.c.k.f.c.ConfigMapsFromFilePathsTests : No active profile set, falling back to default profiles: default
2024-04-21 19:01:14.477  INFO 47082 --- [           main] o.s.cloud.context.scope.GenericScope     : BeanFactory id=e369cf40-d234-36e2-a4dc-38329760186f
2024-04-21 19:01:14.600  INFO 47082 --- [           main] o.s.b.w.embedded.tomcat.TomcatWebServer  : Tomcat initialized with port(s): 0 (http)
2024-04-21 19:01:14.601  INFO 47082 --- [           main] o.apache.catalina.core.StandardService   : Starting service [Tomcat]
2024-04-21 19:01:14.601  INFO 47082 --- [           main] org.apache.catalina.core.StandardEngine  : Starting Servlet engine: [Apache Tomcat/9.0.56]
2024-04-21 19:01:14.612  INFO 47082 --- [           main] o.a.c.c.C.[Tomcat-3].[localhost].[/]     : Initializing Spring embedded WebApplicationContext
2024-04-21 19:01:14.613  INFO 47082 --- [           main] w.s.c.ServletWebServerApplicationContext : Root WebApplicationContext: initialization completed in 377 ms
2024-04-21 19:01:15.402  INFO 47082 --- [           main] o.s.b.a.e.web.EndpointLinksResolver      : Exposing 1 endpoint(s) beneath base path '/actuator'
2024-04-21 19:01:15.469  INFO 47082 --- [           main] o.s.b.w.embedded.tomcat.TomcatWebServer  : Tomcat started on port(s): 44661 (http) with context path ''
2024-04-21 19:01:15.475  INFO 47082 --- [           main] o.s.c.k.f.c.ConfigMapsFromFilePathsTests : Started ConfigMapsFromFilePathsTests in 1.408 seconds (JVM running for 18.211)
2024-04-21 19:01:15.486  INFO 47082 --- [WebServer 37681] okhttp3.mockwebserver.MockWebServer      : MockWebServer[37681] starting to accept connections
2024-04-21 19:01:15.496  INFO 47082 --- [o-auto-4-exec-1] o.a.c.c.C.[Tomcat-3].[localhost].[/]     : Initializing Spring DispatcherServlet 'dispatcherServlet'
2024-04-21 19:01:15.496  INFO 47082 --- [o-auto-4-exec-1] o.s.web.servlet.DispatcherServlet        : Initializing Servlet 'dispatcherServlet'
2024-04-21 19:01:15.497  INFO 47082 --- [o-auto-4-exec-1] o.s.web.servlet.DispatcherServlet        : Completed initialization in 1 ms
2024-04-21 19:01:15.510  INFO 47082 --- [WebServer 37681] okhttp3.mockwebserver.MockWebServer      : MockWebServer[37681] done accepting connections: Socket closed
2024-04-21 19:01:15.515  INFO 47082 --- [           main] .b.t.c.SpringBootTestContextBootstrapper : Neither @ContextConfiguration nor @ContextHierarchy found for test class [org.springframework.cloud.kubernetes.fabric8.config.MultipleSecretsTests], using SpringBootContextLoader
2024-04-21 19:01:15.516  INFO 47082 --- [           main] o.s.t.c.support.AbstractContextLoader    : Could not detect default resource locations for test class [org.springframework.cloud.kubernetes.fabric8.config.MultipleSecretsTests]: no resource found for suffixes {-context.xml, Context.groovy}.
2024-04-21 19:01:15.519  INFO 47082 --- [           main] .b.t.c.SpringBootTestContextBootstrapper : Loaded default TestExecutionListener class names from location [META-INF/spring.factories]: [org.springframework.boot.test.mock.mockito.MockitoTestExecutionListener, org.springframework.boot.test.mock.mockito.ResetMocksTestExecutionListener, org.springframework.boot.test.autoconfigure.restdocs.RestDocsTestExecutionListener, org.springframework.boot.test.autoconfigure.web.client.MockRestServiceServerResetTestExecutionListener, org.springframework.boot.test.autoconfigure.web.servlet.MockMvcPrintOnlyOnFailureTestExecutionListener, org.springframework.boot.test.autoconfigure.web.servlet.WebDriverTestExecutionListener, org.springframework.boot.test.autoconfigure.webservices.client.MockWebServiceServerTestExecutionListener, org.springframework.test.context.web.ServletTestExecutionListener, org.springframework.test.context.support.DirtiesContextBeforeModesTestExecutionListener, org.springframework.test.context.event.ApplicationEventsTestExecutionListener, org.springframework.test.context.support.DependencyInjectionTestExecutionListener, org.springframework.test.context.support.DirtiesContextTestExecutionListener, org.springframework.test.context.transaction.TransactionalTestExecutionListener, org.springframework.test.context.jdbc.SqlScriptsTestExecutionListener, org.springframework.test.context.event.EventPublishingTestExecutionListener, org.spockframework.spring.SpringMockTestExecutionListener]
2024-04-21 19:01:15.521  INFO 47082 --- [           main] .b.t.c.SpringBootTestContextBootstrapper : Using TestExecutionListeners: [org.springframework.test.context.web.ServletTestExecutionListener@609f136b, org.springframework.test.context.support.DirtiesContextBeforeModesTestExecutionListener@2afe263, org.springframework.test.context.event.ApplicationEventsTestExecutionListener@6c4f48e2, org.springframework.boot.test.mock.mockito.MockitoTestExecutionListener@5988e36e, org.springframework.boot.test.autoconfigure.SpringBootDependencyInjectionTestExecutionListener@4194a77f, org.springframework.test.context.support.DirtiesContextTestExecutionListener@3c55e9d4, org.springframework.test.context.event.EventPublishingTestExecutionListener@2acbbee4, org.springframework.boot.test.mock.mockito.ResetMocksTestExecutionListener@3446ab40, org.springframework.boot.test.autoconfigure.restdocs.RestDocsTestExecutionListener@500d4de8, org.springframework.boot.test.autoconfigure.web.client.MockRestServiceServerResetTestExecutionListener@43851574, org.springframework.boot.test.autoconfigure.web.servlet.MockMvcPrintOnlyOnFailureTestExecutionListener@344eaf7e, org.springframework.boot.test.autoconfigure.web.servlet.WebDriverTestExecutionListener@35d31e1c, org.springframework.boot.test.autoconfigure.webservices.client.MockWebServiceServerTestExecutionListener@f8b6743, org.spockframework.spring.SpringMockTestExecutionListener@644eed73]
2024-04-21 19:01:15.523  INFO 47082 --- [WebServer 33997] okhttp3.mockwebserver.MockWebServer      : MockWebServer[33997] starting to accept connections
2024-04-21 19:01:15.528  INFO 47082 --- [127.0.0.1:38068] okhttp3.mockwebserver.MockWebServer      : MockWebServer[33997] received request: POST /api/v1/namespaces/ns1/secrets HTTP/1.1 and responded: HTTP/1.1 200 OK
2024-04-21 19:01:15.532  INFO 47082 --- [127.0.0.1:38068] okhttp3.mockwebserver.MockWebServer      : MockWebServer[33997] received request: POST /api/v1/namespaces/ns2/secrets HTTP/1.1 and responded: HTTP/1.1 200 OK
2024-04-21 19:01:15.640  WARN 47082 --- [           main] ubernetesProfileEnvironmentPostProcessor : Not running inside kubernetes. Skipping 'kubernetes' profile activation.

  .   ____          _            __ _ _
 /\\ / ___'_ __ _ _(_)_ __  __ _ \ \ \ \
( ( )\___ | '_ | '_| | '_ \/ _` | \ \ \ \
 \\/  ___)| |_)| | | | | || (_| |  ) ) ) )
  '  |____| .__|_| |_|_| |_\__, | / / / /
 =========|_|==============|___/=/_/_/_/
 :: Spring Boot ::                (v2.6.3)

2024-04-21 19:01:15.725  INFO 47082 --- [           main] s.c.k.f.c.Fabric8ConfigMapPropertySource : Loading ConfigMap with name 'secret-example' in namespace 'ns1'
2024-04-21 19:01:15.728  INFO 47082 --- [127.0.0.1:38080] okhttp3.mockwebserver.MockWebServer      : MockWebServer[33997] received request: GET /api/v1/namespaces/ns1/configmaps/secret-example HTTP/1.1 and responded: HTTP/1.1 404 Client Error
2024-04-21 19:01:15.730  INFO 47082 --- [           main] o.s.c.k.f.config.Fabric8ConfigUtils      : config-map with name : 'secret-example' not present in namespace : 'ns1'
2024-04-21 19:01:15.730  INFO 47082 --- [           main] b.c.PropertySourceBootstrapConfiguration : Located property source: [BootstrapPropertySource {name='bootstrapProperties-configmap.secret-example.ns1'}]
2024-04-21 19:01:15.731  INFO 47082 --- [           main] o.s.c.k.f.c.Fabric8SecretsPropertySource : Loading Secret with name 'name2' or with labels [{0.env=dev2, 1.version=2.0}] in namespace 'ns2'
2024-04-21 19:01:15.732  INFO 47082 --- [127.0.0.1:38080] okhttp3.mockwebserver.MockWebServer      : MockWebServer[33997] received request: GET /api/v1/namespaces/ns2/secrets/name2 HTTP/1.1 and responded: HTTP/1.1 200 OK
2024-04-21 19:01:15.776  INFO 47082 --- [127.0.0.1:38080] okhttp3.mockwebserver.MockWebServer      : MockWebServer[33997] received request: GET /api/v1/namespaces/ns2/secrets?labelSelector=0.env%3Ddev2%2C1.version%3D2.0 HTTP/1.1 and responded: HTTP/1.1 200 OK
2024-04-21 19:01:15.818  INFO 47082 --- [           main] o.s.c.k.f.c.Fabric8SecretsPropertySource : Loading Secret with name 'name1' or with labels [{0.env=env1, 1.version=1.0}] in namespace 'ns1'
2024-04-21 19:01:15.819  INFO 47082 --- [127.0.0.1:38080] okhttp3.mockwebserver.MockWebServer      : MockWebServer[33997] received request: GET /api/v1/namespaces/ns1/secrets/name1 HTTP/1.1 and responded: HTTP/1.1 200 OK
2024-04-21 19:01:15.861  INFO 47082 --- [127.0.0.1:38080] okhttp3.mockwebserver.MockWebServer      : MockWebServer[33997] received request: GET /api/v1/namespaces/ns1/secrets?labelSelector=0.env%3Denv1%2C1.version%3D1.0 HTTP/1.1 and responded: HTTP/1.1 200 OK
2024-04-21 19:01:15.903  INFO 47082 --- [           main] b.c.PropertySourceBootstrapConfiguration : Located property source: [BootstrapPropertySource {name='bootstrapProperties-secrets.name2.ns2'}, BootstrapPropertySource {name='bootstrapProperties-secrets.name1.ns1'}]
2024-04-21 19:01:15.907  WARN 47082 --- [           main] ubernetesProfileEnvironmentPostProcessor : Not running inside kubernetes. Skipping 'kubernetes' profile activation.
2024-04-21 19:01:15.907  INFO 47082 --- [           main] o.s.c.k.f.config.MultipleSecretsTests    : No active profile set, falling back to default profiles: default
2024-04-21 19:01:16.140  INFO 47082 --- [           main] o.s.cloud.context.scope.GenericScope     : BeanFactory id=d892432b-60e7-3516-91cd-00a010d0f3f7
2024-04-21 19:01:16.270  INFO 47082 --- [           main] o.s.b.w.embedded.tomcat.TomcatWebServer  : Tomcat initialized with port(s): 0 (http)
2024-04-21 19:01:16.271  INFO 47082 --- [           main] o.apache.catalina.core.StandardService   : Starting service [Tomcat]
2024-04-21 19:01:16.272  INFO 47082 --- [           main] org.apache.catalina.core.StandardEngine  : Starting Servlet engine: [Apache Tomcat/9.0.56]
2024-04-21 19:01:16.284  INFO 47082 --- [           main] o.a.c.c.C.[Tomcat-4].[localhost].[/]     : Initializing Spring embedded WebApplicationContext
2024-04-21 19:01:16.285  INFO 47082 --- [           main] w.s.c.ServletWebServerApplicationContext : Root WebApplicationContext: initialization completed in 376 ms
2024-04-21 19:01:16.995  INFO 47082 --- [           main] o.s.b.a.e.web.EndpointLinksResolver      : Exposing 1 endpoint(s) beneath base path '/actuator'
2024-04-21 19:01:17.040  INFO 47082 --- [           main] o.s.b.w.embedded.tomcat.TomcatWebServer  : Tomcat started on port(s): 43559 (http) with context path ''
2024-04-21 19:01:17.049  INFO 47082 --- [           main] o.s.c.k.f.config.MultipleSecretsTests    : Started MultipleSecretsTests in 1.473 seconds (JVM running for 19.784)
2024-04-21 19:01:17.065  INFO 47082 --- [WebServer 55565] okhttp3.mockwebserver.MockWebServer      : MockWebServer[55565] starting to accept connections
2024-04-21 19:01:17.073  INFO 47082 --- [o-auto-5-exec-1] o.a.c.c.C.[Tomcat-4].[localhost].[/]     : Initializing Spring DispatcherServlet 'dispatcherServlet'
2024-04-21 19:01:17.074  INFO 47082 --- [o-auto-5-exec-1] o.s.web.servlet.DispatcherServlet        : Initializing Servlet 'dispatcherServlet'
2024-04-21 19:01:17.074  INFO 47082 --- [o-auto-5-exec-1] o.s.web.servlet.DispatcherServlet        : Completed initialization in 0 ms
2024-04-21 19:01:17.083  INFO 47082 --- [WebServer 55565] okhttp3.mockwebserver.MockWebServer      : MockWebServer[55565] done accepting connections: Socket closed
2024-04-21 19:01:17.088  INFO 47082 --- [WebServer 48865] okhttp3.mockwebserver.MockWebServer      : MockWebServer[48865] starting to accept connections
2024-04-21 19:01:17.091  INFO 47082 --- [WebServer 58751] okhttp3.mockwebserver.MockWebServer      : MockWebServer[58751] starting to accept connections
2024-04-21 19:01:17.092  INFO 47082 --- [           main] .b.t.c.SpringBootTestContextBootstrapper : Neither @ContextConfiguration nor @ContextHierarchy found for test class [org.springframework.cloud.kubernetes.fabric8.config.Fabric8ConfigMapPropertySourceLocatorRetryTests$ConfigFailFastDisabled], using SpringBootContextLoader
2024-04-21 19:01:17.093  INFO 47082 --- [           main] o.s.t.c.support.AbstractContextLoader    : Could not detect default resource locations for test class [org.springframework.cloud.kubernetes.fabric8.config.Fabric8ConfigMapPropertySourceLocatorRetryTests$ConfigFailFastDisabled]: no resource found for suffixes {-context.xml, Context.groovy}.
2024-04-21 19:01:17.095  INFO 47082 --- [           main] .b.t.c.SpringBootTestContextBootstrapper : Loaded default TestExecutionListener class names from location [META-INF/spring.factories]: [org.springframework.boot.test.mock.mockito.MockitoTestExecutionListener, org.springframework.boot.test.mock.mockito.ResetMocksTestExecutionListener, org.springframework.boot.test.autoconfigure.restdocs.RestDocsTestExecutionListener, org.springframework.boot.test.autoconfigure.web.client.MockRestServiceServerResetTestExecutionListener, org.springframework.boot.test.autoconfigure.web.servlet.MockMvcPrintOnlyOnFailureTestExecutionListener, org.springframework.boot.test.autoconfigure.web.servlet.WebDriverTestExecutionListener, org.springframework.boot.test.autoconfigure.webservices.client.MockWebServiceServerTestExecutionListener, org.springframework.test.context.web.ServletTestExecutionListener, org.springframework.test.context.support.DirtiesContextBeforeModesTestExecutionListener, org.springframework.test.context.event.ApplicationEventsTestExecutionListener, org.springframework.test.context.support.DependencyInjectionTestExecutionListener, org.springframework.test.context.support.DirtiesContextTestExecutionListener, org.springframework.test.context.transaction.TransactionalTestExecutionListener, org.springframework.test.context.jdbc.SqlScriptsTestExecutionListener, org.springframework.test.context.event.EventPublishingTestExecutionListener, org.spockframework.spring.SpringMockTestExecutionListener]
2024-04-21 19:01:17.096  INFO 47082 --- [           main] .b.t.c.SpringBootTestContextBootstrapper : Using TestExecutionListeners: [org.springframework.test.context.web.ServletTestExecutionListener@6bc45472, org.springframework.test.context.support.DirtiesContextBeforeModesTestExecutionListener@160b7ccd, org.springframework.test.context.event.ApplicationEventsTestExecutionListener@7c27ed2f, org.springframework.boot.test.mock.mockito.MockitoTestExecutionListener@3503e68e, org.springframework.boot.test.autoconfigure.SpringBootDependencyInjectionTestExecutionListener@7c2d4398, org.springframework.test.context.support.DirtiesContextTestExecutionListener@310db5c4, org.springframework.test.context.event.EventPublishingTestExecutionListener@7280785f, org.springframework.boot.test.mock.mockito.ResetMocksTestExecutionListener@589dd717, org.springframework.boot.test.autoconfigure.restdocs.RestDocsTestExecutionListener@4eba6e1f, org.springframework.boot.test.autoconfigure.web.client.MockRestServiceServerResetTestExecutionListener@12c55199, org.springframework.boot.test.autoconfigure.web.servlet.MockMvcPrintOnlyOnFailureTestExecutionListener@63f6811e, org.springframework.boot.test.autoconfigure.web.servlet.WebDriverTestExecutionListener@5565d718, org.springframework.boot.test.autoconfigure.webservices.client.MockWebServiceServerTestExecutionListener@4832813d, org.spockframework.spring.SpringMockTestExecutionListener@70c3483b]
2024-04-21 19:01:17.139  WARN 47082 --- [           main] ubernetesProfileEnvironmentPostProcessor : Not running inside kubernetes. Skipping 'kubernetes' profile activation.

  .   ____          _            __ _ _
 /\\ / ___'_ __ _ _(_)_ __  __ _ \ \ \ \
( ( )\___ | '_ | '_| | '_ \/ _` | \ \ \ \
 \\/  ___)| |_)| | | | | || (_| |  ) ) ) )
  '  |____| .__|_| |_|_| |_\__, | / / / /
 =========|_|==============|___/=/_/_/_/
 :: Spring Boot ::                (v2.6.3)

2024-04-21 19:01:17.212  INFO 47082 --- [           main] s.c.k.f.c.Fabric8ConfigMapPropertySource : Loading ConfigMap with name 'application' in namespace 'default'
2024-04-21 19:01:17.309  INFO 47082 --- [127.0.0.1:41630] okhttp3.mockwebserver.MockWebServer      : MockWebServer[48865] received request: GET /api/v1/namespaces/default/configmaps/application HTTP/1.1 and responded: HTTP/1.1 404 Client Error
2024-04-21 19:01:17.313  INFO 47082 --- [           main] o.s.c.k.f.config.Fabric8ConfigUtils      : config-map with name : 'application' not present in namespace : 'default'
2024-04-21 19:01:17.313  INFO 47082 --- [           main] b.c.PropertySourceBootstrapConfiguration : Located property source: [BootstrapPropertySource {name='bootstrapProperties-configmap.application.default'}]
2024-04-21 19:01:17.316  WARN 47082 --- [           main] ubernetesProfileEnvironmentPostProcessor : Not running inside kubernetes. Skipping 'kubernetes' profile activation.
2024-04-21 19:01:17.317  INFO 47082 --- [           main] LocatorRetryTests$ConfigFailFastDisabled : No active profile set, falling back to default profiles: default
2024-04-21 19:01:17.665  INFO 47082 --- [           main] o.s.cloud.context.scope.GenericScope     : BeanFactory id=94652287-2eb9-367e-b08b-eea09b3b2900
2024-04-21 19:01:18.088  INFO 47082 --- [           main] LocatorRetryTests$ConfigFailFastDisabled : Started Fabric8ConfigMapPropertySourceLocatorRetryTests.ConfigFailFastDisabled in 0.99 seconds (JVM running for 20.824)
2024-04-21 19:01:18.094  INFO 47082 --- [WebServer 54295] okhttp3.mockwebserver.MockWebServer      : MockWebServer[54295] starting to accept connections
2024-04-21 19:01:18.097  INFO 47082 --- [           main] s.c.k.f.c.Fabric8ConfigMapPropertySource : Loading ConfigMap with name 'application' in namespace 'default'
2024-04-21 19:01:18.099  INFO 47082 --- [127.0.0.1:41630] okhttp3.mockwebserver.MockWebServer      : MockWebServer[48865] received request: GET /api/v1/namespaces/default/configmaps/application HTTP/1.1 and responded: HTTP/1.1 500 Server Error
2024-04-21 19:01:18.100  WARN 47082 --- [           main] s.c.k.f.c.Fabric8ConfigMapPropertySource : Can't read configMap with name: [application] in namespace: [default]. Ignoring.

io.fabric8.kubernetes.client.KubernetesClientException: Failure executing: GET at: https://localhost:48865/api/v1/namespaces/default/configmaps/application. Message: Internal Server Error.
	at io.fabric8.kubernetes.client.dsl.base.OperationSupport.requestFailure(OperationSupport.java:694)
	at io.fabric8.kubernetes.client.dsl.base.OperationSupport.requestFailure(OperationSupport.java:673)
	at io.fabric8.kubernetes.client.dsl.base.OperationSupport.assertResponseCode(OperationSupport.java:626)
	at io.fabric8.kubernetes.client.dsl.base.OperationSupport.handleResponse(OperationSupport.java:566)
	at io.fabric8.kubernetes.client.dsl.base.OperationSupport.handleResponse(OperationSupport.java:527)
	at io.fabric8.kubernetes.client.dsl.base.OperationSupport.handleGet(OperationSupport.java:494)
	at io.fabric8.kubernetes.client.dsl.base.OperationSupport.handleGet(OperationSupport.java:476)
	at io.fabric8.kubernetes.client.dsl.base.BaseOperation.handleGet(BaseOperation.java:788)
	at io.fabric8.kubernetes.client.dsl.base.BaseOperation.getMandatory(BaseOperation.java:187)
	at io.fabric8.kubernetes.client.dsl.base.BaseOperation.get(BaseOperation.java:154)
	at io.fabric8.kubernetes.client.dsl.base.BaseOperation.get(BaseOperation.java:87)
	at org.springframework.cloud.kubernetes.fabric8.config.Fabric8ConfigUtils.getConfigMapData(Fabric8ConfigUtils.java:118)
	at org.springframework.cloud.kubernetes.fabric8.config.Fabric8ConfigMapPropertySource.getData(Fabric8ConfigMapPropertySource.java:79)
	at org.springframework.cloud.kubernetes.fabric8.config.Fabric8ConfigMapPropertySource.<init>(Fabric8ConfigMapPropertySource.java:70)
	at org.springframework.cloud.kubernetes.fabric8.config.Fabric8ConfigMapPropertySourceLocator.getMapPropertySource(Fabric8ConfigMapPropertySourceLocator.java:74)
	at org.springframework.cloud.kubernetes.fabric8.config.Fabric8ConfigMapPropertySourceLocator$MockitoMock$795408348.getMapPropertySource$accessor$Nam4tC44(Unknown Source)
	at org.springframework.cloud.kubernetes.fabric8.config.Fabric8ConfigMapPropertySourceLocator$MockitoMock$795408348$auxiliary$AnlVFLJd.call(Unknown Source)
	at org.mockito.internal.invocation.RealMethod$FromCallable$1.call(RealMethod.java:40)
	at org.mockito.internal.invocation.RealMethod$FromBehavior.invoke(RealMethod.java:62)
	at org.mockito.internal.invocation.InterceptedInvocation.callRealMethod(InterceptedInvocation.java:142)
	at org.mockito.internal.stubbing.answers.CallsRealMethods.answer(CallsRealMethods.java:45)
	at org.mockito.Answers.answer(Answers.java:90)
	at org.mockito.internal.handler.MockHandlerImpl.handle(MockHandlerImpl.java:110)
	at org.mockito.internal.handler.NullResultGuardian.handle(NullResultGuardian.java:29)
	at org.mockito.internal.handler.InvocationNotifierHandler.handle(InvocationNotifierHandler.java:34)
	at org.mockito.internal.creation.bytebuddy.MockMethodInterceptor.doIntercept(MockMethodInterceptor.java:82)
	at org.mockito.internal.creation.bytebuddy.MockMethodInterceptor.doIntercept(MockMethodInterceptor.java:56)
	at org.mockito.internal.creation.bytebuddy.MockMethodInterceptor$DispatcherDefaultingToRealMethod.interceptSuperCallable(MockMethodInterceptor.java:145)
	at org.springframework.cloud.kubernetes.fabric8.config.Fabric8ConfigMapPropertySourceLocator$MockitoMock$795408348.getMapPropertySource(Unknown Source)
	at org.springframework.cloud.kubernetes.commons.config.ConfigMapPropertySourceLocator.getMapPropertySourceForSingleConfigMap(ConfigMapPropertySourceLocator.java:98)
	at org.springframework.cloud.kubernetes.commons.config.ConfigMapPropertySourceLocator.lambda$locate$0(ConfigMapPropertySourceLocator.java:77)
	at java.lang.Iterable.forEach(Iterable.java:75)
	at org.springframework.cloud.kubernetes.commons.config.ConfigMapPropertySourceLocator.locate(ConfigMapPropertySourceLocator.java:77)
	at org.springframework.cloud.kubernetes.fabric8.config.Fabric8ConfigMapPropertySourceLocator$MockitoMock$795408348.locate$accessor$Nam4tC44(Unknown Source)
	at org.springframework.cloud.kubernetes.fabric8.config.Fabric8ConfigMapPropertySourceLocator$MockitoMock$795408348$auxiliary$f9q1RHVQ.call(Unknown Source)
	at org.mockito.internal.invocation.RealMethod$FromCallable$1.call(RealMethod.java:40)
	at org.mockito.internal.invocation.RealMethod$FromBehavior.invoke(RealMethod.java:62)
	at org.mockito.internal.invocation.InterceptedInvocation.callRealMethod(InterceptedInvocation.java:142)
	at org.mockito.internal.stubbing.answers.CallsRealMethods.answer(CallsRealMethods.java:45)
	at org.mockito.Answers.answer(Answers.java:90)
	at org.mockito.internal.handler.MockHandlerImpl.handle(MockHandlerImpl.java:110)
	at org.mockito.internal.handler.NullResultGuardian.handle(NullResultGuardian.java:29)
	at org.mockito.internal.handler.InvocationNotifierHandler.handle(InvocationNotifierHandler.java:34)
	at org.mockito.internal.creation.bytebuddy.MockMethodInterceptor.doIntercept(MockMethodInterceptor.java:82)
	at org.mockito.internal.creation.bytebuddy.MockMethodInterceptor.doIntercept(MockMethodInterceptor.java:56)
	at org.mockito.internal.creation.bytebuddy.MockMethodInterceptor$DispatcherDefaultingToRealMethod.interceptSuperCallable(MockMethodInterceptor.java:145)
	at org.springframework.cloud.kubernetes.fabric8.config.Fabric8ConfigMapPropertySourceLocator$MockitoMock$795408348.locate(Unknown Source)
	at org.springframework.cloud.kubernetes.fabric8.config.Fabric8ConfigMapPropertySourceLocatorRetryTests$ConfigFailFastDisabled.lambda$locateShouldNotRetry$0(Fabric8ConfigMapPropertySourceLocatorRetryTests.java:152)
	at org.junit.jupiter.api.AssertDoesNotThrow.assertDoesNotThrow(AssertDoesNotThrow.java:72)
	at org.junit.jupiter.api.AssertDoesNotThrow.assertDoesNotThrow(AssertDoesNotThrow.java:59)
	at org.junit.jupiter.api.Assertions.assertDoesNotThrow(Assertions.java:3195)
	at org.springframework.cloud.kubernetes.fabric8.config.Fabric8ConfigMapPropertySourceLocatorRetryTests$ConfigFailFastDisabled.locateShouldNotRetry(Fabric8ConfigMapPropertySourceLocatorRetryTests.java:152)
	at sun.reflect.NativeMethodAccessorImpl.invoke0(Native Method)
	at sun.reflect.NativeMethodAccessorImpl.invoke(NativeMethodAccessorImpl.java:62)
	at sun.reflect.DelegatingMethodAccessorImpl.invoke(DelegatingMethodAccessorImpl.java:43)
	at java.lang.reflect.Method.invoke(Method.java:498)
	at org.junit.platform.commons.util.ReflectionUtils.invokeMethod(ReflectionUtils.java:725)
	at org.junit.jupiter.engine.execution.MethodInvocation.proceed(MethodInvocation.java:60)
	at org.junit.jupiter.engine.execution.InvocationInterceptorChain$ValidatingInvocation.proceed(InvocationInterceptorChain.java:131)
	at org.junit.jupiter.engine.extension.TimeoutExtension.intercept(TimeoutExtension.java:149)
	at org.junit.jupiter.engine.extension.TimeoutExtension.interceptTestableMethod(TimeoutExtension.java:140)
	at org.junit.jupiter.engine.extension.TimeoutExtension.interceptTestMethod(TimeoutExtension.java:84)
	at org.junit.jupiter.engine.execution.ExecutableInvoker$ReflectiveInterceptorCall.lambda$ofVoidMethod$0(ExecutableInvoker.java:115)
	at org.junit.jupiter.engine.execution.ExecutableInvoker.lambda$invoke$0(ExecutableInvoker.java:105)
	at org.junit.jupiter.engine.execution.InvocationInterceptorChain$InterceptedInvocation.proceed(InvocationInterceptorChain.java:106)
	at org.junit.jupiter.engine.execution.InvocationInterceptorChain.proceed(InvocationInterceptorChain.java:64)
	at org.junit.jupiter.engine.execution.InvocationInterceptorChain.chainAndInvoke(InvocationInterceptorChain.java:45)
	at org.junit.jupiter.engine.execution.InvocationInterceptorChain.invoke(InvocationInterceptorChain.java:37)
	at org.junit.jupiter.engine.execution.ExecutableInvoker.invoke(ExecutableInvoker.java:104)
	at org.junit.jupiter.engine.execution.ExecutableInvoker.invoke(ExecutableInvoker.java:98)
	at org.junit.jupiter.engine.descriptor.TestMethodTestDescriptor.lambda$invokeTestMethod$7(TestMethodTestDescriptor.java:214)
	at org.junit.platform.engine.support.hierarchical.ThrowableCollector.execute(ThrowableCollector.java:73)
	at org.junit.jupiter.engine.descriptor.TestMethodTestDescriptor.invokeTestMethod(TestMethodTestDescriptor.java:210)
	at org.junit.jupiter.engine.descriptor.TestMethodTestDescriptor.execute(TestMethodTestDescriptor.java:135)
	at org.junit.jupiter.engine.descriptor.TestMethodTestDescriptor.execute(TestMethodTestDescriptor.java:66)
	at org.junit.platform.engine.support.hierarchical.NodeTestTask.lambda$executeRecursively$6(NodeTestTask.java:151)
	at org.junit.platform.engine.support.hierarchical.ThrowableCollector.execute(ThrowableCollector.java:73)
	at org.junit.platform.engine.support.hierarchical.NodeTestTask.lambda$executeRecursively$8(NodeTestTask.java:141)
	at org.junit.platform.engine.support.hierarchical.Node.around(Node.java:137)
	at org.junit.platform.engine.support.hierarchical.NodeTestTask.lambda$executeRecursively$9(NodeTestTask.java:139)
	at org.junit.platform.engine.support.hierarchical.ThrowableCollector.execute(ThrowableCollector.java:73)
	at org.junit.platform.engine.support.hierarchical.NodeTestTask.executeRecursively(NodeTestTask.java:138)
	at org.junit.platform.engine.support.hierarchical.NodeTestTask.execute(NodeTestTask.java:95)
	at java.util.ArrayList.forEach(ArrayList.java:1259)
	at org.junit.platform.engine.support.hierarchical.SameThreadHierarchicalTestExecutorService.invokeAll(SameThreadHierarchicalTestExecutorService.java:41)
	at org.junit.platform.engine.support.hierarchical.NodeTestTask.lambda$executeRecursively$6(NodeTestTask.java:155)
	at org.junit.platform.engine.support.hierarchical.ThrowableCollector.execute(ThrowableCollector.java:73)
	at org.junit.platform.engine.support.hierarchical.NodeTestTask.lambda$executeRecursively$8(NodeTestTask.java:141)
	at org.junit.platform.engine.support.hierarchical.Node.around(Node.java:137)
	at org.junit.platform.engine.support.hierarchical.NodeTestTask.lambda$executeRecursively$9(NodeTestTask.java:139)
	at org.junit.platform.engine.support.hierarchical.ThrowableCollector.execute(ThrowableCollector.java:73)
	at org.junit.platform.engine.support.hierarchical.NodeTestTask.executeRecursively(NodeTestTask.java:138)
	at org.junit.platform.engine.support.hierarchical.NodeTestTask.execute(NodeTestTask.java:95)
	at java.util.ArrayList.forEach(ArrayList.java:1259)
	at org.junit.platform.engine.support.hierarchical.SameThreadHierarchicalTestExecutorService.invokeAll(SameThreadHierarchicalTestExecutorService.java:41)
	at org.junit.platform.engine.support.hierarchical.NodeTestTask.lambda$executeRecursively$6(NodeTestTask.java:155)
	at org.junit.platform.engine.support.hierarchical.ThrowableCollector.execute(ThrowableCollector.java:73)
	at org.junit.platform.engine.support.hierarchical.NodeTestTask.lambda$executeRecursively$8(NodeTestTask.java:141)
	at org.junit.platform.engine.support.hierarchical.Node.around(Node.java:137)
	at org.junit.platform.engine.support.hierarchical.NodeTestTask.lambda$executeRecursively$9(NodeTestTask.java:139)
	at org.junit.platform.engine.support.hierarchical.ThrowableCollector.execute(ThrowableCollector.java:73)
	at org.junit.platform.engine.support.hierarchical.NodeTestTask.executeRecursively(NodeTestTask.java:138)
	at org.junit.platform.engine.support.hierarchical.NodeTestTask.execute(NodeTestTask.java:95)
	at java.util.ArrayList.forEach(ArrayList.java:1259)
	at org.junit.platform.engine.support.hierarchical.SameThreadHierarchicalTestExecutorService.invokeAll(SameThreadHierarchicalTestExecutorService.java:41)
	at org.junit.platform.engine.support.hierarchical.NodeTestTask.lambda$executeRecursively$6(NodeTestTask.java:155)
	at org.junit.platform.engine.support.hierarchical.ThrowableCollector.execute(ThrowableCollector.java:73)
	at org.junit.platform.engine.support.hierarchical.NodeTestTask.lambda$executeRecursively$8(NodeTestTask.java:141)
	at org.junit.platform.engine.support.hierarchical.Node.around(Node.java:137)
	at org.junit.platform.engine.support.hierarchical.NodeTestTask.lambda$executeRecursively$9(NodeTestTask.java:139)
	at org.junit.platform.engine.support.hierarchical.ThrowableCollector.execute(ThrowableCollector.java:73)
	at org.junit.platform.engine.support.hierarchical.NodeTestTask.executeRecursively(NodeTestTask.java:138)
	at org.junit.platform.engine.support.hierarchical.NodeTestTask.execute(NodeTestTask.java:95)
	at org.junit.platform.engine.support.hierarchical.SameThreadHierarchicalTestExecutorService.submit(SameThreadHierarchicalTestExecutorService.java:35)
	at org.junit.platform.engine.support.hierarchical.HierarchicalTestExecutor.execute(HierarchicalTestExecutor.java:57)
	at org.junit.platform.engine.support.hierarchical.HierarchicalTestEngine.execute(HierarchicalTestEngine.java:54)
	at org.junit.platform.launcher.core.DefaultLauncher.execute(DefaultLauncher.java:170)
	at org.junit.platform.launcher.core.DefaultLauncher.execute(DefaultLauncher.java:154)
	at org.junit.platform.launcher.core.DefaultLauncher.execute(DefaultLauncher.java:90)
	at edu.illinois.cs.testrunner.execution.JUnit5TestExecutor.runTestsSeparately(JUnit5TestExecutor.java:40)
	at edu.illinois.cs.testrunner.execution.Executor$.$anonfun$run$1(Executor.scala:33)
	at scala.runtime.java8.JFunction0$mcV$sp.apply(JFunction0$mcV$sp.java:12)
	at scala.util.Try$.apply(Try.scala:209)
	at edu.illinois.cs.testrunner.execution.Executor$.run(Executor.scala:28)
	at edu.illinois.cs.testrunner.execution.Executor$.main(Executor.scala:18)
	at edu.illinois.cs.testrunner.execution.Executor.main(Executor.scala)

2024-04-21 19:01:18.103  INFO 47082 --- [WebServer 54295] okhttp3.mockwebserver.MockWebServer      : MockWebServer[54295] done accepting connections: Socket closed
2024-04-21 19:01:18.111  INFO 47082 --- [WebServer 54511] okhttp3.mockwebserver.MockWebServer      : MockWebServer[54511] starting to accept connections
2024-04-21 19:01:18.117  INFO 47082 --- [WebServer 52555] okhttp3.mockwebserver.MockWebServer      : MockWebServer[52555] starting to accept connections
2024-04-21 19:01:18.118  INFO 47082 --- [           main] .b.t.c.SpringBootTestContextBootstrapper : Neither @ContextConfiguration nor @ContextHierarchy found for test class [org.springframework.cloud.kubernetes.fabric8.config.Fabric8SecretsPropertySourceLocatorRetryTests$SecretsFailFastDisabled], using SpringBootContextLoader
2024-04-21 19:01:18.119  INFO 47082 --- [           main] o.s.t.c.support.AbstractContextLoader    : Could not detect default resource locations for test class [org.springframework.cloud.kubernetes.fabric8.config.Fabric8SecretsPropertySourceLocatorRetryTests$SecretsFailFastDisabled]: no resource found for suffixes {-context.xml, Context.groovy}.
2024-04-21 19:01:18.120  INFO 47082 --- [           main] .b.t.c.SpringBootTestContextBootstrapper : Loaded default TestExecutionListener class names from location [META-INF/spring.factories]: [org.springframework.boot.test.mock.mockito.MockitoTestExecutionListener, org.springframework.boot.test.mock.mockito.ResetMocksTestExecutionListener, org.springframework.boot.test.autoconfigure.restdocs.RestDocsTestExecutionListener, org.springframework.boot.test.autoconfigure.web.client.MockRestServiceServerResetTestExecutionListener, org.springframework.boot.test.autoconfigure.web.servlet.MockMvcPrintOnlyOnFailureTestExecutionListener, org.springframework.boot.test.autoconfigure.web.servlet.WebDriverTestExecutionListener, org.springframework.boot.test.autoconfigure.webservices.client.MockWebServiceServerTestExecutionListener, org.springframework.test.context.web.ServletTestExecutionListener, org.springframework.test.context.support.DirtiesContextBeforeModesTestExecutionListener, org.springframework.test.context.event.ApplicationEventsTestExecutionListener, org.springframework.test.context.support.DependencyInjectionTestExecutionListener, org.springframework.test.context.support.DirtiesContextTestExecutionListener, org.springframework.test.context.transaction.TransactionalTestExecutionListener, org.springframework.test.context.jdbc.SqlScriptsTestExecutionListener, org.springframework.test.context.event.EventPublishingTestExecutionListener, org.spockframework.spring.SpringMockTestExecutionListener]
2024-04-21 19:01:18.122  INFO 47082 --- [           main] .b.t.c.SpringBootTestContextBootstrapper : Using TestExecutionListeners: [org.springframework.test.context.web.ServletTestExecutionListener@323fa578, org.springframework.test.context.support.DirtiesContextBeforeModesTestExecutionListener@6d543ec2, org.springframework.test.context.event.ApplicationEventsTestExecutionListener@12a719ed, org.springframework.boot.test.mock.mockito.MockitoTestExecutionListener@79dd79eb, org.springframework.boot.test.autoconfigure.SpringBootDependencyInjectionTestExecutionListener@368617cd, org.springframework.test.context.support.DirtiesContextTestExecutionListener@7ae88df1, org.springframework.test.context.event.EventPublishingTestExecutionListener@502a9b30, org.springframework.boot.test.mock.mockito.ResetMocksTestExecutionListener@422ab2ff, org.springframework.boot.test.autoconfigure.restdocs.RestDocsTestExecutionListener@4494ed08, org.springframework.boot.test.autoconfigure.web.client.MockRestServiceServerResetTestExecutionListener@7a2d676e, org.springframework.boot.test.autoconfigure.web.servlet.MockMvcPrintOnlyOnFailureTestExecutionListener@7e5a8000, org.springframework.boot.test.autoconfigure.web.servlet.WebDriverTestExecutionListener@6970687e, org.springframework.boot.test.autoconfigure.webservices.client.MockWebServiceServerTestExecutionListener@a6f34f5, org.spockframework.spring.SpringMockTestExecutionListener@1b6824c1]
2024-04-21 19:01:18.166  WARN 47082 --- [           main] ubernetesProfileEnvironmentPostProcessor : Not running inside kubernetes. Skipping 'kubernetes' profile activation.

  .   ____          _            __ _ _
 /\\ / ___'_ __ _ _(_)_ __  __ _ \ \ \ \
( ( )\___ | '_ | '_| | '_ \/ _` | \ \ \ \
 \\/  ___)| |_)| | | | | || (_| |  ) ) ) )
  '  |____| .__|_| |_|_| |_\__, | / / / /
 =========|_|==============|___/=/_/_/_/
 :: Spring Boot ::                (v2.6.3)

2024-04-21 19:01:18.235  INFO 47082 --- [           main] s.c.k.f.c.Fabric8ConfigMapPropertySource : Loading ConfigMap with name 'application' in namespace 'default'
2024-04-21 19:01:18.333  INFO 47082 --- [127.0.0.1:37688] okhttp3.mockwebserver.MockWebServer      : MockWebServer[54511] received request: GET /api/v1/namespaces/default/configmaps/application HTTP/1.1 and responded: HTTP/1.1 404 Client Error
2024-04-21 19:01:18.335  INFO 47082 --- [           main] o.s.c.k.f.config.Fabric8ConfigUtils      : config-map with name : 'application' not present in namespace : 'default'
2024-04-21 19:01:18.336  INFO 47082 --- [           main] b.c.PropertySourceBootstrapConfiguration : Located property source: [BootstrapPropertySource {name='bootstrapProperties-configmap.application.default'}]
2024-04-21 19:01:18.336  INFO 47082 --- [           main] o.s.c.k.f.c.Fabric8SecretsPropertySource : Loading Secret with name 'my-secret' or with labels [{}] in namespace 'default'
2024-04-21 19:01:18.337  INFO 47082 --- [127.0.0.1:37688] okhttp3.mockwebserver.MockWebServer      : MockWebServer[54511] received request: GET /api/v1/namespaces/default/secrets/my-secret HTTP/1.1 and responded: HTTP/1.1 404 Client Error
2024-04-21 19:01:18.337  WARN 47082 --- [           main] o.s.c.k.f.c.Fabric8SecretsPropertySource : secret with name : my-secret in namespace : default not found
2024-04-21 19:01:18.339  INFO 47082 --- [127.0.0.1:37688] okhttp3.mockwebserver.MockWebServer      : MockWebServer[54511] received request: GET /api/v1/namespaces/default/secrets HTTP/1.1 and responded: HTTP/1.1 200 OK
2024-04-21 19:01:18.380  INFO 47082 --- [           main] b.c.PropertySourceBootstrapConfiguration : Located property source: [BootstrapPropertySource {name='bootstrapProperties-secrets.my-secret.default'}]
2024-04-21 19:01:18.383  WARN 47082 --- [           main] ubernetesProfileEnvironmentPostProcessor : Not running inside kubernetes. Skipping 'kubernetes' profile activation.
2024-04-21 19:01:18.383  INFO 47082 --- [           main] ocatorRetryTests$SecretsFailFastDisabled : No active profile set, falling back to default profiles: default
2024-04-21 19:01:18.708  INFO 47082 --- [           main] o.s.cloud.context.scope.GenericScope     : BeanFactory id=94652287-2eb9-367e-b08b-eea09b3b2900
2024-04-21 19:01:19.133  INFO 47082 --- [           main] ocatorRetryTests$SecretsFailFastDisabled : Started Fabric8SecretsPropertySourceLocatorRetryTests.SecretsFailFastDisabled in 1.009 seconds (JVM running for 21.868)
2024-04-21 19:01:19.139  INFO 47082 --- [WebServer 34721] okhttp3.mockwebserver.MockWebServer      : MockWebServer[34721] starting to accept connections
2024-04-21 19:01:19.142  INFO 47082 --- [           main] o.s.c.k.f.c.Fabric8SecretsPropertySource : Loading Secret with name 'my-secret' or with labels [{}] in namespace 'default'
2024-04-21 19:01:19.143  INFO 47082 --- [127.0.0.1:37688] okhttp3.mockwebserver.MockWebServer      : MockWebServer[54511] received request: GET /api/v1/namespaces/default/secrets/my-secret HTTP/1.1 and responded: HTTP/1.1 500 Server Error
2024-04-21 19:01:19.144  WARN 47082 --- [           main] o.s.c.k.f.c.Fabric8SecretsPropertySource : Can't read secret with name: [my-secret] or labels [{}] in namespace: [default] (cause: Failure executing: GET at: https://localhost:54511/api/v1/namespaces/default/secrets/my-secret. Message: Internal Server Error.). Ignoring
2024-04-21 19:01:19.147  INFO 47082 --- [WebServer 34721] okhttp3.mockwebserver.MockWebServer      : MockWebServer[34721] done accepting connections: Socket closed
2024-04-21 19:01:19.150  INFO 47082 --- [           main] .b.t.c.SpringBootTestContextBootstrapper : Neither @ContextConfiguration nor @ContextHierarchy found for test class [org.springframework.cloud.kubernetes.fabric8.config.Fabric8BootstrapConfigurationTests$KubernetesEnabledSecretsAndConfigDisabled], using SpringBootContextLoader
2024-04-21 19:01:19.151  INFO 47082 --- [           main] o.s.t.c.support.AbstractContextLoader    : Could not detect default resource locations for test class [org.springframework.cloud.kubernetes.fabric8.config.Fabric8BootstrapConfigurationTests$KubernetesEnabledSecretsAndConfigDisabled]: no resource found for suffixes {-context.xml, Context.groovy}.
2024-04-21 19:01:19.152  INFO 47082 --- [           main] .b.t.c.SpringBootTestContextBootstrapper : Loaded default TestExecutionListener class names from location [META-INF/spring.factories]: [org.springframework.boot.test.mock.mockito.MockitoTestExecutionListener, org.springframework.boot.test.mock.mockito.ResetMocksTestExecutionListener, org.springframework.boot.test.autoconfigure.restdocs.RestDocsTestExecutionListener, org.springframework.boot.test.autoconfigure.web.client.MockRestServiceServerResetTestExecutionListener, org.springframework.boot.test.autoconfigure.web.servlet.MockMvcPrintOnlyOnFailureTestExecutionListener, org.springframework.boot.test.autoconfigure.web.servlet.WebDriverTestExecutionListener, org.springframework.boot.test.autoconfigure.webservices.client.MockWebServiceServerTestExecutionListener, org.springframework.test.context.web.ServletTestExecutionListener, org.springframework.test.context.support.DirtiesContextBeforeModesTestExecutionListener, org.springframework.test.context.event.ApplicationEventsTestExecutionListener, org.springframework.test.context.support.DependencyInjectionTestExecutionListener, org.springframework.test.context.support.DirtiesContextTestExecutionListener, org.springframework.test.context.transaction.TransactionalTestExecutionListener, org.springframework.test.context.jdbc.SqlScriptsTestExecutionListener, org.springframework.test.context.event.EventPublishingTestExecutionListener, org.spockframework.spring.SpringMockTestExecutionListener]
2024-04-21 19:01:19.153  INFO 47082 --- [           main] .b.t.c.SpringBootTestContextBootstrapper : Using TestExecutionListeners: [org.springframework.test.context.web.ServletTestExecutionListener@54a332e4, org.springframework.test.context.support.DirtiesContextBeforeModesTestExecutionListener@1e3f0c5c, org.springframework.test.context.event.ApplicationEventsTestExecutionListener@1476e447, org.springframework.boot.test.mock.mockito.MockitoTestExecutionListener@2b991034, org.springframework.boot.test.autoconfigure.SpringBootDependencyInjectionTestExecutionListener@666033b1, org.springframework.test.context.support.DirtiesContextTestExecutionListener@db9ecd, org.springframework.test.context.event.EventPublishingTestExecutionListener@23ac164d, org.springframework.boot.test.mock.mockito.ResetMocksTestExecutionListener@4057babc, org.springframework.boot.test.autoconfigure.restdocs.RestDocsTestExecutionListener@274de4bc, org.springframework.boot.test.autoconfigure.web.client.MockRestServiceServerResetTestExecutionListener@7bbc3b6e, org.springframework.boot.test.autoconfigure.web.servlet.MockMvcPrintOnlyOnFailureTestExecutionListener@38e1442a, org.springframework.boot.test.autoconfigure.web.servlet.WebDriverTestExecutionListener@451e8bd0, org.springframework.boot.test.autoconfigure.webservices.client.MockWebServiceServerTestExecutionListener@d3effcb, org.spockframework.spring.SpringMockTestExecutionListener@1743c249]
2024-04-21 19:01:19.196  WARN 47082 --- [           main] ubernetesProfileEnvironmentPostProcessor : Not running inside kubernetes. Skipping 'kubernetes' profile activation.

  .   ____          _            __ _ _
 /\\ / ___'_ __ _ _(_)_ __  __ _ \ \ \ \
( ( )\___ | '_ | '_| | '_ \/ _` | \ \ \ \
 \\/  ___)| |_)| | | | | || (_| |  ) ) ) )
  '  |____| .__|_| |_|_| |_\__, | / / / /
 =========|_|==============|___/=/_/_/_/
 :: Spring Boot ::                (v2.6.3)

2024-04-21 19:01:19.275  WARN 47082 --- [           main] ubernetesProfileEnvironmentPostProcessor : Not running inside kubernetes. Skipping 'kubernetes' profile activation.
2024-04-21 19:01:19.275  INFO 47082 --- [           main] ubernetesEnabledSecretsAndConfigDisabled : No active profile set, falling back to default profiles: default
2024-04-21 19:01:19.586  INFO 47082 --- [           main] o.s.cloud.context.scope.GenericScope     : BeanFactory id=28f5efda-2be0-3ec4-9d06-389d7832aa32
2024-04-21 19:01:19.671  INFO 47082 --- [           main] o.s.b.w.embedded.tomcat.TomcatWebServer  : Tomcat initialized with port(s): 0 (http)
2024-04-21 19:01:19.672  INFO 47082 --- [           main] o.apache.catalina.core.StandardService   : Starting service [Tomcat]
2024-04-21 19:01:19.672  INFO 47082 --- [           main] org.apache.catalina.core.StandardEngine  : Starting Servlet engine: [Apache Tomcat/9.0.56]
2024-04-21 19:01:19.685  INFO 47082 --- [           main] o.a.c.c.C.[Tomcat-5].[localhost].[/]     : Initializing Spring embedded WebApplicationContext
2024-04-21 19:01:19.686  INFO 47082 --- [           main] w.s.c.ServletWebServerApplicationContext : Root WebApplicationContext: initialization completed in 410 ms
2024-04-21 19:01:20.263  INFO 47082 --- [           main] o.s.b.a.e.web.EndpointLinksResolver      : Exposing 1 endpoint(s) beneath base path '/actuator'
2024-04-21 19:01:20.300  INFO 47082 --- [           main] o.s.b.w.embedded.tomcat.TomcatWebServer  : Tomcat started on port(s): 44227 (http) with context path ''
2024-04-21 19:01:20.306  INFO 47082 --- [           main] ubernetesEnabledSecretsAndConfigDisabled : Started Fabric8BootstrapConfigurationTests.KubernetesEnabledSecretsAndConfigDisabled in 1.151 seconds (JVM running for 23.041)
2024-04-21 19:01:20.315  INFO 47082 --- [WebServer 33323] okhttp3.mockwebserver.MockWebServer      : MockWebServer[33323] starting to accept connections
2024-04-21 19:01:20.319  INFO 47082 --- [WebServer 43727] okhttp3.mockwebserver.MockWebServer      : MockWebServer[43727] starting to accept connections
2024-04-21 19:01:20.319  INFO 47082 --- [WebServer 43727] okhttp3.mockwebserver.MockWebServer      : MockWebServer[43727] done accepting connections: Socket closed
2024-04-21 19:01:20.324  INFO 47082 --- [           main] .b.t.c.SpringBootTestContextBootstrapper : Neither @ContextConfiguration nor @ContextHierarchy found for test class [org.springframework.cloud.kubernetes.fabric8.config.Fabric8ActuatorTests$EnabledHealthTest], using SpringBootContextLoader
2024-04-21 19:01:20.325  INFO 47082 --- [           main] o.s.t.c.support.AbstractContextLoader    : Could not detect default resource locations for test class [org.springframework.cloud.kubernetes.fabric8.config.Fabric8ActuatorTests$EnabledHealthTest]: no resource found for suffixes {-context.xml, Context.groovy}.
2024-04-21 19:01:20.327  INFO 47082 --- [           main] .b.t.c.SpringBootTestContextBootstrapper : Loaded default TestExecutionListener class names from location [META-INF/spring.factories]: [org.springframework.boot.test.mock.mockito.MockitoTestExecutionListener, org.springframework.boot.test.mock.mockito.ResetMocksTestExecutionListener, org.springframework.boot.test.autoconfigure.restdocs.RestDocsTestExecutionListener, org.springframework.boot.test.autoconfigure.web.client.MockRestServiceServerResetTestExecutionListener, org.springframework.boot.test.autoconfigure.web.servlet.MockMvcPrintOnlyOnFailureTestExecutionListener, org.springframework.boot.test.autoconfigure.web.servlet.WebDriverTestExecutionListener, org.springframework.boot.test.autoconfigure.webservices.client.MockWebServiceServerTestExecutionListener, org.springframework.test.context.web.ServletTestExecutionListener, org.springframework.test.context.support.DirtiesContextBeforeModesTestExecutionListener, org.springframework.test.context.event.ApplicationEventsTestExecutionListener, org.springframework.test.context.support.DependencyInjectionTestExecutionListener, org.springframework.test.context.support.DirtiesContextTestExecutionListener, org.springframework.test.context.transaction.TransactionalTestExecutionListener, org.springframework.test.context.jdbc.SqlScriptsTestExecutionListener, org.springframework.test.context.event.EventPublishingTestExecutionListener, org.spockframework.spring.SpringMockTestExecutionListener]
2024-04-21 19:01:20.329  INFO 47082 --- [           main] .b.t.c.SpringBootTestContextBootstrapper : Using TestExecutionListeners: [org.springframework.test.context.web.ServletTestExecutionListener@156c1c4e, org.springframework.test.context.support.DirtiesContextBeforeModesTestExecutionListener@5ddd3fbd, org.springframework.test.context.event.ApplicationEventsTestExecutionListener@57ae3c0e, org.springframework.boot.test.mock.mockito.MockitoTestExecutionListener@43e6bcfd, org.springframework.boot.test.autoconfigure.SpringBootDependencyInjectionTestExecutionListener@361d56a3, org.springframework.test.context.support.DirtiesContextTestExecutionListener@289a70a, org.springframework.test.context.event.EventPublishingTestExecutionListener@2461b519, org.springframework.boot.test.mock.mockito.ResetMocksTestExecutionListener@5216e43c, org.springframework.boot.test.autoconfigure.restdocs.RestDocsTestExecutionListener@e620893, org.springframework.boot.test.autoconfigure.web.client.MockRestServiceServerResetTestExecutionListener@411c5fa2, org.springframework.boot.test.autoconfigure.web.servlet.MockMvcPrintOnlyOnFailureTestExecutionListener@68fce3e5, org.springframework.boot.test.autoconfigure.web.servlet.WebDriverTestExecutionListener@d2eddc2, org.springframework.boot.test.autoconfigure.webservices.client.MockWebServiceServerTestExecutionListener@13967a64, org.spockframework.spring.SpringMockTestExecutionListener@30d4d6fb]
2024-04-21 19:01:20.376  WARN 47082 --- [           main] ubernetesProfileEnvironmentPostProcessor : Not running inside kubernetes. Skipping 'kubernetes' profile activation.

  .   ____          _            __ _ _
 /\\ / ___'_ __ _ _(_)_ __  __ _ \ \ \ \
( ( )\___ | '_ | '_| | '_ \/ _` | \ \ \ \
 \\/  ___)| |_)| | | | | || (_| |  ) ) ) )
  '  |____| .__|_| |_|_| |_\__, | / / / /
 =========|_|==============|___/=/_/_/_/
 :: Spring Boot ::                (v2.6.3)

2024-04-21 19:01:20.438  WARN 47082 --- [           main] ubernetesProfileEnvironmentPostProcessor : Not running inside kubernetes. Skipping 'kubernetes' profile activation.
2024-04-21 19:01:20.438  INFO 47082 --- [           main] c.Fabric8ActuatorTests$EnabledHealthTest : No active profile set, falling back to default profiles: default
2024-04-21 19:01:20.603  INFO 47082 --- [           main] o.s.cloud.context.scope.GenericScope     : BeanFactory id=cf6232b6-8180-3b95-aacc-818afebc75eb
2024-04-21 19:01:20.714  INFO 47082 --- [           main] o.s.b.w.embedded.tomcat.TomcatWebServer  : Tomcat initialized with port(s): 0 (http)
2024-04-21 19:01:20.714  INFO 47082 --- [           main] o.apache.catalina.core.StandardService   : Starting service [Tomcat]
2024-04-21 19:01:20.715  INFO 47082 --- [           main] org.apache.catalina.core.StandardEngine  : Starting Servlet engine: [Apache Tomcat/9.0.56]
2024-04-21 19:01:20.724  INFO 47082 --- [           main] o.a.c.c.C.[Tomcat-6].[localhost].[/]     : Initializing Spring embedded WebApplicationContext
2024-04-21 19:01:20.724  INFO 47082 --- [           main] w.s.c.ServletWebServerApplicationContext : Root WebApplicationContext: initialization completed in 285 ms
2024-04-21 19:01:21.295  INFO 47082 --- [           main] o.s.b.a.e.web.EndpointLinksResolver      : Exposing 1 endpoint(s) beneath base path '/actuator'
2024-04-21 19:01:21.334  INFO 47082 --- [           main] o.s.b.w.embedded.tomcat.TomcatWebServer  : Tomcat started on port(s): 34273 (http) with context path ''
2024-04-21 19:01:21.339  INFO 47082 --- [           main] c.Fabric8ActuatorTests$EnabledHealthTest : Started Fabric8ActuatorTests.EnabledHealthTest in 1.009 seconds (JVM running for 24.075)
2024-04-21 19:01:21.354  INFO 47082 --- [o-auto-7-exec-1] o.a.c.c.C.[Tomcat-6].[localhost].[/]     : Initializing Spring DispatcherServlet 'dispatcherServlet'
2024-04-21 19:01:21.355  INFO 47082 --- [o-auto-7-exec-1] o.s.web.servlet.DispatcherServlet        : Initializing Servlet 'dispatcherServlet'
2024-04-21 19:01:21.356  INFO 47082 --- [o-auto-7-exec-1] o.s.web.servlet.DispatcherServlet        : Completed initialization in 1 ms
2024-04-21 19:01:21.399  INFO 47082 --- [WebServer 44939] okhttp3.mockwebserver.MockWebServer      : MockWebServer[44939] starting to accept connections
2024-04-21 19:01:21.401  INFO 47082 --- [WebServer 52049] okhttp3.mockwebserver.MockWebServer      : MockWebServer[52049] starting to accept connections
2024-04-21 19:01:21.402  INFO 47082 --- [WebServer 52049] okhttp3.mockwebserver.MockWebServer      : MockWebServer[52049] done accepting connections: Socket closed
2024-04-21 19:01:21.405  INFO 47082 --- [WebServer 38759] okhttp3.mockwebserver.MockWebServer      : MockWebServer[38759] starting to accept connections
2024-04-21 19:01:21.407  INFO 47082 --- [WebServer 58125] okhttp3.mockwebserver.MockWebServer      : MockWebServer[58125] starting to accept connections
2024-04-21 19:01:21.411  INFO 47082 --- [127.0.0.1:53742] okhttp3.mockwebserver.MockWebServer      : MockWebServer[38759] received request: POST /api/v1/namespaces/test/configmaps HTTP/1.1 and responded: HTTP/1.1 200 OK
2024-04-21 19:01:21.411  INFO 47082 --- [           main] s.c.k.f.c.Fabric8ConfigMapPropertySource : Loading ConfigMap with name 'app-yaml-test' in namespace 'test'
2024-04-21 19:01:21.412  INFO 47082 --- [127.0.0.1:53742] okhttp3.mockwebserver.MockWebServer      : MockWebServer[38759] received request: GET /api/v1/namespaces/test/configmaps/app-yaml-test HTTP/1.1 and responded: HTTP/1.1 200 OK
2024-04-21 19:01:21.454  INFO 47082 --- [WebServer 58125] okhttp3.mockwebserver.MockWebServer      : MockWebServer[58125] done accepting connections: Socket closed
2024-04-21 19:01:21.458  INFO 47082 --- [WebServer 52959] okhttp3.mockwebserver.MockWebServer      : MockWebServer[52959] starting to accept connections
2024-04-21 19:01:21.460  INFO 47082 --- [WebServer 40383] okhttp3.mockwebserver.MockWebServer      : MockWebServer[40383] starting to accept connections
2024-04-21 19:01:21.463  INFO 47082 --- [127.0.0.1:34042] okhttp3.mockwebserver.MockWebServer      : MockWebServer[52959] received request: POST /api/v1/namespaces/test/configmaps HTTP/1.1 and responded: HTTP/1.1 200 OK
2024-04-21 19:01:21.463  INFO 47082 --- [           main] s.c.k.f.c.Fabric8ConfigMapPropertySource : Loading ConfigMap with name 'single-unparseable-properties-test' in namespace 'test'
2024-04-21 19:01:21.465  INFO 47082 --- [127.0.0.1:34042] okhttp3.mockwebserver.MockWebServer      : MockWebServer[52959] received request: GET /api/v1/namespaces/test/configmaps/single-unparseable-properties-test HTTP/1.1 and responded: HTTP/1.1 200 OK
2024-04-21 19:01:21.506  INFO 47082 --- [WebServer 40383] okhttp3.mockwebserver.MockWebServer      : MockWebServer[40383] done accepting connections: Socket closed
2024-04-21 19:01:21.511  INFO 47082 --- [           main] .b.t.c.SpringBootTestContextBootstrapper : Neither @ContextConfiguration nor @ContextHierarchy found for test class [org.springframework.cloud.kubernetes.fabric8.config.ConfigMapWithPrefixTests], using SpringBootContextLoader
2024-04-21 19:01:21.512  INFO 47082 --- [           main] o.s.t.c.support.AbstractContextLoader    : Could not detect default resource locations for test class [org.springframework.cloud.kubernetes.fabric8.config.ConfigMapWithPrefixTests]: no resource found for suffixes {-context.xml, Context.groovy}.
2024-04-21 19:01:21.514  INFO 47082 --- [           main] .b.t.c.SpringBootTestContextBootstrapper : Loaded default TestExecutionListener class names from location [META-INF/spring.factories]: [org.springframework.boot.test.mock.mockito.MockitoTestExecutionListener, org.springframework.boot.test.mock.mockito.ResetMocksTestExecutionListener, org.springframework.boot.test.autoconfigure.restdocs.RestDocsTestExecutionListener, org.springframework.boot.test.autoconfigure.web.client.MockRestServiceServerResetTestExecutionListener, org.springframework.boot.test.autoconfigure.web.servlet.MockMvcPrintOnlyOnFailureTestExecutionListener, org.springframework.boot.test.autoconfigure.web.servlet.WebDriverTestExecutionListener, org.springframework.boot.test.autoconfigure.webservices.client.MockWebServiceServerTestExecutionListener, org.springframework.test.context.web.ServletTestExecutionListener, org.springframework.test.context.support.DirtiesContextBeforeModesTestExecutionListener, org.springframework.test.context.event.ApplicationEventsTestExecutionListener, org.springframework.test.context.support.DependencyInjectionTestExecutionListener, org.springframework.test.context.support.DirtiesContextTestExecutionListener, org.springframework.test.context.transaction.TransactionalTestExecutionListener, org.springframework.test.context.jdbc.SqlScriptsTestExecutionListener, org.springframework.test.context.event.EventPublishingTestExecutionListener, org.spockframework.spring.SpringMockTestExecutionListener]
2024-04-21 19:01:21.516  INFO 47082 --- [           main] .b.t.c.SpringBootTestContextBootstrapper : Using TestExecutionListeners: [org.springframework.test.context.web.ServletTestExecutionListener@7c4a44bb, org.springframework.test.context.support.DirtiesContextBeforeModesTestExecutionListener@369773fd, org.springframework.test.context.event.ApplicationEventsTestExecutionListener@47d0127f, org.springframework.boot.test.mock.mockito.MockitoTestExecutionListener@c4ef770, org.springframework.boot.test.autoconfigure.SpringBootDependencyInjectionTestExecutionListener@228f15de, org.springframework.test.context.support.DirtiesContextTestExecutionListener@2f8a82e9, org.springframework.test.context.event.EventPublishingTestExecutionListener@688e2e8d, org.springframework.boot.test.mock.mockito.ResetMocksTestExecutionListener@1380a19b, org.springframework.boot.test.autoconfigure.restdocs.RestDocsTestExecutionListener@49fb77d0, org.springframework.boot.test.autoconfigure.web.client.MockRestServiceServerResetTestExecutionListener@321d39cc, org.springframework.boot.test.autoconfigure.web.servlet.MockMvcPrintOnlyOnFailureTestExecutionListener@2bfe9344, org.springframework.boot.test.autoconfigure.web.servlet.WebDriverTestExecutionListener@3de473d9, org.springframework.boot.test.autoconfigure.webservices.client.MockWebServiceServerTestExecutionListener@2fb3c642, org.spockframework.spring.SpringMockTestExecutionListener@743b4921]
2024-04-21 19:01:21.518  INFO 47082 --- [WebServer 38663] okhttp3.mockwebserver.MockWebServer      : MockWebServer[38663] starting to accept connections
2024-04-21 19:01:21.521  INFO 47082 --- [127.0.0.1:47864] okhttp3.mockwebserver.MockWebServer      : MockWebServer[38663] received request: POST /api/v1/namespaces/spring-k8s/configmaps HTTP/1.1 and responded: HTTP/1.1 200 OK
2024-04-21 19:01:21.526  INFO 47082 --- [127.0.0.1:47864] okhttp3.mockwebserver.MockWebServer      : MockWebServer[38663] received request: POST /api/v1/namespaces/spring-k8s/configmaps HTTP/1.1 and responded: HTTP/1.1 200 OK
2024-04-21 19:01:21.571  INFO 47082 --- [127.0.0.1:47864] okhttp3.mockwebserver.MockWebServer      : MockWebServer[38663] received request: POST /api/v1/namespaces/spring-k8s/configmaps HTTP/1.1 and responded: HTTP/1.1 200 OK
2024-04-21 19:01:21.675  WARN 47082 --- [           main] ubernetesProfileEnvironmentPostProcessor : Not running inside kubernetes. Skipping 'kubernetes' profile activation.

  .   ____          _            __ _ _
 /\\ / ___'_ __ _ _(_)_ __  __ _ \ \ \ \
( ( )\___ | '_ | '_| | '_ \/ _` | \ \ \ \
 \\/  ___)| |_)| | | | | || (_| |  ) ) ) )
  '  |____| .__|_| |_|_| |_\__, | / / / /
 =========|_|==============|___/=/_/_/_/
 :: Spring Boot ::                (v2.6.3)

2024-04-21 19:01:21.755  INFO 47082 --- [           main] s.c.k.f.c.Fabric8ConfigMapPropertySource : Loading ConfigMap with name 'config-map-one' in namespace 'spring-k8s'
2024-04-21 19:01:21.758  INFO 47082 --- [127.0.0.1:47870] okhttp3.mockwebserver.MockWebServer      : MockWebServer[38663] received request: GET /api/v1/namespaces/spring-k8s/configmaps/config-map-one HTTP/1.1 and responded: HTTP/1.1 200 OK
2024-04-21 19:01:21.761  INFO 47082 --- [           main] s.c.k.f.c.Fabric8ConfigMapPropertySource : Loading ConfigMap with name 'config-map-two' in namespace 'spring-k8s'
2024-04-21 19:01:21.762  INFO 47082 --- [127.0.0.1:47870] okhttp3.mockwebserver.MockWebServer      : MockWebServer[38663] received request: GET /api/v1/namespaces/spring-k8s/configmaps/config-map-two HTTP/1.1 and responded: HTTP/1.1 200 OK
2024-04-21 19:01:21.803  INFO 47082 --- [           main] s.c.k.f.c.Fabric8ConfigMapPropertySource : Loading ConfigMap with name 'config-map-three' in namespace 'spring-k8s'
2024-04-21 19:01:21.804  INFO 47082 --- [127.0.0.1:47870] okhttp3.mockwebserver.MockWebServer      : MockWebServer[38663] received request: GET /api/v1/namespaces/spring-k8s/configmaps/config-map-three HTTP/1.1 and responded: HTTP/1.1 200 OK
2024-04-21 19:01:21.846  INFO 47082 --- [           main] b.c.PropertySourceBootstrapConfiguration : Located property source: [BootstrapPropertySource {name='bootstrapProperties-configmap.config-map-three.spring-k8s'}, BootstrapPropertySource {name='bootstrapProperties-configmap.config-map-two.spring-k8s'}, BootstrapPropertySource {name='bootstrapProperties-configmap.config-map-one.spring-k8s'}]
2024-04-21 19:01:21.849  WARN 47082 --- [           main] ubernetesProfileEnvironmentPostProcessor : Not running inside kubernetes. Skipping 'kubernetes' profile activation.
2024-04-21 19:01:21.849  INFO 47082 --- [           main] o.s.c.k.f.c.ConfigMapWithPrefixTests     : No active profile set, falling back to default profiles: default
2024-04-21 19:01:22.045  INFO 47082 --- [           main] o.s.cloud.context.scope.GenericScope     : BeanFactory id=1367d525-e9cf-3080-b335-95bb990e6dec
2024-04-21 19:01:22.129  INFO 47082 --- [           main] o.s.b.w.embedded.tomcat.TomcatWebServer  : Tomcat initialized with port(s): 0 (http)
2024-04-21 19:01:22.130  INFO 47082 --- [           main] o.apache.catalina.core.StandardService   : Starting service [Tomcat]
2024-04-21 19:01:22.130  INFO 47082 --- [           main] org.apache.catalina.core.StandardEngine  : Starting Servlet engine: [Apache Tomcat/9.0.56]
2024-04-21 19:01:22.141  INFO 47082 --- [           main] o.a.c.c.C.[Tomcat-7].[localhost].[/]     : Initializing Spring embedded WebApplicationContext
2024-04-21 19:01:22.141  INFO 47082 --- [           main] w.s.c.ServletWebServerApplicationContext : Root WebApplicationContext: initialization completed in 291 ms
2024-04-21 19:01:22.698  INFO 47082 --- [           main] o.s.b.a.e.web.EndpointLinksResolver      : Exposing 1 endpoint(s) beneath base path '/actuator'
2024-04-21 19:01:22.741  INFO 47082 --- [           main] o.s.b.w.embedded.tomcat.TomcatWebServer  : Tomcat started on port(s): 40803 (http) with context path ''
2024-04-21 19:01:22.748  INFO 47082 --- [           main] o.s.c.k.f.c.ConfigMapWithPrefixTests     : Started ConfigMapWithPrefixTests in 1.135 seconds (JVM running for 25.483)
2024-04-21 19:01:22.761  INFO 47082 --- [WebServer 58111] okhttp3.mockwebserver.MockWebServer      : MockWebServer[58111] starting to accept connections
2024-04-21 19:01:22.768  INFO 47082 --- [o-auto-8-exec-1] o.a.c.c.C.[Tomcat-7].[localhost].[/]     : Initializing Spring DispatcherServlet 'dispatcherServlet'
2024-04-21 19:01:22.769  INFO 47082 --- [o-auto-8-exec-1] o.s.web.servlet.DispatcherServlet        : Initializing Servlet 'dispatcherServlet'
2024-04-21 19:01:22.769  INFO 47082 --- [o-auto-8-exec-1] o.s.web.servlet.DispatcherServlet        : Completed initialization in 0 ms
2024-04-21 19:01:22.780  INFO 47082 --- [WebServer 58111] okhttp3.mockwebserver.MockWebServer      : MockWebServer[58111] done accepting connections: Socket closed
2024-04-21 19:01:22.785  INFO 47082 --- [WebServer 43235] okhttp3.mockwebserver.MockWebServer      : MockWebServer[43235] starting to accept connections
2024-04-21 19:01:22.786  INFO 47082 --- [WebServer 43907] okhttp3.mockwebserver.MockWebServer      : MockWebServer[43907] starting to accept connections
2024-04-21 19:01:22.791  INFO 47082 --- [127.0.0.1:34632] okhttp3.mockwebserver.MockWebServer      : MockWebServer[43235] received request: POST /api/v1/namespaces/test/configmaps HTTP/1.1 and responded: HTTP/1.1 200 OK
2024-04-21 19:01:22.791  INFO 47082 --- [           main] s.c.k.f.c.Fabric8ConfigMapPropertySource : Loading ConfigMap with name 'single-non-standard-test' in namespace 'test'
2024-04-21 19:01:22.792  INFO 47082 --- [127.0.0.1:34632] okhttp3.mockwebserver.MockWebServer      : MockWebServer[43235] received request: GET /api/v1/namespaces/test/configmaps/single-non-standard-test HTTP/1.1 and responded: HTTP/1.1 200 OK
2024-04-21 19:01:22.835  INFO 47082 --- [WebServer 43907] okhttp3.mockwebserver.MockWebServer      : MockWebServer[43907] done accepting connections: Socket closed
2024-04-21 19:01:22.840  INFO 47082 --- [           main] .b.t.c.SpringBootTestContextBootstrapper : Neither @ContextConfiguration nor @ContextHierarchy found for test class [org.springframework.cloud.kubernetes.fabric8.config.MultipleConfigMapsTests], using SpringBootContextLoader
2024-04-21 19:01:22.841  INFO 47082 --- [           main] o.s.t.c.support.AbstractContextLoader    : Could not detect default resource locations for test class [org.springframework.cloud.kubernetes.fabric8.config.MultipleConfigMapsTests]: no resource found for suffixes {-context.xml, Context.groovy}.
2024-04-21 19:01:22.843  INFO 47082 --- [           main] .b.t.c.SpringBootTestContextBootstrapper : Loaded default TestExecutionListener class names from location [META-INF/spring.factories]: [org.springframework.boot.test.mock.mockito.MockitoTestExecutionListener, org.springframework.boot.test.mock.mockito.ResetMocksTestExecutionListener, org.springframework.boot.test.autoconfigure.restdocs.RestDocsTestExecutionListener, org.springframework.boot.test.autoconfigure.web.client.MockRestServiceServerResetTestExecutionListener, org.springframework.boot.test.autoconfigure.web.servlet.MockMvcPrintOnlyOnFailureTestExecutionListener, org.springframework.boot.test.autoconfigure.web.servlet.WebDriverTestExecutionListener, org.springframework.boot.test.autoconfigure.webservices.client.MockWebServiceServerTestExecutionListener, org.springframework.test.context.web.ServletTestExecutionListener, org.springframework.test.context.support.DirtiesContextBeforeModesTestExecutionListener, org.springframework.test.context.event.ApplicationEventsTestExecutionListener, org.springframework.test.context.support.DependencyInjectionTestExecutionListener, org.springframework.test.context.support.DirtiesContextTestExecutionListener, org.springframework.test.context.transaction.TransactionalTestExecutionListener, org.springframework.test.context.jdbc.SqlScriptsTestExecutionListener, org.springframework.test.context.event.EventPublishingTestExecutionListener, org.spockframework.spring.SpringMockTestExecutionListener]
2024-04-21 19:01:22.845  INFO 47082 --- [           main] .b.t.c.SpringBootTestContextBootstrapper : Using TestExecutionListeners: [org.springframework.test.context.web.ServletTestExecutionListener@7a6ef10b, org.springframework.test.context.support.DirtiesContextBeforeModesTestExecutionListener@5cbdc23b, org.springframework.test.context.event.ApplicationEventsTestExecutionListener@c35b83c, org.springframework.boot.test.mock.mockito.MockitoTestExecutionListener@4299b47d, org.springframework.boot.test.autoconfigure.SpringBootDependencyInjectionTestExecutionListener@4f72e38c, org.springframework.test.context.support.DirtiesContextTestExecutionListener@7d6c4c43, org.springframework.test.context.event.EventPublishingTestExecutionListener@5cb9ef8a, org.springframework.boot.test.mock.mockito.ResetMocksTestExecutionListener@538c823c, org.springframework.boot.test.autoconfigure.restdocs.RestDocsTestExecutionListener@bba6542, org.springframework.boot.test.autoconfigure.web.client.MockRestServiceServerResetTestExecutionListener@14ab3e22, org.springframework.boot.test.autoconfigure.web.servlet.MockMvcPrintOnlyOnFailureTestExecutionListener@7fd4682, org.springframework.boot.test.autoconfigure.web.servlet.WebDriverTestExecutionListener@3057a923, org.springframework.boot.test.autoconfigure.webservices.client.MockWebServiceServerTestExecutionListener@681f5a1e, org.spockframework.spring.SpringMockTestExecutionListener@25082311]
2024-04-21 19:01:22.847  INFO 47082 --- [WebServer 55321] okhttp3.mockwebserver.MockWebServer      : MockWebServer[55321] starting to accept connections
2024-04-21 19:01:22.851  INFO 47082 --- [127.0.0.1:59370] okhttp3.mockwebserver.MockWebServer      : MockWebServer[55321] received request: POST /api/v1/namespaces/defnamespace/configmaps HTTP/1.1 and responded: HTTP/1.1 200 OK
2024-04-21 19:01:22.858  INFO 47082 --- [127.0.0.1:59370] okhttp3.mockwebserver.MockWebServer      : MockWebServer[55321] received request: POST /api/v1/namespaces/s2/configmaps HTTP/1.1 and responded: HTTP/1.1 200 OK
2024-04-21 19:01:22.904  INFO 47082 --- [127.0.0.1:59370] okhttp3.mockwebserver.MockWebServer      : MockWebServer[55321] received request: POST /api/v1/namespaces/othernamespace/configmaps HTTP/1.1 and responded: HTTP/1.1 200 OK
2024-04-21 19:01:23.000  WARN 47082 --- [           main] ubernetesProfileEnvironmentPostProcessor : Not running inside kubernetes. Skipping 'kubernetes' profile activation.

  .   ____          _            __ _ _
 /\\ / ___'_ __ _ _(_)_ __  __ _ \ \ \ \
( ( )\___ | '_ | '_| | '_ \/ _` | \ \ \ \
 \\/  ___)| |_)| | | | | || (_| |  ) ) ) )
  '  |____| .__|_| |_|_| |_\__, | / / / /
 =========|_|==============|___/=/_/_/_/
 :: Spring Boot ::                (v2.6.3)

2024-04-21 19:01:23.063  INFO 47082 --- [           main] s.c.k.f.c.Fabric8ConfigMapPropertySource : Loading ConfigMap with name 's1' in namespace 'defnamespace'
2024-04-21 19:01:23.066  INFO 47082 --- [127.0.0.1:59386] okhttp3.mockwebserver.MockWebServer      : MockWebServer[55321] received request: GET /api/v1/namespaces/defnamespace/configmaps/s1 HTTP/1.1 and responded: HTTP/1.1 200 OK
2024-04-21 19:01:23.068  INFO 47082 --- [           main] s.c.k.f.c.Fabric8ConfigMapPropertySource : Loading ConfigMap with name 'defname' in namespace 's2'
2024-04-21 19:01:23.069  INFO 47082 --- [127.0.0.1:59386] okhttp3.mockwebserver.MockWebServer      : MockWebServer[55321] received request: GET /api/v1/namespaces/s2/configmaps/defname HTTP/1.1 and responded: HTTP/1.1 200 OK
2024-04-21 19:01:23.111  INFO 47082 --- [           main] s.c.k.f.c.Fabric8ConfigMapPropertySource : Loading ConfigMap with name 'othername' in namespace 'othernamespace'
2024-04-21 19:01:23.112  INFO 47082 --- [127.0.0.1:59386] okhttp3.mockwebserver.MockWebServer      : MockWebServer[55321] received request: GET /api/v1/namespaces/othernamespace/configmaps/othername HTTP/1.1 and responded: HTTP/1.1 200 OK
2024-04-21 19:01:23.153  INFO 47082 --- [           main] b.c.PropertySourceBootstrapConfiguration : Located property source: [BootstrapPropertySource {name='bootstrapProperties-configmap.othername.othernamespace'}, BootstrapPropertySource {name='bootstrapProperties-configmap.defname.s2'}, BootstrapPropertySource {name='bootstrapProperties-configmap.s1.defnamespace'}]
2024-04-21 19:01:23.156  WARN 47082 --- [           main] ubernetesProfileEnvironmentPostProcessor : Not running inside kubernetes. Skipping 'kubernetes' profile activation.
2024-04-21 19:01:23.156  INFO 47082 --- [           main] o.s.c.k.f.c.MultipleConfigMapsTests      : No active profile set, falling back to default profiles: default
2024-04-21 19:01:23.319  INFO 47082 --- [           main] o.s.cloud.context.scope.GenericScope     : BeanFactory id=012be945-5008-354a-8a47-8e5e16a24aa5
2024-04-21 19:01:23.404  INFO 47082 --- [           main] o.s.b.w.embedded.tomcat.TomcatWebServer  : Tomcat initialized with port(s): 0 (http)
2024-04-21 19:01:23.405  INFO 47082 --- [           main] o.apache.catalina.core.StandardService   : Starting service [Tomcat]
2024-04-21 19:01:23.405  INFO 47082 --- [           main] org.apache.catalina.core.StandardEngine  : Starting Servlet engine: [Apache Tomcat/9.0.56]
2024-04-21 19:01:23.414  INFO 47082 --- [           main] o.a.c.c.C.[Tomcat-8].[localhost].[/]     : Initializing Spring embedded WebApplicationContext
2024-04-21 19:01:23.414  INFO 47082 --- [           main] w.s.c.ServletWebServerApplicationContext : Root WebApplicationContext: initialization completed in 257 ms
2024-04-21 19:01:23.969  INFO 47082 --- [           main] o.s.b.a.e.web.EndpointLinksResolver      : Exposing 1 endpoint(s) beneath base path '/actuator'
2024-04-21 19:01:24.005  INFO 47082 --- [           main] o.s.b.w.embedded.tomcat.TomcatWebServer  : Tomcat started on port(s): 38153 (http) with context path ''
2024-04-21 19:01:24.010  INFO 47082 --- [           main] o.s.c.k.f.c.MultipleConfigMapsTests      : Started MultipleConfigMapsTests in 1.064 seconds (JVM running for 26.746)
2024-04-21 19:01:24.020  INFO 47082 --- [WebServer 58915] okhttp3.mockwebserver.MockWebServer      : MockWebServer[58915] starting to accept connections
2024-04-21 19:01:24.027  INFO 47082 --- [o-auto-9-exec-1] o.a.c.c.C.[Tomcat-8].[localhost].[/]     : Initializing Spring DispatcherServlet 'dispatcherServlet'
2024-04-21 19:01:24.028  INFO 47082 --- [o-auto-9-exec-1] o.s.web.servlet.DispatcherServlet        : Initializing Servlet 'dispatcherServlet'
2024-04-21 19:01:24.028  INFO 47082 --- [o-auto-9-exec-1] o.s.web.servlet.DispatcherServlet        : Completed initialization in 0 ms
2024-04-21 19:01:24.036  INFO 47082 --- [WebServer 58915] okhttp3.mockwebserver.MockWebServer      : MockWebServer[58915] done accepting connections: Socket closed
2024-04-21 19:01:24.039  INFO 47082 --- [           main] .b.t.c.SpringBootTestContextBootstrapper : Neither @ContextConfiguration nor @ContextHierarchy found for test class [org.springframework.cloud.kubernetes.fabric8.config.ConfigMapsFromFilePathsTests], using SpringBootContextLoader
2024-04-21 19:01:24.040  INFO 47082 --- [           main] o.s.t.c.support.AbstractContextLoader    : Could not detect default resource locations for test class [org.springframework.cloud.kubernetes.fabric8.config.ConfigMapsFromFilePathsTests]: no resource found for suffixes {-context.xml, Context.groovy}.
2024-04-21 19:01:24.041  INFO 47082 --- [           main] .b.t.c.SpringBootTestContextBootstrapper : Loaded default TestExecutionListener class names from location [META-INF/spring.factories]: [org.springframework.boot.test.mock.mockito.MockitoTestExecutionListener, org.springframework.boot.test.mock.mockito.ResetMocksTestExecutionListener, org.springframework.boot.test.autoconfigure.restdocs.RestDocsTestExecutionListener, org.springframework.boot.test.autoconfigure.web.client.MockRestServiceServerResetTestExecutionListener, org.springframework.boot.test.autoconfigure.web.servlet.MockMvcPrintOnlyOnFailureTestExecutionListener, org.springframework.boot.test.autoconfigure.web.servlet.WebDriverTestExecutionListener, org.springframework.boot.test.autoconfigure.webservices.client.MockWebServiceServerTestExecutionListener, org.springframework.test.context.web.ServletTestExecutionListener, org.springframework.test.context.support.DirtiesContextBeforeModesTestExecutionListener, org.springframework.test.context.event.ApplicationEventsTestExecutionListener, org.springframework.test.context.support.DependencyInjectionTestExecutionListener, org.springframework.test.context.support.DirtiesContextTestExecutionListener, org.springframework.test.context.transaction.TransactionalTestExecutionListener, org.springframework.test.context.jdbc.SqlScriptsTestExecutionListener, org.springframework.test.context.event.EventPublishingTestExecutionListener, org.spockframework.spring.SpringMockTestExecutionListener]
2024-04-21 19:01:24.043  INFO 47082 --- [           main] .b.t.c.SpringBootTestContextBootstrapper : Using TestExecutionListeners: [org.springframework.test.context.web.ServletTestExecutionListener@447f9a09, org.springframework.test.context.support.DirtiesContextBeforeModesTestExecutionListener@eba003e, org.springframework.test.context.event.ApplicationEventsTestExecutionListener@659b0c20, org.springframework.boot.test.mock.mockito.MockitoTestExecutionListener@1c696163, org.springframework.boot.test.autoconfigure.SpringBootDependencyInjectionTestExecutionListener@247e1f35, org.springframework.test.context.support.DirtiesContextTestExecutionListener@7a1b4074, org.springframework.test.context.event.EventPublishingTestExecutionListener@475cb91b, org.springframework.boot.test.mock.mockito.ResetMocksTestExecutionListener@1069baea, org.springframework.boot.test.autoconfigure.restdocs.RestDocsTestExecutionListener@44ba9865, org.springframework.boot.test.autoconfigure.web.client.MockRestServiceServerResetTestExecutionListener@64027866, org.springframework.boot.test.autoconfigure.web.servlet.MockMvcPrintOnlyOnFailureTestExecutionListener@46b4819c, org.springframework.boot.test.autoconfigure.web.servlet.WebDriverTestExecutionListener@1bd7dd4a, org.springframework.boot.test.autoconfigure.webservices.client.MockWebServiceServerTestExecutionListener@bbe07e5, org.spockframework.spring.SpringMockTestExecutionListener@7c089fbc]
2024-04-21 19:01:24.045  INFO 47082 --- [WebServer 60443] okhttp3.mockwebserver.MockWebServer      : MockWebServer[60443] starting to accept connections
2024-04-21 19:01:24.051  INFO 47082 --- [WebServer 33033] okhttp3.mockwebserver.MockWebServer      : MockWebServer[33033] starting to accept connections
2024-04-21 19:01:24.062  INFO 47082 --- [WebServer 33033] okhttp3.mockwebserver.MockWebServer      : MockWebServer[33033] done accepting connections: Socket closed
2024-04-21 19:01:24.066  INFO 47082 --- [WebServer 38203] okhttp3.mockwebserver.MockWebServer      : MockWebServer[38203] starting to accept connections
2024-04-21 19:01:24.068  INFO 47082 --- [WebServer 48617] okhttp3.mockwebserver.MockWebServer      : MockWebServer[48617] starting to accept connections
2024-04-21 19:01:24.107  WARN 47082 --- [           main] ubernetesProfileEnvironmentPostProcessor : Not running inside kubernetes. Skipping 'kubernetes' profile activation.

  .   ____          _            __ _ _
 /\\ / ___'_ __ _ _(_)_ __  __ _ \ \ \ \
( ( )\___ | '_ | '_| | '_ \/ _` | \ \ \ \
 \\/  ___)| |_)| | | | | || (_| |  ) ) ) )
  '  |____| .__|_| |_|_| |_\__, | / / / /
 =========|_|==============|___/=/_/_/_/
 :: Spring Boot ::                (v2.6.3)

2024-04-21 19:01:24.178  INFO 47082 --- [           main] s.c.k.f.c.Fabric8ConfigMapPropertySource : Loading ConfigMap with name 'application' in namespace 'default'
2024-04-21 19:01:24.181  INFO 47082 --- [127.0.0.1:34034] okhttp3.mockwebserver.MockWebServer      : MockWebServer[60443] received request: GET /api/v1/namespaces/default/configmaps/application HTTP/1.1 and responded: HTTP/1.1 404 Client Error
2024-04-21 19:01:24.183  INFO 47082 --- [           main] o.s.c.k.f.config.Fabric8ConfigUtils      : config-map with name : 'application' not present in namespace : 'default'
2024-04-21 19:01:24.184  INFO 47082 --- [           main] b.c.PropertySourceBootstrapConfiguration : Located property source: [BootstrapPropertySource {name='bootstrapProperties-configmap.application.default'}]
2024-04-21 19:01:24.186  WARN 47082 --- [           main] ubernetesProfileEnvironmentPostProcessor : Not running inside kubernetes. Skipping 'kubernetes' profile activation.
2024-04-21 19:01:24.186  INFO 47082 --- [           main] e.i.cs.testrunner.execution.Executor$    : No active profile set, falling back to default profiles: default
2024-04-21 19:01:24.203  INFO 47082 --- [           main] o.s.cloud.context.scope.GenericScope     : BeanFactory id=9e8f334d-ea3e-3bac-a635-d33d7314ddc7
2024-04-21 19:01:24.208  INFO 47082 --- [           main] e.i.cs.testrunner.execution.Executor$    : Started Executor. in 0.138 seconds (JVM running for 26.944)
2024-04-21 19:01:24.209  INFO 47082 --- [WebServer 48617] okhttp3.mockwebserver.MockWebServer      : MockWebServer[48617] done accepting connections: Socket closed
2024-04-21 19:01:24.213  INFO 47082 --- [           main] .b.t.c.SpringBootTestContextBootstrapper : Neither @ContextConfiguration nor @ContextHierarchy found for test class [org.springframework.cloud.kubernetes.fabric8.config.ConfigMapsWithActiveProfilesNameTests], using SpringBootContextLoader
2024-04-21 19:01:24.213  INFO 47082 --- [           main] o.s.t.c.support.AbstractContextLoader    : Could not detect default resource locations for test class [org.springframework.cloud.kubernetes.fabric8.config.ConfigMapsWithActiveProfilesNameTests]: no resource found for suffixes {-context.xml, Context.groovy}.
2024-04-21 19:01:24.215  INFO 47082 --- [           main] .b.t.c.SpringBootTestContextBootstrapper : Loaded default TestExecutionListener class names from location [META-INF/spring.factories]: [org.springframework.boot.test.mock.mockito.MockitoTestExecutionListener, org.springframework.boot.test.mock.mockito.ResetMocksTestExecutionListener, org.springframework.boot.test.autoconfigure.restdocs.RestDocsTestExecutionListener, org.springframework.boot.test.autoconfigure.web.client.MockRestServiceServerResetTestExecutionListener, org.springframework.boot.test.autoconfigure.web.servlet.MockMvcPrintOnlyOnFailureTestExecutionListener, org.springframework.boot.test.autoconfigure.web.servlet.WebDriverTestExecutionListener, org.springframework.boot.test.autoconfigure.webservices.client.MockWebServiceServerTestExecutionListener, org.springframework.test.context.web.ServletTestExecutionListener, org.springframework.test.context.support.DirtiesContextBeforeModesTestExecutionListener, org.springframework.test.context.event.ApplicationEventsTestExecutionListener, org.springframework.test.context.support.DependencyInjectionTestExecutionListener, org.springframework.test.context.support.DirtiesContextTestExecutionListener, org.springframework.test.context.transaction.TransactionalTestExecutionListener, org.springframework.test.context.jdbc.SqlScriptsTestExecutionListener, org.springframework.test.context.event.EventPublishingTestExecutionListener, org.spockframework.spring.SpringMockTestExecutionListener]
2024-04-21 19:01:24.216  INFO 47082 --- [           main] .b.t.c.SpringBootTestContextBootstrapper : Using TestExecutionListeners: [org.springframework.test.context.web.ServletTestExecutionListener@371fcc18, org.springframework.test.context.support.DirtiesContextBeforeModesTestExecutionListener@2461a62c, org.springframework.test.context.event.ApplicationEventsTestExecutionListener@5172cce4, org.springframework.boot.test.mock.mockito.MockitoTestExecutionListener@47ccb397, org.springframework.boot.test.autoconfigure.SpringBootDependencyInjectionTestExecutionListener@efac87a, org.springframework.test.context.support.DirtiesContextTestExecutionListener@27035f4f, org.springframework.test.context.event.EventPublishingTestExecutionListener@60d1b2a7, org.springframework.boot.test.mock.mockito.ResetMocksTestExecutionListener@42a3e521, org.springframework.boot.test.autoconfigure.restdocs.RestDocsTestExecutionListener@1ac24c17, org.springframework.boot.test.autoconfigure.web.client.MockRestServiceServerResetTestExecutionListener@27868127, org.springframework.boot.test.autoconfigure.web.servlet.MockMvcPrintOnlyOnFailureTestExecutionListener@4a2f4bfa, org.springframework.boot.test.autoconfigure.web.servlet.WebDriverTestExecutionListener@17f83573, org.springframework.boot.test.autoconfigure.webservices.client.MockWebServiceServerTestExecutionListener@1fd2716f, org.spockframework.spring.SpringMockTestExecutionListener@c4e440b]
2024-04-21 19:01:24.217  INFO 47082 --- [WebServer 48579] okhttp3.mockwebserver.MockWebServer      : MockWebServer[48579] starting to accept connections
2024-04-21 19:01:24.221  INFO 47082 --- [127.0.0.1:37504] okhttp3.mockwebserver.MockWebServer      : MockWebServer[48579] received request: POST /api/v1/namespaces/test/configmaps HTTP/1.1 and responded: HTTP/1.1 200 OK
2024-04-21 19:01:24.226  INFO 47082 --- [127.0.0.1:37504] okhttp3.mockwebserver.MockWebServer      : MockWebServer[48579] received request: POST /api/v1/namespaces/test/configmaps HTTP/1.1 and responded: HTTP/1.1 200 OK
2024-04-21 19:01:24.306  WARN 47082 --- [           main] ubernetesProfileEnvironmentPostProcessor : Not running inside kubernetes. Skipping 'kubernetes' profile activation.

  .   ____          _            __ _ _
 /\\ / ___'_ __ _ _(_)_ __  __ _ \ \ \ \
( ( )\___ | '_ | '_| | '_ \/ _` | \ \ \ \
 \\/  ___)| |_)| | | | | || (_| |  ) ) ) )
  '  |____| .__|_| |_|_| |_\__, | / / / /
 =========|_|==============|___/=/_/_/_/
 :: Spring Boot ::                (v2.6.3)

2024-04-21 19:01:24.369  INFO 47082 --- [           main] s.c.k.f.c.Fabric8ConfigMapPropertySource : Loading ConfigMap with name 'configmap-with-active-profile-name-example' in namespace 'test'
2024-04-21 19:01:24.371  INFO 47082 --- [127.0.0.1:37508] okhttp3.mockwebserver.MockWebServer      : MockWebServer[48579] received request: GET /api/v1/namespaces/test/configmaps/configmap-with-active-profile-name-example HTTP/1.1 and responded: HTTP/1.1 200 OK
2024-04-21 19:01:24.376  INFO 47082 --- [127.0.0.1:37508] okhttp3.mockwebserver.MockWebServer      : MockWebServer[48579] received request: GET /api/v1/namespaces/test/configmaps/configmap-with-active-profile-name-example-development HTTP/1.1 and responded: HTTP/1.1 200 OK
2024-04-21 19:01:24.417  INFO 47082 --- [           main] b.c.PropertySourceBootstrapConfiguration : Located property source: [BootstrapPropertySource {name='bootstrapProperties-configmap.configmap-with-active-profile-name-example.test'}]
2024-04-21 19:01:24.421  WARN 47082 --- [           main] ubernetesProfileEnvironmentPostProcessor : Not running inside kubernetes. Skipping 'kubernetes' profile activation.
2024-04-21 19:01:24.421  INFO 47082 --- [           main] .c.ConfigMapsWithActiveProfilesNameTests : The following profiles are active: development
2024-04-21 19:01:24.596  INFO 47082 --- [           main] o.s.cloud.context.scope.GenericScope     : BeanFactory id=affffd22-e438-321b-a0d0-967c2140a2e8
2024-04-21 19:01:24.676  INFO 47082 --- [           main] o.s.b.w.embedded.tomcat.TomcatWebServer  : Tomcat initialized with port(s): 0 (http)
2024-04-21 19:01:24.676  INFO 47082 --- [           main] o.apache.catalina.core.StandardService   : Starting service [Tomcat]
2024-04-21 19:01:24.677  INFO 47082 --- [           main] org.apache.catalina.core.StandardEngine  : Starting Servlet engine: [Apache Tomcat/9.0.56]
2024-04-21 19:01:24.686  INFO 47082 --- [           main] o.a.c.c.C.[Tomcat-9].[localhost].[/]     : Initializing Spring embedded WebApplicationContext
2024-04-21 19:01:24.686  INFO 47082 --- [           main] w.s.c.ServletWebServerApplicationContext : Root WebApplicationContext: initialization completed in 264 ms
2024-04-21 19:01:25.200  INFO 47082 --- [           main] o.s.b.a.e.web.EndpointLinksResolver      : Exposing 1 endpoint(s) beneath base path '/actuator'
2024-04-21 19:01:25.238  INFO 47082 --- [           main] o.s.b.w.embedded.tomcat.TomcatWebServer  : Tomcat started on port(s): 43781 (http) with context path ''
2024-04-21 19:01:25.245  INFO 47082 --- [           main] .c.ConfigMapsWithActiveProfilesNameTests : Started ConfigMapsWithActiveProfilesNameTests in 0.977 seconds (JVM running for 27.98)
2024-04-21 19:01:25.255  INFO 47082 --- [WebServer 51745] okhttp3.mockwebserver.MockWebServer      : MockWebServer[51745] starting to accept connections
2024-04-21 19:01:25.264  INFO 47082 --- [-auto-10-exec-1] o.a.c.c.C.[Tomcat-9].[localhost].[/]     : Initializing Spring DispatcherServlet 'dispatcherServlet'
2024-04-21 19:01:25.264  INFO 47082 --- [-auto-10-exec-1] o.s.web.servlet.DispatcherServlet        : Initializing Servlet 'dispatcherServlet'
2024-04-21 19:01:25.265  INFO 47082 --- [-auto-10-exec-1] o.s.web.servlet.DispatcherServlet        : Completed initialization in 1 ms
2024-04-21 19:01:25.273  INFO 47082 --- [WebServer 51745] okhttp3.mockwebserver.MockWebServer      : MockWebServer[51745] done accepting connections: Socket closed
2024-04-21 19:01:25.278  INFO 47082 --- [           main] .b.t.c.SpringBootTestContextBootstrapper : Neither @ContextConfiguration nor @ContextHierarchy found for test class [org.springframework.cloud.kubernetes.fabric8.config.ConfigMapsMixedTests], using SpringBootContextLoader
2024-04-21 19:01:25.279  INFO 47082 --- [           main] o.s.t.c.support.AbstractContextLoader    : Could not detect default resource locations for test class [org.springframework.cloud.kubernetes.fabric8.config.ConfigMapsMixedTests]: no resource found for suffixes {-context.xml, Context.groovy}.
2024-04-21 19:01:25.282  INFO 47082 --- [           main] .b.t.c.SpringBootTestContextBootstrapper : Loaded default TestExecutionListener class names from location [META-INF/spring.factories]: [org.springframework.boot.test.mock.mockito.MockitoTestExecutionListener, org.springframework.boot.test.mock.mockito.ResetMocksTestExecutionListener, org.springframework.boot.test.autoconfigure.restdocs.RestDocsTestExecutionListener, org.springframework.boot.test.autoconfigure.web.client.MockRestServiceServerResetTestExecutionListener, org.springframework.boot.test.autoconfigure.web.servlet.MockMvcPrintOnlyOnFailureTestExecutionListener, org.springframework.boot.test.autoconfigure.web.servlet.WebDriverTestExecutionListener, org.springframework.boot.test.autoconfigure.webservices.client.MockWebServiceServerTestExecutionListener, org.springframework.test.context.web.ServletTestExecutionListener, org.springframework.test.context.support.DirtiesContextBeforeModesTestExecutionListener, org.springframework.test.context.event.ApplicationEventsTestExecutionListener, org.springframework.test.context.support.DependencyInjectionTestExecutionListener, org.springframework.test.context.support.DirtiesContextTestExecutionListener, org.springframework.test.context.transaction.TransactionalTestExecutionListener, org.springframework.test.context.jdbc.SqlScriptsTestExecutionListener, org.springframework.test.context.event.EventPublishingTestExecutionListener, org.spockframework.spring.SpringMockTestExecutionListener]
2024-04-21 19:01:25.285  INFO 47082 --- [           main] .b.t.c.SpringBootTestContextBootstrapper : Using TestExecutionListeners: [org.springframework.test.context.web.ServletTestExecutionListener@39b8313d, org.springframework.test.context.support.DirtiesContextBeforeModesTestExecutionListener@49bf6f8c, org.springframework.test.context.event.ApplicationEventsTestExecutionListener@b525e3a, org.springframework.boot.test.mock.mockito.MockitoTestExecutionListener@6fffad6d, org.springframework.boot.test.autoconfigure.SpringBootDependencyInjectionTestExecutionListener@17b65876, org.springframework.test.context.support.DirtiesContextTestExecutionListener@25478603, org.springframework.test.context.event.EventPublishingTestExecutionListener@3c7dbf1f, org.springframework.boot.test.mock.mockito.ResetMocksTestExecutionListener@2efbe938, org.springframework.boot.test.autoconfigure.restdocs.RestDocsTestExecutionListener@bab7179, org.springframework.boot.test.autoconfigure.web.client.MockRestServiceServerResetTestExecutionListener@12459991, org.springframework.boot.test.autoconfigure.web.servlet.MockMvcPrintOnlyOnFailureTestExecutionListener@43114981, org.springframework.boot.test.autoconfigure.web.servlet.WebDriverTestExecutionListener@3252daf2, org.springframework.boot.test.autoconfigure.webservices.client.MockWebServiceServerTestExecutionListener@62225578, org.spockframework.spring.SpringMockTestExecutionListener@5c15d1bc]
2024-04-21 19:01:25.286  INFO 47082 --- [WebServer 50371] okhttp3.mockwebserver.MockWebServer      : MockWebServer[50371] starting to accept connections
2024-04-21 19:01:25.290  INFO 47082 --- [127.0.0.1:51278] okhttp3.mockwebserver.MockWebServer      : MockWebServer[50371] received request: POST /api/v1/namespaces/test/configmaps HTTP/1.1 and responded: HTTP/1.1 200 OK
2024-04-21 19:01:25.330  WARN 47082 --- [           main] ubernetesProfileEnvironmentPostProcessor : Not running inside kubernetes. Skipping 'kubernetes' profile activation.

  .   ____          _            __ _ _
 /\\ / ___'_ __ _ _(_)_ __  __ _ \ \ \ \
( ( )\___ | '_ | '_| | '_ \/ _` | \ \ \ \
 \\/  ___)| |_)| | | | | || (_| |  ) ) ) )
  '  |____| .__|_| |_|_| |_\__, | / / / /
 =========|_|==============|___/=/_/_/_/
 :: Spring Boot ::                (v2.6.3)

2024-04-21 19:01:25.426  INFO 47082 --- [           main] s.c.k.f.c.Fabric8ConfigMapPropertySource : Loading ConfigMap with name 'configmap-mixed-example' in namespace 'test'
2024-04-21 19:01:25.429  INFO 47082 --- [127.0.0.1:51280] okhttp3.mockwebserver.MockWebServer      : MockWebServer[50371] received request: GET /api/v1/namespaces/test/configmaps/configmap-mixed-example HTTP/1.1 and responded: HTTP/1.1 200 OK
2024-04-21 19:01:25.433  INFO 47082 --- [           main] b.c.PropertySourceBootstrapConfiguration : Located property source: [BootstrapPropertySource {name='bootstrapProperties-/tmp/scktests/application-path.yaml'}, BootstrapPropertySource {name='bootstrapProperties-configmap.configmap-mixed-example.test'}]
2024-04-21 19:01:25.436  WARN 47082 --- [           main] ubernetesProfileEnvironmentPostProcessor : Not running inside kubernetes. Skipping 'kubernetes' profile activation.
2024-04-21 19:01:25.437  INFO 47082 --- [           main] o.s.c.k.f.config.ConfigMapsMixedTests    : No active profile set, falling back to default profiles: default
2024-04-21 19:01:25.597  INFO 47082 --- [           main] o.s.cloud.context.scope.GenericScope     : BeanFactory id=e369cf40-d234-36e2-a4dc-38329760186f
2024-04-21 19:01:25.687  INFO 47082 --- [           main] o.s.b.w.embedded.tomcat.TomcatWebServer  : Tomcat initialized with port(s): 0 (http)
2024-04-21 19:01:25.688  INFO 47082 --- [           main] o.apache.catalina.core.StandardService   : Starting service [Tomcat]
2024-04-21 19:01:25.688  INFO 47082 --- [           main] org.apache.catalina.core.StandardEngine  : Starting Servlet engine: [Apache Tomcat/9.0.56]
2024-04-21 19:01:25.697  INFO 47082 --- [           main] o.a.c.c.C.[Tomcat-10].[localhost].[/]    : Initializing Spring embedded WebApplicationContext
2024-04-21 19:01:25.697  INFO 47082 --- [           main] w.s.c.ServletWebServerApplicationContext : Root WebApplicationContext: initialization completed in 259 ms
2024-04-21 19:01:26.562  INFO 47082 --- [           main] o.s.b.a.e.web.EndpointLinksResolver      : Exposing 1 endpoint(s) beneath base path '/actuator'
2024-04-21 19:01:26.596  INFO 47082 --- [           main] o.s.b.w.embedded.tomcat.TomcatWebServer  : Tomcat started on port(s): 37263 (http) with context path ''
2024-04-21 19:01:26.601  INFO 47082 --- [           main] o.s.c.k.f.config.ConfigMapsMixedTests    : Started ConfigMapsMixedTests in 1.31 seconds (JVM running for 29.337)
2024-04-21 19:01:26.610  INFO 47082 --- [WebServer 40801] okhttp3.mockwebserver.MockWebServer      : MockWebServer[40801] starting to accept connections
2024-04-21 19:01:26.616  INFO 47082 --- [-auto-11-exec-1] o.a.c.c.C.[Tomcat-10].[localhost].[/]    : Initializing Spring DispatcherServlet 'dispatcherServlet'
2024-04-21 19:01:26.617  INFO 47082 --- [-auto-11-exec-1] o.s.web.servlet.DispatcherServlet        : Initializing Servlet 'dispatcherServlet'
2024-04-21 19:01:26.618  INFO 47082 --- [-auto-11-exec-1] o.s.web.servlet.DispatcherServlet        : Completed initialization in 1 ms
2024-04-21 19:01:26.627  INFO 47082 --- [WebServer 40801] okhttp3.mockwebserver.MockWebServer      : MockWebServer[40801] done accepting connections: Socket closed
2024-04-21 19:01:26.629  INFO 47082 --- [           main] .b.t.c.SpringBootTestContextBootstrapper : Neither @ContextConfiguration nor @ContextHierarchy found for test class [org.springframework.cloud.kubernetes.fabric8.config.ConfigMapWithPrefixTests], using SpringBootContextLoader
2024-04-21 19:01:26.630  INFO 47082 --- [           main] o.s.t.c.support.AbstractContextLoader    : Could not detect default resource locations for test class [org.springframework.cloud.kubernetes.fabric8.config.ConfigMapWithPrefixTests]: no resource found for suffixes {-context.xml, Context.groovy}.
2024-04-21 19:01:26.632  INFO 47082 --- [           main] .b.t.c.SpringBootTestContextBootstrapper : Loaded default TestExecutionListener class names from location [META-INF/spring.factories]: [org.springframework.boot.test.mock.mockito.MockitoTestExecutionListener, org.springframework.boot.test.mock.mockito.ResetMocksTestExecutionListener, org.springframework.boot.test.autoconfigure.restdocs.RestDocsTestExecutionListener, org.springframework.boot.test.autoconfigure.web.client.MockRestServiceServerResetTestExecutionListener, org.springframework.boot.test.autoconfigure.web.servlet.MockMvcPrintOnlyOnFailureTestExecutionListener, org.springframework.boot.test.autoconfigure.web.servlet.WebDriverTestExecutionListener, org.springframework.boot.test.autoconfigure.webservices.client.MockWebServiceServerTestExecutionListener, org.springframework.test.context.web.ServletTestExecutionListener, org.springframework.test.context.support.DirtiesContextBeforeModesTestExecutionListener, org.springframework.test.context.event.ApplicationEventsTestExecutionListener, org.springframework.test.context.support.DependencyInjectionTestExecutionListener, org.springframework.test.context.support.DirtiesContextTestExecutionListener, org.springframework.test.context.transaction.TransactionalTestExecutionListener, org.springframework.test.context.jdbc.SqlScriptsTestExecutionListener, org.springframework.test.context.event.EventPublishingTestExecutionListener, org.spockframework.spring.SpringMockTestExecutionListener]
2024-04-21 19:01:26.633  INFO 47082 --- [           main] .b.t.c.SpringBootTestContextBootstrapper : Using TestExecutionListeners: [org.springframework.test.context.web.ServletTestExecutionListener@5bf52832, org.springframework.test.context.support.DirtiesContextBeforeModesTestExecutionListener@7df0a05b, org.springframework.test.context.event.ApplicationEventsTestExecutionListener@485c31d7, org.springframework.boot.test.mock.mockito.MockitoTestExecutionListener@60c2c500, org.springframework.boot.test.autoconfigure.SpringBootDependencyInjectionTestExecutionListener@1204d592, org.springframework.test.context.support.DirtiesContextTestExecutionListener@6a8e4df1, org.springframework.test.context.event.EventPublishingTestExecutionListener@43f50bfe, org.springframework.boot.test.mock.mockito.ResetMocksTestExecutionListener@35e92c45, org.springframework.boot.test.autoconfigure.restdocs.RestDocsTestExecutionListener@1f5d72f, org.springframework.boot.test.autoconfigure.web.client.MockRestServiceServerResetTestExecutionListener@198cf325, org.springframework.boot.test.autoconfigure.web.servlet.MockMvcPrintOnlyOnFailureTestExecutionListener@72cdb111, org.springframework.boot.test.autoconfigure.web.servlet.WebDriverTestExecutionListener@eba3009, org.springframework.boot.test.autoconfigure.webservices.client.MockWebServiceServerTestExecutionListener@2159c25e, org.spockframework.spring.SpringMockTestExecutionListener@5fb2088b]
2024-04-21 19:01:26.635  INFO 47082 --- [WebServer 53659] okhttp3.mockwebserver.MockWebServer      : MockWebServer[53659] starting to accept connections
2024-04-21 19:01:26.638  INFO 47082 --- [127.0.0.1:41866] okhttp3.mockwebserver.MockWebServer      : MockWebServer[53659] received request: POST /api/v1/namespaces/spring-k8s/configmaps HTTP/1.1 and responded: HTTP/1.1 200 OK
2024-04-21 19:01:26.641  INFO 47082 --- [127.0.0.1:41866] okhttp3.mockwebserver.MockWebServer      : MockWebServer[53659] received request: POST /api/v1/namespaces/spring-k8s/configmaps HTTP/1.1 and responded: HTTP/1.1 200 OK
2024-04-21 19:01:26.687  INFO 47082 --- [127.0.0.1:41866] okhttp3.mockwebserver.MockWebServer      : MockWebServer[53659] received request: POST /api/v1/namespaces/spring-k8s/configmaps HTTP/1.1 and responded: HTTP/1.1 200 OK
2024-04-21 19:01:26.740  INFO 47082 --- [WebServer 42303] okhttp3.mockwebserver.MockWebServer      : MockWebServer[42303] starting to accept connections
2024-04-21 19:01:26.764  INFO 47082 --- [WebServer 42303] okhttp3.mockwebserver.MockWebServer      : MockWebServer[42303] done accepting connections: Socket closed
2024-04-21 19:01:26.770  INFO 47082 --- [           main] .b.t.c.SpringBootTestContextBootstrapper : Neither @ContextConfiguration nor @ContextHierarchy found for test class [org.springframework.cloud.kubernetes.fabric8.config.ConfigMapWithPrefixTests], using SpringBootContextLoader
2024-04-21 19:01:26.771  INFO 47082 --- [           main] o.s.t.c.support.AbstractContextLoader    : Could not detect default resource locations for test class [org.springframework.cloud.kubernetes.fabric8.config.ConfigMapWithPrefixTests]: no resource found for suffixes {-context.xml, Context.groovy}.
2024-04-21 19:01:26.774  INFO 47082 --- [           main] .b.t.c.SpringBootTestContextBootstrapper : Loaded default TestExecutionListener class names from location [META-INF/spring.factories]: [org.springframework.boot.test.mock.mockito.MockitoTestExecutionListener, org.springframework.boot.test.mock.mockito.ResetMocksTestExecutionListener, org.springframework.boot.test.autoconfigure.restdocs.RestDocsTestExecutionListener, org.springframework.boot.test.autoconfigure.web.client.MockRestServiceServerResetTestExecutionListener, org.springframework.boot.test.autoconfigure.web.servlet.MockMvcPrintOnlyOnFailureTestExecutionListener, org.springframework.boot.test.autoconfigure.web.servlet.WebDriverTestExecutionListener, org.springframework.boot.test.autoconfigure.webservices.client.MockWebServiceServerTestExecutionListener, org.springframework.test.context.web.ServletTestExecutionListener, org.springframework.test.context.support.DirtiesContextBeforeModesTestExecutionListener, org.springframework.test.context.event.ApplicationEventsTestExecutionListener, org.springframework.test.context.support.DependencyInjectionTestExecutionListener, org.springframework.test.context.support.DirtiesContextTestExecutionListener, org.springframework.test.context.transaction.TransactionalTestExecutionListener, org.springframework.test.context.jdbc.SqlScriptsTestExecutionListener, org.springframework.test.context.event.EventPublishingTestExecutionListener, org.spockframework.spring.SpringMockTestExecutionListener]
2024-04-21 19:01:26.776  INFO 47082 --- [           main] .b.t.c.SpringBootTestContextBootstrapper : Using TestExecutionListeners: [org.springframework.test.context.web.ServletTestExecutionListener@28ee138c, org.springframework.test.context.support.DirtiesContextBeforeModesTestExecutionListener@3683c47f, org.springframework.test.context.event.ApplicationEventsTestExecutionListener@84fd359, org.springframework.boot.test.mock.mockito.MockitoTestExecutionListener@41c77559, org.springframework.boot.test.autoconfigure.SpringBootDependencyInjectionTestExecutionListener@196d7c9e, org.springframework.test.context.support.DirtiesContextTestExecutionListener@31e5f3f0, org.springframework.test.context.event.EventPublishingTestExecutionListener@47c62b8e, org.springframework.boot.test.mock.mockito.ResetMocksTestExecutionListener@3dd1f392, org.springframework.boot.test.autoconfigure.restdocs.RestDocsTestExecutionListener@4faaf13a, org.springframework.boot.test.autoconfigure.web.client.MockRestServiceServerResetTestExecutionListener@514ee14c, org.springframework.boot.test.autoconfigure.web.servlet.MockMvcPrintOnlyOnFailureTestExecutionListener@27a22ab0, org.springframework.boot.test.autoconfigure.web.servlet.WebDriverTestExecutionListener@155d00b5, org.springframework.boot.test.autoconfigure.webservices.client.MockWebServiceServerTestExecutionListener@de61005, org.spockframework.spring.SpringMockTestExecutionListener@2b84d474]
2024-04-21 19:01:26.780  INFO 47082 --- [WebServer 58815] okhttp3.mockwebserver.MockWebServer      : MockWebServer[58815] starting to accept connections
2024-04-21 19:01:26.786  INFO 47082 --- [127.0.0.1:35002] okhttp3.mockwebserver.MockWebServer      : MockWebServer[58815] received request: POST /api/v1/namespaces/spring-k8s/configmaps HTTP/1.1 and responded: HTTP/1.1 200 OK
2024-04-21 19:01:26.792  INFO 47082 --- [127.0.0.1:35002] okhttp3.mockwebserver.MockWebServer      : MockWebServer[58815] received request: POST /api/v1/namespaces/spring-k8s/configmaps HTTP/1.1 and responded: HTTP/1.1 200 OK
2024-04-21 19:01:26.841  INFO 47082 --- [127.0.0.1:35002] okhttp3.mockwebserver.MockWebServer      : MockWebServer[58815] received request: POST /api/v1/namespaces/spring-k8s/configmaps HTTP/1.1 and responded: HTTP/1.1 200 OK
2024-04-21 19:01:26.890  INFO 47082 --- [WebServer 37483] okhttp3.mockwebserver.MockWebServer      : MockWebServer[37483] starting to accept connections
2024-04-21 19:01:26.909  INFO 47082 --- [WebServer 37483] okhttp3.mockwebserver.MockWebServer      : MockWebServer[37483] done accepting connections: Socket closed
2024-04-21 19:01:26.916  INFO 47082 --- [           main] .b.t.c.SpringBootTestContextBootstrapper : Neither @ContextConfiguration nor @ContextHierarchy found for test class [org.springframework.cloud.kubernetes.fabric8.config.HealthIndicatorTest], using SpringBootContextLoader
2024-04-21 19:01:26.918  INFO 47082 --- [           main] o.s.t.c.support.AbstractContextLoader    : Could not detect default resource locations for test class [org.springframework.cloud.kubernetes.fabric8.config.HealthIndicatorTest]: no resource found for suffixes {-context.xml, Context.groovy}.
2024-04-21 19:01:26.921  INFO 47082 --- [           main] .b.t.c.SpringBootTestContextBootstrapper : Loaded default TestExecutionListener class names from location [META-INF/spring.factories]: [org.springframework.boot.test.mock.mockito.MockitoTestExecutionListener, org.springframework.boot.test.mock.mockito.ResetMocksTestExecutionListener, org.springframework.boot.test.autoconfigure.restdocs.RestDocsTestExecutionListener, org.springframework.boot.test.autoconfigure.web.client.MockRestServiceServerResetTestExecutionListener, org.springframework.boot.test.autoconfigure.web.servlet.MockMvcPrintOnlyOnFailureTestExecutionListener, org.springframework.boot.test.autoconfigure.web.servlet.WebDriverTestExecutionListener, org.springframework.boot.test.autoconfigure.webservices.client.MockWebServiceServerTestExecutionListener, org.springframework.test.context.web.ServletTestExecutionListener, org.springframework.test.context.support.DirtiesContextBeforeModesTestExecutionListener, org.springframework.test.context.event.ApplicationEventsTestExecutionListener, org.springframework.test.context.support.DependencyInjectionTestExecutionListener, org.springframework.test.context.support.DirtiesContextTestExecutionListener, org.springframework.test.context.transaction.TransactionalTestExecutionListener, org.springframework.test.context.jdbc.SqlScriptsTestExecutionListener, org.springframework.test.context.event.EventPublishingTestExecutionListener, org.spockframework.spring.SpringMockTestExecutionListener]
2024-04-21 19:01:26.924  INFO 47082 --- [           main] .b.t.c.SpringBootTestContextBootstrapper : Using TestExecutionListeners: [org.springframework.test.context.web.ServletTestExecutionListener@caf0e10, org.springframework.test.context.support.DirtiesContextBeforeModesTestExecutionListener@99c5646, org.springframework.test.context.event.ApplicationEventsTestExecutionListener@3bf6c2ae, org.springframework.boot.test.mock.mockito.MockitoTestExecutionListener@44c1ce5a, org.springframework.boot.test.autoconfigure.SpringBootDependencyInjectionTestExecutionListener@306a875c, org.springframework.test.context.support.DirtiesContextTestExecutionListener@5bafd971, org.springframework.test.context.event.EventPublishingTestExecutionListener@56418318, org.springframework.boot.test.mock.mockito.ResetMocksTestExecutionListener@1c382494, org.springframework.boot.test.autoconfigure.restdocs.RestDocsTestExecutionListener@788c0028, org.springframework.boot.test.autoconfigure.web.client.MockRestServiceServerResetTestExecutionListener@5dcd3a19, org.springframework.boot.test.autoconfigure.web.servlet.MockMvcPrintOnlyOnFailureTestExecutionListener@7ce2bfb, org.springframework.boot.test.autoconfigure.web.servlet.WebDriverTestExecutionListener@5a8fb312, org.springframework.boot.test.autoconfigure.webservices.client.MockWebServiceServerTestExecutionListener@421a752b, org.spockframework.spring.SpringMockTestExecutionListener@76339283]
2024-04-21 19:01:26.928  INFO 47082 --- [WebServer 58585] okhttp3.mockwebserver.MockWebServer      : MockWebServer[58585] starting to accept connections
2024-04-21 19:01:26.989  WARN 47082 --- [           main] ubernetesProfileEnvironmentPostProcessor : Not running inside kubernetes. Skipping 'kubernetes' profile activation.

  .   ____          _            __ _ _
 /\\ / ___'_ __ _ _(_)_ __  __ _ \ \ \ \
( ( )\___ | '_ | '_| | '_ \/ _` | \ \ \ \
 \\/  ___)| |_)| | | | | || (_| |  ) ) ) )
  '  |____| .__|_| |_|_| |_\__, | / / / /
 =========|_|==============|___/=/_/_/_/
 :: Spring Boot ::                (v2.6.3)

2024-04-21 19:01:27.043  WARN 47082 --- [           main] ubernetesProfileEnvironmentPostProcessor : Not running inside kubernetes. Skipping 'kubernetes' profile activation.
2024-04-21 19:01:27.044  INFO 47082 --- [           main] o.s.c.k.f.config.HealthIndicatorTest     : No active profile set, falling back to default profiles: default
2024-04-21 19:01:27.180  INFO 47082 --- [           main] o.s.cloud.context.scope.GenericScope     : BeanFactory id=cf6232b6-8180-3b95-aacc-818afebc75eb
2024-04-21 19:01:27.280  INFO 47082 --- [           main] o.s.b.w.embedded.tomcat.TomcatWebServer  : Tomcat initialized with port(s): 0 (http)
2024-04-21 19:01:27.281  INFO 47082 --- [           main] o.apache.catalina.core.StandardService   : Starting service [Tomcat]
2024-04-21 19:01:27.281  INFO 47082 --- [           main] org.apache.catalina.core.StandardEngine  : Starting Servlet engine: [Apache Tomcat/9.0.56]
2024-04-21 19:01:27.290  INFO 47082 --- [           main] o.a.c.c.C.[Tomcat-11].[localhost].[/]    : Initializing Spring embedded WebApplicationContext
2024-04-21 19:01:27.290  INFO 47082 --- [           main] w.s.c.ServletWebServerApplicationContext : Root WebApplicationContext: initialization completed in 245 ms
2024-04-21 19:01:27.852  INFO 47082 --- [           main] o.s.b.a.e.web.EndpointLinksResolver      : Exposing 1 endpoint(s) beneath base path '/actuator'
2024-04-21 19:01:27.898  INFO 47082 --- [           main] o.s.b.w.embedded.tomcat.TomcatWebServer  : Tomcat started on port(s): 34177 (http) with context path ''
2024-04-21 19:01:27.903  INFO 47082 --- [           main] o.s.c.k.f.config.HealthIndicatorTest     : Started HealthIndicatorTest in 0.972 seconds (JVM running for 30.638)
2024-04-21 19:01:27.910  INFO 47082 --- [WebServer 39273] okhttp3.mockwebserver.MockWebServer      : MockWebServer[39273] starting to accept connections
2024-04-21 19:01:27.919  INFO 47082 --- [-auto-12-exec-1] o.a.c.c.C.[Tomcat-11].[localhost].[/]    : Initializing Spring DispatcherServlet 'dispatcherServlet'
2024-04-21 19:01:27.919  INFO 47082 --- [-auto-12-exec-1] o.s.web.servlet.DispatcherServlet        : Initializing Servlet 'dispatcherServlet'
2024-04-21 19:01:27.920  INFO 47082 --- [-auto-12-exec-1] o.s.web.servlet.DispatcherServlet        : Completed initialization in 1 ms
2024-04-21 19:01:27.935  INFO 47082 --- [WebServer 39273] okhttp3.mockwebserver.MockWebServer      : MockWebServer[39273] done accepting connections: Socket closed
2024-04-21 19:01:27.939  INFO 47082 --- [WebServer 48019] okhttp3.mockwebserver.MockWebServer      : MockWebServer[48019] starting to accept connections
2024-04-21 19:01:27.942  INFO 47082 --- [WebServer 57781] okhttp3.mockwebserver.MockWebServer      : MockWebServer[57781] starting to accept connections
2024-04-21 19:01:27.988  WARN 47082 --- [           main] ubernetesProfileEnvironmentPostProcessor : Not running inside kubernetes. Skipping 'kubernetes' profile activation.

  .   ____          _            __ _ _
 /\\ / ___'_ __ _ _(_)_ __  __ _ \ \ \ \
( ( )\___ | '_ | '_| | '_ \/ _` | \ \ \ \
 \\/  ___)| |_)| | | | | || (_| |  ) ) ) )
  '  |____| .__|_| |_|_| |_\__, | / / / /
 =========|_|==============|___/=/_/_/_/
 :: Spring Boot ::                (v2.6.3)

2024-04-21 19:01:28.051  INFO 47082 --- [           main] s.c.k.f.c.Fabric8ConfigMapPropertySource : Loading ConfigMap with name 'application' in namespace 'default'
2024-04-21 19:01:28.054  INFO 47082 --- [127.0.0.1:52718] okhttp3.mockwebserver.MockWebServer      : MockWebServer[58585] received request: GET /api/v1/namespaces/default/configmaps/application HTTP/1.1 and responded: HTTP/1.1 404 Client Error
2024-04-21 19:01:28.058  INFO 47082 --- [           main] o.s.c.k.f.config.Fabric8ConfigUtils      : config-map with name : 'application' not present in namespace : 'default'
2024-04-21 19:01:28.058  INFO 47082 --- [           main] b.c.PropertySourceBootstrapConfiguration : Located property source: [BootstrapPropertySource {name='bootstrapProperties-configmap.application.default'}]
2024-04-21 19:01:28.060  WARN 47082 --- [           main] ubernetesProfileEnvironmentPostProcessor : Not running inside kubernetes. Skipping 'kubernetes' profile activation.
2024-04-21 19:01:28.060  INFO 47082 --- [           main] e.i.cs.testrunner.execution.Executor$    : No active profile set, falling back to default profiles: default
2024-04-21 19:01:28.070  INFO 47082 --- [           main] o.s.cloud.context.scope.GenericScope     : BeanFactory id=9e8f334d-ea3e-3bac-a635-d33d7314ddc7
2024-04-21 19:01:28.074  INFO 47082 --- [           main] e.i.cs.testrunner.execution.Executor$    : Started Executor. in 0.131 seconds (JVM running for 30.809)
2024-04-21 19:01:28.075  INFO 47082 --- [WebServer 57781] okhttp3.mockwebserver.MockWebServer      : MockWebServer[57781] done accepting connections: Socket closed
2024-04-21 19:01:28.078  INFO 47082 --- [           main] .b.t.c.SpringBootTestContextBootstrapper : Neither @ContextConfiguration nor @ContextHierarchy found for test class [org.springframework.cloud.kubernetes.fabric8.config.ConfigMapsFromFilePathsTests], using SpringBootContextLoader
2024-04-21 19:01:28.079  INFO 47082 --- [           main] o.s.t.c.support.AbstractContextLoader    : Could not detect default resource locations for test class [org.springframework.cloud.kubernetes.fabric8.config.ConfigMapsFromFilePathsTests]: no resource found for suffixes {-context.xml, Context.groovy}.
2024-04-21 19:01:28.080  INFO 47082 --- [           main] .b.t.c.SpringBootTestContextBootstrapper : Loaded default TestExecutionListener class names from location [META-INF/spring.factories]: [org.springframework.boot.test.mock.mockito.MockitoTestExecutionListener, org.springframework.boot.test.mock.mockito.ResetMocksTestExecutionListener, org.springframework.boot.test.autoconfigure.restdocs.RestDocsTestExecutionListener, org.springframework.boot.test.autoconfigure.web.client.MockRestServiceServerResetTestExecutionListener, org.springframework.boot.test.autoconfigure.web.servlet.MockMvcPrintOnlyOnFailureTestExecutionListener, org.springframework.boot.test.autoconfigure.web.servlet.WebDriverTestExecutionListener, org.springframework.boot.test.autoconfigure.webservices.client.MockWebServiceServerTestExecutionListener, org.springframework.test.context.web.ServletTestExecutionListener, org.springframework.test.context.support.DirtiesContextBeforeModesTestExecutionListener, org.springframework.test.context.event.ApplicationEventsTestExecutionListener, org.springframework.test.context.support.DependencyInjectionTestExecutionListener, org.springframework.test.context.support.DirtiesContextTestExecutionListener, org.springframework.test.context.transaction.TransactionalTestExecutionListener, org.springframework.test.context.jdbc.SqlScriptsTestExecutionListener, org.springframework.test.context.event.EventPublishingTestExecutionListener, org.spockframework.spring.SpringMockTestExecutionListener]
2024-04-21 19:01:28.082  INFO 47082 --- [           main] .b.t.c.SpringBootTestContextBootstrapper : Using TestExecutionListeners: [org.springframework.test.context.web.ServletTestExecutionListener@6d0e90d5, org.springframework.test.context.support.DirtiesContextBeforeModesTestExecutionListener@1276caf2, org.springframework.test.context.event.ApplicationEventsTestExecutionListener@48c7773, org.springframework.boot.test.mock.mockito.MockitoTestExecutionListener@306ea73f, org.springframework.boot.test.autoconfigure.SpringBootDependencyInjectionTestExecutionListener@29ff01df, org.springframework.test.context.support.DirtiesContextTestExecutionListener@dfa6f48, org.springframework.test.context.event.EventPublishingTestExecutionListener@6aaaa66b, org.springframework.boot.test.mock.mockito.ResetMocksTestExecutionListener@2f38b35e, org.springframework.boot.test.autoconfigure.restdocs.RestDocsTestExecutionListener@7e98be9f, org.springframework.boot.test.autoconfigure.web.client.MockRestServiceServerResetTestExecutionListener@20461e2b, org.springframework.boot.test.autoconfigure.web.servlet.MockMvcPrintOnlyOnFailureTestExecutionListener@1f607db6, org.springframework.boot.test.autoconfigure.web.servlet.WebDriverTestExecutionListener@75288f47, org.springframework.boot.test.autoconfigure.webservices.client.MockWebServiceServerTestExecutionListener@4effab3b, org.spockframework.spring.SpringMockTestExecutionListener@5e584389]
2024-04-21 19:01:28.084  INFO 47082 --- [WebServer 37897] okhttp3.mockwebserver.MockWebServer      : MockWebServer[37897] starting to accept connections
2024-04-21 19:01:28.089  INFO 47082 --- [WebServer 55711] okhttp3.mockwebserver.MockWebServer      : MockWebServer[55711] starting to accept connections
2024-04-21 19:01:28.099  INFO 47082 --- [WebServer 55711] okhttp3.mockwebserver.MockWebServer      : MockWebServer[55711] done accepting connections: Socket closed
2024-04-21 19:01:28.103  INFO 47082 --- [           main] .b.t.c.SpringBootTestContextBootstrapper : Neither @ContextConfiguration nor @ContextHierarchy found for test class [org.springframework.cloud.kubernetes.fabric8.config.MultipleConfigMapsTests], using SpringBootContextLoader
2024-04-21 19:01:28.104  INFO 47082 --- [           main] o.s.t.c.support.AbstractContextLoader    : Could not detect default resource locations for test class [org.springframework.cloud.kubernetes.fabric8.config.MultipleConfigMapsTests]: no resource found for suffixes {-context.xml, Context.groovy}.
2024-04-21 19:01:28.106  INFO 47082 --- [           main] .b.t.c.SpringBootTestContextBootstrapper : Loaded default TestExecutionListener class names from location [META-INF/spring.factories]: [org.springframework.boot.test.mock.mockito.MockitoTestExecutionListener, org.springframework.boot.test.mock.mockito.ResetMocksTestExecutionListener, org.springframework.boot.test.autoconfigure.restdocs.RestDocsTestExecutionListener, org.springframework.boot.test.autoconfigure.web.client.MockRestServiceServerResetTestExecutionListener, org.springframework.boot.test.autoconfigure.web.servlet.MockMvcPrintOnlyOnFailureTestExecutionListener, org.springframework.boot.test.autoconfigure.web.servlet.WebDriverTestExecutionListener, org.springframework.boot.test.autoconfigure.webservices.client.MockWebServiceServerTestExecutionListener, org.springframework.test.context.web.ServletTestExecutionListener, org.springframework.test.context.support.DirtiesContextBeforeModesTestExecutionListener, org.springframework.test.context.event.ApplicationEventsTestExecutionListener, org.springframework.test.context.support.DependencyInjectionTestExecutionListener, org.springframework.test.context.support.DirtiesContextTestExecutionListener, org.springframework.test.context.transaction.TransactionalTestExecutionListener, org.springframework.test.context.jdbc.SqlScriptsTestExecutionListener, org.springframework.test.context.event.EventPublishingTestExecutionListener, org.spockframework.spring.SpringMockTestExecutionListener]
2024-04-21 19:01:28.107  INFO 47082 --- [           main] .b.t.c.SpringBootTestContextBootstrapper : Using TestExecutionListeners: [org.springframework.test.context.web.ServletTestExecutionListener@38c86702, org.springframework.test.context.support.DirtiesContextBeforeModesTestExecutionListener@5bd390b, org.springframework.test.context.event.ApplicationEventsTestExecutionListener@61e23a44, org.springframework.boot.test.mock.mockito.MockitoTestExecutionListener@283dd82a, org.springframework.boot.test.autoconfigure.SpringBootDependencyInjectionTestExecutionListener@53365a58, org.springframework.test.context.support.DirtiesContextTestExecutionListener@3f2f5454, org.springframework.test.context.event.EventPublishingTestExecutionListener@4f6f69ef, org.springframework.boot.test.mock.mockito.ResetMocksTestExecutionListener@95504a0, org.springframework.boot.test.autoconfigure.restdocs.RestDocsTestExecutionListener@68d07b48, org.springframework.boot.test.autoconfigure.web.client.MockRestServiceServerResetTestExecutionListener@2d980ff2, org.springframework.boot.test.autoconfigure.web.servlet.MockMvcPrintOnlyOnFailureTestExecutionListener@190c2bbf, org.springframework.boot.test.autoconfigure.web.servlet.WebDriverTestExecutionListener@38dd5c3a, org.springframework.boot.test.autoconfigure.webservices.client.MockWebServiceServerTestExecutionListener@533c7a52, org.spockframework.spring.SpringMockTestExecutionListener@3eb60858]
2024-04-21 19:01:28.110  INFO 47082 --- [WebServer 35513] okhttp3.mockwebserver.MockWebServer      : MockWebServer[35513] starting to accept connections
2024-04-21 19:01:28.113  INFO 47082 --- [127.0.0.1:55264] okhttp3.mockwebserver.MockWebServer      : MockWebServer[35513] received request: POST /api/v1/namespaces/defnamespace/configmaps HTTP/1.1 and responded: HTTP/1.1 200 OK
2024-04-21 19:01:28.117  INFO 47082 --- [127.0.0.1:55264] okhttp3.mockwebserver.MockWebServer      : MockWebServer[35513] received request: POST /api/v1/namespaces/s2/configmaps HTTP/1.1 and responded: HTTP/1.1 200 OK
2024-04-21 19:01:28.162  INFO 47082 --- [127.0.0.1:55264] okhttp3.mockwebserver.MockWebServer      : MockWebServer[35513] received request: POST /api/v1/namespaces/othernamespace/configmaps HTTP/1.1 and responded: HTTP/1.1 200 OK
2024-04-21 19:01:28.211  INFO 47082 --- [WebServer 39709] okhttp3.mockwebserver.MockWebServer      : MockWebServer[39709] starting to accept connections
2024-04-21 19:01:28.237  INFO 47082 --- [WebServer 39709] okhttp3.mockwebserver.MockWebServer      : MockWebServer[39709] done accepting connections: Socket closed
2024-04-21 19:01:28.247  INFO 47082 --- [           main] .b.t.c.SpringBootTestContextBootstrapper : Neither @ContextConfiguration nor @ContextHierarchy found for test class [org.springframework.cloud.kubernetes.fabric8.config.ConfigMapsWithoutProfilesTests], using SpringBootContextLoader
2024-04-21 19:01:28.248  INFO 47082 --- [           main] o.s.t.c.support.AbstractContextLoader    : Could not detect default resource locations for test class [org.springframework.cloud.kubernetes.fabric8.config.ConfigMapsWithoutProfilesTests]: no resource found for suffixes {-context.xml, Context.groovy}.
2024-04-21 19:01:28.253  INFO 47082 --- [           main] .b.t.c.SpringBootTestContextBootstrapper : Loaded default TestExecutionListener class names from location [META-INF/spring.factories]: [org.springframework.boot.test.mock.mockito.MockitoTestExecutionListener, org.springframework.boot.test.mock.mockito.ResetMocksTestExecutionListener, org.springframework.boot.test.autoconfigure.restdocs.RestDocsTestExecutionListener, org.springframework.boot.test.autoconfigure.web.client.MockRestServiceServerResetTestExecutionListener, org.springframework.boot.test.autoconfigure.web.servlet.MockMvcPrintOnlyOnFailureTestExecutionListener, org.springframework.boot.test.autoconfigure.web.servlet.WebDriverTestExecutionListener, org.springframework.boot.test.autoconfigure.webservices.client.MockWebServiceServerTestExecutionListener, org.springframework.test.context.web.ServletTestExecutionListener, org.springframework.test.context.support.DirtiesContextBeforeModesTestExecutionListener, org.springframework.test.context.event.ApplicationEventsTestExecutionListener, org.springframework.test.context.support.DependencyInjectionTestExecutionListener, org.springframework.test.context.support.DirtiesContextTestExecutionListener, org.springframework.test.context.transaction.TransactionalTestExecutionListener, org.springframework.test.context.jdbc.SqlScriptsTestExecutionListener, org.springframework.test.context.event.EventPublishingTestExecutionListener, org.spockframework.spring.SpringMockTestExecutionListener]
2024-04-21 19:01:28.255  INFO 47082 --- [           main] .b.t.c.SpringBootTestContextBootstrapper : Using TestExecutionListeners: [org.springframework.test.context.web.ServletTestExecutionListener@1c175d38, org.springframework.test.context.support.DirtiesContextBeforeModesTestExecutionListener@49648d97, org.springframework.test.context.event.ApplicationEventsTestExecutionListener@1d691240, org.springframework.boot.test.mock.mockito.MockitoTestExecutionListener@69789fec, org.springframework.boot.test.autoconfigure.SpringBootDependencyInjectionTestExecutionListener@4fa0e166, org.springframework.test.context.support.DirtiesContextTestExecutionListener@22c5c530, org.springframework.test.context.event.EventPublishingTestExecutionListener@77eb383a, org.springframework.boot.test.mock.mockito.ResetMocksTestExecutionListener@5a414ed4, org.springframework.boot.test.autoconfigure.restdocs.RestDocsTestExecutionListener@12223f2b, org.springframework.boot.test.autoconfigure.web.client.MockRestServiceServerResetTestExecutionListener@1e42841a, org.springframework.boot.test.autoconfigure.web.servlet.MockMvcPrintOnlyOnFailureTestExecutionListener@30464500, org.springframework.boot.test.autoconfigure.web.servlet.WebDriverTestExecutionListener@60219a32, org.springframework.boot.test.autoconfigure.webservices.client.MockWebServiceServerTestExecutionListener@63792a7a, org.spockframework.spring.SpringMockTestExecutionListener@6911005b]
2024-04-21 19:01:28.258  INFO 47082 --- [WebServer 36161] okhttp3.mockwebserver.MockWebServer      : MockWebServer[36161] starting to accept connections
2024-04-21 19:01:28.264  INFO 47082 --- [127.0.0.1:39022] okhttp3.mockwebserver.MockWebServer      : MockWebServer[36161] received request: POST /api/v1/namespaces/test/configmaps HTTP/1.1 and responded: HTTP/1.1 200 OK
2024-04-21 19:01:28.302  WARN 47082 --- [           main] ubernetesProfileEnvironmentPostProcessor : Not running inside kubernetes. Skipping 'kubernetes' profile activation.

  .   ____          _            __ _ _
 /\\ / ___'_ __ _ _(_)_ __  __ _ \ \ \ \
( ( )\___ | '_ | '_| | '_ \/ _` | \ \ \ \
 \\/  ___)| |_)| | | | | || (_| |  ) ) ) )
  '  |____| .__|_| |_|_| |_\__, | / / / /
 =========|_|==============|___/=/_/_/_/
 :: Spring Boot ::                (v2.6.3)

2024-04-21 19:01:28.371  INFO 47082 --- [           main] s.c.k.f.c.Fabric8ConfigMapPropertySource : Loading ConfigMap with name 'configmap-without-profile-example' in namespace 'test'
2024-04-21 19:01:28.374  INFO 47082 --- [127.0.0.1:39024] okhttp3.mockwebserver.MockWebServer      : MockWebServer[36161] received request: GET /api/v1/namespaces/test/configmaps/configmap-without-profile-example HTTP/1.1 and responded: HTTP/1.1 200 OK
2024-04-21 19:01:28.377  INFO 47082 --- [127.0.0.1:39024] okhttp3.mockwebserver.MockWebServer      : MockWebServer[36161] received request: GET /api/v1/namespaces/test/configmaps/configmap-without-profile-example-development HTTP/1.1 and responded: HTTP/1.1 404 Client Error
2024-04-21 19:01:28.377  INFO 47082 --- [           main] o.s.c.k.f.config.Fabric8ConfigUtils      : config-map with name : 'configmap-without-profile-example-development' not present in namespace : 'test'
2024-04-21 19:01:28.377  INFO 47082 --- [           main] b.c.PropertySourceBootstrapConfiguration : Located property source: [BootstrapPropertySource {name='bootstrapProperties-configmap.configmap-without-profile-example.test'}]
2024-04-21 19:01:28.379  WARN 47082 --- [           main] ubernetesProfileEnvironmentPostProcessor : Not running inside kubernetes. Skipping 'kubernetes' profile activation.
2024-04-21 19:01:28.380  INFO 47082 --- [           main] s.c.k.f.c.ConfigMapsWithoutProfilesTests : The following profiles are active: development
2024-04-21 19:01:28.523  INFO 47082 --- [           main] o.s.cloud.context.scope.GenericScope     : BeanFactory id=affffd22-e438-321b-a0d0-967c2140a2e8
2024-04-21 19:01:28.621  INFO 47082 --- [           main] o.s.b.w.embedded.tomcat.TomcatWebServer  : Tomcat initialized with port(s): 0 (http)
2024-04-21 19:01:28.622  INFO 47082 --- [           main] o.apache.catalina.core.StandardService   : Starting service [Tomcat]
2024-04-21 19:01:28.622  INFO 47082 --- [           main] org.apache.catalina.core.StandardEngine  : Starting Servlet engine: [Apache Tomcat/9.0.56]
2024-04-21 19:01:28.631  INFO 47082 --- [           main] o.a.c.c.C.[Tomcat-12].[localhost].[/]    : Initializing Spring embedded WebApplicationContext
2024-04-21 19:01:28.631  INFO 47082 --- [           main] w.s.c.ServletWebServerApplicationContext : Root WebApplicationContext: initialization completed in 251 ms
2024-04-21 19:01:29.104  INFO 47082 --- [           main] o.s.b.a.e.web.EndpointLinksResolver      : Exposing 1 endpoint(s) beneath base path '/actuator'
2024-04-21 19:01:29.139  INFO 47082 --- [           main] o.s.b.w.embedded.tomcat.TomcatWebServer  : Tomcat started on port(s): 34129 (http) with context path ''
2024-04-21 19:01:29.144  INFO 47082 --- [           main] s.c.k.f.c.ConfigMapsWithoutProfilesTests : Started ConfigMapsWithoutProfilesTests in 0.877 seconds (JVM running for 31.879)
2024-04-21 19:01:29.153  INFO 47082 --- [WebServer 51957] okhttp3.mockwebserver.MockWebServer      : MockWebServer[51957] starting to accept connections
2024-04-21 19:01:29.160  INFO 47082 --- [-auto-13-exec-1] o.a.c.c.C.[Tomcat-12].[localhost].[/]    : Initializing Spring DispatcherServlet 'dispatcherServlet'
2024-04-21 19:01:29.160  INFO 47082 --- [-auto-13-exec-1] o.s.web.servlet.DispatcherServlet        : Initializing Servlet 'dispatcherServlet'
2024-04-21 19:01:29.161  INFO 47082 --- [-auto-13-exec-1] o.s.web.servlet.DispatcherServlet        : Completed initialization in 1 ms
2024-04-21 19:01:29.170  INFO 47082 --- [WebServer 51957] okhttp3.mockwebserver.MockWebServer      : MockWebServer[51957] done accepting connections: Socket closed
2024-04-21 19:01:29.174  INFO 47082 --- [WebServer 33913] okhttp3.mockwebserver.MockWebServer      : MockWebServer[33913] starting to accept connections
2024-04-21 19:01:29.175  INFO 47082 --- [WebServer 42215] okhttp3.mockwebserver.MockWebServer      : MockWebServer[42215] starting to accept connections
2024-04-21 19:01:29.221  WARN 47082 --- [           main] ubernetesProfileEnvironmentPostProcessor : Not running inside kubernetes. Skipping 'kubernetes' profile activation.

  .   ____          _            __ _ _
 /\\ / ___'_ __ _ _(_)_ __  __ _ \ \ \ \
( ( )\___ | '_ | '_| | '_ \/ _` | \ \ \ \
 \\/  ___)| |_)| | | | | || (_| |  ) ) ) )
  '  |____| .__|_| |_|_| |_\__, | / / / /
 =========|_|==============|___/=/_/_/_/
 :: Spring Boot ::                (v2.6.3)

2024-04-21 19:01:29.277  WARN 47082 --- [           main] ubernetesProfileEnvironmentPostProcessor : Not running inside kubernetes. Skipping 'kubernetes' profile activation.
2024-04-21 19:01:29.277  INFO 47082 --- [           main] e.i.cs.testrunner.execution.Executor$    : No active profile set, falling back to default profiles: default
2024-04-21 19:01:29.287  INFO 47082 --- [           main] o.s.cloud.context.scope.GenericScope     : BeanFactory id=9bb0c735-c94f-3d6c-a130-cef04bd7ea41
2024-04-21 19:01:29.289  INFO 47082 --- [           main] e.i.cs.testrunner.execution.Executor$    : Started Executor. in 0.113 seconds (JVM running for 32.025)
2024-04-21 19:01:29.290  INFO 47082 --- [WebServer 42215] okhttp3.mockwebserver.MockWebServer      : MockWebServer[42215] done accepting connections: Socket closed
2024-04-21 19:01:29.296  INFO 47082 --- [WebServer 59035] okhttp3.mockwebserver.MockWebServer      : MockWebServer[59035] starting to accept connections
2024-04-21 19:01:29.298  INFO 47082 --- [WebServer 59439] okhttp3.mockwebserver.MockWebServer      : MockWebServer[59439] starting to accept connections
2024-04-21 19:01:29.299  INFO 47082 --- [           main] o.s.c.k.f.c.Fabric8SecretsPropertySource : Loading Secret with name 'my-config' or with labels [{}] in namespace 'default'
2024-04-21 19:01:29.395  INFO 47082 --- [127.0.0.1:45010] okhttp3.mockwebserver.MockWebServer      : MockWebServer[59035] received request: GET /api/v1/namespaces/default/secrets/my-config HTTP/1.1 and responded: HTTP/1.1 500 Server Error
2024-04-21 19:01:29.438  INFO 47082 --- [WebServer 59439] okhttp3.mockwebserver.MockWebServer      : MockWebServer[59439] done accepting connections: Socket closed
2024-04-21 19:01:29.449  INFO 47082 --- [WebServer 37485] okhttp3.mockwebserver.MockWebServer      : MockWebServer[37485] starting to accept connections
2024-04-21 19:01:29.457  INFO 47082 --- [WebServer 37669] okhttp3.mockwebserver.MockWebServer      : MockWebServer[37669] starting to accept connections
2024-04-21 19:01:29.458  INFO 47082 --- [           main] o.s.c.k.f.c.Fabric8SecretsPropertySource : Loading Secret with name 'my-secret' or with labels [{}] in namespace 'ns'
2024-04-21 19:01:29.459  WARN 47082 --- [           main] o.s.c.k.f.c.Fabric8SecretsPropertySource : Can't read secret with name: [my-secret] or labels [{}] in namespace: [ns] (cause: null). Ignoring
2024-04-21 19:01:29.460  INFO 47082 --- [WebServer 37669] okhttp3.mockwebserver.MockWebServer      : MockWebServer[37669] done accepting connections: Socket closed
2024-04-21 19:01:29.468  INFO 47082 --- [WebServer 51537] okhttp3.mockwebserver.MockWebServer      : MockWebServer[51537] starting to accept connections
2024-04-21 19:01:29.471  INFO 47082 --- [WebServer 36985] okhttp3.mockwebserver.MockWebServer      : MockWebServer[36985] starting to accept connections
2024-04-21 19:01:29.473  INFO 47082 --- [WebServer 36985] okhttp3.mockwebserver.MockWebServer      : MockWebServer[36985] done accepting connections: Socket closed
2024-04-21 19:01:29.480  INFO 47082 --- [WebServer 36819] okhttp3.mockwebserver.MockWebServer      : MockWebServer[36819] starting to accept connections
2024-04-21 19:01:29.484  INFO 47082 --- [WebServer 53365] okhttp3.mockwebserver.MockWebServer      : MockWebServer[53365] starting to accept connections
2024-04-21 19:01:29.484  INFO 47082 --- [           main] .b.t.c.SpringBootTestContextBootstrapper : Neither @ContextConfiguration nor @ContextHierarchy found for test class [org.springframework.cloud.kubernetes.fabric8.config.Fabric8SecretsPropertySourceLocatorRetryTests$SecretsFailFastEnabledButRetryDisabled], using SpringBootContextLoader
2024-04-21 19:01:29.485  INFO 47082 --- [           main] o.s.t.c.support.AbstractContextLoader    : Could not detect default resource locations for test class [org.springframework.cloud.kubernetes.fabric8.config.Fabric8SecretsPropertySourceLocatorRetryTests$SecretsFailFastEnabledButRetryDisabled]: no resource found for suffixes {-context.xml, Context.groovy}.
2024-04-21 19:01:29.486  INFO 47082 --- [           main] .b.t.c.SpringBootTestContextBootstrapper : Loaded default TestExecutionListener class names from location [META-INF/spring.factories]: [org.springframework.boot.test.mock.mockito.MockitoTestExecutionListener, org.springframework.boot.test.mock.mockito.ResetMocksTestExecutionListener, org.springframework.boot.test.autoconfigure.restdocs.RestDocsTestExecutionListener, org.springframework.boot.test.autoconfigure.web.client.MockRestServiceServerResetTestExecutionListener, org.springframework.boot.test.autoconfigure.web.servlet.MockMvcPrintOnlyOnFailureTestExecutionListener, org.springframework.boot.test.autoconfigure.web.servlet.WebDriverTestExecutionListener, org.springframework.boot.test.autoconfigure.webservices.client.MockWebServiceServerTestExecutionListener, org.springframework.test.context.web.ServletTestExecutionListener, org.springframework.test.context.support.DirtiesContextBeforeModesTestExecutionListener, org.springframework.test.context.event.ApplicationEventsTestExecutionListener, org.springframework.test.context.support.DependencyInjectionTestExecutionListener, org.springframework.test.context.support.DirtiesContextTestExecutionListener, org.springframework.test.context.transaction.TransactionalTestExecutionListener, org.springframework.test.context.jdbc.SqlScriptsTestExecutionListener, org.springframework.test.context.event.EventPublishingTestExecutionListener, org.spockframework.spring.SpringMockTestExecutionListener]
2024-04-21 19:01:29.488  INFO 47082 --- [           main] .b.t.c.SpringBootTestContextBootstrapper : Using TestExecutionListeners: [org.springframework.test.context.web.ServletTestExecutionListener@78e52e87, org.springframework.test.context.support.DirtiesContextBeforeModesTestExecutionListener@53b464b9, org.springframework.test.context.event.ApplicationEventsTestExecutionListener@2d7157b0, org.springframework.boot.test.mock.mockito.MockitoTestExecutionListener@3dbdcfa2, org.springframework.boot.test.autoconfigure.SpringBootDependencyInjectionTestExecutionListener@6c7d5f84, org.springframework.test.context.support.DirtiesContextTestExecutionListener@1c9c7f1e, org.springframework.test.context.event.EventPublishingTestExecutionListener@3b7777ea, org.springframework.boot.test.mock.mockito.ResetMocksTestExecutionListener@68e47ff9, org.springframework.boot.test.autoconfigure.restdocs.RestDocsTestExecutionListener@6e639c1e, org.springframework.boot.test.autoconfigure.web.client.MockRestServiceServerResetTestExecutionListener@11786a43, org.springframework.boot.test.autoconfigure.web.servlet.MockMvcPrintOnlyOnFailureTestExecutionListener@11b097a1, org.springframework.boot.test.autoconfigure.web.servlet.WebDriverTestExecutionListener@5a6029d9, org.springframework.boot.test.autoconfigure.webservices.client.MockWebServiceServerTestExecutionListener@2811cde7, org.spockframework.spring.SpringMockTestExecutionListener@7a6980d4]
2024-04-21 19:01:29.523  WARN 47082 --- [           main] ubernetesProfileEnvironmentPostProcessor : Not running inside kubernetes. Skipping 'kubernetes' profile activation.

  .   ____          _            __ _ _
 /\\ / ___'_ __ _ _(_)_ __  __ _ \ \ \ \
( ( )\___ | '_ | '_| | '_ \/ _` | \ \ \ \
 \\/  ___)| |_)| | | | | || (_| |  ) ) ) )
  '  |____| .__|_| |_|_| |_\__, | / / / /
 =========|_|==============|___/=/_/_/_/
 :: Spring Boot ::                (v2.6.3)

2024-04-21 19:01:29.579  INFO 47082 --- [           main] s.c.k.f.c.Fabric8ConfigMapPropertySource : Loading ConfigMap with name 'application' in namespace 'default'
2024-04-21 19:01:29.671  INFO 47082 --- [127.0.0.1:34522] okhttp3.mockwebserver.MockWebServer      : MockWebServer[36819] received request: GET /api/v1/namespaces/default/configmaps/application HTTP/1.1 and responded: HTTP/1.1 404 Client Error
2024-04-21 19:01:29.673  INFO 47082 --- [           main] o.s.c.k.f.config.Fabric8ConfigUtils      : config-map with name : 'application' not present in namespace : 'default'
2024-04-21 19:01:29.673  INFO 47082 --- [           main] b.c.PropertySourceBootstrapConfiguration : Located property source: [BootstrapPropertySource {name='bootstrapProperties-configmap.application.default'}]
2024-04-21 19:01:29.673  INFO 47082 --- [           main] o.s.c.k.f.c.Fabric8SecretsPropertySource : Loading Secret with name 'my-secret' or with labels [{}] in namespace 'default'
2024-04-21 19:01:29.674  INFO 47082 --- [127.0.0.1:34522] okhttp3.mockwebserver.MockWebServer      : MockWebServer[36819] received request: GET /api/v1/namespaces/default/secrets/my-secret HTTP/1.1 and responded: HTTP/1.1 404 Client Error
2024-04-21 19:01:29.675  WARN 47082 --- [           main] o.s.c.k.f.c.Fabric8SecretsPropertySource : secret with name : my-secret in namespace : default not found
2024-04-21 19:01:29.676  INFO 47082 --- [127.0.0.1:34522] okhttp3.mockwebserver.MockWebServer      : MockWebServer[36819] received request: GET /api/v1/namespaces/default/secrets HTTP/1.1 and responded: HTTP/1.1 200 OK
2024-04-21 19:01:29.717  INFO 47082 --- [           main] b.c.PropertySourceBootstrapConfiguration : Located property source: [BootstrapPropertySource {name='bootstrapProperties-secrets.my-secret.default'}]
2024-04-21 19:01:29.719  WARN 47082 --- [           main] ubernetesProfileEnvironmentPostProcessor : Not running inside kubernetes. Skipping 'kubernetes' profile activation.
2024-04-21 19:01:29.719  INFO 47082 --- [           main] s$SecretsFailFastEnabledButRetryDisabled : No active profile set, falling back to default profiles: default
2024-04-21 19:01:29.964  INFO 47082 --- [           main] o.s.cloud.context.scope.GenericScope     : BeanFactory id=94652287-2eb9-367e-b08b-eea09b3b2900
2024-04-21 19:01:30.308  INFO 47082 --- [           main] s$SecretsFailFastEnabledButRetryDisabled : Started Fabric8SecretsPropertySourceLocatorRetryTests.SecretsFailFastEnabledButRetryDisabled in 0.819 seconds (JVM running for 33.044)
2024-04-21 19:01:30.313  INFO 47082 --- [WebServer 33937] okhttp3.mockwebserver.MockWebServer      : MockWebServer[33937] starting to accept connections
2024-04-21 19:01:30.315  INFO 47082 --- [           main] o.s.c.k.f.c.Fabric8SecretsPropertySource : Loading Secret with name 'my-secret' or with labels [{}] in namespace 'default'
2024-04-21 19:01:30.316  INFO 47082 --- [127.0.0.1:34522] okhttp3.mockwebserver.MockWebServer      : MockWebServer[36819] received request: GET /api/v1/namespaces/default/secrets/my-secret HTTP/1.1 and responded: HTTP/1.1 500 Server Error
2024-04-21 19:01:30.322  INFO 47082 --- [WebServer 33937] okhttp3.mockwebserver.MockWebServer      : MockWebServer[33937] done accepting connections: Socket closed
