Apr 21, 2024 6:58:23 PM okhttp3.mockwebserver.MockWebServer$3 execute
INFO: MockWebServer[53187] starting to accept connections
Apr 21, 2024 6:58:24 PM okhttp3.mockwebserver.MockWebServer$3 execute
INFO: MockWebServer[36741] starting to accept connections
2024-04-21 18:58:24.448  INFO   --- [           main] s.c.k.f.c.Fabric8ConfigMapPropertySource : Loading ConfigMap with name 'configmap' in namespace 'some-namespace'
2024-04-21 18:58:24.453  WARN   --- [           main] s.c.k.f.c.Fabric8ConfigMapPropertySource : Can't read configMap with name: [configmap] in namespace: [some-namespace]. Ignoring.

java.lang.NullPointerException: null
	at org.springframework.cloud.kubernetes.fabric8.config.Fabric8ConfigUtils.getConfigMapData(Fabric8ConfigUtils.java:118)
	at org.springframework.cloud.kubernetes.fabric8.config.Fabric8ConfigMapPropertySource.getData(Fabric8ConfigMapPropertySource.java:79)
	at org.springframework.cloud.kubernetes.fabric8.config.Fabric8ConfigMapPropertySource.<init>(Fabric8ConfigMapPropertySource.java:63)
	at org.springframework.cloud.kubernetes.fabric8.config.Fabric8ConfigMapPropertySourceTests.anotherDeprecatedConstructorWithClientNamespaceMustNotFail(Fabric8ConfigMapPropertySourceTests.java:95)
	at sun.reflect.NativeMethodAccessorImpl.invoke0(Native Method)
	at sun.reflect.NativeMethodAccessorImpl.invoke(NativeMethodAccessorImpl.java:62)
	at sun.reflect.DelegatingMethodAccessorImpl.invoke(DelegatingMethodAccessorImpl.java:43)
	at java.lang.reflect.Method.invoke(Method.java:498)
	at org.junit.platform.commons.util.ReflectionUtils.invokeMethod(ReflectionUtils.java:725)
	at org.junit.jupiter.engine.execution.MethodInvocation.proceed(MethodInvocation.java:60)
	at org.junit.jupiter.engine.execution.InvocationInterceptorChain$ValidatingInvocation.proceed(InvocationInterceptorChain.java:131)
	at org.junit.jupiter.engine.extension.TimeoutExtension.intercept(TimeoutExtension.java:149)
	at org.junit.jupiter.engine.extension.TimeoutExtension.interceptTestableMethod(TimeoutExtension.java:140)
	at org.junit.jupiter.engine.extension.TimeoutExtension.interceptTestMethod(TimeoutExtension.java:84)
	at org.junit.jupiter.engine.execution.ExecutableInvoker$ReflectiveInterceptorCall.lambda$ofVoidMethod$0(ExecutableInvoker.java:115)
	at org.junit.jupiter.engine.execution.ExecutableInvoker.lambda$invoke$0(ExecutableInvoker.java:105)
	at org.junit.jupiter.engine.execution.InvocationInterceptorChain$InterceptedInvocation.proceed(InvocationInterceptorChain.java:106)
	at org.junit.jupiter.engine.execution.InvocationInterceptorChain.proceed(InvocationInterceptorChain.java:64)
	at org.junit.jupiter.engine.execution.InvocationInterceptorChain.chainAndInvoke(InvocationInterceptorChain.java:45)
	at org.junit.jupiter.engine.execution.InvocationInterceptorChain.invoke(InvocationInterceptorChain.java:37)
	at org.junit.jupiter.engine.execution.ExecutableInvoker.invoke(ExecutableInvoker.java:104)
	at org.junit.jupiter.engine.execution.ExecutableInvoker.invoke(ExecutableInvoker.java:98)
	at org.junit.jupiter.engine.descriptor.TestMethodTestDescriptor.lambda$invokeTestMethod$7(TestMethodTestDescriptor.java:214)
	at org.junit.platform.engine.support.hierarchical.ThrowableCollector.execute(ThrowableCollector.java:73)
	at org.junit.jupiter.engine.descriptor.TestMethodTestDescriptor.invokeTestMethod(TestMethodTestDescriptor.java:210)
	at org.junit.jupiter.engine.descriptor.TestMethodTestDescriptor.execute(TestMethodTestDescriptor.java:135)
	at org.junit.jupiter.engine.descriptor.TestMethodTestDescriptor.execute(TestMethodTestDescriptor.java:66)
	at org.junit.platform.engine.support.hierarchical.NodeTestTask.lambda$executeRecursively$6(NodeTestTask.java:151)
	at org.junit.platform.engine.support.hierarchical.ThrowableCollector.execute(ThrowableCollector.java:73)
	at org.junit.platform.engine.support.hierarchical.NodeTestTask.lambda$executeRecursively$8(NodeTestTask.java:141)
	at org.junit.platform.engine.support.hierarchical.Node.around(Node.java:137)
	at org.junit.platform.engine.support.hierarchical.NodeTestTask.lambda$executeRecursively$9(NodeTestTask.java:139)
	at org.junit.platform.engine.support.hierarchical.ThrowableCollector.execute(ThrowableCollector.java:73)
	at org.junit.platform.engine.support.hierarchical.NodeTestTask.executeRecursively(NodeTestTask.java:138)
	at org.junit.platform.engine.support.hierarchical.NodeTestTask.execute(NodeTestTask.java:95)
	at java.util.ArrayList.forEach(ArrayList.java:1259)
	at org.junit.platform.engine.support.hierarchical.SameThreadHierarchicalTestExecutorService.invokeAll(SameThreadHierarchicalTestExecutorService.java:41)
	at org.junit.platform.engine.support.hierarchical.NodeTestTask.lambda$executeRecursively$6(NodeTestTask.java:155)
	at org.junit.platform.engine.support.hierarchical.ThrowableCollector.execute(ThrowableCollector.java:73)
	at org.junit.platform.engine.support.hierarchical.NodeTestTask.lambda$executeRecursively$8(NodeTestTask.java:141)
	at org.junit.platform.engine.support.hierarchical.Node.around(Node.java:137)
	at org.junit.platform.engine.support.hierarchical.NodeTestTask.lambda$executeRecursively$9(NodeTestTask.java:139)
	at org.junit.platform.engine.support.hierarchical.ThrowableCollector.execute(ThrowableCollector.java:73)
	at org.junit.platform.engine.support.hierarchical.NodeTestTask.executeRecursively(NodeTestTask.java:138)
	at org.junit.platform.engine.support.hierarchical.NodeTestTask.execute(NodeTestTask.java:95)
	at java.util.ArrayList.forEach(ArrayList.java:1259)
	at org.junit.platform.engine.support.hierarchical.SameThreadHierarchicalTestExecutorService.invokeAll(SameThreadHierarchicalTestExecutorService.java:41)
	at org.junit.platform.engine.support.hierarchical.NodeTestTask.lambda$executeRecursively$6(NodeTestTask.java:155)
	at org.junit.platform.engine.support.hierarchical.ThrowableCollector.execute(ThrowableCollector.java:73)
	at org.junit.platform.engine.support.hierarchical.NodeTestTask.lambda$executeRecursively$8(NodeTestTask.java:141)
	at org.junit.platform.engine.support.hierarchical.Node.around(Node.java:137)
	at org.junit.platform.engine.support.hierarchical.NodeTestTask.lambda$executeRecursively$9(NodeTestTask.java:139)
	at org.junit.platform.engine.support.hierarchical.ThrowableCollector.execute(ThrowableCollector.java:73)
	at org.junit.platform.engine.support.hierarchical.NodeTestTask.executeRecursively(NodeTestTask.java:138)
	at org.junit.platform.engine.support.hierarchical.NodeTestTask.execute(NodeTestTask.java:95)
	at org.junit.platform.engine.support.hierarchical.SameThreadHierarchicalTestExecutorService.submit(SameThreadHierarchicalTestExecutorService.java:35)
	at org.junit.platform.engine.support.hierarchical.HierarchicalTestExecutor.execute(HierarchicalTestExecutor.java:57)
	at org.junit.platform.engine.support.hierarchical.HierarchicalTestEngine.execute(HierarchicalTestEngine.java:54)
	at org.junit.platform.launcher.core.DefaultLauncher.execute(DefaultLauncher.java:170)
	at org.junit.platform.launcher.core.DefaultLauncher.execute(DefaultLauncher.java:154)
	at org.junit.platform.launcher.core.DefaultLauncher.execute(DefaultLauncher.java:90)
	at edu.illinois.cs.testrunner.execution.JUnit5TestExecutor.runTestsSeparately(JUnit5TestExecutor.java:40)
	at edu.illinois.cs.testrunner.execution.Executor$.$anonfun$run$1(Executor.scala:33)
	at scala.runtime.java8.JFunction0$mcV$sp.apply(JFunction0$mcV$sp.java:12)
	at scala.util.Try$.apply(Try.scala:209)
	at edu.illinois.cs.testrunner.execution.Executor$.run(Executor.scala:28)
	at edu.illinois.cs.testrunner.execution.Executor$.main(Executor.scala:18)
	at edu.illinois.cs.testrunner.execution.Executor.main(Executor.scala)

Apr 21, 2024 6:58:24 PM okhttp3.mockwebserver.MockWebServer$3 acceptConnections
INFO: MockWebServer[36741] done accepting connections: Socket closed
Apr 21, 2024 6:58:24 PM okhttp3.mockwebserver.MockWebServer$3 execute
INFO: MockWebServer[39281] starting to accept connections
Apr 21, 2024 6:58:24 PM okhttp3.mockwebserver.MockWebServer$3 execute
INFO: MockWebServer[56479] starting to accept connections
2024-04-21 18:58:24.535  INFO   --- [           main] o.s.c.k.f.c.Fabric8SecretsPropertySource : Loading Secret with name 'my-config' or with labels [{}] in namespace 'default'
Apr 21, 2024 6:58:24 PM okhttp3.mockwebserver.MockWebServer$4 processOneRequest
INFO: MockWebServer[39281] received request: GET /api/v1/namespaces/default/secrets/my-config HTTP/1.1 and responded: HTTP/1.1 500 Server Error
2024-04-21 18:58:24.847  WARN   --- [           main] o.s.c.k.f.c.Fabric8SecretsPropertySource : Can't read secret with name: [my-config] or labels [{}] in namespace: [default] (cause: Failure executing: GET at: https://localhost:39281/api/v1/namespaces/default/secrets/my-config. Message: Internal Server Error.). Ignoring
Apr 21, 2024 6:58:24 PM okhttp3.mockwebserver.MockWebServer$3 acceptConnections
INFO: MockWebServer[56479] done accepting connections: Socket closed
Apr 21, 2024 6:58:24 PM okhttp3.mockwebserver.MockWebServer$3 execute
INFO: MockWebServer[54517] starting to accept connections
Apr 21, 2024 6:58:24 PM okhttp3.mockwebserver.MockWebServer$3 execute
INFO: MockWebServer[36119] starting to accept connections
Apr 21, 2024 6:58:24 PM okhttp3.mockwebserver.MockWebServer$4 processOneRequest
INFO: MockWebServer[54517] received request: POST /api/v1/namespaces/ns2/configmaps HTTP/1.1 and responded: HTTP/1.1 200 OK
Apr 21, 2024 6:58:24 PM okhttp3.mockwebserver.MockWebServer$4 processOneRequest
INFO: MockWebServer[54517] received request: GET /api/v1/namespaces/ns2/configmaps HTTP/1.1 and responded: HTTP/1.1 200 OK
Apr 21, 2024 6:58:25 PM okhttp3.mockwebserver.MockWebServer$3 acceptConnections
INFO: MockWebServer[36119] done accepting connections: Socket closed
Apr 21, 2024 6:58:25 PM okhttp3.mockwebserver.MockWebServer$3 execute
INFO: MockWebServer[53017] starting to accept connections
Apr 21, 2024 6:58:25 PM okhttp3.mockwebserver.MockWebServer$3 execute
INFO: MockWebServer[60725] starting to accept connections
2024-04-21 18:58:25.523  WARN 45169 --- [           main] ubernetesProfileEnvironmentPostProcessor : Not running inside kubernetes. Skipping 'kubernetes' profile activation.

  .   ____          _            __ _ _
 /\\ / ___'_ __ _ _(_)_ __  __ _ \ \ \ \
( ( )\___ | '_ | '_| | '_ \/ _` | \ \ \ \
 \\/  ___)| |_)| | | | | || (_| |  ) ) ) )
  '  |____| .__|_| |_|_| |_\__, | / / / /
 =========|_|==============|___/=/_/_/_/
 :: Spring Boot ::                (v2.6.3)

2024-04-21 18:58:26.276  WARN 45169 --- [           main] ubernetesProfileEnvironmentPostProcessor : Not running inside kubernetes. Skipping 'kubernetes' profile activation.
2024-04-21 18:58:26.277  INFO 45169 --- [           main] e.i.cs.testrunner.execution.Executor$    : No active profile set, falling back to default profiles: default
2024-04-21 18:58:26.324  INFO 45169 --- [           main] o.s.cloud.context.scope.GenericScope     : BeanFactory id=5adb76a5-ffff-3c5f-a60f-7f84faf1ce0f
2024-04-21 18:58:26.343  INFO 45169 --- [           main] e.i.cs.testrunner.execution.Executor$    : Started Executor. in 1.236 seconds (JVM running for 4.364)
2024-04-21 18:58:26.349  INFO 45169 --- [WebServer 60725] okhttp3.mockwebserver.MockWebServer      : MockWebServer[60725] done accepting connections: Socket closed
2024-04-21 18:58:26.358  INFO 45169 --- [WebServer 60459] okhttp3.mockwebserver.MockWebServer      : MockWebServer[60459] starting to accept connections
2024-04-21 18:58:26.362  INFO 45169 --- [WebServer 38073] okhttp3.mockwebserver.MockWebServer      : MockWebServer[38073] starting to accept connections
2024-04-21 18:58:26.364  INFO 45169 --- [           main] s.c.k.f.c.Fabric8ConfigMapPropertySource : Loading ConfigMap with name 'my-config' in namespace 'default'
2024-04-21 18:58:26.478  INFO 45169 --- [127.0.0.1:35892] okhttp3.mockwebserver.MockWebServer      : MockWebServer[38073] received request: GET /api/v1/namespaces/default/configmaps/my-config HTTP/1.1 and responded: HTTP/1.1 500 Server Error
2024-04-21 18:58:26.520  WARN 45169 --- [           main] s.c.k.f.c.Fabric8ConfigMapPropertySource : Can't read configMap with name: [my-config] in namespace: [default]. Ignoring.

io.fabric8.kubernetes.client.KubernetesClientException: Failure executing: GET at: https://localhost:38073/api/v1/namespaces/default/configmaps/my-config. Message: Internal Server Error.
	at io.fabric8.kubernetes.client.dsl.base.OperationSupport.requestFailure(OperationSupport.java:694)
	at io.fabric8.kubernetes.client.dsl.base.OperationSupport.requestFailure(OperationSupport.java:673)
	at io.fabric8.kubernetes.client.dsl.base.OperationSupport.assertResponseCode(OperationSupport.java:626)
	at io.fabric8.kubernetes.client.dsl.base.OperationSupport.handleResponse(OperationSupport.java:566)
	at io.fabric8.kubernetes.client.dsl.base.OperationSupport.handleResponse(OperationSupport.java:527)
	at io.fabric8.kubernetes.client.dsl.base.OperationSupport.handleGet(OperationSupport.java:494)
	at io.fabric8.kubernetes.client.dsl.base.OperationSupport.handleGet(OperationSupport.java:476)
	at io.fabric8.kubernetes.client.dsl.base.BaseOperation.handleGet(BaseOperation.java:788)
	at io.fabric8.kubernetes.client.dsl.base.BaseOperation.getMandatory(BaseOperation.java:187)
	at io.fabric8.kubernetes.client.dsl.base.BaseOperation.get(BaseOperation.java:154)
	at io.fabric8.kubernetes.client.dsl.base.BaseOperation.get(BaseOperation.java:87)
	at org.springframework.cloud.kubernetes.fabric8.config.Fabric8ConfigUtils.getConfigMapData(Fabric8ConfigUtils.java:118)
	at org.springframework.cloud.kubernetes.fabric8.config.Fabric8ConfigMapPropertySource.getData(Fabric8ConfigMapPropertySource.java:79)
	at org.springframework.cloud.kubernetes.fabric8.config.Fabric8ConfigMapPropertySource.<init>(Fabric8ConfigMapPropertySource.java:70)
	at org.springframework.cloud.kubernetes.fabric8.config.Fabric8ConfigMapPropertySourceLocator.getMapPropertySource(Fabric8ConfigMapPropertySourceLocator.java:74)
	at org.springframework.cloud.kubernetes.commons.config.ConfigMapPropertySourceLocator.getMapPropertySourceForSingleConfigMap(ConfigMapPropertySourceLocator.java:98)
	at org.springframework.cloud.kubernetes.commons.config.ConfigMapPropertySourceLocator.lambda$locate$0(ConfigMapPropertySourceLocator.java:77)
	at java.lang.Iterable.forEach(Iterable.java:75)
	at org.springframework.cloud.kubernetes.commons.config.ConfigMapPropertySourceLocator.locate(ConfigMapPropertySourceLocator.java:77)
	at org.springframework.cloud.kubernetes.fabric8.config.Fabric8ConfigMapPropertySourceLocatorTests.lambda$locateShouldNotThrowExceptionOnFailureWhenFailFastIsDisabled$1(Fabric8ConfigMapPropertySourceLocatorTests.java:77)
	at org.assertj.core.api.ThrowableAssert.catchThrowable(ThrowableAssert.java:63)
	at org.assertj.core.api.NotThrownAssert.isThrownBy(NotThrownAssert.java:43)
	at org.springframework.cloud.kubernetes.fabric8.config.Fabric8ConfigMapPropertySourceLocatorTests.locateShouldNotThrowExceptionOnFailureWhenFailFastIsDisabled(Fabric8ConfigMapPropertySourceLocatorTests.java:77)
	at sun.reflect.NativeMethodAccessorImpl.invoke0(Native Method)
	at sun.reflect.NativeMethodAccessorImpl.invoke(NativeMethodAccessorImpl.java:62)
	at sun.reflect.DelegatingMethodAccessorImpl.invoke(DelegatingMethodAccessorImpl.java:43)
	at java.lang.reflect.Method.invoke(Method.java:498)
	at org.junit.platform.commons.util.ReflectionUtils.invokeMethod(ReflectionUtils.java:725)
	at org.junit.jupiter.engine.execution.MethodInvocation.proceed(MethodInvocation.java:60)
	at org.junit.jupiter.engine.execution.InvocationInterceptorChain$ValidatingInvocation.proceed(InvocationInterceptorChain.java:131)
	at org.junit.jupiter.engine.extension.TimeoutExtension.intercept(TimeoutExtension.java:149)
	at org.junit.jupiter.engine.extension.TimeoutExtension.interceptTestableMethod(TimeoutExtension.java:140)
	at org.junit.jupiter.engine.extension.TimeoutExtension.interceptTestMethod(TimeoutExtension.java:84)
	at org.junit.jupiter.engine.execution.ExecutableInvoker$ReflectiveInterceptorCall.lambda$ofVoidMethod$0(ExecutableInvoker.java:115)
	at org.junit.jupiter.engine.execution.ExecutableInvoker.lambda$invoke$0(ExecutableInvoker.java:105)
	at org.junit.jupiter.engine.execution.InvocationInterceptorChain$InterceptedInvocation.proceed(InvocationInterceptorChain.java:106)
	at org.junit.jupiter.engine.execution.InvocationInterceptorChain.proceed(InvocationInterceptorChain.java:64)
	at org.junit.jupiter.engine.execution.InvocationInterceptorChain.chainAndInvoke(InvocationInterceptorChain.java:45)
	at org.junit.jupiter.engine.execution.InvocationInterceptorChain.invoke(InvocationInterceptorChain.java:37)
	at org.junit.jupiter.engine.execution.ExecutableInvoker.invoke(ExecutableInvoker.java:104)
	at org.junit.jupiter.engine.execution.ExecutableInvoker.invoke(ExecutableInvoker.java:98)
	at org.junit.jupiter.engine.descriptor.TestMethodTestDescriptor.lambda$invokeTestMethod$7(TestMethodTestDescriptor.java:214)
	at org.junit.platform.engine.support.hierarchical.ThrowableCollector.execute(ThrowableCollector.java:73)
	at org.junit.jupiter.engine.descriptor.TestMethodTestDescriptor.invokeTestMethod(TestMethodTestDescriptor.java:210)
	at org.junit.jupiter.engine.descriptor.TestMethodTestDescriptor.execute(TestMethodTestDescriptor.java:135)
	at org.junit.jupiter.engine.descriptor.TestMethodTestDescriptor.execute(TestMethodTestDescriptor.java:66)
	at org.junit.platform.engine.support.hierarchical.NodeTestTask.lambda$executeRecursively$6(NodeTestTask.java:151)
	at org.junit.platform.engine.support.hierarchical.ThrowableCollector.execute(ThrowableCollector.java:73)
	at org.junit.platform.engine.support.hierarchical.NodeTestTask.lambda$executeRecursively$8(NodeTestTask.java:141)
	at org.junit.platform.engine.support.hierarchical.Node.around(Node.java:137)
	at org.junit.platform.engine.support.hierarchical.NodeTestTask.lambda$executeRecursively$9(NodeTestTask.java:139)
	at org.junit.platform.engine.support.hierarchical.ThrowableCollector.execute(ThrowableCollector.java:73)
	at org.junit.platform.engine.support.hierarchical.NodeTestTask.executeRecursively(NodeTestTask.java:138)
	at org.junit.platform.engine.support.hierarchical.NodeTestTask.execute(NodeTestTask.java:95)
	at java.util.ArrayList.forEach(ArrayList.java:1259)
	at org.junit.platform.engine.support.hierarchical.SameThreadHierarchicalTestExecutorService.invokeAll(SameThreadHierarchicalTestExecutorService.java:41)
	at org.junit.platform.engine.support.hierarchical.NodeTestTask.lambda$executeRecursively$6(NodeTestTask.java:155)
	at org.junit.platform.engine.support.hierarchical.ThrowableCollector.execute(ThrowableCollector.java:73)
	at org.junit.platform.engine.support.hierarchical.NodeTestTask.lambda$executeRecursively$8(NodeTestTask.java:141)
	at org.junit.platform.engine.support.hierarchical.Node.around(Node.java:137)
	at org.junit.platform.engine.support.hierarchical.NodeTestTask.lambda$executeRecursively$9(NodeTestTask.java:139)
	at org.junit.platform.engine.support.hierarchical.ThrowableCollector.execute(ThrowableCollector.java:73)
	at org.junit.platform.engine.support.hierarchical.NodeTestTask.executeRecursively(NodeTestTask.java:138)
	at org.junit.platform.engine.support.hierarchical.NodeTestTask.execute(NodeTestTask.java:95)
	at java.util.ArrayList.forEach(ArrayList.java:1259)
	at org.junit.platform.engine.support.hierarchical.SameThreadHierarchicalTestExecutorService.invokeAll(SameThreadHierarchicalTestExecutorService.java:41)
	at org.junit.platform.engine.support.hierarchical.NodeTestTask.lambda$executeRecursively$6(NodeTestTask.java:155)
	at org.junit.platform.engine.support.hierarchical.ThrowableCollector.execute(ThrowableCollector.java:73)
	at org.junit.platform.engine.support.hierarchical.NodeTestTask.lambda$executeRecursively$8(NodeTestTask.java:141)
	at org.junit.platform.engine.support.hierarchical.Node.around(Node.java:137)
	at org.junit.platform.engine.support.hierarchical.NodeTestTask.lambda$executeRecursively$9(NodeTestTask.java:139)
	at org.junit.platform.engine.support.hierarchical.ThrowableCollector.execute(ThrowableCollector.java:73)
	at org.junit.platform.engine.support.hierarchical.NodeTestTask.executeRecursively(NodeTestTask.java:138)
	at org.junit.platform.engine.support.hierarchical.NodeTestTask.execute(NodeTestTask.java:95)
	at org.junit.platform.engine.support.hierarchical.SameThreadHierarchicalTestExecutorService.submit(SameThreadHierarchicalTestExecutorService.java:35)
	at org.junit.platform.engine.support.hierarchical.HierarchicalTestExecutor.execute(HierarchicalTestExecutor.java:57)
	at org.junit.platform.engine.support.hierarchical.HierarchicalTestEngine.execute(HierarchicalTestEngine.java:54)
	at org.junit.platform.launcher.core.DefaultLauncher.execute(DefaultLauncher.java:170)
	at org.junit.platform.launcher.core.DefaultLauncher.execute(DefaultLauncher.java:154)
	at org.junit.platform.launcher.core.DefaultLauncher.execute(DefaultLauncher.java:90)
	at edu.illinois.cs.testrunner.execution.JUnit5TestExecutor.runTestsSeparately(JUnit5TestExecutor.java:40)
	at edu.illinois.cs.testrunner.execution.Executor$.$anonfun$run$1(Executor.scala:33)
	at scala.runtime.java8.JFunction0$mcV$sp.apply(JFunction0$mcV$sp.java:12)
	at scala.util.Try$.apply(Try.scala:209)
	at edu.illinois.cs.testrunner.execution.Executor$.run(Executor.scala:28)
	at edu.illinois.cs.testrunner.execution.Executor$.main(Executor.scala:18)
	at edu.illinois.cs.testrunner.execution.Executor.main(Executor.scala)

2024-04-21 18:58:26.525  INFO 45169 --- [WebServer 38073] okhttp3.mockwebserver.MockWebServer      : MockWebServer[38073] done accepting connections: Socket closed
2024-04-21 18:58:26.553  INFO 45169 --- [WebServer 53071] okhttp3.mockwebserver.MockWebServer      : MockWebServer[53071] starting to accept connections
2024-04-21 18:58:26.568  INFO 45169 --- [WebServer 50467] okhttp3.mockwebserver.MockWebServer      : MockWebServer[50467] starting to accept connections
2024-04-21 18:58:26.572  INFO 45169 --- [           main] s.c.k.f.c.Fabric8ConfigMapPropertySource : Loading ConfigMap with name 'my-config' in namespace 'default'
2024-04-21 18:58:26.715  INFO 45169 --- [127.0.0.1:50680] okhttp3.mockwebserver.MockWebServer      : MockWebServer[50467] received request: GET /api/v1/namespaces/default/configmaps/my-config HTTP/1.1 and responded: HTTP/1.1 500 Server Error
2024-04-21 18:58:26.760  INFO 45169 --- [WebServer 50467] okhttp3.mockwebserver.MockWebServer      : MockWebServer[50467] done accepting connections: Socket closed
2024-04-21 18:58:26.810  INFO 45169 --- [WebServer 51901] okhttp3.mockwebserver.MockWebServer      : MockWebServer[51901] starting to accept connections
2024-04-21 18:58:26.819  INFO 45169 --- [WebServer 36625] okhttp3.mockwebserver.MockWebServer      : MockWebServer[36625] starting to accept connections
2024-04-21 18:58:26.840  INFO 45169 --- [           main] .b.t.c.SpringBootTestContextBootstrapper : Neither @ContextConfiguration nor @ContextHierarchy found for test class [org.springframework.cloud.kubernetes.fabric8.config.Fabric8ConfigMapPropertySourceLocatorRetryTests$ConfigRetryEnabled], using SpringBootContextLoader
2024-04-21 18:58:26.841  INFO 45169 --- [           main] o.s.t.c.support.AbstractContextLoader    : Could not detect default resource locations for test class [org.springframework.cloud.kubernetes.fabric8.config.Fabric8ConfigMapPropertySourceLocatorRetryTests$ConfigRetryEnabled]: no resource found for suffixes {-context.xml, Context.groovy}.
2024-04-21 18:58:26.889  INFO 45169 --- [           main] .b.t.c.SpringBootTestContextBootstrapper : Loaded default TestExecutionListener class names from location [META-INF/spring.factories]: [org.springframework.boot.test.mock.mockito.MockitoTestExecutionListener, org.springframework.boot.test.mock.mockito.ResetMocksTestExecutionListener, org.springframework.boot.test.autoconfigure.restdocs.RestDocsTestExecutionListener, org.springframework.boot.test.autoconfigure.web.client.MockRestServiceServerResetTestExecutionListener, org.springframework.boot.test.autoconfigure.web.servlet.MockMvcPrintOnlyOnFailureTestExecutionListener, org.springframework.boot.test.autoconfigure.web.servlet.WebDriverTestExecutionListener, org.springframework.boot.test.autoconfigure.webservices.client.MockWebServiceServerTestExecutionListener, org.springframework.test.context.web.ServletTestExecutionListener, org.springframework.test.context.support.DirtiesContextBeforeModesTestExecutionListener, org.springframework.test.context.event.ApplicationEventsTestExecutionListener, org.springframework.test.context.support.DependencyInjectionTestExecutionListener, org.springframework.test.context.support.DirtiesContextTestExecutionListener, org.springframework.test.context.transaction.TransactionalTestExecutionListener, org.springframework.test.context.jdbc.SqlScriptsTestExecutionListener, org.springframework.test.context.event.EventPublishingTestExecutionListener, org.spockframework.spring.SpringMockTestExecutionListener]
2024-04-21 18:58:26.905  INFO 45169 --- [           main] .b.t.c.SpringBootTestContextBootstrapper : Using TestExecutionListeners: [org.springframework.test.context.web.ServletTestExecutionListener@46b2dcc5, org.springframework.test.context.support.DirtiesContextBeforeModesTestExecutionListener@240f350a, org.springframework.test.context.event.ApplicationEventsTestExecutionListener@706f6d26, org.springframework.boot.test.mock.mockito.MockitoTestExecutionListener@3af2f846, org.springframework.boot.test.autoconfigure.SpringBootDependencyInjectionTestExecutionListener@6af65f29, org.springframework.test.context.support.DirtiesContextTestExecutionListener@370c9018, org.springframework.test.context.event.EventPublishingTestExecutionListener@3c81cd82, org.springframework.boot.test.mock.mockito.ResetMocksTestExecutionListener@111c229c, org.springframework.boot.test.autoconfigure.restdocs.RestDocsTestExecutionListener@49cb3881, org.springframework.boot.test.autoconfigure.web.client.MockRestServiceServerResetTestExecutionListener@1a14fdf0, org.springframework.boot.test.autoconfigure.web.servlet.MockMvcPrintOnlyOnFailureTestExecutionListener@284bdeed, org.springframework.boot.test.autoconfigure.web.servlet.WebDriverTestExecutionListener@58b311ba, org.springframework.boot.test.autoconfigure.webservices.client.MockWebServiceServerTestExecutionListener@482c351d, org.spockframework.spring.SpringMockTestExecutionListener@75eaba95]
2024-04-21 18:58:26.973  WARN 45169 --- [           main] ubernetesProfileEnvironmentPostProcessor : Not running inside kubernetes. Skipping 'kubernetes' profile activation.
2024-04-21 18:58:27.097  INFO 45169 --- [           main] trationDelegate$BeanPostProcessorChecker : Bean 'org.springframework.retry.annotation.RetryConfiguration' of type [org.springframework.retry.annotation.RetryConfiguration] is not eligible for getting processed by all BeanPostProcessors (for example: not eligible for auto-proxying)

  .   ____          _            __ _ _
 /\\ / ___'_ __ _ _(_)_ __  __ _ \ \ \ \
( ( )\___ | '_ | '_| | '_ \/ _` | \ \ \ \
 \\/  ___)| |_)| | | | | || (_| |  ) ) ) )
  '  |____| .__|_| |_|_| |_\__, | / / / /
 =========|_|==============|___/=/_/_/_/
 :: Spring Boot ::                (v2.6.3)

2024-04-21 18:58:27.320  INFO 45169 --- [           main] s.c.k.f.c.Fabric8ConfigMapPropertySource : Loading ConfigMap with name 'application' in namespace 'default'
2024-04-21 18:58:27.419  INFO 45169 --- [127.0.0.1:49580] okhttp3.mockwebserver.MockWebServer      : MockWebServer[51901] received request: GET /api/v1/namespaces/default/configmaps/application HTTP/1.1 and responded: HTTP/1.1 404 Client Error
2024-04-21 18:58:27.422  INFO 45169 --- [           main] o.s.c.k.f.config.Fabric8ConfigUtils      : config-map with name : 'application' not present in namespace : 'default'
2024-04-21 18:58:27.425  INFO 45169 --- [           main] b.c.PropertySourceBootstrapConfiguration : Located property source: [BootstrapPropertySource {name='bootstrapProperties-configmap.application.default'}]
2024-04-21 18:58:27.451  WARN 45169 --- [           main] ubernetesProfileEnvironmentPostProcessor : Not running inside kubernetes. Skipping 'kubernetes' profile activation.
2024-04-21 18:58:27.452  INFO 45169 --- [           main] urceLocatorRetryTests$ConfigRetryEnabled : No active profile set, falling back to default profiles: default
2024-04-21 18:58:28.249  INFO 45169 --- [           main] o.s.cloud.context.scope.GenericScope     : BeanFactory id=94652287-2eb9-367e-b08b-eea09b3b2900
2024-04-21 18:58:29.803  INFO 45169 --- [           main] urceLocatorRetryTests$ConfigRetryEnabled : Started Fabric8ConfigMapPropertySourceLocatorRetryTests.ConfigRetryEnabled in 2.887 seconds (JVM running for 7.825)
2024-04-21 18:58:29.815  INFO 45169 --- [WebServer 60261] okhttp3.mockwebserver.MockWebServer      : MockWebServer[60261] starting to accept connections
2024-04-21 18:58:29.833  INFO 45169 --- [           main] s.c.k.f.c.Fabric8ConfigMapPropertySource : Loading ConfigMap with name 'application' in namespace 'default'
2024-04-21 18:58:29.834  INFO 45169 --- [127.0.0.1:49580] okhttp3.mockwebserver.MockWebServer      : MockWebServer[51901] received request: GET /api/v1/namespaces/default/configmaps/application HTTP/1.1 and responded: HTTP/1.1 200 OK
2024-04-21 18:58:29.852  INFO 45169 --- [WebServer 60261] okhttp3.mockwebserver.MockWebServer      : MockWebServer[60261] done accepting connections: Socket closed
2024-04-21 18:58:29.859  INFO 45169 --- [           main] .b.t.c.SpringBootTestContextBootstrapper : Neither @ContextConfiguration nor @ContextHierarchy found for test class [org.springframework.cloud.kubernetes.fabric8.config.CoreTest], using SpringBootContextLoader
2024-04-21 18:58:29.860  INFO 45169 --- [           main] o.s.t.c.support.AbstractContextLoader    : Could not detect default resource locations for test class [org.springframework.cloud.kubernetes.fabric8.config.CoreTest]: no resource found for suffixes {-context.xml, Context.groovy}.
2024-04-21 18:58:29.864  INFO 45169 --- [           main] .b.t.c.SpringBootTestContextBootstrapper : Loaded default TestExecutionListener class names from location [META-INF/spring.factories]: [org.springframework.boot.test.mock.mockito.MockitoTestExecutionListener, org.springframework.boot.test.mock.mockito.ResetMocksTestExecutionListener, org.springframework.boot.test.autoconfigure.restdocs.RestDocsTestExecutionListener, org.springframework.boot.test.autoconfigure.web.client.MockRestServiceServerResetTestExecutionListener, org.springframework.boot.test.autoconfigure.web.servlet.MockMvcPrintOnlyOnFailureTestExecutionListener, org.springframework.boot.test.autoconfigure.web.servlet.WebDriverTestExecutionListener, org.springframework.boot.test.autoconfigure.webservices.client.MockWebServiceServerTestExecutionListener, org.springframework.test.context.web.ServletTestExecutionListener, org.springframework.test.context.support.DirtiesContextBeforeModesTestExecutionListener, org.springframework.test.context.event.ApplicationEventsTestExecutionListener, org.springframework.test.context.support.DependencyInjectionTestExecutionListener, org.springframework.test.context.support.DirtiesContextTestExecutionListener, org.springframework.test.context.transaction.TransactionalTestExecutionListener, org.springframework.test.context.jdbc.SqlScriptsTestExecutionListener, org.springframework.test.context.event.EventPublishingTestExecutionListener, org.spockframework.spring.SpringMockTestExecutionListener]
2024-04-21 18:58:29.865  INFO 45169 --- [           main] .b.t.c.SpringBootTestContextBootstrapper : Using TestExecutionListeners: [org.springframework.test.context.web.ServletTestExecutionListener@5cd701e4, org.springframework.test.context.support.DirtiesContextBeforeModesTestExecutionListener@6c9151c1, org.springframework.test.context.event.ApplicationEventsTestExecutionListener@2c3679e5, org.springframework.boot.test.mock.mockito.MockitoTestExecutionListener@41f40dfa, org.springframework.boot.test.autoconfigure.SpringBootDependencyInjectionTestExecutionListener@2548fc01, org.springframework.test.context.support.DirtiesContextTestExecutionListener@4331be30, org.springframework.test.context.event.EventPublishingTestExecutionListener@5cd71ee2, org.springframework.boot.test.mock.mockito.ResetMocksTestExecutionListener@3dad535f, org.springframework.boot.test.autoconfigure.restdocs.RestDocsTestExecutionListener@5f67181f, org.springframework.boot.test.autoconfigure.web.client.MockRestServiceServerResetTestExecutionListener@1169fdfd, org.springframework.boot.test.autoconfigure.web.servlet.MockMvcPrintOnlyOnFailureTestExecutionListener@75add13c, org.springframework.boot.test.autoconfigure.web.servlet.WebDriverTestExecutionListener@224d537d, org.springframework.boot.test.autoconfigure.webservices.client.MockWebServiceServerTestExecutionListener@450d10cb, org.spockframework.spring.SpringMockTestExecutionListener@1bd59b82]
2024-04-21 18:58:29.868  INFO 45169 --- [WebServer 33227] okhttp3.mockwebserver.MockWebServer      : MockWebServer[33227] starting to accept connections
2024-04-21 18:58:29.872  INFO 45169 --- [127.0.0.1:50604] okhttp3.mockwebserver.MockWebServer      : MockWebServer[33227] received request: POST /api/v1/namespaces/testns/configmaps HTTP/1.1 and responded: HTTP/1.1 200 OK
2024-04-21 18:58:29.881  INFO 45169 --- [127.0.0.1:50604] okhttp3.mockwebserver.MockWebServer      : MockWebServer[33227] received request: POST /api/v1/namespaces/testns/secrets HTTP/1.1 and responded: HTTP/1.1 200 OK
2024-04-21 18:58:30.016  WARN 45169 --- [           main] ubernetesProfileEnvironmentPostProcessor : Not running inside kubernetes. Skipping 'kubernetes' profile activation.

  .   ____          _            __ _ _
 /\\ / ___'_ __ _ _(_)_ __  __ _ \ \ \ \
( ( )\___ | '_ | '_| | '_ \/ _` | \ \ \ \
 \\/  ___)| |_)| | | | | || (_| |  ) ) ) )
  '  |____| .__|_| |_|_| |_\__, | / / / /
 =========|_|==============|___/=/_/_/_/
 :: Spring Boot ::                (v2.6.3)

2024-04-21 18:58:30.142  INFO 45169 --- [           main] s.c.k.f.c.Fabric8ConfigMapPropertySource : Loading ConfigMap with name 'testapp' in namespace 'testns'
2024-04-21 18:58:30.144  INFO 45169 --- [127.0.0.1:50612] okhttp3.mockwebserver.MockWebServer      : MockWebServer[33227] received request: GET /api/v1/namespaces/testns/configmaps/testapp HTTP/1.1 and responded: HTTP/1.1 200 OK
2024-04-21 18:58:30.147  INFO 45169 --- [           main] b.c.PropertySourceBootstrapConfiguration : Located property source: [BootstrapPropertySource {name='bootstrapProperties-configmap.testapp.testns'}]
2024-04-21 18:58:30.148  INFO 45169 --- [           main] o.s.c.k.f.c.Fabric8SecretsPropertySource : Loading Secret with name 'testapp' or with labels [{}] in namespace 'testns'
2024-04-21 18:58:30.149  INFO 45169 --- [127.0.0.1:50612] okhttp3.mockwebserver.MockWebServer      : MockWebServer[33227] received request: GET /api/v1/namespaces/testns/secrets/testapp HTTP/1.1 and responded: HTTP/1.1 200 OK
2024-04-21 18:58:30.193  INFO 45169 --- [127.0.0.1:50612] okhttp3.mockwebserver.MockWebServer      : MockWebServer[33227] received request: GET /api/v1/namespaces/testns/secrets HTTP/1.1 and responded: HTTP/1.1 200 OK
2024-04-21 18:58:30.238  INFO 45169 --- [           main] b.c.PropertySourceBootstrapConfiguration : Located property source: [BootstrapPropertySource {name='bootstrapProperties-secrets.testapp.testns'}]
2024-04-21 18:58:30.242  WARN 45169 --- [           main] ubernetesProfileEnvironmentPostProcessor : Not running inside kubernetes. Skipping 'kubernetes' profile activation.
2024-04-21 18:58:30.242  INFO 45169 --- [           main] o.s.c.k.fabric8.config.CoreTest          : No active profile set, falling back to default profiles: default
2024-04-21 18:58:30.821  INFO 45169 --- [           main] o.s.cloud.context.scope.GenericScope     : BeanFactory id=6834934e-323d-399a-bece-8fe3334006ce
2024-04-21 18:58:32.257  INFO 45169 --- [           main] o.s.b.a.e.web.EndpointLinksResolver      : Exposing 1 endpoint(s) beneath base path '/actuator'
2024-04-21 18:58:32.315  INFO 45169 --- [           main] o.s.c.k.fabric8.config.CoreTest          : Started CoreTest in 2.386 seconds (JVM running for 10.336)
2024-04-21 18:58:32.377  INFO 45169 --- [WebServer 45209] okhttp3.mockwebserver.MockWebServer      : MockWebServer[45209] starting to accept connections
2024-04-21 18:58:32.381  INFO 45169 --- [WebServer 45209] okhttp3.mockwebserver.MockWebServer      : MockWebServer[45209] done accepting connections: Socket closed
2024-04-21 18:58:32.388  INFO 45169 --- [WebServer 33727] okhttp3.mockwebserver.MockWebServer      : MockWebServer[33727] starting to accept connections
2024-04-21 18:58:32.391  INFO 45169 --- [WebServer 60703] okhttp3.mockwebserver.MockWebServer      : MockWebServer[60703] starting to accept connections
2024-04-21 18:58:32.392  INFO 45169 --- [           main] s.c.k.f.c.Fabric8ConfigMapPropertySource : Loading ConfigMap with name 'my-config' in namespace 'default'
2024-04-21 18:58:32.492  INFO 45169 --- [127.0.0.1:44586] okhttp3.mockwebserver.MockWebServer      : MockWebServer[60703] received request: GET /api/v1/namespaces/default/configmaps/my-config HTTP/1.1 and responded: HTTP/1.1 500 Server Error
2024-04-21 18:58:32.534  INFO 45169 --- [WebServer 60703] okhttp3.mockwebserver.MockWebServer      : MockWebServer[60703] done accepting connections: Socket closed
2024-04-21 18:58:32.542  INFO 45169 --- [WebServer 34751] okhttp3.mockwebserver.MockWebServer      : MockWebServer[34751] starting to accept connections
2024-04-21 18:58:32.546  INFO 45169 --- [WebServer 36971] okhttp3.mockwebserver.MockWebServer      : MockWebServer[36971] starting to accept connections
2024-04-21 18:58:32.547  INFO 45169 --- [           main] s.c.k.f.c.Fabric8ConfigMapPropertySource : Loading ConfigMap with name 'my-config' in namespace 'default'
2024-04-21 18:58:32.644  INFO 45169 --- [127.0.0.1:35958] okhttp3.mockwebserver.MockWebServer      : MockWebServer[36971] received request: GET /api/v1/namespaces/default/configmaps/my-config HTTP/1.1 and responded: HTTP/1.1 500 Server Error
2024-04-21 18:58:32.685  WARN 45169 --- [           main] s.c.k.f.c.Fabric8ConfigMapPropertySource : Can't read configMap with name: [my-config] in namespace: [default]. Ignoring.

io.fabric8.kubernetes.client.KubernetesClientException: Failure executing: GET at: https://localhost:36971/api/v1/namespaces/default/configmaps/my-config. Message: Internal Server Error.
	at io.fabric8.kubernetes.client.dsl.base.OperationSupport.requestFailure(OperationSupport.java:694)
	at io.fabric8.kubernetes.client.dsl.base.OperationSupport.requestFailure(OperationSupport.java:673)
	at io.fabric8.kubernetes.client.dsl.base.OperationSupport.assertResponseCode(OperationSupport.java:626)
	at io.fabric8.kubernetes.client.dsl.base.OperationSupport.handleResponse(OperationSupport.java:566)
	at io.fabric8.kubernetes.client.dsl.base.OperationSupport.handleResponse(OperationSupport.java:527)
	at io.fabric8.kubernetes.client.dsl.base.OperationSupport.handleGet(OperationSupport.java:494)
	at io.fabric8.kubernetes.client.dsl.base.OperationSupport.handleGet(OperationSupport.java:476)
	at io.fabric8.kubernetes.client.dsl.base.BaseOperation.handleGet(BaseOperation.java:788)
	at io.fabric8.kubernetes.client.dsl.base.BaseOperation.getMandatory(BaseOperation.java:187)
	at io.fabric8.kubernetes.client.dsl.base.BaseOperation.get(BaseOperation.java:154)
	at io.fabric8.kubernetes.client.dsl.base.BaseOperation.get(BaseOperation.java:87)
	at org.springframework.cloud.kubernetes.fabric8.config.Fabric8ConfigUtils.getConfigMapData(Fabric8ConfigUtils.java:118)
	at org.springframework.cloud.kubernetes.fabric8.config.Fabric8ConfigMapPropertySource.getData(Fabric8ConfigMapPropertySource.java:79)
	at org.springframework.cloud.kubernetes.fabric8.config.Fabric8ConfigMapPropertySource.<init>(Fabric8ConfigMapPropertySource.java:70)
	at org.springframework.cloud.kubernetes.fabric8.config.Fabric8ConfigMapPropertySourceTests.lambda$constructorShouldNotThrowExceptionOnFailureWhenFailFastIsDisabled$1(Fabric8ConfigMapPropertySourceTests.java:64)
	at org.assertj.core.api.ThrowableAssert.catchThrowable(ThrowableAssert.java:63)
	at org.assertj.core.api.NotThrownAssert.isThrownBy(NotThrownAssert.java:43)
	at org.springframework.cloud.kubernetes.fabric8.config.Fabric8ConfigMapPropertySourceTests.constructorShouldNotThrowExceptionOnFailureWhenFailFastIsDisabled(Fabric8ConfigMapPropertySourceTests.java:64)
	at sun.reflect.NativeMethodAccessorImpl.invoke0(Native Method)
	at sun.reflect.NativeMethodAccessorImpl.invoke(NativeMethodAccessorImpl.java:62)
	at sun.reflect.DelegatingMethodAccessorImpl.invoke(DelegatingMethodAccessorImpl.java:43)
	at java.lang.reflect.Method.invoke(Method.java:498)
	at org.junit.platform.commons.util.ReflectionUtils.invokeMethod(ReflectionUtils.java:725)
	at org.junit.jupiter.engine.execution.MethodInvocation.proceed(MethodInvocation.java:60)
	at org.junit.jupiter.engine.execution.InvocationInterceptorChain$ValidatingInvocation.proceed(InvocationInterceptorChain.java:131)
	at org.junit.jupiter.engine.extension.TimeoutExtension.intercept(TimeoutExtension.java:149)
	at org.junit.jupiter.engine.extension.TimeoutExtension.interceptTestableMethod(TimeoutExtension.java:140)
	at org.junit.jupiter.engine.extension.TimeoutExtension.interceptTestMethod(TimeoutExtension.java:84)
	at org.junit.jupiter.engine.execution.ExecutableInvoker$ReflectiveInterceptorCall.lambda$ofVoidMethod$0(ExecutableInvoker.java:115)
	at org.junit.jupiter.engine.execution.ExecutableInvoker.lambda$invoke$0(ExecutableInvoker.java:105)
	at org.junit.jupiter.engine.execution.InvocationInterceptorChain$InterceptedInvocation.proceed(InvocationInterceptorChain.java:106)
	at org.junit.jupiter.engine.execution.InvocationInterceptorChain.proceed(InvocationInterceptorChain.java:64)
	at org.junit.jupiter.engine.execution.InvocationInterceptorChain.chainAndInvoke(InvocationInterceptorChain.java:45)
	at org.junit.jupiter.engine.execution.InvocationInterceptorChain.invoke(InvocationInterceptorChain.java:37)
	at org.junit.jupiter.engine.execution.ExecutableInvoker.invoke(ExecutableInvoker.java:104)
	at org.junit.jupiter.engine.execution.ExecutableInvoker.invoke(ExecutableInvoker.java:98)
	at org.junit.jupiter.engine.descriptor.TestMethodTestDescriptor.lambda$invokeTestMethod$7(TestMethodTestDescriptor.java:214)
	at org.junit.platform.engine.support.hierarchical.ThrowableCollector.execute(ThrowableCollector.java:73)
	at org.junit.jupiter.engine.descriptor.TestMethodTestDescriptor.invokeTestMethod(TestMethodTestDescriptor.java:210)
	at org.junit.jupiter.engine.descriptor.TestMethodTestDescriptor.execute(TestMethodTestDescriptor.java:135)
	at org.junit.jupiter.engine.descriptor.TestMethodTestDescriptor.execute(TestMethodTestDescriptor.java:66)
	at org.junit.platform.engine.support.hierarchical.NodeTestTask.lambda$executeRecursively$6(NodeTestTask.java:151)
	at org.junit.platform.engine.support.hierarchical.ThrowableCollector.execute(ThrowableCollector.java:73)
	at org.junit.platform.engine.support.hierarchical.NodeTestTask.lambda$executeRecursively$8(NodeTestTask.java:141)
	at org.junit.platform.engine.support.hierarchical.Node.around(Node.java:137)
	at org.junit.platform.engine.support.hierarchical.NodeTestTask.lambda$executeRecursively$9(NodeTestTask.java:139)
	at org.junit.platform.engine.support.hierarchical.ThrowableCollector.execute(ThrowableCollector.java:73)
	at org.junit.platform.engine.support.hierarchical.NodeTestTask.executeRecursively(NodeTestTask.java:138)
	at org.junit.platform.engine.support.hierarchical.NodeTestTask.execute(NodeTestTask.java:95)
	at java.util.ArrayList.forEach(ArrayList.java:1259)
	at org.junit.platform.engine.support.hierarchical.SameThreadHierarchicalTestExecutorService.invokeAll(SameThreadHierarchicalTestExecutorService.java:41)
	at org.junit.platform.engine.support.hierarchical.NodeTestTask.lambda$executeRecursively$6(NodeTestTask.java:155)
	at org.junit.platform.engine.support.hierarchical.ThrowableCollector.execute(ThrowableCollector.java:73)
	at org.junit.platform.engine.support.hierarchical.NodeTestTask.lambda$executeRecursively$8(NodeTestTask.java:141)
	at org.junit.platform.engine.support.hierarchical.Node.around(Node.java:137)
	at org.junit.platform.engine.support.hierarchical.NodeTestTask.lambda$executeRecursively$9(NodeTestTask.java:139)
	at org.junit.platform.engine.support.hierarchical.ThrowableCollector.execute(ThrowableCollector.java:73)
	at org.junit.platform.engine.support.hierarchical.NodeTestTask.executeRecursively(NodeTestTask.java:138)
	at org.junit.platform.engine.support.hierarchical.NodeTestTask.execute(NodeTestTask.java:95)
	at java.util.ArrayList.forEach(ArrayList.java:1259)
	at org.junit.platform.engine.support.hierarchical.SameThreadHierarchicalTestExecutorService.invokeAll(SameThreadHierarchicalTestExecutorService.java:41)
	at org.junit.platform.engine.support.hierarchical.NodeTestTask.lambda$executeRecursively$6(NodeTestTask.java:155)
	at org.junit.platform.engine.support.hierarchical.ThrowableCollector.execute(ThrowableCollector.java:73)
	at org.junit.platform.engine.support.hierarchical.NodeTestTask.lambda$executeRecursively$8(NodeTestTask.java:141)
	at org.junit.platform.engine.support.hierarchical.Node.around(Node.java:137)
	at org.junit.platform.engine.support.hierarchical.NodeTestTask.lambda$executeRecursively$9(NodeTestTask.java:139)
	at org.junit.platform.engine.support.hierarchical.ThrowableCollector.execute(ThrowableCollector.java:73)
	at org.junit.platform.engine.support.hierarchical.NodeTestTask.executeRecursively(NodeTestTask.java:138)
	at org.junit.platform.engine.support.hierarchical.NodeTestTask.execute(NodeTestTask.java:95)
	at org.junit.platform.engine.support.hierarchical.SameThreadHierarchicalTestExecutorService.submit(SameThreadHierarchicalTestExecutorService.java:35)
	at org.junit.platform.engine.support.hierarchical.HierarchicalTestExecutor.execute(HierarchicalTestExecutor.java:57)
	at org.junit.platform.engine.support.hierarchical.HierarchicalTestEngine.execute(HierarchicalTestEngine.java:54)
	at org.junit.platform.launcher.core.DefaultLauncher.execute(DefaultLauncher.java:170)
	at org.junit.platform.launcher.core.DefaultLauncher.execute(DefaultLauncher.java:154)
	at org.junit.platform.launcher.core.DefaultLauncher.execute(DefaultLauncher.java:90)
	at edu.illinois.cs.testrunner.execution.JUnit5TestExecutor.runTestsSeparately(JUnit5TestExecutor.java:40)
	at edu.illinois.cs.testrunner.execution.Executor$.$anonfun$run$1(Executor.scala:33)
	at scala.runtime.java8.JFunction0$mcV$sp.apply(JFunction0$mcV$sp.java:12)
	at scala.util.Try$.apply(Try.scala:209)
	at edu.illinois.cs.testrunner.execution.Executor$.run(Executor.scala:28)
	at edu.illinois.cs.testrunner.execution.Executor$.main(Executor.scala:18)
	at edu.illinois.cs.testrunner.execution.Executor.main(Executor.scala)

2024-04-21 18:58:32.686  INFO 45169 --- [WebServer 36971] okhttp3.mockwebserver.MockWebServer      : MockWebServer[36971] done accepting connections: Socket closed
2024-04-21 18:58:32.695  INFO 45169 --- [           main] .b.t.c.SpringBootTestContextBootstrapper : Neither @ContextConfiguration nor @ContextHierarchy found for test class [org.springframework.cloud.kubernetes.fabric8.config.Fabric8BootstrapConfigurationTests$KubernetesEnabled], using SpringBootContextLoader
2024-04-21 18:58:32.696  INFO 45169 --- [           main] o.s.t.c.support.AbstractContextLoader    : Could not detect default resource locations for test class [org.springframework.cloud.kubernetes.fabric8.config.Fabric8BootstrapConfigurationTests$KubernetesEnabled]: no resource found for suffixes {-context.xml, Context.groovy}.
2024-04-21 18:58:32.698  INFO 45169 --- [           main] .b.t.c.SpringBootTestContextBootstrapper : Loaded default TestExecutionListener class names from location [META-INF/spring.factories]: [org.springframework.boot.test.mock.mockito.MockitoTestExecutionListener, org.springframework.boot.test.mock.mockito.ResetMocksTestExecutionListener, org.springframework.boot.test.autoconfigure.restdocs.RestDocsTestExecutionListener, org.springframework.boot.test.autoconfigure.web.client.MockRestServiceServerResetTestExecutionListener, org.springframework.boot.test.autoconfigure.web.servlet.MockMvcPrintOnlyOnFailureTestExecutionListener, org.springframework.boot.test.autoconfigure.web.servlet.WebDriverTestExecutionListener, org.springframework.boot.test.autoconfigure.webservices.client.MockWebServiceServerTestExecutionListener, org.springframework.test.context.web.ServletTestExecutionListener, org.springframework.test.context.support.DirtiesContextBeforeModesTestExecutionListener, org.springframework.test.context.event.ApplicationEventsTestExecutionListener, org.springframework.test.context.support.DependencyInjectionTestExecutionListener, org.springframework.test.context.support.DirtiesContextTestExecutionListener, org.springframework.test.context.transaction.TransactionalTestExecutionListener, org.springframework.test.context.jdbc.SqlScriptsTestExecutionListener, org.springframework.test.context.event.EventPublishingTestExecutionListener, org.spockframework.spring.SpringMockTestExecutionListener]
2024-04-21 18:58:32.699  INFO 45169 --- [           main] .b.t.c.SpringBootTestContextBootstrapper : Using TestExecutionListeners: [org.springframework.test.context.web.ServletTestExecutionListener@58c36104, org.springframework.test.context.support.DirtiesContextBeforeModesTestExecutionListener@1fc8047f, org.springframework.test.context.event.ApplicationEventsTestExecutionListener@29fc83c5, org.springframework.boot.test.mock.mockito.MockitoTestExecutionListener@3fb1948c, org.springframework.boot.test.autoconfigure.SpringBootDependencyInjectionTestExecutionListener@7c39193f, org.springframework.test.context.support.DirtiesContextTestExecutionListener@230d013b, org.springframework.test.context.event.EventPublishingTestExecutionListener@6e225c34, org.springframework.boot.test.mock.mockito.ResetMocksTestExecutionListener@5d84b088, org.springframework.boot.test.autoconfigure.restdocs.RestDocsTestExecutionListener@69c0bae6, org.springframework.boot.test.autoconfigure.web.client.MockRestServiceServerResetTestExecutionListener@220f6a3c, org.springframework.boot.test.autoconfigure.web.servlet.MockMvcPrintOnlyOnFailureTestExecutionListener@5eb041b5, org.springframework.boot.test.autoconfigure.web.servlet.WebDriverTestExecutionListener@2648aa1b, org.springframework.boot.test.autoconfigure.webservices.client.MockWebServiceServerTestExecutionListener@4a3333be, org.spockframework.spring.SpringMockTestExecutionListener@13b4ee4e]
2024-04-21 18:58:32.756  WARN 45169 --- [           main] ubernetesProfileEnvironmentPostProcessor : Not running inside kubernetes. Skipping 'kubernetes' profile activation.

  .   ____          _            __ _ _
 /\\ / ___'_ __ _ _(_)_ __  __ _ \ \ \ \
( ( )\___ | '_ | '_| | '_ \/ _` | \ \ \ \
 \\/  ___)| |_)| | | | | || (_| |  ) ) ) )
  '  |____| .__|_| |_|_| |_\__, | / / / /
 =========|_|==============|___/=/_/_/_/
 :: Spring Boot ::                (v2.6.3)

2024-04-21 18:58:32.858  INFO 45169 --- [           main] s.c.k.f.c.Fabric8ConfigMapPropertySource : Loading ConfigMap with name 'application' in namespace 'default'
2024-04-21 18:58:32.860  INFO 45169 --- [127.0.0.1:50626] okhttp3.mockwebserver.MockWebServer      : MockWebServer[33227] received request: GET /api/v1/namespaces/default/configmaps/application HTTP/1.1 and responded: HTTP/1.1 404 Client Error
2024-04-21 18:58:32.862  INFO 45169 --- [           main] o.s.c.k.f.config.Fabric8ConfigUtils      : config-map with name : 'application' not present in namespace : 'default'
2024-04-21 18:58:32.862  INFO 45169 --- [           main] b.c.PropertySourceBootstrapConfiguration : Located property source: [BootstrapPropertySource {name='bootstrapProperties-configmap.application.default'}]
2024-04-21 18:58:32.867  WARN 45169 --- [           main] ubernetesProfileEnvironmentPostProcessor : Not running inside kubernetes. Skipping 'kubernetes' profile activation.
2024-04-21 18:58:32.868  INFO 45169 --- [           main] trapConfigurationTests$KubernetesEnabled : No active profile set, falling back to default profiles: default
2024-04-21 18:58:33.335  INFO 45169 --- [           main] o.s.cloud.context.scope.GenericScope     : BeanFactory id=55b4a3e9-9f94-32f4-ad68-c7f5dce8195c
2024-04-21 18:58:33.584  INFO 45169 --- [           main] o.s.b.w.embedded.tomcat.TomcatWebServer  : Tomcat initialized with port(s): 0 (http)
2024-04-21 18:58:33.598  INFO 45169 --- [           main] o.apache.catalina.core.StandardService   : Starting service [Tomcat]
2024-04-21 18:58:33.599  INFO 45169 --- [           main] org.apache.catalina.core.StandardEngine  : Starting Servlet engine: [Apache Tomcat/9.0.56]
2024-04-21 18:58:33.756  INFO 45169 --- [           main] o.a.c.c.C.[Tomcat].[localhost].[/]       : Initializing Spring embedded WebApplicationContext
2024-04-21 18:58:33.756  INFO 45169 --- [           main] w.s.c.ServletWebServerApplicationContext : Root WebApplicationContext: initialization completed in 887 ms
2024-04-21 18:58:34.572  INFO 45169 --- [           main] o.s.b.a.e.web.EndpointLinksResolver      : Exposing 1 endpoint(s) beneath base path '/actuator'
2024-04-21 18:58:34.768  INFO 45169 --- [           main] o.s.b.w.embedded.tomcat.TomcatWebServer  : Tomcat started on port(s): 44511 (http) with context path ''
2024-04-21 18:58:34.779  INFO 45169 --- [           main] trapConfigurationTests$KubernetesEnabled : Started Fabric8BootstrapConfigurationTests.KubernetesEnabled in 2.079 seconds (JVM running for 12.801)
2024-04-21 18:58:34.813  INFO 45169 --- [WebServer 43325] okhttp3.mockwebserver.MockWebServer      : MockWebServer[43325] starting to accept connections
2024-04-21 18:58:34.816  INFO 45169 --- [WebServer 45047] okhttp3.mockwebserver.MockWebServer      : MockWebServer[45047] starting to accept connections

  .   ____          _            __ _ _
 /\\ / ___'_ __ _ _(_)_ __  __ _ \ \ \ \
( ( )\___ | '_ | '_| | '_ \/ _` | \ \ \ \
 \\/  ___)| |_)| | | | | || (_| |  ) ) ) )
  '  |____| .__|_| |_|_| |_\__, | / / / /
 =========|_|==============|___/=/_/_/_/
 :: Spring Boot ::                (v2.6.3)

2024-04-21 18:58:34.976  INFO 45169 --- [           main] e.i.cs.testrunner.execution.Executor$    : No active profile set, falling back to default profiles: default
2024-04-21 18:58:34.993  INFO 45169 --- [           main] o.s.cloud.context.scope.GenericScope     : BeanFactory id=5adb76a5-ffff-3c5f-a60f-7f84faf1ce0f
2024-04-21 18:58:34.999  INFO 45169 --- [           main] e.i.cs.testrunner.execution.Executor$    : Started Executor. in 0.181 seconds (JVM running for 13.02)
2024-04-21 18:58:35.000  INFO 45169 --- [WebServer 45047] okhttp3.mockwebserver.MockWebServer      : MockWebServer[45047] done accepting connections: Socket closed
2024-04-21 18:58:35.006  INFO 45169 --- [WebServer 35747] okhttp3.mockwebserver.MockWebServer      : MockWebServer[35747] starting to accept connections
2024-04-21 18:58:35.009  INFO 45169 --- [WebServer 58797] okhttp3.mockwebserver.MockWebServer      : MockWebServer[58797] starting to accept connections
2024-04-21 18:58:35.010  INFO 45169 --- [WebServer 58797] okhttp3.mockwebserver.MockWebServer      : MockWebServer[58797] done accepting connections: Socket closed
2024-04-21 18:58:35.014  INFO 45169 --- [           main] .b.t.c.SpringBootTestContextBootstrapper : Neither @ContextConfiguration nor @ContextHierarchy found for test class [org.springframework.cloud.kubernetes.fabric8.config.Fabric8BootstrapConfigurationTests$KubernetesDisabled], using SpringBootContextLoader
2024-04-21 18:58:35.015  INFO 45169 --- [           main] o.s.t.c.support.AbstractContextLoader    : Could not detect default resource locations for test class [org.springframework.cloud.kubernetes.fabric8.config.Fabric8BootstrapConfigurationTests$KubernetesDisabled]: no resource found for suffixes {-context.xml, Context.groovy}.
2024-04-21 18:58:35.017  INFO 45169 --- [           main] .b.t.c.SpringBootTestContextBootstrapper : Loaded default TestExecutionListener class names from location [META-INF/spring.factories]: [org.springframework.boot.test.mock.mockito.MockitoTestExecutionListener, org.springframework.boot.test.mock.mockito.ResetMocksTestExecutionListener, org.springframework.boot.test.autoconfigure.restdocs.RestDocsTestExecutionListener, org.springframework.boot.test.autoconfigure.web.client.MockRestServiceServerResetTestExecutionListener, org.springframework.boot.test.autoconfigure.web.servlet.MockMvcPrintOnlyOnFailureTestExecutionListener, org.springframework.boot.test.autoconfigure.web.servlet.WebDriverTestExecutionListener, org.springframework.boot.test.autoconfigure.webservices.client.MockWebServiceServerTestExecutionListener, org.springframework.test.context.web.ServletTestExecutionListener, org.springframework.test.context.support.DirtiesContextBeforeModesTestExecutionListener, org.springframework.test.context.event.ApplicationEventsTestExecutionListener, org.springframework.test.context.support.DependencyInjectionTestExecutionListener, org.springframework.test.context.support.DirtiesContextTestExecutionListener, org.springframework.test.context.transaction.TransactionalTestExecutionListener, org.springframework.test.context.jdbc.SqlScriptsTestExecutionListener, org.springframework.test.context.event.EventPublishingTestExecutionListener, org.spockframework.spring.SpringMockTestExecutionListener]
2024-04-21 18:58:35.018  INFO 45169 --- [           main] .b.t.c.SpringBootTestContextBootstrapper : Using TestExecutionListeners: [org.springframework.test.context.web.ServletTestExecutionListener@44d2bbc0, org.springframework.test.context.support.DirtiesContextBeforeModesTestExecutionListener@310cc4d, org.springframework.test.context.event.ApplicationEventsTestExecutionListener@5e94947e, org.springframework.boot.test.mock.mockito.MockitoTestExecutionListener@4a1c14a6, org.springframework.boot.test.autoconfigure.SpringBootDependencyInjectionTestExecutionListener@1bc1aa9e, org.springframework.test.context.support.DirtiesContextTestExecutionListener@1e366f0f, org.springframework.test.context.event.EventPublishingTestExecutionListener@647b3fd3, org.springframework.boot.test.mock.mockito.ResetMocksTestExecutionListener@4e68aede, org.springframework.boot.test.autoconfigure.restdocs.RestDocsTestExecutionListener@586b78d7, org.springframework.boot.test.autoconfigure.web.client.MockRestServiceServerResetTestExecutionListener@75882ac2, org.springframework.boot.test.autoconfigure.web.servlet.MockMvcPrintOnlyOnFailureTestExecutionListener@48b01607, org.springframework.boot.test.autoconfigure.web.servlet.WebDriverTestExecutionListener@43255f91, org.springframework.boot.test.autoconfigure.webservices.client.MockWebServiceServerTestExecutionListener@408b2ae2, org.spockframework.spring.SpringMockTestExecutionListener@74e1d60b]

  .   ____          _            __ _ _
 /\\ / ___'_ __ _ _(_)_ __  __ _ \ \ \ \
( ( )\___ | '_ | '_| | '_ \/ _` | \ \ \ \
 \\/  ___)| |_)| | | | | || (_| |  ) ) ) )
  '  |____| .__|_| |_|_| |_\__, | / / / /
 =========|_|==============|___/=/_/_/_/
 :: Spring Boot ::                (v2.6.3)

2024-04-21 18:58:35.129  INFO 45169 --- [           main] rapConfigurationTests$KubernetesDisabled : No active profile set, falling back to default profiles: default
2024-04-21 18:58:35.590  INFO 45169 --- [           main] o.s.cloud.context.scope.GenericScope     : BeanFactory id=05bd9ce4-b5b1-3fa1-8610-bcc2745d9eb9
2024-04-21 18:58:35.708  INFO 45169 --- [           main] o.s.b.w.embedded.tomcat.TomcatWebServer  : Tomcat initialized with port(s): 0 (http)
2024-04-21 18:58:35.709  INFO 45169 --- [           main] o.apache.catalina.core.StandardService   : Starting service [Tomcat]
2024-04-21 18:58:35.710  INFO 45169 --- [           main] org.apache.catalina.core.StandardEngine  : Starting Servlet engine: [Apache Tomcat/9.0.56]
2024-04-21 18:58:35.726  INFO 45169 --- [           main] o.a.c.c.C.[Tomcat-1].[localhost].[/]     : Initializing Spring embedded WebApplicationContext
2024-04-21 18:58:35.726  INFO 45169 --- [           main] w.s.c.ServletWebServerApplicationContext : Root WebApplicationContext: initialization completed in 595 ms
2024-04-21 18:58:36.429  INFO 45169 --- [           main] o.s.b.a.e.web.EndpointLinksResolver      : Exposing 1 endpoint(s) beneath base path '/actuator'
2024-04-21 18:58:36.473  INFO 45169 --- [           main] o.s.b.w.embedded.tomcat.TomcatWebServer  : Tomcat started on port(s): 34931 (http) with context path ''
2024-04-21 18:58:36.481  INFO 45169 --- [           main] rapConfigurationTests$KubernetesDisabled : Started Fabric8BootstrapConfigurationTests.KubernetesDisabled in 1.461 seconds (JVM running for 14.502)
2024-04-21 18:58:36.494  INFO 45169 --- [WebServer 58985] okhttp3.mockwebserver.MockWebServer      : MockWebServer[58985] starting to accept connections
2024-04-21 18:58:36.498  INFO 45169 --- [WebServer 54463] okhttp3.mockwebserver.MockWebServer      : MockWebServer[54463] starting to accept connections
2024-04-21 18:58:36.498  INFO 45169 --- [           main] s.c.k.f.c.Fabric8ConfigMapPropertySource : Loading ConfigMap with name 'configmap' in namespace 'some'
2024-04-21 18:58:36.499  WARN 45169 --- [           main] s.c.k.f.c.Fabric8ConfigMapPropertySource : Can't read configMap with name: [configmap] in namespace: [some]. Ignoring.

java.lang.NullPointerException: null
	at org.springframework.cloud.kubernetes.fabric8.config.Fabric8ConfigUtils.getConfigMapData(Fabric8ConfigUtils.java:118)
	at org.springframework.cloud.kubernetes.fabric8.config.Fabric8ConfigMapPropertySource.getData(Fabric8ConfigMapPropertySource.java:79)
	at org.springframework.cloud.kubernetes.fabric8.config.Fabric8ConfigMapPropertySource.<init>(Fabric8ConfigMapPropertySource.java:70)
	at org.springframework.cloud.kubernetes.fabric8.config.Fabric8ConfigMapPropertySource.<init>(Fabric8ConfigMapPropertySource.java:53)
	at org.springframework.cloud.kubernetes.fabric8.config.Fabric8ConfigMapPropertySourceTests.deprecatedConstructorWithClientNamespaceMustNotFail(Fabric8ConfigMapPropertySourceTests.java:80)
	at sun.reflect.NativeMethodAccessorImpl.invoke0(Native Method)
	at sun.reflect.NativeMethodAccessorImpl.invoke(NativeMethodAccessorImpl.java:62)
	at sun.reflect.DelegatingMethodAccessorImpl.invoke(DelegatingMethodAccessorImpl.java:43)
	at java.lang.reflect.Method.invoke(Method.java:498)
	at org.junit.platform.commons.util.ReflectionUtils.invokeMethod(ReflectionUtils.java:725)
	at org.junit.jupiter.engine.execution.MethodInvocation.proceed(MethodInvocation.java:60)
	at org.junit.jupiter.engine.execution.InvocationInterceptorChain$ValidatingInvocation.proceed(InvocationInterceptorChain.java:131)
	at org.junit.jupiter.engine.extension.TimeoutExtension.intercept(TimeoutExtension.java:149)
	at org.junit.jupiter.engine.extension.TimeoutExtension.interceptTestableMethod(TimeoutExtension.java:140)
	at org.junit.jupiter.engine.extension.TimeoutExtension.interceptTestMethod(TimeoutExtension.java:84)
	at org.junit.jupiter.engine.execution.ExecutableInvoker$ReflectiveInterceptorCall.lambda$ofVoidMethod$0(ExecutableInvoker.java:115)
	at org.junit.jupiter.engine.execution.ExecutableInvoker.lambda$invoke$0(ExecutableInvoker.java:105)
	at org.junit.jupiter.engine.execution.InvocationInterceptorChain$InterceptedInvocation.proceed(InvocationInterceptorChain.java:106)
	at org.junit.jupiter.engine.execution.InvocationInterceptorChain.proceed(InvocationInterceptorChain.java:64)
	at org.junit.jupiter.engine.execution.InvocationInterceptorChain.chainAndInvoke(InvocationInterceptorChain.java:45)
	at org.junit.jupiter.engine.execution.InvocationInterceptorChain.invoke(InvocationInterceptorChain.java:37)
	at org.junit.jupiter.engine.execution.ExecutableInvoker.invoke(ExecutableInvoker.java:104)
	at org.junit.jupiter.engine.execution.ExecutableInvoker.invoke(ExecutableInvoker.java:98)
	at org.junit.jupiter.engine.descriptor.TestMethodTestDescriptor.lambda$invokeTestMethod$7(TestMethodTestDescriptor.java:214)
	at org.junit.platform.engine.support.hierarchical.ThrowableCollector.execute(ThrowableCollector.java:73)
	at org.junit.jupiter.engine.descriptor.TestMethodTestDescriptor.invokeTestMethod(TestMethodTestDescriptor.java:210)
	at org.junit.jupiter.engine.descriptor.TestMethodTestDescriptor.execute(TestMethodTestDescriptor.java:135)
	at org.junit.jupiter.engine.descriptor.TestMethodTestDescriptor.execute(TestMethodTestDescriptor.java:66)
	at org.junit.platform.engine.support.hierarchical.NodeTestTask.lambda$executeRecursively$6(NodeTestTask.java:151)
	at org.junit.platform.engine.support.hierarchical.ThrowableCollector.execute(ThrowableCollector.java:73)
	at org.junit.platform.engine.support.hierarchical.NodeTestTask.lambda$executeRecursively$8(NodeTestTask.java:141)
	at org.junit.platform.engine.support.hierarchical.Node.around(Node.java:137)
	at org.junit.platform.engine.support.hierarchical.NodeTestTask.lambda$executeRecursively$9(NodeTestTask.java:139)
	at org.junit.platform.engine.support.hierarchical.ThrowableCollector.execute(ThrowableCollector.java:73)
	at org.junit.platform.engine.support.hierarchical.NodeTestTask.executeRecursively(NodeTestTask.java:138)
	at org.junit.platform.engine.support.hierarchical.NodeTestTask.execute(NodeTestTask.java:95)
	at java.util.ArrayList.forEach(ArrayList.java:1259)
	at org.junit.platform.engine.support.hierarchical.SameThreadHierarchicalTestExecutorService.invokeAll(SameThreadHierarchicalTestExecutorService.java:41)
	at org.junit.platform.engine.support.hierarchical.NodeTestTask.lambda$executeRecursively$6(NodeTestTask.java:155)
	at org.junit.platform.engine.support.hierarchical.ThrowableCollector.execute(ThrowableCollector.java:73)
	at org.junit.platform.engine.support.hierarchical.NodeTestTask.lambda$executeRecursively$8(NodeTestTask.java:141)
	at org.junit.platform.engine.support.hierarchical.Node.around(Node.java:137)
	at org.junit.platform.engine.support.hierarchical.NodeTestTask.lambda$executeRecursively$9(NodeTestTask.java:139)
	at org.junit.platform.engine.support.hierarchical.ThrowableCollector.execute(ThrowableCollector.java:73)
	at org.junit.platform.engine.support.hierarchical.NodeTestTask.executeRecursively(NodeTestTask.java:138)
	at org.junit.platform.engine.support.hierarchical.NodeTestTask.execute(NodeTestTask.java:95)
	at java.util.ArrayList.forEach(ArrayList.java:1259)
	at org.junit.platform.engine.support.hierarchical.SameThreadHierarchicalTestExecutorService.invokeAll(SameThreadHierarchicalTestExecutorService.java:41)
	at org.junit.platform.engine.support.hierarchical.NodeTestTask.lambda$executeRecursively$6(NodeTestTask.java:155)
	at org.junit.platform.engine.support.hierarchical.ThrowableCollector.execute(ThrowableCollector.java:73)
	at org.junit.platform.engine.support.hierarchical.NodeTestTask.lambda$executeRecursively$8(NodeTestTask.java:141)
	at org.junit.platform.engine.support.hierarchical.Node.around(Node.java:137)
	at org.junit.platform.engine.support.hierarchical.NodeTestTask.lambda$executeRecursively$9(NodeTestTask.java:139)
	at org.junit.platform.engine.support.hierarchical.ThrowableCollector.execute(ThrowableCollector.java:73)
	at org.junit.platform.engine.support.hierarchical.NodeTestTask.executeRecursively(NodeTestTask.java:138)
	at org.junit.platform.engine.support.hierarchical.NodeTestTask.execute(NodeTestTask.java:95)
	at org.junit.platform.engine.support.hierarchical.SameThreadHierarchicalTestExecutorService.submit(SameThreadHierarchicalTestExecutorService.java:35)
	at org.junit.platform.engine.support.hierarchical.HierarchicalTestExecutor.execute(HierarchicalTestExecutor.java:57)
	at org.junit.platform.engine.support.hierarchical.HierarchicalTestEngine.execute(HierarchicalTestEngine.java:54)
	at org.junit.platform.launcher.core.DefaultLauncher.execute(DefaultLauncher.java:170)
	at org.junit.platform.launcher.core.DefaultLauncher.execute(DefaultLauncher.java:154)
	at org.junit.platform.launcher.core.DefaultLauncher.execute(DefaultLauncher.java:90)
	at edu.illinois.cs.testrunner.execution.JUnit5TestExecutor.runTestsSeparately(JUnit5TestExecutor.java:40)
	at edu.illinois.cs.testrunner.execution.Executor$.$anonfun$run$1(Executor.scala:33)
	at scala.runtime.java8.JFunction0$mcV$sp.apply(JFunction0$mcV$sp.java:12)
	at scala.util.Try$.apply(Try.scala:209)
	at edu.illinois.cs.testrunner.execution.Executor$.run(Executor.scala:28)
	at edu.illinois.cs.testrunner.execution.Executor$.main(Executor.scala:18)
	at edu.illinois.cs.testrunner.execution.Executor.main(Executor.scala)

2024-04-21 18:58:36.499  INFO 45169 --- [WebServer 54463] okhttp3.mockwebserver.MockWebServer      : MockWebServer[54463] done accepting connections: Socket closed
2024-04-21 18:58:36.503  INFO 45169 --- [WebServer 58815] okhttp3.mockwebserver.MockWebServer      : MockWebServer[58815] starting to accept connections
2024-04-21 18:58:36.513  INFO 45169 --- [WebServer 38027] okhttp3.mockwebserver.MockWebServer      : MockWebServer[38027] starting to accept connections
2024-04-21 18:58:36.513  INFO 45169 --- [WebServer 38027] okhttp3.mockwebserver.MockWebServer      : MockWebServer[38027] done accepting connections: Socket closed
2024-04-21 18:58:36.519  INFO 45169 --- [           main] .b.t.c.SpringBootTestContextBootstrapper : Neither @ContextConfiguration nor @ContextHierarchy found for test class [org.springframework.cloud.kubernetes.fabric8.config.ConfigMapsWithProfilesTests], using SpringBootContextLoader
2024-04-21 18:58:36.520  INFO 45169 --- [           main] o.s.t.c.support.AbstractContextLoader    : Could not detect default resource locations for test class [org.springframework.cloud.kubernetes.fabric8.config.ConfigMapsWithProfilesTests]: no resource found for suffixes {-context.xml, Context.groovy}.
2024-04-21 18:58:36.528  INFO 45169 --- [           main] .b.t.c.SpringBootTestContextBootstrapper : Loaded default TestExecutionListener class names from location [META-INF/spring.factories]: [org.springframework.boot.test.mock.mockito.MockitoTestExecutionListener, org.springframework.boot.test.mock.mockito.ResetMocksTestExecutionListener, org.springframework.boot.test.autoconfigure.restdocs.RestDocsTestExecutionListener, org.springframework.boot.test.autoconfigure.web.client.MockRestServiceServerResetTestExecutionListener, org.springframework.boot.test.autoconfigure.web.servlet.MockMvcPrintOnlyOnFailureTestExecutionListener, org.springframework.boot.test.autoconfigure.web.servlet.WebDriverTestExecutionListener, org.springframework.boot.test.autoconfigure.webservices.client.MockWebServiceServerTestExecutionListener, org.springframework.test.context.web.ServletTestExecutionListener, org.springframework.test.context.support.DirtiesContextBeforeModesTestExecutionListener, org.springframework.test.context.event.ApplicationEventsTestExecutionListener, org.springframework.test.context.support.DependencyInjectionTestExecutionListener, org.springframework.test.context.support.DirtiesContextTestExecutionListener, org.springframework.test.context.transaction.TransactionalTestExecutionListener, org.springframework.test.context.jdbc.SqlScriptsTestExecutionListener, org.springframework.test.context.event.EventPublishingTestExecutionListener, org.spockframework.spring.SpringMockTestExecutionListener]
2024-04-21 18:58:36.530  INFO 45169 --- [           main] .b.t.c.SpringBootTestContextBootstrapper : Using TestExecutionListeners: [org.springframework.test.context.web.ServletTestExecutionListener@5e1bfe66, org.springframework.test.context.support.DirtiesContextBeforeModesTestExecutionListener@6c399d4, org.springframework.test.context.event.ApplicationEventsTestExecutionListener@726dd367, org.springframework.boot.test.mock.mockito.MockitoTestExecutionListener@433362e0, org.springframework.boot.test.autoconfigure.SpringBootDependencyInjectionTestExecutionListener@425a5c2e, org.springframework.test.context.support.DirtiesContextTestExecutionListener@58cd6088, org.springframework.test.context.event.EventPublishingTestExecutionListener@44a7661d, org.springframework.boot.test.mock.mockito.ResetMocksTestExecutionListener@1cdb280b, org.springframework.boot.test.autoconfigure.restdocs.RestDocsTestExecutionListener@cf0bc92, org.springframework.boot.test.autoconfigure.web.client.MockRestServiceServerResetTestExecutionListener@3f8a44a4, org.springframework.boot.test.autoconfigure.web.servlet.MockMvcPrintOnlyOnFailureTestExecutionListener@40625ac6, org.springframework.boot.test.autoconfigure.web.servlet.WebDriverTestExecutionListener@53cb9b1, org.springframework.boot.test.autoconfigure.webservices.client.MockWebServiceServerTestExecutionListener@c2191a8, org.spockframework.spring.SpringMockTestExecutionListener@61e34bec]
2024-04-21 18:58:36.531  INFO 45169 --- [WebServer 58981] okhttp3.mockwebserver.MockWebServer      : MockWebServer[58981] starting to accept connections
2024-04-21 18:58:36.538  INFO 45169 --- [127.0.0.1:54420] okhttp3.mockwebserver.MockWebServer      : MockWebServer[58981] received request: POST /api/v1/namespaces/test/configmaps HTTP/1.1 and responded: HTTP/1.1 200 OK
2024-04-21 18:58:36.582  WARN 45169 --- [           main] ubernetesProfileEnvironmentPostProcessor : Not running inside kubernetes. Skipping 'kubernetes' profile activation.

  .   ____          _            __ _ _
 /\\ / ___'_ __ _ _(_)_ __  __ _ \ \ \ \
( ( )\___ | '_ | '_| | '_ \/ _` | \ \ \ \
 \\/  ___)| |_)| | | | | || (_| |  ) ) ) )
  '  |____| .__|_| |_|_| |_\__, | / / / /
 =========|_|==============|___/=/_/_/_/
 :: Spring Boot ::                (v2.6.3)

2024-04-21 18:58:36.661  INFO 45169 --- [           main] s.c.k.f.c.Fabric8ConfigMapPropertySource : Loading ConfigMap with name 'configmap-with-profile-example' in namespace 'test'
2024-04-21 18:58:36.664  INFO 45169 --- [127.0.0.1:54436] okhttp3.mockwebserver.MockWebServer      : MockWebServer[58981] received request: GET /api/v1/namespaces/test/configmaps/configmap-with-profile-example HTTP/1.1 and responded: HTTP/1.1 200 OK
2024-04-21 18:58:36.682  INFO 45169 --- [127.0.0.1:54436] okhttp3.mockwebserver.MockWebServer      : MockWebServer[58981] received request: GET /api/v1/namespaces/test/configmaps/configmap-with-profile-example-development HTTP/1.1 and responded: HTTP/1.1 404 Client Error
2024-04-21 18:58:36.683  INFO 45169 --- [           main] o.s.c.k.f.config.Fabric8ConfigUtils      : config-map with name : 'configmap-with-profile-example-development' not present in namespace : 'test'
2024-04-21 18:58:36.683  INFO 45169 --- [           main] b.c.PropertySourceBootstrapConfiguration : Located property source: [BootstrapPropertySource {name='bootstrapProperties-configmap.configmap-with-profile-example.test'}]
2024-04-21 18:58:36.689  WARN 45169 --- [           main] ubernetesProfileEnvironmentPostProcessor : Not running inside kubernetes. Skipping 'kubernetes' profile activation.
2024-04-21 18:58:36.690  INFO 45169 --- [           main] o.s.c.k.f.c.ConfigMapsWithProfilesTests  : The following profiles are active: development
2024-04-21 18:58:36.950  INFO 45169 --- [           main] o.s.cloud.context.scope.GenericScope     : BeanFactory id=affffd22-e438-321b-a0d0-967c2140a2e8
2024-04-21 18:58:37.061  INFO 45169 --- [           main] o.s.b.w.embedded.tomcat.TomcatWebServer  : Tomcat initialized with port(s): 0 (http)
2024-04-21 18:58:37.062  INFO 45169 --- [           main] o.apache.catalina.core.StandardService   : Starting service [Tomcat]
2024-04-21 18:58:37.062  INFO 45169 --- [           main] org.apache.catalina.core.StandardEngine  : Starting Servlet engine: [Apache Tomcat/9.0.56]
2024-04-21 18:58:37.073  INFO 45169 --- [           main] o.a.c.c.C.[Tomcat-2].[localhost].[/]     : Initializing Spring embedded WebApplicationContext
2024-04-21 18:58:37.074  INFO 45169 --- [           main] w.s.c.ServletWebServerApplicationContext : Root WebApplicationContext: initialization completed in 383 ms
2024-04-21 18:58:37.860  INFO 45169 --- [           main] o.s.b.a.e.web.EndpointLinksResolver      : Exposing 1 endpoint(s) beneath base path '/actuator'
2024-04-21 18:58:37.912  INFO 45169 --- [           main] o.s.b.w.embedded.tomcat.TomcatWebServer  : Tomcat started on port(s): 36065 (http) with context path ''
2024-04-21 18:58:37.920  INFO 45169 --- [           main] o.s.c.k.f.c.ConfigMapsWithProfilesTests  : Started ConfigMapsWithProfilesTests in 1.381 seconds (JVM running for 15.942)
2024-04-21 18:58:38.115  INFO 45169 --- [WebServer 58311] okhttp3.mockwebserver.MockWebServer      : MockWebServer[58311] starting to accept connections
2024-04-21 18:58:38.530  INFO 45169 --- [o-auto-3-exec-1] o.a.c.c.C.[Tomcat-2].[localhost].[/]     : Initializing Spring DispatcherServlet 'dispatcherServlet'
2024-04-21 18:58:38.530  INFO 45169 --- [o-auto-3-exec-1] o.s.web.servlet.DispatcherServlet        : Initializing Servlet 'dispatcherServlet'
2024-04-21 18:58:38.531  INFO 45169 --- [o-auto-3-exec-1] o.s.web.servlet.DispatcherServlet        : Completed initialization in 1 ms
2024-04-21 18:58:38.672  INFO 45169 --- [WebServer 58311] okhttp3.mockwebserver.MockWebServer      : MockWebServer[58311] done accepting connections: Socket closed
2024-04-21 18:58:38.676  INFO 45169 --- [WebServer 50613] okhttp3.mockwebserver.MockWebServer      : MockWebServer[50613] starting to accept connections
2024-04-21 18:58:38.677  INFO 45169 --- [WebServer 59707] okhttp3.mockwebserver.MockWebServer      : MockWebServer[59707] starting to accept connections
2024-04-21 18:58:38.681  INFO 45169 --- [127.0.0.1:60540] okhttp3.mockwebserver.MockWebServer      : MockWebServer[50613] received request: POST /api/v1/namespaces/test/configmaps HTTP/1.1 and responded: HTTP/1.1 200 OK
2024-04-21 18:58:38.682  INFO 45169 --- [           main] s.c.k.f.c.Fabric8ConfigMapPropertySource : Loading ConfigMap with name 'single-unparseable-yaml-test' in namespace 'test'
2024-04-21 18:58:38.684  INFO 45169 --- [127.0.0.1:60540] okhttp3.mockwebserver.MockWebServer      : MockWebServer[50613] received request: GET /api/v1/namespaces/test/configmaps/single-unparseable-yaml-test HTTP/1.1 and responded: HTTP/1.1 200 OK
2024-04-21 18:58:38.730  INFO 45169 --- [WebServer 59707] okhttp3.mockwebserver.MockWebServer      : MockWebServer[59707] done accepting connections: Socket closed
2024-04-21 18:58:38.742  INFO 45169 --- [           main] .b.t.c.SpringBootTestContextBootstrapper : Neither @ContextConfiguration nor @ContextHierarchy found for test class [org.springframework.cloud.kubernetes.fabric8.config.ConfigMapsFromFilePathsTests], using SpringBootContextLoader
2024-04-21 18:58:38.744  INFO 45169 --- [           main] o.s.t.c.support.AbstractContextLoader    : Could not detect default resource locations for test class [org.springframework.cloud.kubernetes.fabric8.config.ConfigMapsFromFilePathsTests]: no resource found for suffixes {-context.xml, Context.groovy}.
2024-04-21 18:58:38.749  INFO 45169 --- [           main] .b.t.c.SpringBootTestContextBootstrapper : Loaded default TestExecutionListener class names from location [META-INF/spring.factories]: [org.springframework.boot.test.mock.mockito.MockitoTestExecutionListener, org.springframework.boot.test.mock.mockito.ResetMocksTestExecutionListener, org.springframework.boot.test.autoconfigure.restdocs.RestDocsTestExecutionListener, org.springframework.boot.test.autoconfigure.web.client.MockRestServiceServerResetTestExecutionListener, org.springframework.boot.test.autoconfigure.web.servlet.MockMvcPrintOnlyOnFailureTestExecutionListener, org.springframework.boot.test.autoconfigure.web.servlet.WebDriverTestExecutionListener, org.springframework.boot.test.autoconfigure.webservices.client.MockWebServiceServerTestExecutionListener, org.springframework.test.context.web.ServletTestExecutionListener, org.springframework.test.context.support.DirtiesContextBeforeModesTestExecutionListener, org.springframework.test.context.event.ApplicationEventsTestExecutionListener, org.springframework.test.context.support.DependencyInjectionTestExecutionListener, org.springframework.test.context.support.DirtiesContextTestExecutionListener, org.springframework.test.context.transaction.TransactionalTestExecutionListener, org.springframework.test.context.jdbc.SqlScriptsTestExecutionListener, org.springframework.test.context.event.EventPublishingTestExecutionListener, org.spockframework.spring.SpringMockTestExecutionListener]
2024-04-21 18:58:38.751  INFO 45169 --- [           main] .b.t.c.SpringBootTestContextBootstrapper : Using TestExecutionListeners: [org.springframework.test.context.web.ServletTestExecutionListener@59ebe484, org.springframework.test.context.support.DirtiesContextBeforeModesTestExecutionListener@7fd624f5, org.springframework.test.context.event.ApplicationEventsTestExecutionListener@1cafb30, org.springframework.boot.test.mock.mockito.MockitoTestExecutionListener@5cc28282, org.springframework.boot.test.autoconfigure.SpringBootDependencyInjectionTestExecutionListener@5a0b925a, org.springframework.test.context.support.DirtiesContextTestExecutionListener@14b4f462, org.springframework.test.context.event.EventPublishingTestExecutionListener@42718ebf, org.springframework.boot.test.mock.mockito.ResetMocksTestExecutionListener@a6fc2e1, org.springframework.boot.test.autoconfigure.restdocs.RestDocsTestExecutionListener@c7008b4, org.springframework.boot.test.autoconfigure.web.client.MockRestServiceServerResetTestExecutionListener@3f54fabc, org.springframework.boot.test.autoconfigure.web.servlet.MockMvcPrintOnlyOnFailureTestExecutionListener@719e8f9f, org.springframework.boot.test.autoconfigure.web.servlet.WebDriverTestExecutionListener@5122387, org.springframework.boot.test.autoconfigure.webservices.client.MockWebServiceServerTestExecutionListener@9abbe39, org.spockframework.spring.SpringMockTestExecutionListener@11b234aa]
2024-04-21 18:58:38.754  INFO 45169 --- [WebServer 35189] okhttp3.mockwebserver.MockWebServer      : MockWebServer[35189] starting to accept connections
2024-04-21 18:58:38.830  WARN 45169 --- [           main] ubernetesProfileEnvironmentPostProcessor : Not running inside kubernetes. Skipping 'kubernetes' profile activation.

  .   ____          _            __ _ _
 /\\ / ___'_ __ _ _(_)_ __  __ _ \ \ \ \
( ( )\___ | '_ | '_| | '_ \/ _` | \ \ \ \
 \\/  ___)| |_)| | | | | || (_| |  ) ) ) )
  '  |____| .__|_| |_|_| |_\__, | / / / /
 =========|_|==============|___/=/_/_/_/
 :: Spring Boot ::                (v2.6.3)

2024-04-21 18:58:38.957  INFO 45169 --- [           main] b.c.PropertySourceBootstrapConfiguration : Located property source: [BootstrapPropertySource {name='bootstrapProperties-/tmp/scktests/another-directory/application.properties'}, BootstrapPropertySource {name='bootstrapProperties-/tmp/scktests/extra.properties'}, BootstrapPropertySource {name='bootstrapProperties-/tmp/scktests/application.properties'}]
2024-04-21 18:58:38.962  WARN 45169 --- [           main] ubernetesProfileEnvironmentPostProcessor : Not running inside kubernetes. Skipping 'kubernetes' profile activation.
2024-04-21 18:58:38.963  INFO 45169 --- [           main] o.s.c.k.f.c.ConfigMapsFromFilePathsTests : No active profile set, falling back to default profiles: default
2024-04-21 18:58:39.198  INFO 45169 --- [           main] o.s.cloud.context.scope.GenericScope     : BeanFactory id=e369cf40-d234-36e2-a4dc-38329760186f
2024-04-21 18:58:39.319  INFO 45169 --- [           main] o.s.b.w.embedded.tomcat.TomcatWebServer  : Tomcat initialized with port(s): 0 (http)
2024-04-21 18:58:39.320  INFO 45169 --- [           main] o.apache.catalina.core.StandardService   : Starting service [Tomcat]
2024-04-21 18:58:39.320  INFO 45169 --- [           main] org.apache.catalina.core.StandardEngine  : Starting Servlet engine: [Apache Tomcat/9.0.56]
2024-04-21 18:58:39.331  INFO 45169 --- [           main] o.a.c.c.C.[Tomcat-3].[localhost].[/]     : Initializing Spring embedded WebApplicationContext
2024-04-21 18:58:39.331  INFO 45169 --- [           main] w.s.c.ServletWebServerApplicationContext : Root WebApplicationContext: initialization completed in 366 ms
2024-04-21 18:58:40.047  INFO 45169 --- [           main] o.s.b.a.e.web.EndpointLinksResolver      : Exposing 1 endpoint(s) beneath base path '/actuator'
2024-04-21 18:58:40.095  INFO 45169 --- [           main] o.s.b.w.embedded.tomcat.TomcatWebServer  : Tomcat started on port(s): 39585 (http) with context path ''
2024-04-21 18:58:40.101  INFO 45169 --- [           main] o.s.c.k.f.c.ConfigMapsFromFilePathsTests : Started ConfigMapsFromFilePathsTests in 1.344 seconds (JVM running for 18.123)
2024-04-21 18:58:40.111  INFO 45169 --- [WebServer 43603] okhttp3.mockwebserver.MockWebServer      : MockWebServer[43603] starting to accept connections
2024-04-21 18:58:40.123  INFO 45169 --- [o-auto-4-exec-1] o.a.c.c.C.[Tomcat-3].[localhost].[/]     : Initializing Spring DispatcherServlet 'dispatcherServlet'
2024-04-21 18:58:40.123  INFO 45169 --- [o-auto-4-exec-1] o.s.web.servlet.DispatcherServlet        : Initializing Servlet 'dispatcherServlet'
2024-04-21 18:58:40.124  INFO 45169 --- [o-auto-4-exec-1] o.s.web.servlet.DispatcherServlet        : Completed initialization in 1 ms
2024-04-21 18:58:40.137  INFO 45169 --- [WebServer 43603] okhttp3.mockwebserver.MockWebServer      : MockWebServer[43603] done accepting connections: Socket closed
2024-04-21 18:58:40.143  INFO 45169 --- [           main] .b.t.c.SpringBootTestContextBootstrapper : Neither @ContextConfiguration nor @ContextHierarchy found for test class [org.springframework.cloud.kubernetes.fabric8.config.MultipleSecretsTests], using SpringBootContextLoader
2024-04-21 18:58:40.144  INFO 45169 --- [           main] o.s.t.c.support.AbstractContextLoader    : Could not detect default resource locations for test class [org.springframework.cloud.kubernetes.fabric8.config.MultipleSecretsTests]: no resource found for suffixes {-context.xml, Context.groovy}.
2024-04-21 18:58:40.147  INFO 45169 --- [           main] .b.t.c.SpringBootTestContextBootstrapper : Loaded default TestExecutionListener class names from location [META-INF/spring.factories]: [org.springframework.boot.test.mock.mockito.MockitoTestExecutionListener, org.springframework.boot.test.mock.mockito.ResetMocksTestExecutionListener, org.springframework.boot.test.autoconfigure.restdocs.RestDocsTestExecutionListener, org.springframework.boot.test.autoconfigure.web.client.MockRestServiceServerResetTestExecutionListener, org.springframework.boot.test.autoconfigure.web.servlet.MockMvcPrintOnlyOnFailureTestExecutionListener, org.springframework.boot.test.autoconfigure.web.servlet.WebDriverTestExecutionListener, org.springframework.boot.test.autoconfigure.webservices.client.MockWebServiceServerTestExecutionListener, org.springframework.test.context.web.ServletTestExecutionListener, org.springframework.test.context.support.DirtiesContextBeforeModesTestExecutionListener, org.springframework.test.context.event.ApplicationEventsTestExecutionListener, org.springframework.test.context.support.DependencyInjectionTestExecutionListener, org.springframework.test.context.support.DirtiesContextTestExecutionListener, org.springframework.test.context.transaction.TransactionalTestExecutionListener, org.springframework.test.context.jdbc.SqlScriptsTestExecutionListener, org.springframework.test.context.event.EventPublishingTestExecutionListener, org.spockframework.spring.SpringMockTestExecutionListener]
2024-04-21 18:58:40.149  INFO 45169 --- [           main] .b.t.c.SpringBootTestContextBootstrapper : Using TestExecutionListeners: [org.springframework.test.context.web.ServletTestExecutionListener@3a2b1f24, org.springframework.test.context.support.DirtiesContextBeforeModesTestExecutionListener@72d2470, org.springframework.test.context.event.ApplicationEventsTestExecutionListener@1314ccc1, org.springframework.boot.test.mock.mockito.MockitoTestExecutionListener@609f136b, org.springframework.boot.test.autoconfigure.SpringBootDependencyInjectionTestExecutionListener@2afe263, org.springframework.test.context.support.DirtiesContextTestExecutionListener@6c4f48e2, org.springframework.test.context.event.EventPublishingTestExecutionListener@5988e36e, org.springframework.boot.test.mock.mockito.ResetMocksTestExecutionListener@4194a77f, org.springframework.boot.test.autoconfigure.restdocs.RestDocsTestExecutionListener@3c55e9d4, org.springframework.boot.test.autoconfigure.web.client.MockRestServiceServerResetTestExecutionListener@2acbbee4, org.springframework.boot.test.autoconfigure.web.servlet.MockMvcPrintOnlyOnFailureTestExecutionListener@3446ab40, org.springframework.boot.test.autoconfigure.web.servlet.WebDriverTestExecutionListener@500d4de8, org.springframework.boot.test.autoconfigure.webservices.client.MockWebServiceServerTestExecutionListener@43851574, org.spockframework.spring.SpringMockTestExecutionListener@344eaf7e]
2024-04-21 18:58:40.151  INFO 45169 --- [WebServer 35943] okhttp3.mockwebserver.MockWebServer      : MockWebServer[35943] starting to accept connections
2024-04-21 18:58:40.156  INFO 45169 --- [127.0.0.1:58000] okhttp3.mockwebserver.MockWebServer      : MockWebServer[35943] received request: POST /api/v1/namespaces/ns1/secrets HTTP/1.1 and responded: HTTP/1.1 200 OK
2024-04-21 18:58:40.161  INFO 45169 --- [127.0.0.1:58000] okhttp3.mockwebserver.MockWebServer      : MockWebServer[35943] received request: POST /api/v1/namespaces/ns2/secrets HTTP/1.1 and responded: HTTP/1.1 200 OK
2024-04-21 18:58:40.257  WARN 45169 --- [           main] ubernetesProfileEnvironmentPostProcessor : Not running inside kubernetes. Skipping 'kubernetes' profile activation.

  .   ____          _            __ _ _
 /\\ / ___'_ __ _ _(_)_ __  __ _ \ \ \ \
( ( )\___ | '_ | '_| | '_ \/ _` | \ \ \ \
 \\/  ___)| |_)| | | | | || (_| |  ) ) ) )
  '  |____| .__|_| |_|_| |_\__, | / / / /
 =========|_|==============|___/=/_/_/_/
 :: Spring Boot ::                (v2.6.3)

2024-04-21 18:58:40.354  INFO 45169 --- [           main] s.c.k.f.c.Fabric8ConfigMapPropertySource : Loading ConfigMap with name 'secret-example' in namespace 'ns1'
2024-04-21 18:58:40.356  INFO 45169 --- [127.0.0.1:58012] okhttp3.mockwebserver.MockWebServer      : MockWebServer[35943] received request: GET /api/v1/namespaces/ns1/configmaps/secret-example HTTP/1.1 and responded: HTTP/1.1 404 Client Error
2024-04-21 18:58:40.359  INFO 45169 --- [           main] o.s.c.k.f.config.Fabric8ConfigUtils      : config-map with name : 'secret-example' not present in namespace : 'ns1'
2024-04-21 18:58:40.359  INFO 45169 --- [           main] b.c.PropertySourceBootstrapConfiguration : Located property source: [BootstrapPropertySource {name='bootstrapProperties-configmap.secret-example.ns1'}]
2024-04-21 18:58:40.360  INFO 45169 --- [           main] o.s.c.k.f.c.Fabric8SecretsPropertySource : Loading Secret with name 'name2' or with labels [{0.env=dev2, 1.version=2.0}] in namespace 'ns2'
2024-04-21 18:58:40.361  INFO 45169 --- [127.0.0.1:58012] okhttp3.mockwebserver.MockWebServer      : MockWebServer[35943] received request: GET /api/v1/namespaces/ns2/secrets/name2 HTTP/1.1 and responded: HTTP/1.1 200 OK
2024-04-21 18:58:40.405  INFO 45169 --- [127.0.0.1:58012] okhttp3.mockwebserver.MockWebServer      : MockWebServer[35943] received request: GET /api/v1/namespaces/ns2/secrets?labelSelector=0.env%3Ddev2%2C1.version%3D2.0 HTTP/1.1 and responded: HTTP/1.1 200 OK
2024-04-21 18:58:40.446  INFO 45169 --- [           main] o.s.c.k.f.c.Fabric8SecretsPropertySource : Loading Secret with name 'name1' or with labels [{0.env=env1, 1.version=1.0}] in namespace 'ns1'
2024-04-21 18:58:40.448  INFO 45169 --- [127.0.0.1:58012] okhttp3.mockwebserver.MockWebServer      : MockWebServer[35943] received request: GET /api/v1/namespaces/ns1/secrets/name1 HTTP/1.1 and responded: HTTP/1.1 200 OK
2024-04-21 18:58:40.490  INFO 45169 --- [127.0.0.1:58012] okhttp3.mockwebserver.MockWebServer      : MockWebServer[35943] received request: GET /api/v1/namespaces/ns1/secrets?labelSelector=0.env%3Denv1%2C1.version%3D1.0 HTTP/1.1 and responded: HTTP/1.1 200 OK
2024-04-21 18:58:40.531  INFO 45169 --- [           main] b.c.PropertySourceBootstrapConfiguration : Located property source: [BootstrapPropertySource {name='bootstrapProperties-secrets.name2.ns2'}, BootstrapPropertySource {name='bootstrapProperties-secrets.name1.ns1'}]
2024-04-21 18:58:40.535  WARN 45169 --- [           main] ubernetesProfileEnvironmentPostProcessor : Not running inside kubernetes. Skipping 'kubernetes' profile activation.
2024-04-21 18:58:40.536  INFO 45169 --- [           main] o.s.c.k.f.config.MultipleSecretsTests    : No active profile set, falling back to default profiles: default
2024-04-21 18:58:40.765  INFO 45169 --- [           main] o.s.cloud.context.scope.GenericScope     : BeanFactory id=d892432b-60e7-3516-91cd-00a010d0f3f7
2024-04-21 18:58:40.877  INFO 45169 --- [           main] o.s.b.w.embedded.tomcat.TomcatWebServer  : Tomcat initialized with port(s): 0 (http)
2024-04-21 18:58:40.878  INFO 45169 --- [           main] o.apache.catalina.core.StandardService   : Starting service [Tomcat]
2024-04-21 18:58:40.878  INFO 45169 --- [           main] org.apache.catalina.core.StandardEngine  : Starting Servlet engine: [Apache Tomcat/9.0.56]
2024-04-21 18:58:40.890  INFO 45169 --- [           main] o.a.c.c.C.[Tomcat-4].[localhost].[/]     : Initializing Spring embedded WebApplicationContext
2024-04-21 18:58:40.890  INFO 45169 --- [           main] w.s.c.ServletWebServerApplicationContext : Root WebApplicationContext: initialization completed in 353 ms
2024-04-21 18:58:41.541  INFO 45169 --- [           main] o.s.b.a.e.web.EndpointLinksResolver      : Exposing 1 endpoint(s) beneath base path '/actuator'
2024-04-21 18:58:41.581  INFO 45169 --- [           main] o.s.b.w.embedded.tomcat.TomcatWebServer  : Tomcat started on port(s): 38987 (http) with context path ''
2024-04-21 18:58:41.588  INFO 45169 --- [           main] o.s.c.k.f.config.MultipleSecretsTests    : Started MultipleSecretsTests in 1.383 seconds (JVM running for 19.609)
2024-04-21 18:58:41.602  INFO 45169 --- [WebServer 35729] okhttp3.mockwebserver.MockWebServer      : MockWebServer[35729] starting to accept connections
2024-04-21 18:58:41.610  INFO 45169 --- [o-auto-5-exec-1] o.a.c.c.C.[Tomcat-4].[localhost].[/]     : Initializing Spring DispatcherServlet 'dispatcherServlet'
2024-04-21 18:58:41.610  INFO 45169 --- [o-auto-5-exec-1] o.s.web.servlet.DispatcherServlet        : Initializing Servlet 'dispatcherServlet'
2024-04-21 18:58:41.611  INFO 45169 --- [o-auto-5-exec-1] o.s.web.servlet.DispatcherServlet        : Completed initialization in 1 ms
2024-04-21 18:58:41.619  INFO 45169 --- [WebServer 35729] okhttp3.mockwebserver.MockWebServer      : MockWebServer[35729] done accepting connections: Socket closed
