Apr 21, 2024 7:35:27 PM okhttp3.mockwebserver.MockWebServer$3 execute
INFO: MockWebServer[33237] starting to accept connections
Apr 21, 2024 7:35:27 PM okhttp3.mockwebserver.MockWebServer$3 execute
INFO: MockWebServer[50155] starting to accept connections
2024-04-21 19:35:27.585  INFO   --- [           main] .b.t.c.SpringBootTestContextBootstrapper : Neither @ContextConfiguration nor @ContextHierarchy found for test class [org.springframework.cloud.kubernetes.fabric8.config.Fabric8SecretsPropertySourceLocatorRetryTests$SecretsRetryEnabled], using SpringBootContextLoader
2024-04-21 19:35:27.592  INFO   --- [           main] o.s.t.c.support.AbstractContextLoader    : Could not detect default resource locations for test class [org.springframework.cloud.kubernetes.fabric8.config.Fabric8SecretsPropertySourceLocatorRetryTests$SecretsRetryEnabled]: no resource found for suffixes {-context.xml, Context.groovy}.
2024-04-21 19:35:27.759  INFO   --- [           main] .b.t.c.SpringBootTestContextBootstrapper : Loaded default TestExecutionListener class names from location [META-INF/spring.factories]: [org.springframework.boot.test.mock.mockito.MockitoTestExecutionListener, org.springframework.boot.test.mock.mockito.ResetMocksTestExecutionListener, org.springframework.boot.test.autoconfigure.restdocs.RestDocsTestExecutionListener, org.springframework.boot.test.autoconfigure.web.client.MockRestServiceServerResetTestExecutionListener, org.springframework.boot.test.autoconfigure.web.servlet.MockMvcPrintOnlyOnFailureTestExecutionListener, org.springframework.boot.test.autoconfigure.web.servlet.WebDriverTestExecutionListener, org.springframework.boot.test.autoconfigure.webservices.client.MockWebServiceServerTestExecutionListener, org.springframework.test.context.web.ServletTestExecutionListener, org.springframework.test.context.support.DirtiesContextBeforeModesTestExecutionListener, org.springframework.test.context.event.ApplicationEventsTestExecutionListener, org.springframework.test.context.support.DependencyInjectionTestExecutionListener, org.springframework.test.context.support.DirtiesContextTestExecutionListener, org.springframework.test.context.transaction.TransactionalTestExecutionListener, org.springframework.test.context.jdbc.SqlScriptsTestExecutionListener, org.springframework.test.context.event.EventPublishingTestExecutionListener, org.spockframework.spring.SpringMockTestExecutionListener]
2024-04-21 19:35:27.771  INFO   --- [           main] .b.t.c.SpringBootTestContextBootstrapper : Using TestExecutionListeners: [org.springframework.test.context.web.ServletTestExecutionListener@68ace111, org.springframework.test.context.support.DirtiesContextBeforeModesTestExecutionListener@1f9d6c7b, org.springframework.test.context.event.ApplicationEventsTestExecutionListener@6df20ade, org.springframework.boot.test.mock.mockito.MockitoTestExecutionListener@4fbb001b, org.springframework.boot.test.autoconfigure.SpringBootDependencyInjectionTestExecutionListener@4010d494, org.springframework.test.context.support.DirtiesContextTestExecutionListener@341a8659, org.springframework.test.context.event.EventPublishingTestExecutionListener@4943defe, org.springframework.boot.test.mock.mockito.ResetMocksTestExecutionListener@5eefa415, org.springframework.boot.test.autoconfigure.restdocs.RestDocsTestExecutionListener@181d7f28, org.springframework.boot.test.autoconfigure.web.client.MockRestServiceServerResetTestExecutionListener@78d50a3c, org.springframework.boot.test.autoconfigure.web.servlet.MockMvcPrintOnlyOnFailureTestExecutionListener@2fb69ff6, org.springframework.boot.test.autoconfigure.web.servlet.WebDriverTestExecutionListener@cda4919, org.springframework.boot.test.autoconfigure.webservices.client.MockWebServiceServerTestExecutionListener@7f4d9395, org.spockframework.spring.SpringMockTestExecutionListener@2f19f2aa]
2024-04-21 19:35:28.129  WARN 72158 --- [           main] ubernetesProfileEnvironmentPostProcessor : Not running inside kubernetes. Skipping 'kubernetes' profile activation.
2024-04-21 19:35:28.795  INFO 72158 --- [           main] trationDelegate$BeanPostProcessorChecker : Bean 'org.springframework.retry.annotation.RetryConfiguration' of type [org.springframework.retry.annotation.RetryConfiguration] is not eligible for getting processed by all BeanPostProcessors (for example: not eligible for auto-proxying)

  .   ____          _            __ _ _
 /\\ / ___'_ __ _ _(_)_ __  __ _ \ \ \ \
( ( )\___ | '_ | '_| | '_ \/ _` | \ \ \ \
 \\/  ___)| |_)| | | | | || (_| |  ) ) ) )
  '  |____| .__|_| |_|_| |_\__, | / / / /
 =========|_|==============|___/=/_/_/_/
 :: Spring Boot ::                (v2.6.3)

2024-04-21 19:35:29.130  INFO 72158 --- [           main] s.c.k.f.c.Fabric8ConfigMapPropertySource : Loading ConfigMap with name 'application' in namespace 'default'
2024-04-21 19:35:29.330  INFO 72158 --- [127.0.0.1:49028] okhttp3.mockwebserver.MockWebServer      : MockWebServer[33237] received request: GET /api/v1/namespaces/default/configmaps/application HTTP/1.1 and responded: HTTP/1.1 404 Client Error
2024-04-21 19:35:29.345  INFO 72158 --- [           main] o.s.c.k.f.config.Fabric8ConfigUtils      : config-map with name : 'application' not present in namespace : 'default'
2024-04-21 19:35:29.350  INFO 72158 --- [           main] b.c.PropertySourceBootstrapConfiguration : Located property source: [BootstrapPropertySource {name='bootstrapProperties-configmap.application.default'}]
2024-04-21 19:35:29.364  INFO 72158 --- [           main] o.s.c.k.f.c.Fabric8SecretsPropertySource : Loading Secret with name 'my-secret' or with labels [{}] in namespace 'default'
2024-04-21 19:35:29.368  INFO 72158 --- [127.0.0.1:49028] okhttp3.mockwebserver.MockWebServer      : MockWebServer[33237] received request: GET /api/v1/namespaces/default/secrets/my-secret HTTP/1.1 and responded: HTTP/1.1 404 Client Error
2024-04-21 19:35:29.369  WARN 72158 --- [           main] o.s.c.k.f.c.Fabric8SecretsPropertySource : secret with name : my-secret in namespace : default not found
2024-04-21 19:35:29.374  INFO 72158 --- [127.0.0.1:49028] okhttp3.mockwebserver.MockWebServer      : MockWebServer[33237] received request: GET /api/v1/namespaces/default/secrets HTTP/1.1 and responded: HTTP/1.1 200 OK
2024-04-21 19:35:29.469  INFO 72158 --- [           main] b.c.PropertySourceBootstrapConfiguration : Located property source: [BootstrapPropertySource {name='bootstrapProperties-secrets.my-secret.default'}]
2024-04-21 19:35:29.486  WARN 72158 --- [           main] ubernetesProfileEnvironmentPostProcessor : Not running inside kubernetes. Skipping 'kubernetes' profile activation.
2024-04-21 19:35:29.486  INFO 72158 --- [           main] rceLocatorRetryTests$SecretsRetryEnabled : No active profile set, falling back to default profiles: default
2024-04-21 19:35:30.271  INFO 72158 --- [           main] o.s.cloud.context.scope.GenericScope     : BeanFactory id=94652287-2eb9-367e-b08b-eea09b3b2900
2024-04-21 19:35:32.337  INFO 72158 --- [           main] rceLocatorRetryTests$SecretsRetryEnabled : Started Fabric8SecretsPropertySourceLocatorRetryTests.SecretsRetryEnabled in 4.525 seconds (JVM running for 6.697)
2024-04-21 19:35:32.352  INFO 72158 --- [WebServer 45599] okhttp3.mockwebserver.MockWebServer      : MockWebServer[45599] starting to accept connections
2024-04-21 19:35:32.389  INFO 72158 --- [           main] o.s.c.k.f.c.Fabric8SecretsPropertySource : Loading Secret with name 'my-secret' or with labels [{}] in namespace 'default'
2024-04-21 19:35:32.391  INFO 72158 --- [127.0.0.1:49028] okhttp3.mockwebserver.MockWebServer      : MockWebServer[33237] received request: GET /api/v1/namespaces/default/secrets/my-secret HTTP/1.1 and responded: HTTP/1.1 200 OK
2024-04-21 19:35:32.394  INFO 72158 --- [127.0.0.1:49028] okhttp3.mockwebserver.MockWebServer      : MockWebServer[33237] received request: GET /api/v1/namespaces/default/secrets HTTP/1.1 and responded: HTTP/1.1 200 OK
2024-04-21 19:35:32.511  INFO 72158 --- [WebServer 45599] okhttp3.mockwebserver.MockWebServer      : MockWebServer[45599] done accepting connections: Socket closed
2024-04-21 19:35:32.543  INFO 72158 --- [WebServer 41585] okhttp3.mockwebserver.MockWebServer      : MockWebServer[41585] starting to accept connections
2024-04-21 19:35:32.546  INFO 72158 --- [WebServer 47203] okhttp3.mockwebserver.MockWebServer      : MockWebServer[47203] starting to accept connections
2024-04-21 19:35:32.574  INFO 72158 --- [127.0.0.1:33204] okhttp3.mockwebserver.MockWebServer      : MockWebServer[41585] received request: POST /api/v1/namespaces/ns1/configmaps HTTP/1.1 and responded: HTTP/1.1 200 OK
2024-04-21 19:35:32.577  INFO 72158 --- [127.0.0.1:33204] okhttp3.mockwebserver.MockWebServer      : MockWebServer[41585] received request: GET /api/v1/namespaces/ns1/configmaps HTTP/1.1 and responded: HTTP/1.1 200 OK
2024-04-21 19:35:32.630  INFO 72158 --- [WebServer 47203] okhttp3.mockwebserver.MockWebServer      : MockWebServer[47203] done accepting connections: Socket closed
2024-04-21 19:35:32.636  INFO 72158 --- [           main] .b.t.c.SpringBootTestContextBootstrapper : Neither @ContextConfiguration nor @ContextHierarchy found for test class [org.springframework.cloud.kubernetes.fabric8.config.ConfigMapWithIncludeProfileSpecificSourcesTests], using SpringBootContextLoader
2024-04-21 19:35:32.637  INFO 72158 --- [           main] o.s.t.c.support.AbstractContextLoader    : Could not detect default resource locations for test class [org.springframework.cloud.kubernetes.fabric8.config.ConfigMapWithIncludeProfileSpecificSourcesTests]: no resource found for suffixes {-context.xml, Context.groovy}.
2024-04-21 19:35:32.646  INFO 72158 --- [           main] .b.t.c.SpringBootTestContextBootstrapper : Loaded default TestExecutionListener class names from location [META-INF/spring.factories]: [org.springframework.boot.test.mock.mockito.MockitoTestExecutionListener, org.springframework.boot.test.mock.mockito.ResetMocksTestExecutionListener, org.springframework.boot.test.autoconfigure.restdocs.RestDocsTestExecutionListener, org.springframework.boot.test.autoconfigure.web.client.MockRestServiceServerResetTestExecutionListener, org.springframework.boot.test.autoconfigure.web.servlet.MockMvcPrintOnlyOnFailureTestExecutionListener, org.springframework.boot.test.autoconfigure.web.servlet.WebDriverTestExecutionListener, org.springframework.boot.test.autoconfigure.webservices.client.MockWebServiceServerTestExecutionListener, org.springframework.test.context.web.ServletTestExecutionListener, org.springframework.test.context.support.DirtiesContextBeforeModesTestExecutionListener, org.springframework.test.context.event.ApplicationEventsTestExecutionListener, org.springframework.test.context.support.DependencyInjectionTestExecutionListener, org.springframework.test.context.support.DirtiesContextTestExecutionListener, org.springframework.test.context.transaction.TransactionalTestExecutionListener, org.springframework.test.context.jdbc.SqlScriptsTestExecutionListener, org.springframework.test.context.event.EventPublishingTestExecutionListener, org.spockframework.spring.SpringMockTestExecutionListener]
2024-04-21 19:35:32.647  INFO 72158 --- [           main] .b.t.c.SpringBootTestContextBootstrapper : Using TestExecutionListeners: [org.springframework.test.context.web.ServletTestExecutionListener@4491eaeb, org.springframework.test.context.support.DirtiesContextBeforeModesTestExecutionListener@71262020, org.springframework.test.context.event.ApplicationEventsTestExecutionListener@5f3ddc86, org.springframework.boot.test.mock.mockito.MockitoTestExecutionListener@78e043e4, org.springframework.boot.test.autoconfigure.SpringBootDependencyInjectionTestExecutionListener@336d28a1, org.springframework.test.context.support.DirtiesContextTestExecutionListener@738a39cc, org.springframework.test.context.event.EventPublishingTestExecutionListener@42e202d7, org.springframework.boot.test.mock.mockito.ResetMocksTestExecutionListener@38e7860c, org.springframework.boot.test.autoconfigure.restdocs.RestDocsTestExecutionListener@62158991, org.springframework.boot.test.autoconfigure.web.client.MockRestServiceServerResetTestExecutionListener@40738846, org.springframework.boot.test.autoconfigure.web.servlet.MockMvcPrintOnlyOnFailureTestExecutionListener@1255de25, org.springframework.boot.test.autoconfigure.web.servlet.WebDriverTestExecutionListener@1686ed85, org.springframework.boot.test.autoconfigure.webservices.client.MockWebServiceServerTestExecutionListener@5891b7c5, org.spockframework.spring.SpringMockTestExecutionListener@4fc3529]
2024-04-21 19:35:32.650  INFO 72158 --- [WebServer 53151] okhttp3.mockwebserver.MockWebServer      : MockWebServer[53151] starting to accept connections
2024-04-21 19:35:32.655  INFO 72158 --- [127.0.0.1:34112] okhttp3.mockwebserver.MockWebServer      : MockWebServer[53151] received request: POST /api/v1/namespaces/spring-k8s/configmaps HTTP/1.1 and responded: HTTP/1.1 200 OK
2024-04-21 19:35:32.659  INFO 72158 --- [127.0.0.1:34112] okhttp3.mockwebserver.MockWebServer      : MockWebServer[53151] received request: POST /api/v1/namespaces/spring-k8s/configmaps HTTP/1.1 and responded: HTTP/1.1 200 OK
2024-04-21 19:35:32.705  INFO 72158 --- [127.0.0.1:34112] okhttp3.mockwebserver.MockWebServer      : MockWebServer[53151] received request: POST /api/v1/namespaces/spring-k8s/configmaps HTTP/1.1 and responded: HTTP/1.1 200 OK
2024-04-21 19:35:32.757  INFO 72158 --- [127.0.0.1:34112] okhttp3.mockwebserver.MockWebServer      : MockWebServer[53151] received request: POST /api/v1/namespaces/spring-k8s/configmaps HTTP/1.1 and responded: HTTP/1.1 200 OK
2024-04-21 19:35:32.809  INFO 72158 --- [127.0.0.1:34112] okhttp3.mockwebserver.MockWebServer      : MockWebServer[53151] received request: POST /api/v1/namespaces/spring-k8s/configmaps HTTP/1.1 and responded: HTTP/1.1 200 OK
2024-04-21 19:35:33.041  WARN 72158 --- [           main] ubernetesProfileEnvironmentPostProcessor : Not running inside kubernetes. Skipping 'kubernetes' profile activation.

  .   ____          _            __ _ _
 /\\ / ___'_ __ _ _(_)_ __  __ _ \ \ \ \
( ( )\___ | '_ | '_| | '_ \/ _` | \ \ \ \
 \\/  ___)| |_)| | | | | || (_| |  ) ) ) )
  '  |____| .__|_| |_|_| |_\__, | / / / /
 =========|_|==============|___/=/_/_/_/
 :: Spring Boot ::                (v2.6.3)

2024-04-21 19:35:33.187  INFO 72158 --- [           main] s.c.k.f.c.Fabric8ConfigMapPropertySource : Loading ConfigMap with name 'config-map-one' in namespace 'spring-k8s'
2024-04-21 19:35:33.190  INFO 72158 --- [127.0.0.1:34128] okhttp3.mockwebserver.MockWebServer      : MockWebServer[53151] received request: GET /api/v1/namespaces/spring-k8s/configmaps/config-map-one HTTP/1.1 and responded: HTTP/1.1 404 Client Error
2024-04-21 19:35:33.191  INFO 72158 --- [           main] o.s.c.k.f.config.Fabric8ConfigUtils      : config-map with name : 'config-map-one' not present in namespace : 'spring-k8s'
2024-04-21 19:35:33.194  INFO 72158 --- [127.0.0.1:34128] okhttp3.mockwebserver.MockWebServer      : MockWebServer[53151] received request: GET /api/v1/namespaces/spring-k8s/configmaps/config-map-one-dev HTTP/1.1 and responded: HTTP/1.1 200 OK
2024-04-21 19:35:33.235  INFO 72158 --- [           main] s.c.k.f.c.Fabric8ConfigMapPropertySource : Loading ConfigMap with name 'config-map-two' in namespace 'spring-k8s'
2024-04-21 19:35:33.237  INFO 72158 --- [127.0.0.1:34128] okhttp3.mockwebserver.MockWebServer      : MockWebServer[53151] received request: GET /api/v1/namespaces/spring-k8s/configmaps/config-map-two HTTP/1.1 and responded: HTTP/1.1 200 OK
2024-04-21 19:35:33.278  INFO 72158 --- [           main] s.c.k.f.c.Fabric8ConfigMapPropertySource : Loading ConfigMap with name 'config-map-three' in namespace 'spring-k8s'
2024-04-21 19:35:33.279  INFO 72158 --- [127.0.0.1:34128] okhttp3.mockwebserver.MockWebServer      : MockWebServer[53151] received request: GET /api/v1/namespaces/spring-k8s/configmaps/config-map-three HTTP/1.1 and responded: HTTP/1.1 200 OK
2024-04-21 19:35:33.322  INFO 72158 --- [           main] b.c.PropertySourceBootstrapConfiguration : Located property source: [BootstrapPropertySource {name='bootstrapProperties-configmap.config-map-three.spring-k8s'}, BootstrapPropertySource {name='bootstrapProperties-configmap.config-map-two.spring-k8s'}, BootstrapPropertySource {name='bootstrapProperties-configmap.config-map-one.spring-k8s'}]
2024-04-21 19:35:33.329  WARN 72158 --- [           main] ubernetesProfileEnvironmentPostProcessor : Not running inside kubernetes. Skipping 'kubernetes' profile activation.
2024-04-21 19:35:33.329  INFO 72158 --- [           main] apWithIncludeProfileSpecificSourcesTests : The following profiles are active: dev
2024-04-21 19:35:33.818  INFO 72158 --- [           main] o.s.cloud.context.scope.GenericScope     : BeanFactory id=25e932e5-66c9-3368-9666-2d7e7b1ab398
2024-04-21 19:35:34.186  INFO 72158 --- [           main] o.s.b.w.embedded.tomcat.TomcatWebServer  : Tomcat initialized with port(s): 0 (http)
2024-04-21 19:35:34.200  INFO 72158 --- [           main] o.apache.catalina.core.StandardService   : Starting service [Tomcat]
2024-04-21 19:35:34.201  INFO 72158 --- [           main] org.apache.catalina.core.StandardEngine  : Starting Servlet engine: [Apache Tomcat/9.0.56]
2024-04-21 19:35:34.362  INFO 72158 --- [           main] o.a.c.c.C.[Tomcat].[localhost].[/]       : Initializing Spring embedded WebApplicationContext
2024-04-21 19:35:34.362  INFO 72158 --- [           main] w.s.c.ServletWebServerApplicationContext : Root WebApplicationContext: initialization completed in 1031 ms
2024-04-21 19:35:35.658  INFO 72158 --- [           main] o.s.b.a.e.web.EndpointLinksResolver      : Exposing 1 endpoint(s) beneath base path '/actuator'
2024-04-21 19:35:35.865  INFO 72158 --- [           main] o.s.b.w.embedded.tomcat.TomcatWebServer  : Tomcat started on port(s): 44285 (http) with context path ''
2024-04-21 19:35:35.874  INFO 72158 --- [           main] apWithIncludeProfileSpecificSourcesTests : Started ConfigMapWithIncludeProfileSpecificSourcesTests in 3.019 seconds (JVM running for 10.234)
2024-04-21 19:35:36.071  INFO 72158 --- [WebServer 58867] okhttp3.mockwebserver.MockWebServer      : MockWebServer[58867] starting to accept connections
2024-04-21 19:35:36.465  INFO 72158 --- [o-auto-1-exec-1] o.a.c.c.C.[Tomcat].[localhost].[/]       : Initializing Spring DispatcherServlet 'dispatcherServlet'
2024-04-21 19:35:36.465  INFO 72158 --- [o-auto-1-exec-1] o.s.web.servlet.DispatcherServlet        : Initializing Servlet 'dispatcherServlet'
2024-04-21 19:35:36.466  INFO 72158 --- [o-auto-1-exec-1] o.s.web.servlet.DispatcherServlet        : Completed initialization in 1 ms
2024-04-21 19:35:36.556  INFO 72158 --- [WebServer 58867] okhttp3.mockwebserver.MockWebServer      : MockWebServer[58867] done accepting connections: Socket closed
2024-04-21 19:35:36.564  INFO 72158 --- [WebServer 50865] okhttp3.mockwebserver.MockWebServer      : MockWebServer[50865] starting to accept connections
2024-04-21 19:35:36.568  INFO 72158 --- [WebServer 39025] okhttp3.mockwebserver.MockWebServer      : MockWebServer[39025] starting to accept connections
2024-04-21 19:35:36.569  INFO 72158 --- [           main] o.s.c.k.f.c.Fabric8SecretsPropertySource : Loading Secret with name 'my-config' or with labels [{}] in namespace 'default'
2024-04-21 19:35:36.682  INFO 72158 --- [127.0.0.1:39644] okhttp3.mockwebserver.MockWebServer      : MockWebServer[39025] received request: GET /api/v1/namespaces/default/secrets/my-config HTTP/1.1 and responded: HTTP/1.1 500 Server Error
2024-04-21 19:35:36.725  INFO 72158 --- [WebServer 39025] okhttp3.mockwebserver.MockWebServer      : MockWebServer[39025] done accepting connections: Socket closed
2024-04-21 19:35:36.733  INFO 72158 --- [           main] .b.t.c.SpringBootTestContextBootstrapper : Neither @ContextConfiguration nor @ContextHierarchy found for test class [org.springframework.cloud.kubernetes.fabric8.config.CoreTest], using SpringBootContextLoader
2024-04-21 19:35:36.733  INFO 72158 --- [           main] o.s.t.c.support.AbstractContextLoader    : Could not detect default resource locations for test class [org.springframework.cloud.kubernetes.fabric8.config.CoreTest]: no resource found for suffixes {-context.xml, Context.groovy}.
2024-04-21 19:35:36.735  INFO 72158 --- [           main] .b.t.c.SpringBootTestContextBootstrapper : Loaded default TestExecutionListener class names from location [META-INF/spring.factories]: [org.springframework.boot.test.mock.mockito.MockitoTestExecutionListener, org.springframework.boot.test.mock.mockito.ResetMocksTestExecutionListener, org.springframework.boot.test.autoconfigure.restdocs.RestDocsTestExecutionListener, org.springframework.boot.test.autoconfigure.web.client.MockRestServiceServerResetTestExecutionListener, org.springframework.boot.test.autoconfigure.web.servlet.MockMvcPrintOnlyOnFailureTestExecutionListener, org.springframework.boot.test.autoconfigure.web.servlet.WebDriverTestExecutionListener, org.springframework.boot.test.autoconfigure.webservices.client.MockWebServiceServerTestExecutionListener, org.springframework.test.context.web.ServletTestExecutionListener, org.springframework.test.context.support.DirtiesContextBeforeModesTestExecutionListener, org.springframework.test.context.event.ApplicationEventsTestExecutionListener, org.springframework.test.context.support.DependencyInjectionTestExecutionListener, org.springframework.test.context.support.DirtiesContextTestExecutionListener, org.springframework.test.context.transaction.TransactionalTestExecutionListener, org.springframework.test.context.jdbc.SqlScriptsTestExecutionListener, org.springframework.test.context.event.EventPublishingTestExecutionListener, org.spockframework.spring.SpringMockTestExecutionListener]
2024-04-21 19:35:36.737  INFO 72158 --- [           main] .b.t.c.SpringBootTestContextBootstrapper : Using TestExecutionListeners: [org.springframework.test.context.web.ServletTestExecutionListener@7b364f47, org.springframework.test.context.support.DirtiesContextBeforeModesTestExecutionListener@5c8d631, org.springframework.test.context.event.ApplicationEventsTestExecutionListener@3d42b756, org.springframework.boot.test.mock.mockito.MockitoTestExecutionListener@7c93e69, org.springframework.boot.test.autoconfigure.SpringBootDependencyInjectionTestExecutionListener@4e4c05a0, org.springframework.test.context.support.DirtiesContextTestExecutionListener@d763b06, org.springframework.test.context.event.EventPublishingTestExecutionListener@2526d5f9, org.springframework.boot.test.mock.mockito.ResetMocksTestExecutionListener@6b529d42, org.springframework.boot.test.autoconfigure.restdocs.RestDocsTestExecutionListener@459df48d, org.springframework.boot.test.autoconfigure.web.client.MockRestServiceServerResetTestExecutionListener@790f4933, org.springframework.boot.test.autoconfigure.web.servlet.MockMvcPrintOnlyOnFailureTestExecutionListener@6a95c2f6, org.springframework.boot.test.autoconfigure.web.servlet.WebDriverTestExecutionListener@15d2ea6b, org.springframework.boot.test.autoconfigure.webservices.client.MockWebServiceServerTestExecutionListener@3fc14dc0, org.spockframework.spring.SpringMockTestExecutionListener@3c04ddda]
2024-04-21 19:35:36.739  INFO 72158 --- [WebServer 43567] okhttp3.mockwebserver.MockWebServer      : MockWebServer[43567] starting to accept connections
2024-04-21 19:35:36.744  INFO 72158 --- [127.0.0.1:39478] okhttp3.mockwebserver.MockWebServer      : MockWebServer[43567] received request: POST /api/v1/namespaces/testns/configmaps HTTP/1.1 and responded: HTTP/1.1 200 OK
2024-04-21 19:35:36.749  INFO 72158 --- [127.0.0.1:39478] okhttp3.mockwebserver.MockWebServer      : MockWebServer[43567] received request: POST /api/v1/namespaces/testns/secrets HTTP/1.1 and responded: HTTP/1.1 200 OK
2024-04-21 19:35:36.860  WARN 72158 --- [           main] ubernetesProfileEnvironmentPostProcessor : Not running inside kubernetes. Skipping 'kubernetes' profile activation.

  .   ____          _            __ _ _
 /\\ / ___'_ __ _ _(_)_ __  __ _ \ \ \ \
( ( )\___ | '_ | '_| | '_ \/ _` | \ \ \ \
 \\/  ___)| |_)| | | | | || (_| |  ) ) ) )
  '  |____| .__|_| |_|_| |_\__, | / / / /
 =========|_|==============|___/=/_/_/_/
 :: Spring Boot ::                (v2.6.3)

2024-04-21 19:35:36.956  INFO 72158 --- [           main] s.c.k.f.c.Fabric8ConfigMapPropertySource : Loading ConfigMap with name 'testapp' in namespace 'testns'
2024-04-21 19:35:36.958  INFO 72158 --- [127.0.0.1:39492] okhttp3.mockwebserver.MockWebServer      : MockWebServer[43567] received request: GET /api/v1/namespaces/testns/configmaps/testapp HTTP/1.1 and responded: HTTP/1.1 200 OK
2024-04-21 19:35:36.961  INFO 72158 --- [           main] b.c.PropertySourceBootstrapConfiguration : Located property source: [BootstrapPropertySource {name='bootstrapProperties-configmap.testapp.testns'}]
2024-04-21 19:35:36.961  INFO 72158 --- [           main] o.s.c.k.f.c.Fabric8SecretsPropertySource : Loading Secret with name 'testapp' or with labels [{}] in namespace 'testns'
2024-04-21 19:35:36.962  INFO 72158 --- [127.0.0.1:39492] okhttp3.mockwebserver.MockWebServer      : MockWebServer[43567] received request: GET /api/v1/namespaces/testns/secrets/testapp HTTP/1.1 and responded: HTTP/1.1 200 OK
2024-04-21 19:35:37.004  INFO 72158 --- [127.0.0.1:39492] okhttp3.mockwebserver.MockWebServer      : MockWebServer[43567] received request: GET /api/v1/namespaces/testns/secrets HTTP/1.1 and responded: HTTP/1.1 200 OK
2024-04-21 19:35:37.045  INFO 72158 --- [           main] b.c.PropertySourceBootstrapConfiguration : Located property source: [BootstrapPropertySource {name='bootstrapProperties-secrets.testapp.testns'}]
2024-04-21 19:35:37.050  WARN 72158 --- [           main] ubernetesProfileEnvironmentPostProcessor : Not running inside kubernetes. Skipping 'kubernetes' profile activation.
2024-04-21 19:35:37.051  INFO 72158 --- [           main] o.s.c.k.fabric8.config.CoreTest          : No active profile set, falling back to default profiles: default
2024-04-21 19:35:37.612  INFO 72158 --- [           main] o.s.cloud.context.scope.GenericScope     : BeanFactory id=6834934e-323d-399a-bece-8fe3334006ce
2024-04-21 19:35:38.631  INFO 72158 --- [           main] o.s.b.a.e.web.EndpointLinksResolver      : Exposing 1 endpoint(s) beneath base path '/actuator'
2024-04-21 19:35:38.679  INFO 72158 --- [           main] o.s.c.k.fabric8.config.CoreTest          : Started CoreTest in 1.882 seconds (JVM running for 13.039)
2024-04-21 19:35:38.693  INFO 72158 --- [WebServer 40383] okhttp3.mockwebserver.MockWebServer      : MockWebServer[40383] starting to accept connections
2024-04-21 19:35:38.701  INFO 72158 --- [WebServer 40383] okhttp3.mockwebserver.MockWebServer      : MockWebServer[40383] done accepting connections: Socket closed
2024-04-21 19:35:38.708  INFO 72158 --- [WebServer 52505] okhttp3.mockwebserver.MockWebServer      : MockWebServer[52505] starting to accept connections
2024-04-21 19:35:38.907  INFO 72158 --- [WebServer 45805] okhttp3.mockwebserver.MockWebServer      : MockWebServer[45805] starting to accept connections
2024-04-21 19:35:38.914  INFO 72158 --- [WebServer 45805] okhttp3.mockwebserver.MockWebServer      : MockWebServer[45805] done accepting connections: Socket closed
2024-04-21 19:35:38.920  INFO 72158 --- [WebServer 52013] okhttp3.mockwebserver.MockWebServer      : MockWebServer[52013] starting to accept connections
2024-04-21 19:35:38.923  INFO 72158 --- [WebServer 41999] okhttp3.mockwebserver.MockWebServer      : MockWebServer[41999] starting to accept connections
2024-04-21 19:35:38.924  INFO 72158 --- [           main] s.c.k.f.c.Fabric8ConfigMapPropertySource : Loading ConfigMap with name 'configmap' in namespace 'some'
2024-04-21 19:35:38.926  WARN 72158 --- [           main] s.c.k.f.c.Fabric8ConfigMapPropertySource : Can't read configMap with name: [configmap] in namespace: [some]. Ignoring.

java.lang.NullPointerException: null
	at org.springframework.cloud.kubernetes.fabric8.config.Fabric8ConfigUtils.getConfigMapData(Fabric8ConfigUtils.java:118)
	at org.springframework.cloud.kubernetes.fabric8.config.Fabric8ConfigMapPropertySource.getData(Fabric8ConfigMapPropertySource.java:79)
	at org.springframework.cloud.kubernetes.fabric8.config.Fabric8ConfigMapPropertySource.<init>(Fabric8ConfigMapPropertySource.java:70)
	at org.springframework.cloud.kubernetes.fabric8.config.Fabric8ConfigMapPropertySource.<init>(Fabric8ConfigMapPropertySource.java:53)
	at org.springframework.cloud.kubernetes.fabric8.config.Fabric8ConfigMapPropertySourceTests.deprecatedConstructorWithClientNamespaceMustNotFail(Fabric8ConfigMapPropertySourceTests.java:80)
	at sun.reflect.NativeMethodAccessorImpl.invoke0(Native Method)
	at sun.reflect.NativeMethodAccessorImpl.invoke(NativeMethodAccessorImpl.java:62)
	at sun.reflect.DelegatingMethodAccessorImpl.invoke(DelegatingMethodAccessorImpl.java:43)
	at java.lang.reflect.Method.invoke(Method.java:498)
	at org.junit.platform.commons.util.ReflectionUtils.invokeMethod(ReflectionUtils.java:725)
	at org.junit.jupiter.engine.execution.MethodInvocation.proceed(MethodInvocation.java:60)
	at org.junit.jupiter.engine.execution.InvocationInterceptorChain$ValidatingInvocation.proceed(InvocationInterceptorChain.java:131)
	at org.junit.jupiter.engine.extension.TimeoutExtension.intercept(TimeoutExtension.java:149)
	at org.junit.jupiter.engine.extension.TimeoutExtension.interceptTestableMethod(TimeoutExtension.java:140)
	at org.junit.jupiter.engine.extension.TimeoutExtension.interceptTestMethod(TimeoutExtension.java:84)
	at org.junit.jupiter.engine.execution.ExecutableInvoker$ReflectiveInterceptorCall.lambda$ofVoidMethod$0(ExecutableInvoker.java:115)
	at org.junit.jupiter.engine.execution.ExecutableInvoker.lambda$invoke$0(ExecutableInvoker.java:105)
	at org.junit.jupiter.engine.execution.InvocationInterceptorChain$InterceptedInvocation.proceed(InvocationInterceptorChain.java:106)
	at org.junit.jupiter.engine.execution.InvocationInterceptorChain.proceed(InvocationInterceptorChain.java:64)
	at org.junit.jupiter.engine.execution.InvocationInterceptorChain.chainAndInvoke(InvocationInterceptorChain.java:45)
	at org.junit.jupiter.engine.execution.InvocationInterceptorChain.invoke(InvocationInterceptorChain.java:37)
	at org.junit.jupiter.engine.execution.ExecutableInvoker.invoke(ExecutableInvoker.java:104)
	at org.junit.jupiter.engine.execution.ExecutableInvoker.invoke(ExecutableInvoker.java:98)
	at org.junit.jupiter.engine.descriptor.TestMethodTestDescriptor.lambda$invokeTestMethod$7(TestMethodTestDescriptor.java:214)
	at org.junit.platform.engine.support.hierarchical.ThrowableCollector.execute(ThrowableCollector.java:73)
	at org.junit.jupiter.engine.descriptor.TestMethodTestDescriptor.invokeTestMethod(TestMethodTestDescriptor.java:210)
	at org.junit.jupiter.engine.descriptor.TestMethodTestDescriptor.execute(TestMethodTestDescriptor.java:135)
	at org.junit.jupiter.engine.descriptor.TestMethodTestDescriptor.execute(TestMethodTestDescriptor.java:66)
	at org.junit.platform.engine.support.hierarchical.NodeTestTask.lambda$executeRecursively$6(NodeTestTask.java:151)
	at org.junit.platform.engine.support.hierarchical.ThrowableCollector.execute(ThrowableCollector.java:73)
	at org.junit.platform.engine.support.hierarchical.NodeTestTask.lambda$executeRecursively$8(NodeTestTask.java:141)
	at org.junit.platform.engine.support.hierarchical.Node.around(Node.java:137)
	at org.junit.platform.engine.support.hierarchical.NodeTestTask.lambda$executeRecursively$9(NodeTestTask.java:139)
	at org.junit.platform.engine.support.hierarchical.ThrowableCollector.execute(ThrowableCollector.java:73)
	at org.junit.platform.engine.support.hierarchical.NodeTestTask.executeRecursively(NodeTestTask.java:138)
	at org.junit.platform.engine.support.hierarchical.NodeTestTask.execute(NodeTestTask.java:95)
	at java.util.ArrayList.forEach(ArrayList.java:1259)
	at org.junit.platform.engine.support.hierarchical.SameThreadHierarchicalTestExecutorService.invokeAll(SameThreadHierarchicalTestExecutorService.java:41)
	at org.junit.platform.engine.support.hierarchical.NodeTestTask.lambda$executeRecursively$6(NodeTestTask.java:155)
	at org.junit.platform.engine.support.hierarchical.ThrowableCollector.execute(ThrowableCollector.java:73)
	at org.junit.platform.engine.support.hierarchical.NodeTestTask.lambda$executeRecursively$8(NodeTestTask.java:141)
	at org.junit.platform.engine.support.hierarchical.Node.around(Node.java:137)
	at org.junit.platform.engine.support.hierarchical.NodeTestTask.lambda$executeRecursively$9(NodeTestTask.java:139)
	at org.junit.platform.engine.support.hierarchical.ThrowableCollector.execute(ThrowableCollector.java:73)
	at org.junit.platform.engine.support.hierarchical.NodeTestTask.executeRecursively(NodeTestTask.java:138)
	at org.junit.platform.engine.support.hierarchical.NodeTestTask.execute(NodeTestTask.java:95)
	at java.util.ArrayList.forEach(ArrayList.java:1259)
	at org.junit.platform.engine.support.hierarchical.SameThreadHierarchicalTestExecutorService.invokeAll(SameThreadHierarchicalTestExecutorService.java:41)
	at org.junit.platform.engine.support.hierarchical.NodeTestTask.lambda$executeRecursively$6(NodeTestTask.java:155)
	at org.junit.platform.engine.support.hierarchical.ThrowableCollector.execute(ThrowableCollector.java:73)
	at org.junit.platform.engine.support.hierarchical.NodeTestTask.lambda$executeRecursively$8(NodeTestTask.java:141)
	at org.junit.platform.engine.support.hierarchical.Node.around(Node.java:137)
	at org.junit.platform.engine.support.hierarchical.NodeTestTask.lambda$executeRecursively$9(NodeTestTask.java:139)
	at org.junit.platform.engine.support.hierarchical.ThrowableCollector.execute(ThrowableCollector.java:73)
	at org.junit.platform.engine.support.hierarchical.NodeTestTask.executeRecursively(NodeTestTask.java:138)
	at org.junit.platform.engine.support.hierarchical.NodeTestTask.execute(NodeTestTask.java:95)
	at org.junit.platform.engine.support.hierarchical.SameThreadHierarchicalTestExecutorService.submit(SameThreadHierarchicalTestExecutorService.java:35)
	at org.junit.platform.engine.support.hierarchical.HierarchicalTestExecutor.execute(HierarchicalTestExecutor.java:57)
	at org.junit.platform.engine.support.hierarchical.HierarchicalTestEngine.execute(HierarchicalTestEngine.java:54)
	at org.junit.platform.launcher.core.DefaultLauncher.execute(DefaultLauncher.java:170)
	at org.junit.platform.launcher.core.DefaultLauncher.execute(DefaultLauncher.java:154)
	at org.junit.platform.launcher.core.DefaultLauncher.execute(DefaultLauncher.java:90)
	at edu.illinois.cs.testrunner.execution.JUnit5TestExecutor.runTestsSeparately(JUnit5TestExecutor.java:40)
	at edu.illinois.cs.testrunner.execution.Executor$.$anonfun$run$1(Executor.scala:33)
	at scala.runtime.java8.JFunction0$mcV$sp.apply(JFunction0$mcV$sp.java:12)
	at scala.util.Try$.apply(Try.scala:209)
	at edu.illinois.cs.testrunner.execution.Executor$.run(Executor.scala:28)
	at edu.illinois.cs.testrunner.execution.Executor$.main(Executor.scala:18)
	at edu.illinois.cs.testrunner.execution.Executor.main(Executor.scala)

2024-04-21 19:35:38.927  INFO 72158 --- [WebServer 41999] okhttp3.mockwebserver.MockWebServer      : MockWebServer[41999] done accepting connections: Socket closed
2024-04-21 19:35:38.933  INFO 72158 --- [WebServer 42513] okhttp3.mockwebserver.MockWebServer      : MockWebServer[42513] starting to accept connections
2024-04-21 19:35:38.942  INFO 72158 --- [WebServer 51291] okhttp3.mockwebserver.MockWebServer      : MockWebServer[51291] starting to accept connections
2024-04-21 19:35:38.943  INFO 72158 --- [WebServer 51291] okhttp3.mockwebserver.MockWebServer      : MockWebServer[51291] done accepting connections: Socket closed
2024-04-21 19:35:38.950  INFO 72158 --- [           main] .b.t.c.SpringBootTestContextBootstrapper : Neither @ContextConfiguration nor @ContextHierarchy found for test class [org.springframework.cloud.kubernetes.fabric8.config.Fabric8BootstrapConfigurationTests$Fabric8BootstrapConfigurationNotInsideK8s], using SpringBootContextLoader
2024-04-21 19:35:38.951  INFO 72158 --- [           main] o.s.t.c.support.AbstractContextLoader    : Could not detect default resource locations for test class [org.springframework.cloud.kubernetes.fabric8.config.Fabric8BootstrapConfigurationTests$Fabric8BootstrapConfigurationNotInsideK8s]: no resource found for suffixes {-context.xml, Context.groovy}.
2024-04-21 19:35:38.952  INFO 72158 --- [           main] .b.t.c.SpringBootTestContextBootstrapper : Loaded default TestExecutionListener class names from location [META-INF/spring.factories]: [org.springframework.boot.test.mock.mockito.MockitoTestExecutionListener, org.springframework.boot.test.mock.mockito.ResetMocksTestExecutionListener, org.springframework.boot.test.autoconfigure.restdocs.RestDocsTestExecutionListener, org.springframework.boot.test.autoconfigure.web.client.MockRestServiceServerResetTestExecutionListener, org.springframework.boot.test.autoconfigure.web.servlet.MockMvcPrintOnlyOnFailureTestExecutionListener, org.springframework.boot.test.autoconfigure.web.servlet.WebDriverTestExecutionListener, org.springframework.boot.test.autoconfigure.webservices.client.MockWebServiceServerTestExecutionListener, org.springframework.test.context.web.ServletTestExecutionListener, org.springframework.test.context.support.DirtiesContextBeforeModesTestExecutionListener, org.springframework.test.context.event.ApplicationEventsTestExecutionListener, org.springframework.test.context.support.DependencyInjectionTestExecutionListener, org.springframework.test.context.support.DirtiesContextTestExecutionListener, org.springframework.test.context.transaction.TransactionalTestExecutionListener, org.springframework.test.context.jdbc.SqlScriptsTestExecutionListener, org.springframework.test.context.event.EventPublishingTestExecutionListener, org.spockframework.spring.SpringMockTestExecutionListener]
2024-04-21 19:35:38.954  INFO 72158 --- [           main] .b.t.c.SpringBootTestContextBootstrapper : Using TestExecutionListeners: [org.springframework.test.context.web.ServletTestExecutionListener@1a1dd8eb, org.springframework.test.context.support.DirtiesContextBeforeModesTestExecutionListener@4def900a, org.springframework.test.context.event.ApplicationEventsTestExecutionListener@5e1bfe66, org.springframework.boot.test.mock.mockito.MockitoTestExecutionListener@6c399d4, org.springframework.boot.test.autoconfigure.SpringBootDependencyInjectionTestExecutionListener@726dd367, org.springframework.test.context.support.DirtiesContextTestExecutionListener@433362e0, org.springframework.test.context.event.EventPublishingTestExecutionListener@425a5c2e, org.springframework.boot.test.mock.mockito.ResetMocksTestExecutionListener@58cd6088, org.springframework.boot.test.autoconfigure.restdocs.RestDocsTestExecutionListener@44a7661d, org.springframework.boot.test.autoconfigure.web.client.MockRestServiceServerResetTestExecutionListener@1cdb280b, org.springframework.boot.test.autoconfigure.web.servlet.MockMvcPrintOnlyOnFailureTestExecutionListener@cf0bc92, org.springframework.boot.test.autoconfigure.web.servlet.WebDriverTestExecutionListener@3f8a44a4, org.springframework.boot.test.autoconfigure.webservices.client.MockWebServiceServerTestExecutionListener@40625ac6, org.spockframework.spring.SpringMockTestExecutionListener@53cb9b1]
2024-04-21 19:35:39.009  WARN 72158 --- [           main] ubernetesProfileEnvironmentPostProcessor : Not running inside kubernetes. Skipping 'kubernetes' profile activation.

  .   ____          _            __ _ _
 /\\ / ___'_ __ _ _(_)_ __  __ _ \ \ \ \
( ( )\___ | '_ | '_| | '_ \/ _` | \ \ \ \
 \\/  ___)| |_)| | | | | || (_| |  ) ) ) )
  '  |____| .__|_| |_|_| |_\__, | / / / /
 =========|_|==============|___/=/_/_/_/
 :: Spring Boot ::                (v2.6.3)

2024-04-21 19:35:39.091  WARN 72158 --- [           main] ubernetesProfileEnvironmentPostProcessor : Not running inside kubernetes. Skipping 'kubernetes' profile activation.
2024-04-21 19:35:39.091  INFO 72158 --- [           main] abric8BootstrapConfigurationNotInsideK8s : No active profile set, falling back to default profiles: default
2024-04-21 19:35:39.503  INFO 72158 --- [           main] o.s.cloud.context.scope.GenericScope     : BeanFactory id=5afc43ad-a7d0-33b0-b9e5-c05cec1eda7d
2024-04-21 19:35:39.621  INFO 72158 --- [           main] o.s.b.w.embedded.tomcat.TomcatWebServer  : Tomcat initialized with port(s): 0 (http)
2024-04-21 19:35:39.622  INFO 72158 --- [           main] o.apache.catalina.core.StandardService   : Starting service [Tomcat]
2024-04-21 19:35:39.622  INFO 72158 --- [           main] org.apache.catalina.core.StandardEngine  : Starting Servlet engine: [Apache Tomcat/9.0.56]
2024-04-21 19:35:39.632  INFO 72158 --- [           main] o.a.c.c.C.[Tomcat-1].[localhost].[/]     : Initializing Spring embedded WebApplicationContext
2024-04-21 19:35:39.632  INFO 72158 --- [           main] w.s.c.ServletWebServerApplicationContext : Root WebApplicationContext: initialization completed in 539 ms
2024-04-21 19:35:40.458  INFO 72158 --- [           main] o.s.b.a.e.web.EndpointLinksResolver      : Exposing 1 endpoint(s) beneath base path '/actuator'
2024-04-21 19:35:40.508  INFO 72158 --- [           main] o.s.b.w.embedded.tomcat.TomcatWebServer  : Tomcat started on port(s): 32969 (http) with context path ''
2024-04-21 19:35:40.515  INFO 72158 --- [           main] abric8BootstrapConfigurationNotInsideK8s : Started Fabric8BootstrapConfigurationTests.Fabric8BootstrapConfigurationNotInsideK8s in 1.559 seconds (JVM running for 14.875)
2024-04-21 19:35:40.540  INFO 72158 --- [           main] .b.t.c.SpringBootTestContextBootstrapper : Neither @ContextConfiguration nor @ContextHierarchy found for test class [org.springframework.cloud.kubernetes.fabric8.config.Fabric8ActuatorTests$DisabledHealthTest], using SpringBootContextLoader
2024-04-21 19:35:40.541  INFO 72158 --- [           main] o.s.t.c.support.AbstractContextLoader    : Could not detect default resource locations for test class [org.springframework.cloud.kubernetes.fabric8.config.Fabric8ActuatorTests$DisabledHealthTest]: no resource found for suffixes {-context.xml, Context.groovy}.
2024-04-21 19:35:40.543  INFO 72158 --- [           main] .b.t.c.SpringBootTestContextBootstrapper : Loaded default TestExecutionListener class names from location [META-INF/spring.factories]: [org.springframework.boot.test.mock.mockito.MockitoTestExecutionListener, org.springframework.boot.test.mock.mockito.ResetMocksTestExecutionListener, org.springframework.boot.test.autoconfigure.restdocs.RestDocsTestExecutionListener, org.springframework.boot.test.autoconfigure.web.client.MockRestServiceServerResetTestExecutionListener, org.springframework.boot.test.autoconfigure.web.servlet.MockMvcPrintOnlyOnFailureTestExecutionListener, org.springframework.boot.test.autoconfigure.web.servlet.WebDriverTestExecutionListener, org.springframework.boot.test.autoconfigure.webservices.client.MockWebServiceServerTestExecutionListener, org.springframework.test.context.web.ServletTestExecutionListener, org.springframework.test.context.support.DirtiesContextBeforeModesTestExecutionListener, org.springframework.test.context.event.ApplicationEventsTestExecutionListener, org.springframework.test.context.support.DependencyInjectionTestExecutionListener, org.springframework.test.context.support.DirtiesContextTestExecutionListener, org.springframework.test.context.transaction.TransactionalTestExecutionListener, org.springframework.test.context.jdbc.SqlScriptsTestExecutionListener, org.springframework.test.context.event.EventPublishingTestExecutionListener, org.spockframework.spring.SpringMockTestExecutionListener]
2024-04-21 19:35:40.545  INFO 72158 --- [           main] .b.t.c.SpringBootTestContextBootstrapper : Using TestExecutionListeners: [org.springframework.test.context.web.ServletTestExecutionListener@6037748a, org.springframework.test.context.support.DirtiesContextBeforeModesTestExecutionListener@4d87e7f3, org.springframework.test.context.event.ApplicationEventsTestExecutionListener@14c7ab73, org.springframework.boot.test.mock.mockito.MockitoTestExecutionListener@4fcb796f, org.springframework.boot.test.autoconfigure.SpringBootDependencyInjectionTestExecutionListener@1483c738, org.springframework.test.context.support.DirtiesContextTestExecutionListener@66c91224, org.springframework.test.context.event.EventPublishingTestExecutionListener@4ffcb1bd, org.springframework.boot.test.mock.mockito.ResetMocksTestExecutionListener@5be8a92c, org.springframework.boot.test.autoconfigure.restdocs.RestDocsTestExecutionListener@51d80f6e, org.springframework.boot.test.autoconfigure.web.client.MockRestServiceServerResetTestExecutionListener@7fae6f43, org.springframework.boot.test.autoconfigure.web.servlet.MockMvcPrintOnlyOnFailureTestExecutionListener@55f54852, org.springframework.boot.test.autoconfigure.web.servlet.WebDriverTestExecutionListener@4bca2a09, org.springframework.boot.test.autoconfigure.webservices.client.MockWebServiceServerTestExecutionListener@5af8ef61, org.spockframework.spring.SpringMockTestExecutionListener@5620470a]
2024-04-21 19:35:40.600  WARN 72158 --- [           main] ubernetesProfileEnvironmentPostProcessor : Not running inside kubernetes. Skipping 'kubernetes' profile activation.

  .   ____          _            __ _ _
 /\\ / ___'_ __ _ _(_)_ __  __ _ \ \ \ \
( ( )\___ | '_ | '_| | '_ \/ _` | \ \ \ \
 \\/  ___)| |_)| | | | | || (_| |  ) ) ) )
  '  |____| .__|_| |_|_| |_\__, | / / / /
 =========|_|==============|___/=/_/_/_/
 :: Spring Boot ::                (v2.6.3)

2024-04-21 19:35:40.678  WARN 72158 --- [           main] ubernetesProfileEnvironmentPostProcessor : Not running inside kubernetes. Skipping 'kubernetes' profile activation.
2024-04-21 19:35:40.678  INFO 72158 --- [           main] .Fabric8ActuatorTests$DisabledHealthTest : No active profile set, falling back to default profiles: default
2024-04-21 19:35:40.908  INFO 72158 --- [           main] o.s.cloud.context.scope.GenericScope     : BeanFactory id=4be2013b-cc49-3351-ae92-82ba8fb12059
2024-04-21 19:35:41.009  INFO 72158 --- [           main] o.s.b.w.embedded.tomcat.TomcatWebServer  : Tomcat initialized with port(s): 0 (http)
2024-04-21 19:35:41.010  INFO 72158 --- [           main] o.apache.catalina.core.StandardService   : Starting service [Tomcat]
2024-04-21 19:35:41.011  INFO 72158 --- [           main] org.apache.catalina.core.StandardEngine  : Starting Servlet engine: [Apache Tomcat/9.0.56]
2024-04-21 19:35:41.020  INFO 72158 --- [           main] o.a.c.c.C.[Tomcat-2].[localhost].[/]     : Initializing Spring embedded WebApplicationContext
2024-04-21 19:35:41.020  INFO 72158 --- [           main] w.s.c.ServletWebServerApplicationContext : Root WebApplicationContext: initialization completed in 341 ms
2024-04-21 19:35:41.699  INFO 72158 --- [           main] o.s.b.a.e.web.EndpointLinksResolver      : Exposing 1 endpoint(s) beneath base path '/actuator'
2024-04-21 19:35:41.743  INFO 72158 --- [           main] o.s.b.w.embedded.tomcat.TomcatWebServer  : Tomcat started on port(s): 36261 (http) with context path ''
2024-04-21 19:35:41.749  INFO 72158 --- [           main] .Fabric8ActuatorTests$DisabledHealthTest : Started Fabric8ActuatorTests.DisabledHealthTest in 1.202 seconds (JVM running for 16.109)
2024-04-21 19:35:41.767  INFO 72158 --- [o-auto-3-exec-1] o.a.c.c.C.[Tomcat-2].[localhost].[/]     : Initializing Spring DispatcherServlet 'dispatcherServlet'
2024-04-21 19:35:41.769  INFO 72158 --- [o-auto-3-exec-1] o.s.web.servlet.DispatcherServlet        : Initializing Servlet 'dispatcherServlet'
2024-04-21 19:35:41.770  INFO 72158 --- [o-auto-3-exec-1] o.s.web.servlet.DispatcherServlet        : Completed initialization in 1 ms
2024-04-21 19:35:41.819  INFO 72158 --- [WebServer 34941] okhttp3.mockwebserver.MockWebServer      : MockWebServer[34941] starting to accept connections
2024-04-21 19:35:41.822  INFO 72158 --- [WebServer 40169] okhttp3.mockwebserver.MockWebServer      : MockWebServer[40169] starting to accept connections
2024-04-21 19:35:41.823  INFO 72158 --- [           main] s.c.k.f.c.Fabric8ConfigMapPropertySource : Loading ConfigMap with name 'configmap' in namespace 'some-namespace'
2024-04-21 19:35:41.823  WARN 72158 --- [           main] s.c.k.f.c.Fabric8ConfigMapPropertySource : Can't read configMap with name: [configmap] in namespace: [some-namespace]. Ignoring.

java.lang.NullPointerException: null
	at org.springframework.cloud.kubernetes.fabric8.config.Fabric8ConfigUtils.getConfigMapData(Fabric8ConfigUtils.java:118)
	at org.springframework.cloud.kubernetes.fabric8.config.Fabric8ConfigMapPropertySource.getData(Fabric8ConfigMapPropertySource.java:79)
	at org.springframework.cloud.kubernetes.fabric8.config.Fabric8ConfigMapPropertySource.<init>(Fabric8ConfigMapPropertySource.java:63)
	at org.springframework.cloud.kubernetes.fabric8.config.Fabric8ConfigMapPropertySourceTests.anotherDeprecatedConstructorWithClientNamespaceMustNotFail(Fabric8ConfigMapPropertySourceTests.java:95)
	at sun.reflect.NativeMethodAccessorImpl.invoke0(Native Method)
	at sun.reflect.NativeMethodAccessorImpl.invoke(NativeMethodAccessorImpl.java:62)
	at sun.reflect.DelegatingMethodAccessorImpl.invoke(DelegatingMethodAccessorImpl.java:43)
	at java.lang.reflect.Method.invoke(Method.java:498)
	at org.junit.platform.commons.util.ReflectionUtils.invokeMethod(ReflectionUtils.java:725)
	at org.junit.jupiter.engine.execution.MethodInvocation.proceed(MethodInvocation.java:60)
	at org.junit.jupiter.engine.execution.InvocationInterceptorChain$ValidatingInvocation.proceed(InvocationInterceptorChain.java:131)
	at org.junit.jupiter.engine.extension.TimeoutExtension.intercept(TimeoutExtension.java:149)
	at org.junit.jupiter.engine.extension.TimeoutExtension.interceptTestableMethod(TimeoutExtension.java:140)
	at org.junit.jupiter.engine.extension.TimeoutExtension.interceptTestMethod(TimeoutExtension.java:84)
	at org.junit.jupiter.engine.execution.ExecutableInvoker$ReflectiveInterceptorCall.lambda$ofVoidMethod$0(ExecutableInvoker.java:115)
	at org.junit.jupiter.engine.execution.ExecutableInvoker.lambda$invoke$0(ExecutableInvoker.java:105)
	at org.junit.jupiter.engine.execution.InvocationInterceptorChain$InterceptedInvocation.proceed(InvocationInterceptorChain.java:106)
	at org.junit.jupiter.engine.execution.InvocationInterceptorChain.proceed(InvocationInterceptorChain.java:64)
	at org.junit.jupiter.engine.execution.InvocationInterceptorChain.chainAndInvoke(InvocationInterceptorChain.java:45)
	at org.junit.jupiter.engine.execution.InvocationInterceptorChain.invoke(InvocationInterceptorChain.java:37)
	at org.junit.jupiter.engine.execution.ExecutableInvoker.invoke(ExecutableInvoker.java:104)
	at org.junit.jupiter.engine.execution.ExecutableInvoker.invoke(ExecutableInvoker.java:98)
	at org.junit.jupiter.engine.descriptor.TestMethodTestDescriptor.lambda$invokeTestMethod$7(TestMethodTestDescriptor.java:214)
	at org.junit.platform.engine.support.hierarchical.ThrowableCollector.execute(ThrowableCollector.java:73)
	at org.junit.jupiter.engine.descriptor.TestMethodTestDescriptor.invokeTestMethod(TestMethodTestDescriptor.java:210)
	at org.junit.jupiter.engine.descriptor.TestMethodTestDescriptor.execute(TestMethodTestDescriptor.java:135)
	at org.junit.jupiter.engine.descriptor.TestMethodTestDescriptor.execute(TestMethodTestDescriptor.java:66)
	at org.junit.platform.engine.support.hierarchical.NodeTestTask.lambda$executeRecursively$6(NodeTestTask.java:151)
	at org.junit.platform.engine.support.hierarchical.ThrowableCollector.execute(ThrowableCollector.java:73)
	at org.junit.platform.engine.support.hierarchical.NodeTestTask.lambda$executeRecursively$8(NodeTestTask.java:141)
	at org.junit.platform.engine.support.hierarchical.Node.around(Node.java:137)
	at org.junit.platform.engine.support.hierarchical.NodeTestTask.lambda$executeRecursively$9(NodeTestTask.java:139)
	at org.junit.platform.engine.support.hierarchical.ThrowableCollector.execute(ThrowableCollector.java:73)
	at org.junit.platform.engine.support.hierarchical.NodeTestTask.executeRecursively(NodeTestTask.java:138)
	at org.junit.platform.engine.support.hierarchical.NodeTestTask.execute(NodeTestTask.java:95)
	at java.util.ArrayList.forEach(ArrayList.java:1259)
	at org.junit.platform.engine.support.hierarchical.SameThreadHierarchicalTestExecutorService.invokeAll(SameThreadHierarchicalTestExecutorService.java:41)
	at org.junit.platform.engine.support.hierarchical.NodeTestTask.lambda$executeRecursively$6(NodeTestTask.java:155)
	at org.junit.platform.engine.support.hierarchical.ThrowableCollector.execute(ThrowableCollector.java:73)
	at org.junit.platform.engine.support.hierarchical.NodeTestTask.lambda$executeRecursively$8(NodeTestTask.java:141)
	at org.junit.platform.engine.support.hierarchical.Node.around(Node.java:137)
	at org.junit.platform.engine.support.hierarchical.NodeTestTask.lambda$executeRecursively$9(NodeTestTask.java:139)
	at org.junit.platform.engine.support.hierarchical.ThrowableCollector.execute(ThrowableCollector.java:73)
	at org.junit.platform.engine.support.hierarchical.NodeTestTask.executeRecursively(NodeTestTask.java:138)
	at org.junit.platform.engine.support.hierarchical.NodeTestTask.execute(NodeTestTask.java:95)
	at java.util.ArrayList.forEach(ArrayList.java:1259)
	at org.junit.platform.engine.support.hierarchical.SameThreadHierarchicalTestExecutorService.invokeAll(SameThreadHierarchicalTestExecutorService.java:41)
	at org.junit.platform.engine.support.hierarchical.NodeTestTask.lambda$executeRecursively$6(NodeTestTask.java:155)
	at org.junit.platform.engine.support.hierarchical.ThrowableCollector.execute(ThrowableCollector.java:73)
	at org.junit.platform.engine.support.hierarchical.NodeTestTask.lambda$executeRecursively$8(NodeTestTask.java:141)
	at org.junit.platform.engine.support.hierarchical.Node.around(Node.java:137)
	at org.junit.platform.engine.support.hierarchical.NodeTestTask.lambda$executeRecursively$9(NodeTestTask.java:139)
	at org.junit.platform.engine.support.hierarchical.ThrowableCollector.execute(ThrowableCollector.java:73)
	at org.junit.platform.engine.support.hierarchical.NodeTestTask.executeRecursively(NodeTestTask.java:138)
	at org.junit.platform.engine.support.hierarchical.NodeTestTask.execute(NodeTestTask.java:95)
	at org.junit.platform.engine.support.hierarchical.SameThreadHierarchicalTestExecutorService.submit(SameThreadHierarchicalTestExecutorService.java:35)
	at org.junit.platform.engine.support.hierarchical.HierarchicalTestExecutor.execute(HierarchicalTestExecutor.java:57)
	at org.junit.platform.engine.support.hierarchical.HierarchicalTestEngine.execute(HierarchicalTestEngine.java:54)
	at org.junit.platform.launcher.core.DefaultLauncher.execute(DefaultLauncher.java:170)
	at org.junit.platform.launcher.core.DefaultLauncher.execute(DefaultLauncher.java:154)
	at org.junit.platform.launcher.core.DefaultLauncher.execute(DefaultLauncher.java:90)
	at edu.illinois.cs.testrunner.execution.JUnit5TestExecutor.runTestsSeparately(JUnit5TestExecutor.java:40)
	at edu.illinois.cs.testrunner.execution.Executor$.$anonfun$run$1(Executor.scala:33)
	at scala.runtime.java8.JFunction0$mcV$sp.apply(JFunction0$mcV$sp.java:12)
	at scala.util.Try$.apply(Try.scala:209)
	at edu.illinois.cs.testrunner.execution.Executor$.run(Executor.scala:28)
	at edu.illinois.cs.testrunner.execution.Executor$.main(Executor.scala:18)
	at edu.illinois.cs.testrunner.execution.Executor.main(Executor.scala)

2024-04-21 19:35:41.824  INFO 72158 --- [WebServer 40169] okhttp3.mockwebserver.MockWebServer      : MockWebServer[40169] done accepting connections: Socket closed
2024-04-21 19:35:41.832  INFO 72158 --- [WebServer 38779] okhttp3.mockwebserver.MockWebServer      : MockWebServer[38779] starting to accept connections
2024-04-21 19:35:41.836  INFO 72158 --- [WebServer 41453] okhttp3.mockwebserver.MockWebServer      : MockWebServer[41453] starting to accept connections
2024-04-21 19:35:41.836  INFO 72158 --- [           main] .b.t.c.SpringBootTestContextBootstrapper : Neither @ContextConfiguration nor @ContextHierarchy found for test class [org.springframework.cloud.kubernetes.fabric8.config.Fabric8ConfigMapPropertySourceLocatorRetryTests$ConfigRetryDisabledButSecretsRetryEnabled], using SpringBootContextLoader
2024-04-21 19:35:41.837  INFO 72158 --- [           main] o.s.t.c.support.AbstractContextLoader    : Could not detect default resource locations for test class [org.springframework.cloud.kubernetes.fabric8.config.Fabric8ConfigMapPropertySourceLocatorRetryTests$ConfigRetryDisabledButSecretsRetryEnabled]: no resource found for suffixes {-context.xml, Context.groovy}.
2024-04-21 19:35:41.839  INFO 72158 --- [           main] .b.t.c.SpringBootTestContextBootstrapper : Loaded default TestExecutionListener class names from location [META-INF/spring.factories]: [org.springframework.boot.test.mock.mockito.MockitoTestExecutionListener, org.springframework.boot.test.mock.mockito.ResetMocksTestExecutionListener, org.springframework.boot.test.autoconfigure.restdocs.RestDocsTestExecutionListener, org.springframework.boot.test.autoconfigure.web.client.MockRestServiceServerResetTestExecutionListener, org.springframework.boot.test.autoconfigure.web.servlet.MockMvcPrintOnlyOnFailureTestExecutionListener, org.springframework.boot.test.autoconfigure.web.servlet.WebDriverTestExecutionListener, org.springframework.boot.test.autoconfigure.webservices.client.MockWebServiceServerTestExecutionListener, org.springframework.test.context.web.ServletTestExecutionListener, org.springframework.test.context.support.DirtiesContextBeforeModesTestExecutionListener, org.springframework.test.context.event.ApplicationEventsTestExecutionListener, org.springframework.test.context.support.DependencyInjectionTestExecutionListener, org.springframework.test.context.support.DirtiesContextTestExecutionListener, org.springframework.test.context.transaction.TransactionalTestExecutionListener, org.springframework.test.context.jdbc.SqlScriptsTestExecutionListener, org.springframework.test.context.event.EventPublishingTestExecutionListener, org.spockframework.spring.SpringMockTestExecutionListener]
2024-04-21 19:35:41.841  INFO 72158 --- [           main] .b.t.c.SpringBootTestContextBootstrapper : Using TestExecutionListeners: [org.springframework.test.context.web.ServletTestExecutionListener@1a16583d, org.springframework.test.context.support.DirtiesContextBeforeModesTestExecutionListener@59da4992, org.springframework.test.context.event.ApplicationEventsTestExecutionListener@20425fab, org.springframework.boot.test.mock.mockito.MockitoTestExecutionListener@71c2cb26, org.springframework.boot.test.autoconfigure.SpringBootDependencyInjectionTestExecutionListener@593db293, org.springframework.test.context.support.DirtiesContextTestExecutionListener@5220e6ff, org.springframework.test.context.event.EventPublishingTestExecutionListener@602d5417, org.springframework.boot.test.mock.mockito.ResetMocksTestExecutionListener@75128cf, org.springframework.boot.test.autoconfigure.restdocs.RestDocsTestExecutionListener@33ccab9c, org.springframework.boot.test.autoconfigure.web.client.MockRestServiceServerResetTestExecutionListener@668ea404, org.springframework.boot.test.autoconfigure.web.servlet.MockMvcPrintOnlyOnFailureTestExecutionListener@6c89c92e, org.springframework.boot.test.autoconfigure.web.servlet.WebDriverTestExecutionListener@62109320, org.springframework.boot.test.autoconfigure.webservices.client.MockWebServiceServerTestExecutionListener@34d644b5, org.spockframework.spring.SpringMockTestExecutionListener@276b68af]
2024-04-21 19:35:41.889  WARN 72158 --- [           main] ubernetesProfileEnvironmentPostProcessor : Not running inside kubernetes. Skipping 'kubernetes' profile activation.
2024-04-21 19:35:41.926  INFO 72158 --- [           main] trationDelegate$BeanPostProcessorChecker : Bean 'org.springframework.retry.annotation.RetryConfiguration' of type [org.springframework.retry.annotation.RetryConfiguration] is not eligible for getting processed by all BeanPostProcessors (for example: not eligible for auto-proxying)

  .   ____          _            __ _ _
 /\\ / ___'_ __ _ _(_)_ __  __ _ \ \ \ \
( ( )\___ | '_ | '_| | '_ \/ _` | \ \ \ \
 \\/  ___)| |_)| | | | | || (_| |  ) ) ) )
  '  |____| .__|_| |_|_| |_\__, | / / / /
 =========|_|==============|___/=/_/_/_/
 :: Spring Boot ::                (v2.6.3)

2024-04-21 19:35:41.982  INFO 72158 --- [           main] s.c.k.f.c.Fabric8ConfigMapPropertySource : Loading ConfigMap with name 'application' in namespace 'default'
2024-04-21 19:35:42.088  INFO 72158 --- [127.0.0.1:56502] okhttp3.mockwebserver.MockWebServer      : MockWebServer[38779] received request: GET /api/v1/namespaces/default/configmaps/application HTTP/1.1 and responded: HTTP/1.1 404 Client Error
2024-04-21 19:35:42.090  INFO 72158 --- [           main] o.s.c.k.f.config.Fabric8ConfigUtils      : config-map with name : 'application' not present in namespace : 'default'
2024-04-21 19:35:42.090  INFO 72158 --- [           main] b.c.PropertySourceBootstrapConfiguration : Located property source: [BootstrapPropertySource {name='bootstrapProperties-configmap.application.default'}]
2024-04-21 19:35:42.094  WARN 72158 --- [           main] ubernetesProfileEnvironmentPostProcessor : Not running inside kubernetes. Skipping 'kubernetes' profile activation.
2024-04-21 19:35:42.095  INFO 72158 --- [           main] onfigRetryDisabledButSecretsRetryEnabled : No active profile set, falling back to default profiles: default
2024-04-21 19:35:42.443  INFO 72158 --- [           main] o.s.cloud.context.scope.GenericScope     : BeanFactory id=94652287-2eb9-367e-b08b-eea09b3b2900
2024-04-21 19:35:42.897  INFO 72158 --- [           main] onfigRetryDisabledButSecretsRetryEnabled : Started Fabric8ConfigMapPropertySourceLocatorRetryTests.ConfigRetryDisabledButSecretsRetryEnabled in 1.055 seconds (JVM running for 17.257)
2024-04-21 19:35:42.903  INFO 72158 --- [WebServer 35461] okhttp3.mockwebserver.MockWebServer      : MockWebServer[35461] starting to accept connections
2024-04-21 19:35:42.914  INFO 72158 --- [           main] s.c.k.f.c.Fabric8ConfigMapPropertySource : Loading ConfigMap with name 'application' in namespace 'default'
2024-04-21 19:35:42.916  INFO 72158 --- [127.0.0.1:56502] okhttp3.mockwebserver.MockWebServer      : MockWebServer[38779] received request: GET /api/v1/namespaces/default/configmaps/application HTTP/1.1 and responded: HTTP/1.1 500 Server Error
2024-04-21 19:35:42.922  INFO 72158 --- [WebServer 35461] okhttp3.mockwebserver.MockWebServer      : MockWebServer[35461] done accepting connections: Socket closed
2024-04-21 19:35:42.927  INFO 72158 --- [           main] .b.t.c.SpringBootTestContextBootstrapper : Neither @ContextConfiguration nor @ContextHierarchy found for test class [org.springframework.cloud.kubernetes.fabric8.config.ConfigMapsWithProfileExpressionTests], using SpringBootContextLoader
2024-04-21 19:35:42.928  INFO 72158 --- [           main] o.s.t.c.support.AbstractContextLoader    : Could not detect default resource locations for test class [org.springframework.cloud.kubernetes.fabric8.config.ConfigMapsWithProfileExpressionTests]: no resource found for suffixes {-context.xml, Context.groovy}.
2024-04-21 19:35:42.930  INFO 72158 --- [           main] .b.t.c.SpringBootTestContextBootstrapper : Loaded default TestExecutionListener class names from location [META-INF/spring.factories]: [org.springframework.boot.test.mock.mockito.MockitoTestExecutionListener, org.springframework.boot.test.mock.mockito.ResetMocksTestExecutionListener, org.springframework.boot.test.autoconfigure.restdocs.RestDocsTestExecutionListener, org.springframework.boot.test.autoconfigure.web.client.MockRestServiceServerResetTestExecutionListener, org.springframework.boot.test.autoconfigure.web.servlet.MockMvcPrintOnlyOnFailureTestExecutionListener, org.springframework.boot.test.autoconfigure.web.servlet.WebDriverTestExecutionListener, org.springframework.boot.test.autoconfigure.webservices.client.MockWebServiceServerTestExecutionListener, org.springframework.test.context.web.ServletTestExecutionListener, org.springframework.test.context.support.DirtiesContextBeforeModesTestExecutionListener, org.springframework.test.context.event.ApplicationEventsTestExecutionListener, org.springframework.test.context.support.DependencyInjectionTestExecutionListener, org.springframework.test.context.support.DirtiesContextTestExecutionListener, org.springframework.test.context.transaction.TransactionalTestExecutionListener, org.springframework.test.context.jdbc.SqlScriptsTestExecutionListener, org.springframework.test.context.event.EventPublishingTestExecutionListener, org.spockframework.spring.SpringMockTestExecutionListener]
2024-04-21 19:35:42.931  INFO 72158 --- [           main] .b.t.c.SpringBootTestContextBootstrapper : Using TestExecutionListeners: [org.springframework.test.context.web.ServletTestExecutionListener@520034a, org.springframework.test.context.support.DirtiesContextBeforeModesTestExecutionListener@bedebe9, org.springframework.test.context.event.ApplicationEventsTestExecutionListener@6592a73b, org.springframework.boot.test.mock.mockito.MockitoTestExecutionListener@14f11a56, org.springframework.boot.test.autoconfigure.SpringBootDependencyInjectionTestExecutionListener@11ce61d1, org.springframework.test.context.support.DirtiesContextTestExecutionListener@759862a2, org.springframework.test.context.event.EventPublishingTestExecutionListener@543b855, org.springframework.boot.test.mock.mockito.ResetMocksTestExecutionListener@197c3101, org.springframework.boot.test.autoconfigure.restdocs.RestDocsTestExecutionListener@7b5e1b16, org.springframework.boot.test.autoconfigure.web.client.MockRestServiceServerResetTestExecutionListener@4d65fbad, org.springframework.boot.test.autoconfigure.web.servlet.MockMvcPrintOnlyOnFailureTestExecutionListener@55fc6344, org.springframework.boot.test.autoconfigure.web.servlet.WebDriverTestExecutionListener@2df0a4c3, org.springframework.boot.test.autoconfigure.webservices.client.MockWebServiceServerTestExecutionListener@267d9cc0, org.spockframework.spring.SpringMockTestExecutionListener@44a7a331]
2024-04-21 19:35:42.933  INFO 72158 --- [WebServer 42683] okhttp3.mockwebserver.MockWebServer      : MockWebServer[42683] starting to accept connections
2024-04-21 19:35:42.938  INFO 72158 --- [127.0.0.1:57588] okhttp3.mockwebserver.MockWebServer      : MockWebServer[42683] received request: POST /api/v1/namespaces/test/configmaps HTTP/1.1 and responded: HTTP/1.1 200 OK
2024-04-21 19:35:42.984  WARN 72158 --- [           main] ubernetesProfileEnvironmentPostProcessor : Not running inside kubernetes. Skipping 'kubernetes' profile activation.

  .   ____          _            __ _ _
 /\\ / ___'_ __ _ _(_)_ __  __ _ \ \ \ \
( ( )\___ | '_ | '_| | '_ \/ _` | \ \ \ \
 \\/  ___)| |_)| | | | | || (_| |  ) ) ) )
  '  |____| .__|_| |_|_| |_\__, | / / / /
 =========|_|==============|___/=/_/_/_/
 :: Spring Boot ::                (v2.6.3)

2024-04-21 19:35:43.064  INFO 72158 --- [           main] s.c.k.f.c.Fabric8ConfigMapPropertySource : Loading ConfigMap with name 'configmap-with-profile-example' in namespace 'test'
2024-04-21 19:35:43.067  INFO 72158 --- [127.0.0.1:57592] okhttp3.mockwebserver.MockWebServer      : MockWebServer[42683] received request: GET /api/v1/namespaces/test/configmaps/configmap-with-profile-example HTTP/1.1 and responded: HTTP/1.1 200 OK
2024-04-21 19:35:43.081  INFO 72158 --- [127.0.0.1:57592] okhttp3.mockwebserver.MockWebServer      : MockWebServer[42683] received request: GET /api/v1/namespaces/test/configmaps/configmap-with-profile-example-production HTTP/1.1 and responded: HTTP/1.1 404 Client Error
2024-04-21 19:35:43.082  INFO 72158 --- [           main] o.s.c.k.f.config.Fabric8ConfigUtils      : config-map with name : 'configmap-with-profile-example-production' not present in namespace : 'test'
2024-04-21 19:35:43.083  INFO 72158 --- [127.0.0.1:57592] okhttp3.mockwebserver.MockWebServer      : MockWebServer[42683] received request: GET /api/v1/namespaces/test/configmaps/configmap-with-profile-example-us-east HTTP/1.1 and responded: HTTP/1.1 404 Client Error
2024-04-21 19:35:43.083  INFO 72158 --- [           main] o.s.c.k.f.config.Fabric8ConfigUtils      : config-map with name : 'configmap-with-profile-example-us-east' not present in namespace : 'test'
2024-04-21 19:35:43.083  INFO 72158 --- [           main] b.c.PropertySourceBootstrapConfiguration : Located property source: [BootstrapPropertySource {name='bootstrapProperties-configmap.configmap-with-profile-example.test'}]
2024-04-21 19:35:43.086  WARN 72158 --- [           main] ubernetesProfileEnvironmentPostProcessor : Not running inside kubernetes. Skipping 'kubernetes' profile activation.
2024-04-21 19:35:43.087  INFO 72158 --- [           main] f.c.ConfigMapsWithProfileExpressionTests : The following profiles are active: production,us-east
2024-04-21 19:35:43.278  INFO 72158 --- [           main] o.s.cloud.context.scope.GenericScope     : BeanFactory id=affffd22-e438-321b-a0d0-967c2140a2e8
2024-04-21 19:35:43.363  INFO 72158 --- [           main] o.s.b.w.embedded.tomcat.TomcatWebServer  : Tomcat initialized with port(s): 0 (http)
2024-04-21 19:35:43.364  INFO 72158 --- [           main] o.apache.catalina.core.StandardService   : Starting service [Tomcat]
2024-04-21 19:35:43.364  INFO 72158 --- [           main] org.apache.catalina.core.StandardEngine  : Starting Servlet engine: [Apache Tomcat/9.0.56]
2024-04-21 19:35:43.373  INFO 72158 --- [           main] o.a.c.c.C.[Tomcat-3].[localhost].[/]     : Initializing Spring embedded WebApplicationContext
2024-04-21 19:35:43.374  INFO 72158 --- [           main] w.s.c.ServletWebServerApplicationContext : Root WebApplicationContext: initialization completed in 286 ms
2024-04-21 19:35:43.948  INFO 72158 --- [           main] o.s.b.a.e.web.EndpointLinksResolver      : Exposing 1 endpoint(s) beneath base path '/actuator'
2024-04-21 19:35:43.993  INFO 72158 --- [           main] o.s.b.w.embedded.tomcat.TomcatWebServer  : Tomcat started on port(s): 45171 (http) with context path ''
2024-04-21 19:35:43.999  INFO 72158 --- [           main] f.c.ConfigMapsWithProfileExpressionTests : Started ConfigMapsWithProfileExpressionTests in 1.059 seconds (JVM running for 18.359)
2024-04-21 19:35:44.013  INFO 72158 --- [WebServer 49851] okhttp3.mockwebserver.MockWebServer      : MockWebServer[49851] starting to accept connections
2024-04-21 19:35:44.020  INFO 72158 --- [o-auto-4-exec-1] o.a.c.c.C.[Tomcat-3].[localhost].[/]     : Initializing Spring DispatcherServlet 'dispatcherServlet'
2024-04-21 19:35:44.020  INFO 72158 --- [o-auto-4-exec-1] o.s.web.servlet.DispatcherServlet        : Initializing Servlet 'dispatcherServlet'
2024-04-21 19:35:44.021  INFO 72158 --- [o-auto-4-exec-1] o.s.web.servlet.DispatcherServlet        : Completed initialization in 0 ms
2024-04-21 19:35:44.077  INFO 72158 --- [WebServer 49851] okhttp3.mockwebserver.MockWebServer      : MockWebServer[49851] done accepting connections: Socket closed
2024-04-21 19:35:44.082  INFO 72158 --- [           main] .b.t.c.SpringBootTestContextBootstrapper : Neither @ContextConfiguration nor @ContextHierarchy found for test class [org.springframework.cloud.kubernetes.fabric8.config.ConfigMapsWithProfilesTests], using SpringBootContextLoader
2024-04-21 19:35:44.083  INFO 72158 --- [           main] o.s.t.c.support.AbstractContextLoader    : Could not detect default resource locations for test class [org.springframework.cloud.kubernetes.fabric8.config.ConfigMapsWithProfilesTests]: no resource found for suffixes {-context.xml, Context.groovy}.
2024-04-21 19:35:44.085  INFO 72158 --- [           main] .b.t.c.SpringBootTestContextBootstrapper : Loaded default TestExecutionListener class names from location [META-INF/spring.factories]: [org.springframework.boot.test.mock.mockito.MockitoTestExecutionListener, org.springframework.boot.test.mock.mockito.ResetMocksTestExecutionListener, org.springframework.boot.test.autoconfigure.restdocs.RestDocsTestExecutionListener, org.springframework.boot.test.autoconfigure.web.client.MockRestServiceServerResetTestExecutionListener, org.springframework.boot.test.autoconfigure.web.servlet.MockMvcPrintOnlyOnFailureTestExecutionListener, org.springframework.boot.test.autoconfigure.web.servlet.WebDriverTestExecutionListener, org.springframework.boot.test.autoconfigure.webservices.client.MockWebServiceServerTestExecutionListener, org.springframework.test.context.web.ServletTestExecutionListener, org.springframework.test.context.support.DirtiesContextBeforeModesTestExecutionListener, org.springframework.test.context.event.ApplicationEventsTestExecutionListener, org.springframework.test.context.support.DependencyInjectionTestExecutionListener, org.springframework.test.context.support.DirtiesContextTestExecutionListener, org.springframework.test.context.transaction.TransactionalTestExecutionListener, org.springframework.test.context.jdbc.SqlScriptsTestExecutionListener, org.springframework.test.context.event.EventPublishingTestExecutionListener, org.spockframework.spring.SpringMockTestExecutionListener]
2024-04-21 19:35:44.086  INFO 72158 --- [           main] .b.t.c.SpringBootTestContextBootstrapper : Using TestExecutionListeners: [org.springframework.test.context.web.ServletTestExecutionListener@106e816c, org.springframework.test.context.support.DirtiesContextBeforeModesTestExecutionListener@53d3ae89, org.springframework.test.context.event.ApplicationEventsTestExecutionListener@7c98bac0, org.springframework.boot.test.mock.mockito.MockitoTestExecutionListener@bc85538, org.springframework.boot.test.autoconfigure.SpringBootDependencyInjectionTestExecutionListener@6fc9c0cc, org.springframework.test.context.support.DirtiesContextTestExecutionListener@21a09c5a, org.springframework.test.context.event.EventPublishingTestExecutionListener@18d76c14, org.springframework.boot.test.mock.mockito.ResetMocksTestExecutionListener@517f9ba3, org.springframework.boot.test.autoconfigure.restdocs.RestDocsTestExecutionListener@7011eee0, org.springframework.boot.test.autoconfigure.web.client.MockRestServiceServerResetTestExecutionListener@5576eef4, org.springframework.boot.test.autoconfigure.web.servlet.MockMvcPrintOnlyOnFailureTestExecutionListener@76629f82, org.springframework.boot.test.autoconfigure.web.servlet.WebDriverTestExecutionListener@5beda06e, org.springframework.boot.test.autoconfigure.webservices.client.MockWebServiceServerTestExecutionListener@2474331d, org.spockframework.spring.SpringMockTestExecutionListener@46977829]
2024-04-21 19:35:44.088  INFO 72158 --- [WebServer 35295] okhttp3.mockwebserver.MockWebServer      : MockWebServer[35295] starting to accept connections
2024-04-21 19:35:44.092  INFO 72158 --- [127.0.0.1:45350] okhttp3.mockwebserver.MockWebServer      : MockWebServer[35295] received request: POST /api/v1/namespaces/test/configmaps HTTP/1.1 and responded: HTTP/1.1 200 OK
2024-04-21 19:35:44.143  WARN 72158 --- [           main] ubernetesProfileEnvironmentPostProcessor : Not running inside kubernetes. Skipping 'kubernetes' profile activation.

  .   ____          _            __ _ _
 /\\ / ___'_ __ _ _(_)_ __  __ _ \ \ \ \
( ( )\___ | '_ | '_| | '_ \/ _` | \ \ \ \
 \\/  ___)| |_)| | | | | || (_| |  ) ) ) )
  '  |____| .__|_| |_|_| |_\__, | / / / /
 =========|_|==============|___/=/_/_/_/
 :: Spring Boot ::                (v2.6.3)

2024-04-21 19:35:44.217  INFO 72158 --- [           main] s.c.k.f.c.Fabric8ConfigMapPropertySource : Loading ConfigMap with name 'configmap-with-profile-example' in namespace 'test'
2024-04-21 19:35:44.221  INFO 72158 --- [127.0.0.1:45358] okhttp3.mockwebserver.MockWebServer      : MockWebServer[35295] received request: GET /api/v1/namespaces/test/configmaps/configmap-with-profile-example HTTP/1.1 and responded: HTTP/1.1 200 OK
2024-04-21 19:35:44.226  INFO 72158 --- [127.0.0.1:45358] okhttp3.mockwebserver.MockWebServer      : MockWebServer[35295] received request: GET /api/v1/namespaces/test/configmaps/configmap-with-profile-example-development HTTP/1.1 and responded: HTTP/1.1 404 Client Error
2024-04-21 19:35:44.226  INFO 72158 --- [           main] o.s.c.k.f.config.Fabric8ConfigUtils      : config-map with name : 'configmap-with-profile-example-development' not present in namespace : 'test'
2024-04-21 19:35:44.226  INFO 72158 --- [           main] b.c.PropertySourceBootstrapConfiguration : Located property source: [BootstrapPropertySource {name='bootstrapProperties-configmap.configmap-with-profile-example.test'}]
2024-04-21 19:35:44.229  WARN 72158 --- [           main] ubernetesProfileEnvironmentPostProcessor : Not running inside kubernetes. Skipping 'kubernetes' profile activation.
2024-04-21 19:35:44.229  INFO 72158 --- [           main] o.s.c.k.f.c.ConfigMapsWithProfilesTests  : The following profiles are active: development
2024-04-21 19:35:44.406  INFO 72158 --- [           main] o.s.cloud.context.scope.GenericScope     : BeanFactory id=affffd22-e438-321b-a0d0-967c2140a2e8
2024-04-21 19:35:44.492  INFO 72158 --- [           main] o.s.b.w.embedded.tomcat.TomcatWebServer  : Tomcat initialized with port(s): 0 (http)
2024-04-21 19:35:44.493  INFO 72158 --- [           main] o.apache.catalina.core.StandardService   : Starting service [Tomcat]
2024-04-21 19:35:44.493  INFO 72158 --- [           main] org.apache.catalina.core.StandardEngine  : Starting Servlet engine: [Apache Tomcat/9.0.56]
2024-04-21 19:35:44.503  INFO 72158 --- [           main] o.a.c.c.C.[Tomcat-4].[localhost].[/]     : Initializing Spring embedded WebApplicationContext
2024-04-21 19:35:44.503  INFO 72158 --- [           main] w.s.c.ServletWebServerApplicationContext : Root WebApplicationContext: initialization completed in 273 ms
2024-04-21 19:35:45.056  INFO 72158 --- [           main] o.s.b.a.e.web.EndpointLinksResolver      : Exposing 1 endpoint(s) beneath base path '/actuator'
2024-04-21 19:35:45.097  INFO 72158 --- [           main] o.s.b.w.embedded.tomcat.TomcatWebServer  : Tomcat started on port(s): 33997 (http) with context path ''
2024-04-21 19:35:45.102  INFO 72158 --- [           main] o.s.c.k.f.c.ConfigMapsWithProfilesTests  : Started ConfigMapsWithProfilesTests in 1.008 seconds (JVM running for 19.462)
2024-04-21 19:35:45.114  INFO 72158 --- [WebServer 58519] okhttp3.mockwebserver.MockWebServer      : MockWebServer[58519] starting to accept connections
2024-04-21 19:35:45.121  INFO 72158 --- [o-auto-5-exec-1] o.a.c.c.C.[Tomcat-4].[localhost].[/]     : Initializing Spring DispatcherServlet 'dispatcherServlet'
2024-04-21 19:35:45.121  INFO 72158 --- [o-auto-5-exec-1] o.s.web.servlet.DispatcherServlet        : Initializing Servlet 'dispatcherServlet'
2024-04-21 19:35:45.122  INFO 72158 --- [o-auto-5-exec-1] o.s.web.servlet.DispatcherServlet        : Completed initialization in 1 ms
2024-04-21 19:35:45.131  INFO 72158 --- [WebServer 58519] okhttp3.mockwebserver.MockWebServer      : MockWebServer[58519] done accepting connections: Socket closed
2024-04-21 19:35:45.135  INFO 72158 --- [           main] .b.t.c.SpringBootTestContextBootstrapper : Neither @ContextConfiguration nor @ContextHierarchy found for test class [org.springframework.cloud.kubernetes.fabric8.config.Fabric8ActuatorTests$EnabledHealthTest], using SpringBootContextLoader
2024-04-21 19:35:45.137  INFO 72158 --- [           main] o.s.t.c.support.AbstractContextLoader    : Could not detect default resource locations for test class [org.springframework.cloud.kubernetes.fabric8.config.Fabric8ActuatorTests$EnabledHealthTest]: no resource found for suffixes {-context.xml, Context.groovy}.
2024-04-21 19:35:45.138  INFO 72158 --- [           main] .b.t.c.SpringBootTestContextBootstrapper : Loaded default TestExecutionListener class names from location [META-INF/spring.factories]: [org.springframework.boot.test.mock.mockito.MockitoTestExecutionListener, org.springframework.boot.test.mock.mockito.ResetMocksTestExecutionListener, org.springframework.boot.test.autoconfigure.restdocs.RestDocsTestExecutionListener, org.springframework.boot.test.autoconfigure.web.client.MockRestServiceServerResetTestExecutionListener, org.springframework.boot.test.autoconfigure.web.servlet.MockMvcPrintOnlyOnFailureTestExecutionListener, org.springframework.boot.test.autoconfigure.web.servlet.WebDriverTestExecutionListener, org.springframework.boot.test.autoconfigure.webservices.client.MockWebServiceServerTestExecutionListener, org.springframework.test.context.web.ServletTestExecutionListener, org.springframework.test.context.support.DirtiesContextBeforeModesTestExecutionListener, org.springframework.test.context.event.ApplicationEventsTestExecutionListener, org.springframework.test.context.support.DependencyInjectionTestExecutionListener, org.springframework.test.context.support.DirtiesContextTestExecutionListener, org.springframework.test.context.transaction.TransactionalTestExecutionListener, org.springframework.test.context.jdbc.SqlScriptsTestExecutionListener, org.springframework.test.context.event.EventPublishingTestExecutionListener, org.spockframework.spring.SpringMockTestExecutionListener]
2024-04-21 19:35:45.140  INFO 72158 --- [           main] .b.t.c.SpringBootTestContextBootstrapper : Using TestExecutionListeners: [org.springframework.test.context.web.ServletTestExecutionListener@7c58c10f, org.springframework.test.context.support.DirtiesContextBeforeModesTestExecutionListener@389f4282, org.springframework.test.context.event.ApplicationEventsTestExecutionListener@7cf618f3, org.springframework.boot.test.mock.mockito.MockitoTestExecutionListener@45745de6, org.springframework.boot.test.autoconfigure.SpringBootDependencyInjectionTestExecutionListener@7f9ebcfe, org.springframework.test.context.support.DirtiesContextTestExecutionListener@3d577add, org.springframework.test.context.event.EventPublishingTestExecutionListener@712adc04, org.springframework.boot.test.mock.mockito.ResetMocksTestExecutionListener@165634aa, org.springframework.boot.test.autoconfigure.restdocs.RestDocsTestExecutionListener@1c2503d2, org.springframework.boot.test.autoconfigure.web.client.MockRestServiceServerResetTestExecutionListener@1aa21319, org.springframework.boot.test.autoconfigure.web.servlet.MockMvcPrintOnlyOnFailureTestExecutionListener@3dcf26b5, org.springframework.boot.test.autoconfigure.web.servlet.WebDriverTestExecutionListener@1a9ba6c2, org.springframework.boot.test.autoconfigure.webservices.client.MockWebServiceServerTestExecutionListener@2e940dd0, org.spockframework.spring.SpringMockTestExecutionListener@24a4e9c0]
2024-04-21 19:35:45.195  WARN 72158 --- [           main] ubernetesProfileEnvironmentPostProcessor : Not running inside kubernetes. Skipping 'kubernetes' profile activation.

  .   ____          _            __ _ _
 /\\ / ___'_ __ _ _(_)_ __  __ _ \ \ \ \
( ( )\___ | '_ | '_| | '_ \/ _` | \ \ \ \
 \\/  ___)| |_)| | | | | || (_| |  ) ) ) )
  '  |____| .__|_| |_|_| |_\__, | / / / /
 =========|_|==============|___/=/_/_/_/
 :: Spring Boot ::                (v2.6.3)

2024-04-21 19:35:45.261  WARN 72158 --- [           main] ubernetesProfileEnvironmentPostProcessor : Not running inside kubernetes. Skipping 'kubernetes' profile activation.
2024-04-21 19:35:45.261  INFO 72158 --- [           main] c.Fabric8ActuatorTests$EnabledHealthTest : No active profile set, falling back to default profiles: default
2024-04-21 19:35:45.410  INFO 72158 --- [           main] o.s.cloud.context.scope.GenericScope     : BeanFactory id=cf6232b6-8180-3b95-aacc-818afebc75eb
2024-04-21 19:35:45.507  INFO 72158 --- [           main] o.s.b.w.embedded.tomcat.TomcatWebServer  : Tomcat initialized with port(s): 0 (http)
2024-04-21 19:35:45.508  INFO 72158 --- [           main] o.apache.catalina.core.StandardService   : Starting service [Tomcat]
2024-04-21 19:35:45.508  INFO 72158 --- [           main] org.apache.catalina.core.StandardEngine  : Starting Servlet engine: [Apache Tomcat/9.0.56]
2024-04-21 19:35:45.518  INFO 72158 --- [           main] o.a.c.c.C.[Tomcat-5].[localhost].[/]     : Initializing Spring embedded WebApplicationContext
2024-04-21 19:35:45.518  INFO 72158 --- [           main] w.s.c.ServletWebServerApplicationContext : Root WebApplicationContext: initialization completed in 256 ms
2024-04-21 19:35:46.076  INFO 72158 --- [           main] o.s.b.a.e.web.EndpointLinksResolver      : Exposing 1 endpoint(s) beneath base path '/actuator'
2024-04-21 19:35:46.115  INFO 72158 --- [           main] o.s.b.w.embedded.tomcat.TomcatWebServer  : Tomcat started on port(s): 37993 (http) with context path ''
2024-04-21 19:35:46.120  INFO 72158 --- [           main] c.Fabric8ActuatorTests$EnabledHealthTest : Started Fabric8ActuatorTests.EnabledHealthTest in 0.978 seconds (JVM running for 20.48)
2024-04-21 19:35:46.135  INFO 72158 --- [o-auto-6-exec-1] o.a.c.c.C.[Tomcat-5].[localhost].[/]     : Initializing Spring DispatcherServlet 'dispatcherServlet'
2024-04-21 19:35:46.138  INFO 72158 --- [o-auto-6-exec-1] o.s.web.servlet.DispatcherServlet        : Initializing Servlet 'dispatcherServlet'
2024-04-21 19:35:46.138  INFO 72158 --- [o-auto-6-exec-1] o.s.web.servlet.DispatcherServlet        : Completed initialization in 0 ms
2024-04-21 19:35:46.155  INFO 72158 --- [WebServer 39585] okhttp3.mockwebserver.MockWebServer      : MockWebServer[39585] starting to accept connections
2024-04-21 19:35:46.157  INFO 72158 --- [WebServer 59469] okhttp3.mockwebserver.MockWebServer      : MockWebServer[59469] starting to accept connections
2024-04-21 19:35:46.160  INFO 72158 --- [127.0.0.1:40104] okhttp3.mockwebserver.MockWebServer      : MockWebServer[39585] received request: POST /api/v1/namespaces/test/configmaps HTTP/1.1 and responded: HTTP/1.1 200 OK
2024-04-21 19:35:46.161  INFO 72158 --- [           main] s.c.k.f.c.Fabric8ConfigMapPropertySource : Loading ConfigMap with name 'app-yaml-test' in namespace 'test'
2024-04-21 19:35:46.162  INFO 72158 --- [127.0.0.1:40104] okhttp3.mockwebserver.MockWebServer      : MockWebServer[39585] received request: GET /api/v1/namespaces/test/configmaps/app-yaml-test HTTP/1.1 and responded: HTTP/1.1 200 OK
2024-04-21 19:35:46.205  INFO 72158 --- [WebServer 59469] okhttp3.mockwebserver.MockWebServer      : MockWebServer[59469] done accepting connections: Socket closed
2024-04-21 19:35:46.210  INFO 72158 --- [           main] .b.t.c.SpringBootTestContextBootstrapper : Neither @ContextConfiguration nor @ContextHierarchy found for test class [org.springframework.cloud.kubernetes.fabric8.config.MultipleConfigMapsTests], using SpringBootContextLoader
2024-04-21 19:35:46.211  INFO 72158 --- [           main] o.s.t.c.support.AbstractContextLoader    : Could not detect default resource locations for test class [org.springframework.cloud.kubernetes.fabric8.config.MultipleConfigMapsTests]: no resource found for suffixes {-context.xml, Context.groovy}.
2024-04-21 19:35:46.213  INFO 72158 --- [           main] .b.t.c.SpringBootTestContextBootstrapper : Loaded default TestExecutionListener class names from location [META-INF/spring.factories]: [org.springframework.boot.test.mock.mockito.MockitoTestExecutionListener, org.springframework.boot.test.mock.mockito.ResetMocksTestExecutionListener, org.springframework.boot.test.autoconfigure.restdocs.RestDocsTestExecutionListener, org.springframework.boot.test.autoconfigure.web.client.MockRestServiceServerResetTestExecutionListener, org.springframework.boot.test.autoconfigure.web.servlet.MockMvcPrintOnlyOnFailureTestExecutionListener, org.springframework.boot.test.autoconfigure.web.servlet.WebDriverTestExecutionListener, org.springframework.boot.test.autoconfigure.webservices.client.MockWebServiceServerTestExecutionListener, org.springframework.test.context.web.ServletTestExecutionListener, org.springframework.test.context.support.DirtiesContextBeforeModesTestExecutionListener, org.springframework.test.context.event.ApplicationEventsTestExecutionListener, org.springframework.test.context.support.DependencyInjectionTestExecutionListener, org.springframework.test.context.support.DirtiesContextTestExecutionListener, org.springframework.test.context.transaction.TransactionalTestExecutionListener, org.springframework.test.context.jdbc.SqlScriptsTestExecutionListener, org.springframework.test.context.event.EventPublishingTestExecutionListener, org.spockframework.spring.SpringMockTestExecutionListener]
2024-04-21 19:35:46.215  INFO 72158 --- [           main] .b.t.c.SpringBootTestContextBootstrapper : Using TestExecutionListeners: [org.springframework.test.context.web.ServletTestExecutionListener@65a86de0, org.springframework.test.context.support.DirtiesContextBeforeModesTestExecutionListener@745e1fb7, org.springframework.test.context.event.ApplicationEventsTestExecutionListener@4d484961, org.springframework.boot.test.mock.mockito.MockitoTestExecutionListener@497d9489, org.springframework.boot.test.autoconfigure.SpringBootDependencyInjectionTestExecutionListener@6f9c272b, org.springframework.test.context.support.DirtiesContextTestExecutionListener@6bbb3ec8, org.springframework.test.context.event.EventPublishingTestExecutionListener@64b7719f, org.springframework.boot.test.mock.mockito.ResetMocksTestExecutionListener@414b785c, org.springframework.boot.test.autoconfigure.restdocs.RestDocsTestExecutionListener@4fe0aa21, org.springframework.boot.test.autoconfigure.web.client.MockRestServiceServerResetTestExecutionListener@7d1f906b, org.springframework.boot.test.autoconfigure.web.servlet.MockMvcPrintOnlyOnFailureTestExecutionListener@22fb3dde, org.springframework.boot.test.autoconfigure.web.servlet.WebDriverTestExecutionListener@38682845, org.springframework.boot.test.autoconfigure.webservices.client.MockWebServiceServerTestExecutionListener@72933ccb, org.spockframework.spring.SpringMockTestExecutionListener@730e663a]
2024-04-21 19:35:46.218  INFO 72158 --- [WebServer 38045] okhttp3.mockwebserver.MockWebServer      : MockWebServer[38045] starting to accept connections
2024-04-21 19:35:46.222  INFO 72158 --- [127.0.0.1:34812] okhttp3.mockwebserver.MockWebServer      : MockWebServer[38045] received request: POST /api/v1/namespaces/defnamespace/configmaps HTTP/1.1 and responded: HTTP/1.1 200 OK
2024-04-21 19:35:46.227  INFO 72158 --- [127.0.0.1:34812] okhttp3.mockwebserver.MockWebServer      : MockWebServer[38045] received request: POST /api/v1/namespaces/s2/configmaps HTTP/1.1 and responded: HTTP/1.1 200 OK
2024-04-21 19:35:46.277  INFO 72158 --- [127.0.0.1:34812] okhttp3.mockwebserver.MockWebServer      : MockWebServer[38045] received request: POST /api/v1/namespaces/othernamespace/configmaps HTTP/1.1 and responded: HTTP/1.1 200 OK
2024-04-21 19:35:46.387  WARN 72158 --- [           main] ubernetesProfileEnvironmentPostProcessor : Not running inside kubernetes. Skipping 'kubernetes' profile activation.

  .   ____          _            __ _ _
 /\\ / ___'_ __ _ _(_)_ __  __ _ \ \ \ \
( ( )\___ | '_ | '_| | '_ \/ _` | \ \ \ \
 \\/  ___)| |_)| | | | | || (_| |  ) ) ) )
  '  |____| .__|_| |_|_| |_\__, | / / / /
 =========|_|==============|___/=/_/_/_/
 :: Spring Boot ::                (v2.6.3)

2024-04-21 19:35:46.457  INFO 72158 --- [           main] s.c.k.f.c.Fabric8ConfigMapPropertySource : Loading ConfigMap with name 's1' in namespace 'defnamespace'
2024-04-21 19:35:46.459  INFO 72158 --- [127.0.0.1:34822] okhttp3.mockwebserver.MockWebServer      : MockWebServer[38045] received request: GET /api/v1/namespaces/defnamespace/configmaps/s1 HTTP/1.1 and responded: HTTP/1.1 200 OK
2024-04-21 19:35:46.462  INFO 72158 --- [           main] s.c.k.f.c.Fabric8ConfigMapPropertySource : Loading ConfigMap with name 'defname' in namespace 's2'
2024-04-21 19:35:46.463  INFO 72158 --- [127.0.0.1:34822] okhttp3.mockwebserver.MockWebServer      : MockWebServer[38045] received request: GET /api/v1/namespaces/s2/configmaps/defname HTTP/1.1 and responded: HTTP/1.1 200 OK
2024-04-21 19:35:46.505  INFO 72158 --- [           main] s.c.k.f.c.Fabric8ConfigMapPropertySource : Loading ConfigMap with name 'othername' in namespace 'othernamespace'
2024-04-21 19:35:46.506  INFO 72158 --- [127.0.0.1:34822] okhttp3.mockwebserver.MockWebServer      : MockWebServer[38045] received request: GET /api/v1/namespaces/othernamespace/configmaps/othername HTTP/1.1 and responded: HTTP/1.1 200 OK
2024-04-21 19:35:46.547  INFO 72158 --- [           main] b.c.PropertySourceBootstrapConfiguration : Located property source: [BootstrapPropertySource {name='bootstrapProperties-configmap.othername.othernamespace'}, BootstrapPropertySource {name='bootstrapProperties-configmap.defname.s2'}, BootstrapPropertySource {name='bootstrapProperties-configmap.s1.defnamespace'}]
2024-04-21 19:35:46.550  WARN 72158 --- [           main] ubernetesProfileEnvironmentPostProcessor : Not running inside kubernetes. Skipping 'kubernetes' profile activation.
2024-04-21 19:35:46.551  INFO 72158 --- [           main] o.s.c.k.f.c.MultipleConfigMapsTests      : No active profile set, falling back to default profiles: default
2024-04-21 19:35:46.730  INFO 72158 --- [           main] o.s.cloud.context.scope.GenericScope     : BeanFactory id=012be945-5008-354a-8a47-8e5e16a24aa5
2024-04-21 19:35:46.808  INFO 72158 --- [           main] o.s.b.w.embedded.tomcat.TomcatWebServer  : Tomcat initialized with port(s): 0 (http)
2024-04-21 19:35:46.809  INFO 72158 --- [           main] o.apache.catalina.core.StandardService   : Starting service [Tomcat]
2024-04-21 19:35:46.809  INFO 72158 --- [           main] org.apache.catalina.core.StandardEngine  : Starting Servlet engine: [Apache Tomcat/9.0.56]
2024-04-21 19:35:46.819  INFO 72158 --- [           main] o.a.c.c.C.[Tomcat-6].[localhost].[/]     : Initializing Spring embedded WebApplicationContext
2024-04-21 19:35:46.819  INFO 72158 --- [           main] w.s.c.ServletWebServerApplicationContext : Root WebApplicationContext: initialization completed in 267 ms
2024-04-21 19:35:47.349  INFO 72158 --- [           main] o.s.b.a.e.web.EndpointLinksResolver      : Exposing 1 endpoint(s) beneath base path '/actuator'
2024-04-21 19:35:47.394  INFO 72158 --- [           main] o.s.b.w.embedded.tomcat.TomcatWebServer  : Tomcat started on port(s): 42211 (http) with context path ''
2024-04-21 19:35:47.403  INFO 72158 --- [           main] o.s.c.k.f.c.MultipleConfigMapsTests      : Started MultipleConfigMapsTests in 1.081 seconds (JVM running for 21.763)
2024-04-21 19:35:47.417  INFO 72158 --- [WebServer 60127] okhttp3.mockwebserver.MockWebServer      : MockWebServer[60127] starting to accept connections
2024-04-21 19:35:47.425  INFO 72158 --- [o-auto-7-exec-1] o.a.c.c.C.[Tomcat-6].[localhost].[/]     : Initializing Spring DispatcherServlet 'dispatcherServlet'
2024-04-21 19:35:47.425  INFO 72158 --- [o-auto-7-exec-1] o.s.web.servlet.DispatcherServlet        : Initializing Servlet 'dispatcherServlet'
2024-04-21 19:35:47.426  INFO 72158 --- [o-auto-7-exec-1] o.s.web.servlet.DispatcherServlet        : Completed initialization in 1 ms
2024-04-21 19:35:47.434  INFO 72158 --- [WebServer 60127] okhttp3.mockwebserver.MockWebServer      : MockWebServer[60127] done accepting connections: Socket closed
2024-04-21 19:35:47.441  INFO 72158 --- [WebServer 42457] okhttp3.mockwebserver.MockWebServer      : MockWebServer[42457] starting to accept connections
2024-04-21 19:35:47.443  INFO 72158 --- [WebServer 49489] okhttp3.mockwebserver.MockWebServer      : MockWebServer[49489] starting to accept connections
2024-04-21 19:35:47.491  WARN 72158 --- [           main] ubernetesProfileEnvironmentPostProcessor : Not running inside kubernetes. Skipping 'kubernetes' profile activation.

  .   ____          _            __ _ _
 /\\ / ___'_ __ _ _(_)_ __  __ _ \ \ \ \
( ( )\___ | '_ | '_| | '_ \/ _` | \ \ \ \
 \\/  ___)| |_)| | | | | || (_| |  ) ) ) )
  '  |____| .__|_| |_|_| |_\__, | / / / /
 =========|_|==============|___/=/_/_/_/
 :: Spring Boot ::                (v2.6.3)

2024-04-21 19:35:47.574  WARN 72158 --- [           main] ubernetesProfileEnvironmentPostProcessor : Not running inside kubernetes. Skipping 'kubernetes' profile activation.
2024-04-21 19:35:47.574  INFO 72158 --- [           main] e.i.cs.testrunner.execution.Executor$    : No active profile set, falling back to default profiles: default
2024-04-21 19:35:47.588  INFO 72158 --- [           main] o.s.cloud.context.scope.GenericScope     : BeanFactory id=5adb76a5-ffff-3c5f-a60f-7f84faf1ce0f
2024-04-21 19:35:47.592  INFO 72158 --- [           main] e.i.cs.testrunner.execution.Executor$    : Started Executor. in 0.147 seconds (JVM running for 21.952)
2024-04-21 19:35:47.596  INFO 72158 --- [WebServer 49489] okhttp3.mockwebserver.MockWebServer      : MockWebServer[49489] done accepting connections: Socket closed
2024-04-21 19:35:47.601  INFO 72158 --- [           main] .b.t.c.SpringBootTestContextBootstrapper : Neither @ContextConfiguration nor @ContextHierarchy found for test class [org.springframework.cloud.kubernetes.fabric8.config.MultipleConfigMapsTests], using SpringBootContextLoader
2024-04-21 19:35:47.602  INFO 72158 --- [           main] o.s.t.c.support.AbstractContextLoader    : Could not detect default resource locations for test class [org.springframework.cloud.kubernetes.fabric8.config.MultipleConfigMapsTests]: no resource found for suffixes {-context.xml, Context.groovy}.
2024-04-21 19:35:47.604  INFO 72158 --- [           main] .b.t.c.SpringBootTestContextBootstrapper : Loaded default TestExecutionListener class names from location [META-INF/spring.factories]: [org.springframework.boot.test.mock.mockito.MockitoTestExecutionListener, org.springframework.boot.test.mock.mockito.ResetMocksTestExecutionListener, org.springframework.boot.test.autoconfigure.restdocs.RestDocsTestExecutionListener, org.springframework.boot.test.autoconfigure.web.client.MockRestServiceServerResetTestExecutionListener, org.springframework.boot.test.autoconfigure.web.servlet.MockMvcPrintOnlyOnFailureTestExecutionListener, org.springframework.boot.test.autoconfigure.web.servlet.WebDriverTestExecutionListener, org.springframework.boot.test.autoconfigure.webservices.client.MockWebServiceServerTestExecutionListener, org.springframework.test.context.web.ServletTestExecutionListener, org.springframework.test.context.support.DirtiesContextBeforeModesTestExecutionListener, org.springframework.test.context.event.ApplicationEventsTestExecutionListener, org.springframework.test.context.support.DependencyInjectionTestExecutionListener, org.springframework.test.context.support.DirtiesContextTestExecutionListener, org.springframework.test.context.transaction.TransactionalTestExecutionListener, org.springframework.test.context.jdbc.SqlScriptsTestExecutionListener, org.springframework.test.context.event.EventPublishingTestExecutionListener, org.spockframework.spring.SpringMockTestExecutionListener]
2024-04-21 19:35:47.605  INFO 72158 --- [           main] .b.t.c.SpringBootTestContextBootstrapper : Using TestExecutionListeners: [org.springframework.test.context.web.ServletTestExecutionListener@45b63133, org.springframework.test.context.support.DirtiesContextBeforeModesTestExecutionListener@2c1eba2e, org.springframework.test.context.event.ApplicationEventsTestExecutionListener@25c6f0fc, org.springframework.boot.test.mock.mockito.MockitoTestExecutionListener@531455c1, org.springframework.boot.test.autoconfigure.SpringBootDependencyInjectionTestExecutionListener@27dfd939, org.springframework.test.context.support.DirtiesContextTestExecutionListener@7ec9d826, org.springframework.test.context.event.EventPublishingTestExecutionListener@6c1a9613, org.springframework.boot.test.mock.mockito.ResetMocksTestExecutionListener@1dd17c0c, org.springframework.boot.test.autoconfigure.restdocs.RestDocsTestExecutionListener@441e789e, org.springframework.boot.test.autoconfigure.web.client.MockRestServiceServerResetTestExecutionListener@74a680d3, org.springframework.boot.test.autoconfigure.web.servlet.MockMvcPrintOnlyOnFailureTestExecutionListener@4cb42a5a, org.springframework.boot.test.autoconfigure.web.servlet.WebDriverTestExecutionListener@5a131edc, org.springframework.boot.test.autoconfigure.webservices.client.MockWebServiceServerTestExecutionListener@6dfe4788, org.spockframework.spring.SpringMockTestExecutionListener@2d1ef2fc]
2024-04-21 19:35:47.607  INFO 72158 --- [WebServer 50179] okhttp3.mockwebserver.MockWebServer      : MockWebServer[50179] starting to accept connections
2024-04-21 19:35:47.612  INFO 72158 --- [127.0.0.1:46538] okhttp3.mockwebserver.MockWebServer      : MockWebServer[50179] received request: POST /api/v1/namespaces/defnamespace/configmaps HTTP/1.1 and responded: HTTP/1.1 200 OK
2024-04-21 19:35:47.617  INFO 72158 --- [127.0.0.1:46538] okhttp3.mockwebserver.MockWebServer      : MockWebServer[50179] received request: POST /api/v1/namespaces/s2/configmaps HTTP/1.1 and responded: HTTP/1.1 200 OK
2024-04-21 19:35:47.663  INFO 72158 --- [127.0.0.1:46538] okhttp3.mockwebserver.MockWebServer      : MockWebServer[50179] received request: POST /api/v1/namespaces/othernamespace/configmaps HTTP/1.1 and responded: HTTP/1.1 200 OK
2024-04-21 19:35:47.714  INFO 72158 --- [WebServer 34465] okhttp3.mockwebserver.MockWebServer      : MockWebServer[34465] starting to accept connections
2024-04-21 19:35:47.745  INFO 72158 --- [WebServer 34465] okhttp3.mockwebserver.MockWebServer      : MockWebServer[34465] done accepting connections: Socket closed
2024-04-21 19:35:47.759  INFO 72158 --- [WebServer 43561] okhttp3.mockwebserver.MockWebServer      : MockWebServer[43561] starting to accept connections
2024-04-21 19:35:47.764  INFO 72158 --- [WebServer 54737] okhttp3.mockwebserver.MockWebServer      : MockWebServer[54737] starting to accept connections
2024-04-21 19:35:47.765  INFO 72158 --- [           main] .b.t.c.SpringBootTestContextBootstrapper : Neither @ContextConfiguration nor @ContextHierarchy found for test class [org.springframework.cloud.kubernetes.fabric8.config.Fabric8SecretsPropertySourceLocatorRetryTests$SecretsRetryEnabled], using SpringBootContextLoader
2024-04-21 19:35:47.766  INFO 72158 --- [           main] o.s.t.c.support.AbstractContextLoader    : Could not detect default resource locations for test class [org.springframework.cloud.kubernetes.fabric8.config.Fabric8SecretsPropertySourceLocatorRetryTests$SecretsRetryEnabled]: no resource found for suffixes {-context.xml, Context.groovy}.
2024-04-21 19:35:47.768  INFO 72158 --- [           main] .b.t.c.SpringBootTestContextBootstrapper : Loaded default TestExecutionListener class names from location [META-INF/spring.factories]: [org.springframework.boot.test.mock.mockito.MockitoTestExecutionListener, org.springframework.boot.test.mock.mockito.ResetMocksTestExecutionListener, org.springframework.boot.test.autoconfigure.restdocs.RestDocsTestExecutionListener, org.springframework.boot.test.autoconfigure.web.client.MockRestServiceServerResetTestExecutionListener, org.springframework.boot.test.autoconfigure.web.servlet.MockMvcPrintOnlyOnFailureTestExecutionListener, org.springframework.boot.test.autoconfigure.web.servlet.WebDriverTestExecutionListener, org.springframework.boot.test.autoconfigure.webservices.client.MockWebServiceServerTestExecutionListener, org.springframework.test.context.web.ServletTestExecutionListener, org.springframework.test.context.support.DirtiesContextBeforeModesTestExecutionListener, org.springframework.test.context.event.ApplicationEventsTestExecutionListener, org.springframework.test.context.support.DependencyInjectionTestExecutionListener, org.springframework.test.context.support.DirtiesContextTestExecutionListener, org.springframework.test.context.transaction.TransactionalTestExecutionListener, org.springframework.test.context.jdbc.SqlScriptsTestExecutionListener, org.springframework.test.context.event.EventPublishingTestExecutionListener, org.spockframework.spring.SpringMockTestExecutionListener]
2024-04-21 19:35:47.769  INFO 72158 --- [           main] .b.t.c.SpringBootTestContextBootstrapper : Using TestExecutionListeners: [org.springframework.test.context.web.ServletTestExecutionListener@2a3ced3d, org.springframework.test.context.support.DirtiesContextBeforeModesTestExecutionListener@7ab5b01a, org.springframework.test.context.event.ApplicationEventsTestExecutionListener@25fa5c0c, org.springframework.boot.test.mock.mockito.MockitoTestExecutionListener@22112da1, org.springframework.boot.test.autoconfigure.SpringBootDependencyInjectionTestExecutionListener@6f0969db, org.springframework.test.context.support.DirtiesContextTestExecutionListener@38eb2140, org.springframework.test.context.event.EventPublishingTestExecutionListener@4f06006d, org.springframework.boot.test.mock.mockito.ResetMocksTestExecutionListener@64514009, org.springframework.boot.test.autoconfigure.restdocs.RestDocsTestExecutionListener@40b2aae9, org.springframework.boot.test.autoconfigure.web.client.MockRestServiceServerResetTestExecutionListener@2132629e, org.springframework.boot.test.autoconfigure.web.servlet.MockMvcPrintOnlyOnFailureTestExecutionListener@5ec80bbd, org.springframework.boot.test.autoconfigure.web.servlet.WebDriverTestExecutionListener@30f74965, org.springframework.boot.test.autoconfigure.webservices.client.MockWebServiceServerTestExecutionListener@65c75870, org.spockframework.spring.SpringMockTestExecutionListener@5753e0c4]
2024-04-21 19:35:47.774  INFO 72158 --- [WebServer 37251] okhttp3.mockwebserver.MockWebServer      : MockWebServer[37251] starting to accept connections
2024-04-21 19:35:47.777  INFO 72158 --- [           main] o.s.c.k.f.c.Fabric8SecretsPropertySource : Loading Secret with name 'my-secret' or with labels [{}] in namespace 'default'
2024-04-21 19:35:47.778  INFO 72158 --- [127.0.0.1:49028] okhttp3.mockwebserver.MockWebServer      : MockWebServer[33237] received request: GET /api/v1/namespaces/default/secrets/my-secret HTTP/1.1 and responded: HTTP/1.1 404 Client Error
2024-04-21 19:35:47.778  WARN 72158 --- [           main] o.s.c.k.f.c.Fabric8SecretsPropertySource : secret with name : my-secret in namespace : default not found
2024-04-21 19:35:47.780  INFO 72158 --- [127.0.0.1:49028] okhttp3.mockwebserver.MockWebServer      : MockWebServer[33237] received request: GET /api/v1/namespaces/default/secrets HTTP/1.1 and responded: HTTP/1.1 200 OK
2024-04-21 19:35:47.840  INFO 72158 --- [WebServer 37251] okhttp3.mockwebserver.MockWebServer      : MockWebServer[37251] done accepting connections: Socket closed
java.lang.AssertionError: 
Expecting code to raise a throwable.
	at org.springframework.cloud.kubernetes.fabric8.config.Fabric8SecretsPropertySourceLocatorRetryTests$SecretsRetryEnabled.locateShouldRetryAndFail(Fabric8SecretsPropertySourceLocatorRetryTests.java:136)
	at sun.reflect.NativeMethodAccessorImpl.invoke0(Native Method)
	at sun.reflect.NativeMethodAccessorImpl.invoke(NativeMethodAccessorImpl.java:62)
	at sun.reflect.DelegatingMethodAccessorImpl.invoke(DelegatingMethodAccessorImpl.java:43)
	at java.lang.reflect.Method.invoke(Method.java:498)
	at org.junit.platform.commons.util.ReflectionUtils.invokeMethod(ReflectionUtils.java:725)
	at org.junit.jupiter.engine.execution.MethodInvocation.proceed(MethodInvocation.java:60)
	at org.junit.jupiter.engine.execution.InvocationInterceptorChain$ValidatingInvocation.proceed(InvocationInterceptorChain.java:131)
	at org.junit.jupiter.engine.extension.TimeoutExtension.intercept(TimeoutExtension.java:149)
	at org.junit.jupiter.engine.extension.TimeoutExtension.interceptTestableMethod(TimeoutExtension.java:140)
	at org.junit.jupiter.engine.extension.TimeoutExtension.interceptTestMethod(TimeoutExtension.java:84)
	at org.junit.jupiter.engine.execution.ExecutableInvoker$ReflectiveInterceptorCall.lambda$ofVoidMethod$0(ExecutableInvoker.java:115)
	at org.junit.jupiter.engine.execution.ExecutableInvoker.lambda$invoke$0(ExecutableInvoker.java:105)
	at org.junit.jupiter.engine.execution.InvocationInterceptorChain$InterceptedInvocation.proceed(InvocationInterceptorChain.java:106)
	at org.junit.jupiter.engine.execution.InvocationInterceptorChain.proceed(InvocationInterceptorChain.java:64)
	at org.junit.jupiter.engine.execution.InvocationInterceptorChain.chainAndInvoke(InvocationInterceptorChain.java:45)
	at org.junit.jupiter.engine.execution.InvocationInterceptorChain.invoke(InvocationInterceptorChain.java:37)
	at org.junit.jupiter.engine.execution.ExecutableInvoker.invoke(ExecutableInvoker.java:104)
	at org.junit.jupiter.engine.execution.ExecutableInvoker.invoke(ExecutableInvoker.java:98)
	at org.junit.jupiter.engine.descriptor.TestMethodTestDescriptor.lambda$invokeTestMethod$7(TestMethodTestDescriptor.java:214)
	at org.junit.platform.engine.support.hierarchical.ThrowableCollector.execute(ThrowableCollector.java:73)
	at org.junit.jupiter.engine.descriptor.TestMethodTestDescriptor.invokeTestMethod(TestMethodTestDescriptor.java:210)
	at org.junit.jupiter.engine.descriptor.TestMethodTestDescriptor.execute(TestMethodTestDescriptor.java:135)
	at org.junit.jupiter.engine.descriptor.TestMethodTestDescriptor.execute(TestMethodTestDescriptor.java:66)
	at org.junit.platform.engine.support.hierarchical.NodeTestTask.lambda$executeRecursively$6(NodeTestTask.java:151)
	at org.junit.platform.engine.support.hierarchical.ThrowableCollector.execute(ThrowableCollector.java:73)
	at org.junit.platform.engine.support.hierarchical.NodeTestTask.lambda$executeRecursively$8(NodeTestTask.java:141)
	at org.junit.platform.engine.support.hierarchical.Node.around(Node.java:137)
	at org.junit.platform.engine.support.hierarchical.NodeTestTask.lambda$executeRecursively$9(NodeTestTask.java:139)
	at org.junit.platform.engine.support.hierarchical.ThrowableCollector.execute(ThrowableCollector.java:73)
	at org.junit.platform.engine.support.hierarchical.NodeTestTask.executeRecursively(NodeTestTask.java:138)
	at org.junit.platform.engine.support.hierarchical.NodeTestTask.execute(NodeTestTask.java:95)
	at java.util.ArrayList.forEach(ArrayList.java:1259)
	at org.junit.platform.engine.support.hierarchical.SameThreadHierarchicalTestExecutorService.invokeAll(SameThreadHierarchicalTestExecutorService.java:41)
	at org.junit.platform.engine.support.hierarchical.NodeTestTask.lambda$executeRecursively$6(NodeTestTask.java:155)
	at org.junit.platform.engine.support.hierarchical.ThrowableCollector.execute(ThrowableCollector.java:73)
	at org.junit.platform.engine.support.hierarchical.NodeTestTask.lambda$executeRecursively$8(NodeTestTask.java:141)
	at org.junit.platform.engine.support.hierarchical.Node.around(Node.java:137)
	at org.junit.platform.engine.support.hierarchical.NodeTestTask.lambda$executeRecursively$9(NodeTestTask.java:139)
	at org.junit.platform.engine.support.hierarchical.ThrowableCollector.execute(ThrowableCollector.java:73)
	at org.junit.platform.engine.support.hierarchical.NodeTestTask.executeRecursively(NodeTestTask.java:138)
	at org.junit.platform.engine.support.hierarchical.NodeTestTask.execute(NodeTestTask.java:95)
	at java.util.ArrayList.forEach(ArrayList.java:1259)
	at org.junit.platform.engine.support.hierarchical.SameThreadHierarchicalTestExecutorService.invokeAll(SameThreadHierarchicalTestExecutorService.java:41)
	at org.junit.platform.engine.support.hierarchical.NodeTestTask.lambda$executeRecursively$6(NodeTestTask.java:155)
	at org.junit.platform.engine.support.hierarchical.ThrowableCollector.execute(ThrowableCollector.java:73)
	at org.junit.platform.engine.support.hierarchical.NodeTestTask.lambda$executeRecursively$8(NodeTestTask.java:141)
	at org.junit.platform.engine.support.hierarchical.Node.around(Node.java:137)
	at org.junit.platform.engine.support.hierarchical.NodeTestTask.lambda$executeRecursively$9(NodeTestTask.java:139)
	at org.junit.platform.engine.support.hierarchical.ThrowableCollector.execute(ThrowableCollector.java:73)
	at org.junit.platform.engine.support.hierarchical.NodeTestTask.executeRecursively(NodeTestTask.java:138)
	at org.junit.platform.engine.support.hierarchical.NodeTestTask.execute(NodeTestTask.java:95)
	at java.util.ArrayList.forEach(ArrayList.java:1259)
	at org.junit.platform.engine.support.hierarchical.SameThreadHierarchicalTestExecutorService.invokeAll(SameThreadHierarchicalTestExecutorService.java:41)
	at org.junit.platform.engine.support.hierarchical.NodeTestTask.lambda$executeRecursively$6(NodeTestTask.java:155)
	at org.junit.platform.engine.support.hierarchical.ThrowableCollector.execute(ThrowableCollector.java:73)
	at org.junit.platform.engine.support.hierarchical.NodeTestTask.lambda$executeRecursively$8(NodeTestTask.java:141)
	at org.junit.platform.engine.support.hierarchical.Node.around(Node.java:137)
	at org.junit.platform.engine.support.hierarchical.NodeTestTask.lambda$executeRecursively$9(NodeTestTask.java:139)
	at org.junit.platform.engine.support.hierarchical.ThrowableCollector.execute(ThrowableCollector.java:73)
	at org.junit.platform.engine.support.hierarchical.NodeTestTask.executeRecursively(NodeTestTask.java:138)
	at org.junit.platform.engine.support.hierarchical.NodeTestTask.execute(NodeTestTask.java:95)
	at org.junit.platform.engine.support.hierarchical.SameThreadHierarchicalTestExecutorService.submit(SameThreadHierarchicalTestExecutorService.java:35)
	at org.junit.platform.engine.support.hierarchical.HierarchicalTestExecutor.execute(HierarchicalTestExecutor.java:57)
	at org.junit.platform.engine.support.hierarchical.HierarchicalTestEngine.execute(HierarchicalTestEngine.java:54)
	at org.junit.platform.launcher.core.DefaultLauncher.execute(DefaultLauncher.java:170)
	at org.junit.platform.launcher.core.DefaultLauncher.execute(DefaultLauncher.java:154)
	at org.junit.platform.launcher.core.DefaultLauncher.execute(DefaultLauncher.java:90)
	at edu.illinois.cs.testrunner.execution.JUnit5TestExecutor.runTestsSeparately(JUnit5TestExecutor.java:40)
	at edu.illinois.cs.testrunner.execution.Executor$.$anonfun$run$1(Executor.scala:33)
	at scala.runtime.java8.JFunction0$mcV$sp.apply(JFunction0$mcV$sp.java:12)
	at scala.util.Try$.apply(Try.scala:209)
	at edu.illinois.cs.testrunner.execution.Executor$.run(Executor.scala:28)
	at edu.illinois.cs.testrunner.execution.Executor$.main(Executor.scala:18)
	at edu.illinois.cs.testrunner.execution.Executor.main(Executor.scala)
2024-04-21 19:35:47.854  INFO 72158 --- [           main] .b.t.c.SpringBootTestContextBootstrapper : Neither @ContextConfiguration nor @ContextHierarchy found for test class [org.springframework.cloud.kubernetes.fabric8.config.ConfigMapWithPrefixTests], using SpringBootContextLoader
2024-04-21 19:35:47.855  INFO 72158 --- [           main] o.s.t.c.support.AbstractContextLoader    : Could not detect default resource locations for test class [org.springframework.cloud.kubernetes.fabric8.config.ConfigMapWithPrefixTests]: no resource found for suffixes {-context.xml, Context.groovy}.
2024-04-21 19:35:47.857  INFO 72158 --- [           main] .b.t.c.SpringBootTestContextBootstrapper : Loaded default TestExecutionListener class names from location [META-INF/spring.factories]: [org.springframework.boot.test.mock.mockito.MockitoTestExecutionListener, org.springframework.boot.test.mock.mockito.ResetMocksTestExecutionListener, org.springframework.boot.test.autoconfigure.restdocs.RestDocsTestExecutionListener, org.springframework.boot.test.autoconfigure.web.client.MockRestServiceServerResetTestExecutionListener, org.springframework.boot.test.autoconfigure.web.servlet.MockMvcPrintOnlyOnFailureTestExecutionListener, org.springframework.boot.test.autoconfigure.web.servlet.WebDriverTestExecutionListener, org.springframework.boot.test.autoconfigure.webservices.client.MockWebServiceServerTestExecutionListener, org.springframework.test.context.web.ServletTestExecutionListener, org.springframework.test.context.support.DirtiesContextBeforeModesTestExecutionListener, org.springframework.test.context.event.ApplicationEventsTestExecutionListener, org.springframework.test.context.support.DependencyInjectionTestExecutionListener, org.springframework.test.context.support.DirtiesContextTestExecutionListener, org.springframework.test.context.transaction.TransactionalTestExecutionListener, org.springframework.test.context.jdbc.SqlScriptsTestExecutionListener, org.springframework.test.context.event.EventPublishingTestExecutionListener, org.spockframework.spring.SpringMockTestExecutionListener]
2024-04-21 19:35:47.859  INFO 72158 --- [           main] .b.t.c.SpringBootTestContextBootstrapper : Using TestExecutionListeners: [org.springframework.test.context.web.ServletTestExecutionListener@120bb5b5, org.springframework.test.context.support.DirtiesContextBeforeModesTestExecutionListener@2f59ecf, org.springframework.test.context.event.ApplicationEventsTestExecutionListener@7798de95, org.springframework.boot.test.mock.mockito.MockitoTestExecutionListener@18563d10, org.springframework.boot.test.autoconfigure.SpringBootDependencyInjectionTestExecutionListener@573f95b2, org.springframework.test.context.support.DirtiesContextTestExecutionListener@79927a7c, org.springframework.test.context.event.EventPublishingTestExecutionListener@484f7fad, org.springframework.boot.test.mock.mockito.ResetMocksTestExecutionListener@61d87509, org.springframework.boot.test.autoconfigure.restdocs.RestDocsTestExecutionListener@4ae1ee85, org.springframework.boot.test.autoconfigure.web.client.MockRestServiceServerResetTestExecutionListener@20ca2c3f, org.springframework.boot.test.autoconfigure.web.servlet.MockMvcPrintOnlyOnFailureTestExecutionListener@134b9d9c, org.springframework.boot.test.autoconfigure.web.servlet.WebDriverTestExecutionListener@3199c2c1, org.springframework.boot.test.autoconfigure.webservices.client.MockWebServiceServerTestExecutionListener@74c997b1, org.spockframework.spring.SpringMockTestExecutionListener@593f6c3]
2024-04-21 19:35:47.861  INFO 72158 --- [WebServer 50271] okhttp3.mockwebserver.MockWebServer      : MockWebServer[50271] starting to accept connections
2024-04-21 19:35:47.865  INFO 72158 --- [127.0.0.1:35290] okhttp3.mockwebserver.MockWebServer      : MockWebServer[50271] received request: POST /api/v1/namespaces/spring-k8s/configmaps HTTP/1.1 and responded: HTTP/1.1 200 OK
2024-04-21 19:35:47.870  INFO 72158 --- [127.0.0.1:35290] okhttp3.mockwebserver.MockWebServer      : MockWebServer[50271] received request: POST /api/v1/namespaces/spring-k8s/configmaps HTTP/1.1 and responded: HTTP/1.1 200 OK
2024-04-21 19:35:47.918  INFO 72158 --- [127.0.0.1:35290] okhttp3.mockwebserver.MockWebServer      : MockWebServer[50271] received request: POST /api/v1/namespaces/spring-k8s/configmaps HTTP/1.1 and responded: HTTP/1.1 200 OK
2024-04-21 19:35:48.032  WARN 72158 --- [           main] ubernetesProfileEnvironmentPostProcessor : Not running inside kubernetes. Skipping 'kubernetes' profile activation.

  .   ____          _            __ _ _
 /\\ / ___'_ __ _ _(_)_ __  __ _ \ \ \ \
( ( )\___ | '_ | '_| | '_ \/ _` | \ \ \ \
 \\/  ___)| |_)| | | | | || (_| |  ) ) ) )
  '  |____| .__|_| |_|_| |_\__, | / / / /
 =========|_|==============|___/=/_/_/_/
 :: Spring Boot ::                (v2.6.3)

2024-04-21 19:35:48.101  INFO 72158 --- [           main] s.c.k.f.c.Fabric8ConfigMapPropertySource : Loading ConfigMap with name 'config-map-one' in namespace 'spring-k8s'
2024-04-21 19:35:48.104  INFO 72158 --- [127.0.0.1:35296] okhttp3.mockwebserver.MockWebServer      : MockWebServer[50271] received request: GET /api/v1/namespaces/spring-k8s/configmaps/config-map-one HTTP/1.1 and responded: HTTP/1.1 200 OK
2024-04-21 19:35:48.108  INFO 72158 --- [           main] s.c.k.f.c.Fabric8ConfigMapPropertySource : Loading ConfigMap with name 'config-map-two' in namespace 'spring-k8s'
2024-04-21 19:35:48.110  INFO 72158 --- [127.0.0.1:35296] okhttp3.mockwebserver.MockWebServer      : MockWebServer[50271] received request: GET /api/v1/namespaces/spring-k8s/configmaps/config-map-two HTTP/1.1 and responded: HTTP/1.1 200 OK
2024-04-21 19:35:48.152  INFO 72158 --- [           main] s.c.k.f.c.Fabric8ConfigMapPropertySource : Loading ConfigMap with name 'config-map-three' in namespace 'spring-k8s'
2024-04-21 19:35:48.154  INFO 72158 --- [127.0.0.1:35296] okhttp3.mockwebserver.MockWebServer      : MockWebServer[50271] received request: GET /api/v1/namespaces/spring-k8s/configmaps/config-map-three HTTP/1.1 and responded: HTTP/1.1 200 OK
2024-04-21 19:35:48.196  INFO 72158 --- [           main] b.c.PropertySourceBootstrapConfiguration : Located property source: [BootstrapPropertySource {name='bootstrapProperties-configmap.config-map-three.spring-k8s'}, BootstrapPropertySource {name='bootstrapProperties-configmap.config-map-two.spring-k8s'}, BootstrapPropertySource {name='bootstrapProperties-configmap.config-map-one.spring-k8s'}]
2024-04-21 19:35:48.201  WARN 72158 --- [           main] ubernetesProfileEnvironmentPostProcessor : Not running inside kubernetes. Skipping 'kubernetes' profile activation.
2024-04-21 19:35:48.201  INFO 72158 --- [           main] o.s.c.k.f.c.ConfigMapWithPrefixTests     : No active profile set, falling back to default profiles: default
2024-04-21 19:35:48.447  INFO 72158 --- [           main] o.s.cloud.context.scope.GenericScope     : BeanFactory id=1367d525-e9cf-3080-b335-95bb990e6dec
2024-04-21 19:35:48.547  INFO 72158 --- [           main] o.s.b.w.embedded.tomcat.TomcatWebServer  : Tomcat initialized with port(s): 0 (http)
2024-04-21 19:35:48.548  INFO 72158 --- [           main] o.apache.catalina.core.StandardService   : Starting service [Tomcat]
2024-04-21 19:35:48.548  INFO 72158 --- [           main] org.apache.catalina.core.StandardEngine  : Starting Servlet engine: [Apache Tomcat/9.0.56]
2024-04-21 19:35:48.558  INFO 72158 --- [           main] o.a.c.c.C.[Tomcat-7].[localhost].[/]     : Initializing Spring embedded WebApplicationContext
2024-04-21 19:35:48.558  INFO 72158 --- [           main] w.s.c.ServletWebServerApplicationContext : Root WebApplicationContext: initialization completed in 356 ms
2024-04-21 19:35:49.126  INFO 72158 --- [           main] o.s.b.a.e.web.EndpointLinksResolver      : Exposing 1 endpoint(s) beneath base path '/actuator'
2024-04-21 19:35:49.168  INFO 72158 --- [           main] o.s.b.w.embedded.tomcat.TomcatWebServer  : Tomcat started on port(s): 43835 (http) with context path ''
2024-04-21 19:35:49.173  INFO 72158 --- [           main] o.s.c.k.f.c.ConfigMapWithPrefixTests     : Started ConfigMapWithPrefixTests in 1.211 seconds (JVM running for 23.533)
2024-04-21 19:35:49.183  INFO 72158 --- [WebServer 58361] okhttp3.mockwebserver.MockWebServer      : MockWebServer[58361] starting to accept connections
2024-04-21 19:35:49.192  INFO 72158 --- [o-auto-8-exec-1] o.a.c.c.C.[Tomcat-7].[localhost].[/]     : Initializing Spring DispatcherServlet 'dispatcherServlet'
2024-04-21 19:35:49.192  INFO 72158 --- [o-auto-8-exec-1] o.s.web.servlet.DispatcherServlet        : Initializing Servlet 'dispatcherServlet'
2024-04-21 19:35:49.193  INFO 72158 --- [o-auto-8-exec-1] o.s.web.servlet.DispatcherServlet        : Completed initialization in 1 ms
2024-04-21 19:35:49.201  INFO 72158 --- [WebServer 58361] okhttp3.mockwebserver.MockWebServer      : MockWebServer[58361] done accepting connections: Socket closed
2024-04-21 19:35:49.207  INFO 72158 --- [WebServer 36457] okhttp3.mockwebserver.MockWebServer      : MockWebServer[36457] starting to accept connections
2024-04-21 19:35:49.211  INFO 72158 --- [WebServer 36159] okhttp3.mockwebserver.MockWebServer      : MockWebServer[36159] starting to accept connections
2024-04-21 19:35:49.212  INFO 72158 --- [           main] o.s.c.k.f.c.Fabric8SecretsPropertySource : Loading Secret with name 'my-config' or with labels [{}] in namespace 'default'
2024-04-21 19:35:49.310  INFO 72158 --- [127.0.0.1:41266] okhttp3.mockwebserver.MockWebServer      : MockWebServer[36159] received request: GET /api/v1/namespaces/default/secrets/my-config HTTP/1.1 and responded: HTTP/1.1 500 Server Error
2024-04-21 19:35:49.351  WARN 72158 --- [           main] o.s.c.k.f.c.Fabric8SecretsPropertySource : Can't read secret with name: [my-config] or labels [{}] in namespace: [default] (cause: Failure executing: GET at: https://localhost:36159/api/v1/namespaces/default/secrets/my-config. Message: Internal Server Error.). Ignoring
2024-04-21 19:35:49.352  INFO 72158 --- [WebServer 36159] okhttp3.mockwebserver.MockWebServer      : MockWebServer[36159] done accepting connections: Socket closed
2024-04-21 19:35:49.357  INFO 72158 --- [WebServer 47353] okhttp3.mockwebserver.MockWebServer      : MockWebServer[47353] starting to accept connections
2024-04-21 19:35:49.359  INFO 72158 --- [WebServer 46241] okhttp3.mockwebserver.MockWebServer      : MockWebServer[46241] starting to accept connections
2024-04-21 19:35:49.362  INFO 72158 --- [127.0.0.1:38600] okhttp3.mockwebserver.MockWebServer      : MockWebServer[47353] received request: POST /api/v1/namespaces/ns2/configmaps HTTP/1.1 and responded: HTTP/1.1 200 OK
2024-04-21 19:35:49.363  INFO 72158 --- [127.0.0.1:38600] okhttp3.mockwebserver.MockWebServer      : MockWebServer[47353] received request: GET /api/v1/namespaces/ns2/configmaps HTTP/1.1 and responded: HTTP/1.1 200 OK
2024-04-21 19:35:49.404  INFO 72158 --- [WebServer 46241] okhttp3.mockwebserver.MockWebServer      : MockWebServer[46241] done accepting connections: Socket closed
2024-04-21 19:35:49.408  INFO 72158 --- [WebServer 42073] okhttp3.mockwebserver.MockWebServer      : MockWebServer[42073] starting to accept connections
2024-04-21 19:35:49.411  INFO 72158 --- [WebServer 53305] okhttp3.mockwebserver.MockWebServer      : MockWebServer[53305] starting to accept connections
2024-04-21 19:35:49.412  INFO 72158 --- [           main] s.c.k.f.c.Fabric8ConfigMapPropertySource : Loading ConfigMap with name 'configmap' in namespace 'namespace'
2024-04-21 19:35:49.412  WARN 72158 --- [           main] s.c.k.f.c.Fabric8ConfigMapPropertySource : Can't read configMap with name: [configmap] in namespace: [namespace]. Ignoring.

java.lang.NullPointerException: null
	at org.springframework.cloud.kubernetes.fabric8.config.Fabric8ConfigUtils.getConfigMapData(Fabric8ConfigUtils.java:118)
	at org.springframework.cloud.kubernetes.fabric8.config.Fabric8ConfigMapPropertySource.getData(Fabric8ConfigMapPropertySource.java:79)
	at org.springframework.cloud.kubernetes.fabric8.config.Fabric8ConfigMapPropertySource.<init>(Fabric8ConfigMapPropertySource.java:63)
	at org.springframework.cloud.kubernetes.fabric8.config.Fabric8ConfigMapPropertySourceTests.constructorWithNamespaceMustNotFail(Fabric8ConfigMapPropertySourceTests.java:125)
	at sun.reflect.NativeMethodAccessorImpl.invoke0(Native Method)
	at sun.reflect.NativeMethodAccessorImpl.invoke(NativeMethodAccessorImpl.java:62)
	at sun.reflect.DelegatingMethodAccessorImpl.invoke(DelegatingMethodAccessorImpl.java:43)
	at java.lang.reflect.Method.invoke(Method.java:498)
	at org.junit.platform.commons.util.ReflectionUtils.invokeMethod(ReflectionUtils.java:725)
	at org.junit.jupiter.engine.execution.MethodInvocation.proceed(MethodInvocation.java:60)
	at org.junit.jupiter.engine.execution.InvocationInterceptorChain$ValidatingInvocation.proceed(InvocationInterceptorChain.java:131)
	at org.junit.jupiter.engine.extension.TimeoutExtension.intercept(TimeoutExtension.java:149)
	at org.junit.jupiter.engine.extension.TimeoutExtension.interceptTestableMethod(TimeoutExtension.java:140)
	at org.junit.jupiter.engine.extension.TimeoutExtension.interceptTestMethod(TimeoutExtension.java:84)
	at org.junit.jupiter.engine.execution.ExecutableInvoker$ReflectiveInterceptorCall.lambda$ofVoidMethod$0(ExecutableInvoker.java:115)
	at org.junit.jupiter.engine.execution.ExecutableInvoker.lambda$invoke$0(ExecutableInvoker.java:105)
	at org.junit.jupiter.engine.execution.InvocationInterceptorChain$InterceptedInvocation.proceed(InvocationInterceptorChain.java:106)
	at org.junit.jupiter.engine.execution.InvocationInterceptorChain.proceed(InvocationInterceptorChain.java:64)
	at org.junit.jupiter.engine.execution.InvocationInterceptorChain.chainAndInvoke(InvocationInterceptorChain.java:45)
	at org.junit.jupiter.engine.execution.InvocationInterceptorChain.invoke(InvocationInterceptorChain.java:37)
	at org.junit.jupiter.engine.execution.ExecutableInvoker.invoke(ExecutableInvoker.java:104)
	at org.junit.jupiter.engine.execution.ExecutableInvoker.invoke(ExecutableInvoker.java:98)
	at org.junit.jupiter.engine.descriptor.TestMethodTestDescriptor.lambda$invokeTestMethod$7(TestMethodTestDescriptor.java:214)
	at org.junit.platform.engine.support.hierarchical.ThrowableCollector.execute(ThrowableCollector.java:73)
	at org.junit.jupiter.engine.descriptor.TestMethodTestDescriptor.invokeTestMethod(TestMethodTestDescriptor.java:210)
	at org.junit.jupiter.engine.descriptor.TestMethodTestDescriptor.execute(TestMethodTestDescriptor.java:135)
	at org.junit.jupiter.engine.descriptor.TestMethodTestDescriptor.execute(TestMethodTestDescriptor.java:66)
	at org.junit.platform.engine.support.hierarchical.NodeTestTask.lambda$executeRecursively$6(NodeTestTask.java:151)
	at org.junit.platform.engine.support.hierarchical.ThrowableCollector.execute(ThrowableCollector.java:73)
	at org.junit.platform.engine.support.hierarchical.NodeTestTask.lambda$executeRecursively$8(NodeTestTask.java:141)
	at org.junit.platform.engine.support.hierarchical.Node.around(Node.java:137)
	at org.junit.platform.engine.support.hierarchical.NodeTestTask.lambda$executeRecursively$9(NodeTestTask.java:139)
	at org.junit.platform.engine.support.hierarchical.ThrowableCollector.execute(ThrowableCollector.java:73)
	at org.junit.platform.engine.support.hierarchical.NodeTestTask.executeRecursively(NodeTestTask.java:138)
	at org.junit.platform.engine.support.hierarchical.NodeTestTask.execute(NodeTestTask.java:95)
	at java.util.ArrayList.forEach(ArrayList.java:1259)
	at org.junit.platform.engine.support.hierarchical.SameThreadHierarchicalTestExecutorService.invokeAll(SameThreadHierarchicalTestExecutorService.java:41)
	at org.junit.platform.engine.support.hierarchical.NodeTestTask.lambda$executeRecursively$6(NodeTestTask.java:155)
	at org.junit.platform.engine.support.hierarchical.ThrowableCollector.execute(ThrowableCollector.java:73)
	at org.junit.platform.engine.support.hierarchical.NodeTestTask.lambda$executeRecursively$8(NodeTestTask.java:141)
	at org.junit.platform.engine.support.hierarchical.Node.around(Node.java:137)
	at org.junit.platform.engine.support.hierarchical.NodeTestTask.lambda$executeRecursively$9(NodeTestTask.java:139)
	at org.junit.platform.engine.support.hierarchical.ThrowableCollector.execute(ThrowableCollector.java:73)
	at org.junit.platform.engine.support.hierarchical.NodeTestTask.executeRecursively(NodeTestTask.java:138)
	at org.junit.platform.engine.support.hierarchical.NodeTestTask.execute(NodeTestTask.java:95)
	at java.util.ArrayList.forEach(ArrayList.java:1259)
	at org.junit.platform.engine.support.hierarchical.SameThreadHierarchicalTestExecutorService.invokeAll(SameThreadHierarchicalTestExecutorService.java:41)
	at org.junit.platform.engine.support.hierarchical.NodeTestTask.lambda$executeRecursively$6(NodeTestTask.java:155)
	at org.junit.platform.engine.support.hierarchical.ThrowableCollector.execute(ThrowableCollector.java:73)
	at org.junit.platform.engine.support.hierarchical.NodeTestTask.lambda$executeRecursively$8(NodeTestTask.java:141)
	at org.junit.platform.engine.support.hierarchical.Node.around(Node.java:137)
	at org.junit.platform.engine.support.hierarchical.NodeTestTask.lambda$executeRecursively$9(NodeTestTask.java:139)
	at org.junit.platform.engine.support.hierarchical.ThrowableCollector.execute(ThrowableCollector.java:73)
	at org.junit.platform.engine.support.hierarchical.NodeTestTask.executeRecursively(NodeTestTask.java:138)
	at org.junit.platform.engine.support.hierarchical.NodeTestTask.execute(NodeTestTask.java:95)
	at org.junit.platform.engine.support.hierarchical.SameThreadHierarchicalTestExecutorService.submit(SameThreadHierarchicalTestExecutorService.java:35)
	at org.junit.platform.engine.support.hierarchical.HierarchicalTestExecutor.execute(HierarchicalTestExecutor.java:57)
	at org.junit.platform.engine.support.hierarchical.HierarchicalTestEngine.execute(HierarchicalTestEngine.java:54)
	at org.junit.platform.launcher.core.DefaultLauncher.execute(DefaultLauncher.java:170)
	at org.junit.platform.launcher.core.DefaultLauncher.execute(DefaultLauncher.java:154)
	at org.junit.platform.launcher.core.DefaultLauncher.execute(DefaultLauncher.java:90)
	at edu.illinois.cs.testrunner.execution.JUnit5TestExecutor.runTestsSeparately(JUnit5TestExecutor.java:40)
	at edu.illinois.cs.testrunner.execution.Executor$.$anonfun$run$1(Executor.scala:33)
	at scala.runtime.java8.JFunction0$mcV$sp.apply(JFunction0$mcV$sp.java:12)
	at scala.util.Try$.apply(Try.scala:209)
	at edu.illinois.cs.testrunner.execution.Executor$.run(Executor.scala:28)
	at edu.illinois.cs.testrunner.execution.Executor$.main(Executor.scala:18)
	at edu.illinois.cs.testrunner.execution.Executor.main(Executor.scala)

2024-04-21 19:35:49.412  INFO 72158 --- [WebServer 53305] okhttp3.mockwebserver.MockWebServer      : MockWebServer[53305] done accepting connections: Socket closed
2024-04-21 19:35:49.416  INFO 72158 --- [WebServer 36401] okhttp3.mockwebserver.MockWebServer      : MockWebServer[36401] starting to accept connections
2024-04-21 19:35:49.418  INFO 72158 --- [WebServer 48217] okhttp3.mockwebserver.MockWebServer      : MockWebServer[48217] starting to accept connections
2024-04-21 19:35:49.460  WARN 72158 --- [           main] ubernetesProfileEnvironmentPostProcessor : Not running inside kubernetes. Skipping 'kubernetes' profile activation.

  .   ____          _            __ _ _
 /\\ / ___'_ __ _ _(_)_ __  __ _ \ \ \ \
( ( )\___ | '_ | '_| | '_ \/ _` | \ \ \ \
 \\/  ___)| |_)| | | | | || (_| |  ) ) ) )
  '  |____| .__|_| |_|_| |_\__, | / / / /
 =========|_|==============|___/=/_/_/_/
 :: Spring Boot ::                (v2.6.3)

2024-04-21 19:35:49.521  WARN 72158 --- [           main] ubernetesProfileEnvironmentPostProcessor : Not running inside kubernetes. Skipping 'kubernetes' profile activation.
2024-04-21 19:35:49.522  INFO 72158 --- [           main] e.i.cs.testrunner.execution.Executor$    : No active profile set, falling back to default profiles: default
2024-04-21 19:35:49.534  INFO 72158 --- [           main] o.s.cloud.context.scope.GenericScope     : BeanFactory id=5adb76a5-ffff-3c5f-a60f-7f84faf1ce0f
2024-04-21 19:35:49.538  INFO 72158 --- [           main] e.i.cs.testrunner.execution.Executor$    : Started Executor. in 0.119 seconds (JVM running for 23.897)
2024-04-21 19:35:49.539  INFO 72158 --- [WebServer 48217] okhttp3.mockwebserver.MockWebServer      : MockWebServer[48217] done accepting connections: Socket closed
2024-04-21 19:35:49.545  INFO 72158 --- [WebServer 45953] okhttp3.mockwebserver.MockWebServer      : MockWebServer[45953] starting to accept connections
2024-04-21 19:35:49.548  INFO 72158 --- [WebServer 43363] okhttp3.mockwebserver.MockWebServer      : MockWebServer[43363] starting to accept connections
2024-04-21 19:35:49.549  INFO 72158 --- [           main] s.c.k.f.c.Fabric8ConfigMapPropertySource : Loading ConfigMap with name 'my-config' in namespace 'default'
2024-04-21 19:35:49.647  INFO 72158 --- [127.0.0.1:43854] okhttp3.mockwebserver.MockWebServer      : MockWebServer[43363] received request: GET /api/v1/namespaces/default/configmaps/my-config HTTP/1.1 and responded: HTTP/1.1 500 Server Error
2024-04-21 19:35:49.688  WARN 72158 --- [           main] s.c.k.f.c.Fabric8ConfigMapPropertySource : Can't read configMap with name: [my-config] in namespace: [default]. Ignoring.

io.fabric8.kubernetes.client.KubernetesClientException: Failure executing: GET at: https://localhost:43363/api/v1/namespaces/default/configmaps/my-config. Message: Internal Server Error.
	at io.fabric8.kubernetes.client.dsl.base.OperationSupport.requestFailure(OperationSupport.java:694)
	at io.fabric8.kubernetes.client.dsl.base.OperationSupport.requestFailure(OperationSupport.java:673)
	at io.fabric8.kubernetes.client.dsl.base.OperationSupport.assertResponseCode(OperationSupport.java:626)
	at io.fabric8.kubernetes.client.dsl.base.OperationSupport.handleResponse(OperationSupport.java:566)
	at io.fabric8.kubernetes.client.dsl.base.OperationSupport.handleResponse(OperationSupport.java:527)
	at io.fabric8.kubernetes.client.dsl.base.OperationSupport.handleGet(OperationSupport.java:494)
	at io.fabric8.kubernetes.client.dsl.base.OperationSupport.handleGet(OperationSupport.java:476)
	at io.fabric8.kubernetes.client.dsl.base.BaseOperation.handleGet(BaseOperation.java:788)
	at io.fabric8.kubernetes.client.dsl.base.BaseOperation.getMandatory(BaseOperation.java:187)
	at io.fabric8.kubernetes.client.dsl.base.BaseOperation.get(BaseOperation.java:154)
	at io.fabric8.kubernetes.client.dsl.base.BaseOperation.get(BaseOperation.java:87)
	at org.springframework.cloud.kubernetes.fabric8.config.Fabric8ConfigUtils.getConfigMapData(Fabric8ConfigUtils.java:118)
	at org.springframework.cloud.kubernetes.fabric8.config.Fabric8ConfigMapPropertySource.getData(Fabric8ConfigMapPropertySource.java:79)
	at org.springframework.cloud.kubernetes.fabric8.config.Fabric8ConfigMapPropertySource.<init>(Fabric8ConfigMapPropertySource.java:70)
	at org.springframework.cloud.kubernetes.fabric8.config.Fabric8ConfigMapPropertySourceLocator.getMapPropertySource(Fabric8ConfigMapPropertySourceLocator.java:74)
	at org.springframework.cloud.kubernetes.commons.config.ConfigMapPropertySourceLocator.getMapPropertySourceForSingleConfigMap(ConfigMapPropertySourceLocator.java:98)
	at org.springframework.cloud.kubernetes.commons.config.ConfigMapPropertySourceLocator.lambda$locate$0(ConfigMapPropertySourceLocator.java:77)
	at java.lang.Iterable.forEach(Iterable.java:75)
	at org.springframework.cloud.kubernetes.commons.config.ConfigMapPropertySourceLocator.locate(ConfigMapPropertySourceLocator.java:77)
	at org.springframework.cloud.kubernetes.fabric8.config.Fabric8ConfigMapPropertySourceLocatorTests.lambda$locateShouldNotThrowExceptionOnFailureWhenFailFastIsDisabled$1(Fabric8ConfigMapPropertySourceLocatorTests.java:77)
	at org.assertj.core.api.ThrowableAssert.catchThrowable(ThrowableAssert.java:63)
	at org.assertj.core.api.NotThrownAssert.isThrownBy(NotThrownAssert.java:43)
	at org.springframework.cloud.kubernetes.fabric8.config.Fabric8ConfigMapPropertySourceLocatorTests.locateShouldNotThrowExceptionOnFailureWhenFailFastIsDisabled(Fabric8ConfigMapPropertySourceLocatorTests.java:77)
	at sun.reflect.NativeMethodAccessorImpl.invoke0(Native Method)
	at sun.reflect.NativeMethodAccessorImpl.invoke(NativeMethodAccessorImpl.java:62)
	at sun.reflect.DelegatingMethodAccessorImpl.invoke(DelegatingMethodAccessorImpl.java:43)
	at java.lang.reflect.Method.invoke(Method.java:498)
	at org.junit.platform.commons.util.ReflectionUtils.invokeMethod(ReflectionUtils.java:725)
	at org.junit.jupiter.engine.execution.MethodInvocation.proceed(MethodInvocation.java:60)
	at org.junit.jupiter.engine.execution.InvocationInterceptorChain$ValidatingInvocation.proceed(InvocationInterceptorChain.java:131)
	at org.junit.jupiter.engine.extension.TimeoutExtension.intercept(TimeoutExtension.java:149)
	at org.junit.jupiter.engine.extension.TimeoutExtension.interceptTestableMethod(TimeoutExtension.java:140)
	at org.junit.jupiter.engine.extension.TimeoutExtension.interceptTestMethod(TimeoutExtension.java:84)
	at org.junit.jupiter.engine.execution.ExecutableInvoker$ReflectiveInterceptorCall.lambda$ofVoidMethod$0(ExecutableInvoker.java:115)
	at org.junit.jupiter.engine.execution.ExecutableInvoker.lambda$invoke$0(ExecutableInvoker.java:105)
	at org.junit.jupiter.engine.execution.InvocationInterceptorChain$InterceptedInvocation.proceed(InvocationInterceptorChain.java:106)
	at org.junit.jupiter.engine.execution.InvocationInterceptorChain.proceed(InvocationInterceptorChain.java:64)
	at org.junit.jupiter.engine.execution.InvocationInterceptorChain.chainAndInvoke(InvocationInterceptorChain.java:45)
	at org.junit.jupiter.engine.execution.InvocationInterceptorChain.invoke(InvocationInterceptorChain.java:37)
	at org.junit.jupiter.engine.execution.ExecutableInvoker.invoke(ExecutableInvoker.java:104)
	at org.junit.jupiter.engine.execution.ExecutableInvoker.invoke(ExecutableInvoker.java:98)
	at org.junit.jupiter.engine.descriptor.TestMethodTestDescriptor.lambda$invokeTestMethod$7(TestMethodTestDescriptor.java:214)
	at org.junit.platform.engine.support.hierarchical.ThrowableCollector.execute(ThrowableCollector.java:73)
	at org.junit.jupiter.engine.descriptor.TestMethodTestDescriptor.invokeTestMethod(TestMethodTestDescriptor.java:210)
	at org.junit.jupiter.engine.descriptor.TestMethodTestDescriptor.execute(TestMethodTestDescriptor.java:135)
	at org.junit.jupiter.engine.descriptor.TestMethodTestDescriptor.execute(TestMethodTestDescriptor.java:66)
	at org.junit.platform.engine.support.hierarchical.NodeTestTask.lambda$executeRecursively$6(NodeTestTask.java:151)
	at org.junit.platform.engine.support.hierarchical.ThrowableCollector.execute(ThrowableCollector.java:73)
	at org.junit.platform.engine.support.hierarchical.NodeTestTask.lambda$executeRecursively$8(NodeTestTask.java:141)
	at org.junit.platform.engine.support.hierarchical.Node.around(Node.java:137)
	at org.junit.platform.engine.support.hierarchical.NodeTestTask.lambda$executeRecursively$9(NodeTestTask.java:139)
	at org.junit.platform.engine.support.hierarchical.ThrowableCollector.execute(ThrowableCollector.java:73)
	at org.junit.platform.engine.support.hierarchical.NodeTestTask.executeRecursively(NodeTestTask.java:138)
	at org.junit.platform.engine.support.hierarchical.NodeTestTask.execute(NodeTestTask.java:95)
	at java.util.ArrayList.forEach(ArrayList.java:1259)
	at org.junit.platform.engine.support.hierarchical.SameThreadHierarchicalTestExecutorService.invokeAll(SameThreadHierarchicalTestExecutorService.java:41)
	at org.junit.platform.engine.support.hierarchical.NodeTestTask.lambda$executeRecursively$6(NodeTestTask.java:155)
	at org.junit.platform.engine.support.hierarchical.ThrowableCollector.execute(ThrowableCollector.java:73)
	at org.junit.platform.engine.support.hierarchical.NodeTestTask.lambda$executeRecursively$8(NodeTestTask.java:141)
	at org.junit.platform.engine.support.hierarchical.Node.around(Node.java:137)
	at org.junit.platform.engine.support.hierarchical.NodeTestTask.lambda$executeRecursively$9(NodeTestTask.java:139)
	at org.junit.platform.engine.support.hierarchical.ThrowableCollector.execute(ThrowableCollector.java:73)
	at org.junit.platform.engine.support.hierarchical.NodeTestTask.executeRecursively(NodeTestTask.java:138)
	at org.junit.platform.engine.support.hierarchical.NodeTestTask.execute(NodeTestTask.java:95)
	at java.util.ArrayList.forEach(ArrayList.java:1259)
	at org.junit.platform.engine.support.hierarchical.SameThreadHierarchicalTestExecutorService.invokeAll(SameThreadHierarchicalTestExecutorService.java:41)
	at org.junit.platform.engine.support.hierarchical.NodeTestTask.lambda$executeRecursively$6(NodeTestTask.java:155)
	at org.junit.platform.engine.support.hierarchical.ThrowableCollector.execute(ThrowableCollector.java:73)
	at org.junit.platform.engine.support.hierarchical.NodeTestTask.lambda$executeRecursively$8(NodeTestTask.java:141)
	at org.junit.platform.engine.support.hierarchical.Node.around(Node.java:137)
	at org.junit.platform.engine.support.hierarchical.NodeTestTask.lambda$executeRecursively$9(NodeTestTask.java:139)
	at org.junit.platform.engine.support.hierarchical.ThrowableCollector.execute(ThrowableCollector.java:73)
	at org.junit.platform.engine.support.hierarchical.NodeTestTask.executeRecursively(NodeTestTask.java:138)
	at org.junit.platform.engine.support.hierarchical.NodeTestTask.execute(NodeTestTask.java:95)
	at org.junit.platform.engine.support.hierarchical.SameThreadHierarchicalTestExecutorService.submit(SameThreadHierarchicalTestExecutorService.java:35)
	at org.junit.platform.engine.support.hierarchical.HierarchicalTestExecutor.execute(HierarchicalTestExecutor.java:57)
	at org.junit.platform.engine.support.hierarchical.HierarchicalTestEngine.execute(HierarchicalTestEngine.java:54)
	at org.junit.platform.launcher.core.DefaultLauncher.execute(DefaultLauncher.java:170)
	at org.junit.platform.launcher.core.DefaultLauncher.execute(DefaultLauncher.java:154)
	at org.junit.platform.launcher.core.DefaultLauncher.execute(DefaultLauncher.java:90)
	at edu.illinois.cs.testrunner.execution.JUnit5TestExecutor.runTestsSeparately(JUnit5TestExecutor.java:40)
	at edu.illinois.cs.testrunner.execution.Executor$.$anonfun$run$1(Executor.scala:33)
	at scala.runtime.java8.JFunction0$mcV$sp.apply(JFunction0$mcV$sp.java:12)
	at scala.util.Try$.apply(Try.scala:209)
	at edu.illinois.cs.testrunner.execution.Executor$.run(Executor.scala:28)
	at edu.illinois.cs.testrunner.execution.Executor$.main(Executor.scala:18)
	at edu.illinois.cs.testrunner.execution.Executor.main(Executor.scala)

2024-04-21 19:35:49.689  INFO 72158 --- [WebServer 43363] okhttp3.mockwebserver.MockWebServer      : MockWebServer[43363] done accepting connections: Socket closed
2024-04-21 19:35:49.697  INFO 72158 --- [           main] .b.t.c.SpringBootTestContextBootstrapper : Neither @ContextConfiguration nor @ContextHierarchy found for test class [org.springframework.cloud.kubernetes.fabric8.config.Fabric8SecretsPropertySourceTest], using SpringBootContextLoader
2024-04-21 19:35:49.698  INFO 72158 --- [           main] o.s.t.c.support.AbstractContextLoader    : Could not detect default resource locations for test class [org.springframework.cloud.kubernetes.fabric8.config.Fabric8SecretsPropertySourceTest]: no resource found for suffixes {-context.xml, Context.groovy}.
2024-04-21 19:35:49.701  INFO 72158 --- [           main] .b.t.c.SpringBootTestContextBootstrapper : Loaded default TestExecutionListener class names from location [META-INF/spring.factories]: [org.springframework.boot.test.mock.mockito.MockitoTestExecutionListener, org.springframework.boot.test.mock.mockito.ResetMocksTestExecutionListener, org.springframework.boot.test.autoconfigure.restdocs.RestDocsTestExecutionListener, org.springframework.boot.test.autoconfigure.web.client.MockRestServiceServerResetTestExecutionListener, org.springframework.boot.test.autoconfigure.web.servlet.MockMvcPrintOnlyOnFailureTestExecutionListener, org.springframework.boot.test.autoconfigure.web.servlet.WebDriverTestExecutionListener, org.springframework.boot.test.autoconfigure.webservices.client.MockWebServiceServerTestExecutionListener, org.springframework.test.context.web.ServletTestExecutionListener, org.springframework.test.context.support.DirtiesContextBeforeModesTestExecutionListener, org.springframework.test.context.event.ApplicationEventsTestExecutionListener, org.springframework.test.context.support.DependencyInjectionTestExecutionListener, org.springframework.test.context.support.DirtiesContextTestExecutionListener, org.springframework.test.context.transaction.TransactionalTestExecutionListener, org.springframework.test.context.jdbc.SqlScriptsTestExecutionListener, org.springframework.test.context.event.EventPublishingTestExecutionListener, org.spockframework.spring.SpringMockTestExecutionListener]
2024-04-21 19:35:49.702  INFO 72158 --- [           main] .b.t.c.SpringBootTestContextBootstrapper : Using TestExecutionListeners: [org.springframework.test.context.web.ServletTestExecutionListener@356c8fa9, org.springframework.test.context.support.DirtiesContextBeforeModesTestExecutionListener@67e42fd6, org.springframework.test.context.event.ApplicationEventsTestExecutionListener@4e9ab294, org.springframework.boot.test.mock.mockito.MockitoTestExecutionListener@72a522f1, org.springframework.boot.test.autoconfigure.SpringBootDependencyInjectionTestExecutionListener@2365facb, org.springframework.test.context.support.DirtiesContextTestExecutionListener@65b9ebee, org.springframework.test.context.event.EventPublishingTestExecutionListener@7e2cebdf, org.springframework.boot.test.mock.mockito.ResetMocksTestExecutionListener@25c5fc41, org.springframework.boot.test.autoconfigure.restdocs.RestDocsTestExecutionListener@29fae990, org.springframework.boot.test.autoconfigure.web.client.MockRestServiceServerResetTestExecutionListener@33681da, org.springframework.boot.test.autoconfigure.web.servlet.MockMvcPrintOnlyOnFailureTestExecutionListener@1a5df070, org.springframework.boot.test.autoconfigure.web.servlet.WebDriverTestExecutionListener@1070308e, org.springframework.boot.test.autoconfigure.webservices.client.MockWebServiceServerTestExecutionListener@6eb8fd79, org.spockframework.spring.SpringMockTestExecutionListener@59b78925]
2024-04-21 19:35:49.704  INFO 72158 --- [WebServer 48121] okhttp3.mockwebserver.MockWebServer      : MockWebServer[48121] starting to accept connections
2024-04-21 19:35:49.708  INFO 72158 --- [127.0.0.1:58920] okhttp3.mockwebserver.MockWebServer      : MockWebServer[48121] received request: POST /api/v1/namespaces/test/secrets HTTP/1.1 and responded: HTTP/1.1 200 OK
2024-04-21 19:35:49.761  WARN 72158 --- [           main] ubernetesProfileEnvironmentPostProcessor : Not running inside kubernetes. Skipping 'kubernetes' profile activation.

  .   ____          _            __ _ _
 /\\ / ___'_ __ _ _(_)_ __  __ _ \ \ \ \
( ( )\___ | '_ | '_| | '_ \/ _` | \ \ \ \
 \\/  ___)| |_)| | | | | || (_| |  ) ) ) )
  '  |____| .__|_| |_|_| |_\__, | / / / /
 =========|_|==============|___/=/_/_/_/
 :: Spring Boot ::                (v2.6.3)

2024-04-21 19:35:49.849  INFO 72158 --- [           main] s.c.k.f.c.Fabric8ConfigMapPropertySource : Loading ConfigMap with name 'configmap-example' in namespace 'test'
2024-04-21 19:35:49.852  INFO 72158 --- [127.0.0.1:58928] okhttp3.mockwebserver.MockWebServer      : MockWebServer[48121] received request: GET /api/v1/namespaces/test/configmaps/configmap-example HTTP/1.1 and responded: HTTP/1.1 404 Client Error
2024-04-21 19:35:49.854  INFO 72158 --- [           main] o.s.c.k.f.config.Fabric8ConfigUtils      : config-map with name : 'configmap-example' not present in namespace : 'test'
2024-04-21 19:35:49.854  INFO 72158 --- [           main] b.c.PropertySourceBootstrapConfiguration : Located property source: [BootstrapPropertySource {name='bootstrapProperties-configmap.configmap-example.test'}]
2024-04-21 19:35:49.855  INFO 72158 --- [           main] o.s.c.k.f.c.Fabric8SecretsPropertySource : Loading Secret with name 'configmap-example' or with labels [{foo=bar}] in namespace 'test'
2024-04-21 19:35:49.856  INFO 72158 --- [127.0.0.1:58928] okhttp3.mockwebserver.MockWebServer      : MockWebServer[48121] received request: GET /api/v1/namespaces/test/secrets/configmap-example HTTP/1.1 and responded: HTTP/1.1 404 Client Error
2024-04-21 19:35:49.856  WARN 72158 --- [           main] o.s.c.k.f.c.Fabric8SecretsPropertySource : secret with name : configmap-example in namespace : test not found
2024-04-21 19:35:49.859  INFO 72158 --- [127.0.0.1:58928] okhttp3.mockwebserver.MockWebServer      : MockWebServer[48121] received request: GET /api/v1/namespaces/test/secrets?labelSelector=foo%3Dbar HTTP/1.1 and responded: HTTP/1.1 200 OK
2024-04-21 19:35:49.900 DEBUG 72158 --- [           main] o.s.c.k.f.c.Fabric8SecretsPropertySource : reading secret with name : test-secret in namespace : test
2024-04-21 19:35:49.900  INFO 72158 --- [           main] b.c.PropertySourceBootstrapConfiguration : Located property source: [BootstrapPropertySource {name='bootstrapProperties-secrets.configmap-example.test'}]
2024-04-21 19:35:49.945  WARN 72158 --- [           main] ubernetesProfileEnvironmentPostProcessor : Not running inside kubernetes. Skipping 'kubernetes' profile activation.
2024-04-21 19:35:49.945  INFO 72158 --- [           main] c.k.f.c.Fabric8SecretsPropertySourceTest : No active profile set, falling back to default profiles: default
2024-04-21 19:35:50.130  INFO 72158 --- [           main] o.s.cloud.context.scope.GenericScope     : BeanFactory id=e369cf40-d234-36e2-a4dc-38329760186f
2024-04-21 19:35:50.238  INFO 72158 --- [           main] o.s.b.w.embedded.tomcat.TomcatWebServer  : Tomcat initialized with port(s): 0 (http)
2024-04-21 19:35:50.239  INFO 72158 --- [           main] o.apache.catalina.core.StandardService   : Starting service [Tomcat]
2024-04-21 19:35:50.239  INFO 72158 --- [           main] org.apache.catalina.core.StandardEngine  : Starting Servlet engine: [Apache Tomcat/9.0.56]
2024-04-21 19:35:50.253  INFO 72158 --- [           main] o.a.c.c.C.[Tomcat-8].[localhost].[/]     : Initializing Spring embedded WebApplicationContext
2024-04-21 19:35:50.253  INFO 72158 --- [           main] w.s.c.ServletWebServerApplicationContext : Root WebApplicationContext: initialization completed in 307 ms
2024-04-21 19:35:50.805  INFO 72158 --- [           main] o.s.b.a.e.web.EndpointLinksResolver      : Exposing 1 endpoint(s) beneath base path '/actuator'
2024-04-21 19:35:50.840  INFO 72158 --- [           main] o.s.b.w.embedded.tomcat.TomcatWebServer  : Tomcat started on port(s): 41471 (http) with context path ''
2024-04-21 19:35:50.846  INFO 72158 --- [           main] c.k.f.c.Fabric8SecretsPropertySourceTest : Started Fabric8SecretsPropertySourceTest in 1.136 seconds (JVM running for 25.206)
2024-04-21 19:35:50.851  INFO 72158 --- [WebServer 32827] okhttp3.mockwebserver.MockWebServer      : MockWebServer[32827] starting to accept connections
2024-04-21 19:35:50.854  INFO 72158 --- [           main] o.s.c.k.f.c.Fabric8SecretsPropertySource : Loading Secret with name 'configmap-example' or with labels [{foo=bar}] in namespace 'test'
2024-04-21 19:35:50.856  INFO 72158 --- [127.0.0.1:58928] okhttp3.mockwebserver.MockWebServer      : MockWebServer[48121] received request: GET /api/v1/namespaces/test/secrets/configmap-example HTTP/1.1 and responded: HTTP/1.1 404 Client Error
2024-04-21 19:35:50.856  WARN 72158 --- [           main] o.s.c.k.f.c.Fabric8SecretsPropertySource : secret with name : configmap-example in namespace : test not found
2024-04-21 19:35:50.857  INFO 72158 --- [127.0.0.1:58928] okhttp3.mockwebserver.MockWebServer      : MockWebServer[48121] received request: GET /api/v1/namespaces/test/secrets?labelSelector=foo%3Dbar HTTP/1.1 and responded: HTTP/1.1 200 OK
2024-04-21 19:35:50.898 DEBUG 72158 --- [           main] o.s.c.k.f.c.Fabric8SecretsPropertySource : reading secret with name : test-secret in namespace : test
2024-04-21 19:35:50.901  INFO 72158 --- [WebServer 32827] okhttp3.mockwebserver.MockWebServer      : MockWebServer[32827] done accepting connections: Socket closed
2024-04-21 19:35:50.905  INFO 72158 --- [WebServer 52457] okhttp3.mockwebserver.MockWebServer      : MockWebServer[52457] starting to accept connections
2024-04-21 19:35:50.908  INFO 72158 --- [WebServer 49205] okhttp3.mockwebserver.MockWebServer      : MockWebServer[49205] starting to accept connections
2024-04-21 19:35:50.910  INFO 72158 --- [WebServer 49205] okhttp3.mockwebserver.MockWebServer      : MockWebServer[49205] done accepting connections: Socket closed
2024-04-21 19:35:50.913  INFO 72158 --- [           main] .b.t.c.SpringBootTestContextBootstrapper : Neither @ContextConfiguration nor @ContextHierarchy found for test class [org.springframework.cloud.kubernetes.fabric8.config.ConfigMapsTests], using SpringBootContextLoader
2024-04-21 19:35:50.914  INFO 72158 --- [           main] o.s.t.c.support.AbstractContextLoader    : Could not detect default resource locations for test class [org.springframework.cloud.kubernetes.fabric8.config.ConfigMapsTests]: no resource found for suffixes {-context.xml, Context.groovy}.
2024-04-21 19:35:50.916  INFO 72158 --- [           main] .b.t.c.SpringBootTestContextBootstrapper : Loaded default TestExecutionListener class names from location [META-INF/spring.factories]: [org.springframework.boot.test.mock.mockito.MockitoTestExecutionListener, org.springframework.boot.test.mock.mockito.ResetMocksTestExecutionListener, org.springframework.boot.test.autoconfigure.restdocs.RestDocsTestExecutionListener, org.springframework.boot.test.autoconfigure.web.client.MockRestServiceServerResetTestExecutionListener, org.springframework.boot.test.autoconfigure.web.servlet.MockMvcPrintOnlyOnFailureTestExecutionListener, org.springframework.boot.test.autoconfigure.web.servlet.WebDriverTestExecutionListener, org.springframework.boot.test.autoconfigure.webservices.client.MockWebServiceServerTestExecutionListener, org.springframework.test.context.web.ServletTestExecutionListener, org.springframework.test.context.support.DirtiesContextBeforeModesTestExecutionListener, org.springframework.test.context.event.ApplicationEventsTestExecutionListener, org.springframework.test.context.support.DependencyInjectionTestExecutionListener, org.springframework.test.context.support.DirtiesContextTestExecutionListener, org.springframework.test.context.transaction.TransactionalTestExecutionListener, org.springframework.test.context.jdbc.SqlScriptsTestExecutionListener, org.springframework.test.context.event.EventPublishingTestExecutionListener, org.spockframework.spring.SpringMockTestExecutionListener]
2024-04-21 19:35:50.917  INFO 72158 --- [           main] .b.t.c.SpringBootTestContextBootstrapper : Using TestExecutionListeners: [org.springframework.test.context.web.ServletTestExecutionListener@31fd8e6f, org.springframework.test.context.support.DirtiesContextBeforeModesTestExecutionListener@4d95bd5a, org.springframework.test.context.event.ApplicationEventsTestExecutionListener@6ab4517f, org.springframework.boot.test.mock.mockito.MockitoTestExecutionListener@1b7a2459, org.springframework.boot.test.autoconfigure.SpringBootDependencyInjectionTestExecutionListener@46a94faf, org.springframework.test.context.support.DirtiesContextTestExecutionListener@26b6454d, org.springframework.test.context.event.EventPublishingTestExecutionListener@6e41c74d, org.springframework.boot.test.mock.mockito.ResetMocksTestExecutionListener@24537e30, org.springframework.boot.test.autoconfigure.restdocs.RestDocsTestExecutionListener@280b9922, org.springframework.boot.test.autoconfigure.web.client.MockRestServiceServerResetTestExecutionListener@3c833d43, org.springframework.boot.test.autoconfigure.web.servlet.MockMvcPrintOnlyOnFailureTestExecutionListener@5c98fe31, org.springframework.boot.test.autoconfigure.web.servlet.WebDriverTestExecutionListener@6385b96c, org.springframework.boot.test.autoconfigure.webservices.client.MockWebServiceServerTestExecutionListener@17b3feb7, org.spockframework.spring.SpringMockTestExecutionListener@327fa027]
2024-04-21 19:35:50.918  INFO 72158 --- [WebServer 56437] okhttp3.mockwebserver.MockWebServer      : MockWebServer[56437] starting to accept connections
2024-04-21 19:35:50.922  INFO 72158 --- [127.0.0.1:46482] okhttp3.mockwebserver.MockWebServer      : MockWebServer[56437] received request: POST /api/v1/namespaces/test/configmaps HTTP/1.1 and responded: HTTP/1.1 200 OK
2024-04-21 19:35:50.965  WARN 72158 --- [           main] ubernetesProfileEnvironmentPostProcessor : Not running inside kubernetes. Skipping 'kubernetes' profile activation.

  .   ____          _            __ _ _
 /\\ / ___'_ __ _ _(_)_ __  __ _ \ \ \ \
( ( )\___ | '_ | '_| | '_ \/ _` | \ \ \ \
 \\/  ___)| |_)| | | | | || (_| |  ) ) ) )
  '  |____| .__|_| |_|_| |_\__, | / / / /
 =========|_|==============|___/=/_/_/_/
 :: Spring Boot ::                (v2.6.3)

2024-04-21 19:35:51.030  INFO 72158 --- [           main] s.c.k.f.c.Fabric8ConfigMapPropertySource : Loading ConfigMap with name 'configmap-example' in namespace 'test'
2024-04-21 19:35:51.033  INFO 72158 --- [127.0.0.1:46490] okhttp3.mockwebserver.MockWebServer      : MockWebServer[56437] received request: GET /api/v1/namespaces/test/configmaps/configmap-example HTTP/1.1 and responded: HTTP/1.1 200 OK
2024-04-21 19:35:51.036  INFO 72158 --- [           main] b.c.PropertySourceBootstrapConfiguration : Located property source: [BootstrapPropertySource {name='bootstrapProperties-configmap.configmap-example.test'}]
2024-04-21 19:35:51.039  WARN 72158 --- [           main] ubernetesProfileEnvironmentPostProcessor : Not running inside kubernetes. Skipping 'kubernetes' profile activation.
2024-04-21 19:35:51.040  INFO 72158 --- [           main] o.s.c.k.fabric8.config.ConfigMapsTests   : No active profile set, falling back to default profiles: default
2024-04-21 19:35:51.211  INFO 72158 --- [           main] o.s.cloud.context.scope.GenericScope     : BeanFactory id=affffd22-e438-321b-a0d0-967c2140a2e8
2024-04-21 19:35:51.290  INFO 72158 --- [           main] o.s.b.w.embedded.tomcat.TomcatWebServer  : Tomcat initialized with port(s): 0 (http)
2024-04-21 19:35:51.290  INFO 72158 --- [           main] o.apache.catalina.core.StandardService   : Starting service [Tomcat]
2024-04-21 19:35:51.290  INFO 72158 --- [           main] org.apache.catalina.core.StandardEngine  : Starting Servlet engine: [Apache Tomcat/9.0.56]
2024-04-21 19:35:51.300  INFO 72158 --- [           main] o.a.c.c.C.[Tomcat-9].[localhost].[/]     : Initializing Spring embedded WebApplicationContext
2024-04-21 19:35:51.300  INFO 72158 --- [           main] w.s.c.ServletWebServerApplicationContext : Root WebApplicationContext: initialization completed in 259 ms
2024-04-21 19:35:51.872  INFO 72158 --- [           main] o.s.b.a.e.web.EndpointLinksResolver      : Exposing 1 endpoint(s) beneath base path '/actuator'
2024-04-21 19:35:51.908  INFO 72158 --- [           main] o.s.b.w.embedded.tomcat.TomcatWebServer  : Tomcat started on port(s): 45027 (http) with context path ''
2024-04-21 19:35:51.913  INFO 72158 --- [           main] o.s.c.k.fabric8.config.ConfigMapsTests   : Started ConfigMapsTests in 0.989 seconds (JVM running for 26.273)
2024-04-21 19:35:51.923  INFO 72158 --- [WebServer 37387] okhttp3.mockwebserver.MockWebServer      : MockWebServer[37387] starting to accept connections
2024-04-21 19:35:51.925  INFO 72158 --- [127.0.0.1:46482] okhttp3.mockwebserver.MockWebServer      : MockWebServer[56437] received request: GET /api/v1/namespaces/test/configmaps/configmap-example HTTP/1.1 and responded: HTTP/1.1 200 OK
2024-04-21 19:35:51.927  INFO 72158 --- [WebServer 37387] okhttp3.mockwebserver.MockWebServer      : MockWebServer[37387] done accepting connections: Socket closed
2024-04-21 19:35:51.933  INFO 72158 --- [           main] .b.t.c.SpringBootTestContextBootstrapper : Neither @ContextConfiguration nor @ContextHierarchy found for test class [org.springframework.cloud.kubernetes.fabric8.config.ConfigMapsWithoutProfilesTests], using SpringBootContextLoader
2024-04-21 19:35:51.933  INFO 72158 --- [           main] o.s.t.c.support.AbstractContextLoader    : Could not detect default resource locations for test class [org.springframework.cloud.kubernetes.fabric8.config.ConfigMapsWithoutProfilesTests]: no resource found for suffixes {-context.xml, Context.groovy}.
2024-04-21 19:35:51.937  INFO 72158 --- [           main] .b.t.c.SpringBootTestContextBootstrapper : Loaded default TestExecutionListener class names from location [META-INF/spring.factories]: [org.springframework.boot.test.mock.mockito.MockitoTestExecutionListener, org.springframework.boot.test.mock.mockito.ResetMocksTestExecutionListener, org.springframework.boot.test.autoconfigure.restdocs.RestDocsTestExecutionListener, org.springframework.boot.test.autoconfigure.web.client.MockRestServiceServerResetTestExecutionListener, org.springframework.boot.test.autoconfigure.web.servlet.MockMvcPrintOnlyOnFailureTestExecutionListener, org.springframework.boot.test.autoconfigure.web.servlet.WebDriverTestExecutionListener, org.springframework.boot.test.autoconfigure.webservices.client.MockWebServiceServerTestExecutionListener, org.springframework.test.context.web.ServletTestExecutionListener, org.springframework.test.context.support.DirtiesContextBeforeModesTestExecutionListener, org.springframework.test.context.event.ApplicationEventsTestExecutionListener, org.springframework.test.context.support.DependencyInjectionTestExecutionListener, org.springframework.test.context.support.DirtiesContextTestExecutionListener, org.springframework.test.context.transaction.TransactionalTestExecutionListener, org.springframework.test.context.jdbc.SqlScriptsTestExecutionListener, org.springframework.test.context.event.EventPublishingTestExecutionListener, org.spockframework.spring.SpringMockTestExecutionListener]
2024-04-21 19:35:51.940  INFO 72158 --- [           main] .b.t.c.SpringBootTestContextBootstrapper : Using TestExecutionListeners: [org.springframework.test.context.web.ServletTestExecutionListener@183ab40f, org.springframework.test.context.support.DirtiesContextBeforeModesTestExecutionListener@63be03c8, org.springframework.test.context.event.ApplicationEventsTestExecutionListener@38988d78, org.springframework.boot.test.mock.mockito.MockitoTestExecutionListener@75cb2090, org.springframework.boot.test.autoconfigure.SpringBootDependencyInjectionTestExecutionListener@381c78ea, org.springframework.test.context.support.DirtiesContextTestExecutionListener@2baf9c62, org.springframework.test.context.event.EventPublishingTestExecutionListener@57202722, org.springframework.boot.test.mock.mockito.ResetMocksTestExecutionListener@7bc342f6, org.springframework.boot.test.autoconfigure.restdocs.RestDocsTestExecutionListener@20c3be4c, org.springframework.boot.test.autoconfigure.web.client.MockRestServiceServerResetTestExecutionListener@77d86aba, org.springframework.boot.test.autoconfigure.web.servlet.MockMvcPrintOnlyOnFailureTestExecutionListener@21975a54, org.springframework.boot.test.autoconfigure.web.servlet.WebDriverTestExecutionListener@40226862, org.springframework.boot.test.autoconfigure.webservices.client.MockWebServiceServerTestExecutionListener@7dae9ff4, org.spockframework.spring.SpringMockTestExecutionListener@4917a741]
2024-04-21 19:35:51.942  INFO 72158 --- [WebServer 34837] okhttp3.mockwebserver.MockWebServer      : MockWebServer[34837] starting to accept connections
2024-04-21 19:35:51.946  INFO 72158 --- [127.0.0.1:53444] okhttp3.mockwebserver.MockWebServer      : MockWebServer[34837] received request: POST /api/v1/namespaces/test/configmaps HTTP/1.1 and responded: HTTP/1.1 200 OK
2024-04-21 19:35:51.991  WARN 72158 --- [           main] ubernetesProfileEnvironmentPostProcessor : Not running inside kubernetes. Skipping 'kubernetes' profile activation.

  .   ____          _            __ _ _
 /\\ / ___'_ __ _ _(_)_ __  __ _ \ \ \ \
( ( )\___ | '_ | '_| | '_ \/ _` | \ \ \ \
 \\/  ___)| |_)| | | | | || (_| |  ) ) ) )
  '  |____| .__|_| |_|_| |_\__, | / / / /
 =========|_|==============|___/=/_/_/_/
 :: Spring Boot ::                (v2.6.3)

2024-04-21 19:35:52.068  INFO 72158 --- [           main] s.c.k.f.c.Fabric8ConfigMapPropertySource : Loading ConfigMap with name 'configmap-without-profile-example' in namespace 'test'
2024-04-21 19:35:52.070  INFO 72158 --- [127.0.0.1:53448] okhttp3.mockwebserver.MockWebServer      : MockWebServer[34837] received request: GET /api/v1/namespaces/test/configmaps/configmap-without-profile-example HTTP/1.1 and responded: HTTP/1.1 200 OK
2024-04-21 19:35:52.075  INFO 72158 --- [127.0.0.1:53448] okhttp3.mockwebserver.MockWebServer      : MockWebServer[34837] received request: GET /api/v1/namespaces/test/configmaps/configmap-without-profile-example-development HTTP/1.1 and responded: HTTP/1.1 404 Client Error
2024-04-21 19:35:52.075  INFO 72158 --- [           main] o.s.c.k.f.config.Fabric8ConfigUtils      : config-map with name : 'configmap-without-profile-example-development' not present in namespace : 'test'
2024-04-21 19:35:52.075  INFO 72158 --- [           main] b.c.PropertySourceBootstrapConfiguration : Located property source: [BootstrapPropertySource {name='bootstrapProperties-configmap.configmap-without-profile-example.test'}]
2024-04-21 19:35:52.078  WARN 72158 --- [           main] ubernetesProfileEnvironmentPostProcessor : Not running inside kubernetes. Skipping 'kubernetes' profile activation.
2024-04-21 19:35:52.078  INFO 72158 --- [           main] s.c.k.f.c.ConfigMapsWithoutProfilesTests : The following profiles are active: development
2024-04-21 19:35:52.258  INFO 72158 --- [           main] o.s.cloud.context.scope.GenericScope     : BeanFactory id=affffd22-e438-321b-a0d0-967c2140a2e8
2024-04-21 19:35:52.337  INFO 72158 --- [           main] o.s.b.w.embedded.tomcat.TomcatWebServer  : Tomcat initialized with port(s): 0 (http)
2024-04-21 19:35:52.337  INFO 72158 --- [           main] o.apache.catalina.core.StandardService   : Starting service [Tomcat]
2024-04-21 19:35:52.337  INFO 72158 --- [           main] org.apache.catalina.core.StandardEngine  : Starting Servlet engine: [Apache Tomcat/9.0.56]
2024-04-21 19:35:52.346  INFO 72158 --- [           main] o.a.c.c.C.[Tomcat-10].[localhost].[/]    : Initializing Spring embedded WebApplicationContext
2024-04-21 19:35:52.346  INFO 72158 --- [           main] w.s.c.ServletWebServerApplicationContext : Root WebApplicationContext: initialization completed in 267 ms
2024-04-21 19:35:52.859  INFO 72158 --- [           main] o.s.b.a.e.web.EndpointLinksResolver      : Exposing 1 endpoint(s) beneath base path '/actuator'
2024-04-21 19:35:52.895  INFO 72158 --- [           main] o.s.b.w.embedded.tomcat.TomcatWebServer  : Tomcat started on port(s): 38063 (http) with context path ''
2024-04-21 19:35:52.900  INFO 72158 --- [           main] s.c.k.f.c.ConfigMapsWithoutProfilesTests : Started ConfigMapsWithoutProfilesTests in 0.953 seconds (JVM running for 27.26)
2024-04-21 19:35:52.911  INFO 72158 --- [WebServer 49833] okhttp3.mockwebserver.MockWebServer      : MockWebServer[49833] starting to accept connections
2024-04-21 19:35:52.917  INFO 72158 --- [-auto-11-exec-1] o.a.c.c.C.[Tomcat-10].[localhost].[/]    : Initializing Spring DispatcherServlet 'dispatcherServlet'
2024-04-21 19:35:52.917  INFO 72158 --- [-auto-11-exec-1] o.s.web.servlet.DispatcherServlet        : Initializing Servlet 'dispatcherServlet'
2024-04-21 19:35:52.918  INFO 72158 --- [-auto-11-exec-1] o.s.web.servlet.DispatcherServlet        : Completed initialization in 1 ms
2024-04-21 19:35:52.928  INFO 72158 --- [WebServer 49833] okhttp3.mockwebserver.MockWebServer      : MockWebServer[49833] done accepting connections: Socket closed
2024-04-21 19:35:52.935  INFO 72158 --- [WebServer 54653] okhttp3.mockwebserver.MockWebServer      : MockWebServer[54653] starting to accept connections
2024-04-21 19:35:52.939  INFO 72158 --- [WebServer 43449] okhttp3.mockwebserver.MockWebServer      : MockWebServer[43449] starting to accept connections
2024-04-21 19:35:52.940  INFO 72158 --- [           main] o.s.c.k.f.c.Fabric8SecretsPropertySource : Loading Secret with name 'my-config' or with labels [{}] in namespace 'default'
2024-04-21 19:35:53.035  INFO 72158 --- [127.0.0.1:47324] okhttp3.mockwebserver.MockWebServer      : MockWebServer[54653] received request: GET /api/v1/namespaces/default/secrets/my-config HTTP/1.1 and responded: HTTP/1.1 500 Server Error
2024-04-21 19:35:53.076  WARN 72158 --- [           main] o.s.c.k.f.c.Fabric8SecretsPropertySource : Can't read secret with name: [my-config] or labels [{}] in namespace: [default] (cause: Failure executing: GET at: https://localhost:54653/api/v1/namespaces/default/secrets/my-config. Message: Internal Server Error.). Ignoring
2024-04-21 19:35:53.077  INFO 72158 --- [WebServer 43449] okhttp3.mockwebserver.MockWebServer      : MockWebServer[43449] done accepting connections: Socket closed
2024-04-21 19:35:53.082  INFO 72158 --- [WebServer 41097] okhttp3.mockwebserver.MockWebServer      : MockWebServer[41097] starting to accept connections
2024-04-21 19:35:53.084  INFO 72158 --- [WebServer 54243] okhttp3.mockwebserver.MockWebServer      : MockWebServer[54243] starting to accept connections
2024-04-21 19:35:53.085  INFO 72158 --- [           main] o.s.c.k.f.c.Fabric8SecretsPropertySource : Loading Secret with name 'my-config' or with labels [{}] in namespace 'default'
2024-04-21 19:35:53.181  INFO 72158 --- [127.0.0.1:59832] okhttp3.mockwebserver.MockWebServer      : MockWebServer[41097] received request: GET /api/v1/namespaces/default/secrets/my-config HTTP/1.1 and responded: HTTP/1.1 500 Server Error
2024-04-21 19:35:53.223  INFO 72158 --- [WebServer 54243] okhttp3.mockwebserver.MockWebServer      : MockWebServer[54243] done accepting connections: Socket closed
2024-04-21 19:35:53.229  INFO 72158 --- [           main] .b.t.c.SpringBootTestContextBootstrapper : Neither @ContextConfiguration nor @ContextHierarchy found for test class [org.springframework.cloud.kubernetes.fabric8.config.MultipleConfigMapsTests], using SpringBootContextLoader
2024-04-21 19:35:53.231  INFO 72158 --- [           main] o.s.t.c.support.AbstractContextLoader    : Could not detect default resource locations for test class [org.springframework.cloud.kubernetes.fabric8.config.MultipleConfigMapsTests]: no resource found for suffixes {-context.xml, Context.groovy}.
2024-04-21 19:35:53.236  INFO 72158 --- [           main] .b.t.c.SpringBootTestContextBootstrapper : Loaded default TestExecutionListener class names from location [META-INF/spring.factories]: [org.springframework.boot.test.mock.mockito.MockitoTestExecutionListener, org.springframework.boot.test.mock.mockito.ResetMocksTestExecutionListener, org.springframework.boot.test.autoconfigure.restdocs.RestDocsTestExecutionListener, org.springframework.boot.test.autoconfigure.web.client.MockRestServiceServerResetTestExecutionListener, org.springframework.boot.test.autoconfigure.web.servlet.MockMvcPrintOnlyOnFailureTestExecutionListener, org.springframework.boot.test.autoconfigure.web.servlet.WebDriverTestExecutionListener, org.springframework.boot.test.autoconfigure.webservices.client.MockWebServiceServerTestExecutionListener, org.springframework.test.context.web.ServletTestExecutionListener, org.springframework.test.context.support.DirtiesContextBeforeModesTestExecutionListener, org.springframework.test.context.event.ApplicationEventsTestExecutionListener, org.springframework.test.context.support.DependencyInjectionTestExecutionListener, org.springframework.test.context.support.DirtiesContextTestExecutionListener, org.springframework.test.context.transaction.TransactionalTestExecutionListener, org.springframework.test.context.jdbc.SqlScriptsTestExecutionListener, org.springframework.test.context.event.EventPublishingTestExecutionListener, org.spockframework.spring.SpringMockTestExecutionListener]
2024-04-21 19:35:53.238  INFO 72158 --- [           main] .b.t.c.SpringBootTestContextBootstrapper : Using TestExecutionListeners: [org.springframework.test.context.web.ServletTestExecutionListener@69f564ab, org.springframework.test.context.support.DirtiesContextBeforeModesTestExecutionListener@550afff7, org.springframework.test.context.event.ApplicationEventsTestExecutionListener@4805d11b, org.springframework.boot.test.mock.mockito.MockitoTestExecutionListener@3f6094da, org.springframework.boot.test.autoconfigure.SpringBootDependencyInjectionTestExecutionListener@7d726fa1, org.springframework.test.context.support.DirtiesContextTestExecutionListener@7f05d2bf, org.springframework.test.context.event.EventPublishingTestExecutionListener@196e494d, org.springframework.boot.test.mock.mockito.ResetMocksTestExecutionListener@2213c8fe, org.springframework.boot.test.autoconfigure.restdocs.RestDocsTestExecutionListener@4cf2b47a, org.springframework.boot.test.autoconfigure.web.client.MockRestServiceServerResetTestExecutionListener@1db30771, org.springframework.boot.test.autoconfigure.web.servlet.MockMvcPrintOnlyOnFailureTestExecutionListener@76fc11ab, org.springframework.boot.test.autoconfigure.web.servlet.WebDriverTestExecutionListener@4a9463b2, org.springframework.boot.test.autoconfigure.webservices.client.MockWebServiceServerTestExecutionListener@131c4ffe, org.spockframework.spring.SpringMockTestExecutionListener@16914a63]
2024-04-21 19:35:53.242  INFO 72158 --- [WebServer 56959] okhttp3.mockwebserver.MockWebServer      : MockWebServer[56959] starting to accept connections
2024-04-21 19:35:53.250  INFO 72158 --- [127.0.0.1:42094] okhttp3.mockwebserver.MockWebServer      : MockWebServer[56959] received request: POST /api/v1/namespaces/defnamespace/configmaps HTTP/1.1 and responded: HTTP/1.1 200 OK
2024-04-21 19:35:53.256  INFO 72158 --- [127.0.0.1:42094] okhttp3.mockwebserver.MockWebServer      : MockWebServer[56959] received request: POST /api/v1/namespaces/s2/configmaps HTTP/1.1 and responded: HTTP/1.1 200 OK
2024-04-21 19:35:53.305  INFO 72158 --- [127.0.0.1:42094] okhttp3.mockwebserver.MockWebServer      : MockWebServer[56959] received request: POST /api/v1/namespaces/othernamespace/configmaps HTTP/1.1 and responded: HTTP/1.1 200 OK
2024-04-21 19:35:53.354  INFO 72158 --- [WebServer 52851] okhttp3.mockwebserver.MockWebServer      : MockWebServer[52851] starting to accept connections
2024-04-21 19:35:53.374  INFO 72158 --- [WebServer 52851] okhttp3.mockwebserver.MockWebServer      : MockWebServer[52851] done accepting connections: Socket closed
