2024-04-21 19:27:19.770  INFO   --- [           main] .b.t.c.SpringBootTestContextBootstrapper : Neither @ContextConfiguration nor @ContextHierarchy found for test class [org.springframework.cloud.kubernetes.fabric8.config.ConfigMapWithPrefixTests], using SpringBootContextLoader
2024-04-21 19:27:19.778  INFO   --- [           main] o.s.t.c.support.AbstractContextLoader    : Could not detect default resource locations for test class [org.springframework.cloud.kubernetes.fabric8.config.ConfigMapWithPrefixTests]: no resource found for suffixes {-context.xml, Context.groovy}.
2024-04-21 19:27:19.988  INFO   --- [           main] .b.t.c.SpringBootTestContextBootstrapper : Loaded default TestExecutionListener class names from location [META-INF/spring.factories]: [org.springframework.boot.test.mock.mockito.MockitoTestExecutionListener, org.springframework.boot.test.mock.mockito.ResetMocksTestExecutionListener, org.springframework.boot.test.autoconfigure.restdocs.RestDocsTestExecutionListener, org.springframework.boot.test.autoconfigure.web.client.MockRestServiceServerResetTestExecutionListener, org.springframework.boot.test.autoconfigure.web.servlet.MockMvcPrintOnlyOnFailureTestExecutionListener, org.springframework.boot.test.autoconfigure.web.servlet.WebDriverTestExecutionListener, org.springframework.boot.test.autoconfigure.webservices.client.MockWebServiceServerTestExecutionListener, org.springframework.test.context.web.ServletTestExecutionListener, org.springframework.test.context.support.DirtiesContextBeforeModesTestExecutionListener, org.springframework.test.context.event.ApplicationEventsTestExecutionListener, org.springframework.test.context.support.DependencyInjectionTestExecutionListener, org.springframework.test.context.support.DirtiesContextTestExecutionListener, org.springframework.test.context.transaction.TransactionalTestExecutionListener, org.springframework.test.context.jdbc.SqlScriptsTestExecutionListener, org.springframework.test.context.event.EventPublishingTestExecutionListener, org.spockframework.spring.SpringMockTestExecutionListener]
2024-04-21 19:27:20.002  INFO   --- [           main] .b.t.c.SpringBootTestContextBootstrapper : Using TestExecutionListeners: [org.springframework.test.context.web.ServletTestExecutionListener@77825085, org.springframework.test.context.support.DirtiesContextBeforeModesTestExecutionListener@3568f9d2, org.springframework.test.context.event.ApplicationEventsTestExecutionListener@71c27ee8, org.springframework.boot.test.mock.mockito.MockitoTestExecutionListener@3e7dd664, org.springframework.boot.test.autoconfigure.SpringBootDependencyInjectionTestExecutionListener@5b1ebf56, org.springframework.test.context.support.DirtiesContextTestExecutionListener@294a6b8e, org.springframework.test.context.event.EventPublishingTestExecutionListener@4b1d6571, org.springframework.boot.test.mock.mockito.ResetMocksTestExecutionListener@1b835480, org.springframework.boot.test.autoconfigure.restdocs.RestDocsTestExecutionListener@3549bca9, org.springframework.boot.test.autoconfigure.web.client.MockRestServiceServerResetTestExecutionListener@4f25b795, org.springframework.boot.test.autoconfigure.web.servlet.MockMvcPrintOnlyOnFailureTestExecutionListener@6fb365ed, org.springframework.boot.test.autoconfigure.web.servlet.WebDriverTestExecutionListener@6e950bcf, org.springframework.boot.test.autoconfigure.webservices.client.MockWebServiceServerTestExecutionListener@16414e40, org.spockframework.spring.SpringMockTestExecutionListener@74bada02]
Apr 21, 2024 7:27:20 PM okhttp3.mockwebserver.MockWebServer$3 execute
INFO: MockWebServer[60667] starting to accept connections
Apr 21, 2024 7:27:20 PM okhttp3.mockwebserver.MockWebServer$4 processOneRequest
INFO: MockWebServer[60667] received request: POST /api/v1/namespaces/spring-k8s/configmaps HTTP/1.1 and responded: HTTP/1.1 200 OK
Apr 21, 2024 7:27:20 PM okhttp3.mockwebserver.MockWebServer$4 processOneRequest
INFO: MockWebServer[60667] received request: POST /api/v1/namespaces/spring-k8s/configmaps HTTP/1.1 and responded: HTTP/1.1 200 OK
Apr 21, 2024 7:27:20 PM okhttp3.mockwebserver.MockWebServer$4 processOneRequest
INFO: MockWebServer[60667] received request: POST /api/v1/namespaces/spring-k8s/configmaps HTTP/1.1 and responded: HTTP/1.1 200 OK
2024-04-21 19:27:21.389  WARN 66070 --- [           main] ubernetesProfileEnvironmentPostProcessor : Not running inside kubernetes. Skipping 'kubernetes' profile activation.

  .   ____          _            __ _ _
 /\\ / ___'_ __ _ _(_)_ __  __ _ \ \ \ \
( ( )\___ | '_ | '_| | '_ \/ _` | \ \ \ \
 \\/  ___)| |_)| | | | | || (_| |  ) ) ) )
  '  |____| .__|_| |_|_| |_\__, | / / / /
 =========|_|==============|___/=/_/_/_/
 :: Spring Boot ::                (v2.6.3)

2024-04-21 19:27:22.132  INFO 66070 --- [           main] s.c.k.f.c.Fabric8ConfigMapPropertySource : Loading ConfigMap with name 'config-map-one' in namespace 'spring-k8s'
2024-04-21 19:27:22.136  INFO 66070 --- [127.0.0.1:43438] okhttp3.mockwebserver.MockWebServer      : MockWebServer[60667] received request: GET /api/v1/namespaces/spring-k8s/configmaps/config-map-one HTTP/1.1 and responded: HTTP/1.1 200 OK
2024-04-21 19:27:22.139  INFO 66070 --- [           main] s.c.k.f.c.Fabric8ConfigMapPropertySource : Loading ConfigMap with name 'config-map-two' in namespace 'spring-k8s'
2024-04-21 19:27:22.141  INFO 66070 --- [127.0.0.1:43438] okhttp3.mockwebserver.MockWebServer      : MockWebServer[60667] received request: GET /api/v1/namespaces/spring-k8s/configmaps/config-map-two HTTP/1.1 and responded: HTTP/1.1 200 OK
2024-04-21 19:27:22.183  INFO 66070 --- [           main] s.c.k.f.c.Fabric8ConfigMapPropertySource : Loading ConfigMap with name 'config-map-three' in namespace 'spring-k8s'
2024-04-21 19:27:22.185  INFO 66070 --- [127.0.0.1:43438] okhttp3.mockwebserver.MockWebServer      : MockWebServer[60667] received request: GET /api/v1/namespaces/spring-k8s/configmaps/config-map-three HTTP/1.1 and responded: HTTP/1.1 200 OK
2024-04-21 19:27:22.228  INFO 66070 --- [           main] b.c.PropertySourceBootstrapConfiguration : Located property source: [BootstrapPropertySource {name='bootstrapProperties-configmap.config-map-three.spring-k8s'}, BootstrapPropertySource {name='bootstrapProperties-configmap.config-map-two.spring-k8s'}, BootstrapPropertySource {name='bootstrapProperties-configmap.config-map-one.spring-k8s'}]
2024-04-21 19:27:22.256  WARN 66070 --- [           main] ubernetesProfileEnvironmentPostProcessor : Not running inside kubernetes. Skipping 'kubernetes' profile activation.
2024-04-21 19:27:22.257  INFO 66070 --- [           main] o.s.c.k.f.c.ConfigMapWithPrefixTests     : No active profile set, falling back to default profiles: default
2024-04-21 19:27:23.255  INFO 66070 --- [           main] o.s.cloud.context.scope.GenericScope     : BeanFactory id=1367d525-e9cf-3080-b335-95bb990e6dec
2024-04-21 19:27:23.685  INFO 66070 --- [           main] o.s.b.w.embedded.tomcat.TomcatWebServer  : Tomcat initialized with port(s): 0 (http)
2024-04-21 19:27:23.698  INFO 66070 --- [           main] o.apache.catalina.core.StandardService   : Starting service [Tomcat]
2024-04-21 19:27:23.699  INFO 66070 --- [           main] org.apache.catalina.core.StandardEngine  : Starting Servlet engine: [Apache Tomcat/9.0.56]
2024-04-21 19:27:23.881  INFO 66070 --- [           main] o.a.c.c.C.[Tomcat].[localhost].[/]       : Initializing Spring embedded WebApplicationContext
2024-04-21 19:27:23.882  INFO 66070 --- [           main] w.s.c.ServletWebServerApplicationContext : Root WebApplicationContext: initialization completed in 1619 ms
2024-04-21 19:27:26.102  INFO 66070 --- [           main] o.s.b.a.e.web.EndpointLinksResolver      : Exposing 1 endpoint(s) beneath base path '/actuator'
2024-04-21 19:27:26.272  INFO 66070 --- [           main] o.s.b.w.embedded.tomcat.TomcatWebServer  : Tomcat started on port(s): 39335 (http) with context path ''
2024-04-21 19:27:26.286  INFO 66070 --- [           main] o.s.c.k.f.c.ConfigMapWithPrefixTests     : Started ConfigMapWithPrefixTests in 5.449 seconds (JVM running for 7.817)
2024-04-21 19:27:26.641  INFO 66070 --- [WebServer 34953] okhttp3.mockwebserver.MockWebServer      : MockWebServer[34953] starting to accept connections
2024-04-21 19:27:27.095  INFO 66070 --- [o-auto-1-exec-1] o.a.c.c.C.[Tomcat].[localhost].[/]       : Initializing Spring DispatcherServlet 'dispatcherServlet'
2024-04-21 19:27:27.095  INFO 66070 --- [o-auto-1-exec-1] o.s.web.servlet.DispatcherServlet        : Initializing Servlet 'dispatcherServlet'
2024-04-21 19:27:27.096  INFO 66070 --- [o-auto-1-exec-1] o.s.web.servlet.DispatcherServlet        : Completed initialization in 1 ms
2024-04-21 19:27:27.209  INFO 66070 --- [WebServer 34953] okhttp3.mockwebserver.MockWebServer      : MockWebServer[34953] done accepting connections: Socket closed
2024-04-21 19:27:27.225  INFO 66070 --- [WebServer 48441] okhttp3.mockwebserver.MockWebServer      : MockWebServer[48441] starting to accept connections
2024-04-21 19:27:27.647  INFO 66070 --- [WebServer 55029] okhttp3.mockwebserver.MockWebServer      : MockWebServer[55029] starting to accept connections
2024-04-21 19:27:27.711  INFO 66070 --- [WebServer 55029] okhttp3.mockwebserver.MockWebServer      : MockWebServer[55029] done accepting connections: Socket closed
2024-04-21 19:27:27.717  INFO 66070 --- [           main] .b.t.c.SpringBootTestContextBootstrapper : Neither @ContextConfiguration nor @ContextHierarchy found for test class [org.springframework.cloud.kubernetes.fabric8.config.MultipleConfigMapsTests], using SpringBootContextLoader
2024-04-21 19:27:27.719  INFO 66070 --- [           main] o.s.t.c.support.AbstractContextLoader    : Could not detect default resource locations for test class [org.springframework.cloud.kubernetes.fabric8.config.MultipleConfigMapsTests]: no resource found for suffixes {-context.xml, Context.groovy}.
2024-04-21 19:27:27.723  INFO 66070 --- [           main] .b.t.c.SpringBootTestContextBootstrapper : Loaded default TestExecutionListener class names from location [META-INF/spring.factories]: [org.springframework.boot.test.mock.mockito.MockitoTestExecutionListener, org.springframework.boot.test.mock.mockito.ResetMocksTestExecutionListener, org.springframework.boot.test.autoconfigure.restdocs.RestDocsTestExecutionListener, org.springframework.boot.test.autoconfigure.web.client.MockRestServiceServerResetTestExecutionListener, org.springframework.boot.test.autoconfigure.web.servlet.MockMvcPrintOnlyOnFailureTestExecutionListener, org.springframework.boot.test.autoconfigure.web.servlet.WebDriverTestExecutionListener, org.springframework.boot.test.autoconfigure.webservices.client.MockWebServiceServerTestExecutionListener, org.springframework.test.context.web.ServletTestExecutionListener, org.springframework.test.context.support.DirtiesContextBeforeModesTestExecutionListener, org.springframework.test.context.event.ApplicationEventsTestExecutionListener, org.springframework.test.context.support.DependencyInjectionTestExecutionListener, org.springframework.test.context.support.DirtiesContextTestExecutionListener, org.springframework.test.context.transaction.TransactionalTestExecutionListener, org.springframework.test.context.jdbc.SqlScriptsTestExecutionListener, org.springframework.test.context.event.EventPublishingTestExecutionListener, org.spockframework.spring.SpringMockTestExecutionListener]
2024-04-21 19:27:27.725  INFO 66070 --- [           main] .b.t.c.SpringBootTestContextBootstrapper : Using TestExecutionListeners: [org.springframework.test.context.web.ServletTestExecutionListener@66779435, org.springframework.test.context.support.DirtiesContextBeforeModesTestExecutionListener@37196d53, org.springframework.test.context.event.ApplicationEventsTestExecutionListener@40105b39, org.springframework.boot.test.mock.mockito.MockitoTestExecutionListener@72a61e61, org.springframework.boot.test.autoconfigure.SpringBootDependencyInjectionTestExecutionListener@282aea3c, org.springframework.test.context.support.DirtiesContextTestExecutionListener@54a5799f, org.springframework.test.context.event.EventPublishingTestExecutionListener@162e29a1, org.springframework.boot.test.mock.mockito.ResetMocksTestExecutionListener@54b96813, org.springframework.boot.test.autoconfigure.restdocs.RestDocsTestExecutionListener@2b3d03b2, org.springframework.boot.test.autoconfigure.web.client.MockRestServiceServerResetTestExecutionListener@542beecb, org.springframework.boot.test.autoconfigure.web.servlet.MockMvcPrintOnlyOnFailureTestExecutionListener@332fa6ce, org.springframework.boot.test.autoconfigure.web.servlet.WebDriverTestExecutionListener@2cc9a948, org.springframework.boot.test.autoconfigure.webservices.client.MockWebServiceServerTestExecutionListener@6f2a1ff0, org.spockframework.spring.SpringMockTestExecutionListener@647ce968]
2024-04-21 19:27:27.727  INFO 66070 --- [WebServer 46913] okhttp3.mockwebserver.MockWebServer      : MockWebServer[46913] starting to accept connections
2024-04-21 19:27:27.731  INFO 66070 --- [127.0.0.1:58448] okhttp3.mockwebserver.MockWebServer      : MockWebServer[46913] received request: POST /api/v1/namespaces/defnamespace/configmaps HTTP/1.1 and responded: HTTP/1.1 200 OK
2024-04-21 19:27:27.738  INFO 66070 --- [127.0.0.1:58448] okhttp3.mockwebserver.MockWebServer      : MockWebServer[46913] received request: POST /api/v1/namespaces/s2/configmaps HTTP/1.1 and responded: HTTP/1.1 200 OK
2024-04-21 19:27:27.783  INFO 66070 --- [127.0.0.1:58448] okhttp3.mockwebserver.MockWebServer      : MockWebServer[46913] received request: POST /api/v1/namespaces/othernamespace/configmaps HTTP/1.1 and responded: HTTP/1.1 200 OK
2024-04-21 19:27:27.977  WARN 66070 --- [           main] ubernetesProfileEnvironmentPostProcessor : Not running inside kubernetes. Skipping 'kubernetes' profile activation.

  .   ____          _            __ _ _
 /\\ / ___'_ __ _ _(_)_ __  __ _ \ \ \ \
( ( )\___ | '_ | '_| | '_ \/ _` | \ \ \ \
 \\/  ___)| |_)| | | | | || (_| |  ) ) ) )
  '  |____| .__|_| |_|_| |_\__, | / / / /
 =========|_|==============|___/=/_/_/_/
 :: Spring Boot ::                (v2.6.3)

2024-04-21 19:27:28.119  INFO 66070 --- [           main] s.c.k.f.c.Fabric8ConfigMapPropertySource : Loading ConfigMap with name 's1' in namespace 'defnamespace'
2024-04-21 19:27:28.121  INFO 66070 --- [127.0.0.1:58464] okhttp3.mockwebserver.MockWebServer      : MockWebServer[46913] received request: GET /api/v1/namespaces/defnamespace/configmaps/s1 HTTP/1.1 and responded: HTTP/1.1 200 OK
2024-04-21 19:27:28.125  INFO 66070 --- [           main] s.c.k.f.c.Fabric8ConfigMapPropertySource : Loading ConfigMap with name 'defname' in namespace 's2'
2024-04-21 19:27:28.126  INFO 66070 --- [127.0.0.1:58464] okhttp3.mockwebserver.MockWebServer      : MockWebServer[46913] received request: GET /api/v1/namespaces/s2/configmaps/defname HTTP/1.1 and responded: HTTP/1.1 200 OK
2024-04-21 19:27:28.167  INFO 66070 --- [           main] s.c.k.f.c.Fabric8ConfigMapPropertySource : Loading ConfigMap with name 'othername' in namespace 'othernamespace'
2024-04-21 19:27:28.168  INFO 66070 --- [127.0.0.1:58464] okhttp3.mockwebserver.MockWebServer      : MockWebServer[46913] received request: GET /api/v1/namespaces/othernamespace/configmaps/othername HTTP/1.1 and responded: HTTP/1.1 200 OK
2024-04-21 19:27:28.210  INFO 66070 --- [           main] b.c.PropertySourceBootstrapConfiguration : Located property source: [BootstrapPropertySource {name='bootstrapProperties-configmap.othername.othernamespace'}, BootstrapPropertySource {name='bootstrapProperties-configmap.defname.s2'}, BootstrapPropertySource {name='bootstrapProperties-configmap.s1.defnamespace'}]
2024-04-21 19:27:28.216  WARN 66070 --- [           main] ubernetesProfileEnvironmentPostProcessor : Not running inside kubernetes. Skipping 'kubernetes' profile activation.
2024-04-21 19:27:28.217  INFO 66070 --- [           main] o.s.c.k.f.c.MultipleConfigMapsTests      : No active profile set, falling back to default profiles: default
2024-04-21 19:27:28.532  INFO 66070 --- [           main] o.s.cloud.context.scope.GenericScope     : BeanFactory id=012be945-5008-354a-8a47-8e5e16a24aa5
2024-04-21 19:27:28.665  INFO 66070 --- [           main] o.s.b.w.embedded.tomcat.TomcatWebServer  : Tomcat initialized with port(s): 0 (http)
2024-04-21 19:27:28.667  INFO 66070 --- [           main] o.apache.catalina.core.StandardService   : Starting service [Tomcat]
2024-04-21 19:27:28.667  INFO 66070 --- [           main] org.apache.catalina.core.StandardEngine  : Starting Servlet engine: [Apache Tomcat/9.0.56]
2024-04-21 19:27:28.678  INFO 66070 --- [           main] o.a.c.c.C.[Tomcat-1].[localhost].[/]     : Initializing Spring embedded WebApplicationContext
2024-04-21 19:27:28.678  INFO 66070 --- [           main] w.s.c.ServletWebServerApplicationContext : Root WebApplicationContext: initialization completed in 459 ms
2024-04-21 19:27:29.520  INFO 66070 --- [           main] o.s.b.a.e.web.EndpointLinksResolver      : Exposing 1 endpoint(s) beneath base path '/actuator'
2024-04-21 19:27:29.575  INFO 66070 --- [           main] o.s.b.w.embedded.tomcat.TomcatWebServer  : Tomcat started on port(s): 34089 (http) with context path ''
2024-04-21 19:27:29.583  INFO 66070 --- [           main] o.s.c.k.f.c.MultipleConfigMapsTests      : Started MultipleConfigMapsTests in 1.755 seconds (JVM running for 11.114)
2024-04-21 19:27:29.598  INFO 66070 --- [WebServer 40003] okhttp3.mockwebserver.MockWebServer      : MockWebServer[40003] starting to accept connections
2024-04-21 19:27:29.605  INFO 66070 --- [o-auto-2-exec-1] o.a.c.c.C.[Tomcat-1].[localhost].[/]     : Initializing Spring DispatcherServlet 'dispatcherServlet'
2024-04-21 19:27:29.605  INFO 66070 --- [o-auto-2-exec-1] o.s.web.servlet.DispatcherServlet        : Initializing Servlet 'dispatcherServlet'
2024-04-21 19:27:29.606  INFO 66070 --- [o-auto-2-exec-1] o.s.web.servlet.DispatcherServlet        : Completed initialization in 1 ms
2024-04-21 19:27:29.669  INFO 66070 --- [WebServer 40003] okhttp3.mockwebserver.MockWebServer      : MockWebServer[40003] done accepting connections: Socket closed
2024-04-21 19:27:29.686  INFO 66070 --- [WebServer 46965] okhttp3.mockwebserver.MockWebServer      : MockWebServer[46965] starting to accept connections
2024-04-21 19:27:29.690  INFO 66070 --- [WebServer 48373] okhttp3.mockwebserver.MockWebServer      : MockWebServer[48373] starting to accept connections
2024-04-21 19:27:29.693  INFO 66070 --- [           main] s.c.k.f.c.Fabric8ConfigMapPropertySource : Loading ConfigMap with name 'my-config' in namespace 'default'
2024-04-21 19:27:29.875  INFO 66070 --- [127.0.0.1:47916] okhttp3.mockwebserver.MockWebServer      : MockWebServer[48373] received request: GET /api/v1/namespaces/default/configmaps/my-config HTTP/1.1 and responded: HTTP/1.1 500 Server Error
2024-04-21 19:27:29.927  WARN 66070 --- [           main] s.c.k.f.c.Fabric8ConfigMapPropertySource : Can't read configMap with name: [my-config] in namespace: [default]. Ignoring.

io.fabric8.kubernetes.client.KubernetesClientException: Failure executing: GET at: https://localhost:48373/api/v1/namespaces/default/configmaps/my-config. Message: Internal Server Error.
	at io.fabric8.kubernetes.client.dsl.base.OperationSupport.requestFailure(OperationSupport.java:694)
	at io.fabric8.kubernetes.client.dsl.base.OperationSupport.requestFailure(OperationSupport.java:673)
	at io.fabric8.kubernetes.client.dsl.base.OperationSupport.assertResponseCode(OperationSupport.java:626)
	at io.fabric8.kubernetes.client.dsl.base.OperationSupport.handleResponse(OperationSupport.java:566)
	at io.fabric8.kubernetes.client.dsl.base.OperationSupport.handleResponse(OperationSupport.java:527)
	at io.fabric8.kubernetes.client.dsl.base.OperationSupport.handleGet(OperationSupport.java:494)
	at io.fabric8.kubernetes.client.dsl.base.OperationSupport.handleGet(OperationSupport.java:476)
	at io.fabric8.kubernetes.client.dsl.base.BaseOperation.handleGet(BaseOperation.java:788)
	at io.fabric8.kubernetes.client.dsl.base.BaseOperation.getMandatory(BaseOperation.java:187)
	at io.fabric8.kubernetes.client.dsl.base.BaseOperation.get(BaseOperation.java:154)
	at io.fabric8.kubernetes.client.dsl.base.BaseOperation.get(BaseOperation.java:87)
	at org.springframework.cloud.kubernetes.fabric8.config.Fabric8ConfigUtils.getConfigMapData(Fabric8ConfigUtils.java:118)
	at org.springframework.cloud.kubernetes.fabric8.config.Fabric8ConfigMapPropertySource.getData(Fabric8ConfigMapPropertySource.java:79)
	at org.springframework.cloud.kubernetes.fabric8.config.Fabric8ConfigMapPropertySource.<init>(Fabric8ConfigMapPropertySource.java:70)
	at org.springframework.cloud.kubernetes.fabric8.config.Fabric8ConfigMapPropertySourceLocator.getMapPropertySource(Fabric8ConfigMapPropertySourceLocator.java:74)
	at org.springframework.cloud.kubernetes.commons.config.ConfigMapPropertySourceLocator.getMapPropertySourceForSingleConfigMap(ConfigMapPropertySourceLocator.java:98)
	at org.springframework.cloud.kubernetes.commons.config.ConfigMapPropertySourceLocator.lambda$locate$0(ConfigMapPropertySourceLocator.java:77)
	at java.lang.Iterable.forEach(Iterable.java:75)
	at org.springframework.cloud.kubernetes.commons.config.ConfigMapPropertySourceLocator.locate(ConfigMapPropertySourceLocator.java:77)
	at org.springframework.cloud.kubernetes.fabric8.config.Fabric8ConfigMapPropertySourceLocatorTests.lambda$locateShouldNotThrowExceptionOnFailureWhenFailFastIsDisabled$1(Fabric8ConfigMapPropertySourceLocatorTests.java:77)
	at org.assertj.core.api.ThrowableAssert.catchThrowable(ThrowableAssert.java:63)
	at org.assertj.core.api.NotThrownAssert.isThrownBy(NotThrownAssert.java:43)
	at org.springframework.cloud.kubernetes.fabric8.config.Fabric8ConfigMapPropertySourceLocatorTests.locateShouldNotThrowExceptionOnFailureWhenFailFastIsDisabled(Fabric8ConfigMapPropertySourceLocatorTests.java:77)
	at sun.reflect.NativeMethodAccessorImpl.invoke0(Native Method)
	at sun.reflect.NativeMethodAccessorImpl.invoke(NativeMethodAccessorImpl.java:62)
	at sun.reflect.DelegatingMethodAccessorImpl.invoke(DelegatingMethodAccessorImpl.java:43)
	at java.lang.reflect.Method.invoke(Method.java:498)
	at org.junit.platform.commons.util.ReflectionUtils.invokeMethod(ReflectionUtils.java:725)
	at org.junit.jupiter.engine.execution.MethodInvocation.proceed(MethodInvocation.java:60)
	at org.junit.jupiter.engine.execution.InvocationInterceptorChain$ValidatingInvocation.proceed(InvocationInterceptorChain.java:131)
	at org.junit.jupiter.engine.extension.TimeoutExtension.intercept(TimeoutExtension.java:149)
	at org.junit.jupiter.engine.extension.TimeoutExtension.interceptTestableMethod(TimeoutExtension.java:140)
	at org.junit.jupiter.engine.extension.TimeoutExtension.interceptTestMethod(TimeoutExtension.java:84)
	at org.junit.jupiter.engine.execution.ExecutableInvoker$ReflectiveInterceptorCall.lambda$ofVoidMethod$0(ExecutableInvoker.java:115)
	at org.junit.jupiter.engine.execution.ExecutableInvoker.lambda$invoke$0(ExecutableInvoker.java:105)
	at org.junit.jupiter.engine.execution.InvocationInterceptorChain$InterceptedInvocation.proceed(InvocationInterceptorChain.java:106)
	at org.junit.jupiter.engine.execution.InvocationInterceptorChain.proceed(InvocationInterceptorChain.java:64)
	at org.junit.jupiter.engine.execution.InvocationInterceptorChain.chainAndInvoke(InvocationInterceptorChain.java:45)
	at org.junit.jupiter.engine.execution.InvocationInterceptorChain.invoke(InvocationInterceptorChain.java:37)
	at org.junit.jupiter.engine.execution.ExecutableInvoker.invoke(ExecutableInvoker.java:104)
	at org.junit.jupiter.engine.execution.ExecutableInvoker.invoke(ExecutableInvoker.java:98)
	at org.junit.jupiter.engine.descriptor.TestMethodTestDescriptor.lambda$invokeTestMethod$7(TestMethodTestDescriptor.java:214)
	at org.junit.platform.engine.support.hierarchical.ThrowableCollector.execute(ThrowableCollector.java:73)
	at org.junit.jupiter.engine.descriptor.TestMethodTestDescriptor.invokeTestMethod(TestMethodTestDescriptor.java:210)
	at org.junit.jupiter.engine.descriptor.TestMethodTestDescriptor.execute(TestMethodTestDescriptor.java:135)
	at org.junit.jupiter.engine.descriptor.TestMethodTestDescriptor.execute(TestMethodTestDescriptor.java:66)
	at org.junit.platform.engine.support.hierarchical.NodeTestTask.lambda$executeRecursively$6(NodeTestTask.java:151)
	at org.junit.platform.engine.support.hierarchical.ThrowableCollector.execute(ThrowableCollector.java:73)
	at org.junit.platform.engine.support.hierarchical.NodeTestTask.lambda$executeRecursively$8(NodeTestTask.java:141)
	at org.junit.platform.engine.support.hierarchical.Node.around(Node.java:137)
	at org.junit.platform.engine.support.hierarchical.NodeTestTask.lambda$executeRecursively$9(NodeTestTask.java:139)
	at org.junit.platform.engine.support.hierarchical.ThrowableCollector.execute(ThrowableCollector.java:73)
	at org.junit.platform.engine.support.hierarchical.NodeTestTask.executeRecursively(NodeTestTask.java:138)
	at org.junit.platform.engine.support.hierarchical.NodeTestTask.execute(NodeTestTask.java:95)
	at java.util.ArrayList.forEach(ArrayList.java:1259)
	at org.junit.platform.engine.support.hierarchical.SameThreadHierarchicalTestExecutorService.invokeAll(SameThreadHierarchicalTestExecutorService.java:41)
	at org.junit.platform.engine.support.hierarchical.NodeTestTask.lambda$executeRecursively$6(NodeTestTask.java:155)
	at org.junit.platform.engine.support.hierarchical.ThrowableCollector.execute(ThrowableCollector.java:73)
	at org.junit.platform.engine.support.hierarchical.NodeTestTask.lambda$executeRecursively$8(NodeTestTask.java:141)
	at org.junit.platform.engine.support.hierarchical.Node.around(Node.java:137)
	at org.junit.platform.engine.support.hierarchical.NodeTestTask.lambda$executeRecursively$9(NodeTestTask.java:139)
	at org.junit.platform.engine.support.hierarchical.ThrowableCollector.execute(ThrowableCollector.java:73)
	at org.junit.platform.engine.support.hierarchical.NodeTestTask.executeRecursively(NodeTestTask.java:138)
	at org.junit.platform.engine.support.hierarchical.NodeTestTask.execute(NodeTestTask.java:95)
	at java.util.ArrayList.forEach(ArrayList.java:1259)
	at org.junit.platform.engine.support.hierarchical.SameThreadHierarchicalTestExecutorService.invokeAll(SameThreadHierarchicalTestExecutorService.java:41)
	at org.junit.platform.engine.support.hierarchical.NodeTestTask.lambda$executeRecursively$6(NodeTestTask.java:155)
	at org.junit.platform.engine.support.hierarchical.ThrowableCollector.execute(ThrowableCollector.java:73)
	at org.junit.platform.engine.support.hierarchical.NodeTestTask.lambda$executeRecursively$8(NodeTestTask.java:141)
	at org.junit.platform.engine.support.hierarchical.Node.around(Node.java:137)
	at org.junit.platform.engine.support.hierarchical.NodeTestTask.lambda$executeRecursively$9(NodeTestTask.java:139)
	at org.junit.platform.engine.support.hierarchical.ThrowableCollector.execute(ThrowableCollector.java:73)
	at org.junit.platform.engine.support.hierarchical.NodeTestTask.executeRecursively(NodeTestTask.java:138)
	at org.junit.platform.engine.support.hierarchical.NodeTestTask.execute(NodeTestTask.java:95)
	at org.junit.platform.engine.support.hierarchical.SameThreadHierarchicalTestExecutorService.submit(SameThreadHierarchicalTestExecutorService.java:35)
	at org.junit.platform.engine.support.hierarchical.HierarchicalTestExecutor.execute(HierarchicalTestExecutor.java:57)
	at org.junit.platform.engine.support.hierarchical.HierarchicalTestEngine.execute(HierarchicalTestEngine.java:54)
	at org.junit.platform.launcher.core.DefaultLauncher.execute(DefaultLauncher.java:170)
	at org.junit.platform.launcher.core.DefaultLauncher.execute(DefaultLauncher.java:154)
	at org.junit.platform.launcher.core.DefaultLauncher.execute(DefaultLauncher.java:90)
	at edu.illinois.cs.testrunner.execution.JUnit5TestExecutor.runTestsSeparately(JUnit5TestExecutor.java:40)
	at edu.illinois.cs.testrunner.execution.Executor$.$anonfun$run$1(Executor.scala:33)
	at scala.runtime.java8.JFunction0$mcV$sp.apply(JFunction0$mcV$sp.java:12)
	at scala.util.Try$.apply(Try.scala:209)
	at edu.illinois.cs.testrunner.execution.Executor$.run(Executor.scala:28)
	at edu.illinois.cs.testrunner.execution.Executor$.main(Executor.scala:18)
	at edu.illinois.cs.testrunner.execution.Executor.main(Executor.scala)

2024-04-21 19:27:29.930  INFO 66070 --- [WebServer 48373] okhttp3.mockwebserver.MockWebServer      : MockWebServer[48373] done accepting connections: Socket closed
2024-04-21 19:27:29.972  INFO 66070 --- [WebServer 53183] okhttp3.mockwebserver.MockWebServer      : MockWebServer[53183] starting to accept connections
2024-04-21 19:27:29.987  INFO 66070 --- [WebServer 46133] okhttp3.mockwebserver.MockWebServer      : MockWebServer[46133] starting to accept connections
2024-04-21 19:27:29.992  INFO 66070 --- [           main] .b.t.c.SpringBootTestContextBootstrapper : Neither @ContextConfiguration nor @ContextHierarchy found for test class [org.springframework.cloud.kubernetes.fabric8.config.Fabric8ConfigMapPropertySourceLocatorRetryTests$ConfigFailFastDisabled], using SpringBootContextLoader
2024-04-21 19:27:29.995  INFO 66070 --- [           main] o.s.t.c.support.AbstractContextLoader    : Could not detect default resource locations for test class [org.springframework.cloud.kubernetes.fabric8.config.Fabric8ConfigMapPropertySourceLocatorRetryTests$ConfigFailFastDisabled]: no resource found for suffixes {-context.xml, Context.groovy}.
2024-04-21 19:27:30.006  INFO 66070 --- [           main] .b.t.c.SpringBootTestContextBootstrapper : Loaded default TestExecutionListener class names from location [META-INF/spring.factories]: [org.springframework.boot.test.mock.mockito.MockitoTestExecutionListener, org.springframework.boot.test.mock.mockito.ResetMocksTestExecutionListener, org.springframework.boot.test.autoconfigure.restdocs.RestDocsTestExecutionListener, org.springframework.boot.test.autoconfigure.web.client.MockRestServiceServerResetTestExecutionListener, org.springframework.boot.test.autoconfigure.web.servlet.MockMvcPrintOnlyOnFailureTestExecutionListener, org.springframework.boot.test.autoconfigure.web.servlet.WebDriverTestExecutionListener, org.springframework.boot.test.autoconfigure.webservices.client.MockWebServiceServerTestExecutionListener, org.springframework.test.context.web.ServletTestExecutionListener, org.springframework.test.context.support.DirtiesContextBeforeModesTestExecutionListener, org.springframework.test.context.event.ApplicationEventsTestExecutionListener, org.springframework.test.context.support.DependencyInjectionTestExecutionListener, org.springframework.test.context.support.DirtiesContextTestExecutionListener, org.springframework.test.context.transaction.TransactionalTestExecutionListener, org.springframework.test.context.jdbc.SqlScriptsTestExecutionListener, org.springframework.test.context.event.EventPublishingTestExecutionListener, org.spockframework.spring.SpringMockTestExecutionListener]
2024-04-21 19:27:30.009  INFO 66070 --- [           main] .b.t.c.SpringBootTestContextBootstrapper : Using TestExecutionListeners: [org.springframework.test.context.web.ServletTestExecutionListener@7ac47f14, org.springframework.test.context.support.DirtiesContextBeforeModesTestExecutionListener@3eb641a8, org.springframework.test.context.event.ApplicationEventsTestExecutionListener@16f62062, org.springframework.boot.test.mock.mockito.MockitoTestExecutionListener@61ec2cb5, org.springframework.boot.test.autoconfigure.SpringBootDependencyInjectionTestExecutionListener@3889c343, org.springframework.test.context.support.DirtiesContextTestExecutionListener@34be7efb, org.springframework.test.context.event.EventPublishingTestExecutionListener@136cad3e, org.springframework.boot.test.mock.mockito.ResetMocksTestExecutionListener@13e5b262, org.springframework.boot.test.autoconfigure.restdocs.RestDocsTestExecutionListener@6500e886, org.springframework.boot.test.autoconfigure.web.client.MockRestServiceServerResetTestExecutionListener@220e1b7b, org.springframework.boot.test.autoconfigure.web.servlet.MockMvcPrintOnlyOnFailureTestExecutionListener@54fd5759, org.springframework.boot.test.autoconfigure.web.servlet.WebDriverTestExecutionListener@6a358906, org.springframework.boot.test.autoconfigure.webservices.client.MockWebServiceServerTestExecutionListener@893081e, org.spockframework.spring.SpringMockTestExecutionListener@5a941fb4]
2024-04-21 19:27:30.103  WARN 66070 --- [           main] ubernetesProfileEnvironmentPostProcessor : Not running inside kubernetes. Skipping 'kubernetes' profile activation.

  .   ____          _            __ _ _
 /\\ / ___'_ __ _ _(_)_ __  __ _ \ \ \ \
( ( )\___ | '_ | '_| | '_ \/ _` | \ \ \ \
 \\/  ___)| |_)| | | | | || (_| |  ) ) ) )
  '  |____| .__|_| |_|_| |_\__, | / / / /
 =========|_|==============|___/=/_/_/_/
 :: Spring Boot ::                (v2.6.3)

2024-04-21 19:27:30.197  INFO 66070 --- [           main] s.c.k.f.c.Fabric8ConfigMapPropertySource : Loading ConfigMap with name 'application' in namespace 'default'
2024-04-21 19:27:30.306  INFO 66070 --- [127.0.0.1:43336] okhttp3.mockwebserver.MockWebServer      : MockWebServer[53183] received request: GET /api/v1/namespaces/default/configmaps/application HTTP/1.1 and responded: HTTP/1.1 404 Client Error
2024-04-21 19:27:30.309  INFO 66070 --- [           main] o.s.c.k.f.config.Fabric8ConfigUtils      : config-map with name : 'application' not present in namespace : 'default'
2024-04-21 19:27:30.309  INFO 66070 --- [           main] b.c.PropertySourceBootstrapConfiguration : Located property source: [BootstrapPropertySource {name='bootstrapProperties-configmap.application.default'}]
2024-04-21 19:27:30.313  WARN 66070 --- [           main] ubernetesProfileEnvironmentPostProcessor : Not running inside kubernetes. Skipping 'kubernetes' profile activation.
2024-04-21 19:27:30.313  INFO 66070 --- [           main] LocatorRetryTests$ConfigFailFastDisabled : No active profile set, falling back to default profiles: default
2024-04-21 19:27:30.698  INFO 66070 --- [           main] o.s.cloud.context.scope.GenericScope     : BeanFactory id=94652287-2eb9-367e-b08b-eea09b3b2900
2024-04-21 19:27:31.251  INFO 66070 --- [           main] LocatorRetryTests$ConfigFailFastDisabled : Started Fabric8ConfigMapPropertySourceLocatorRetryTests.ConfigFailFastDisabled in 1.237 seconds (JVM running for 12.782)
2024-04-21 19:27:31.259  INFO 66070 --- [WebServer 58437] okhttp3.mockwebserver.MockWebServer      : MockWebServer[58437] starting to accept connections
2024-04-21 19:27:31.268  INFO 66070 --- [           main] s.c.k.f.c.Fabric8ConfigMapPropertySource : Loading ConfigMap with name 'application' in namespace 'default'
2024-04-21 19:27:31.271  INFO 66070 --- [127.0.0.1:43336] okhttp3.mockwebserver.MockWebServer      : MockWebServer[53183] received request: GET /api/v1/namespaces/default/configmaps/application HTTP/1.1 and responded: HTTP/1.1 500 Server Error
2024-04-21 19:27:31.272  WARN 66070 --- [           main] s.c.k.f.c.Fabric8ConfigMapPropertySource : Can't read configMap with name: [application] in namespace: [default]. Ignoring.

io.fabric8.kubernetes.client.KubernetesClientException: Failure executing: GET at: https://localhost:53183/api/v1/namespaces/default/configmaps/application. Message: Internal Server Error.
	at io.fabric8.kubernetes.client.dsl.base.OperationSupport.requestFailure(OperationSupport.java:694)
	at io.fabric8.kubernetes.client.dsl.base.OperationSupport.requestFailure(OperationSupport.java:673)
	at io.fabric8.kubernetes.client.dsl.base.OperationSupport.assertResponseCode(OperationSupport.java:626)
	at io.fabric8.kubernetes.client.dsl.base.OperationSupport.handleResponse(OperationSupport.java:566)
	at io.fabric8.kubernetes.client.dsl.base.OperationSupport.handleResponse(OperationSupport.java:527)
	at io.fabric8.kubernetes.client.dsl.base.OperationSupport.handleGet(OperationSupport.java:494)
	at io.fabric8.kubernetes.client.dsl.base.OperationSupport.handleGet(OperationSupport.java:476)
	at io.fabric8.kubernetes.client.dsl.base.BaseOperation.handleGet(BaseOperation.java:788)
	at io.fabric8.kubernetes.client.dsl.base.BaseOperation.getMandatory(BaseOperation.java:187)
	at io.fabric8.kubernetes.client.dsl.base.BaseOperation.get(BaseOperation.java:154)
	at io.fabric8.kubernetes.client.dsl.base.BaseOperation.get(BaseOperation.java:87)
	at org.springframework.cloud.kubernetes.fabric8.config.Fabric8ConfigUtils.getConfigMapData(Fabric8ConfigUtils.java:118)
	at org.springframework.cloud.kubernetes.fabric8.config.Fabric8ConfigMapPropertySource.getData(Fabric8ConfigMapPropertySource.java:79)
	at org.springframework.cloud.kubernetes.fabric8.config.Fabric8ConfigMapPropertySource.<init>(Fabric8ConfigMapPropertySource.java:70)
	at org.springframework.cloud.kubernetes.fabric8.config.Fabric8ConfigMapPropertySourceLocator.getMapPropertySource(Fabric8ConfigMapPropertySourceLocator.java:74)
	at org.springframework.cloud.kubernetes.fabric8.config.Fabric8ConfigMapPropertySourceLocator$MockitoMock$1971133308.getMapPropertySource$accessor$KCfHPMsW(Unknown Source)
	at org.springframework.cloud.kubernetes.fabric8.config.Fabric8ConfigMapPropertySourceLocator$MockitoMock$1971133308$auxiliary$b9KzpFvg.call(Unknown Source)
	at org.mockito.internal.invocation.RealMethod$FromCallable$1.call(RealMethod.java:40)
	at org.mockito.internal.invocation.RealMethod$FromBehavior.invoke(RealMethod.java:62)
	at org.mockito.internal.invocation.InterceptedInvocation.callRealMethod(InterceptedInvocation.java:142)
	at org.mockito.internal.stubbing.answers.CallsRealMethods.answer(CallsRealMethods.java:45)
	at org.mockito.Answers.answer(Answers.java:90)
	at org.mockito.internal.handler.MockHandlerImpl.handle(MockHandlerImpl.java:110)
	at org.mockito.internal.handler.NullResultGuardian.handle(NullResultGuardian.java:29)
	at org.mockito.internal.handler.InvocationNotifierHandler.handle(InvocationNotifierHandler.java:34)
	at org.mockito.internal.creation.bytebuddy.MockMethodInterceptor.doIntercept(MockMethodInterceptor.java:82)
	at org.mockito.internal.creation.bytebuddy.MockMethodInterceptor.doIntercept(MockMethodInterceptor.java:56)
	at org.mockito.internal.creation.bytebuddy.MockMethodInterceptor$DispatcherDefaultingToRealMethod.interceptSuperCallable(MockMethodInterceptor.java:145)
	at org.springframework.cloud.kubernetes.fabric8.config.Fabric8ConfigMapPropertySourceLocator$MockitoMock$1971133308.getMapPropertySource(Unknown Source)
	at org.springframework.cloud.kubernetes.commons.config.ConfigMapPropertySourceLocator.getMapPropertySourceForSingleConfigMap(ConfigMapPropertySourceLocator.java:98)
	at org.springframework.cloud.kubernetes.commons.config.ConfigMapPropertySourceLocator.lambda$locate$0(ConfigMapPropertySourceLocator.java:77)
	at java.lang.Iterable.forEach(Iterable.java:75)
	at org.springframework.cloud.kubernetes.commons.config.ConfigMapPropertySourceLocator.locate(ConfigMapPropertySourceLocator.java:77)
	at org.springframework.cloud.kubernetes.fabric8.config.Fabric8ConfigMapPropertySourceLocator$MockitoMock$1971133308.locate$accessor$KCfHPMsW(Unknown Source)
	at org.springframework.cloud.kubernetes.fabric8.config.Fabric8ConfigMapPropertySourceLocator$MockitoMock$1971133308$auxiliary$ICy2U0TI.call(Unknown Source)
	at org.mockito.internal.invocation.RealMethod$FromCallable$1.call(RealMethod.java:40)
	at org.mockito.internal.invocation.RealMethod$FromBehavior.invoke(RealMethod.java:62)
	at org.mockito.internal.invocation.InterceptedInvocation.callRealMethod(InterceptedInvocation.java:142)
	at org.mockito.internal.stubbing.answers.CallsRealMethods.answer(CallsRealMethods.java:45)
	at org.mockito.Answers.answer(Answers.java:90)
	at org.mockito.internal.handler.MockHandlerImpl.handle(MockHandlerImpl.java:110)
	at org.mockito.internal.handler.NullResultGuardian.handle(NullResultGuardian.java:29)
	at org.mockito.internal.handler.InvocationNotifierHandler.handle(InvocationNotifierHandler.java:34)
	at org.mockito.internal.creation.bytebuddy.MockMethodInterceptor.doIntercept(MockMethodInterceptor.java:82)
	at org.mockito.internal.creation.bytebuddy.MockMethodInterceptor.doIntercept(MockMethodInterceptor.java:56)
	at org.mockito.internal.creation.bytebuddy.MockMethodInterceptor$DispatcherDefaultingToRealMethod.interceptSuperCallable(MockMethodInterceptor.java:145)
	at org.springframework.cloud.kubernetes.fabric8.config.Fabric8ConfigMapPropertySourceLocator$MockitoMock$1971133308.locate(Unknown Source)
	at org.springframework.cloud.kubernetes.fabric8.config.Fabric8ConfigMapPropertySourceLocatorRetryTests$ConfigFailFastDisabled.lambda$locateShouldNotRetry$0(Fabric8ConfigMapPropertySourceLocatorRetryTests.java:152)
	at org.junit.jupiter.api.AssertDoesNotThrow.assertDoesNotThrow(AssertDoesNotThrow.java:72)
	at org.junit.jupiter.api.AssertDoesNotThrow.assertDoesNotThrow(AssertDoesNotThrow.java:59)
	at org.junit.jupiter.api.Assertions.assertDoesNotThrow(Assertions.java:3195)
	at org.springframework.cloud.kubernetes.fabric8.config.Fabric8ConfigMapPropertySourceLocatorRetryTests$ConfigFailFastDisabled.locateShouldNotRetry(Fabric8ConfigMapPropertySourceLocatorRetryTests.java:152)
	at sun.reflect.NativeMethodAccessorImpl.invoke0(Native Method)
	at sun.reflect.NativeMethodAccessorImpl.invoke(NativeMethodAccessorImpl.java:62)
	at sun.reflect.DelegatingMethodAccessorImpl.invoke(DelegatingMethodAccessorImpl.java:43)
	at java.lang.reflect.Method.invoke(Method.java:498)
	at org.junit.platform.commons.util.ReflectionUtils.invokeMethod(ReflectionUtils.java:725)
	at org.junit.jupiter.engine.execution.MethodInvocation.proceed(MethodInvocation.java:60)
	at org.junit.jupiter.engine.execution.InvocationInterceptorChain$ValidatingInvocation.proceed(InvocationInterceptorChain.java:131)
	at org.junit.jupiter.engine.extension.TimeoutExtension.intercept(TimeoutExtension.java:149)
	at org.junit.jupiter.engine.extension.TimeoutExtension.interceptTestableMethod(TimeoutExtension.java:140)
	at org.junit.jupiter.engine.extension.TimeoutExtension.interceptTestMethod(TimeoutExtension.java:84)
	at org.junit.jupiter.engine.execution.ExecutableInvoker$ReflectiveInterceptorCall.lambda$ofVoidMethod$0(ExecutableInvoker.java:115)
	at org.junit.jupiter.engine.execution.ExecutableInvoker.lambda$invoke$0(ExecutableInvoker.java:105)
	at org.junit.jupiter.engine.execution.InvocationInterceptorChain$InterceptedInvocation.proceed(InvocationInterceptorChain.java:106)
	at org.junit.jupiter.engine.execution.InvocationInterceptorChain.proceed(InvocationInterceptorChain.java:64)
	at org.junit.jupiter.engine.execution.InvocationInterceptorChain.chainAndInvoke(InvocationInterceptorChain.java:45)
	at org.junit.jupiter.engine.execution.InvocationInterceptorChain.invoke(InvocationInterceptorChain.java:37)
	at org.junit.jupiter.engine.execution.ExecutableInvoker.invoke(ExecutableInvoker.java:104)
	at org.junit.jupiter.engine.execution.ExecutableInvoker.invoke(ExecutableInvoker.java:98)
	at org.junit.jupiter.engine.descriptor.TestMethodTestDescriptor.lambda$invokeTestMethod$7(TestMethodTestDescriptor.java:214)
	at org.junit.platform.engine.support.hierarchical.ThrowableCollector.execute(ThrowableCollector.java:73)
	at org.junit.jupiter.engine.descriptor.TestMethodTestDescriptor.invokeTestMethod(TestMethodTestDescriptor.java:210)
	at org.junit.jupiter.engine.descriptor.TestMethodTestDescriptor.execute(TestMethodTestDescriptor.java:135)
	at org.junit.jupiter.engine.descriptor.TestMethodTestDescriptor.execute(TestMethodTestDescriptor.java:66)
	at org.junit.platform.engine.support.hierarchical.NodeTestTask.lambda$executeRecursively$6(NodeTestTask.java:151)
	at org.junit.platform.engine.support.hierarchical.ThrowableCollector.execute(ThrowableCollector.java:73)
	at org.junit.platform.engine.support.hierarchical.NodeTestTask.lambda$executeRecursively$8(NodeTestTask.java:141)
	at org.junit.platform.engine.support.hierarchical.Node.around(Node.java:137)
	at org.junit.platform.engine.support.hierarchical.NodeTestTask.lambda$executeRecursively$9(NodeTestTask.java:139)
	at org.junit.platform.engine.support.hierarchical.ThrowableCollector.execute(ThrowableCollector.java:73)
	at org.junit.platform.engine.support.hierarchical.NodeTestTask.executeRecursively(NodeTestTask.java:138)
	at org.junit.platform.engine.support.hierarchical.NodeTestTask.execute(NodeTestTask.java:95)
	at java.util.ArrayList.forEach(ArrayList.java:1259)
	at org.junit.platform.engine.support.hierarchical.SameThreadHierarchicalTestExecutorService.invokeAll(SameThreadHierarchicalTestExecutorService.java:41)
	at org.junit.platform.engine.support.hierarchical.NodeTestTask.lambda$executeRecursively$6(NodeTestTask.java:155)
	at org.junit.platform.engine.support.hierarchical.ThrowableCollector.execute(ThrowableCollector.java:73)
	at org.junit.platform.engine.support.hierarchical.NodeTestTask.lambda$executeRecursively$8(NodeTestTask.java:141)
	at org.junit.platform.engine.support.hierarchical.Node.around(Node.java:137)
	at org.junit.platform.engine.support.hierarchical.NodeTestTask.lambda$executeRecursively$9(NodeTestTask.java:139)
	at org.junit.platform.engine.support.hierarchical.ThrowableCollector.execute(ThrowableCollector.java:73)
	at org.junit.platform.engine.support.hierarchical.NodeTestTask.executeRecursively(NodeTestTask.java:138)
	at org.junit.platform.engine.support.hierarchical.NodeTestTask.execute(NodeTestTask.java:95)
	at java.util.ArrayList.forEach(ArrayList.java:1259)
	at org.junit.platform.engine.support.hierarchical.SameThreadHierarchicalTestExecutorService.invokeAll(SameThreadHierarchicalTestExecutorService.java:41)
	at org.junit.platform.engine.support.hierarchical.NodeTestTask.lambda$executeRecursively$6(NodeTestTask.java:155)
	at org.junit.platform.engine.support.hierarchical.ThrowableCollector.execute(ThrowableCollector.java:73)
	at org.junit.platform.engine.support.hierarchical.NodeTestTask.lambda$executeRecursively$8(NodeTestTask.java:141)
	at org.junit.platform.engine.support.hierarchical.Node.around(Node.java:137)
	at org.junit.platform.engine.support.hierarchical.NodeTestTask.lambda$executeRecursively$9(NodeTestTask.java:139)
	at org.junit.platform.engine.support.hierarchical.ThrowableCollector.execute(ThrowableCollector.java:73)
	at org.junit.platform.engine.support.hierarchical.NodeTestTask.executeRecursively(NodeTestTask.java:138)
	at org.junit.platform.engine.support.hierarchical.NodeTestTask.execute(NodeTestTask.java:95)
	at java.util.ArrayList.forEach(ArrayList.java:1259)
	at org.junit.platform.engine.support.hierarchical.SameThreadHierarchicalTestExecutorService.invokeAll(SameThreadHierarchicalTestExecutorService.java:41)
	at org.junit.platform.engine.support.hierarchical.NodeTestTask.lambda$executeRecursively$6(NodeTestTask.java:155)
	at org.junit.platform.engine.support.hierarchical.ThrowableCollector.execute(ThrowableCollector.java:73)
	at org.junit.platform.engine.support.hierarchical.NodeTestTask.lambda$executeRecursively$8(NodeTestTask.java:141)
	at org.junit.platform.engine.support.hierarchical.Node.around(Node.java:137)
	at org.junit.platform.engine.support.hierarchical.NodeTestTask.lambda$executeRecursively$9(NodeTestTask.java:139)
	at org.junit.platform.engine.support.hierarchical.ThrowableCollector.execute(ThrowableCollector.java:73)
	at org.junit.platform.engine.support.hierarchical.NodeTestTask.executeRecursively(NodeTestTask.java:138)
	at org.junit.platform.engine.support.hierarchical.NodeTestTask.execute(NodeTestTask.java:95)
	at org.junit.platform.engine.support.hierarchical.SameThreadHierarchicalTestExecutorService.submit(SameThreadHierarchicalTestExecutorService.java:35)
	at org.junit.platform.engine.support.hierarchical.HierarchicalTestExecutor.execute(HierarchicalTestExecutor.java:57)
	at org.junit.platform.engine.support.hierarchical.HierarchicalTestEngine.execute(HierarchicalTestEngine.java:54)
	at org.junit.platform.launcher.core.DefaultLauncher.execute(DefaultLauncher.java:170)
	at org.junit.platform.launcher.core.DefaultLauncher.execute(DefaultLauncher.java:154)
	at org.junit.platform.launcher.core.DefaultLauncher.execute(DefaultLauncher.java:90)
	at edu.illinois.cs.testrunner.execution.JUnit5TestExecutor.runTestsSeparately(JUnit5TestExecutor.java:40)
	at edu.illinois.cs.testrunner.execution.Executor$.$anonfun$run$1(Executor.scala:33)
	at scala.runtime.java8.JFunction0$mcV$sp.apply(JFunction0$mcV$sp.java:12)
	at scala.util.Try$.apply(Try.scala:209)
	at edu.illinois.cs.testrunner.execution.Executor$.run(Executor.scala:28)
	at edu.illinois.cs.testrunner.execution.Executor$.main(Executor.scala:18)
	at edu.illinois.cs.testrunner.execution.Executor.main(Executor.scala)

2024-04-21 19:27:31.287  INFO 66070 --- [WebServer 58437] okhttp3.mockwebserver.MockWebServer      : MockWebServer[58437] done accepting connections: Socket closed
2024-04-21 19:27:31.296  INFO 66070 --- [WebServer 34795] okhttp3.mockwebserver.MockWebServer      : MockWebServer[34795] starting to accept connections
2024-04-21 19:27:31.300  INFO 66070 --- [WebServer 33563] okhttp3.mockwebserver.MockWebServer      : MockWebServer[33563] starting to accept connections
2024-04-21 19:27:31.307  INFO 66070 --- [WebServer 33563] okhttp3.mockwebserver.MockWebServer      : MockWebServer[33563] done accepting connections: Socket closed
2024-04-21 19:27:31.316  INFO 66070 --- [WebServer 33929] okhttp3.mockwebserver.MockWebServer      : MockWebServer[33929] starting to accept connections
2024-04-21 19:27:31.316  INFO 66070 --- [WebServer 36065] okhttp3.mockwebserver.MockWebServer      : MockWebServer[36065] starting to accept connections
2024-04-21 19:27:31.321  INFO 66070 --- [127.0.0.1:34764] okhttp3.mockwebserver.MockWebServer      : MockWebServer[33929] received request: POST /api/v1/namespaces/test/configmaps HTTP/1.1 and responded: HTTP/1.1 200 OK
2024-04-21 19:27:31.321  INFO 66070 --- [           main] s.c.k.f.c.Fabric8ConfigMapPropertySource : Loading ConfigMap with name 'single-non-standard-test' in namespace 'test'
2024-04-21 19:27:31.323  INFO 66070 --- [127.0.0.1:34764] okhttp3.mockwebserver.MockWebServer      : MockWebServer[33929] received request: GET /api/v1/namespaces/test/configmaps/single-non-standard-test HTTP/1.1 and responded: HTTP/1.1 200 OK
2024-04-21 19:27:31.372  INFO 66070 --- [WebServer 36065] okhttp3.mockwebserver.MockWebServer      : MockWebServer[36065] done accepting connections: Socket closed
2024-04-21 19:27:31.379  INFO 66070 --- [           main] .b.t.c.SpringBootTestContextBootstrapper : Neither @ContextConfiguration nor @ContextHierarchy found for test class [org.springframework.cloud.kubernetes.fabric8.config.ConfigMapsWithActiveProfilesNameTests], using SpringBootContextLoader
2024-04-21 19:27:31.380  INFO 66070 --- [           main] o.s.t.c.support.AbstractContextLoader    : Could not detect default resource locations for test class [org.springframework.cloud.kubernetes.fabric8.config.ConfigMapsWithActiveProfilesNameTests]: no resource found for suffixes {-context.xml, Context.groovy}.
2024-04-21 19:27:31.383  INFO 66070 --- [           main] .b.t.c.SpringBootTestContextBootstrapper : Loaded default TestExecutionListener class names from location [META-INF/spring.factories]: [org.springframework.boot.test.mock.mockito.MockitoTestExecutionListener, org.springframework.boot.test.mock.mockito.ResetMocksTestExecutionListener, org.springframework.boot.test.autoconfigure.restdocs.RestDocsTestExecutionListener, org.springframework.boot.test.autoconfigure.web.client.MockRestServiceServerResetTestExecutionListener, org.springframework.boot.test.autoconfigure.web.servlet.MockMvcPrintOnlyOnFailureTestExecutionListener, org.springframework.boot.test.autoconfigure.web.servlet.WebDriverTestExecutionListener, org.springframework.boot.test.autoconfigure.webservices.client.MockWebServiceServerTestExecutionListener, org.springframework.test.context.web.ServletTestExecutionListener, org.springframework.test.context.support.DirtiesContextBeforeModesTestExecutionListener, org.springframework.test.context.event.ApplicationEventsTestExecutionListener, org.springframework.test.context.support.DependencyInjectionTestExecutionListener, org.springframework.test.context.support.DirtiesContextTestExecutionListener, org.springframework.test.context.transaction.TransactionalTestExecutionListener, org.springframework.test.context.jdbc.SqlScriptsTestExecutionListener, org.springframework.test.context.event.EventPublishingTestExecutionListener, org.spockframework.spring.SpringMockTestExecutionListener]
2024-04-21 19:27:31.385  INFO 66070 --- [           main] .b.t.c.SpringBootTestContextBootstrapper : Using TestExecutionListeners: [org.springframework.test.context.web.ServletTestExecutionListener@3ef04239, org.springframework.test.context.support.DirtiesContextBeforeModesTestExecutionListener@2468c0e4, org.springframework.test.context.event.ApplicationEventsTestExecutionListener@49994a4, org.springframework.boot.test.mock.mockito.MockitoTestExecutionListener@1a82453, org.springframework.boot.test.autoconfigure.SpringBootDependencyInjectionTestExecutionListener@3df54fd5, org.springframework.test.context.support.DirtiesContextTestExecutionListener@5ff8d76f, org.springframework.test.context.event.EventPublishingTestExecutionListener@178c4480, org.springframework.boot.test.mock.mockito.ResetMocksTestExecutionListener@5746609e, org.springframework.boot.test.autoconfigure.restdocs.RestDocsTestExecutionListener@40da1644, org.springframework.boot.test.autoconfigure.web.client.MockRestServiceServerResetTestExecutionListener@5980e29f, org.springframework.boot.test.autoconfigure.web.servlet.MockMvcPrintOnlyOnFailureTestExecutionListener@2cdd156b, org.springframework.boot.test.autoconfigure.web.servlet.WebDriverTestExecutionListener@487bc2fe, org.springframework.boot.test.autoconfigure.webservices.client.MockWebServiceServerTestExecutionListener@58038583, org.spockframework.spring.SpringMockTestExecutionListener@6491006]
2024-04-21 19:27:31.388  INFO 66070 --- [WebServer 41847] okhttp3.mockwebserver.MockWebServer      : MockWebServer[41847] starting to accept connections
2024-04-21 19:27:31.392  INFO 66070 --- [127.0.0.1:47040] okhttp3.mockwebserver.MockWebServer      : MockWebServer[41847] received request: POST /api/v1/namespaces/test/configmaps HTTP/1.1 and responded: HTTP/1.1 200 OK
2024-04-21 19:27:31.397  INFO 66070 --- [127.0.0.1:47040] okhttp3.mockwebserver.MockWebServer      : MockWebServer[41847] received request: POST /api/v1/namespaces/test/configmaps HTTP/1.1 and responded: HTTP/1.1 200 OK
2024-04-21 19:27:31.494  WARN 66070 --- [           main] ubernetesProfileEnvironmentPostProcessor : Not running inside kubernetes. Skipping 'kubernetes' profile activation.

  .   ____          _            __ _ _
 /\\ / ___'_ __ _ _(_)_ __  __ _ \ \ \ \
( ( )\___ | '_ | '_| | '_ \/ _` | \ \ \ \
 \\/  ___)| |_)| | | | | || (_| |  ) ) ) )
  '  |____| .__|_| |_|_| |_\__, | / / / /
 =========|_|==============|___/=/_/_/_/
 :: Spring Boot ::                (v2.6.3)

2024-04-21 19:27:31.580  INFO 66070 --- [           main] s.c.k.f.c.Fabric8ConfigMapPropertySource : Loading ConfigMap with name 'configmap-with-active-profile-name-example' in namespace 'test'
2024-04-21 19:27:31.582  INFO 66070 --- [127.0.0.1:47054] okhttp3.mockwebserver.MockWebServer      : MockWebServer[41847] received request: GET /api/v1/namespaces/test/configmaps/configmap-with-active-profile-name-example HTTP/1.1 and responded: HTTP/1.1 200 OK
2024-04-21 19:27:31.591  INFO 66070 --- [127.0.0.1:47054] okhttp3.mockwebserver.MockWebServer      : MockWebServer[41847] received request: GET /api/v1/namespaces/test/configmaps/configmap-with-active-profile-name-example-development HTTP/1.1 and responded: HTTP/1.1 200 OK
2024-04-21 19:27:31.633  INFO 66070 --- [           main] b.c.PropertySourceBootstrapConfiguration : Located property source: [BootstrapPropertySource {name='bootstrapProperties-configmap.configmap-with-active-profile-name-example.test'}]
2024-04-21 19:27:31.636  WARN 66070 --- [           main] ubernetesProfileEnvironmentPostProcessor : Not running inside kubernetes. Skipping 'kubernetes' profile activation.
2024-04-21 19:27:31.637  INFO 66070 --- [           main] .c.ConfigMapsWithActiveProfilesNameTests : The following profiles are active: development
2024-04-21 19:27:31.852  INFO 66070 --- [           main] o.s.cloud.context.scope.GenericScope     : BeanFactory id=affffd22-e438-321b-a0d0-967c2140a2e8
2024-04-21 19:27:31.956  INFO 66070 --- [           main] o.s.b.w.embedded.tomcat.TomcatWebServer  : Tomcat initialized with port(s): 0 (http)
2024-04-21 19:27:31.957  INFO 66070 --- [           main] o.apache.catalina.core.StandardService   : Starting service [Tomcat]
2024-04-21 19:27:31.957  INFO 66070 --- [           main] org.apache.catalina.core.StandardEngine  : Starting Servlet engine: [Apache Tomcat/9.0.56]
2024-04-21 19:27:31.967  INFO 66070 --- [           main] o.a.c.c.C.[Tomcat-2].[localhost].[/]     : Initializing Spring embedded WebApplicationContext
2024-04-21 19:27:31.967  INFO 66070 --- [           main] w.s.c.ServletWebServerApplicationContext : Root WebApplicationContext: initialization completed in 329 ms
2024-04-21 19:27:32.608  INFO 66070 --- [           main] o.s.b.a.e.web.EndpointLinksResolver      : Exposing 1 endpoint(s) beneath base path '/actuator'
2024-04-21 19:27:32.667  INFO 66070 --- [           main] o.s.b.w.embedded.tomcat.TomcatWebServer  : Tomcat started on port(s): 36565 (http) with context path ''
2024-04-21 19:27:32.676  INFO 66070 --- [           main] .c.ConfigMapsWithActiveProfilesNameTests : Started ConfigMapsWithActiveProfilesNameTests in 1.235 seconds (JVM running for 14.206)
2024-04-21 19:27:32.694  INFO 66070 --- [WebServer 50641] okhttp3.mockwebserver.MockWebServer      : MockWebServer[50641] starting to accept connections
2024-04-21 19:27:32.702  INFO 66070 --- [o-auto-3-exec-1] o.a.c.c.C.[Tomcat-2].[localhost].[/]     : Initializing Spring DispatcherServlet 'dispatcherServlet'
2024-04-21 19:27:32.703  INFO 66070 --- [o-auto-3-exec-1] o.s.web.servlet.DispatcherServlet        : Initializing Servlet 'dispatcherServlet'
2024-04-21 19:27:32.704  INFO 66070 --- [o-auto-3-exec-1] o.s.web.servlet.DispatcherServlet        : Completed initialization in 1 ms
2024-04-21 19:27:32.722  INFO 66070 --- [WebServer 50641] okhttp3.mockwebserver.MockWebServer      : MockWebServer[50641] done accepting connections: Socket closed
2024-04-21 19:27:32.728  INFO 66070 --- [WebServer 60747] okhttp3.mockwebserver.MockWebServer      : MockWebServer[60747] starting to accept connections
2024-04-21 19:27:32.732  INFO 66070 --- [WebServer 55823] okhttp3.mockwebserver.MockWebServer      : MockWebServer[55823] starting to accept connections
2024-04-21 19:27:32.733  INFO 66070 --- [           main] o.s.c.k.f.c.Fabric8SecretsPropertySource : Loading Secret with name 'my-config' or with labels [{}] in namespace 'default'
2024-04-21 19:27:32.845  INFO 66070 --- [127.0.0.1:46048] okhttp3.mockwebserver.MockWebServer      : MockWebServer[60747] received request: GET /api/v1/namespaces/default/secrets/my-config HTTP/1.1 and responded: HTTP/1.1 500 Server Error
2024-04-21 19:27:32.887  WARN 66070 --- [           main] o.s.c.k.f.c.Fabric8SecretsPropertySource : Can't read secret with name: [my-config] or labels [{}] in namespace: [default] (cause: Failure executing: GET at: https://localhost:60747/api/v1/namespaces/default/secrets/my-config. Message: Internal Server Error.). Ignoring
2024-04-21 19:27:32.887  INFO 66070 --- [WebServer 55823] okhttp3.mockwebserver.MockWebServer      : MockWebServer[55823] done accepting connections: Socket closed
2024-04-21 19:27:32.891  INFO 66070 --- [           main] .b.t.c.SpringBootTestContextBootstrapper : Neither @ContextConfiguration nor @ContextHierarchy found for test class [org.springframework.cloud.kubernetes.fabric8.config.MultipleConfigMapsTests], using SpringBootContextLoader
2024-04-21 19:27:32.892  INFO 66070 --- [           main] o.s.t.c.support.AbstractContextLoader    : Could not detect default resource locations for test class [org.springframework.cloud.kubernetes.fabric8.config.MultipleConfigMapsTests]: no resource found for suffixes {-context.xml, Context.groovy}.
2024-04-21 19:27:32.894  INFO 66070 --- [           main] .b.t.c.SpringBootTestContextBootstrapper : Loaded default TestExecutionListener class names from location [META-INF/spring.factories]: [org.springframework.boot.test.mock.mockito.MockitoTestExecutionListener, org.springframework.boot.test.mock.mockito.ResetMocksTestExecutionListener, org.springframework.boot.test.autoconfigure.restdocs.RestDocsTestExecutionListener, org.springframework.boot.test.autoconfigure.web.client.MockRestServiceServerResetTestExecutionListener, org.springframework.boot.test.autoconfigure.web.servlet.MockMvcPrintOnlyOnFailureTestExecutionListener, org.springframework.boot.test.autoconfigure.web.servlet.WebDriverTestExecutionListener, org.springframework.boot.test.autoconfigure.webservices.client.MockWebServiceServerTestExecutionListener, org.springframework.test.context.web.ServletTestExecutionListener, org.springframework.test.context.support.DirtiesContextBeforeModesTestExecutionListener, org.springframework.test.context.event.ApplicationEventsTestExecutionListener, org.springframework.test.context.support.DependencyInjectionTestExecutionListener, org.springframework.test.context.support.DirtiesContextTestExecutionListener, org.springframework.test.context.transaction.TransactionalTestExecutionListener, org.springframework.test.context.jdbc.SqlScriptsTestExecutionListener, org.springframework.test.context.event.EventPublishingTestExecutionListener, org.spockframework.spring.SpringMockTestExecutionListener]
2024-04-21 19:27:32.895  INFO 66070 --- [           main] .b.t.c.SpringBootTestContextBootstrapper : Using TestExecutionListeners: [org.springframework.test.context.web.ServletTestExecutionListener@2d6e09f0, org.springframework.test.context.support.DirtiesContextBeforeModesTestExecutionListener@257da215, org.springframework.test.context.event.ApplicationEventsTestExecutionListener@5aa461, org.springframework.boot.test.mock.mockito.MockitoTestExecutionListener@f3e6876, org.springframework.boot.test.autoconfigure.SpringBootDependencyInjectionTestExecutionListener@52c2d1e8, org.springframework.test.context.support.DirtiesContextTestExecutionListener@1a67bcaf, org.springframework.test.context.event.EventPublishingTestExecutionListener@4f4b7a2e, org.springframework.boot.test.mock.mockito.ResetMocksTestExecutionListener@334ac669, org.springframework.boot.test.autoconfigure.restdocs.RestDocsTestExecutionListener@77430c79, org.springframework.boot.test.autoconfigure.web.client.MockRestServiceServerResetTestExecutionListener@506654fa, org.springframework.boot.test.autoconfigure.web.servlet.MockMvcPrintOnlyOnFailureTestExecutionListener@4468ced2, org.springframework.boot.test.autoconfigure.web.servlet.WebDriverTestExecutionListener@21f421b8, org.springframework.boot.test.autoconfigure.webservices.client.MockWebServiceServerTestExecutionListener@4e3bc13b, org.spockframework.spring.SpringMockTestExecutionListener@2c989d82]
2024-04-21 19:27:32.898  INFO 66070 --- [WebServer 55783] okhttp3.mockwebserver.MockWebServer      : MockWebServer[55783] starting to accept connections
2024-04-21 19:27:32.902  INFO 66070 --- [127.0.0.1:46312] okhttp3.mockwebserver.MockWebServer      : MockWebServer[55783] received request: POST /api/v1/namespaces/defnamespace/configmaps HTTP/1.1 and responded: HTTP/1.1 200 OK
2024-04-21 19:27:32.907  INFO 66070 --- [127.0.0.1:46312] okhttp3.mockwebserver.MockWebServer      : MockWebServer[55783] received request: POST /api/v1/namespaces/s2/configmaps HTTP/1.1 and responded: HTTP/1.1 200 OK
2024-04-21 19:27:32.956  INFO 66070 --- [127.0.0.1:46312] okhttp3.mockwebserver.MockWebServer      : MockWebServer[55783] received request: POST /api/v1/namespaces/othernamespace/configmaps HTTP/1.1 and responded: HTTP/1.1 200 OK
2024-04-21 19:27:33.006  INFO 66070 --- [WebServer 58913] okhttp3.mockwebserver.MockWebServer      : MockWebServer[58913] starting to accept connections
2024-04-21 19:27:33.032  INFO 66070 --- [WebServer 58913] okhttp3.mockwebserver.MockWebServer      : MockWebServer[58913] done accepting connections: Socket closed
2024-04-21 19:27:33.048  INFO 66070 --- [WebServer 50477] okhttp3.mockwebserver.MockWebServer      : MockWebServer[50477] starting to accept connections
2024-04-21 19:27:33.051  INFO 66070 --- [WebServer 41569] okhttp3.mockwebserver.MockWebServer      : MockWebServer[41569] starting to accept connections
2024-04-21 19:27:33.111  WARN 66070 --- [           main] ubernetesProfileEnvironmentPostProcessor : Not running inside kubernetes. Skipping 'kubernetes' profile activation.

  .   ____          _            __ _ _
 /\\ / ___'_ __ _ _(_)_ __  __ _ \ \ \ \
( ( )\___ | '_ | '_| | '_ \/ _` | \ \ \ \
 \\/  ___)| |_)| | | | | || (_| |  ) ) ) )
  '  |____| .__|_| |_|_| |_\__, | / / / /
 =========|_|==============|___/=/_/_/_/
 :: Spring Boot ::                (v2.6.3)

2024-04-21 19:27:33.187  INFO 66070 --- [           main] s.c.k.f.c.Fabric8ConfigMapPropertySource : Loading ConfigMap with name 'application' in namespace 'default'
2024-04-21 19:27:33.190  INFO 66070 --- [127.0.0.1:46324] okhttp3.mockwebserver.MockWebServer      : MockWebServer[55783] received request: GET /api/v1/namespaces/default/configmaps/application HTTP/1.1 and responded: HTTP/1.1 404 Client Error
2024-04-21 19:27:33.191  INFO 66070 --- [           main] o.s.c.k.f.config.Fabric8ConfigUtils      : config-map with name : 'application' not present in namespace : 'default'
2024-04-21 19:27:33.192  INFO 66070 --- [           main] b.c.PropertySourceBootstrapConfiguration : Located property source: [BootstrapPropertySource {name='bootstrapProperties-configmap.application.default'}]
2024-04-21 19:27:33.195  WARN 66070 --- [           main] ubernetesProfileEnvironmentPostProcessor : Not running inside kubernetes. Skipping 'kubernetes' profile activation.
2024-04-21 19:27:33.195  INFO 66070 --- [           main] e.i.cs.testrunner.execution.Executor$    : No active profile set, falling back to default profiles: default
2024-04-21 19:27:33.216  INFO 66070 --- [           main] o.s.cloud.context.scope.GenericScope     : BeanFactory id=9e8f334d-ea3e-3bac-a635-d33d7314ddc7
2024-04-21 19:27:33.222  INFO 66070 --- [           main] e.i.cs.testrunner.execution.Executor$    : Started Executor. in 0.168 seconds (JVM running for 14.752)
2024-04-21 19:27:33.227  INFO 66070 --- [WebServer 41569] okhttp3.mockwebserver.MockWebServer      : MockWebServer[41569] done accepting connections: Socket closed
2024-04-21 19:27:33.231  INFO 66070 --- [           main] .b.t.c.SpringBootTestContextBootstrapper : Neither @ContextConfiguration nor @ContextHierarchy found for test class [org.springframework.cloud.kubernetes.fabric8.config.CoreTestClientViaSystemProperties], using SpringBootContextLoader
2024-04-21 19:27:33.232  INFO 66070 --- [           main] o.s.t.c.support.AbstractContextLoader    : Could not detect default resource locations for test class [org.springframework.cloud.kubernetes.fabric8.config.CoreTestClientViaSystemProperties]: no resource found for suffixes {-context.xml, Context.groovy}.
2024-04-21 19:27:33.234  INFO 66070 --- [           main] .b.t.c.SpringBootTestContextBootstrapper : Loaded default TestExecutionListener class names from location [META-INF/spring.factories]: [org.springframework.boot.test.mock.mockito.MockitoTestExecutionListener, org.springframework.boot.test.mock.mockito.ResetMocksTestExecutionListener, org.springframework.boot.test.autoconfigure.restdocs.RestDocsTestExecutionListener, org.springframework.boot.test.autoconfigure.web.client.MockRestServiceServerResetTestExecutionListener, org.springframework.boot.test.autoconfigure.web.servlet.MockMvcPrintOnlyOnFailureTestExecutionListener, org.springframework.boot.test.autoconfigure.web.servlet.WebDriverTestExecutionListener, org.springframework.boot.test.autoconfigure.webservices.client.MockWebServiceServerTestExecutionListener, org.springframework.test.context.web.ServletTestExecutionListener, org.springframework.test.context.support.DirtiesContextBeforeModesTestExecutionListener, org.springframework.test.context.event.ApplicationEventsTestExecutionListener, org.springframework.test.context.support.DependencyInjectionTestExecutionListener, org.springframework.test.context.support.DirtiesContextTestExecutionListener, org.springframework.test.context.transaction.TransactionalTestExecutionListener, org.springframework.test.context.jdbc.SqlScriptsTestExecutionListener, org.springframework.test.context.event.EventPublishingTestExecutionListener, org.spockframework.spring.SpringMockTestExecutionListener]
2024-04-21 19:27:33.235  INFO 66070 --- [           main] .b.t.c.SpringBootTestContextBootstrapper : Using TestExecutionListeners: [org.springframework.test.context.web.ServletTestExecutionListener@6980fa39, org.springframework.test.context.support.DirtiesContextBeforeModesTestExecutionListener@1a000fff, org.springframework.test.context.event.ApplicationEventsTestExecutionListener@7c855ef0, org.springframework.boot.test.mock.mockito.MockitoTestExecutionListener@3dedc8b8, org.springframework.boot.test.autoconfigure.SpringBootDependencyInjectionTestExecutionListener@5352bc0e, org.springframework.test.context.support.DirtiesContextTestExecutionListener@49b73e6c, org.springframework.test.context.event.EventPublishingTestExecutionListener@1f138b74, org.springframework.boot.test.mock.mockito.ResetMocksTestExecutionListener@4c682826, org.springframework.boot.test.autoconfigure.restdocs.RestDocsTestExecutionListener@a1c4f69, org.springframework.boot.test.autoconfigure.web.client.MockRestServiceServerResetTestExecutionListener@7a285418, org.springframework.boot.test.autoconfigure.web.servlet.MockMvcPrintOnlyOnFailureTestExecutionListener@79e33802, org.springframework.boot.test.autoconfigure.web.servlet.WebDriverTestExecutionListener@74471600, org.springframework.boot.test.autoconfigure.webservices.client.MockWebServiceServerTestExecutionListener@1cc878e6, org.spockframework.spring.SpringMockTestExecutionListener@247877f3]
2024-04-21 19:27:33.318  WARN 66070 --- [           main] ubernetesProfileEnvironmentPostProcessor : Not running inside kubernetes. Skipping 'kubernetes' profile activation.

  .   ____          _            __ _ _
 /\\ / ___'_ __ _ _(_)_ __  __ _ \ \ \ \
( ( )\___ | '_ | '_| | '_ \/ _` | \ \ \ \
 \\/  ___)| |_)| | | | | || (_| |  ) ) ) )
  '  |____| .__|_| |_|_| |_\__, | / / / /
 =========|_|==============|___/=/_/_/_/
 :: Spring Boot ::                (v2.6.3)

2024-04-21 19:27:33.387  WARN 66070 --- [           main] ubernetesProfileEnvironmentPostProcessor : Not running inside kubernetes. Skipping 'kubernetes' profile activation.
2024-04-21 19:27:33.387  INFO 66070 --- [           main] .k.f.c.CoreTestClientViaSystemProperties : No active profile set, falling back to default profiles: default
2024-04-21 19:27:33.766  INFO 66070 --- [           main] o.s.cloud.context.scope.GenericScope     : BeanFactory id=84b71cfc-8942-3f46-b1ff-f22a03fbdcf2
2024-04-21 19:27:34.251  WARN 66070 --- [           main] i.f.kubernetes.client.internal.SSLUtils  : SSL handshake failed. Falling back to insecure connection.
2024-04-21 19:27:34.252  WARN 66070 --- [           main] i.f.kubernetes.client.internal.SSLUtils  : SSL handshake failed. Falling back to insecure connection.
2024-04-21 19:27:34.477  INFO 66070 --- [           main] o.s.b.a.e.web.EndpointLinksResolver      : Exposing 1 endpoint(s) beneath base path '/actuator'
2024-04-21 19:27:34.509  INFO 66070 --- [           main] .k.f.c.CoreTestClientViaSystemProperties : Started CoreTestClientViaSystemProperties in 1.268 seconds (JVM running for 16.04)
2024-04-21 19:27:34.531  INFO 66070 --- [WebServer 46047] okhttp3.mockwebserver.MockWebServer      : MockWebServer[46047] starting to accept connections
2024-04-21 19:27:34.537  INFO 66070 --- [WebServer 50187] okhttp3.mockwebserver.MockWebServer      : MockWebServer[50187] starting to accept connections
2024-04-21 19:27:34.538  INFO 66070 --- [           main] s.c.k.f.c.Fabric8ConfigMapPropertySource : Loading ConfigMap with name 'configmap' in namespace 'some-namespace'
2024-04-21 19:27:34.538  WARN 66070 --- [           main] s.c.k.f.c.Fabric8ConfigMapPropertySource : Can't read configMap with name: [configmap] in namespace: [some-namespace]. Ignoring.

java.lang.NullPointerException: null
	at org.springframework.cloud.kubernetes.fabric8.config.Fabric8ConfigUtils.getConfigMapData(Fabric8ConfigUtils.java:118)
	at org.springframework.cloud.kubernetes.fabric8.config.Fabric8ConfigMapPropertySource.getData(Fabric8ConfigMapPropertySource.java:79)
	at org.springframework.cloud.kubernetes.fabric8.config.Fabric8ConfigMapPropertySource.<init>(Fabric8ConfigMapPropertySource.java:63)
	at org.springframework.cloud.kubernetes.fabric8.config.Fabric8ConfigMapPropertySourceTests.anotherDeprecatedConstructorWithClientNamespaceMustNotFail(Fabric8ConfigMapPropertySourceTests.java:95)
	at sun.reflect.NativeMethodAccessorImpl.invoke0(Native Method)
	at sun.reflect.NativeMethodAccessorImpl.invoke(NativeMethodAccessorImpl.java:62)
	at sun.reflect.DelegatingMethodAccessorImpl.invoke(DelegatingMethodAccessorImpl.java:43)
	at java.lang.reflect.Method.invoke(Method.java:498)
	at org.junit.platform.commons.util.ReflectionUtils.invokeMethod(ReflectionUtils.java:725)
	at org.junit.jupiter.engine.execution.MethodInvocation.proceed(MethodInvocation.java:60)
	at org.junit.jupiter.engine.execution.InvocationInterceptorChain$ValidatingInvocation.proceed(InvocationInterceptorChain.java:131)
	at org.junit.jupiter.engine.extension.TimeoutExtension.intercept(TimeoutExtension.java:149)
	at org.junit.jupiter.engine.extension.TimeoutExtension.interceptTestableMethod(TimeoutExtension.java:140)
	at org.junit.jupiter.engine.extension.TimeoutExtension.interceptTestMethod(TimeoutExtension.java:84)
	at org.junit.jupiter.engine.execution.ExecutableInvoker$ReflectiveInterceptorCall.lambda$ofVoidMethod$0(ExecutableInvoker.java:115)
	at org.junit.jupiter.engine.execution.ExecutableInvoker.lambda$invoke$0(ExecutableInvoker.java:105)
	at org.junit.jupiter.engine.execution.InvocationInterceptorChain$InterceptedInvocation.proceed(InvocationInterceptorChain.java:106)
	at org.junit.jupiter.engine.execution.InvocationInterceptorChain.proceed(InvocationInterceptorChain.java:64)
	at org.junit.jupiter.engine.execution.InvocationInterceptorChain.chainAndInvoke(InvocationInterceptorChain.java:45)
	at org.junit.jupiter.engine.execution.InvocationInterceptorChain.invoke(InvocationInterceptorChain.java:37)
	at org.junit.jupiter.engine.execution.ExecutableInvoker.invoke(ExecutableInvoker.java:104)
	at org.junit.jupiter.engine.execution.ExecutableInvoker.invoke(ExecutableInvoker.java:98)
	at org.junit.jupiter.engine.descriptor.TestMethodTestDescriptor.lambda$invokeTestMethod$7(TestMethodTestDescriptor.java:214)
	at org.junit.platform.engine.support.hierarchical.ThrowableCollector.execute(ThrowableCollector.java:73)
	at org.junit.jupiter.engine.descriptor.TestMethodTestDescriptor.invokeTestMethod(TestMethodTestDescriptor.java:210)
	at org.junit.jupiter.engine.descriptor.TestMethodTestDescriptor.execute(TestMethodTestDescriptor.java:135)
	at org.junit.jupiter.engine.descriptor.TestMethodTestDescriptor.execute(TestMethodTestDescriptor.java:66)
	at org.junit.platform.engine.support.hierarchical.NodeTestTask.lambda$executeRecursively$6(NodeTestTask.java:151)
	at org.junit.platform.engine.support.hierarchical.ThrowableCollector.execute(ThrowableCollector.java:73)
	at org.junit.platform.engine.support.hierarchical.NodeTestTask.lambda$executeRecursively$8(NodeTestTask.java:141)
	at org.junit.platform.engine.support.hierarchical.Node.around(Node.java:137)
	at org.junit.platform.engine.support.hierarchical.NodeTestTask.lambda$executeRecursively$9(NodeTestTask.java:139)
	at org.junit.platform.engine.support.hierarchical.ThrowableCollector.execute(ThrowableCollector.java:73)
	at org.junit.platform.engine.support.hierarchical.NodeTestTask.executeRecursively(NodeTestTask.java:138)
	at org.junit.platform.engine.support.hierarchical.NodeTestTask.execute(NodeTestTask.java:95)
	at java.util.ArrayList.forEach(ArrayList.java:1259)
	at org.junit.platform.engine.support.hierarchical.SameThreadHierarchicalTestExecutorService.invokeAll(SameThreadHierarchicalTestExecutorService.java:41)
	at org.junit.platform.engine.support.hierarchical.NodeTestTask.lambda$executeRecursively$6(NodeTestTask.java:155)
	at org.junit.platform.engine.support.hierarchical.ThrowableCollector.execute(ThrowableCollector.java:73)
	at org.junit.platform.engine.support.hierarchical.NodeTestTask.lambda$executeRecursively$8(NodeTestTask.java:141)
	at org.junit.platform.engine.support.hierarchical.Node.around(Node.java:137)
	at org.junit.platform.engine.support.hierarchical.NodeTestTask.lambda$executeRecursively$9(NodeTestTask.java:139)
	at org.junit.platform.engine.support.hierarchical.ThrowableCollector.execute(ThrowableCollector.java:73)
	at org.junit.platform.engine.support.hierarchical.NodeTestTask.executeRecursively(NodeTestTask.java:138)
	at org.junit.platform.engine.support.hierarchical.NodeTestTask.execute(NodeTestTask.java:95)
	at java.util.ArrayList.forEach(ArrayList.java:1259)
	at org.junit.platform.engine.support.hierarchical.SameThreadHierarchicalTestExecutorService.invokeAll(SameThreadHierarchicalTestExecutorService.java:41)
	at org.junit.platform.engine.support.hierarchical.NodeTestTask.lambda$executeRecursively$6(NodeTestTask.java:155)
	at org.junit.platform.engine.support.hierarchical.ThrowableCollector.execute(ThrowableCollector.java:73)
	at org.junit.platform.engine.support.hierarchical.NodeTestTask.lambda$executeRecursively$8(NodeTestTask.java:141)
	at org.junit.platform.engine.support.hierarchical.Node.around(Node.java:137)
	at org.junit.platform.engine.support.hierarchical.NodeTestTask.lambda$executeRecursively$9(NodeTestTask.java:139)
	at org.junit.platform.engine.support.hierarchical.ThrowableCollector.execute(ThrowableCollector.java:73)
	at org.junit.platform.engine.support.hierarchical.NodeTestTask.executeRecursively(NodeTestTask.java:138)
	at org.junit.platform.engine.support.hierarchical.NodeTestTask.execute(NodeTestTask.java:95)
	at org.junit.platform.engine.support.hierarchical.SameThreadHierarchicalTestExecutorService.submit(SameThreadHierarchicalTestExecutorService.java:35)
	at org.junit.platform.engine.support.hierarchical.HierarchicalTestExecutor.execute(HierarchicalTestExecutor.java:57)
	at org.junit.platform.engine.support.hierarchical.HierarchicalTestEngine.execute(HierarchicalTestEngine.java:54)
	at org.junit.platform.launcher.core.DefaultLauncher.execute(DefaultLauncher.java:170)
	at org.junit.platform.launcher.core.DefaultLauncher.execute(DefaultLauncher.java:154)
	at org.junit.platform.launcher.core.DefaultLauncher.execute(DefaultLauncher.java:90)
	at edu.illinois.cs.testrunner.execution.JUnit5TestExecutor.runTestsSeparately(JUnit5TestExecutor.java:40)
	at edu.illinois.cs.testrunner.execution.Executor$.$anonfun$run$1(Executor.scala:33)
	at scala.runtime.java8.JFunction0$mcV$sp.apply(JFunction0$mcV$sp.java:12)
	at scala.util.Try$.apply(Try.scala:209)
	at edu.illinois.cs.testrunner.execution.Executor$.run(Executor.scala:28)
	at edu.illinois.cs.testrunner.execution.Executor$.main(Executor.scala:18)
	at edu.illinois.cs.testrunner.execution.Executor.main(Executor.scala)

2024-04-21 19:27:34.539  INFO 66070 --- [WebServer 50187] okhttp3.mockwebserver.MockWebServer      : MockWebServer[50187] done accepting connections: Socket closed
2024-04-21 19:27:34.543  INFO 66070 --- [           main] .b.t.c.SpringBootTestContextBootstrapper : Neither @ContextConfiguration nor @ContextHierarchy found for test class [org.springframework.cloud.kubernetes.fabric8.config.ConfigMapsTests], using SpringBootContextLoader
2024-04-21 19:27:34.544  INFO 66070 --- [           main] o.s.t.c.support.AbstractContextLoader    : Could not detect default resource locations for test class [org.springframework.cloud.kubernetes.fabric8.config.ConfigMapsTests]: no resource found for suffixes {-context.xml, Context.groovy}.
2024-04-21 19:27:34.546  INFO 66070 --- [           main] .b.t.c.SpringBootTestContextBootstrapper : Loaded default TestExecutionListener class names from location [META-INF/spring.factories]: [org.springframework.boot.test.mock.mockito.MockitoTestExecutionListener, org.springframework.boot.test.mock.mockito.ResetMocksTestExecutionListener, org.springframework.boot.test.autoconfigure.restdocs.RestDocsTestExecutionListener, org.springframework.boot.test.autoconfigure.web.client.MockRestServiceServerResetTestExecutionListener, org.springframework.boot.test.autoconfigure.web.servlet.MockMvcPrintOnlyOnFailureTestExecutionListener, org.springframework.boot.test.autoconfigure.web.servlet.WebDriverTestExecutionListener, org.springframework.boot.test.autoconfigure.webservices.client.MockWebServiceServerTestExecutionListener, org.springframework.test.context.web.ServletTestExecutionListener, org.springframework.test.context.support.DirtiesContextBeforeModesTestExecutionListener, org.springframework.test.context.event.ApplicationEventsTestExecutionListener, org.springframework.test.context.support.DependencyInjectionTestExecutionListener, org.springframework.test.context.support.DirtiesContextTestExecutionListener, org.springframework.test.context.transaction.TransactionalTestExecutionListener, org.springframework.test.context.jdbc.SqlScriptsTestExecutionListener, org.springframework.test.context.event.EventPublishingTestExecutionListener, org.spockframework.spring.SpringMockTestExecutionListener]
2024-04-21 19:27:34.548  INFO 66070 --- [           main] .b.t.c.SpringBootTestContextBootstrapper : Using TestExecutionListeners: [org.springframework.test.context.web.ServletTestExecutionListener@4583a186, org.springframework.test.context.support.DirtiesContextBeforeModesTestExecutionListener@55854382, org.springframework.test.context.event.ApplicationEventsTestExecutionListener@7843b65e, org.springframework.boot.test.mock.mockito.MockitoTestExecutionListener@4d6f951a, org.springframework.boot.test.autoconfigure.SpringBootDependencyInjectionTestExecutionListener@15b882a0, org.springframework.test.context.support.DirtiesContextTestExecutionListener@6ade4ac6, org.springframework.test.context.event.EventPublishingTestExecutionListener@fcae085, org.springframework.boot.test.mock.mockito.ResetMocksTestExecutionListener@3e3c6323, org.springframework.boot.test.autoconfigure.restdocs.RestDocsTestExecutionListener@6f404bc6, org.springframework.boot.test.autoconfigure.web.client.MockRestServiceServerResetTestExecutionListener@77d0a492, org.springframework.boot.test.autoconfigure.web.servlet.MockMvcPrintOnlyOnFailureTestExecutionListener@2f46bc25, org.springframework.boot.test.autoconfigure.web.servlet.WebDriverTestExecutionListener@72bef795, org.springframework.boot.test.autoconfigure.webservices.client.MockWebServiceServerTestExecutionListener@1f4d9c7f, org.spockframework.spring.SpringMockTestExecutionListener@6dcb4f30]
2024-04-21 19:27:34.550  INFO 66070 --- [WebServer 47423] okhttp3.mockwebserver.MockWebServer      : MockWebServer[47423] starting to accept connections
2024-04-21 19:27:34.553  INFO 66070 --- [127.0.0.1:58766] okhttp3.mockwebserver.MockWebServer      : MockWebServer[47423] received request: POST /api/v1/namespaces/test/configmaps HTTP/1.1 and responded: HTTP/1.1 200 OK
2024-04-21 19:27:34.599  WARN 66070 --- [           main] ubernetesProfileEnvironmentPostProcessor : Not running inside kubernetes. Skipping 'kubernetes' profile activation.

  .   ____          _            __ _ _
 /\\ / ___'_ __ _ _(_)_ __  __ _ \ \ \ \
( ( )\___ | '_ | '_| | '_ \/ _` | \ \ \ \
 \\/  ___)| |_)| | | | | || (_| |  ) ) ) )
  '  |____| .__|_| |_|_| |_\__, | / / / /
 =========|_|==============|___/=/_/_/_/
 :: Spring Boot ::                (v2.6.3)

2024-04-21 19:27:34.672  INFO 66070 --- [           main] s.c.k.f.c.Fabric8ConfigMapPropertySource : Loading ConfigMap with name 'configmap-example' in namespace 'test'
2024-04-21 19:27:34.674  INFO 66070 --- [127.0.0.1:58778] okhttp3.mockwebserver.MockWebServer      : MockWebServer[47423] received request: GET /api/v1/namespaces/test/configmaps/configmap-example HTTP/1.1 and responded: HTTP/1.1 200 OK
2024-04-21 19:27:34.676  INFO 66070 --- [           main] b.c.PropertySourceBootstrapConfiguration : Located property source: [BootstrapPropertySource {name='bootstrapProperties-configmap.configmap-example.test'}]
2024-04-21 19:27:34.679  WARN 66070 --- [           main] ubernetesProfileEnvironmentPostProcessor : Not running inside kubernetes. Skipping 'kubernetes' profile activation.
2024-04-21 19:27:34.680  INFO 66070 --- [           main] o.s.c.k.fabric8.config.ConfigMapsTests   : No active profile set, falling back to default profiles: default
2024-04-21 19:27:34.897  INFO 66070 --- [           main] o.s.cloud.context.scope.GenericScope     : BeanFactory id=affffd22-e438-321b-a0d0-967c2140a2e8
2024-04-21 19:27:34.987  INFO 66070 --- [           main] o.s.b.w.embedded.tomcat.TomcatWebServer  : Tomcat initialized with port(s): 0 (http)
2024-04-21 19:27:34.988  INFO 66070 --- [           main] o.apache.catalina.core.StandardService   : Starting service [Tomcat]
2024-04-21 19:27:34.988  INFO 66070 --- [           main] org.apache.catalina.core.StandardEngine  : Starting Servlet engine: [Apache Tomcat/9.0.56]
2024-04-21 19:27:34.999  INFO 66070 --- [           main] o.a.c.c.C.[Tomcat-3].[localhost].[/]     : Initializing Spring embedded WebApplicationContext
2024-04-21 19:27:34.999  INFO 66070 --- [           main] w.s.c.ServletWebServerApplicationContext : Root WebApplicationContext: initialization completed in 318 ms
2024-04-21 19:27:35.531  INFO 66070 --- [           main] o.s.b.a.e.web.EndpointLinksResolver      : Exposing 1 endpoint(s) beneath base path '/actuator'
2024-04-21 19:27:35.569  INFO 66070 --- [           main] o.s.b.w.embedded.tomcat.TomcatWebServer  : Tomcat started on port(s): 34377 (http) with context path ''
2024-04-21 19:27:35.575  INFO 66070 --- [           main] o.s.c.k.fabric8.config.ConfigMapsTests   : Started ConfigMapsTests in 1.02 seconds (JVM running for 17.106)
2024-04-21 19:27:35.588  INFO 66070 --- [WebServer 34543] okhttp3.mockwebserver.MockWebServer      : MockWebServer[34543] starting to accept connections
2024-04-21 19:27:35.592  INFO 66070 --- [WebServer 34543] okhttp3.mockwebserver.MockWebServer      : MockWebServer[34543] done accepting connections: Socket closed
2024-04-21 19:27:35.598  INFO 66070 --- [WebServer 53523] okhttp3.mockwebserver.MockWebServer      : MockWebServer[53523] starting to accept connections
2024-04-21 19:27:35.602  INFO 66070 --- [WebServer 57667] okhttp3.mockwebserver.MockWebServer      : MockWebServer[57667] starting to accept connections
2024-04-21 19:27:35.604  INFO 66070 --- [WebServer 57667] okhttp3.mockwebserver.MockWebServer      : MockWebServer[57667] done accepting connections: Socket closed
2024-04-21 19:27:35.609  INFO 66070 --- [           main] .b.t.c.SpringBootTestContextBootstrapper : Neither @ContextConfiguration nor @ContextHierarchy found for test class [org.springframework.cloud.kubernetes.fabric8.config.ConfigMapsMixedTests], using SpringBootContextLoader
2024-04-21 19:27:35.610  INFO 66070 --- [           main] o.s.t.c.support.AbstractContextLoader    : Could not detect default resource locations for test class [org.springframework.cloud.kubernetes.fabric8.config.ConfigMapsMixedTests]: no resource found for suffixes {-context.xml, Context.groovy}.
2024-04-21 19:27:35.611  INFO 66070 --- [           main] .b.t.c.SpringBootTestContextBootstrapper : Loaded default TestExecutionListener class names from location [META-INF/spring.factories]: [org.springframework.boot.test.mock.mockito.MockitoTestExecutionListener, org.springframework.boot.test.mock.mockito.ResetMocksTestExecutionListener, org.springframework.boot.test.autoconfigure.restdocs.RestDocsTestExecutionListener, org.springframework.boot.test.autoconfigure.web.client.MockRestServiceServerResetTestExecutionListener, org.springframework.boot.test.autoconfigure.web.servlet.MockMvcPrintOnlyOnFailureTestExecutionListener, org.springframework.boot.test.autoconfigure.web.servlet.WebDriverTestExecutionListener, org.springframework.boot.test.autoconfigure.webservices.client.MockWebServiceServerTestExecutionListener, org.springframework.test.context.web.ServletTestExecutionListener, org.springframework.test.context.support.DirtiesContextBeforeModesTestExecutionListener, org.springframework.test.context.event.ApplicationEventsTestExecutionListener, org.springframework.test.context.support.DependencyInjectionTestExecutionListener, org.springframework.test.context.support.DirtiesContextTestExecutionListener, org.springframework.test.context.transaction.TransactionalTestExecutionListener, org.springframework.test.context.jdbc.SqlScriptsTestExecutionListener, org.springframework.test.context.event.EventPublishingTestExecutionListener, org.spockframework.spring.SpringMockTestExecutionListener]
2024-04-21 19:27:35.613  INFO 66070 --- [           main] .b.t.c.SpringBootTestContextBootstrapper : Using TestExecutionListeners: [org.springframework.test.context.web.ServletTestExecutionListener@89017e5, org.springframework.test.context.support.DirtiesContextBeforeModesTestExecutionListener@6426ad0b, org.springframework.test.context.event.ApplicationEventsTestExecutionListener@a9f7cf8, org.springframework.boot.test.mock.mockito.MockitoTestExecutionListener@5339cdc6, org.springframework.boot.test.autoconfigure.SpringBootDependencyInjectionTestExecutionListener@5b9ed77b, org.springframework.test.context.support.DirtiesContextTestExecutionListener@a8177f6, org.springframework.test.context.event.EventPublishingTestExecutionListener@7b88a2e2, org.springframework.boot.test.mock.mockito.ResetMocksTestExecutionListener@664217a8, org.springframework.boot.test.autoconfigure.restdocs.RestDocsTestExecutionListener@4b4a3114, org.springframework.boot.test.autoconfigure.web.client.MockRestServiceServerResetTestExecutionListener@4af5c14c, org.springframework.boot.test.autoconfigure.web.servlet.MockMvcPrintOnlyOnFailureTestExecutionListener@74d4f542, org.springframework.boot.test.autoconfigure.web.servlet.WebDriverTestExecutionListener@25d5327, org.springframework.boot.test.autoconfigure.webservices.client.MockWebServiceServerTestExecutionListener@188500e9, org.spockframework.spring.SpringMockTestExecutionListener@7c1e5d14]
2024-04-21 19:27:35.615  INFO 66070 --- [WebServer 55971] okhttp3.mockwebserver.MockWebServer      : MockWebServer[55971] starting to accept connections
2024-04-21 19:27:35.621  INFO 66070 --- [127.0.0.1:55422] okhttp3.mockwebserver.MockWebServer      : MockWebServer[55971] received request: POST /api/v1/namespaces/test/configmaps HTTP/1.1 and responded: HTTP/1.1 200 OK
2024-04-21 19:27:35.688  WARN 66070 --- [           main] ubernetesProfileEnvironmentPostProcessor : Not running inside kubernetes. Skipping 'kubernetes' profile activation.

  .   ____          _            __ _ _
 /\\ / ___'_ __ _ _(_)_ __  __ _ \ \ \ \
( ( )\___ | '_ | '_| | '_ \/ _` | \ \ \ \
 \\/  ___)| |_)| | | | | || (_| |  ) ) ) )
  '  |____| .__|_| |_|_| |_\__, | / / / /
 =========|_|==============|___/=/_/_/_/
 :: Spring Boot ::                (v2.6.3)

2024-04-21 19:27:35.765  INFO 66070 --- [           main] s.c.k.f.c.Fabric8ConfigMapPropertySource : Loading ConfigMap with name 'configmap-mixed-example' in namespace 'test'
2024-04-21 19:27:35.767  INFO 66070 --- [127.0.0.1:55438] okhttp3.mockwebserver.MockWebServer      : MockWebServer[55971] received request: GET /api/v1/namespaces/test/configmaps/configmap-mixed-example HTTP/1.1 and responded: HTTP/1.1 200 OK
2024-04-21 19:27:35.771  INFO 66070 --- [           main] b.c.PropertySourceBootstrapConfiguration : Located property source: [BootstrapPropertySource {name='bootstrapProperties-/tmp/scktests/application-path.yaml'}, BootstrapPropertySource {name='bootstrapProperties-configmap.configmap-mixed-example.test'}]
2024-04-21 19:27:35.774  WARN 66070 --- [           main] ubernetesProfileEnvironmentPostProcessor : Not running inside kubernetes. Skipping 'kubernetes' profile activation.
2024-04-21 19:27:35.775  INFO 66070 --- [           main] o.s.c.k.f.config.ConfigMapsMixedTests    : No active profile set, falling back to default profiles: default
2024-04-21 19:27:35.953  INFO 66070 --- [           main] o.s.cloud.context.scope.GenericScope     : BeanFactory id=e369cf40-d234-36e2-a4dc-38329760186f
2024-04-21 19:27:36.040  INFO 66070 --- [           main] o.s.b.w.embedded.tomcat.TomcatWebServer  : Tomcat initialized with port(s): 0 (http)
2024-04-21 19:27:36.041  INFO 66070 --- [           main] o.apache.catalina.core.StandardService   : Starting service [Tomcat]
2024-04-21 19:27:36.041  INFO 66070 --- [           main] org.apache.catalina.core.StandardEngine  : Starting Servlet engine: [Apache Tomcat/9.0.56]
2024-04-21 19:27:36.052  INFO 66070 --- [           main] o.a.c.c.C.[Tomcat-4].[localhost].[/]     : Initializing Spring embedded WebApplicationContext
2024-04-21 19:27:36.052  INFO 66070 --- [           main] w.s.c.ServletWebServerApplicationContext : Root WebApplicationContext: initialization completed in 276 ms
2024-04-21 19:27:36.631  INFO 66070 --- [           main] o.s.b.a.e.web.EndpointLinksResolver      : Exposing 1 endpoint(s) beneath base path '/actuator'
2024-04-21 19:27:36.670  INFO 66070 --- [           main] o.s.b.w.embedded.tomcat.TomcatWebServer  : Tomcat started on port(s): 43391 (http) with context path ''
2024-04-21 19:27:36.676  INFO 66070 --- [           main] o.s.c.k.f.config.ConfigMapsMixedTests    : Started ConfigMapsMixedTests in 1.053 seconds (JVM running for 18.206)
2024-04-21 19:27:36.685  INFO 66070 --- [WebServer 53239] okhttp3.mockwebserver.MockWebServer      : MockWebServer[53239] starting to accept connections
2024-04-21 19:27:36.692  INFO 66070 --- [o-auto-5-exec-1] o.a.c.c.C.[Tomcat-4].[localhost].[/]     : Initializing Spring DispatcherServlet 'dispatcherServlet'
2024-04-21 19:27:36.692  INFO 66070 --- [o-auto-5-exec-1] o.s.web.servlet.DispatcherServlet        : Initializing Servlet 'dispatcherServlet'
2024-04-21 19:27:36.693  INFO 66070 --- [o-auto-5-exec-1] o.s.web.servlet.DispatcherServlet        : Completed initialization in 1 ms
2024-04-21 19:27:36.704  INFO 66070 --- [WebServer 53239] okhttp3.mockwebserver.MockWebServer      : MockWebServer[53239] done accepting connections: Socket closed
2024-04-21 19:27:36.708  INFO 66070 --- [WebServer 53267] okhttp3.mockwebserver.MockWebServer      : MockWebServer[53267] starting to accept connections
2024-04-21 19:27:36.711  INFO 66070 --- [WebServer 38167] okhttp3.mockwebserver.MockWebServer      : MockWebServer[38167] starting to accept connections
2024-04-21 19:27:36.712  INFO 66070 --- [           main] s.c.k.f.c.Fabric8ConfigMapPropertySource : Loading ConfigMap with name 'configmap' in namespace 'namespace'
2024-04-21 19:27:36.712  WARN 66070 --- [           main] s.c.k.f.c.Fabric8ConfigMapPropertySource : Can't read configMap with name: [configmap] in namespace: [namespace]. Ignoring.

java.lang.NullPointerException: null
	at org.springframework.cloud.kubernetes.fabric8.config.Fabric8ConfigUtils.getConfigMapData(Fabric8ConfigUtils.java:118)
	at org.springframework.cloud.kubernetes.fabric8.config.Fabric8ConfigMapPropertySource.getData(Fabric8ConfigMapPropertySource.java:79)
	at org.springframework.cloud.kubernetes.fabric8.config.Fabric8ConfigMapPropertySource.<init>(Fabric8ConfigMapPropertySource.java:63)
	at org.springframework.cloud.kubernetes.fabric8.config.Fabric8ConfigMapPropertySourceTests.constructorWithClientNamespaceMustNotFail(Fabric8ConfigMapPropertySourceTests.java:118)
	at sun.reflect.NativeMethodAccessorImpl.invoke0(Native Method)
	at sun.reflect.NativeMethodAccessorImpl.invoke(NativeMethodAccessorImpl.java:62)
	at sun.reflect.DelegatingMethodAccessorImpl.invoke(DelegatingMethodAccessorImpl.java:43)
	at java.lang.reflect.Method.invoke(Method.java:498)
	at org.junit.platform.commons.util.ReflectionUtils.invokeMethod(ReflectionUtils.java:725)
	at org.junit.jupiter.engine.execution.MethodInvocation.proceed(MethodInvocation.java:60)
	at org.junit.jupiter.engine.execution.InvocationInterceptorChain$ValidatingInvocation.proceed(InvocationInterceptorChain.java:131)
	at org.junit.jupiter.engine.extension.TimeoutExtension.intercept(TimeoutExtension.java:149)
	at org.junit.jupiter.engine.extension.TimeoutExtension.interceptTestableMethod(TimeoutExtension.java:140)
	at org.junit.jupiter.engine.extension.TimeoutExtension.interceptTestMethod(TimeoutExtension.java:84)
	at org.junit.jupiter.engine.execution.ExecutableInvoker$ReflectiveInterceptorCall.lambda$ofVoidMethod$0(ExecutableInvoker.java:115)
	at org.junit.jupiter.engine.execution.ExecutableInvoker.lambda$invoke$0(ExecutableInvoker.java:105)
	at org.junit.jupiter.engine.execution.InvocationInterceptorChain$InterceptedInvocation.proceed(InvocationInterceptorChain.java:106)
	at org.junit.jupiter.engine.execution.InvocationInterceptorChain.proceed(InvocationInterceptorChain.java:64)
	at org.junit.jupiter.engine.execution.InvocationInterceptorChain.chainAndInvoke(InvocationInterceptorChain.java:45)
	at org.junit.jupiter.engine.execution.InvocationInterceptorChain.invoke(InvocationInterceptorChain.java:37)
	at org.junit.jupiter.engine.execution.ExecutableInvoker.invoke(ExecutableInvoker.java:104)
	at org.junit.jupiter.engine.execution.ExecutableInvoker.invoke(ExecutableInvoker.java:98)
	at org.junit.jupiter.engine.descriptor.TestMethodTestDescriptor.lambda$invokeTestMethod$7(TestMethodTestDescriptor.java:214)
	at org.junit.platform.engine.support.hierarchical.ThrowableCollector.execute(ThrowableCollector.java:73)
	at org.junit.jupiter.engine.descriptor.TestMethodTestDescriptor.invokeTestMethod(TestMethodTestDescriptor.java:210)
	at org.junit.jupiter.engine.descriptor.TestMethodTestDescriptor.execute(TestMethodTestDescriptor.java:135)
	at org.junit.jupiter.engine.descriptor.TestMethodTestDescriptor.execute(TestMethodTestDescriptor.java:66)
	at org.junit.platform.engine.support.hierarchical.NodeTestTask.lambda$executeRecursively$6(NodeTestTask.java:151)
	at org.junit.platform.engine.support.hierarchical.ThrowableCollector.execute(ThrowableCollector.java:73)
	at org.junit.platform.engine.support.hierarchical.NodeTestTask.lambda$executeRecursively$8(NodeTestTask.java:141)
	at org.junit.platform.engine.support.hierarchical.Node.around(Node.java:137)
	at org.junit.platform.engine.support.hierarchical.NodeTestTask.lambda$executeRecursively$9(NodeTestTask.java:139)
	at org.junit.platform.engine.support.hierarchical.ThrowableCollector.execute(ThrowableCollector.java:73)
	at org.junit.platform.engine.support.hierarchical.NodeTestTask.executeRecursively(NodeTestTask.java:138)
	at org.junit.platform.engine.support.hierarchical.NodeTestTask.execute(NodeTestTask.java:95)
	at java.util.ArrayList.forEach(ArrayList.java:1259)
	at org.junit.platform.engine.support.hierarchical.SameThreadHierarchicalTestExecutorService.invokeAll(SameThreadHierarchicalTestExecutorService.java:41)
	at org.junit.platform.engine.support.hierarchical.NodeTestTask.lambda$executeRecursively$6(NodeTestTask.java:155)
	at org.junit.platform.engine.support.hierarchical.ThrowableCollector.execute(ThrowableCollector.java:73)
	at org.junit.platform.engine.support.hierarchical.NodeTestTask.lambda$executeRecursively$8(NodeTestTask.java:141)
	at org.junit.platform.engine.support.hierarchical.Node.around(Node.java:137)
	at org.junit.platform.engine.support.hierarchical.NodeTestTask.lambda$executeRecursively$9(NodeTestTask.java:139)
	at org.junit.platform.engine.support.hierarchical.ThrowableCollector.execute(ThrowableCollector.java:73)
	at org.junit.platform.engine.support.hierarchical.NodeTestTask.executeRecursively(NodeTestTask.java:138)
	at org.junit.platform.engine.support.hierarchical.NodeTestTask.execute(NodeTestTask.java:95)
	at java.util.ArrayList.forEach(ArrayList.java:1259)
	at org.junit.platform.engine.support.hierarchical.SameThreadHierarchicalTestExecutorService.invokeAll(SameThreadHierarchicalTestExecutorService.java:41)
	at org.junit.platform.engine.support.hierarchical.NodeTestTask.lambda$executeRecursively$6(NodeTestTask.java:155)
	at org.junit.platform.engine.support.hierarchical.ThrowableCollector.execute(ThrowableCollector.java:73)
	at org.junit.platform.engine.support.hierarchical.NodeTestTask.lambda$executeRecursively$8(NodeTestTask.java:141)
	at org.junit.platform.engine.support.hierarchical.Node.around(Node.java:137)
	at org.junit.platform.engine.support.hierarchical.NodeTestTask.lambda$executeRecursively$9(NodeTestTask.java:139)
	at org.junit.platform.engine.support.hierarchical.ThrowableCollector.execute(ThrowableCollector.java:73)
	at org.junit.platform.engine.support.hierarchical.NodeTestTask.executeRecursively(NodeTestTask.java:138)
	at org.junit.platform.engine.support.hierarchical.NodeTestTask.execute(NodeTestTask.java:95)
	at org.junit.platform.engine.support.hierarchical.SameThreadHierarchicalTestExecutorService.submit(SameThreadHierarchicalTestExecutorService.java:35)
	at org.junit.platform.engine.support.hierarchical.HierarchicalTestExecutor.execute(HierarchicalTestExecutor.java:57)
	at org.junit.platform.engine.support.hierarchical.HierarchicalTestEngine.execute(HierarchicalTestEngine.java:54)
	at org.junit.platform.launcher.core.DefaultLauncher.execute(DefaultLauncher.java:170)
	at org.junit.platform.launcher.core.DefaultLauncher.execute(DefaultLauncher.java:154)
	at org.junit.platform.launcher.core.DefaultLauncher.execute(DefaultLauncher.java:90)
	at edu.illinois.cs.testrunner.execution.JUnit5TestExecutor.runTestsSeparately(JUnit5TestExecutor.java:40)
	at edu.illinois.cs.testrunner.execution.Executor$.$anonfun$run$1(Executor.scala:33)
	at scala.runtime.java8.JFunction0$mcV$sp.apply(JFunction0$mcV$sp.java:12)
	at scala.util.Try$.apply(Try.scala:209)
	at edu.illinois.cs.testrunner.execution.Executor$.run(Executor.scala:28)
	at edu.illinois.cs.testrunner.execution.Executor$.main(Executor.scala:18)
	at edu.illinois.cs.testrunner.execution.Executor.main(Executor.scala)

2024-04-21 19:27:36.713  INFO 66070 --- [WebServer 38167] okhttp3.mockwebserver.MockWebServer      : MockWebServer[38167] done accepting connections: Socket closed
2024-04-21 19:27:36.716  INFO 66070 --- [           main] .b.t.c.SpringBootTestContextBootstrapper : Neither @ContextConfiguration nor @ContextHierarchy found for test class [org.springframework.cloud.kubernetes.fabric8.config.ConfigMapWithIncludeProfileSpecificSourcesTests], using SpringBootContextLoader
2024-04-21 19:27:36.717  INFO 66070 --- [           main] o.s.t.c.support.AbstractContextLoader    : Could not detect default resource locations for test class [org.springframework.cloud.kubernetes.fabric8.config.ConfigMapWithIncludeProfileSpecificSourcesTests]: no resource found for suffixes {-context.xml, Context.groovy}.
2024-04-21 19:27:36.719  INFO 66070 --- [           main] .b.t.c.SpringBootTestContextBootstrapper : Loaded default TestExecutionListener class names from location [META-INF/spring.factories]: [org.springframework.boot.test.mock.mockito.MockitoTestExecutionListener, org.springframework.boot.test.mock.mockito.ResetMocksTestExecutionListener, org.springframework.boot.test.autoconfigure.restdocs.RestDocsTestExecutionListener, org.springframework.boot.test.autoconfigure.web.client.MockRestServiceServerResetTestExecutionListener, org.springframework.boot.test.autoconfigure.web.servlet.MockMvcPrintOnlyOnFailureTestExecutionListener, org.springframework.boot.test.autoconfigure.web.servlet.WebDriverTestExecutionListener, org.springframework.boot.test.autoconfigure.webservices.client.MockWebServiceServerTestExecutionListener, org.springframework.test.context.web.ServletTestExecutionListener, org.springframework.test.context.support.DirtiesContextBeforeModesTestExecutionListener, org.springframework.test.context.event.ApplicationEventsTestExecutionListener, org.springframework.test.context.support.DependencyInjectionTestExecutionListener, org.springframework.test.context.support.DirtiesContextTestExecutionListener, org.springframework.test.context.transaction.TransactionalTestExecutionListener, org.springframework.test.context.jdbc.SqlScriptsTestExecutionListener, org.springframework.test.context.event.EventPublishingTestExecutionListener, org.spockframework.spring.SpringMockTestExecutionListener]
2024-04-21 19:27:36.720  INFO 66070 --- [           main] .b.t.c.SpringBootTestContextBootstrapper : Using TestExecutionListeners: [org.springframework.test.context.web.ServletTestExecutionListener@7225583d, org.springframework.test.context.support.DirtiesContextBeforeModesTestExecutionListener@5fe7454c, org.springframework.test.context.event.ApplicationEventsTestExecutionListener@5e92a27, org.springframework.boot.test.mock.mockito.MockitoTestExecutionListener@297db6ad, org.springframework.boot.test.autoconfigure.SpringBootDependencyInjectionTestExecutionListener@71c1e70f, org.springframework.test.context.support.DirtiesContextTestExecutionListener@1469015e, org.springframework.test.context.event.EventPublishingTestExecutionListener@581da9e6, org.springframework.boot.test.mock.mockito.ResetMocksTestExecutionListener@1c11a496, org.springframework.boot.test.autoconfigure.restdocs.RestDocsTestExecutionListener@6296c184, org.springframework.boot.test.autoconfigure.web.client.MockRestServiceServerResetTestExecutionListener@3ea95f79, org.springframework.boot.test.autoconfigure.web.servlet.MockMvcPrintOnlyOnFailureTestExecutionListener@bce93d3, org.springframework.boot.test.autoconfigure.web.servlet.WebDriverTestExecutionListener@1a6ab328, org.springframework.boot.test.autoconfigure.webservices.client.MockWebServiceServerTestExecutionListener@4e24db00, org.spockframework.spring.SpringMockTestExecutionListener@3a02172a]
2024-04-21 19:27:36.722  INFO 66070 --- [WebServer 58383] okhttp3.mockwebserver.MockWebServer      : MockWebServer[58383] starting to accept connections
2024-04-21 19:27:36.725  INFO 66070 --- [127.0.0.1:51008] okhttp3.mockwebserver.MockWebServer      : MockWebServer[58383] received request: POST /api/v1/namespaces/spring-k8s/configmaps HTTP/1.1 and responded: HTTP/1.1 200 OK
2024-04-21 19:27:36.733  INFO 66070 --- [127.0.0.1:51008] okhttp3.mockwebserver.MockWebServer      : MockWebServer[58383] received request: POST /api/v1/namespaces/spring-k8s/configmaps HTTP/1.1 and responded: HTTP/1.1 200 OK
2024-04-21 19:27:36.778  INFO 66070 --- [127.0.0.1:51008] okhttp3.mockwebserver.MockWebServer      : MockWebServer[58383] received request: POST /api/v1/namespaces/spring-k8s/configmaps HTTP/1.1 and responded: HTTP/1.1 200 OK
2024-04-21 19:27:36.826  INFO 66070 --- [127.0.0.1:51008] okhttp3.mockwebserver.MockWebServer      : MockWebServer[58383] received request: POST /api/v1/namespaces/spring-k8s/configmaps HTTP/1.1 and responded: HTTP/1.1 200 OK
2024-04-21 19:27:36.874  INFO 66070 --- [127.0.0.1:51008] okhttp3.mockwebserver.MockWebServer      : MockWebServer[58383] received request: POST /api/v1/namespaces/spring-k8s/configmaps HTTP/1.1 and responded: HTTP/1.1 200 OK
2024-04-21 19:27:36.984  WARN 66070 --- [           main] ubernetesProfileEnvironmentPostProcessor : Not running inside kubernetes. Skipping 'kubernetes' profile activation.

  .   ____          _            __ _ _
 /\\ / ___'_ __ _ _(_)_ __  __ _ \ \ \ \
( ( )\___ | '_ | '_| | '_ \/ _` | \ \ \ \
 \\/  ___)| |_)| | | | | || (_| |  ) ) ) )
  '  |____| .__|_| |_|_| |_\__, | / / / /
 =========|_|==============|___/=/_/_/_/
 :: Spring Boot ::                (v2.6.3)

2024-04-21 19:27:37.056  INFO 66070 --- [           main] s.c.k.f.c.Fabric8ConfigMapPropertySource : Loading ConfigMap with name 'config-map-one' in namespace 'spring-k8s'
2024-04-21 19:27:37.059  INFO 66070 --- [127.0.0.1:51010] okhttp3.mockwebserver.MockWebServer      : MockWebServer[58383] received request: GET /api/v1/namespaces/spring-k8s/configmaps/config-map-one HTTP/1.1 and responded: HTTP/1.1 404 Client Error
2024-04-21 19:27:37.060  INFO 66070 --- [           main] o.s.c.k.f.config.Fabric8ConfigUtils      : config-map with name : 'config-map-one' not present in namespace : 'spring-k8s'
2024-04-21 19:27:37.063  INFO 66070 --- [127.0.0.1:51010] okhttp3.mockwebserver.MockWebServer      : MockWebServer[58383] received request: GET /api/v1/namespaces/spring-k8s/configmaps/config-map-one-dev HTTP/1.1 and responded: HTTP/1.1 200 OK
2024-04-21 19:27:37.104  INFO 66070 --- [           main] s.c.k.f.c.Fabric8ConfigMapPropertySource : Loading ConfigMap with name 'config-map-two' in namespace 'spring-k8s'
2024-04-21 19:27:37.105  INFO 66070 --- [127.0.0.1:51010] okhttp3.mockwebserver.MockWebServer      : MockWebServer[58383] received request: GET /api/v1/namespaces/spring-k8s/configmaps/config-map-two HTTP/1.1 and responded: HTTP/1.1 200 OK
2024-04-21 19:27:37.147  INFO 66070 --- [           main] s.c.k.f.c.Fabric8ConfigMapPropertySource : Loading ConfigMap with name 'config-map-three' in namespace 'spring-k8s'
2024-04-21 19:27:37.148  INFO 66070 --- [127.0.0.1:51010] okhttp3.mockwebserver.MockWebServer      : MockWebServer[58383] received request: GET /api/v1/namespaces/spring-k8s/configmaps/config-map-three HTTP/1.1 and responded: HTTP/1.1 200 OK
2024-04-21 19:27:37.189  INFO 66070 --- [           main] b.c.PropertySourceBootstrapConfiguration : Located property source: [BootstrapPropertySource {name='bootstrapProperties-configmap.config-map-three.spring-k8s'}, BootstrapPropertySource {name='bootstrapProperties-configmap.config-map-two.spring-k8s'}, BootstrapPropertySource {name='bootstrapProperties-configmap.config-map-one.spring-k8s'}]
2024-04-21 19:27:37.197  WARN 66070 --- [           main] ubernetesProfileEnvironmentPostProcessor : Not running inside kubernetes. Skipping 'kubernetes' profile activation.
2024-04-21 19:27:37.198  INFO 66070 --- [           main] apWithIncludeProfileSpecificSourcesTests : The following profiles are active: dev
2024-04-21 19:27:37.395  INFO 66070 --- [           main] o.s.cloud.context.scope.GenericScope     : BeanFactory id=25e932e5-66c9-3368-9666-2d7e7b1ab398
2024-04-21 19:27:37.497  INFO 66070 --- [           main] o.s.b.w.embedded.tomcat.TomcatWebServer  : Tomcat initialized with port(s): 0 (http)
2024-04-21 19:27:37.498  INFO 66070 --- [           main] o.apache.catalina.core.StandardService   : Starting service [Tomcat]
2024-04-21 19:27:37.499  INFO 66070 --- [           main] org.apache.catalina.core.StandardEngine  : Starting Servlet engine: [Apache Tomcat/9.0.56]
2024-04-21 19:27:37.510  INFO 66070 --- [           main] o.a.c.c.C.[Tomcat-5].[localhost].[/]     : Initializing Spring embedded WebApplicationContext
2024-04-21 19:27:37.510  INFO 66070 --- [           main] w.s.c.ServletWebServerApplicationContext : Root WebApplicationContext: initialization completed in 310 ms
2024-04-21 19:27:38.052  INFO 66070 --- [           main] o.s.b.a.e.web.EndpointLinksResolver      : Exposing 1 endpoint(s) beneath base path '/actuator'
2024-04-21 19:27:38.091  INFO 66070 --- [           main] o.s.b.w.embedded.tomcat.TomcatWebServer  : Tomcat started on port(s): 40981 (http) with context path ''
2024-04-21 19:27:38.097  INFO 66070 --- [           main] apWithIncludeProfileSpecificSourcesTests : Started ConfigMapWithIncludeProfileSpecificSourcesTests in 1.179 seconds (JVM running for 19.628)
2024-04-21 19:27:38.108  INFO 66070 --- [WebServer 33711] okhttp3.mockwebserver.MockWebServer      : MockWebServer[33711] starting to accept connections
2024-04-21 19:27:38.116  INFO 66070 --- [o-auto-6-exec-1] o.a.c.c.C.[Tomcat-5].[localhost].[/]     : Initializing Spring DispatcherServlet 'dispatcherServlet'
2024-04-21 19:27:38.116  INFO 66070 --- [o-auto-6-exec-1] o.s.web.servlet.DispatcherServlet        : Initializing Servlet 'dispatcherServlet'
2024-04-21 19:27:38.117  INFO 66070 --- [o-auto-6-exec-1] o.s.web.servlet.DispatcherServlet        : Completed initialization in 1 ms
2024-04-21 19:27:38.123  INFO 66070 --- [WebServer 33711] okhttp3.mockwebserver.MockWebServer      : MockWebServer[33711] done accepting connections: Socket closed
2024-04-21 19:27:38.127  INFO 66070 --- [           main] .b.t.c.SpringBootTestContextBootstrapper : Neither @ContextConfiguration nor @ContextHierarchy found for test class [org.springframework.cloud.kubernetes.fabric8.config.ConfigMapsWithProfileExpressionTests], using SpringBootContextLoader
2024-04-21 19:27:38.128  INFO 66070 --- [           main] o.s.t.c.support.AbstractContextLoader    : Could not detect default resource locations for test class [org.springframework.cloud.kubernetes.fabric8.config.ConfigMapsWithProfileExpressionTests]: no resource found for suffixes {-context.xml, Context.groovy}.
2024-04-21 19:27:38.130  INFO 66070 --- [           main] .b.t.c.SpringBootTestContextBootstrapper : Loaded default TestExecutionListener class names from location [META-INF/spring.factories]: [org.springframework.boot.test.mock.mockito.MockitoTestExecutionListener, org.springframework.boot.test.mock.mockito.ResetMocksTestExecutionListener, org.springframework.boot.test.autoconfigure.restdocs.RestDocsTestExecutionListener, org.springframework.boot.test.autoconfigure.web.client.MockRestServiceServerResetTestExecutionListener, org.springframework.boot.test.autoconfigure.web.servlet.MockMvcPrintOnlyOnFailureTestExecutionListener, org.springframework.boot.test.autoconfigure.web.servlet.WebDriverTestExecutionListener, org.springframework.boot.test.autoconfigure.webservices.client.MockWebServiceServerTestExecutionListener, org.springframework.test.context.web.ServletTestExecutionListener, org.springframework.test.context.support.DirtiesContextBeforeModesTestExecutionListener, org.springframework.test.context.event.ApplicationEventsTestExecutionListener, org.springframework.test.context.support.DependencyInjectionTestExecutionListener, org.springframework.test.context.support.DirtiesContextTestExecutionListener, org.springframework.test.context.transaction.TransactionalTestExecutionListener, org.springframework.test.context.jdbc.SqlScriptsTestExecutionListener, org.springframework.test.context.event.EventPublishingTestExecutionListener, org.spockframework.spring.SpringMockTestExecutionListener]
2024-04-21 19:27:38.131  INFO 66070 --- [           main] .b.t.c.SpringBootTestContextBootstrapper : Using TestExecutionListeners: [org.springframework.test.context.web.ServletTestExecutionListener@2762bd70, org.springframework.test.context.support.DirtiesContextBeforeModesTestExecutionListener@b94c22d, org.springframework.test.context.event.ApplicationEventsTestExecutionListener@5fb4870b, org.springframework.boot.test.mock.mockito.MockitoTestExecutionListener@4e8036bb, org.springframework.boot.test.autoconfigure.SpringBootDependencyInjectionTestExecutionListener@7c3b8b26, org.springframework.test.context.support.DirtiesContextTestExecutionListener@5113ab26, org.springframework.test.context.event.EventPublishingTestExecutionListener@2a64e2d0, org.springframework.boot.test.mock.mockito.ResetMocksTestExecutionListener@651e3cc9, org.springframework.boot.test.autoconfigure.restdocs.RestDocsTestExecutionListener@45dce9f7, org.springframework.boot.test.autoconfigure.web.client.MockRestServiceServerResetTestExecutionListener@9da20f1, org.springframework.boot.test.autoconfigure.web.servlet.MockMvcPrintOnlyOnFailureTestExecutionListener@4a52178, org.springframework.boot.test.autoconfigure.web.servlet.WebDriverTestExecutionListener@10c9bd51, org.springframework.boot.test.autoconfigure.webservices.client.MockWebServiceServerTestExecutionListener@32787dee, org.spockframework.spring.SpringMockTestExecutionListener@6afd0ef8]
2024-04-21 19:27:38.133  INFO 66070 --- [WebServer 41869] okhttp3.mockwebserver.MockWebServer      : MockWebServer[41869] starting to accept connections
2024-04-21 19:27:38.137  INFO 66070 --- [127.0.0.1:54526] okhttp3.mockwebserver.MockWebServer      : MockWebServer[41869] received request: POST /api/v1/namespaces/test/configmaps HTTP/1.1 and responded: HTTP/1.1 200 OK
2024-04-21 19:27:38.191  WARN 66070 --- [           main] ubernetesProfileEnvironmentPostProcessor : Not running inside kubernetes. Skipping 'kubernetes' profile activation.

  .   ____          _            __ _ _
 /\\ / ___'_ __ _ _(_)_ __  __ _ \ \ \ \
( ( )\___ | '_ | '_| | '_ \/ _` | \ \ \ \
 \\/  ___)| |_)| | | | | || (_| |  ) ) ) )
  '  |____| .__|_| |_|_| |_\__, | / / / /
 =========|_|==============|___/=/_/_/_/
 :: Spring Boot ::                (v2.6.3)

2024-04-21 19:27:38.310  INFO 66070 --- [           main] s.c.k.f.c.Fabric8ConfigMapPropertySource : Loading ConfigMap with name 'configmap-with-profile-example' in namespace 'test'
2024-04-21 19:27:38.313  INFO 66070 --- [127.0.0.1:54528] okhttp3.mockwebserver.MockWebServer      : MockWebServer[41869] received request: GET /api/v1/namespaces/test/configmaps/configmap-with-profile-example HTTP/1.1 and responded: HTTP/1.1 200 OK
2024-04-21 19:27:38.318  INFO 66070 --- [127.0.0.1:54528] okhttp3.mockwebserver.MockWebServer      : MockWebServer[41869] received request: GET /api/v1/namespaces/test/configmaps/configmap-with-profile-example-production HTTP/1.1 and responded: HTTP/1.1 404 Client Error
2024-04-21 19:27:38.319  INFO 66070 --- [           main] o.s.c.k.f.config.Fabric8ConfigUtils      : config-map with name : 'configmap-with-profile-example-production' not present in namespace : 'test'
2024-04-21 19:27:38.320  INFO 66070 --- [127.0.0.1:54528] okhttp3.mockwebserver.MockWebServer      : MockWebServer[41869] received request: GET /api/v1/namespaces/test/configmaps/configmap-with-profile-example-us-east HTTP/1.1 and responded: HTTP/1.1 404 Client Error
2024-04-21 19:27:38.321  INFO 66070 --- [           main] o.s.c.k.f.config.Fabric8ConfigUtils      : config-map with name : 'configmap-with-profile-example-us-east' not present in namespace : 'test'
2024-04-21 19:27:38.321  INFO 66070 --- [           main] b.c.PropertySourceBootstrapConfiguration : Located property source: [BootstrapPropertySource {name='bootstrapProperties-configmap.configmap-with-profile-example.test'}]
2024-04-21 19:27:38.324  WARN 66070 --- [           main] ubernetesProfileEnvironmentPostProcessor : Not running inside kubernetes. Skipping 'kubernetes' profile activation.
2024-04-21 19:27:38.325  INFO 66070 --- [           main] f.c.ConfigMapsWithProfileExpressionTests : The following profiles are active: production,us-east
2024-04-21 19:27:38.498  INFO 66070 --- [           main] o.s.cloud.context.scope.GenericScope     : BeanFactory id=affffd22-e438-321b-a0d0-967c2140a2e8
2024-04-21 19:27:38.581  INFO 66070 --- [           main] o.s.b.w.embedded.tomcat.TomcatWebServer  : Tomcat initialized with port(s): 0 (http)
2024-04-21 19:27:38.581  INFO 66070 --- [           main] o.apache.catalina.core.StandardService   : Starting service [Tomcat]
2024-04-21 19:27:38.582  INFO 66070 --- [           main] org.apache.catalina.core.StandardEngine  : Starting Servlet engine: [Apache Tomcat/9.0.56]
2024-04-21 19:27:38.592  INFO 66070 --- [           main] o.a.c.c.C.[Tomcat-6].[localhost].[/]     : Initializing Spring embedded WebApplicationContext
2024-04-21 19:27:38.592  INFO 66070 --- [           main] w.s.c.ServletWebServerApplicationContext : Root WebApplicationContext: initialization completed in 266 ms
2024-04-21 19:27:39.129  INFO 66070 --- [           main] o.s.b.a.e.web.EndpointLinksResolver      : Exposing 1 endpoint(s) beneath base path '/actuator'
2024-04-21 19:27:39.188  INFO 66070 --- [           main] o.s.b.w.embedded.tomcat.TomcatWebServer  : Tomcat started on port(s): 33957 (http) with context path ''
2024-04-21 19:27:39.193  INFO 66070 --- [           main] f.c.ConfigMapsWithProfileExpressionTests : Started ConfigMapsWithProfileExpressionTests in 1.055 seconds (JVM running for 20.724)
2024-04-21 19:27:39.205  INFO 66070 --- [WebServer 37355] okhttp3.mockwebserver.MockWebServer      : MockWebServer[37355] starting to accept connections
2024-04-21 19:27:39.212  INFO 66070 --- [o-auto-7-exec-1] o.a.c.c.C.[Tomcat-6].[localhost].[/]     : Initializing Spring DispatcherServlet 'dispatcherServlet'
2024-04-21 19:27:39.212  INFO 66070 --- [o-auto-7-exec-1] o.s.web.servlet.DispatcherServlet        : Initializing Servlet 'dispatcherServlet'
2024-04-21 19:27:39.213  INFO 66070 --- [o-auto-7-exec-1] o.s.web.servlet.DispatcherServlet        : Completed initialization in 1 ms
2024-04-21 19:27:39.221  INFO 66070 --- [WebServer 37355] okhttp3.mockwebserver.MockWebServer      : MockWebServer[37355] done accepting connections: Socket closed
2024-04-21 19:27:39.223  INFO 66070 --- [           main] .b.t.c.SpringBootTestContextBootstrapper : Neither @ContextConfiguration nor @ContextHierarchy found for test class [org.springframework.cloud.kubernetes.fabric8.config.ConfigMapWithPrefixTests], using SpringBootContextLoader
2024-04-21 19:27:39.224  INFO 66070 --- [           main] o.s.t.c.support.AbstractContextLoader    : Could not detect default resource locations for test class [org.springframework.cloud.kubernetes.fabric8.config.ConfigMapWithPrefixTests]: no resource found for suffixes {-context.xml, Context.groovy}.
2024-04-21 19:27:39.226  INFO 66070 --- [           main] .b.t.c.SpringBootTestContextBootstrapper : Loaded default TestExecutionListener class names from location [META-INF/spring.factories]: [org.springframework.boot.test.mock.mockito.MockitoTestExecutionListener, org.springframework.boot.test.mock.mockito.ResetMocksTestExecutionListener, org.springframework.boot.test.autoconfigure.restdocs.RestDocsTestExecutionListener, org.springframework.boot.test.autoconfigure.web.client.MockRestServiceServerResetTestExecutionListener, org.springframework.boot.test.autoconfigure.web.servlet.MockMvcPrintOnlyOnFailureTestExecutionListener, org.springframework.boot.test.autoconfigure.web.servlet.WebDriverTestExecutionListener, org.springframework.boot.test.autoconfigure.webservices.client.MockWebServiceServerTestExecutionListener, org.springframework.test.context.web.ServletTestExecutionListener, org.springframework.test.context.support.DirtiesContextBeforeModesTestExecutionListener, org.springframework.test.context.event.ApplicationEventsTestExecutionListener, org.springframework.test.context.support.DependencyInjectionTestExecutionListener, org.springframework.test.context.support.DirtiesContextTestExecutionListener, org.springframework.test.context.transaction.TransactionalTestExecutionListener, org.springframework.test.context.jdbc.SqlScriptsTestExecutionListener, org.springframework.test.context.event.EventPublishingTestExecutionListener, org.spockframework.spring.SpringMockTestExecutionListener]
2024-04-21 19:27:39.227  INFO 66070 --- [           main] .b.t.c.SpringBootTestContextBootstrapper : Using TestExecutionListeners: [org.springframework.test.context.web.ServletTestExecutionListener@28e2d3ed, org.springframework.test.context.support.DirtiesContextBeforeModesTestExecutionListener@6e245068, org.springframework.test.context.event.ApplicationEventsTestExecutionListener@aba4a33, org.springframework.boot.test.mock.mockito.MockitoTestExecutionListener@1bb1ba54, org.springframework.boot.test.autoconfigure.SpringBootDependencyInjectionTestExecutionListener@25727f74, org.springframework.test.context.support.DirtiesContextTestExecutionListener@6999dca2, org.springframework.test.context.event.EventPublishingTestExecutionListener@312af870, org.springframework.boot.test.mock.mockito.ResetMocksTestExecutionListener@27df971b, org.springframework.boot.test.autoconfigure.restdocs.RestDocsTestExecutionListener@1160c54b, org.springframework.boot.test.autoconfigure.web.client.MockRestServiceServerResetTestExecutionListener@363b7709, org.springframework.boot.test.autoconfigure.web.servlet.MockMvcPrintOnlyOnFailureTestExecutionListener@5034e0c6, org.springframework.boot.test.autoconfigure.web.servlet.WebDriverTestExecutionListener@b88d294, org.springframework.boot.test.autoconfigure.webservices.client.MockWebServiceServerTestExecutionListener@1cd50433, org.spockframework.spring.SpringMockTestExecutionListener@71bbbb9f]
2024-04-21 19:27:39.229  INFO 66070 --- [WebServer 50435] okhttp3.mockwebserver.MockWebServer      : MockWebServer[50435] starting to accept connections
2024-04-21 19:27:39.232  INFO 66070 --- [127.0.0.1:51682] okhttp3.mockwebserver.MockWebServer      : MockWebServer[50435] received request: POST /api/v1/namespaces/spring-k8s/configmaps HTTP/1.1 and responded: HTTP/1.1 200 OK
2024-04-21 19:27:39.236  INFO 66070 --- [127.0.0.1:51682] okhttp3.mockwebserver.MockWebServer      : MockWebServer[50435] received request: POST /api/v1/namespaces/spring-k8s/configmaps HTTP/1.1 and responded: HTTP/1.1 200 OK
2024-04-21 19:27:39.281  INFO 66070 --- [127.0.0.1:51682] okhttp3.mockwebserver.MockWebServer      : MockWebServer[50435] received request: POST /api/v1/namespaces/spring-k8s/configmaps HTTP/1.1 and responded: HTTP/1.1 200 OK
2024-04-21 19:27:39.333  INFO 66070 --- [WebServer 50411] okhttp3.mockwebserver.MockWebServer      : MockWebServer[50411] starting to accept connections
2024-04-21 19:27:39.361  INFO 66070 --- [WebServer 50411] okhttp3.mockwebserver.MockWebServer      : MockWebServer[50411] done accepting connections: Socket closed
2024-04-21 19:27:39.371  INFO 66070 --- [WebServer 33657] okhttp3.mockwebserver.MockWebServer      : MockWebServer[33657] starting to accept connections
2024-04-21 19:27:39.374  INFO 66070 --- [WebServer 39761] okhttp3.mockwebserver.MockWebServer      : MockWebServer[39761] starting to accept connections
2024-04-21 19:27:39.418  WARN 66070 --- [           main] ubernetesProfileEnvironmentPostProcessor : Not running inside kubernetes. Skipping 'kubernetes' profile activation.

  .   ____          _            __ _ _
 /\\ / ___'_ __ _ _(_)_ __  __ _ \ \ \ \
( ( )\___ | '_ | '_| | '_ \/ _` | \ \ \ \
 \\/  ___)| |_)| | | | | || (_| |  ) ) ) )
  '  |____| .__|_| |_|_| |_\__, | / / / /
 =========|_|==============|___/=/_/_/_/
 :: Spring Boot ::                (v2.6.3)

2024-04-21 19:27:39.476  WARN 66070 --- [           main] ubernetesProfileEnvironmentPostProcessor : Not running inside kubernetes. Skipping 'kubernetes' profile activation.
2024-04-21 19:27:39.477  INFO 66070 --- [           main] e.i.cs.testrunner.execution.Executor$    : No active profile set, falling back to default profiles: default
2024-04-21 19:27:39.487  INFO 66070 --- [           main] o.s.cloud.context.scope.GenericScope     : BeanFactory id=5adb76a5-ffff-3c5f-a60f-7f84faf1ce0f
2024-04-21 19:27:39.490  INFO 66070 --- [           main] e.i.cs.testrunner.execution.Executor$    : Started Executor. in 0.115 seconds (JVM running for 21.02)
2024-04-21 19:27:39.491  INFO 66070 --- [WebServer 39761] okhttp3.mockwebserver.MockWebServer      : MockWebServer[39761] done accepting connections: Socket closed
2024-04-21 19:27:39.497  INFO 66070 --- [           main] .b.t.c.SpringBootTestContextBootstrapper : Neither @ContextConfiguration nor @ContextHierarchy found for test class [org.springframework.cloud.kubernetes.fabric8.config.MultipleSecretsTests], using SpringBootContextLoader
2024-04-21 19:27:39.498  INFO 66070 --- [           main] o.s.t.c.support.AbstractContextLoader    : Could not detect default resource locations for test class [org.springframework.cloud.kubernetes.fabric8.config.MultipleSecretsTests]: no resource found for suffixes {-context.xml, Context.groovy}.
2024-04-21 19:27:39.500  INFO 66070 --- [           main] .b.t.c.SpringBootTestContextBootstrapper : Loaded default TestExecutionListener class names from location [META-INF/spring.factories]: [org.springframework.boot.test.mock.mockito.MockitoTestExecutionListener, org.springframework.boot.test.mock.mockito.ResetMocksTestExecutionListener, org.springframework.boot.test.autoconfigure.restdocs.RestDocsTestExecutionListener, org.springframework.boot.test.autoconfigure.web.client.MockRestServiceServerResetTestExecutionListener, org.springframework.boot.test.autoconfigure.web.servlet.MockMvcPrintOnlyOnFailureTestExecutionListener, org.springframework.boot.test.autoconfigure.web.servlet.WebDriverTestExecutionListener, org.springframework.boot.test.autoconfigure.webservices.client.MockWebServiceServerTestExecutionListener, org.springframework.test.context.web.ServletTestExecutionListener, org.springframework.test.context.support.DirtiesContextBeforeModesTestExecutionListener, org.springframework.test.context.event.ApplicationEventsTestExecutionListener, org.springframework.test.context.support.DependencyInjectionTestExecutionListener, org.springframework.test.context.support.DirtiesContextTestExecutionListener, org.springframework.test.context.transaction.TransactionalTestExecutionListener, org.springframework.test.context.jdbc.SqlScriptsTestExecutionListener, org.springframework.test.context.event.EventPublishingTestExecutionListener, org.spockframework.spring.SpringMockTestExecutionListener]
2024-04-21 19:27:39.501  INFO 66070 --- [           main] .b.t.c.SpringBootTestContextBootstrapper : Using TestExecutionListeners: [org.springframework.test.context.web.ServletTestExecutionListener@2d728a9c, org.springframework.test.context.support.DirtiesContextBeforeModesTestExecutionListener@4447c594, org.springframework.test.context.event.ApplicationEventsTestExecutionListener@4c255e8, org.springframework.boot.test.mock.mockito.MockitoTestExecutionListener@6ae247b7, org.springframework.boot.test.autoconfigure.SpringBootDependencyInjectionTestExecutionListener@53fd061d, org.springframework.test.context.support.DirtiesContextTestExecutionListener@296c0293, org.springframework.test.context.event.EventPublishingTestExecutionListener@3f976f43, org.springframework.boot.test.mock.mockito.ResetMocksTestExecutionListener@473048f9, org.springframework.boot.test.autoconfigure.restdocs.RestDocsTestExecutionListener@7c4663ec, org.springframework.boot.test.autoconfigure.web.client.MockRestServiceServerResetTestExecutionListener@35f79e6d, org.springframework.boot.test.autoconfigure.web.servlet.MockMvcPrintOnlyOnFailureTestExecutionListener@319e02e7, org.springframework.boot.test.autoconfigure.web.servlet.WebDriverTestExecutionListener@742ce3ad, org.springframework.boot.test.autoconfigure.webservices.client.MockWebServiceServerTestExecutionListener@3bbab7c7, org.spockframework.spring.SpringMockTestExecutionListener@3237522b]
2024-04-21 19:27:39.503  INFO 66070 --- [WebServer 54453] okhttp3.mockwebserver.MockWebServer      : MockWebServer[54453] starting to accept connections
2024-04-21 19:27:39.512  INFO 66070 --- [127.0.0.1:40756] okhttp3.mockwebserver.MockWebServer      : MockWebServer[54453] received request: POST /api/v1/namespaces/ns1/secrets HTTP/1.1 and responded: HTTP/1.1 200 OK
2024-04-21 19:27:39.516  INFO 66070 --- [127.0.0.1:40756] okhttp3.mockwebserver.MockWebServer      : MockWebServer[54453] received request: POST /api/v1/namespaces/ns2/secrets HTTP/1.1 and responded: HTTP/1.1 200 OK
2024-04-21 19:27:39.605  WARN 66070 --- [           main] ubernetesProfileEnvironmentPostProcessor : Not running inside kubernetes. Skipping 'kubernetes' profile activation.

  .   ____          _            __ _ _
 /\\ / ___'_ __ _ _(_)_ __  __ _ \ \ \ \
( ( )\___ | '_ | '_| | '_ \/ _` | \ \ \ \
 \\/  ___)| |_)| | | | | || (_| |  ) ) ) )
  '  |____| .__|_| |_|_| |_\__, | / / / /
 =========|_|==============|___/=/_/_/_/
 :: Spring Boot ::                (v2.6.3)

2024-04-21 19:27:39.678  INFO 66070 --- [           main] s.c.k.f.c.Fabric8ConfigMapPropertySource : Loading ConfigMap with name 'secret-example' in namespace 'ns1'
2024-04-21 19:27:39.684  INFO 66070 --- [127.0.0.1:40764] okhttp3.mockwebserver.MockWebServer      : MockWebServer[54453] received request: GET /api/v1/namespaces/ns1/configmaps/secret-example HTTP/1.1 and responded: HTTP/1.1 404 Client Error
2024-04-21 19:27:39.686  INFO 66070 --- [           main] o.s.c.k.f.config.Fabric8ConfigUtils      : config-map with name : 'secret-example' not present in namespace : 'ns1'
2024-04-21 19:27:39.686  INFO 66070 --- [           main] b.c.PropertySourceBootstrapConfiguration : Located property source: [BootstrapPropertySource {name='bootstrapProperties-configmap.secret-example.ns1'}]
2024-04-21 19:27:39.687  INFO 66070 --- [           main] o.s.c.k.f.c.Fabric8SecretsPropertySource : Loading Secret with name 'name2' or with labels [{0.env=dev2, 1.version=2.0}] in namespace 'ns2'
2024-04-21 19:27:39.688  INFO 66070 --- [127.0.0.1:40764] okhttp3.mockwebserver.MockWebServer      : MockWebServer[54453] received request: GET /api/v1/namespaces/ns2/secrets/name2 HTTP/1.1 and responded: HTTP/1.1 200 OK
2024-04-21 19:27:39.733  INFO 66070 --- [127.0.0.1:40764] okhttp3.mockwebserver.MockWebServer      : MockWebServer[54453] received request: GET /api/v1/namespaces/ns2/secrets?labelSelector=0.env%3Ddev2%2C1.version%3D2.0 HTTP/1.1 and responded: HTTP/1.1 200 OK
2024-04-21 19:27:39.778  INFO 66070 --- [           main] o.s.c.k.f.c.Fabric8SecretsPropertySource : Loading Secret with name 'name1' or with labels [{0.env=env1, 1.version=1.0}] in namespace 'ns1'
2024-04-21 19:27:39.779  INFO 66070 --- [127.0.0.1:40764] okhttp3.mockwebserver.MockWebServer      : MockWebServer[54453] received request: GET /api/v1/namespaces/ns1/secrets/name1 HTTP/1.1 and responded: HTTP/1.1 200 OK
2024-04-21 19:27:39.823  INFO 66070 --- [127.0.0.1:40764] okhttp3.mockwebserver.MockWebServer      : MockWebServer[54453] received request: GET /api/v1/namespaces/ns1/secrets?labelSelector=0.env%3Denv1%2C1.version%3D1.0 HTTP/1.1 and responded: HTTP/1.1 200 OK
2024-04-21 19:27:39.865  INFO 66070 --- [           main] b.c.PropertySourceBootstrapConfiguration : Located property source: [BootstrapPropertySource {name='bootstrapProperties-secrets.name2.ns2'}, BootstrapPropertySource {name='bootstrapProperties-secrets.name1.ns1'}]
2024-04-21 19:27:39.874  WARN 66070 --- [           main] ubernetesProfileEnvironmentPostProcessor : Not running inside kubernetes. Skipping 'kubernetes' profile activation.
2024-04-21 19:27:39.875  INFO 66070 --- [           main] o.s.c.k.f.config.MultipleSecretsTests    : No active profile set, falling back to default profiles: default
2024-04-21 19:27:40.108  INFO 66070 --- [           main] o.s.cloud.context.scope.GenericScope     : BeanFactory id=d892432b-60e7-3516-91cd-00a010d0f3f7
2024-04-21 19:27:40.213  INFO 66070 --- [           main] o.s.b.w.embedded.tomcat.TomcatWebServer  : Tomcat initialized with port(s): 0 (http)
2024-04-21 19:27:40.214  INFO 66070 --- [           main] o.apache.catalina.core.StandardService   : Starting service [Tomcat]
2024-04-21 19:27:40.214  INFO 66070 --- [           main] org.apache.catalina.core.StandardEngine  : Starting Servlet engine: [Apache Tomcat/9.0.56]
2024-04-21 19:27:40.225  INFO 66070 --- [           main] o.a.c.c.C.[Tomcat-7].[localhost].[/]     : Initializing Spring embedded WebApplicationContext
2024-04-21 19:27:40.225  INFO 66070 --- [           main] w.s.c.ServletWebServerApplicationContext : Root WebApplicationContext: initialization completed in 347 ms
2024-04-21 19:27:40.782  INFO 66070 --- [           main] o.s.b.a.e.web.EndpointLinksResolver      : Exposing 1 endpoint(s) beneath base path '/actuator'
2024-04-21 19:27:40.823  INFO 66070 --- [           main] o.s.b.w.embedded.tomcat.TomcatWebServer  : Tomcat started on port(s): 35051 (http) with context path ''
2024-04-21 19:27:40.829  INFO 66070 --- [           main] o.s.c.k.f.config.MultipleSecretsTests    : Started MultipleSecretsTests in 1.269 seconds (JVM running for 22.359)
2024-04-21 19:27:40.840  INFO 66070 --- [WebServer 41659] okhttp3.mockwebserver.MockWebServer      : MockWebServer[41659] starting to accept connections
2024-04-21 19:27:40.849  INFO 66070 --- [o-auto-8-exec-1] o.a.c.c.C.[Tomcat-7].[localhost].[/]     : Initializing Spring DispatcherServlet 'dispatcherServlet'
2024-04-21 19:27:40.849  INFO 66070 --- [o-auto-8-exec-1] o.s.web.servlet.DispatcherServlet        : Initializing Servlet 'dispatcherServlet'
2024-04-21 19:27:40.850  INFO 66070 --- [o-auto-8-exec-1] o.s.web.servlet.DispatcherServlet        : Completed initialization in 1 ms
2024-04-21 19:27:40.859  INFO 66070 --- [WebServer 41659] okhttp3.mockwebserver.MockWebServer      : MockWebServer[41659] done accepting connections: Socket closed
2024-04-21 19:27:40.861  INFO 66070 --- [           main] .b.t.c.SpringBootTestContextBootstrapper : Neither @ContextConfiguration nor @ContextHierarchy found for test class [org.springframework.cloud.kubernetes.fabric8.config.MultipleSecretsTests], using SpringBootContextLoader
2024-04-21 19:27:40.862  INFO 66070 --- [           main] o.s.t.c.support.AbstractContextLoader    : Could not detect default resource locations for test class [org.springframework.cloud.kubernetes.fabric8.config.MultipleSecretsTests]: no resource found for suffixes {-context.xml, Context.groovy}.
2024-04-21 19:27:40.864  INFO 66070 --- [           main] .b.t.c.SpringBootTestContextBootstrapper : Loaded default TestExecutionListener class names from location [META-INF/spring.factories]: [org.springframework.boot.test.mock.mockito.MockitoTestExecutionListener, org.springframework.boot.test.mock.mockito.ResetMocksTestExecutionListener, org.springframework.boot.test.autoconfigure.restdocs.RestDocsTestExecutionListener, org.springframework.boot.test.autoconfigure.web.client.MockRestServiceServerResetTestExecutionListener, org.springframework.boot.test.autoconfigure.web.servlet.MockMvcPrintOnlyOnFailureTestExecutionListener, org.springframework.boot.test.autoconfigure.web.servlet.WebDriverTestExecutionListener, org.springframework.boot.test.autoconfigure.webservices.client.MockWebServiceServerTestExecutionListener, org.springframework.test.context.web.ServletTestExecutionListener, org.springframework.test.context.support.DirtiesContextBeforeModesTestExecutionListener, org.springframework.test.context.event.ApplicationEventsTestExecutionListener, org.springframework.test.context.support.DependencyInjectionTestExecutionListener, org.springframework.test.context.support.DirtiesContextTestExecutionListener, org.springframework.test.context.transaction.TransactionalTestExecutionListener, org.springframework.test.context.jdbc.SqlScriptsTestExecutionListener, org.springframework.test.context.event.EventPublishingTestExecutionListener, org.spockframework.spring.SpringMockTestExecutionListener]
2024-04-21 19:27:40.865  INFO 66070 --- [           main] .b.t.c.SpringBootTestContextBootstrapper : Using TestExecutionListeners: [org.springframework.test.context.web.ServletTestExecutionListener@106c4a72, org.springframework.test.context.support.DirtiesContextBeforeModesTestExecutionListener@3d2e1d18, org.springframework.test.context.event.ApplicationEventsTestExecutionListener@12b9d405, org.springframework.boot.test.mock.mockito.MockitoTestExecutionListener@402d443d, org.springframework.boot.test.autoconfigure.SpringBootDependencyInjectionTestExecutionListener@32e0b990, org.springframework.test.context.support.DirtiesContextTestExecutionListener@7f6ba409, org.springframework.test.context.event.EventPublishingTestExecutionListener@232e4e1d, org.springframework.boot.test.mock.mockito.ResetMocksTestExecutionListener@988eae9, org.springframework.boot.test.autoconfigure.restdocs.RestDocsTestExecutionListener@3e93ee71, org.springframework.boot.test.autoconfigure.web.client.MockRestServiceServerResetTestExecutionListener@1cfa5e46, org.springframework.boot.test.autoconfigure.web.servlet.MockMvcPrintOnlyOnFailureTestExecutionListener@4df5b562, org.springframework.boot.test.autoconfigure.web.servlet.WebDriverTestExecutionListener@3e4d197, org.springframework.boot.test.autoconfigure.webservices.client.MockWebServiceServerTestExecutionListener@222557fc, org.spockframework.spring.SpringMockTestExecutionListener@6c633590]
2024-04-21 19:27:40.867  INFO 66070 --- [WebServer 58179] okhttp3.mockwebserver.MockWebServer      : MockWebServer[58179] starting to accept connections
2024-04-21 19:27:40.870  INFO 66070 --- [127.0.0.1:59038] okhttp3.mockwebserver.MockWebServer      : MockWebServer[58179] received request: POST /api/v1/namespaces/ns1/secrets HTTP/1.1 and responded: HTTP/1.1 200 OK
2024-04-21 19:27:40.874  INFO 66070 --- [127.0.0.1:59038] okhttp3.mockwebserver.MockWebServer      : MockWebServer[58179] received request: POST /api/v1/namespaces/ns2/secrets HTTP/1.1 and responded: HTTP/1.1 200 OK
2024-04-21 19:27:40.919  INFO 66070 --- [WebServer 59559] okhttp3.mockwebserver.MockWebServer      : MockWebServer[59559] starting to accept connections
2024-04-21 19:27:40.929  INFO 66070 --- [WebServer 59559] okhttp3.mockwebserver.MockWebServer      : MockWebServer[59559] done accepting connections: Socket closed
2024-04-21 19:27:40.932  INFO 66070 --- [WebServer 44091] okhttp3.mockwebserver.MockWebServer      : MockWebServer[44091] starting to accept connections
2024-04-21 19:27:40.934  INFO 66070 --- [WebServer 56427] okhttp3.mockwebserver.MockWebServer      : MockWebServer[56427] starting to accept connections
2024-04-21 19:27:40.974  WARN 66070 --- [           main] ubernetesProfileEnvironmentPostProcessor : Not running inside kubernetes. Skipping 'kubernetes' profile activation.

  .   ____          _            __ _ _
 /\\ / ___'_ __ _ _(_)_ __  __ _ \ \ \ \
( ( )\___ | '_ | '_| | '_ \/ _` | \ \ \ \
 \\/  ___)| |_)| | | | | || (_| |  ) ) ) )
  '  |____| .__|_| |_|_| |_\__, | / / / /
 =========|_|==============|___/=/_/_/_/
 :: Spring Boot ::                (v2.6.3)

2024-04-21 19:27:41.062  INFO 66070 --- [           main] s.c.k.f.c.Fabric8ConfigMapPropertySource : Loading ConfigMap with name 'application' in namespace 'default'
2024-04-21 19:27:41.064  INFO 66070 --- [127.0.0.1:59040] okhttp3.mockwebserver.MockWebServer      : MockWebServer[58179] received request: GET /api/v1/namespaces/default/configmaps/application HTTP/1.1 and responded: HTTP/1.1 404 Client Error
2024-04-21 19:27:41.067  INFO 66070 --- [           main] o.s.c.k.f.config.Fabric8ConfigUtils      : config-map with name : 'application' not present in namespace : 'default'
2024-04-21 19:27:41.067  INFO 66070 --- [           main] b.c.PropertySourceBootstrapConfiguration : Located property source: [BootstrapPropertySource {name='bootstrapProperties-configmap.application.default'}]
2024-04-21 19:27:41.068  WARN 66070 --- [           main] ubernetesProfileEnvironmentPostProcessor : Not running inside kubernetes. Skipping 'kubernetes' profile activation.
2024-04-21 19:27:41.069  INFO 66070 --- [           main] e.i.cs.testrunner.execution.Executor$    : No active profile set, falling back to default profiles: default
2024-04-21 19:27:41.081  INFO 66070 --- [           main] o.s.cloud.context.scope.GenericScope     : BeanFactory id=9e8f334d-ea3e-3bac-a635-d33d7314ddc7
2024-04-21 19:27:41.084  INFO 66070 --- [           main] e.i.cs.testrunner.execution.Executor$    : Started Executor. in 0.149 seconds (JVM running for 22.614)
2024-04-21 19:27:41.085  INFO 66070 --- [WebServer 56427] okhttp3.mockwebserver.MockWebServer      : MockWebServer[56427] done accepting connections: Socket closed
2024-04-21 19:27:41.091  INFO 66070 --- [           main] .b.t.c.SpringBootTestContextBootstrapper : Neither @ContextConfiguration nor @ContextHierarchy found for test class [org.springframework.cloud.kubernetes.fabric8.config.Fabric8BootstrapConfigurationTests$Fabric8BootstrapConfigurationInsideK8s], using SpringBootContextLoader
2024-04-21 19:27:41.092  INFO 66070 --- [           main] o.s.t.c.support.AbstractContextLoader    : Could not detect default resource locations for test class [org.springframework.cloud.kubernetes.fabric8.config.Fabric8BootstrapConfigurationTests$Fabric8BootstrapConfigurationInsideK8s]: no resource found for suffixes {-context.xml, Context.groovy}.
2024-04-21 19:27:41.093  INFO 66070 --- [           main] .b.t.c.SpringBootTestContextBootstrapper : Loaded default TestExecutionListener class names from location [META-INF/spring.factories]: [org.springframework.boot.test.mock.mockito.MockitoTestExecutionListener, org.springframework.boot.test.mock.mockito.ResetMocksTestExecutionListener, org.springframework.boot.test.autoconfigure.restdocs.RestDocsTestExecutionListener, org.springframework.boot.test.autoconfigure.web.client.MockRestServiceServerResetTestExecutionListener, org.springframework.boot.test.autoconfigure.web.servlet.MockMvcPrintOnlyOnFailureTestExecutionListener, org.springframework.boot.test.autoconfigure.web.servlet.WebDriverTestExecutionListener, org.springframework.boot.test.autoconfigure.webservices.client.MockWebServiceServerTestExecutionListener, org.springframework.test.context.web.ServletTestExecutionListener, org.springframework.test.context.support.DirtiesContextBeforeModesTestExecutionListener, org.springframework.test.context.event.ApplicationEventsTestExecutionListener, org.springframework.test.context.support.DependencyInjectionTestExecutionListener, org.springframework.test.context.support.DirtiesContextTestExecutionListener, org.springframework.test.context.transaction.TransactionalTestExecutionListener, org.springframework.test.context.jdbc.SqlScriptsTestExecutionListener, org.springframework.test.context.event.EventPublishingTestExecutionListener, org.spockframework.spring.SpringMockTestExecutionListener]
2024-04-21 19:27:41.094  INFO 66070 --- [           main] .b.t.c.SpringBootTestContextBootstrapper : Using TestExecutionListeners: [org.springframework.test.context.web.ServletTestExecutionListener@2ca2fcb5, org.springframework.test.context.support.DirtiesContextBeforeModesTestExecutionListener@3c964873, org.springframework.test.context.event.ApplicationEventsTestExecutionListener@7db72209, org.springframework.boot.test.mock.mockito.MockitoTestExecutionListener@2c7e2c5, org.springframework.boot.test.autoconfigure.SpringBootDependencyInjectionTestExecutionListener@39bbe17c, org.springframework.test.context.support.DirtiesContextTestExecutionListener@3760f3e8, org.springframework.test.context.event.EventPublishingTestExecutionListener@73032867, org.springframework.boot.test.mock.mockito.ResetMocksTestExecutionListener@4e6f3d08, org.springframework.boot.test.autoconfigure.restdocs.RestDocsTestExecutionListener@28b995b8, org.springframework.boot.test.autoconfigure.web.client.MockRestServiceServerResetTestExecutionListener@18f6ccf4, org.springframework.boot.test.autoconfigure.web.servlet.MockMvcPrintOnlyOnFailureTestExecutionListener@72dc9f9d, org.springframework.boot.test.autoconfigure.web.servlet.WebDriverTestExecutionListener@45ec6bb3, org.springframework.boot.test.autoconfigure.webservices.client.MockWebServiceServerTestExecutionListener@219c32e3, org.spockframework.spring.SpringMockTestExecutionListener@fa3db48]
2024-04-21 19:27:41.140  WARN 66070 --- [           main] ubernetesProfileEnvironmentPostProcessor : Not running inside kubernetes. Skipping 'kubernetes' profile activation.

  .   ____          _            __ _ _
 /\\ / ___'_ __ _ _(_)_ __  __ _ \ \ \ \
( ( )\___ | '_ | '_| | '_ \/ _` | \ \ \ \
 \\/  ___)| |_)| | | | | || (_| |  ) ) ) )
  '  |____| .__|_| |_|_| |_\__, | / / / /
 =========|_|==============|___/=/_/_/_/
 :: Spring Boot ::                (v2.6.3)

2024-04-21 19:27:41.212  INFO 66070 --- [           main] s.c.k.f.c.Fabric8ConfigMapPropertySource : Loading ConfigMap with name 'application' in namespace 'abc'
2024-04-21 19:27:41.214  INFO 66070 --- [127.0.0.1:59042] okhttp3.mockwebserver.MockWebServer      : MockWebServer[58179] received request: GET /api/v1/namespaces/abc/configmaps/application HTTP/1.1 and responded: HTTP/1.1 404 Client Error
2024-04-21 19:27:41.217  INFO 66070 --- [           main] o.s.c.k.f.config.Fabric8ConfigUtils      : config-map with name : 'application' not present in namespace : 'abc'
2024-04-21 19:27:41.217  INFO 66070 --- [           main] b.c.PropertySourceBootstrapConfiguration : Located property source: [BootstrapPropertySource {name='bootstrapProperties-configmap.application.abc'}]
2024-04-21 19:27:41.221  WARN 66070 --- [           main] ubernetesProfileEnvironmentPostProcessor : Not running inside kubernetes. Skipping 'kubernetes' profile activation.
2024-04-21 19:27:41.222  INFO 66070 --- [           main] s$Fabric8BootstrapConfigurationInsideK8s : No active profile set, falling back to default profiles: default
2024-04-21 19:27:41.535  INFO 66070 --- [           main] o.s.cloud.context.scope.GenericScope     : BeanFactory id=55b4a3e9-9f94-32f4-ad68-c7f5dce8195c
2024-04-21 19:27:41.617  INFO 66070 --- [           main] o.s.b.w.embedded.tomcat.TomcatWebServer  : Tomcat initialized with port(s): 0 (http)
2024-04-21 19:27:41.618  INFO 66070 --- [           main] o.apache.catalina.core.StandardService   : Starting service [Tomcat]
2024-04-21 19:27:41.618  INFO 66070 --- [           main] org.apache.catalina.core.StandardEngine  : Starting Servlet engine: [Apache Tomcat/9.0.56]
2024-04-21 19:27:41.627  INFO 66070 --- [           main] o.a.c.c.C.[Tomcat-8].[localhost].[/]     : Initializing Spring embedded WebApplicationContext
2024-04-21 19:27:41.627  INFO 66070 --- [           main] w.s.c.ServletWebServerApplicationContext : Root WebApplicationContext: initialization completed in 404 ms
2024-04-21 19:27:42.239  INFO 66070 --- [           main] o.s.b.a.e.web.EndpointLinksResolver      : Exposing 1 endpoint(s) beneath base path '/actuator'
2024-04-21 19:27:42.278  INFO 66070 --- [           main] o.s.b.w.embedded.tomcat.TomcatWebServer  : Tomcat started on port(s): 38303 (http) with context path ''
2024-04-21 19:27:42.284  INFO 66070 --- [           main] s$Fabric8BootstrapConfigurationInsideK8s : Started Fabric8BootstrapConfigurationTests.Fabric8BootstrapConfigurationInsideK8s in 1.187 seconds (JVM running for 23.814)
2024-04-21 19:27:42.303  INFO 66070 --- [           main] .b.t.c.SpringBootTestContextBootstrapper : Neither @ContextConfiguration nor @ContextHierarchy found for test class [org.springframework.cloud.kubernetes.fabric8.config.ConfigMapsWithProfilesTests], using SpringBootContextLoader
2024-04-21 19:27:42.304  INFO 66070 --- [           main] o.s.t.c.support.AbstractContextLoader    : Could not detect default resource locations for test class [org.springframework.cloud.kubernetes.fabric8.config.ConfigMapsWithProfilesTests]: no resource found for suffixes {-context.xml, Context.groovy}.
2024-04-21 19:27:42.305  INFO 66070 --- [           main] .b.t.c.SpringBootTestContextBootstrapper : Loaded default TestExecutionListener class names from location [META-INF/spring.factories]: [org.springframework.boot.test.mock.mockito.MockitoTestExecutionListener, org.springframework.boot.test.mock.mockito.ResetMocksTestExecutionListener, org.springframework.boot.test.autoconfigure.restdocs.RestDocsTestExecutionListener, org.springframework.boot.test.autoconfigure.web.client.MockRestServiceServerResetTestExecutionListener, org.springframework.boot.test.autoconfigure.web.servlet.MockMvcPrintOnlyOnFailureTestExecutionListener, org.springframework.boot.test.autoconfigure.web.servlet.WebDriverTestExecutionListener, org.springframework.boot.test.autoconfigure.webservices.client.MockWebServiceServerTestExecutionListener, org.springframework.test.context.web.ServletTestExecutionListener, org.springframework.test.context.support.DirtiesContextBeforeModesTestExecutionListener, org.springframework.test.context.event.ApplicationEventsTestExecutionListener, org.springframework.test.context.support.DependencyInjectionTestExecutionListener, org.springframework.test.context.support.DirtiesContextTestExecutionListener, org.springframework.test.context.transaction.TransactionalTestExecutionListener, org.springframework.test.context.jdbc.SqlScriptsTestExecutionListener, org.springframework.test.context.event.EventPublishingTestExecutionListener, org.spockframework.spring.SpringMockTestExecutionListener]
2024-04-21 19:27:42.307  INFO 66070 --- [           main] .b.t.c.SpringBootTestContextBootstrapper : Using TestExecutionListeners: [org.springframework.test.context.web.ServletTestExecutionListener@40406a3f, org.springframework.test.context.support.DirtiesContextBeforeModesTestExecutionListener@d58550c, org.springframework.test.context.event.ApplicationEventsTestExecutionListener@7fef75e1, org.springframework.boot.test.mock.mockito.MockitoTestExecutionListener@2174fda1, org.springframework.boot.test.autoconfigure.SpringBootDependencyInjectionTestExecutionListener@62267a22, org.springframework.test.context.support.DirtiesContextTestExecutionListener@2d99b35f, org.springframework.test.context.event.EventPublishingTestExecutionListener@295d8b70, org.springframework.boot.test.mock.mockito.ResetMocksTestExecutionListener@2f42f20f, org.springframework.boot.test.autoconfigure.restdocs.RestDocsTestExecutionListener@7ee46aaf, org.springframework.boot.test.autoconfigure.web.client.MockRestServiceServerResetTestExecutionListener@1e072d67, org.springframework.boot.test.autoconfigure.web.servlet.MockMvcPrintOnlyOnFailureTestExecutionListener@5b4433dc, org.springframework.boot.test.autoconfigure.web.servlet.WebDriverTestExecutionListener@63ae7031, org.springframework.boot.test.autoconfigure.webservices.client.MockWebServiceServerTestExecutionListener@3e42cff9, org.spockframework.spring.SpringMockTestExecutionListener@1989a143]
2024-04-21 19:27:42.308  INFO 66070 --- [WebServer 58327] okhttp3.mockwebserver.MockWebServer      : MockWebServer[58327] starting to accept connections
2024-04-21 19:27:42.312  INFO 66070 --- [127.0.0.1:49044] okhttp3.mockwebserver.MockWebServer      : MockWebServer[58327] received request: POST /api/v1/namespaces/test/configmaps HTTP/1.1 and responded: HTTP/1.1 200 OK
2024-04-21 19:27:42.368  WARN 66070 --- [           main] ubernetesProfileEnvironmentPostProcessor : Not running inside kubernetes. Skipping 'kubernetes' profile activation.

  .   ____          _            __ _ _
 /\\ / ___'_ __ _ _(_)_ __  __ _ \ \ \ \
( ( )\___ | '_ | '_| | '_ \/ _` | \ \ \ \
 \\/  ___)| |_)| | | | | || (_| |  ) ) ) )
  '  |____| .__|_| |_|_| |_\__, | / / / /
 =========|_|==============|___/=/_/_/_/
 :: Spring Boot ::                (v2.6.3)

2024-04-21 19:27:42.435  INFO 66070 --- [           main] s.c.k.f.c.Fabric8ConfigMapPropertySource : Loading ConfigMap with name 'configmap-with-profile-example' in namespace 'test'
2024-04-21 19:27:42.441  INFO 66070 --- [127.0.0.1:49060] okhttp3.mockwebserver.MockWebServer      : MockWebServer[58327] received request: GET /api/v1/namespaces/test/configmaps/configmap-with-profile-example HTTP/1.1 and responded: HTTP/1.1 200 OK
2024-04-21 19:27:42.448  INFO 66070 --- [127.0.0.1:49060] okhttp3.mockwebserver.MockWebServer      : MockWebServer[58327] received request: GET /api/v1/namespaces/test/configmaps/configmap-with-profile-example-development HTTP/1.1 and responded: HTTP/1.1 404 Client Error
2024-04-21 19:27:42.448  INFO 66070 --- [           main] o.s.c.k.f.config.Fabric8ConfigUtils      : config-map with name : 'configmap-with-profile-example-development' not present in namespace : 'test'
2024-04-21 19:27:42.448  INFO 66070 --- [           main] b.c.PropertySourceBootstrapConfiguration : Located property source: [BootstrapPropertySource {name='bootstrapProperties-configmap.configmap-with-profile-example.test'}]
2024-04-21 19:27:42.453  WARN 66070 --- [           main] ubernetesProfileEnvironmentPostProcessor : Not running inside kubernetes. Skipping 'kubernetes' profile activation.
2024-04-21 19:27:42.453  INFO 66070 --- [           main] o.s.c.k.f.c.ConfigMapsWithProfilesTests  : The following profiles are active: development
2024-04-21 19:27:42.623  INFO 66070 --- [           main] o.s.cloud.context.scope.GenericScope     : BeanFactory id=affffd22-e438-321b-a0d0-967c2140a2e8
2024-04-21 19:27:42.701  INFO 66070 --- [           main] o.s.b.w.embedded.tomcat.TomcatWebServer  : Tomcat initialized with port(s): 0 (http)
2024-04-21 19:27:42.702  INFO 66070 --- [           main] o.apache.catalina.core.StandardService   : Starting service [Tomcat]
2024-04-21 19:27:42.702  INFO 66070 --- [           main] org.apache.catalina.core.StandardEngine  : Starting Servlet engine: [Apache Tomcat/9.0.56]
2024-04-21 19:27:42.711  INFO 66070 --- [           main] o.a.c.c.C.[Tomcat-9].[localhost].[/]     : Initializing Spring embedded WebApplicationContext
2024-04-21 19:27:42.711  INFO 66070 --- [           main] w.s.c.ServletWebServerApplicationContext : Root WebApplicationContext: initialization completed in 257 ms
2024-04-21 19:27:43.584  INFO 66070 --- [           main] o.s.b.a.e.web.EndpointLinksResolver      : Exposing 1 endpoint(s) beneath base path '/actuator'
2024-04-21 19:27:43.623  INFO 66070 --- [           main] o.s.b.w.embedded.tomcat.TomcatWebServer  : Tomcat started on port(s): 34325 (http) with context path ''
2024-04-21 19:27:43.629  INFO 66070 --- [           main] o.s.c.k.f.c.ConfigMapsWithProfilesTests  : Started ConfigMapsWithProfilesTests in 1.315 seconds (JVM running for 25.159)
2024-04-21 19:27:43.639  INFO 66070 --- [WebServer 40039] okhttp3.mockwebserver.MockWebServer      : MockWebServer[40039] starting to accept connections
2024-04-21 19:27:43.645  INFO 66070 --- [-auto-10-exec-1] o.a.c.c.C.[Tomcat-9].[localhost].[/]     : Initializing Spring DispatcherServlet 'dispatcherServlet'
2024-04-21 19:27:43.646  INFO 66070 --- [-auto-10-exec-1] o.s.web.servlet.DispatcherServlet        : Initializing Servlet 'dispatcherServlet'
2024-04-21 19:27:43.646  INFO 66070 --- [-auto-10-exec-1] o.s.web.servlet.DispatcherServlet        : Completed initialization in 0 ms
2024-04-21 19:27:43.655  INFO 66070 --- [WebServer 40039] okhttp3.mockwebserver.MockWebServer      : MockWebServer[40039] done accepting connections: Socket closed
2024-04-21 19:27:43.658  INFO 66070 --- [WebServer 51277] okhttp3.mockwebserver.MockWebServer      : MockWebServer[51277] starting to accept connections
2024-04-21 19:27:43.660  INFO 66070 --- [WebServer 59115] okhttp3.mockwebserver.MockWebServer      : MockWebServer[59115] starting to accept connections
2024-04-21 19:27:43.663  INFO 66070 --- [127.0.0.1:41258] okhttp3.mockwebserver.MockWebServer      : MockWebServer[51277] received request: POST /api/v1/namespaces/ns2/configmaps HTTP/1.1 and responded: HTTP/1.1 200 OK
2024-04-21 19:27:43.664  INFO 66070 --- [127.0.0.1:41258] okhttp3.mockwebserver.MockWebServer      : MockWebServer[51277] received request: GET /api/v1/namespaces/ns2/configmaps HTTP/1.1 and responded: HTTP/1.1 200 OK
2024-04-21 19:27:43.709  INFO 66070 --- [WebServer 59115] okhttp3.mockwebserver.MockWebServer      : MockWebServer[59115] done accepting connections: Socket closed
2024-04-21 19:27:43.712  INFO 66070 --- [WebServer 55243] okhttp3.mockwebserver.MockWebServer      : MockWebServer[55243] starting to accept connections
2024-04-21 19:27:43.714  INFO 66070 --- [WebServer 52903] okhttp3.mockwebserver.MockWebServer      : MockWebServer[52903] starting to accept connections
2024-04-21 19:27:43.718  INFO 66070 --- [127.0.0.1:34282] okhttp3.mockwebserver.MockWebServer      : MockWebServer[55243] received request: POST /api/v1/namespaces/test/configmaps HTTP/1.1 and responded: HTTP/1.1 200 OK
2024-04-21 19:27:43.718  INFO 66070 --- [           main] s.c.k.f.c.Fabric8ConfigMapPropertySource : Loading ConfigMap with name 'app-multiple-properties-test' in namespace 'test'
2024-04-21 19:27:43.719  INFO 66070 --- [127.0.0.1:34282] okhttp3.mockwebserver.MockWebServer      : MockWebServer[55243] received request: GET /api/v1/namespaces/test/configmaps/app-multiple-properties-test HTTP/1.1 and responded: HTTP/1.1 200 OK
2024-04-21 19:27:43.761  INFO 66070 --- [WebServer 52903] okhttp3.mockwebserver.MockWebServer      : MockWebServer[52903] done accepting connections: Socket closed
2024-04-21 19:27:43.766  INFO 66070 --- [WebServer 56477] okhttp3.mockwebserver.MockWebServer      : MockWebServer[56477] starting to accept connections
2024-04-21 19:27:43.769  INFO 66070 --- [WebServer 37237] okhttp3.mockwebserver.MockWebServer      : MockWebServer[37237] starting to accept connections
2024-04-21 19:27:43.770  INFO 66070 --- [           main] o.s.c.k.f.c.Fabric8SecretsPropertySource : Loading Secret with name 'my-config' or with labels [{}] in namespace 'default'
2024-04-21 19:27:43.867  INFO 66070 --- [127.0.0.1:34548] okhttp3.mockwebserver.MockWebServer      : MockWebServer[37237] received request: GET /api/v1/namespaces/default/secrets/my-config HTTP/1.1 and responded: HTTP/1.1 500 Server Error
2024-04-21 19:27:43.909  INFO 66070 --- [WebServer 37237] okhttp3.mockwebserver.MockWebServer      : MockWebServer[37237] done accepting connections: Socket closed
2024-04-21 19:27:43.914  INFO 66070 --- [WebServer 57421] okhttp3.mockwebserver.MockWebServer      : MockWebServer[57421] starting to accept connections
2024-04-21 19:27:43.916  INFO 66070 --- [WebServer 60119] okhttp3.mockwebserver.MockWebServer      : MockWebServer[60119] starting to accept connections
2024-04-21 19:27:43.959  WARN 66070 --- [           main] ubernetesProfileEnvironmentPostProcessor : Not running inside kubernetes. Skipping 'kubernetes' profile activation.

  .   ____          _            __ _ _
 /\\ / ___'_ __ _ _(_)_ __  __ _ \ \ \ \
( ( )\___ | '_ | '_| | '_ \/ _` | \ \ \ \
 \\/  ___)| |_)| | | | | || (_| |  ) ) ) )
  '  |____| .__|_| |_|_| |_\__, | / / / /
 =========|_|==============|___/=/_/_/_/
 :: Spring Boot ::                (v2.6.3)

2024-04-21 19:27:44.042  INFO 66070 --- [           main] s.c.k.f.c.Fabric8ConfigMapPropertySource : Loading ConfigMap with name 'application' in namespace 'default'
2024-04-21 19:27:44.044  INFO 66070 --- [127.0.0.1:42932] okhttp3.mockwebserver.MockWebServer      : MockWebServer[58327] received request: GET /api/v1/namespaces/default/configmaps/application HTTP/1.1 and responded: HTTP/1.1 404 Client Error
2024-04-21 19:27:44.047  INFO 66070 --- [           main] o.s.c.k.f.config.Fabric8ConfigUtils      : config-map with name : 'application' not present in namespace : 'default'
2024-04-21 19:27:44.047  INFO 66070 --- [           main] b.c.PropertySourceBootstrapConfiguration : Located property source: [BootstrapPropertySource {name='bootstrapProperties-configmap.application.default'}]
2024-04-21 19:27:44.049  WARN 66070 --- [           main] ubernetesProfileEnvironmentPostProcessor : Not running inside kubernetes. Skipping 'kubernetes' profile activation.
2024-04-21 19:27:44.049  INFO 66070 --- [           main] e.i.cs.testrunner.execution.Executor$    : No active profile set, falling back to default profiles: default
2024-04-21 19:27:44.061  INFO 66070 --- [           main] o.s.cloud.context.scope.GenericScope     : BeanFactory id=9e8f334d-ea3e-3bac-a635-d33d7314ddc7
2024-04-21 19:27:44.065  INFO 66070 --- [           main] e.i.cs.testrunner.execution.Executor$    : Started Executor. in 0.148 seconds (JVM running for 25.595)
2024-04-21 19:27:44.066  INFO 66070 --- [WebServer 60119] okhttp3.mockwebserver.MockWebServer      : MockWebServer[60119] done accepting connections: Socket closed
2024-04-21 19:27:44.070  INFO 66070 --- [           main] .b.t.c.SpringBootTestContextBootstrapper : Neither @ContextConfiguration nor @ContextHierarchy found for test class [org.springframework.cloud.kubernetes.fabric8.config.ConfigMapsWithoutProfilesTests], using SpringBootContextLoader
2024-04-21 19:27:44.071  INFO 66070 --- [           main] o.s.t.c.support.AbstractContextLoader    : Could not detect default resource locations for test class [org.springframework.cloud.kubernetes.fabric8.config.ConfigMapsWithoutProfilesTests]: no resource found for suffixes {-context.xml, Context.groovy}.
2024-04-21 19:27:44.075  INFO 66070 --- [           main] .b.t.c.SpringBootTestContextBootstrapper : Loaded default TestExecutionListener class names from location [META-INF/spring.factories]: [org.springframework.boot.test.mock.mockito.MockitoTestExecutionListener, org.springframework.boot.test.mock.mockito.ResetMocksTestExecutionListener, org.springframework.boot.test.autoconfigure.restdocs.RestDocsTestExecutionListener, org.springframework.boot.test.autoconfigure.web.client.MockRestServiceServerResetTestExecutionListener, org.springframework.boot.test.autoconfigure.web.servlet.MockMvcPrintOnlyOnFailureTestExecutionListener, org.springframework.boot.test.autoconfigure.web.servlet.WebDriverTestExecutionListener, org.springframework.boot.test.autoconfigure.webservices.client.MockWebServiceServerTestExecutionListener, org.springframework.test.context.web.ServletTestExecutionListener, org.springframework.test.context.support.DirtiesContextBeforeModesTestExecutionListener, org.springframework.test.context.event.ApplicationEventsTestExecutionListener, org.springframework.test.context.support.DependencyInjectionTestExecutionListener, org.springframework.test.context.support.DirtiesContextTestExecutionListener, org.springframework.test.context.transaction.TransactionalTestExecutionListener, org.springframework.test.context.jdbc.SqlScriptsTestExecutionListener, org.springframework.test.context.event.EventPublishingTestExecutionListener, org.spockframework.spring.SpringMockTestExecutionListener]
2024-04-21 19:27:44.079  INFO 66070 --- [           main] .b.t.c.SpringBootTestContextBootstrapper : Using TestExecutionListeners: [org.springframework.test.context.web.ServletTestExecutionListener@15e8e884, org.springframework.test.context.support.DirtiesContextBeforeModesTestExecutionListener@4fa1bdd0, org.springframework.test.context.event.ApplicationEventsTestExecutionListener@3f06c9ac, org.springframework.boot.test.mock.mockito.MockitoTestExecutionListener@3fe8c952, org.springframework.boot.test.autoconfigure.SpringBootDependencyInjectionTestExecutionListener@6d16aae3, org.springframework.test.context.support.DirtiesContextTestExecutionListener@2f9bd5ac, org.springframework.test.context.event.EventPublishingTestExecutionListener@2659225a, org.springframework.boot.test.mock.mockito.ResetMocksTestExecutionListener@5f82dd9a, org.springframework.boot.test.autoconfigure.restdocs.RestDocsTestExecutionListener@71b253b, org.springframework.boot.test.autoconfigure.web.client.MockRestServiceServerResetTestExecutionListener@765cb6c1, org.springframework.boot.test.autoconfigure.web.servlet.MockMvcPrintOnlyOnFailureTestExecutionListener@19f811a2, org.springframework.boot.test.autoconfigure.web.servlet.WebDriverTestExecutionListener@50df710a, org.springframework.boot.test.autoconfigure.webservices.client.MockWebServiceServerTestExecutionListener@eb3b4d7, org.spockframework.spring.SpringMockTestExecutionListener@1d4ae17e]
2024-04-21 19:27:44.081  INFO 66070 --- [WebServer 52585] okhttp3.mockwebserver.MockWebServer      : MockWebServer[52585] starting to accept connections
2024-04-21 19:27:44.085  INFO 66070 --- [127.0.0.1:45980] okhttp3.mockwebserver.MockWebServer      : MockWebServer[52585] received request: POST /api/v1/namespaces/test/configmaps HTTP/1.1 and responded: HTTP/1.1 200 OK
2024-04-21 19:27:44.132  WARN 66070 --- [           main] ubernetesProfileEnvironmentPostProcessor : Not running inside kubernetes. Skipping 'kubernetes' profile activation.

  .   ____          _            __ _ _
 /\\ / ___'_ __ _ _(_)_ __  __ _ \ \ \ \
( ( )\___ | '_ | '_| | '_ \/ _` | \ \ \ \
 \\/  ___)| |_)| | | | | || (_| |  ) ) ) )
  '  |____| .__|_| |_|_| |_\__, | / / / /
 =========|_|==============|___/=/_/_/_/
 :: Spring Boot ::                (v2.6.3)

2024-04-21 19:27:44.206  INFO 66070 --- [           main] s.c.k.f.c.Fabric8ConfigMapPropertySource : Loading ConfigMap with name 'configmap-without-profile-example' in namespace 'test'
2024-04-21 19:27:44.209  INFO 66070 --- [127.0.0.1:45990] okhttp3.mockwebserver.MockWebServer      : MockWebServer[52585] received request: GET /api/v1/namespaces/test/configmaps/configmap-without-profile-example HTTP/1.1 and responded: HTTP/1.1 200 OK
2024-04-21 19:27:44.213  INFO 66070 --- [127.0.0.1:45990] okhttp3.mockwebserver.MockWebServer      : MockWebServer[52585] received request: GET /api/v1/namespaces/test/configmaps/configmap-without-profile-example-development HTTP/1.1 and responded: HTTP/1.1 404 Client Error
2024-04-21 19:27:44.213  INFO 66070 --- [           main] o.s.c.k.f.config.Fabric8ConfigUtils      : config-map with name : 'configmap-without-profile-example-development' not present in namespace : 'test'
2024-04-21 19:27:44.214  INFO 66070 --- [           main] b.c.PropertySourceBootstrapConfiguration : Located property source: [BootstrapPropertySource {name='bootstrapProperties-configmap.configmap-without-profile-example.test'}]
2024-04-21 19:27:44.217  WARN 66070 --- [           main] ubernetesProfileEnvironmentPostProcessor : Not running inside kubernetes. Skipping 'kubernetes' profile activation.
2024-04-21 19:27:44.218  INFO 66070 --- [           main] s.c.k.f.c.ConfigMapsWithoutProfilesTests : The following profiles are active: development
2024-04-21 19:27:44.400  INFO 66070 --- [           main] o.s.cloud.context.scope.GenericScope     : BeanFactory id=affffd22-e438-321b-a0d0-967c2140a2e8
2024-04-21 19:27:44.485  INFO 66070 --- [           main] o.s.b.w.embedded.tomcat.TomcatWebServer  : Tomcat initialized with port(s): 0 (http)
2024-04-21 19:27:44.486  INFO 66070 --- [           main] o.apache.catalina.core.StandardService   : Starting service [Tomcat]
2024-04-21 19:27:44.486  INFO 66070 --- [           main] org.apache.catalina.core.StandardEngine  : Starting Servlet engine: [Apache Tomcat/9.0.56]
2024-04-21 19:27:44.495  INFO 66070 --- [           main] o.a.c.c.C.[Tomcat-10].[localhost].[/]    : Initializing Spring embedded WebApplicationContext
2024-04-21 19:27:44.495  INFO 66070 --- [           main] w.s.c.ServletWebServerApplicationContext : Root WebApplicationContext: initialization completed in 276 ms
2024-04-21 19:27:44.995  INFO 66070 --- [           main] o.s.b.a.e.web.EndpointLinksResolver      : Exposing 1 endpoint(s) beneath base path '/actuator'
2024-04-21 19:27:45.033  INFO 66070 --- [           main] o.s.b.w.embedded.tomcat.TomcatWebServer  : Tomcat started on port(s): 42377 (http) with context path ''
2024-04-21 19:27:45.039  INFO 66070 --- [           main] s.c.k.f.c.ConfigMapsWithoutProfilesTests : Started ConfigMapsWithoutProfilesTests in 0.952 seconds (JVM running for 26.569)
2024-04-21 19:27:45.051  INFO 66070 --- [WebServer 36377] okhttp3.mockwebserver.MockWebServer      : MockWebServer[36377] starting to accept connections
2024-04-21 19:27:45.057  INFO 66070 --- [-auto-11-exec-1] o.a.c.c.C.[Tomcat-10].[localhost].[/]    : Initializing Spring DispatcherServlet 'dispatcherServlet'
2024-04-21 19:27:45.057  INFO 66070 --- [-auto-11-exec-1] o.s.web.servlet.DispatcherServlet        : Initializing Servlet 'dispatcherServlet'
2024-04-21 19:27:45.058  INFO 66070 --- [-auto-11-exec-1] o.s.web.servlet.DispatcherServlet        : Completed initialization in 1 ms
2024-04-21 19:27:45.067  INFO 66070 --- [WebServer 36377] okhttp3.mockwebserver.MockWebServer      : MockWebServer[36377] done accepting connections: Socket closed
2024-04-21 19:27:45.072  INFO 66070 --- [WebServer 60681] okhttp3.mockwebserver.MockWebServer      : MockWebServer[60681] starting to accept connections
2024-04-21 19:27:45.074  INFO 66070 --- [WebServer 58475] okhttp3.mockwebserver.MockWebServer      : MockWebServer[58475] starting to accept connections
2024-04-21 19:27:45.075  INFO 66070 --- [WebServer 58475] okhttp3.mockwebserver.MockWebServer      : MockWebServer[58475] done accepting connections: Socket closed
2024-04-21 19:27:45.079  INFO 66070 --- [           main] .b.t.c.SpringBootTestContextBootstrapper : Neither @ContextConfiguration nor @ContextHierarchy found for test class [org.springframework.cloud.kubernetes.fabric8.config.ConfigMapsMixedTests], using SpringBootContextLoader
2024-04-21 19:27:45.079  INFO 66070 --- [           main] o.s.t.c.support.AbstractContextLoader    : Could not detect default resource locations for test class [org.springframework.cloud.kubernetes.fabric8.config.ConfigMapsMixedTests]: no resource found for suffixes {-context.xml, Context.groovy}.
2024-04-21 19:27:45.081  INFO 66070 --- [           main] .b.t.c.SpringBootTestContextBootstrapper : Loaded default TestExecutionListener class names from location [META-INF/spring.factories]: [org.springframework.boot.test.mock.mockito.MockitoTestExecutionListener, org.springframework.boot.test.mock.mockito.ResetMocksTestExecutionListener, org.springframework.boot.test.autoconfigure.restdocs.RestDocsTestExecutionListener, org.springframework.boot.test.autoconfigure.web.client.MockRestServiceServerResetTestExecutionListener, org.springframework.boot.test.autoconfigure.web.servlet.MockMvcPrintOnlyOnFailureTestExecutionListener, org.springframework.boot.test.autoconfigure.web.servlet.WebDriverTestExecutionListener, org.springframework.boot.test.autoconfigure.webservices.client.MockWebServiceServerTestExecutionListener, org.springframework.test.context.web.ServletTestExecutionListener, org.springframework.test.context.support.DirtiesContextBeforeModesTestExecutionListener, org.springframework.test.context.event.ApplicationEventsTestExecutionListener, org.springframework.test.context.support.DependencyInjectionTestExecutionListener, org.springframework.test.context.support.DirtiesContextTestExecutionListener, org.springframework.test.context.transaction.TransactionalTestExecutionListener, org.springframework.test.context.jdbc.SqlScriptsTestExecutionListener, org.springframework.test.context.event.EventPublishingTestExecutionListener, org.spockframework.spring.SpringMockTestExecutionListener]
2024-04-21 19:27:45.082  INFO 66070 --- [           main] .b.t.c.SpringBootTestContextBootstrapper : Using TestExecutionListeners: [org.springframework.test.context.web.ServletTestExecutionListener@ec28717, org.springframework.test.context.support.DirtiesContextBeforeModesTestExecutionListener@315a9738, org.springframework.test.context.event.ApplicationEventsTestExecutionListener@79aab764, org.springframework.boot.test.mock.mockito.MockitoTestExecutionListener@7790a6fb, org.springframework.boot.test.autoconfigure.SpringBootDependencyInjectionTestExecutionListener@6df06d21, org.springframework.test.context.support.DirtiesContextTestExecutionListener@876c4f0, org.springframework.test.context.event.EventPublishingTestExecutionListener@24cb530d, org.springframework.boot.test.mock.mockito.ResetMocksTestExecutionListener@569e8e11, org.springframework.boot.test.autoconfigure.restdocs.RestDocsTestExecutionListener@38696886, org.springframework.boot.test.autoconfigure.web.client.MockRestServiceServerResetTestExecutionListener@6066a3f, org.springframework.boot.test.autoconfigure.web.servlet.MockMvcPrintOnlyOnFailureTestExecutionListener@782b12c9, org.springframework.boot.test.autoconfigure.web.servlet.WebDriverTestExecutionListener@5ae7e5db, org.springframework.boot.test.autoconfigure.webservices.client.MockWebServiceServerTestExecutionListener@29398b59, org.spockframework.spring.SpringMockTestExecutionListener@1cdb4bd3]
2024-04-21 19:27:45.084  INFO 66070 --- [WebServer 38403] okhttp3.mockwebserver.MockWebServer      : MockWebServer[38403] starting to accept connections
2024-04-21 19:27:45.088  INFO 66070 --- [127.0.0.1:50368] okhttp3.mockwebserver.MockWebServer      : MockWebServer[38403] received request: POST /api/v1/namespaces/test/configmaps HTTP/1.1 and responded: HTTP/1.1 200 OK
2024-04-21 19:27:45.093  INFO 66070 --- [WebServer 47021] okhttp3.mockwebserver.MockWebServer      : MockWebServer[47021] starting to accept connections
2024-04-21 19:27:45.106  INFO 66070 --- [WebServer 47021] okhttp3.mockwebserver.MockWebServer      : MockWebServer[47021] done accepting connections: Socket closed
2024-04-21 19:27:45.110  INFO 66070 --- [WebServer 52235] okhttp3.mockwebserver.MockWebServer      : MockWebServer[52235] starting to accept connections
2024-04-21 19:27:45.112  INFO 66070 --- [WebServer 36235] okhttp3.mockwebserver.MockWebServer      : MockWebServer[36235] starting to accept connections
2024-04-21 19:27:45.154  WARN 66070 --- [           main] ubernetesProfileEnvironmentPostProcessor : Not running inside kubernetes. Skipping 'kubernetes' profile activation.

  .   ____          _            __ _ _
 /\\ / ___'_ __ _ _(_)_ __  __ _ \ \ \ \
( ( )\___ | '_ | '_| | '_ \/ _` | \ \ \ \
 \\/  ___)| |_)| | | | | || (_| |  ) ) ) )
  '  |____| .__|_| |_|_| |_\__, | / / / /
 =========|_|==============|___/=/_/_/_/
 :: Spring Boot ::                (v2.6.3)

2024-04-21 19:27:45.211  WARN 66070 --- [           main] ubernetesProfileEnvironmentPostProcessor : Not running inside kubernetes. Skipping 'kubernetes' profile activation.
2024-04-21 19:27:45.211  INFO 66070 --- [           main] e.i.cs.testrunner.execution.Executor$    : No active profile set, falling back to default profiles: default
2024-04-21 19:27:45.222  INFO 66070 --- [           main] o.s.cloud.context.scope.GenericScope     : BeanFactory id=5adb76a5-ffff-3c5f-a60f-7f84faf1ce0f
2024-04-21 19:27:45.226  INFO 66070 --- [           main] e.i.cs.testrunner.execution.Executor$    : Started Executor. in 0.112 seconds (JVM running for 26.756)
2024-04-21 19:27:45.227  INFO 66070 --- [WebServer 36235] okhttp3.mockwebserver.MockWebServer      : MockWebServer[36235] done accepting connections: Socket closed
2024-04-21 19:27:45.239  INFO 66070 --- [           main] .b.t.c.SpringBootTestContextBootstrapper : Neither @ContextConfiguration nor @ContextHierarchy found for test class [org.springframework.cloud.kubernetes.fabric8.config.CoreTest], using SpringBootContextLoader
2024-04-21 19:27:45.240  INFO 66070 --- [           main] o.s.t.c.support.AbstractContextLoader    : Could not detect default resource locations for test class [org.springframework.cloud.kubernetes.fabric8.config.CoreTest]: no resource found for suffixes {-context.xml, Context.groovy}.
2024-04-21 19:27:45.241  INFO 66070 --- [           main] .b.t.c.SpringBootTestContextBootstrapper : Loaded default TestExecutionListener class names from location [META-INF/spring.factories]: [org.springframework.boot.test.mock.mockito.MockitoTestExecutionListener, org.springframework.boot.test.mock.mockito.ResetMocksTestExecutionListener, org.springframework.boot.test.autoconfigure.restdocs.RestDocsTestExecutionListener, org.springframework.boot.test.autoconfigure.web.client.MockRestServiceServerResetTestExecutionListener, org.springframework.boot.test.autoconfigure.web.servlet.MockMvcPrintOnlyOnFailureTestExecutionListener, org.springframework.boot.test.autoconfigure.web.servlet.WebDriverTestExecutionListener, org.springframework.boot.test.autoconfigure.webservices.client.MockWebServiceServerTestExecutionListener, org.springframework.test.context.web.ServletTestExecutionListener, org.springframework.test.context.support.DirtiesContextBeforeModesTestExecutionListener, org.springframework.test.context.event.ApplicationEventsTestExecutionListener, org.springframework.test.context.support.DependencyInjectionTestExecutionListener, org.springframework.test.context.support.DirtiesContextTestExecutionListener, org.springframework.test.context.transaction.TransactionalTestExecutionListener, org.springframework.test.context.jdbc.SqlScriptsTestExecutionListener, org.springframework.test.context.event.EventPublishingTestExecutionListener, org.spockframework.spring.SpringMockTestExecutionListener]
2024-04-21 19:27:45.242  INFO 66070 --- [           main] .b.t.c.SpringBootTestContextBootstrapper : Using TestExecutionListeners: [org.springframework.test.context.web.ServletTestExecutionListener@ae54cb3, org.springframework.test.context.support.DirtiesContextBeforeModesTestExecutionListener@24a6655d, org.springframework.test.context.event.ApplicationEventsTestExecutionListener@229d5d14, org.springframework.boot.test.mock.mockito.MockitoTestExecutionListener@40957c86, org.springframework.boot.test.autoconfigure.SpringBootDependencyInjectionTestExecutionListener@603520f3, org.springframework.test.context.support.DirtiesContextTestExecutionListener@77ae2d25, org.springframework.test.context.event.EventPublishingTestExecutionListener@3f13ab39, org.springframework.boot.test.mock.mockito.ResetMocksTestExecutionListener@54898111, org.springframework.boot.test.autoconfigure.restdocs.RestDocsTestExecutionListener@1d7201cb, org.springframework.boot.test.autoconfigure.web.client.MockRestServiceServerResetTestExecutionListener@1bb3d045, org.springframework.boot.test.autoconfigure.web.servlet.MockMvcPrintOnlyOnFailureTestExecutionListener@39dbea69, org.springframework.boot.test.autoconfigure.web.servlet.WebDriverTestExecutionListener@2142754a, org.springframework.boot.test.autoconfigure.webservices.client.MockWebServiceServerTestExecutionListener@2c3344f0, org.spockframework.spring.SpringMockTestExecutionListener@290798cb]
2024-04-21 19:27:45.243  INFO 66070 --- [WebServer 41079] okhttp3.mockwebserver.MockWebServer      : MockWebServer[41079] starting to accept connections
2024-04-21 19:27:45.247  INFO 66070 --- [127.0.0.1:36418] okhttp3.mockwebserver.MockWebServer      : MockWebServer[41079] received request: POST /api/v1/namespaces/testns/configmaps HTTP/1.1 and responded: HTTP/1.1 200 OK
2024-04-21 19:27:45.251  INFO 66070 --- [127.0.0.1:36418] okhttp3.mockwebserver.MockWebServer      : MockWebServer[41079] received request: POST /api/v1/namespaces/testns/secrets HTTP/1.1 and responded: HTTP/1.1 200 OK
2024-04-21 19:27:45.346  WARN 66070 --- [           main] ubernetesProfileEnvironmentPostProcessor : Not running inside kubernetes. Skipping 'kubernetes' profile activation.

  .   ____          _            __ _ _
 /\\ / ___'_ __ _ _(_)_ __  __ _ \ \ \ \
( ( )\___ | '_ | '_| | '_ \/ _` | \ \ \ \
 \\/  ___)| |_)| | | | | || (_| |  ) ) ) )
  '  |____| .__|_| |_|_| |_\__, | / / / /
 =========|_|==============|___/=/_/_/_/
 :: Spring Boot ::                (v2.6.3)

2024-04-21 19:27:45.417  INFO 66070 --- [           main] s.c.k.f.c.Fabric8ConfigMapPropertySource : Loading ConfigMap with name 'testapp' in namespace 'testns'
2024-04-21 19:27:45.420  INFO 66070 --- [127.0.0.1:36432] okhttp3.mockwebserver.MockWebServer      : MockWebServer[41079] received request: GET /api/v1/namespaces/testns/configmaps/testapp HTTP/1.1 and responded: HTTP/1.1 200 OK
2024-04-21 19:27:45.423  INFO 66070 --- [           main] b.c.PropertySourceBootstrapConfiguration : Located property source: [BootstrapPropertySource {name='bootstrapProperties-configmap.testapp.testns'}]
2024-04-21 19:27:45.423  INFO 66070 --- [           main] o.s.c.k.f.c.Fabric8SecretsPropertySource : Loading Secret with name 'testapp' or with labels [{}] in namespace 'testns'
2024-04-21 19:27:45.424  INFO 66070 --- [127.0.0.1:36432] okhttp3.mockwebserver.MockWebServer      : MockWebServer[41079] received request: GET /api/v1/namespaces/testns/secrets/testapp HTTP/1.1 and responded: HTTP/1.1 200 OK
2024-04-21 19:27:45.467  INFO 66070 --- [127.0.0.1:36432] okhttp3.mockwebserver.MockWebServer      : MockWebServer[41079] received request: GET /api/v1/namespaces/testns/secrets HTTP/1.1 and responded: HTTP/1.1 200 OK
2024-04-21 19:27:45.507  INFO 66070 --- [           main] b.c.PropertySourceBootstrapConfiguration : Located property source: [BootstrapPropertySource {name='bootstrapProperties-secrets.testapp.testns'}]
2024-04-21 19:27:45.512  WARN 66070 --- [           main] ubernetesProfileEnvironmentPostProcessor : Not running inside kubernetes. Skipping 'kubernetes' profile activation.
2024-04-21 19:27:45.513  INFO 66070 --- [           main] o.s.c.k.fabric8.config.CoreTest          : No active profile set, falling back to default profiles: default
2024-04-21 19:27:45.861  INFO 66070 --- [           main] o.s.cloud.context.scope.GenericScope     : BeanFactory id=6834934e-323d-399a-bece-8fe3334006ce
2024-04-21 19:27:46.497  INFO 66070 --- [           main] o.s.b.a.e.web.EndpointLinksResolver      : Exposing 1 endpoint(s) beneath base path '/actuator'
2024-04-21 19:27:46.527  INFO 66070 --- [           main] o.s.c.k.fabric8.config.CoreTest          : Started CoreTest in 1.233 seconds (JVM running for 28.057)
2024-04-21 19:27:46.533  INFO 66070 --- [WebServer 37993] okhttp3.mockwebserver.MockWebServer      : MockWebServer[37993] starting to accept connections
2024-04-21 19:27:46.537  INFO 66070 --- [WebServer 37993] okhttp3.mockwebserver.MockWebServer      : MockWebServer[37993] done accepting connections: Socket closed
2024-04-21 19:27:46.541  INFO 66070 --- [           main] .b.t.c.SpringBootTestContextBootstrapper : Neither @ContextConfiguration nor @ContextHierarchy found for test class [org.springframework.cloud.kubernetes.fabric8.config.ConfigMapsWithProfilesNoActiveProfileTests], using SpringBootContextLoader
2024-04-21 19:27:46.542  INFO 66070 --- [           main] o.s.t.c.support.AbstractContextLoader    : Could not detect default resource locations for test class [org.springframework.cloud.kubernetes.fabric8.config.ConfigMapsWithProfilesNoActiveProfileTests]: no resource found for suffixes {-context.xml, Context.groovy}.
2024-04-21 19:27:46.543  INFO 66070 --- [           main] .b.t.c.SpringBootTestContextBootstrapper : Loaded default TestExecutionListener class names from location [META-INF/spring.factories]: [org.springframework.boot.test.mock.mockito.MockitoTestExecutionListener, org.springframework.boot.test.mock.mockito.ResetMocksTestExecutionListener, org.springframework.boot.test.autoconfigure.restdocs.RestDocsTestExecutionListener, org.springframework.boot.test.autoconfigure.web.client.MockRestServiceServerResetTestExecutionListener, org.springframework.boot.test.autoconfigure.web.servlet.MockMvcPrintOnlyOnFailureTestExecutionListener, org.springframework.boot.test.autoconfigure.web.servlet.WebDriverTestExecutionListener, org.springframework.boot.test.autoconfigure.webservices.client.MockWebServiceServerTestExecutionListener, org.springframework.test.context.web.ServletTestExecutionListener, org.springframework.test.context.support.DirtiesContextBeforeModesTestExecutionListener, org.springframework.test.context.event.ApplicationEventsTestExecutionListener, org.springframework.test.context.support.DependencyInjectionTestExecutionListener, org.springframework.test.context.support.DirtiesContextTestExecutionListener, org.springframework.test.context.transaction.TransactionalTestExecutionListener, org.springframework.test.context.jdbc.SqlScriptsTestExecutionListener, org.springframework.test.context.event.EventPublishingTestExecutionListener, org.spockframework.spring.SpringMockTestExecutionListener]
2024-04-21 19:27:46.544  INFO 66070 --- [           main] .b.t.c.SpringBootTestContextBootstrapper : Using TestExecutionListeners: [org.springframework.test.context.web.ServletTestExecutionListener@aca89a3, org.springframework.test.context.support.DirtiesContextBeforeModesTestExecutionListener@7122b1ff, org.springframework.test.context.event.ApplicationEventsTestExecutionListener@fadd58, org.springframework.boot.test.mock.mockito.MockitoTestExecutionListener@6ba88a47, org.springframework.boot.test.autoconfigure.SpringBootDependencyInjectionTestExecutionListener@35f18100, org.springframework.test.context.support.DirtiesContextTestExecutionListener@51386308, org.springframework.test.context.event.EventPublishingTestExecutionListener@7fe646a, org.springframework.boot.test.mock.mockito.ResetMocksTestExecutionListener@28ab3c60, org.springframework.boot.test.autoconfigure.restdocs.RestDocsTestExecutionListener@11eb41f4, org.springframework.boot.test.autoconfigure.web.client.MockRestServiceServerResetTestExecutionListener@35950e2, org.springframework.boot.test.autoconfigure.web.servlet.MockMvcPrintOnlyOnFailureTestExecutionListener@77f0b9d7, org.springframework.boot.test.autoconfigure.web.servlet.WebDriverTestExecutionListener@6c9c375, org.springframework.boot.test.autoconfigure.webservices.client.MockWebServiceServerTestExecutionListener@4de6c6b9, org.spockframework.spring.SpringMockTestExecutionListener@4f141a7]
2024-04-21 19:27:46.546  INFO 66070 --- [WebServer 42533] okhttp3.mockwebserver.MockWebServer      : MockWebServer[42533] starting to accept connections
2024-04-21 19:27:46.549  INFO 66070 --- [127.0.0.1:39722] okhttp3.mockwebserver.MockWebServer      : MockWebServer[42533] received request: POST /api/v1/namespaces/test/configmaps HTTP/1.1 and responded: HTTP/1.1 200 OK
2024-04-21 19:27:46.589  WARN 66070 --- [           main] ubernetesProfileEnvironmentPostProcessor : Not running inside kubernetes. Skipping 'kubernetes' profile activation.

  .   ____          _            __ _ _
 /\\ / ___'_ __ _ _(_)_ __  __ _ \ \ \ \
( ( )\___ | '_ | '_| | '_ \/ _` | \ \ \ \
 \\/  ___)| |_)| | | | | || (_| |  ) ) ) )
  '  |____| .__|_| |_|_| |_\__, | / / / /
 =========|_|==============|___/=/_/_/_/
 :: Spring Boot ::                (v2.6.3)

2024-04-21 19:27:46.646  INFO 66070 --- [           main] s.c.k.f.c.Fabric8ConfigMapPropertySource : Loading ConfigMap with name 'configmap-with-profile-no-active-profiles-example' in namespace 'test'
2024-04-21 19:27:46.649  INFO 66070 --- [127.0.0.1:39724] okhttp3.mockwebserver.MockWebServer      : MockWebServer[42533] received request: GET /api/v1/namespaces/test/configmaps/configmap-with-profile-no-active-profiles-example HTTP/1.1 and responded: HTTP/1.1 200 OK
2024-04-21 19:27:46.654  INFO 66070 --- [           main] b.c.PropertySourceBootstrapConfiguration : Located property source: [BootstrapPropertySource {name='bootstrapProperties-configmap.configmap-with-profile-no-active-profiles-example.test'}]
2024-04-21 19:27:46.659  WARN 66070 --- [           main] ubernetesProfileEnvironmentPostProcessor : Not running inside kubernetes. Skipping 'kubernetes' profile activation.
2024-04-21 19:27:46.659  INFO 66070 --- [           main] nfigMapsWithProfilesNoActiveProfileTests : No active profile set, falling back to default profiles: default
2024-04-21 19:27:46.810  INFO 66070 --- [           main] o.s.cloud.context.scope.GenericScope     : BeanFactory id=affffd22-e438-321b-a0d0-967c2140a2e8
2024-04-21 19:27:46.884  INFO 66070 --- [           main] o.s.b.w.embedded.tomcat.TomcatWebServer  : Tomcat initialized with port(s): 0 (http)
2024-04-21 19:27:46.885  INFO 66070 --- [           main] o.apache.catalina.core.StandardService   : Starting service [Tomcat]
2024-04-21 19:27:46.885  INFO 66070 --- [           main] org.apache.catalina.core.StandardEngine  : Starting Servlet engine: [Apache Tomcat/9.0.56]
2024-04-21 19:27:46.895  INFO 66070 --- [           main] o.a.c.c.C.[Tomcat-11].[localhost].[/]    : Initializing Spring embedded WebApplicationContext
2024-04-21 19:27:46.895  INFO 66070 --- [           main] w.s.c.ServletWebServerApplicationContext : Root WebApplicationContext: initialization completed in 235 ms
2024-04-21 19:27:47.411  INFO 66070 --- [           main] o.s.b.a.e.web.EndpointLinksResolver      : Exposing 1 endpoint(s) beneath base path '/actuator'
2024-04-21 19:27:47.448  INFO 66070 --- [           main] o.s.b.w.embedded.tomcat.TomcatWebServer  : Tomcat started on port(s): 42303 (http) with context path ''
2024-04-21 19:27:47.454  INFO 66070 --- [           main] nfigMapsWithProfilesNoActiveProfileTests : Started ConfigMapsWithProfilesNoActiveProfileTests in 0.903 seconds (JVM running for 28.984)
2024-04-21 19:27:47.466  INFO 66070 --- [WebServer 37295] okhttp3.mockwebserver.MockWebServer      : MockWebServer[37295] starting to accept connections
2024-04-21 19:27:47.473  INFO 66070 --- [-auto-12-exec-1] o.a.c.c.C.[Tomcat-11].[localhost].[/]    : Initializing Spring DispatcherServlet 'dispatcherServlet'
2024-04-21 19:27:47.473  INFO 66070 --- [-auto-12-exec-1] o.s.web.servlet.DispatcherServlet        : Initializing Servlet 'dispatcherServlet'
2024-04-21 19:27:47.473  INFO 66070 --- [-auto-12-exec-1] o.s.web.servlet.DispatcherServlet        : Completed initialization in 0 ms
2024-04-21 19:27:47.483  INFO 66070 --- [WebServer 37295] okhttp3.mockwebserver.MockWebServer      : MockWebServer[37295] done accepting connections: Socket closed
2024-04-21 19:27:47.486  INFO 66070 --- [WebServer 38841] okhttp3.mockwebserver.MockWebServer      : MockWebServer[38841] starting to accept connections
2024-04-21 19:27:47.488  INFO 66070 --- [WebServer 44785] okhttp3.mockwebserver.MockWebServer      : MockWebServer[44785] starting to accept connections
2024-04-21 19:27:47.488  INFO 66070 --- [WebServer 44785] okhttp3.mockwebserver.MockWebServer      : MockWebServer[44785] done accepting connections: Socket closed
2024-04-21 19:27:47.492  INFO 66070 --- [           main] .b.t.c.SpringBootTestContextBootstrapper : Neither @ContextConfiguration nor @ContextHierarchy found for test class [org.springframework.cloud.kubernetes.fabric8.config.Fabric8BootstrapConfigurationTests$KubernetesEnabled], using SpringBootContextLoader
2024-04-21 19:27:47.493  INFO 66070 --- [           main] o.s.t.c.support.AbstractContextLoader    : Could not detect default resource locations for test class [org.springframework.cloud.kubernetes.fabric8.config.Fabric8BootstrapConfigurationTests$KubernetesEnabled]: no resource found for suffixes {-context.xml, Context.groovy}.
2024-04-21 19:27:47.494  INFO 66070 --- [           main] .b.t.c.SpringBootTestContextBootstrapper : Loaded default TestExecutionListener class names from location [META-INF/spring.factories]: [org.springframework.boot.test.mock.mockito.MockitoTestExecutionListener, org.springframework.boot.test.mock.mockito.ResetMocksTestExecutionListener, org.springframework.boot.test.autoconfigure.restdocs.RestDocsTestExecutionListener, org.springframework.boot.test.autoconfigure.web.client.MockRestServiceServerResetTestExecutionListener, org.springframework.boot.test.autoconfigure.web.servlet.MockMvcPrintOnlyOnFailureTestExecutionListener, org.springframework.boot.test.autoconfigure.web.servlet.WebDriverTestExecutionListener, org.springframework.boot.test.autoconfigure.webservices.client.MockWebServiceServerTestExecutionListener, org.springframework.test.context.web.ServletTestExecutionListener, org.springframework.test.context.support.DirtiesContextBeforeModesTestExecutionListener, org.springframework.test.context.event.ApplicationEventsTestExecutionListener, org.springframework.test.context.support.DependencyInjectionTestExecutionListener, org.springframework.test.context.support.DirtiesContextTestExecutionListener, org.springframework.test.context.transaction.TransactionalTestExecutionListener, org.springframework.test.context.jdbc.SqlScriptsTestExecutionListener, org.springframework.test.context.event.EventPublishingTestExecutionListener, org.spockframework.spring.SpringMockTestExecutionListener]
2024-04-21 19:27:47.495  INFO 66070 --- [           main] .b.t.c.SpringBootTestContextBootstrapper : Using TestExecutionListeners: [org.springframework.test.context.web.ServletTestExecutionListener@4df812b6, org.springframework.test.context.support.DirtiesContextBeforeModesTestExecutionListener@11c07f67, org.springframework.test.context.event.ApplicationEventsTestExecutionListener@5eb39c06, org.springframework.boot.test.mock.mockito.MockitoTestExecutionListener@3e691e44, org.springframework.boot.test.autoconfigure.SpringBootDependencyInjectionTestExecutionListener@3389c69d, org.springframework.test.context.support.DirtiesContextTestExecutionListener@2120bccc, org.springframework.test.context.event.EventPublishingTestExecutionListener@63b15742, org.springframework.boot.test.mock.mockito.ResetMocksTestExecutionListener@15dcfe4e, org.springframework.boot.test.autoconfigure.restdocs.RestDocsTestExecutionListener@681c7f46, org.springframework.boot.test.autoconfigure.web.client.MockRestServiceServerResetTestExecutionListener@4c7e7855, org.springframework.boot.test.autoconfigure.web.servlet.MockMvcPrintOnlyOnFailureTestExecutionListener@259c3ddf, org.springframework.boot.test.autoconfigure.web.servlet.WebDriverTestExecutionListener@57c089ac, org.springframework.boot.test.autoconfigure.webservices.client.MockWebServiceServerTestExecutionListener@5c2d3a5d, org.spockframework.spring.SpringMockTestExecutionListener@632e4d5d]
2024-04-21 19:27:47.534  WARN 66070 --- [           main] ubernetesProfileEnvironmentPostProcessor : Not running inside kubernetes. Skipping 'kubernetes' profile activation.

  .   ____          _            __ _ _
 /\\ / ___'_ __ _ _(_)_ __  __ _ \ \ \ \
( ( )\___ | '_ | '_| | '_ \/ _` | \ \ \ \
 \\/  ___)| |_)| | | | | || (_| |  ) ) ) )
  '  |____| .__|_| |_|_| |_\__, | / / / /
 =========|_|==============|___/=/_/_/_/
 :: Spring Boot ::                (v2.6.3)

2024-04-21 19:27:47.614  INFO 66070 --- [           main] s.c.k.f.c.Fabric8ConfigMapPropertySource : Loading ConfigMap with name 'application' in namespace 'default'
2024-04-21 19:27:47.616  INFO 66070 --- [127.0.0.1:39728] okhttp3.mockwebserver.MockWebServer      : MockWebServer[42533] received request: GET /api/v1/namespaces/default/configmaps/application HTTP/1.1 and responded: HTTP/1.1 404 Client Error
2024-04-21 19:27:47.620  INFO 66070 --- [           main] o.s.c.k.f.config.Fabric8ConfigUtils      : config-map with name : 'application' not present in namespace : 'default'
2024-04-21 19:27:47.621  INFO 66070 --- [           main] b.c.PropertySourceBootstrapConfiguration : Located property source: [BootstrapPropertySource {name='bootstrapProperties-configmap.application.default'}]
2024-04-21 19:27:47.623  WARN 66070 --- [           main] ubernetesProfileEnvironmentPostProcessor : Not running inside kubernetes. Skipping 'kubernetes' profile activation.
2024-04-21 19:27:47.624  INFO 66070 --- [           main] trapConfigurationTests$KubernetesEnabled : No active profile set, falling back to default profiles: default
2024-04-21 19:27:47.915  INFO 66070 --- [           main] o.s.cloud.context.scope.GenericScope     : BeanFactory id=55b4a3e9-9f94-32f4-ad68-c7f5dce8195c
2024-04-21 19:27:48.015  INFO 66070 --- [           main] o.s.b.w.embedded.tomcat.TomcatWebServer  : Tomcat initialized with port(s): 0 (http)
2024-04-21 19:27:48.016  INFO 66070 --- [           main] o.apache.catalina.core.StandardService   : Starting service [Tomcat]
2024-04-21 19:27:48.016  INFO 66070 --- [           main] org.apache.catalina.core.StandardEngine  : Starting Servlet engine: [Apache Tomcat/9.0.56]
2024-04-21 19:27:48.025  INFO 66070 --- [           main] o.a.c.c.C.[Tomcat-12].[localhost].[/]    : Initializing Spring embedded WebApplicationContext
2024-04-21 19:27:48.025  INFO 66070 --- [           main] w.s.c.ServletWebServerApplicationContext : Root WebApplicationContext: initialization completed in 400 ms
2024-04-21 19:27:48.668  INFO 66070 --- [           main] o.s.b.a.e.web.EndpointLinksResolver      : Exposing 1 endpoint(s) beneath base path '/actuator'
2024-04-21 19:27:48.704  INFO 66070 --- [           main] o.s.b.w.embedded.tomcat.TomcatWebServer  : Tomcat started on port(s): 43699 (http) with context path ''
2024-04-21 19:27:48.709  INFO 66070 --- [           main] trapConfigurationTests$KubernetesEnabled : Started Fabric8BootstrapConfigurationTests.KubernetesEnabled in 1.213 seconds (JVM running for 30.239)
2024-04-21 19:27:48.721  INFO 66070 --- [WebServer 42927] okhttp3.mockwebserver.MockWebServer      : MockWebServer[42927] starting to accept connections
2024-04-21 19:27:48.727  INFO 66070 --- [WebServer 57587] okhttp3.mockwebserver.MockWebServer      : MockWebServer[57587] starting to accept connections
2024-04-21 19:27:48.727  INFO 66070 --- [           main] .b.t.c.SpringBootTestContextBootstrapper : Neither @ContextConfiguration nor @ContextHierarchy found for test class [org.springframework.cloud.kubernetes.fabric8.config.Fabric8SecretsPropertySourceLocatorRetryTests$SecretsFailFastDisabled], using SpringBootContextLoader
2024-04-21 19:27:48.728  INFO 66070 --- [           main] o.s.t.c.support.AbstractContextLoader    : Could not detect default resource locations for test class [org.springframework.cloud.kubernetes.fabric8.config.Fabric8SecretsPropertySourceLocatorRetryTests$SecretsFailFastDisabled]: no resource found for suffixes {-context.xml, Context.groovy}.
2024-04-21 19:27:48.729  INFO 66070 --- [           main] .b.t.c.SpringBootTestContextBootstrapper : Loaded default TestExecutionListener class names from location [META-INF/spring.factories]: [org.springframework.boot.test.mock.mockito.MockitoTestExecutionListener, org.springframework.boot.test.mock.mockito.ResetMocksTestExecutionListener, org.springframework.boot.test.autoconfigure.restdocs.RestDocsTestExecutionListener, org.springframework.boot.test.autoconfigure.web.client.MockRestServiceServerResetTestExecutionListener, org.springframework.boot.test.autoconfigure.web.servlet.MockMvcPrintOnlyOnFailureTestExecutionListener, org.springframework.boot.test.autoconfigure.web.servlet.WebDriverTestExecutionListener, org.springframework.boot.test.autoconfigure.webservices.client.MockWebServiceServerTestExecutionListener, org.springframework.test.context.web.ServletTestExecutionListener, org.springframework.test.context.support.DirtiesContextBeforeModesTestExecutionListener, org.springframework.test.context.event.ApplicationEventsTestExecutionListener, org.springframework.test.context.support.DependencyInjectionTestExecutionListener, org.springframework.test.context.support.DirtiesContextTestExecutionListener, org.springframework.test.context.transaction.TransactionalTestExecutionListener, org.springframework.test.context.jdbc.SqlScriptsTestExecutionListener, org.springframework.test.context.event.EventPublishingTestExecutionListener, org.spockframework.spring.SpringMockTestExecutionListener]
2024-04-21 19:27:48.730  INFO 66070 --- [           main] .b.t.c.SpringBootTestContextBootstrapper : Using TestExecutionListeners: [org.springframework.test.context.web.ServletTestExecutionListener@44c01e8c, org.springframework.test.context.support.DirtiesContextBeforeModesTestExecutionListener@6d7232a5, org.springframework.test.context.event.ApplicationEventsTestExecutionListener@6c769cd8, org.springframework.boot.test.mock.mockito.MockitoTestExecutionListener@3b7bc23a, org.springframework.boot.test.autoconfigure.SpringBootDependencyInjectionTestExecutionListener@7f8b9fa7, org.springframework.test.context.support.DirtiesContextTestExecutionListener@3906de9, org.springframework.test.context.event.EventPublishingTestExecutionListener@5b58b11f, org.springframework.boot.test.mock.mockito.ResetMocksTestExecutionListener@3e57d25c, org.springframework.boot.test.autoconfigure.restdocs.RestDocsTestExecutionListener@1d021496, org.springframework.boot.test.autoconfigure.web.client.MockRestServiceServerResetTestExecutionListener@1dfdddfa, org.springframework.boot.test.autoconfigure.web.servlet.MockMvcPrintOnlyOnFailureTestExecutionListener@3335713, org.springframework.boot.test.autoconfigure.web.servlet.WebDriverTestExecutionListener@3f6b01b, org.springframework.boot.test.autoconfigure.webservices.client.MockWebServiceServerTestExecutionListener@edda257, org.spockframework.spring.SpringMockTestExecutionListener@7dbcbc7b]
2024-04-21 19:27:48.767  WARN 66070 --- [           main] ubernetesProfileEnvironmentPostProcessor : Not running inside kubernetes. Skipping 'kubernetes' profile activation.

  .   ____          _            __ _ _
 /\\ / ___'_ __ _ _(_)_ __  __ _ \ \ \ \
( ( )\___ | '_ | '_| | '_ \/ _` | \ \ \ \
 \\/  ___)| |_)| | | | | || (_| |  ) ) ) )
  '  |____| .__|_| |_|_| |_\__, | / / / /
 =========|_|==============|___/=/_/_/_/
 :: Spring Boot ::                (v2.6.3)

2024-04-21 19:27:48.825  INFO 66070 --- [           main] s.c.k.f.c.Fabric8ConfigMapPropertySource : Loading ConfigMap with name 'application' in namespace 'default'
2024-04-21 19:27:48.929  INFO 66070 --- [127.0.0.1:53760] okhttp3.mockwebserver.MockWebServer      : MockWebServer[42927] received request: GET /api/v1/namespaces/default/configmaps/application HTTP/1.1 and responded: HTTP/1.1 404 Client Error
2024-04-21 19:27:48.933  INFO 66070 --- [           main] o.s.c.k.f.config.Fabric8ConfigUtils      : config-map with name : 'application' not present in namespace : 'default'
2024-04-21 19:27:48.933  INFO 66070 --- [           main] b.c.PropertySourceBootstrapConfiguration : Located property source: [BootstrapPropertySource {name='bootstrapProperties-configmap.application.default'}]
2024-04-21 19:27:48.934  INFO 66070 --- [           main] o.s.c.k.f.c.Fabric8SecretsPropertySource : Loading Secret with name 'my-secret' or with labels [{}] in namespace 'default'
2024-04-21 19:27:48.937  INFO 66070 --- [127.0.0.1:53760] okhttp3.mockwebserver.MockWebServer      : MockWebServer[42927] received request: GET /api/v1/namespaces/default/secrets/my-secret HTTP/1.1 and responded: HTTP/1.1 404 Client Error
2024-04-21 19:27:48.938  WARN 66070 --- [           main] o.s.c.k.f.c.Fabric8SecretsPropertySource : secret with name : my-secret in namespace : default not found
2024-04-21 19:27:48.941  INFO 66070 --- [127.0.0.1:53760] okhttp3.mockwebserver.MockWebServer      : MockWebServer[42927] received request: GET /api/v1/namespaces/default/secrets HTTP/1.1 and responded: HTTP/1.1 200 OK
2024-04-21 19:27:48.983  INFO 66070 --- [           main] b.c.PropertySourceBootstrapConfiguration : Located property source: [BootstrapPropertySource {name='bootstrapProperties-secrets.my-secret.default'}]
2024-04-21 19:27:48.993  WARN 66070 --- [           main] ubernetesProfileEnvironmentPostProcessor : Not running inside kubernetes. Skipping 'kubernetes' profile activation.
2024-04-21 19:27:48.994  INFO 66070 --- [           main] ocatorRetryTests$SecretsFailFastDisabled : No active profile set, falling back to default profiles: default
2024-04-21 19:27:49.253  INFO 66070 --- [           main] o.s.cloud.context.scope.GenericScope     : BeanFactory id=94652287-2eb9-367e-b08b-eea09b3b2900
2024-04-21 19:27:49.657  INFO 66070 --- [           main] ocatorRetryTests$SecretsFailFastDisabled : Started Fabric8SecretsPropertySourceLocatorRetryTests.SecretsFailFastDisabled in 0.925 seconds (JVM running for 31.187)
2024-04-21 19:27:49.663  INFO 66070 --- [WebServer 53969] okhttp3.mockwebserver.MockWebServer      : MockWebServer[53969] starting to accept connections
2024-04-21 19:27:49.666  INFO 66070 --- [           main] o.s.c.k.f.c.Fabric8SecretsPropertySource : Loading Secret with name 'my-secret' or with labels [{}] in namespace 'default'
2024-04-21 19:27:49.668  INFO 66070 --- [127.0.0.1:53760] okhttp3.mockwebserver.MockWebServer      : MockWebServer[42927] received request: GET /api/v1/namespaces/default/secrets/my-secret HTTP/1.1 and responded: HTTP/1.1 500 Server Error
2024-04-21 19:27:49.668  WARN 66070 --- [           main] o.s.c.k.f.c.Fabric8SecretsPropertySource : Can't read secret with name: [my-secret] or labels [{}] in namespace: [default] (cause: Failure executing: GET at: https://localhost:42927/api/v1/namespaces/default/secrets/my-secret. Message: Internal Server Error.). Ignoring
2024-04-21 19:27:49.672  INFO 66070 --- [WebServer 53969] okhttp3.mockwebserver.MockWebServer      : MockWebServer[53969] done accepting connections: Socket closed
2024-04-21 19:27:49.676  INFO 66070 --- [           main] .b.t.c.SpringBootTestContextBootstrapper : Neither @ContextConfiguration nor @ContextHierarchy found for test class [org.springframework.cloud.kubernetes.fabric8.config.MultipleConfigMapsTests], using SpringBootContextLoader
2024-04-21 19:27:49.677  INFO 66070 --- [           main] o.s.t.c.support.AbstractContextLoader    : Could not detect default resource locations for test class [org.springframework.cloud.kubernetes.fabric8.config.MultipleConfigMapsTests]: no resource found for suffixes {-context.xml, Context.groovy}.
2024-04-21 19:27:49.679  INFO 66070 --- [           main] .b.t.c.SpringBootTestContextBootstrapper : Loaded default TestExecutionListener class names from location [META-INF/spring.factories]: [org.springframework.boot.test.mock.mockito.MockitoTestExecutionListener, org.springframework.boot.test.mock.mockito.ResetMocksTestExecutionListener, org.springframework.boot.test.autoconfigure.restdocs.RestDocsTestExecutionListener, org.springframework.boot.test.autoconfigure.web.client.MockRestServiceServerResetTestExecutionListener, org.springframework.boot.test.autoconfigure.web.servlet.MockMvcPrintOnlyOnFailureTestExecutionListener, org.springframework.boot.test.autoconfigure.web.servlet.WebDriverTestExecutionListener, org.springframework.boot.test.autoconfigure.webservices.client.MockWebServiceServerTestExecutionListener, org.springframework.test.context.web.ServletTestExecutionListener, org.springframework.test.context.support.DirtiesContextBeforeModesTestExecutionListener, org.springframework.test.context.event.ApplicationEventsTestExecutionListener, org.springframework.test.context.support.DependencyInjectionTestExecutionListener, org.springframework.test.context.support.DirtiesContextTestExecutionListener, org.springframework.test.context.transaction.TransactionalTestExecutionListener, org.springframework.test.context.jdbc.SqlScriptsTestExecutionListener, org.springframework.test.context.event.EventPublishingTestExecutionListener, org.spockframework.spring.SpringMockTestExecutionListener]
2024-04-21 19:27:49.680  INFO 66070 --- [           main] .b.t.c.SpringBootTestContextBootstrapper : Using TestExecutionListeners: [org.springframework.test.context.web.ServletTestExecutionListener@6cdd9a1b, org.springframework.test.context.support.DirtiesContextBeforeModesTestExecutionListener@7cb13e56, org.springframework.test.context.event.ApplicationEventsTestExecutionListener@6222ee67, org.springframework.boot.test.mock.mockito.MockitoTestExecutionListener@5fca8642, org.springframework.boot.test.autoconfigure.SpringBootDependencyInjectionTestExecutionListener@5f47c2e2, org.springframework.test.context.support.DirtiesContextTestExecutionListener@2af114d2, org.springframework.test.context.event.EventPublishingTestExecutionListener@5fd5963d, org.springframework.boot.test.mock.mockito.ResetMocksTestExecutionListener@5426f313, org.springframework.boot.test.autoconfigure.restdocs.RestDocsTestExecutionListener@35977ba7, org.springframework.boot.test.autoconfigure.web.client.MockRestServiceServerResetTestExecutionListener@1762be43, org.springframework.boot.test.autoconfigure.web.servlet.MockMvcPrintOnlyOnFailureTestExecutionListener@64f5a6ec, org.springframework.boot.test.autoconfigure.web.servlet.WebDriverTestExecutionListener@7286f0a, org.springframework.boot.test.autoconfigure.webservices.client.MockWebServiceServerTestExecutionListener@96c760b, org.spockframework.spring.SpringMockTestExecutionListener@bfe51c3]
2024-04-21 19:27:49.682  INFO 66070 --- [WebServer 52255] okhttp3.mockwebserver.MockWebServer      : MockWebServer[52255] starting to accept connections
2024-04-21 19:27:49.707  INFO 66070 --- [127.0.0.1:57244] okhttp3.mockwebserver.MockWebServer      : MockWebServer[52255] received request: POST /api/v1/namespaces/defnamespace/configmaps HTTP/1.1 and responded: HTTP/1.1 200 OK
2024-04-21 19:27:49.711  INFO 66070 --- [127.0.0.1:57244] okhttp3.mockwebserver.MockWebServer      : MockWebServer[52255] received request: POST /api/v1/namespaces/s2/configmaps HTTP/1.1 and responded: HTTP/1.1 200 OK
2024-04-21 19:27:49.755  INFO 66070 --- [127.0.0.1:57244] okhttp3.mockwebserver.MockWebServer      : MockWebServer[52255] received request: POST /api/v1/namespaces/othernamespace/configmaps HTTP/1.1 and responded: HTTP/1.1 200 OK
2024-04-21 19:27:49.799  INFO 66070 --- [WebServer 44005] okhttp3.mockwebserver.MockWebServer      : MockWebServer[44005] starting to accept connections
2024-04-21 19:27:49.806  INFO 66070 --- [WebServer 44005] okhttp3.mockwebserver.MockWebServer      : MockWebServer[44005] done accepting connections: Socket closed
