2024-04-21 19:31:04.444  INFO   --- [           main] .b.t.c.SpringBootTestContextBootstrapper : Neither @ContextConfiguration nor @ContextHierarchy found for test class [org.springframework.cloud.kubernetes.fabric8.config.ConfigMapWithPrefixTests], using SpringBootContextLoader
2024-04-21 19:31:04.451  INFO   --- [           main] o.s.t.c.support.AbstractContextLoader    : Could not detect default resource locations for test class [org.springframework.cloud.kubernetes.fabric8.config.ConfigMapWithPrefixTests]: no resource found for suffixes {-context.xml, Context.groovy}.
2024-04-21 19:31:04.652  INFO   --- [           main] .b.t.c.SpringBootTestContextBootstrapper : Loaded default TestExecutionListener class names from location [META-INF/spring.factories]: [org.springframework.boot.test.mock.mockito.MockitoTestExecutionListener, org.springframework.boot.test.mock.mockito.ResetMocksTestExecutionListener, org.springframework.boot.test.autoconfigure.restdocs.RestDocsTestExecutionListener, org.springframework.boot.test.autoconfigure.web.client.MockRestServiceServerResetTestExecutionListener, org.springframework.boot.test.autoconfigure.web.servlet.MockMvcPrintOnlyOnFailureTestExecutionListener, org.springframework.boot.test.autoconfigure.web.servlet.WebDriverTestExecutionListener, org.springframework.boot.test.autoconfigure.webservices.client.MockWebServiceServerTestExecutionListener, org.springframework.test.context.web.ServletTestExecutionListener, org.springframework.test.context.support.DirtiesContextBeforeModesTestExecutionListener, org.springframework.test.context.event.ApplicationEventsTestExecutionListener, org.springframework.test.context.support.DependencyInjectionTestExecutionListener, org.springframework.test.context.support.DirtiesContextTestExecutionListener, org.springframework.test.context.transaction.TransactionalTestExecutionListener, org.springframework.test.context.jdbc.SqlScriptsTestExecutionListener, org.springframework.test.context.event.EventPublishingTestExecutionListener, org.spockframework.spring.SpringMockTestExecutionListener]
2024-04-21 19:31:04.668  INFO   --- [           main] .b.t.c.SpringBootTestContextBootstrapper : Using TestExecutionListeners: [org.springframework.test.context.web.ServletTestExecutionListener@77825085, org.springframework.test.context.support.DirtiesContextBeforeModesTestExecutionListener@3568f9d2, org.springframework.test.context.event.ApplicationEventsTestExecutionListener@71c27ee8, org.springframework.boot.test.mock.mockito.MockitoTestExecutionListener@3e7dd664, org.springframework.boot.test.autoconfigure.SpringBootDependencyInjectionTestExecutionListener@5b1ebf56, org.springframework.test.context.support.DirtiesContextTestExecutionListener@294a6b8e, org.springframework.test.context.event.EventPublishingTestExecutionListener@4b1d6571, org.springframework.boot.test.mock.mockito.ResetMocksTestExecutionListener@1b835480, org.springframework.boot.test.autoconfigure.restdocs.RestDocsTestExecutionListener@3549bca9, org.springframework.boot.test.autoconfigure.web.client.MockRestServiceServerResetTestExecutionListener@4f25b795, org.springframework.boot.test.autoconfigure.web.servlet.MockMvcPrintOnlyOnFailureTestExecutionListener@6fb365ed, org.springframework.boot.test.autoconfigure.web.servlet.WebDriverTestExecutionListener@6e950bcf, org.springframework.boot.test.autoconfigure.webservices.client.MockWebServiceServerTestExecutionListener@16414e40, org.spockframework.spring.SpringMockTestExecutionListener@74bada02]
Apr 21, 2024 7:31:05 PM okhttp3.mockwebserver.MockWebServer$3 execute
INFO: MockWebServer[59165] starting to accept connections
Apr 21, 2024 7:31:05 PM okhttp3.mockwebserver.MockWebServer$4 processOneRequest
INFO: MockWebServer[59165] received request: POST /api/v1/namespaces/spring-k8s/configmaps HTTP/1.1 and responded: HTTP/1.1 200 OK
Apr 21, 2024 7:31:05 PM okhttp3.mockwebserver.MockWebServer$4 processOneRequest
INFO: MockWebServer[59165] received request: POST /api/v1/namespaces/spring-k8s/configmaps HTTP/1.1 and responded: HTTP/1.1 200 OK
Apr 21, 2024 7:31:05 PM okhttp3.mockwebserver.MockWebServer$4 processOneRequest
INFO: MockWebServer[59165] received request: POST /api/v1/namespaces/spring-k8s/configmaps HTTP/1.1 and responded: HTTP/1.1 200 OK
2024-04-21 19:31:05.973  WARN 68482 --- [           main] ubernetesProfileEnvironmentPostProcessor : Not running inside kubernetes. Skipping 'kubernetes' profile activation.

  .   ____          _            __ _ _
 /\\ / ___'_ __ _ _(_)_ __  __ _ \ \ \ \
( ( )\___ | '_ | '_| | '_ \/ _` | \ \ \ \
 \\/  ___)| |_)| | | | | || (_| |  ) ) ) )
  '  |____| .__|_| |_|_| |_\__, | / / / /
 =========|_|==============|___/=/_/_/_/
 :: Spring Boot ::                (v2.6.3)

2024-04-21 19:31:06.629  INFO 68482 --- [           main] s.c.k.f.c.Fabric8ConfigMapPropertySource : Loading ConfigMap with name 'config-map-one' in namespace 'spring-k8s'
2024-04-21 19:31:06.632  INFO 68482 --- [127.0.0.1:56956] okhttp3.mockwebserver.MockWebServer      : MockWebServer[59165] received request: GET /api/v1/namespaces/spring-k8s/configmaps/config-map-one HTTP/1.1 and responded: HTTP/1.1 200 OK
2024-04-21 19:31:06.634  INFO 68482 --- [           main] s.c.k.f.c.Fabric8ConfigMapPropertySource : Loading ConfigMap with name 'config-map-two' in namespace 'spring-k8s'
2024-04-21 19:31:06.636  INFO 68482 --- [127.0.0.1:56956] okhttp3.mockwebserver.MockWebServer      : MockWebServer[59165] received request: GET /api/v1/namespaces/spring-k8s/configmaps/config-map-two HTTP/1.1 and responded: HTTP/1.1 200 OK
2024-04-21 19:31:06.678  INFO 68482 --- [           main] s.c.k.f.c.Fabric8ConfigMapPropertySource : Loading ConfigMap with name 'config-map-three' in namespace 'spring-k8s'
2024-04-21 19:31:06.680  INFO 68482 --- [127.0.0.1:56956] okhttp3.mockwebserver.MockWebServer      : MockWebServer[59165] received request: GET /api/v1/namespaces/spring-k8s/configmaps/config-map-three HTTP/1.1 and responded: HTTP/1.1 200 OK
2024-04-21 19:31:06.725  INFO 68482 --- [           main] b.c.PropertySourceBootstrapConfiguration : Located property source: [BootstrapPropertySource {name='bootstrapProperties-configmap.config-map-three.spring-k8s'}, BootstrapPropertySource {name='bootstrapProperties-configmap.config-map-two.spring-k8s'}, BootstrapPropertySource {name='bootstrapProperties-configmap.config-map-one.spring-k8s'}]
2024-04-21 19:31:06.782  WARN 68482 --- [           main] ubernetesProfileEnvironmentPostProcessor : Not running inside kubernetes. Skipping 'kubernetes' profile activation.
2024-04-21 19:31:06.785  INFO 68482 --- [           main] o.s.c.k.f.c.ConfigMapWithPrefixTests     : No active profile set, falling back to default profiles: default
2024-04-21 19:31:07.755  INFO 68482 --- [           main] o.s.cloud.context.scope.GenericScope     : BeanFactory id=1367d525-e9cf-3080-b335-95bb990e6dec
2024-04-21 19:31:08.209  INFO 68482 --- [           main] o.s.b.w.embedded.tomcat.TomcatWebServer  : Tomcat initialized with port(s): 0 (http)
2024-04-21 19:31:08.226  INFO 68482 --- [           main] o.apache.catalina.core.StandardService   : Starting service [Tomcat]
2024-04-21 19:31:08.226  INFO 68482 --- [           main] org.apache.catalina.core.StandardEngine  : Starting Servlet engine: [Apache Tomcat/9.0.56]
2024-04-21 19:31:08.430  INFO 68482 --- [           main] o.a.c.c.C.[Tomcat].[localhost].[/]       : Initializing Spring embedded WebApplicationContext
2024-04-21 19:31:08.430  INFO 68482 --- [           main] w.s.c.ServletWebServerApplicationContext : Root WebApplicationContext: initialization completed in 1637 ms
2024-04-21 19:31:10.598  INFO 68482 --- [           main] o.s.b.a.e.web.EndpointLinksResolver      : Exposing 1 endpoint(s) beneath base path '/actuator'
2024-04-21 19:31:10.767  INFO 68482 --- [           main] o.s.b.w.embedded.tomcat.TomcatWebServer  : Tomcat started on port(s): 37295 (http) with context path ''
2024-04-21 19:31:10.788  INFO 68482 --- [           main] o.s.c.k.f.c.ConfigMapWithPrefixTests     : Started ConfigMapWithPrefixTests in 5.315 seconds (JVM running for 7.676)
2024-04-21 19:31:11.140  INFO 68482 --- [WebServer 50681] okhttp3.mockwebserver.MockWebServer      : MockWebServer[50681] starting to accept connections
2024-04-21 19:31:11.640  INFO 68482 --- [o-auto-1-exec-1] o.a.c.c.C.[Tomcat].[localhost].[/]       : Initializing Spring DispatcherServlet 'dispatcherServlet'
2024-04-21 19:31:11.641  INFO 68482 --- [o-auto-1-exec-1] o.s.web.servlet.DispatcherServlet        : Initializing Servlet 'dispatcherServlet'
2024-04-21 19:31:11.642  INFO 68482 --- [o-auto-1-exec-1] o.s.web.servlet.DispatcherServlet        : Completed initialization in 1 ms
2024-04-21 19:31:11.738  INFO 68482 --- [WebServer 50681] okhttp3.mockwebserver.MockWebServer      : MockWebServer[50681] done accepting connections: Socket closed
2024-04-21 19:31:11.752  INFO 68482 --- [WebServer 38089] okhttp3.mockwebserver.MockWebServer      : MockWebServer[38089] starting to accept connections
2024-04-21 19:31:12.169  INFO 68482 --- [WebServer 45929] okhttp3.mockwebserver.MockWebServer      : MockWebServer[45929] starting to accept connections
2024-04-21 19:31:12.223  INFO 68482 --- [WebServer 45929] okhttp3.mockwebserver.MockWebServer      : MockWebServer[45929] done accepting connections: Socket closed
2024-04-21 19:31:12.228  INFO 68482 --- [           main] .b.t.c.SpringBootTestContextBootstrapper : Neither @ContextConfiguration nor @ContextHierarchy found for test class [org.springframework.cloud.kubernetes.fabric8.config.MultipleConfigMapsTests], using SpringBootContextLoader
2024-04-21 19:31:12.229  INFO 68482 --- [           main] o.s.t.c.support.AbstractContextLoader    : Could not detect default resource locations for test class [org.springframework.cloud.kubernetes.fabric8.config.MultipleConfigMapsTests]: no resource found for suffixes {-context.xml, Context.groovy}.
2024-04-21 19:31:12.234  INFO 68482 --- [           main] .b.t.c.SpringBootTestContextBootstrapper : Loaded default TestExecutionListener class names from location [META-INF/spring.factories]: [org.springframework.boot.test.mock.mockito.MockitoTestExecutionListener, org.springframework.boot.test.mock.mockito.ResetMocksTestExecutionListener, org.springframework.boot.test.autoconfigure.restdocs.RestDocsTestExecutionListener, org.springframework.boot.test.autoconfigure.web.client.MockRestServiceServerResetTestExecutionListener, org.springframework.boot.test.autoconfigure.web.servlet.MockMvcPrintOnlyOnFailureTestExecutionListener, org.springframework.boot.test.autoconfigure.web.servlet.WebDriverTestExecutionListener, org.springframework.boot.test.autoconfigure.webservices.client.MockWebServiceServerTestExecutionListener, org.springframework.test.context.web.ServletTestExecutionListener, org.springframework.test.context.support.DirtiesContextBeforeModesTestExecutionListener, org.springframework.test.context.event.ApplicationEventsTestExecutionListener, org.springframework.test.context.support.DependencyInjectionTestExecutionListener, org.springframework.test.context.support.DirtiesContextTestExecutionListener, org.springframework.test.context.transaction.TransactionalTestExecutionListener, org.springframework.test.context.jdbc.SqlScriptsTestExecutionListener, org.springframework.test.context.event.EventPublishingTestExecutionListener, org.spockframework.spring.SpringMockTestExecutionListener]
2024-04-21 19:31:12.235  INFO 68482 --- [           main] .b.t.c.SpringBootTestContextBootstrapper : Using TestExecutionListeners: [org.springframework.test.context.web.ServletTestExecutionListener@2b3d03b2, org.springframework.test.context.support.DirtiesContextBeforeModesTestExecutionListener@542beecb, org.springframework.test.context.event.ApplicationEventsTestExecutionListener@332fa6ce, org.springframework.boot.test.mock.mockito.MockitoTestExecutionListener@2cc9a948, org.springframework.boot.test.autoconfigure.SpringBootDependencyInjectionTestExecutionListener@6f2a1ff0, org.springframework.test.context.support.DirtiesContextTestExecutionListener@647ce968, org.springframework.test.context.event.EventPublishingTestExecutionListener@2a2b3aff, org.springframework.boot.test.mock.mockito.ResetMocksTestExecutionListener@4bc9451b, org.springframework.boot.test.autoconfigure.restdocs.RestDocsTestExecutionListener@74a3160d, org.springframework.boot.test.autoconfigure.web.client.MockRestServiceServerResetTestExecutionListener@77978658, org.springframework.boot.test.autoconfigure.web.servlet.MockMvcPrintOnlyOnFailureTestExecutionListener@498b697, org.springframework.boot.test.autoconfigure.web.servlet.WebDriverTestExecutionListener@5f8da82, org.springframework.boot.test.autoconfigure.webservices.client.MockWebServiceServerTestExecutionListener@6987b74e, org.spockframework.spring.SpringMockTestExecutionListener@22e95960]
2024-04-21 19:31:12.237  INFO 68482 --- [WebServer 52995] okhttp3.mockwebserver.MockWebServer      : MockWebServer[52995] starting to accept connections
2024-04-21 19:31:12.242  INFO 68482 --- [127.0.0.1:55284] okhttp3.mockwebserver.MockWebServer      : MockWebServer[52995] received request: POST /api/v1/namespaces/defnamespace/configmaps HTTP/1.1 and responded: HTTP/1.1 200 OK
2024-04-21 19:31:12.248  INFO 68482 --- [127.0.0.1:55284] okhttp3.mockwebserver.MockWebServer      : MockWebServer[52995] received request: POST /api/v1/namespaces/s2/configmaps HTTP/1.1 and responded: HTTP/1.1 200 OK
2024-04-21 19:31:12.294  INFO 68482 --- [127.0.0.1:55284] okhttp3.mockwebserver.MockWebServer      : MockWebServer[52995] received request: POST /api/v1/namespaces/othernamespace/configmaps HTTP/1.1 and responded: HTTP/1.1 200 OK
2024-04-21 19:31:12.454  WARN 68482 --- [           main] ubernetesProfileEnvironmentPostProcessor : Not running inside kubernetes. Skipping 'kubernetes' profile activation.

  .   ____          _            __ _ _
 /\\ / ___'_ __ _ _(_)_ __  __ _ \ \ \ \
( ( )\___ | '_ | '_| | '_ \/ _` | \ \ \ \
 \\/  ___)| |_)| | | | | || (_| |  ) ) ) )
  '  |____| .__|_| |_|_| |_\__, | / / / /
 =========|_|==============|___/=/_/_/_/
 :: Spring Boot ::                (v2.6.3)

2024-04-21 19:31:12.599  INFO 68482 --- [           main] s.c.k.f.c.Fabric8ConfigMapPropertySource : Loading ConfigMap with name 's1' in namespace 'defnamespace'
2024-04-21 19:31:12.602  INFO 68482 --- [127.0.0.1:55300] okhttp3.mockwebserver.MockWebServer      : MockWebServer[52995] received request: GET /api/v1/namespaces/defnamespace/configmaps/s1 HTTP/1.1 and responded: HTTP/1.1 200 OK
2024-04-21 19:31:12.605  INFO 68482 --- [           main] s.c.k.f.c.Fabric8ConfigMapPropertySource : Loading ConfigMap with name 'defname' in namespace 's2'
2024-04-21 19:31:12.607  INFO 68482 --- [127.0.0.1:55300] okhttp3.mockwebserver.MockWebServer      : MockWebServer[52995] received request: GET /api/v1/namespaces/s2/configmaps/defname HTTP/1.1 and responded: HTTP/1.1 200 OK
2024-04-21 19:31:12.648  INFO 68482 --- [           main] s.c.k.f.c.Fabric8ConfigMapPropertySource : Loading ConfigMap with name 'othername' in namespace 'othernamespace'
2024-04-21 19:31:12.649  INFO 68482 --- [127.0.0.1:55300] okhttp3.mockwebserver.MockWebServer      : MockWebServer[52995] received request: GET /api/v1/namespaces/othernamespace/configmaps/othername HTTP/1.1 and responded: HTTP/1.1 200 OK
2024-04-21 19:31:12.691  INFO 68482 --- [           main] b.c.PropertySourceBootstrapConfiguration : Located property source: [BootstrapPropertySource {name='bootstrapProperties-configmap.othername.othernamespace'}, BootstrapPropertySource {name='bootstrapProperties-configmap.defname.s2'}, BootstrapPropertySource {name='bootstrapProperties-configmap.s1.defnamespace'}]
2024-04-21 19:31:12.697  WARN 68482 --- [           main] ubernetesProfileEnvironmentPostProcessor : Not running inside kubernetes. Skipping 'kubernetes' profile activation.
2024-04-21 19:31:12.697  INFO 68482 --- [           main] o.s.c.k.f.c.MultipleConfigMapsTests      : No active profile set, falling back to default profiles: default
2024-04-21 19:31:13.043  INFO 68482 --- [           main] o.s.cloud.context.scope.GenericScope     : BeanFactory id=012be945-5008-354a-8a47-8e5e16a24aa5
2024-04-21 19:31:13.184  INFO 68482 --- [           main] o.s.b.w.embedded.tomcat.TomcatWebServer  : Tomcat initialized with port(s): 0 (http)
2024-04-21 19:31:13.185  INFO 68482 --- [           main] o.apache.catalina.core.StandardService   : Starting service [Tomcat]
2024-04-21 19:31:13.185  INFO 68482 --- [           main] org.apache.catalina.core.StandardEngine  : Starting Servlet engine: [Apache Tomcat/9.0.56]
2024-04-21 19:31:13.197  INFO 68482 --- [           main] o.a.c.c.C.[Tomcat-1].[localhost].[/]     : Initializing Spring embedded WebApplicationContext
2024-04-21 19:31:13.198  INFO 68482 --- [           main] w.s.c.ServletWebServerApplicationContext : Root WebApplicationContext: initialization completed in 498 ms
2024-04-21 19:31:13.995  INFO 68482 --- [           main] o.s.b.a.e.web.EndpointLinksResolver      : Exposing 1 endpoint(s) beneath base path '/actuator'
2024-04-21 19:31:14.047  INFO 68482 --- [           main] o.s.b.w.embedded.tomcat.TomcatWebServer  : Tomcat started on port(s): 36187 (http) with context path ''
2024-04-21 19:31:14.054  INFO 68482 --- [           main] o.s.c.k.f.c.MultipleConfigMapsTests      : Started MultipleConfigMapsTests in 1.716 seconds (JVM running for 10.942)
2024-04-21 19:31:14.068  INFO 68482 --- [WebServer 54591] okhttp3.mockwebserver.MockWebServer      : MockWebServer[54591] starting to accept connections
2024-04-21 19:31:14.075  INFO 68482 --- [o-auto-2-exec-1] o.a.c.c.C.[Tomcat-1].[localhost].[/]     : Initializing Spring DispatcherServlet 'dispatcherServlet'
2024-04-21 19:31:14.076  INFO 68482 --- [o-auto-2-exec-1] o.s.web.servlet.DispatcherServlet        : Initializing Servlet 'dispatcherServlet'
2024-04-21 19:31:14.077  INFO 68482 --- [o-auto-2-exec-1] o.s.web.servlet.DispatcherServlet        : Completed initialization in 1 ms
2024-04-21 19:31:14.155  INFO 68482 --- [WebServer 54591] okhttp3.mockwebserver.MockWebServer      : MockWebServer[54591] done accepting connections: Socket closed
2024-04-21 19:31:14.175  INFO 68482 --- [WebServer 59343] okhttp3.mockwebserver.MockWebServer      : MockWebServer[59343] starting to accept connections
2024-04-21 19:31:14.179  INFO 68482 --- [WebServer 57243] okhttp3.mockwebserver.MockWebServer      : MockWebServer[57243] starting to accept connections
2024-04-21 19:31:14.181  INFO 68482 --- [           main] s.c.k.f.c.Fabric8ConfigMapPropertySource : Loading ConfigMap with name 'my-config' in namespace 'default'
2024-04-21 19:31:14.371  INFO 68482 --- [127.0.0.1:60460] okhttp3.mockwebserver.MockWebServer      : MockWebServer[57243] received request: GET /api/v1/namespaces/default/configmaps/my-config HTTP/1.1 and responded: HTTP/1.1 500 Server Error
2024-04-21 19:31:14.417  WARN 68482 --- [           main] s.c.k.f.c.Fabric8ConfigMapPropertySource : Can't read configMap with name: [my-config] in namespace: [default]. Ignoring.

io.fabric8.kubernetes.client.KubernetesClientException: Failure executing: GET at: https://localhost:57243/api/v1/namespaces/default/configmaps/my-config. Message: Internal Server Error.
	at io.fabric8.kubernetes.client.dsl.base.OperationSupport.requestFailure(OperationSupport.java:694)
	at io.fabric8.kubernetes.client.dsl.base.OperationSupport.requestFailure(OperationSupport.java:673)
	at io.fabric8.kubernetes.client.dsl.base.OperationSupport.assertResponseCode(OperationSupport.java:626)
	at io.fabric8.kubernetes.client.dsl.base.OperationSupport.handleResponse(OperationSupport.java:566)
	at io.fabric8.kubernetes.client.dsl.base.OperationSupport.handleResponse(OperationSupport.java:527)
	at io.fabric8.kubernetes.client.dsl.base.OperationSupport.handleGet(OperationSupport.java:494)
	at io.fabric8.kubernetes.client.dsl.base.OperationSupport.handleGet(OperationSupport.java:476)
	at io.fabric8.kubernetes.client.dsl.base.BaseOperation.handleGet(BaseOperation.java:788)
	at io.fabric8.kubernetes.client.dsl.base.BaseOperation.getMandatory(BaseOperation.java:187)
	at io.fabric8.kubernetes.client.dsl.base.BaseOperation.get(BaseOperation.java:154)
	at io.fabric8.kubernetes.client.dsl.base.BaseOperation.get(BaseOperation.java:87)
	at org.springframework.cloud.kubernetes.fabric8.config.Fabric8ConfigUtils.getConfigMapData(Fabric8ConfigUtils.java:118)
	at org.springframework.cloud.kubernetes.fabric8.config.Fabric8ConfigMapPropertySource.getData(Fabric8ConfigMapPropertySource.java:79)
	at org.springframework.cloud.kubernetes.fabric8.config.Fabric8ConfigMapPropertySource.<init>(Fabric8ConfigMapPropertySource.java:70)
	at org.springframework.cloud.kubernetes.fabric8.config.Fabric8ConfigMapPropertySourceLocator.getMapPropertySource(Fabric8ConfigMapPropertySourceLocator.java:74)
	at org.springframework.cloud.kubernetes.commons.config.ConfigMapPropertySourceLocator.getMapPropertySourceForSingleConfigMap(ConfigMapPropertySourceLocator.java:98)
	at org.springframework.cloud.kubernetes.commons.config.ConfigMapPropertySourceLocator.lambda$locate$0(ConfigMapPropertySourceLocator.java:77)
	at java.lang.Iterable.forEach(Iterable.java:75)
	at org.springframework.cloud.kubernetes.commons.config.ConfigMapPropertySourceLocator.locate(ConfigMapPropertySourceLocator.java:77)
	at org.springframework.cloud.kubernetes.fabric8.config.Fabric8ConfigMapPropertySourceLocatorTests.lambda$locateShouldNotThrowExceptionOnFailureWhenFailFastIsDisabled$1(Fabric8ConfigMapPropertySourceLocatorTests.java:77)
	at org.assertj.core.api.ThrowableAssert.catchThrowable(ThrowableAssert.java:63)
	at org.assertj.core.api.NotThrownAssert.isThrownBy(NotThrownAssert.java:43)
	at org.springframework.cloud.kubernetes.fabric8.config.Fabric8ConfigMapPropertySourceLocatorTests.locateShouldNotThrowExceptionOnFailureWhenFailFastIsDisabled(Fabric8ConfigMapPropertySourceLocatorTests.java:77)
	at sun.reflect.NativeMethodAccessorImpl.invoke0(Native Method)
	at sun.reflect.NativeMethodAccessorImpl.invoke(NativeMethodAccessorImpl.java:62)
	at sun.reflect.DelegatingMethodAccessorImpl.invoke(DelegatingMethodAccessorImpl.java:43)
	at java.lang.reflect.Method.invoke(Method.java:498)
	at org.junit.platform.commons.util.ReflectionUtils.invokeMethod(ReflectionUtils.java:725)
	at org.junit.jupiter.engine.execution.MethodInvocation.proceed(MethodInvocation.java:60)
	at org.junit.jupiter.engine.execution.InvocationInterceptorChain$ValidatingInvocation.proceed(InvocationInterceptorChain.java:131)
	at org.junit.jupiter.engine.extension.TimeoutExtension.intercept(TimeoutExtension.java:149)
	at org.junit.jupiter.engine.extension.TimeoutExtension.interceptTestableMethod(TimeoutExtension.java:140)
	at org.junit.jupiter.engine.extension.TimeoutExtension.interceptTestMethod(TimeoutExtension.java:84)
	at org.junit.jupiter.engine.execution.ExecutableInvoker$ReflectiveInterceptorCall.lambda$ofVoidMethod$0(ExecutableInvoker.java:115)
	at org.junit.jupiter.engine.execution.ExecutableInvoker.lambda$invoke$0(ExecutableInvoker.java:105)
	at org.junit.jupiter.engine.execution.InvocationInterceptorChain$InterceptedInvocation.proceed(InvocationInterceptorChain.java:106)
	at org.junit.jupiter.engine.execution.InvocationInterceptorChain.proceed(InvocationInterceptorChain.java:64)
	at org.junit.jupiter.engine.execution.InvocationInterceptorChain.chainAndInvoke(InvocationInterceptorChain.java:45)
	at org.junit.jupiter.engine.execution.InvocationInterceptorChain.invoke(InvocationInterceptorChain.java:37)
	at org.junit.jupiter.engine.execution.ExecutableInvoker.invoke(ExecutableInvoker.java:104)
	at org.junit.jupiter.engine.execution.ExecutableInvoker.invoke(ExecutableInvoker.java:98)
	at org.junit.jupiter.engine.descriptor.TestMethodTestDescriptor.lambda$invokeTestMethod$7(TestMethodTestDescriptor.java:214)
	at org.junit.platform.engine.support.hierarchical.ThrowableCollector.execute(ThrowableCollector.java:73)
	at org.junit.jupiter.engine.descriptor.TestMethodTestDescriptor.invokeTestMethod(TestMethodTestDescriptor.java:210)
	at org.junit.jupiter.engine.descriptor.TestMethodTestDescriptor.execute(TestMethodTestDescriptor.java:135)
	at org.junit.jupiter.engine.descriptor.TestMethodTestDescriptor.execute(TestMethodTestDescriptor.java:66)
	at org.junit.platform.engine.support.hierarchical.NodeTestTask.lambda$executeRecursively$6(NodeTestTask.java:151)
	at org.junit.platform.engine.support.hierarchical.ThrowableCollector.execute(ThrowableCollector.java:73)
	at org.junit.platform.engine.support.hierarchical.NodeTestTask.lambda$executeRecursively$8(NodeTestTask.java:141)
	at org.junit.platform.engine.support.hierarchical.Node.around(Node.java:137)
	at org.junit.platform.engine.support.hierarchical.NodeTestTask.lambda$executeRecursively$9(NodeTestTask.java:139)
	at org.junit.platform.engine.support.hierarchical.ThrowableCollector.execute(ThrowableCollector.java:73)
	at org.junit.platform.engine.support.hierarchical.NodeTestTask.executeRecursively(NodeTestTask.java:138)
	at org.junit.platform.engine.support.hierarchical.NodeTestTask.execute(NodeTestTask.java:95)
	at java.util.ArrayList.forEach(ArrayList.java:1259)
	at org.junit.platform.engine.support.hierarchical.SameThreadHierarchicalTestExecutorService.invokeAll(SameThreadHierarchicalTestExecutorService.java:41)
	at org.junit.platform.engine.support.hierarchical.NodeTestTask.lambda$executeRecursively$6(NodeTestTask.java:155)
	at org.junit.platform.engine.support.hierarchical.ThrowableCollector.execute(ThrowableCollector.java:73)
	at org.junit.platform.engine.support.hierarchical.NodeTestTask.lambda$executeRecursively$8(NodeTestTask.java:141)
	at org.junit.platform.engine.support.hierarchical.Node.around(Node.java:137)
	at org.junit.platform.engine.support.hierarchical.NodeTestTask.lambda$executeRecursively$9(NodeTestTask.java:139)
	at org.junit.platform.engine.support.hierarchical.ThrowableCollector.execute(ThrowableCollector.java:73)
	at org.junit.platform.engine.support.hierarchical.NodeTestTask.executeRecursively(NodeTestTask.java:138)
	at org.junit.platform.engine.support.hierarchical.NodeTestTask.execute(NodeTestTask.java:95)
	at java.util.ArrayList.forEach(ArrayList.java:1259)
	at org.junit.platform.engine.support.hierarchical.SameThreadHierarchicalTestExecutorService.invokeAll(SameThreadHierarchicalTestExecutorService.java:41)
	at org.junit.platform.engine.support.hierarchical.NodeTestTask.lambda$executeRecursively$6(NodeTestTask.java:155)
	at org.junit.platform.engine.support.hierarchical.ThrowableCollector.execute(ThrowableCollector.java:73)
	at org.junit.platform.engine.support.hierarchical.NodeTestTask.lambda$executeRecursively$8(NodeTestTask.java:141)
	at org.junit.platform.engine.support.hierarchical.Node.around(Node.java:137)
	at org.junit.platform.engine.support.hierarchical.NodeTestTask.lambda$executeRecursively$9(NodeTestTask.java:139)
	at org.junit.platform.engine.support.hierarchical.ThrowableCollector.execute(ThrowableCollector.java:73)
	at org.junit.platform.engine.support.hierarchical.NodeTestTask.executeRecursively(NodeTestTask.java:138)
	at org.junit.platform.engine.support.hierarchical.NodeTestTask.execute(NodeTestTask.java:95)
	at org.junit.platform.engine.support.hierarchical.SameThreadHierarchicalTestExecutorService.submit(SameThreadHierarchicalTestExecutorService.java:35)
	at org.junit.platform.engine.support.hierarchical.HierarchicalTestExecutor.execute(HierarchicalTestExecutor.java:57)
	at org.junit.platform.engine.support.hierarchical.HierarchicalTestEngine.execute(HierarchicalTestEngine.java:54)
	at org.junit.platform.launcher.core.DefaultLauncher.execute(DefaultLauncher.java:170)
	at org.junit.platform.launcher.core.DefaultLauncher.execute(DefaultLauncher.java:154)
	at org.junit.platform.launcher.core.DefaultLauncher.execute(DefaultLauncher.java:90)
	at edu.illinois.cs.testrunner.execution.JUnit5TestExecutor.runTestsSeparately(JUnit5TestExecutor.java:40)
	at edu.illinois.cs.testrunner.execution.Executor$.$anonfun$run$1(Executor.scala:33)
	at scala.runtime.java8.JFunction0$mcV$sp.apply(JFunction0$mcV$sp.java:12)
	at scala.util.Try$.apply(Try.scala:209)
	at edu.illinois.cs.testrunner.execution.Executor$.run(Executor.scala:28)
	at edu.illinois.cs.testrunner.execution.Executor$.main(Executor.scala:18)
	at edu.illinois.cs.testrunner.execution.Executor.main(Executor.scala)

2024-04-21 19:31:14.419  INFO 68482 --- [WebServer 57243] okhttp3.mockwebserver.MockWebServer      : MockWebServer[57243] done accepting connections: Socket closed
2024-04-21 19:31:14.434  INFO 68482 --- [WebServer 33395] okhttp3.mockwebserver.MockWebServer      : MockWebServer[33395] starting to accept connections
2024-04-21 19:31:14.439  INFO 68482 --- [WebServer 49763] okhttp3.mockwebserver.MockWebServer      : MockWebServer[49763] starting to accept connections
2024-04-21 19:31:14.442  INFO 68482 --- [           main] .b.t.c.SpringBootTestContextBootstrapper : Neither @ContextConfiguration nor @ContextHierarchy found for test class [org.springframework.cloud.kubernetes.fabric8.config.Fabric8ConfigMapPropertySourceLocatorRetryTests$ConfigFailFastDisabled], using SpringBootContextLoader
2024-04-21 19:31:14.443  INFO 68482 --- [           main] o.s.t.c.support.AbstractContextLoader    : Could not detect default resource locations for test class [org.springframework.cloud.kubernetes.fabric8.config.Fabric8ConfigMapPropertySourceLocatorRetryTests$ConfigFailFastDisabled]: no resource found for suffixes {-context.xml, Context.groovy}.
2024-04-21 19:31:14.447  INFO 68482 --- [           main] .b.t.c.SpringBootTestContextBootstrapper : Loaded default TestExecutionListener class names from location [META-INF/spring.factories]: [org.springframework.boot.test.mock.mockito.MockitoTestExecutionListener, org.springframework.boot.test.mock.mockito.ResetMocksTestExecutionListener, org.springframework.boot.test.autoconfigure.restdocs.RestDocsTestExecutionListener, org.springframework.boot.test.autoconfigure.web.client.MockRestServiceServerResetTestExecutionListener, org.springframework.boot.test.autoconfigure.web.servlet.MockMvcPrintOnlyOnFailureTestExecutionListener, org.springframework.boot.test.autoconfigure.web.servlet.WebDriverTestExecutionListener, org.springframework.boot.test.autoconfigure.webservices.client.MockWebServiceServerTestExecutionListener, org.springframework.test.context.web.ServletTestExecutionListener, org.springframework.test.context.support.DirtiesContextBeforeModesTestExecutionListener, org.springframework.test.context.event.ApplicationEventsTestExecutionListener, org.springframework.test.context.support.DependencyInjectionTestExecutionListener, org.springframework.test.context.support.DirtiesContextTestExecutionListener, org.springframework.test.context.transaction.TransactionalTestExecutionListener, org.springframework.test.context.jdbc.SqlScriptsTestExecutionListener, org.springframework.test.context.event.EventPublishingTestExecutionListener, org.spockframework.spring.SpringMockTestExecutionListener]
2024-04-21 19:31:14.448  INFO 68482 --- [           main] .b.t.c.SpringBootTestContextBootstrapper : Using TestExecutionListeners: [org.springframework.test.context.web.ServletTestExecutionListener@220e1b7b, org.springframework.test.context.support.DirtiesContextBeforeModesTestExecutionListener@54fd5759, org.springframework.test.context.event.ApplicationEventsTestExecutionListener@6a358906, org.springframework.boot.test.mock.mockito.MockitoTestExecutionListener@893081e, org.springframework.boot.test.autoconfigure.SpringBootDependencyInjectionTestExecutionListener@5a941fb4, org.springframework.test.context.support.DirtiesContextTestExecutionListener@646ddc20, org.springframework.test.context.event.EventPublishingTestExecutionListener@22561412, org.springframework.boot.test.mock.mockito.ResetMocksTestExecutionListener@32153bbe, org.springframework.boot.test.autoconfigure.restdocs.RestDocsTestExecutionListener@4806fbf7, org.springframework.boot.test.autoconfigure.web.client.MockRestServiceServerResetTestExecutionListener@4280b20b, org.springframework.boot.test.autoconfigure.web.servlet.MockMvcPrintOnlyOnFailureTestExecutionListener@50e4d8cd, org.springframework.boot.test.autoconfigure.web.servlet.WebDriverTestExecutionListener@4b37d1a4, org.springframework.boot.test.autoconfigure.webservices.client.MockWebServiceServerTestExecutionListener@34114276, org.spockframework.spring.SpringMockTestExecutionListener@73c6ae15]
2024-04-21 19:31:14.503  WARN 68482 --- [           main] ubernetesProfileEnvironmentPostProcessor : Not running inside kubernetes. Skipping 'kubernetes' profile activation.

  .   ____          _            __ _ _
 /\\ / ___'_ __ _ _(_)_ __  __ _ \ \ \ \
( ( )\___ | '_ | '_| | '_ \/ _` | \ \ \ \
 \\/  ___)| |_)| | | | | || (_| |  ) ) ) )
  '  |____| .__|_| |_|_| |_\__, | / / / /
 =========|_|==============|___/=/_/_/_/
 :: Spring Boot ::                (v2.6.3)

2024-04-21 19:31:14.596  INFO 68482 --- [           main] s.c.k.f.c.Fabric8ConfigMapPropertySource : Loading ConfigMap with name 'application' in namespace 'default'
2024-04-21 19:31:14.718  INFO 68482 --- [127.0.0.1:43086] okhttp3.mockwebserver.MockWebServer      : MockWebServer[33395] received request: GET /api/v1/namespaces/default/configmaps/application HTTP/1.1 and responded: HTTP/1.1 404 Client Error
2024-04-21 19:31:14.721  INFO 68482 --- [           main] o.s.c.k.f.config.Fabric8ConfigUtils      : config-map with name : 'application' not present in namespace : 'default'
2024-04-21 19:31:14.721  INFO 68482 --- [           main] b.c.PropertySourceBootstrapConfiguration : Located property source: [BootstrapPropertySource {name='bootstrapProperties-configmap.application.default'}]
2024-04-21 19:31:14.726  WARN 68482 --- [           main] ubernetesProfileEnvironmentPostProcessor : Not running inside kubernetes. Skipping 'kubernetes' profile activation.
2024-04-21 19:31:14.727  INFO 68482 --- [           main] LocatorRetryTests$ConfigFailFastDisabled : No active profile set, falling back to default profiles: default
2024-04-21 19:31:15.128  INFO 68482 --- [           main] o.s.cloud.context.scope.GenericScope     : BeanFactory id=94652287-2eb9-367e-b08b-eea09b3b2900
2024-04-21 19:31:15.718  INFO 68482 --- [           main] LocatorRetryTests$ConfigFailFastDisabled : Started Fabric8ConfigMapPropertySourceLocatorRetryTests.ConfigFailFastDisabled in 1.268 seconds (JVM running for 12.606)
2024-04-21 19:31:15.727  INFO 68482 --- [WebServer 43385] okhttp3.mockwebserver.MockWebServer      : MockWebServer[43385] starting to accept connections
2024-04-21 19:31:15.736  INFO 68482 --- [           main] s.c.k.f.c.Fabric8ConfigMapPropertySource : Loading ConfigMap with name 'application' in namespace 'default'
2024-04-21 19:31:15.739  INFO 68482 --- [127.0.0.1:43086] okhttp3.mockwebserver.MockWebServer      : MockWebServer[33395] received request: GET /api/v1/namespaces/default/configmaps/application HTTP/1.1 and responded: HTTP/1.1 500 Server Error
2024-04-21 19:31:15.740  WARN 68482 --- [           main] s.c.k.f.c.Fabric8ConfigMapPropertySource : Can't read configMap with name: [application] in namespace: [default]. Ignoring.

io.fabric8.kubernetes.client.KubernetesClientException: Failure executing: GET at: https://localhost:33395/api/v1/namespaces/default/configmaps/application. Message: Internal Server Error.
	at io.fabric8.kubernetes.client.dsl.base.OperationSupport.requestFailure(OperationSupport.java:694)
	at io.fabric8.kubernetes.client.dsl.base.OperationSupport.requestFailure(OperationSupport.java:673)
	at io.fabric8.kubernetes.client.dsl.base.OperationSupport.assertResponseCode(OperationSupport.java:626)
	at io.fabric8.kubernetes.client.dsl.base.OperationSupport.handleResponse(OperationSupport.java:566)
	at io.fabric8.kubernetes.client.dsl.base.OperationSupport.handleResponse(OperationSupport.java:527)
	at io.fabric8.kubernetes.client.dsl.base.OperationSupport.handleGet(OperationSupport.java:494)
	at io.fabric8.kubernetes.client.dsl.base.OperationSupport.handleGet(OperationSupport.java:476)
	at io.fabric8.kubernetes.client.dsl.base.BaseOperation.handleGet(BaseOperation.java:788)
	at io.fabric8.kubernetes.client.dsl.base.BaseOperation.getMandatory(BaseOperation.java:187)
	at io.fabric8.kubernetes.client.dsl.base.BaseOperation.get(BaseOperation.java:154)
	at io.fabric8.kubernetes.client.dsl.base.BaseOperation.get(BaseOperation.java:87)
	at org.springframework.cloud.kubernetes.fabric8.config.Fabric8ConfigUtils.getConfigMapData(Fabric8ConfigUtils.java:118)
	at org.springframework.cloud.kubernetes.fabric8.config.Fabric8ConfigMapPropertySource.getData(Fabric8ConfigMapPropertySource.java:79)
	at org.springframework.cloud.kubernetes.fabric8.config.Fabric8ConfigMapPropertySource.<init>(Fabric8ConfigMapPropertySource.java:70)
	at org.springframework.cloud.kubernetes.fabric8.config.Fabric8ConfigMapPropertySourceLocator.getMapPropertySource(Fabric8ConfigMapPropertySourceLocator.java:74)
	at org.springframework.cloud.kubernetes.fabric8.config.Fabric8ConfigMapPropertySourceLocator$MockitoMock$491281388.getMapPropertySource$accessor$Efpb3QMT(Unknown Source)
	at org.springframework.cloud.kubernetes.fabric8.config.Fabric8ConfigMapPropertySourceLocator$MockitoMock$491281388$auxiliary$or3faFpj.call(Unknown Source)
	at org.mockito.internal.invocation.RealMethod$FromCallable$1.call(RealMethod.java:40)
	at org.mockito.internal.invocation.RealMethod$FromBehavior.invoke(RealMethod.java:62)
	at org.mockito.internal.invocation.InterceptedInvocation.callRealMethod(InterceptedInvocation.java:142)
	at org.mockito.internal.stubbing.answers.CallsRealMethods.answer(CallsRealMethods.java:45)
	at org.mockito.Answers.answer(Answers.java:90)
	at org.mockito.internal.handler.MockHandlerImpl.handle(MockHandlerImpl.java:110)
	at org.mockito.internal.handler.NullResultGuardian.handle(NullResultGuardian.java:29)
	at org.mockito.internal.handler.InvocationNotifierHandler.handle(InvocationNotifierHandler.java:34)
	at org.mockito.internal.creation.bytebuddy.MockMethodInterceptor.doIntercept(MockMethodInterceptor.java:82)
	at org.mockito.internal.creation.bytebuddy.MockMethodInterceptor.doIntercept(MockMethodInterceptor.java:56)
	at org.mockito.internal.creation.bytebuddy.MockMethodInterceptor$DispatcherDefaultingToRealMethod.interceptSuperCallable(MockMethodInterceptor.java:145)
	at org.springframework.cloud.kubernetes.fabric8.config.Fabric8ConfigMapPropertySourceLocator$MockitoMock$491281388.getMapPropertySource(Unknown Source)
	at org.springframework.cloud.kubernetes.commons.config.ConfigMapPropertySourceLocator.getMapPropertySourceForSingleConfigMap(ConfigMapPropertySourceLocator.java:98)
	at org.springframework.cloud.kubernetes.commons.config.ConfigMapPropertySourceLocator.lambda$locate$0(ConfigMapPropertySourceLocator.java:77)
	at java.lang.Iterable.forEach(Iterable.java:75)
	at org.springframework.cloud.kubernetes.commons.config.ConfigMapPropertySourceLocator.locate(ConfigMapPropertySourceLocator.java:77)
	at org.springframework.cloud.kubernetes.fabric8.config.Fabric8ConfigMapPropertySourceLocator$MockitoMock$491281388.locate$accessor$Efpb3QMT(Unknown Source)
	at org.springframework.cloud.kubernetes.fabric8.config.Fabric8ConfigMapPropertySourceLocator$MockitoMock$491281388$auxiliary$GEKqeuw9.call(Unknown Source)
	at org.mockito.internal.invocation.RealMethod$FromCallable$1.call(RealMethod.java:40)
	at org.mockito.internal.invocation.RealMethod$FromBehavior.invoke(RealMethod.java:62)
	at org.mockito.internal.invocation.InterceptedInvocation.callRealMethod(InterceptedInvocation.java:142)
	at org.mockito.internal.stubbing.answers.CallsRealMethods.answer(CallsRealMethods.java:45)
	at org.mockito.Answers.answer(Answers.java:90)
	at org.mockito.internal.handler.MockHandlerImpl.handle(MockHandlerImpl.java:110)
	at org.mockito.internal.handler.NullResultGuardian.handle(NullResultGuardian.java:29)
	at org.mockito.internal.handler.InvocationNotifierHandler.handle(InvocationNotifierHandler.java:34)
	at org.mockito.internal.creation.bytebuddy.MockMethodInterceptor.doIntercept(MockMethodInterceptor.java:82)
	at org.mockito.internal.creation.bytebuddy.MockMethodInterceptor.doIntercept(MockMethodInterceptor.java:56)
	at org.mockito.internal.creation.bytebuddy.MockMethodInterceptor$DispatcherDefaultingToRealMethod.interceptSuperCallable(MockMethodInterceptor.java:145)
	at org.springframework.cloud.kubernetes.fabric8.config.Fabric8ConfigMapPropertySourceLocator$MockitoMock$491281388.locate(Unknown Source)
	at org.springframework.cloud.kubernetes.fabric8.config.Fabric8ConfigMapPropertySourceLocatorRetryTests$ConfigFailFastDisabled.lambda$locateShouldNotRetry$0(Fabric8ConfigMapPropertySourceLocatorRetryTests.java:152)
	at org.junit.jupiter.api.AssertDoesNotThrow.assertDoesNotThrow(AssertDoesNotThrow.java:72)
	at org.junit.jupiter.api.AssertDoesNotThrow.assertDoesNotThrow(AssertDoesNotThrow.java:59)
	at org.junit.jupiter.api.Assertions.assertDoesNotThrow(Assertions.java:3195)
	at org.springframework.cloud.kubernetes.fabric8.config.Fabric8ConfigMapPropertySourceLocatorRetryTests$ConfigFailFastDisabled.locateShouldNotRetry(Fabric8ConfigMapPropertySourceLocatorRetryTests.java:152)
	at sun.reflect.NativeMethodAccessorImpl.invoke0(Native Method)
	at sun.reflect.NativeMethodAccessorImpl.invoke(NativeMethodAccessorImpl.java:62)
	at sun.reflect.DelegatingMethodAccessorImpl.invoke(DelegatingMethodAccessorImpl.java:43)
	at java.lang.reflect.Method.invoke(Method.java:498)
	at org.junit.platform.commons.util.ReflectionUtils.invokeMethod(ReflectionUtils.java:725)
	at org.junit.jupiter.engine.execution.MethodInvocation.proceed(MethodInvocation.java:60)
	at org.junit.jupiter.engine.execution.InvocationInterceptorChain$ValidatingInvocation.proceed(InvocationInterceptorChain.java:131)
	at org.junit.jupiter.engine.extension.TimeoutExtension.intercept(TimeoutExtension.java:149)
	at org.junit.jupiter.engine.extension.TimeoutExtension.interceptTestableMethod(TimeoutExtension.java:140)
	at org.junit.jupiter.engine.extension.TimeoutExtension.interceptTestMethod(TimeoutExtension.java:84)
	at org.junit.jupiter.engine.execution.ExecutableInvoker$ReflectiveInterceptorCall.lambda$ofVoidMethod$0(ExecutableInvoker.java:115)
	at org.junit.jupiter.engine.execution.ExecutableInvoker.lambda$invoke$0(ExecutableInvoker.java:105)
	at org.junit.jupiter.engine.execution.InvocationInterceptorChain$InterceptedInvocation.proceed(InvocationInterceptorChain.java:106)
	at org.junit.jupiter.engine.execution.InvocationInterceptorChain.proceed(InvocationInterceptorChain.java:64)
	at org.junit.jupiter.engine.execution.InvocationInterceptorChain.chainAndInvoke(InvocationInterceptorChain.java:45)
	at org.junit.jupiter.engine.execution.InvocationInterceptorChain.invoke(InvocationInterceptorChain.java:37)
	at org.junit.jupiter.engine.execution.ExecutableInvoker.invoke(ExecutableInvoker.java:104)
	at org.junit.jupiter.engine.execution.ExecutableInvoker.invoke(ExecutableInvoker.java:98)
	at org.junit.jupiter.engine.descriptor.TestMethodTestDescriptor.lambda$invokeTestMethod$7(TestMethodTestDescriptor.java:214)
	at org.junit.platform.engine.support.hierarchical.ThrowableCollector.execute(ThrowableCollector.java:73)
	at org.junit.jupiter.engine.descriptor.TestMethodTestDescriptor.invokeTestMethod(TestMethodTestDescriptor.java:210)
	at org.junit.jupiter.engine.descriptor.TestMethodTestDescriptor.execute(TestMethodTestDescriptor.java:135)
	at org.junit.jupiter.engine.descriptor.TestMethodTestDescriptor.execute(TestMethodTestDescriptor.java:66)
	at org.junit.platform.engine.support.hierarchical.NodeTestTask.lambda$executeRecursively$6(NodeTestTask.java:151)
	at org.junit.platform.engine.support.hierarchical.ThrowableCollector.execute(ThrowableCollector.java:73)
	at org.junit.platform.engine.support.hierarchical.NodeTestTask.lambda$executeRecursively$8(NodeTestTask.java:141)
	at org.junit.platform.engine.support.hierarchical.Node.around(Node.java:137)
	at org.junit.platform.engine.support.hierarchical.NodeTestTask.lambda$executeRecursively$9(NodeTestTask.java:139)
	at org.junit.platform.engine.support.hierarchical.ThrowableCollector.execute(ThrowableCollector.java:73)
	at org.junit.platform.engine.support.hierarchical.NodeTestTask.executeRecursively(NodeTestTask.java:138)
	at org.junit.platform.engine.support.hierarchical.NodeTestTask.execute(NodeTestTask.java:95)
	at java.util.ArrayList.forEach(ArrayList.java:1259)
	at org.junit.platform.engine.support.hierarchical.SameThreadHierarchicalTestExecutorService.invokeAll(SameThreadHierarchicalTestExecutorService.java:41)
	at org.junit.platform.engine.support.hierarchical.NodeTestTask.lambda$executeRecursively$6(NodeTestTask.java:155)
	at org.junit.platform.engine.support.hierarchical.ThrowableCollector.execute(ThrowableCollector.java:73)
	at org.junit.platform.engine.support.hierarchical.NodeTestTask.lambda$executeRecursively$8(NodeTestTask.java:141)
	at org.junit.platform.engine.support.hierarchical.Node.around(Node.java:137)
	at org.junit.platform.engine.support.hierarchical.NodeTestTask.lambda$executeRecursively$9(NodeTestTask.java:139)
	at org.junit.platform.engine.support.hierarchical.ThrowableCollector.execute(ThrowableCollector.java:73)
	at org.junit.platform.engine.support.hierarchical.NodeTestTask.executeRecursively(NodeTestTask.java:138)
	at org.junit.platform.engine.support.hierarchical.NodeTestTask.execute(NodeTestTask.java:95)
	at java.util.ArrayList.forEach(ArrayList.java:1259)
	at org.junit.platform.engine.support.hierarchical.SameThreadHierarchicalTestExecutorService.invokeAll(SameThreadHierarchicalTestExecutorService.java:41)
	at org.junit.platform.engine.support.hierarchical.NodeTestTask.lambda$executeRecursively$6(NodeTestTask.java:155)
	at org.junit.platform.engine.support.hierarchical.ThrowableCollector.execute(ThrowableCollector.java:73)
	at org.junit.platform.engine.support.hierarchical.NodeTestTask.lambda$executeRecursively$8(NodeTestTask.java:141)
	at org.junit.platform.engine.support.hierarchical.Node.around(Node.java:137)
	at org.junit.platform.engine.support.hierarchical.NodeTestTask.lambda$executeRecursively$9(NodeTestTask.java:139)
	at org.junit.platform.engine.support.hierarchical.ThrowableCollector.execute(ThrowableCollector.java:73)
	at org.junit.platform.engine.support.hierarchical.NodeTestTask.executeRecursively(NodeTestTask.java:138)
	at org.junit.platform.engine.support.hierarchical.NodeTestTask.execute(NodeTestTask.java:95)
	at java.util.ArrayList.forEach(ArrayList.java:1259)
	at org.junit.platform.engine.support.hierarchical.SameThreadHierarchicalTestExecutorService.invokeAll(SameThreadHierarchicalTestExecutorService.java:41)
	at org.junit.platform.engine.support.hierarchical.NodeTestTask.lambda$executeRecursively$6(NodeTestTask.java:155)
	at org.junit.platform.engine.support.hierarchical.ThrowableCollector.execute(ThrowableCollector.java:73)
	at org.junit.platform.engine.support.hierarchical.NodeTestTask.lambda$executeRecursively$8(NodeTestTask.java:141)
	at org.junit.platform.engine.support.hierarchical.Node.around(Node.java:137)
	at org.junit.platform.engine.support.hierarchical.NodeTestTask.lambda$executeRecursively$9(NodeTestTask.java:139)
	at org.junit.platform.engine.support.hierarchical.ThrowableCollector.execute(ThrowableCollector.java:73)
	at org.junit.platform.engine.support.hierarchical.NodeTestTask.executeRecursively(NodeTestTask.java:138)
	at org.junit.platform.engine.support.hierarchical.NodeTestTask.execute(NodeTestTask.java:95)
	at org.junit.platform.engine.support.hierarchical.SameThreadHierarchicalTestExecutorService.submit(SameThreadHierarchicalTestExecutorService.java:35)
	at org.junit.platform.engine.support.hierarchical.HierarchicalTestExecutor.execute(HierarchicalTestExecutor.java:57)
	at org.junit.platform.engine.support.hierarchical.HierarchicalTestEngine.execute(HierarchicalTestEngine.java:54)
	at org.junit.platform.launcher.core.DefaultLauncher.execute(DefaultLauncher.java:170)
	at org.junit.platform.launcher.core.DefaultLauncher.execute(DefaultLauncher.java:154)
	at org.junit.platform.launcher.core.DefaultLauncher.execute(DefaultLauncher.java:90)
	at edu.illinois.cs.testrunner.execution.JUnit5TestExecutor.runTestsSeparately(JUnit5TestExecutor.java:40)
	at edu.illinois.cs.testrunner.execution.Executor$.$anonfun$run$1(Executor.scala:33)
	at scala.runtime.java8.JFunction0$mcV$sp.apply(JFunction0$mcV$sp.java:12)
	at scala.util.Try$.apply(Try.scala:209)
	at edu.illinois.cs.testrunner.execution.Executor$.run(Executor.scala:28)
	at edu.illinois.cs.testrunner.execution.Executor$.main(Executor.scala:18)
	at edu.illinois.cs.testrunner.execution.Executor.main(Executor.scala)

2024-04-21 19:31:15.754  INFO 68482 --- [WebServer 43385] okhttp3.mockwebserver.MockWebServer      : MockWebServer[43385] done accepting connections: Socket closed
2024-04-21 19:31:15.764  INFO 68482 --- [WebServer 45413] okhttp3.mockwebserver.MockWebServer      : MockWebServer[45413] starting to accept connections
2024-04-21 19:31:15.768  INFO 68482 --- [WebServer 48031] okhttp3.mockwebserver.MockWebServer      : MockWebServer[48031] starting to accept connections
2024-04-21 19:31:15.775  INFO 68482 --- [WebServer 48031] okhttp3.mockwebserver.MockWebServer      : MockWebServer[48031] done accepting connections: Socket closed
2024-04-21 19:31:15.780  INFO 68482 --- [WebServer 53929] okhttp3.mockwebserver.MockWebServer      : MockWebServer[53929] starting to accept connections
2024-04-21 19:31:15.783  INFO 68482 --- [WebServer 37059] okhttp3.mockwebserver.MockWebServer      : MockWebServer[37059] starting to accept connections
2024-04-21 19:31:15.788  INFO 68482 --- [127.0.0.1:35268] okhttp3.mockwebserver.MockWebServer      : MockWebServer[53929] received request: POST /api/v1/namespaces/test/configmaps HTTP/1.1 and responded: HTTP/1.1 200 OK
2024-04-21 19:31:15.788  INFO 68482 --- [           main] s.c.k.f.c.Fabric8ConfigMapPropertySource : Loading ConfigMap with name 'single-non-standard-test' in namespace 'test'
2024-04-21 19:31:15.790  INFO 68482 --- [127.0.0.1:35268] okhttp3.mockwebserver.MockWebServer      : MockWebServer[53929] received request: GET /api/v1/namespaces/test/configmaps/single-non-standard-test HTTP/1.1 and responded: HTTP/1.1 200 OK
2024-04-21 19:31:15.838  INFO 68482 --- [WebServer 37059] okhttp3.mockwebserver.MockWebServer      : MockWebServer[37059] done accepting connections: Socket closed
2024-04-21 19:31:15.844  INFO 68482 --- [           main] .b.t.c.SpringBootTestContextBootstrapper : Neither @ContextConfiguration nor @ContextHierarchy found for test class [org.springframework.cloud.kubernetes.fabric8.config.ConfigMapsWithActiveProfilesNameTests], using SpringBootContextLoader
2024-04-21 19:31:15.845  INFO 68482 --- [           main] o.s.t.c.support.AbstractContextLoader    : Could not detect default resource locations for test class [org.springframework.cloud.kubernetes.fabric8.config.ConfigMapsWithActiveProfilesNameTests]: no resource found for suffixes {-context.xml, Context.groovy}.
2024-04-21 19:31:15.848  INFO 68482 --- [           main] .b.t.c.SpringBootTestContextBootstrapper : Loaded default TestExecutionListener class names from location [META-INF/spring.factories]: [org.springframework.boot.test.mock.mockito.MockitoTestExecutionListener, org.springframework.boot.test.mock.mockito.ResetMocksTestExecutionListener, org.springframework.boot.test.autoconfigure.restdocs.RestDocsTestExecutionListener, org.springframework.boot.test.autoconfigure.web.client.MockRestServiceServerResetTestExecutionListener, org.springframework.boot.test.autoconfigure.web.servlet.MockMvcPrintOnlyOnFailureTestExecutionListener, org.springframework.boot.test.autoconfigure.web.servlet.WebDriverTestExecutionListener, org.springframework.boot.test.autoconfigure.webservices.client.MockWebServiceServerTestExecutionListener, org.springframework.test.context.web.ServletTestExecutionListener, org.springframework.test.context.support.DirtiesContextBeforeModesTestExecutionListener, org.springframework.test.context.event.ApplicationEventsTestExecutionListener, org.springframework.test.context.support.DependencyInjectionTestExecutionListener, org.springframework.test.context.support.DirtiesContextTestExecutionListener, org.springframework.test.context.transaction.TransactionalTestExecutionListener, org.springframework.test.context.jdbc.SqlScriptsTestExecutionListener, org.springframework.test.context.event.EventPublishingTestExecutionListener, org.spockframework.spring.SpringMockTestExecutionListener]
2024-04-21 19:31:15.849  INFO 68482 --- [           main] .b.t.c.SpringBootTestContextBootstrapper : Using TestExecutionListeners: [org.springframework.test.context.web.ServletTestExecutionListener@5980e29f, org.springframework.test.context.support.DirtiesContextBeforeModesTestExecutionListener@2cdd156b, org.springframework.test.context.event.ApplicationEventsTestExecutionListener@487bc2fe, org.springframework.boot.test.mock.mockito.MockitoTestExecutionListener@58038583, org.springframework.boot.test.autoconfigure.SpringBootDependencyInjectionTestExecutionListener@6491006, org.springframework.test.context.support.DirtiesContextTestExecutionListener@42fb2be9, org.springframework.test.context.event.EventPublishingTestExecutionListener@54816d7a, org.springframework.boot.test.mock.mockito.ResetMocksTestExecutionListener@106ac5f4, org.springframework.boot.test.autoconfigure.restdocs.RestDocsTestExecutionListener@5eed2edf, org.springframework.boot.test.autoconfigure.web.client.MockRestServiceServerResetTestExecutionListener@4552e288, org.springframework.boot.test.autoconfigure.web.servlet.MockMvcPrintOnlyOnFailureTestExecutionListener@1a67bde5, org.springframework.boot.test.autoconfigure.web.servlet.WebDriverTestExecutionListener@5c648e38, org.springframework.boot.test.autoconfigure.webservices.client.MockWebServiceServerTestExecutionListener@6bc8d8bd, org.spockframework.spring.SpringMockTestExecutionListener@395c21ee]
2024-04-21 19:31:15.852  INFO 68482 --- [WebServer 39727] okhttp3.mockwebserver.MockWebServer      : MockWebServer[39727] starting to accept connections
2024-04-21 19:31:15.857  INFO 68482 --- [127.0.0.1:45988] okhttp3.mockwebserver.MockWebServer      : MockWebServer[39727] received request: POST /api/v1/namespaces/test/configmaps HTTP/1.1 and responded: HTTP/1.1 200 OK
2024-04-21 19:31:15.861  INFO 68482 --- [127.0.0.1:45988] okhttp3.mockwebserver.MockWebServer      : MockWebServer[39727] received request: POST /api/v1/namespaces/test/configmaps HTTP/1.1 and responded: HTTP/1.1 200 OK
2024-04-21 19:31:15.955  WARN 68482 --- [           main] ubernetesProfileEnvironmentPostProcessor : Not running inside kubernetes. Skipping 'kubernetes' profile activation.

  .   ____          _            __ _ _
 /\\ / ___'_ __ _ _(_)_ __  __ _ \ \ \ \
( ( )\___ | '_ | '_| | '_ \/ _` | \ \ \ \
 \\/  ___)| |_)| | | | | || (_| |  ) ) ) )
  '  |____| .__|_| |_|_| |_\__, | / / / /
 =========|_|==============|___/=/_/_/_/
 :: Spring Boot ::                (v2.6.3)

2024-04-21 19:31:16.039  INFO 68482 --- [           main] s.c.k.f.c.Fabric8ConfigMapPropertySource : Loading ConfigMap with name 'configmap-with-active-profile-name-example' in namespace 'test'
2024-04-21 19:31:16.042  INFO 68482 --- [127.0.0.1:45994] okhttp3.mockwebserver.MockWebServer      : MockWebServer[39727] received request: GET /api/v1/namespaces/test/configmaps/configmap-with-active-profile-name-example HTTP/1.1 and responded: HTTP/1.1 200 OK
2024-04-21 19:31:16.052  INFO 68482 --- [127.0.0.1:45994] okhttp3.mockwebserver.MockWebServer      : MockWebServer[39727] received request: GET /api/v1/namespaces/test/configmaps/configmap-with-active-profile-name-example-development HTTP/1.1 and responded: HTTP/1.1 200 OK
2024-04-21 19:31:16.093  INFO 68482 --- [           main] b.c.PropertySourceBootstrapConfiguration : Located property source: [BootstrapPropertySource {name='bootstrapProperties-configmap.configmap-with-active-profile-name-example.test'}]
2024-04-21 19:31:16.097  WARN 68482 --- [           main] ubernetesProfileEnvironmentPostProcessor : Not running inside kubernetes. Skipping 'kubernetes' profile activation.
2024-04-21 19:31:16.097  INFO 68482 --- [           main] .c.ConfigMapsWithActiveProfilesNameTests : The following profiles are active: development
2024-04-21 19:31:16.321  INFO 68482 --- [           main] o.s.cloud.context.scope.GenericScope     : BeanFactory id=affffd22-e438-321b-a0d0-967c2140a2e8
2024-04-21 19:31:16.443  INFO 68482 --- [           main] o.s.b.w.embedded.tomcat.TomcatWebServer  : Tomcat initialized with port(s): 0 (http)
2024-04-21 19:31:16.444  INFO 68482 --- [           main] o.apache.catalina.core.StandardService   : Starting service [Tomcat]
2024-04-21 19:31:16.445  INFO 68482 --- [           main] org.apache.catalina.core.StandardEngine  : Starting Servlet engine: [Apache Tomcat/9.0.56]
2024-04-21 19:31:16.457  INFO 68482 --- [           main] o.a.c.c.C.[Tomcat-2].[localhost].[/]     : Initializing Spring embedded WebApplicationContext
2024-04-21 19:31:16.457  INFO 68482 --- [           main] w.s.c.ServletWebServerApplicationContext : Root WebApplicationContext: initialization completed in 359 ms
2024-04-21 19:31:17.186  INFO 68482 --- [           main] o.s.b.a.e.web.EndpointLinksResolver      : Exposing 1 endpoint(s) beneath base path '/actuator'
2024-04-21 19:31:17.261  INFO 68482 --- [           main] o.s.b.w.embedded.tomcat.TomcatWebServer  : Tomcat started on port(s): 36265 (http) with context path ''
2024-04-21 19:31:17.270  INFO 68482 --- [           main] .c.ConfigMapsWithActiveProfilesNameTests : Started ConfigMapsWithActiveProfilesNameTests in 1.366 seconds (JVM running for 14.158)
2024-04-21 19:31:17.288  INFO 68482 --- [WebServer 52033] okhttp3.mockwebserver.MockWebServer      : MockWebServer[52033] starting to accept connections
2024-04-21 19:31:17.296  INFO 68482 --- [o-auto-3-exec-1] o.a.c.c.C.[Tomcat-2].[localhost].[/]     : Initializing Spring DispatcherServlet 'dispatcherServlet'
2024-04-21 19:31:17.296  INFO 68482 --- [o-auto-3-exec-1] o.s.web.servlet.DispatcherServlet        : Initializing Servlet 'dispatcherServlet'
2024-04-21 19:31:17.297  INFO 68482 --- [o-auto-3-exec-1] o.s.web.servlet.DispatcherServlet        : Completed initialization in 1 ms
2024-04-21 19:31:17.315  INFO 68482 --- [WebServer 52033] okhttp3.mockwebserver.MockWebServer      : MockWebServer[52033] done accepting connections: Socket closed
2024-04-21 19:31:17.320  INFO 68482 --- [WebServer 48811] okhttp3.mockwebserver.MockWebServer      : MockWebServer[48811] starting to accept connections
2024-04-21 19:31:17.323  INFO 68482 --- [WebServer 42031] okhttp3.mockwebserver.MockWebServer      : MockWebServer[42031] starting to accept connections
2024-04-21 19:31:17.324  INFO 68482 --- [           main] o.s.c.k.f.c.Fabric8SecretsPropertySource : Loading Secret with name 'my-config' or with labels [{}] in namespace 'default'
2024-04-21 19:31:17.425  INFO 68482 --- [127.0.0.1:41754] okhttp3.mockwebserver.MockWebServer      : MockWebServer[48811] received request: GET /api/v1/namespaces/default/secrets/my-config HTTP/1.1 and responded: HTTP/1.1 500 Server Error
2024-04-21 19:31:17.466  WARN 68482 --- [           main] o.s.c.k.f.c.Fabric8SecretsPropertySource : Can't read secret with name: [my-config] or labels [{}] in namespace: [default] (cause: Failure executing: GET at: https://localhost:48811/api/v1/namespaces/default/secrets/my-config. Message: Internal Server Error.). Ignoring
2024-04-21 19:31:17.466  INFO 68482 --- [WebServer 42031] okhttp3.mockwebserver.MockWebServer      : MockWebServer[42031] done accepting connections: Socket closed
2024-04-21 19:31:17.470  INFO 68482 --- [           main] .b.t.c.SpringBootTestContextBootstrapper : Neither @ContextConfiguration nor @ContextHierarchy found for test class [org.springframework.cloud.kubernetes.fabric8.config.MultipleConfigMapsTests], using SpringBootContextLoader
2024-04-21 19:31:17.471  INFO 68482 --- [           main] o.s.t.c.support.AbstractContextLoader    : Could not detect default resource locations for test class [org.springframework.cloud.kubernetes.fabric8.config.MultipleConfigMapsTests]: no resource found for suffixes {-context.xml, Context.groovy}.
2024-04-21 19:31:17.474  INFO 68482 --- [           main] .b.t.c.SpringBootTestContextBootstrapper : Loaded default TestExecutionListener class names from location [META-INF/spring.factories]: [org.springframework.boot.test.mock.mockito.MockitoTestExecutionListener, org.springframework.boot.test.mock.mockito.ResetMocksTestExecutionListener, org.springframework.boot.test.autoconfigure.restdocs.RestDocsTestExecutionListener, org.springframework.boot.test.autoconfigure.web.client.MockRestServiceServerResetTestExecutionListener, org.springframework.boot.test.autoconfigure.web.servlet.MockMvcPrintOnlyOnFailureTestExecutionListener, org.springframework.boot.test.autoconfigure.web.servlet.WebDriverTestExecutionListener, org.springframework.boot.test.autoconfigure.webservices.client.MockWebServiceServerTestExecutionListener, org.springframework.test.context.web.ServletTestExecutionListener, org.springframework.test.context.support.DirtiesContextBeforeModesTestExecutionListener, org.springframework.test.context.event.ApplicationEventsTestExecutionListener, org.springframework.test.context.support.DependencyInjectionTestExecutionListener, org.springframework.test.context.support.DirtiesContextTestExecutionListener, org.springframework.test.context.transaction.TransactionalTestExecutionListener, org.springframework.test.context.jdbc.SqlScriptsTestExecutionListener, org.springframework.test.context.event.EventPublishingTestExecutionListener, org.spockframework.spring.SpringMockTestExecutionListener]
2024-04-21 19:31:17.475  INFO 68482 --- [           main] .b.t.c.SpringBootTestContextBootstrapper : Using TestExecutionListeners: [org.springframework.test.context.web.ServletTestExecutionListener@506654fa, org.springframework.test.context.support.DirtiesContextBeforeModesTestExecutionListener@4468ced2, org.springframework.test.context.event.ApplicationEventsTestExecutionListener@21f421b8, org.springframework.boot.test.mock.mockito.MockitoTestExecutionListener@4e3bc13b, org.springframework.boot.test.autoconfigure.SpringBootDependencyInjectionTestExecutionListener@2c989d82, org.springframework.test.context.support.DirtiesContextTestExecutionListener@2e04c89d, org.springframework.test.context.event.EventPublishingTestExecutionListener@2e7dd504, org.springframework.boot.test.mock.mockito.ResetMocksTestExecutionListener@3e5febe9, org.springframework.boot.test.autoconfigure.restdocs.RestDocsTestExecutionListener@5643052d, org.springframework.boot.test.autoconfigure.web.client.MockRestServiceServerResetTestExecutionListener@5e0b7f58, org.springframework.boot.test.autoconfigure.web.servlet.MockMvcPrintOnlyOnFailureTestExecutionListener@1e9e4468, org.springframework.boot.test.autoconfigure.web.servlet.WebDriverTestExecutionListener@5fdff4f1, org.springframework.boot.test.autoconfigure.webservices.client.MockWebServiceServerTestExecutionListener@117be84a, org.spockframework.spring.SpringMockTestExecutionListener@140fa482]
2024-04-21 19:31:17.478  INFO 68482 --- [WebServer 53059] okhttp3.mockwebserver.MockWebServer      : MockWebServer[53059] starting to accept connections
2024-04-21 19:31:17.482  INFO 68482 --- [127.0.0.1:47064] okhttp3.mockwebserver.MockWebServer      : MockWebServer[53059] received request: POST /api/v1/namespaces/defnamespace/configmaps HTTP/1.1 and responded: HTTP/1.1 200 OK
2024-04-21 19:31:17.486  INFO 68482 --- [127.0.0.1:47064] okhttp3.mockwebserver.MockWebServer      : MockWebServer[53059] received request: POST /api/v1/namespaces/s2/configmaps HTTP/1.1 and responded: HTTP/1.1 200 OK
2024-04-21 19:31:17.531  INFO 68482 --- [127.0.0.1:47064] okhttp3.mockwebserver.MockWebServer      : MockWebServer[53059] received request: POST /api/v1/namespaces/othernamespace/configmaps HTTP/1.1 and responded: HTTP/1.1 200 OK
2024-04-21 19:31:17.576  INFO 68482 --- [WebServer 35613] okhttp3.mockwebserver.MockWebServer      : MockWebServer[35613] starting to accept connections
2024-04-21 19:31:17.587  INFO 68482 --- [WebServer 35613] okhttp3.mockwebserver.MockWebServer      : MockWebServer[35613] done accepting connections: Socket closed
2024-04-21 19:31:17.594  INFO 68482 --- [WebServer 46541] okhttp3.mockwebserver.MockWebServer      : MockWebServer[46541] starting to accept connections
2024-04-21 19:31:17.596  INFO 68482 --- [WebServer 43035] okhttp3.mockwebserver.MockWebServer      : MockWebServer[43035] starting to accept connections
2024-04-21 19:31:17.648  WARN 68482 --- [           main] ubernetesProfileEnvironmentPostProcessor : Not running inside kubernetes. Skipping 'kubernetes' profile activation.

  .   ____          _            __ _ _
 /\\ / ___'_ __ _ _(_)_ __  __ _ \ \ \ \
( ( )\___ | '_ | '_| | '_ \/ _` | \ \ \ \
 \\/  ___)| |_)| | | | | || (_| |  ) ) ) )
  '  |____| .__|_| |_|_| |_\__, | / / / /
 =========|_|==============|___/=/_/_/_/
 :: Spring Boot ::                (v2.6.3)

2024-04-21 19:31:17.750  INFO 68482 --- [           main] s.c.k.f.c.Fabric8ConfigMapPropertySource : Loading ConfigMap with name 'application' in namespace 'default'
2024-04-21 19:31:17.753  INFO 68482 --- [127.0.0.1:47074] okhttp3.mockwebserver.MockWebServer      : MockWebServer[53059] received request: GET /api/v1/namespaces/default/configmaps/application HTTP/1.1 and responded: HTTP/1.1 404 Client Error
2024-04-21 19:31:17.755  INFO 68482 --- [           main] o.s.c.k.f.config.Fabric8ConfigUtils      : config-map with name : 'application' not present in namespace : 'default'
2024-04-21 19:31:17.755  INFO 68482 --- [           main] b.c.PropertySourceBootstrapConfiguration : Located property source: [BootstrapPropertySource {name='bootstrapProperties-configmap.application.default'}]
2024-04-21 19:31:17.758  WARN 68482 --- [           main] ubernetesProfileEnvironmentPostProcessor : Not running inside kubernetes. Skipping 'kubernetes' profile activation.
2024-04-21 19:31:17.759  INFO 68482 --- [           main] e.i.cs.testrunner.execution.Executor$    : No active profile set, falling back to default profiles: default
2024-04-21 19:31:17.784  INFO 68482 --- [           main] o.s.cloud.context.scope.GenericScope     : BeanFactory id=9e8f334d-ea3e-3bac-a635-d33d7314ddc7
2024-04-21 19:31:17.790  INFO 68482 --- [           main] e.i.cs.testrunner.execution.Executor$    : Started Executor. in 0.192 seconds (JVM running for 14.678)
2024-04-21 19:31:17.796  INFO 68482 --- [WebServer 43035] okhttp3.mockwebserver.MockWebServer      : MockWebServer[43035] done accepting connections: Socket closed
2024-04-21 19:31:17.800  INFO 68482 --- [           main] .b.t.c.SpringBootTestContextBootstrapper : Neither @ContextConfiguration nor @ContextHierarchy found for test class [org.springframework.cloud.kubernetes.fabric8.config.CoreTestClientViaSystemProperties], using SpringBootContextLoader
2024-04-21 19:31:17.802  INFO 68482 --- [           main] o.s.t.c.support.AbstractContextLoader    : Could not detect default resource locations for test class [org.springframework.cloud.kubernetes.fabric8.config.CoreTestClientViaSystemProperties]: no resource found for suffixes {-context.xml, Context.groovy}.
2024-04-21 19:31:17.803  INFO 68482 --- [           main] .b.t.c.SpringBootTestContextBootstrapper : Loaded default TestExecutionListener class names from location [META-INF/spring.factories]: [org.springframework.boot.test.mock.mockito.MockitoTestExecutionListener, org.springframework.boot.test.mock.mockito.ResetMocksTestExecutionListener, org.springframework.boot.test.autoconfigure.restdocs.RestDocsTestExecutionListener, org.springframework.boot.test.autoconfigure.web.client.MockRestServiceServerResetTestExecutionListener, org.springframework.boot.test.autoconfigure.web.servlet.MockMvcPrintOnlyOnFailureTestExecutionListener, org.springframework.boot.test.autoconfigure.web.servlet.WebDriverTestExecutionListener, org.springframework.boot.test.autoconfigure.webservices.client.MockWebServiceServerTestExecutionListener, org.springframework.test.context.web.ServletTestExecutionListener, org.springframework.test.context.support.DirtiesContextBeforeModesTestExecutionListener, org.springframework.test.context.event.ApplicationEventsTestExecutionListener, org.springframework.test.context.support.DependencyInjectionTestExecutionListener, org.springframework.test.context.support.DirtiesContextTestExecutionListener, org.springframework.test.context.transaction.TransactionalTestExecutionListener, org.springframework.test.context.jdbc.SqlScriptsTestExecutionListener, org.springframework.test.context.event.EventPublishingTestExecutionListener, org.spockframework.spring.SpringMockTestExecutionListener]
2024-04-21 19:31:17.805  INFO 68482 --- [           main] .b.t.c.SpringBootTestContextBootstrapper : Using TestExecutionListeners: [org.springframework.test.context.web.ServletTestExecutionListener@7a285418, org.springframework.test.context.support.DirtiesContextBeforeModesTestExecutionListener@79e33802, org.springframework.test.context.event.ApplicationEventsTestExecutionListener@74471600, org.springframework.boot.test.mock.mockito.MockitoTestExecutionListener@1cc878e6, org.springframework.boot.test.autoconfigure.SpringBootDependencyInjectionTestExecutionListener@247877f3, org.springframework.test.context.support.DirtiesContextTestExecutionListener@44bb6856, org.springframework.test.context.event.EventPublishingTestExecutionListener@80081d7, org.springframework.boot.test.mock.mockito.ResetMocksTestExecutionListener@57d0c779, org.springframework.boot.test.autoconfigure.restdocs.RestDocsTestExecutionListener@3070f59f, org.springframework.boot.test.autoconfigure.web.client.MockRestServiceServerResetTestExecutionListener@2f16c21f, org.springframework.boot.test.autoconfigure.web.servlet.MockMvcPrintOnlyOnFailureTestExecutionListener@2314f013, org.springframework.boot.test.autoconfigure.web.servlet.WebDriverTestExecutionListener@72ae1007, org.springframework.boot.test.autoconfigure.webservices.client.MockWebServiceServerTestExecutionListener@4545cfc0, org.spockframework.spring.SpringMockTestExecutionListener@5cdafb4d]
2024-04-21 19:31:17.900  WARN 68482 --- [           main] ubernetesProfileEnvironmentPostProcessor : Not running inside kubernetes. Skipping 'kubernetes' profile activation.

  .   ____          _            __ _ _
 /\\ / ___'_ __ _ _(_)_ __  __ _ \ \ \ \
( ( )\___ | '_ | '_| | '_ \/ _` | \ \ \ \
 \\/  ___)| |_)| | | | | || (_| |  ) ) ) )
  '  |____| .__|_| |_|_| |_\__, | / / / /
 =========|_|==============|___/=/_/_/_/
 :: Spring Boot ::                (v2.6.3)

2024-04-21 19:31:17.988  WARN 68482 --- [           main] ubernetesProfileEnvironmentPostProcessor : Not running inside kubernetes. Skipping 'kubernetes' profile activation.
2024-04-21 19:31:17.988  INFO 68482 --- [           main] .k.f.c.CoreTestClientViaSystemProperties : No active profile set, falling back to default profiles: default
2024-04-21 19:31:18.410  INFO 68482 --- [           main] o.s.cloud.context.scope.GenericScope     : BeanFactory id=84b71cfc-8942-3f46-b1ff-f22a03fbdcf2
2024-04-21 19:31:18.996  WARN 68482 --- [           main] i.f.kubernetes.client.internal.SSLUtils  : SSL handshake failed. Falling back to insecure connection.
2024-04-21 19:31:18.997  WARN 68482 --- [           main] i.f.kubernetes.client.internal.SSLUtils  : SSL handshake failed. Falling back to insecure connection.
2024-04-21 19:31:19.224  INFO 68482 --- [           main] o.s.b.a.e.web.EndpointLinksResolver      : Exposing 1 endpoint(s) beneath base path '/actuator'
2024-04-21 19:31:19.261  INFO 68482 --- [           main] .k.f.c.CoreTestClientViaSystemProperties : Started CoreTestClientViaSystemProperties in 1.448 seconds (JVM running for 16.148)
2024-04-21 19:31:19.285  INFO 68482 --- [WebServer 35861] okhttp3.mockwebserver.MockWebServer      : MockWebServer[35861] starting to accept connections
2024-04-21 19:31:19.290  INFO 68482 --- [WebServer 36261] okhttp3.mockwebserver.MockWebServer      : MockWebServer[36261] starting to accept connections
2024-04-21 19:31:19.290  INFO 68482 --- [           main] s.c.k.f.c.Fabric8ConfigMapPropertySource : Loading ConfigMap with name 'configmap' in namespace 'some-namespace'
2024-04-21 19:31:19.291  WARN 68482 --- [           main] s.c.k.f.c.Fabric8ConfigMapPropertySource : Can't read configMap with name: [configmap] in namespace: [some-namespace]. Ignoring.

java.lang.NullPointerException: null
	at org.springframework.cloud.kubernetes.fabric8.config.Fabric8ConfigUtils.getConfigMapData(Fabric8ConfigUtils.java:118)
	at org.springframework.cloud.kubernetes.fabric8.config.Fabric8ConfigMapPropertySource.getData(Fabric8ConfigMapPropertySource.java:79)
	at org.springframework.cloud.kubernetes.fabric8.config.Fabric8ConfigMapPropertySource.<init>(Fabric8ConfigMapPropertySource.java:63)
	at org.springframework.cloud.kubernetes.fabric8.config.Fabric8ConfigMapPropertySourceTests.anotherDeprecatedConstructorWithClientNamespaceMustNotFail(Fabric8ConfigMapPropertySourceTests.java:95)
	at sun.reflect.NativeMethodAccessorImpl.invoke0(Native Method)
	at sun.reflect.NativeMethodAccessorImpl.invoke(NativeMethodAccessorImpl.java:62)
	at sun.reflect.DelegatingMethodAccessorImpl.invoke(DelegatingMethodAccessorImpl.java:43)
	at java.lang.reflect.Method.invoke(Method.java:498)
	at org.junit.platform.commons.util.ReflectionUtils.invokeMethod(ReflectionUtils.java:725)
	at org.junit.jupiter.engine.execution.MethodInvocation.proceed(MethodInvocation.java:60)
	at org.junit.jupiter.engine.execution.InvocationInterceptorChain$ValidatingInvocation.proceed(InvocationInterceptorChain.java:131)
	at org.junit.jupiter.engine.extension.TimeoutExtension.intercept(TimeoutExtension.java:149)
	at org.junit.jupiter.engine.extension.TimeoutExtension.interceptTestableMethod(TimeoutExtension.java:140)
	at org.junit.jupiter.engine.extension.TimeoutExtension.interceptTestMethod(TimeoutExtension.java:84)
	at org.junit.jupiter.engine.execution.ExecutableInvoker$ReflectiveInterceptorCall.lambda$ofVoidMethod$0(ExecutableInvoker.java:115)
	at org.junit.jupiter.engine.execution.ExecutableInvoker.lambda$invoke$0(ExecutableInvoker.java:105)
	at org.junit.jupiter.engine.execution.InvocationInterceptorChain$InterceptedInvocation.proceed(InvocationInterceptorChain.java:106)
	at org.junit.jupiter.engine.execution.InvocationInterceptorChain.proceed(InvocationInterceptorChain.java:64)
	at org.junit.jupiter.engine.execution.InvocationInterceptorChain.chainAndInvoke(InvocationInterceptorChain.java:45)
	at org.junit.jupiter.engine.execution.InvocationInterceptorChain.invoke(InvocationInterceptorChain.java:37)
	at org.junit.jupiter.engine.execution.ExecutableInvoker.invoke(ExecutableInvoker.java:104)
	at org.junit.jupiter.engine.execution.ExecutableInvoker.invoke(ExecutableInvoker.java:98)
	at org.junit.jupiter.engine.descriptor.TestMethodTestDescriptor.lambda$invokeTestMethod$7(TestMethodTestDescriptor.java:214)
	at org.junit.platform.engine.support.hierarchical.ThrowableCollector.execute(ThrowableCollector.java:73)
	at org.junit.jupiter.engine.descriptor.TestMethodTestDescriptor.invokeTestMethod(TestMethodTestDescriptor.java:210)
	at org.junit.jupiter.engine.descriptor.TestMethodTestDescriptor.execute(TestMethodTestDescriptor.java:135)
	at org.junit.jupiter.engine.descriptor.TestMethodTestDescriptor.execute(TestMethodTestDescriptor.java:66)
	at org.junit.platform.engine.support.hierarchical.NodeTestTask.lambda$executeRecursively$6(NodeTestTask.java:151)
	at org.junit.platform.engine.support.hierarchical.ThrowableCollector.execute(ThrowableCollector.java:73)
	at org.junit.platform.engine.support.hierarchical.NodeTestTask.lambda$executeRecursively$8(NodeTestTask.java:141)
	at org.junit.platform.engine.support.hierarchical.Node.around(Node.java:137)
	at org.junit.platform.engine.support.hierarchical.NodeTestTask.lambda$executeRecursively$9(NodeTestTask.java:139)
	at org.junit.platform.engine.support.hierarchical.ThrowableCollector.execute(ThrowableCollector.java:73)
	at org.junit.platform.engine.support.hierarchical.NodeTestTask.executeRecursively(NodeTestTask.java:138)
	at org.junit.platform.engine.support.hierarchical.NodeTestTask.execute(NodeTestTask.java:95)
	at java.util.ArrayList.forEach(ArrayList.java:1259)
	at org.junit.platform.engine.support.hierarchical.SameThreadHierarchicalTestExecutorService.invokeAll(SameThreadHierarchicalTestExecutorService.java:41)
	at org.junit.platform.engine.support.hierarchical.NodeTestTask.lambda$executeRecursively$6(NodeTestTask.java:155)
	at org.junit.platform.engine.support.hierarchical.ThrowableCollector.execute(ThrowableCollector.java:73)
	at org.junit.platform.engine.support.hierarchical.NodeTestTask.lambda$executeRecursively$8(NodeTestTask.java:141)
	at org.junit.platform.engine.support.hierarchical.Node.around(Node.java:137)
	at org.junit.platform.engine.support.hierarchical.NodeTestTask.lambda$executeRecursively$9(NodeTestTask.java:139)
	at org.junit.platform.engine.support.hierarchical.ThrowableCollector.execute(ThrowableCollector.java:73)
	at org.junit.platform.engine.support.hierarchical.NodeTestTask.executeRecursively(NodeTestTask.java:138)
	at org.junit.platform.engine.support.hierarchical.NodeTestTask.execute(NodeTestTask.java:95)
	at java.util.ArrayList.forEach(ArrayList.java:1259)
	at org.junit.platform.engine.support.hierarchical.SameThreadHierarchicalTestExecutorService.invokeAll(SameThreadHierarchicalTestExecutorService.java:41)
	at org.junit.platform.engine.support.hierarchical.NodeTestTask.lambda$executeRecursively$6(NodeTestTask.java:155)
	at org.junit.platform.engine.support.hierarchical.ThrowableCollector.execute(ThrowableCollector.java:73)
	at org.junit.platform.engine.support.hierarchical.NodeTestTask.lambda$executeRecursively$8(NodeTestTask.java:141)
	at org.junit.platform.engine.support.hierarchical.Node.around(Node.java:137)
	at org.junit.platform.engine.support.hierarchical.NodeTestTask.lambda$executeRecursively$9(NodeTestTask.java:139)
	at org.junit.platform.engine.support.hierarchical.ThrowableCollector.execute(ThrowableCollector.java:73)
	at org.junit.platform.engine.support.hierarchical.NodeTestTask.executeRecursively(NodeTestTask.java:138)
	at org.junit.platform.engine.support.hierarchical.NodeTestTask.execute(NodeTestTask.java:95)
	at org.junit.platform.engine.support.hierarchical.SameThreadHierarchicalTestExecutorService.submit(SameThreadHierarchicalTestExecutorService.java:35)
	at org.junit.platform.engine.support.hierarchical.HierarchicalTestExecutor.execute(HierarchicalTestExecutor.java:57)
	at org.junit.platform.engine.support.hierarchical.HierarchicalTestEngine.execute(HierarchicalTestEngine.java:54)
	at org.junit.platform.launcher.core.DefaultLauncher.execute(DefaultLauncher.java:170)
	at org.junit.platform.launcher.core.DefaultLauncher.execute(DefaultLauncher.java:154)
	at org.junit.platform.launcher.core.DefaultLauncher.execute(DefaultLauncher.java:90)
	at edu.illinois.cs.testrunner.execution.JUnit5TestExecutor.runTestsSeparately(JUnit5TestExecutor.java:40)
	at edu.illinois.cs.testrunner.execution.Executor$.$anonfun$run$1(Executor.scala:33)
	at scala.runtime.java8.JFunction0$mcV$sp.apply(JFunction0$mcV$sp.java:12)
	at scala.util.Try$.apply(Try.scala:209)
	at edu.illinois.cs.testrunner.execution.Executor$.run(Executor.scala:28)
	at edu.illinois.cs.testrunner.execution.Executor$.main(Executor.scala:18)
	at edu.illinois.cs.testrunner.execution.Executor.main(Executor.scala)

2024-04-21 19:31:19.292  INFO 68482 --- [WebServer 36261] okhttp3.mockwebserver.MockWebServer      : MockWebServer[36261] done accepting connections: Socket closed
2024-04-21 19:31:19.296  INFO 68482 --- [           main] .b.t.c.SpringBootTestContextBootstrapper : Neither @ContextConfiguration nor @ContextHierarchy found for test class [org.springframework.cloud.kubernetes.fabric8.config.ConfigMapsTests], using SpringBootContextLoader
2024-04-21 19:31:19.297  INFO 68482 --- [           main] o.s.t.c.support.AbstractContextLoader    : Could not detect default resource locations for test class [org.springframework.cloud.kubernetes.fabric8.config.ConfigMapsTests]: no resource found for suffixes {-context.xml, Context.groovy}.
2024-04-21 19:31:19.299  INFO 68482 --- [           main] .b.t.c.SpringBootTestContextBootstrapper : Loaded default TestExecutionListener class names from location [META-INF/spring.factories]: [org.springframework.boot.test.mock.mockito.MockitoTestExecutionListener, org.springframework.boot.test.mock.mockito.ResetMocksTestExecutionListener, org.springframework.boot.test.autoconfigure.restdocs.RestDocsTestExecutionListener, org.springframework.boot.test.autoconfigure.web.client.MockRestServiceServerResetTestExecutionListener, org.springframework.boot.test.autoconfigure.web.servlet.MockMvcPrintOnlyOnFailureTestExecutionListener, org.springframework.boot.test.autoconfigure.web.servlet.WebDriverTestExecutionListener, org.springframework.boot.test.autoconfigure.webservices.client.MockWebServiceServerTestExecutionListener, org.springframework.test.context.web.ServletTestExecutionListener, org.springframework.test.context.support.DirtiesContextBeforeModesTestExecutionListener, org.springframework.test.context.event.ApplicationEventsTestExecutionListener, org.springframework.test.context.support.DependencyInjectionTestExecutionListener, org.springframework.test.context.support.DirtiesContextTestExecutionListener, org.springframework.test.context.transaction.TransactionalTestExecutionListener, org.springframework.test.context.jdbc.SqlScriptsTestExecutionListener, org.springframework.test.context.event.EventPublishingTestExecutionListener, org.spockframework.spring.SpringMockTestExecutionListener]
2024-04-21 19:31:19.300  INFO 68482 --- [           main] .b.t.c.SpringBootTestContextBootstrapper : Using TestExecutionListeners: [org.springframework.test.context.web.ServletTestExecutionListener@77d0a492, org.springframework.test.context.support.DirtiesContextBeforeModesTestExecutionListener@2f46bc25, org.springframework.test.context.event.ApplicationEventsTestExecutionListener@72bef795, org.springframework.boot.test.mock.mockito.MockitoTestExecutionListener@1f4d9c7f, org.springframework.boot.test.autoconfigure.SpringBootDependencyInjectionTestExecutionListener@6dcb4f30, org.springframework.test.context.support.DirtiesContextTestExecutionListener@77f66138, org.springframework.test.context.event.EventPublishingTestExecutionListener@7271320c, org.springframework.boot.test.mock.mockito.ResetMocksTestExecutionListener@12ce659, org.springframework.boot.test.autoconfigure.restdocs.RestDocsTestExecutionListener@36299b83, org.springframework.boot.test.autoconfigure.web.client.MockRestServiceServerResetTestExecutionListener@7212d3df, org.springframework.boot.test.autoconfigure.web.servlet.MockMvcPrintOnlyOnFailureTestExecutionListener@9886ec3, org.springframework.boot.test.autoconfigure.web.servlet.WebDriverTestExecutionListener@6ff05f85, org.springframework.boot.test.autoconfigure.webservices.client.MockWebServiceServerTestExecutionListener@15ff247b, org.spockframework.spring.SpringMockTestExecutionListener@71979130]
2024-04-21 19:31:19.302  INFO 68482 --- [WebServer 51701] okhttp3.mockwebserver.MockWebServer      : MockWebServer[51701] starting to accept connections
2024-04-21 19:31:19.306  INFO 68482 --- [127.0.0.1:45772] okhttp3.mockwebserver.MockWebServer      : MockWebServer[51701] received request: POST /api/v1/namespaces/test/configmaps HTTP/1.1 and responded: HTTP/1.1 200 OK
2024-04-21 19:31:19.358  WARN 68482 --- [           main] ubernetesProfileEnvironmentPostProcessor : Not running inside kubernetes. Skipping 'kubernetes' profile activation.

  .   ____          _            __ _ _
 /\\ / ___'_ __ _ _(_)_ __  __ _ \ \ \ \
( ( )\___ | '_ | '_| | '_ \/ _` | \ \ \ \
 \\/  ___)| |_)| | | | | || (_| |  ) ) ) )
  '  |____| .__|_| |_|_| |_\__, | / / / /
 =========|_|==============|___/=/_/_/_/
 :: Spring Boot ::                (v2.6.3)

2024-04-21 19:31:19.446  INFO 68482 --- [           main] s.c.k.f.c.Fabric8ConfigMapPropertySource : Loading ConfigMap with name 'configmap-example' in namespace 'test'
2024-04-21 19:31:19.448  INFO 68482 --- [127.0.0.1:45784] okhttp3.mockwebserver.MockWebServer      : MockWebServer[51701] received request: GET /api/v1/namespaces/test/configmaps/configmap-example HTTP/1.1 and responded: HTTP/1.1 200 OK
2024-04-21 19:31:19.450  INFO 68482 --- [           main] b.c.PropertySourceBootstrapConfiguration : Located property source: [BootstrapPropertySource {name='bootstrapProperties-configmap.configmap-example.test'}]
2024-04-21 19:31:19.454  WARN 68482 --- [           main] ubernetesProfileEnvironmentPostProcessor : Not running inside kubernetes. Skipping 'kubernetes' profile activation.
2024-04-21 19:31:19.454  INFO 68482 --- [           main] o.s.c.k.fabric8.config.ConfigMapsTests   : No active profile set, falling back to default profiles: default
2024-04-21 19:31:19.687  INFO 68482 --- [           main] o.s.cloud.context.scope.GenericScope     : BeanFactory id=affffd22-e438-321b-a0d0-967c2140a2e8
2024-04-21 19:31:19.777  INFO 68482 --- [           main] o.s.b.w.embedded.tomcat.TomcatWebServer  : Tomcat initialized with port(s): 0 (http)
2024-04-21 19:31:19.778  INFO 68482 --- [           main] o.apache.catalina.core.StandardService   : Starting service [Tomcat]
2024-04-21 19:31:19.778  INFO 68482 --- [           main] org.apache.catalina.core.StandardEngine  : Starting Servlet engine: [Apache Tomcat/9.0.56]
2024-04-21 19:31:19.788  INFO 68482 --- [           main] o.a.c.c.C.[Tomcat-3].[localhost].[/]     : Initializing Spring embedded WebApplicationContext
2024-04-21 19:31:19.789  INFO 68482 --- [           main] w.s.c.ServletWebServerApplicationContext : Root WebApplicationContext: initialization completed in 333 ms
2024-04-21 19:31:20.336  INFO 68482 --- [           main] o.s.b.a.e.web.EndpointLinksResolver      : Exposing 1 endpoint(s) beneath base path '/actuator'
2024-04-21 19:31:20.375  INFO 68482 --- [           main] o.s.b.w.embedded.tomcat.TomcatWebServer  : Tomcat started on port(s): 46081 (http) with context path ''
2024-04-21 19:31:20.381  INFO 68482 --- [           main] o.s.c.k.fabric8.config.ConfigMapsTests   : Started ConfigMapsTests in 1.073 seconds (JVM running for 17.269)
2024-04-21 19:31:20.393  INFO 68482 --- [WebServer 53963] okhttp3.mockwebserver.MockWebServer      : MockWebServer[53963] starting to accept connections
2024-04-21 19:31:20.396  INFO 68482 --- [WebServer 53963] okhttp3.mockwebserver.MockWebServer      : MockWebServer[53963] done accepting connections: Socket closed
2024-04-21 19:31:20.401  INFO 68482 --- [WebServer 38939] okhttp3.mockwebserver.MockWebServer      : MockWebServer[38939] starting to accept connections
2024-04-21 19:31:20.404  INFO 68482 --- [WebServer 38377] okhttp3.mockwebserver.MockWebServer      : MockWebServer[38377] starting to accept connections
2024-04-21 19:31:20.406  INFO 68482 --- [WebServer 38377] okhttp3.mockwebserver.MockWebServer      : MockWebServer[38377] done accepting connections: Socket closed
2024-04-21 19:31:20.410  INFO 68482 --- [           main] .b.t.c.SpringBootTestContextBootstrapper : Neither @ContextConfiguration nor @ContextHierarchy found for test class [org.springframework.cloud.kubernetes.fabric8.config.ConfigMapsMixedTests], using SpringBootContextLoader
2024-04-21 19:31:20.411  INFO 68482 --- [           main] o.s.t.c.support.AbstractContextLoader    : Could not detect default resource locations for test class [org.springframework.cloud.kubernetes.fabric8.config.ConfigMapsMixedTests]: no resource found for suffixes {-context.xml, Context.groovy}.
2024-04-21 19:31:20.413  INFO 68482 --- [           main] .b.t.c.SpringBootTestContextBootstrapper : Loaded default TestExecutionListener class names from location [META-INF/spring.factories]: [org.springframework.boot.test.mock.mockito.MockitoTestExecutionListener, org.springframework.boot.test.mock.mockito.ResetMocksTestExecutionListener, org.springframework.boot.test.autoconfigure.restdocs.RestDocsTestExecutionListener, org.springframework.boot.test.autoconfigure.web.client.MockRestServiceServerResetTestExecutionListener, org.springframework.boot.test.autoconfigure.web.servlet.MockMvcPrintOnlyOnFailureTestExecutionListener, org.springframework.boot.test.autoconfigure.web.servlet.WebDriverTestExecutionListener, org.springframework.boot.test.autoconfigure.webservices.client.MockWebServiceServerTestExecutionListener, org.springframework.test.context.web.ServletTestExecutionListener, org.springframework.test.context.support.DirtiesContextBeforeModesTestExecutionListener, org.springframework.test.context.event.ApplicationEventsTestExecutionListener, org.springframework.test.context.support.DependencyInjectionTestExecutionListener, org.springframework.test.context.support.DirtiesContextTestExecutionListener, org.springframework.test.context.transaction.TransactionalTestExecutionListener, org.springframework.test.context.jdbc.SqlScriptsTestExecutionListener, org.springframework.test.context.event.EventPublishingTestExecutionListener, org.spockframework.spring.SpringMockTestExecutionListener]
2024-04-21 19:31:20.414  INFO 68482 --- [           main] .b.t.c.SpringBootTestContextBootstrapper : Using TestExecutionListeners: [org.springframework.test.context.web.ServletTestExecutionListener@7b88a2e2, org.springframework.test.context.support.DirtiesContextBeforeModesTestExecutionListener@664217a8, org.springframework.test.context.event.ApplicationEventsTestExecutionListener@4b4a3114, org.springframework.boot.test.mock.mockito.MockitoTestExecutionListener@4af5c14c, org.springframework.boot.test.autoconfigure.SpringBootDependencyInjectionTestExecutionListener@74d4f542, org.springframework.test.context.support.DirtiesContextTestExecutionListener@25d5327, org.springframework.test.context.event.EventPublishingTestExecutionListener@188500e9, org.springframework.boot.test.mock.mockito.ResetMocksTestExecutionListener@7c1e5d14, org.springframework.boot.test.autoconfigure.restdocs.RestDocsTestExecutionListener@2fb3c930, org.springframework.boot.test.autoconfigure.web.client.MockRestServiceServerResetTestExecutionListener@479f738a, org.springframework.boot.test.autoconfigure.web.servlet.MockMvcPrintOnlyOnFailureTestExecutionListener@772db1d8, org.springframework.boot.test.autoconfigure.web.servlet.WebDriverTestExecutionListener@7955b4d4, org.springframework.boot.test.autoconfigure.webservices.client.MockWebServiceServerTestExecutionListener@489e1887, org.spockframework.spring.SpringMockTestExecutionListener@7421213d]
2024-04-21 19:31:20.416  INFO 68482 --- [WebServer 37243] okhttp3.mockwebserver.MockWebServer      : MockWebServer[37243] starting to accept connections
2024-04-21 19:31:20.420  INFO 68482 --- [127.0.0.1:56422] okhttp3.mockwebserver.MockWebServer      : MockWebServer[37243] received request: POST /api/v1/namespaces/test/configmaps HTTP/1.1 and responded: HTTP/1.1 200 OK
2024-04-21 19:31:20.472  WARN 68482 --- [           main] ubernetesProfileEnvironmentPostProcessor : Not running inside kubernetes. Skipping 'kubernetes' profile activation.

  .   ____          _            __ _ _
 /\\ / ___'_ __ _ _(_)_ __  __ _ \ \ \ \
( ( )\___ | '_ | '_| | '_ \/ _` | \ \ \ \
 \\/  ___)| |_)| | | | | || (_| |  ) ) ) )
  '  |____| .__|_| |_|_| |_\__, | / / / /
 =========|_|==============|___/=/_/_/_/
 :: Spring Boot ::                (v2.6.3)

2024-04-21 19:31:20.571  INFO 68482 --- [           main] s.c.k.f.c.Fabric8ConfigMapPropertySource : Loading ConfigMap with name 'configmap-mixed-example' in namespace 'test'
2024-04-21 19:31:20.573  INFO 68482 --- [127.0.0.1:56432] okhttp3.mockwebserver.MockWebServer      : MockWebServer[37243] received request: GET /api/v1/namespaces/test/configmaps/configmap-mixed-example HTTP/1.1 and responded: HTTP/1.1 200 OK
2024-04-21 19:31:20.577  INFO 68482 --- [           main] b.c.PropertySourceBootstrapConfiguration : Located property source: [BootstrapPropertySource {name='bootstrapProperties-/tmp/scktests/application-path.yaml'}, BootstrapPropertySource {name='bootstrapProperties-configmap.configmap-mixed-example.test'}]
2024-04-21 19:31:20.582  WARN 68482 --- [           main] ubernetesProfileEnvironmentPostProcessor : Not running inside kubernetes. Skipping 'kubernetes' profile activation.
2024-04-21 19:31:20.582  INFO 68482 --- [           main] o.s.c.k.f.config.ConfigMapsMixedTests    : No active profile set, falling back to default profiles: default
2024-04-21 19:31:20.782  INFO 68482 --- [           main] o.s.cloud.context.scope.GenericScope     : BeanFactory id=e369cf40-d234-36e2-a4dc-38329760186f
2024-04-21 19:31:20.884  INFO 68482 --- [           main] o.s.b.w.embedded.tomcat.TomcatWebServer  : Tomcat initialized with port(s): 0 (http)
2024-04-21 19:31:20.885  INFO 68482 --- [           main] o.apache.catalina.core.StandardService   : Starting service [Tomcat]
2024-04-21 19:31:20.885  INFO 68482 --- [           main] org.apache.catalina.core.StandardEngine  : Starting Servlet engine: [Apache Tomcat/9.0.56]
2024-04-21 19:31:20.896  INFO 68482 --- [           main] o.a.c.c.C.[Tomcat-4].[localhost].[/]     : Initializing Spring embedded WebApplicationContext
2024-04-21 19:31:20.896  INFO 68482 --- [           main] w.s.c.ServletWebServerApplicationContext : Root WebApplicationContext: initialization completed in 313 ms
2024-04-21 19:31:21.496  INFO 68482 --- [           main] o.s.b.a.e.web.EndpointLinksResolver      : Exposing 1 endpoint(s) beneath base path '/actuator'
2024-04-21 19:31:21.533  INFO 68482 --- [           main] o.s.b.w.embedded.tomcat.TomcatWebServer  : Tomcat started on port(s): 37843 (http) with context path ''
2024-04-21 19:31:21.539  INFO 68482 --- [           main] o.s.c.k.f.config.ConfigMapsMixedTests    : Started ConfigMapsMixedTests in 1.117 seconds (JVM running for 18.426)
2024-04-21 19:31:21.548  INFO 68482 --- [WebServer 51519] okhttp3.mockwebserver.MockWebServer      : MockWebServer[51519] starting to accept connections
2024-04-21 19:31:21.555  INFO 68482 --- [o-auto-5-exec-1] o.a.c.c.C.[Tomcat-4].[localhost].[/]     : Initializing Spring DispatcherServlet 'dispatcherServlet'
2024-04-21 19:31:21.555  INFO 68482 --- [o-auto-5-exec-1] o.s.web.servlet.DispatcherServlet        : Initializing Servlet 'dispatcherServlet'
2024-04-21 19:31:21.556  INFO 68482 --- [o-auto-5-exec-1] o.s.web.servlet.DispatcherServlet        : Completed initialization in 1 ms
2024-04-21 19:31:21.566  INFO 68482 --- [WebServer 51519] okhttp3.mockwebserver.MockWebServer      : MockWebServer[51519] done accepting connections: Socket closed
2024-04-21 19:31:21.570  INFO 68482 --- [WebServer 43887] okhttp3.mockwebserver.MockWebServer      : MockWebServer[43887] starting to accept connections
2024-04-21 19:31:21.574  INFO 68482 --- [WebServer 56533] okhttp3.mockwebserver.MockWebServer      : MockWebServer[56533] starting to accept connections
2024-04-21 19:31:21.575  INFO 68482 --- [           main] s.c.k.f.c.Fabric8ConfigMapPropertySource : Loading ConfigMap with name 'configmap' in namespace 'namespace'
2024-04-21 19:31:21.575  WARN 68482 --- [           main] s.c.k.f.c.Fabric8ConfigMapPropertySource : Can't read configMap with name: [configmap] in namespace: [namespace]. Ignoring.

java.lang.NullPointerException: null
	at org.springframework.cloud.kubernetes.fabric8.config.Fabric8ConfigUtils.getConfigMapData(Fabric8ConfigUtils.java:118)
	at org.springframework.cloud.kubernetes.fabric8.config.Fabric8ConfigMapPropertySource.getData(Fabric8ConfigMapPropertySource.java:79)
	at org.springframework.cloud.kubernetes.fabric8.config.Fabric8ConfigMapPropertySource.<init>(Fabric8ConfigMapPropertySource.java:63)
	at org.springframework.cloud.kubernetes.fabric8.config.Fabric8ConfigMapPropertySourceTests.constructorWithClientNamespaceMustNotFail(Fabric8ConfigMapPropertySourceTests.java:118)
	at sun.reflect.NativeMethodAccessorImpl.invoke0(Native Method)
	at sun.reflect.NativeMethodAccessorImpl.invoke(NativeMethodAccessorImpl.java:62)
	at sun.reflect.DelegatingMethodAccessorImpl.invoke(DelegatingMethodAccessorImpl.java:43)
	at java.lang.reflect.Method.invoke(Method.java:498)
	at org.junit.platform.commons.util.ReflectionUtils.invokeMethod(ReflectionUtils.java:725)
	at org.junit.jupiter.engine.execution.MethodInvocation.proceed(MethodInvocation.java:60)
	at org.junit.jupiter.engine.execution.InvocationInterceptorChain$ValidatingInvocation.proceed(InvocationInterceptorChain.java:131)
	at org.junit.jupiter.engine.extension.TimeoutExtension.intercept(TimeoutExtension.java:149)
	at org.junit.jupiter.engine.extension.TimeoutExtension.interceptTestableMethod(TimeoutExtension.java:140)
	at org.junit.jupiter.engine.extension.TimeoutExtension.interceptTestMethod(TimeoutExtension.java:84)
	at org.junit.jupiter.engine.execution.ExecutableInvoker$ReflectiveInterceptorCall.lambda$ofVoidMethod$0(ExecutableInvoker.java:115)
	at org.junit.jupiter.engine.execution.ExecutableInvoker.lambda$invoke$0(ExecutableInvoker.java:105)
	at org.junit.jupiter.engine.execution.InvocationInterceptorChain$InterceptedInvocation.proceed(InvocationInterceptorChain.java:106)
	at org.junit.jupiter.engine.execution.InvocationInterceptorChain.proceed(InvocationInterceptorChain.java:64)
	at org.junit.jupiter.engine.execution.InvocationInterceptorChain.chainAndInvoke(InvocationInterceptorChain.java:45)
	at org.junit.jupiter.engine.execution.InvocationInterceptorChain.invoke(InvocationInterceptorChain.java:37)
	at org.junit.jupiter.engine.execution.ExecutableInvoker.invoke(ExecutableInvoker.java:104)
	at org.junit.jupiter.engine.execution.ExecutableInvoker.invoke(ExecutableInvoker.java:98)
	at org.junit.jupiter.engine.descriptor.TestMethodTestDescriptor.lambda$invokeTestMethod$7(TestMethodTestDescriptor.java:214)
	at org.junit.platform.engine.support.hierarchical.ThrowableCollector.execute(ThrowableCollector.java:73)
	at org.junit.jupiter.engine.descriptor.TestMethodTestDescriptor.invokeTestMethod(TestMethodTestDescriptor.java:210)
	at org.junit.jupiter.engine.descriptor.TestMethodTestDescriptor.execute(TestMethodTestDescriptor.java:135)
	at org.junit.jupiter.engine.descriptor.TestMethodTestDescriptor.execute(TestMethodTestDescriptor.java:66)
	at org.junit.platform.engine.support.hierarchical.NodeTestTask.lambda$executeRecursively$6(NodeTestTask.java:151)
	at org.junit.platform.engine.support.hierarchical.ThrowableCollector.execute(ThrowableCollector.java:73)
	at org.junit.platform.engine.support.hierarchical.NodeTestTask.lambda$executeRecursively$8(NodeTestTask.java:141)
	at org.junit.platform.engine.support.hierarchical.Node.around(Node.java:137)
	at org.junit.platform.engine.support.hierarchical.NodeTestTask.lambda$executeRecursively$9(NodeTestTask.java:139)
	at org.junit.platform.engine.support.hierarchical.ThrowableCollector.execute(ThrowableCollector.java:73)
	at org.junit.platform.engine.support.hierarchical.NodeTestTask.executeRecursively(NodeTestTask.java:138)
	at org.junit.platform.engine.support.hierarchical.NodeTestTask.execute(NodeTestTask.java:95)
	at java.util.ArrayList.forEach(ArrayList.java:1259)
	at org.junit.platform.engine.support.hierarchical.SameThreadHierarchicalTestExecutorService.invokeAll(SameThreadHierarchicalTestExecutorService.java:41)
	at org.junit.platform.engine.support.hierarchical.NodeTestTask.lambda$executeRecursively$6(NodeTestTask.java:155)
	at org.junit.platform.engine.support.hierarchical.ThrowableCollector.execute(ThrowableCollector.java:73)
	at org.junit.platform.engine.support.hierarchical.NodeTestTask.lambda$executeRecursively$8(NodeTestTask.java:141)
	at org.junit.platform.engine.support.hierarchical.Node.around(Node.java:137)
	at org.junit.platform.engine.support.hierarchical.NodeTestTask.lambda$executeRecursively$9(NodeTestTask.java:139)
	at org.junit.platform.engine.support.hierarchical.ThrowableCollector.execute(ThrowableCollector.java:73)
	at org.junit.platform.engine.support.hierarchical.NodeTestTask.executeRecursively(NodeTestTask.java:138)
	at org.junit.platform.engine.support.hierarchical.NodeTestTask.execute(NodeTestTask.java:95)
	at java.util.ArrayList.forEach(ArrayList.java:1259)
	at org.junit.platform.engine.support.hierarchical.SameThreadHierarchicalTestExecutorService.invokeAll(SameThreadHierarchicalTestExecutorService.java:41)
	at org.junit.platform.engine.support.hierarchical.NodeTestTask.lambda$executeRecursively$6(NodeTestTask.java:155)
	at org.junit.platform.engine.support.hierarchical.ThrowableCollector.execute(ThrowableCollector.java:73)
	at org.junit.platform.engine.support.hierarchical.NodeTestTask.lambda$executeRecursively$8(NodeTestTask.java:141)
	at org.junit.platform.engine.support.hierarchical.Node.around(Node.java:137)
	at org.junit.platform.engine.support.hierarchical.NodeTestTask.lambda$executeRecursively$9(NodeTestTask.java:139)
	at org.junit.platform.engine.support.hierarchical.ThrowableCollector.execute(ThrowableCollector.java:73)
	at org.junit.platform.engine.support.hierarchical.NodeTestTask.executeRecursively(NodeTestTask.java:138)
	at org.junit.platform.engine.support.hierarchical.NodeTestTask.execute(NodeTestTask.java:95)
	at org.junit.platform.engine.support.hierarchical.SameThreadHierarchicalTestExecutorService.submit(SameThreadHierarchicalTestExecutorService.java:35)
	at org.junit.platform.engine.support.hierarchical.HierarchicalTestExecutor.execute(HierarchicalTestExecutor.java:57)
	at org.junit.platform.engine.support.hierarchical.HierarchicalTestEngine.execute(HierarchicalTestEngine.java:54)
	at org.junit.platform.launcher.core.DefaultLauncher.execute(DefaultLauncher.java:170)
	at org.junit.platform.launcher.core.DefaultLauncher.execute(DefaultLauncher.java:154)
	at org.junit.platform.launcher.core.DefaultLauncher.execute(DefaultLauncher.java:90)
	at edu.illinois.cs.testrunner.execution.JUnit5TestExecutor.runTestsSeparately(JUnit5TestExecutor.java:40)
	at edu.illinois.cs.testrunner.execution.Executor$.$anonfun$run$1(Executor.scala:33)
	at scala.runtime.java8.JFunction0$mcV$sp.apply(JFunction0$mcV$sp.java:12)
	at scala.util.Try$.apply(Try.scala:209)
	at edu.illinois.cs.testrunner.execution.Executor$.run(Executor.scala:28)
	at edu.illinois.cs.testrunner.execution.Executor$.main(Executor.scala:18)
	at edu.illinois.cs.testrunner.execution.Executor.main(Executor.scala)

2024-04-21 19:31:21.576  INFO 68482 --- [WebServer 56533] okhttp3.mockwebserver.MockWebServer      : MockWebServer[56533] done accepting connections: Socket closed
2024-04-21 19:31:21.580  INFO 68482 --- [           main] .b.t.c.SpringBootTestContextBootstrapper : Neither @ContextConfiguration nor @ContextHierarchy found for test class [org.springframework.cloud.kubernetes.fabric8.config.ConfigMapWithIncludeProfileSpecificSourcesTests], using SpringBootContextLoader
2024-04-21 19:31:21.581  INFO 68482 --- [           main] o.s.t.c.support.AbstractContextLoader    : Could not detect default resource locations for test class [org.springframework.cloud.kubernetes.fabric8.config.ConfigMapWithIncludeProfileSpecificSourcesTests]: no resource found for suffixes {-context.xml, Context.groovy}.
2024-04-21 19:31:21.583  INFO 68482 --- [           main] .b.t.c.SpringBootTestContextBootstrapper : Loaded default TestExecutionListener class names from location [META-INF/spring.factories]: [org.springframework.boot.test.mock.mockito.MockitoTestExecutionListener, org.springframework.boot.test.mock.mockito.ResetMocksTestExecutionListener, org.springframework.boot.test.autoconfigure.restdocs.RestDocsTestExecutionListener, org.springframework.boot.test.autoconfigure.web.client.MockRestServiceServerResetTestExecutionListener, org.springframework.boot.test.autoconfigure.web.servlet.MockMvcPrintOnlyOnFailureTestExecutionListener, org.springframework.boot.test.autoconfigure.web.servlet.WebDriverTestExecutionListener, org.springframework.boot.test.autoconfigure.webservices.client.MockWebServiceServerTestExecutionListener, org.springframework.test.context.web.ServletTestExecutionListener, org.springframework.test.context.support.DirtiesContextBeforeModesTestExecutionListener, org.springframework.test.context.event.ApplicationEventsTestExecutionListener, org.springframework.test.context.support.DependencyInjectionTestExecutionListener, org.springframework.test.context.support.DirtiesContextTestExecutionListener, org.springframework.test.context.transaction.TransactionalTestExecutionListener, org.springframework.test.context.jdbc.SqlScriptsTestExecutionListener, org.springframework.test.context.event.EventPublishingTestExecutionListener, org.spockframework.spring.SpringMockTestExecutionListener]
2024-04-21 19:31:21.584  INFO 68482 --- [           main] .b.t.c.SpringBootTestContextBootstrapper : Using TestExecutionListeners: [org.springframework.test.context.web.ServletTestExecutionListener@6296c184, org.springframework.test.context.support.DirtiesContextBeforeModesTestExecutionListener@3ea95f79, org.springframework.test.context.event.ApplicationEventsTestExecutionListener@bce93d3, org.springframework.boot.test.mock.mockito.MockitoTestExecutionListener@1a6ab328, org.springframework.boot.test.autoconfigure.SpringBootDependencyInjectionTestExecutionListener@4e24db00, org.springframework.test.context.support.DirtiesContextTestExecutionListener@3a02172a, org.springframework.test.context.event.EventPublishingTestExecutionListener@452d4bb2, org.springframework.boot.test.mock.mockito.ResetMocksTestExecutionListener@a1143cc, org.springframework.boot.test.autoconfigure.restdocs.RestDocsTestExecutionListener@62857555, org.springframework.boot.test.autoconfigure.web.client.MockRestServiceServerResetTestExecutionListener@48149568, org.springframework.boot.test.autoconfigure.web.servlet.MockMvcPrintOnlyOnFailureTestExecutionListener@674b2703, org.springframework.boot.test.autoconfigure.web.servlet.WebDriverTestExecutionListener@67441705, org.springframework.boot.test.autoconfigure.webservices.client.MockWebServiceServerTestExecutionListener@2ea2f965, org.spockframework.spring.SpringMockTestExecutionListener@4271960c]
2024-04-21 19:31:21.586  INFO 68482 --- [WebServer 56101] okhttp3.mockwebserver.MockWebServer      : MockWebServer[56101] starting to accept connections
2024-04-21 19:31:21.589  INFO 68482 --- [127.0.0.1:42390] okhttp3.mockwebserver.MockWebServer      : MockWebServer[56101] received request: POST /api/v1/namespaces/spring-k8s/configmaps HTTP/1.1 and responded: HTTP/1.1 200 OK
2024-04-21 19:31:21.596  INFO 68482 --- [127.0.0.1:42390] okhttp3.mockwebserver.MockWebServer      : MockWebServer[56101] received request: POST /api/v1/namespaces/spring-k8s/configmaps HTTP/1.1 and responded: HTTP/1.1 200 OK
2024-04-21 19:31:21.642  INFO 68482 --- [127.0.0.1:42390] okhttp3.mockwebserver.MockWebServer      : MockWebServer[56101] received request: POST /api/v1/namespaces/spring-k8s/configmaps HTTP/1.1 and responded: HTTP/1.1 200 OK
2024-04-21 19:31:21.691  INFO 68482 --- [127.0.0.1:42390] okhttp3.mockwebserver.MockWebServer      : MockWebServer[56101] received request: POST /api/v1/namespaces/spring-k8s/configmaps HTTP/1.1 and responded: HTTP/1.1 200 OK
2024-04-21 19:31:21.739  INFO 68482 --- [127.0.0.1:42390] okhttp3.mockwebserver.MockWebServer      : MockWebServer[56101] received request: POST /api/v1/namespaces/spring-k8s/configmaps HTTP/1.1 and responded: HTTP/1.1 200 OK
2024-04-21 19:31:21.848  WARN 68482 --- [           main] ubernetesProfileEnvironmentPostProcessor : Not running inside kubernetes. Skipping 'kubernetes' profile activation.

  .   ____          _            __ _ _
 /\\ / ___'_ __ _ _(_)_ __  __ _ \ \ \ \
( ( )\___ | '_ | '_| | '_ \/ _` | \ \ \ \
 \\/  ___)| |_)| | | | | || (_| |  ) ) ) )
  '  |____| .__|_| |_|_| |_\__, | / / / /
 =========|_|==============|___/=/_/_/_/
 :: Spring Boot ::                (v2.6.3)

2024-04-21 19:31:21.920  INFO 68482 --- [           main] s.c.k.f.c.Fabric8ConfigMapPropertySource : Loading ConfigMap with name 'config-map-one' in namespace 'spring-k8s'
2024-04-21 19:31:21.922  INFO 68482 --- [127.0.0.1:42400] okhttp3.mockwebserver.MockWebServer      : MockWebServer[56101] received request: GET /api/v1/namespaces/spring-k8s/configmaps/config-map-one HTTP/1.1 and responded: HTTP/1.1 404 Client Error
2024-04-21 19:31:21.924  INFO 68482 --- [           main] o.s.c.k.f.config.Fabric8ConfigUtils      : config-map with name : 'config-map-one' not present in namespace : 'spring-k8s'
2024-04-21 19:31:21.926  INFO 68482 --- [127.0.0.1:42400] okhttp3.mockwebserver.MockWebServer      : MockWebServer[56101] received request: GET /api/v1/namespaces/spring-k8s/configmaps/config-map-one-dev HTTP/1.1 and responded: HTTP/1.1 200 OK
2024-04-21 19:31:21.967  INFO 68482 --- [           main] s.c.k.f.c.Fabric8ConfigMapPropertySource : Loading ConfigMap with name 'config-map-two' in namespace 'spring-k8s'
2024-04-21 19:31:21.968  INFO 68482 --- [127.0.0.1:42400] okhttp3.mockwebserver.MockWebServer      : MockWebServer[56101] received request: GET /api/v1/namespaces/spring-k8s/configmaps/config-map-two HTTP/1.1 and responded: HTTP/1.1 200 OK
2024-04-21 19:31:22.010  INFO 68482 --- [           main] s.c.k.f.c.Fabric8ConfigMapPropertySource : Loading ConfigMap with name 'config-map-three' in namespace 'spring-k8s'
2024-04-21 19:31:22.011  INFO 68482 --- [127.0.0.1:42400] okhttp3.mockwebserver.MockWebServer      : MockWebServer[56101] received request: GET /api/v1/namespaces/spring-k8s/configmaps/config-map-three HTTP/1.1 and responded: HTTP/1.1 200 OK
2024-04-21 19:31:22.052  INFO 68482 --- [           main] b.c.PropertySourceBootstrapConfiguration : Located property source: [BootstrapPropertySource {name='bootstrapProperties-configmap.config-map-three.spring-k8s'}, BootstrapPropertySource {name='bootstrapProperties-configmap.config-map-two.spring-k8s'}, BootstrapPropertySource {name='bootstrapProperties-configmap.config-map-one.spring-k8s'}]
2024-04-21 19:31:22.061  WARN 68482 --- [           main] ubernetesProfileEnvironmentPostProcessor : Not running inside kubernetes. Skipping 'kubernetes' profile activation.
2024-04-21 19:31:22.061  INFO 68482 --- [           main] apWithIncludeProfileSpecificSourcesTests : The following profiles are active: dev
2024-04-21 19:31:22.293  INFO 68482 --- [           main] o.s.cloud.context.scope.GenericScope     : BeanFactory id=25e932e5-66c9-3368-9666-2d7e7b1ab398
2024-04-21 19:31:22.377  INFO 68482 --- [           main] o.s.b.w.embedded.tomcat.TomcatWebServer  : Tomcat initialized with port(s): 0 (http)
2024-04-21 19:31:22.377  INFO 68482 --- [           main] o.apache.catalina.core.StandardService   : Starting service [Tomcat]
2024-04-21 19:31:22.378  INFO 68482 --- [           main] org.apache.catalina.core.StandardEngine  : Starting Servlet engine: [Apache Tomcat/9.0.56]
2024-04-21 19:31:22.388  INFO 68482 --- [           main] o.a.c.c.C.[Tomcat-5].[localhost].[/]     : Initializing Spring embedded WebApplicationContext
2024-04-21 19:31:22.388  INFO 68482 --- [           main] w.s.c.ServletWebServerApplicationContext : Root WebApplicationContext: initialization completed in 324 ms
2024-04-21 19:31:22.923  INFO 68482 --- [           main] o.s.b.a.e.web.EndpointLinksResolver      : Exposing 1 endpoint(s) beneath base path '/actuator'
2024-04-21 19:31:22.964  INFO 68482 --- [           main] o.s.b.w.embedded.tomcat.TomcatWebServer  : Tomcat started on port(s): 36345 (http) with context path ''
2024-04-21 19:31:22.970  INFO 68482 --- [           main] apWithIncludeProfileSpecificSourcesTests : Started ConfigMapWithIncludeProfileSpecificSourcesTests in 1.187 seconds (JVM running for 19.858)
2024-04-21 19:31:22.983  INFO 68482 --- [WebServer 53135] okhttp3.mockwebserver.MockWebServer      : MockWebServer[53135] starting to accept connections
2024-04-21 19:31:22.992  INFO 68482 --- [o-auto-6-exec-1] o.a.c.c.C.[Tomcat-5].[localhost].[/]     : Initializing Spring DispatcherServlet 'dispatcherServlet'
2024-04-21 19:31:22.992  INFO 68482 --- [o-auto-6-exec-1] o.s.web.servlet.DispatcherServlet        : Initializing Servlet 'dispatcherServlet'
2024-04-21 19:31:22.993  INFO 68482 --- [o-auto-6-exec-1] o.s.web.servlet.DispatcherServlet        : Completed initialization in 1 ms
2024-04-21 19:31:23.000  INFO 68482 --- [WebServer 53135] okhttp3.mockwebserver.MockWebServer      : MockWebServer[53135] done accepting connections: Socket closed
2024-04-21 19:31:23.005  INFO 68482 --- [           main] .b.t.c.SpringBootTestContextBootstrapper : Neither @ContextConfiguration nor @ContextHierarchy found for test class [org.springframework.cloud.kubernetes.fabric8.config.ConfigMapsWithProfileExpressionTests], using SpringBootContextLoader
2024-04-21 19:31:23.006  INFO 68482 --- [           main] o.s.t.c.support.AbstractContextLoader    : Could not detect default resource locations for test class [org.springframework.cloud.kubernetes.fabric8.config.ConfigMapsWithProfileExpressionTests]: no resource found for suffixes {-context.xml, Context.groovy}.
2024-04-21 19:31:23.008  INFO 68482 --- [           main] .b.t.c.SpringBootTestContextBootstrapper : Loaded default TestExecutionListener class names from location [META-INF/spring.factories]: [org.springframework.boot.test.mock.mockito.MockitoTestExecutionListener, org.springframework.boot.test.mock.mockito.ResetMocksTestExecutionListener, org.springframework.boot.test.autoconfigure.restdocs.RestDocsTestExecutionListener, org.springframework.boot.test.autoconfigure.web.client.MockRestServiceServerResetTestExecutionListener, org.springframework.boot.test.autoconfigure.web.servlet.MockMvcPrintOnlyOnFailureTestExecutionListener, org.springframework.boot.test.autoconfigure.web.servlet.WebDriverTestExecutionListener, org.springframework.boot.test.autoconfigure.webservices.client.MockWebServiceServerTestExecutionListener, org.springframework.test.context.web.ServletTestExecutionListener, org.springframework.test.context.support.DirtiesContextBeforeModesTestExecutionListener, org.springframework.test.context.event.ApplicationEventsTestExecutionListener, org.springframework.test.context.support.DependencyInjectionTestExecutionListener, org.springframework.test.context.support.DirtiesContextTestExecutionListener, org.springframework.test.context.transaction.TransactionalTestExecutionListener, org.springframework.test.context.jdbc.SqlScriptsTestExecutionListener, org.springframework.test.context.event.EventPublishingTestExecutionListener, org.spockframework.spring.SpringMockTestExecutionListener]
2024-04-21 19:31:23.009  INFO 68482 --- [           main] .b.t.c.SpringBootTestContextBootstrapper : Using TestExecutionListeners: [org.springframework.test.context.web.ServletTestExecutionListener@45dce9f7, org.springframework.test.context.support.DirtiesContextBeforeModesTestExecutionListener@9da20f1, org.springframework.test.context.event.ApplicationEventsTestExecutionListener@4a52178, org.springframework.boot.test.mock.mockito.MockitoTestExecutionListener@10c9bd51, org.springframework.boot.test.autoconfigure.SpringBootDependencyInjectionTestExecutionListener@32787dee, org.springframework.test.context.support.DirtiesContextTestExecutionListener@6afd0ef8, org.springframework.test.context.event.EventPublishingTestExecutionListener@47fe4c3e, org.springframework.boot.test.mock.mockito.ResetMocksTestExecutionListener@1a8042a5, org.springframework.boot.test.autoconfigure.restdocs.RestDocsTestExecutionListener@6be6cb16, org.springframework.boot.test.autoconfigure.web.client.MockRestServiceServerResetTestExecutionListener@69ee825c, org.springframework.boot.test.autoconfigure.web.servlet.MockMvcPrintOnlyOnFailureTestExecutionListener@5c44bce3, org.springframework.boot.test.autoconfigure.web.servlet.WebDriverTestExecutionListener@444958a4, org.springframework.boot.test.autoconfigure.webservices.client.MockWebServiceServerTestExecutionListener@19aa9540, org.spockframework.spring.SpringMockTestExecutionListener@4cb084b]
2024-04-21 19:31:23.011  INFO 68482 --- [WebServer 52027] okhttp3.mockwebserver.MockWebServer      : MockWebServer[52027] starting to accept connections
2024-04-21 19:31:23.015  INFO 68482 --- [127.0.0.1:59388] okhttp3.mockwebserver.MockWebServer      : MockWebServer[52027] received request: POST /api/v1/namespaces/test/configmaps HTTP/1.1 and responded: HTTP/1.1 200 OK
2024-04-21 19:31:23.062  WARN 68482 --- [           main] ubernetesProfileEnvironmentPostProcessor : Not running inside kubernetes. Skipping 'kubernetes' profile activation.

  .   ____          _            __ _ _
 /\\ / ___'_ __ _ _(_)_ __  __ _ \ \ \ \
( ( )\___ | '_ | '_| | '_ \/ _` | \ \ \ \
 \\/  ___)| |_)| | | | | || (_| |  ) ) ) )
  '  |____| .__|_| |_|_| |_\__, | / / / /
 =========|_|==============|___/=/_/_/_/
 :: Spring Boot ::                (v2.6.3)

2024-04-21 19:31:23.152  INFO 68482 --- [           main] s.c.k.f.c.Fabric8ConfigMapPropertySource : Loading ConfigMap with name 'configmap-with-profile-example' in namespace 'test'
2024-04-21 19:31:23.155  INFO 68482 --- [127.0.0.1:59390] okhttp3.mockwebserver.MockWebServer      : MockWebServer[52027] received request: GET /api/v1/namespaces/test/configmaps/configmap-with-profile-example HTTP/1.1 and responded: HTTP/1.1 200 OK
2024-04-21 19:31:23.160  INFO 68482 --- [127.0.0.1:59390] okhttp3.mockwebserver.MockWebServer      : MockWebServer[52027] received request: GET /api/v1/namespaces/test/configmaps/configmap-with-profile-example-production HTTP/1.1 and responded: HTTP/1.1 404 Client Error
2024-04-21 19:31:23.160  INFO 68482 --- [           main] o.s.c.k.f.config.Fabric8ConfigUtils      : config-map with name : 'configmap-with-profile-example-production' not present in namespace : 'test'
2024-04-21 19:31:23.161  INFO 68482 --- [127.0.0.1:59390] okhttp3.mockwebserver.MockWebServer      : MockWebServer[52027] received request: GET /api/v1/namespaces/test/configmaps/configmap-with-profile-example-us-east HTTP/1.1 and responded: HTTP/1.1 404 Client Error
2024-04-21 19:31:23.162  INFO 68482 --- [           main] o.s.c.k.f.config.Fabric8ConfigUtils      : config-map with name : 'configmap-with-profile-example-us-east' not present in namespace : 'test'
2024-04-21 19:31:23.162  INFO 68482 --- [           main] b.c.PropertySourceBootstrapConfiguration : Located property source: [BootstrapPropertySource {name='bootstrapProperties-configmap.configmap-with-profile-example.test'}]
2024-04-21 19:31:23.166  WARN 68482 --- [           main] ubernetesProfileEnvironmentPostProcessor : Not running inside kubernetes. Skipping 'kubernetes' profile activation.
2024-04-21 19:31:23.166  INFO 68482 --- [           main] f.c.ConfigMapsWithProfileExpressionTests : The following profiles are active: production,us-east
2024-04-21 19:31:23.333  INFO 68482 --- [           main] o.s.cloud.context.scope.GenericScope     : BeanFactory id=affffd22-e438-321b-a0d0-967c2140a2e8
2024-04-21 19:31:23.411  INFO 68482 --- [           main] o.s.b.w.embedded.tomcat.TomcatWebServer  : Tomcat initialized with port(s): 0 (http)
2024-04-21 19:31:23.412  INFO 68482 --- [           main] o.apache.catalina.core.StandardService   : Starting service [Tomcat]
2024-04-21 19:31:23.413  INFO 68482 --- [           main] org.apache.catalina.core.StandardEngine  : Starting Servlet engine: [Apache Tomcat/9.0.56]
2024-04-21 19:31:23.423  INFO 68482 --- [           main] o.a.c.c.C.[Tomcat-6].[localhost].[/]     : Initializing Spring embedded WebApplicationContext
2024-04-21 19:31:23.423  INFO 68482 --- [           main] w.s.c.ServletWebServerApplicationContext : Root WebApplicationContext: initialization completed in 256 ms
2024-04-21 19:31:23.932  INFO 68482 --- [           main] o.s.b.a.e.web.EndpointLinksResolver      : Exposing 1 endpoint(s) beneath base path '/actuator'
2024-04-21 19:31:23.983  INFO 68482 --- [           main] o.s.b.w.embedded.tomcat.TomcatWebServer  : Tomcat started on port(s): 34035 (http) with context path ''
2024-04-21 19:31:23.988  INFO 68482 --- [           main] f.c.ConfigMapsWithProfileExpressionTests : Started ConfigMapsWithProfileExpressionTests in 0.971 seconds (JVM running for 20.876)
2024-04-21 19:31:23.998  INFO 68482 --- [WebServer 57931] okhttp3.mockwebserver.MockWebServer      : MockWebServer[57931] starting to accept connections
2024-04-21 19:31:24.006  INFO 68482 --- [o-auto-7-exec-1] o.a.c.c.C.[Tomcat-6].[localhost].[/]     : Initializing Spring DispatcherServlet 'dispatcherServlet'
2024-04-21 19:31:24.006  INFO 68482 --- [o-auto-7-exec-1] o.s.web.servlet.DispatcherServlet        : Initializing Servlet 'dispatcherServlet'
2024-04-21 19:31:24.006  INFO 68482 --- [o-auto-7-exec-1] o.s.web.servlet.DispatcherServlet        : Completed initialization in 0 ms
2024-04-21 19:31:24.014  INFO 68482 --- [WebServer 57931] okhttp3.mockwebserver.MockWebServer      : MockWebServer[57931] done accepting connections: Socket closed
2024-04-21 19:31:24.017  INFO 68482 --- [           main] .b.t.c.SpringBootTestContextBootstrapper : Neither @ContextConfiguration nor @ContextHierarchy found for test class [org.springframework.cloud.kubernetes.fabric8.config.ConfigMapWithPrefixTests], using SpringBootContextLoader
2024-04-21 19:31:24.017  INFO 68482 --- [           main] o.s.t.c.support.AbstractContextLoader    : Could not detect default resource locations for test class [org.springframework.cloud.kubernetes.fabric8.config.ConfigMapWithPrefixTests]: no resource found for suffixes {-context.xml, Context.groovy}.
2024-04-21 19:31:24.019  INFO 68482 --- [           main] .b.t.c.SpringBootTestContextBootstrapper : Loaded default TestExecutionListener class names from location [META-INF/spring.factories]: [org.springframework.boot.test.mock.mockito.MockitoTestExecutionListener, org.springframework.boot.test.mock.mockito.ResetMocksTestExecutionListener, org.springframework.boot.test.autoconfigure.restdocs.RestDocsTestExecutionListener, org.springframework.boot.test.autoconfigure.web.client.MockRestServiceServerResetTestExecutionListener, org.springframework.boot.test.autoconfigure.web.servlet.MockMvcPrintOnlyOnFailureTestExecutionListener, org.springframework.boot.test.autoconfigure.web.servlet.WebDriverTestExecutionListener, org.springframework.boot.test.autoconfigure.webservices.client.MockWebServiceServerTestExecutionListener, org.springframework.test.context.web.ServletTestExecutionListener, org.springframework.test.context.support.DirtiesContextBeforeModesTestExecutionListener, org.springframework.test.context.event.ApplicationEventsTestExecutionListener, org.springframework.test.context.support.DependencyInjectionTestExecutionListener, org.springframework.test.context.support.DirtiesContextTestExecutionListener, org.springframework.test.context.transaction.TransactionalTestExecutionListener, org.springframework.test.context.jdbc.SqlScriptsTestExecutionListener, org.springframework.test.context.event.EventPublishingTestExecutionListener, org.spockframework.spring.SpringMockTestExecutionListener]
2024-04-21 19:31:24.020  INFO 68482 --- [           main] .b.t.c.SpringBootTestContextBootstrapper : Using TestExecutionListeners: [org.springframework.test.context.web.ServletTestExecutionListener@5034e0c6, org.springframework.test.context.support.DirtiesContextBeforeModesTestExecutionListener@b88d294, org.springframework.test.context.event.ApplicationEventsTestExecutionListener@1cd50433, org.springframework.boot.test.mock.mockito.MockitoTestExecutionListener@71bbbb9f, org.springframework.boot.test.autoconfigure.SpringBootDependencyInjectionTestExecutionListener@6fe47be, org.springframework.test.context.support.DirtiesContextTestExecutionListener@4baf3987, org.springframework.test.context.event.EventPublishingTestExecutionListener@7fef485d, org.springframework.boot.test.mock.mockito.ResetMocksTestExecutionListener@53a4637c, org.springframework.boot.test.autoconfigure.restdocs.RestDocsTestExecutionListener@27131d01, org.springframework.boot.test.autoconfigure.web.client.MockRestServiceServerResetTestExecutionListener@15c27b65, org.springframework.boot.test.autoconfigure.web.servlet.MockMvcPrintOnlyOnFailureTestExecutionListener@106a6420, org.springframework.boot.test.autoconfigure.web.servlet.WebDriverTestExecutionListener@60a54ad2, org.springframework.boot.test.autoconfigure.webservices.client.MockWebServiceServerTestExecutionListener@5fe1b8d2, org.spockframework.spring.SpringMockTestExecutionListener@597ef918]
2024-04-21 19:31:24.022  INFO 68482 --- [WebServer 54617] okhttp3.mockwebserver.MockWebServer      : MockWebServer[54617] starting to accept connections
2024-04-21 19:31:24.025  INFO 68482 --- [127.0.0.1:41464] okhttp3.mockwebserver.MockWebServer      : MockWebServer[54617] received request: POST /api/v1/namespaces/spring-k8s/configmaps HTTP/1.1 and responded: HTTP/1.1 200 OK
2024-04-21 19:31:24.028  INFO 68482 --- [127.0.0.1:41464] okhttp3.mockwebserver.MockWebServer      : MockWebServer[54617] received request: POST /api/v1/namespaces/spring-k8s/configmaps HTTP/1.1 and responded: HTTP/1.1 200 OK
2024-04-21 19:31:24.075  INFO 68482 --- [127.0.0.1:41464] okhttp3.mockwebserver.MockWebServer      : MockWebServer[54617] received request: POST /api/v1/namespaces/spring-k8s/configmaps HTTP/1.1 and responded: HTTP/1.1 200 OK
2024-04-21 19:31:24.127  INFO 68482 --- [WebServer 58749] okhttp3.mockwebserver.MockWebServer      : MockWebServer[58749] starting to accept connections
2024-04-21 19:31:24.156  INFO 68482 --- [WebServer 58749] okhttp3.mockwebserver.MockWebServer      : MockWebServer[58749] done accepting connections: Socket closed
2024-04-21 19:31:24.165  INFO 68482 --- [WebServer 40987] okhttp3.mockwebserver.MockWebServer      : MockWebServer[40987] starting to accept connections
2024-04-21 19:31:24.168  INFO 68482 --- [WebServer 44725] okhttp3.mockwebserver.MockWebServer      : MockWebServer[44725] starting to accept connections
2024-04-21 19:31:24.212  WARN 68482 --- [           main] ubernetesProfileEnvironmentPostProcessor : Not running inside kubernetes. Skipping 'kubernetes' profile activation.

  .   ____          _            __ _ _
 /\\ / ___'_ __ _ _(_)_ __  __ _ \ \ \ \
( ( )\___ | '_ | '_| | '_ \/ _` | \ \ \ \
 \\/  ___)| |_)| | | | | || (_| |  ) ) ) )
  '  |____| .__|_| |_|_| |_\__, | / / / /
 =========|_|==============|___/=/_/_/_/
 :: Spring Boot ::                (v2.6.3)

2024-04-21 19:31:24.272  WARN 68482 --- [           main] ubernetesProfileEnvironmentPostProcessor : Not running inside kubernetes. Skipping 'kubernetes' profile activation.
2024-04-21 19:31:24.272  INFO 68482 --- [           main] e.i.cs.testrunner.execution.Executor$    : No active profile set, falling back to default profiles: default
2024-04-21 19:31:24.282  INFO 68482 --- [           main] o.s.cloud.context.scope.GenericScope     : BeanFactory id=5adb76a5-ffff-3c5f-a60f-7f84faf1ce0f
2024-04-21 19:31:24.286  INFO 68482 --- [           main] e.i.cs.testrunner.execution.Executor$    : Started Executor. in 0.116 seconds (JVM running for 21.174)
2024-04-21 19:31:24.287  INFO 68482 --- [WebServer 44725] okhttp3.mockwebserver.MockWebServer      : MockWebServer[44725] done accepting connections: Socket closed
2024-04-21 19:31:24.293  INFO 68482 --- [           main] .b.t.c.SpringBootTestContextBootstrapper : Neither @ContextConfiguration nor @ContextHierarchy found for test class [org.springframework.cloud.kubernetes.fabric8.config.MultipleSecretsTests], using SpringBootContextLoader
2024-04-21 19:31:24.294  INFO 68482 --- [           main] o.s.t.c.support.AbstractContextLoader    : Could not detect default resource locations for test class [org.springframework.cloud.kubernetes.fabric8.config.MultipleSecretsTests]: no resource found for suffixes {-context.xml, Context.groovy}.
2024-04-21 19:31:24.296  INFO 68482 --- [           main] .b.t.c.SpringBootTestContextBootstrapper : Loaded default TestExecutionListener class names from location [META-INF/spring.factories]: [org.springframework.boot.test.mock.mockito.MockitoTestExecutionListener, org.springframework.boot.test.mock.mockito.ResetMocksTestExecutionListener, org.springframework.boot.test.autoconfigure.restdocs.RestDocsTestExecutionListener, org.springframework.boot.test.autoconfigure.web.client.MockRestServiceServerResetTestExecutionListener, org.springframework.boot.test.autoconfigure.web.servlet.MockMvcPrintOnlyOnFailureTestExecutionListener, org.springframework.boot.test.autoconfigure.web.servlet.WebDriverTestExecutionListener, org.springframework.boot.test.autoconfigure.webservices.client.MockWebServiceServerTestExecutionListener, org.springframework.test.context.web.ServletTestExecutionListener, org.springframework.test.context.support.DirtiesContextBeforeModesTestExecutionListener, org.springframework.test.context.event.ApplicationEventsTestExecutionListener, org.springframework.test.context.support.DependencyInjectionTestExecutionListener, org.springframework.test.context.support.DirtiesContextTestExecutionListener, org.springframework.test.context.transaction.TransactionalTestExecutionListener, org.springframework.test.context.jdbc.SqlScriptsTestExecutionListener, org.springframework.test.context.event.EventPublishingTestExecutionListener, org.spockframework.spring.SpringMockTestExecutionListener]
2024-04-21 19:31:24.297  INFO 68482 --- [           main] .b.t.c.SpringBootTestContextBootstrapper : Using TestExecutionListeners: [org.springframework.test.context.web.ServletTestExecutionListener@319e02e7, org.springframework.test.context.support.DirtiesContextBeforeModesTestExecutionListener@742ce3ad, org.springframework.test.context.event.ApplicationEventsTestExecutionListener@3bbab7c7, org.springframework.boot.test.mock.mockito.MockitoTestExecutionListener@3237522b, org.springframework.boot.test.autoconfigure.SpringBootDependencyInjectionTestExecutionListener@73ffe7b0, org.springframework.test.context.support.DirtiesContextTestExecutionListener@60dd53e9, org.springframework.test.context.event.EventPublishingTestExecutionListener@eb7d4ba, org.springframework.boot.test.mock.mockito.ResetMocksTestExecutionListener@699794d, org.springframework.boot.test.autoconfigure.restdocs.RestDocsTestExecutionListener@ad7cc49, org.springframework.boot.test.autoconfigure.web.client.MockRestServiceServerResetTestExecutionListener@1f94e1, org.springframework.boot.test.autoconfigure.web.servlet.MockMvcPrintOnlyOnFailureTestExecutionListener@30bd925c, org.springframework.boot.test.autoconfigure.web.servlet.WebDriverTestExecutionListener@7da3d617, org.springframework.boot.test.autoconfigure.webservices.client.MockWebServiceServerTestExecutionListener@49a2e86e, org.spockframework.spring.SpringMockTestExecutionListener@3566d527]
2024-04-21 19:31:24.299  INFO 68482 --- [WebServer 54499] okhttp3.mockwebserver.MockWebServer      : MockWebServer[54499] starting to accept connections
2024-04-21 19:31:24.307  INFO 68482 --- [127.0.0.1:57572] okhttp3.mockwebserver.MockWebServer      : MockWebServer[54499] received request: POST /api/v1/namespaces/ns1/secrets HTTP/1.1 and responded: HTTP/1.1 200 OK
2024-04-21 19:31:24.310  INFO 68482 --- [127.0.0.1:57572] okhttp3.mockwebserver.MockWebServer      : MockWebServer[54499] received request: POST /api/v1/namespaces/ns2/secrets HTTP/1.1 and responded: HTTP/1.1 200 OK
2024-04-21 19:31:24.394  WARN 68482 --- [           main] ubernetesProfileEnvironmentPostProcessor : Not running inside kubernetes. Skipping 'kubernetes' profile activation.

  .   ____          _            __ _ _
 /\\ / ___'_ __ _ _(_)_ __  __ _ \ \ \ \
( ( )\___ | '_ | '_| | '_ \/ _` | \ \ \ \
 \\/  ___)| |_)| | | | | || (_| |  ) ) ) )
  '  |____| .__|_| |_|_| |_\__, | / / / /
 =========|_|==============|___/=/_/_/_/
 :: Spring Boot ::                (v2.6.3)

2024-04-21 19:31:24.466  INFO 68482 --- [           main] s.c.k.f.c.Fabric8ConfigMapPropertySource : Loading ConfigMap with name 'secret-example' in namespace 'ns1'
2024-04-21 19:31:24.469  INFO 68482 --- [127.0.0.1:57584] okhttp3.mockwebserver.MockWebServer      : MockWebServer[54499] received request: GET /api/v1/namespaces/ns1/configmaps/secret-example HTTP/1.1 and responded: HTTP/1.1 404 Client Error
2024-04-21 19:31:24.472  INFO 68482 --- [           main] o.s.c.k.f.config.Fabric8ConfigUtils      : config-map with name : 'secret-example' not present in namespace : 'ns1'
2024-04-21 19:31:24.472  INFO 68482 --- [           main] b.c.PropertySourceBootstrapConfiguration : Located property source: [BootstrapPropertySource {name='bootstrapProperties-configmap.secret-example.ns1'}]
2024-04-21 19:31:24.473  INFO 68482 --- [           main] o.s.c.k.f.c.Fabric8SecretsPropertySource : Loading Secret with name 'name2' or with labels [{0.env=dev2, 1.version=2.0}] in namespace 'ns2'
2024-04-21 19:31:24.474  INFO 68482 --- [127.0.0.1:57584] okhttp3.mockwebserver.MockWebServer      : MockWebServer[54499] received request: GET /api/v1/namespaces/ns2/secrets/name2 HTTP/1.1 and responded: HTTP/1.1 200 OK
2024-04-21 19:31:24.520  INFO 68482 --- [127.0.0.1:57584] okhttp3.mockwebserver.MockWebServer      : MockWebServer[54499] received request: GET /api/v1/namespaces/ns2/secrets?labelSelector=0.env%3Ddev2%2C1.version%3D2.0 HTTP/1.1 and responded: HTTP/1.1 200 OK
2024-04-21 19:31:24.564  INFO 68482 --- [           main] o.s.c.k.f.c.Fabric8SecretsPropertySource : Loading Secret with name 'name1' or with labels [{0.env=env1, 1.version=1.0}] in namespace 'ns1'
2024-04-21 19:31:24.566  INFO 68482 --- [127.0.0.1:57584] okhttp3.mockwebserver.MockWebServer      : MockWebServer[54499] received request: GET /api/v1/namespaces/ns1/secrets/name1 HTTP/1.1 and responded: HTTP/1.1 200 OK
2024-04-21 19:31:24.611  INFO 68482 --- [127.0.0.1:57584] okhttp3.mockwebserver.MockWebServer      : MockWebServer[54499] received request: GET /api/v1/namespaces/ns1/secrets?labelSelector=0.env%3Denv1%2C1.version%3D1.0 HTTP/1.1 and responded: HTTP/1.1 200 OK
2024-04-21 19:31:24.652  INFO 68482 --- [           main] b.c.PropertySourceBootstrapConfiguration : Located property source: [BootstrapPropertySource {name='bootstrapProperties-secrets.name2.ns2'}, BootstrapPropertySource {name='bootstrapProperties-secrets.name1.ns1'}]
2024-04-21 19:31:24.662  WARN 68482 --- [           main] ubernetesProfileEnvironmentPostProcessor : Not running inside kubernetes. Skipping 'kubernetes' profile activation.
2024-04-21 19:31:24.663  INFO 68482 --- [           main] o.s.c.k.f.config.MultipleSecretsTests    : No active profile set, falling back to default profiles: default
2024-04-21 19:31:24.862  INFO 68482 --- [           main] o.s.cloud.context.scope.GenericScope     : BeanFactory id=d892432b-60e7-3516-91cd-00a010d0f3f7
2024-04-21 19:31:24.989  INFO 68482 --- [           main] o.s.b.w.embedded.tomcat.TomcatWebServer  : Tomcat initialized with port(s): 0 (http)
2024-04-21 19:31:24.990  INFO 68482 --- [           main] o.apache.catalina.core.StandardService   : Starting service [Tomcat]
2024-04-21 19:31:24.990  INFO 68482 --- [           main] org.apache.catalina.core.StandardEngine  : Starting Servlet engine: [Apache Tomcat/9.0.56]
2024-04-21 19:31:25.001  INFO 68482 --- [           main] o.a.c.c.C.[Tomcat-7].[localhost].[/]     : Initializing Spring embedded WebApplicationContext
2024-04-21 19:31:25.001  INFO 68482 --- [           main] w.s.c.ServletWebServerApplicationContext : Root WebApplicationContext: initialization completed in 336 ms
2024-04-21 19:31:25.538  INFO 68482 --- [           main] o.s.b.a.e.web.EndpointLinksResolver      : Exposing 1 endpoint(s) beneath base path '/actuator'
2024-04-21 19:31:25.579  INFO 68482 --- [           main] o.s.b.w.embedded.tomcat.TomcatWebServer  : Tomcat started on port(s): 38659 (http) with context path ''
2024-04-21 19:31:25.585  INFO 68482 --- [           main] o.s.c.k.f.config.MultipleSecretsTests    : Started MultipleSecretsTests in 1.232 seconds (JVM running for 22.472)
2024-04-21 19:31:25.596  INFO 68482 --- [WebServer 41941] okhttp3.mockwebserver.MockWebServer      : MockWebServer[41941] starting to accept connections
2024-04-21 19:31:25.606  INFO 68482 --- [o-auto-8-exec-1] o.a.c.c.C.[Tomcat-7].[localhost].[/]     : Initializing Spring DispatcherServlet 'dispatcherServlet'
2024-04-21 19:31:25.606  INFO 68482 --- [o-auto-8-exec-1] o.s.web.servlet.DispatcherServlet        : Initializing Servlet 'dispatcherServlet'
2024-04-21 19:31:25.607  INFO 68482 --- [o-auto-8-exec-1] o.s.web.servlet.DispatcherServlet        : Completed initialization in 1 ms
2024-04-21 19:31:25.618  INFO 68482 --- [WebServer 41941] okhttp3.mockwebserver.MockWebServer      : MockWebServer[41941] done accepting connections: Socket closed
2024-04-21 19:31:25.622  INFO 68482 --- [           main] .b.t.c.SpringBootTestContextBootstrapper : Neither @ContextConfiguration nor @ContextHierarchy found for test class [org.springframework.cloud.kubernetes.fabric8.config.MultipleSecretsTests], using SpringBootContextLoader
2024-04-21 19:31:25.624  INFO 68482 --- [           main] o.s.t.c.support.AbstractContextLoader    : Could not detect default resource locations for test class [org.springframework.cloud.kubernetes.fabric8.config.MultipleSecretsTests]: no resource found for suffixes {-context.xml, Context.groovy}.
2024-04-21 19:31:25.628  INFO 68482 --- [           main] .b.t.c.SpringBootTestContextBootstrapper : Loaded default TestExecutionListener class names from location [META-INF/spring.factories]: [org.springframework.boot.test.mock.mockito.MockitoTestExecutionListener, org.springframework.boot.test.mock.mockito.ResetMocksTestExecutionListener, org.springframework.boot.test.autoconfigure.restdocs.RestDocsTestExecutionListener, org.springframework.boot.test.autoconfigure.web.client.MockRestServiceServerResetTestExecutionListener, org.springframework.boot.test.autoconfigure.web.servlet.MockMvcPrintOnlyOnFailureTestExecutionListener, org.springframework.boot.test.autoconfigure.web.servlet.WebDriverTestExecutionListener, org.springframework.boot.test.autoconfigure.webservices.client.MockWebServiceServerTestExecutionListener, org.springframework.test.context.web.ServletTestExecutionListener, org.springframework.test.context.support.DirtiesContextBeforeModesTestExecutionListener, org.springframework.test.context.event.ApplicationEventsTestExecutionListener, org.springframework.test.context.support.DependencyInjectionTestExecutionListener, org.springframework.test.context.support.DirtiesContextTestExecutionListener, org.springframework.test.context.transaction.TransactionalTestExecutionListener, org.springframework.test.context.jdbc.SqlScriptsTestExecutionListener, org.springframework.test.context.event.EventPublishingTestExecutionListener, org.spockframework.spring.SpringMockTestExecutionListener]
2024-04-21 19:31:25.630  INFO 68482 --- [           main] .b.t.c.SpringBootTestContextBootstrapper : Using TestExecutionListeners: [org.springframework.test.context.web.ServletTestExecutionListener@1cfa5e46, org.springframework.test.context.support.DirtiesContextBeforeModesTestExecutionListener@4df5b562, org.springframework.test.context.event.ApplicationEventsTestExecutionListener@3e4d197, org.springframework.boot.test.mock.mockito.MockitoTestExecutionListener@222557fc, org.springframework.boot.test.autoconfigure.SpringBootDependencyInjectionTestExecutionListener@6c633590, org.springframework.test.context.support.DirtiesContextTestExecutionListener@c5dc3db, org.springframework.test.context.event.EventPublishingTestExecutionListener@2910c3ae, org.springframework.boot.test.mock.mockito.ResetMocksTestExecutionListener@2182ebc7, org.springframework.boot.test.autoconfigure.restdocs.RestDocsTestExecutionListener@543895d2, org.springframework.boot.test.autoconfigure.web.client.MockRestServiceServerResetTestExecutionListener@3699c795, org.springframework.boot.test.autoconfigure.web.servlet.MockMvcPrintOnlyOnFailureTestExecutionListener@193b6f5b, org.springframework.boot.test.autoconfigure.web.servlet.WebDriverTestExecutionListener@2fd16368, org.springframework.boot.test.autoconfigure.webservices.client.MockWebServiceServerTestExecutionListener@3fd7f545, org.spockframework.spring.SpringMockTestExecutionListener@470a2845]
2024-04-21 19:31:25.634  INFO 68482 --- [WebServer 40639] okhttp3.mockwebserver.MockWebServer      : MockWebServer[40639] starting to accept connections
2024-04-21 19:31:25.639  INFO 68482 --- [127.0.0.1:54182] okhttp3.mockwebserver.MockWebServer      : MockWebServer[40639] received request: POST /api/v1/namespaces/ns1/secrets HTTP/1.1 and responded: HTTP/1.1 200 OK
2024-04-21 19:31:25.645  INFO 68482 --- [127.0.0.1:54182] okhttp3.mockwebserver.MockWebServer      : MockWebServer[40639] received request: POST /api/v1/namespaces/ns2/secrets HTTP/1.1 and responded: HTTP/1.1 200 OK
2024-04-21 19:31:25.692  INFO 68482 --- [WebServer 45607] okhttp3.mockwebserver.MockWebServer      : MockWebServer[45607] starting to accept connections
2024-04-21 19:31:25.705  INFO 68482 --- [WebServer 45607] okhttp3.mockwebserver.MockWebServer      : MockWebServer[45607] done accepting connections: Socket closed
2024-04-21 19:31:25.709  INFO 68482 --- [WebServer 48665] okhttp3.mockwebserver.MockWebServer      : MockWebServer[48665] starting to accept connections
2024-04-21 19:31:25.710  INFO 68482 --- [WebServer 35967] okhttp3.mockwebserver.MockWebServer      : MockWebServer[35967] starting to accept connections
2024-04-21 19:31:25.753  WARN 68482 --- [           main] ubernetesProfileEnvironmentPostProcessor : Not running inside kubernetes. Skipping 'kubernetes' profile activation.

  .   ____          _            __ _ _
 /\\ / ___'_ __ _ _(_)_ __  __ _ \ \ \ \
( ( )\___ | '_ | '_| | '_ \/ _` | \ \ \ \
 \\/  ___)| |_)| | | | | || (_| |  ) ) ) )
  '  |____| .__|_| |_|_| |_\__, | / / / /
 =========|_|==============|___/=/_/_/_/
 :: Spring Boot ::                (v2.6.3)

2024-04-21 19:31:25.822  INFO 68482 --- [           main] s.c.k.f.c.Fabric8ConfigMapPropertySource : Loading ConfigMap with name 'application' in namespace 'default'
2024-04-21 19:31:25.825  INFO 68482 --- [127.0.0.1:54190] okhttp3.mockwebserver.MockWebServer      : MockWebServer[40639] received request: GET /api/v1/namespaces/default/configmaps/application HTTP/1.1 and responded: HTTP/1.1 404 Client Error
2024-04-21 19:31:25.827  INFO 68482 --- [           main] o.s.c.k.f.config.Fabric8ConfigUtils      : config-map with name : 'application' not present in namespace : 'default'
2024-04-21 19:31:25.827  INFO 68482 --- [           main] b.c.PropertySourceBootstrapConfiguration : Located property source: [BootstrapPropertySource {name='bootstrapProperties-configmap.application.default'}]
2024-04-21 19:31:25.829  WARN 68482 --- [           main] ubernetesProfileEnvironmentPostProcessor : Not running inside kubernetes. Skipping 'kubernetes' profile activation.
2024-04-21 19:31:25.830  INFO 68482 --- [           main] e.i.cs.testrunner.execution.Executor$    : No active profile set, falling back to default profiles: default
2024-04-21 19:31:25.843  INFO 68482 --- [           main] o.s.cloud.context.scope.GenericScope     : BeanFactory id=9e8f334d-ea3e-3bac-a635-d33d7314ddc7
2024-04-21 19:31:25.846  INFO 68482 --- [           main] e.i.cs.testrunner.execution.Executor$    : Started Executor. in 0.135 seconds (JVM running for 22.734)
2024-04-21 19:31:25.847  INFO 68482 --- [WebServer 35967] okhttp3.mockwebserver.MockWebServer      : MockWebServer[35967] done accepting connections: Socket closed
2024-04-21 19:31:25.853  INFO 68482 --- [           main] .b.t.c.SpringBootTestContextBootstrapper : Neither @ContextConfiguration nor @ContextHierarchy found for test class [org.springframework.cloud.kubernetes.fabric8.config.Fabric8BootstrapConfigurationTests$Fabric8BootstrapConfigurationInsideK8s], using SpringBootContextLoader
2024-04-21 19:31:25.854  INFO 68482 --- [           main] o.s.t.c.support.AbstractContextLoader    : Could not detect default resource locations for test class [org.springframework.cloud.kubernetes.fabric8.config.Fabric8BootstrapConfigurationTests$Fabric8BootstrapConfigurationInsideK8s]: no resource found for suffixes {-context.xml, Context.groovy}.
2024-04-21 19:31:25.855  INFO 68482 --- [           main] .b.t.c.SpringBootTestContextBootstrapper : Loaded default TestExecutionListener class names from location [META-INF/spring.factories]: [org.springframework.boot.test.mock.mockito.MockitoTestExecutionListener, org.springframework.boot.test.mock.mockito.ResetMocksTestExecutionListener, org.springframework.boot.test.autoconfigure.restdocs.RestDocsTestExecutionListener, org.springframework.boot.test.autoconfigure.web.client.MockRestServiceServerResetTestExecutionListener, org.springframework.boot.test.autoconfigure.web.servlet.MockMvcPrintOnlyOnFailureTestExecutionListener, org.springframework.boot.test.autoconfigure.web.servlet.WebDriverTestExecutionListener, org.springframework.boot.test.autoconfigure.webservices.client.MockWebServiceServerTestExecutionListener, org.springframework.test.context.web.ServletTestExecutionListener, org.springframework.test.context.support.DirtiesContextBeforeModesTestExecutionListener, org.springframework.test.context.event.ApplicationEventsTestExecutionListener, org.springframework.test.context.support.DependencyInjectionTestExecutionListener, org.springframework.test.context.support.DirtiesContextTestExecutionListener, org.springframework.test.context.transaction.TransactionalTestExecutionListener, org.springframework.test.context.jdbc.SqlScriptsTestExecutionListener, org.springframework.test.context.event.EventPublishingTestExecutionListener, org.spockframework.spring.SpringMockTestExecutionListener]
2024-04-21 19:31:25.857  INFO 68482 --- [           main] .b.t.c.SpringBootTestContextBootstrapper : Using TestExecutionListeners: [org.springframework.test.context.web.ServletTestExecutionListener@18f6ccf4, org.springframework.test.context.support.DirtiesContextBeforeModesTestExecutionListener@72dc9f9d, org.springframework.test.context.event.ApplicationEventsTestExecutionListener@45ec6bb3, org.springframework.boot.test.mock.mockito.MockitoTestExecutionListener@219c32e3, org.springframework.boot.test.autoconfigure.SpringBootDependencyInjectionTestExecutionListener@fa3db48, org.springframework.test.context.support.DirtiesContextTestExecutionListener@19158d56, org.springframework.test.context.event.EventPublishingTestExecutionListener@3f02dc34, org.springframework.boot.test.mock.mockito.ResetMocksTestExecutionListener@7f49fa1d, org.springframework.boot.test.autoconfigure.restdocs.RestDocsTestExecutionListener@6e211727, org.springframework.boot.test.autoconfigure.web.client.MockRestServiceServerResetTestExecutionListener@5b6b5888, org.springframework.boot.test.autoconfigure.web.servlet.MockMvcPrintOnlyOnFailureTestExecutionListener@72a1ccad, org.springframework.boot.test.autoconfigure.web.servlet.WebDriverTestExecutionListener@420849f6, org.springframework.boot.test.autoconfigure.webservices.client.MockWebServiceServerTestExecutionListener@24f6f6bf, org.spockframework.spring.SpringMockTestExecutionListener@255845b1]
2024-04-21 19:31:25.898  WARN 68482 --- [           main] ubernetesProfileEnvironmentPostProcessor : Not running inside kubernetes. Skipping 'kubernetes' profile activation.

  .   ____          _            __ _ _
 /\\ / ___'_ __ _ _(_)_ __  __ _ \ \ \ \
( ( )\___ | '_ | '_| | '_ \/ _` | \ \ \ \
 \\/  ___)| |_)| | | | | || (_| |  ) ) ) )
  '  |____| .__|_| |_|_| |_\__, | / / / /
 =========|_|==============|___/=/_/_/_/
 :: Spring Boot ::                (v2.6.3)

2024-04-21 19:31:25.983  INFO 68482 --- [           main] s.c.k.f.c.Fabric8ConfigMapPropertySource : Loading ConfigMap with name 'application' in namespace 'abc'
2024-04-21 19:31:25.985  INFO 68482 --- [127.0.0.1:54200] okhttp3.mockwebserver.MockWebServer      : MockWebServer[40639] received request: GET /api/v1/namespaces/abc/configmaps/application HTTP/1.1 and responded: HTTP/1.1 404 Client Error
2024-04-21 19:31:25.987  INFO 68482 --- [           main] o.s.c.k.f.config.Fabric8ConfigUtils      : config-map with name : 'application' not present in namespace : 'abc'
2024-04-21 19:31:25.988  INFO 68482 --- [           main] b.c.PropertySourceBootstrapConfiguration : Located property source: [BootstrapPropertySource {name='bootstrapProperties-configmap.application.abc'}]
2024-04-21 19:31:25.990  WARN 68482 --- [           main] ubernetesProfileEnvironmentPostProcessor : Not running inside kubernetes. Skipping 'kubernetes' profile activation.
2024-04-21 19:31:25.991  INFO 68482 --- [           main] s$Fabric8BootstrapConfigurationInsideK8s : No active profile set, falling back to default profiles: default
2024-04-21 19:31:26.316  INFO 68482 --- [           main] o.s.cloud.context.scope.GenericScope     : BeanFactory id=55b4a3e9-9f94-32f4-ad68-c7f5dce8195c
2024-04-21 19:31:26.409  INFO 68482 --- [           main] o.s.b.w.embedded.tomcat.TomcatWebServer  : Tomcat initialized with port(s): 0 (http)
2024-04-21 19:31:26.409  INFO 68482 --- [           main] o.apache.catalina.core.StandardService   : Starting service [Tomcat]
2024-04-21 19:31:26.409  INFO 68482 --- [           main] org.apache.catalina.core.StandardEngine  : Starting Servlet engine: [Apache Tomcat/9.0.56]
2024-04-21 19:31:26.418  INFO 68482 --- [           main] o.a.c.c.C.[Tomcat-8].[localhost].[/]     : Initializing Spring embedded WebApplicationContext
2024-04-21 19:31:26.418  INFO 68482 --- [           main] w.s.c.ServletWebServerApplicationContext : Root WebApplicationContext: initialization completed in 427 ms
2024-04-21 19:31:27.016  INFO 68482 --- [           main] o.s.b.a.e.web.EndpointLinksResolver      : Exposing 1 endpoint(s) beneath base path '/actuator'
2024-04-21 19:31:27.057  INFO 68482 --- [           main] o.s.b.w.embedded.tomcat.TomcatWebServer  : Tomcat started on port(s): 37507 (http) with context path ''
2024-04-21 19:31:27.063  INFO 68482 --- [           main] s$Fabric8BootstrapConfigurationInsideK8s : Started Fabric8BootstrapConfigurationTests.Fabric8BootstrapConfigurationInsideK8s in 1.204 seconds (JVM running for 23.95)
2024-04-21 19:31:27.082  INFO 68482 --- [           main] .b.t.c.SpringBootTestContextBootstrapper : Neither @ContextConfiguration nor @ContextHierarchy found for test class [org.springframework.cloud.kubernetes.fabric8.config.ConfigMapsWithProfilesTests], using SpringBootContextLoader
2024-04-21 19:31:27.082  INFO 68482 --- [           main] o.s.t.c.support.AbstractContextLoader    : Could not detect default resource locations for test class [org.springframework.cloud.kubernetes.fabric8.config.ConfigMapsWithProfilesTests]: no resource found for suffixes {-context.xml, Context.groovy}.
2024-04-21 19:31:27.084  INFO 68482 --- [           main] .b.t.c.SpringBootTestContextBootstrapper : Loaded default TestExecutionListener class names from location [META-INF/spring.factories]: [org.springframework.boot.test.mock.mockito.MockitoTestExecutionListener, org.springframework.boot.test.mock.mockito.ResetMocksTestExecutionListener, org.springframework.boot.test.autoconfigure.restdocs.RestDocsTestExecutionListener, org.springframework.boot.test.autoconfigure.web.client.MockRestServiceServerResetTestExecutionListener, org.springframework.boot.test.autoconfigure.web.servlet.MockMvcPrintOnlyOnFailureTestExecutionListener, org.springframework.boot.test.autoconfigure.web.servlet.WebDriverTestExecutionListener, org.springframework.boot.test.autoconfigure.webservices.client.MockWebServiceServerTestExecutionListener, org.springframework.test.context.web.ServletTestExecutionListener, org.springframework.test.context.support.DirtiesContextBeforeModesTestExecutionListener, org.springframework.test.context.event.ApplicationEventsTestExecutionListener, org.springframework.test.context.support.DependencyInjectionTestExecutionListener, org.springframework.test.context.support.DirtiesContextTestExecutionListener, org.springframework.test.context.transaction.TransactionalTestExecutionListener, org.springframework.test.context.jdbc.SqlScriptsTestExecutionListener, org.springframework.test.context.event.EventPublishingTestExecutionListener, org.spockframework.spring.SpringMockTestExecutionListener]
2024-04-21 19:31:27.086  INFO 68482 --- [           main] .b.t.c.SpringBootTestContextBootstrapper : Using TestExecutionListeners: [org.springframework.test.context.web.ServletTestExecutionListener@1e072d67, org.springframework.test.context.support.DirtiesContextBeforeModesTestExecutionListener@5b4433dc, org.springframework.test.context.event.ApplicationEventsTestExecutionListener@63ae7031, org.springframework.boot.test.mock.mockito.MockitoTestExecutionListener@3e42cff9, org.springframework.boot.test.autoconfigure.SpringBootDependencyInjectionTestExecutionListener@1989a143, org.springframework.test.context.support.DirtiesContextTestExecutionListener@63a9ab7d, org.springframework.test.context.event.EventPublishingTestExecutionListener@731660c1, org.springframework.boot.test.mock.mockito.ResetMocksTestExecutionListener@5b83545d, org.springframework.boot.test.autoconfigure.restdocs.RestDocsTestExecutionListener@f5475d7, org.springframework.boot.test.autoconfigure.web.client.MockRestServiceServerResetTestExecutionListener@2108d503, org.springframework.boot.test.autoconfigure.web.servlet.MockMvcPrintOnlyOnFailureTestExecutionListener@61d8a98b, org.springframework.boot.test.autoconfigure.web.servlet.WebDriverTestExecutionListener@20382851, org.springframework.boot.test.autoconfigure.webservices.client.MockWebServiceServerTestExecutionListener@cee1b4c, org.spockframework.spring.SpringMockTestExecutionListener@6b29771f]
2024-04-21 19:31:27.087  INFO 68482 --- [WebServer 36663] okhttp3.mockwebserver.MockWebServer      : MockWebServer[36663] starting to accept connections
2024-04-21 19:31:27.091  INFO 68482 --- [127.0.0.1:41132] okhttp3.mockwebserver.MockWebServer      : MockWebServer[36663] received request: POST /api/v1/namespaces/test/configmaps HTTP/1.1 and responded: HTTP/1.1 200 OK
2024-04-21 19:31:27.133  WARN 68482 --- [           main] ubernetesProfileEnvironmentPostProcessor : Not running inside kubernetes. Skipping 'kubernetes' profile activation.

  .   ____          _            __ _ _
 /\\ / ___'_ __ _ _(_)_ __  __ _ \ \ \ \
( ( )\___ | '_ | '_| | '_ \/ _` | \ \ \ \
 \\/  ___)| |_)| | | | | || (_| |  ) ) ) )
  '  |____| .__|_| |_|_| |_\__, | / / / /
 =========|_|==============|___/=/_/_/_/
 :: Spring Boot ::                (v2.6.3)

2024-04-21 19:31:27.206  INFO 68482 --- [           main] s.c.k.f.c.Fabric8ConfigMapPropertySource : Loading ConfigMap with name 'configmap-with-profile-example' in namespace 'test'
2024-04-21 19:31:27.210  INFO 68482 --- [127.0.0.1:41146] okhttp3.mockwebserver.MockWebServer      : MockWebServer[36663] received request: GET /api/v1/namespaces/test/configmaps/configmap-with-profile-example HTTP/1.1 and responded: HTTP/1.1 200 OK
2024-04-21 19:31:27.216  INFO 68482 --- [127.0.0.1:41146] okhttp3.mockwebserver.MockWebServer      : MockWebServer[36663] received request: GET /api/v1/namespaces/test/configmaps/configmap-with-profile-example-development HTTP/1.1 and responded: HTTP/1.1 404 Client Error
2024-04-21 19:31:27.217  INFO 68482 --- [           main] o.s.c.k.f.config.Fabric8ConfigUtils      : config-map with name : 'configmap-with-profile-example-development' not present in namespace : 'test'
2024-04-21 19:31:27.217  INFO 68482 --- [           main] b.c.PropertySourceBootstrapConfiguration : Located property source: [BootstrapPropertySource {name='bootstrapProperties-configmap.configmap-with-profile-example.test'}]
2024-04-21 19:31:27.221  WARN 68482 --- [           main] ubernetesProfileEnvironmentPostProcessor : Not running inside kubernetes. Skipping 'kubernetes' profile activation.
2024-04-21 19:31:27.222  INFO 68482 --- [           main] o.s.c.k.f.c.ConfigMapsWithProfilesTests  : The following profiles are active: development
2024-04-21 19:31:27.803  INFO 68482 --- [           main] o.s.cloud.context.scope.GenericScope     : BeanFactory id=affffd22-e438-321b-a0d0-967c2140a2e8
2024-04-21 19:31:27.905  INFO 68482 --- [           main] o.s.b.w.embedded.tomcat.TomcatWebServer  : Tomcat initialized with port(s): 0 (http)
2024-04-21 19:31:27.906  INFO 68482 --- [           main] o.apache.catalina.core.StandardService   : Starting service [Tomcat]
2024-04-21 19:31:27.906  INFO 68482 --- [           main] org.apache.catalina.core.StandardEngine  : Starting Servlet engine: [Apache Tomcat/9.0.56]
2024-04-21 19:31:27.917  INFO 68482 --- [           main] o.a.c.c.C.[Tomcat-9].[localhost].[/]     : Initializing Spring embedded WebApplicationContext
2024-04-21 19:31:27.917  INFO 68482 --- [           main] w.s.c.ServletWebServerApplicationContext : Root WebApplicationContext: initialization completed in 694 ms
2024-04-21 19:31:28.515  INFO 68482 --- [           main] o.s.b.a.e.web.EndpointLinksResolver      : Exposing 1 endpoint(s) beneath base path '/actuator'
2024-04-21 19:31:28.554  INFO 68482 --- [           main] o.s.b.w.embedded.tomcat.TomcatWebServer  : Tomcat started on port(s): 35053 (http) with context path ''
2024-04-21 19:31:28.560  INFO 68482 --- [           main] o.s.c.k.f.c.ConfigMapsWithProfilesTests  : Started ConfigMapsWithProfilesTests in 1.467 seconds (JVM running for 25.448)
2024-04-21 19:31:28.570  INFO 68482 --- [WebServer 35947] okhttp3.mockwebserver.MockWebServer      : MockWebServer[35947] starting to accept connections
2024-04-21 19:31:28.576  INFO 68482 --- [-auto-10-exec-1] o.a.c.c.C.[Tomcat-9].[localhost].[/]     : Initializing Spring DispatcherServlet 'dispatcherServlet'
2024-04-21 19:31:28.576  INFO 68482 --- [-auto-10-exec-1] o.s.web.servlet.DispatcherServlet        : Initializing Servlet 'dispatcherServlet'
2024-04-21 19:31:28.577  INFO 68482 --- [-auto-10-exec-1] o.s.web.servlet.DispatcherServlet        : Completed initialization in 1 ms
2024-04-21 19:31:28.586  INFO 68482 --- [WebServer 35947] okhttp3.mockwebserver.MockWebServer      : MockWebServer[35947] done accepting connections: Socket closed
2024-04-21 19:31:28.590  INFO 68482 --- [WebServer 46887] okhttp3.mockwebserver.MockWebServer      : MockWebServer[46887] starting to accept connections
2024-04-21 19:31:28.592  INFO 68482 --- [WebServer 37417] okhttp3.mockwebserver.MockWebServer      : MockWebServer[37417] starting to accept connections
2024-04-21 19:31:28.596  INFO 68482 --- [127.0.0.1:43174] okhttp3.mockwebserver.MockWebServer      : MockWebServer[46887] received request: POST /api/v1/namespaces/ns2/configmaps HTTP/1.1 and responded: HTTP/1.1 200 OK
2024-04-21 19:31:28.597  INFO 68482 --- [127.0.0.1:43174] okhttp3.mockwebserver.MockWebServer      : MockWebServer[46887] received request: GET /api/v1/namespaces/ns2/configmaps HTTP/1.1 and responded: HTTP/1.1 200 OK
2024-04-21 19:31:28.643  INFO 68482 --- [WebServer 37417] okhttp3.mockwebserver.MockWebServer      : MockWebServer[37417] done accepting connections: Socket closed
2024-04-21 19:31:28.647  INFO 68482 --- [WebServer 52427] okhttp3.mockwebserver.MockWebServer      : MockWebServer[52427] starting to accept connections
2024-04-21 19:31:28.649  INFO 68482 --- [WebServer 49075] okhttp3.mockwebserver.MockWebServer      : MockWebServer[49075] starting to accept connections
2024-04-21 19:31:28.653  INFO 68482 --- [127.0.0.1:47980] okhttp3.mockwebserver.MockWebServer      : MockWebServer[52427] received request: POST /api/v1/namespaces/test/configmaps HTTP/1.1 and responded: HTTP/1.1 200 OK
2024-04-21 19:31:28.653  INFO 68482 --- [           main] s.c.k.f.c.Fabric8ConfigMapPropertySource : Loading ConfigMap with name 'app-multiple-properties-test' in namespace 'test'
2024-04-21 19:31:28.654  INFO 68482 --- [127.0.0.1:47980] okhttp3.mockwebserver.MockWebServer      : MockWebServer[52427] received request: GET /api/v1/namespaces/test/configmaps/app-multiple-properties-test HTTP/1.1 and responded: HTTP/1.1 200 OK
2024-04-21 19:31:28.695  INFO 68482 --- [WebServer 49075] okhttp3.mockwebserver.MockWebServer      : MockWebServer[49075] done accepting connections: Socket closed
2024-04-21 19:31:28.700  INFO 68482 --- [WebServer 50303] okhttp3.mockwebserver.MockWebServer      : MockWebServer[50303] starting to accept connections
2024-04-21 19:31:28.703  INFO 68482 --- [WebServer 43245] okhttp3.mockwebserver.MockWebServer      : MockWebServer[43245] starting to accept connections
2024-04-21 19:31:28.703  INFO 68482 --- [           main] o.s.c.k.f.c.Fabric8SecretsPropertySource : Loading Secret with name 'my-config' or with labels [{}] in namespace 'default'
2024-04-21 19:31:28.812  INFO 68482 --- [127.0.0.1:53838] okhttp3.mockwebserver.MockWebServer      : MockWebServer[43245] received request: GET /api/v1/namespaces/default/secrets/my-config HTTP/1.1 and responded: HTTP/1.1 500 Server Error
2024-04-21 19:31:28.854  INFO 68482 --- [WebServer 43245] okhttp3.mockwebserver.MockWebServer      : MockWebServer[43245] done accepting connections: Socket closed
2024-04-21 19:31:28.859  INFO 68482 --- [WebServer 46071] okhttp3.mockwebserver.MockWebServer      : MockWebServer[46071] starting to accept connections
2024-04-21 19:31:28.862  INFO 68482 --- [WebServer 38675] okhttp3.mockwebserver.MockWebServer      : MockWebServer[38675] starting to accept connections
2024-04-21 19:31:28.902  WARN 68482 --- [           main] ubernetesProfileEnvironmentPostProcessor : Not running inside kubernetes. Skipping 'kubernetes' profile activation.

  .   ____          _            __ _ _
 /\\ / ___'_ __ _ _(_)_ __  __ _ \ \ \ \
( ( )\___ | '_ | '_| | '_ \/ _` | \ \ \ \
 \\/  ___)| |_)| | | | | || (_| |  ) ) ) )
  '  |____| .__|_| |_|_| |_\__, | / / / /
 =========|_|==============|___/=/_/_/_/
 :: Spring Boot ::                (v2.6.3)

2024-04-21 19:31:28.971  INFO 68482 --- [           main] s.c.k.f.c.Fabric8ConfigMapPropertySource : Loading ConfigMap with name 'application' in namespace 'default'
2024-04-21 19:31:28.973  INFO 68482 --- [127.0.0.1:41162] okhttp3.mockwebserver.MockWebServer      : MockWebServer[36663] received request: GET /api/v1/namespaces/default/configmaps/application HTTP/1.1 and responded: HTTP/1.1 404 Client Error
2024-04-21 19:31:28.975  INFO 68482 --- [           main] o.s.c.k.f.config.Fabric8ConfigUtils      : config-map with name : 'application' not present in namespace : 'default'
2024-04-21 19:31:28.976  INFO 68482 --- [           main] b.c.PropertySourceBootstrapConfiguration : Located property source: [BootstrapPropertySource {name='bootstrapProperties-configmap.application.default'}]
2024-04-21 19:31:28.977  WARN 68482 --- [           main] ubernetesProfileEnvironmentPostProcessor : Not running inside kubernetes. Skipping 'kubernetes' profile activation.
2024-04-21 19:31:28.978  INFO 68482 --- [           main] e.i.cs.testrunner.execution.Executor$    : No active profile set, falling back to default profiles: default
2024-04-21 19:31:28.997  INFO 68482 --- [           main] o.s.cloud.context.scope.GenericScope     : BeanFactory id=9e8f334d-ea3e-3bac-a635-d33d7314ddc7
2024-04-21 19:31:29.002  INFO 68482 --- [           main] e.i.cs.testrunner.execution.Executor$    : Started Executor. in 0.139 seconds (JVM running for 25.889)
2024-04-21 19:31:29.003  INFO 68482 --- [WebServer 38675] okhttp3.mockwebserver.MockWebServer      : MockWebServer[38675] done accepting connections: Socket closed
2024-04-21 19:31:29.007  INFO 68482 --- [           main] .b.t.c.SpringBootTestContextBootstrapper : Neither @ContextConfiguration nor @ContextHierarchy found for test class [org.springframework.cloud.kubernetes.fabric8.config.ConfigMapsWithoutProfilesTests], using SpringBootContextLoader
2024-04-21 19:31:29.007  INFO 68482 --- [           main] o.s.t.c.support.AbstractContextLoader    : Could not detect default resource locations for test class [org.springframework.cloud.kubernetes.fabric8.config.ConfigMapsWithoutProfilesTests]: no resource found for suffixes {-context.xml, Context.groovy}.
2024-04-21 19:31:29.010  INFO 68482 --- [           main] .b.t.c.SpringBootTestContextBootstrapper : Loaded default TestExecutionListener class names from location [META-INF/spring.factories]: [org.springframework.boot.test.mock.mockito.MockitoTestExecutionListener, org.springframework.boot.test.mock.mockito.ResetMocksTestExecutionListener, org.springframework.boot.test.autoconfigure.restdocs.RestDocsTestExecutionListener, org.springframework.boot.test.autoconfigure.web.client.MockRestServiceServerResetTestExecutionListener, org.springframework.boot.test.autoconfigure.web.servlet.MockMvcPrintOnlyOnFailureTestExecutionListener, org.springframework.boot.test.autoconfigure.web.servlet.WebDriverTestExecutionListener, org.springframework.boot.test.autoconfigure.webservices.client.MockWebServiceServerTestExecutionListener, org.springframework.test.context.web.ServletTestExecutionListener, org.springframework.test.context.support.DirtiesContextBeforeModesTestExecutionListener, org.springframework.test.context.event.ApplicationEventsTestExecutionListener, org.springframework.test.context.support.DependencyInjectionTestExecutionListener, org.springframework.test.context.support.DirtiesContextTestExecutionListener, org.springframework.test.context.transaction.TransactionalTestExecutionListener, org.springframework.test.context.jdbc.SqlScriptsTestExecutionListener, org.springframework.test.context.event.EventPublishingTestExecutionListener, org.spockframework.spring.SpringMockTestExecutionListener]
2024-04-21 19:31:29.013  INFO 68482 --- [           main] .b.t.c.SpringBootTestContextBootstrapper : Using TestExecutionListeners: [org.springframework.test.context.web.ServletTestExecutionListener@50df710a, org.springframework.test.context.support.DirtiesContextBeforeModesTestExecutionListener@eb3b4d7, org.springframework.test.context.event.ApplicationEventsTestExecutionListener@1d4ae17e, org.springframework.boot.test.mock.mockito.MockitoTestExecutionListener@44e69674, org.springframework.boot.test.autoconfigure.SpringBootDependencyInjectionTestExecutionListener@6f1af8c3, org.springframework.test.context.support.DirtiesContextTestExecutionListener@7c9cecfb, org.springframework.test.context.event.EventPublishingTestExecutionListener@3697a307, org.springframework.boot.test.mock.mockito.ResetMocksTestExecutionListener@4632d697, org.springframework.boot.test.autoconfigure.restdocs.RestDocsTestExecutionListener@7e56e272, org.springframework.boot.test.autoconfigure.web.client.MockRestServiceServerResetTestExecutionListener@65b63277, org.springframework.boot.test.autoconfigure.web.servlet.MockMvcPrintOnlyOnFailureTestExecutionListener@6e323a5d, org.springframework.boot.test.autoconfigure.web.servlet.WebDriverTestExecutionListener@3e64cf62, org.springframework.boot.test.autoconfigure.webservices.client.MockWebServiceServerTestExecutionListener@7768ffae, org.spockframework.spring.SpringMockTestExecutionListener@23195ebe]
2024-04-21 19:31:29.015  INFO 68482 --- [WebServer 48627] okhttp3.mockwebserver.MockWebServer      : MockWebServer[48627] starting to accept connections
2024-04-21 19:31:29.019  INFO 68482 --- [127.0.0.1:37344] okhttp3.mockwebserver.MockWebServer      : MockWebServer[48627] received request: POST /api/v1/namespaces/test/configmaps HTTP/1.1 and responded: HTTP/1.1 200 OK
2024-04-21 19:31:29.061  WARN 68482 --- [           main] ubernetesProfileEnvironmentPostProcessor : Not running inside kubernetes. Skipping 'kubernetes' profile activation.

  .   ____          _            __ _ _
 /\\ / ___'_ __ _ _(_)_ __  __ _ \ \ \ \
( ( )\___ | '_ | '_| | '_ \/ _` | \ \ \ \
 \\/  ___)| |_)| | | | | || (_| |  ) ) ) )
  '  |____| .__|_| |_|_| |_\__, | / / / /
 =========|_|==============|___/=/_/_/_/
 :: Spring Boot ::                (v2.6.3)

2024-04-21 19:31:29.126  INFO 68482 --- [           main] s.c.k.f.c.Fabric8ConfigMapPropertySource : Loading ConfigMap with name 'configmap-without-profile-example' in namespace 'test'
2024-04-21 19:31:29.128  INFO 68482 --- [127.0.0.1:37352] okhttp3.mockwebserver.MockWebServer      : MockWebServer[48627] received request: GET /api/v1/namespaces/test/configmaps/configmap-without-profile-example HTTP/1.1 and responded: HTTP/1.1 200 OK
2024-04-21 19:31:29.132  INFO 68482 --- [127.0.0.1:37352] okhttp3.mockwebserver.MockWebServer      : MockWebServer[48627] received request: GET /api/v1/namespaces/test/configmaps/configmap-without-profile-example-development HTTP/1.1 and responded: HTTP/1.1 404 Client Error
2024-04-21 19:31:29.132  INFO 68482 --- [           main] o.s.c.k.f.config.Fabric8ConfigUtils      : config-map with name : 'configmap-without-profile-example-development' not present in namespace : 'test'
2024-04-21 19:31:29.132  INFO 68482 --- [           main] b.c.PropertySourceBootstrapConfiguration : Located property source: [BootstrapPropertySource {name='bootstrapProperties-configmap.configmap-without-profile-example.test'}]
2024-04-21 19:31:29.135  WARN 68482 --- [           main] ubernetesProfileEnvironmentPostProcessor : Not running inside kubernetes. Skipping 'kubernetes' profile activation.
2024-04-21 19:31:29.136  INFO 68482 --- [           main] s.c.k.f.c.ConfigMapsWithoutProfilesTests : The following profiles are active: development
2024-04-21 19:31:29.295  INFO 68482 --- [           main] o.s.cloud.context.scope.GenericScope     : BeanFactory id=affffd22-e438-321b-a0d0-967c2140a2e8
2024-04-21 19:31:29.371  INFO 68482 --- [           main] o.s.b.w.embedded.tomcat.TomcatWebServer  : Tomcat initialized with port(s): 0 (http)
2024-04-21 19:31:29.372  INFO 68482 --- [           main] o.apache.catalina.core.StandardService   : Starting service [Tomcat]
2024-04-21 19:31:29.372  INFO 68482 --- [           main] org.apache.catalina.core.StandardEngine  : Starting Servlet engine: [Apache Tomcat/9.0.56]
2024-04-21 19:31:29.381  INFO 68482 --- [           main] o.a.c.c.C.[Tomcat-10].[localhost].[/]    : Initializing Spring embedded WebApplicationContext
2024-04-21 19:31:29.381  INFO 68482 --- [           main] w.s.c.ServletWebServerApplicationContext : Root WebApplicationContext: initialization completed in 245 ms
2024-04-21 19:31:29.981  INFO 68482 --- [           main] o.s.b.a.e.web.EndpointLinksResolver      : Exposing 1 endpoint(s) beneath base path '/actuator'
2024-04-21 19:31:30.020  INFO 68482 --- [           main] o.s.b.w.embedded.tomcat.TomcatWebServer  : Tomcat started on port(s): 45533 (http) with context path ''
2024-04-21 19:31:30.026  INFO 68482 --- [           main] s.c.k.f.c.ConfigMapsWithoutProfilesTests : Started ConfigMapsWithoutProfilesTests in 1.005 seconds (JVM running for 26.913)
2024-04-21 19:31:30.036  INFO 68482 --- [WebServer 37067] okhttp3.mockwebserver.MockWebServer      : MockWebServer[37067] starting to accept connections
2024-04-21 19:31:30.042  INFO 68482 --- [-auto-11-exec-1] o.a.c.c.C.[Tomcat-10].[localhost].[/]    : Initializing Spring DispatcherServlet 'dispatcherServlet'
2024-04-21 19:31:30.042  INFO 68482 --- [-auto-11-exec-1] o.s.web.servlet.DispatcherServlet        : Initializing Servlet 'dispatcherServlet'
2024-04-21 19:31:30.043  INFO 68482 --- [-auto-11-exec-1] o.s.web.servlet.DispatcherServlet        : Completed initialization in 1 ms
2024-04-21 19:31:30.051  INFO 68482 --- [WebServer 37067] okhttp3.mockwebserver.MockWebServer      : MockWebServer[37067] done accepting connections: Socket closed
2024-04-21 19:31:30.055  INFO 68482 --- [WebServer 51265] okhttp3.mockwebserver.MockWebServer      : MockWebServer[51265] starting to accept connections
2024-04-21 19:31:30.056  INFO 68482 --- [WebServer 49299] okhttp3.mockwebserver.MockWebServer      : MockWebServer[49299] starting to accept connections
2024-04-21 19:31:30.057  INFO 68482 --- [WebServer 49299] okhttp3.mockwebserver.MockWebServer      : MockWebServer[49299] done accepting connections: Socket closed
2024-04-21 19:31:30.059  INFO 68482 --- [           main] .b.t.c.SpringBootTestContextBootstrapper : Neither @ContextConfiguration nor @ContextHierarchy found for test class [org.springframework.cloud.kubernetes.fabric8.config.ConfigMapsMixedTests], using SpringBootContextLoader
2024-04-21 19:31:30.060  INFO 68482 --- [           main] o.s.t.c.support.AbstractContextLoader    : Could not detect default resource locations for test class [org.springframework.cloud.kubernetes.fabric8.config.ConfigMapsMixedTests]: no resource found for suffixes {-context.xml, Context.groovy}.
2024-04-21 19:31:30.061  INFO 68482 --- [           main] .b.t.c.SpringBootTestContextBootstrapper : Loaded default TestExecutionListener class names from location [META-INF/spring.factories]: [org.springframework.boot.test.mock.mockito.MockitoTestExecutionListener, org.springframework.boot.test.mock.mockito.ResetMocksTestExecutionListener, org.springframework.boot.test.autoconfigure.restdocs.RestDocsTestExecutionListener, org.springframework.boot.test.autoconfigure.web.client.MockRestServiceServerResetTestExecutionListener, org.springframework.boot.test.autoconfigure.web.servlet.MockMvcPrintOnlyOnFailureTestExecutionListener, org.springframework.boot.test.autoconfigure.web.servlet.WebDriverTestExecutionListener, org.springframework.boot.test.autoconfigure.webservices.client.MockWebServiceServerTestExecutionListener, org.springframework.test.context.web.ServletTestExecutionListener, org.springframework.test.context.support.DirtiesContextBeforeModesTestExecutionListener, org.springframework.test.context.event.ApplicationEventsTestExecutionListener, org.springframework.test.context.support.DependencyInjectionTestExecutionListener, org.springframework.test.context.support.DirtiesContextTestExecutionListener, org.springframework.test.context.transaction.TransactionalTestExecutionListener, org.springframework.test.context.jdbc.SqlScriptsTestExecutionListener, org.springframework.test.context.event.EventPublishingTestExecutionListener, org.spockframework.spring.SpringMockTestExecutionListener]
2024-04-21 19:31:30.062  INFO 68482 --- [           main] .b.t.c.SpringBootTestContextBootstrapper : Using TestExecutionListeners: [org.springframework.test.context.web.ServletTestExecutionListener@5ae7e5db, org.springframework.test.context.support.DirtiesContextBeforeModesTestExecutionListener@29398b59, org.springframework.test.context.event.ApplicationEventsTestExecutionListener@1cdb4bd3, org.springframework.boot.test.mock.mockito.MockitoTestExecutionListener@3cc6bfdb, org.springframework.boot.test.autoconfigure.SpringBootDependencyInjectionTestExecutionListener@59ea4ca5, org.springframework.test.context.support.DirtiesContextTestExecutionListener@3c6c7782, org.springframework.test.context.event.EventPublishingTestExecutionListener@7aaf260f, org.springframework.boot.test.mock.mockito.ResetMocksTestExecutionListener@739e76e6, org.springframework.boot.test.autoconfigure.restdocs.RestDocsTestExecutionListener@789a9354, org.springframework.boot.test.autoconfigure.web.client.MockRestServiceServerResetTestExecutionListener@27153ba2, org.springframework.boot.test.autoconfigure.web.servlet.MockMvcPrintOnlyOnFailureTestExecutionListener@2489ee11, org.springframework.boot.test.autoconfigure.web.servlet.WebDriverTestExecutionListener@24209520, org.springframework.boot.test.autoconfigure.webservices.client.MockWebServiceServerTestExecutionListener@80ca2c3, org.spockframework.spring.SpringMockTestExecutionListener@6ca404b]
2024-04-21 19:31:30.064  INFO 68482 --- [WebServer 45769] okhttp3.mockwebserver.MockWebServer      : MockWebServer[45769] starting to accept connections
2024-04-21 19:31:30.068  INFO 68482 --- [127.0.0.1:40590] okhttp3.mockwebserver.MockWebServer      : MockWebServer[45769] received request: POST /api/v1/namespaces/test/configmaps HTTP/1.1 and responded: HTTP/1.1 200 OK
2024-04-21 19:31:30.071  INFO 68482 --- [WebServer 49727] okhttp3.mockwebserver.MockWebServer      : MockWebServer[49727] starting to accept connections
2024-04-21 19:31:30.083  INFO 68482 --- [WebServer 49727] okhttp3.mockwebserver.MockWebServer      : MockWebServer[49727] done accepting connections: Socket closed
2024-04-21 19:31:30.086  INFO 68482 --- [WebServer 35913] okhttp3.mockwebserver.MockWebServer      : MockWebServer[35913] starting to accept connections
2024-04-21 19:31:30.088  INFO 68482 --- [WebServer 56215] okhttp3.mockwebserver.MockWebServer      : MockWebServer[56215] starting to accept connections
2024-04-21 19:31:30.136  WARN 68482 --- [           main] ubernetesProfileEnvironmentPostProcessor : Not running inside kubernetes. Skipping 'kubernetes' profile activation.

  .   ____          _            __ _ _
 /\\ / ___'_ __ _ _(_)_ __  __ _ \ \ \ \
( ( )\___ | '_ | '_| | '_ \/ _` | \ \ \ \
 \\/  ___)| |_)| | | | | || (_| |  ) ) ) )
  '  |____| .__|_| |_|_| |_\__, | / / / /
 =========|_|==============|___/=/_/_/_/
 :: Spring Boot ::                (v2.6.3)

2024-04-21 19:31:30.192  WARN 68482 --- [           main] ubernetesProfileEnvironmentPostProcessor : Not running inside kubernetes. Skipping 'kubernetes' profile activation.
2024-04-21 19:31:30.192  INFO 68482 --- [           main] e.i.cs.testrunner.execution.Executor$    : No active profile set, falling back to default profiles: default
2024-04-21 19:31:30.203  INFO 68482 --- [           main] o.s.cloud.context.scope.GenericScope     : BeanFactory id=5adb76a5-ffff-3c5f-a60f-7f84faf1ce0f
2024-04-21 19:31:30.206  INFO 68482 --- [           main] e.i.cs.testrunner.execution.Executor$    : Started Executor. in 0.117 seconds (JVM running for 27.094)
2024-04-21 19:31:30.207  INFO 68482 --- [WebServer 56215] okhttp3.mockwebserver.MockWebServer      : MockWebServer[56215] done accepting connections: Socket closed
2024-04-21 19:31:30.213  INFO 68482 --- [           main] .b.t.c.SpringBootTestContextBootstrapper : Neither @ContextConfiguration nor @ContextHierarchy found for test class [org.springframework.cloud.kubernetes.fabric8.config.CoreTest], using SpringBootContextLoader
2024-04-21 19:31:30.214  INFO 68482 --- [           main] o.s.t.c.support.AbstractContextLoader    : Could not detect default resource locations for test class [org.springframework.cloud.kubernetes.fabric8.config.CoreTest]: no resource found for suffixes {-context.xml, Context.groovy}.
2024-04-21 19:31:30.215  INFO 68482 --- [           main] .b.t.c.SpringBootTestContextBootstrapper : Loaded default TestExecutionListener class names from location [META-INF/spring.factories]: [org.springframework.boot.test.mock.mockito.MockitoTestExecutionListener, org.springframework.boot.test.mock.mockito.ResetMocksTestExecutionListener, org.springframework.boot.test.autoconfigure.restdocs.RestDocsTestExecutionListener, org.springframework.boot.test.autoconfigure.web.client.MockRestServiceServerResetTestExecutionListener, org.springframework.boot.test.autoconfigure.web.servlet.MockMvcPrintOnlyOnFailureTestExecutionListener, org.springframework.boot.test.autoconfigure.web.servlet.WebDriverTestExecutionListener, org.springframework.boot.test.autoconfigure.webservices.client.MockWebServiceServerTestExecutionListener, org.springframework.test.context.web.ServletTestExecutionListener, org.springframework.test.context.support.DirtiesContextBeforeModesTestExecutionListener, org.springframework.test.context.event.ApplicationEventsTestExecutionListener, org.springframework.test.context.support.DependencyInjectionTestExecutionListener, org.springframework.test.context.support.DirtiesContextTestExecutionListener, org.springframework.test.context.transaction.TransactionalTestExecutionListener, org.springframework.test.context.jdbc.SqlScriptsTestExecutionListener, org.springframework.test.context.event.EventPublishingTestExecutionListener, org.spockframework.spring.SpringMockTestExecutionListener]
2024-04-21 19:31:30.216  INFO 68482 --- [           main] .b.t.c.SpringBootTestContextBootstrapper : Using TestExecutionListeners: [org.springframework.test.context.web.ServletTestExecutionListener@1bb3d045, org.springframework.test.context.support.DirtiesContextBeforeModesTestExecutionListener@39dbea69, org.springframework.test.context.event.ApplicationEventsTestExecutionListener@2142754a, org.springframework.boot.test.mock.mockito.MockitoTestExecutionListener@2c3344f0, org.springframework.boot.test.autoconfigure.SpringBootDependencyInjectionTestExecutionListener@290798cb, org.springframework.test.context.support.DirtiesContextTestExecutionListener@4fe9a720, org.springframework.test.context.event.EventPublishingTestExecutionListener@7db373b2, org.springframework.boot.test.mock.mockito.ResetMocksTestExecutionListener@4b91ac30, org.springframework.boot.test.autoconfigure.restdocs.RestDocsTestExecutionListener@5ec5a449, org.springframework.boot.test.autoconfigure.web.client.MockRestServiceServerResetTestExecutionListener@5c97c816, org.springframework.boot.test.autoconfigure.web.servlet.MockMvcPrintOnlyOnFailureTestExecutionListener@3a5f0ed5, org.springframework.boot.test.autoconfigure.web.servlet.WebDriverTestExecutionListener@7c69c582, org.springframework.boot.test.autoconfigure.webservices.client.MockWebServiceServerTestExecutionListener@f7dc1aa, org.spockframework.spring.SpringMockTestExecutionListener@6d487f2b]
2024-04-21 19:31:30.217  INFO 68482 --- [WebServer 57147] okhttp3.mockwebserver.MockWebServer      : MockWebServer[57147] starting to accept connections
2024-04-21 19:31:30.221  INFO 68482 --- [127.0.0.1:45386] okhttp3.mockwebserver.MockWebServer      : MockWebServer[57147] received request: POST /api/v1/namespaces/testns/configmaps HTTP/1.1 and responded: HTTP/1.1 200 OK
2024-04-21 19:31:30.226  INFO 68482 --- [127.0.0.1:45386] okhttp3.mockwebserver.MockWebServer      : MockWebServer[57147] received request: POST /api/v1/namespaces/testns/secrets HTTP/1.1 and responded: HTTP/1.1 200 OK
2024-04-21 19:31:30.309  WARN 68482 --- [           main] ubernetesProfileEnvironmentPostProcessor : Not running inside kubernetes. Skipping 'kubernetes' profile activation.

  .   ____          _            __ _ _
 /\\ / ___'_ __ _ _(_)_ __  __ _ \ \ \ \
( ( )\___ | '_ | '_| | '_ \/ _` | \ \ \ \
 \\/  ___)| |_)| | | | | || (_| |  ) ) ) )
  '  |____| .__|_| |_|_| |_\__, | / / / /
 =========|_|==============|___/=/_/_/_/
 :: Spring Boot ::                (v2.6.3)

2024-04-21 19:31:30.371  INFO 68482 --- [           main] s.c.k.f.c.Fabric8ConfigMapPropertySource : Loading ConfigMap with name 'testapp' in namespace 'testns'
2024-04-21 19:31:30.374  INFO 68482 --- [127.0.0.1:45392] okhttp3.mockwebserver.MockWebServer      : MockWebServer[57147] received request: GET /api/v1/namespaces/testns/configmaps/testapp HTTP/1.1 and responded: HTTP/1.1 200 OK
2024-04-21 19:31:30.377  INFO 68482 --- [           main] b.c.PropertySourceBootstrapConfiguration : Located property source: [BootstrapPropertySource {name='bootstrapProperties-configmap.testapp.testns'}]
2024-04-21 19:31:30.377  INFO 68482 --- [           main] o.s.c.k.f.c.Fabric8SecretsPropertySource : Loading Secret with name 'testapp' or with labels [{}] in namespace 'testns'
2024-04-21 19:31:30.378  INFO 68482 --- [127.0.0.1:45392] okhttp3.mockwebserver.MockWebServer      : MockWebServer[57147] received request: GET /api/v1/namespaces/testns/secrets/testapp HTTP/1.1 and responded: HTTP/1.1 200 OK
2024-04-21 19:31:30.421  INFO 68482 --- [127.0.0.1:45392] okhttp3.mockwebserver.MockWebServer      : MockWebServer[57147] received request: GET /api/v1/namespaces/testns/secrets HTTP/1.1 and responded: HTTP/1.1 200 OK
2024-04-21 19:31:30.463  INFO 68482 --- [           main] b.c.PropertySourceBootstrapConfiguration : Located property source: [BootstrapPropertySource {name='bootstrapProperties-secrets.testapp.testns'}]
2024-04-21 19:31:30.468  WARN 68482 --- [           main] ubernetesProfileEnvironmentPostProcessor : Not running inside kubernetes. Skipping 'kubernetes' profile activation.
2024-04-21 19:31:30.469  INFO 68482 --- [           main] o.s.c.k.fabric8.config.CoreTest          : No active profile set, falling back to default profiles: default
2024-04-21 19:31:30.803  INFO 68482 --- [           main] o.s.cloud.context.scope.GenericScope     : BeanFactory id=6834934e-323d-399a-bece-8fe3334006ce
2024-04-21 19:31:31.403  INFO 68482 --- [           main] o.s.b.a.e.web.EndpointLinksResolver      : Exposing 1 endpoint(s) beneath base path '/actuator'
2024-04-21 19:31:31.434  INFO 68482 --- [           main] o.s.c.k.fabric8.config.CoreTest          : Started CoreTest in 1.166 seconds (JVM running for 28.321)
2024-04-21 19:31:31.446  INFO 68482 --- [WebServer 56145] okhttp3.mockwebserver.MockWebServer      : MockWebServer[56145] starting to accept connections
2024-04-21 19:31:31.450  INFO 68482 --- [WebServer 56145] okhttp3.mockwebserver.MockWebServer      : MockWebServer[56145] done accepting connections: Socket closed
2024-04-21 19:31:31.454  INFO 68482 --- [           main] .b.t.c.SpringBootTestContextBootstrapper : Neither @ContextConfiguration nor @ContextHierarchy found for test class [org.springframework.cloud.kubernetes.fabric8.config.ConfigMapsWithProfilesNoActiveProfileTests], using SpringBootContextLoader
2024-04-21 19:31:31.455  INFO 68482 --- [           main] o.s.t.c.support.AbstractContextLoader    : Could not detect default resource locations for test class [org.springframework.cloud.kubernetes.fabric8.config.ConfigMapsWithProfilesNoActiveProfileTests]: no resource found for suffixes {-context.xml, Context.groovy}.
2024-04-21 19:31:31.456  INFO 68482 --- [           main] .b.t.c.SpringBootTestContextBootstrapper : Loaded default TestExecutionListener class names from location [META-INF/spring.factories]: [org.springframework.boot.test.mock.mockito.MockitoTestExecutionListener, org.springframework.boot.test.mock.mockito.ResetMocksTestExecutionListener, org.springframework.boot.test.autoconfigure.restdocs.RestDocsTestExecutionListener, org.springframework.boot.test.autoconfigure.web.client.MockRestServiceServerResetTestExecutionListener, org.springframework.boot.test.autoconfigure.web.servlet.MockMvcPrintOnlyOnFailureTestExecutionListener, org.springframework.boot.test.autoconfigure.web.servlet.WebDriverTestExecutionListener, org.springframework.boot.test.autoconfigure.webservices.client.MockWebServiceServerTestExecutionListener, org.springframework.test.context.web.ServletTestExecutionListener, org.springframework.test.context.support.DirtiesContextBeforeModesTestExecutionListener, org.springframework.test.context.event.ApplicationEventsTestExecutionListener, org.springframework.test.context.support.DependencyInjectionTestExecutionListener, org.springframework.test.context.support.DirtiesContextTestExecutionListener, org.springframework.test.context.transaction.TransactionalTestExecutionListener, org.springframework.test.context.jdbc.SqlScriptsTestExecutionListener, org.springframework.test.context.event.EventPublishingTestExecutionListener, org.spockframework.spring.SpringMockTestExecutionListener]
2024-04-21 19:31:31.457  INFO 68482 --- [           main] .b.t.c.SpringBootTestContextBootstrapper : Using TestExecutionListeners: [org.springframework.test.context.web.ServletTestExecutionListener@35950e2, org.springframework.test.context.support.DirtiesContextBeforeModesTestExecutionListener@77f0b9d7, org.springframework.test.context.event.ApplicationEventsTestExecutionListener@6c9c375, org.springframework.boot.test.mock.mockito.MockitoTestExecutionListener@4de6c6b9, org.springframework.boot.test.autoconfigure.SpringBootDependencyInjectionTestExecutionListener@4f141a7, org.springframework.test.context.support.DirtiesContextTestExecutionListener@763d7eef, org.springframework.test.context.event.EventPublishingTestExecutionListener@3ea7d936, org.springframework.boot.test.mock.mockito.ResetMocksTestExecutionListener@458f1355, org.springframework.boot.test.autoconfigure.restdocs.RestDocsTestExecutionListener@4bfd9e3a, org.springframework.boot.test.autoconfigure.web.client.MockRestServiceServerResetTestExecutionListener@562a4bac, org.springframework.boot.test.autoconfigure.web.servlet.MockMvcPrintOnlyOnFailureTestExecutionListener@56c45636, org.springframework.boot.test.autoconfigure.web.servlet.WebDriverTestExecutionListener@6becf200, org.springframework.boot.test.autoconfigure.webservices.client.MockWebServiceServerTestExecutionListener@4cc7bd09, org.spockframework.spring.SpringMockTestExecutionListener@4834e816]
2024-04-21 19:31:31.458  INFO 68482 --- [WebServer 34225] okhttp3.mockwebserver.MockWebServer      : MockWebServer[34225] starting to accept connections
2024-04-21 19:31:31.462  INFO 68482 --- [127.0.0.1:57786] okhttp3.mockwebserver.MockWebServer      : MockWebServer[34225] received request: POST /api/v1/namespaces/test/configmaps HTTP/1.1 and responded: HTTP/1.1 200 OK
2024-04-21 19:31:31.499  WARN 68482 --- [           main] ubernetesProfileEnvironmentPostProcessor : Not running inside kubernetes. Skipping 'kubernetes' profile activation.

  .   ____          _            __ _ _
 /\\ / ___'_ __ _ _(_)_ __  __ _ \ \ \ \
( ( )\___ | '_ | '_| | '_ \/ _` | \ \ \ \
 \\/  ___)| |_)| | | | | || (_| |  ) ) ) )
  '  |____| .__|_| |_|_| |_\__, | / / / /
 =========|_|==============|___/=/_/_/_/
 :: Spring Boot ::                (v2.6.3)

2024-04-21 19:31:31.558  INFO 68482 --- [           main] s.c.k.f.c.Fabric8ConfigMapPropertySource : Loading ConfigMap with name 'configmap-with-profile-no-active-profiles-example' in namespace 'test'
2024-04-21 19:31:31.560  INFO 68482 --- [127.0.0.1:57794] okhttp3.mockwebserver.MockWebServer      : MockWebServer[34225] received request: GET /api/v1/namespaces/test/configmaps/configmap-with-profile-no-active-profiles-example HTTP/1.1 and responded: HTTP/1.1 200 OK
2024-04-21 19:31:31.566  INFO 68482 --- [           main] b.c.PropertySourceBootstrapConfiguration : Located property source: [BootstrapPropertySource {name='bootstrapProperties-configmap.configmap-with-profile-no-active-profiles-example.test'}]
2024-04-21 19:31:31.569  WARN 68482 --- [           main] ubernetesProfileEnvironmentPostProcessor : Not running inside kubernetes. Skipping 'kubernetes' profile activation.
2024-04-21 19:31:31.570  INFO 68482 --- [           main] nfigMapsWithProfilesNoActiveProfileTests : No active profile set, falling back to default profiles: default
2024-04-21 19:31:31.711  INFO 68482 --- [           main] o.s.cloud.context.scope.GenericScope     : BeanFactory id=affffd22-e438-321b-a0d0-967c2140a2e8
2024-04-21 19:31:31.785  INFO 68482 --- [           main] o.s.b.w.embedded.tomcat.TomcatWebServer  : Tomcat initialized with port(s): 0 (http)
2024-04-21 19:31:31.785  INFO 68482 --- [           main] o.apache.catalina.core.StandardService   : Starting service [Tomcat]
2024-04-21 19:31:31.785  INFO 68482 --- [           main] org.apache.catalina.core.StandardEngine  : Starting Servlet engine: [Apache Tomcat/9.0.56]
2024-04-21 19:31:31.794  INFO 68482 --- [           main] o.a.c.c.C.[Tomcat-11].[localhost].[/]    : Initializing Spring embedded WebApplicationContext
2024-04-21 19:31:31.794  INFO 68482 --- [           main] w.s.c.ServletWebServerApplicationContext : Root WebApplicationContext: initialization completed in 223 ms
2024-04-21 19:31:32.278  INFO 68482 --- [           main] o.s.b.a.e.web.EndpointLinksResolver      : Exposing 1 endpoint(s) beneath base path '/actuator'
2024-04-21 19:31:32.332  INFO 68482 --- [           main] o.s.b.w.embedded.tomcat.TomcatWebServer  : Tomcat started on port(s): 35871 (http) with context path ''
2024-04-21 19:31:32.337  INFO 68482 --- [           main] nfigMapsWithProfilesNoActiveProfileTests : Started ConfigMapsWithProfilesNoActiveProfileTests in 0.874 seconds (JVM running for 29.225)
2024-04-21 19:31:32.347  INFO 68482 --- [WebServer 35573] okhttp3.mockwebserver.MockWebServer      : MockWebServer[35573] starting to accept connections
2024-04-21 19:31:32.355  INFO 68482 --- [-auto-12-exec-1] o.a.c.c.C.[Tomcat-11].[localhost].[/]    : Initializing Spring DispatcherServlet 'dispatcherServlet'
2024-04-21 19:31:32.355  INFO 68482 --- [-auto-12-exec-1] o.s.web.servlet.DispatcherServlet        : Initializing Servlet 'dispatcherServlet'
2024-04-21 19:31:32.356  INFO 68482 --- [-auto-12-exec-1] o.s.web.servlet.DispatcherServlet        : Completed initialization in 1 ms
2024-04-21 19:31:32.366  INFO 68482 --- [WebServer 35573] okhttp3.mockwebserver.MockWebServer      : MockWebServer[35573] done accepting connections: Socket closed
