Apr 21, 2024 6:31:34 PM okhttp3.mockwebserver.MockWebServer$3 execute
INFO: MockWebServer[57367] starting to accept connections
Apr 21, 2024 6:31:34 PM okhttp3.mockwebserver.MockWebServer$3 execute
INFO: MockWebServer[54595] starting to accept connections
2024-04-21 18:31:35.413  WARN 25884 --- [           main] ubernetesProfileEnvironmentPostProcessor : Not running inside kubernetes. Skipping 'kubernetes' profile activation.

  .   ____          _            __ _ _
 /\\ / ___'_ __ _ _(_)_ __  __ _ \ \ \ \
( ( )\___ | '_ | '_| | '_ \/ _` | \ \ \ \
 \\/  ___)| |_)| | | | | || (_| |  ) ) ) )
  '  |____| .__|_| |_|_| |_\__, | / / / /
 =========|_|==============|___/=/_/_/_/
 :: Spring Boot ::                (v2.6.3)

2024-04-21 18:31:36.372  WARN 25884 --- [           main] ubernetesProfileEnvironmentPostProcessor : Not running inside kubernetes. Skipping 'kubernetes' profile activation.
2024-04-21 18:31:36.373  INFO 25884 --- [           main] e.i.cs.testrunner.execution.Executor$    : No active profile set, falling back to default profiles: default
2024-04-21 18:31:36.422  INFO 25884 --- [           main] o.s.cloud.context.scope.GenericScope     : BeanFactory id=5adb76a5-ffff-3c5f-a60f-7f84faf1ce0f
2024-04-21 18:31:36.452  INFO 25884 --- [           main] e.i.cs.testrunner.execution.Executor$    : Started Executor. in 1.506 seconds (JVM running for 3.405)
2024-04-21 18:31:36.513  INFO 25884 --- [WebServer 54595] okhttp3.mockwebserver.MockWebServer      : MockWebServer[54595] done accepting connections: Socket closed
2024-04-21 18:31:36.571  INFO 25884 --- [WebServer 36141] okhttp3.mockwebserver.MockWebServer      : MockWebServer[36141] starting to accept connections
2024-04-21 18:31:36.595  INFO 25884 --- [WebServer 53803] okhttp3.mockwebserver.MockWebServer      : MockWebServer[53803] starting to accept connections
2024-04-21 18:31:36.624  INFO 25884 --- [           main] .b.t.c.SpringBootTestContextBootstrapper : Neither @ContextConfiguration nor @ContextHierarchy found for test class [org.springframework.cloud.kubernetes.fabric8.config.Fabric8SecretsPropertySourceLocatorRetryTests$SecretsFailFastDisabled], using SpringBootContextLoader
2024-04-21 18:31:36.627  INFO 25884 --- [           main] o.s.t.c.support.AbstractContextLoader    : Could not detect default resource locations for test class [org.springframework.cloud.kubernetes.fabric8.config.Fabric8SecretsPropertySourceLocatorRetryTests$SecretsFailFastDisabled]: no resource found for suffixes {-context.xml, Context.groovy}.
2024-04-21 18:31:36.672  INFO 25884 --- [           main] .b.t.c.SpringBootTestContextBootstrapper : Loaded default TestExecutionListener class names from location [META-INF/spring.factories]: [org.springframework.boot.test.mock.mockito.MockitoTestExecutionListener, org.springframework.boot.test.mock.mockito.ResetMocksTestExecutionListener, org.springframework.boot.test.autoconfigure.restdocs.RestDocsTestExecutionListener, org.springframework.boot.test.autoconfigure.web.client.MockRestServiceServerResetTestExecutionListener, org.springframework.boot.test.autoconfigure.web.servlet.MockMvcPrintOnlyOnFailureTestExecutionListener, org.springframework.boot.test.autoconfigure.web.servlet.WebDriverTestExecutionListener, org.springframework.boot.test.autoconfigure.webservices.client.MockWebServiceServerTestExecutionListener, org.springframework.test.context.web.ServletTestExecutionListener, org.springframework.test.context.support.DirtiesContextBeforeModesTestExecutionListener, org.springframework.test.context.event.ApplicationEventsTestExecutionListener, org.springframework.test.context.support.DependencyInjectionTestExecutionListener, org.springframework.test.context.support.DirtiesContextTestExecutionListener, org.springframework.test.context.transaction.TransactionalTestExecutionListener, org.springframework.test.context.jdbc.SqlScriptsTestExecutionListener, org.springframework.test.context.event.EventPublishingTestExecutionListener, org.spockframework.spring.SpringMockTestExecutionListener]
2024-04-21 18:31:36.684  INFO 25884 --- [           main] .b.t.c.SpringBootTestContextBootstrapper : Using TestExecutionListeners: [org.springframework.test.context.web.ServletTestExecutionListener@2aa7399c, org.springframework.test.context.support.DirtiesContextBeforeModesTestExecutionListener@11eed657, org.springframework.test.context.event.ApplicationEventsTestExecutionListener@708f018e, org.springframework.boot.test.mock.mockito.MockitoTestExecutionListener@19a31b9d, org.springframework.boot.test.autoconfigure.SpringBootDependencyInjectionTestExecutionListener@a5bbaec, org.springframework.test.context.support.DirtiesContextTestExecutionListener@6d60899e, org.springframework.test.context.event.EventPublishingTestExecutionListener@65eb76cd, org.springframework.boot.test.mock.mockito.ResetMocksTestExecutionListener@6415f61e, org.springframework.boot.test.autoconfigure.restdocs.RestDocsTestExecutionListener@334ebcaa, org.springframework.boot.test.autoconfigure.web.client.MockRestServiceServerResetTestExecutionListener@5a0bef24, org.springframework.boot.test.autoconfigure.web.servlet.MockMvcPrintOnlyOnFailureTestExecutionListener@6468a7b6, org.springframework.boot.test.autoconfigure.web.servlet.WebDriverTestExecutionListener@2f860823, org.springframework.boot.test.autoconfigure.webservices.client.MockWebServiceServerTestExecutionListener@696b4a95, org.spockframework.spring.SpringMockTestExecutionListener@6c1cfa53]
2024-04-21 18:31:36.756  WARN 25884 --- [           main] ubernetesProfileEnvironmentPostProcessor : Not running inside kubernetes. Skipping 'kubernetes' profile activation.

  .   ____          _            __ _ _
 /\\ / ___'_ __ _ _(_)_ __  __ _ \ \ \ \
( ( )\___ | '_ | '_| | '_ \/ _` | \ \ \ \
 \\/  ___)| |_)| | | | | || (_| |  ) ) ) )
  '  |____| .__|_| |_|_| |_\__, | / / / /
 =========|_|==============|___/=/_/_/_/
 :: Spring Boot ::                (v2.6.3)

2024-04-21 18:31:36.937  INFO 25884 --- [           main] s.c.k.f.c.Fabric8ConfigMapPropertySource : Loading ConfigMap with name 'application' in namespace 'default'
2024-04-21 18:31:37.170  INFO 25884 --- [127.0.0.1:41318] okhttp3.mockwebserver.MockWebServer      : MockWebServer[36141] received request: GET /api/v1/namespaces/default/configmaps/application HTTP/1.1 and responded: HTTP/1.1 404 Client Error
2024-04-21 18:31:37.183  INFO 25884 --- [           main] o.s.c.k.f.config.Fabric8ConfigUtils      : config-map with name : 'application' not present in namespace : 'default'
2024-04-21 18:31:37.186  INFO 25884 --- [           main] b.c.PropertySourceBootstrapConfiguration : Located property source: [BootstrapPropertySource {name='bootstrapProperties-configmap.application.default'}]
2024-04-21 18:31:37.189  INFO 25884 --- [           main] o.s.c.k.f.c.Fabric8SecretsPropertySource : Loading Secret with name 'my-secret' or with labels [{}] in namespace 'default'
2024-04-21 18:31:37.192  INFO 25884 --- [127.0.0.1:41318] okhttp3.mockwebserver.MockWebServer      : MockWebServer[36141] received request: GET /api/v1/namespaces/default/secrets/my-secret HTTP/1.1 and responded: HTTP/1.1 404 Client Error
2024-04-21 18:31:37.193  WARN 25884 --- [           main] o.s.c.k.f.c.Fabric8SecretsPropertySource : secret with name : my-secret in namespace : default not found
2024-04-21 18:31:37.198  INFO 25884 --- [127.0.0.1:41318] okhttp3.mockwebserver.MockWebServer      : MockWebServer[36141] received request: GET /api/v1/namespaces/default/secrets HTTP/1.1 and responded: HTTP/1.1 200 OK
2024-04-21 18:31:37.289  INFO 25884 --- [           main] b.c.PropertySourceBootstrapConfiguration : Located property source: [BootstrapPropertySource {name='bootstrapProperties-secrets.my-secret.default'}]
2024-04-21 18:31:37.309  WARN 25884 --- [           main] ubernetesProfileEnvironmentPostProcessor : Not running inside kubernetes. Skipping 'kubernetes' profile activation.
2024-04-21 18:31:37.310  INFO 25884 --- [           main] ocatorRetryTests$SecretsFailFastDisabled : No active profile set, falling back to default profiles: default
2024-04-21 18:31:38.231  INFO 25884 --- [           main] o.s.cloud.context.scope.GenericScope     : BeanFactory id=94652287-2eb9-367e-b08b-eea09b3b2900
2024-04-21 18:31:40.120  INFO 25884 --- [           main] ocatorRetryTests$SecretsFailFastDisabled : Started Fabric8SecretsPropertySourceLocatorRetryTests.SecretsFailFastDisabled in 3.425 seconds (JVM running for 7.074)
2024-04-21 18:31:40.131  INFO 25884 --- [WebServer 34169] okhttp3.mockwebserver.MockWebServer      : MockWebServer[34169] starting to accept connections
2024-04-21 18:31:40.152  INFO 25884 --- [           main] o.s.c.k.f.c.Fabric8SecretsPropertySource : Loading Secret with name 'my-secret' or with labels [{}] in namespace 'default'
2024-04-21 18:31:40.154  INFO 25884 --- [127.0.0.1:41318] okhttp3.mockwebserver.MockWebServer      : MockWebServer[36141] received request: GET /api/v1/namespaces/default/secrets/my-secret HTTP/1.1 and responded: HTTP/1.1 500 Server Error
2024-04-21 18:31:40.155  WARN 25884 --- [           main] o.s.c.k.f.c.Fabric8SecretsPropertySource : Can't read secret with name: [my-secret] or labels [{}] in namespace: [default] (cause: Failure executing: GET at: https://localhost:36141/api/v1/namespaces/default/secrets/my-secret. Message: Internal Server Error.). Ignoring
2024-04-21 18:31:40.171  INFO 25884 --- [WebServer 34169] okhttp3.mockwebserver.MockWebServer      : MockWebServer[34169] done accepting connections: Socket closed
2024-04-21 18:31:40.180  INFO 25884 --- [           main] .b.t.c.SpringBootTestContextBootstrapper : Neither @ContextConfiguration nor @ContextHierarchy found for test class [org.springframework.cloud.kubernetes.fabric8.config.Fabric8BootstrapConfigurationTests$KubernetesEnabledOnPurpose], using SpringBootContextLoader
2024-04-21 18:31:40.181  INFO 25884 --- [           main] o.s.t.c.support.AbstractContextLoader    : Could not detect default resource locations for test class [org.springframework.cloud.kubernetes.fabric8.config.Fabric8BootstrapConfigurationTests$KubernetesEnabledOnPurpose]: no resource found for suffixes {-context.xml, Context.groovy}.
2024-04-21 18:31:40.184  INFO 25884 --- [           main] .b.t.c.SpringBootTestContextBootstrapper : Loaded default TestExecutionListener class names from location [META-INF/spring.factories]: [org.springframework.boot.test.mock.mockito.MockitoTestExecutionListener, org.springframework.boot.test.mock.mockito.ResetMocksTestExecutionListener, org.springframework.boot.test.autoconfigure.restdocs.RestDocsTestExecutionListener, org.springframework.boot.test.autoconfigure.web.client.MockRestServiceServerResetTestExecutionListener, org.springframework.boot.test.autoconfigure.web.servlet.MockMvcPrintOnlyOnFailureTestExecutionListener, org.springframework.boot.test.autoconfigure.web.servlet.WebDriverTestExecutionListener, org.springframework.boot.test.autoconfigure.webservices.client.MockWebServiceServerTestExecutionListener, org.springframework.test.context.web.ServletTestExecutionListener, org.springframework.test.context.support.DirtiesContextBeforeModesTestExecutionListener, org.springframework.test.context.event.ApplicationEventsTestExecutionListener, org.springframework.test.context.support.DependencyInjectionTestExecutionListener, org.springframework.test.context.support.DirtiesContextTestExecutionListener, org.springframework.test.context.transaction.TransactionalTestExecutionListener, org.springframework.test.context.jdbc.SqlScriptsTestExecutionListener, org.springframework.test.context.event.EventPublishingTestExecutionListener, org.spockframework.spring.SpringMockTestExecutionListener]
2024-04-21 18:31:40.185  INFO 25884 --- [           main] .b.t.c.SpringBootTestContextBootstrapper : Using TestExecutionListeners: [org.springframework.test.context.web.ServletTestExecutionListener@36a58466, org.springframework.test.context.support.DirtiesContextBeforeModesTestExecutionListener@78e387d6, org.springframework.test.context.event.ApplicationEventsTestExecutionListener@9147ba2, org.springframework.boot.test.mock.mockito.MockitoTestExecutionListener@3460e4ed, org.springframework.boot.test.autoconfigure.SpringBootDependencyInjectionTestExecutionListener@2efcc0b3, org.springframework.test.context.support.DirtiesContextTestExecutionListener@4a453f8d, org.springframework.test.context.event.EventPublishingTestExecutionListener@60a6840c, org.springframework.boot.test.mock.mockito.ResetMocksTestExecutionListener@53525379, org.springframework.boot.test.autoconfigure.restdocs.RestDocsTestExecutionListener@1be3f8f8, org.springframework.boot.test.autoconfigure.web.client.MockRestServiceServerResetTestExecutionListener@78b9155e, org.springframework.boot.test.autoconfigure.web.servlet.MockMvcPrintOnlyOnFailureTestExecutionListener@2ceb68a1, org.springframework.boot.test.autoconfigure.web.servlet.WebDriverTestExecutionListener@6de33fde, org.springframework.boot.test.autoconfigure.webservices.client.MockWebServiceServerTestExecutionListener@69c33ea2, org.spockframework.spring.SpringMockTestExecutionListener@59e0d521]
2024-04-21 18:31:40.244  WARN 25884 --- [           main] ubernetesProfileEnvironmentPostProcessor : Not running inside kubernetes. Skipping 'kubernetes' profile activation.

  .   ____          _            __ _ _
 /\\ / ___'_ __ _ _(_)_ __  __ _ \ \ \ \
( ( )\___ | '_ | '_| | '_ \/ _` | \ \ \ \
 \\/  ___)| |_)| | | | | || (_| |  ) ) ) )
  '  |____| .__|_| |_|_| |_\__, | / / / /
 =========|_|==============|___/=/_/_/_/
 :: Spring Boot ::                (v2.6.3)

2024-04-21 18:31:40.346  INFO 25884 --- [           main] s.c.k.f.c.Fabric8ConfigMapPropertySource : Loading ConfigMap with name 'application' in namespace 'default'
2024-04-21 18:31:40.451  INFO 25884 --- [127.0.0.1:41326] okhttp3.mockwebserver.MockWebServer      : MockWebServer[36141] received request: GET /api/v1/namespaces/default/configmaps/application HTTP/1.1 and responded: HTTP/1.1 404 Client Error
2024-04-21 18:31:40.453  INFO 25884 --- [           main] o.s.c.k.f.config.Fabric8ConfigUtils      : config-map with name : 'application' not present in namespace : 'default'
2024-04-21 18:31:40.453  INFO 25884 --- [           main] b.c.PropertySourceBootstrapConfiguration : Located property source: [BootstrapPropertySource {name='bootstrapProperties-configmap.application.default'}]
2024-04-21 18:31:40.458  WARN 25884 --- [           main] ubernetesProfileEnvironmentPostProcessor : Not running inside kubernetes. Skipping 'kubernetes' profile activation.
2024-04-21 18:31:40.459  INFO 25884 --- [           main] gurationTests$KubernetesEnabledOnPurpose : No active profile set, falling back to default profiles: default
2024-04-21 18:31:41.099  INFO 25884 --- [           main] o.s.cloud.context.scope.GenericScope     : BeanFactory id=55b4a3e9-9f94-32f4-ad68-c7f5dce8195c
2024-04-21 18:31:41.423  INFO 25884 --- [           main] o.s.b.w.embedded.tomcat.TomcatWebServer  : Tomcat initialized with port(s): 0 (http)
2024-04-21 18:31:41.435  INFO 25884 --- [           main] o.apache.catalina.core.StandardService   : Starting service [Tomcat]
2024-04-21 18:31:41.436  INFO 25884 --- [           main] org.apache.catalina.core.StandardEngine  : Starting Servlet engine: [Apache Tomcat/9.0.56]
2024-04-21 18:31:41.627  INFO 25884 --- [           main] o.a.c.c.C.[Tomcat].[localhost].[/]       : Initializing Spring embedded WebApplicationContext
2024-04-21 18:31:41.628  INFO 25884 --- [           main] w.s.c.ServletWebServerApplicationContext : Root WebApplicationContext: initialization completed in 1166 ms
2024-04-21 18:31:42.979  INFO 25884 --- [           main] o.s.b.a.e.web.EndpointLinksResolver      : Exposing 1 endpoint(s) beneath base path '/actuator'
2024-04-21 18:31:43.146  INFO 25884 --- [           main] o.s.b.w.embedded.tomcat.TomcatWebServer  : Tomcat started on port(s): 34267 (http) with context path ''
2024-04-21 18:31:43.156  INFO 25884 --- [           main] gurationTests$KubernetesEnabledOnPurpose : Started Fabric8BootstrapConfigurationTests.KubernetesEnabledOnPurpose in 2.969 seconds (JVM running for 10.109)
2024-04-21 18:31:43.222  INFO 25884 --- [           main] .b.t.c.SpringBootTestContextBootstrapper : Neither @ContextConfiguration nor @ContextHierarchy found for test class [org.springframework.cloud.kubernetes.fabric8.config.ConfigMapsWithoutProfilesTests], using SpringBootContextLoader
2024-04-21 18:31:43.223  INFO 25884 --- [           main] o.s.t.c.support.AbstractContextLoader    : Could not detect default resource locations for test class [org.springframework.cloud.kubernetes.fabric8.config.ConfigMapsWithoutProfilesTests]: no resource found for suffixes {-context.xml, Context.groovy}.
2024-04-21 18:31:43.231  INFO 25884 --- [           main] .b.t.c.SpringBootTestContextBootstrapper : Loaded default TestExecutionListener class names from location [META-INF/spring.factories]: [org.springframework.boot.test.mock.mockito.MockitoTestExecutionListener, org.springframework.boot.test.mock.mockito.ResetMocksTestExecutionListener, org.springframework.boot.test.autoconfigure.restdocs.RestDocsTestExecutionListener, org.springframework.boot.test.autoconfigure.web.client.MockRestServiceServerResetTestExecutionListener, org.springframework.boot.test.autoconfigure.web.servlet.MockMvcPrintOnlyOnFailureTestExecutionListener, org.springframework.boot.test.autoconfigure.web.servlet.WebDriverTestExecutionListener, org.springframework.boot.test.autoconfigure.webservices.client.MockWebServiceServerTestExecutionListener, org.springframework.test.context.web.ServletTestExecutionListener, org.springframework.test.context.support.DirtiesContextBeforeModesTestExecutionListener, org.springframework.test.context.event.ApplicationEventsTestExecutionListener, org.springframework.test.context.support.DependencyInjectionTestExecutionListener, org.springframework.test.context.support.DirtiesContextTestExecutionListener, org.springframework.test.context.transaction.TransactionalTestExecutionListener, org.springframework.test.context.jdbc.SqlScriptsTestExecutionListener, org.springframework.test.context.event.EventPublishingTestExecutionListener, org.spockframework.spring.SpringMockTestExecutionListener]
2024-04-21 18:31:43.232  INFO 25884 --- [           main] .b.t.c.SpringBootTestContextBootstrapper : Using TestExecutionListeners: [org.springframework.test.context.web.ServletTestExecutionListener@de40aa1, org.springframework.test.context.support.DirtiesContextBeforeModesTestExecutionListener@61b76a7d, org.springframework.test.context.event.ApplicationEventsTestExecutionListener@57f89680, org.springframework.boot.test.mock.mockito.MockitoTestExecutionListener@70bc9070, org.springframework.boot.test.autoconfigure.SpringBootDependencyInjectionTestExecutionListener@5d202dc4, org.springframework.test.context.support.DirtiesContextTestExecutionListener@71e409f, org.springframework.test.context.event.EventPublishingTestExecutionListener@14c18a6a, org.springframework.boot.test.mock.mockito.ResetMocksTestExecutionListener@6aa792, org.springframework.boot.test.autoconfigure.restdocs.RestDocsTestExecutionListener@5c78f456, org.springframework.boot.test.autoconfigure.web.client.MockRestServiceServerResetTestExecutionListener@29174dfe, org.springframework.boot.test.autoconfigure.web.servlet.MockMvcPrintOnlyOnFailureTestExecutionListener@319d106c, org.springframework.boot.test.autoconfigure.web.servlet.WebDriverTestExecutionListener@641e67fa, org.springframework.boot.test.autoconfigure.webservices.client.MockWebServiceServerTestExecutionListener@7fdff56b, org.spockframework.spring.SpringMockTestExecutionListener@6cb43fd3]
2024-04-21 18:31:43.235  INFO 25884 --- [WebServer 58499] okhttp3.mockwebserver.MockWebServer      : MockWebServer[58499] starting to accept connections
2024-04-21 18:31:43.271  INFO 25884 --- [127.0.0.1:44150] okhttp3.mockwebserver.MockWebServer      : MockWebServer[58499] received request: POST /api/v1/namespaces/test/configmaps HTTP/1.1 and responded: HTTP/1.1 200 OK
2024-04-21 18:31:43.324  WARN 25884 --- [           main] ubernetesProfileEnvironmentPostProcessor : Not running inside kubernetes. Skipping 'kubernetes' profile activation.

  .   ____          _            __ _ _
 /\\ / ___'_ __ _ _(_)_ __  __ _ \ \ \ \
( ( )\___ | '_ | '_| | '_ \/ _` | \ \ \ \
 \\/  ___)| |_)| | | | | || (_| |  ) ) ) )
  '  |____| .__|_| |_|_| |_\__, | / / / /
 =========|_|==============|___/=/_/_/_/
 :: Spring Boot ::                (v2.6.3)

2024-04-21 18:31:43.410  INFO 25884 --- [           main] s.c.k.f.c.Fabric8ConfigMapPropertySource : Loading ConfigMap with name 'configmap-without-profile-example' in namespace 'test'
2024-04-21 18:31:43.415  INFO 25884 --- [127.0.0.1:44152] okhttp3.mockwebserver.MockWebServer      : MockWebServer[58499] received request: GET /api/v1/namespaces/test/configmaps/configmap-without-profile-example HTTP/1.1 and responded: HTTP/1.1 200 OK
2024-04-21 18:31:43.425  INFO 25884 --- [127.0.0.1:44152] okhttp3.mockwebserver.MockWebServer      : MockWebServer[58499] received request: GET /api/v1/namespaces/test/configmaps/configmap-without-profile-example-development HTTP/1.1 and responded: HTTP/1.1 404 Client Error
2024-04-21 18:31:43.426  INFO 25884 --- [           main] o.s.c.k.f.config.Fabric8ConfigUtils      : config-map with name : 'configmap-without-profile-example-development' not present in namespace : 'test'
2024-04-21 18:31:43.426  INFO 25884 --- [           main] b.c.PropertySourceBootstrapConfiguration : Located property source: [BootstrapPropertySource {name='bootstrapProperties-configmap.configmap-without-profile-example.test'}]
2024-04-21 18:31:43.431  WARN 25884 --- [           main] ubernetesProfileEnvironmentPostProcessor : Not running inside kubernetes. Skipping 'kubernetes' profile activation.
2024-04-21 18:31:43.432  INFO 25884 --- [           main] s.c.k.f.c.ConfigMapsWithoutProfilesTests : The following profiles are active: development
2024-04-21 18:31:43.697  INFO 25884 --- [           main] o.s.cloud.context.scope.GenericScope     : BeanFactory id=affffd22-e438-321b-a0d0-967c2140a2e8
2024-04-21 18:31:43.828  INFO 25884 --- [           main] o.s.b.w.embedded.tomcat.TomcatWebServer  : Tomcat initialized with port(s): 0 (http)
2024-04-21 18:31:43.829  INFO 25884 --- [           main] o.apache.catalina.core.StandardService   : Starting service [Tomcat]
2024-04-21 18:31:43.829  INFO 25884 --- [           main] org.apache.catalina.core.StandardEngine  : Starting Servlet engine: [Apache Tomcat/9.0.56]
2024-04-21 18:31:43.840  INFO 25884 --- [           main] o.a.c.c.C.[Tomcat-1].[localhost].[/]     : Initializing Spring embedded WebApplicationContext
2024-04-21 18:31:43.840  INFO 25884 --- [           main] w.s.c.ServletWebServerApplicationContext : Root WebApplicationContext: initialization completed in 407 ms
2024-04-21 18:31:44.545  INFO 25884 --- [           main] o.s.b.a.e.web.EndpointLinksResolver      : Exposing 1 endpoint(s) beneath base path '/actuator'
2024-04-21 18:31:44.593  INFO 25884 --- [           main] o.s.b.w.embedded.tomcat.TomcatWebServer  : Tomcat started on port(s): 43051 (http) with context path ''
2024-04-21 18:31:44.601  INFO 25884 --- [           main] s.c.k.f.c.ConfigMapsWithoutProfilesTests : Started ConfigMapsWithoutProfilesTests in 1.328 seconds (JVM running for 11.554)
2024-04-21 18:31:44.746  INFO 25884 --- [WebServer 49705] okhttp3.mockwebserver.MockWebServer      : MockWebServer[49705] starting to accept connections
2024-04-21 18:31:45.227  INFO 25884 --- [o-auto-2-exec-1] o.a.c.c.C.[Tomcat-1].[localhost].[/]     : Initializing Spring DispatcherServlet 'dispatcherServlet'
2024-04-21 18:31:45.227  INFO 25884 --- [o-auto-2-exec-1] o.s.web.servlet.DispatcherServlet        : Initializing Servlet 'dispatcherServlet'
2024-04-21 18:31:45.229  INFO 25884 --- [o-auto-2-exec-1] o.s.web.servlet.DispatcherServlet        : Completed initialization in 1 ms
2024-04-21 18:31:45.405  INFO 25884 --- [WebServer 49705] okhttp3.mockwebserver.MockWebServer      : MockWebServer[49705] done accepting connections: Socket closed
2024-04-21 18:31:45.409  INFO 25884 --- [           main] .b.t.c.SpringBootTestContextBootstrapper : Neither @ContextConfiguration nor @ContextHierarchy found for test class [org.springframework.cloud.kubernetes.fabric8.config.Fabric8BootstrapConfigurationTests$Fabric8BootstrapConfigurationNotInsideK8s], using SpringBootContextLoader
2024-04-21 18:31:45.411  INFO 25884 --- [           main] o.s.t.c.support.AbstractContextLoader    : Could not detect default resource locations for test class [org.springframework.cloud.kubernetes.fabric8.config.Fabric8BootstrapConfigurationTests$Fabric8BootstrapConfigurationNotInsideK8s]: no resource found for suffixes {-context.xml, Context.groovy}.
2024-04-21 18:31:45.412  INFO 25884 --- [           main] .b.t.c.SpringBootTestContextBootstrapper : Loaded default TestExecutionListener class names from location [META-INF/spring.factories]: [org.springframework.boot.test.mock.mockito.MockitoTestExecutionListener, org.springframework.boot.test.mock.mockito.ResetMocksTestExecutionListener, org.springframework.boot.test.autoconfigure.restdocs.RestDocsTestExecutionListener, org.springframework.boot.test.autoconfigure.web.client.MockRestServiceServerResetTestExecutionListener, org.springframework.boot.test.autoconfigure.web.servlet.MockMvcPrintOnlyOnFailureTestExecutionListener, org.springframework.boot.test.autoconfigure.web.servlet.WebDriverTestExecutionListener, org.springframework.boot.test.autoconfigure.webservices.client.MockWebServiceServerTestExecutionListener, org.springframework.test.context.web.ServletTestExecutionListener, org.springframework.test.context.support.DirtiesContextBeforeModesTestExecutionListener, org.springframework.test.context.event.ApplicationEventsTestExecutionListener, org.springframework.test.context.support.DependencyInjectionTestExecutionListener, org.springframework.test.context.support.DirtiesContextTestExecutionListener, org.springframework.test.context.transaction.TransactionalTestExecutionListener, org.springframework.test.context.jdbc.SqlScriptsTestExecutionListener, org.springframework.test.context.event.EventPublishingTestExecutionListener, org.spockframework.spring.SpringMockTestExecutionListener]
2024-04-21 18:31:45.414  INFO 25884 --- [           main] .b.t.c.SpringBootTestContextBootstrapper : Using TestExecutionListeners: [org.springframework.test.context.web.ServletTestExecutionListener@543c887, org.springframework.test.context.support.DirtiesContextBeforeModesTestExecutionListener@75f446df, org.springframework.test.context.event.ApplicationEventsTestExecutionListener@3751baf6, org.springframework.boot.test.mock.mockito.MockitoTestExecutionListener@27e656e6, org.springframework.boot.test.autoconfigure.SpringBootDependencyInjectionTestExecutionListener@3cfab56d, org.springframework.test.context.support.DirtiesContextTestExecutionListener@6b6fde93, org.springframework.test.context.event.EventPublishingTestExecutionListener@51d34f02, org.springframework.boot.test.mock.mockito.ResetMocksTestExecutionListener@441762b8, org.springframework.boot.test.autoconfigure.restdocs.RestDocsTestExecutionListener@2d2fe68a, org.springframework.boot.test.autoconfigure.web.client.MockRestServiceServerResetTestExecutionListener@38213efa, org.springframework.boot.test.autoconfigure.web.servlet.MockMvcPrintOnlyOnFailureTestExecutionListener@73c1dda3, org.springframework.boot.test.autoconfigure.web.servlet.WebDriverTestExecutionListener@c3c63c1, org.springframework.boot.test.autoconfigure.webservices.client.MockWebServiceServerTestExecutionListener@5e75cf7a, org.spockframework.spring.SpringMockTestExecutionListener@6f12fca0]
2024-04-21 18:31:45.482  WARN 25884 --- [           main] ubernetesProfileEnvironmentPostProcessor : Not running inside kubernetes. Skipping 'kubernetes' profile activation.

  .   ____          _            __ _ _
 /\\ / ___'_ __ _ _(_)_ __  __ _ \ \ \ \
( ( )\___ | '_ | '_| | '_ \/ _` | \ \ \ \
 \\/  ___)| |_)| | | | | || (_| |  ) ) ) )
  '  |____| .__|_| |_|_| |_\__, | / / / /
 =========|_|==============|___/=/_/_/_/
 :: Spring Boot ::                (v2.6.3)

2024-04-21 18:31:45.563  WARN 25884 --- [           main] ubernetesProfileEnvironmentPostProcessor : Not running inside kubernetes. Skipping 'kubernetes' profile activation.
2024-04-21 18:31:45.563  INFO 25884 --- [           main] abric8BootstrapConfigurationNotInsideK8s : No active profile set, falling back to default profiles: default
2024-04-21 18:31:46.016  INFO 25884 --- [           main] o.s.cloud.context.scope.GenericScope     : BeanFactory id=5afc43ad-a7d0-33b0-b9e5-c05cec1eda7d
2024-04-21 18:31:46.151  INFO 25884 --- [           main] o.s.b.w.embedded.tomcat.TomcatWebServer  : Tomcat initialized with port(s): 0 (http)
2024-04-21 18:31:46.152  INFO 25884 --- [           main] o.apache.catalina.core.StandardService   : Starting service [Tomcat]
2024-04-21 18:31:46.153  INFO 25884 --- [           main] org.apache.catalina.core.StandardEngine  : Starting Servlet engine: [Apache Tomcat/9.0.56]
2024-04-21 18:31:46.166  INFO 25884 --- [           main] o.a.c.c.C.[Tomcat-2].[localhost].[/]     : Initializing Spring embedded WebApplicationContext
2024-04-21 18:31:46.166  INFO 25884 --- [           main] w.s.c.ServletWebServerApplicationContext : Root WebApplicationContext: initialization completed in 601 ms
2024-04-21 18:31:46.952  INFO 25884 --- [           main] o.s.b.a.e.web.EndpointLinksResolver      : Exposing 1 endpoint(s) beneath base path '/actuator'
2024-04-21 18:31:47.000  INFO 25884 --- [           main] o.s.b.w.embedded.tomcat.TomcatWebServer  : Tomcat started on port(s): 34557 (http) with context path ''
2024-04-21 18:31:47.006  INFO 25884 --- [           main] abric8BootstrapConfigurationNotInsideK8s : Started Fabric8BootstrapConfigurationTests.Fabric8BootstrapConfigurationNotInsideK8s in 1.59 seconds (JVM running for 13.959)
2024-04-21 18:31:47.020  INFO 25884 --- [WebServer 44837] okhttp3.mockwebserver.MockWebServer      : MockWebServer[44837] starting to accept connections
2024-04-21 18:31:47.024  INFO 25884 --- [WebServer 35617] okhttp3.mockwebserver.MockWebServer      : MockWebServer[35617] starting to accept connections
2024-04-21 18:31:47.029  INFO 25884 --- [127.0.0.1:37708] okhttp3.mockwebserver.MockWebServer      : MockWebServer[44837] received request: POST /api/v1/namespaces/test/configmaps HTTP/1.1 and responded: HTTP/1.1 200 OK
2024-04-21 18:31:47.029  INFO 25884 --- [           main] s.c.k.f.c.Fabric8ConfigMapPropertySource : Loading ConfigMap with name 'app-properties-test' in namespace 'test'
2024-04-21 18:31:47.030  INFO 25884 --- [127.0.0.1:37708] okhttp3.mockwebserver.MockWebServer      : MockWebServer[44837] received request: GET /api/v1/namespaces/test/configmaps/app-properties-test HTTP/1.1 and responded: HTTP/1.1 200 OK
2024-04-21 18:31:47.073  INFO 25884 --- [WebServer 35617] okhttp3.mockwebserver.MockWebServer      : MockWebServer[35617] done accepting connections: Socket closed
2024-04-21 18:31:47.077  INFO 25884 --- [           main] .b.t.c.SpringBootTestContextBootstrapper : Neither @ContextConfiguration nor @ContextHierarchy found for test class [org.springframework.cloud.kubernetes.fabric8.config.ConfigMapsWithProfileExpressionTests], using SpringBootContextLoader
2024-04-21 18:31:47.078  INFO 25884 --- [           main] o.s.t.c.support.AbstractContextLoader    : Could not detect default resource locations for test class [org.springframework.cloud.kubernetes.fabric8.config.ConfigMapsWithProfileExpressionTests]: no resource found for suffixes {-context.xml, Context.groovy}.
2024-04-21 18:31:47.080  INFO 25884 --- [           main] .b.t.c.SpringBootTestContextBootstrapper : Loaded default TestExecutionListener class names from location [META-INF/spring.factories]: [org.springframework.boot.test.mock.mockito.MockitoTestExecutionListener, org.springframework.boot.test.mock.mockito.ResetMocksTestExecutionListener, org.springframework.boot.test.autoconfigure.restdocs.RestDocsTestExecutionListener, org.springframework.boot.test.autoconfigure.web.client.MockRestServiceServerResetTestExecutionListener, org.springframework.boot.test.autoconfigure.web.servlet.MockMvcPrintOnlyOnFailureTestExecutionListener, org.springframework.boot.test.autoconfigure.web.servlet.WebDriverTestExecutionListener, org.springframework.boot.test.autoconfigure.webservices.client.MockWebServiceServerTestExecutionListener, org.springframework.test.context.web.ServletTestExecutionListener, org.springframework.test.context.support.DirtiesContextBeforeModesTestExecutionListener, org.springframework.test.context.event.ApplicationEventsTestExecutionListener, org.springframework.test.context.support.DependencyInjectionTestExecutionListener, org.springframework.test.context.support.DirtiesContextTestExecutionListener, org.springframework.test.context.transaction.TransactionalTestExecutionListener, org.springframework.test.context.jdbc.SqlScriptsTestExecutionListener, org.springframework.test.context.event.EventPublishingTestExecutionListener, org.spockframework.spring.SpringMockTestExecutionListener]
2024-04-21 18:31:47.082  INFO 25884 --- [           main] .b.t.c.SpringBootTestContextBootstrapper : Using TestExecutionListeners: [org.springframework.test.context.web.ServletTestExecutionListener@44f88149, org.springframework.test.context.support.DirtiesContextBeforeModesTestExecutionListener@3b1a3125, org.springframework.test.context.event.ApplicationEventsTestExecutionListener@4199761d, org.springframework.boot.test.mock.mockito.MockitoTestExecutionListener@3ca564aa, org.springframework.boot.test.autoconfigure.SpringBootDependencyInjectionTestExecutionListener@3cd758be, org.springframework.test.context.support.DirtiesContextTestExecutionListener@562ec518, org.springframework.test.context.event.EventPublishingTestExecutionListener@5c8d685e, org.springframework.boot.test.mock.mockito.ResetMocksTestExecutionListener@4b1ad751, org.springframework.boot.test.autoconfigure.restdocs.RestDocsTestExecutionListener@4d0e6424, org.springframework.boot.test.autoconfigure.web.client.MockRestServiceServerResetTestExecutionListener@6da86e98, org.springframework.boot.test.autoconfigure.web.servlet.MockMvcPrintOnlyOnFailureTestExecutionListener@5a5024eb, org.springframework.boot.test.autoconfigure.web.servlet.WebDriverTestExecutionListener@476dc0af, org.springframework.boot.test.autoconfigure.webservices.client.MockWebServiceServerTestExecutionListener@797ca322, org.spockframework.spring.SpringMockTestExecutionListener@570ede3b]
2024-04-21 18:31:47.085  INFO 25884 --- [WebServer 34629] okhttp3.mockwebserver.MockWebServer      : MockWebServer[34629] starting to accept connections
2024-04-21 18:31:47.089  INFO 25884 --- [127.0.0.1:56202] okhttp3.mockwebserver.MockWebServer      : MockWebServer[34629] received request: POST /api/v1/namespaces/test/configmaps HTTP/1.1 and responded: HTTP/1.1 200 OK
2024-04-21 18:31:47.137  WARN 25884 --- [           main] ubernetesProfileEnvironmentPostProcessor : Not running inside kubernetes. Skipping 'kubernetes' profile activation.

  .   ____          _            __ _ _
 /\\ / ___'_ __ _ _(_)_ __  __ _ \ \ \ \
( ( )\___ | '_ | '_| | '_ \/ _` | \ \ \ \
 \\/  ___)| |_)| | | | | || (_| |  ) ) ) )
  '  |____| .__|_| |_|_| |_\__, | / / / /
 =========|_|==============|___/=/_/_/_/
 :: Spring Boot ::                (v2.6.3)

2024-04-21 18:31:47.215  INFO 25884 --- [           main] s.c.k.f.c.Fabric8ConfigMapPropertySource : Loading ConfigMap with name 'configmap-with-profile-example' in namespace 'test'
2024-04-21 18:31:47.218  INFO 25884 --- [127.0.0.1:56206] okhttp3.mockwebserver.MockWebServer      : MockWebServer[34629] received request: GET /api/v1/namespaces/test/configmaps/configmap-with-profile-example HTTP/1.1 and responded: HTTP/1.1 200 OK
2024-04-21 18:31:47.227  INFO 25884 --- [127.0.0.1:56206] okhttp3.mockwebserver.MockWebServer      : MockWebServer[34629] received request: GET /api/v1/namespaces/test/configmaps/configmap-with-profile-example-production HTTP/1.1 and responded: HTTP/1.1 404 Client Error
2024-04-21 18:31:47.227  INFO 25884 --- [           main] o.s.c.k.f.config.Fabric8ConfigUtils      : config-map with name : 'configmap-with-profile-example-production' not present in namespace : 'test'
2024-04-21 18:31:47.228  INFO 25884 --- [127.0.0.1:56206] okhttp3.mockwebserver.MockWebServer      : MockWebServer[34629] received request: GET /api/v1/namespaces/test/configmaps/configmap-with-profile-example-us-east HTTP/1.1 and responded: HTTP/1.1 404 Client Error
2024-04-21 18:31:47.228  INFO 25884 --- [           main] o.s.c.k.f.config.Fabric8ConfigUtils      : config-map with name : 'configmap-with-profile-example-us-east' not present in namespace : 'test'
2024-04-21 18:31:47.229  INFO 25884 --- [           main] b.c.PropertySourceBootstrapConfiguration : Located property source: [BootstrapPropertySource {name='bootstrapProperties-configmap.configmap-with-profile-example.test'}]
2024-04-21 18:31:47.232  WARN 25884 --- [           main] ubernetesProfileEnvironmentPostProcessor : Not running inside kubernetes. Skipping 'kubernetes' profile activation.
2024-04-21 18:31:47.233  INFO 25884 --- [           main] f.c.ConfigMapsWithProfileExpressionTests : The following profiles are active: production,us-east
2024-04-21 18:31:47.455  INFO 25884 --- [           main] o.s.cloud.context.scope.GenericScope     : BeanFactory id=affffd22-e438-321b-a0d0-967c2140a2e8
2024-04-21 18:31:47.573  INFO 25884 --- [           main] o.s.b.w.embedded.tomcat.TomcatWebServer  : Tomcat initialized with port(s): 0 (http)
2024-04-21 18:31:47.573  INFO 25884 --- [           main] o.apache.catalina.core.StandardService   : Starting service [Tomcat]
2024-04-21 18:31:47.574  INFO 25884 --- [           main] org.apache.catalina.core.StandardEngine  : Starting Servlet engine: [Apache Tomcat/9.0.56]
2024-04-21 18:31:47.584  INFO 25884 --- [           main] o.a.c.c.C.[Tomcat-3].[localhost].[/]     : Initializing Spring embedded WebApplicationContext
2024-04-21 18:31:47.585  INFO 25884 --- [           main] w.s.c.ServletWebServerApplicationContext : Root WebApplicationContext: initialization completed in 351 ms
2024-04-21 18:31:48.351  INFO 25884 --- [           main] o.s.b.a.e.web.EndpointLinksResolver      : Exposing 1 endpoint(s) beneath base path '/actuator'
2024-04-21 18:31:48.414  INFO 25884 --- [           main] o.s.b.w.embedded.tomcat.TomcatWebServer  : Tomcat started on port(s): 44081 (http) with context path ''
2024-04-21 18:31:48.420  INFO 25884 --- [           main] f.c.ConfigMapsWithProfileExpressionTests : Started ConfigMapsWithProfileExpressionTests in 1.329 seconds (JVM running for 15.373)
2024-04-21 18:31:48.434  INFO 25884 --- [WebServer 55941] okhttp3.mockwebserver.MockWebServer      : MockWebServer[55941] starting to accept connections
2024-04-21 18:31:48.442  INFO 25884 --- [o-auto-4-exec-1] o.a.c.c.C.[Tomcat-3].[localhost].[/]     : Initializing Spring DispatcherServlet 'dispatcherServlet'
2024-04-21 18:31:48.443  INFO 25884 --- [o-auto-4-exec-1] o.s.web.servlet.DispatcherServlet        : Initializing Servlet 'dispatcherServlet'
2024-04-21 18:31:48.444  INFO 25884 --- [o-auto-4-exec-1] o.s.web.servlet.DispatcherServlet        : Completed initialization in 1 ms
2024-04-21 18:31:48.454  INFO 25884 --- [WebServer 55941] okhttp3.mockwebserver.MockWebServer      : MockWebServer[55941] done accepting connections: Socket closed
2024-04-21 18:31:48.460  INFO 25884 --- [           main] .b.t.c.SpringBootTestContextBootstrapper : Neither @ContextConfiguration nor @ContextHierarchy found for test class [org.springframework.cloud.kubernetes.fabric8.config.ConfigMapsTests], using SpringBootContextLoader
2024-04-21 18:31:48.461  INFO 25884 --- [           main] o.s.t.c.support.AbstractContextLoader    : Could not detect default resource locations for test class [org.springframework.cloud.kubernetes.fabric8.config.ConfigMapsTests]: no resource found for suffixes {-context.xml, Context.groovy}.
2024-04-21 18:31:48.464  INFO 25884 --- [           main] .b.t.c.SpringBootTestContextBootstrapper : Loaded default TestExecutionListener class names from location [META-INF/spring.factories]: [org.springframework.boot.test.mock.mockito.MockitoTestExecutionListener, org.springframework.boot.test.mock.mockito.ResetMocksTestExecutionListener, org.springframework.boot.test.autoconfigure.restdocs.RestDocsTestExecutionListener, org.springframework.boot.test.autoconfigure.web.client.MockRestServiceServerResetTestExecutionListener, org.springframework.boot.test.autoconfigure.web.servlet.MockMvcPrintOnlyOnFailureTestExecutionListener, org.springframework.boot.test.autoconfigure.web.servlet.WebDriverTestExecutionListener, org.springframework.boot.test.autoconfigure.webservices.client.MockWebServiceServerTestExecutionListener, org.springframework.test.context.web.ServletTestExecutionListener, org.springframework.test.context.support.DirtiesContextBeforeModesTestExecutionListener, org.springframework.test.context.event.ApplicationEventsTestExecutionListener, org.springframework.test.context.support.DependencyInjectionTestExecutionListener, org.springframework.test.context.support.DirtiesContextTestExecutionListener, org.springframework.test.context.transaction.TransactionalTestExecutionListener, org.springframework.test.context.jdbc.SqlScriptsTestExecutionListener, org.springframework.test.context.event.EventPublishingTestExecutionListener, org.spockframework.spring.SpringMockTestExecutionListener]
2024-04-21 18:31:48.466  INFO 25884 --- [           main] .b.t.c.SpringBootTestContextBootstrapper : Using TestExecutionListeners: [org.springframework.test.context.web.ServletTestExecutionListener@7f065f9e, org.springframework.test.context.support.DirtiesContextBeforeModesTestExecutionListener@106c3e0a, org.springframework.test.context.event.ApplicationEventsTestExecutionListener@2e778abb, org.springframework.boot.test.mock.mockito.MockitoTestExecutionListener@154cbb46, org.springframework.boot.test.autoconfigure.SpringBootDependencyInjectionTestExecutionListener@58fbecde, org.springframework.test.context.support.DirtiesContextTestExecutionListener@299615a5, org.springframework.test.context.event.EventPublishingTestExecutionListener@3ba6707e, org.springframework.boot.test.mock.mockito.ResetMocksTestExecutionListener@4b407ac7, org.springframework.boot.test.autoconfigure.restdocs.RestDocsTestExecutionListener@4c5ae26d, org.springframework.boot.test.autoconfigure.web.client.MockRestServiceServerResetTestExecutionListener@5578ed7e, org.springframework.boot.test.autoconfigure.web.servlet.MockMvcPrintOnlyOnFailureTestExecutionListener@5dd5422f, org.springframework.boot.test.autoconfigure.web.servlet.WebDriverTestExecutionListener@158b8d10, org.springframework.boot.test.autoconfigure.webservices.client.MockWebServiceServerTestExecutionListener@e594c46, org.spockframework.spring.SpringMockTestExecutionListener@1cd853ee]
2024-04-21 18:31:48.468  INFO 25884 --- [WebServer 40819] okhttp3.mockwebserver.MockWebServer      : MockWebServer[40819] starting to accept connections
2024-04-21 18:31:48.472  INFO 25884 --- [127.0.0.1:32830] okhttp3.mockwebserver.MockWebServer      : MockWebServer[40819] received request: POST /api/v1/namespaces/test/configmaps HTTP/1.1 and responded: HTTP/1.1 200 OK
2024-04-21 18:31:48.534  WARN 25884 --- [           main] ubernetesProfileEnvironmentPostProcessor : Not running inside kubernetes. Skipping 'kubernetes' profile activation.

  .   ____          _            __ _ _
 /\\ / ___'_ __ _ _(_)_ __  __ _ \ \ \ \
( ( )\___ | '_ | '_| | '_ \/ _` | \ \ \ \
 \\/  ___)| |_)| | | | | || (_| |  ) ) ) )
  '  |____| .__|_| |_|_| |_\__, | / / / /
 =========|_|==============|___/=/_/_/_/
 :: Spring Boot ::                (v2.6.3)

2024-04-21 18:31:48.643  INFO 25884 --- [           main] s.c.k.f.c.Fabric8ConfigMapPropertySource : Loading ConfigMap with name 'configmap-example' in namespace 'test'
2024-04-21 18:31:48.646  INFO 25884 --- [127.0.0.1:32834] okhttp3.mockwebserver.MockWebServer      : MockWebServer[40819] received request: GET /api/v1/namespaces/test/configmaps/configmap-example HTTP/1.1 and responded: HTTP/1.1 200 OK
2024-04-21 18:31:48.650  INFO 25884 --- [           main] b.c.PropertySourceBootstrapConfiguration : Located property source: [BootstrapPropertySource {name='bootstrapProperties-configmap.configmap-example.test'}]
2024-04-21 18:31:48.655  WARN 25884 --- [           main] ubernetesProfileEnvironmentPostProcessor : Not running inside kubernetes. Skipping 'kubernetes' profile activation.
2024-04-21 18:31:48.656  INFO 25884 --- [           main] o.s.c.k.fabric8.config.ConfigMapsTests   : No active profile set, falling back to default profiles: default
2024-04-21 18:31:48.885  INFO 25884 --- [           main] o.s.cloud.context.scope.GenericScope     : BeanFactory id=affffd22-e438-321b-a0d0-967c2140a2e8
2024-04-21 18:31:48.998  INFO 25884 --- [           main] o.s.b.w.embedded.tomcat.TomcatWebServer  : Tomcat initialized with port(s): 0 (http)
2024-04-21 18:31:48.999  INFO 25884 --- [           main] o.apache.catalina.core.StandardService   : Starting service [Tomcat]
2024-04-21 18:31:48.999  INFO 25884 --- [           main] org.apache.catalina.core.StandardEngine  : Starting Servlet engine: [Apache Tomcat/9.0.56]
2024-04-21 18:31:49.010  INFO 25884 --- [           main] o.a.c.c.C.[Tomcat-4].[localhost].[/]     : Initializing Spring embedded WebApplicationContext
2024-04-21 18:31:49.010  INFO 25884 --- [           main] w.s.c.ServletWebServerApplicationContext : Root WebApplicationContext: initialization completed in 352 ms
2024-04-21 18:31:49.687  INFO 25884 --- [           main] o.s.b.a.e.web.EndpointLinksResolver      : Exposing 1 endpoint(s) beneath base path '/actuator'
2024-04-21 18:31:49.727  INFO 25884 --- [           main] o.s.b.w.embedded.tomcat.TomcatWebServer  : Tomcat started on port(s): 33709 (http) with context path ''
2024-04-21 18:31:49.735  INFO 25884 --- [           main] o.s.c.k.fabric8.config.ConfigMapsTests   : Started ConfigMapsTests in 1.261 seconds (JVM running for 16.689)
2024-04-21 18:31:49.763  INFO 25884 --- [WebServer 54691] okhttp3.mockwebserver.MockWebServer      : MockWebServer[54691] starting to accept connections
2024-04-21 18:31:49.765  INFO 25884 --- [127.0.0.1:32830] okhttp3.mockwebserver.MockWebServer      : MockWebServer[40819] received request: GET /api/v1/namespaces/test/configmaps/configmap-example HTTP/1.1 and responded: HTTP/1.1 200 OK
2024-04-21 18:31:49.772  INFO 25884 --- [WebServer 54691] okhttp3.mockwebserver.MockWebServer      : MockWebServer[54691] done accepting connections: Socket closed
2024-04-21 18:31:49.777  INFO 25884 --- [           main] .b.t.c.SpringBootTestContextBootstrapper : Neither @ContextConfiguration nor @ContextHierarchy found for test class [org.springframework.cloud.kubernetes.fabric8.config.ConfigMapsMixedTests], using SpringBootContextLoader
2024-04-21 18:31:49.778  INFO 25884 --- [           main] o.s.t.c.support.AbstractContextLoader    : Could not detect default resource locations for test class [org.springframework.cloud.kubernetes.fabric8.config.ConfigMapsMixedTests]: no resource found for suffixes {-context.xml, Context.groovy}.
2024-04-21 18:31:49.780  INFO 25884 --- [           main] .b.t.c.SpringBootTestContextBootstrapper : Loaded default TestExecutionListener class names from location [META-INF/spring.factories]: [org.springframework.boot.test.mock.mockito.MockitoTestExecutionListener, org.springframework.boot.test.mock.mockito.ResetMocksTestExecutionListener, org.springframework.boot.test.autoconfigure.restdocs.RestDocsTestExecutionListener, org.springframework.boot.test.autoconfigure.web.client.MockRestServiceServerResetTestExecutionListener, org.springframework.boot.test.autoconfigure.web.servlet.MockMvcPrintOnlyOnFailureTestExecutionListener, org.springframework.boot.test.autoconfigure.web.servlet.WebDriverTestExecutionListener, org.springframework.boot.test.autoconfigure.webservices.client.MockWebServiceServerTestExecutionListener, org.springframework.test.context.web.ServletTestExecutionListener, org.springframework.test.context.support.DirtiesContextBeforeModesTestExecutionListener, org.springframework.test.context.event.ApplicationEventsTestExecutionListener, org.springframework.test.context.support.DependencyInjectionTestExecutionListener, org.springframework.test.context.support.DirtiesContextTestExecutionListener, org.springframework.test.context.transaction.TransactionalTestExecutionListener, org.springframework.test.context.jdbc.SqlScriptsTestExecutionListener, org.springframework.test.context.event.EventPublishingTestExecutionListener, org.spockframework.spring.SpringMockTestExecutionListener]
2024-04-21 18:31:49.781  INFO 25884 --- [           main] .b.t.c.SpringBootTestContextBootstrapper : Using TestExecutionListeners: [org.springframework.test.context.web.ServletTestExecutionListener@4b0df349, org.springframework.test.context.support.DirtiesContextBeforeModesTestExecutionListener@21f7c0be, org.springframework.test.context.event.ApplicationEventsTestExecutionListener@48463900, org.springframework.boot.test.mock.mockito.MockitoTestExecutionListener@5834298c, org.springframework.boot.test.autoconfigure.SpringBootDependencyInjectionTestExecutionListener@7c070e78, org.springframework.test.context.support.DirtiesContextTestExecutionListener@63ead376, org.springframework.test.context.event.EventPublishingTestExecutionListener@1a1d7832, org.springframework.boot.test.mock.mockito.ResetMocksTestExecutionListener@639c5ab4, org.springframework.boot.test.autoconfigure.restdocs.RestDocsTestExecutionListener@272cec71, org.springframework.boot.test.autoconfigure.web.client.MockRestServiceServerResetTestExecutionListener@12e8ea81, org.springframework.boot.test.autoconfigure.web.servlet.MockMvcPrintOnlyOnFailureTestExecutionListener@6345dc06, org.springframework.boot.test.autoconfigure.web.servlet.WebDriverTestExecutionListener@628d6320, org.springframework.boot.test.autoconfigure.webservices.client.MockWebServiceServerTestExecutionListener@22025464, org.spockframework.spring.SpringMockTestExecutionListener@77eb0e47]
2024-04-21 18:31:49.782  INFO 25884 --- [WebServer 34139] okhttp3.mockwebserver.MockWebServer      : MockWebServer[34139] starting to accept connections
2024-04-21 18:31:49.787  INFO 25884 --- [127.0.0.1:48924] okhttp3.mockwebserver.MockWebServer      : MockWebServer[34139] received request: POST /api/v1/namespaces/test/configmaps HTTP/1.1 and responded: HTTP/1.1 200 OK
2024-04-21 18:31:49.842  WARN 25884 --- [           main] ubernetesProfileEnvironmentPostProcessor : Not running inside kubernetes. Skipping 'kubernetes' profile activation.

  .   ____          _            __ _ _
 /\\ / ___'_ __ _ _(_)_ __  __ _ \ \ \ \
( ( )\___ | '_ | '_| | '_ \/ _` | \ \ \ \
 \\/  ___)| |_)| | | | | || (_| |  ) ) ) )
  '  |____| .__|_| |_|_| |_\__, | / / / /
 =========|_|==============|___/=/_/_/_/
 :: Spring Boot ::                (v2.6.3)

2024-04-21 18:31:49.927  INFO 25884 --- [           main] s.c.k.f.c.Fabric8ConfigMapPropertySource : Loading ConfigMap with name 'configmap-mixed-example' in namespace 'test'
2024-04-21 18:31:49.929  INFO 25884 --- [127.0.0.1:48932] okhttp3.mockwebserver.MockWebServer      : MockWebServer[34139] received request: GET /api/v1/namespaces/test/configmaps/configmap-mixed-example HTTP/1.1 and responded: HTTP/1.1 200 OK
2024-04-21 18:31:49.934  INFO 25884 --- [           main] b.c.PropertySourceBootstrapConfiguration : Located property source: [BootstrapPropertySource {name='bootstrapProperties-/tmp/scktests/application-path.yaml'}, BootstrapPropertySource {name='bootstrapProperties-configmap.configmap-mixed-example.test'}]
2024-04-21 18:31:49.937  WARN 25884 --- [           main] ubernetesProfileEnvironmentPostProcessor : Not running inside kubernetes. Skipping 'kubernetes' profile activation.
2024-04-21 18:31:49.938  INFO 25884 --- [           main] o.s.c.k.f.config.ConfigMapsMixedTests    : No active profile set, falling back to default profiles: default
2024-04-21 18:31:50.183  INFO 25884 --- [           main] o.s.cloud.context.scope.GenericScope     : BeanFactory id=e369cf40-d234-36e2-a4dc-38329760186f
2024-04-21 18:31:50.303  INFO 25884 --- [           main] o.s.b.w.embedded.tomcat.TomcatWebServer  : Tomcat initialized with port(s): 0 (http)
2024-04-21 18:31:50.304  INFO 25884 --- [           main] o.apache.catalina.core.StandardService   : Starting service [Tomcat]
2024-04-21 18:31:50.305  INFO 25884 --- [           main] org.apache.catalina.core.StandardEngine  : Starting Servlet engine: [Apache Tomcat/9.0.56]
2024-04-21 18:31:50.316  INFO 25884 --- [           main] o.a.c.c.C.[Tomcat-5].[localhost].[/]     : Initializing Spring embedded WebApplicationContext
2024-04-21 18:31:50.316  INFO 25884 --- [           main] w.s.c.ServletWebServerApplicationContext : Root WebApplicationContext: initialization completed in 377 ms
2024-04-21 18:31:50.865  INFO 25884 --- [           main] o.s.b.a.e.web.EndpointLinksResolver      : Exposing 1 endpoint(s) beneath base path '/actuator'
2024-04-21 18:31:50.931  INFO 25884 --- [           main] o.s.b.w.embedded.tomcat.TomcatWebServer  : Tomcat started on port(s): 34475 (http) with context path ''
2024-04-21 18:31:50.939  INFO 25884 --- [           main] o.s.c.k.f.config.ConfigMapsMixedTests    : Started ConfigMapsMixedTests in 1.149 seconds (JVM running for 17.892)
2024-04-21 18:31:50.951  INFO 25884 --- [WebServer 57705] okhttp3.mockwebserver.MockWebServer      : MockWebServer[57705] starting to accept connections
2024-04-21 18:31:50.959  INFO 25884 --- [o-auto-6-exec-1] o.a.c.c.C.[Tomcat-5].[localhost].[/]     : Initializing Spring DispatcherServlet 'dispatcherServlet'
2024-04-21 18:31:50.959  INFO 25884 --- [o-auto-6-exec-1] o.s.web.servlet.DispatcherServlet        : Initializing Servlet 'dispatcherServlet'
2024-04-21 18:31:50.960  INFO 25884 --- [o-auto-6-exec-1] o.s.web.servlet.DispatcherServlet        : Completed initialization in 1 ms
2024-04-21 18:31:50.971  INFO 25884 --- [WebServer 57705] okhttp3.mockwebserver.MockWebServer      : MockWebServer[57705] done accepting connections: Socket closed
2024-04-21 18:31:50.980  INFO 25884 --- [WebServer 51401] okhttp3.mockwebserver.MockWebServer      : MockWebServer[51401] starting to accept connections
2024-04-21 18:31:51.186  INFO 25884 --- [WebServer 54841] okhttp3.mockwebserver.MockWebServer      : MockWebServer[54841] starting to accept connections
2024-04-21 18:31:51.188  INFO 25884 --- [           main] o.s.c.k.f.c.Fabric8SecretsPropertySource : Loading Secret with name 'my-config' or with labels [{}] in namespace 'default'
2024-04-21 18:31:51.291  INFO 25884 --- [127.0.0.1:44118] okhttp3.mockwebserver.MockWebServer      : MockWebServer[51401] received request: GET /api/v1/namespaces/default/secrets/my-config HTTP/1.1 and responded: HTTP/1.1 500 Server Error
2024-04-21 18:31:51.333  WARN 25884 --- [           main] o.s.c.k.f.c.Fabric8SecretsPropertySource : Can't read secret with name: [my-config] or labels [{}] in namespace: [default] (cause: Failure executing: GET at: https://localhost:51401/api/v1/namespaces/default/secrets/my-config. Message: Internal Server Error.). Ignoring
2024-04-21 18:31:51.335  INFO 25884 --- [WebServer 54841] okhttp3.mockwebserver.MockWebServer      : MockWebServer[54841] done accepting connections: Socket closed
2024-04-21 18:31:51.339  INFO 25884 --- [WebServer 46675] okhttp3.mockwebserver.MockWebServer      : MockWebServer[46675] starting to accept connections
2024-04-21 18:31:51.341  INFO 25884 --- [WebServer 38191] okhttp3.mockwebserver.MockWebServer      : MockWebServer[38191] starting to accept connections
2024-04-21 18:31:51.344  INFO 25884 --- [127.0.0.1:40696] okhttp3.mockwebserver.MockWebServer      : MockWebServer[46675] received request: POST /api/v1/namespaces/test/configmaps HTTP/1.1 and responded: HTTP/1.1 200 OK
2024-04-21 18:31:51.345  INFO 25884 --- [           main] s.c.k.f.c.Fabric8ConfigMapPropertySource : Loading ConfigMap with name 'single-unparseable-properties-test' in namespace 'test'
2024-04-21 18:31:51.345  INFO 25884 --- [127.0.0.1:40696] okhttp3.mockwebserver.MockWebServer      : MockWebServer[46675] received request: GET /api/v1/namespaces/test/configmaps/single-unparseable-properties-test HTTP/1.1 and responded: HTTP/1.1 200 OK
2024-04-21 18:31:51.388  INFO 25884 --- [WebServer 38191] okhttp3.mockwebserver.MockWebServer      : MockWebServer[38191] done accepting connections: Socket closed
2024-04-21 18:31:51.397  INFO 25884 --- [           main] .b.t.c.SpringBootTestContextBootstrapper : Neither @ContextConfiguration nor @ContextHierarchy found for test class [org.springframework.cloud.kubernetes.fabric8.config.ConfigMapsFromFilePathsTests], using SpringBootContextLoader
2024-04-21 18:31:51.399  INFO 25884 --- [           main] o.s.t.c.support.AbstractContextLoader    : Could not detect default resource locations for test class [org.springframework.cloud.kubernetes.fabric8.config.ConfigMapsFromFilePathsTests]: no resource found for suffixes {-context.xml, Context.groovy}.
2024-04-21 18:31:51.402  INFO 25884 --- [           main] .b.t.c.SpringBootTestContextBootstrapper : Loaded default TestExecutionListener class names from location [META-INF/spring.factories]: [org.springframework.boot.test.mock.mockito.MockitoTestExecutionListener, org.springframework.boot.test.mock.mockito.ResetMocksTestExecutionListener, org.springframework.boot.test.autoconfigure.restdocs.RestDocsTestExecutionListener, org.springframework.boot.test.autoconfigure.web.client.MockRestServiceServerResetTestExecutionListener, org.springframework.boot.test.autoconfigure.web.servlet.MockMvcPrintOnlyOnFailureTestExecutionListener, org.springframework.boot.test.autoconfigure.web.servlet.WebDriverTestExecutionListener, org.springframework.boot.test.autoconfigure.webservices.client.MockWebServiceServerTestExecutionListener, org.springframework.test.context.web.ServletTestExecutionListener, org.springframework.test.context.support.DirtiesContextBeforeModesTestExecutionListener, org.springframework.test.context.event.ApplicationEventsTestExecutionListener, org.springframework.test.context.support.DependencyInjectionTestExecutionListener, org.springframework.test.context.support.DirtiesContextTestExecutionListener, org.springframework.test.context.transaction.TransactionalTestExecutionListener, org.springframework.test.context.jdbc.SqlScriptsTestExecutionListener, org.springframework.test.context.event.EventPublishingTestExecutionListener, org.spockframework.spring.SpringMockTestExecutionListener]
2024-04-21 18:31:51.405  INFO 25884 --- [           main] .b.t.c.SpringBootTestContextBootstrapper : Using TestExecutionListeners: [org.springframework.test.context.web.ServletTestExecutionListener@4620e669, org.springframework.test.context.support.DirtiesContextBeforeModesTestExecutionListener@4b93a232, org.springframework.test.context.event.ApplicationEventsTestExecutionListener@6c6fdf5d, org.springframework.boot.test.mock.mockito.MockitoTestExecutionListener@187c8f96, org.springframework.boot.test.autoconfigure.SpringBootDependencyInjectionTestExecutionListener@592e315e, org.springframework.test.context.support.DirtiesContextTestExecutionListener@f7a8a7b, org.springframework.test.context.event.EventPublishingTestExecutionListener@1dfd39fe, org.springframework.boot.test.mock.mockito.ResetMocksTestExecutionListener@610115e8, org.springframework.boot.test.autoconfigure.restdocs.RestDocsTestExecutionListener@498d7c57, org.springframework.boot.test.autoconfigure.web.client.MockRestServiceServerResetTestExecutionListener@12ff0e4f, org.springframework.boot.test.autoconfigure.web.servlet.MockMvcPrintOnlyOnFailureTestExecutionListener@66b9f727, org.springframework.boot.test.autoconfigure.web.servlet.WebDriverTestExecutionListener@f7e004d, org.springframework.boot.test.autoconfigure.webservices.client.MockWebServiceServerTestExecutionListener@2d33aa31, org.spockframework.spring.SpringMockTestExecutionListener@475454ae]
2024-04-21 18:31:51.409  INFO 25884 --- [WebServer 52071] okhttp3.mockwebserver.MockWebServer      : MockWebServer[52071] starting to accept connections
2024-04-21 18:31:51.472  WARN 25884 --- [           main] ubernetesProfileEnvironmentPostProcessor : Not running inside kubernetes. Skipping 'kubernetes' profile activation.

  .   ____          _            __ _ _
 /\\ / ___'_ __ _ _(_)_ __  __ _ \ \ \ \
( ( )\___ | '_ | '_| | '_ \/ _` | \ \ \ \
 \\/  ___)| |_)| | | | | || (_| |  ) ) ) )
  '  |____| .__|_| |_|_| |_\__, | / / / /
 =========|_|==============|___/=/_/_/_/
 :: Spring Boot ::                (v2.6.3)

2024-04-21 18:31:51.544  INFO 25884 --- [           main] b.c.PropertySourceBootstrapConfiguration : Located property source: [BootstrapPropertySource {name='bootstrapProperties-/tmp/scktests/another-directory/application.properties'}, BootstrapPropertySource {name='bootstrapProperties-/tmp/scktests/extra.properties'}, BootstrapPropertySource {name='bootstrapProperties-/tmp/scktests/application.properties'}]
2024-04-21 18:31:51.547  WARN 25884 --- [           main] ubernetesProfileEnvironmentPostProcessor : Not running inside kubernetes. Skipping 'kubernetes' profile activation.
2024-04-21 18:31:51.547  INFO 25884 --- [           main] o.s.c.k.f.c.ConfigMapsFromFilePathsTests : No active profile set, falling back to default profiles: default
2024-04-21 18:31:51.730  INFO 25884 --- [           main] o.s.cloud.context.scope.GenericScope     : BeanFactory id=e369cf40-d234-36e2-a4dc-38329760186f
2024-04-21 18:31:51.815  INFO 25884 --- [           main] o.s.b.w.embedded.tomcat.TomcatWebServer  : Tomcat initialized with port(s): 0 (http)
2024-04-21 18:31:51.816  INFO 25884 --- [           main] o.apache.catalina.core.StandardService   : Starting service [Tomcat]
2024-04-21 18:31:51.816  INFO 25884 --- [           main] org.apache.catalina.core.StandardEngine  : Starting Servlet engine: [Apache Tomcat/9.0.56]
2024-04-21 18:31:51.826  INFO 25884 --- [           main] o.a.c.c.C.[Tomcat-6].[localhost].[/]     : Initializing Spring embedded WebApplicationContext
2024-04-21 18:31:51.827  INFO 25884 --- [           main] w.s.c.ServletWebServerApplicationContext : Root WebApplicationContext: initialization completed in 279 ms
2024-04-21 18:31:52.373  INFO 25884 --- [           main] o.s.b.a.e.web.EndpointLinksResolver      : Exposing 1 endpoint(s) beneath base path '/actuator'
2024-04-21 18:31:52.411  INFO 25884 --- [           main] o.s.b.w.embedded.tomcat.TomcatWebServer  : Tomcat started on port(s): 46023 (http) with context path ''
2024-04-21 18:31:52.417  INFO 25884 --- [           main] o.s.c.k.f.c.ConfigMapsFromFilePathsTests : Started ConfigMapsFromFilePathsTests in 1.003 seconds (JVM running for 19.37)
2024-04-21 18:31:52.426  INFO 25884 --- [WebServer 50459] okhttp3.mockwebserver.MockWebServer      : MockWebServer[50459] starting to accept connections
2024-04-21 18:31:52.434  INFO 25884 --- [o-auto-7-exec-1] o.a.c.c.C.[Tomcat-6].[localhost].[/]     : Initializing Spring DispatcherServlet 'dispatcherServlet'
2024-04-21 18:31:52.434  INFO 25884 --- [o-auto-7-exec-1] o.s.web.servlet.DispatcherServlet        : Initializing Servlet 'dispatcherServlet'
2024-04-21 18:31:52.435  INFO 25884 --- [o-auto-7-exec-1] o.s.web.servlet.DispatcherServlet        : Completed initialization in 1 ms
2024-04-21 18:31:52.446  INFO 25884 --- [WebServer 50459] okhttp3.mockwebserver.MockWebServer      : MockWebServer[50459] done accepting connections: Socket closed
2024-04-21 18:31:52.451  INFO 25884 --- [WebServer 33637] okhttp3.mockwebserver.MockWebServer      : MockWebServer[33637] starting to accept connections
2024-04-21 18:31:52.454  INFO 25884 --- [WebServer 45861] okhttp3.mockwebserver.MockWebServer      : MockWebServer[45861] starting to accept connections
2024-04-21 18:31:52.457  INFO 25884 --- [127.0.0.1:42032] okhttp3.mockwebserver.MockWebServer      : MockWebServer[33637] received request: POST /api/v1/namespaces/test/configmaps HTTP/1.1 and responded: HTTP/1.1 200 OK
2024-04-21 18:31:52.458  INFO 25884 --- [           main] s.c.k.f.c.Fabric8ConfigMapPropertySource : Loading ConfigMap with name 'single-unparseable-yaml-test' in namespace 'test'
2024-04-21 18:31:52.459  INFO 25884 --- [127.0.0.1:42032] okhttp3.mockwebserver.MockWebServer      : MockWebServer[33637] received request: GET /api/v1/namespaces/test/configmaps/single-unparseable-yaml-test HTTP/1.1 and responded: HTTP/1.1 200 OK
2024-04-21 18:31:52.501  INFO 25884 --- [WebServer 45861] okhttp3.mockwebserver.MockWebServer      : MockWebServer[45861] done accepting connections: Socket closed
2024-04-21 18:31:52.507  INFO 25884 --- [WebServer 59493] okhttp3.mockwebserver.MockWebServer      : MockWebServer[59493] starting to accept connections
2024-04-21 18:31:52.511  INFO 25884 --- [WebServer 55065] okhttp3.mockwebserver.MockWebServer      : MockWebServer[55065] starting to accept connections
2024-04-21 18:31:52.517  INFO 25884 --- [           main] s.c.k.f.c.Fabric8ConfigMapPropertySource : Loading ConfigMap with name 'configmap' in namespace 'some'
2024-04-21 18:31:52.519  WARN 25884 --- [           main] s.c.k.f.c.Fabric8ConfigMapPropertySource : Can't read configMap with name: [configmap] in namespace: [some]. Ignoring.

java.lang.NullPointerException: null
	at org.springframework.cloud.kubernetes.fabric8.config.Fabric8ConfigUtils.getConfigMapData(Fabric8ConfigUtils.java:118)
	at org.springframework.cloud.kubernetes.fabric8.config.Fabric8ConfigMapPropertySource.getData(Fabric8ConfigMapPropertySource.java:79)
	at org.springframework.cloud.kubernetes.fabric8.config.Fabric8ConfigMapPropertySource.<init>(Fabric8ConfigMapPropertySource.java:70)
	at org.springframework.cloud.kubernetes.fabric8.config.Fabric8ConfigMapPropertySource.<init>(Fabric8ConfigMapPropertySource.java:53)
	at org.springframework.cloud.kubernetes.fabric8.config.Fabric8ConfigMapPropertySourceTests.deprecatedConstructorWithClientNamespaceMustNotFail(Fabric8ConfigMapPropertySourceTests.java:80)
	at sun.reflect.NativeMethodAccessorImpl.invoke0(Native Method)
	at sun.reflect.NativeMethodAccessorImpl.invoke(NativeMethodAccessorImpl.java:62)
	at sun.reflect.DelegatingMethodAccessorImpl.invoke(DelegatingMethodAccessorImpl.java:43)
	at java.lang.reflect.Method.invoke(Method.java:498)
	at org.junit.platform.commons.util.ReflectionUtils.invokeMethod(ReflectionUtils.java:725)
	at org.junit.jupiter.engine.execution.MethodInvocation.proceed(MethodInvocation.java:60)
	at org.junit.jupiter.engine.execution.InvocationInterceptorChain$ValidatingInvocation.proceed(InvocationInterceptorChain.java:131)
	at org.junit.jupiter.engine.extension.TimeoutExtension.intercept(TimeoutExtension.java:149)
	at org.junit.jupiter.engine.extension.TimeoutExtension.interceptTestableMethod(TimeoutExtension.java:140)
	at org.junit.jupiter.engine.extension.TimeoutExtension.interceptTestMethod(TimeoutExtension.java:84)
	at org.junit.jupiter.engine.execution.ExecutableInvoker$ReflectiveInterceptorCall.lambda$ofVoidMethod$0(ExecutableInvoker.java:115)
	at org.junit.jupiter.engine.execution.ExecutableInvoker.lambda$invoke$0(ExecutableInvoker.java:105)
	at org.junit.jupiter.engine.execution.InvocationInterceptorChain$InterceptedInvocation.proceed(InvocationInterceptorChain.java:106)
	at org.junit.jupiter.engine.execution.InvocationInterceptorChain.proceed(InvocationInterceptorChain.java:64)
	at org.junit.jupiter.engine.execution.InvocationInterceptorChain.chainAndInvoke(InvocationInterceptorChain.java:45)
	at org.junit.jupiter.engine.execution.InvocationInterceptorChain.invoke(InvocationInterceptorChain.java:37)
	at org.junit.jupiter.engine.execution.ExecutableInvoker.invoke(ExecutableInvoker.java:104)
	at org.junit.jupiter.engine.execution.ExecutableInvoker.invoke(ExecutableInvoker.java:98)
	at org.junit.jupiter.engine.descriptor.TestMethodTestDescriptor.lambda$invokeTestMethod$7(TestMethodTestDescriptor.java:214)
	at org.junit.platform.engine.support.hierarchical.ThrowableCollector.execute(ThrowableCollector.java:73)
	at org.junit.jupiter.engine.descriptor.TestMethodTestDescriptor.invokeTestMethod(TestMethodTestDescriptor.java:210)
	at org.junit.jupiter.engine.descriptor.TestMethodTestDescriptor.execute(TestMethodTestDescriptor.java:135)
	at org.junit.jupiter.engine.descriptor.TestMethodTestDescriptor.execute(TestMethodTestDescriptor.java:66)
	at org.junit.platform.engine.support.hierarchical.NodeTestTask.lambda$executeRecursively$6(NodeTestTask.java:151)
	at org.junit.platform.engine.support.hierarchical.ThrowableCollector.execute(ThrowableCollector.java:73)
	at org.junit.platform.engine.support.hierarchical.NodeTestTask.lambda$executeRecursively$8(NodeTestTask.java:141)
	at org.junit.platform.engine.support.hierarchical.Node.around(Node.java:137)
	at org.junit.platform.engine.support.hierarchical.NodeTestTask.lambda$executeRecursively$9(NodeTestTask.java:139)
	at org.junit.platform.engine.support.hierarchical.ThrowableCollector.execute(ThrowableCollector.java:73)
	at org.junit.platform.engine.support.hierarchical.NodeTestTask.executeRecursively(NodeTestTask.java:138)
	at org.junit.platform.engine.support.hierarchical.NodeTestTask.execute(NodeTestTask.java:95)
	at java.util.ArrayList.forEach(ArrayList.java:1259)
	at org.junit.platform.engine.support.hierarchical.SameThreadHierarchicalTestExecutorService.invokeAll(SameThreadHierarchicalTestExecutorService.java:41)
	at org.junit.platform.engine.support.hierarchical.NodeTestTask.lambda$executeRecursively$6(NodeTestTask.java:155)
	at org.junit.platform.engine.support.hierarchical.ThrowableCollector.execute(ThrowableCollector.java:73)
	at org.junit.platform.engine.support.hierarchical.NodeTestTask.lambda$executeRecursively$8(NodeTestTask.java:141)
	at org.junit.platform.engine.support.hierarchical.Node.around(Node.java:137)
	at org.junit.platform.engine.support.hierarchical.NodeTestTask.lambda$executeRecursively$9(NodeTestTask.java:139)
	at org.junit.platform.engine.support.hierarchical.ThrowableCollector.execute(ThrowableCollector.java:73)
	at org.junit.platform.engine.support.hierarchical.NodeTestTask.executeRecursively(NodeTestTask.java:138)
	at org.junit.platform.engine.support.hierarchical.NodeTestTask.execute(NodeTestTask.java:95)
	at java.util.ArrayList.forEach(ArrayList.java:1259)
	at org.junit.platform.engine.support.hierarchical.SameThreadHierarchicalTestExecutorService.invokeAll(SameThreadHierarchicalTestExecutorService.java:41)
	at org.junit.platform.engine.support.hierarchical.NodeTestTask.lambda$executeRecursively$6(NodeTestTask.java:155)
	at org.junit.platform.engine.support.hierarchical.ThrowableCollector.execute(ThrowableCollector.java:73)
	at org.junit.platform.engine.support.hierarchical.NodeTestTask.lambda$executeRecursively$8(NodeTestTask.java:141)
	at org.junit.platform.engine.support.hierarchical.Node.around(Node.java:137)
	at org.junit.platform.engine.support.hierarchical.NodeTestTask.lambda$executeRecursively$9(NodeTestTask.java:139)
	at org.junit.platform.engine.support.hierarchical.ThrowableCollector.execute(ThrowableCollector.java:73)
	at org.junit.platform.engine.support.hierarchical.NodeTestTask.executeRecursively(NodeTestTask.java:138)
	at org.junit.platform.engine.support.hierarchical.NodeTestTask.execute(NodeTestTask.java:95)
	at org.junit.platform.engine.support.hierarchical.SameThreadHierarchicalTestExecutorService.submit(SameThreadHierarchicalTestExecutorService.java:35)
	at org.junit.platform.engine.support.hierarchical.HierarchicalTestExecutor.execute(HierarchicalTestExecutor.java:57)
	at org.junit.platform.engine.support.hierarchical.HierarchicalTestEngine.execute(HierarchicalTestEngine.java:54)
	at org.junit.platform.launcher.core.DefaultLauncher.execute(DefaultLauncher.java:170)
	at org.junit.platform.launcher.core.DefaultLauncher.execute(DefaultLauncher.java:154)
	at org.junit.platform.launcher.core.DefaultLauncher.execute(DefaultLauncher.java:90)
	at edu.illinois.cs.testrunner.execution.JUnit5TestExecutor.runTestsSeparately(JUnit5TestExecutor.java:40)
	at edu.illinois.cs.testrunner.execution.Executor$.$anonfun$run$1(Executor.scala:33)
	at scala.runtime.java8.JFunction0$mcV$sp.apply(JFunction0$mcV$sp.java:12)
	at scala.util.Try$.apply(Try.scala:209)
	at edu.illinois.cs.testrunner.execution.Executor$.run(Executor.scala:28)
	at edu.illinois.cs.testrunner.execution.Executor$.main(Executor.scala:18)
	at edu.illinois.cs.testrunner.execution.Executor.main(Executor.scala)

2024-04-21 18:31:52.520  INFO 25884 --- [WebServer 55065] okhttp3.mockwebserver.MockWebServer      : MockWebServer[55065] done accepting connections: Socket closed
2024-04-21 18:31:52.524  INFO 25884 --- [WebServer 51053] okhttp3.mockwebserver.MockWebServer      : MockWebServer[51053] starting to accept connections
2024-04-21 18:31:52.528  INFO 25884 --- [WebServer 40277] okhttp3.mockwebserver.MockWebServer      : MockWebServer[40277] starting to accept connections
2024-04-21 18:31:52.528  INFO 25884 --- [           main] s.c.k.f.c.Fabric8ConfigMapPropertySource : Loading ConfigMap with name 'configmap' in namespace 'namespace'
2024-04-21 18:31:52.529  WARN 25884 --- [           main] s.c.k.f.c.Fabric8ConfigMapPropertySource : Can't read configMap with name: [configmap] in namespace: [namespace]. Ignoring.

java.lang.NullPointerException: null
	at org.springframework.cloud.kubernetes.fabric8.config.Fabric8ConfigUtils.getConfigMapData(Fabric8ConfigUtils.java:118)
	at org.springframework.cloud.kubernetes.fabric8.config.Fabric8ConfigMapPropertySource.getData(Fabric8ConfigMapPropertySource.java:79)
	at org.springframework.cloud.kubernetes.fabric8.config.Fabric8ConfigMapPropertySource.<init>(Fabric8ConfigMapPropertySource.java:63)
	at org.springframework.cloud.kubernetes.fabric8.config.Fabric8ConfigMapPropertySourceTests.constructorWithNamespaceMustNotFail(Fabric8ConfigMapPropertySourceTests.java:125)
	at sun.reflect.NativeMethodAccessorImpl.invoke0(Native Method)
	at sun.reflect.NativeMethodAccessorImpl.invoke(NativeMethodAccessorImpl.java:62)
	at sun.reflect.DelegatingMethodAccessorImpl.invoke(DelegatingMethodAccessorImpl.java:43)
	at java.lang.reflect.Method.invoke(Method.java:498)
	at org.junit.platform.commons.util.ReflectionUtils.invokeMethod(ReflectionUtils.java:725)
	at org.junit.jupiter.engine.execution.MethodInvocation.proceed(MethodInvocation.java:60)
	at org.junit.jupiter.engine.execution.InvocationInterceptorChain$ValidatingInvocation.proceed(InvocationInterceptorChain.java:131)
	at org.junit.jupiter.engine.extension.TimeoutExtension.intercept(TimeoutExtension.java:149)
	at org.junit.jupiter.engine.extension.TimeoutExtension.interceptTestableMethod(TimeoutExtension.java:140)
	at org.junit.jupiter.engine.extension.TimeoutExtension.interceptTestMethod(TimeoutExtension.java:84)
	at org.junit.jupiter.engine.execution.ExecutableInvoker$ReflectiveInterceptorCall.lambda$ofVoidMethod$0(ExecutableInvoker.java:115)
	at org.junit.jupiter.engine.execution.ExecutableInvoker.lambda$invoke$0(ExecutableInvoker.java:105)
	at org.junit.jupiter.engine.execution.InvocationInterceptorChain$InterceptedInvocation.proceed(InvocationInterceptorChain.java:106)
	at org.junit.jupiter.engine.execution.InvocationInterceptorChain.proceed(InvocationInterceptorChain.java:64)
	at org.junit.jupiter.engine.execution.InvocationInterceptorChain.chainAndInvoke(InvocationInterceptorChain.java:45)
	at org.junit.jupiter.engine.execution.InvocationInterceptorChain.invoke(InvocationInterceptorChain.java:37)
	at org.junit.jupiter.engine.execution.ExecutableInvoker.invoke(ExecutableInvoker.java:104)
	at org.junit.jupiter.engine.execution.ExecutableInvoker.invoke(ExecutableInvoker.java:98)
	at org.junit.jupiter.engine.descriptor.TestMethodTestDescriptor.lambda$invokeTestMethod$7(TestMethodTestDescriptor.java:214)
	at org.junit.platform.engine.support.hierarchical.ThrowableCollector.execute(ThrowableCollector.java:73)
	at org.junit.jupiter.engine.descriptor.TestMethodTestDescriptor.invokeTestMethod(TestMethodTestDescriptor.java:210)
	at org.junit.jupiter.engine.descriptor.TestMethodTestDescriptor.execute(TestMethodTestDescriptor.java:135)
	at org.junit.jupiter.engine.descriptor.TestMethodTestDescriptor.execute(TestMethodTestDescriptor.java:66)
	at org.junit.platform.engine.support.hierarchical.NodeTestTask.lambda$executeRecursively$6(NodeTestTask.java:151)
	at org.junit.platform.engine.support.hierarchical.ThrowableCollector.execute(ThrowableCollector.java:73)
	at org.junit.platform.engine.support.hierarchical.NodeTestTask.lambda$executeRecursively$8(NodeTestTask.java:141)
	at org.junit.platform.engine.support.hierarchical.Node.around(Node.java:137)
	at org.junit.platform.engine.support.hierarchical.NodeTestTask.lambda$executeRecursively$9(NodeTestTask.java:139)
	at org.junit.platform.engine.support.hierarchical.ThrowableCollector.execute(ThrowableCollector.java:73)
	at org.junit.platform.engine.support.hierarchical.NodeTestTask.executeRecursively(NodeTestTask.java:138)
	at org.junit.platform.engine.support.hierarchical.NodeTestTask.execute(NodeTestTask.java:95)
	at java.util.ArrayList.forEach(ArrayList.java:1259)
	at org.junit.platform.engine.support.hierarchical.SameThreadHierarchicalTestExecutorService.invokeAll(SameThreadHierarchicalTestExecutorService.java:41)
	at org.junit.platform.engine.support.hierarchical.NodeTestTask.lambda$executeRecursively$6(NodeTestTask.java:155)
	at org.junit.platform.engine.support.hierarchical.ThrowableCollector.execute(ThrowableCollector.java:73)
	at org.junit.platform.engine.support.hierarchical.NodeTestTask.lambda$executeRecursively$8(NodeTestTask.java:141)
	at org.junit.platform.engine.support.hierarchical.Node.around(Node.java:137)
	at org.junit.platform.engine.support.hierarchical.NodeTestTask.lambda$executeRecursively$9(NodeTestTask.java:139)
	at org.junit.platform.engine.support.hierarchical.ThrowableCollector.execute(ThrowableCollector.java:73)
	at org.junit.platform.engine.support.hierarchical.NodeTestTask.executeRecursively(NodeTestTask.java:138)
	at org.junit.platform.engine.support.hierarchical.NodeTestTask.execute(NodeTestTask.java:95)
	at java.util.ArrayList.forEach(ArrayList.java:1259)
	at org.junit.platform.engine.support.hierarchical.SameThreadHierarchicalTestExecutorService.invokeAll(SameThreadHierarchicalTestExecutorService.java:41)
	at org.junit.platform.engine.support.hierarchical.NodeTestTask.lambda$executeRecursively$6(NodeTestTask.java:155)
	at org.junit.platform.engine.support.hierarchical.ThrowableCollector.execute(ThrowableCollector.java:73)
	at org.junit.platform.engine.support.hierarchical.NodeTestTask.lambda$executeRecursively$8(NodeTestTask.java:141)
	at org.junit.platform.engine.support.hierarchical.Node.around(Node.java:137)
	at org.junit.platform.engine.support.hierarchical.NodeTestTask.lambda$executeRecursively$9(NodeTestTask.java:139)
	at org.junit.platform.engine.support.hierarchical.ThrowableCollector.execute(ThrowableCollector.java:73)
	at org.junit.platform.engine.support.hierarchical.NodeTestTask.executeRecursively(NodeTestTask.java:138)
	at org.junit.platform.engine.support.hierarchical.NodeTestTask.execute(NodeTestTask.java:95)
	at org.junit.platform.engine.support.hierarchical.SameThreadHierarchicalTestExecutorService.submit(SameThreadHierarchicalTestExecutorService.java:35)
	at org.junit.platform.engine.support.hierarchical.HierarchicalTestExecutor.execute(HierarchicalTestExecutor.java:57)
	at org.junit.platform.engine.support.hierarchical.HierarchicalTestEngine.execute(HierarchicalTestEngine.java:54)
	at org.junit.platform.launcher.core.DefaultLauncher.execute(DefaultLauncher.java:170)
	at org.junit.platform.launcher.core.DefaultLauncher.execute(DefaultLauncher.java:154)
	at org.junit.platform.launcher.core.DefaultLauncher.execute(DefaultLauncher.java:90)
	at edu.illinois.cs.testrunner.execution.JUnit5TestExecutor.runTestsSeparately(JUnit5TestExecutor.java:40)
	at edu.illinois.cs.testrunner.execution.Executor$.$anonfun$run$1(Executor.scala:33)
	at scala.runtime.java8.JFunction0$mcV$sp.apply(JFunction0$mcV$sp.java:12)
	at scala.util.Try$.apply(Try.scala:209)
	at edu.illinois.cs.testrunner.execution.Executor$.run(Executor.scala:28)
	at edu.illinois.cs.testrunner.execution.Executor$.main(Executor.scala:18)
	at edu.illinois.cs.testrunner.execution.Executor.main(Executor.scala)

2024-04-21 18:31:52.529  INFO 25884 --- [WebServer 40277] okhttp3.mockwebserver.MockWebServer      : MockWebServer[40277] done accepting connections: Socket closed
2024-04-21 18:31:52.534  INFO 25884 --- [WebServer 55655] okhttp3.mockwebserver.MockWebServer      : MockWebServer[55655] starting to accept connections
2024-04-21 18:31:52.538  INFO 25884 --- [WebServer 34627] okhttp3.mockwebserver.MockWebServer      : MockWebServer[34627] starting to accept connections
2024-04-21 18:31:52.539  INFO 25884 --- [           main] .b.t.c.SpringBootTestContextBootstrapper : Neither @ContextConfiguration nor @ContextHierarchy found for test class [org.springframework.cloud.kubernetes.fabric8.config.Fabric8SecretsPropertySourceLocatorRetryTests$SecretsRetryDisabledButConfigRetryEnabled], using SpringBootContextLoader
2024-04-21 18:31:52.540  INFO 25884 --- [           main] o.s.t.c.support.AbstractContextLoader    : Could not detect default resource locations for test class [org.springframework.cloud.kubernetes.fabric8.config.Fabric8SecretsPropertySourceLocatorRetryTests$SecretsRetryDisabledButConfigRetryEnabled]: no resource found for suffixes {-context.xml, Context.groovy}.
2024-04-21 18:31:52.542  INFO 25884 --- [           main] .b.t.c.SpringBootTestContextBootstrapper : Loaded default TestExecutionListener class names from location [META-INF/spring.factories]: [org.springframework.boot.test.mock.mockito.MockitoTestExecutionListener, org.springframework.boot.test.mock.mockito.ResetMocksTestExecutionListener, org.springframework.boot.test.autoconfigure.restdocs.RestDocsTestExecutionListener, org.springframework.boot.test.autoconfigure.web.client.MockRestServiceServerResetTestExecutionListener, org.springframework.boot.test.autoconfigure.web.servlet.MockMvcPrintOnlyOnFailureTestExecutionListener, org.springframework.boot.test.autoconfigure.web.servlet.WebDriverTestExecutionListener, org.springframework.boot.test.autoconfigure.webservices.client.MockWebServiceServerTestExecutionListener, org.springframework.test.context.web.ServletTestExecutionListener, org.springframework.test.context.support.DirtiesContextBeforeModesTestExecutionListener, org.springframework.test.context.event.ApplicationEventsTestExecutionListener, org.springframework.test.context.support.DependencyInjectionTestExecutionListener, org.springframework.test.context.support.DirtiesContextTestExecutionListener, org.springframework.test.context.transaction.TransactionalTestExecutionListener, org.springframework.test.context.jdbc.SqlScriptsTestExecutionListener, org.springframework.test.context.event.EventPublishingTestExecutionListener, org.spockframework.spring.SpringMockTestExecutionListener]
2024-04-21 18:31:52.543  INFO 25884 --- [           main] .b.t.c.SpringBootTestContextBootstrapper : Using TestExecutionListeners: [org.springframework.test.context.web.ServletTestExecutionListener@1a42da0a, org.springframework.test.context.support.DirtiesContextBeforeModesTestExecutionListener@5824b485, org.springframework.test.context.event.ApplicationEventsTestExecutionListener@4c2b8df7, org.springframework.boot.test.mock.mockito.MockitoTestExecutionListener@7734ddb8, org.springframework.boot.test.autoconfigure.SpringBootDependencyInjectionTestExecutionListener@7b2adbde, org.springframework.test.context.support.DirtiesContextTestExecutionListener@6d7c8a2, org.springframework.test.context.event.EventPublishingTestExecutionListener@1683b9ba, org.springframework.boot.test.mock.mockito.ResetMocksTestExecutionListener@470b7fcf, org.springframework.boot.test.autoconfigure.restdocs.RestDocsTestExecutionListener@6ad2a8db, org.springframework.boot.test.autoconfigure.web.client.MockRestServiceServerResetTestExecutionListener@52f8effb, org.springframework.boot.test.autoconfigure.web.servlet.MockMvcPrintOnlyOnFailureTestExecutionListener@59bdd277, org.springframework.boot.test.autoconfigure.web.servlet.WebDriverTestExecutionListener@45543b88, org.springframework.boot.test.autoconfigure.webservices.client.MockWebServiceServerTestExecutionListener@3a3fc789, org.spockframework.spring.SpringMockTestExecutionListener@2fad7002]
2024-04-21 18:31:52.596  WARN 25884 --- [           main] ubernetesProfileEnvironmentPostProcessor : Not running inside kubernetes. Skipping 'kubernetes' profile activation.
2024-04-21 18:31:52.642  INFO 25884 --- [           main] trationDelegate$BeanPostProcessorChecker : Bean 'org.springframework.retry.annotation.RetryConfiguration' of type [org.springframework.retry.annotation.RetryConfiguration] is not eligible for getting processed by all BeanPostProcessors (for example: not eligible for auto-proxying)

  .   ____          _            __ _ _
 /\\ / ___'_ __ _ _(_)_ __  __ _ \ \ \ \
( ( )\___ | '_ | '_| | '_ \/ _` | \ \ \ \
 \\/  ___)| |_)| | | | | || (_| |  ) ) ) )
  '  |____| .__|_| |_|_| |_\__, | / / / /
 =========|_|==============|___/=/_/_/_/
 :: Spring Boot ::                (v2.6.3)

2024-04-21 18:31:52.759  INFO 25884 --- [           main] s.c.k.f.c.Fabric8ConfigMapPropertySource : Loading ConfigMap with name 'application' in namespace 'default'
2024-04-21 18:31:52.859  INFO 25884 --- [127.0.0.1:46348] okhttp3.mockwebserver.MockWebServer      : MockWebServer[55655] received request: GET /api/v1/namespaces/default/configmaps/application HTTP/1.1 and responded: HTTP/1.1 404 Client Error
2024-04-21 18:31:52.862  INFO 25884 --- [           main] o.s.c.k.f.config.Fabric8ConfigUtils      : config-map with name : 'application' not present in namespace : 'default'
2024-04-21 18:31:52.862  INFO 25884 --- [           main] b.c.PropertySourceBootstrapConfiguration : Located property source: [BootstrapPropertySource {name='bootstrapProperties-configmap.application.default'}]
2024-04-21 18:31:52.871  INFO 25884 --- [           main] o.s.c.k.f.c.Fabric8SecretsPropertySource : Loading Secret with name 'my-secret' or with labels [{}] in namespace 'default'
2024-04-21 18:31:52.872  INFO 25884 --- [127.0.0.1:46348] okhttp3.mockwebserver.MockWebServer      : MockWebServer[55655] received request: GET /api/v1/namespaces/default/secrets/my-secret HTTP/1.1 and responded: HTTP/1.1 404 Client Error
2024-04-21 18:31:52.872  WARN 25884 --- [           main] o.s.c.k.f.c.Fabric8SecretsPropertySource : secret with name : my-secret in namespace : default not found
2024-04-21 18:31:52.874  INFO 25884 --- [127.0.0.1:46348] okhttp3.mockwebserver.MockWebServer      : MockWebServer[55655] received request: GET /api/v1/namespaces/default/secrets HTTP/1.1 and responded: HTTP/1.1 200 OK
2024-04-21 18:31:52.914  INFO 25884 --- [           main] b.c.PropertySourceBootstrapConfiguration : Located property source: [BootstrapPropertySource {name='bootstrapProperties-secrets.my-secret.default'}]
2024-04-21 18:31:52.918  WARN 25884 --- [           main] ubernetesProfileEnvironmentPostProcessor : Not running inside kubernetes. Skipping 'kubernetes' profile activation.
2024-04-21 18:31:52.918  INFO 25884 --- [           main] ecretsRetryDisabledButConfigRetryEnabled : No active profile set, falling back to default profiles: default
2024-04-21 18:31:53.199  INFO 25884 --- [           main] o.s.cloud.context.scope.GenericScope     : BeanFactory id=94652287-2eb9-367e-b08b-eea09b3b2900
2024-04-21 18:31:53.583  INFO 25884 --- [           main] ecretsRetryDisabledButConfigRetryEnabled : Started Fabric8SecretsPropertySourceLocatorRetryTests.SecretsRetryDisabledButConfigRetryEnabled in 1.038 seconds (JVM running for 20.536)
2024-04-21 18:31:53.589  INFO 25884 --- [WebServer 58297] okhttp3.mockwebserver.MockWebServer      : MockWebServer[58297] starting to accept connections
2024-04-21 18:31:53.598  INFO 25884 --- [           main] o.s.c.k.f.c.Fabric8SecretsPropertySource : Loading Secret with name 'my-secret' or with labels [{}] in namespace 'default'
2024-04-21 18:31:53.600  INFO 25884 --- [127.0.0.1:46348] okhttp3.mockwebserver.MockWebServer      : MockWebServer[55655] received request: GET /api/v1/namespaces/default/secrets/my-secret HTTP/1.1 and responded: HTTP/1.1 500 Server Error
2024-04-21 18:31:53.604  INFO 25884 --- [WebServer 58297] okhttp3.mockwebserver.MockWebServer      : MockWebServer[58297] done accepting connections: Socket closed
2024-04-21 18:31:53.608  INFO 25884 --- [           main] .b.t.c.SpringBootTestContextBootstrapper : Neither @ContextConfiguration nor @ContextHierarchy found for test class [org.springframework.cloud.kubernetes.fabric8.config.ConfigMapsFromFilePathsTests], using SpringBootContextLoader
2024-04-21 18:31:53.609  INFO 25884 --- [           main] o.s.t.c.support.AbstractContextLoader    : Could not detect default resource locations for test class [org.springframework.cloud.kubernetes.fabric8.config.ConfigMapsFromFilePathsTests]: no resource found for suffixes {-context.xml, Context.groovy}.
2024-04-21 18:31:53.610  INFO 25884 --- [           main] .b.t.c.SpringBootTestContextBootstrapper : Loaded default TestExecutionListener class names from location [META-INF/spring.factories]: [org.springframework.boot.test.mock.mockito.MockitoTestExecutionListener, org.springframework.boot.test.mock.mockito.ResetMocksTestExecutionListener, org.springframework.boot.test.autoconfigure.restdocs.RestDocsTestExecutionListener, org.springframework.boot.test.autoconfigure.web.client.MockRestServiceServerResetTestExecutionListener, org.springframework.boot.test.autoconfigure.web.servlet.MockMvcPrintOnlyOnFailureTestExecutionListener, org.springframework.boot.test.autoconfigure.web.servlet.WebDriverTestExecutionListener, org.springframework.boot.test.autoconfigure.webservices.client.MockWebServiceServerTestExecutionListener, org.springframework.test.context.web.ServletTestExecutionListener, org.springframework.test.context.support.DirtiesContextBeforeModesTestExecutionListener, org.springframework.test.context.event.ApplicationEventsTestExecutionListener, org.springframework.test.context.support.DependencyInjectionTestExecutionListener, org.springframework.test.context.support.DirtiesContextTestExecutionListener, org.springframework.test.context.transaction.TransactionalTestExecutionListener, org.springframework.test.context.jdbc.SqlScriptsTestExecutionListener, org.springframework.test.context.event.EventPublishingTestExecutionListener, org.spockframework.spring.SpringMockTestExecutionListener]
2024-04-21 18:31:53.611  INFO 25884 --- [           main] .b.t.c.SpringBootTestContextBootstrapper : Using TestExecutionListeners: [org.springframework.test.context.web.ServletTestExecutionListener@51f714d1, org.springframework.test.context.support.DirtiesContextBeforeModesTestExecutionListener@77e8492f, org.springframework.test.context.event.ApplicationEventsTestExecutionListener@1263d20d, org.springframework.boot.test.mock.mockito.MockitoTestExecutionListener@4f355321, org.springframework.boot.test.autoconfigure.SpringBootDependencyInjectionTestExecutionListener@260d878a, org.springframework.test.context.support.DirtiesContextTestExecutionListener@13190355, org.springframework.test.context.event.EventPublishingTestExecutionListener@1f664881, org.springframework.boot.test.mock.mockito.ResetMocksTestExecutionListener@7aafac17, org.springframework.boot.test.autoconfigure.restdocs.RestDocsTestExecutionListener@3054551f, org.springframework.boot.test.autoconfigure.web.client.MockRestServiceServerResetTestExecutionListener@6b8cfbeb, org.springframework.boot.test.autoconfigure.web.servlet.MockMvcPrintOnlyOnFailureTestExecutionListener@4603845b, org.springframework.boot.test.autoconfigure.web.servlet.WebDriverTestExecutionListener@414b5798, org.springframework.boot.test.autoconfigure.webservices.client.MockWebServiceServerTestExecutionListener@53251e03, org.spockframework.spring.SpringMockTestExecutionListener@5ffae42f]
2024-04-21 18:31:53.613  INFO 25884 --- [WebServer 39091] okhttp3.mockwebserver.MockWebServer      : MockWebServer[39091] starting to accept connections
2024-04-21 18:31:53.618  INFO 25884 --- [WebServer 48373] okhttp3.mockwebserver.MockWebServer      : MockWebServer[48373] starting to accept connections
2024-04-21 18:31:53.629  INFO 25884 --- [WebServer 48373] okhttp3.mockwebserver.MockWebServer      : MockWebServer[48373] done accepting connections: Socket closed
2024-04-21 18:31:53.632  INFO 25884 --- [           main] .b.t.c.SpringBootTestContextBootstrapper : Neither @ContextConfiguration nor @ContextHierarchy found for test class [org.springframework.cloud.kubernetes.fabric8.config.Fabric8BootstrapConfigurationTests$KubernetesEnabledSecretsDisabled], using SpringBootContextLoader
2024-04-21 18:31:53.633  INFO 25884 --- [           main] o.s.t.c.support.AbstractContextLoader    : Could not detect default resource locations for test class [org.springframework.cloud.kubernetes.fabric8.config.Fabric8BootstrapConfigurationTests$KubernetesEnabledSecretsDisabled]: no resource found for suffixes {-context.xml, Context.groovy}.
2024-04-21 18:31:53.634  INFO 25884 --- [           main] .b.t.c.SpringBootTestContextBootstrapper : Loaded default TestExecutionListener class names from location [META-INF/spring.factories]: [org.springframework.boot.test.mock.mockito.MockitoTestExecutionListener, org.springframework.boot.test.mock.mockito.ResetMocksTestExecutionListener, org.springframework.boot.test.autoconfigure.restdocs.RestDocsTestExecutionListener, org.springframework.boot.test.autoconfigure.web.client.MockRestServiceServerResetTestExecutionListener, org.springframework.boot.test.autoconfigure.web.servlet.MockMvcPrintOnlyOnFailureTestExecutionListener, org.springframework.boot.test.autoconfigure.web.servlet.WebDriverTestExecutionListener, org.springframework.boot.test.autoconfigure.webservices.client.MockWebServiceServerTestExecutionListener, org.springframework.test.context.web.ServletTestExecutionListener, org.springframework.test.context.support.DirtiesContextBeforeModesTestExecutionListener, org.springframework.test.context.event.ApplicationEventsTestExecutionListener, org.springframework.test.context.support.DependencyInjectionTestExecutionListener, org.springframework.test.context.support.DirtiesContextTestExecutionListener, org.springframework.test.context.transaction.TransactionalTestExecutionListener, org.springframework.test.context.jdbc.SqlScriptsTestExecutionListener, org.springframework.test.context.event.EventPublishingTestExecutionListener, org.spockframework.spring.SpringMockTestExecutionListener]
2024-04-21 18:31:53.635  INFO 25884 --- [           main] .b.t.c.SpringBootTestContextBootstrapper : Using TestExecutionListeners: [org.springframework.test.context.web.ServletTestExecutionListener@81a193b, org.springframework.test.context.support.DirtiesContextBeforeModesTestExecutionListener@3eff5c32, org.springframework.test.context.event.ApplicationEventsTestExecutionListener@79d538c1, org.springframework.boot.test.mock.mockito.MockitoTestExecutionListener@31e08c61, org.springframework.boot.test.autoconfigure.SpringBootDependencyInjectionTestExecutionListener@69eb88a7, org.springframework.test.context.support.DirtiesContextTestExecutionListener@2db15764, org.springframework.test.context.event.EventPublishingTestExecutionListener@7d727123, org.springframework.boot.test.mock.mockito.ResetMocksTestExecutionListener@48446968, org.springframework.boot.test.autoconfigure.restdocs.RestDocsTestExecutionListener@7ddf7e77, org.springframework.boot.test.autoconfigure.web.client.MockRestServiceServerResetTestExecutionListener@5a720cdf, org.springframework.boot.test.autoconfigure.web.servlet.MockMvcPrintOnlyOnFailureTestExecutionListener@34e785db, org.springframework.boot.test.autoconfigure.web.servlet.WebDriverTestExecutionListener@5f83b506, org.springframework.boot.test.autoconfigure.webservices.client.MockWebServiceServerTestExecutionListener@59294447, org.spockframework.spring.SpringMockTestExecutionListener@1377af49]
2024-04-21 18:31:53.672  WARN 25884 --- [           main] ubernetesProfileEnvironmentPostProcessor : Not running inside kubernetes. Skipping 'kubernetes' profile activation.

  .   ____          _            __ _ _
 /\\ / ___'_ __ _ _(_)_ __  __ _ \ \ \ \
( ( )\___ | '_ | '_| | '_ \/ _` | \ \ \ \
 \\/  ___)| |_)| | | | | || (_| |  ) ) ) )
  '  |____| .__|_| |_|_| |_\__, | / / / /
 =========|_|==============|___/=/_/_/_/
 :: Spring Boot ::                (v2.6.3)

2024-04-21 18:31:53.743  INFO 25884 --- [           main] s.c.k.f.c.Fabric8ConfigMapPropertySource : Loading ConfigMap with name 'application' in namespace 'default'
2024-04-21 18:31:53.746  INFO 25884 --- [127.0.0.1:59806] okhttp3.mockwebserver.MockWebServer      : MockWebServer[39091] received request: GET /api/v1/namespaces/default/configmaps/application HTTP/1.1 and responded: HTTP/1.1 404 Client Error
2024-04-21 18:31:53.747  INFO 25884 --- [           main] o.s.c.k.f.config.Fabric8ConfigUtils      : config-map with name : 'application' not present in namespace : 'default'
2024-04-21 18:31:53.748  INFO 25884 --- [           main] b.c.PropertySourceBootstrapConfiguration : Located property source: [BootstrapPropertySource {name='bootstrapProperties-configmap.application.default'}]
2024-04-21 18:31:53.750  WARN 25884 --- [           main] ubernetesProfileEnvironmentPostProcessor : Not running inside kubernetes. Skipping 'kubernetes' profile activation.
2024-04-21 18:31:53.751  INFO 25884 --- [           main] onTests$KubernetesEnabledSecretsDisabled : No active profile set, falling back to default profiles: default
2024-04-21 18:31:54.075  INFO 25884 --- [           main] o.s.cloud.context.scope.GenericScope     : BeanFactory id=b44b17b9-4871-3254-a9f0-4dd2fdc4c959
2024-04-21 18:31:54.185  INFO 25884 --- [           main] o.s.b.w.embedded.tomcat.TomcatWebServer  : Tomcat initialized with port(s): 0 (http)
2024-04-21 18:31:54.186  INFO 25884 --- [           main] o.apache.catalina.core.StandardService   : Starting service [Tomcat]
2024-04-21 18:31:54.186  INFO 25884 --- [           main] org.apache.catalina.core.StandardEngine  : Starting Servlet engine: [Apache Tomcat/9.0.56]
2024-04-21 18:31:54.195  INFO 25884 --- [           main] o.a.c.c.C.[Tomcat-7].[localhost].[/]     : Initializing Spring embedded WebApplicationContext
2024-04-21 18:31:54.195  INFO 25884 --- [           main] w.s.c.ServletWebServerApplicationContext : Root WebApplicationContext: initialization completed in 444 ms
2024-04-21 18:31:54.734  INFO 25884 --- [           main] o.s.b.a.e.web.EndpointLinksResolver      : Exposing 1 endpoint(s) beneath base path '/actuator'
2024-04-21 18:31:54.770  INFO 25884 --- [           main] o.s.b.w.embedded.tomcat.TomcatWebServer  : Tomcat started on port(s): 34953 (http) with context path ''
2024-04-21 18:31:54.775  INFO 25884 --- [           main] onTests$KubernetesEnabledSecretsDisabled : Started Fabric8BootstrapConfigurationTests.KubernetesEnabledSecretsDisabled in 1.139 seconds (JVM running for 21.729)
2024-04-21 18:31:54.785  INFO 25884 --- [           main] .b.t.c.SpringBootTestContextBootstrapper : Neither @ContextConfiguration nor @ContextHierarchy found for test class [org.springframework.cloud.kubernetes.fabric8.config.ConfigMapsTests], using SpringBootContextLoader
2024-04-21 18:31:54.786  INFO 25884 --- [           main] o.s.t.c.support.AbstractContextLoader    : Could not detect default resource locations for test class [org.springframework.cloud.kubernetes.fabric8.config.ConfigMapsTests]: no resource found for suffixes {-context.xml, Context.groovy}.
2024-04-21 18:31:54.787  INFO 25884 --- [           main] .b.t.c.SpringBootTestContextBootstrapper : Loaded default TestExecutionListener class names from location [META-INF/spring.factories]: [org.springframework.boot.test.mock.mockito.MockitoTestExecutionListener, org.springframework.boot.test.mock.mockito.ResetMocksTestExecutionListener, org.springframework.boot.test.autoconfigure.restdocs.RestDocsTestExecutionListener, org.springframework.boot.test.autoconfigure.web.client.MockRestServiceServerResetTestExecutionListener, org.springframework.boot.test.autoconfigure.web.servlet.MockMvcPrintOnlyOnFailureTestExecutionListener, org.springframework.boot.test.autoconfigure.web.servlet.WebDriverTestExecutionListener, org.springframework.boot.test.autoconfigure.webservices.client.MockWebServiceServerTestExecutionListener, org.springframework.test.context.web.ServletTestExecutionListener, org.springframework.test.context.support.DirtiesContextBeforeModesTestExecutionListener, org.springframework.test.context.event.ApplicationEventsTestExecutionListener, org.springframework.test.context.support.DependencyInjectionTestExecutionListener, org.springframework.test.context.support.DirtiesContextTestExecutionListener, org.springframework.test.context.transaction.TransactionalTestExecutionListener, org.springframework.test.context.jdbc.SqlScriptsTestExecutionListener, org.springframework.test.context.event.EventPublishingTestExecutionListener, org.spockframework.spring.SpringMockTestExecutionListener]
2024-04-21 18:31:54.788  INFO 25884 --- [           main] .b.t.c.SpringBootTestContextBootstrapper : Using TestExecutionListeners: [org.springframework.test.context.web.ServletTestExecutionListener@1b58788a, org.springframework.test.context.support.DirtiesContextBeforeModesTestExecutionListener@31881213, org.springframework.test.context.event.ApplicationEventsTestExecutionListener@2162e4a, org.springframework.boot.test.mock.mockito.MockitoTestExecutionListener@595626b8, org.springframework.boot.test.autoconfigure.SpringBootDependencyInjectionTestExecutionListener@1928930, org.springframework.test.context.support.DirtiesContextTestExecutionListener@707b0b9b, org.springframework.test.context.event.EventPublishingTestExecutionListener@43ac1fa0, org.springframework.boot.test.mock.mockito.ResetMocksTestExecutionListener@2ba7828b, org.springframework.boot.test.autoconfigure.restdocs.RestDocsTestExecutionListener@3e6945c6, org.springframework.boot.test.autoconfigure.web.client.MockRestServiceServerResetTestExecutionListener@16e6a643, org.springframework.boot.test.autoconfigure.web.servlet.MockMvcPrintOnlyOnFailureTestExecutionListener@3514ea20, org.springframework.boot.test.autoconfigure.web.servlet.WebDriverTestExecutionListener@223095d3, org.springframework.boot.test.autoconfigure.webservices.client.MockWebServiceServerTestExecutionListener@5683a326, org.spockframework.spring.SpringMockTestExecutionListener@7574d30b]
2024-04-21 18:31:54.790  INFO 25884 --- [WebServer 57045] okhttp3.mockwebserver.MockWebServer      : MockWebServer[57045] starting to accept connections
2024-04-21 18:31:54.793  INFO 25884 --- [127.0.0.1:42454] okhttp3.mockwebserver.MockWebServer      : MockWebServer[57045] received request: POST /api/v1/namespaces/test/configmaps HTTP/1.1 and responded: HTTP/1.1 200 OK
2024-04-21 18:31:54.796  INFO 25884 --- [WebServer 46425] okhttp3.mockwebserver.MockWebServer      : MockWebServer[46425] starting to accept connections
2024-04-21 18:31:54.804  INFO 25884 --- [o-auto-5-exec-1] o.a.c.c.C.[Tomcat-4].[localhost].[/]     : Initializing Spring DispatcherServlet 'dispatcherServlet'
2024-04-21 18:31:54.804  INFO 25884 --- [o-auto-5-exec-1] o.s.web.servlet.DispatcherServlet        : Initializing Servlet 'dispatcherServlet'
2024-04-21 18:31:54.805  INFO 25884 --- [o-auto-5-exec-1] o.s.web.servlet.DispatcherServlet        : Completed initialization in 1 ms
2024-04-21 18:31:54.813  INFO 25884 --- [WebServer 46425] okhttp3.mockwebserver.MockWebServer      : MockWebServer[46425] done accepting connections: Socket closed
2024-04-21 18:31:54.817  INFO 25884 --- [           main] .b.t.c.SpringBootTestContextBootstrapper : Neither @ContextConfiguration nor @ContextHierarchy found for test class [org.springframework.cloud.kubernetes.fabric8.config.ConfigMapWithIncludeProfileSpecificSourcesTests], using SpringBootContextLoader
2024-04-21 18:31:54.818  INFO 25884 --- [           main] o.s.t.c.support.AbstractContextLoader    : Could not detect default resource locations for test class [org.springframework.cloud.kubernetes.fabric8.config.ConfigMapWithIncludeProfileSpecificSourcesTests]: no resource found for suffixes {-context.xml, Context.groovy}.
2024-04-21 18:31:54.819  INFO 25884 --- [           main] .b.t.c.SpringBootTestContextBootstrapper : Loaded default TestExecutionListener class names from location [META-INF/spring.factories]: [org.springframework.boot.test.mock.mockito.MockitoTestExecutionListener, org.springframework.boot.test.mock.mockito.ResetMocksTestExecutionListener, org.springframework.boot.test.autoconfigure.restdocs.RestDocsTestExecutionListener, org.springframework.boot.test.autoconfigure.web.client.MockRestServiceServerResetTestExecutionListener, org.springframework.boot.test.autoconfigure.web.servlet.MockMvcPrintOnlyOnFailureTestExecutionListener, org.springframework.boot.test.autoconfigure.web.servlet.WebDriverTestExecutionListener, org.springframework.boot.test.autoconfigure.webservices.client.MockWebServiceServerTestExecutionListener, org.springframework.test.context.web.ServletTestExecutionListener, org.springframework.test.context.support.DirtiesContextBeforeModesTestExecutionListener, org.springframework.test.context.event.ApplicationEventsTestExecutionListener, org.springframework.test.context.support.DependencyInjectionTestExecutionListener, org.springframework.test.context.support.DirtiesContextTestExecutionListener, org.springframework.test.context.transaction.TransactionalTestExecutionListener, org.springframework.test.context.jdbc.SqlScriptsTestExecutionListener, org.springframework.test.context.event.EventPublishingTestExecutionListener, org.spockframework.spring.SpringMockTestExecutionListener]
2024-04-21 18:31:54.821  INFO 25884 --- [           main] .b.t.c.SpringBootTestContextBootstrapper : Using TestExecutionListeners: [org.springframework.test.context.web.ServletTestExecutionListener@32fccfc2, org.springframework.test.context.support.DirtiesContextBeforeModesTestExecutionListener@4702faee, org.springframework.test.context.event.ApplicationEventsTestExecutionListener@576d4810, org.springframework.boot.test.mock.mockito.MockitoTestExecutionListener@3609b8f2, org.springframework.boot.test.autoconfigure.SpringBootDependencyInjectionTestExecutionListener@62dfe32e, org.springframework.test.context.support.DirtiesContextTestExecutionListener@32dab011, org.springframework.test.context.event.EventPublishingTestExecutionListener@fca4392, org.springframework.boot.test.mock.mockito.ResetMocksTestExecutionListener@747fb4b1, org.springframework.boot.test.autoconfigure.restdocs.RestDocsTestExecutionListener@6924ff83, org.springframework.boot.test.autoconfigure.web.client.MockRestServiceServerResetTestExecutionListener@e19908e, org.springframework.boot.test.autoconfigure.web.servlet.MockMvcPrintOnlyOnFailureTestExecutionListener@5312940c, org.springframework.boot.test.autoconfigure.web.servlet.WebDriverTestExecutionListener@5ac168e3, org.springframework.boot.test.autoconfigure.webservices.client.MockWebServiceServerTestExecutionListener@14574cdf, org.spockframework.spring.SpringMockTestExecutionListener@5608233b]
2024-04-21 18:31:54.822  INFO 25884 --- [WebServer 56055] okhttp3.mockwebserver.MockWebServer      : MockWebServer[56055] starting to accept connections
2024-04-21 18:31:54.826  INFO 25884 --- [127.0.0.1:42826] okhttp3.mockwebserver.MockWebServer      : MockWebServer[56055] received request: POST /api/v1/namespaces/spring-k8s/configmaps HTTP/1.1 and responded: HTTP/1.1 200 OK
2024-04-21 18:31:54.830  INFO 25884 --- [127.0.0.1:42826] okhttp3.mockwebserver.MockWebServer      : MockWebServer[56055] received request: POST /api/v1/namespaces/spring-k8s/configmaps HTTP/1.1 and responded: HTTP/1.1 200 OK
2024-04-21 18:31:54.876  INFO 25884 --- [127.0.0.1:42826] okhttp3.mockwebserver.MockWebServer      : MockWebServer[56055] received request: POST /api/v1/namespaces/spring-k8s/configmaps HTTP/1.1 and responded: HTTP/1.1 200 OK
2024-04-21 18:31:54.925  INFO 25884 --- [127.0.0.1:42826] okhttp3.mockwebserver.MockWebServer      : MockWebServer[56055] received request: POST /api/v1/namespaces/spring-k8s/configmaps HTTP/1.1 and responded: HTTP/1.1 200 OK
2024-04-21 18:31:54.975  INFO 25884 --- [127.0.0.1:42826] okhttp3.mockwebserver.MockWebServer      : MockWebServer[56055] received request: POST /api/v1/namespaces/spring-k8s/configmaps HTTP/1.1 and responded: HTTP/1.1 200 OK
2024-04-21 18:31:55.095  WARN 25884 --- [           main] ubernetesProfileEnvironmentPostProcessor : Not running inside kubernetes. Skipping 'kubernetes' profile activation.

  .   ____          _            __ _ _
 /\\ / ___'_ __ _ _(_)_ __  __ _ \ \ \ \
( ( )\___ | '_ | '_| | '_ \/ _` | \ \ \ \
 \\/  ___)| |_)| | | | | || (_| |  ) ) ) )
  '  |____| .__|_| |_|_| |_\__, | / / / /
 =========|_|==============|___/=/_/_/_/
 :: Spring Boot ::                (v2.6.3)

2024-04-21 18:31:55.178  INFO 25884 --- [           main] s.c.k.f.c.Fabric8ConfigMapPropertySource : Loading ConfigMap with name 'config-map-one' in namespace 'spring-k8s'
2024-04-21 18:31:55.180  INFO 25884 --- [127.0.0.1:42838] okhttp3.mockwebserver.MockWebServer      : MockWebServer[56055] received request: GET /api/v1/namespaces/spring-k8s/configmaps/config-map-one HTTP/1.1 and responded: HTTP/1.1 404 Client Error
2024-04-21 18:31:55.183  INFO 25884 --- [           main] o.s.c.k.f.config.Fabric8ConfigUtils      : config-map with name : 'config-map-one' not present in namespace : 'spring-k8s'
2024-04-21 18:31:55.186  INFO 25884 --- [127.0.0.1:42838] okhttp3.mockwebserver.MockWebServer      : MockWebServer[56055] received request: GET /api/v1/namespaces/spring-k8s/configmaps/config-map-one-dev HTTP/1.1 and responded: HTTP/1.1 200 OK
2024-04-21 18:31:55.227  INFO 25884 --- [           main] s.c.k.f.c.Fabric8ConfigMapPropertySource : Loading ConfigMap with name 'config-map-two' in namespace 'spring-k8s'
2024-04-21 18:31:55.228  INFO 25884 --- [127.0.0.1:42838] okhttp3.mockwebserver.MockWebServer      : MockWebServer[56055] received request: GET /api/v1/namespaces/spring-k8s/configmaps/config-map-two HTTP/1.1 and responded: HTTP/1.1 200 OK
2024-04-21 18:31:55.269  INFO 25884 --- [           main] s.c.k.f.c.Fabric8ConfigMapPropertySource : Loading ConfigMap with name 'config-map-three' in namespace 'spring-k8s'
2024-04-21 18:31:55.271  INFO 25884 --- [127.0.0.1:42838] okhttp3.mockwebserver.MockWebServer      : MockWebServer[56055] received request: GET /api/v1/namespaces/spring-k8s/configmaps/config-map-three HTTP/1.1 and responded: HTTP/1.1 200 OK
2024-04-21 18:31:55.313  INFO 25884 --- [           main] b.c.PropertySourceBootstrapConfiguration : Located property source: [BootstrapPropertySource {name='bootstrapProperties-configmap.config-map-three.spring-k8s'}, BootstrapPropertySource {name='bootstrapProperties-configmap.config-map-two.spring-k8s'}, BootstrapPropertySource {name='bootstrapProperties-configmap.config-map-one.spring-k8s'}]
2024-04-21 18:31:55.321  WARN 25884 --- [           main] ubernetesProfileEnvironmentPostProcessor : Not running inside kubernetes. Skipping 'kubernetes' profile activation.
2024-04-21 18:31:55.322  INFO 25884 --- [           main] apWithIncludeProfileSpecificSourcesTests : The following profiles are active: dev
2024-04-21 18:31:55.571  INFO 25884 --- [           main] o.s.cloud.context.scope.GenericScope     : BeanFactory id=25e932e5-66c9-3368-9666-2d7e7b1ab398
2024-04-21 18:31:55.658  INFO 25884 --- [           main] o.s.b.w.embedded.tomcat.TomcatWebServer  : Tomcat initialized with port(s): 0 (http)
2024-04-21 18:31:55.658  INFO 25884 --- [           main] o.apache.catalina.core.StandardService   : Starting service [Tomcat]
2024-04-21 18:31:55.659  INFO 25884 --- [           main] org.apache.catalina.core.StandardEngine  : Starting Servlet engine: [Apache Tomcat/9.0.56]
2024-04-21 18:31:55.669  INFO 25884 --- [           main] o.a.c.c.C.[Tomcat-8].[localhost].[/]     : Initializing Spring embedded WebApplicationContext
2024-04-21 18:31:55.669  INFO 25884 --- [           main] w.s.c.ServletWebServerApplicationContext : Root WebApplicationContext: initialization completed in 345 ms
2024-04-21 18:31:56.256  INFO 25884 --- [           main] o.s.b.a.e.web.EndpointLinksResolver      : Exposing 1 endpoint(s) beneath base path '/actuator'
2024-04-21 18:31:56.298  INFO 25884 --- [           main] o.s.b.w.embedded.tomcat.TomcatWebServer  : Tomcat started on port(s): 43967 (http) with context path ''
2024-04-21 18:31:56.305  INFO 25884 --- [           main] apWithIncludeProfileSpecificSourcesTests : Started ConfigMapWithIncludeProfileSpecificSourcesTests in 1.285 seconds (JVM running for 23.258)
2024-04-21 18:31:56.318  INFO 25884 --- [WebServer 40719] okhttp3.mockwebserver.MockWebServer      : MockWebServer[40719] starting to accept connections
2024-04-21 18:31:56.326  INFO 25884 --- [o-auto-9-exec-1] o.a.c.c.C.[Tomcat-8].[localhost].[/]     : Initializing Spring DispatcherServlet 'dispatcherServlet'
2024-04-21 18:31:56.326  INFO 25884 --- [o-auto-9-exec-1] o.s.web.servlet.DispatcherServlet        : Initializing Servlet 'dispatcherServlet'
2024-04-21 18:31:56.327  INFO 25884 --- [o-auto-9-exec-1] o.s.web.servlet.DispatcherServlet        : Completed initialization in 1 ms
2024-04-21 18:31:56.342  INFO 25884 --- [WebServer 40719] okhttp3.mockwebserver.MockWebServer      : MockWebServer[40719] done accepting connections: Socket closed
2024-04-21 18:31:56.345  INFO 25884 --- [           main] .b.t.c.SpringBootTestContextBootstrapper : Neither @ContextConfiguration nor @ContextHierarchy found for test class [org.springframework.cloud.kubernetes.fabric8.config.Fabric8BootstrapConfigurationTests$KubernetesEnabledSecretsAndConfigDisabled], using SpringBootContextLoader
2024-04-21 18:31:56.346  INFO 25884 --- [           main] o.s.t.c.support.AbstractContextLoader    : Could not detect default resource locations for test class [org.springframework.cloud.kubernetes.fabric8.config.Fabric8BootstrapConfigurationTests$KubernetesEnabledSecretsAndConfigDisabled]: no resource found for suffixes {-context.xml, Context.groovy}.
2024-04-21 18:31:56.348  INFO 25884 --- [           main] .b.t.c.SpringBootTestContextBootstrapper : Loaded default TestExecutionListener class names from location [META-INF/spring.factories]: [org.springframework.boot.test.mock.mockito.MockitoTestExecutionListener, org.springframework.boot.test.mock.mockito.ResetMocksTestExecutionListener, org.springframework.boot.test.autoconfigure.restdocs.RestDocsTestExecutionListener, org.springframework.boot.test.autoconfigure.web.client.MockRestServiceServerResetTestExecutionListener, org.springframework.boot.test.autoconfigure.web.servlet.MockMvcPrintOnlyOnFailureTestExecutionListener, org.springframework.boot.test.autoconfigure.web.servlet.WebDriverTestExecutionListener, org.springframework.boot.test.autoconfigure.webservices.client.MockWebServiceServerTestExecutionListener, org.springframework.test.context.web.ServletTestExecutionListener, org.springframework.test.context.support.DirtiesContextBeforeModesTestExecutionListener, org.springframework.test.context.event.ApplicationEventsTestExecutionListener, org.springframework.test.context.support.DependencyInjectionTestExecutionListener, org.springframework.test.context.support.DirtiesContextTestExecutionListener, org.springframework.test.context.transaction.TransactionalTestExecutionListener, org.springframework.test.context.jdbc.SqlScriptsTestExecutionListener, org.springframework.test.context.event.EventPublishingTestExecutionListener, org.spockframework.spring.SpringMockTestExecutionListener]
2024-04-21 18:31:56.349  INFO 25884 --- [           main] .b.t.c.SpringBootTestContextBootstrapper : Using TestExecutionListeners: [org.springframework.test.context.web.ServletTestExecutionListener@7ce87f9d, org.springframework.test.context.support.DirtiesContextBeforeModesTestExecutionListener@e944541, org.springframework.test.context.event.ApplicationEventsTestExecutionListener@1c89cec5, org.springframework.boot.test.mock.mockito.MockitoTestExecutionListener@1447bef2, org.springframework.boot.test.autoconfigure.SpringBootDependencyInjectionTestExecutionListener@2b6c3f70, org.springframework.test.context.support.DirtiesContextTestExecutionListener@77ec911, org.springframework.test.context.event.EventPublishingTestExecutionListener@55d3c0dd, org.springframework.boot.test.mock.mockito.ResetMocksTestExecutionListener@7c4a44bb, org.springframework.boot.test.autoconfigure.restdocs.RestDocsTestExecutionListener@369773fd, org.springframework.boot.test.autoconfigure.web.client.MockRestServiceServerResetTestExecutionListener@47d0127f, org.springframework.boot.test.autoconfigure.web.servlet.MockMvcPrintOnlyOnFailureTestExecutionListener@c4ef770, org.springframework.boot.test.autoconfigure.web.servlet.WebDriverTestExecutionListener@228f15de, org.springframework.boot.test.autoconfigure.webservices.client.MockWebServiceServerTestExecutionListener@2f8a82e9, org.spockframework.spring.SpringMockTestExecutionListener@688e2e8d]
2024-04-21 18:31:56.408  WARN 25884 --- [           main] ubernetesProfileEnvironmentPostProcessor : Not running inside kubernetes. Skipping 'kubernetes' profile activation.

  .   ____          _            __ _ _
 /\\ / ___'_ __ _ _(_)_ __  __ _ \ \ \ \
( ( )\___ | '_ | '_| | '_ \/ _` | \ \ \ \
 \\/  ___)| |_)| | | | | || (_| |  ) ) ) )
  '  |____| .__|_| |_|_| |_\__, | / / / /
 =========|_|==============|___/=/_/_/_/
 :: Spring Boot ::                (v2.6.3)

2024-04-21 18:31:56.468  WARN 25884 --- [           main] ubernetesProfileEnvironmentPostProcessor : Not running inside kubernetes. Skipping 'kubernetes' profile activation.
2024-04-21 18:31:56.469  INFO 25884 --- [           main] ubernetesEnabledSecretsAndConfigDisabled : No active profile set, falling back to default profiles: default
2024-04-21 18:31:56.866  INFO 25884 --- [           main] o.s.cloud.context.scope.GenericScope     : BeanFactory id=28f5efda-2be0-3ec4-9d06-389d7832aa32
2024-04-21 18:31:56.959  INFO 25884 --- [           main] o.s.b.w.embedded.tomcat.TomcatWebServer  : Tomcat initialized with port(s): 0 (http)
2024-04-21 18:31:56.959  INFO 25884 --- [           main] o.apache.catalina.core.StandardService   : Starting service [Tomcat]
2024-04-21 18:31:56.959  INFO 25884 --- [           main] org.apache.catalina.core.StandardEngine  : Starting Servlet engine: [Apache Tomcat/9.0.56]
2024-04-21 18:31:56.969  INFO 25884 --- [           main] o.a.c.c.C.[Tomcat-9].[localhost].[/]     : Initializing Spring embedded WebApplicationContext
2024-04-21 18:31:56.969  INFO 25884 --- [           main] w.s.c.ServletWebServerApplicationContext : Root WebApplicationContext: initialization completed in 499 ms
2024-04-21 18:31:57.903  INFO 25884 --- [           main] o.s.b.a.e.web.EndpointLinksResolver      : Exposing 1 endpoint(s) beneath base path '/actuator'
2024-04-21 18:31:57.955  INFO 25884 --- [           main] o.s.b.w.embedded.tomcat.TomcatWebServer  : Tomcat started on port(s): 36193 (http) with context path ''
2024-04-21 18:31:57.962  INFO 25884 --- [           main] ubernetesEnabledSecretsAndConfigDisabled : Started Fabric8BootstrapConfigurationTests.KubernetesEnabledSecretsAndConfigDisabled in 1.611 seconds (JVM running for 24.915)
2024-04-21 18:31:57.977  INFO 25884 --- [WebServer 57679] okhttp3.mockwebserver.MockWebServer      : MockWebServer[57679] starting to accept connections
2024-04-21 18:31:57.983  INFO 25884 --- [WebServer 55711] okhttp3.mockwebserver.MockWebServer      : MockWebServer[55711] starting to accept connections
2024-04-21 18:31:57.983  INFO 25884 --- [           main] .b.t.c.SpringBootTestContextBootstrapper : Neither @ContextConfiguration nor @ContextHierarchy found for test class [org.springframework.cloud.kubernetes.fabric8.config.Fabric8SecretsPropertySourceLocatorRetryTests$SecretsRetryEnabled], using SpringBootContextLoader
2024-04-21 18:31:57.984  INFO 25884 --- [           main] o.s.t.c.support.AbstractContextLoader    : Could not detect default resource locations for test class [org.springframework.cloud.kubernetes.fabric8.config.Fabric8SecretsPropertySourceLocatorRetryTests$SecretsRetryEnabled]: no resource found for suffixes {-context.xml, Context.groovy}.
2024-04-21 18:31:57.986  INFO 25884 --- [           main] .b.t.c.SpringBootTestContextBootstrapper : Loaded default TestExecutionListener class names from location [META-INF/spring.factories]: [org.springframework.boot.test.mock.mockito.MockitoTestExecutionListener, org.springframework.boot.test.mock.mockito.ResetMocksTestExecutionListener, org.springframework.boot.test.autoconfigure.restdocs.RestDocsTestExecutionListener, org.springframework.boot.test.autoconfigure.web.client.MockRestServiceServerResetTestExecutionListener, org.springframework.boot.test.autoconfigure.web.servlet.MockMvcPrintOnlyOnFailureTestExecutionListener, org.springframework.boot.test.autoconfigure.web.servlet.WebDriverTestExecutionListener, org.springframework.boot.test.autoconfigure.webservices.client.MockWebServiceServerTestExecutionListener, org.springframework.test.context.web.ServletTestExecutionListener, org.springframework.test.context.support.DirtiesContextBeforeModesTestExecutionListener, org.springframework.test.context.event.ApplicationEventsTestExecutionListener, org.springframework.test.context.support.DependencyInjectionTestExecutionListener, org.springframework.test.context.support.DirtiesContextTestExecutionListener, org.springframework.test.context.transaction.TransactionalTestExecutionListener, org.springframework.test.context.jdbc.SqlScriptsTestExecutionListener, org.springframework.test.context.event.EventPublishingTestExecutionListener, org.spockframework.spring.SpringMockTestExecutionListener]
2024-04-21 18:31:57.987  INFO 25884 --- [           main] .b.t.c.SpringBootTestContextBootstrapper : Using TestExecutionListeners: [org.springframework.test.context.web.ServletTestExecutionListener@1582dfec, org.springframework.test.context.support.DirtiesContextBeforeModesTestExecutionListener@1bae8e5e, org.springframework.test.context.event.ApplicationEventsTestExecutionListener@352bccf, org.springframework.boot.test.mock.mockito.MockitoTestExecutionListener@70d3e710, org.springframework.boot.test.autoconfigure.SpringBootDependencyInjectionTestExecutionListener@732d2b59, org.springframework.test.context.support.DirtiesContextTestExecutionListener@1c1e971c, org.springframework.test.context.event.EventPublishingTestExecutionListener@abce494, org.springframework.boot.test.mock.mockito.ResetMocksTestExecutionListener@65b869b4, org.springframework.boot.test.autoconfigure.restdocs.RestDocsTestExecutionListener@7f55e1b9, org.springframework.boot.test.autoconfigure.web.client.MockRestServiceServerResetTestExecutionListener@171b3f38, org.springframework.boot.test.autoconfigure.web.servlet.MockMvcPrintOnlyOnFailureTestExecutionListener@7a6ef10b, org.springframework.boot.test.autoconfigure.web.servlet.WebDriverTestExecutionListener@5cbdc23b, org.springframework.boot.test.autoconfigure.webservices.client.MockWebServiceServerTestExecutionListener@c35b83c, org.spockframework.spring.SpringMockTestExecutionListener@4299b47d]
2024-04-21 18:31:58.034  WARN 25884 --- [           main] ubernetesProfileEnvironmentPostProcessor : Not running inside kubernetes. Skipping 'kubernetes' profile activation.
2024-04-21 18:31:58.094  INFO 25884 --- [           main] trationDelegate$BeanPostProcessorChecker : Bean 'org.springframework.retry.annotation.RetryConfiguration' of type [org.springframework.retry.annotation.RetryConfiguration] is not eligible for getting processed by all BeanPostProcessors (for example: not eligible for auto-proxying)

  .   ____          _            __ _ _
 /\\ / ___'_ __ _ _(_)_ __  __ _ \ \ \ \
( ( )\___ | '_ | '_| | '_ \/ _` | \ \ \ \
 \\/  ___)| |_)| | | | | || (_| |  ) ) ) )
  '  |____| .__|_| |_|_| |_\__, | / / / /
 =========|_|==============|___/=/_/_/_/
 :: Spring Boot ::                (v2.6.3)

2024-04-21 18:31:58.162  INFO 25884 --- [           main] s.c.k.f.c.Fabric8ConfigMapPropertySource : Loading ConfigMap with name 'application' in namespace 'default'
2024-04-21 18:31:58.258  INFO 25884 --- [127.0.0.1:35240] okhttp3.mockwebserver.MockWebServer      : MockWebServer[57679] received request: GET /api/v1/namespaces/default/configmaps/application HTTP/1.1 and responded: HTTP/1.1 404 Client Error
2024-04-21 18:31:58.261  INFO 25884 --- [           main] o.s.c.k.f.config.Fabric8ConfigUtils      : config-map with name : 'application' not present in namespace : 'default'
2024-04-21 18:31:58.261  INFO 25884 --- [           main] b.c.PropertySourceBootstrapConfiguration : Located property source: [BootstrapPropertySource {name='bootstrapProperties-configmap.application.default'}]
2024-04-21 18:31:58.262  INFO 25884 --- [           main] o.s.c.k.f.c.Fabric8SecretsPropertySource : Loading Secret with name 'my-secret' or with labels [{}] in namespace 'default'
2024-04-21 18:31:58.263  INFO 25884 --- [127.0.0.1:35240] okhttp3.mockwebserver.MockWebServer      : MockWebServer[57679] received request: GET /api/v1/namespaces/default/secrets/my-secret HTTP/1.1 and responded: HTTP/1.1 404 Client Error
2024-04-21 18:31:58.263  WARN 25884 --- [           main] o.s.c.k.f.c.Fabric8SecretsPropertySource : secret with name : my-secret in namespace : default not found
2024-04-21 18:31:58.265  INFO 25884 --- [127.0.0.1:35240] okhttp3.mockwebserver.MockWebServer      : MockWebServer[57679] received request: GET /api/v1/namespaces/default/secrets HTTP/1.1 and responded: HTTP/1.1 200 OK
2024-04-21 18:31:58.305  INFO 25884 --- [           main] b.c.PropertySourceBootstrapConfiguration : Located property source: [BootstrapPropertySource {name='bootstrapProperties-secrets.my-secret.default'}]
2024-04-21 18:31:58.310  WARN 25884 --- [           main] ubernetesProfileEnvironmentPostProcessor : Not running inside kubernetes. Skipping 'kubernetes' profile activation.
2024-04-21 18:31:58.310  INFO 25884 --- [           main] rceLocatorRetryTests$SecretsRetryEnabled : No active profile set, falling back to default profiles: default
2024-04-21 18:31:58.646  INFO 25884 --- [           main] o.s.cloud.context.scope.GenericScope     : BeanFactory id=94652287-2eb9-367e-b08b-eea09b3b2900
2024-04-21 18:31:59.441  INFO 25884 --- [           main] rceLocatorRetryTests$SecretsRetryEnabled : Started Fabric8SecretsPropertySourceLocatorRetryTests.SecretsRetryEnabled in 1.452 seconds (JVM running for 26.395)
2024-04-21 18:31:59.449  INFO 25884 --- [WebServer 37633] okhttp3.mockwebserver.MockWebServer      : MockWebServer[37633] starting to accept connections
2024-04-21 18:31:59.454  INFO 25884 --- [           main] o.s.c.k.f.c.Fabric8SecretsPropertySource : Loading Secret with name 'my-secret' or with labels [{}] in namespace 'default'
2024-04-21 18:31:59.456  INFO 25884 --- [127.0.0.1:35240] okhttp3.mockwebserver.MockWebServer      : MockWebServer[57679] received request: GET /api/v1/namespaces/default/secrets/my-secret HTTP/1.1 and responded: HTTP/1.1 200 OK
2024-04-21 18:31:59.459  INFO 25884 --- [127.0.0.1:35240] okhttp3.mockwebserver.MockWebServer      : MockWebServer[57679] received request: GET /api/v1/namespaces/default/secrets HTTP/1.1 and responded: HTTP/1.1 200 OK
2024-04-21 18:31:59.502  INFO 25884 --- [WebServer 37633] okhttp3.mockwebserver.MockWebServer      : MockWebServer[37633] done accepting connections: Socket closed
2024-04-21 18:31:59.508  INFO 25884 --- [WebServer 54465] okhttp3.mockwebserver.MockWebServer      : MockWebServer[54465] starting to accept connections
2024-04-21 18:31:59.517  INFO 25884 --- [WebServer 53397] okhttp3.mockwebserver.MockWebServer      : MockWebServer[53397] starting to accept connections
2024-04-21 18:31:59.518  INFO 25884 --- [WebServer 53397] okhttp3.mockwebserver.MockWebServer      : MockWebServer[53397] done accepting connections: Socket closed
2024-04-21 18:31:59.522  INFO 25884 --- [           main] .b.t.c.SpringBootTestContextBootstrapper : Neither @ContextConfiguration nor @ContextHierarchy found for test class [org.springframework.cloud.kubernetes.fabric8.config.CoreTestClientViaSystemProperties], using SpringBootContextLoader
2024-04-21 18:31:59.523  INFO 25884 --- [           main] o.s.t.c.support.AbstractContextLoader    : Could not detect default resource locations for test class [org.springframework.cloud.kubernetes.fabric8.config.CoreTestClientViaSystemProperties]: no resource found for suffixes {-context.xml, Context.groovy}.
2024-04-21 18:31:59.526  INFO 25884 --- [           main] .b.t.c.SpringBootTestContextBootstrapper : Loaded default TestExecutionListener class names from location [META-INF/spring.factories]: [org.springframework.boot.test.mock.mockito.MockitoTestExecutionListener, org.springframework.boot.test.mock.mockito.ResetMocksTestExecutionListener, org.springframework.boot.test.autoconfigure.restdocs.RestDocsTestExecutionListener, org.springframework.boot.test.autoconfigure.web.client.MockRestServiceServerResetTestExecutionListener, org.springframework.boot.test.autoconfigure.web.servlet.MockMvcPrintOnlyOnFailureTestExecutionListener, org.springframework.boot.test.autoconfigure.web.servlet.WebDriverTestExecutionListener, org.springframework.boot.test.autoconfigure.webservices.client.MockWebServiceServerTestExecutionListener, org.springframework.test.context.web.ServletTestExecutionListener, org.springframework.test.context.support.DirtiesContextBeforeModesTestExecutionListener, org.springframework.test.context.event.ApplicationEventsTestExecutionListener, org.springframework.test.context.support.DependencyInjectionTestExecutionListener, org.springframework.test.context.support.DirtiesContextTestExecutionListener, org.springframework.test.context.transaction.TransactionalTestExecutionListener, org.springframework.test.context.jdbc.SqlScriptsTestExecutionListener, org.springframework.test.context.event.EventPublishingTestExecutionListener, org.spockframework.spring.SpringMockTestExecutionListener]
2024-04-21 18:31:59.529  INFO 25884 --- [           main] .b.t.c.SpringBootTestContextBootstrapper : Using TestExecutionListeners: [org.springframework.test.context.web.ServletTestExecutionListener@787239f5, org.springframework.test.context.support.DirtiesContextBeforeModesTestExecutionListener@6e4e7a62, org.springframework.test.context.event.ApplicationEventsTestExecutionListener@2fdbd353, org.springframework.boot.test.mock.mockito.MockitoTestExecutionListener@492b12e5, org.springframework.boot.test.autoconfigure.SpringBootDependencyInjectionTestExecutionListener@20ff27a4, org.springframework.test.context.support.DirtiesContextTestExecutionListener@3d7fc4b3, org.springframework.test.context.event.EventPublishingTestExecutionListener@4ccfd904, org.springframework.boot.test.mock.mockito.ResetMocksTestExecutionListener@5de25642, org.springframework.boot.test.autoconfigure.restdocs.RestDocsTestExecutionListener@479885d, org.springframework.boot.test.autoconfigure.web.client.MockRestServiceServerResetTestExecutionListener@47609e3d, org.springframework.boot.test.autoconfigure.web.servlet.MockMvcPrintOnlyOnFailureTestExecutionListener@7555782c, org.springframework.boot.test.autoconfigure.web.servlet.WebDriverTestExecutionListener@3aca7082, org.springframework.boot.test.autoconfigure.webservices.client.MockWebServiceServerTestExecutionListener@72b92ce6, org.spockframework.spring.SpringMockTestExecutionListener@31ebc5fa]
2024-04-21 18:31:59.598  WARN 25884 --- [           main] ubernetesProfileEnvironmentPostProcessor : Not running inside kubernetes. Skipping 'kubernetes' profile activation.

  .   ____          _            __ _ _
 /\\ / ___'_ __ _ _(_)_ __  __ _ \ \ \ \
( ( )\___ | '_ | '_| | '_ \/ _` | \ \ \ \
 \\/  ___)| |_)| | | | | || (_| |  ) ) ) )
  '  |____| .__|_| |_|_| |_\__, | / / / /
 =========|_|==============|___/=/_/_/_/
 :: Spring Boot ::                (v2.6.3)

2024-04-21 18:31:59.681  WARN 25884 --- [           main] ubernetesProfileEnvironmentPostProcessor : Not running inside kubernetes. Skipping 'kubernetes' profile activation.
2024-04-21 18:31:59.682  INFO 25884 --- [           main] .k.f.c.CoreTestClientViaSystemProperties : No active profile set, falling back to default profiles: default
2024-04-21 18:32:00.037  INFO 25884 --- [           main] o.s.cloud.context.scope.GenericScope     : BeanFactory id=84b71cfc-8942-3f46-b1ff-f22a03fbdcf2
2024-04-21 18:32:00.448  WARN 25884 --- [           main] i.f.kubernetes.client.internal.SSLUtils  : SSL handshake failed. Falling back to insecure connection.
2024-04-21 18:32:00.449  WARN 25884 --- [           main] i.f.kubernetes.client.internal.SSLUtils  : SSL handshake failed. Falling back to insecure connection.
2024-04-21 18:32:00.637  INFO 25884 --- [           main] o.s.b.a.e.web.EndpointLinksResolver      : Exposing 1 endpoint(s) beneath base path '/actuator'
2024-04-21 18:32:00.668  INFO 25884 --- [           main] .k.f.c.CoreTestClientViaSystemProperties : Started CoreTestClientViaSystemProperties in 1.132 seconds (JVM running for 27.621)
2024-04-21 18:32:00.687  INFO 25884 --- [           main] .b.t.c.SpringBootTestContextBootstrapper : Neither @ContextConfiguration nor @ContextHierarchy found for test class [org.springframework.cloud.kubernetes.fabric8.config.MultipleConfigMapsTests], using SpringBootContextLoader
2024-04-21 18:32:00.688  INFO 25884 --- [           main] o.s.t.c.support.AbstractContextLoader    : Could not detect default resource locations for test class [org.springframework.cloud.kubernetes.fabric8.config.MultipleConfigMapsTests]: no resource found for suffixes {-context.xml, Context.groovy}.
2024-04-21 18:32:00.690  INFO 25884 --- [           main] .b.t.c.SpringBootTestContextBootstrapper : Loaded default TestExecutionListener class names from location [META-INF/spring.factories]: [org.springframework.boot.test.mock.mockito.MockitoTestExecutionListener, org.springframework.boot.test.mock.mockito.ResetMocksTestExecutionListener, org.springframework.boot.test.autoconfigure.restdocs.RestDocsTestExecutionListener, org.springframework.boot.test.autoconfigure.web.client.MockRestServiceServerResetTestExecutionListener, org.springframework.boot.test.autoconfigure.web.servlet.MockMvcPrintOnlyOnFailureTestExecutionListener, org.springframework.boot.test.autoconfigure.web.servlet.WebDriverTestExecutionListener, org.springframework.boot.test.autoconfigure.webservices.client.MockWebServiceServerTestExecutionListener, org.springframework.test.context.web.ServletTestExecutionListener, org.springframework.test.context.support.DirtiesContextBeforeModesTestExecutionListener, org.springframework.test.context.event.ApplicationEventsTestExecutionListener, org.springframework.test.context.support.DependencyInjectionTestExecutionListener, org.springframework.test.context.support.DirtiesContextTestExecutionListener, org.springframework.test.context.transaction.TransactionalTestExecutionListener, org.springframework.test.context.jdbc.SqlScriptsTestExecutionListener, org.springframework.test.context.event.EventPublishingTestExecutionListener, org.spockframework.spring.SpringMockTestExecutionListener]
2024-04-21 18:32:00.692  INFO 25884 --- [           main] .b.t.c.SpringBootTestContextBootstrapper : Using TestExecutionListeners: [org.springframework.test.context.web.ServletTestExecutionListener@5d708ef6, org.springframework.test.context.support.DirtiesContextBeforeModesTestExecutionListener@4d424aea, org.springframework.test.context.event.ApplicationEventsTestExecutionListener@7fcbb24b, org.springframework.boot.test.mock.mockito.MockitoTestExecutionListener@58b69176, org.springframework.boot.test.autoconfigure.SpringBootDependencyInjectionTestExecutionListener@1e8b3a8, org.springframework.test.context.support.DirtiesContextTestExecutionListener@5e22ac65, org.springframework.test.context.event.EventPublishingTestExecutionListener@7cd91400, org.springframework.boot.test.mock.mockito.ResetMocksTestExecutionListener@108817cc, org.springframework.boot.test.autoconfigure.restdocs.RestDocsTestExecutionListener@54398386, org.springframework.boot.test.autoconfigure.web.client.MockRestServiceServerResetTestExecutionListener@1f334ce0, org.springframework.boot.test.autoconfigure.web.servlet.MockMvcPrintOnlyOnFailureTestExecutionListener@2b7e2212, org.springframework.boot.test.autoconfigure.web.servlet.WebDriverTestExecutionListener@7b9866c6, org.springframework.boot.test.autoconfigure.webservices.client.MockWebServiceServerTestExecutionListener@6325ef80, org.spockframework.spring.SpringMockTestExecutionListener@66f4fb48]
2024-04-21 18:32:00.693  INFO 25884 --- [WebServer 34541] okhttp3.mockwebserver.MockWebServer      : MockWebServer[34541] starting to accept connections
2024-04-21 18:32:00.701  INFO 25884 --- [127.0.0.1:44486] okhttp3.mockwebserver.MockWebServer      : MockWebServer[34541] received request: POST /api/v1/namespaces/defnamespace/configmaps HTTP/1.1 and responded: HTTP/1.1 200 OK
2024-04-21 18:32:00.709  INFO 25884 --- [127.0.0.1:44486] okhttp3.mockwebserver.MockWebServer      : MockWebServer[34541] received request: POST /api/v1/namespaces/s2/configmaps HTTP/1.1 and responded: HTTP/1.1 200 OK
2024-04-21 18:32:00.754  INFO 25884 --- [127.0.0.1:44486] okhttp3.mockwebserver.MockWebServer      : MockWebServer[34541] received request: POST /api/v1/namespaces/othernamespace/configmaps HTTP/1.1 and responded: HTTP/1.1 200 OK
2024-04-21 18:32:00.841  WARN 25884 --- [           main] ubernetesProfileEnvironmentPostProcessor : Not running inside kubernetes. Skipping 'kubernetes' profile activation.

  .   ____          _            __ _ _
 /\\ / ___'_ __ _ _(_)_ __  __ _ \ \ \ \
( ( )\___ | '_ | '_| | '_ \/ _` | \ \ \ \
 \\/  ___)| |_)| | | | | || (_| |  ) ) ) )
  '  |____| .__|_| |_|_| |_\__, | / / / /
 =========|_|==============|___/=/_/_/_/
 :: Spring Boot ::                (v2.6.3)

2024-04-21 18:32:00.911  INFO 25884 --- [           main] s.c.k.f.c.Fabric8ConfigMapPropertySource : Loading ConfigMap with name 's1' in namespace 'defnamespace'
2024-04-21 18:32:00.914  INFO 25884 --- [127.0.0.1:44500] okhttp3.mockwebserver.MockWebServer      : MockWebServer[34541] received request: GET /api/v1/namespaces/defnamespace/configmaps/s1 HTTP/1.1 and responded: HTTP/1.1 200 OK
2024-04-21 18:32:00.917  INFO 25884 --- [           main] s.c.k.f.c.Fabric8ConfigMapPropertySource : Loading ConfigMap with name 'defname' in namespace 's2'
2024-04-21 18:32:00.918  INFO 25884 --- [127.0.0.1:44500] okhttp3.mockwebserver.MockWebServer      : MockWebServer[34541] received request: GET /api/v1/namespaces/s2/configmaps/defname HTTP/1.1 and responded: HTTP/1.1 200 OK
2024-04-21 18:32:00.959  INFO 25884 --- [           main] s.c.k.f.c.Fabric8ConfigMapPropertySource : Loading ConfigMap with name 'othername' in namespace 'othernamespace'
2024-04-21 18:32:00.960  INFO 25884 --- [127.0.0.1:44500] okhttp3.mockwebserver.MockWebServer      : MockWebServer[34541] received request: GET /api/v1/namespaces/othernamespace/configmaps/othername HTTP/1.1 and responded: HTTP/1.1 200 OK
2024-04-21 18:32:01.001  INFO 25884 --- [           main] b.c.PropertySourceBootstrapConfiguration : Located property source: [BootstrapPropertySource {name='bootstrapProperties-configmap.othername.othernamespace'}, BootstrapPropertySource {name='bootstrapProperties-configmap.defname.s2'}, BootstrapPropertySource {name='bootstrapProperties-configmap.s1.defnamespace'}]
2024-04-21 18:32:01.004  WARN 25884 --- [           main] ubernetesProfileEnvironmentPostProcessor : Not running inside kubernetes. Skipping 'kubernetes' profile activation.
2024-04-21 18:32:01.004  INFO 25884 --- [           main] o.s.c.k.f.c.MultipleConfigMapsTests      : No active profile set, falling back to default profiles: default
2024-04-21 18:32:01.165  INFO 25884 --- [           main] o.s.cloud.context.scope.GenericScope     : BeanFactory id=012be945-5008-354a-8a47-8e5e16a24aa5
2024-04-21 18:32:01.250  INFO 25884 --- [           main] o.s.b.w.embedded.tomcat.TomcatWebServer  : Tomcat initialized with port(s): 0 (http)
2024-04-21 18:32:01.250  INFO 25884 --- [           main] o.apache.catalina.core.StandardService   : Starting service [Tomcat]
2024-04-21 18:32:01.251  INFO 25884 --- [           main] org.apache.catalina.core.StandardEngine  : Starting Servlet engine: [Apache Tomcat/9.0.56]
2024-04-21 18:32:01.260  INFO 25884 --- [           main] o.a.c.c.C.[Tomcat-10].[localhost].[/]    : Initializing Spring embedded WebApplicationContext
2024-04-21 18:32:01.260  INFO 25884 --- [           main] w.s.c.ServletWebServerApplicationContext : Root WebApplicationContext: initialization completed in 254 ms
2024-04-21 18:32:01.791  INFO 25884 --- [           main] o.s.b.a.e.web.EndpointLinksResolver      : Exposing 1 endpoint(s) beneath base path '/actuator'
2024-04-21 18:32:01.830  INFO 25884 --- [           main] o.s.b.w.embedded.tomcat.TomcatWebServer  : Tomcat started on port(s): 32799 (http) with context path ''
2024-04-21 18:32:01.836  INFO 25884 --- [           main] o.s.c.k.f.c.MultipleConfigMapsTests      : Started MultipleConfigMapsTests in 1.039 seconds (JVM running for 28.789)
2024-04-21 18:32:01.848  INFO 25884 --- [WebServer 34161] okhttp3.mockwebserver.MockWebServer      : MockWebServer[34161] starting to accept connections
2024-04-21 18:32:01.858  INFO 25884 --- [-auto-11-exec-1] o.a.c.c.C.[Tomcat-10].[localhost].[/]    : Initializing Spring DispatcherServlet 'dispatcherServlet'
2024-04-21 18:32:01.858  INFO 25884 --- [-auto-11-exec-1] o.s.web.servlet.DispatcherServlet        : Initializing Servlet 'dispatcherServlet'
2024-04-21 18:32:01.859  INFO 25884 --- [-auto-11-exec-1] o.s.web.servlet.DispatcherServlet        : Completed initialization in 1 ms
2024-04-21 18:32:01.868  INFO 25884 --- [WebServer 34161] okhttp3.mockwebserver.MockWebServer      : MockWebServer[34161] done accepting connections: Socket closed
2024-04-21 18:32:01.874  INFO 25884 --- [WebServer 50595] okhttp3.mockwebserver.MockWebServer      : MockWebServer[50595] starting to accept connections
2024-04-21 18:32:01.877  INFO 25884 --- [WebServer 54061] okhttp3.mockwebserver.MockWebServer      : MockWebServer[54061] starting to accept connections
2024-04-21 18:32:01.878  INFO 25884 --- [           main] o.s.c.k.f.c.Fabric8SecretsPropertySource : Loading Secret with name 'my-config' or with labels [{}] in namespace 'default'
2024-04-21 18:32:01.973  INFO 25884 --- [127.0.0.1:48794] okhttp3.mockwebserver.MockWebServer      : MockWebServer[54061] received request: GET /api/v1/namespaces/default/secrets/my-config HTTP/1.1 and responded: HTTP/1.1 500 Server Error
2024-04-21 18:32:02.015  WARN 25884 --- [           main] o.s.c.k.f.c.Fabric8SecretsPropertySource : Can't read secret with name: [my-config] or labels [{}] in namespace: [default] (cause: Failure executing: GET at: https://localhost:54061/api/v1/namespaces/default/secrets/my-config. Message: Internal Server Error.). Ignoring
2024-04-21 18:32:02.015  INFO 25884 --- [WebServer 54061] okhttp3.mockwebserver.MockWebServer      : MockWebServer[54061] done accepting connections: Socket closed
2024-04-21 18:32:02.024  INFO 25884 --- [           main] .b.t.c.SpringBootTestContextBootstrapper : Neither @ContextConfiguration nor @ContextHierarchy found for test class [org.springframework.cloud.kubernetes.fabric8.config.Fabric8ActuatorTests$EnabledHealthTest], using SpringBootContextLoader
2024-04-21 18:32:02.025  INFO 25884 --- [           main] o.s.t.c.support.AbstractContextLoader    : Could not detect default resource locations for test class [org.springframework.cloud.kubernetes.fabric8.config.Fabric8ActuatorTests$EnabledHealthTest]: no resource found for suffixes {-context.xml, Context.groovy}.
2024-04-21 18:32:02.026  INFO 25884 --- [           main] .b.t.c.SpringBootTestContextBootstrapper : Loaded default TestExecutionListener class names from location [META-INF/spring.factories]: [org.springframework.boot.test.mock.mockito.MockitoTestExecutionListener, org.springframework.boot.test.mock.mockito.ResetMocksTestExecutionListener, org.springframework.boot.test.autoconfigure.restdocs.RestDocsTestExecutionListener, org.springframework.boot.test.autoconfigure.web.client.MockRestServiceServerResetTestExecutionListener, org.springframework.boot.test.autoconfigure.web.servlet.MockMvcPrintOnlyOnFailureTestExecutionListener, org.springframework.boot.test.autoconfigure.web.servlet.WebDriverTestExecutionListener, org.springframework.boot.test.autoconfigure.webservices.client.MockWebServiceServerTestExecutionListener, org.springframework.test.context.web.ServletTestExecutionListener, org.springframework.test.context.support.DirtiesContextBeforeModesTestExecutionListener, org.springframework.test.context.event.ApplicationEventsTestExecutionListener, org.springframework.test.context.support.DependencyInjectionTestExecutionListener, org.springframework.test.context.support.DirtiesContextTestExecutionListener, org.springframework.test.context.transaction.TransactionalTestExecutionListener, org.springframework.test.context.jdbc.SqlScriptsTestExecutionListener, org.springframework.test.context.event.EventPublishingTestExecutionListener, org.spockframework.spring.SpringMockTestExecutionListener]
2024-04-21 18:32:02.028  INFO 25884 --- [           main] .b.t.c.SpringBootTestContextBootstrapper : Using TestExecutionListeners: [org.springframework.test.context.web.ServletTestExecutionListener@1f4e9eee, org.springframework.test.context.support.DirtiesContextBeforeModesTestExecutionListener@aca89a3, org.springframework.test.context.event.ApplicationEventsTestExecutionListener@7122b1ff, org.springframework.boot.test.mock.mockito.MockitoTestExecutionListener@fadd58, org.springframework.boot.test.autoconfigure.SpringBootDependencyInjectionTestExecutionListener@6ba88a47, org.springframework.test.context.support.DirtiesContextTestExecutionListener@35f18100, org.springframework.test.context.event.EventPublishingTestExecutionListener@51386308, org.springframework.boot.test.mock.mockito.ResetMocksTestExecutionListener@7fe646a, org.springframework.boot.test.autoconfigure.restdocs.RestDocsTestExecutionListener@28ab3c60, org.springframework.boot.test.autoconfigure.web.client.MockRestServiceServerResetTestExecutionListener@11eb41f4, org.springframework.boot.test.autoconfigure.web.servlet.MockMvcPrintOnlyOnFailureTestExecutionListener@35950e2, org.springframework.boot.test.autoconfigure.web.servlet.WebDriverTestExecutionListener@77f0b9d7, org.springframework.boot.test.autoconfigure.webservices.client.MockWebServiceServerTestExecutionListener@6c9c375, org.spockframework.spring.SpringMockTestExecutionListener@4de6c6b9]
2024-04-21 18:32:02.089  WARN 25884 --- [           main] ubernetesProfileEnvironmentPostProcessor : Not running inside kubernetes. Skipping 'kubernetes' profile activation.

  .   ____          _            __ _ _
 /\\ / ___'_ __ _ _(_)_ __  __ _ \ \ \ \
( ( )\___ | '_ | '_| | '_ \/ _` | \ \ \ \
 \\/  ___)| |_)| | | | | || (_| |  ) ) ) )
  '  |____| .__|_| |_|_| |_\__, | / / / /
 =========|_|==============|___/=/_/_/_/
 :: Spring Boot ::                (v2.6.3)

2024-04-21 18:32:02.153  WARN 25884 --- [           main] ubernetesProfileEnvironmentPostProcessor : Not running inside kubernetes. Skipping 'kubernetes' profile activation.
2024-04-21 18:32:02.153  INFO 25884 --- [           main] c.Fabric8ActuatorTests$EnabledHealthTest : No active profile set, falling back to default profiles: default
2024-04-21 18:32:02.312  INFO 25884 --- [           main] o.s.cloud.context.scope.GenericScope     : BeanFactory id=cf6232b6-8180-3b95-aacc-818afebc75eb
2024-04-21 18:32:02.413  INFO 25884 --- [           main] o.s.b.w.embedded.tomcat.TomcatWebServer  : Tomcat initialized with port(s): 0 (http)
2024-04-21 18:32:02.414  INFO 25884 --- [           main] o.apache.catalina.core.StandardService   : Starting service [Tomcat]
2024-04-21 18:32:02.414  INFO 25884 --- [           main] org.apache.catalina.core.StandardEngine  : Starting Servlet engine: [Apache Tomcat/9.0.56]
2024-04-21 18:32:02.422  INFO 25884 --- [           main] o.a.c.c.C.[Tomcat-11].[localhost].[/]    : Initializing Spring embedded WebApplicationContext
2024-04-21 18:32:02.422  INFO 25884 --- [           main] w.s.c.ServletWebServerApplicationContext : Root WebApplicationContext: initialization completed in 268 ms
2024-04-21 18:32:03.029  INFO 25884 --- [           main] o.s.b.a.e.web.EndpointLinksResolver      : Exposing 1 endpoint(s) beneath base path '/actuator'
2024-04-21 18:32:03.065  INFO 25884 --- [           main] o.s.b.w.embedded.tomcat.TomcatWebServer  : Tomcat started on port(s): 44191 (http) with context path ''
2024-04-21 18:32:03.070  INFO 25884 --- [           main] c.Fabric8ActuatorTests$EnabledHealthTest : Started Fabric8ActuatorTests.EnabledHealthTest in 1.041 seconds (JVM running for 30.023)
2024-04-21 18:32:03.084  INFO 25884 --- [-auto-12-exec-1] o.a.c.c.C.[Tomcat-11].[localhost].[/]    : Initializing Spring DispatcherServlet 'dispatcherServlet'
2024-04-21 18:32:03.086  INFO 25884 --- [-auto-12-exec-1] o.s.web.servlet.DispatcherServlet        : Initializing Servlet 'dispatcherServlet'
2024-04-21 18:32:03.087  INFO 25884 --- [-auto-12-exec-1] o.s.web.servlet.DispatcherServlet        : Completed initialization in 0 ms
2024-04-21 18:32:03.131  INFO 25884 --- [WebServer 50433] okhttp3.mockwebserver.MockWebServer      : MockWebServer[50433] starting to accept connections
2024-04-21 18:32:03.134  INFO 25884 --- [WebServer 60991] okhttp3.mockwebserver.MockWebServer      : MockWebServer[60991] starting to accept connections
2024-04-21 18:32:03.134  INFO 25884 --- [           main] .b.t.c.SpringBootTestContextBootstrapper : Neither @ContextConfiguration nor @ContextHierarchy found for test class [org.springframework.cloud.kubernetes.fabric8.config.Fabric8SecretsPropertySourceLocatorRetryTests$SecretsRetryEnabled], using SpringBootContextLoader
2024-04-21 18:32:03.135  INFO 25884 --- [           main] o.s.t.c.support.AbstractContextLoader    : Could not detect default resource locations for test class [org.springframework.cloud.kubernetes.fabric8.config.Fabric8SecretsPropertySourceLocatorRetryTests$SecretsRetryEnabled]: no resource found for suffixes {-context.xml, Context.groovy}.
2024-04-21 18:32:03.136  INFO 25884 --- [           main] .b.t.c.SpringBootTestContextBootstrapper : Loaded default TestExecutionListener class names from location [META-INF/spring.factories]: [org.springframework.boot.test.mock.mockito.MockitoTestExecutionListener, org.springframework.boot.test.mock.mockito.ResetMocksTestExecutionListener, org.springframework.boot.test.autoconfigure.restdocs.RestDocsTestExecutionListener, org.springframework.boot.test.autoconfigure.web.client.MockRestServiceServerResetTestExecutionListener, org.springframework.boot.test.autoconfigure.web.servlet.MockMvcPrintOnlyOnFailureTestExecutionListener, org.springframework.boot.test.autoconfigure.web.servlet.WebDriverTestExecutionListener, org.springframework.boot.test.autoconfigure.webservices.client.MockWebServiceServerTestExecutionListener, org.springframework.test.context.web.ServletTestExecutionListener, org.springframework.test.context.support.DirtiesContextBeforeModesTestExecutionListener, org.springframework.test.context.event.ApplicationEventsTestExecutionListener, org.springframework.test.context.support.DependencyInjectionTestExecutionListener, org.springframework.test.context.support.DirtiesContextTestExecutionListener, org.springframework.test.context.transaction.TransactionalTestExecutionListener, org.springframework.test.context.jdbc.SqlScriptsTestExecutionListener, org.springframework.test.context.event.EventPublishingTestExecutionListener, org.spockframework.spring.SpringMockTestExecutionListener]
2024-04-21 18:32:03.137  INFO 25884 --- [           main] .b.t.c.SpringBootTestContextBootstrapper : Using TestExecutionListeners: [org.springframework.test.context.web.ServletTestExecutionListener@48b3ce9b, org.springframework.test.context.support.DirtiesContextBeforeModesTestExecutionListener@6b7ff02a, org.springframework.test.context.event.ApplicationEventsTestExecutionListener@56fdb4db, org.springframework.boot.test.mock.mockito.MockitoTestExecutionListener@e287fd1, org.springframework.boot.test.autoconfigure.SpringBootDependencyInjectionTestExecutionListener@5839bf99, org.springframework.test.context.support.DirtiesContextTestExecutionListener@4c53ea14, org.springframework.test.context.event.EventPublishingTestExecutionListener@77b3c429, org.springframework.boot.test.mock.mockito.ResetMocksTestExecutionListener@3aa8ebf9, org.springframework.boot.test.autoconfigure.restdocs.RestDocsTestExecutionListener@2ff84e42, org.springframework.boot.test.autoconfigure.web.client.MockRestServiceServerResetTestExecutionListener@7ca802e3, org.springframework.boot.test.autoconfigure.web.servlet.MockMvcPrintOnlyOnFailureTestExecutionListener@15d313d3, org.springframework.boot.test.autoconfigure.web.servlet.WebDriverTestExecutionListener@68d9d5b3, org.springframework.boot.test.autoconfigure.webservices.client.MockWebServiceServerTestExecutionListener@5be0cb4, org.spockframework.spring.SpringMockTestExecutionListener@393db9fa]
2024-04-21 18:32:03.140  INFO 25884 --- [WebServer 45767] okhttp3.mockwebserver.MockWebServer      : MockWebServer[45767] starting to accept connections
2024-04-21 18:32:03.143  INFO 25884 --- [           main] o.s.c.k.f.c.Fabric8SecretsPropertySource : Loading Secret with name 'my-secret' or with labels [{}] in namespace 'default'
2024-04-21 18:32:03.144  INFO 25884 --- [127.0.0.1:35240] okhttp3.mockwebserver.MockWebServer      : MockWebServer[57679] received request: GET /api/v1/namespaces/default/secrets/my-secret HTTP/1.1 and responded: HTTP/1.1 404 Client Error
2024-04-21 18:32:03.145  WARN 25884 --- [           main] o.s.c.k.f.c.Fabric8SecretsPropertySource : secret with name : my-secret in namespace : default not found
2024-04-21 18:32:03.146  INFO 25884 --- [127.0.0.1:35240] okhttp3.mockwebserver.MockWebServer      : MockWebServer[57679] received request: GET /api/v1/namespaces/default/secrets HTTP/1.1 and responded: HTTP/1.1 200 OK
2024-04-21 18:32:03.195  INFO 25884 --- [WebServer 45767] okhttp3.mockwebserver.MockWebServer      : MockWebServer[45767] done accepting connections: Socket closed
java.lang.AssertionError: 
Expecting code to raise a throwable.
	at org.springframework.cloud.kubernetes.fabric8.config.Fabric8SecretsPropertySourceLocatorRetryTests$SecretsRetryEnabled.locateShouldRetryAndFail(Fabric8SecretsPropertySourceLocatorRetryTests.java:136)
	at sun.reflect.NativeMethodAccessorImpl.invoke0(Native Method)
	at sun.reflect.NativeMethodAccessorImpl.invoke(NativeMethodAccessorImpl.java:62)
	at sun.reflect.DelegatingMethodAccessorImpl.invoke(DelegatingMethodAccessorImpl.java:43)
	at java.lang.reflect.Method.invoke(Method.java:498)
	at org.junit.platform.commons.util.ReflectionUtils.invokeMethod(ReflectionUtils.java:725)
	at org.junit.jupiter.engine.execution.MethodInvocation.proceed(MethodInvocation.java:60)
	at org.junit.jupiter.engine.execution.InvocationInterceptorChain$ValidatingInvocation.proceed(InvocationInterceptorChain.java:131)
	at org.junit.jupiter.engine.extension.TimeoutExtension.intercept(TimeoutExtension.java:149)
	at org.junit.jupiter.engine.extension.TimeoutExtension.interceptTestableMethod(TimeoutExtension.java:140)
	at org.junit.jupiter.engine.extension.TimeoutExtension.interceptTestMethod(TimeoutExtension.java:84)
	at org.junit.jupiter.engine.execution.ExecutableInvoker$ReflectiveInterceptorCall.lambda$ofVoidMethod$0(ExecutableInvoker.java:115)
	at org.junit.jupiter.engine.execution.ExecutableInvoker.lambda$invoke$0(ExecutableInvoker.java:105)
	at org.junit.jupiter.engine.execution.InvocationInterceptorChain$InterceptedInvocation.proceed(InvocationInterceptorChain.java:106)
	at org.junit.jupiter.engine.execution.InvocationInterceptorChain.proceed(InvocationInterceptorChain.java:64)
	at org.junit.jupiter.engine.execution.InvocationInterceptorChain.chainAndInvoke(InvocationInterceptorChain.java:45)
	at org.junit.jupiter.engine.execution.InvocationInterceptorChain.invoke(InvocationInterceptorChain.java:37)
	at org.junit.jupiter.engine.execution.ExecutableInvoker.invoke(ExecutableInvoker.java:104)
	at org.junit.jupiter.engine.execution.ExecutableInvoker.invoke(ExecutableInvoker.java:98)
	at org.junit.jupiter.engine.descriptor.TestMethodTestDescriptor.lambda$invokeTestMethod$7(TestMethodTestDescriptor.java:214)
	at org.junit.platform.engine.support.hierarchical.ThrowableCollector.execute(ThrowableCollector.java:73)
	at org.junit.jupiter.engine.descriptor.TestMethodTestDescriptor.invokeTestMethod(TestMethodTestDescriptor.java:210)
	at org.junit.jupiter.engine.descriptor.TestMethodTestDescriptor.execute(TestMethodTestDescriptor.java:135)
	at org.junit.jupiter.engine.descriptor.TestMethodTestDescriptor.execute(TestMethodTestDescriptor.java:66)
	at org.junit.platform.engine.support.hierarchical.NodeTestTask.lambda$executeRecursively$6(NodeTestTask.java:151)
	at org.junit.platform.engine.support.hierarchical.ThrowableCollector.execute(ThrowableCollector.java:73)
	at org.junit.platform.engine.support.hierarchical.NodeTestTask.lambda$executeRecursively$8(NodeTestTask.java:141)
	at org.junit.platform.engine.support.hierarchical.Node.around(Node.java:137)
	at org.junit.platform.engine.support.hierarchical.NodeTestTask.lambda$executeRecursively$9(NodeTestTask.java:139)
	at org.junit.platform.engine.support.hierarchical.ThrowableCollector.execute(ThrowableCollector.java:73)
	at org.junit.platform.engine.support.hierarchical.NodeTestTask.executeRecursively(NodeTestTask.java:138)
	at org.junit.platform.engine.support.hierarchical.NodeTestTask.execute(NodeTestTask.java:95)
	at java.util.ArrayList.forEach(ArrayList.java:1259)
	at org.junit.platform.engine.support.hierarchical.SameThreadHierarchicalTestExecutorService.invokeAll(SameThreadHierarchicalTestExecutorService.java:41)
	at org.junit.platform.engine.support.hierarchical.NodeTestTask.lambda$executeRecursively$6(NodeTestTask.java:155)
	at org.junit.platform.engine.support.hierarchical.ThrowableCollector.execute(ThrowableCollector.java:73)
	at org.junit.platform.engine.support.hierarchical.NodeTestTask.lambda$executeRecursively$8(NodeTestTask.java:141)
	at org.junit.platform.engine.support.hierarchical.Node.around(Node.java:137)
	at org.junit.platform.engine.support.hierarchical.NodeTestTask.lambda$executeRecursively$9(NodeTestTask.java:139)
	at org.junit.platform.engine.support.hierarchical.ThrowableCollector.execute(ThrowableCollector.java:73)
	at org.junit.platform.engine.support.hierarchical.NodeTestTask.executeRecursively(NodeTestTask.java:138)
	at org.junit.platform.engine.support.hierarchical.NodeTestTask.execute(NodeTestTask.java:95)
	at java.util.ArrayList.forEach(ArrayList.java:1259)
	at org.junit.platform.engine.support.hierarchical.SameThreadHierarchicalTestExecutorService.invokeAll(SameThreadHierarchicalTestExecutorService.java:41)
	at org.junit.platform.engine.support.hierarchical.NodeTestTask.lambda$executeRecursively$6(NodeTestTask.java:155)
	at org.junit.platform.engine.support.hierarchical.ThrowableCollector.execute(ThrowableCollector.java:73)
	at org.junit.platform.engine.support.hierarchical.NodeTestTask.lambda$executeRecursively$8(NodeTestTask.java:141)
	at org.junit.platform.engine.support.hierarchical.Node.around(Node.java:137)
	at org.junit.platform.engine.support.hierarchical.NodeTestTask.lambda$executeRecursively$9(NodeTestTask.java:139)
	at org.junit.platform.engine.support.hierarchical.ThrowableCollector.execute(ThrowableCollector.java:73)
	at org.junit.platform.engine.support.hierarchical.NodeTestTask.executeRecursively(NodeTestTask.java:138)
	at org.junit.platform.engine.support.hierarchical.NodeTestTask.execute(NodeTestTask.java:95)
	at java.util.ArrayList.forEach(ArrayList.java:1259)
	at org.junit.platform.engine.support.hierarchical.SameThreadHierarchicalTestExecutorService.invokeAll(SameThreadHierarchicalTestExecutorService.java:41)
	at org.junit.platform.engine.support.hierarchical.NodeTestTask.lambda$executeRecursively$6(NodeTestTask.java:155)
	at org.junit.platform.engine.support.hierarchical.ThrowableCollector.execute(ThrowableCollector.java:73)
	at org.junit.platform.engine.support.hierarchical.NodeTestTask.lambda$executeRecursively$8(NodeTestTask.java:141)
	at org.junit.platform.engine.support.hierarchical.Node.around(Node.java:137)
	at org.junit.platform.engine.support.hierarchical.NodeTestTask.lambda$executeRecursively$9(NodeTestTask.java:139)
	at org.junit.platform.engine.support.hierarchical.ThrowableCollector.execute(ThrowableCollector.java:73)
	at org.junit.platform.engine.support.hierarchical.NodeTestTask.executeRecursively(NodeTestTask.java:138)
	at org.junit.platform.engine.support.hierarchical.NodeTestTask.execute(NodeTestTask.java:95)
	at org.junit.platform.engine.support.hierarchical.SameThreadHierarchicalTestExecutorService.submit(SameThreadHierarchicalTestExecutorService.java:35)
	at org.junit.platform.engine.support.hierarchical.HierarchicalTestExecutor.execute(HierarchicalTestExecutor.java:57)
	at org.junit.platform.engine.support.hierarchical.HierarchicalTestEngine.execute(HierarchicalTestEngine.java:54)
	at org.junit.platform.launcher.core.DefaultLauncher.execute(DefaultLauncher.java:170)
	at org.junit.platform.launcher.core.DefaultLauncher.execute(DefaultLauncher.java:154)
	at org.junit.platform.launcher.core.DefaultLauncher.execute(DefaultLauncher.java:90)
	at edu.illinois.cs.testrunner.execution.JUnit5TestExecutor.runTestsSeparately(JUnit5TestExecutor.java:40)
	at edu.illinois.cs.testrunner.execution.Executor$.$anonfun$run$1(Executor.scala:33)
	at scala.runtime.java8.JFunction0$mcV$sp.apply(JFunction0$mcV$sp.java:12)
	at scala.util.Try$.apply(Try.scala:209)
	at edu.illinois.cs.testrunner.execution.Executor$.run(Executor.scala:28)
	at edu.illinois.cs.testrunner.execution.Executor$.main(Executor.scala:18)
	at edu.illinois.cs.testrunner.execution.Executor.main(Executor.scala)
2024-04-21 18:32:03.201  INFO 25884 --- [WebServer 43287] okhttp3.mockwebserver.MockWebServer      : MockWebServer[43287] starting to accept connections
2024-04-21 18:32:03.203  INFO 25884 --- [WebServer 56921] okhttp3.mockwebserver.MockWebServer      : MockWebServer[56921] starting to accept connections
2024-04-21 18:32:03.240  WARN 25884 --- [           main] ubernetesProfileEnvironmentPostProcessor : Not running inside kubernetes. Skipping 'kubernetes' profile activation.

  .   ____          _            __ _ _
 /\\ / ___'_ __ _ _(_)_ __  __ _ \ \ \ \
( ( )\___ | '_ | '_| | '_ \/ _` | \ \ \ \
 \\/  ___)| |_)| | | | | || (_| |  ) ) ) )
  '  |____| .__|_| |_|_| |_\__, | / / / /
 =========|_|==============|___/=/_/_/_/
 :: Spring Boot ::                (v2.6.3)

2024-04-21 18:32:03.313  INFO 25884 --- [           main] s.c.k.f.c.Fabric8ConfigMapPropertySource : Loading ConfigMap with name 'application' in namespace 'default'
2024-04-21 18:32:03.410  INFO 25884 --- [127.0.0.1:35226] okhttp3.mockwebserver.MockWebServer      : MockWebServer[50433] received request: GET /api/v1/namespaces/default/configmaps/application HTTP/1.1 and responded: HTTP/1.1 404 Client Error
2024-04-21 18:32:03.418  INFO 25884 --- [           main] o.s.c.k.f.config.Fabric8ConfigUtils      : config-map with name : 'application' not present in namespace : 'default'
2024-04-21 18:32:03.418  INFO 25884 --- [           main] b.c.PropertySourceBootstrapConfiguration : Located property source: [BootstrapPropertySource {name='bootstrapProperties-configmap.application.default'}]
2024-04-21 18:32:03.422  WARN 25884 --- [           main] ubernetesProfileEnvironmentPostProcessor : Not running inside kubernetes. Skipping 'kubernetes' profile activation.
2024-04-21 18:32:03.423  INFO 25884 --- [           main] e.i.cs.testrunner.execution.Executor$    : No active profile set, falling back to default profiles: default
2024-04-21 18:32:03.458  INFO 25884 --- [           main] o.s.cloud.context.scope.GenericScope     : BeanFactory id=9e8f334d-ea3e-3bac-a635-d33d7314ddc7
2024-04-21 18:32:03.463  INFO 25884 --- [           main] e.i.cs.testrunner.execution.Executor$    : Started Executor. in 0.258 seconds (JVM running for 30.416)
2024-04-21 18:32:03.465  INFO 25884 --- [WebServer 56921] okhttp3.mockwebserver.MockWebServer      : MockWebServer[56921] done accepting connections: Socket closed
2024-04-21 18:32:03.470  INFO 25884 --- [           main] .b.t.c.SpringBootTestContextBootstrapper : Neither @ContextConfiguration nor @ContextHierarchy found for test class [org.springframework.cloud.kubernetes.fabric8.config.Fabric8BootstrapConfigurationTests$KubernetesEnabledConfigDisabled], using SpringBootContextLoader
2024-04-21 18:32:03.471  INFO 25884 --- [           main] o.s.t.c.support.AbstractContextLoader    : Could not detect default resource locations for test class [org.springframework.cloud.kubernetes.fabric8.config.Fabric8BootstrapConfigurationTests$KubernetesEnabledConfigDisabled]: no resource found for suffixes {-context.xml, Context.groovy}.
2024-04-21 18:32:03.473  INFO 25884 --- [           main] .b.t.c.SpringBootTestContextBootstrapper : Loaded default TestExecutionListener class names from location [META-INF/spring.factories]: [org.springframework.boot.test.mock.mockito.MockitoTestExecutionListener, org.springframework.boot.test.mock.mockito.ResetMocksTestExecutionListener, org.springframework.boot.test.autoconfigure.restdocs.RestDocsTestExecutionListener, org.springframework.boot.test.autoconfigure.web.client.MockRestServiceServerResetTestExecutionListener, org.springframework.boot.test.autoconfigure.web.servlet.MockMvcPrintOnlyOnFailureTestExecutionListener, org.springframework.boot.test.autoconfigure.web.servlet.WebDriverTestExecutionListener, org.springframework.boot.test.autoconfigure.webservices.client.MockWebServiceServerTestExecutionListener, org.springframework.test.context.web.ServletTestExecutionListener, org.springframework.test.context.support.DirtiesContextBeforeModesTestExecutionListener, org.springframework.test.context.event.ApplicationEventsTestExecutionListener, org.springframework.test.context.support.DependencyInjectionTestExecutionListener, org.springframework.test.context.support.DirtiesContextTestExecutionListener, org.springframework.test.context.transaction.TransactionalTestExecutionListener, org.springframework.test.context.jdbc.SqlScriptsTestExecutionListener, org.springframework.test.context.event.EventPublishingTestExecutionListener, org.spockframework.spring.SpringMockTestExecutionListener]
2024-04-21 18:32:03.475  INFO 25884 --- [           main] .b.t.c.SpringBootTestContextBootstrapper : Using TestExecutionListeners: [org.springframework.test.context.web.ServletTestExecutionListener@5b95557f, org.springframework.test.context.support.DirtiesContextBeforeModesTestExecutionListener@1253fada, org.springframework.test.context.event.ApplicationEventsTestExecutionListener@3cc135a9, org.springframework.boot.test.mock.mockito.MockitoTestExecutionListener@165348d0, org.springframework.boot.test.autoconfigure.SpringBootDependencyInjectionTestExecutionListener@679cd9c8, org.springframework.test.context.support.DirtiesContextTestExecutionListener@6a146acb, org.springframework.test.context.event.EventPublishingTestExecutionListener@5fcd665d, org.springframework.boot.test.mock.mockito.ResetMocksTestExecutionListener@5354b0bc, org.springframework.boot.test.autoconfigure.restdocs.RestDocsTestExecutionListener@52076187, org.springframework.boot.test.autoconfigure.web.client.MockRestServiceServerResetTestExecutionListener@1b0c0b3e, org.springframework.boot.test.autoconfigure.web.servlet.MockMvcPrintOnlyOnFailureTestExecutionListener@2fc7698c, org.springframework.boot.test.autoconfigure.web.servlet.WebDriverTestExecutionListener@5960fd98, org.springframework.boot.test.autoconfigure.webservices.client.MockWebServiceServerTestExecutionListener@3082b46a, org.spockframework.spring.SpringMockTestExecutionListener@4b2c1cbf]
2024-04-21 18:32:03.529  WARN 25884 --- [           main] ubernetesProfileEnvironmentPostProcessor : Not running inside kubernetes. Skipping 'kubernetes' profile activation.

  .   ____          _            __ _ _
 /\\ / ___'_ __ _ _(_)_ __  __ _ \ \ \ \
( ( )\___ | '_ | '_| | '_ \/ _` | \ \ \ \
 \\/  ___)| |_)| | | | | || (_| |  ) ) ) )
  '  |____| .__|_| |_|_| |_\__, | / / / /
 =========|_|==============|___/=/_/_/_/
 :: Spring Boot ::                (v2.6.3)

2024-04-21 18:32:03.613  WARN 25884 --- [           main] ubernetesProfileEnvironmentPostProcessor : Not running inside kubernetes. Skipping 'kubernetes' profile activation.
2024-04-21 18:32:03.613  INFO 25884 --- [           main] ionTests$KubernetesEnabledConfigDisabled : No active profile set, falling back to default profiles: default
2024-04-21 18:32:03.906  INFO 25884 --- [           main] o.s.cloud.context.scope.GenericScope     : BeanFactory id=c633168c-f5dc-39ae-b0b9-99689feeff1d
2024-04-21 18:32:03.989  INFO 25884 --- [           main] o.s.b.w.embedded.tomcat.TomcatWebServer  : Tomcat initialized with port(s): 0 (http)
2024-04-21 18:32:03.989  INFO 25884 --- [           main] o.apache.catalina.core.StandardService   : Starting service [Tomcat]
2024-04-21 18:32:03.989  INFO 25884 --- [           main] org.apache.catalina.core.StandardEngine  : Starting Servlet engine: [Apache Tomcat/9.0.56]
2024-04-21 18:32:03.998  INFO 25884 --- [           main] o.a.c.c.C.[Tomcat-12].[localhost].[/]    : Initializing Spring embedded WebApplicationContext
2024-04-21 18:32:03.998  INFO 25884 --- [           main] w.s.c.ServletWebServerApplicationContext : Root WebApplicationContext: initialization completed in 384 ms
2024-04-21 18:32:04.547  INFO 25884 --- [           main] o.s.b.a.e.web.EndpointLinksResolver      : Exposing 1 endpoint(s) beneath base path '/actuator'
2024-04-21 18:32:04.586  INFO 25884 --- [           main] o.s.b.w.embedded.tomcat.TomcatWebServer  : Tomcat started on port(s): 41401 (http) with context path ''
2024-04-21 18:32:04.592  INFO 25884 --- [           main] ionTests$KubernetesEnabledConfigDisabled : Started Fabric8BootstrapConfigurationTests.KubernetesEnabledConfigDisabled in 1.116 seconds (JVM running for 31.546)
2024-04-21 18:32:04.604  INFO 25884 --- [WebServer 39347] okhttp3.mockwebserver.MockWebServer      : MockWebServer[39347] starting to accept connections
2024-04-21 18:32:04.609  INFO 25884 --- [WebServer 49237] okhttp3.mockwebserver.MockWebServer      : MockWebServer[49237] starting to accept connections
2024-04-21 18:32:04.610  INFO 25884 --- [           main] o.s.c.k.f.c.Fabric8SecretsPropertySource : Loading Secret with name 'my-config' or with labels [{}] in namespace 'default'
2024-04-21 18:32:04.706  INFO 25884 --- [127.0.0.1:50294] okhttp3.mockwebserver.MockWebServer      : MockWebServer[39347] received request: GET /api/v1/namespaces/default/secrets/my-config HTTP/1.1 and responded: HTTP/1.1 500 Server Error
2024-04-21 18:32:04.749  INFO 25884 --- [WebServer 49237] okhttp3.mockwebserver.MockWebServer      : MockWebServer[49237] done accepting connections: Socket closed
2024-04-21 18:32:04.756  INFO 25884 --- [           main] .b.t.c.SpringBootTestContextBootstrapper : Neither @ContextConfiguration nor @ContextHierarchy found for test class [org.springframework.cloud.kubernetes.fabric8.config.ConfigMapWithIncludeProfileSpecificSourcesTests], using SpringBootContextLoader
2024-04-21 18:32:04.758  INFO 25884 --- [           main] o.s.t.c.support.AbstractContextLoader    : Could not detect default resource locations for test class [org.springframework.cloud.kubernetes.fabric8.config.ConfigMapWithIncludeProfileSpecificSourcesTests]: no resource found for suffixes {-context.xml, Context.groovy}.
2024-04-21 18:32:04.764  INFO 25884 --- [           main] .b.t.c.SpringBootTestContextBootstrapper : Loaded default TestExecutionListener class names from location [META-INF/spring.factories]: [org.springframework.boot.test.mock.mockito.MockitoTestExecutionListener, org.springframework.boot.test.mock.mockito.ResetMocksTestExecutionListener, org.springframework.boot.test.autoconfigure.restdocs.RestDocsTestExecutionListener, org.springframework.boot.test.autoconfigure.web.client.MockRestServiceServerResetTestExecutionListener, org.springframework.boot.test.autoconfigure.web.servlet.MockMvcPrintOnlyOnFailureTestExecutionListener, org.springframework.boot.test.autoconfigure.web.servlet.WebDriverTestExecutionListener, org.springframework.boot.test.autoconfigure.webservices.client.MockWebServiceServerTestExecutionListener, org.springframework.test.context.web.ServletTestExecutionListener, org.springframework.test.context.support.DirtiesContextBeforeModesTestExecutionListener, org.springframework.test.context.event.ApplicationEventsTestExecutionListener, org.springframework.test.context.support.DependencyInjectionTestExecutionListener, org.springframework.test.context.support.DirtiesContextTestExecutionListener, org.springframework.test.context.transaction.TransactionalTestExecutionListener, org.springframework.test.context.jdbc.SqlScriptsTestExecutionListener, org.springframework.test.context.event.EventPublishingTestExecutionListener, org.spockframework.spring.SpringMockTestExecutionListener]
2024-04-21 18:32:04.767  INFO 25884 --- [           main] .b.t.c.SpringBootTestContextBootstrapper : Using TestExecutionListeners: [org.springframework.test.context.web.ServletTestExecutionListener@1500c6e7, org.springframework.test.context.support.DirtiesContextBeforeModesTestExecutionListener@413d15d5, org.springframework.test.context.event.ApplicationEventsTestExecutionListener@5ffac740, org.springframework.boot.test.mock.mockito.MockitoTestExecutionListener@247c43c6, org.springframework.boot.test.autoconfigure.SpringBootDependencyInjectionTestExecutionListener@37d88e50, org.springframework.test.context.support.DirtiesContextTestExecutionListener@1ee2b6c3, org.springframework.test.context.event.EventPublishingTestExecutionListener@17abb298, org.springframework.boot.test.mock.mockito.ResetMocksTestExecutionListener@510fb1d8, org.springframework.boot.test.autoconfigure.restdocs.RestDocsTestExecutionListener@22d61fa7, org.springframework.boot.test.autoconfigure.web.client.MockRestServiceServerResetTestExecutionListener@2989e190, org.springframework.boot.test.autoconfigure.web.servlet.MockMvcPrintOnlyOnFailureTestExecutionListener@637ca94b, org.springframework.boot.test.autoconfigure.web.servlet.WebDriverTestExecutionListener@4fd1458d, org.springframework.boot.test.autoconfigure.webservices.client.MockWebServiceServerTestExecutionListener@5d6850f7, org.spockframework.spring.SpringMockTestExecutionListener@3b8bbfab]
2024-04-21 18:32:04.773  INFO 25884 --- [WebServer 52129] okhttp3.mockwebserver.MockWebServer      : MockWebServer[52129] starting to accept connections
2024-04-21 18:32:04.781  INFO 25884 --- [127.0.0.1:45262] okhttp3.mockwebserver.MockWebServer      : MockWebServer[52129] received request: POST /api/v1/namespaces/spring-k8s/configmaps HTTP/1.1 and responded: HTTP/1.1 200 OK
2024-04-21 18:32:04.788  INFO 25884 --- [127.0.0.1:45262] okhttp3.mockwebserver.MockWebServer      : MockWebServer[52129] received request: POST /api/v1/namespaces/spring-k8s/configmaps HTTP/1.1 and responded: HTTP/1.1 200 OK
2024-04-21 18:32:04.837  INFO 25884 --- [127.0.0.1:45262] okhttp3.mockwebserver.MockWebServer      : MockWebServer[52129] received request: POST /api/v1/namespaces/spring-k8s/configmaps HTTP/1.1 and responded: HTTP/1.1 200 OK
2024-04-21 18:32:04.885  INFO 25884 --- [127.0.0.1:45262] okhttp3.mockwebserver.MockWebServer      : MockWebServer[52129] received request: POST /api/v1/namespaces/spring-k8s/configmaps HTTP/1.1 and responded: HTTP/1.1 200 OK
2024-04-21 18:32:04.933  INFO 25884 --- [127.0.0.1:45262] okhttp3.mockwebserver.MockWebServer      : MockWebServer[52129] received request: POST /api/v1/namespaces/spring-k8s/configmaps HTTP/1.1 and responded: HTTP/1.1 200 OK
2024-04-21 18:32:04.983  INFO 25884 --- [WebServer 39771] okhttp3.mockwebserver.MockWebServer      : MockWebServer[39771] starting to accept connections
2024-04-21 18:32:05.009  INFO 25884 --- [WebServer 39771] okhttp3.mockwebserver.MockWebServer      : MockWebServer[39771] done accepting connections: Socket closed
2024-04-21 18:32:05.020  INFO 25884 --- [           main] .b.t.c.SpringBootTestContextBootstrapper : Neither @ContextConfiguration nor @ContextHierarchy found for test class [org.springframework.cloud.kubernetes.fabric8.config.MultipleSecretsTests], using SpringBootContextLoader
2024-04-21 18:32:05.021  INFO 25884 --- [           main] o.s.t.c.support.AbstractContextLoader    : Could not detect default resource locations for test class [org.springframework.cloud.kubernetes.fabric8.config.MultipleSecretsTests]: no resource found for suffixes {-context.xml, Context.groovy}.
2024-04-21 18:32:05.024  INFO 25884 --- [           main] .b.t.c.SpringBootTestContextBootstrapper : Loaded default TestExecutionListener class names from location [META-INF/spring.factories]: [org.springframework.boot.test.mock.mockito.MockitoTestExecutionListener, org.springframework.boot.test.mock.mockito.ResetMocksTestExecutionListener, org.springframework.boot.test.autoconfigure.restdocs.RestDocsTestExecutionListener, org.springframework.boot.test.autoconfigure.web.client.MockRestServiceServerResetTestExecutionListener, org.springframework.boot.test.autoconfigure.web.servlet.MockMvcPrintOnlyOnFailureTestExecutionListener, org.springframework.boot.test.autoconfigure.web.servlet.WebDriverTestExecutionListener, org.springframework.boot.test.autoconfigure.webservices.client.MockWebServiceServerTestExecutionListener, org.springframework.test.context.web.ServletTestExecutionListener, org.springframework.test.context.support.DirtiesContextBeforeModesTestExecutionListener, org.springframework.test.context.event.ApplicationEventsTestExecutionListener, org.springframework.test.context.support.DependencyInjectionTestExecutionListener, org.springframework.test.context.support.DirtiesContextTestExecutionListener, org.springframework.test.context.transaction.TransactionalTestExecutionListener, org.springframework.test.context.jdbc.SqlScriptsTestExecutionListener, org.springframework.test.context.event.EventPublishingTestExecutionListener, org.spockframework.spring.SpringMockTestExecutionListener]
2024-04-21 18:32:05.026  INFO 25884 --- [           main] .b.t.c.SpringBootTestContextBootstrapper : Using TestExecutionListeners: [org.springframework.test.context.web.ServletTestExecutionListener@18aa9b83, org.springframework.test.context.support.DirtiesContextBeforeModesTestExecutionListener@265b52b7, org.springframework.test.context.event.ApplicationEventsTestExecutionListener@7e58471, org.springframework.boot.test.mock.mockito.MockitoTestExecutionListener@22ce83d6, org.springframework.boot.test.autoconfigure.SpringBootDependencyInjectionTestExecutionListener@6e74628f, org.springframework.test.context.support.DirtiesContextTestExecutionListener@12464b1c, org.springframework.test.context.event.EventPublishingTestExecutionListener@392b9329, org.springframework.boot.test.mock.mockito.ResetMocksTestExecutionListener@6f2d77e9, org.springframework.boot.test.autoconfigure.restdocs.RestDocsTestExecutionListener@22801099, org.springframework.boot.test.autoconfigure.web.client.MockRestServiceServerResetTestExecutionListener@23ea17e, org.springframework.boot.test.autoconfigure.web.servlet.MockMvcPrintOnlyOnFailureTestExecutionListener@67e9d8cb, org.springframework.boot.test.autoconfigure.web.servlet.WebDriverTestExecutionListener@63ff69e0, org.springframework.boot.test.autoconfigure.webservices.client.MockWebServiceServerTestExecutionListener@41d9b9de, org.spockframework.spring.SpringMockTestExecutionListener@369bd5ca]
2024-04-21 18:32:05.029  INFO 25884 --- [WebServer 33187] okhttp3.mockwebserver.MockWebServer      : MockWebServer[33187] starting to accept connections
2024-04-21 18:32:05.034  INFO 25884 --- [127.0.0.1:34416] okhttp3.mockwebserver.MockWebServer      : MockWebServer[33187] received request: POST /api/v1/namespaces/ns1/secrets HTTP/1.1 and responded: HTTP/1.1 200 OK
2024-04-21 18:32:05.039  INFO 25884 --- [127.0.0.1:34416] okhttp3.mockwebserver.MockWebServer      : MockWebServer[33187] received request: POST /api/v1/namespaces/ns2/secrets HTTP/1.1 and responded: HTTP/1.1 200 OK
2024-04-21 18:32:05.118  WARN 25884 --- [           main] ubernetesProfileEnvironmentPostProcessor : Not running inside kubernetes. Skipping 'kubernetes' profile activation.

  .   ____          _            __ _ _
 /\\ / ___'_ __ _ _(_)_ __  __ _ \ \ \ \
( ( )\___ | '_ | '_| | '_ \/ _` | \ \ \ \
 \\/  ___)| |_)| | | | | || (_| |  ) ) ) )
  '  |____| .__|_| |_|_| |_\__, | / / / /
 =========|_|==============|___/=/_/_/_/
 :: Spring Boot ::                (v2.6.3)

2024-04-21 18:32:05.200  INFO 25884 --- [           main] s.c.k.f.c.Fabric8ConfigMapPropertySource : Loading ConfigMap with name 'secret-example' in namespace 'ns1'
2024-04-21 18:32:05.203  INFO 25884 --- [127.0.0.1:34432] okhttp3.mockwebserver.MockWebServer      : MockWebServer[33187] received request: GET /api/v1/namespaces/ns1/configmaps/secret-example HTTP/1.1 and responded: HTTP/1.1 404 Client Error
2024-04-21 18:32:05.206  INFO 25884 --- [           main] o.s.c.k.f.config.Fabric8ConfigUtils      : config-map with name : 'secret-example' not present in namespace : 'ns1'
2024-04-21 18:32:05.206  INFO 25884 --- [           main] b.c.PropertySourceBootstrapConfiguration : Located property source: [BootstrapPropertySource {name='bootstrapProperties-configmap.secret-example.ns1'}]
2024-04-21 18:32:05.207  INFO 25884 --- [           main] o.s.c.k.f.c.Fabric8SecretsPropertySource : Loading Secret with name 'name2' or with labels [{0.env=dev2, 1.version=2.0}] in namespace 'ns2'
2024-04-21 18:32:05.208  INFO 25884 --- [127.0.0.1:34432] okhttp3.mockwebserver.MockWebServer      : MockWebServer[33187] received request: GET /api/v1/namespaces/ns2/secrets/name2 HTTP/1.1 and responded: HTTP/1.1 200 OK
2024-04-21 18:32:05.251  INFO 25884 --- [127.0.0.1:34432] okhttp3.mockwebserver.MockWebServer      : MockWebServer[33187] received request: GET /api/v1/namespaces/ns2/secrets?labelSelector=0.env%3Ddev2%2C1.version%3D2.0 HTTP/1.1 and responded: HTTP/1.1 200 OK
2024-04-21 18:32:05.292  INFO 25884 --- [           main] o.s.c.k.f.c.Fabric8SecretsPropertySource : Loading Secret with name 'name1' or with labels [{0.env=env1, 1.version=1.0}] in namespace 'ns1'
2024-04-21 18:32:05.293  INFO 25884 --- [127.0.0.1:34432] okhttp3.mockwebserver.MockWebServer      : MockWebServer[33187] received request: GET /api/v1/namespaces/ns1/secrets/name1 HTTP/1.1 and responded: HTTP/1.1 200 OK
2024-04-21 18:32:05.339  INFO 25884 --- [127.0.0.1:34432] okhttp3.mockwebserver.MockWebServer      : MockWebServer[33187] received request: GET /api/v1/namespaces/ns1/secrets?labelSelector=0.env%3Denv1%2C1.version%3D1.0 HTTP/1.1 and responded: HTTP/1.1 200 OK
2024-04-21 18:32:05.380  INFO 25884 --- [           main] b.c.PropertySourceBootstrapConfiguration : Located property source: [BootstrapPropertySource {name='bootstrapProperties-secrets.name2.ns2'}, BootstrapPropertySource {name='bootstrapProperties-secrets.name1.ns1'}]
2024-04-21 18:32:05.389  WARN 25884 --- [           main] ubernetesProfileEnvironmentPostProcessor : Not running inside kubernetes. Skipping 'kubernetes' profile activation.
2024-04-21 18:32:05.390  INFO 25884 --- [           main] o.s.c.k.f.config.MultipleSecretsTests    : No active profile set, falling back to default profiles: default
2024-04-21 18:32:05.561  INFO 25884 --- [           main] o.s.cloud.context.scope.GenericScope     : BeanFactory id=d892432b-60e7-3516-91cd-00a010d0f3f7
2024-04-21 18:32:05.665  INFO 25884 --- [           main] o.s.b.w.embedded.tomcat.TomcatWebServer  : Tomcat initialized with port(s): 0 (http)
2024-04-21 18:32:05.665  INFO 25884 --- [           main] o.apache.catalina.core.StandardService   : Starting service [Tomcat]
2024-04-21 18:32:05.666  INFO 25884 --- [           main] org.apache.catalina.core.StandardEngine  : Starting Servlet engine: [Apache Tomcat/9.0.56]
2024-04-21 18:32:05.678  INFO 25884 --- [           main] o.a.c.c.C.[Tomcat-13].[localhost].[/]    : Initializing Spring embedded WebApplicationContext
2024-04-21 18:32:05.678  INFO 25884 --- [           main] w.s.c.ServletWebServerApplicationContext : Root WebApplicationContext: initialization completed in 285 ms
2024-04-21 18:32:06.210  INFO 25884 --- [           main] o.s.b.a.e.web.EndpointLinksResolver      : Exposing 1 endpoint(s) beneath base path '/actuator'
2024-04-21 18:32:06.245  INFO 25884 --- [           main] o.s.b.w.embedded.tomcat.TomcatWebServer  : Tomcat started on port(s): 44515 (http) with context path ''
2024-04-21 18:32:06.250  INFO 25884 --- [           main] o.s.c.k.f.config.MultipleSecretsTests    : Started MultipleSecretsTests in 1.169 seconds (JVM running for 33.203)
2024-04-21 18:32:06.259  INFO 25884 --- [WebServer 44391] okhttp3.mockwebserver.MockWebServer      : MockWebServer[44391] starting to accept connections
2024-04-21 18:32:06.266  INFO 25884 --- [-auto-14-exec-1] o.a.c.c.C.[Tomcat-13].[localhost].[/]    : Initializing Spring DispatcherServlet 'dispatcherServlet'
2024-04-21 18:32:06.266  INFO 25884 --- [-auto-14-exec-1] o.s.web.servlet.DispatcherServlet        : Initializing Servlet 'dispatcherServlet'
2024-04-21 18:32:06.267  INFO 25884 --- [-auto-14-exec-1] o.s.web.servlet.DispatcherServlet        : Completed initialization in 1 ms
2024-04-21 18:32:06.275  INFO 25884 --- [WebServer 44391] okhttp3.mockwebserver.MockWebServer      : MockWebServer[44391] done accepting connections: Socket closed
2024-04-21 18:32:06.277  INFO 25884 --- [           main] .b.t.c.SpringBootTestContextBootstrapper : Neither @ContextConfiguration nor @ContextHierarchy found for test class [org.springframework.cloud.kubernetes.fabric8.config.ConfigMapsMixedTests], using SpringBootContextLoader
2024-04-21 18:32:06.277  INFO 25884 --- [           main] o.s.t.c.support.AbstractContextLoader    : Could not detect default resource locations for test class [org.springframework.cloud.kubernetes.fabric8.config.ConfigMapsMixedTests]: no resource found for suffixes {-context.xml, Context.groovy}.
2024-04-21 18:32:06.278  INFO 25884 --- [           main] .b.t.c.SpringBootTestContextBootstrapper : Loaded default TestExecutionListener class names from location [META-INF/spring.factories]: [org.springframework.boot.test.mock.mockito.MockitoTestExecutionListener, org.springframework.boot.test.mock.mockito.ResetMocksTestExecutionListener, org.springframework.boot.test.autoconfigure.restdocs.RestDocsTestExecutionListener, org.springframework.boot.test.autoconfigure.web.client.MockRestServiceServerResetTestExecutionListener, org.springframework.boot.test.autoconfigure.web.servlet.MockMvcPrintOnlyOnFailureTestExecutionListener, org.springframework.boot.test.autoconfigure.web.servlet.WebDriverTestExecutionListener, org.springframework.boot.test.autoconfigure.webservices.client.MockWebServiceServerTestExecutionListener, org.springframework.test.context.web.ServletTestExecutionListener, org.springframework.test.context.support.DirtiesContextBeforeModesTestExecutionListener, org.springframework.test.context.event.ApplicationEventsTestExecutionListener, org.springframework.test.context.support.DependencyInjectionTestExecutionListener, org.springframework.test.context.support.DirtiesContextTestExecutionListener, org.springframework.test.context.transaction.TransactionalTestExecutionListener, org.springframework.test.context.jdbc.SqlScriptsTestExecutionListener, org.springframework.test.context.event.EventPublishingTestExecutionListener, org.spockframework.spring.SpringMockTestExecutionListener]
2024-04-21 18:32:06.280  INFO 25884 --- [           main] .b.t.c.SpringBootTestContextBootstrapper : Using TestExecutionListeners: [org.springframework.test.context.web.ServletTestExecutionListener@64b05928, org.springframework.test.context.support.DirtiesContextBeforeModesTestExecutionListener@ba59da9, org.springframework.test.context.event.ApplicationEventsTestExecutionListener@1775ff4a, org.springframework.boot.test.mock.mockito.MockitoTestExecutionListener@7cb77d5, org.springframework.boot.test.autoconfigure.SpringBootDependencyInjectionTestExecutionListener@61d4171d, org.springframework.test.context.support.DirtiesContextTestExecutionListener@463b865b, org.springframework.test.context.event.EventPublishingTestExecutionListener@7e0cbe79, org.springframework.boot.test.mock.mockito.ResetMocksTestExecutionListener@22251bb2, org.springframework.boot.test.autoconfigure.restdocs.RestDocsTestExecutionListener@63888c14, org.springframework.boot.test.autoconfigure.web.client.MockRestServiceServerResetTestExecutionListener@799bc760, org.springframework.boot.test.autoconfigure.web.servlet.MockMvcPrintOnlyOnFailureTestExecutionListener@627f515c, org.springframework.boot.test.autoconfigure.web.servlet.WebDriverTestExecutionListener@688d3e2a, org.springframework.boot.test.autoconfigure.webservices.client.MockWebServiceServerTestExecutionListener@4fc2e703, org.spockframework.spring.SpringMockTestExecutionListener@6845895c]
2024-04-21 18:32:06.281  INFO 25884 --- [WebServer 58931] okhttp3.mockwebserver.MockWebServer      : MockWebServer[58931] starting to accept connections
2024-04-21 18:32:06.285  INFO 25884 --- [127.0.0.1:51062] okhttp3.mockwebserver.MockWebServer      : MockWebServer[58931] received request: POST /api/v1/namespaces/test/configmaps HTTP/1.1 and responded: HTTP/1.1 200 OK
2024-04-21 18:32:06.288  INFO 25884 --- [WebServer 35707] okhttp3.mockwebserver.MockWebServer      : MockWebServer[35707] starting to accept connections
2024-04-21 18:32:06.299  INFO 25884 --- [WebServer 35707] okhttp3.mockwebserver.MockWebServer      : MockWebServer[35707] done accepting connections: Socket closed
2024-04-21 18:32:06.301  INFO 25884 --- [           main] .b.t.c.SpringBootTestContextBootstrapper : Neither @ContextConfiguration nor @ContextHierarchy found for test class [org.springframework.cloud.kubernetes.fabric8.config.HealthIndicatorTest], using SpringBootContextLoader
2024-04-21 18:32:06.302  INFO 25884 --- [           main] o.s.t.c.support.AbstractContextLoader    : Could not detect default resource locations for test class [org.springframework.cloud.kubernetes.fabric8.config.HealthIndicatorTest]: no resource found for suffixes {-context.xml, Context.groovy}.
2024-04-21 18:32:06.303  INFO 25884 --- [           main] .b.t.c.SpringBootTestContextBootstrapper : Loaded default TestExecutionListener class names from location [META-INF/spring.factories]: [org.springframework.boot.test.mock.mockito.MockitoTestExecutionListener, org.springframework.boot.test.mock.mockito.ResetMocksTestExecutionListener, org.springframework.boot.test.autoconfigure.restdocs.RestDocsTestExecutionListener, org.springframework.boot.test.autoconfigure.web.client.MockRestServiceServerResetTestExecutionListener, org.springframework.boot.test.autoconfigure.web.servlet.MockMvcPrintOnlyOnFailureTestExecutionListener, org.springframework.boot.test.autoconfigure.web.servlet.WebDriverTestExecutionListener, org.springframework.boot.test.autoconfigure.webservices.client.MockWebServiceServerTestExecutionListener, org.springframework.test.context.web.ServletTestExecutionListener, org.springframework.test.context.support.DirtiesContextBeforeModesTestExecutionListener, org.springframework.test.context.event.ApplicationEventsTestExecutionListener, org.springframework.test.context.support.DependencyInjectionTestExecutionListener, org.springframework.test.context.support.DirtiesContextTestExecutionListener, org.springframework.test.context.transaction.TransactionalTestExecutionListener, org.springframework.test.context.jdbc.SqlScriptsTestExecutionListener, org.springframework.test.context.event.EventPublishingTestExecutionListener, org.spockframework.spring.SpringMockTestExecutionListener]
2024-04-21 18:32:06.304  INFO 25884 --- [           main] .b.t.c.SpringBootTestContextBootstrapper : Using TestExecutionListeners: [org.springframework.test.context.web.ServletTestExecutionListener@d5aea9a, org.springframework.test.context.support.DirtiesContextBeforeModesTestExecutionListener@6d88a3f4, org.springframework.test.context.event.ApplicationEventsTestExecutionListener@6980c50b, org.springframework.boot.test.mock.mockito.MockitoTestExecutionListener@3e9a0143, org.springframework.boot.test.autoconfigure.SpringBootDependencyInjectionTestExecutionListener@644e2230, org.springframework.test.context.support.DirtiesContextTestExecutionListener@4cf1ba4e, org.springframework.test.context.event.EventPublishingTestExecutionListener@23368646, org.springframework.boot.test.mock.mockito.ResetMocksTestExecutionListener@4dc80b7a, org.springframework.boot.test.autoconfigure.restdocs.RestDocsTestExecutionListener@5882ff51, org.springframework.boot.test.autoconfigure.web.client.MockRestServiceServerResetTestExecutionListener@19601dc5, org.springframework.boot.test.autoconfigure.web.servlet.MockMvcPrintOnlyOnFailureTestExecutionListener@ef3bc19, org.springframework.boot.test.autoconfigure.web.servlet.WebDriverTestExecutionListener@36df566, org.springframework.boot.test.autoconfigure.webservices.client.MockWebServiceServerTestExecutionListener@4c5afa2d, org.spockframework.spring.SpringMockTestExecutionListener@554d4856]
2024-04-21 18:32:06.305  INFO 25884 --- [WebServer 36949] okhttp3.mockwebserver.MockWebServer      : MockWebServer[36949] starting to accept connections
2024-04-21 18:32:06.340  WARN 25884 --- [           main] ubernetesProfileEnvironmentPostProcessor : Not running inside kubernetes. Skipping 'kubernetes' profile activation.

  .   ____          _            __ _ _
 /\\ / ___'_ __ _ _(_)_ __  __ _ \ \ \ \
( ( )\___ | '_ | '_| | '_ \/ _` | \ \ \ \
 \\/  ___)| |_)| | | | | || (_| |  ) ) ) )
  '  |____| .__|_| |_|_| |_\__, | / / / /
 =========|_|==============|___/=/_/_/_/
 :: Spring Boot ::                (v2.6.3)

2024-04-21 18:32:06.393  WARN 25884 --- [           main] ubernetesProfileEnvironmentPostProcessor : Not running inside kubernetes. Skipping 'kubernetes' profile activation.
2024-04-21 18:32:06.393  INFO 25884 --- [           main] o.s.c.k.f.config.HealthIndicatorTest     : No active profile set, falling back to default profiles: default
2024-04-21 18:32:06.550  INFO 25884 --- [           main] o.s.cloud.context.scope.GenericScope     : BeanFactory id=cf6232b6-8180-3b95-aacc-818afebc75eb
2024-04-21 18:32:06.661  INFO 25884 --- [           main] o.s.b.w.embedded.tomcat.TomcatWebServer  : Tomcat initialized with port(s): 0 (http)
2024-04-21 18:32:06.662  INFO 25884 --- [           main] o.apache.catalina.core.StandardService   : Starting service [Tomcat]
2024-04-21 18:32:06.662  INFO 25884 --- [           main] org.apache.catalina.core.StandardEngine  : Starting Servlet engine: [Apache Tomcat/9.0.56]
2024-04-21 18:32:06.677  INFO 25884 --- [           main] o.a.c.c.C.[Tomcat-14].[localhost].[/]    : Initializing Spring embedded WebApplicationContext
2024-04-21 18:32:06.677  INFO 25884 --- [           main] w.s.c.ServletWebServerApplicationContext : Root WebApplicationContext: initialization completed in 283 ms
2024-04-21 18:32:07.292  INFO 25884 --- [           main] o.s.b.a.e.web.EndpointLinksResolver      : Exposing 1 endpoint(s) beneath base path '/actuator'
2024-04-21 18:32:07.327  INFO 25884 --- [           main] o.s.b.w.embedded.tomcat.TomcatWebServer  : Tomcat started on port(s): 39693 (http) with context path ''
2024-04-21 18:32:07.332  INFO 25884 --- [           main] o.s.c.k.f.config.HealthIndicatorTest     : Started HealthIndicatorTest in 1.025 seconds (JVM running for 34.285)
2024-04-21 18:32:07.340  INFO 25884 --- [WebServer 60139] okhttp3.mockwebserver.MockWebServer      : MockWebServer[60139] starting to accept connections
2024-04-21 18:32:07.349  INFO 25884 --- [-auto-15-exec-1] o.a.c.c.C.[Tomcat-14].[localhost].[/]    : Initializing Spring DispatcherServlet 'dispatcherServlet'
2024-04-21 18:32:07.349  INFO 25884 --- [-auto-15-exec-1] o.s.web.servlet.DispatcherServlet        : Initializing Servlet 'dispatcherServlet'
2024-04-21 18:32:07.350  INFO 25884 --- [-auto-15-exec-1] o.s.web.servlet.DispatcherServlet        : Completed initialization in 1 ms
2024-04-21 18:32:07.364  INFO 25884 --- [WebServer 60139] okhttp3.mockwebserver.MockWebServer      : MockWebServer[60139] done accepting connections: Socket closed
2024-04-21 18:32:07.367  INFO 25884 --- [           main] .b.t.c.SpringBootTestContextBootstrapper : Neither @ContextConfiguration nor @ContextHierarchy found for test class [org.springframework.cloud.kubernetes.fabric8.config.ConfigMapsWithActiveProfilesNameTests], using SpringBootContextLoader
2024-04-21 18:32:07.368  INFO 25884 --- [           main] o.s.t.c.support.AbstractContextLoader    : Could not detect default resource locations for test class [org.springframework.cloud.kubernetes.fabric8.config.ConfigMapsWithActiveProfilesNameTests]: no resource found for suffixes {-context.xml, Context.groovy}.
2024-04-21 18:32:07.369  INFO 25884 --- [           main] .b.t.c.SpringBootTestContextBootstrapper : Loaded default TestExecutionListener class names from location [META-INF/spring.factories]: [org.springframework.boot.test.mock.mockito.MockitoTestExecutionListener, org.springframework.boot.test.mock.mockito.ResetMocksTestExecutionListener, org.springframework.boot.test.autoconfigure.restdocs.RestDocsTestExecutionListener, org.springframework.boot.test.autoconfigure.web.client.MockRestServiceServerResetTestExecutionListener, org.springframework.boot.test.autoconfigure.web.servlet.MockMvcPrintOnlyOnFailureTestExecutionListener, org.springframework.boot.test.autoconfigure.web.servlet.WebDriverTestExecutionListener, org.springframework.boot.test.autoconfigure.webservices.client.MockWebServiceServerTestExecutionListener, org.springframework.test.context.web.ServletTestExecutionListener, org.springframework.test.context.support.DirtiesContextBeforeModesTestExecutionListener, org.springframework.test.context.event.ApplicationEventsTestExecutionListener, org.springframework.test.context.support.DependencyInjectionTestExecutionListener, org.springframework.test.context.support.DirtiesContextTestExecutionListener, org.springframework.test.context.transaction.TransactionalTestExecutionListener, org.springframework.test.context.jdbc.SqlScriptsTestExecutionListener, org.springframework.test.context.event.EventPublishingTestExecutionListener, org.spockframework.spring.SpringMockTestExecutionListener]
2024-04-21 18:32:07.370  INFO 25884 --- [           main] .b.t.c.SpringBootTestContextBootstrapper : Using TestExecutionListeners: [org.springframework.test.context.web.ServletTestExecutionListener@2d7ee91c, org.springframework.test.context.support.DirtiesContextBeforeModesTestExecutionListener@56a2599a, org.springframework.test.context.event.ApplicationEventsTestExecutionListener@3a3f66f3, org.springframework.boot.test.mock.mockito.MockitoTestExecutionListener@310bf0ed, org.springframework.boot.test.autoconfigure.SpringBootDependencyInjectionTestExecutionListener@6be7c9d9, org.springframework.test.context.support.DirtiesContextTestExecutionListener@2f4d33b6, org.springframework.test.context.event.EventPublishingTestExecutionListener@6e84c052, org.springframework.boot.test.mock.mockito.ResetMocksTestExecutionListener@66c9f7, org.springframework.boot.test.autoconfigure.restdocs.RestDocsTestExecutionListener@551a7123, org.springframework.boot.test.autoconfigure.web.client.MockRestServiceServerResetTestExecutionListener@138c28b5, org.springframework.boot.test.autoconfigure.web.servlet.MockMvcPrintOnlyOnFailureTestExecutionListener@5bc2fcc6, org.springframework.boot.test.autoconfigure.web.servlet.WebDriverTestExecutionListener@6d5dbf38, org.springframework.boot.test.autoconfigure.webservices.client.MockWebServiceServerTestExecutionListener@6b4848d9, org.spockframework.spring.SpringMockTestExecutionListener@19f31c85]
2024-04-21 18:32:07.371  INFO 25884 --- [WebServer 58843] okhttp3.mockwebserver.MockWebServer      : MockWebServer[58843] starting to accept connections
2024-04-21 18:32:07.375  INFO 25884 --- [127.0.0.1:51902] okhttp3.mockwebserver.MockWebServer      : MockWebServer[58843] received request: POST /api/v1/namespaces/test/configmaps HTTP/1.1 and responded: HTTP/1.1 200 OK
2024-04-21 18:32:07.380  INFO 25884 --- [127.0.0.1:51902] okhttp3.mockwebserver.MockWebServer      : MockWebServer[58843] received request: POST /api/v1/namespaces/test/configmaps HTTP/1.1 and responded: HTTP/1.1 200 OK
2024-04-21 18:32:07.485  WARN 25884 --- [           main] ubernetesProfileEnvironmentPostProcessor : Not running inside kubernetes. Skipping 'kubernetes' profile activation.

  .   ____          _            __ _ _
 /\\ / ___'_ __ _ _(_)_ __  __ _ \ \ \ \
( ( )\___ | '_ | '_| | '_ \/ _` | \ \ \ \
 \\/  ___)| |_)| | | | | || (_| |  ) ) ) )
  '  |____| .__|_| |_|_| |_\__, | / / / /
 =========|_|==============|___/=/_/_/_/
 :: Spring Boot ::                (v2.6.3)

2024-04-21 18:32:07.545  INFO 25884 --- [           main] s.c.k.f.c.Fabric8ConfigMapPropertySource : Loading ConfigMap with name 'configmap-with-active-profile-name-example' in namespace 'test'
2024-04-21 18:32:07.547  INFO 25884 --- [127.0.0.1:51914] okhttp3.mockwebserver.MockWebServer      : MockWebServer[58843] received request: GET /api/v1/namespaces/test/configmaps/configmap-with-active-profile-name-example HTTP/1.1 and responded: HTTP/1.1 200 OK
2024-04-21 18:32:07.555  INFO 25884 --- [127.0.0.1:51914] okhttp3.mockwebserver.MockWebServer      : MockWebServer[58843] received request: GET /api/v1/namespaces/test/configmaps/configmap-with-active-profile-name-example-development HTTP/1.1 and responded: HTTP/1.1 200 OK
2024-04-21 18:32:07.597  INFO 25884 --- [           main] b.c.PropertySourceBootstrapConfiguration : Located property source: [BootstrapPropertySource {name='bootstrapProperties-configmap.configmap-with-active-profile-name-example.test'}]
2024-04-21 18:32:07.601  WARN 25884 --- [           main] ubernetesProfileEnvironmentPostProcessor : Not running inside kubernetes. Skipping 'kubernetes' profile activation.
2024-04-21 18:32:07.602  INFO 25884 --- [           main] .c.ConfigMapsWithActiveProfilesNameTests : The following profiles are active: development
2024-04-21 18:32:07.762  INFO 25884 --- [           main] o.s.cloud.context.scope.GenericScope     : BeanFactory id=affffd22-e438-321b-a0d0-967c2140a2e8
2024-04-21 18:32:07.873  INFO 25884 --- [           main] o.s.b.w.embedded.tomcat.TomcatWebServer  : Tomcat initialized with port(s): 0 (http)
2024-04-21 18:32:07.875  INFO 25884 --- [           main] o.apache.catalina.core.StandardService   : Starting service [Tomcat]
2024-04-21 18:32:07.875  INFO 25884 --- [           main] org.apache.catalina.core.StandardEngine  : Starting Servlet engine: [Apache Tomcat/9.0.56]
2024-04-21 18:32:07.885  INFO 25884 --- [           main] o.a.c.c.C.[Tomcat-15].[localhost].[/]    : Initializing Spring embedded WebApplicationContext
2024-04-21 18:32:07.885  INFO 25884 --- [           main] w.s.c.ServletWebServerApplicationContext : Root WebApplicationContext: initialization completed in 282 ms
2024-04-21 18:32:08.403  INFO 25884 --- [           main] o.s.b.a.e.web.EndpointLinksResolver      : Exposing 1 endpoint(s) beneath base path '/actuator'
2024-04-21 18:32:08.443  INFO 25884 --- [           main] o.s.b.w.embedded.tomcat.TomcatWebServer  : Tomcat started on port(s): 44279 (http) with context path ''
2024-04-21 18:32:08.450  INFO 25884 --- [           main] .c.ConfigMapsWithActiveProfilesNameTests : Started ConfigMapsWithActiveProfilesNameTests in 1.026 seconds (JVM running for 35.403)
2024-04-21 18:32:08.460  INFO 25884 --- [WebServer 52007] okhttp3.mockwebserver.MockWebServer      : MockWebServer[52007] starting to accept connections
2024-04-21 18:32:08.467  INFO 25884 --- [-auto-16-exec-1] o.a.c.c.C.[Tomcat-15].[localhost].[/]    : Initializing Spring DispatcherServlet 'dispatcherServlet'
2024-04-21 18:32:08.467  INFO 25884 --- [-auto-16-exec-1] o.s.web.servlet.DispatcherServlet        : Initializing Servlet 'dispatcherServlet'
2024-04-21 18:32:08.468  INFO 25884 --- [-auto-16-exec-1] o.s.web.servlet.DispatcherServlet        : Completed initialization in 1 ms
2024-04-21 18:32:08.476  INFO 25884 --- [WebServer 52007] okhttp3.mockwebserver.MockWebServer      : MockWebServer[52007] done accepting connections: Socket closed
2024-04-21 18:32:08.482  INFO 25884 --- [WebServer 49365] okhttp3.mockwebserver.MockWebServer      : MockWebServer[49365] starting to accept connections
2024-04-21 18:32:08.485  INFO 25884 --- [WebServer 56415] okhttp3.mockwebserver.MockWebServer      : MockWebServer[56415] starting to accept connections
2024-04-21 18:32:08.486  INFO 25884 --- [           main] .b.t.c.SpringBootTestContextBootstrapper : Neither @ContextConfiguration nor @ContextHierarchy found for test class [org.springframework.cloud.kubernetes.fabric8.config.Fabric8ConfigMapPropertySourceLocatorRetryTests$ConfigFailFastEnabledButRetryDisabled], using SpringBootContextLoader
2024-04-21 18:32:08.486  INFO 25884 --- [           main] o.s.t.c.support.AbstractContextLoader    : Could not detect default resource locations for test class [org.springframework.cloud.kubernetes.fabric8.config.Fabric8ConfigMapPropertySourceLocatorRetryTests$ConfigFailFastEnabledButRetryDisabled]: no resource found for suffixes {-context.xml, Context.groovy}.
2024-04-21 18:32:08.488  INFO 25884 --- [           main] .b.t.c.SpringBootTestContextBootstrapper : Loaded default TestExecutionListener class names from location [META-INF/spring.factories]: [org.springframework.boot.test.mock.mockito.MockitoTestExecutionListener, org.springframework.boot.test.mock.mockito.ResetMocksTestExecutionListener, org.springframework.boot.test.autoconfigure.restdocs.RestDocsTestExecutionListener, org.springframework.boot.test.autoconfigure.web.client.MockRestServiceServerResetTestExecutionListener, org.springframework.boot.test.autoconfigure.web.servlet.MockMvcPrintOnlyOnFailureTestExecutionListener, org.springframework.boot.test.autoconfigure.web.servlet.WebDriverTestExecutionListener, org.springframework.boot.test.autoconfigure.webservices.client.MockWebServiceServerTestExecutionListener, org.springframework.test.context.web.ServletTestExecutionListener, org.springframework.test.context.support.DirtiesContextBeforeModesTestExecutionListener, org.springframework.test.context.event.ApplicationEventsTestExecutionListener, org.springframework.test.context.support.DependencyInjectionTestExecutionListener, org.springframework.test.context.support.DirtiesContextTestExecutionListener, org.springframework.test.context.transaction.TransactionalTestExecutionListener, org.springframework.test.context.jdbc.SqlScriptsTestExecutionListener, org.springframework.test.context.event.EventPublishingTestExecutionListener, org.spockframework.spring.SpringMockTestExecutionListener]
2024-04-21 18:32:08.489  INFO 25884 --- [           main] .b.t.c.SpringBootTestContextBootstrapper : Using TestExecutionListeners: [org.springframework.test.context.web.ServletTestExecutionListener@6e609e8a, org.springframework.test.context.support.DirtiesContextBeforeModesTestExecutionListener@59209bcd, org.springframework.test.context.event.ApplicationEventsTestExecutionListener@4ceb6854, org.springframework.boot.test.mock.mockito.MockitoTestExecutionListener@59ccdde4, org.springframework.boot.test.autoconfigure.SpringBootDependencyInjectionTestExecutionListener@33b29c99, org.springframework.test.context.support.DirtiesContextTestExecutionListener@6e9197d1, org.springframework.test.context.event.EventPublishingTestExecutionListener@792feb9f, org.springframework.boot.test.mock.mockito.ResetMocksTestExecutionListener@46b32aa3, org.springframework.boot.test.autoconfigure.restdocs.RestDocsTestExecutionListener@614220b8, org.springframework.boot.test.autoconfigure.web.client.MockRestServiceServerResetTestExecutionListener@30f0c5e, org.springframework.boot.test.autoconfigure.web.servlet.MockMvcPrintOnlyOnFailureTestExecutionListener@5fa7cb3, org.springframework.boot.test.autoconfigure.web.servlet.WebDriverTestExecutionListener@5ac3a89d, org.springframework.boot.test.autoconfigure.webservices.client.MockWebServiceServerTestExecutionListener@2a74149d, org.spockframework.spring.SpringMockTestExecutionListener@51e28071]
2024-04-21 18:32:08.523  WARN 25884 --- [           main] ubernetesProfileEnvironmentPostProcessor : Not running inside kubernetes. Skipping 'kubernetes' profile activation.

  .   ____          _            __ _ _
 /\\ / ___'_ __ _ _(_)_ __  __ _ \ \ \ \
( ( )\___ | '_ | '_| | '_ \/ _` | \ \ \ \
 \\/  ___)| |_)| | | | | || (_| |  ) ) ) )
  '  |____| .__|_| |_|_| |_\__, | / / / /
 =========|_|==============|___/=/_/_/_/
 :: Spring Boot ::                (v2.6.3)

2024-04-21 18:32:08.579  INFO 25884 --- [           main] s.c.k.f.c.Fabric8ConfigMapPropertySource : Loading ConfigMap with name 'application' in namespace 'default'
2024-04-21 18:32:08.672  INFO 25884 --- [127.0.0.1:55014] okhttp3.mockwebserver.MockWebServer      : MockWebServer[49365] received request: GET /api/v1/namespaces/default/configmaps/application HTTP/1.1 and responded: HTTP/1.1 404 Client Error
2024-04-21 18:32:08.673  INFO 25884 --- [           main] o.s.c.k.f.config.Fabric8ConfigUtils      : config-map with name : 'application' not present in namespace : 'default'
2024-04-21 18:32:08.673  INFO 25884 --- [           main] b.c.PropertySourceBootstrapConfiguration : Located property source: [BootstrapPropertySource {name='bootstrapProperties-configmap.application.default'}]
2024-04-21 18:32:08.676  WARN 25884 --- [           main] ubernetesProfileEnvironmentPostProcessor : Not running inside kubernetes. Skipping 'kubernetes' profile activation.
2024-04-21 18:32:08.676  INFO 25884 --- [           main] ts$ConfigFailFastEnabledButRetryDisabled : No active profile set, falling back to default profiles: default
2024-04-21 18:32:08.943  INFO 25884 --- [           main] o.s.cloud.context.scope.GenericScope     : BeanFactory id=94652287-2eb9-367e-b08b-eea09b3b2900
2024-04-21 18:32:09.324  INFO 25884 --- [           main] ts$ConfigFailFastEnabledButRetryDisabled : Started Fabric8ConfigMapPropertySourceLocatorRetryTests.ConfigFailFastEnabledButRetryDisabled in 0.833 seconds (JVM running for 36.277)
2024-04-21 18:32:09.329  INFO 25884 --- [WebServer 32999] okhttp3.mockwebserver.MockWebServer      : MockWebServer[32999] starting to accept connections
2024-04-21 18:32:09.331  INFO 25884 --- [           main] s.c.k.f.c.Fabric8ConfigMapPropertySource : Loading ConfigMap with name 'application' in namespace 'default'
2024-04-21 18:32:09.333  INFO 25884 --- [127.0.0.1:55014] okhttp3.mockwebserver.MockWebServer      : MockWebServer[49365] received request: GET /api/v1/namespaces/default/configmaps/application HTTP/1.1 and responded: HTTP/1.1 500 Server Error
2024-04-21 18:32:09.336  INFO 25884 --- [WebServer 32999] okhttp3.mockwebserver.MockWebServer      : MockWebServer[32999] done accepting connections: Socket closed
2024-04-21 18:32:09.339  INFO 25884 --- [WebServer 45589] okhttp3.mockwebserver.MockWebServer      : MockWebServer[45589] starting to accept connections
2024-04-21 18:32:09.341  INFO 25884 --- [WebServer 52387] okhttp3.mockwebserver.MockWebServer      : MockWebServer[52387] starting to accept connections
2024-04-21 18:32:09.358  INFO 25884 --- [127.0.0.1:36018] okhttp3.mockwebserver.MockWebServer      : MockWebServer[45589] received request: POST /api/v1/namespaces/test/configmaps HTTP/1.1 and responded: HTTP/1.1 200 OK
2024-04-21 18:32:09.358  INFO 25884 --- [           main] s.c.k.f.c.Fabric8ConfigMapPropertySource : Loading ConfigMap with name 'app-yaml-test' in namespace 'test'
2024-04-21 18:32:09.359  INFO 25884 --- [127.0.0.1:36018] okhttp3.mockwebserver.MockWebServer      : MockWebServer[45589] received request: GET /api/v1/namespaces/test/configmaps/app-yaml-test HTTP/1.1 and responded: HTTP/1.1 200 OK
2024-04-21 18:32:09.402  INFO 25884 --- [WebServer 52387] okhttp3.mockwebserver.MockWebServer      : MockWebServer[52387] done accepting connections: Socket closed
2024-04-21 18:32:09.407  INFO 25884 --- [WebServer 60783] okhttp3.mockwebserver.MockWebServer      : MockWebServer[60783] starting to accept connections
2024-04-21 18:32:09.411  INFO 25884 --- [WebServer 44849] okhttp3.mockwebserver.MockWebServer      : MockWebServer[44849] starting to accept connections
2024-04-21 18:32:09.412  INFO 25884 --- [           main] s.c.k.f.c.Fabric8ConfigMapPropertySource : Loading ConfigMap with name 'my-config' in namespace 'default'
2024-04-21 18:32:09.509  INFO 25884 --- [127.0.0.1:55122] okhttp3.mockwebserver.MockWebServer      : MockWebServer[44849] received request: GET /api/v1/namespaces/default/configmaps/my-config HTTP/1.1 and responded: HTTP/1.1 500 Server Error
2024-04-21 18:32:09.551  INFO 25884 --- [WebServer 44849] okhttp3.mockwebserver.MockWebServer      : MockWebServer[44849] done accepting connections: Socket closed
2024-04-21 18:32:09.557  INFO 25884 --- [WebServer 49971] okhttp3.mockwebserver.MockWebServer      : MockWebServer[49971] starting to accept connections
2024-04-21 18:32:09.560  INFO 25884 --- [WebServer 33545] okhttp3.mockwebserver.MockWebServer      : MockWebServer[33545] starting to accept connections
2024-04-21 18:32:09.560  INFO 25884 --- [           main] .b.t.c.SpringBootTestContextBootstrapper : Neither @ContextConfiguration nor @ContextHierarchy found for test class [org.springframework.cloud.kubernetes.fabric8.config.Fabric8ConfigMapPropertySourceLocatorRetryTests$ConfigRetryEnabled], using SpringBootContextLoader
2024-04-21 18:32:09.561  INFO 25884 --- [           main] o.s.t.c.support.AbstractContextLoader    : Could not detect default resource locations for test class [org.springframework.cloud.kubernetes.fabric8.config.Fabric8ConfigMapPropertySourceLocatorRetryTests$ConfigRetryEnabled]: no resource found for suffixes {-context.xml, Context.groovy}.
2024-04-21 18:32:09.562  INFO 25884 --- [           main] .b.t.c.SpringBootTestContextBootstrapper : Loaded default TestExecutionListener class names from location [META-INF/spring.factories]: [org.springframework.boot.test.mock.mockito.MockitoTestExecutionListener, org.springframework.boot.test.mock.mockito.ResetMocksTestExecutionListener, org.springframework.boot.test.autoconfigure.restdocs.RestDocsTestExecutionListener, org.springframework.boot.test.autoconfigure.web.client.MockRestServiceServerResetTestExecutionListener, org.springframework.boot.test.autoconfigure.web.servlet.MockMvcPrintOnlyOnFailureTestExecutionListener, org.springframework.boot.test.autoconfigure.web.servlet.WebDriverTestExecutionListener, org.springframework.boot.test.autoconfigure.webservices.client.MockWebServiceServerTestExecutionListener, org.springframework.test.context.web.ServletTestExecutionListener, org.springframework.test.context.support.DirtiesContextBeforeModesTestExecutionListener, org.springframework.test.context.event.ApplicationEventsTestExecutionListener, org.springframework.test.context.support.DependencyInjectionTestExecutionListener, org.springframework.test.context.support.DirtiesContextTestExecutionListener, org.springframework.test.context.transaction.TransactionalTestExecutionListener, org.springframework.test.context.jdbc.SqlScriptsTestExecutionListener, org.springframework.test.context.event.EventPublishingTestExecutionListener, org.spockframework.spring.SpringMockTestExecutionListener]
2024-04-21 18:32:09.563  INFO 25884 --- [           main] .b.t.c.SpringBootTestContextBootstrapper : Using TestExecutionListeners: [org.springframework.test.context.web.ServletTestExecutionListener@56ed0511, org.springframework.test.context.support.DirtiesContextBeforeModesTestExecutionListener@1d2c5d75, org.springframework.test.context.event.ApplicationEventsTestExecutionListener@401835ac, org.springframework.boot.test.mock.mockito.MockitoTestExecutionListener@7445fdb2, org.springframework.boot.test.autoconfigure.SpringBootDependencyInjectionTestExecutionListener@4a3ebba6, org.springframework.test.context.support.DirtiesContextTestExecutionListener@35069061, org.springframework.test.context.event.EventPublishingTestExecutionListener@34327638, org.springframework.boot.test.mock.mockito.ResetMocksTestExecutionListener@6fc1a561, org.springframework.boot.test.autoconfigure.restdocs.RestDocsTestExecutionListener@501dd0b4, org.springframework.boot.test.autoconfigure.web.client.MockRestServiceServerResetTestExecutionListener@5199d74e, org.springframework.boot.test.autoconfigure.web.servlet.MockMvcPrintOnlyOnFailureTestExecutionListener@763df8f3, org.springframework.boot.test.autoconfigure.web.servlet.WebDriverTestExecutionListener@1435a1f8, org.springframework.boot.test.autoconfigure.webservices.client.MockWebServiceServerTestExecutionListener@2a934bba, org.spockframework.spring.SpringMockTestExecutionListener@35afca01]
2024-04-21 18:32:09.596  WARN 25884 --- [           main] ubernetesProfileEnvironmentPostProcessor : Not running inside kubernetes. Skipping 'kubernetes' profile activation.
2024-04-21 18:32:09.624  INFO 25884 --- [           main] trationDelegate$BeanPostProcessorChecker : Bean 'org.springframework.retry.annotation.RetryConfiguration' of type [org.springframework.retry.annotation.RetryConfiguration] is not eligible for getting processed by all BeanPostProcessors (for example: not eligible for auto-proxying)

  .   ____          _            __ _ _
 /\\ / ___'_ __ _ _(_)_ __  __ _ \ \ \ \
( ( )\___ | '_ | '_| | '_ \/ _` | \ \ \ \
 \\/  ___)| |_)| | | | | || (_| |  ) ) ) )
  '  |____| .__|_| |_|_| |_\__, | / / / /
 =========|_|==============|___/=/_/_/_/
 :: Spring Boot ::                (v2.6.3)

2024-04-21 18:32:09.664  INFO 25884 --- [           main] s.c.k.f.c.Fabric8ConfigMapPropertySource : Loading ConfigMap with name 'application' in namespace 'default'
2024-04-21 18:32:09.760  INFO 25884 --- [127.0.0.1:43190] okhttp3.mockwebserver.MockWebServer      : MockWebServer[49971] received request: GET /api/v1/namespaces/default/configmaps/application HTTP/1.1 and responded: HTTP/1.1 404 Client Error
2024-04-21 18:32:09.763  INFO 25884 --- [           main] o.s.c.k.f.config.Fabric8ConfigUtils      : config-map with name : 'application' not present in namespace : 'default'
2024-04-21 18:32:09.764  INFO 25884 --- [           main] b.c.PropertySourceBootstrapConfiguration : Located property source: [BootstrapPropertySource {name='bootstrapProperties-configmap.application.default'}]
2024-04-21 18:32:09.771  WARN 25884 --- [           main] ubernetesProfileEnvironmentPostProcessor : Not running inside kubernetes. Skipping 'kubernetes' profile activation.
2024-04-21 18:32:09.772  INFO 25884 --- [           main] urceLocatorRetryTests$ConfigRetryEnabled : No active profile set, falling back to default profiles: default
2024-04-21 18:32:10.047  INFO 25884 --- [           main] o.s.cloud.context.scope.GenericScope     : BeanFactory id=94652287-2eb9-367e-b08b-eea09b3b2900
2024-04-21 18:32:10.385  INFO 25884 --- [           main] urceLocatorRetryTests$ConfigRetryEnabled : Started Fabric8ConfigMapPropertySourceLocatorRetryTests.ConfigRetryEnabled in 0.821 seconds (JVM running for 37.339)
2024-04-21 18:32:10.392  INFO 25884 --- [WebServer 46969] okhttp3.mockwebserver.MockWebServer      : MockWebServer[46969] starting to accept connections
2024-04-21 18:32:10.402  INFO 25884 --- [           main] s.c.k.f.c.Fabric8ConfigMapPropertySource : Loading ConfigMap with name 'application' in namespace 'default'
2024-04-21 18:32:10.404  INFO 25884 --- [127.0.0.1:43190] okhttp3.mockwebserver.MockWebServer      : MockWebServer[49971] received request: GET /api/v1/namespaces/default/configmaps/application HTTP/1.1 and responded: HTTP/1.1 200 OK
2024-04-21 18:32:10.408  INFO 25884 --- [WebServer 46969] okhttp3.mockwebserver.MockWebServer      : MockWebServer[46969] done accepting connections: Socket closed
2024-04-21 18:32:10.413  INFO 25884 --- [           main] .b.t.c.SpringBootTestContextBootstrapper : Neither @ContextConfiguration nor @ContextHierarchy found for test class [org.springframework.cloud.kubernetes.fabric8.config.ConfigMapsWithProfilesNoActiveProfileTests], using SpringBootContextLoader
2024-04-21 18:32:10.414  INFO 25884 --- [           main] o.s.t.c.support.AbstractContextLoader    : Could not detect default resource locations for test class [org.springframework.cloud.kubernetes.fabric8.config.ConfigMapsWithProfilesNoActiveProfileTests]: no resource found for suffixes {-context.xml, Context.groovy}.
2024-04-21 18:32:10.416  INFO 25884 --- [           main] .b.t.c.SpringBootTestContextBootstrapper : Loaded default TestExecutionListener class names from location [META-INF/spring.factories]: [org.springframework.boot.test.mock.mockito.MockitoTestExecutionListener, org.springframework.boot.test.mock.mockito.ResetMocksTestExecutionListener, org.springframework.boot.test.autoconfigure.restdocs.RestDocsTestExecutionListener, org.springframework.boot.test.autoconfigure.web.client.MockRestServiceServerResetTestExecutionListener, org.springframework.boot.test.autoconfigure.web.servlet.MockMvcPrintOnlyOnFailureTestExecutionListener, org.springframework.boot.test.autoconfigure.web.servlet.WebDriverTestExecutionListener, org.springframework.boot.test.autoconfigure.webservices.client.MockWebServiceServerTestExecutionListener, org.springframework.test.context.web.ServletTestExecutionListener, org.springframework.test.context.support.DirtiesContextBeforeModesTestExecutionListener, org.springframework.test.context.event.ApplicationEventsTestExecutionListener, org.springframework.test.context.support.DependencyInjectionTestExecutionListener, org.springframework.test.context.support.DirtiesContextTestExecutionListener, org.springframework.test.context.transaction.TransactionalTestExecutionListener, org.springframework.test.context.jdbc.SqlScriptsTestExecutionListener, org.springframework.test.context.event.EventPublishingTestExecutionListener, org.spockframework.spring.SpringMockTestExecutionListener]
2024-04-21 18:32:10.418  INFO 25884 --- [           main] .b.t.c.SpringBootTestContextBootstrapper : Using TestExecutionListeners: [org.springframework.test.context.web.ServletTestExecutionListener@11281f47, org.springframework.test.context.support.DirtiesContextBeforeModesTestExecutionListener@28a3c051, org.springframework.test.context.event.ApplicationEventsTestExecutionListener@bac9c81, org.springframework.boot.test.mock.mockito.MockitoTestExecutionListener@2a15b749, org.springframework.boot.test.autoconfigure.SpringBootDependencyInjectionTestExecutionListener@7b96476b, org.springframework.test.context.support.DirtiesContextTestExecutionListener@4d01a100, org.springframework.test.context.event.EventPublishingTestExecutionListener@222674b5, org.springframework.boot.test.mock.mockito.ResetMocksTestExecutionListener@250e2047, org.springframework.boot.test.autoconfigure.restdocs.RestDocsTestExecutionListener@6c6a8692, org.springframework.boot.test.autoconfigure.web.client.MockRestServiceServerResetTestExecutionListener@2c2323be, org.springframework.boot.test.autoconfigure.web.servlet.MockMvcPrintOnlyOnFailureTestExecutionListener@3db17953, org.springframework.boot.test.autoconfigure.web.servlet.WebDriverTestExecutionListener@69696aba, org.springframework.boot.test.autoconfigure.webservices.client.MockWebServiceServerTestExecutionListener@510f3f13, org.spockframework.spring.SpringMockTestExecutionListener@6404c85f]
2024-04-21 18:32:10.420  INFO 25884 --- [WebServer 53375] okhttp3.mockwebserver.MockWebServer      : MockWebServer[53375] starting to accept connections
2024-04-21 18:32:10.424  INFO 25884 --- [127.0.0.1:57630] okhttp3.mockwebserver.MockWebServer      : MockWebServer[53375] received request: POST /api/v1/namespaces/test/configmaps HTTP/1.1 and responded: HTTP/1.1 200 OK
2024-04-21 18:32:10.460  WARN 25884 --- [           main] ubernetesProfileEnvironmentPostProcessor : Not running inside kubernetes. Skipping 'kubernetes' profile activation.

  .   ____          _            __ _ _
 /\\ / ___'_ __ _ _(_)_ __  __ _ \ \ \ \
( ( )\___ | '_ | '_| | '_ \/ _` | \ \ \ \
 \\/  ___)| |_)| | | | | || (_| |  ) ) ) )
  '  |____| .__|_| |_|_| |_\__, | / / / /
 =========|_|==============|___/=/_/_/_/
 :: Spring Boot ::                (v2.6.3)

2024-04-21 18:32:10.514  INFO 25884 --- [           main] s.c.k.f.c.Fabric8ConfigMapPropertySource : Loading ConfigMap with name 'configmap-with-profile-no-active-profiles-example' in namespace 'test'
2024-04-21 18:32:10.517  INFO 25884 --- [127.0.0.1:57636] okhttp3.mockwebserver.MockWebServer      : MockWebServer[53375] received request: GET /api/v1/namespaces/test/configmaps/configmap-with-profile-no-active-profiles-example HTTP/1.1 and responded: HTTP/1.1 200 OK
2024-04-21 18:32:10.519  INFO 25884 --- [           main] b.c.PropertySourceBootstrapConfiguration : Located property source: [BootstrapPropertySource {name='bootstrapProperties-configmap.configmap-with-profile-no-active-profiles-example.test'}]
2024-04-21 18:32:10.522  WARN 25884 --- [           main] ubernetesProfileEnvironmentPostProcessor : Not running inside kubernetes. Skipping 'kubernetes' profile activation.
2024-04-21 18:32:10.523  INFO 25884 --- [           main] nfigMapsWithProfilesNoActiveProfileTests : No active profile set, falling back to default profiles: default
2024-04-21 18:32:10.666  INFO 25884 --- [           main] o.s.cloud.context.scope.GenericScope     : BeanFactory id=affffd22-e438-321b-a0d0-967c2140a2e8
2024-04-21 18:32:10.743  INFO 25884 --- [           main] o.s.b.w.embedded.tomcat.TomcatWebServer  : Tomcat initialized with port(s): 0 (http)
2024-04-21 18:32:10.743  INFO 25884 --- [           main] o.apache.catalina.core.StandardService   : Starting service [Tomcat]
2024-04-21 18:32:10.744  INFO 25884 --- [           main] org.apache.catalina.core.StandardEngine  : Starting Servlet engine: [Apache Tomcat/9.0.56]
2024-04-21 18:32:10.766  INFO 25884 --- [           main] o.a.c.c.C.[Tomcat-16].[localhost].[/]    : Initializing Spring embedded WebApplicationContext
2024-04-21 18:32:10.767  INFO 25884 --- [           main] w.s.c.ServletWebServerApplicationContext : Root WebApplicationContext: initialization completed in 244 ms
2024-04-21 18:32:11.230  INFO 25884 --- [           main] o.s.b.a.e.web.EndpointLinksResolver      : Exposing 1 endpoint(s) beneath base path '/actuator'
2024-04-21 18:32:11.264  INFO 25884 --- [           main] o.s.b.w.embedded.tomcat.TomcatWebServer  : Tomcat started on port(s): 44033 (http) with context path ''
2024-04-21 18:32:11.269  INFO 25884 --- [           main] nfigMapsWithProfilesNoActiveProfileTests : Started ConfigMapsWithProfilesNoActiveProfileTests in 0.844 seconds (JVM running for 38.222)
2024-04-21 18:32:11.280  INFO 25884 --- [WebServer 50277] okhttp3.mockwebserver.MockWebServer      : MockWebServer[50277] starting to accept connections
2024-04-21 18:32:11.288  INFO 25884 --- [-auto-17-exec-1] o.a.c.c.C.[Tomcat-16].[localhost].[/]    : Initializing Spring DispatcherServlet 'dispatcherServlet'
2024-04-21 18:32:11.288  INFO 25884 --- [-auto-17-exec-1] o.s.web.servlet.DispatcherServlet        : Initializing Servlet 'dispatcherServlet'
2024-04-21 18:32:11.288  INFO 25884 --- [-auto-17-exec-1] o.s.web.servlet.DispatcherServlet        : Completed initialization in 0 ms
2024-04-21 18:32:11.297  INFO 25884 --- [WebServer 50277] okhttp3.mockwebserver.MockWebServer      : MockWebServer[50277] done accepting connections: Socket closed
2024-04-21 18:32:11.300  INFO 25884 --- [WebServer 36717] okhttp3.mockwebserver.MockWebServer      : MockWebServer[36717] starting to accept connections
2024-04-21 18:32:11.302  INFO 25884 --- [WebServer 54955] okhttp3.mockwebserver.MockWebServer      : MockWebServer[54955] starting to accept connections
2024-04-21 18:32:11.344  WARN 25884 --- [           main] ubernetesProfileEnvironmentPostProcessor : Not running inside kubernetes. Skipping 'kubernetes' profile activation.

  .   ____          _            __ _ _
 /\\ / ___'_ __ _ _(_)_ __  __ _ \ \ \ \
( ( )\___ | '_ | '_| | '_ \/ _` | \ \ \ \
 \\/  ___)| |_)| | | | | || (_| |  ) ) ) )
  '  |____| .__|_| |_|_| |_\__, | / / / /
 =========|_|==============|___/=/_/_/_/
 :: Spring Boot ::                (v2.6.3)

2024-04-21 18:32:11.411  WARN 25884 --- [           main] ubernetesProfileEnvironmentPostProcessor : Not running inside kubernetes. Skipping 'kubernetes' profile activation.
2024-04-21 18:32:11.411  INFO 25884 --- [           main] e.i.cs.testrunner.execution.Executor$    : No active profile set, falling back to default profiles: default
2024-04-21 18:32:11.422  INFO 25884 --- [           main] o.s.cloud.context.scope.GenericScope     : BeanFactory id=9bb0c735-c94f-3d6c-a130-cef04bd7ea41
2024-04-21 18:32:11.424  INFO 25884 --- [           main] e.i.cs.testrunner.execution.Executor$    : Started Executor. in 0.121 seconds (JVM running for 38.378)
2024-04-21 18:32:11.426  INFO 25884 --- [WebServer 54955] okhttp3.mockwebserver.MockWebServer      : MockWebServer[54955] done accepting connections: Socket closed
2024-04-21 18:32:11.429  INFO 25884 --- [           main] .b.t.c.SpringBootTestContextBootstrapper : Neither @ContextConfiguration nor @ContextHierarchy found for test class [org.springframework.cloud.kubernetes.fabric8.config.MultipleConfigMapsTests], using SpringBootContextLoader
2024-04-21 18:32:11.430  INFO 25884 --- [           main] o.s.t.c.support.AbstractContextLoader    : Could not detect default resource locations for test class [org.springframework.cloud.kubernetes.fabric8.config.MultipleConfigMapsTests]: no resource found for suffixes {-context.xml, Context.groovy}.
2024-04-21 18:32:11.431  INFO 25884 --- [           main] .b.t.c.SpringBootTestContextBootstrapper : Loaded default TestExecutionListener class names from location [META-INF/spring.factories]: [org.springframework.boot.test.mock.mockito.MockitoTestExecutionListener, org.springframework.boot.test.mock.mockito.ResetMocksTestExecutionListener, org.springframework.boot.test.autoconfigure.restdocs.RestDocsTestExecutionListener, org.springframework.boot.test.autoconfigure.web.client.MockRestServiceServerResetTestExecutionListener, org.springframework.boot.test.autoconfigure.web.servlet.MockMvcPrintOnlyOnFailureTestExecutionListener, org.springframework.boot.test.autoconfigure.web.servlet.WebDriverTestExecutionListener, org.springframework.boot.test.autoconfigure.webservices.client.MockWebServiceServerTestExecutionListener, org.springframework.test.context.web.ServletTestExecutionListener, org.springframework.test.context.support.DirtiesContextBeforeModesTestExecutionListener, org.springframework.test.context.event.ApplicationEventsTestExecutionListener, org.springframework.test.context.support.DependencyInjectionTestExecutionListener, org.springframework.test.context.support.DirtiesContextTestExecutionListener, org.springframework.test.context.transaction.TransactionalTestExecutionListener, org.springframework.test.context.jdbc.SqlScriptsTestExecutionListener, org.springframework.test.context.event.EventPublishingTestExecutionListener, org.spockframework.spring.SpringMockTestExecutionListener]
2024-04-21 18:32:11.432  INFO 25884 --- [           main] .b.t.c.SpringBootTestContextBootstrapper : Using TestExecutionListeners: [org.springframework.test.context.web.ServletTestExecutionListener@1d215a52, org.springframework.test.context.support.DirtiesContextBeforeModesTestExecutionListener@409e4611, org.springframework.test.context.event.ApplicationEventsTestExecutionListener@6b8564e5, org.springframework.boot.test.mock.mockito.MockitoTestExecutionListener@5d8a0b6, org.springframework.boot.test.autoconfigure.SpringBootDependencyInjectionTestExecutionListener@12bc9995, org.springframework.test.context.support.DirtiesContextTestExecutionListener@20a0eb1d, org.springframework.test.context.event.EventPublishingTestExecutionListener@604201a0, org.springframework.boot.test.mock.mockito.ResetMocksTestExecutionListener@205fc00e, org.springframework.boot.test.autoconfigure.restdocs.RestDocsTestExecutionListener@565995a1, org.springframework.boot.test.autoconfigure.web.client.MockRestServiceServerResetTestExecutionListener@71867474, org.springframework.boot.test.autoconfigure.web.servlet.MockMvcPrintOnlyOnFailureTestExecutionListener@1b924e5, org.springframework.boot.test.autoconfigure.web.servlet.WebDriverTestExecutionListener@5fb8db6c, org.springframework.boot.test.autoconfigure.webservices.client.MockWebServiceServerTestExecutionListener@4556a9a7, org.spockframework.spring.SpringMockTestExecutionListener@7b140ad]
2024-04-21 18:32:11.434  INFO 25884 --- [WebServer 58501] okhttp3.mockwebserver.MockWebServer      : MockWebServer[58501] starting to accept connections
2024-04-21 18:32:11.437  INFO 25884 --- [127.0.0.1:47294] okhttp3.mockwebserver.MockWebServer      : MockWebServer[58501] received request: POST /api/v1/namespaces/defnamespace/configmaps HTTP/1.1 and responded: HTTP/1.1 200 OK
2024-04-21 18:32:11.441  INFO 25884 --- [127.0.0.1:47294] okhttp3.mockwebserver.MockWebServer      : MockWebServer[58501] received request: POST /api/v1/namespaces/s2/configmaps HTTP/1.1 and responded: HTTP/1.1 200 OK
2024-04-21 18:32:11.486  INFO 25884 --- [127.0.0.1:47294] okhttp3.mockwebserver.MockWebServer      : MockWebServer[58501] received request: POST /api/v1/namespaces/othernamespace/configmaps HTTP/1.1 and responded: HTTP/1.1 200 OK
2024-04-21 18:32:11.530  INFO 25884 --- [WebServer 54961] okhttp3.mockwebserver.MockWebServer      : MockWebServer[54961] starting to accept connections
2024-04-21 18:32:11.541  INFO 25884 --- [WebServer 54961] okhttp3.mockwebserver.MockWebServer      : MockWebServer[54961] done accepting connections: Socket closed
2024-04-21 18:32:11.544  INFO 25884 --- [           main] .b.t.c.SpringBootTestContextBootstrapper : Neither @ContextConfiguration nor @ContextHierarchy found for test class [org.springframework.cloud.kubernetes.fabric8.config.ConfigMapWithIncludeProfileSpecificSourcesTests], using SpringBootContextLoader
2024-04-21 18:32:11.545  INFO 25884 --- [           main] o.s.t.c.support.AbstractContextLoader    : Could not detect default resource locations for test class [org.springframework.cloud.kubernetes.fabric8.config.ConfigMapWithIncludeProfileSpecificSourcesTests]: no resource found for suffixes {-context.xml, Context.groovy}.
2024-04-21 18:32:11.546  INFO 25884 --- [           main] .b.t.c.SpringBootTestContextBootstrapper : Loaded default TestExecutionListener class names from location [META-INF/spring.factories]: [org.springframework.boot.test.mock.mockito.MockitoTestExecutionListener, org.springframework.boot.test.mock.mockito.ResetMocksTestExecutionListener, org.springframework.boot.test.autoconfigure.restdocs.RestDocsTestExecutionListener, org.springframework.boot.test.autoconfigure.web.client.MockRestServiceServerResetTestExecutionListener, org.springframework.boot.test.autoconfigure.web.servlet.MockMvcPrintOnlyOnFailureTestExecutionListener, org.springframework.boot.test.autoconfigure.web.servlet.WebDriverTestExecutionListener, org.springframework.boot.test.autoconfigure.webservices.client.MockWebServiceServerTestExecutionListener, org.springframework.test.context.web.ServletTestExecutionListener, org.springframework.test.context.support.DirtiesContextBeforeModesTestExecutionListener, org.springframework.test.context.event.ApplicationEventsTestExecutionListener, org.springframework.test.context.support.DependencyInjectionTestExecutionListener, org.springframework.test.context.support.DirtiesContextTestExecutionListener, org.springframework.test.context.transaction.TransactionalTestExecutionListener, org.springframework.test.context.jdbc.SqlScriptsTestExecutionListener, org.springframework.test.context.event.EventPublishingTestExecutionListener, org.spockframework.spring.SpringMockTestExecutionListener]
2024-04-21 18:32:11.547  INFO 25884 --- [           main] .b.t.c.SpringBootTestContextBootstrapper : Using TestExecutionListeners: [org.springframework.test.context.web.ServletTestExecutionListener@6a2affb6, org.springframework.test.context.support.DirtiesContextBeforeModesTestExecutionListener@683cd50d, org.springframework.test.context.event.ApplicationEventsTestExecutionListener@280c955c, org.springframework.boot.test.mock.mockito.MockitoTestExecutionListener@23f7ed9d, org.springframework.boot.test.autoconfigure.SpringBootDependencyInjectionTestExecutionListener@1e9d611a, org.springframework.test.context.support.DirtiesContextTestExecutionListener@10874b79, org.springframework.test.context.event.EventPublishingTestExecutionListener@5c6d8a40, org.springframework.boot.test.mock.mockito.ResetMocksTestExecutionListener@40ea0f55, org.springframework.boot.test.autoconfigure.restdocs.RestDocsTestExecutionListener@358a33e3, org.springframework.boot.test.autoconfigure.web.client.MockRestServiceServerResetTestExecutionListener@1ffc6aa8, org.springframework.boot.test.autoconfigure.web.servlet.MockMvcPrintOnlyOnFailureTestExecutionListener@2f73cc9d, org.springframework.boot.test.autoconfigure.web.servlet.WebDriverTestExecutionListener@3f73fe81, org.springframework.boot.test.autoconfigure.webservices.client.MockWebServiceServerTestExecutionListener@5b02d7a7, org.spockframework.spring.SpringMockTestExecutionListener@27d74f45]
2024-04-21 18:32:11.549  INFO 25884 --- [WebServer 47687] okhttp3.mockwebserver.MockWebServer      : MockWebServer[47687] starting to accept connections
2024-04-21 18:32:11.553  INFO 25884 --- [127.0.0.1:44458] okhttp3.mockwebserver.MockWebServer      : MockWebServer[47687] received request: POST /api/v1/namespaces/spring-k8s/configmaps HTTP/1.1 and responded: HTTP/1.1 200 OK
2024-04-21 18:32:11.557  INFO 25884 --- [127.0.0.1:44458] okhttp3.mockwebserver.MockWebServer      : MockWebServer[47687] received request: POST /api/v1/namespaces/spring-k8s/configmaps HTTP/1.1 and responded: HTTP/1.1 200 OK
2024-04-21 18:32:11.602  INFO 25884 --- [127.0.0.1:44458] okhttp3.mockwebserver.MockWebServer      : MockWebServer[47687] received request: POST /api/v1/namespaces/spring-k8s/configmaps HTTP/1.1 and responded: HTTP/1.1 200 OK
2024-04-21 18:32:11.647  INFO 25884 --- [127.0.0.1:44458] okhttp3.mockwebserver.MockWebServer      : MockWebServer[47687] received request: POST /api/v1/namespaces/spring-k8s/configmaps HTTP/1.1 and responded: HTTP/1.1 200 OK
2024-04-21 18:32:11.692  INFO 25884 --- [127.0.0.1:44458] okhttp3.mockwebserver.MockWebServer      : MockWebServer[47687] received request: POST /api/v1/namespaces/spring-k8s/configmaps HTTP/1.1 and responded: HTTP/1.1 200 OK
2024-04-21 18:32:11.742  INFO 25884 --- [WebServer 60441] okhttp3.mockwebserver.MockWebServer      : MockWebServer[60441] starting to accept connections
2024-04-21 18:32:11.761  INFO 25884 --- [WebServer 60441] okhttp3.mockwebserver.MockWebServer      : MockWebServer[60441] done accepting connections: Socket closed
2024-04-21 18:32:11.768  INFO 25884 --- [           main] .b.t.c.SpringBootTestContextBootstrapper : Neither @ContextConfiguration nor @ContextHierarchy found for test class [org.springframework.cloud.kubernetes.fabric8.config.MultipleConfigMapsTests], using SpringBootContextLoader
2024-04-21 18:32:11.769  INFO 25884 --- [           main] o.s.t.c.support.AbstractContextLoader    : Could not detect default resource locations for test class [org.springframework.cloud.kubernetes.fabric8.config.MultipleConfigMapsTests]: no resource found for suffixes {-context.xml, Context.groovy}.
2024-04-21 18:32:11.771  INFO 25884 --- [           main] .b.t.c.SpringBootTestContextBootstrapper : Loaded default TestExecutionListener class names from location [META-INF/spring.factories]: [org.springframework.boot.test.mock.mockito.MockitoTestExecutionListener, org.springframework.boot.test.mock.mockito.ResetMocksTestExecutionListener, org.springframework.boot.test.autoconfigure.restdocs.RestDocsTestExecutionListener, org.springframework.boot.test.autoconfigure.web.client.MockRestServiceServerResetTestExecutionListener, org.springframework.boot.test.autoconfigure.web.servlet.MockMvcPrintOnlyOnFailureTestExecutionListener, org.springframework.boot.test.autoconfigure.web.servlet.WebDriverTestExecutionListener, org.springframework.boot.test.autoconfigure.webservices.client.MockWebServiceServerTestExecutionListener, org.springframework.test.context.web.ServletTestExecutionListener, org.springframework.test.context.support.DirtiesContextBeforeModesTestExecutionListener, org.springframework.test.context.event.ApplicationEventsTestExecutionListener, org.springframework.test.context.support.DependencyInjectionTestExecutionListener, org.springframework.test.context.support.DirtiesContextTestExecutionListener, org.springframework.test.context.transaction.TransactionalTestExecutionListener, org.springframework.test.context.jdbc.SqlScriptsTestExecutionListener, org.springframework.test.context.event.EventPublishingTestExecutionListener, org.spockframework.spring.SpringMockTestExecutionListener]
2024-04-21 18:32:11.773  INFO 25884 --- [           main] .b.t.c.SpringBootTestContextBootstrapper : Using TestExecutionListeners: [org.springframework.test.context.web.ServletTestExecutionListener@fe972c4, org.springframework.test.context.support.DirtiesContextBeforeModesTestExecutionListener@240844b6, org.springframework.test.context.event.ApplicationEventsTestExecutionListener@610f146c, org.springframework.boot.test.mock.mockito.MockitoTestExecutionListener@40f06edc, org.springframework.boot.test.autoconfigure.SpringBootDependencyInjectionTestExecutionListener@44b4b54, org.springframework.test.context.support.DirtiesContextTestExecutionListener@6280829f, org.springframework.test.context.event.EventPublishingTestExecutionListener@7b3556d7, org.springframework.boot.test.mock.mockito.ResetMocksTestExecutionListener@387051e3, org.springframework.boot.test.autoconfigure.restdocs.RestDocsTestExecutionListener@66bfbc52, org.springframework.boot.test.autoconfigure.web.client.MockRestServiceServerResetTestExecutionListener@4d5e60, org.springframework.boot.test.autoconfigure.web.servlet.MockMvcPrintOnlyOnFailureTestExecutionListener@511f3350, org.springframework.boot.test.autoconfigure.web.servlet.WebDriverTestExecutionListener@6bda9fd9, org.springframework.boot.test.autoconfigure.webservices.client.MockWebServiceServerTestExecutionListener@701cf3dc, org.spockframework.spring.SpringMockTestExecutionListener@1ac81de1]
2024-04-21 18:32:11.776  INFO 25884 --- [WebServer 46697] okhttp3.mockwebserver.MockWebServer      : MockWebServer[46697] starting to accept connections
2024-04-21 18:32:11.781  INFO 25884 --- [127.0.0.1:34114] okhttp3.mockwebserver.MockWebServer      : MockWebServer[46697] received request: POST /api/v1/namespaces/defnamespace/configmaps HTTP/1.1 and responded: HTTP/1.1 200 OK
2024-04-21 18:32:11.785  INFO 25884 --- [127.0.0.1:34114] okhttp3.mockwebserver.MockWebServer      : MockWebServer[46697] received request: POST /api/v1/namespaces/s2/configmaps HTTP/1.1 and responded: HTTP/1.1 200 OK
2024-04-21 18:32:11.830  INFO 25884 --- [127.0.0.1:34114] okhttp3.mockwebserver.MockWebServer      : MockWebServer[46697] received request: POST /api/v1/namespaces/othernamespace/configmaps HTTP/1.1 and responded: HTTP/1.1 200 OK
2024-04-21 18:32:11.881  INFO 25884 --- [WebServer 34609] okhttp3.mockwebserver.MockWebServer      : MockWebServer[34609] starting to accept connections
2024-04-21 18:32:11.902  INFO 25884 --- [WebServer 34609] okhttp3.mockwebserver.MockWebServer      : MockWebServer[34609] done accepting connections: Socket closed
