13:00:07.565 [main] DEBUG org.springframework.test.context.BootstrapUtils - Instantiating CacheAwareContextLoaderDelegate from class [org.springframework.test.context.cache.DefaultCacheAwareContextLoaderDelegate]
13:00:07.574 [main] DEBUG org.springframework.test.context.BootstrapUtils - Instantiating BootstrapContext using constructor [public org.springframework.test.context.support.DefaultBootstrapContext(java.lang.Class,org.springframework.test.context.CacheAwareContextLoaderDelegate)]
13:00:07.613 [main] DEBUG org.springframework.test.context.BootstrapUtils - Instantiating TestContextBootstrapper for test class [org.springframework.cloud.kubernetes.fabric8.loadbalancer.LoadBalancerAllNamespacesTests] from class [org.springframework.boot.test.context.SpringBootTestContextBootstrapper]
13:00:07.624 [main] INFO org.springframework.boot.test.context.SpringBootTestContextBootstrapper - Neither @ContextConfiguration nor @ContextHierarchy found for test class [org.springframework.cloud.kubernetes.fabric8.loadbalancer.LoadBalancerAllNamespacesTests], using SpringBootContextLoader
13:00:07.628 [main] DEBUG org.springframework.test.context.support.AbstractContextLoader - Did not detect default resource location for test class [org.springframework.cloud.kubernetes.fabric8.loadbalancer.LoadBalancerAllNamespacesTests]: class path resource [org/springframework/cloud/kubernetes/fabric8/loadbalancer/LoadBalancerAllNamespacesTests-context.xml] does not exist
13:00:07.628 [main] DEBUG org.springframework.test.context.support.AbstractContextLoader - Did not detect default resource location for test class [org.springframework.cloud.kubernetes.fabric8.loadbalancer.LoadBalancerAllNamespacesTests]: class path resource [org/springframework/cloud/kubernetes/fabric8/loadbalancer/LoadBalancerAllNamespacesTestsContext.groovy] does not exist
13:00:07.629 [main] INFO org.springframework.test.context.support.AbstractContextLoader - Could not detect default resource locations for test class [org.springframework.cloud.kubernetes.fabric8.loadbalancer.LoadBalancerAllNamespacesTests]: no resource found for suffixes {-context.xml, Context.groovy}.
13:00:07.629 [main] INFO org.springframework.test.context.support.AnnotationConfigContextLoaderUtils - Could not detect default configuration classes for test class [org.springframework.cloud.kubernetes.fabric8.loadbalancer.LoadBalancerAllNamespacesTests]: LoadBalancerAllNamespacesTests does not declare any static, non-private, non-final, nested classes annotated with @Configuration.
13:00:07.699 [main] DEBUG org.springframework.test.context.support.ActiveProfilesUtils - Could not find an 'annotation declaring class' for annotation type [org.springframework.test.context.ActiveProfiles] and class [org.springframework.cloud.kubernetes.fabric8.loadbalancer.LoadBalancerAllNamespacesTests]
13:00:07.788 [main] DEBUG org.springframework.context.annotation.ClassPathScanningCandidateComponentProvider - Identified candidate component class: file [/home/idflakies/spring-cloud/spring-cloud-kubernetes/spring-cloud-kubernetes-integration-tests/load-balancer/target/classes/org/springframework/cloud/kubernetes/fabric8/loadbalancer/SimpleLoadBalancerApp.class]
13:00:07.799 [main] INFO org.springframework.boot.test.context.SpringBootTestContextBootstrapper - Found @SpringBootConfiguration org.springframework.cloud.kubernetes.fabric8.loadbalancer.SimpleLoadBalancerApp for test class org.springframework.cloud.kubernetes.fabric8.loadbalancer.LoadBalancerAllNamespacesTests
13:00:07.884 [main] DEBUG org.springframework.boot.test.context.SpringBootTestContextBootstrapper - @TestExecutionListeners is not present for class [org.springframework.cloud.kubernetes.fabric8.loadbalancer.LoadBalancerAllNamespacesTests]: using defaults.
13:00:07.885 [main] INFO org.springframework.boot.test.context.SpringBootTestContextBootstrapper - Loaded default TestExecutionListener class names from location [META-INF/spring.factories]: [org.springframework.boot.test.mock.mockito.MockitoTestExecutionListener, org.springframework.boot.test.mock.mockito.ResetMocksTestExecutionListener, org.springframework.boot.test.autoconfigure.restdocs.RestDocsTestExecutionListener, org.springframework.boot.test.autoconfigure.web.client.MockRestServiceServerResetTestExecutionListener, org.springframework.boot.test.autoconfigure.web.servlet.MockMvcPrintOnlyOnFailureTestExecutionListener, org.springframework.boot.test.autoconfigure.web.servlet.WebDriverTestExecutionListener, org.springframework.boot.test.autoconfigure.webservices.client.MockWebServiceServerTestExecutionListener, org.springframework.test.context.web.ServletTestExecutionListener, org.springframework.test.context.support.DirtiesContextBeforeModesTestExecutionListener, org.springframework.test.context.event.ApplicationEventsTestExecutionListener, org.springframework.test.context.support.DependencyInjectionTestExecutionListener, org.springframework.test.context.support.DirtiesContextTestExecutionListener, org.springframework.test.context.transaction.TransactionalTestExecutionListener, org.springframework.test.context.jdbc.SqlScriptsTestExecutionListener, org.springframework.test.context.event.EventPublishingTestExecutionListener]
13:00:07.894 [main] DEBUG org.springframework.boot.test.context.SpringBootTestContextBootstrapper - Skipping candidate TestExecutionListener [org.springframework.test.context.transaction.TransactionalTestExecutionListener] due to a missing dependency. Specify custom listener classes or make the default listener classes and their required dependencies available. Offending class: [org/springframework/transaction/TransactionDefinition]
13:00:07.895 [main] DEBUG org.springframework.boot.test.context.SpringBootTestContextBootstrapper - Skipping candidate TestExecutionListener [org.springframework.test.context.jdbc.SqlScriptsTestExecutionListener] due to a missing dependency. Specify custom listener classes or make the default listener classes and their required dependencies available. Offending class: [org/springframework/transaction/interceptor/TransactionAttribute]
13:00:07.895 [main] INFO org.springframework.boot.test.context.SpringBootTestContextBootstrapper - Using TestExecutionListeners: [org.springframework.test.context.web.ServletTestExecutionListener@78aa1f72, org.springframework.test.context.support.DirtiesContextBeforeModesTestExecutionListener@1f75a668, org.springframework.test.context.event.ApplicationEventsTestExecutionListener@35399441, org.springframework.boot.test.mock.mockito.MockitoTestExecutionListener@4b7dc788, org.springframework.boot.test.autoconfigure.SpringBootDependencyInjectionTestExecutionListener@6304101a, org.springframework.test.context.support.DirtiesContextTestExecutionListener@5170bcf4, org.springframework.test.context.event.EventPublishingTestExecutionListener@2812b107, org.springframework.boot.test.mock.mockito.ResetMocksTestExecutionListener@df6620a, org.springframework.boot.test.autoconfigure.restdocs.RestDocsTestExecutionListener@4e31276e, org.springframework.boot.test.autoconfigure.web.client.MockRestServiceServerResetTestExecutionListener@1a72a540, org.springframework.boot.test.autoconfigure.web.servlet.MockMvcPrintOnlyOnFailureTestExecutionListener@27d5a580, org.springframework.boot.test.autoconfigure.web.servlet.WebDriverTestExecutionListener@198d6542, org.springframework.boot.test.autoconfigure.webservices.client.MockWebServiceServerTestExecutionListener@5e403b4a]
13:00:07.898 [main] DEBUG org.springframework.test.context.support.AbstractDirtiesContextTestExecutionListener - Before test class: context [DefaultTestContext@3406472c testClass = LoadBalancerAllNamespacesTests, testInstance = [null], testMethod = [null], testException = [null], mergedContextConfiguration = [WebMergedContextConfiguration@5717c37 testClass = LoadBalancerAllNamespacesTests, locations = '{}', classes = '{class org.springframework.cloud.kubernetes.fabric8.loadbalancer.SimpleLoadBalancerApp}', contextInitializerClasses = '[]', activeProfiles = '{}', propertySourceLocations = '{}', propertySourceProperties = '{spring.cloud.kubernetes.discovery.all-namespaces=true, org.springframework.boot.test.context.SpringBootTestContextBootstrapper=true, server.port=0}', contextCustomizers = set[org.springframework.boot.test.context.filter.ExcludeFilterContextCustomizer@1a4013, org.springframework.boot.test.json.DuplicateJsonObjectContextCustomizerFactory$DuplicateJsonObjectContextCustomizer@702b8b12, org.springframework.boot.test.mock.mockito.MockitoContextCustomizer@0, org.springframework.boot.test.web.client.TestRestTemplateContextCustomizer@4de4b452, org.springframework.boot.test.autoconfigure.actuate.metrics.MetricsExportContextCustomizerFactory$DisableMetricExportContextCustomizer@10feca44, org.springframework.boot.test.autoconfigure.properties.PropertyMappingContextCustomizer@0, org.springframework.boot.test.autoconfigure.web.servlet.WebDriverContextCustomizerFactory$Customizer@76c3e77a, org.springframework.boot.test.context.SpringBootTestArgs@1, org.springframework.boot.test.context.SpringBootTestWebEnvironment@1442d7b5], resourceBasePath = 'src/main/webapp', contextLoader = 'org.springframework.boot.test.context.SpringBootContextLoader', parent = [null]], attributes = map['org.springframework.test.context.web.ServletTestExecutionListener.activateListener' -> false]], class annotated with @DirtiesContext [false] with mode [null].
Apr 21, 2024 1:00:08 PM okhttp3.mockwebserver.MockWebServer$3 execute
INFO: MockWebServer[41643] starting to accept connections
13:00:08.502 [main] DEBUG org.springframework.test.context.support.DependencyInjectionTestExecutionListener - Performing dependency injection for test context [[DefaultTestContext@3406472c testClass = LoadBalancerAllNamespacesTests, testInstance = org.springframework.cloud.kubernetes.fabric8.loadbalancer.LoadBalancerAllNamespacesTests@3d4d3fe7, testMethod = [null], testException = [null], mergedContextConfiguration = [WebMergedContextConfiguration@5717c37 testClass = LoadBalancerAllNamespacesTests, locations = '{}', classes = '{class org.springframework.cloud.kubernetes.fabric8.loadbalancer.SimpleLoadBalancerApp}', contextInitializerClasses = '[]', activeProfiles = '{}', propertySourceLocations = '{}', propertySourceProperties = '{spring.cloud.kubernetes.discovery.all-namespaces=true, org.springframework.boot.test.context.SpringBootTestContextBootstrapper=true, server.port=0}', contextCustomizers = set[org.springframework.boot.test.context.filter.ExcludeFilterContextCustomizer@1a4013, org.springframework.boot.test.json.DuplicateJsonObjectContextCustomizerFactory$DuplicateJsonObjectContextCustomizer@702b8b12, org.springframework.boot.test.mock.mockito.MockitoContextCustomizer@0, org.springframework.boot.test.web.client.TestRestTemplateContextCustomizer@4de4b452, org.springframework.boot.test.autoconfigure.actuate.metrics.MetricsExportContextCustomizerFactory$DisableMetricExportContextCustomizer@10feca44, org.springframework.boot.test.autoconfigure.properties.PropertyMappingContextCustomizer@0, org.springframework.boot.test.autoconfigure.web.servlet.WebDriverContextCustomizerFactory$Customizer@76c3e77a, org.springframework.boot.test.context.SpringBootTestArgs@1, org.springframework.boot.test.context.SpringBootTestWebEnvironment@1442d7b5], resourceBasePath = 'src/main/webapp', contextLoader = 'org.springframework.boot.test.context.SpringBootContextLoader', parent = [null]], attributes = map['org.springframework.test.context.web.ServletTestExecutionListener.activateListener' -> false, 'org.springframework.test.context.event.ApplicationEventsTestExecutionListener.recordApplicationEvents' -> false]]].

  .   ____          _            __ _ _
 /\\ / ___'_ __ _ _(_)_ __  __ _ \ \ \ \
( ( )\___ | '_ | '_| | '_ \/ _` | \ \ \ \
 \\/  ___)| |_)| | | | | || (_| |  ) ) ) )
  '  |____| .__|_| |_|_| |_\__, | / / / /
 =========|_|==============|___/=/_/_/_/
 :: Spring Boot ::                (v2.6.3)

2024-04-21 13:00:08.819  WARN 16871 --- [           main] ubernetesProfileEnvironmentPostProcessor : Not running inside kubernetes. Skipping 'kubernetes' profile activation.
2024-04-21 13:00:08.831  INFO 16871 --- [           main] s.c.k.f.l.LoadBalancerAllNamespacesTests : Starting LoadBalancerAllNamespacesTests using Java 1.8.0_292 on 003cc2912fe6 with PID 16871 (started by idflakies in /home/idflakies/spring-cloud/spring-cloud-kubernetes)
2024-04-21 13:00:08.832  INFO 16871 --- [           main] s.c.k.f.l.LoadBalancerAllNamespacesTests : No active profile set, falling back to default profiles: default
2024-04-21 13:00:09.576  INFO 16871 --- [           main] o.s.cloud.context.scope.GenericScope     : BeanFactory id=6ed38a8a-182b-30b2-8978-4377b69da042
2024-04-21 13:00:09.961  INFO 16871 --- [           main] o.s.b.w.embedded.tomcat.TomcatWebServer  : Tomcat initialized with port(s): 0 (http)
2024-04-21 13:00:09.971  INFO 16871 --- [           main] o.apache.catalina.core.StandardService   : Starting service [Tomcat]
2024-04-21 13:00:09.972  INFO 16871 --- [           main] org.apache.catalina.core.StandardEngine  : Starting Servlet engine: [Apache Tomcat/9.0.56]
2024-04-21 13:00:10.111  INFO 16871 --- [           main] o.a.c.c.C.[Tomcat].[localhost].[/]       : Initializing Spring embedded WebApplicationContext
2024-04-21 13:00:10.111  INFO 16871 --- [           main] w.s.c.ServletWebServerApplicationContext : Root WebApplicationContext: initialization completed in 1254 ms
2024-04-21 13:00:11.261  WARN 16871 --- [           main] iguration$LoadBalancerCaffeineWarnLogger : Spring Cloud LoadBalancer is currently working with the default cache. While this cache implementation is useful for development and tests, it's recommended to use Caffeine cache in production.You can switch to using Caffeine cache, by adding it and org.springframework.cache.caffeine.CaffeineCacheManager to the classpath.
2024-04-21 13:00:11.304  INFO 16871 --- [           main] o.s.b.w.embedded.tomcat.TomcatWebServer  : Tomcat started on port(s): 45461 (http) with context path ''
2024-04-21 13:00:11.316  INFO 16871 --- [           main] s.c.k.f.l.LoadBalancerAllNamespacesTests : Started LoadBalancerAllNamespacesTests in 2.787 seconds (JVM running for 4.74)
2024-04-21 13:00:11.515  INFO 16871 --- [WebServer 54777] okhttp3.mockwebserver.MockWebServer      : MockWebServer[54777] starting to accept connections
2024-04-21 13:00:11.674  INFO 16871 --- [127.0.0.1:52132] okhttp3.mockwebserver.MockWebServer      : MockWebServer[41643] received request: POST /api/v1/namespaces/b/endpoints HTTP/1.1 and responded: HTTP/1.1 200 OK
2024-04-21 13:00:11.719  INFO 16871 --- [127.0.0.1:52132] okhttp3.mockwebserver.MockWebServer      : MockWebServer[41643] received request: POST /api/v1/namespaces/b/services HTTP/1.1 and responded: HTTP/1.1 200 OK
2024-04-21 13:00:11.853  INFO 16871 --- [127.0.0.1:52136] okhttp3.mockwebserver.MockWebServer      : MockWebServer[41643] received request: GET /api/v1/endpoints?fieldSelector=metadata.name%3Dservice-b HTTP/1.1 and responded: HTTP/1.1 200 OK
2024-04-21 13:00:11.858  INFO 16871 --- [127.0.0.1:52136] okhttp3.mockwebserver.MockWebServer      : MockWebServer[41643] received request: GET /api/v1/namespaces/b/services/service-b HTTP/1.1 and responded: HTTP/1.1 200 OK
2024-04-21 13:00:12.046  INFO 16871 --- [o-auto-1-exec-1] o.a.c.c.C.[Tomcat].[localhost].[/]       : Initializing Spring DispatcherServlet 'dispatcherServlet'
2024-04-21 13:00:12.046  INFO 16871 --- [o-auto-1-exec-1] o.s.web.servlet.DispatcherServlet        : Initializing Servlet 'dispatcherServlet'
2024-04-21 13:00:12.047  INFO 16871 --- [o-auto-1-exec-1] o.s.web.servlet.DispatcherServlet        : Completed initialization in 1 ms
2024-04-21 13:00:12.128  INFO 16871 --- [WebServer 54777] okhttp3.mockwebserver.MockWebServer      : MockWebServer[54777] done accepting connections: Socket closed
2024-04-21 13:00:12.136  INFO 16871 --- [           main] .b.t.c.SpringBootTestContextBootstrapper : Neither @ContextConfiguration nor @ContextHierarchy found for test class [org.springframework.cloud.kubernetes.fabric8.loadbalancer.LoadBalancerTests], using SpringBootContextLoader
2024-04-21 13:00:12.137  INFO 16871 --- [           main] o.s.t.c.support.AbstractContextLoader    : Could not detect default resource locations for test class [org.springframework.cloud.kubernetes.fabric8.loadbalancer.LoadBalancerTests]: no resource found for suffixes {-context.xml, Context.groovy}.
2024-04-21 13:00:12.137  INFO 16871 --- [           main] t.c.s.AnnotationConfigContextLoaderUtils : Could not detect default configuration classes for test class [org.springframework.cloud.kubernetes.fabric8.loadbalancer.LoadBalancerTests]: LoadBalancerTests does not declare any static, non-private, non-final, nested classes annotated with @Configuration.
2024-04-21 13:00:12.139  INFO 16871 --- [           main] .b.t.c.SpringBootTestContextBootstrapper : Found @SpringBootConfiguration org.springframework.cloud.kubernetes.fabric8.loadbalancer.SimpleLoadBalancerApp for test class org.springframework.cloud.kubernetes.fabric8.loadbalancer.LoadBalancerTests
2024-04-21 13:00:12.141  INFO 16871 --- [           main] .b.t.c.SpringBootTestContextBootstrapper : Loaded default TestExecutionListener class names from location [META-INF/spring.factories]: [org.springframework.boot.test.mock.mockito.MockitoTestExecutionListener, org.springframework.boot.test.mock.mockito.ResetMocksTestExecutionListener, org.springframework.boot.test.autoconfigure.restdocs.RestDocsTestExecutionListener, org.springframework.boot.test.autoconfigure.web.client.MockRestServiceServerResetTestExecutionListener, org.springframework.boot.test.autoconfigure.web.servlet.MockMvcPrintOnlyOnFailureTestExecutionListener, org.springframework.boot.test.autoconfigure.web.servlet.WebDriverTestExecutionListener, org.springframework.boot.test.autoconfigure.webservices.client.MockWebServiceServerTestExecutionListener, org.springframework.test.context.web.ServletTestExecutionListener, org.springframework.test.context.support.DirtiesContextBeforeModesTestExecutionListener, org.springframework.test.context.event.ApplicationEventsTestExecutionListener, org.springframework.test.context.support.DependencyInjectionTestExecutionListener, org.springframework.test.context.support.DirtiesContextTestExecutionListener, org.springframework.test.context.transaction.TransactionalTestExecutionListener, org.springframework.test.context.jdbc.SqlScriptsTestExecutionListener, org.springframework.test.context.event.EventPublishingTestExecutionListener]
2024-04-21 13:00:12.142  INFO 16871 --- [           main] .b.t.c.SpringBootTestContextBootstrapper : Using TestExecutionListeners: [org.springframework.test.context.web.ServletTestExecutionListener@67e77f52, org.springframework.test.context.support.DirtiesContextBeforeModesTestExecutionListener@7ead1d80, org.springframework.test.context.event.ApplicationEventsTestExecutionListener@1d1bf7bf, org.springframework.boot.test.mock.mockito.MockitoTestExecutionListener@1182413a, org.springframework.boot.test.autoconfigure.SpringBootDependencyInjectionTestExecutionListener@4d43a1b7, org.springframework.test.context.support.DirtiesContextTestExecutionListener@5b14f482, org.springframework.test.context.event.EventPublishingTestExecutionListener@19705650, org.springframework.boot.test.mock.mockito.ResetMocksTestExecutionListener@1a785fd5, org.springframework.boot.test.autoconfigure.restdocs.RestDocsTestExecutionListener@4a660b34, org.springframework.boot.test.autoconfigure.web.client.MockRestServiceServerResetTestExecutionListener@362a561e, org.springframework.boot.test.autoconfigure.web.servlet.MockMvcPrintOnlyOnFailureTestExecutionListener@2df3545d, org.springframework.boot.test.autoconfigure.web.servlet.WebDriverTestExecutionListener@75ad30c1, org.springframework.boot.test.autoconfigure.webservices.client.MockWebServiceServerTestExecutionListener@fe8aaeb]
2024-04-21 13:00:12.144  INFO 16871 --- [WebServer 41835] okhttp3.mockwebserver.MockWebServer      : MockWebServer[41835] starting to accept connections

  .   ____          _            __ _ _
 /\\ / ___'_ __ _ _(_)_ __  __ _ \ \ \ \
( ( )\___ | '_ | '_| | '_ \/ _` | \ \ \ \
 \\/  ___)| |_)| | | | | || (_| |  ) ) ) )
  '  |____| .__|_| |_|_| |_\__, | / / / /
 =========|_|==============|___/=/_/_/_/
 :: Spring Boot ::                (v2.6.3)

2024-04-21 13:00:12.178  WARN 16871 --- [           main] ubernetesProfileEnvironmentPostProcessor : Not running inside kubernetes. Skipping 'kubernetes' profile activation.
2024-04-21 13:00:12.181  INFO 16871 --- [           main] o.s.c.k.f.l.LoadBalancerTests            : Starting LoadBalancerTests using Java 1.8.0_292 on 003cc2912fe6 with PID 16871 (started by idflakies in /home/idflakies/spring-cloud/spring-cloud-kubernetes)
2024-04-21 13:00:12.181  INFO 16871 --- [           main] o.s.c.k.f.l.LoadBalancerTests            : No active profile set, falling back to default profiles: default
2024-04-21 13:00:12.383  INFO 16871 --- [           main] o.s.cloud.context.scope.GenericScope     : BeanFactory id=6ed38a8a-182b-30b2-8978-4377b69da042
2024-04-21 13:00:12.537  INFO 16871 --- [           main] o.s.b.w.embedded.tomcat.TomcatWebServer  : Tomcat initialized with port(s): 0 (http)
2024-04-21 13:00:12.538  INFO 16871 --- [           main] o.apache.catalina.core.StandardService   : Starting service [Tomcat]
2024-04-21 13:00:12.538  INFO 16871 --- [           main] org.apache.catalina.core.StandardEngine  : Starting Servlet engine: [Apache Tomcat/9.0.56]
2024-04-21 13:00:12.551  INFO 16871 --- [           main] o.a.c.c.C.[Tomcat-1].[localhost].[/]     : Initializing Spring embedded WebApplicationContext
2024-04-21 13:00:12.552  INFO 16871 --- [           main] w.s.c.ServletWebServerApplicationContext : Root WebApplicationContext: initialization completed in 369 ms
2024-04-21 13:00:13.119  WARN 16871 --- [           main] iguration$LoadBalancerCaffeineWarnLogger : Spring Cloud LoadBalancer is currently working with the default cache. While this cache implementation is useful for development and tests, it's recommended to use Caffeine cache in production.You can switch to using Caffeine cache, by adding it and org.springframework.cache.caffeine.CaffeineCacheManager to the classpath.
2024-04-21 13:00:13.138  INFO 16871 --- [           main] o.s.b.w.embedded.tomcat.TomcatWebServer  : Tomcat started on port(s): 34793 (http) with context path ''
2024-04-21 13:00:13.142  INFO 16871 --- [           main] o.s.c.k.f.l.LoadBalancerTests            : Started LoadBalancerTests in 0.995 seconds (JVM running for 6.566)
2024-04-21 13:00:13.148  INFO 16871 --- [WebServer 33667] okhttp3.mockwebserver.MockWebServer      : MockWebServer[33667] starting to accept connections
2024-04-21 13:00:13.153  INFO 16871 --- [127.0.0.1:48328] okhttp3.mockwebserver.MockWebServer      : MockWebServer[41835] received request: POST /api/v1/namespaces/b/services HTTP/1.1 and responded: HTTP/1.1 200 OK
2024-04-21 13:00:13.158  INFO 16871 --- [127.0.0.1:48328] okhttp3.mockwebserver.MockWebServer      : MockWebServer[41835] received request: POST /api/v1/namespaces/b/endpoints HTTP/1.1 and responded: HTTP/1.1 200 OK
2024-04-21 13:00:13.218  INFO 16871 --- [127.0.0.1:48340] okhttp3.mockwebserver.MockWebServer      : MockWebServer[41835] received request: GET /api/v1/namespaces/test/endpoints?fieldSelector=metadata.name%3Dservice-b HTTP/1.1 and responded: HTTP/1.1 200 OK
2024-04-21 13:00:13.219  WARN 16871 --- [           main] o.s.c.l.core.RoundRobinLoadBalancer      : No servers available for service: service-b
2024-04-21 13:00:13.223  INFO 16871 --- [WebServer 33667] okhttp3.mockwebserver.MockWebServer      : MockWebServer[33667] done accepting connections: Socket closed
2024-04-21 13:00:13.226  INFO 16871 --- [           main] .b.t.c.SpringBootTestContextBootstrapper : Neither @ContextConfiguration nor @ContextHierarchy found for test class [org.springframework.cloud.kubernetes.fabric8.loadbalancer.LoadBalancerTests], using SpringBootContextLoader
2024-04-21 13:00:13.227  INFO 16871 --- [           main] o.s.t.c.support.AbstractContextLoader    : Could not detect default resource locations for test class [org.springframework.cloud.kubernetes.fabric8.loadbalancer.LoadBalancerTests]: no resource found for suffixes {-context.xml, Context.groovy}.
2024-04-21 13:00:13.227  INFO 16871 --- [           main] t.c.s.AnnotationConfigContextLoaderUtils : Could not detect default configuration classes for test class [org.springframework.cloud.kubernetes.fabric8.loadbalancer.LoadBalancerTests]: LoadBalancerTests does not declare any static, non-private, non-final, nested classes annotated with @Configuration.
2024-04-21 13:00:13.229  INFO 16871 --- [           main] .b.t.c.SpringBootTestContextBootstrapper : Found @SpringBootConfiguration org.springframework.cloud.kubernetes.fabric8.loadbalancer.SimpleLoadBalancerApp for test class org.springframework.cloud.kubernetes.fabric8.loadbalancer.LoadBalancerTests
2024-04-21 13:00:13.230  INFO 16871 --- [           main] .b.t.c.SpringBootTestContextBootstrapper : Loaded default TestExecutionListener class names from location [META-INF/spring.factories]: [org.springframework.boot.test.mock.mockito.MockitoTestExecutionListener, org.springframework.boot.test.mock.mockito.ResetMocksTestExecutionListener, org.springframework.boot.test.autoconfigure.restdocs.RestDocsTestExecutionListener, org.springframework.boot.test.autoconfigure.web.client.MockRestServiceServerResetTestExecutionListener, org.springframework.boot.test.autoconfigure.web.servlet.MockMvcPrintOnlyOnFailureTestExecutionListener, org.springframework.boot.test.autoconfigure.web.servlet.WebDriverTestExecutionListener, org.springframework.boot.test.autoconfigure.webservices.client.MockWebServiceServerTestExecutionListener, org.springframework.test.context.web.ServletTestExecutionListener, org.springframework.test.context.support.DirtiesContextBeforeModesTestExecutionListener, org.springframework.test.context.event.ApplicationEventsTestExecutionListener, org.springframework.test.context.support.DependencyInjectionTestExecutionListener, org.springframework.test.context.support.DirtiesContextTestExecutionListener, org.springframework.test.context.transaction.TransactionalTestExecutionListener, org.springframework.test.context.jdbc.SqlScriptsTestExecutionListener, org.springframework.test.context.event.EventPublishingTestExecutionListener]
2024-04-21 13:00:13.231  INFO 16871 --- [           main] .b.t.c.SpringBootTestContextBootstrapper : Using TestExecutionListeners: [org.springframework.test.context.web.ServletTestExecutionListener@5e3d2765, org.springframework.test.context.support.DirtiesContextBeforeModesTestExecutionListener@7910f355, org.springframework.test.context.event.ApplicationEventsTestExecutionListener@34ab26a, org.springframework.boot.test.mock.mockito.MockitoTestExecutionListener@259195fe, org.springframework.boot.test.autoconfigure.SpringBootDependencyInjectionTestExecutionListener@12209826, org.springframework.test.context.support.DirtiesContextTestExecutionListener@6cd45b6c, org.springframework.test.context.event.EventPublishingTestExecutionListener@3a5b7d7e, org.springframework.boot.test.mock.mockito.ResetMocksTestExecutionListener@13cc31ae, org.springframework.boot.test.autoconfigure.restdocs.RestDocsTestExecutionListener@5bb7a59, org.springframework.boot.test.autoconfigure.web.client.MockRestServiceServerResetTestExecutionListener@4bfa5eb9, org.springframework.boot.test.autoconfigure.web.servlet.MockMvcPrintOnlyOnFailureTestExecutionListener@2a2b7a35, org.springframework.boot.test.autoconfigure.web.servlet.WebDriverTestExecutionListener@58186f9f, org.springframework.boot.test.autoconfigure.webservices.client.MockWebServiceServerTestExecutionListener@62faf77]
2024-04-21 13:00:13.233  INFO 16871 --- [WebServer 58755] okhttp3.mockwebserver.MockWebServer      : MockWebServer[58755] starting to accept connections
2024-04-21 13:00:13.239  INFO 16871 --- [WebServer 37441] okhttp3.mockwebserver.MockWebServer      : MockWebServer[37441] starting to accept connections
2024-04-21 13:00:13.244  INFO 16871 --- [127.0.0.1:46576] okhttp3.mockwebserver.MockWebServer      : MockWebServer[58755] received request: POST /api/v1/namespaces/test/services HTTP/1.1 and responded: HTTP/1.1 200 OK
2024-04-21 13:00:13.248  INFO 16871 --- [127.0.0.1:46576] okhttp3.mockwebserver.MockWebServer      : MockWebServer[58755] received request: POST /api/v1/namespaces/test/endpoints HTTP/1.1 and responded: HTTP/1.1 200 OK
2024-04-21 13:00:13.303  INFO 16871 --- [127.0.0.1:48340] okhttp3.mockwebserver.MockWebServer      : MockWebServer[41835] received request: GET /api/v1/namespaces/test/endpoints?fieldSelector=metadata.name%3Dservice-a HTTP/1.1 and responded: HTTP/1.1 200 OK
2024-04-21 13:00:13.304  WARN 16871 --- [           main] o.s.c.l.core.RoundRobinLoadBalancer      : No servers available for service: service-a
java.lang.IllegalStateException: No instances available for service-a
	at org.springframework.cloud.loadbalancer.blocking.client.BlockingLoadBalancerClient.execute(BlockingLoadBalancerClient.java:84)
	at org.springframework.cloud.client.loadbalancer.LoadBalancerInterceptor.intercept(LoadBalancerInterceptor.java:56)
	at org.springframework.http.client.InterceptingClientHttpRequest$InterceptingRequestExecution.execute(InterceptingClientHttpRequest.java:93)
	at org.springframework.http.client.InterceptingClientHttpRequest.executeInternal(InterceptingClientHttpRequest.java:77)
	at org.springframework.http.client.AbstractBufferingClientHttpRequest.executeInternal(AbstractBufferingClientHttpRequest.java:48)
	at org.springframework.http.client.AbstractClientHttpRequest.execute(AbstractClientHttpRequest.java:66)
	at org.springframework.web.client.RestTemplate.doExecute(RestTemplate.java:776)
	at org.springframework.web.client.RestTemplate.execute(RestTemplate.java:711)
	at org.springframework.web.client.RestTemplate.getForObject(RestTemplate.java:334)
	at org.springframework.cloud.kubernetes.fabric8.loadbalancer.LoadBalancerTests.testLoadBalancerSameNamespace(LoadBalancerTests.java:60)
	at sun.reflect.NativeMethodAccessorImpl.invoke0(Native Method)
	at sun.reflect.NativeMethodAccessorImpl.invoke(NativeMethodAccessorImpl.java:62)
	at sun.reflect.DelegatingMethodAccessorImpl.invoke(DelegatingMethodAccessorImpl.java:43)
	at java.lang.reflect.Method.invoke(Method.java:498)
	at org.junit.platform.commons.util.ReflectionUtils.invokeMethod(ReflectionUtils.java:725)
	at org.junit.jupiter.engine.execution.MethodInvocation.proceed(MethodInvocation.java:60)
	at org.junit.jupiter.engine.execution.InvocationInterceptorChain$ValidatingInvocation.proceed(InvocationInterceptorChain.java:131)
	at org.junit.jupiter.engine.extension.TimeoutExtension.intercept(TimeoutExtension.java:149)
	at org.junit.jupiter.engine.extension.TimeoutExtension.interceptTestableMethod(TimeoutExtension.java:140)
	at org.junit.jupiter.engine.extension.TimeoutExtension.interceptTestMethod(TimeoutExtension.java:84)
	at org.junit.jupiter.engine.execution.ExecutableInvoker$ReflectiveInterceptorCall.lambda$ofVoidMethod$0(ExecutableInvoker.java:115)
	at org.junit.jupiter.engine.execution.ExecutableInvoker.lambda$invoke$0(ExecutableInvoker.java:105)
	at org.junit.jupiter.engine.execution.InvocationInterceptorChain$InterceptedInvocation.proceed(InvocationInterceptorChain.java:106)
	at org.junit.jupiter.engine.execution.InvocationInterceptorChain.proceed(InvocationInterceptorChain.java:64)
	at org.junit.jupiter.engine.execution.InvocationInterceptorChain.chainAndInvoke(InvocationInterceptorChain.java:45)
	at org.junit.jupiter.engine.execution.InvocationInterceptorChain.invoke(InvocationInterceptorChain.java:37)
	at org.junit.jupiter.engine.execution.ExecutableInvoker.invoke(ExecutableInvoker.java:104)
	at org.junit.jupiter.engine.execution.ExecutableInvoker.invoke(ExecutableInvoker.java:98)
	at org.junit.jupiter.engine.descriptor.TestMethodTestDescriptor.lambda$invokeTestMethod$7(TestMethodTestDescriptor.java:214)
	at org.junit.platform.engine.support.hierarchical.ThrowableCollector.execute(ThrowableCollector.java:73)
	at org.junit.jupiter.engine.descriptor.TestMethodTestDescriptor.invokeTestMethod(TestMethodTestDescriptor.java:210)
	at org.junit.jupiter.engine.descriptor.TestMethodTestDescriptor.execute(TestMethodTestDescriptor.java:135)
	at org.junit.jupiter.engine.descriptor.TestMethodTestDescriptor.execute(TestMethodTestDescriptor.java:66)
	at org.junit.platform.engine.support.hierarchical.NodeTestTask.lambda$executeRecursively$6(NodeTestTask.java:151)
	at org.junit.platform.engine.support.hierarchical.ThrowableCollector.execute(ThrowableCollector.java:73)
	at org.junit.platform.engine.support.hierarchical.NodeTestTask.lambda$executeRecursively$8(NodeTestTask.java:141)
	at org.junit.platform.engine.support.hierarchical.Node.around(Node.java:137)
	at org.junit.platform.engine.support.hierarchical.NodeTestTask.lambda$executeRecursively$9(NodeTestTask.java:139)
	at org.junit.platform.engine.support.hierarchical.ThrowableCollector.execute(ThrowableCollector.java:73)
	at org.junit.platform.engine.support.hierarchical.NodeTestTask.executeRecursively(NodeTestTask.java:138)
	at org.junit.platform.engine.support.hierarchical.NodeTestTask.execute(NodeTestTask.java:95)
	at java.util.ArrayList.forEach(ArrayList.java:1259)
	at org.junit.platform.engine.support.hierarchical.SameThreadHierarchicalTestExecutorService.invokeAll(SameThreadHierarchicalTestExecutorService.java:41)
	at org.junit.platform.engine.support.hierarchical.NodeTestTask.lambda$executeRecursively$6(NodeTestTask.java:155)
	at org.junit.platform.engine.support.hierarchical.ThrowableCollector.execute(ThrowableCollector.java:73)
	at org.junit.platform.engine.support.hierarchical.NodeTestTask.lambda$executeRecursively$8(NodeTestTask.java:141)
	at org.junit.platform.engine.support.hierarchical.Node.around(Node.java:137)
	at org.junit.platform.engine.support.hierarchical.NodeTestTask.lambda$executeRecursively$9(NodeTestTask.java:139)
	at org.junit.platform.engine.support.hierarchical.ThrowableCollector.execute(ThrowableCollector.java:73)
	at org.junit.platform.engine.support.hierarchical.NodeTestTask.executeRecursively(NodeTestTask.java:138)
	at org.junit.platform.engine.support.hierarchical.NodeTestTask.execute(NodeTestTask.java:95)
	at java.util.ArrayList.forEach(ArrayList.java:1259)
	at org.junit.platform.engine.support.hierarchical.SameThreadHierarchicalTestExecutorService.invokeAll(SameThreadHierarchicalTestExecutorService.java:41)
	at org.junit.platform.engine.support.hierarchical.NodeTestTask.lambda$executeRecursively$6(NodeTestTask.java:155)
	at org.junit.platform.engine.support.hierarchical.ThrowableCollector.execute(ThrowableCollector.java:73)
	at org.junit.platform.engine.support.hierarchical.NodeTestTask.lambda$executeRecursively$8(NodeTestTask.java:141)
	at org.junit.platform.engine.support.hierarchical.Node.around(Node.java:137)
	at org.junit.platform.engine.support.hierarchical.NodeTestTask.lambda$executeRecursively$9(NodeTestTask.java:139)
	at org.junit.platform.engine.support.hierarchical.ThrowableCollector.execute(ThrowableCollector.java:73)
	at org.junit.platform.engine.support.hierarchical.NodeTestTask.executeRecursively(NodeTestTask.java:138)
	at org.junit.platform.engine.support.hierarchical.NodeTestTask.execute(NodeTestTask.java:95)
	at org.junit.platform.engine.support.hierarchical.SameThreadHierarchicalTestExecutorService.submit(SameThreadHierarchicalTestExecutorService.java:35)
	at org.junit.platform.engine.support.hierarchical.HierarchicalTestExecutor.execute(HierarchicalTestExecutor.java:57)
	at org.junit.platform.engine.support.hierarchical.HierarchicalTestEngine.execute(HierarchicalTestEngine.java:54)
	at org.junit.platform.launcher.core.DefaultLauncher.execute(DefaultLauncher.java:170)
	at org.junit.platform.launcher.core.DefaultLauncher.execute(DefaultLauncher.java:154)
	at org.junit.platform.launcher.core.DefaultLauncher.execute(DefaultLauncher.java:90)
	at edu.illinois.cs.testrunner.execution.JUnit5TestExecutor.runTestsSeparately(JUnit5TestExecutor.java:40)
	at edu.illinois.cs.testrunner.execution.Executor$.$anonfun$run$1(Executor.scala:33)
	at scala.runtime.java8.JFunction0$mcV$sp.apply(JFunction0$mcV$sp.java:12)
	at scala.util.Try$.apply(Try.scala:209)
	at edu.illinois.cs.testrunner.execution.Executor$.run(Executor.scala:28)
	at edu.illinois.cs.testrunner.execution.Executor$.main(Executor.scala:18)
	at edu.illinois.cs.testrunner.execution.Executor.main(Executor.scala)
2024-04-21 13:00:13.311  INFO 16871 --- [WebServer 37441] okhttp3.mockwebserver.MockWebServer      : MockWebServer[37441] done accepting connections: Socket closed
2024-04-21 13:00:13.318  INFO 16871 --- [           main] .b.t.c.SpringBootTestContextBootstrapper : Neither @ContextConfiguration nor @ContextHierarchy found for test class [org.springframework.cloud.kubernetes.fabric8.loadbalancer.LoadBalancerWithServiceTests], using SpringBootContextLoader
2024-04-21 13:00:13.320  INFO 16871 --- [           main] o.s.t.c.support.AbstractContextLoader    : Could not detect default resource locations for test class [org.springframework.cloud.kubernetes.fabric8.loadbalancer.LoadBalancerWithServiceTests]: no resource found for suffixes {-context.xml, Context.groovy}.
2024-04-21 13:00:13.320  INFO 16871 --- [           main] t.c.s.AnnotationConfigContextLoaderUtils : Could not detect default configuration classes for test class [org.springframework.cloud.kubernetes.fabric8.loadbalancer.LoadBalancerWithServiceTests]: LoadBalancerWithServiceTests does not declare any static, non-private, non-final, nested classes annotated with @Configuration.
2024-04-21 13:00:13.323  INFO 16871 --- [           main] .b.t.c.SpringBootTestContextBootstrapper : Found @SpringBootConfiguration org.springframework.cloud.kubernetes.fabric8.loadbalancer.SimpleLoadBalancerApp for test class org.springframework.cloud.kubernetes.fabric8.loadbalancer.LoadBalancerWithServiceTests
2024-04-21 13:00:13.325  INFO 16871 --- [           main] .b.t.c.SpringBootTestContextBootstrapper : Loaded default TestExecutionListener class names from location [META-INF/spring.factories]: [org.springframework.boot.test.mock.mockito.MockitoTestExecutionListener, org.springframework.boot.test.mock.mockito.ResetMocksTestExecutionListener, org.springframework.boot.test.autoconfigure.restdocs.RestDocsTestExecutionListener, org.springframework.boot.test.autoconfigure.web.client.MockRestServiceServerResetTestExecutionListener, org.springframework.boot.test.autoconfigure.web.servlet.MockMvcPrintOnlyOnFailureTestExecutionListener, org.springframework.boot.test.autoconfigure.web.servlet.WebDriverTestExecutionListener, org.springframework.boot.test.autoconfigure.webservices.client.MockWebServiceServerTestExecutionListener, org.springframework.test.context.web.ServletTestExecutionListener, org.springframework.test.context.support.DirtiesContextBeforeModesTestExecutionListener, org.springframework.test.context.event.ApplicationEventsTestExecutionListener, org.springframework.test.context.support.DependencyInjectionTestExecutionListener, org.springframework.test.context.support.DirtiesContextTestExecutionListener, org.springframework.test.context.transaction.TransactionalTestExecutionListener, org.springframework.test.context.jdbc.SqlScriptsTestExecutionListener, org.springframework.test.context.event.EventPublishingTestExecutionListener]
2024-04-21 13:00:13.326  INFO 16871 --- [           main] .b.t.c.SpringBootTestContextBootstrapper : Using TestExecutionListeners: [org.springframework.test.context.web.ServletTestExecutionListener@67941d, org.springframework.test.context.support.DirtiesContextBeforeModesTestExecutionListener@2ad2b274, org.springframework.test.context.event.ApplicationEventsTestExecutionListener@6fde6f05, org.springframework.boot.test.mock.mockito.MockitoTestExecutionListener@7114e780, org.springframework.boot.test.autoconfigure.SpringBootDependencyInjectionTestExecutionListener@4def42c3, org.springframework.test.context.support.DirtiesContextTestExecutionListener@72110818, org.springframework.test.context.event.EventPublishingTestExecutionListener@6eabe718, org.springframework.boot.test.mock.mockito.ResetMocksTestExecutionListener@38d525aa, org.springframework.boot.test.autoconfigure.restdocs.RestDocsTestExecutionListener@f9b8129, org.springframework.boot.test.autoconfigure.web.client.MockRestServiceServerResetTestExecutionListener@7530090a, org.springframework.boot.test.autoconfigure.web.servlet.MockMvcPrintOnlyOnFailureTestExecutionListener@4492b393, org.springframework.boot.test.autoconfigure.web.servlet.WebDriverTestExecutionListener@55fb36de, org.springframework.boot.test.autoconfigure.webservices.client.MockWebServiceServerTestExecutionListener@63a7781]
2024-04-21 13:00:13.328  INFO 16871 --- [WebServer 55177] okhttp3.mockwebserver.MockWebServer      : MockWebServer[55177] starting to accept connections

  .   ____          _            __ _ _
 /\\ / ___'_ __ _ _(_)_ __  __ _ \ \ \ \
( ( )\___ | '_ | '_| | '_ \/ _` | \ \ \ \
 \\/  ___)| |_)| | | | | || (_| |  ) ) ) )
  '  |____| .__|_| |_|_| |_\__, | / / / /
 =========|_|==============|___/=/_/_/_/
 :: Spring Boot ::                (v2.6.3)

2024-04-21 13:00:13.362  WARN 16871 --- [           main] ubernetesProfileEnvironmentPostProcessor : Not running inside kubernetes. Skipping 'kubernetes' profile activation.
2024-04-21 13:00:13.365  INFO 16871 --- [           main] o.s.c.k.f.l.LoadBalancerWithServiceTests : Starting LoadBalancerWithServiceTests using Java 1.8.0_292 on 003cc2912fe6 with PID 16871 (started by idflakies in /home/idflakies/spring-cloud/spring-cloud-kubernetes)
2024-04-21 13:00:13.365  INFO 16871 --- [           main] o.s.c.k.f.l.LoadBalancerWithServiceTests : No active profile set, falling back to default profiles: default
2024-04-21 13:00:13.521  INFO 16871 --- [           main] o.s.cloud.context.scope.GenericScope     : BeanFactory id=6ed38a8a-182b-30b2-8978-4377b69da042
2024-04-21 13:00:13.995  INFO 16871 --- [           main] o.s.b.w.embedded.tomcat.TomcatWebServer  : Tomcat initialized with port(s): 0 (http)
2024-04-21 13:00:13.996  INFO 16871 --- [           main] o.apache.catalina.core.StandardService   : Starting service [Tomcat]
2024-04-21 13:00:13.996  INFO 16871 --- [           main] org.apache.catalina.core.StandardEngine  : Starting Servlet engine: [Apache Tomcat/9.0.56]
2024-04-21 13:00:14.006  INFO 16871 --- [           main] o.a.c.c.C.[Tomcat-2].[localhost].[/]     : Initializing Spring embedded WebApplicationContext
2024-04-21 13:00:14.006  INFO 16871 --- [           main] w.s.c.ServletWebServerApplicationContext : Root WebApplicationContext: initialization completed in 638 ms
2024-04-21 13:00:14.487  WARN 16871 --- [           main] iguration$LoadBalancerCaffeineWarnLogger : Spring Cloud LoadBalancer is currently working with the default cache. While this cache implementation is useful for development and tests, it's recommended to use Caffeine cache in production.You can switch to using Caffeine cache, by adding it and org.springframework.cache.caffeine.CaffeineCacheManager to the classpath.
2024-04-21 13:00:14.503  INFO 16871 --- [           main] o.s.b.w.embedded.tomcat.TomcatWebServer  : Tomcat started on port(s): 39247 (http) with context path ''
2024-04-21 13:00:14.507  INFO 16871 --- [           main] o.s.c.k.f.l.LoadBalancerWithServiceTests : Started LoadBalancerWithServiceTests in 1.175 seconds (JVM running for 7.931)
2024-04-21 13:00:14.515  INFO 16871 --- [WebServer 39191] okhttp3.mockwebserver.MockWebServer      : MockWebServer[39191] starting to accept connections
2024-04-21 13:00:14.537  INFO 16871 --- [127.0.0.1:48848] okhttp3.mockwebserver.MockWebServer      : MockWebServer[55177] received request: POST /api/v1/namespaces/b/services HTTP/1.1 and responded: HTTP/1.1 200 OK
2024-04-21 13:00:14.554  INFO 16871 --- [127.0.0.1:48850] okhttp3.mockwebserver.MockWebServer      : MockWebServer[55177] received request: GET /api/v1/namespaces/test/services/service-b HTTP/1.1 and responded: HTTP/1.1 404 Client Error
2024-04-21 13:00:14.560  WARN 16871 --- [           main] o.s.c.l.core.RoundRobinLoadBalancer      : No servers available for service: service-b
2024-04-21 13:00:14.564  INFO 16871 --- [WebServer 39191] okhttp3.mockwebserver.MockWebServer      : MockWebServer[39191] done accepting connections: Socket closed
2024-04-21 13:00:14.567  INFO 16871 --- [           main] .b.t.c.SpringBootTestContextBootstrapper : Neither @ContextConfiguration nor @ContextHierarchy found for test class [org.springframework.cloud.kubernetes.fabric8.loadbalancer.LoadBalancerWithServiceTests], using SpringBootContextLoader
2024-04-21 13:00:14.568  INFO 16871 --- [           main] o.s.t.c.support.AbstractContextLoader    : Could not detect default resource locations for test class [org.springframework.cloud.kubernetes.fabric8.loadbalancer.LoadBalancerWithServiceTests]: no resource found for suffixes {-context.xml, Context.groovy}.
2024-04-21 13:00:14.568  INFO 16871 --- [           main] t.c.s.AnnotationConfigContextLoaderUtils : Could not detect default configuration classes for test class [org.springframework.cloud.kubernetes.fabric8.loadbalancer.LoadBalancerWithServiceTests]: LoadBalancerWithServiceTests does not declare any static, non-private, non-final, nested classes annotated with @Configuration.
2024-04-21 13:00:14.569  INFO 16871 --- [           main] .b.t.c.SpringBootTestContextBootstrapper : Found @SpringBootConfiguration org.springframework.cloud.kubernetes.fabric8.loadbalancer.SimpleLoadBalancerApp for test class org.springframework.cloud.kubernetes.fabric8.loadbalancer.LoadBalancerWithServiceTests
2024-04-21 13:00:14.571  INFO 16871 --- [           main] .b.t.c.SpringBootTestContextBootstrapper : Loaded default TestExecutionListener class names from location [META-INF/spring.factories]: [org.springframework.boot.test.mock.mockito.MockitoTestExecutionListener, org.springframework.boot.test.mock.mockito.ResetMocksTestExecutionListener, org.springframework.boot.test.autoconfigure.restdocs.RestDocsTestExecutionListener, org.springframework.boot.test.autoconfigure.web.client.MockRestServiceServerResetTestExecutionListener, org.springframework.boot.test.autoconfigure.web.servlet.MockMvcPrintOnlyOnFailureTestExecutionListener, org.springframework.boot.test.autoconfigure.web.servlet.WebDriverTestExecutionListener, org.springframework.boot.test.autoconfigure.webservices.client.MockWebServiceServerTestExecutionListener, org.springframework.test.context.web.ServletTestExecutionListener, org.springframework.test.context.support.DirtiesContextBeforeModesTestExecutionListener, org.springframework.test.context.event.ApplicationEventsTestExecutionListener, org.springframework.test.context.support.DependencyInjectionTestExecutionListener, org.springframework.test.context.support.DirtiesContextTestExecutionListener, org.springframework.test.context.transaction.TransactionalTestExecutionListener, org.springframework.test.context.jdbc.SqlScriptsTestExecutionListener, org.springframework.test.context.event.EventPublishingTestExecutionListener]
2024-04-21 13:00:14.572  INFO 16871 --- [           main] .b.t.c.SpringBootTestContextBootstrapper : Using TestExecutionListeners: [org.springframework.test.context.web.ServletTestExecutionListener@38e7860c, org.springframework.test.context.support.DirtiesContextBeforeModesTestExecutionListener@62158991, org.springframework.test.context.event.ApplicationEventsTestExecutionListener@40738846, org.springframework.boot.test.mock.mockito.MockitoTestExecutionListener@1255de25, org.springframework.boot.test.autoconfigure.SpringBootDependencyInjectionTestExecutionListener@1686ed85, org.springframework.test.context.support.DirtiesContextTestExecutionListener@5891b7c5, org.springframework.test.context.event.EventPublishingTestExecutionListener@4fc3529, org.springframework.boot.test.mock.mockito.ResetMocksTestExecutionListener@38e46765, org.springframework.boot.test.autoconfigure.restdocs.RestDocsTestExecutionListener@192f5f39, org.springframework.boot.test.autoconfigure.web.client.MockRestServiceServerResetTestExecutionListener@4cd5fc46, org.springframework.boot.test.autoconfigure.web.servlet.MockMvcPrintOnlyOnFailureTestExecutionListener@2965dd88, org.springframework.boot.test.autoconfigure.web.servlet.WebDriverTestExecutionListener@3221588e, org.springframework.boot.test.autoconfigure.webservices.client.MockWebServiceServerTestExecutionListener@51141f64]
2024-04-21 13:00:14.574  INFO 16871 --- [WebServer 51851] okhttp3.mockwebserver.MockWebServer      : MockWebServer[51851] starting to accept connections
2024-04-21 13:00:14.579  INFO 16871 --- [WebServer 54367] okhttp3.mockwebserver.MockWebServer      : MockWebServer[54367] starting to accept connections
2024-04-21 13:00:14.584  INFO 16871 --- [127.0.0.1:56696] okhttp3.mockwebserver.MockWebServer      : MockWebServer[51851] received request: POST /api/v1/namespaces/test/services HTTP/1.1 and responded: HTTP/1.1 200 OK
2024-04-21 13:00:14.598  INFO 16871 --- [127.0.0.1:48850] okhttp3.mockwebserver.MockWebServer      : MockWebServer[55177] received request: GET /api/v1/namespaces/test/services/service-a HTTP/1.1 and responded: HTTP/1.1 404 Client Error
2024-04-21 13:00:14.599  WARN 16871 --- [           main] o.s.c.l.core.RoundRobinLoadBalancer      : No servers available for service: service-a
java.lang.IllegalStateException: No instances available for service-a
	at org.springframework.cloud.loadbalancer.blocking.client.BlockingLoadBalancerClient.execute(BlockingLoadBalancerClient.java:84)
	at org.springframework.cloud.client.loadbalancer.LoadBalancerInterceptor.intercept(LoadBalancerInterceptor.java:56)
	at org.springframework.http.client.InterceptingClientHttpRequest$InterceptingRequestExecution.execute(InterceptingClientHttpRequest.java:93)
	at org.springframework.http.client.InterceptingClientHttpRequest.executeInternal(InterceptingClientHttpRequest.java:77)
	at org.springframework.http.client.AbstractBufferingClientHttpRequest.executeInternal(AbstractBufferingClientHttpRequest.java:48)
	at org.springframework.http.client.AbstractClientHttpRequest.execute(AbstractClientHttpRequest.java:66)
	at org.springframework.web.client.RestTemplate.doExecute(RestTemplate.java:776)
	at org.springframework.web.client.RestTemplate.execute(RestTemplate.java:711)
	at org.springframework.web.client.RestTemplate.getForObject(RestTemplate.java:334)
	at org.springframework.cloud.kubernetes.fabric8.loadbalancer.LoadBalancerWithServiceTests.testLoadBalancerSameNamespace(LoadBalancerWithServiceTests.java:85)
	at sun.reflect.NativeMethodAccessorImpl.invoke0(Native Method)
	at sun.reflect.NativeMethodAccessorImpl.invoke(NativeMethodAccessorImpl.java:62)
	at sun.reflect.DelegatingMethodAccessorImpl.invoke(DelegatingMethodAccessorImpl.java:43)
	at java.lang.reflect.Method.invoke(Method.java:498)
	at org.junit.platform.commons.util.ReflectionUtils.invokeMethod(ReflectionUtils.java:725)
	at org.junit.jupiter.engine.execution.MethodInvocation.proceed(MethodInvocation.java:60)
	at org.junit.jupiter.engine.execution.InvocationInterceptorChain$ValidatingInvocation.proceed(InvocationInterceptorChain.java:131)
	at org.junit.jupiter.engine.extension.TimeoutExtension.intercept(TimeoutExtension.java:149)
	at org.junit.jupiter.engine.extension.TimeoutExtension.interceptTestableMethod(TimeoutExtension.java:140)
	at org.junit.jupiter.engine.extension.TimeoutExtension.interceptTestMethod(TimeoutExtension.java:84)
	at org.junit.jupiter.engine.execution.ExecutableInvoker$ReflectiveInterceptorCall.lambda$ofVoidMethod$0(ExecutableInvoker.java:115)
	at org.junit.jupiter.engine.execution.ExecutableInvoker.lambda$invoke$0(ExecutableInvoker.java:105)
	at org.junit.jupiter.engine.execution.InvocationInterceptorChain$InterceptedInvocation.proceed(InvocationInterceptorChain.java:106)
	at org.junit.jupiter.engine.execution.InvocationInterceptorChain.proceed(InvocationInterceptorChain.java:64)
	at org.junit.jupiter.engine.execution.InvocationInterceptorChain.chainAndInvoke(InvocationInterceptorChain.java:45)
	at org.junit.jupiter.engine.execution.InvocationInterceptorChain.invoke(InvocationInterceptorChain.java:37)
	at org.junit.jupiter.engine.execution.ExecutableInvoker.invoke(ExecutableInvoker.java:104)
	at org.junit.jupiter.engine.execution.ExecutableInvoker.invoke(ExecutableInvoker.java:98)
	at org.junit.jupiter.engine.descriptor.TestMethodTestDescriptor.lambda$invokeTestMethod$7(TestMethodTestDescriptor.java:214)
	at org.junit.platform.engine.support.hierarchical.ThrowableCollector.execute(ThrowableCollector.java:73)
	at org.junit.jupiter.engine.descriptor.TestMethodTestDescriptor.invokeTestMethod(TestMethodTestDescriptor.java:210)
	at org.junit.jupiter.engine.descriptor.TestMethodTestDescriptor.execute(TestMethodTestDescriptor.java:135)
	at org.junit.jupiter.engine.descriptor.TestMethodTestDescriptor.execute(TestMethodTestDescriptor.java:66)
	at org.junit.platform.engine.support.hierarchical.NodeTestTask.lambda$executeRecursively$6(NodeTestTask.java:151)
	at org.junit.platform.engine.support.hierarchical.ThrowableCollector.execute(ThrowableCollector.java:73)
	at org.junit.platform.engine.support.hierarchical.NodeTestTask.lambda$executeRecursively$8(NodeTestTask.java:141)
	at org.junit.platform.engine.support.hierarchical.Node.around(Node.java:137)
	at org.junit.platform.engine.support.hierarchical.NodeTestTask.lambda$executeRecursively$9(NodeTestTask.java:139)
	at org.junit.platform.engine.support.hierarchical.ThrowableCollector.execute(ThrowableCollector.java:73)
	at org.junit.platform.engine.support.hierarchical.NodeTestTask.executeRecursively(NodeTestTask.java:138)
	at org.junit.platform.engine.support.hierarchical.NodeTestTask.execute(NodeTestTask.java:95)
	at java.util.ArrayList.forEach(ArrayList.java:1259)
	at org.junit.platform.engine.support.hierarchical.SameThreadHierarchicalTestExecutorService.invokeAll(SameThreadHierarchicalTestExecutorService.java:41)
	at org.junit.platform.engine.support.hierarchical.NodeTestTask.lambda$executeRecursively$6(NodeTestTask.java:155)
	at org.junit.platform.engine.support.hierarchical.ThrowableCollector.execute(ThrowableCollector.java:73)
	at org.junit.platform.engine.support.hierarchical.NodeTestTask.lambda$executeRecursively$8(NodeTestTask.java:141)
	at org.junit.platform.engine.support.hierarchical.Node.around(Node.java:137)
	at org.junit.platform.engine.support.hierarchical.NodeTestTask.lambda$executeRecursively$9(NodeTestTask.java:139)
	at org.junit.platform.engine.support.hierarchical.ThrowableCollector.execute(ThrowableCollector.java:73)
	at org.junit.platform.engine.support.hierarchical.NodeTestTask.executeRecursively(NodeTestTask.java:138)
	at org.junit.platform.engine.support.hierarchical.NodeTestTask.execute(NodeTestTask.java:95)
	at java.util.ArrayList.forEach(ArrayList.java:1259)
	at org.junit.platform.engine.support.hierarchical.SameThreadHierarchicalTestExecutorService.invokeAll(SameThreadHierarchicalTestExecutorService.java:41)
	at org.junit.platform.engine.support.hierarchical.NodeTestTask.lambda$executeRecursively$6(NodeTestTask.java:155)
	at org.junit.platform.engine.support.hierarchical.ThrowableCollector.execute(ThrowableCollector.java:73)
	at org.junit.platform.engine.support.hierarchical.NodeTestTask.lambda$executeRecursively$8(NodeTestTask.java:141)
	at org.junit.platform.engine.support.hierarchical.Node.around(Node.java:137)
	at org.junit.platform.engine.support.hierarchical.NodeTestTask.lambda$executeRecursively$9(NodeTestTask.java:139)
	at org.junit.platform.engine.support.hierarchical.ThrowableCollector.execute(ThrowableCollector.java:73)
	at org.junit.platform.engine.support.hierarchical.NodeTestTask.executeRecursively(NodeTestTask.java:138)
	at org.junit.platform.engine.support.hierarchical.NodeTestTask.execute(NodeTestTask.java:95)
	at org.junit.platform.engine.support.hierarchical.SameThreadHierarchicalTestExecutorService.submit(SameThreadHierarchicalTestExecutorService.java:35)
	at org.junit.platform.engine.support.hierarchical.HierarchicalTestExecutor.execute(HierarchicalTestExecutor.java:57)
	at org.junit.platform.engine.support.hierarchical.HierarchicalTestEngine.execute(HierarchicalTestEngine.java:54)
	at org.junit.platform.launcher.core.DefaultLauncher.execute(DefaultLauncher.java:170)
	at org.junit.platform.launcher.core.DefaultLauncher.execute(DefaultLauncher.java:154)
	at org.junit.platform.launcher.core.DefaultLauncher.execute(DefaultLauncher.java:90)
	at edu.illinois.cs.testrunner.execution.JUnit5TestExecutor.runTestsSeparately(JUnit5TestExecutor.java:40)
	at edu.illinois.cs.testrunner.execution.Executor$.$anonfun$run$1(Executor.scala:33)
	at scala.runtime.java8.JFunction0$mcV$sp.apply(JFunction0$mcV$sp.java:12)
	at scala.util.Try$.apply(Try.scala:209)
	at edu.illinois.cs.testrunner.execution.Executor$.run(Executor.scala:28)
	at edu.illinois.cs.testrunner.execution.Executor$.main(Executor.scala:18)
	at edu.illinois.cs.testrunner.execution.Executor.main(Executor.scala)
2024-04-21 13:00:14.603  INFO 16871 --- [WebServer 54367] okhttp3.mockwebserver.MockWebServer      : MockWebServer[54367] done accepting connections: Socket closed
