12:07:27.922 [main] DEBUG org.springframework.test.context.junit4.SpringJUnit4ClassRunner - SpringJUnit4ClassRunner constructor called with [class org.springframework.cloud.kubernetes.client.discovery.KubernetesDiscoveryClientAutoConfigurationTests]
12:07:27.931 [main] DEBUG org.springframework.test.context.BootstrapUtils - Instantiating CacheAwareContextLoaderDelegate from class [org.springframework.test.context.cache.DefaultCacheAwareContextLoaderDelegate]
12:07:27.940 [main] DEBUG org.springframework.test.context.BootstrapUtils - Instantiating BootstrapContext using constructor [public org.springframework.test.context.support.DefaultBootstrapContext(java.lang.Class,org.springframework.test.context.CacheAwareContextLoaderDelegate)]
12:07:27.976 [main] DEBUG org.springframework.test.context.BootstrapUtils - Instantiating TestContextBootstrapper for test class [org.springframework.cloud.kubernetes.client.discovery.KubernetesDiscoveryClientAutoConfigurationTests] from class [org.springframework.boot.test.context.SpringBootTestContextBootstrapper]
12:07:27.985 [main] INFO org.springframework.boot.test.context.SpringBootTestContextBootstrapper - Neither @ContextConfiguration nor @ContextHierarchy found for test class [org.springframework.cloud.kubernetes.client.discovery.KubernetesDiscoveryClientAutoConfigurationTests], using SpringBootContextLoader
12:07:27.989 [main] DEBUG org.springframework.test.context.support.AbstractContextLoader - Did not detect default resource location for test class [org.springframework.cloud.kubernetes.client.discovery.KubernetesDiscoveryClientAutoConfigurationTests]: class path resource [org/springframework/cloud/kubernetes/client/discovery/KubernetesDiscoveryClientAutoConfigurationTests-context.xml] does not exist
12:07:27.990 [main] DEBUG org.springframework.test.context.support.AbstractContextLoader - Did not detect default resource location for test class [org.springframework.cloud.kubernetes.client.discovery.KubernetesDiscoveryClientAutoConfigurationTests]: class path resource [org/springframework/cloud/kubernetes/client/discovery/KubernetesDiscoveryClientAutoConfigurationTestsContext.groovy] does not exist
12:07:27.990 [main] INFO org.springframework.test.context.support.AbstractContextLoader - Could not detect default resource locations for test class [org.springframework.cloud.kubernetes.client.discovery.KubernetesDiscoveryClientAutoConfigurationTests]: no resource found for suffixes {-context.xml, Context.groovy}.
12:07:28.065 [main] DEBUG org.springframework.test.context.support.ActiveProfilesUtils - Could not find an 'annotation declaring class' for annotation type [org.springframework.test.context.ActiveProfiles] and class [org.springframework.cloud.kubernetes.client.discovery.KubernetesDiscoveryClientAutoConfigurationTests]
12:07:28.169 [main] DEBUG org.springframework.boot.test.context.SpringBootTestContextBootstrapper - @TestExecutionListeners is not present for class [org.springframework.cloud.kubernetes.client.discovery.KubernetesDiscoveryClientAutoConfigurationTests]: using defaults.
12:07:28.170 [main] INFO org.springframework.boot.test.context.SpringBootTestContextBootstrapper - Loaded default TestExecutionListener class names from location [META-INF/spring.factories]: [org.springframework.boot.test.mock.mockito.MockitoTestExecutionListener, org.springframework.boot.test.mock.mockito.ResetMocksTestExecutionListener, org.springframework.boot.test.autoconfigure.restdocs.RestDocsTestExecutionListener, org.springframework.boot.test.autoconfigure.web.client.MockRestServiceServerResetTestExecutionListener, org.springframework.boot.test.autoconfigure.web.servlet.MockMvcPrintOnlyOnFailureTestExecutionListener, org.springframework.boot.test.autoconfigure.web.servlet.WebDriverTestExecutionListener, org.springframework.boot.test.autoconfigure.webservices.client.MockWebServiceServerTestExecutionListener, org.springframework.test.context.web.ServletTestExecutionListener, org.springframework.test.context.support.DirtiesContextBeforeModesTestExecutionListener, org.springframework.test.context.event.ApplicationEventsTestExecutionListener, org.springframework.test.context.support.DependencyInjectionTestExecutionListener, org.springframework.test.context.support.DirtiesContextTestExecutionListener, org.springframework.test.context.transaction.TransactionalTestExecutionListener, org.springframework.test.context.jdbc.SqlScriptsTestExecutionListener, org.springframework.test.context.event.EventPublishingTestExecutionListener]
12:07:28.181 [main] DEBUG org.springframework.boot.test.context.SpringBootTestContextBootstrapper - Skipping candidate TestExecutionListener [org.springframework.test.context.transaction.TransactionalTestExecutionListener] due to a missing dependency. Specify custom listener classes or make the default listener classes and their required dependencies available. Offending class: [org/springframework/transaction/TransactionDefinition]
12:07:28.182 [main] DEBUG org.springframework.boot.test.context.SpringBootTestContextBootstrapper - Skipping candidate TestExecutionListener [org.springframework.test.context.jdbc.SqlScriptsTestExecutionListener] due to a missing dependency. Specify custom listener classes or make the default listener classes and their required dependencies available. Offending class: [org/springframework/transaction/interceptor/TransactionAttribute]
12:07:28.183 [main] INFO org.springframework.boot.test.context.SpringBootTestContextBootstrapper - Using TestExecutionListeners: [org.springframework.test.context.web.ServletTestExecutionListener@5890e879, org.springframework.test.context.support.DirtiesContextBeforeModesTestExecutionListener@6440112d, org.springframework.test.context.event.ApplicationEventsTestExecutionListener@31ea9581, org.springframework.boot.test.mock.mockito.MockitoTestExecutionListener@231f98ef, org.springframework.boot.test.autoconfigure.SpringBootDependencyInjectionTestExecutionListener@7c137fd5, org.springframework.test.context.support.DirtiesContextTestExecutionListener@183ec003, org.springframework.test.context.event.EventPublishingTestExecutionListener@7d9d0818, org.springframework.boot.test.mock.mockito.ResetMocksTestExecutionListener@221a3fa4, org.springframework.boot.test.autoconfigure.restdocs.RestDocsTestExecutionListener@451001e5, org.springframework.boot.test.autoconfigure.web.client.MockRestServiceServerResetTestExecutionListener@2b40ff9c, org.springframework.boot.test.autoconfigure.web.servlet.MockMvcPrintOnlyOnFailureTestExecutionListener@3e08ff24, org.springframework.boot.test.autoconfigure.web.servlet.WebDriverTestExecutionListener@4d1c005e, org.springframework.boot.test.autoconfigure.webservices.client.MockWebServiceServerTestExecutionListener@8462f31]
12:07:28.184 [main] DEBUG org.springframework.test.annotation.ProfileValueUtils - Retrieved @ProfileValueSourceConfiguration [null] for test class [org.springframework.cloud.kubernetes.client.discovery.KubernetesDiscoveryClientAutoConfigurationTests]
12:07:28.185 [main] DEBUG org.springframework.test.annotation.ProfileValueUtils - Retrieved ProfileValueSource type [class org.springframework.test.annotation.SystemProfileValueSource] for class [org.springframework.cloud.kubernetes.client.discovery.KubernetesDiscoveryClientAutoConfigurationTests]
12:07:28.186 [main] DEBUG org.springframework.test.annotation.ProfileValueUtils - Retrieved @ProfileValueSourceConfiguration [null] for test class [org.springframework.cloud.kubernetes.client.discovery.KubernetesDiscoveryClientAutoConfigurationTests]
12:07:28.186 [main] DEBUG org.springframework.test.annotation.ProfileValueUtils - Retrieved ProfileValueSource type [class org.springframework.test.annotation.SystemProfileValueSource] for class [org.springframework.cloud.kubernetes.client.discovery.KubernetesDiscoveryClientAutoConfigurationTests]
12:07:28.192 [main] DEBUG org.springframework.test.context.junit4.SpringJUnit4ClassRunner - SpringJUnit4ClassRunner constructor called with [class org.springframework.cloud.kubernetes.client.discovery.reactive.KubernetesInformerReactiveDiscoveryClientAutoConfigurationTests]
12:07:28.192 [main] DEBUG org.springframework.test.context.BootstrapUtils - Instantiating CacheAwareContextLoaderDelegate from class [org.springframework.test.context.cache.DefaultCacheAwareContextLoaderDelegate]
12:07:28.192 [main] DEBUG org.springframework.test.context.BootstrapUtils - Instantiating BootstrapContext using constructor [public org.springframework.test.context.support.DefaultBootstrapContext(java.lang.Class,org.springframework.test.context.CacheAwareContextLoaderDelegate)]
12:07:28.193 [main] DEBUG org.springframework.test.context.BootstrapUtils - Instantiating TestContextBootstrapper for test class [org.springframework.cloud.kubernetes.client.discovery.reactive.KubernetesInformerReactiveDiscoveryClientAutoConfigurationTests] from class [org.springframework.boot.test.context.SpringBootTestContextBootstrapper]
12:07:28.194 [main] INFO org.springframework.boot.test.context.SpringBootTestContextBootstrapper - Neither @ContextConfiguration nor @ContextHierarchy found for test class [org.springframework.cloud.kubernetes.client.discovery.reactive.KubernetesInformerReactiveDiscoveryClientAutoConfigurationTests], using SpringBootContextLoader
12:07:28.195 [main] DEBUG org.springframework.test.context.support.AbstractContextLoader - Did not detect default resource location for test class [org.springframework.cloud.kubernetes.client.discovery.reactive.KubernetesInformerReactiveDiscoveryClientAutoConfigurationTests]: class path resource [org/springframework/cloud/kubernetes/client/discovery/reactive/KubernetesInformerReactiveDiscoveryClientAutoConfigurationTests-context.xml] does not exist
12:07:28.195 [main] DEBUG org.springframework.test.context.support.AbstractContextLoader - Did not detect default resource location for test class [org.springframework.cloud.kubernetes.client.discovery.reactive.KubernetesInformerReactiveDiscoveryClientAutoConfigurationTests]: class path resource [org/springframework/cloud/kubernetes/client/discovery/reactive/KubernetesInformerReactiveDiscoveryClientAutoConfigurationTestsContext.groovy] does not exist
12:07:28.195 [main] INFO org.springframework.test.context.support.AbstractContextLoader - Could not detect default resource locations for test class [org.springframework.cloud.kubernetes.client.discovery.reactive.KubernetesInformerReactiveDiscoveryClientAutoConfigurationTests]: no resource found for suffixes {-context.xml, Context.groovy}.
12:07:28.199 [main] DEBUG org.springframework.test.context.support.ActiveProfilesUtils - Could not find an 'annotation declaring class' for annotation type [org.springframework.test.context.ActiveProfiles] and class [org.springframework.cloud.kubernetes.client.discovery.reactive.KubernetesInformerReactiveDiscoveryClientAutoConfigurationTests]
12:07:28.218 [main] DEBUG org.springframework.boot.test.context.SpringBootTestContextBootstrapper - @TestExecutionListeners is not present for class [org.springframework.cloud.kubernetes.client.discovery.reactive.KubernetesInformerReactiveDiscoveryClientAutoConfigurationTests]: using defaults.
12:07:28.218 [main] INFO org.springframework.boot.test.context.SpringBootTestContextBootstrapper - Loaded default TestExecutionListener class names from location [META-INF/spring.factories]: [org.springframework.boot.test.mock.mockito.MockitoTestExecutionListener, org.springframework.boot.test.mock.mockito.ResetMocksTestExecutionListener, org.springframework.boot.test.autoconfigure.restdocs.RestDocsTestExecutionListener, org.springframework.boot.test.autoconfigure.web.client.MockRestServiceServerResetTestExecutionListener, org.springframework.boot.test.autoconfigure.web.servlet.MockMvcPrintOnlyOnFailureTestExecutionListener, org.springframework.boot.test.autoconfigure.web.servlet.WebDriverTestExecutionListener, org.springframework.boot.test.autoconfigure.webservices.client.MockWebServiceServerTestExecutionListener, org.springframework.test.context.web.ServletTestExecutionListener, org.springframework.test.context.support.DirtiesContextBeforeModesTestExecutionListener, org.springframework.test.context.event.ApplicationEventsTestExecutionListener, org.springframework.test.context.support.DependencyInjectionTestExecutionListener, org.springframework.test.context.support.DirtiesContextTestExecutionListener, org.springframework.test.context.transaction.TransactionalTestExecutionListener, org.springframework.test.context.jdbc.SqlScriptsTestExecutionListener, org.springframework.test.context.event.EventPublishingTestExecutionListener]
12:07:28.219 [main] DEBUG org.springframework.boot.test.context.SpringBootTestContextBootstrapper - Skipping candidate TestExecutionListener [org.springframework.test.context.transaction.TransactionalTestExecutionListener] due to a missing dependency. Specify custom listener classes or make the default listener classes and their required dependencies available. Offending class: [org/springframework/transaction/TransactionDefinition]
12:07:28.220 [main] DEBUG org.springframework.boot.test.context.SpringBootTestContextBootstrapper - Skipping candidate TestExecutionListener [org.springframework.test.context.jdbc.SqlScriptsTestExecutionListener] due to a missing dependency. Specify custom listener classes or make the default listener classes and their required dependencies available. Offending class: [org/springframework/transaction/interceptor/TransactionAttribute]
12:07:28.220 [main] INFO org.springframework.boot.test.context.SpringBootTestContextBootstrapper - Using TestExecutionListeners: [org.springframework.test.context.web.ServletTestExecutionListener@7b4c50bc, org.springframework.test.context.support.DirtiesContextBeforeModesTestExecutionListener@5884a914, org.springframework.test.context.event.ApplicationEventsTestExecutionListener@50378a4, org.springframework.boot.test.mock.mockito.MockitoTestExecutionListener@60f00693, org.springframework.boot.test.autoconfigure.SpringBootDependencyInjectionTestExecutionListener@79207381, org.springframework.test.context.support.DirtiesContextTestExecutionListener@491b9b8, org.springframework.test.context.event.EventPublishingTestExecutionListener@1a4927d6, org.springframework.boot.test.mock.mockito.ResetMocksTestExecutionListener@7a6d7e92, org.springframework.boot.test.autoconfigure.restdocs.RestDocsTestExecutionListener@aba625, org.springframework.boot.test.autoconfigure.web.client.MockRestServiceServerResetTestExecutionListener@97e93f1, org.springframework.boot.test.autoconfigure.web.servlet.MockMvcPrintOnlyOnFailureTestExecutionListener@5a5a729f, org.springframework.boot.test.autoconfigure.web.servlet.WebDriverTestExecutionListener@4b520ea8, org.springframework.boot.test.autoconfigure.webservices.client.MockWebServiceServerTestExecutionListener@16150369]
12:07:28.220 [main] DEBUG org.springframework.test.annotation.ProfileValueUtils - Retrieved @ProfileValueSourceConfiguration [null] for test class [org.springframework.cloud.kubernetes.client.discovery.reactive.KubernetesInformerReactiveDiscoveryClientAutoConfigurationTests]
12:07:28.220 [main] DEBUG org.springframework.test.annotation.ProfileValueUtils - Retrieved ProfileValueSource type [class org.springframework.test.annotation.SystemProfileValueSource] for class [org.springframework.cloud.kubernetes.client.discovery.reactive.KubernetesInformerReactiveDiscoveryClientAutoConfigurationTests]
12:07:28.220 [main] DEBUG org.springframework.test.annotation.ProfileValueUtils - Retrieved @ProfileValueSourceConfiguration [null] for test class [org.springframework.cloud.kubernetes.client.discovery.reactive.KubernetesInformerReactiveDiscoveryClientAutoConfigurationTests]
12:07:28.221 [main] DEBUG org.springframework.test.annotation.ProfileValueUtils - Retrieved ProfileValueSource type [class org.springframework.test.annotation.SystemProfileValueSource] for class [org.springframework.cloud.kubernetes.client.discovery.reactive.KubernetesInformerReactiveDiscoveryClientAutoConfigurationTests]
12:07:28.228 [main] DEBUG org.springframework.test.annotation.ProfileValueUtils - Retrieved @ProfileValueSourceConfiguration [null] for test class [org.springframework.cloud.kubernetes.client.discovery.KubernetesDiscoveryClientAutoConfigurationTests]
12:07:28.228 [main] DEBUG org.springframework.test.annotation.ProfileValueUtils - Retrieved ProfileValueSource type [class org.springframework.test.annotation.SystemProfileValueSource] for class [org.springframework.cloud.kubernetes.client.discovery.KubernetesDiscoveryClientAutoConfigurationTests]
12:07:28.228 [main] DEBUG org.springframework.test.annotation.ProfileValueUtils - Retrieved @ProfileValueSourceConfiguration [null] for test class [org.springframework.cloud.kubernetes.client.discovery.reactive.KubernetesInformerReactiveDiscoveryClientAutoConfigurationTests]
12:07:28.228 [main] DEBUG org.springframework.test.annotation.ProfileValueUtils - Retrieved ProfileValueSource type [class org.springframework.test.annotation.SystemProfileValueSource] for class [org.springframework.cloud.kubernetes.client.discovery.reactive.KubernetesInformerReactiveDiscoveryClientAutoConfigurationTests]
12:07:28.230 [main] DEBUG org.springframework.test.annotation.ProfileValueUtils - Retrieved @ProfileValueSourceConfiguration [null] for test class [org.springframework.cloud.kubernetes.client.discovery.KubernetesDiscoveryClientAutoConfigurationTests]
12:07:28.231 [main] DEBUG org.springframework.test.annotation.ProfileValueUtils - Retrieved ProfileValueSource type [class org.springframework.test.annotation.SystemProfileValueSource] for class [org.springframework.cloud.kubernetes.client.discovery.KubernetesDiscoveryClientAutoConfigurationTests]
12:07:28.231 [main] DEBUG org.springframework.test.annotation.ProfileValueUtils - Retrieved @ProfileValueSourceConfiguration [null] for test class [org.springframework.cloud.kubernetes.client.discovery.reactive.KubernetesInformerReactiveDiscoveryClientAutoConfigurationTests]
12:07:28.231 [main] DEBUG org.springframework.test.annotation.ProfileValueUtils - Retrieved ProfileValueSource type [class org.springframework.test.annotation.SystemProfileValueSource] for class [org.springframework.cloud.kubernetes.client.discovery.reactive.KubernetesInformerReactiveDiscoveryClientAutoConfigurationTests]
12:07:28.231 [main] DEBUG org.springframework.test.annotation.ProfileValueUtils - Retrieved @ProfileValueSourceConfiguration [null] for test class [org.springframework.cloud.kubernetes.client.discovery.KubernetesDiscoveryClientAutoConfigurationTests]
12:07:28.231 [main] DEBUG org.springframework.test.annotation.ProfileValueUtils - Retrieved ProfileValueSource type [class org.springframework.test.annotation.SystemProfileValueSource] for class [org.springframework.cloud.kubernetes.client.discovery.KubernetesDiscoveryClientAutoConfigurationTests]
12:07:28.231 [main] DEBUG org.springframework.test.annotation.ProfileValueUtils - Retrieved @ProfileValueSourceConfiguration [null] for test class [org.springframework.cloud.kubernetes.client.discovery.reactive.KubernetesInformerReactiveDiscoveryClientAutoConfigurationTests]
12:07:28.231 [main] DEBUG org.springframework.test.annotation.ProfileValueUtils - Retrieved ProfileValueSource type [class org.springframework.test.annotation.SystemProfileValueSource] for class [org.springframework.cloud.kubernetes.client.discovery.reactive.KubernetesInformerReactiveDiscoveryClientAutoConfigurationTests]
12:07:28.232 [main] DEBUG org.springframework.test.annotation.ProfileValueUtils - Retrieved @ProfileValueSourceConfiguration [null] for test class [org.springframework.cloud.kubernetes.client.discovery.KubernetesDiscoveryClientAutoConfigurationTests]
12:07:28.232 [main] DEBUG org.springframework.test.annotation.ProfileValueUtils - Retrieved ProfileValueSource type [class org.springframework.test.annotation.SystemProfileValueSource] for class [org.springframework.cloud.kubernetes.client.discovery.KubernetesDiscoveryClientAutoConfigurationTests]
12:07:28.232 [main] DEBUG org.springframework.test.annotation.ProfileValueUtils - Retrieved @ProfileValueSourceConfiguration [null] for test class [org.springframework.cloud.kubernetes.client.discovery.reactive.KubernetesInformerReactiveDiscoveryClientAutoConfigurationTests]
12:07:28.232 [main] DEBUG org.springframework.test.annotation.ProfileValueUtils - Retrieved ProfileValueSource type [class org.springframework.test.annotation.SystemProfileValueSource] for class [org.springframework.cloud.kubernetes.client.discovery.reactive.KubernetesInformerReactiveDiscoveryClientAutoConfigurationTests]
12:07:28.232 [main] DEBUG org.springframework.test.annotation.ProfileValueUtils - Retrieved @ProfileValueSourceConfiguration [null] for test class [org.springframework.cloud.kubernetes.client.discovery.reactive.KubernetesInformerReactiveDiscoveryClientAutoConfigurationTests]
12:07:28.232 [main] DEBUG org.springframework.test.annotation.ProfileValueUtils - Retrieved ProfileValueSource type [class org.springframework.test.annotation.SystemProfileValueSource] for class [org.springframework.cloud.kubernetes.client.discovery.reactive.KubernetesInformerReactiveDiscoveryClientAutoConfigurationTests]
12:07:28.237 [main] DEBUG org.springframework.test.annotation.ProfileValueUtils - Retrieved @ProfileValueSourceConfiguration [null] for test class [org.springframework.cloud.kubernetes.client.discovery.KubernetesDiscoveryClientAutoConfigurationTests]
12:07:28.237 [main] DEBUG org.springframework.test.annotation.ProfileValueUtils - Retrieved ProfileValueSource type [class org.springframework.test.annotation.SystemProfileValueSource] for class [org.springframework.cloud.kubernetes.client.discovery.KubernetesDiscoveryClientAutoConfigurationTests]
12:07:28.237 [main] DEBUG org.springframework.test.annotation.ProfileValueUtils - Retrieved @ProfileValueSourceConfiguration [null] for test class [org.springframework.cloud.kubernetes.client.discovery.reactive.KubernetesInformerReactiveDiscoveryClientAutoConfigurationTests]
12:07:28.237 [main] DEBUG org.springframework.test.annotation.ProfileValueUtils - Retrieved ProfileValueSource type [class org.springframework.test.annotation.SystemProfileValueSource] for class [org.springframework.cloud.kubernetes.client.discovery.reactive.KubernetesInformerReactiveDiscoveryClientAutoConfigurationTests]
12:07:28.239 [main] DEBUG org.springframework.test.annotation.ProfileValueUtils - Retrieved @ProfileValueSourceConfiguration [null] for test class [org.springframework.cloud.kubernetes.client.discovery.KubernetesDiscoveryClientAutoConfigurationTests]
12:07:28.239 [main] DEBUG org.springframework.test.annotation.ProfileValueUtils - Retrieved ProfileValueSource type [class org.springframework.test.annotation.SystemProfileValueSource] for class [org.springframework.cloud.kubernetes.client.discovery.KubernetesDiscoveryClientAutoConfigurationTests]
12:07:28.239 [main] DEBUG org.springframework.test.annotation.ProfileValueUtils - Retrieved @ProfileValueSourceConfiguration [null] for test class [org.springframework.cloud.kubernetes.client.discovery.reactive.KubernetesInformerReactiveDiscoveryClientAutoConfigurationTests]
12:07:28.239 [main] DEBUG org.springframework.test.annotation.ProfileValueUtils - Retrieved ProfileValueSource type [class org.springframework.test.annotation.SystemProfileValueSource] for class [org.springframework.cloud.kubernetes.client.discovery.reactive.KubernetesInformerReactiveDiscoveryClientAutoConfigurationTests]
12:07:28.241 [main] DEBUG org.springframework.test.annotation.ProfileValueUtils - Retrieved @ProfileValueSourceConfiguration [null] for test class [org.springframework.cloud.kubernetes.client.discovery.KubernetesDiscoveryClientAutoConfigurationTests]
12:07:28.241 [main] DEBUG org.springframework.test.annotation.ProfileValueUtils - Retrieved ProfileValueSource type [class org.springframework.test.annotation.SystemProfileValueSource] for class [org.springframework.cloud.kubernetes.client.discovery.KubernetesDiscoveryClientAutoConfigurationTests]
12:07:28.241 [main] DEBUG org.springframework.test.annotation.ProfileValueUtils - Retrieved @ProfileValueSourceConfiguration [null] for test class [org.springframework.cloud.kubernetes.client.discovery.KubernetesDiscoveryClientAutoConfigurationTests]
12:07:28.242 [main] DEBUG org.springframework.test.annotation.ProfileValueUtils - Retrieved ProfileValueSource type [class org.springframework.test.annotation.SystemProfileValueSource] for class [org.springframework.cloud.kubernetes.client.discovery.KubernetesDiscoveryClientAutoConfigurationTests]
12:07:28.245 [main] DEBUG org.springframework.test.context.support.AbstractDirtiesContextTestExecutionListener - Before test class: context [DefaultTestContext@5d908d47 testClass = KubernetesDiscoveryClientAutoConfigurationTests, testInstance = [null], testMethod = [null], testException = [null], mergedContextConfiguration = [WebMergedContextConfiguration@5efa40fe testClass = KubernetesDiscoveryClientAutoConfigurationTests, locations = '{}', classes = '{class org.springframework.cloud.kubernetes.client.discovery.KubernetesDiscoveryClientAutoConfigurationTests$TestConfig}', contextInitializerClasses = '[]', activeProfiles = '{}', propertySourceLocations = '{}', propertySourceProperties = '{spring.cloud.kubernetes.discovery.cacheLoadingTimeoutSeconds=5, spring.cloud.config.enabled=false, spring.cloud.kubernetes.discovery.waitCacheReady=false, org.springframework.boot.test.context.SpringBootTestContextBootstrapper=true, server.port=0}', contextCustomizers = set[org.springframework.boot.test.context.filter.ExcludeFilterContextCustomizer@662ac478, org.springframework.boot.test.json.DuplicateJsonObjectContextCustomizerFactory$DuplicateJsonObjectContextCustomizer@477b4cdf, org.springframework.boot.test.mock.mockito.MockitoContextCustomizer@0, org.springframework.boot.test.web.client.TestRestTemplateContextCustomizer@367ffa75, org.springframework.boot.test.web.reactive.server.WebTestClientContextCustomizer@1c1bbc4e, org.springframework.boot.test.autoconfigure.actuate.metrics.MetricsExportContextCustomizerFactory$DisableMetricExportContextCustomizer@2aceadd4, org.springframework.boot.test.autoconfigure.properties.PropertyMappingContextCustomizer@0, org.springframework.boot.test.autoconfigure.web.servlet.WebDriverContextCustomizerFactory$Customizer@7bedc48a, org.springframework.boot.test.context.SpringBootTestArgs@1, org.springframework.boot.test.context.SpringBootTestWebEnvironment@7722c3c3], resourceBasePath = 'src/main/webapp', contextLoader = 'org.springframework.boot.test.context.SpringBootContextLoader', parent = [null]], attributes = map['org.springframework.test.context.web.ServletTestExecutionListener.activateListener' -> false]], class annotated with @DirtiesContext [false] with mode [null].
12:07:28.247 [main] DEBUG org.springframework.test.annotation.ProfileValueUtils - Retrieved @ProfileValueSourceConfiguration [null] for test class [org.springframework.cloud.kubernetes.client.discovery.KubernetesDiscoveryClientAutoConfigurationTests]
12:07:28.247 [main] DEBUG org.springframework.test.annotation.ProfileValueUtils - Retrieved ProfileValueSource type [class org.springframework.test.annotation.SystemProfileValueSource] for class [org.springframework.cloud.kubernetes.client.discovery.KubernetesDiscoveryClientAutoConfigurationTests]
12:07:28.253 [main] DEBUG org.springframework.test.context.support.DependencyInjectionTestExecutionListener - Performing dependency injection for test context [[DefaultTestContext@5d908d47 testClass = KubernetesDiscoveryClientAutoConfigurationTests, testInstance = org.springframework.cloud.kubernetes.client.discovery.KubernetesDiscoveryClientAutoConfigurationTests@15d49048, testMethod = [null], testException = [null], mergedContextConfiguration = [WebMergedContextConfiguration@5efa40fe testClass = KubernetesDiscoveryClientAutoConfigurationTests, locations = '{}', classes = '{class org.springframework.cloud.kubernetes.client.discovery.KubernetesDiscoveryClientAutoConfigurationTests$TestConfig}', contextInitializerClasses = '[]', activeProfiles = '{}', propertySourceLocations = '{}', propertySourceProperties = '{spring.cloud.kubernetes.discovery.cacheLoadingTimeoutSeconds=5, spring.cloud.config.enabled=false, spring.cloud.kubernetes.discovery.waitCacheReady=false, org.springframework.boot.test.context.SpringBootTestContextBootstrapper=true, server.port=0}', contextCustomizers = set[org.springframework.boot.test.context.filter.ExcludeFilterContextCustomizer@662ac478, org.springframework.boot.test.json.DuplicateJsonObjectContextCustomizerFactory$DuplicateJsonObjectContextCustomizer@477b4cdf, org.springframework.boot.test.mock.mockito.MockitoContextCustomizer@0, org.springframework.boot.test.web.client.TestRestTemplateContextCustomizer@367ffa75, org.springframework.boot.test.web.reactive.server.WebTestClientContextCustomizer@1c1bbc4e, org.springframework.boot.test.autoconfigure.actuate.metrics.MetricsExportContextCustomizerFactory$DisableMetricExportContextCustomizer@2aceadd4, org.springframework.boot.test.autoconfigure.properties.PropertyMappingContextCustomizer@0, org.springframework.boot.test.autoconfigure.web.servlet.WebDriverContextCustomizerFactory$Customizer@7bedc48a, org.springframework.boot.test.context.SpringBootTestArgs@1, org.springframework.boot.test.context.SpringBootTestWebEnvironment@7722c3c3], resourceBasePath = 'src/main/webapp', contextLoader = 'org.springframework.boot.test.context.SpringBootContextLoader', parent = [null]], attributes = map['org.springframework.test.context.web.ServletTestExecutionListener.activateListener' -> false, 'org.springframework.test.context.event.ApplicationEventsTestExecutionListener.recordApplicationEvents' -> false]]].

  .   ____          _            __ _ _
 /\\ / ___'_ __ _ _(_)_ __  __ _ \ \ \ \
( ( )\___ | '_ | '_| | '_ \/ _` | \ \ \ \
 \\/  ___)| |_)| | | | | || (_| |  ) ) ) )
  '  |____| .__|_| |_|_| |_\__, | / / / /
 =========|_|==============|___/=/_/_/_/
 :: Spring Boot ::                (v2.6.3)

2024-05-17 12:07:28.845  WARN 7153 --- [           main] ubernetesProfileEnvironmentPostProcessor : Not running inside kubernetes. Skipping 'kubernetes' profile activation.
2024-05-17 12:07:28.857  INFO 7153 --- [           main] tesDiscoveryClientAutoConfigurationTests : Starting KubernetesDiscoveryClientAutoConfigurationTests using Java 1.8.0_292 on 9168d08beda2 with PID 7153 (started by idflakies in /home/idflakies/spring-cloud/spring-cloud-kubernetes)
2024-05-17 12:07:28.858  INFO 7153 --- [           main] tesDiscoveryClientAutoConfigurationTests : No active profile set, falling back to default profiles: default
2024-05-17 12:07:30.244  INFO 7153 --- [           main] org.eclipse.jetty.util.log               : Logging initialized @3089ms to org.eclipse.jetty.util.log.Slf4jLog
2024-05-17 12:07:30.376  INFO 7153 --- [           main] org.eclipse.jetty.server.Server          : jetty-9.4.44.v20210927; built: 2021-09-27T23:02:44.612Z; git: 8da83308eeca865e495e53ef315a249d63ba9332; jvm 1.8.0_292-8u292-b10-0ubuntu1~16.04.1-b10
2024-05-17 12:07:30.397  INFO 7153 --- [           main] o.e.jetty.server.handler.ContextHandler  : Started o.e.j.s.ServletContextHandler@64f981e2{/__admin,null,AVAILABLE}
2024-05-17 12:07:30.399  INFO 7153 --- [           main] o.e.jetty.server.handler.ContextHandler  : Started o.e.j.s.ServletContextHandler@59bbb974{/,null,AVAILABLE}
2024-05-17 12:07:30.417  INFO 7153 --- [           main] o.e.jetty.server.AbstractConnector       : Started NetworkTrafficServerConnector@7c72ecc{HTTP/1.1, (http/1.1)}{0.0.0.0:41761}
2024-05-17 12:07:30.417  INFO 7153 --- [           main] org.eclipse.jetty.server.Server          : Started @3263ms
2024-05-17 12:07:30.646  INFO 7153 --- [tp2107873140-22] o.e.j.s.handler.ContextHandler.__admin   : RequestHandlerClass from context returned com.github.tomakehurst.wiremock.http.AdminRequestHandler. Normalized mapped under returned 'null'
2024-05-17 12:07:30.884  INFO 7153 --- [           main] o.s.c.a.ConfigurationClassPostProcessor  : Cannot enhance @Configuration bean definition 'kubernetesDiscoveryClientAutoConfigurationTests.TestConfig' since its singleton instance has been created too early. The typical cause is a non-static @Bean method with a BeanDefinitionRegistryPostProcessor return type: Consider declaring such methods as 'static'.
2024-05-17 12:07:30.989  INFO 7153 --- [           main] o.s.cloud.context.scope.GenericScope     : BeanFactory id=c4d006af-a204-306e-a414-6c511b278167
2024-05-17 12:07:31.090  INFO 7153 --- [           main] trationDelegate$BeanPostProcessorChecker : Bean 'io.kubernetes.client.spring.extended.manifests.config.KubernetesManifestsAutoConfiguration' of type [io.kubernetes.client.spring.extended.manifests.config.KubernetesManifestsAutoConfiguration] is not eligible for getting processed by all BeanPostProcessors (for example: not eligible for auto-proxying)
2024-05-17 12:07:31.121  INFO 7153 --- [           main] trationDelegate$BeanPostProcessorChecker : Bean 'org.springframework.cloud.commons.config.CommonsConfigAutoConfiguration' of type [org.springframework.cloud.commons.config.CommonsConfigAutoConfiguration] is not eligible for getting processed by all BeanPostProcessors (for example: not eligible for auto-proxying)
2024-05-17 12:07:31.126  INFO 7153 --- [           main] trationDelegate$BeanPostProcessorChecker : Bean 'org.springframework.cloud.client.loadbalancer.LoadBalancerDefaultMappingsProviderAutoConfiguration' of type [org.springframework.cloud.client.loadbalancer.LoadBalancerDefaultMappingsProviderAutoConfiguration] is not eligible for getting processed by all BeanPostProcessors (for example: not eligible for auto-proxying)
2024-05-17 12:07:31.129  INFO 7153 --- [           main] trationDelegate$BeanPostProcessorChecker : Bean 'loadBalancerClientsDefaultsMappingsProvider' of type [org.springframework.cloud.client.loadbalancer.LoadBalancerDefaultMappingsProviderAutoConfiguration$$Lambda$446/545392109] is not eligible for getting processed by all BeanPostProcessors (for example: not eligible for auto-proxying)
2024-05-17 12:07:31.133  INFO 7153 --- [           main] trationDelegate$BeanPostProcessorChecker : Bean 'defaultsBindHandlerAdvisor' of type [org.springframework.cloud.commons.config.DefaultsBindHandlerAdvisor] is not eligible for getting processed by all BeanPostProcessors (for example: not eligible for auto-proxying)
2024-05-17 12:07:31.138  INFO 7153 --- [           main] trationDelegate$BeanPostProcessorChecker : Bean 'kubernetes.manifests-io.kubernetes.client.spring.extended.manifests.config.KubernetesManifestsProperties' of type [io.kubernetes.client.spring.extended.manifests.config.KubernetesManifestsProperties] is not eligible for getting processed by all BeanPostProcessors (for example: not eligible for auto-proxying)
2024-05-17 12:07:31.484  INFO 7153 --- [           main] o.s.b.w.embedded.tomcat.TomcatWebServer  : Tomcat initialized with port(s): 0 (http)
2024-05-17 12:07:31.497  INFO 7153 --- [           main] o.apache.catalina.core.StandardService   : Starting service [Tomcat]
2024-05-17 12:07:31.497  INFO 7153 --- [           main] org.apache.catalina.core.StandardEngine  : Starting Servlet engine: [Apache Tomcat/9.0.56]
2024-05-17 12:07:31.690  INFO 7153 --- [           main] o.a.c.c.C.[Tomcat].[localhost].[/]       : Initializing Spring embedded WebApplicationContext
2024-05-17 12:07:31.691  INFO 7153 --- [           main] w.s.c.ServletWebServerApplicationContext : Root WebApplicationContext: initialization completed in 2809 ms
2024-05-17 12:07:31.921  INFO 7153 --- [ler-V1Endpoints] i.k.client.informer.cache.Controller     : informer#Controller: ready to run resync & reflector runnable
2024-05-17 12:07:31.921  INFO 7153 --- [oller-V1Service] i.k.client.informer.cache.Controller     : informer#Controller: ready to run resync & reflector runnable
2024-05-17 12:07:31.922  INFO 7153 --- [ler-V1Endpoints] i.k.client.informer.cache.Controller     : informer#Controller: resync skipped due to 0 full resync period
2024-05-17 12:07:31.922  INFO 7153 --- [oller-V1Service] i.k.client.informer.cache.Controller     : informer#Controller: resync skipped due to 0 full resync period
2024-05-17 12:07:31.924  INFO 7153 --- [els.V1Service-1] i.k.c.informer.cache.ReflectorRunnable   : class io.kubernetes.client.openapi.models.V1Service#Start listing and watching...
2024-05-17 12:07:31.924  INFO 7153 --- [s.V1Endpoints-1] i.k.c.informer.cache.ReflectorRunnable   : class io.kubernetes.client.openapi.models.V1Endpoints#Start listing and watching...
2024-05-17 12:07:31.965  INFO 7153 --- [tp2107873140-16] o.e.j.s.handler.ContextHandler.ROOT      : RequestHandlerClass from context returned com.github.tomakehurst.wiremock.http.StubRequestHandler. Normalized mapped under returned 'null'
2024-05-17 12:07:32.026 ERROR 7153 --- [tp2107873140-20] WireMock                                 : 
                                               Request was not matched
                                               =======================

-----------------------------------------------------------------------------------------------------------------------
| Closest stub                                             | Request                                                  |
-----------------------------------------------------------------------------------------------------------------------
                                                           |
GET                                                        | GET
/api/v1/namespaces/test/services?resourceVersion=0&watch=  | /api/v1/namespaces/test/services?watch=true         <<<<< URL does not match
false                                                      |
                                                           |
                                                           |
-----------------------------------------------------------------------------------------------------------------------

2024-05-17 12:07:32.026 ERROR 7153 --- [tp2107873140-15] WireMock                                 : 
                                               Request was not matched
                                               =======================

-----------------------------------------------------------------------------------------------------------------------
| Closest stub                                             | Request                                                  |
-----------------------------------------------------------------------------------------------------------------------
                                                           |
GET                                                        | GET
/api/v1/namespaces/test/endpoints?resourceVersion=0&watch  | /api/v1/namespaces/test/endpoints?watch=true        <<<<< URL does not match
=false                                                     |
                                                           |
                                                           |
-----------------------------------------------------------------------------------------------------------------------

2024-05-17 12:07:32.055 ERROR 7153 --- [s.V1Endpoints-1] i.k.c.informer.cache.ReflectorRunnable   : class io.kubernetes.client.openapi.models.V1Endpoints#Reflector loop failed unexpectedly

io.kubernetes.client.openapi.ApiException: Not Found
	at io.kubernetes.client.util.Watch.createWatch(Watch.java:105) ~[client-java-13.0.0.jar:na]
	at io.kubernetes.client.util.generic.GenericKubernetesApi.watch(GenericKubernetesApi.java:761) ~[client-java-13.0.0.jar:na]
	at io.kubernetes.client.util.generic.GenericKubernetesApi.watch(GenericKubernetesApi.java:281) ~[client-java-13.0.0.jar:na]
	at io.kubernetes.client.informer.SharedInformerFactory$2.watch(SharedInformerFactory.java:263) ~[client-java-13.0.0.jar:na]
	at io.kubernetes.client.informer.cache.ReflectorRunnable.run(ReflectorRunnable.java:120) ~[client-java-13.0.0.jar:na]
	at java.util.concurrent.Executors$RunnableAdapter.call(Executors.java:511) ~[na:1.8.0_292]
	at java.util.concurrent.FutureTask.runAndReset(FutureTask.java:308) ~[na:1.8.0_292]
	at java.util.concurrent.ScheduledThreadPoolExecutor$ScheduledFutureTask.access$301(ScheduledThreadPoolExecutor.java:180) ~[na:1.8.0_292]
	at java.util.concurrent.ScheduledThreadPoolExecutor$ScheduledFutureTask.run(ScheduledThreadPoolExecutor.java:294) ~[na:1.8.0_292]
	at java.util.concurrent.ThreadPoolExecutor.runWorker(ThreadPoolExecutor.java:1149) ~[na:1.8.0_292]
	at java.util.concurrent.ThreadPoolExecutor$Worker.run(ThreadPoolExecutor.java:624) ~[na:1.8.0_292]
	at java.lang.Thread.run(Thread.java:748) ~[na:1.8.0_292]

2024-05-17 12:07:32.055 ERROR 7153 --- [els.V1Service-1] i.k.c.informer.cache.ReflectorRunnable   : class io.kubernetes.client.openapi.models.V1Service#Reflector loop failed unexpectedly

io.kubernetes.client.openapi.ApiException: Not Found
	at io.kubernetes.client.util.Watch.createWatch(Watch.java:105) ~[client-java-13.0.0.jar:na]
	at io.kubernetes.client.util.generic.GenericKubernetesApi.watch(GenericKubernetesApi.java:761) ~[client-java-13.0.0.jar:na]
	at io.kubernetes.client.util.generic.GenericKubernetesApi.watch(GenericKubernetesApi.java:281) ~[client-java-13.0.0.jar:na]
	at io.kubernetes.client.informer.SharedInformerFactory$2.watch(SharedInformerFactory.java:263) ~[client-java-13.0.0.jar:na]
	at io.kubernetes.client.informer.cache.ReflectorRunnable.run(ReflectorRunnable.java:120) ~[client-java-13.0.0.jar:na]
	at java.util.concurrent.Executors$RunnableAdapter.call(Executors.java:511) ~[na:1.8.0_292]
	at java.util.concurrent.FutureTask.runAndReset(FutureTask.java:308) ~[na:1.8.0_292]
	at java.util.concurrent.ScheduledThreadPoolExecutor$ScheduledFutureTask.access$301(ScheduledThreadPoolExecutor.java:180) ~[na:1.8.0_292]
	at java.util.concurrent.ScheduledThreadPoolExecutor$ScheduledFutureTask.run(ScheduledThreadPoolExecutor.java:294) ~[na:1.8.0_292]
	at java.util.concurrent.ThreadPoolExecutor.runWorker(ThreadPoolExecutor.java:1149) ~[na:1.8.0_292]
	at java.util.concurrent.ThreadPoolExecutor$Worker.run(ThreadPoolExecutor.java:624) ~[na:1.8.0_292]
	at java.lang.Thread.run(Thread.java:748) ~[na:1.8.0_292]

2024-05-17 12:07:32.920  INFO 7153 --- [pool-9-thread-1] .k.c.d.KubernetesInformerDiscoveryClient : Waiting for the cache of informers to be fully loaded..
2024-05-17 12:07:32.920  INFO 7153 --- [           main] .k.c.d.KubernetesInformerDiscoveryClient : Cache fully loaded (total 0 services) , discovery client is now available
2024-05-17 12:07:33.056  INFO 7153 --- [s.V1Endpoints-1] i.k.c.informer.cache.ReflectorRunnable   : class io.kubernetes.client.openapi.models.V1Endpoints#Start listing and watching...
2024-05-17 12:07:33.056  INFO 7153 --- [els.V1Service-1] i.k.c.informer.cache.ReflectorRunnable   : class io.kubernetes.client.openapi.models.V1Service#Start listing and watching...
2024-05-17 12:07:33.064 ERROR 7153 --- [tp2107873140-21] WireMock                                 : 
                                               Request was not matched
                                               =======================

-----------------------------------------------------------------------------------------------------------------------
| Closest stub                                             | Request                                                  |
-----------------------------------------------------------------------------------------------------------------------
                                                           |
GET                                                        | GET
/api/v1/namespaces/test/endpoints?resourceVersion=0&watch  | /api/v1/namespaces/test/endpoints?watch=true        <<<<< URL does not match
=false                                                     |
                                                           |
                                                           |
-----------------------------------------------------------------------------------------------------------------------

2024-05-17 12:07:33.066 ERROR 7153 --- [tp2107873140-22] WireMock                                 : 
                                               Request was not matched
                                               =======================

-----------------------------------------------------------------------------------------------------------------------
| Closest stub                                             | Request                                                  |
-----------------------------------------------------------------------------------------------------------------------
                                                           |
GET                                                        | GET
/api/v1/namespaces/test/services?resourceVersion=0&watch=  | /api/v1/namespaces/test/services?watch=true         <<<<< URL does not match
false                                                      |
                                                           |
                                                           |
-----------------------------------------------------------------------------------------------------------------------

2024-05-17 12:07:33.067 ERROR 7153 --- [s.V1Endpoints-1] i.k.c.informer.cache.ReflectorRunnable   : class io.kubernetes.client.openapi.models.V1Endpoints#Reflector loop failed unexpectedly

io.kubernetes.client.openapi.ApiException: Not Found
	at io.kubernetes.client.util.Watch.createWatch(Watch.java:105) ~[client-java-13.0.0.jar:na]
	at io.kubernetes.client.util.generic.GenericKubernetesApi.watch(GenericKubernetesApi.java:761) ~[client-java-13.0.0.jar:na]
	at io.kubernetes.client.util.generic.GenericKubernetesApi.watch(GenericKubernetesApi.java:281) ~[client-java-13.0.0.jar:na]
	at io.kubernetes.client.informer.SharedInformerFactory$2.watch(SharedInformerFactory.java:263) ~[client-java-13.0.0.jar:na]
	at io.kubernetes.client.informer.cache.ReflectorRunnable.run(ReflectorRunnable.java:120) ~[client-java-13.0.0.jar:na]
	at java.util.concurrent.Executors$RunnableAdapter.call(Executors.java:511) ~[na:1.8.0_292]
	at java.util.concurrent.FutureTask.runAndReset(FutureTask.java:308) ~[na:1.8.0_292]
	at java.util.concurrent.ScheduledThreadPoolExecutor$ScheduledFutureTask.access$301(ScheduledThreadPoolExecutor.java:180) ~[na:1.8.0_292]
	at java.util.concurrent.ScheduledThreadPoolExecutor$ScheduledFutureTask.run(ScheduledThreadPoolExecutor.java:294) ~[na:1.8.0_292]
	at java.util.concurrent.ThreadPoolExecutor.runWorker(ThreadPoolExecutor.java:1149) ~[na:1.8.0_292]
	at java.util.concurrent.ThreadPoolExecutor$Worker.run(ThreadPoolExecutor.java:624) ~[na:1.8.0_292]
	at java.lang.Thread.run(Thread.java:748) ~[na:1.8.0_292]

2024-05-17 12:07:33.070 ERROR 7153 --- [els.V1Service-1] i.k.c.informer.cache.ReflectorRunnable   : class io.kubernetes.client.openapi.models.V1Service#Reflector loop failed unexpectedly

io.kubernetes.client.openapi.ApiException: Not Found
	at io.kubernetes.client.util.Watch.createWatch(Watch.java:105) ~[client-java-13.0.0.jar:na]
	at io.kubernetes.client.util.generic.GenericKubernetesApi.watch(GenericKubernetesApi.java:761) ~[client-java-13.0.0.jar:na]
	at io.kubernetes.client.util.generic.GenericKubernetesApi.watch(GenericKubernetesApi.java:281) ~[client-java-13.0.0.jar:na]
	at io.kubernetes.client.informer.SharedInformerFactory$2.watch(SharedInformerFactory.java:263) ~[client-java-13.0.0.jar:na]
	at io.kubernetes.client.informer.cache.ReflectorRunnable.run(ReflectorRunnable.java:120) ~[client-java-13.0.0.jar:na]
	at java.util.concurrent.Executors$RunnableAdapter.call(Executors.java:511) ~[na:1.8.0_292]
	at java.util.concurrent.FutureTask.runAndReset(FutureTask.java:308) ~[na:1.8.0_292]
	at java.util.concurrent.ScheduledThreadPoolExecutor$ScheduledFutureTask.access$301(ScheduledThreadPoolExecutor.java:180) ~[na:1.8.0_292]
	at java.util.concurrent.ScheduledThreadPoolExecutor$ScheduledFutureTask.run(ScheduledThreadPoolExecutor.java:294) ~[na:1.8.0_292]
	at java.util.concurrent.ThreadPoolExecutor.runWorker(ThreadPoolExecutor.java:1149) ~[na:1.8.0_292]
	at java.util.concurrent.ThreadPoolExecutor$Worker.run(ThreadPoolExecutor.java:624) ~[na:1.8.0_292]
	at java.lang.Thread.run(Thread.java:748) ~[na:1.8.0_292]

2024-05-17 12:07:33.879  INFO 7153 --- [           main] o.s.b.w.embedded.tomcat.TomcatWebServer  : Tomcat started on port(s): 38031 (http) with context path ''
2024-05-17 12:07:33.895  INFO 7153 --- [           main] tesDiscoveryClientAutoConfigurationTests : Started KubernetesDiscoveryClientAutoConfigurationTests in 5.613 seconds (JVM running for 6.741)
2024-05-17 12:07:34.068  INFO 7153 --- [s.V1Endpoints-1] i.k.c.informer.cache.ReflectorRunnable   : class io.kubernetes.client.openapi.models.V1Endpoints#Start listing and watching...
2024-05-17 12:07:34.071  INFO 7153 --- [els.V1Service-1] i.k.c.informer.cache.ReflectorRunnable   : class io.kubernetes.client.openapi.models.V1Service#Start listing and watching...
2024-05-17 12:07:34.077 ERROR 7153 --- [tp2107873140-15] WireMock                                 : 
                                               Request was not matched
                                               =======================

-----------------------------------------------------------------------------------------------------------------------
| Closest stub                                             | Request                                                  |
-----------------------------------------------------------------------------------------------------------------------
                                                           |
GET                                                        | GET
/api/v1/namespaces/test/endpoints?resourceVersion=0&watch  | /api/v1/namespaces/test/endpoints?watch=true        <<<<< URL does not match
=false                                                     |
                                                           |
                                                           |
-----------------------------------------------------------------------------------------------------------------------

2024-05-17 12:07:34.080 ERROR 7153 --- [s.V1Endpoints-1] i.k.c.informer.cache.ReflectorRunnable   : class io.kubernetes.client.openapi.models.V1Endpoints#Reflector loop failed unexpectedly

io.kubernetes.client.openapi.ApiException: Not Found
	at io.kubernetes.client.util.Watch.createWatch(Watch.java:105) ~[client-java-13.0.0.jar:na]
	at io.kubernetes.client.util.generic.GenericKubernetesApi.watch(GenericKubernetesApi.java:761) ~[client-java-13.0.0.jar:na]
	at io.kubernetes.client.util.generic.GenericKubernetesApi.watch(GenericKubernetesApi.java:281) ~[client-java-13.0.0.jar:na]
	at io.kubernetes.client.informer.SharedInformerFactory$2.watch(SharedInformerFactory.java:263) ~[client-java-13.0.0.jar:na]
	at io.kubernetes.client.informer.cache.ReflectorRunnable.run(ReflectorRunnable.java:120) ~[client-java-13.0.0.jar:na]
	at java.util.concurrent.Executors$RunnableAdapter.call(Executors.java:511) ~[na:1.8.0_292]
	at java.util.concurrent.FutureTask.runAndReset(FutureTask.java:308) ~[na:1.8.0_292]
	at java.util.concurrent.ScheduledThreadPoolExecutor$ScheduledFutureTask.access$301(ScheduledThreadPoolExecutor.java:180) ~[na:1.8.0_292]
	at java.util.concurrent.ScheduledThreadPoolExecutor$ScheduledFutureTask.run(ScheduledThreadPoolExecutor.java:294) ~[na:1.8.0_292]
	at java.util.concurrent.ThreadPoolExecutor.runWorker(ThreadPoolExecutor.java:1149) ~[na:1.8.0_292]
	at java.util.concurrent.ThreadPoolExecutor$Worker.run(ThreadPoolExecutor.java:624) ~[na:1.8.0_292]
	at java.lang.Thread.run(Thread.java:748) ~[na:1.8.0_292]

2024-05-17 12:07:34.087 ERROR 7153 --- [tp2107873140-22] WireMock                                 : 
                                               Request was not matched
                                               =======================

-----------------------------------------------------------------------------------------------------------------------
| Closest stub                                             | Request                                                  |
-----------------------------------------------------------------------------------------------------------------------
                                                           |
GET                                                        | GET
/api/v1/namespaces/test/services?resourceVersion=0&watch=  | /api/v1/namespaces/test/services?watch=true         <<<<< URL does not match
false                                                      |
                                                           |
                                                           |
-----------------------------------------------------------------------------------------------------------------------

2024-05-17 12:07:34.090 ERROR 7153 --- [els.V1Service-1] i.k.c.informer.cache.ReflectorRunnable   : class io.kubernetes.client.openapi.models.V1Service#Reflector loop failed unexpectedly

io.kubernetes.client.openapi.ApiException: Not Found
	at io.kubernetes.client.util.Watch.createWatch(Watch.java:105) ~[client-java-13.0.0.jar:na]
	at io.kubernetes.client.util.generic.GenericKubernetesApi.watch(GenericKubernetesApi.java:761) ~[client-java-13.0.0.jar:na]
	at io.kubernetes.client.util.generic.GenericKubernetesApi.watch(GenericKubernetesApi.java:281) ~[client-java-13.0.0.jar:na]
	at io.kubernetes.client.informer.SharedInformerFactory$2.watch(SharedInformerFactory.java:263) ~[client-java-13.0.0.jar:na]
	at io.kubernetes.client.informer.cache.ReflectorRunnable.run(ReflectorRunnable.java:120) ~[client-java-13.0.0.jar:na]
	at java.util.concurrent.Executors$RunnableAdapter.call(Executors.java:511) ~[na:1.8.0_292]
	at java.util.concurrent.FutureTask.runAndReset(FutureTask.java:308) ~[na:1.8.0_292]
	at java.util.concurrent.ScheduledThreadPoolExecutor$ScheduledFutureTask.access$301(ScheduledThreadPoolExecutor.java:180) ~[na:1.8.0_292]
	at java.util.concurrent.ScheduledThreadPoolExecutor$ScheduledFutureTask.run(ScheduledThreadPoolExecutor.java:294) ~[na:1.8.0_292]
	at java.util.concurrent.ThreadPoolExecutor.runWorker(ThreadPoolExecutor.java:1149) ~[na:1.8.0_292]
	at java.util.concurrent.ThreadPoolExecutor$Worker.run(ThreadPoolExecutor.java:624) ~[na:1.8.0_292]
	at java.lang.Thread.run(Thread.java:748) ~[na:1.8.0_292]

2024-05-17 12:07:34.275  WARN 7153 --- [           main] .k.c.d.KubernetesInformerDiscoveryClient : Could not find a port named 'oops', 'https', or 'http' for service 'test-svc-1'.
2024-05-17 12:07:34.275  WARN 7153 --- [           main] .k.c.d.KubernetesInformerDiscoveryClient : Make sure that either the primary-port-name label has been added to the service, or that spring.cloud.kubernetes.discovery.primary-port-name has been configured.
2024-05-17 12:07:34.275  WARN 7153 --- [           main] .k.c.d.KubernetesInformerDiscoveryClient : Alternatively name the primary port 'https' or 'http'
2024-05-17 12:07:34.275  WARN 7153 --- [           main] .k.c.d.KubernetesInformerDiscoveryClient : An incorrect configuration may result in non-deterministic behaviour.
2024-05-17 12:07:34.276  WARN 7153 --- [           main] .k.c.d.KubernetesInformerDiscoveryClient : Could not find a port named 'oops', 'https', or 'http' for service 'test-svc-1'.
2024-05-17 12:07:34.276  WARN 7153 --- [           main] .k.c.d.KubernetesInformerDiscoveryClient : Make sure that either the primary-port-name label has been added to the service, or that spring.cloud.kubernetes.discovery.primary-port-name has been configured.
2024-05-17 12:07:34.276  WARN 7153 --- [           main] .k.c.d.KubernetesInformerDiscoveryClient : Alternatively name the primary port 'https' or 'http'
2024-05-17 12:07:34.276  WARN 7153 --- [           main] .k.c.d.KubernetesInformerDiscoveryClient : An incorrect configuration may result in non-deterministic behaviour.
2024-05-17 12:07:34.288  WARN 7153 --- [           main] .k.c.d.KubernetesInformerDiscoveryClient : Could not find a port named 'oops', 'https', or 'http' for service 'test-svc-1'.
2024-05-17 12:07:34.288  WARN 7153 --- [           main] .k.c.d.KubernetesInformerDiscoveryClient : Make sure that either the primary-port-name label has been added to the service, or that spring.cloud.kubernetes.discovery.primary-port-name has been configured.
2024-05-17 12:07:34.289  WARN 7153 --- [           main] .k.c.d.KubernetesInformerDiscoveryClient : Alternatively name the primary port 'https' or 'http'
2024-05-17 12:07:34.289  WARN 7153 --- [           main] .k.c.d.KubernetesInformerDiscoveryClient : An incorrect configuration may result in non-deterministic behaviour.

  .   ____          _            __ _ _
 /\\ / ___'_ __ _ _(_)_ __  __ _ \ \ \ \
( ( )\___ | '_ | '_| | '_ \/ _` | \ \ \ \
 \\/  ___)| |_)| | | | | || (_| |  ) ) ) )
  '  |____| .__|_| |_|_| |_\__, | / / / /
 =========|_|==============|___/=/_/_/_/
 :: Spring Boot ::                (v2.6.3)

2024-05-17 12:07:34.348  WARN 7153 --- [           main] ubernetesProfileEnvironmentPostProcessor : Not running inside kubernetes. Skipping 'kubernetes' profile activation.
2024-05-17 12:07:34.350  INFO 7153 --- [           main] iveDiscoveryClientAutoConfigurationTests : Starting KubernetesInformerReactiveDiscoveryClientAutoConfigurationTests using Java 1.8.0_292 on 9168d08beda2 with PID 7153 (started by idflakies in /home/idflakies/spring-cloud/spring-cloud-kubernetes)
2024-05-17 12:07:34.350  INFO 7153 --- [           main] iveDiscoveryClientAutoConfigurationTests : No active profile set, falling back to default profiles: default
2024-05-17 12:07:34.551  INFO 7153 --- [           main] org.eclipse.jetty.server.Server          : jetty-9.4.44.v20210927; built: 2021-09-27T23:02:44.612Z; git: 8da83308eeca865e495e53ef315a249d63ba9332; jvm 1.8.0_292-8u292-b10-0ubuntu1~16.04.1-b10
2024-05-17 12:07:34.553  INFO 7153 --- [           main] o.e.jetty.server.handler.ContextHandler  : Started o.e.j.s.ServletContextHandler@5f0d8937{/__admin,null,AVAILABLE}
2024-05-17 12:07:34.553  INFO 7153 --- [           main] o.e.jetty.server.handler.ContextHandler  : Started o.e.j.s.ServletContextHandler@105dc04d{/,null,AVAILABLE}
2024-05-17 12:07:34.554  INFO 7153 --- [           main] o.e.jetty.server.AbstractConnector       : Started NetworkTrafficServerConnector@71139e77{HTTP/1.1, (http/1.1)}{0.0.0.0:44785}
2024-05-17 12:07:34.555  INFO 7153 --- [           main] org.eclipse.jetty.server.Server          : Started @7401ms
2024-05-17 12:07:34.559  INFO 7153 --- [tp1030873355-48] o.e.j.s.handler.ContextHandler.__admin   : RequestHandlerClass from context returned com.github.tomakehurst.wiremock.http.AdminRequestHandler. Normalized mapped under returned 'null'
2024-05-17 12:07:34.602  INFO 7153 --- [           main] o.s.c.a.ConfigurationClassPostProcessor  : Cannot enhance @Configuration bean definition 'kubernetesInformerReactiveDiscoveryClientAutoConfigurationTests.TestConfig' since its singleton instance has been created too early. The typical cause is a non-static @Bean method with a BeanDefinitionRegistryPostProcessor return type: Consider declaring such methods as 'static'.
2024-05-17 12:07:34.606  INFO 7153 --- [           main] o.s.cloud.context.scope.GenericScope     : BeanFactory id=d7232dc4-7a46-3e4e-9978-4dacfc5f6386
2024-05-17 12:07:34.628  INFO 7153 --- [           main] trationDelegate$BeanPostProcessorChecker : Bean 'io.kubernetes.client.spring.extended.manifests.config.KubernetesManifestsAutoConfiguration' of type [io.kubernetes.client.spring.extended.manifests.config.KubernetesManifestsAutoConfiguration] is not eligible for getting processed by all BeanPostProcessors (for example: not eligible for auto-proxying)
2024-05-17 12:07:34.639  INFO 7153 --- [           main] trationDelegate$BeanPostProcessorChecker : Bean 'org.springframework.cloud.commons.config.CommonsConfigAutoConfiguration' of type [org.springframework.cloud.commons.config.CommonsConfigAutoConfiguration] is not eligible for getting processed by all BeanPostProcessors (for example: not eligible for auto-proxying)
2024-05-17 12:07:34.641  INFO 7153 --- [           main] trationDelegate$BeanPostProcessorChecker : Bean 'org.springframework.cloud.client.loadbalancer.LoadBalancerDefaultMappingsProviderAutoConfiguration' of type [org.springframework.cloud.client.loadbalancer.LoadBalancerDefaultMappingsProviderAutoConfiguration] is not eligible for getting processed by all BeanPostProcessors (for example: not eligible for auto-proxying)
2024-05-17 12:07:34.643  INFO 7153 --- [           main] trationDelegate$BeanPostProcessorChecker : Bean 'loadBalancerClientsDefaultsMappingsProvider' of type [org.springframework.cloud.client.loadbalancer.LoadBalancerDefaultMappingsProviderAutoConfiguration$$Lambda$446/545392109] is not eligible for getting processed by all BeanPostProcessors (for example: not eligible for auto-proxying)
2024-05-17 12:07:34.645  INFO 7153 --- [           main] trationDelegate$BeanPostProcessorChecker : Bean 'defaultsBindHandlerAdvisor' of type [org.springframework.cloud.commons.config.DefaultsBindHandlerAdvisor] is not eligible for getting processed by all BeanPostProcessors (for example: not eligible for auto-proxying)
2024-05-17 12:07:34.647  INFO 7153 --- [           main] trationDelegate$BeanPostProcessorChecker : Bean 'kubernetes.manifests-io.kubernetes.client.spring.extended.manifests.config.KubernetesManifestsProperties' of type [io.kubernetes.client.spring.extended.manifests.config.KubernetesManifestsProperties] is not eligible for getting processed by all BeanPostProcessors (for example: not eligible for auto-proxying)
2024-05-17 12:07:34.718  INFO 7153 --- [           main] o.s.b.w.embedded.tomcat.TomcatWebServer  : Tomcat initialized with port(s): 0 (http)
2024-05-17 12:07:34.719  INFO 7153 --- [           main] o.apache.catalina.core.StandardService   : Starting service [Tomcat]
2024-05-17 12:07:34.721  INFO 7153 --- [           main] org.apache.catalina.core.StandardEngine  : Starting Servlet engine: [Apache Tomcat/9.0.56]
2024-05-17 12:07:35.081  INFO 7153 --- [s.V1Endpoints-1] i.k.c.informer.cache.ReflectorRunnable   : class io.kubernetes.client.openapi.models.V1Endpoints#Start listing and watching...
2024-05-17 12:07:35.086 ERROR 7153 --- [tp2107873140-15] WireMock                                 : 
                                               Request was not matched
                                               =======================

-----------------------------------------------------------------------------------------------------------------------
| Closest stub                                             | Request                                                  |
-----------------------------------------------------------------------------------------------------------------------
                                                           |
GET                                                        | GET
/api/v1/namespaces/test/endpoints?resourceVersion=0&watch  | /api/v1/namespaces/test/endpoints?watch=true        <<<<< URL does not match
=false                                                     |
                                                           |
                                                           |
-----------------------------------------------------------------------------------------------------------------------

2024-05-17 12:07:35.088 ERROR 7153 --- [s.V1Endpoints-1] i.k.c.informer.cache.ReflectorRunnable   : class io.kubernetes.client.openapi.models.V1Endpoints#Reflector loop failed unexpectedly

io.kubernetes.client.openapi.ApiException: Not Found
	at io.kubernetes.client.util.Watch.createWatch(Watch.java:105) ~[client-java-13.0.0.jar:na]
	at io.kubernetes.client.util.generic.GenericKubernetesApi.watch(GenericKubernetesApi.java:761) ~[client-java-13.0.0.jar:na]
	at io.kubernetes.client.util.generic.GenericKubernetesApi.watch(GenericKubernetesApi.java:281) ~[client-java-13.0.0.jar:na]
	at io.kubernetes.client.informer.SharedInformerFactory$2.watch(SharedInformerFactory.java:263) ~[client-java-13.0.0.jar:na]
	at io.kubernetes.client.informer.cache.ReflectorRunnable.run(ReflectorRunnable.java:120) ~[client-java-13.0.0.jar:na]
	at java.util.concurrent.Executors$RunnableAdapter.call(Executors.java:511) ~[na:1.8.0_292]
	at java.util.concurrent.FutureTask.runAndReset(FutureTask.java:308) ~[na:1.8.0_292]
	at java.util.concurrent.ScheduledThreadPoolExecutor$ScheduledFutureTask.access$301(ScheduledThreadPoolExecutor.java:180) ~[na:1.8.0_292]
	at java.util.concurrent.ScheduledThreadPoolExecutor$ScheduledFutureTask.run(ScheduledThreadPoolExecutor.java:294) ~[na:1.8.0_292]
	at java.util.concurrent.ThreadPoolExecutor.runWorker(ThreadPoolExecutor.java:1149) ~[na:1.8.0_292]
	at java.util.concurrent.ThreadPoolExecutor$Worker.run(ThreadPoolExecutor.java:624) ~[na:1.8.0_292]
	at java.lang.Thread.run(Thread.java:748) ~[na:1.8.0_292]

2024-05-17 12:07:35.091  INFO 7153 --- [els.V1Service-1] i.k.c.informer.cache.ReflectorRunnable   : class io.kubernetes.client.openapi.models.V1Service#Start listing and watching...
2024-05-17 12:07:35.100 ERROR 7153 --- [tp2107873140-22] WireMock                                 : 
                                               Request was not matched
                                               =======================

-----------------------------------------------------------------------------------------------------------------------
| Closest stub                                             | Request                                                  |
-----------------------------------------------------------------------------------------------------------------------
                                                           |
GET                                                        | GET
/api/v1/namespaces/test/services?resourceVersion=0&watch=  | /api/v1/namespaces/test/services?watch=true         <<<<< URL does not match
false                                                      |
                                                           |
                                                           |
-----------------------------------------------------------------------------------------------------------------------

2024-05-17 12:07:35.101 ERROR 7153 --- [els.V1Service-1] i.k.c.informer.cache.ReflectorRunnable   : class io.kubernetes.client.openapi.models.V1Service#Reflector loop failed unexpectedly

io.kubernetes.client.openapi.ApiException: Not Found
	at io.kubernetes.client.util.Watch.createWatch(Watch.java:105) ~[client-java-13.0.0.jar:na]
	at io.kubernetes.client.util.generic.GenericKubernetesApi.watch(GenericKubernetesApi.java:761) ~[client-java-13.0.0.jar:na]
	at io.kubernetes.client.util.generic.GenericKubernetesApi.watch(GenericKubernetesApi.java:281) ~[client-java-13.0.0.jar:na]
	at io.kubernetes.client.informer.SharedInformerFactory$2.watch(SharedInformerFactory.java:263) ~[client-java-13.0.0.jar:na]
	at io.kubernetes.client.informer.cache.ReflectorRunnable.run(ReflectorRunnable.java:120) ~[client-java-13.0.0.jar:na]
	at java.util.concurrent.Executors$RunnableAdapter.call(Executors.java:511) ~[na:1.8.0_292]
	at java.util.concurrent.FutureTask.runAndReset(FutureTask.java:308) ~[na:1.8.0_292]
	at java.util.concurrent.ScheduledThreadPoolExecutor$ScheduledFutureTask.access$301(ScheduledThreadPoolExecutor.java:180) ~[na:1.8.0_292]
	at java.util.concurrent.ScheduledThreadPoolExecutor$ScheduledFutureTask.run(ScheduledThreadPoolExecutor.java:294) ~[na:1.8.0_292]
	at java.util.concurrent.ThreadPoolExecutor.runWorker(ThreadPoolExecutor.java:1149) ~[na:1.8.0_292]
	at java.util.concurrent.ThreadPoolExecutor$Worker.run(ThreadPoolExecutor.java:624) ~[na:1.8.0_292]
	at java.lang.Thread.run(Thread.java:748) ~[na:1.8.0_292]

2024-05-17 12:07:35.130  INFO 7153 --- [oller-V1Service] i.k.client.informer.cache.Controller     : informer#Controller: ready to run resync & reflector runnable
2024-05-17 12:07:35.130  INFO 7153 --- [oller-V1Service] i.k.client.informer.cache.Controller     : informer#Controller: resync skipped due to 0 full resync period
2024-05-17 12:07:35.130  INFO 7153 --- [els.V1Service-1] i.k.c.informer.cache.ReflectorRunnable   : class io.kubernetes.client.openapi.models.V1Service#Start listing and watching...
2024-05-17 12:07:35.130  INFO 7153 --- [ler-V1Endpoints] i.k.client.informer.cache.Controller     : informer#Controller: ready to run resync & reflector runnable
2024-05-17 12:07:35.131  INFO 7153 --- [ler-V1Endpoints] i.k.client.informer.cache.Controller     : informer#Controller: resync skipped due to 0 full resync period
2024-05-17 12:07:35.132  INFO 7153 --- [s.V1Endpoints-1] i.k.c.informer.cache.ReflectorRunnable   : class io.kubernetes.client.openapi.models.V1Endpoints#Start listing and watching...
2024-05-17 12:07:35.133  INFO 7153 --- [tp1030873355-41] o.e.j.s.handler.ContextHandler.ROOT      : RequestHandlerClass from context returned com.github.tomakehurst.wiremock.http.StubRequestHandler. Normalized mapped under returned 'null'
2024-05-17 12:07:35.157 ERROR 7153 --- [tp1030873355-42] WireMock                                 : 
                                               Request was not matched
                                               =======================

-----------------------------------------------------------------------------------------------------------------------
| Closest stub                                             | Request                                                  |
-----------------------------------------------------------------------------------------------------------------------
                                                           |
GET                                                        | GET
/api/v1/namespaces/test/endpoints?resourceVersion=0&watch  | /api/v1/namespaces/test/endpoints?watch=true        <<<<< URL does not match
=false                                                     |
                                                           |
                                                           |
-----------------------------------------------------------------------------------------------------------------------

2024-05-17 12:07:35.161 ERROR 7153 --- [s.V1Endpoints-1] i.k.c.informer.cache.ReflectorRunnable   : class io.kubernetes.client.openapi.models.V1Endpoints#Reflector loop failed unexpectedly

io.kubernetes.client.openapi.ApiException: Not Found
	at io.kubernetes.client.util.Watch.createWatch(Watch.java:105) ~[client-java-13.0.0.jar:na]
	at io.kubernetes.client.util.generic.GenericKubernetesApi.watch(GenericKubernetesApi.java:761) ~[client-java-13.0.0.jar:na]
	at io.kubernetes.client.util.generic.GenericKubernetesApi.watch(GenericKubernetesApi.java:281) ~[client-java-13.0.0.jar:na]
	at io.kubernetes.client.informer.SharedInformerFactory$2.watch(SharedInformerFactory.java:263) ~[client-java-13.0.0.jar:na]
	at io.kubernetes.client.informer.cache.ReflectorRunnable.run(ReflectorRunnable.java:120) ~[client-java-13.0.0.jar:na]
	at java.util.concurrent.Executors$RunnableAdapter.call(Executors.java:511) ~[na:1.8.0_292]
	at java.util.concurrent.FutureTask.runAndReset(FutureTask.java:308) ~[na:1.8.0_292]
	at java.util.concurrent.ScheduledThreadPoolExecutor$ScheduledFutureTask.access$301(ScheduledThreadPoolExecutor.java:180) ~[na:1.8.0_292]
	at java.util.concurrent.ScheduledThreadPoolExecutor$ScheduledFutureTask.run(ScheduledThreadPoolExecutor.java:294) ~[na:1.8.0_292]
	at java.util.concurrent.ThreadPoolExecutor.runWorker(ThreadPoolExecutor.java:1149) ~[na:1.8.0_292]
	at java.util.concurrent.ThreadPoolExecutor$Worker.run(ThreadPoolExecutor.java:624) ~[na:1.8.0_292]
	at java.lang.Thread.run(Thread.java:748) ~[na:1.8.0_292]

2024-05-17 12:07:35.163 ERROR 7153 --- [tp1030873355-46] WireMock                                 : 
                                               Request was not matched
                                               =======================

-----------------------------------------------------------------------------------------------------------------------
| Closest stub                                             | Request                                                  |
-----------------------------------------------------------------------------------------------------------------------
                                                           |
GET                                                        | GET
/api/v1/namespaces/test/services?resourceVersion=0&watch=  | /api/v1/namespaces/test/services?watch=true         <<<<< URL does not match
false                                                      |
                                                           |
                                                           |
-----------------------------------------------------------------------------------------------------------------------

2024-05-17 12:07:35.166 ERROR 7153 --- [els.V1Service-1] i.k.c.informer.cache.ReflectorRunnable   : class io.kubernetes.client.openapi.models.V1Service#Reflector loop failed unexpectedly

io.kubernetes.client.openapi.ApiException: Not Found
	at io.kubernetes.client.util.Watch.createWatch(Watch.java:105) ~[client-java-13.0.0.jar:na]
	at io.kubernetes.client.util.generic.GenericKubernetesApi.watch(GenericKubernetesApi.java:761) ~[client-java-13.0.0.jar:na]
	at io.kubernetes.client.util.generic.GenericKubernetesApi.watch(GenericKubernetesApi.java:281) ~[client-java-13.0.0.jar:na]
	at io.kubernetes.client.informer.SharedInformerFactory$2.watch(SharedInformerFactory.java:263) ~[client-java-13.0.0.jar:na]
	at io.kubernetes.client.informer.cache.ReflectorRunnable.run(ReflectorRunnable.java:120) ~[client-java-13.0.0.jar:na]
	at java.util.concurrent.Executors$RunnableAdapter.call(Executors.java:511) ~[na:1.8.0_292]
	at java.util.concurrent.FutureTask.runAndReset(FutureTask.java:308) ~[na:1.8.0_292]
	at java.util.concurrent.ScheduledThreadPoolExecutor$ScheduledFutureTask.access$301(ScheduledThreadPoolExecutor.java:180) ~[na:1.8.0_292]
	at java.util.concurrent.ScheduledThreadPoolExecutor$ScheduledFutureTask.run(ScheduledThreadPoolExecutor.java:294) ~[na:1.8.0_292]
	at java.util.concurrent.ThreadPoolExecutor.runWorker(ThreadPoolExecutor.java:1149) ~[na:1.8.0_292]
	at java.util.concurrent.ThreadPoolExecutor$Worker.run(ThreadPoolExecutor.java:624) ~[na:1.8.0_292]
	at java.lang.Thread.run(Thread.java:748) ~[na:1.8.0_292]

2024-05-17 12:07:36.089  INFO 7153 --- [s.V1Endpoints-1] i.k.c.informer.cache.ReflectorRunnable   : class io.kubernetes.client.openapi.models.V1Endpoints#Start listing and watching...
2024-05-17 12:07:36.095 ERROR 7153 --- [tp2107873140-15] WireMock                                 : 
                                               Request was not matched
                                               =======================

-----------------------------------------------------------------------------------------------------------------------
| Closest stub                                             | Request                                                  |
-----------------------------------------------------------------------------------------------------------------------
                                                           |
GET                                                        | GET
/api/v1/namespaces/test/endpoints?resourceVersion=0&watch  | /api/v1/namespaces/test/endpoints?watch=true        <<<<< URL does not match
=false                                                     |
                                                           |
                                                           |
-----------------------------------------------------------------------------------------------------------------------

2024-05-17 12:07:36.097 ERROR 7153 --- [s.V1Endpoints-1] i.k.c.informer.cache.ReflectorRunnable   : class io.kubernetes.client.openapi.models.V1Endpoints#Reflector loop failed unexpectedly

io.kubernetes.client.openapi.ApiException: Not Found
	at io.kubernetes.client.util.Watch.createWatch(Watch.java:105) ~[client-java-13.0.0.jar:na]
	at io.kubernetes.client.util.generic.GenericKubernetesApi.watch(GenericKubernetesApi.java:761) ~[client-java-13.0.0.jar:na]
	at io.kubernetes.client.util.generic.GenericKubernetesApi.watch(GenericKubernetesApi.java:281) ~[client-java-13.0.0.jar:na]
	at io.kubernetes.client.informer.SharedInformerFactory$2.watch(SharedInformerFactory.java:263) ~[client-java-13.0.0.jar:na]
	at io.kubernetes.client.informer.cache.ReflectorRunnable.run(ReflectorRunnable.java:120) ~[client-java-13.0.0.jar:na]
	at java.util.concurrent.Executors$RunnableAdapter.call(Executors.java:511) ~[na:1.8.0_292]
	at java.util.concurrent.FutureTask.runAndReset(FutureTask.java:308) ~[na:1.8.0_292]
	at java.util.concurrent.ScheduledThreadPoolExecutor$ScheduledFutureTask.access$301(ScheduledThreadPoolExecutor.java:180) ~[na:1.8.0_292]
	at java.util.concurrent.ScheduledThreadPoolExecutor$ScheduledFutureTask.run(ScheduledThreadPoolExecutor.java:294) ~[na:1.8.0_292]
	at java.util.concurrent.ThreadPoolExecutor.runWorker(ThreadPoolExecutor.java:1149) ~[na:1.8.0_292]
	at java.util.concurrent.ThreadPoolExecutor$Worker.run(ThreadPoolExecutor.java:624) ~[na:1.8.0_292]
	at java.lang.Thread.run(Thread.java:748) ~[na:1.8.0_292]

2024-05-17 12:07:36.102  INFO 7153 --- [els.V1Service-1] i.k.c.informer.cache.ReflectorRunnable   : class io.kubernetes.client.openapi.models.V1Service#Start listing and watching...
2024-05-17 12:07:36.106 ERROR 7153 --- [tp2107873140-22] WireMock                                 : 
                                               Request was not matched
                                               =======================

-----------------------------------------------------------------------------------------------------------------------
| Closest stub                                             | Request                                                  |
-----------------------------------------------------------------------------------------------------------------------
                                                           |
GET                                                        | GET
/api/v1/namespaces/test/services?resourceVersion=0&watch=  | /api/v1/namespaces/test/services?watch=true         <<<<< URL does not match
false                                                      |
                                                           |
                                                           |
-----------------------------------------------------------------------------------------------------------------------

2024-05-17 12:07:36.108 ERROR 7153 --- [els.V1Service-1] i.k.c.informer.cache.ReflectorRunnable   : class io.kubernetes.client.openapi.models.V1Service#Reflector loop failed unexpectedly

io.kubernetes.client.openapi.ApiException: Not Found
	at io.kubernetes.client.util.Watch.createWatch(Watch.java:105) ~[client-java-13.0.0.jar:na]
	at io.kubernetes.client.util.generic.GenericKubernetesApi.watch(GenericKubernetesApi.java:761) ~[client-java-13.0.0.jar:na]
	at io.kubernetes.client.util.generic.GenericKubernetesApi.watch(GenericKubernetesApi.java:281) ~[client-java-13.0.0.jar:na]
	at io.kubernetes.client.informer.SharedInformerFactory$2.watch(SharedInformerFactory.java:263) ~[client-java-13.0.0.jar:na]
	at io.kubernetes.client.informer.cache.ReflectorRunnable.run(ReflectorRunnable.java:120) ~[client-java-13.0.0.jar:na]
	at java.util.concurrent.Executors$RunnableAdapter.call(Executors.java:511) ~[na:1.8.0_292]
	at java.util.concurrent.FutureTask.runAndReset(FutureTask.java:308) ~[na:1.8.0_292]
	at java.util.concurrent.ScheduledThreadPoolExecutor$ScheduledFutureTask.access$301(ScheduledThreadPoolExecutor.java:180) ~[na:1.8.0_292]
	at java.util.concurrent.ScheduledThreadPoolExecutor$ScheduledFutureTask.run(ScheduledThreadPoolExecutor.java:294) ~[na:1.8.0_292]
	at java.util.concurrent.ThreadPoolExecutor.runWorker(ThreadPoolExecutor.java:1149) ~[na:1.8.0_292]
	at java.util.concurrent.ThreadPoolExecutor$Worker.run(ThreadPoolExecutor.java:624) ~[na:1.8.0_292]
	at java.lang.Thread.run(Thread.java:748) ~[na:1.8.0_292]

2024-05-17 12:07:36.130  INFO 7153 --- [ool-20-thread-1] .k.c.d.KubernetesInformerDiscoveryClient : Waiting for the cache of informers to be fully loaded..
2024-05-17 12:07:36.130  INFO 7153 --- [           main] .k.c.d.KubernetesInformerDiscoveryClient : Cache fully loaded (total 0 services) , discovery client is now available
2024-05-17 12:07:36.162  INFO 7153 --- [s.V1Endpoints-1] i.k.c.informer.cache.ReflectorRunnable   : class io.kubernetes.client.openapi.models.V1Endpoints#Start listing and watching...
2024-05-17 12:07:36.167  INFO 7153 --- [els.V1Service-1] i.k.c.informer.cache.ReflectorRunnable   : class io.kubernetes.client.openapi.models.V1Service#Start listing and watching...
2024-05-17 12:07:36.167 ERROR 7153 --- [tp1030873355-47] WireMock                                 : 
                                               Request was not matched
                                               =======================

-----------------------------------------------------------------------------------------------------------------------
| Closest stub                                             | Request                                                  |
-----------------------------------------------------------------------------------------------------------------------
                                                           |
GET                                                        | GET
/api/v1/namespaces/test/endpoints?resourceVersion=0&watch  | /api/v1/namespaces/test/endpoints?watch=true        <<<<< URL does not match
=false                                                     |
                                                           |
                                                           |
-----------------------------------------------------------------------------------------------------------------------

2024-05-17 12:07:36.169 ERROR 7153 --- [s.V1Endpoints-1] i.k.c.informer.cache.ReflectorRunnable   : class io.kubernetes.client.openapi.models.V1Endpoints#Reflector loop failed unexpectedly

io.kubernetes.client.openapi.ApiException: Not Found
	at io.kubernetes.client.util.Watch.createWatch(Watch.java:105) ~[client-java-13.0.0.jar:na]
	at io.kubernetes.client.util.generic.GenericKubernetesApi.watch(GenericKubernetesApi.java:761) ~[client-java-13.0.0.jar:na]
	at io.kubernetes.client.util.generic.GenericKubernetesApi.watch(GenericKubernetesApi.java:281) ~[client-java-13.0.0.jar:na]
	at io.kubernetes.client.informer.SharedInformerFactory$2.watch(SharedInformerFactory.java:263) ~[client-java-13.0.0.jar:na]
	at io.kubernetes.client.informer.cache.ReflectorRunnable.run(ReflectorRunnable.java:120) ~[client-java-13.0.0.jar:na]
	at java.util.concurrent.Executors$RunnableAdapter.call(Executors.java:511) ~[na:1.8.0_292]
	at java.util.concurrent.FutureTask.runAndReset(FutureTask.java:308) ~[na:1.8.0_292]
	at java.util.concurrent.ScheduledThreadPoolExecutor$ScheduledFutureTask.access$301(ScheduledThreadPoolExecutor.java:180) ~[na:1.8.0_292]
	at java.util.concurrent.ScheduledThreadPoolExecutor$ScheduledFutureTask.run(ScheduledThreadPoolExecutor.java:294) ~[na:1.8.0_292]
	at java.util.concurrent.ThreadPoolExecutor.runWorker(ThreadPoolExecutor.java:1149) ~[na:1.8.0_292]
	at java.util.concurrent.ThreadPoolExecutor$Worker.run(ThreadPoolExecutor.java:624) ~[na:1.8.0_292]
	at java.lang.Thread.run(Thread.java:748) ~[na:1.8.0_292]

2024-05-17 12:07:36.173 ERROR 7153 --- [tp1030873355-42] WireMock                                 : 
                                               Request was not matched
                                               =======================

-----------------------------------------------------------------------------------------------------------------------
| Closest stub                                             | Request                                                  |
-----------------------------------------------------------------------------------------------------------------------
                                                           |
GET                                                        | GET
/api/v1/namespaces/test/services?resourceVersion=0&watch=  | /api/v1/namespaces/test/services?watch=true         <<<<< URL does not match
false                                                      |
                                                           |
                                                           |
-----------------------------------------------------------------------------------------------------------------------

2024-05-17 12:07:36.175 ERROR 7153 --- [els.V1Service-1] i.k.c.informer.cache.ReflectorRunnable   : class io.kubernetes.client.openapi.models.V1Service#Reflector loop failed unexpectedly

io.kubernetes.client.openapi.ApiException: Not Found
	at io.kubernetes.client.util.Watch.createWatch(Watch.java:105) ~[client-java-13.0.0.jar:na]
	at io.kubernetes.client.util.generic.GenericKubernetesApi.watch(GenericKubernetesApi.java:761) ~[client-java-13.0.0.jar:na]
	at io.kubernetes.client.util.generic.GenericKubernetesApi.watch(GenericKubernetesApi.java:281) ~[client-java-13.0.0.jar:na]
	at io.kubernetes.client.informer.SharedInformerFactory$2.watch(SharedInformerFactory.java:263) ~[client-java-13.0.0.jar:na]
	at io.kubernetes.client.informer.cache.ReflectorRunnable.run(ReflectorRunnable.java:120) ~[client-java-13.0.0.jar:na]
	at java.util.concurrent.Executors$RunnableAdapter.call(Executors.java:511) ~[na:1.8.0_292]
	at java.util.concurrent.FutureTask.runAndReset(FutureTask.java:308) ~[na:1.8.0_292]
	at java.util.concurrent.ScheduledThreadPoolExecutor$ScheduledFutureTask.access$301(ScheduledThreadPoolExecutor.java:180) ~[na:1.8.0_292]
	at java.util.concurrent.ScheduledThreadPoolExecutor$ScheduledFutureTask.run(ScheduledThreadPoolExecutor.java:294) ~[na:1.8.0_292]
	at java.util.concurrent.ThreadPoolExecutor.runWorker(ThreadPoolExecutor.java:1149) ~[na:1.8.0_292]
	at java.util.concurrent.ThreadPoolExecutor$Worker.run(ThreadPoolExecutor.java:624) ~[na:1.8.0_292]
	at java.lang.Thread.run(Thread.java:748) ~[na:1.8.0_292]

2024-05-17 12:07:36.363  INFO 7153 --- [           main] o.s.b.w.embedded.tomcat.TomcatWebServer  : Tomcat started on port(s): 36809 (http) with context path ''
2024-05-17 12:07:36.370  INFO 7153 --- [           main] iveDiscoveryClientAutoConfigurationTests : Started KubernetesInformerReactiveDiscoveryClientAutoConfigurationTests in 2.07 seconds (JVM running for 9.216)
