13:37:59.695 [main] DEBUG org.springframework.test.context.junit4.SpringJUnit4ClassRunner - SpringJUnit4ClassRunner constructor called with [class org.springframework.cloud.kubernetes.client.discovery.KubernetesDiscoveryClientAutoConfigurationTests]
13:37:59.704 [main] DEBUG org.springframework.test.context.BootstrapUtils - Instantiating CacheAwareContextLoaderDelegate from class [org.springframework.test.context.cache.DefaultCacheAwareContextLoaderDelegate]
13:37:59.711 [main] DEBUG org.springframework.test.context.BootstrapUtils - Instantiating BootstrapContext using constructor [public org.springframework.test.context.support.DefaultBootstrapContext(java.lang.Class,org.springframework.test.context.CacheAwareContextLoaderDelegate)]
13:37:59.752 [main] DEBUG org.springframework.test.context.BootstrapUtils - Instantiating TestContextBootstrapper for test class [org.springframework.cloud.kubernetes.client.discovery.KubernetesDiscoveryClientAutoConfigurationTests] from class [org.springframework.boot.test.context.SpringBootTestContextBootstrapper]
13:37:59.760 [main] INFO org.springframework.boot.test.context.SpringBootTestContextBootstrapper - Neither @ContextConfiguration nor @ContextHierarchy found for test class [org.springframework.cloud.kubernetes.client.discovery.KubernetesDiscoveryClientAutoConfigurationTests], using SpringBootContextLoader
13:37:59.764 [main] DEBUG org.springframework.test.context.support.AbstractContextLoader - Did not detect default resource location for test class [org.springframework.cloud.kubernetes.client.discovery.KubernetesDiscoveryClientAutoConfigurationTests]: class path resource [org/springframework/cloud/kubernetes/client/discovery/KubernetesDiscoveryClientAutoConfigurationTests-context.xml] does not exist
13:37:59.765 [main] DEBUG org.springframework.test.context.support.AbstractContextLoader - Did not detect default resource location for test class [org.springframework.cloud.kubernetes.client.discovery.KubernetesDiscoveryClientAutoConfigurationTests]: class path resource [org/springframework/cloud/kubernetes/client/discovery/KubernetesDiscoveryClientAutoConfigurationTestsContext.groovy] does not exist
13:37:59.765 [main] INFO org.springframework.test.context.support.AbstractContextLoader - Could not detect default resource locations for test class [org.springframework.cloud.kubernetes.client.discovery.KubernetesDiscoveryClientAutoConfigurationTests]: no resource found for suffixes {-context.xml, Context.groovy}.
13:37:59.862 [main] DEBUG org.springframework.test.context.support.ActiveProfilesUtils - Could not find an 'annotation declaring class' for annotation type [org.springframework.test.context.ActiveProfiles] and class [org.springframework.cloud.kubernetes.client.discovery.KubernetesDiscoveryClientAutoConfigurationTests]
13:37:59.972 [main] DEBUG org.springframework.boot.test.context.SpringBootTestContextBootstrapper - @TestExecutionListeners is not present for class [org.springframework.cloud.kubernetes.client.discovery.KubernetesDiscoveryClientAutoConfigurationTests]: using defaults.
13:37:59.972 [main] INFO org.springframework.boot.test.context.SpringBootTestContextBootstrapper - Loaded default TestExecutionListener class names from location [META-INF/spring.factories]: [org.springframework.boot.test.mock.mockito.MockitoTestExecutionListener, org.springframework.boot.test.mock.mockito.ResetMocksTestExecutionListener, org.springframework.boot.test.autoconfigure.restdocs.RestDocsTestExecutionListener, org.springframework.boot.test.autoconfigure.web.client.MockRestServiceServerResetTestExecutionListener, org.springframework.boot.test.autoconfigure.web.servlet.MockMvcPrintOnlyOnFailureTestExecutionListener, org.springframework.boot.test.autoconfigure.web.servlet.WebDriverTestExecutionListener, org.springframework.boot.test.autoconfigure.webservices.client.MockWebServiceServerTestExecutionListener, org.springframework.test.context.web.ServletTestExecutionListener, org.springframework.test.context.support.DirtiesContextBeforeModesTestExecutionListener, org.springframework.test.context.event.ApplicationEventsTestExecutionListener, org.springframework.test.context.support.DependencyInjectionTestExecutionListener, org.springframework.test.context.support.DirtiesContextTestExecutionListener, org.springframework.test.context.transaction.TransactionalTestExecutionListener, org.springframework.test.context.jdbc.SqlScriptsTestExecutionListener, org.springframework.test.context.event.EventPublishingTestExecutionListener]
13:37:59.982 [main] DEBUG org.springframework.boot.test.context.SpringBootTestContextBootstrapper - Skipping candidate TestExecutionListener [org.springframework.test.context.transaction.TransactionalTestExecutionListener] due to a missing dependency. Specify custom listener classes or make the default listener classes and their required dependencies available. Offending class: [org/springframework/transaction/TransactionDefinition]
13:37:59.982 [main] DEBUG org.springframework.boot.test.context.SpringBootTestContextBootstrapper - Skipping candidate TestExecutionListener [org.springframework.test.context.jdbc.SqlScriptsTestExecutionListener] due to a missing dependency. Specify custom listener classes or make the default listener classes and their required dependencies available. Offending class: [org/springframework/transaction/interceptor/TransactionAttribute]
13:37:59.983 [main] INFO org.springframework.boot.test.context.SpringBootTestContextBootstrapper - Using TestExecutionListeners: [org.springframework.test.context.web.ServletTestExecutionListener@5890e879, org.springframework.test.context.support.DirtiesContextBeforeModesTestExecutionListener@6440112d, org.springframework.test.context.event.ApplicationEventsTestExecutionListener@31ea9581, org.springframework.boot.test.mock.mockito.MockitoTestExecutionListener@231f98ef, org.springframework.boot.test.autoconfigure.SpringBootDependencyInjectionTestExecutionListener@7c137fd5, org.springframework.test.context.support.DirtiesContextTestExecutionListener@183ec003, org.springframework.test.context.event.EventPublishingTestExecutionListener@7d9d0818, org.springframework.boot.test.mock.mockito.ResetMocksTestExecutionListener@221a3fa4, org.springframework.boot.test.autoconfigure.restdocs.RestDocsTestExecutionListener@451001e5, org.springframework.boot.test.autoconfigure.web.client.MockRestServiceServerResetTestExecutionListener@2b40ff9c, org.springframework.boot.test.autoconfigure.web.servlet.MockMvcPrintOnlyOnFailureTestExecutionListener@3e08ff24, org.springframework.boot.test.autoconfigure.web.servlet.WebDriverTestExecutionListener@4d1c005e, org.springframework.boot.test.autoconfigure.webservices.client.MockWebServiceServerTestExecutionListener@8462f31]
13:37:59.984 [main] DEBUG org.springframework.test.annotation.ProfileValueUtils - Retrieved @ProfileValueSourceConfiguration [null] for test class [org.springframework.cloud.kubernetes.client.discovery.KubernetesDiscoveryClientAutoConfigurationTests]
13:37:59.985 [main] DEBUG org.springframework.test.annotation.ProfileValueUtils - Retrieved ProfileValueSource type [class org.springframework.test.annotation.SystemProfileValueSource] for class [org.springframework.cloud.kubernetes.client.discovery.KubernetesDiscoveryClientAutoConfigurationTests]
13:37:59.985 [main] DEBUG org.springframework.test.annotation.ProfileValueUtils - Retrieved @ProfileValueSourceConfiguration [null] for test class [org.springframework.cloud.kubernetes.client.discovery.KubernetesDiscoveryClientAutoConfigurationTests]
13:37:59.986 [main] DEBUG org.springframework.test.annotation.ProfileValueUtils - Retrieved ProfileValueSource type [class org.springframework.test.annotation.SystemProfileValueSource] for class [org.springframework.cloud.kubernetes.client.discovery.KubernetesDiscoveryClientAutoConfigurationTests]
13:37:59.993 [main] DEBUG org.springframework.test.context.junit4.SpringJUnit4ClassRunner - SpringJUnit4ClassRunner constructor called with [class org.springframework.cloud.kubernetes.client.discovery.reactive.KubernetesInformerReactiveDiscoveryClientAutoConfigurationTests]
13:37:59.993 [main] DEBUG org.springframework.test.context.BootstrapUtils - Instantiating CacheAwareContextLoaderDelegate from class [org.springframework.test.context.cache.DefaultCacheAwareContextLoaderDelegate]
13:37:59.994 [main] DEBUG org.springframework.test.context.BootstrapUtils - Instantiating BootstrapContext using constructor [public org.springframework.test.context.support.DefaultBootstrapContext(java.lang.Class,org.springframework.test.context.CacheAwareContextLoaderDelegate)]
13:37:59.994 [main] DEBUG org.springframework.test.context.BootstrapUtils - Instantiating TestContextBootstrapper for test class [org.springframework.cloud.kubernetes.client.discovery.reactive.KubernetesInformerReactiveDiscoveryClientAutoConfigurationTests] from class [org.springframework.boot.test.context.SpringBootTestContextBootstrapper]
13:37:59.994 [main] INFO org.springframework.boot.test.context.SpringBootTestContextBootstrapper - Neither @ContextConfiguration nor @ContextHierarchy found for test class [org.springframework.cloud.kubernetes.client.discovery.reactive.KubernetesInformerReactiveDiscoveryClientAutoConfigurationTests], using SpringBootContextLoader
13:37:59.995 [main] DEBUG org.springframework.test.context.support.AbstractContextLoader - Did not detect default resource location for test class [org.springframework.cloud.kubernetes.client.discovery.reactive.KubernetesInformerReactiveDiscoveryClientAutoConfigurationTests]: class path resource [org/springframework/cloud/kubernetes/client/discovery/reactive/KubernetesInformerReactiveDiscoveryClientAutoConfigurationTests-context.xml] does not exist
13:37:59.995 [main] DEBUG org.springframework.test.context.support.AbstractContextLoader - Did not detect default resource location for test class [org.springframework.cloud.kubernetes.client.discovery.reactive.KubernetesInformerReactiveDiscoveryClientAutoConfigurationTests]: class path resource [org/springframework/cloud/kubernetes/client/discovery/reactive/KubernetesInformerReactiveDiscoveryClientAutoConfigurationTestsContext.groovy] does not exist
13:37:59.996 [main] INFO org.springframework.test.context.support.AbstractContextLoader - Could not detect default resource locations for test class [org.springframework.cloud.kubernetes.client.discovery.reactive.KubernetesInformerReactiveDiscoveryClientAutoConfigurationTests]: no resource found for suffixes {-context.xml, Context.groovy}.
13:37:59.998 [main] DEBUG org.springframework.test.context.support.ActiveProfilesUtils - Could not find an 'annotation declaring class' for annotation type [org.springframework.test.context.ActiveProfiles] and class [org.springframework.cloud.kubernetes.client.discovery.reactive.KubernetesInformerReactiveDiscoveryClientAutoConfigurationTests]
13:38:00.017 [main] DEBUG org.springframework.boot.test.context.SpringBootTestContextBootstrapper - @TestExecutionListeners is not present for class [org.springframework.cloud.kubernetes.client.discovery.reactive.KubernetesInformerReactiveDiscoveryClientAutoConfigurationTests]: using defaults.
13:38:00.017 [main] INFO org.springframework.boot.test.context.SpringBootTestContextBootstrapper - Loaded default TestExecutionListener class names from location [META-INF/spring.factories]: [org.springframework.boot.test.mock.mockito.MockitoTestExecutionListener, org.springframework.boot.test.mock.mockito.ResetMocksTestExecutionListener, org.springframework.boot.test.autoconfigure.restdocs.RestDocsTestExecutionListener, org.springframework.boot.test.autoconfigure.web.client.MockRestServiceServerResetTestExecutionListener, org.springframework.boot.test.autoconfigure.web.servlet.MockMvcPrintOnlyOnFailureTestExecutionListener, org.springframework.boot.test.autoconfigure.web.servlet.WebDriverTestExecutionListener, org.springframework.boot.test.autoconfigure.webservices.client.MockWebServiceServerTestExecutionListener, org.springframework.test.context.web.ServletTestExecutionListener, org.springframework.test.context.support.DirtiesContextBeforeModesTestExecutionListener, org.springframework.test.context.event.ApplicationEventsTestExecutionListener, org.springframework.test.context.support.DependencyInjectionTestExecutionListener, org.springframework.test.context.support.DirtiesContextTestExecutionListener, org.springframework.test.context.transaction.TransactionalTestExecutionListener, org.springframework.test.context.jdbc.SqlScriptsTestExecutionListener, org.springframework.test.context.event.EventPublishingTestExecutionListener]
13:38:00.018 [main] DEBUG org.springframework.boot.test.context.SpringBootTestContextBootstrapper - Skipping candidate TestExecutionListener [org.springframework.test.context.transaction.TransactionalTestExecutionListener] due to a missing dependency. Specify custom listener classes or make the default listener classes and their required dependencies available. Offending class: [org/springframework/transaction/TransactionDefinition]
13:38:00.018 [main] DEBUG org.springframework.boot.test.context.SpringBootTestContextBootstrapper - Skipping candidate TestExecutionListener [org.springframework.test.context.jdbc.SqlScriptsTestExecutionListener] due to a missing dependency. Specify custom listener classes or make the default listener classes and their required dependencies available. Offending class: [org/springframework/transaction/interceptor/TransactionAttribute]
13:38:00.018 [main] INFO org.springframework.boot.test.context.SpringBootTestContextBootstrapper - Using TestExecutionListeners: [org.springframework.test.context.web.ServletTestExecutionListener@782859e, org.springframework.test.context.support.DirtiesContextBeforeModesTestExecutionListener@23f5b5dc, org.springframework.test.context.event.ApplicationEventsTestExecutionListener@34bde49d, org.springframework.boot.test.mock.mockito.MockitoTestExecutionListener@1b1cfb87, org.springframework.boot.test.autoconfigure.SpringBootDependencyInjectionTestExecutionListener@821330f, org.springframework.test.context.support.DirtiesContextTestExecutionListener@6f43c82, org.springframework.test.context.event.EventPublishingTestExecutionListener@5db6b9cd, org.springframework.boot.test.mock.mockito.ResetMocksTestExecutionListener@210ab13f, org.springframework.boot.test.autoconfigure.restdocs.RestDocsTestExecutionListener@20b2475a, org.springframework.boot.test.autoconfigure.web.client.MockRestServiceServerResetTestExecutionListener@7857fe2, org.springframework.boot.test.autoconfigure.web.servlet.MockMvcPrintOnlyOnFailureTestExecutionListener@6f15d60e, org.springframework.boot.test.autoconfigure.web.servlet.WebDriverTestExecutionListener@1be2019a, org.springframework.boot.test.autoconfigure.webservices.client.MockWebServiceServerTestExecutionListener@29d80d2b]
13:38:00.019 [main] DEBUG org.springframework.test.annotation.ProfileValueUtils - Retrieved @ProfileValueSourceConfiguration [null] for test class [org.springframework.cloud.kubernetes.client.discovery.reactive.KubernetesInformerReactiveDiscoveryClientAutoConfigurationTests]
13:38:00.019 [main] DEBUG org.springframework.test.annotation.ProfileValueUtils - Retrieved ProfileValueSource type [class org.springframework.test.annotation.SystemProfileValueSource] for class [org.springframework.cloud.kubernetes.client.discovery.reactive.KubernetesInformerReactiveDiscoveryClientAutoConfigurationTests]
13:38:00.019 [main] DEBUG org.springframework.test.annotation.ProfileValueUtils - Retrieved @ProfileValueSourceConfiguration [null] for test class [org.springframework.cloud.kubernetes.client.discovery.reactive.KubernetesInformerReactiveDiscoveryClientAutoConfigurationTests]
13:38:00.019 [main] DEBUG org.springframework.test.annotation.ProfileValueUtils - Retrieved ProfileValueSource type [class org.springframework.test.annotation.SystemProfileValueSource] for class [org.springframework.cloud.kubernetes.client.discovery.reactive.KubernetesInformerReactiveDiscoveryClientAutoConfigurationTests]
13:38:00.021 [main] DEBUG org.springframework.test.annotation.ProfileValueUtils - Retrieved @ProfileValueSourceConfiguration [null] for test class [org.springframework.cloud.kubernetes.client.discovery.KubernetesDiscoveryClientAutoConfigurationTests]
13:38:00.021 [main] DEBUG org.springframework.test.annotation.ProfileValueUtils - Retrieved ProfileValueSource type [class org.springframework.test.annotation.SystemProfileValueSource] for class [org.springframework.cloud.kubernetes.client.discovery.KubernetesDiscoveryClientAutoConfigurationTests]
13:38:00.021 [main] DEBUG org.springframework.test.annotation.ProfileValueUtils - Retrieved @ProfileValueSourceConfiguration [null] for test class [org.springframework.cloud.kubernetes.client.discovery.reactive.KubernetesInformerReactiveDiscoveryClientAutoConfigurationTests]
13:38:00.021 [main] DEBUG org.springframework.test.annotation.ProfileValueUtils - Retrieved ProfileValueSource type [class org.springframework.test.annotation.SystemProfileValueSource] for class [org.springframework.cloud.kubernetes.client.discovery.reactive.KubernetesInformerReactiveDiscoveryClientAutoConfigurationTests]
13:38:00.023 [main] DEBUG org.springframework.test.annotation.ProfileValueUtils - Retrieved @ProfileValueSourceConfiguration [null] for test class [org.springframework.cloud.kubernetes.client.discovery.KubernetesDiscoveryClientAutoConfigurationTests]
13:38:00.023 [main] DEBUG org.springframework.test.annotation.ProfileValueUtils - Retrieved ProfileValueSource type [class org.springframework.test.annotation.SystemProfileValueSource] for class [org.springframework.cloud.kubernetes.client.discovery.KubernetesDiscoveryClientAutoConfigurationTests]
13:38:00.023 [main] DEBUG org.springframework.test.annotation.ProfileValueUtils - Retrieved @ProfileValueSourceConfiguration [null] for test class [org.springframework.cloud.kubernetes.client.discovery.reactive.KubernetesInformerReactiveDiscoveryClientAutoConfigurationTests]
13:38:00.023 [main] DEBUG org.springframework.test.annotation.ProfileValueUtils - Retrieved ProfileValueSource type [class org.springframework.test.annotation.SystemProfileValueSource] for class [org.springframework.cloud.kubernetes.client.discovery.reactive.KubernetesInformerReactiveDiscoveryClientAutoConfigurationTests]
13:38:00.023 [main] DEBUG org.springframework.test.annotation.ProfileValueUtils - Retrieved @ProfileValueSourceConfiguration [null] for test class [org.springframework.cloud.kubernetes.client.discovery.KubernetesDiscoveryClientAutoConfigurationTests]
13:38:00.023 [main] DEBUG org.springframework.test.annotation.ProfileValueUtils - Retrieved ProfileValueSource type [class org.springframework.test.annotation.SystemProfileValueSource] for class [org.springframework.cloud.kubernetes.client.discovery.KubernetesDiscoveryClientAutoConfigurationTests]
13:38:00.024 [main] DEBUG org.springframework.test.annotation.ProfileValueUtils - Retrieved @ProfileValueSourceConfiguration [null] for test class [org.springframework.cloud.kubernetes.client.discovery.reactive.KubernetesInformerReactiveDiscoveryClientAutoConfigurationTests]
13:38:00.024 [main] DEBUG org.springframework.test.annotation.ProfileValueUtils - Retrieved ProfileValueSource type [class org.springframework.test.annotation.SystemProfileValueSource] for class [org.springframework.cloud.kubernetes.client.discovery.reactive.KubernetesInformerReactiveDiscoveryClientAutoConfigurationTests]
13:38:00.024 [main] DEBUG org.springframework.test.annotation.ProfileValueUtils - Retrieved @ProfileValueSourceConfiguration [null] for test class [org.springframework.cloud.kubernetes.client.discovery.KubernetesDiscoveryClientAutoConfigurationTests]
13:38:00.024 [main] DEBUG org.springframework.test.annotation.ProfileValueUtils - Retrieved ProfileValueSource type [class org.springframework.test.annotation.SystemProfileValueSource] for class [org.springframework.cloud.kubernetes.client.discovery.KubernetesDiscoveryClientAutoConfigurationTests]
13:38:00.024 [main] DEBUG org.springframework.test.annotation.ProfileValueUtils - Retrieved @ProfileValueSourceConfiguration [null] for test class [org.springframework.cloud.kubernetes.client.discovery.reactive.KubernetesInformerReactiveDiscoveryClientAutoConfigurationTests]
13:38:00.024 [main] DEBUG org.springframework.test.annotation.ProfileValueUtils - Retrieved ProfileValueSource type [class org.springframework.test.annotation.SystemProfileValueSource] for class [org.springframework.cloud.kubernetes.client.discovery.reactive.KubernetesInformerReactiveDiscoveryClientAutoConfigurationTests]
13:38:00.024 [main] DEBUG org.springframework.test.annotation.ProfileValueUtils - Retrieved @ProfileValueSourceConfiguration [null] for test class [org.springframework.cloud.kubernetes.client.discovery.reactive.KubernetesInformerReactiveDiscoveryClientAutoConfigurationTests]
13:38:00.024 [main] DEBUG org.springframework.test.annotation.ProfileValueUtils - Retrieved ProfileValueSource type [class org.springframework.test.annotation.SystemProfileValueSource] for class [org.springframework.cloud.kubernetes.client.discovery.reactive.KubernetesInformerReactiveDiscoveryClientAutoConfigurationTests]
13:38:00.029 [main] DEBUG org.springframework.test.annotation.ProfileValueUtils - Retrieved @ProfileValueSourceConfiguration [null] for test class [org.springframework.cloud.kubernetes.client.discovery.KubernetesDiscoveryClientAutoConfigurationTests]
13:38:00.029 [main] DEBUG org.springframework.test.annotation.ProfileValueUtils - Retrieved ProfileValueSource type [class org.springframework.test.annotation.SystemProfileValueSource] for class [org.springframework.cloud.kubernetes.client.discovery.KubernetesDiscoveryClientAutoConfigurationTests]
13:38:00.029 [main] DEBUG org.springframework.test.annotation.ProfileValueUtils - Retrieved @ProfileValueSourceConfiguration [null] for test class [org.springframework.cloud.kubernetes.client.discovery.reactive.KubernetesInformerReactiveDiscoveryClientAutoConfigurationTests]
13:38:00.029 [main] DEBUG org.springframework.test.annotation.ProfileValueUtils - Retrieved ProfileValueSource type [class org.springframework.test.annotation.SystemProfileValueSource] for class [org.springframework.cloud.kubernetes.client.discovery.reactive.KubernetesInformerReactiveDiscoveryClientAutoConfigurationTests]
13:38:00.030 [main] DEBUG org.springframework.test.annotation.ProfileValueUtils - Retrieved @ProfileValueSourceConfiguration [null] for test class [org.springframework.cloud.kubernetes.client.discovery.KubernetesDiscoveryClientAutoConfigurationTests]
13:38:00.031 [main] DEBUG org.springframework.test.annotation.ProfileValueUtils - Retrieved ProfileValueSource type [class org.springframework.test.annotation.SystemProfileValueSource] for class [org.springframework.cloud.kubernetes.client.discovery.KubernetesDiscoveryClientAutoConfigurationTests]
13:38:00.031 [main] DEBUG org.springframework.test.annotation.ProfileValueUtils - Retrieved @ProfileValueSourceConfiguration [null] for test class [org.springframework.cloud.kubernetes.client.discovery.reactive.KubernetesInformerReactiveDiscoveryClientAutoConfigurationTests]
13:38:00.031 [main] DEBUG org.springframework.test.annotation.ProfileValueUtils - Retrieved ProfileValueSource type [class org.springframework.test.annotation.SystemProfileValueSource] for class [org.springframework.cloud.kubernetes.client.discovery.reactive.KubernetesInformerReactiveDiscoveryClientAutoConfigurationTests]
13:38:00.033 [main] DEBUG org.springframework.test.annotation.ProfileValueUtils - Retrieved @ProfileValueSourceConfiguration [null] for test class [org.springframework.cloud.kubernetes.client.discovery.KubernetesDiscoveryClientAutoConfigurationTests]
13:38:00.033 [main] DEBUG org.springframework.test.annotation.ProfileValueUtils - Retrieved ProfileValueSource type [class org.springframework.test.annotation.SystemProfileValueSource] for class [org.springframework.cloud.kubernetes.client.discovery.KubernetesDiscoveryClientAutoConfigurationTests]
13:38:00.033 [main] DEBUG org.springframework.test.annotation.ProfileValueUtils - Retrieved @ProfileValueSourceConfiguration [null] for test class [org.springframework.cloud.kubernetes.client.discovery.KubernetesDiscoveryClientAutoConfigurationTests]
13:38:00.033 [main] DEBUG org.springframework.test.annotation.ProfileValueUtils - Retrieved ProfileValueSource type [class org.springframework.test.annotation.SystemProfileValueSource] for class [org.springframework.cloud.kubernetes.client.discovery.KubernetesDiscoveryClientAutoConfigurationTests]
13:38:00.036 [main] DEBUG org.springframework.test.context.support.AbstractDirtiesContextTestExecutionListener - Before test class: context [DefaultTestContext@5d908d47 testClass = KubernetesDiscoveryClientAutoConfigurationTests, testInstance = [null], testMethod = [null], testException = [null], mergedContextConfiguration = [WebMergedContextConfiguration@5efa40fe testClass = KubernetesDiscoveryClientAutoConfigurationTests, locations = '{}', classes = '{class org.springframework.cloud.kubernetes.client.discovery.KubernetesDiscoveryClientAutoConfigurationTests$TestConfig}', contextInitializerClasses = '[]', activeProfiles = '{}', propertySourceLocations = '{}', propertySourceProperties = '{spring.cloud.kubernetes.discovery.cacheLoadingTimeoutSeconds=5, spring.cloud.config.enabled=false, spring.cloud.kubernetes.discovery.waitCacheReady=false, org.springframework.boot.test.context.SpringBootTestContextBootstrapper=true, server.port=0}', contextCustomizers = set[org.springframework.boot.test.context.filter.ExcludeFilterContextCustomizer@662ac478, org.springframework.boot.test.json.DuplicateJsonObjectContextCustomizerFactory$DuplicateJsonObjectContextCustomizer@477b4cdf, org.springframework.boot.test.mock.mockito.MockitoContextCustomizer@0, org.springframework.boot.test.web.client.TestRestTemplateContextCustomizer@367ffa75, org.springframework.boot.test.web.reactive.server.WebTestClientContextCustomizer@1c1bbc4e, org.springframework.boot.test.autoconfigure.actuate.metrics.MetricsExportContextCustomizerFactory$DisableMetricExportContextCustomizer@2aceadd4, org.springframework.boot.test.autoconfigure.properties.PropertyMappingContextCustomizer@0, org.springframework.boot.test.autoconfigure.web.servlet.WebDriverContextCustomizerFactory$Customizer@7bedc48a, org.springframework.boot.test.context.SpringBootTestArgs@1, org.springframework.boot.test.context.SpringBootTestWebEnvironment@7722c3c3], resourceBasePath = 'src/main/webapp', contextLoader = 'org.springframework.boot.test.context.SpringBootContextLoader', parent = [null]], attributes = map['org.springframework.test.context.web.ServletTestExecutionListener.activateListener' -> false]], class annotated with @DirtiesContext [false] with mode [null].
13:38:00.038 [main] DEBUG org.springframework.test.annotation.ProfileValueUtils - Retrieved @ProfileValueSourceConfiguration [null] for test class [org.springframework.cloud.kubernetes.client.discovery.KubernetesDiscoveryClientAutoConfigurationTests]
13:38:00.038 [main] DEBUG org.springframework.test.annotation.ProfileValueUtils - Retrieved ProfileValueSource type [class org.springframework.test.annotation.SystemProfileValueSource] for class [org.springframework.cloud.kubernetes.client.discovery.KubernetesDiscoveryClientAutoConfigurationTests]
13:38:00.042 [main] DEBUG org.springframework.test.context.support.DependencyInjectionTestExecutionListener - Performing dependency injection for test context [[DefaultTestContext@5d908d47 testClass = KubernetesDiscoveryClientAutoConfigurationTests, testInstance = org.springframework.cloud.kubernetes.client.discovery.KubernetesDiscoveryClientAutoConfigurationTests@15d49048, testMethod = [null], testException = [null], mergedContextConfiguration = [WebMergedContextConfiguration@5efa40fe testClass = KubernetesDiscoveryClientAutoConfigurationTests, locations = '{}', classes = '{class org.springframework.cloud.kubernetes.client.discovery.KubernetesDiscoveryClientAutoConfigurationTests$TestConfig}', contextInitializerClasses = '[]', activeProfiles = '{}', propertySourceLocations = '{}', propertySourceProperties = '{spring.cloud.kubernetes.discovery.cacheLoadingTimeoutSeconds=5, spring.cloud.config.enabled=false, spring.cloud.kubernetes.discovery.waitCacheReady=false, org.springframework.boot.test.context.SpringBootTestContextBootstrapper=true, server.port=0}', contextCustomizers = set[org.springframework.boot.test.context.filter.ExcludeFilterContextCustomizer@662ac478, org.springframework.boot.test.json.DuplicateJsonObjectContextCustomizerFactory$DuplicateJsonObjectContextCustomizer@477b4cdf, org.springframework.boot.test.mock.mockito.MockitoContextCustomizer@0, org.springframework.boot.test.web.client.TestRestTemplateContextCustomizer@367ffa75, org.springframework.boot.test.web.reactive.server.WebTestClientContextCustomizer@1c1bbc4e, org.springframework.boot.test.autoconfigure.actuate.metrics.MetricsExportContextCustomizerFactory$DisableMetricExportContextCustomizer@2aceadd4, org.springframework.boot.test.autoconfigure.properties.PropertyMappingContextCustomizer@0, org.springframework.boot.test.autoconfigure.web.servlet.WebDriverContextCustomizerFactory$Customizer@7bedc48a, org.springframework.boot.test.context.SpringBootTestArgs@1, org.springframework.boot.test.context.SpringBootTestWebEnvironment@7722c3c3], resourceBasePath = 'src/main/webapp', contextLoader = 'org.springframework.boot.test.context.SpringBootContextLoader', parent = [null]], attributes = map['org.springframework.test.context.web.ServletTestExecutionListener.activateListener' -> false, 'org.springframework.test.context.event.ApplicationEventsTestExecutionListener.recordApplicationEvents' -> false]]].

  .   ____          _            __ _ _
 /\\ / ___'_ __ _ _(_)_ __  __ _ \ \ \ \
( ( )\___ | '_ | '_| | '_ \/ _` | \ \ \ \
 \\/  ___)| |_)| | | | | || (_| |  ) ) ) )
  '  |____| .__|_| |_|_| |_\__, | / / / /
 =========|_|==============|___/=/_/_/_/
 :: Spring Boot ::                (v2.6.3)

2024-05-17 13:38:00.616  WARN 56648 --- [           main] ubernetesProfileEnvironmentPostProcessor : Not running inside kubernetes. Skipping 'kubernetes' profile activation.
2024-05-17 13:38:00.628  INFO 56648 --- [           main] tesDiscoveryClientAutoConfigurationTests : Starting KubernetesDiscoveryClientAutoConfigurationTests using Java 1.8.0_292 on 9168d08beda2 with PID 56648 (started by idflakies in /home/idflakies/spring-cloud/spring-cloud-kubernetes)
2024-05-17 13:38:00.629  INFO 56648 --- [           main] tesDiscoveryClientAutoConfigurationTests : No active profile set, falling back to default profiles: default
2024-05-17 13:38:02.027  INFO 56648 --- [           main] org.eclipse.jetty.util.log               : Logging initialized @3107ms to org.eclipse.jetty.util.log.Slf4jLog
2024-05-17 13:38:02.148  INFO 56648 --- [           main] org.eclipse.jetty.server.Server          : jetty-9.4.44.v20210927; built: 2021-09-27T23:02:44.612Z; git: 8da83308eeca865e495e53ef315a249d63ba9332; jvm 1.8.0_292-8u292-b10-0ubuntu1~16.04.1-b10
2024-05-17 13:38:02.171  INFO 56648 --- [           main] o.e.jetty.server.handler.ContextHandler  : Started o.e.j.s.ServletContextHandler@64f981e2{/__admin,null,AVAILABLE}
2024-05-17 13:38:02.172  INFO 56648 --- [           main] o.e.jetty.server.handler.ContextHandler  : Started o.e.j.s.ServletContextHandler@59bbb974{/,null,AVAILABLE}
2024-05-17 13:38:02.189  INFO 56648 --- [           main] o.e.jetty.server.AbstractConnector       : Started NetworkTrafficServerConnector@7c72ecc{HTTP/1.1, (http/1.1)}{0.0.0.0:34929}
2024-05-17 13:38:02.190  INFO 56648 --- [           main] org.eclipse.jetty.server.Server          : Started @3270ms
2024-05-17 13:38:02.417  INFO 56648 --- [tp2107873140-22] o.e.j.s.handler.ContextHandler.__admin   : RequestHandlerClass from context returned com.github.tomakehurst.wiremock.http.AdminRequestHandler. Normalized mapped under returned 'null'
2024-05-17 13:38:02.615  INFO 56648 --- [           main] o.s.c.a.ConfigurationClassPostProcessor  : Cannot enhance @Configuration bean definition 'kubernetesDiscoveryClientAutoConfigurationTests.TestConfig' since its singleton instance has been created too early. The typical cause is a non-static @Bean method with a BeanDefinitionRegistryPostProcessor return type: Consider declaring such methods as 'static'.
2024-05-17 13:38:02.717  INFO 56648 --- [           main] o.s.cloud.context.scope.GenericScope     : BeanFactory id=c4d006af-a204-306e-a414-6c511b278167
2024-05-17 13:38:02.813  INFO 56648 --- [           main] trationDelegate$BeanPostProcessorChecker : Bean 'io.kubernetes.client.spring.extended.manifests.config.KubernetesManifestsAutoConfiguration' of type [io.kubernetes.client.spring.extended.manifests.config.KubernetesManifestsAutoConfiguration] is not eligible for getting processed by all BeanPostProcessors (for example: not eligible for auto-proxying)
2024-05-17 13:38:02.855  INFO 56648 --- [           main] trationDelegate$BeanPostProcessorChecker : Bean 'org.springframework.cloud.commons.config.CommonsConfigAutoConfiguration' of type [org.springframework.cloud.commons.config.CommonsConfigAutoConfiguration] is not eligible for getting processed by all BeanPostProcessors (for example: not eligible for auto-proxying)
2024-05-17 13:38:02.862  INFO 56648 --- [           main] trationDelegate$BeanPostProcessorChecker : Bean 'org.springframework.cloud.client.loadbalancer.LoadBalancerDefaultMappingsProviderAutoConfiguration' of type [org.springframework.cloud.client.loadbalancer.LoadBalancerDefaultMappingsProviderAutoConfiguration] is not eligible for getting processed by all BeanPostProcessors (for example: not eligible for auto-proxying)
2024-05-17 13:38:02.867  INFO 56648 --- [           main] trationDelegate$BeanPostProcessorChecker : Bean 'loadBalancerClientsDefaultsMappingsProvider' of type [org.springframework.cloud.client.loadbalancer.LoadBalancerDefaultMappingsProviderAutoConfiguration$$Lambda$446/545392109] is not eligible for getting processed by all BeanPostProcessors (for example: not eligible for auto-proxying)
2024-05-17 13:38:02.872  INFO 56648 --- [           main] trationDelegate$BeanPostProcessorChecker : Bean 'defaultsBindHandlerAdvisor' of type [org.springframework.cloud.commons.config.DefaultsBindHandlerAdvisor] is not eligible for getting processed by all BeanPostProcessors (for example: not eligible for auto-proxying)
2024-05-17 13:38:02.878  INFO 56648 --- [           main] trationDelegate$BeanPostProcessorChecker : Bean 'kubernetes.manifests-io.kubernetes.client.spring.extended.manifests.config.KubernetesManifestsProperties' of type [io.kubernetes.client.spring.extended.manifests.config.KubernetesManifestsProperties] is not eligible for getting processed by all BeanPostProcessors (for example: not eligible for auto-proxying)
2024-05-17 13:38:03.191  INFO 56648 --- [           main] o.s.b.w.embedded.tomcat.TomcatWebServer  : Tomcat initialized with port(s): 0 (http)
2024-05-17 13:38:03.206  INFO 56648 --- [           main] o.apache.catalina.core.StandardService   : Starting service [Tomcat]
2024-05-17 13:38:03.206  INFO 56648 --- [           main] org.apache.catalina.core.StandardEngine  : Starting Servlet engine: [Apache Tomcat/9.0.56]
2024-05-17 13:38:03.409  INFO 56648 --- [           main] o.a.c.c.C.[Tomcat].[localhost].[/]       : Initializing Spring embedded WebApplicationContext
2024-05-17 13:38:03.410  INFO 56648 --- [           main] w.s.c.ServletWebServerApplicationContext : Root WebApplicationContext: initialization completed in 2752 ms
2024-05-17 13:38:03.640  INFO 56648 --- [ler-V1Endpoints] i.k.client.informer.cache.Controller     : informer#Controller: ready to run resync & reflector runnable
2024-05-17 13:38:03.640  INFO 56648 --- [oller-V1Service] i.k.client.informer.cache.Controller     : informer#Controller: ready to run resync & reflector runnable
2024-05-17 13:38:03.640  INFO 56648 --- [ler-V1Endpoints] i.k.client.informer.cache.Controller     : informer#Controller: resync skipped due to 0 full resync period
2024-05-17 13:38:03.640  INFO 56648 --- [oller-V1Service] i.k.client.informer.cache.Controller     : informer#Controller: resync skipped due to 0 full resync period
2024-05-17 13:38:03.642  INFO 56648 --- [els.V1Service-1] i.k.c.informer.cache.ReflectorRunnable   : class io.kubernetes.client.openapi.models.V1Service#Start listing and watching...
2024-05-17 13:38:03.642  INFO 56648 --- [s.V1Endpoints-1] i.k.c.informer.cache.ReflectorRunnable   : class io.kubernetes.client.openapi.models.V1Endpoints#Start listing and watching...
2024-05-17 13:38:03.686  INFO 56648 --- [tp2107873140-17] o.e.j.s.handler.ContextHandler.ROOT      : RequestHandlerClass from context returned com.github.tomakehurst.wiremock.http.StubRequestHandler. Normalized mapped under returned 'null'
2024-05-17 13:38:03.747 ERROR 56648 --- [tp2107873140-15] WireMock                                 : 
                                               Request was not matched
                                               =======================

-----------------------------------------------------------------------------------------------------------------------
| Closest stub                                             | Request                                                  |
-----------------------------------------------------------------------------------------------------------------------
                                                           |
GET                                                        | GET
/api/v1/namespaces/test/services?resourceVersion=0&watch=  | /api/v1/namespaces/test/services?watch=true         <<<<< URL does not match
false                                                      |
                                                           |
                                                           |
-----------------------------------------------------------------------------------------------------------------------

2024-05-17 13:38:03.747 ERROR 56648 --- [tp2107873140-21] WireMock                                 : 
                                               Request was not matched
                                               =======================

-----------------------------------------------------------------------------------------------------------------------
| Closest stub                                             | Request                                                  |
-----------------------------------------------------------------------------------------------------------------------
                                                           |
GET                                                        | GET
/api/v1/namespaces/test/endpoints?resourceVersion=0&watch  | /api/v1/namespaces/test/endpoints?watch=true        <<<<< URL does not match
=false                                                     |
                                                           |
                                                           |
-----------------------------------------------------------------------------------------------------------------------

2024-05-17 13:38:03.774 ERROR 56648 --- [els.V1Service-1] i.k.c.informer.cache.ReflectorRunnable   : class io.kubernetes.client.openapi.models.V1Service#Reflector loop failed unexpectedly

io.kubernetes.client.openapi.ApiException: Not Found
	at io.kubernetes.client.util.Watch.createWatch(Watch.java:105) ~[client-java-13.0.0.jar:na]
	at io.kubernetes.client.util.generic.GenericKubernetesApi.watch(GenericKubernetesApi.java:761) ~[client-java-13.0.0.jar:na]
	at io.kubernetes.client.util.generic.GenericKubernetesApi.watch(GenericKubernetesApi.java:281) ~[client-java-13.0.0.jar:na]
	at io.kubernetes.client.informer.SharedInformerFactory$2.watch(SharedInformerFactory.java:263) ~[client-java-13.0.0.jar:na]
	at io.kubernetes.client.informer.cache.ReflectorRunnable.run(ReflectorRunnable.java:120) ~[client-java-13.0.0.jar:na]
	at java.util.concurrent.Executors$RunnableAdapter.call(Executors.java:511) ~[na:1.8.0_292]
	at java.util.concurrent.FutureTask.runAndReset(FutureTask.java:308) ~[na:1.8.0_292]
	at java.util.concurrent.ScheduledThreadPoolExecutor$ScheduledFutureTask.access$301(ScheduledThreadPoolExecutor.java:180) ~[na:1.8.0_292]
	at java.util.concurrent.ScheduledThreadPoolExecutor$ScheduledFutureTask.run(ScheduledThreadPoolExecutor.java:294) ~[na:1.8.0_292]
	at java.util.concurrent.ThreadPoolExecutor.runWorker(ThreadPoolExecutor.java:1149) ~[na:1.8.0_292]
	at java.util.concurrent.ThreadPoolExecutor$Worker.run(ThreadPoolExecutor.java:624) ~[na:1.8.0_292]
	at java.lang.Thread.run(Thread.java:748) ~[na:1.8.0_292]

2024-05-17 13:38:03.774 ERROR 56648 --- [s.V1Endpoints-1] i.k.c.informer.cache.ReflectorRunnable   : class io.kubernetes.client.openapi.models.V1Endpoints#Reflector loop failed unexpectedly

io.kubernetes.client.openapi.ApiException: Not Found
	at io.kubernetes.client.util.Watch.createWatch(Watch.java:105) ~[client-java-13.0.0.jar:na]
	at io.kubernetes.client.util.generic.GenericKubernetesApi.watch(GenericKubernetesApi.java:761) ~[client-java-13.0.0.jar:na]
	at io.kubernetes.client.util.generic.GenericKubernetesApi.watch(GenericKubernetesApi.java:281) ~[client-java-13.0.0.jar:na]
	at io.kubernetes.client.informer.SharedInformerFactory$2.watch(SharedInformerFactory.java:263) ~[client-java-13.0.0.jar:na]
	at io.kubernetes.client.informer.cache.ReflectorRunnable.run(ReflectorRunnable.java:120) ~[client-java-13.0.0.jar:na]
	at java.util.concurrent.Executors$RunnableAdapter.call(Executors.java:511) ~[na:1.8.0_292]
	at java.util.concurrent.FutureTask.runAndReset(FutureTask.java:308) ~[na:1.8.0_292]
	at java.util.concurrent.ScheduledThreadPoolExecutor$ScheduledFutureTask.access$301(ScheduledThreadPoolExecutor.java:180) ~[na:1.8.0_292]
	at java.util.concurrent.ScheduledThreadPoolExecutor$ScheduledFutureTask.run(ScheduledThreadPoolExecutor.java:294) ~[na:1.8.0_292]
	at java.util.concurrent.ThreadPoolExecutor.runWorker(ThreadPoolExecutor.java:1149) ~[na:1.8.0_292]
	at java.util.concurrent.ThreadPoolExecutor$Worker.run(ThreadPoolExecutor.java:624) ~[na:1.8.0_292]
	at java.lang.Thread.run(Thread.java:748) ~[na:1.8.0_292]

2024-05-17 13:38:04.640  INFO 56648 --- [pool-9-thread-1] .k.c.d.KubernetesInformerDiscoveryClient : Waiting for the cache of informers to be fully loaded..
2024-05-17 13:38:04.640  INFO 56648 --- [           main] .k.c.d.KubernetesInformerDiscoveryClient : Cache fully loaded (total 0 services) , discovery client is now available
2024-05-17 13:38:04.775  INFO 56648 --- [els.V1Service-1] i.k.c.informer.cache.ReflectorRunnable   : class io.kubernetes.client.openapi.models.V1Service#Start listing and watching...
2024-05-17 13:38:04.775  INFO 56648 --- [s.V1Endpoints-1] i.k.c.informer.cache.ReflectorRunnable   : class io.kubernetes.client.openapi.models.V1Endpoints#Start listing and watching...
2024-05-17 13:38:04.785 ERROR 56648 --- [tp2107873140-22] WireMock                                 : 
                                               Request was not matched
                                               =======================

-----------------------------------------------------------------------------------------------------------------------
| Closest stub                                             | Request                                                  |
-----------------------------------------------------------------------------------------------------------------------
                                                           |
GET                                                        | GET
/api/v1/namespaces/test/services?resourceVersion=0&watch=  | /api/v1/namespaces/test/services?watch=true         <<<<< URL does not match
false                                                      |
                                                           |
                                                           |
-----------------------------------------------------------------------------------------------------------------------

2024-05-17 13:38:04.786 ERROR 56648 --- [tp2107873140-15] WireMock                                 : 
                                               Request was not matched
                                               =======================

-----------------------------------------------------------------------------------------------------------------------
| Closest stub                                             | Request                                                  |
-----------------------------------------------------------------------------------------------------------------------
                                                           |
GET                                                        | GET
/api/v1/namespaces/test/endpoints?resourceVersion=0&watch  | /api/v1/namespaces/test/endpoints?watch=true        <<<<< URL does not match
=false                                                     |
                                                           |
                                                           |
-----------------------------------------------------------------------------------------------------------------------

2024-05-17 13:38:04.788 ERROR 56648 --- [els.V1Service-1] i.k.c.informer.cache.ReflectorRunnable   : class io.kubernetes.client.openapi.models.V1Service#Reflector loop failed unexpectedly

io.kubernetes.client.openapi.ApiException: Not Found
	at io.kubernetes.client.util.Watch.createWatch(Watch.java:105) ~[client-java-13.0.0.jar:na]
	at io.kubernetes.client.util.generic.GenericKubernetesApi.watch(GenericKubernetesApi.java:761) ~[client-java-13.0.0.jar:na]
	at io.kubernetes.client.util.generic.GenericKubernetesApi.watch(GenericKubernetesApi.java:281) ~[client-java-13.0.0.jar:na]
	at io.kubernetes.client.informer.SharedInformerFactory$2.watch(SharedInformerFactory.java:263) ~[client-java-13.0.0.jar:na]
	at io.kubernetes.client.informer.cache.ReflectorRunnable.run(ReflectorRunnable.java:120) ~[client-java-13.0.0.jar:na]
	at java.util.concurrent.Executors$RunnableAdapter.call(Executors.java:511) ~[na:1.8.0_292]
	at java.util.concurrent.FutureTask.runAndReset(FutureTask.java:308) ~[na:1.8.0_292]
	at java.util.concurrent.ScheduledThreadPoolExecutor$ScheduledFutureTask.access$301(ScheduledThreadPoolExecutor.java:180) ~[na:1.8.0_292]
	at java.util.concurrent.ScheduledThreadPoolExecutor$ScheduledFutureTask.run(ScheduledThreadPoolExecutor.java:294) ~[na:1.8.0_292]
	at java.util.concurrent.ThreadPoolExecutor.runWorker(ThreadPoolExecutor.java:1149) ~[na:1.8.0_292]
	at java.util.concurrent.ThreadPoolExecutor$Worker.run(ThreadPoolExecutor.java:624) ~[na:1.8.0_292]
	at java.lang.Thread.run(Thread.java:748) ~[na:1.8.0_292]

2024-05-17 13:38:04.790 ERROR 56648 --- [s.V1Endpoints-1] i.k.c.informer.cache.ReflectorRunnable   : class io.kubernetes.client.openapi.models.V1Endpoints#Reflector loop failed unexpectedly

io.kubernetes.client.openapi.ApiException: Not Found
	at io.kubernetes.client.util.Watch.createWatch(Watch.java:105) ~[client-java-13.0.0.jar:na]
	at io.kubernetes.client.util.generic.GenericKubernetesApi.watch(GenericKubernetesApi.java:761) ~[client-java-13.0.0.jar:na]
	at io.kubernetes.client.util.generic.GenericKubernetesApi.watch(GenericKubernetesApi.java:281) ~[client-java-13.0.0.jar:na]
	at io.kubernetes.client.informer.SharedInformerFactory$2.watch(SharedInformerFactory.java:263) ~[client-java-13.0.0.jar:na]
	at io.kubernetes.client.informer.cache.ReflectorRunnable.run(ReflectorRunnable.java:120) ~[client-java-13.0.0.jar:na]
	at java.util.concurrent.Executors$RunnableAdapter.call(Executors.java:511) ~[na:1.8.0_292]
	at java.util.concurrent.FutureTask.runAndReset(FutureTask.java:308) ~[na:1.8.0_292]
	at java.util.concurrent.ScheduledThreadPoolExecutor$ScheduledFutureTask.access$301(ScheduledThreadPoolExecutor.java:180) ~[na:1.8.0_292]
	at java.util.concurrent.ScheduledThreadPoolExecutor$ScheduledFutureTask.run(ScheduledThreadPoolExecutor.java:294) ~[na:1.8.0_292]
	at java.util.concurrent.ThreadPoolExecutor.runWorker(ThreadPoolExecutor.java:1149) ~[na:1.8.0_292]
	at java.util.concurrent.ThreadPoolExecutor$Worker.run(ThreadPoolExecutor.java:624) ~[na:1.8.0_292]
	at java.lang.Thread.run(Thread.java:748) ~[na:1.8.0_292]

2024-05-17 13:38:05.650  INFO 56648 --- [           main] o.s.b.w.embedded.tomcat.TomcatWebServer  : Tomcat started on port(s): 43857 (http) with context path ''
2024-05-17 13:38:05.661  INFO 56648 --- [           main] tesDiscoveryClientAutoConfigurationTests : Started KubernetesDiscoveryClientAutoConfigurationTests in 5.589 seconds (JVM running for 6.742)
2024-05-17 13:38:05.825  INFO 56648 --- [s.V1Endpoints-1] i.k.c.informer.cache.ReflectorRunnable   : class io.kubernetes.client.openapi.models.V1Endpoints#Start listing and watching...
2024-05-17 13:38:05.825  INFO 56648 --- [els.V1Service-1] i.k.c.informer.cache.ReflectorRunnable   : class io.kubernetes.client.openapi.models.V1Service#Start listing and watching...
2024-05-17 13:38:05.831 ERROR 56648 --- [tp2107873140-20] WireMock                                 : 
                                               Request was not matched
                                               =======================

-----------------------------------------------------------------------------------------------------------------------
| Closest stub                                             | Request                                                  |
-----------------------------------------------------------------------------------------------------------------------
                                                           |
GET                                                        | GET
/api/v1/namespaces/test/endpoints?resourceVersion=0&watch  | /api/v1/namespaces/test/endpoints?watch=true        <<<<< URL does not match
=false                                                     |
                                                           |
                                                           |
-----------------------------------------------------------------------------------------------------------------------

2024-05-17 13:38:05.834 ERROR 56648 --- [s.V1Endpoints-1] i.k.c.informer.cache.ReflectorRunnable   : class io.kubernetes.client.openapi.models.V1Endpoints#Reflector loop failed unexpectedly

io.kubernetes.client.openapi.ApiException: Not Found
	at io.kubernetes.client.util.Watch.createWatch(Watch.java:105) ~[client-java-13.0.0.jar:na]
	at io.kubernetes.client.util.generic.GenericKubernetesApi.watch(GenericKubernetesApi.java:761) ~[client-java-13.0.0.jar:na]
	at io.kubernetes.client.util.generic.GenericKubernetesApi.watch(GenericKubernetesApi.java:281) ~[client-java-13.0.0.jar:na]
	at io.kubernetes.client.informer.SharedInformerFactory$2.watch(SharedInformerFactory.java:263) ~[client-java-13.0.0.jar:na]
	at io.kubernetes.client.informer.cache.ReflectorRunnable.run(ReflectorRunnable.java:120) ~[client-java-13.0.0.jar:na]
	at java.util.concurrent.Executors$RunnableAdapter.call(Executors.java:511) ~[na:1.8.0_292]
	at java.util.concurrent.FutureTask.runAndReset(FutureTask.java:308) ~[na:1.8.0_292]
	at java.util.concurrent.ScheduledThreadPoolExecutor$ScheduledFutureTask.access$301(ScheduledThreadPoolExecutor.java:180) ~[na:1.8.0_292]
	at java.util.concurrent.ScheduledThreadPoolExecutor$ScheduledFutureTask.run(ScheduledThreadPoolExecutor.java:294) ~[na:1.8.0_292]
	at java.util.concurrent.ThreadPoolExecutor.runWorker(ThreadPoolExecutor.java:1149) ~[na:1.8.0_292]
	at java.util.concurrent.ThreadPoolExecutor$Worker.run(ThreadPoolExecutor.java:624) ~[na:1.8.0_292]
	at java.lang.Thread.run(Thread.java:748) ~[na:1.8.0_292]

2024-05-17 13:38:05.836 ERROR 56648 --- [tp2107873140-22] WireMock                                 : 
                                               Request was not matched
                                               =======================

-----------------------------------------------------------------------------------------------------------------------
| Closest stub                                             | Request                                                  |
-----------------------------------------------------------------------------------------------------------------------
                                                           |
GET                                                        | GET
/api/v1/namespaces/test/services?resourceVersion=0&watch=  | /api/v1/namespaces/test/services?watch=true         <<<<< URL does not match
false                                                      |
                                                           |
                                                           |
-----------------------------------------------------------------------------------------------------------------------

2024-05-17 13:38:05.842 ERROR 56648 --- [els.V1Service-1] i.k.c.informer.cache.ReflectorRunnable   : class io.kubernetes.client.openapi.models.V1Service#Reflector loop failed unexpectedly

io.kubernetes.client.openapi.ApiException: Not Found
	at io.kubernetes.client.util.Watch.createWatch(Watch.java:105) ~[client-java-13.0.0.jar:na]
	at io.kubernetes.client.util.generic.GenericKubernetesApi.watch(GenericKubernetesApi.java:761) ~[client-java-13.0.0.jar:na]
	at io.kubernetes.client.util.generic.GenericKubernetesApi.watch(GenericKubernetesApi.java:281) ~[client-java-13.0.0.jar:na]
	at io.kubernetes.client.informer.SharedInformerFactory$2.watch(SharedInformerFactory.java:263) ~[client-java-13.0.0.jar:na]
	at io.kubernetes.client.informer.cache.ReflectorRunnable.run(ReflectorRunnable.java:120) ~[client-java-13.0.0.jar:na]
	at java.util.concurrent.Executors$RunnableAdapter.call(Executors.java:511) ~[na:1.8.0_292]
	at java.util.concurrent.FutureTask.runAndReset(FutureTask.java:308) ~[na:1.8.0_292]
	at java.util.concurrent.ScheduledThreadPoolExecutor$ScheduledFutureTask.access$301(ScheduledThreadPoolExecutor.java:180) ~[na:1.8.0_292]
	at java.util.concurrent.ScheduledThreadPoolExecutor$ScheduledFutureTask.run(ScheduledThreadPoolExecutor.java:294) ~[na:1.8.0_292]
	at java.util.concurrent.ThreadPoolExecutor.runWorker(ThreadPoolExecutor.java:1149) ~[na:1.8.0_292]
	at java.util.concurrent.ThreadPoolExecutor$Worker.run(ThreadPoolExecutor.java:624) ~[na:1.8.0_292]
	at java.lang.Thread.run(Thread.java:748) ~[na:1.8.0_292]

2024-05-17 13:38:06.261  WARN 56648 --- [           main] .k.c.d.KubernetesInformerDiscoveryClient : Could not find a port named 'oops', 'https', or 'http' for service 'test-svc-1'.
2024-05-17 13:38:06.261  WARN 56648 --- [           main] .k.c.d.KubernetesInformerDiscoveryClient : Make sure that either the primary-port-name label has been added to the service, or that spring.cloud.kubernetes.discovery.primary-port-name has been configured.
2024-05-17 13:38:06.261  WARN 56648 --- [           main] .k.c.d.KubernetesInformerDiscoveryClient : Alternatively name the primary port 'https' or 'http'
2024-05-17 13:38:06.261  WARN 56648 --- [           main] .k.c.d.KubernetesInformerDiscoveryClient : An incorrect configuration may result in non-deterministic behaviour.
2024-05-17 13:38:06.263  WARN 56648 --- [           main] .k.c.d.KubernetesInformerDiscoveryClient : Could not find a port named 'oops', 'https', or 'http' for service 'test-svc-1'.
2024-05-17 13:38:06.263  WARN 56648 --- [           main] .k.c.d.KubernetesInformerDiscoveryClient : Make sure that either the primary-port-name label has been added to the service, or that spring.cloud.kubernetes.discovery.primary-port-name has been configured.
2024-05-17 13:38:06.263  WARN 56648 --- [           main] .k.c.d.KubernetesInformerDiscoveryClient : Alternatively name the primary port 'https' or 'http'
2024-05-17 13:38:06.263  WARN 56648 --- [           main] .k.c.d.KubernetesInformerDiscoveryClient : An incorrect configuration may result in non-deterministic behaviour.
2024-05-17 13:38:06.274  WARN 56648 --- [           main] .k.c.d.KubernetesInformerDiscoveryClient : Could not find a port named 'oops', 'https', or 'http' for service 'test-svc-1'.
2024-05-17 13:38:06.274  WARN 56648 --- [           main] .k.c.d.KubernetesInformerDiscoveryClient : Make sure that either the primary-port-name label has been added to the service, or that spring.cloud.kubernetes.discovery.primary-port-name has been configured.
2024-05-17 13:38:06.274  WARN 56648 --- [           main] .k.c.d.KubernetesInformerDiscoveryClient : Alternatively name the primary port 'https' or 'http'
2024-05-17 13:38:06.274  WARN 56648 --- [           main] .k.c.d.KubernetesInformerDiscoveryClient : An incorrect configuration may result in non-deterministic behaviour.

  .   ____          _            __ _ _
 /\\ / ___'_ __ _ _(_)_ __  __ _ \ \ \ \
( ( )\___ | '_ | '_| | '_ \/ _` | \ \ \ \
 \\/  ___)| |_)| | | | | || (_| |  ) ) ) )
  '  |____| .__|_| |_|_| |_\__, | / / / /
 =========|_|==============|___/=/_/_/_/
 :: Spring Boot ::                (v2.6.3)

2024-05-17 13:38:06.321  WARN 56648 --- [           main] ubernetesProfileEnvironmentPostProcessor : Not running inside kubernetes. Skipping 'kubernetes' profile activation.
2024-05-17 13:38:06.323  INFO 56648 --- [           main] iveDiscoveryClientAutoConfigurationTests : Starting KubernetesInformerReactiveDiscoveryClientAutoConfigurationTests using Java 1.8.0_292 on 9168d08beda2 with PID 56648 (started by idflakies in /home/idflakies/spring-cloud/spring-cloud-kubernetes)
2024-05-17 13:38:06.323  INFO 56648 --- [           main] iveDiscoveryClientAutoConfigurationTests : No active profile set, falling back to default profiles: default
2024-05-17 13:38:06.522  INFO 56648 --- [           main] org.eclipse.jetty.server.Server          : jetty-9.4.44.v20210927; built: 2021-09-27T23:02:44.612Z; git: 8da83308eeca865e495e53ef315a249d63ba9332; jvm 1.8.0_292-8u292-b10-0ubuntu1~16.04.1-b10
2024-05-17 13:38:06.523  INFO 56648 --- [           main] o.e.jetty.server.handler.ContextHandler  : Started o.e.j.s.ServletContextHandler@4f581211{/__admin,null,AVAILABLE}
2024-05-17 13:38:06.524  INFO 56648 --- [           main] o.e.jetty.server.handler.ContextHandler  : Started o.e.j.s.ServletContextHandler@e0847a9{/,null,AVAILABLE}
2024-05-17 13:38:06.525  INFO 56648 --- [           main] o.e.jetty.server.AbstractConnector       : Started NetworkTrafficServerConnector@36871e98{HTTP/1.1, (http/1.1)}{0.0.0.0:39277}
2024-05-17 13:38:06.526  INFO 56648 --- [           main] org.eclipse.jetty.server.Server          : Started @7606ms
2024-05-17 13:38:06.530  INFO 56648 --- [tp1517972788-50] o.e.j.s.handler.ContextHandler.__admin   : RequestHandlerClass from context returned com.github.tomakehurst.wiremock.http.AdminRequestHandler. Normalized mapped under returned 'null'
2024-05-17 13:38:06.570  INFO 56648 --- [           main] o.s.c.a.ConfigurationClassPostProcessor  : Cannot enhance @Configuration bean definition 'kubernetesInformerReactiveDiscoveryClientAutoConfigurationTests.TestConfig' since its singleton instance has been created too early. The typical cause is a non-static @Bean method with a BeanDefinitionRegistryPostProcessor return type: Consider declaring such methods as 'static'.
2024-05-17 13:38:06.574  INFO 56648 --- [           main] o.s.cloud.context.scope.GenericScope     : BeanFactory id=d7232dc4-7a46-3e4e-9978-4dacfc5f6386
2024-05-17 13:38:06.595  INFO 56648 --- [           main] trationDelegate$BeanPostProcessorChecker : Bean 'io.kubernetes.client.spring.extended.manifests.config.KubernetesManifestsAutoConfiguration' of type [io.kubernetes.client.spring.extended.manifests.config.KubernetesManifestsAutoConfiguration] is not eligible for getting processed by all BeanPostProcessors (for example: not eligible for auto-proxying)
2024-05-17 13:38:06.605  INFO 56648 --- [           main] trationDelegate$BeanPostProcessorChecker : Bean 'org.springframework.cloud.commons.config.CommonsConfigAutoConfiguration' of type [org.springframework.cloud.commons.config.CommonsConfigAutoConfiguration] is not eligible for getting processed by all BeanPostProcessors (for example: not eligible for auto-proxying)
2024-05-17 13:38:06.607  INFO 56648 --- [           main] trationDelegate$BeanPostProcessorChecker : Bean 'org.springframework.cloud.client.loadbalancer.LoadBalancerDefaultMappingsProviderAutoConfiguration' of type [org.springframework.cloud.client.loadbalancer.LoadBalancerDefaultMappingsProviderAutoConfiguration] is not eligible for getting processed by all BeanPostProcessors (for example: not eligible for auto-proxying)
2024-05-17 13:38:06.609  INFO 56648 --- [           main] trationDelegate$BeanPostProcessorChecker : Bean 'loadBalancerClientsDefaultsMappingsProvider' of type [org.springframework.cloud.client.loadbalancer.LoadBalancerDefaultMappingsProviderAutoConfiguration$$Lambda$446/545392109] is not eligible for getting processed by all BeanPostProcessors (for example: not eligible for auto-proxying)
2024-05-17 13:38:06.611  INFO 56648 --- [           main] trationDelegate$BeanPostProcessorChecker : Bean 'defaultsBindHandlerAdvisor' of type [org.springframework.cloud.commons.config.DefaultsBindHandlerAdvisor] is not eligible for getting processed by all BeanPostProcessors (for example: not eligible for auto-proxying)
2024-05-17 13:38:06.612  INFO 56648 --- [           main] trationDelegate$BeanPostProcessorChecker : Bean 'kubernetes.manifests-io.kubernetes.client.spring.extended.manifests.config.KubernetesManifestsProperties' of type [io.kubernetes.client.spring.extended.manifests.config.KubernetesManifestsProperties] is not eligible for getting processed by all BeanPostProcessors (for example: not eligible for auto-proxying)
2024-05-17 13:38:06.674  INFO 56648 --- [           main] o.s.b.w.embedded.tomcat.TomcatWebServer  : Tomcat initialized with port(s): 0 (http)
2024-05-17 13:38:06.675  INFO 56648 --- [           main] o.apache.catalina.core.StandardService   : Starting service [Tomcat]
2024-05-17 13:38:06.675  INFO 56648 --- [           main] org.apache.catalina.core.StandardEngine  : Starting Servlet engine: [Apache Tomcat/9.0.56]
2024-05-17 13:38:06.835  INFO 56648 --- [s.V1Endpoints-1] i.k.c.informer.cache.ReflectorRunnable   : class io.kubernetes.client.openapi.models.V1Endpoints#Start listing and watching...
2024-05-17 13:38:06.841 ERROR 56648 --- [tp2107873140-21] WireMock                                 : 
                                               Request was not matched
                                               =======================

-----------------------------------------------------------------------------------------------------------------------
| Closest stub                                             | Request                                                  |
-----------------------------------------------------------------------------------------------------------------------
                                                           |
GET                                                        | GET
/api/v1/namespaces/test/endpoints?resourceVersion=0&watch  | /api/v1/namespaces/test/endpoints?watch=true        <<<<< URL does not match
=false                                                     |
                                                           |
                                                           |
-----------------------------------------------------------------------------------------------------------------------

2024-05-17 13:38:06.843  INFO 56648 --- [els.V1Service-1] i.k.c.informer.cache.ReflectorRunnable   : class io.kubernetes.client.openapi.models.V1Service#Start listing and watching...
2024-05-17 13:38:06.847 ERROR 56648 --- [s.V1Endpoints-1] i.k.c.informer.cache.ReflectorRunnable   : class io.kubernetes.client.openapi.models.V1Endpoints#Reflector loop failed unexpectedly

io.kubernetes.client.openapi.ApiException: Not Found
	at io.kubernetes.client.util.Watch.createWatch(Watch.java:105) ~[client-java-13.0.0.jar:na]
	at io.kubernetes.client.util.generic.GenericKubernetesApi.watch(GenericKubernetesApi.java:761) ~[client-java-13.0.0.jar:na]
	at io.kubernetes.client.util.generic.GenericKubernetesApi.watch(GenericKubernetesApi.java:281) ~[client-java-13.0.0.jar:na]
	at io.kubernetes.client.informer.SharedInformerFactory$2.watch(SharedInformerFactory.java:263) ~[client-java-13.0.0.jar:na]
	at io.kubernetes.client.informer.cache.ReflectorRunnable.run(ReflectorRunnable.java:120) ~[client-java-13.0.0.jar:na]
	at java.util.concurrent.Executors$RunnableAdapter.call(Executors.java:511) ~[na:1.8.0_292]
	at java.util.concurrent.FutureTask.runAndReset(FutureTask.java:308) ~[na:1.8.0_292]
	at java.util.concurrent.ScheduledThreadPoolExecutor$ScheduledFutureTask.access$301(ScheduledThreadPoolExecutor.java:180) ~[na:1.8.0_292]
	at java.util.concurrent.ScheduledThreadPoolExecutor$ScheduledFutureTask.run(ScheduledThreadPoolExecutor.java:294) ~[na:1.8.0_292]
	at java.util.concurrent.ThreadPoolExecutor.runWorker(ThreadPoolExecutor.java:1149) ~[na:1.8.0_292]
	at java.util.concurrent.ThreadPoolExecutor$Worker.run(ThreadPoolExecutor.java:624) ~[na:1.8.0_292]
	at java.lang.Thread.run(Thread.java:748) ~[na:1.8.0_292]

2024-05-17 13:38:06.851 ERROR 56648 --- [tp2107873140-20] WireMock                                 : 
                                               Request was not matched
                                               =======================

-----------------------------------------------------------------------------------------------------------------------
| Closest stub                                             | Request                                                  |
-----------------------------------------------------------------------------------------------------------------------
                                                           |
GET                                                        | GET
/api/v1/namespaces/test/services?resourceVersion=0&watch=  | /api/v1/namespaces/test/services?watch=true         <<<<< URL does not match
false                                                      |
                                                           |
                                                           |
-----------------------------------------------------------------------------------------------------------------------

2024-05-17 13:38:06.853 ERROR 56648 --- [els.V1Service-1] i.k.c.informer.cache.ReflectorRunnable   : class io.kubernetes.client.openapi.models.V1Service#Reflector loop failed unexpectedly

io.kubernetes.client.openapi.ApiException: Not Found
	at io.kubernetes.client.util.Watch.createWatch(Watch.java:105) ~[client-java-13.0.0.jar:na]
	at io.kubernetes.client.util.generic.GenericKubernetesApi.watch(GenericKubernetesApi.java:761) ~[client-java-13.0.0.jar:na]
	at io.kubernetes.client.util.generic.GenericKubernetesApi.watch(GenericKubernetesApi.java:281) ~[client-java-13.0.0.jar:na]
	at io.kubernetes.client.informer.SharedInformerFactory$2.watch(SharedInformerFactory.java:263) ~[client-java-13.0.0.jar:na]
	at io.kubernetes.client.informer.cache.ReflectorRunnable.run(ReflectorRunnable.java:120) ~[client-java-13.0.0.jar:na]
	at java.util.concurrent.Executors$RunnableAdapter.call(Executors.java:511) ~[na:1.8.0_292]
	at java.util.concurrent.FutureTask.runAndReset(FutureTask.java:308) ~[na:1.8.0_292]
	at java.util.concurrent.ScheduledThreadPoolExecutor$ScheduledFutureTask.access$301(ScheduledThreadPoolExecutor.java:180) ~[na:1.8.0_292]
	at java.util.concurrent.ScheduledThreadPoolExecutor$ScheduledFutureTask.run(ScheduledThreadPoolExecutor.java:294) ~[na:1.8.0_292]
	at java.util.concurrent.ThreadPoolExecutor.runWorker(ThreadPoolExecutor.java:1149) ~[na:1.8.0_292]
	at java.util.concurrent.ThreadPoolExecutor$Worker.run(ThreadPoolExecutor.java:624) ~[na:1.8.0_292]
	at java.lang.Thread.run(Thread.java:748) ~[na:1.8.0_292]

2024-05-17 13:38:07.076  INFO 56648 --- [oller-V1Service] i.k.client.informer.cache.Controller     : informer#Controller: ready to run resync & reflector runnable
2024-05-17 13:38:07.077  INFO 56648 --- [oller-V1Service] i.k.client.informer.cache.Controller     : informer#Controller: resync skipped due to 0 full resync period
2024-05-17 13:38:07.077  INFO 56648 --- [ler-V1Endpoints] i.k.client.informer.cache.Controller     : informer#Controller: ready to run resync & reflector runnable
2024-05-17 13:38:07.077  INFO 56648 --- [ler-V1Endpoints] i.k.client.informer.cache.Controller     : informer#Controller: resync skipped due to 0 full resync period
2024-05-17 13:38:07.077  INFO 56648 --- [els.V1Service-1] i.k.c.informer.cache.ReflectorRunnable   : class io.kubernetes.client.openapi.models.V1Service#Start listing and watching...
2024-05-17 13:38:07.077  INFO 56648 --- [s.V1Endpoints-1] i.k.c.informer.cache.ReflectorRunnable   : class io.kubernetes.client.openapi.models.V1Endpoints#Start listing and watching...
2024-05-17 13:38:07.080  INFO 56648 --- [tp1517972788-43] o.e.j.s.handler.ContextHandler.ROOT      : RequestHandlerClass from context returned com.github.tomakehurst.wiremock.http.StubRequestHandler. Normalized mapped under returned 'null'
2024-05-17 13:38:07.091 ERROR 56648 --- [tp1517972788-48] WireMock                                 : 
                                               Request was not matched
                                               =======================

-----------------------------------------------------------------------------------------------------------------------
| Closest stub                                             | Request                                                  |
-----------------------------------------------------------------------------------------------------------------------
                                                           |
GET                                                        | GET
/api/v1/namespaces/test/services?resourceVersion=0&watch=  | /api/v1/namespaces/test/services?watch=true         <<<<< URL does not match
false                                                      |
                                                           |
                                                           |
-----------------------------------------------------------------------------------------------------------------------

2024-05-17 13:38:07.093 ERROR 56648 --- [tp1517972788-44] WireMock                                 : 
                                               Request was not matched
                                               =======================

-----------------------------------------------------------------------------------------------------------------------
| Closest stub                                             | Request                                                  |
-----------------------------------------------------------------------------------------------------------------------
                                                           |
GET                                                        | GET
/api/v1/namespaces/test/endpoints?resourceVersion=0&watch  | /api/v1/namespaces/test/endpoints?watch=true        <<<<< URL does not match
=false                                                     |
                                                           |
                                                           |
-----------------------------------------------------------------------------------------------------------------------

2024-05-17 13:38:07.094 ERROR 56648 --- [els.V1Service-1] i.k.c.informer.cache.ReflectorRunnable   : class io.kubernetes.client.openapi.models.V1Service#Reflector loop failed unexpectedly

io.kubernetes.client.openapi.ApiException: Not Found
	at io.kubernetes.client.util.Watch.createWatch(Watch.java:105) ~[client-java-13.0.0.jar:na]
	at io.kubernetes.client.util.generic.GenericKubernetesApi.watch(GenericKubernetesApi.java:761) ~[client-java-13.0.0.jar:na]
	at io.kubernetes.client.util.generic.GenericKubernetesApi.watch(GenericKubernetesApi.java:281) ~[client-java-13.0.0.jar:na]
	at io.kubernetes.client.informer.SharedInformerFactory$2.watch(SharedInformerFactory.java:263) ~[client-java-13.0.0.jar:na]
	at io.kubernetes.client.informer.cache.ReflectorRunnable.run(ReflectorRunnable.java:120) ~[client-java-13.0.0.jar:na]
	at java.util.concurrent.Executors$RunnableAdapter.call(Executors.java:511) ~[na:1.8.0_292]
	at java.util.concurrent.FutureTask.runAndReset(FutureTask.java:308) ~[na:1.8.0_292]
	at java.util.concurrent.ScheduledThreadPoolExecutor$ScheduledFutureTask.access$301(ScheduledThreadPoolExecutor.java:180) ~[na:1.8.0_292]
	at java.util.concurrent.ScheduledThreadPoolExecutor$ScheduledFutureTask.run(ScheduledThreadPoolExecutor.java:294) ~[na:1.8.0_292]
	at java.util.concurrent.ThreadPoolExecutor.runWorker(ThreadPoolExecutor.java:1149) ~[na:1.8.0_292]
	at java.util.concurrent.ThreadPoolExecutor$Worker.run(ThreadPoolExecutor.java:624) ~[na:1.8.0_292]
	at java.lang.Thread.run(Thread.java:748) ~[na:1.8.0_292]

2024-05-17 13:38:07.095 ERROR 56648 --- [s.V1Endpoints-1] i.k.c.informer.cache.ReflectorRunnable   : class io.kubernetes.client.openapi.models.V1Endpoints#Reflector loop failed unexpectedly

io.kubernetes.client.openapi.ApiException: Not Found
	at io.kubernetes.client.util.Watch.createWatch(Watch.java:105) ~[client-java-13.0.0.jar:na]
	at io.kubernetes.client.util.generic.GenericKubernetesApi.watch(GenericKubernetesApi.java:761) ~[client-java-13.0.0.jar:na]
	at io.kubernetes.client.util.generic.GenericKubernetesApi.watch(GenericKubernetesApi.java:281) ~[client-java-13.0.0.jar:na]
	at io.kubernetes.client.informer.SharedInformerFactory$2.watch(SharedInformerFactory.java:263) ~[client-java-13.0.0.jar:na]
	at io.kubernetes.client.informer.cache.ReflectorRunnable.run(ReflectorRunnable.java:120) ~[client-java-13.0.0.jar:na]
	at java.util.concurrent.Executors$RunnableAdapter.call(Executors.java:511) ~[na:1.8.0_292]
	at java.util.concurrent.FutureTask.runAndReset(FutureTask.java:308) ~[na:1.8.0_292]
	at java.util.concurrent.ScheduledThreadPoolExecutor$ScheduledFutureTask.access$301(ScheduledThreadPoolExecutor.java:180) ~[na:1.8.0_292]
	at java.util.concurrent.ScheduledThreadPoolExecutor$ScheduledFutureTask.run(ScheduledThreadPoolExecutor.java:294) ~[na:1.8.0_292]
	at java.util.concurrent.ThreadPoolExecutor.runWorker(ThreadPoolExecutor.java:1149) ~[na:1.8.0_292]
	at java.util.concurrent.ThreadPoolExecutor$Worker.run(ThreadPoolExecutor.java:624) ~[na:1.8.0_292]
	at java.lang.Thread.run(Thread.java:748) ~[na:1.8.0_292]

2024-05-17 13:38:07.848  INFO 56648 --- [s.V1Endpoints-1] i.k.c.informer.cache.ReflectorRunnable   : class io.kubernetes.client.openapi.models.V1Endpoints#Start listing and watching...
2024-05-17 13:38:07.853 ERROR 56648 --- [tp2107873140-21] WireMock                                 : 
                                               Request was not matched
                                               =======================

-----------------------------------------------------------------------------------------------------------------------
| Closest stub                                             | Request                                                  |
-----------------------------------------------------------------------------------------------------------------------
                                                           |
GET                                                        | GET
/api/v1/namespaces/test/endpoints?resourceVersion=0&watch  | /api/v1/namespaces/test/endpoints?watch=true        <<<<< URL does not match
=false                                                     |
                                                           |
                                                           |
-----------------------------------------------------------------------------------------------------------------------

2024-05-17 13:38:07.855  INFO 56648 --- [els.V1Service-1] i.k.c.informer.cache.ReflectorRunnable   : class io.kubernetes.client.openapi.models.V1Service#Start listing and watching...
2024-05-17 13:38:07.855 ERROR 56648 --- [s.V1Endpoints-1] i.k.c.informer.cache.ReflectorRunnable   : class io.kubernetes.client.openapi.models.V1Endpoints#Reflector loop failed unexpectedly

io.kubernetes.client.openapi.ApiException: Not Found
	at io.kubernetes.client.util.Watch.createWatch(Watch.java:105) ~[client-java-13.0.0.jar:na]
	at io.kubernetes.client.util.generic.GenericKubernetesApi.watch(GenericKubernetesApi.java:761) ~[client-java-13.0.0.jar:na]
	at io.kubernetes.client.util.generic.GenericKubernetesApi.watch(GenericKubernetesApi.java:281) ~[client-java-13.0.0.jar:na]
	at io.kubernetes.client.informer.SharedInformerFactory$2.watch(SharedInformerFactory.java:263) ~[client-java-13.0.0.jar:na]
	at io.kubernetes.client.informer.cache.ReflectorRunnable.run(ReflectorRunnable.java:120) ~[client-java-13.0.0.jar:na]
	at java.util.concurrent.Executors$RunnableAdapter.call(Executors.java:511) ~[na:1.8.0_292]
	at java.util.concurrent.FutureTask.runAndReset(FutureTask.java:308) ~[na:1.8.0_292]
	at java.util.concurrent.ScheduledThreadPoolExecutor$ScheduledFutureTask.access$301(ScheduledThreadPoolExecutor.java:180) ~[na:1.8.0_292]
	at java.util.concurrent.ScheduledThreadPoolExecutor$ScheduledFutureTask.run(ScheduledThreadPoolExecutor.java:294) ~[na:1.8.0_292]
	at java.util.concurrent.ThreadPoolExecutor.runWorker(ThreadPoolExecutor.java:1149) ~[na:1.8.0_292]
	at java.util.concurrent.ThreadPoolExecutor$Worker.run(ThreadPoolExecutor.java:624) ~[na:1.8.0_292]
	at java.lang.Thread.run(Thread.java:748) ~[na:1.8.0_292]

2024-05-17 13:38:07.860 ERROR 56648 --- [tp2107873140-20] WireMock                                 : 
                                               Request was not matched
                                               =======================

-----------------------------------------------------------------------------------------------------------------------
| Closest stub                                             | Request                                                  |
-----------------------------------------------------------------------------------------------------------------------
                                                           |
GET                                                        | GET
/api/v1/namespaces/test/services?resourceVersion=0&watch=  | /api/v1/namespaces/test/services?watch=true         <<<<< URL does not match
false                                                      |
                                                           |
                                                           |
-----------------------------------------------------------------------------------------------------------------------

2024-05-17 13:38:07.862 ERROR 56648 --- [els.V1Service-1] i.k.c.informer.cache.ReflectorRunnable   : class io.kubernetes.client.openapi.models.V1Service#Reflector loop failed unexpectedly

io.kubernetes.client.openapi.ApiException: Not Found
	at io.kubernetes.client.util.Watch.createWatch(Watch.java:105) ~[client-java-13.0.0.jar:na]
	at io.kubernetes.client.util.generic.GenericKubernetesApi.watch(GenericKubernetesApi.java:761) ~[client-java-13.0.0.jar:na]
	at io.kubernetes.client.util.generic.GenericKubernetesApi.watch(GenericKubernetesApi.java:281) ~[client-java-13.0.0.jar:na]
	at io.kubernetes.client.informer.SharedInformerFactory$2.watch(SharedInformerFactory.java:263) ~[client-java-13.0.0.jar:na]
	at io.kubernetes.client.informer.cache.ReflectorRunnable.run(ReflectorRunnable.java:120) ~[client-java-13.0.0.jar:na]
	at java.util.concurrent.Executors$RunnableAdapter.call(Executors.java:511) ~[na:1.8.0_292]
	at java.util.concurrent.FutureTask.runAndReset(FutureTask.java:308) ~[na:1.8.0_292]
	at java.util.concurrent.ScheduledThreadPoolExecutor$ScheduledFutureTask.access$301(ScheduledThreadPoolExecutor.java:180) ~[na:1.8.0_292]
	at java.util.concurrent.ScheduledThreadPoolExecutor$ScheduledFutureTask.run(ScheduledThreadPoolExecutor.java:294) ~[na:1.8.0_292]
	at java.util.concurrent.ThreadPoolExecutor.runWorker(ThreadPoolExecutor.java:1149) ~[na:1.8.0_292]
	at java.util.concurrent.ThreadPoolExecutor$Worker.run(ThreadPoolExecutor.java:624) ~[na:1.8.0_292]
	at java.lang.Thread.run(Thread.java:748) ~[na:1.8.0_292]

2024-05-17 13:38:08.077  INFO 56648 --- [ool-27-thread-1] .k.c.d.KubernetesInformerDiscoveryClient : Waiting for the cache of informers to be fully loaded..
2024-05-17 13:38:08.077  INFO 56648 --- [           main] .k.c.d.KubernetesInformerDiscoveryClient : Cache fully loaded (total 0 services) , discovery client is now available
2024-05-17 13:38:08.095  INFO 56648 --- [els.V1Service-1] i.k.c.informer.cache.ReflectorRunnable   : class io.kubernetes.client.openapi.models.V1Service#Start listing and watching...
2024-05-17 13:38:08.097  INFO 56648 --- [s.V1Endpoints-1] i.k.c.informer.cache.ReflectorRunnable   : class io.kubernetes.client.openapi.models.V1Endpoints#Start listing and watching...
2024-05-17 13:38:08.103 ERROR 56648 --- [tp1517972788-44] WireMock                                 : 
                                               Request was not matched
                                               =======================

-----------------------------------------------------------------------------------------------------------------------
| Closest stub                                             | Request                                                  |
-----------------------------------------------------------------------------------------------------------------------
                                                           |
GET                                                        | GET
/api/v1/namespaces/test/services?resourceVersion=0&watch=  | /api/v1/namespaces/test/services?watch=true         <<<<< URL does not match
false                                                      |
                                                           |
                                                           |
-----------------------------------------------------------------------------------------------------------------------

2024-05-17 13:38:08.103 ERROR 56648 --- [tp1517972788-43] WireMock                                 : 
                                               Request was not matched
                                               =======================

-----------------------------------------------------------------------------------------------------------------------
| Closest stub                                             | Request                                                  |
-----------------------------------------------------------------------------------------------------------------------
                                                           |
GET                                                        | GET
/api/v1/namespaces/test/endpoints?resourceVersion=0&watch  | /api/v1/namespaces/test/endpoints?watch=true        <<<<< URL does not match
=false                                                     |
                                                           |
                                                           |
-----------------------------------------------------------------------------------------------------------------------

2024-05-17 13:38:08.105 ERROR 56648 --- [s.V1Endpoints-1] i.k.c.informer.cache.ReflectorRunnable   : class io.kubernetes.client.openapi.models.V1Endpoints#Reflector loop failed unexpectedly

io.kubernetes.client.openapi.ApiException: Not Found
	at io.kubernetes.client.util.Watch.createWatch(Watch.java:105) ~[client-java-13.0.0.jar:na]
	at io.kubernetes.client.util.generic.GenericKubernetesApi.watch(GenericKubernetesApi.java:761) ~[client-java-13.0.0.jar:na]
	at io.kubernetes.client.util.generic.GenericKubernetesApi.watch(GenericKubernetesApi.java:281) ~[client-java-13.0.0.jar:na]
	at io.kubernetes.client.informer.SharedInformerFactory$2.watch(SharedInformerFactory.java:263) ~[client-java-13.0.0.jar:na]
	at io.kubernetes.client.informer.cache.ReflectorRunnable.run(ReflectorRunnable.java:120) ~[client-java-13.0.0.jar:na]
	at java.util.concurrent.Executors$RunnableAdapter.call(Executors.java:511) ~[na:1.8.0_292]
	at java.util.concurrent.FutureTask.runAndReset(FutureTask.java:308) ~[na:1.8.0_292]
	at java.util.concurrent.ScheduledThreadPoolExecutor$ScheduledFutureTask.access$301(ScheduledThreadPoolExecutor.java:180) ~[na:1.8.0_292]
	at java.util.concurrent.ScheduledThreadPoolExecutor$ScheduledFutureTask.run(ScheduledThreadPoolExecutor.java:294) ~[na:1.8.0_292]
	at java.util.concurrent.ThreadPoolExecutor.runWorker(ThreadPoolExecutor.java:1149) ~[na:1.8.0_292]
	at java.util.concurrent.ThreadPoolExecutor$Worker.run(ThreadPoolExecutor.java:624) ~[na:1.8.0_292]
	at java.lang.Thread.run(Thread.java:748) ~[na:1.8.0_292]

2024-05-17 13:38:08.105 ERROR 56648 --- [els.V1Service-1] i.k.c.informer.cache.ReflectorRunnable   : class io.kubernetes.client.openapi.models.V1Service#Reflector loop failed unexpectedly

io.kubernetes.client.openapi.ApiException: Not Found
	at io.kubernetes.client.util.Watch.createWatch(Watch.java:105) ~[client-java-13.0.0.jar:na]
	at io.kubernetes.client.util.generic.GenericKubernetesApi.watch(GenericKubernetesApi.java:761) ~[client-java-13.0.0.jar:na]
	at io.kubernetes.client.util.generic.GenericKubernetesApi.watch(GenericKubernetesApi.java:281) ~[client-java-13.0.0.jar:na]
	at io.kubernetes.client.informer.SharedInformerFactory$2.watch(SharedInformerFactory.java:263) ~[client-java-13.0.0.jar:na]
	at io.kubernetes.client.informer.cache.ReflectorRunnable.run(ReflectorRunnable.java:120) ~[client-java-13.0.0.jar:na]
	at java.util.concurrent.Executors$RunnableAdapter.call(Executors.java:511) ~[na:1.8.0_292]
	at java.util.concurrent.FutureTask.runAndReset(FutureTask.java:308) ~[na:1.8.0_292]
	at java.util.concurrent.ScheduledThreadPoolExecutor$ScheduledFutureTask.access$301(ScheduledThreadPoolExecutor.java:180) ~[na:1.8.0_292]
	at java.util.concurrent.ScheduledThreadPoolExecutor$ScheduledFutureTask.run(ScheduledThreadPoolExecutor.java:294) ~[na:1.8.0_292]
	at java.util.concurrent.ThreadPoolExecutor.runWorker(ThreadPoolExecutor.java:1149) ~[na:1.8.0_292]
	at java.util.concurrent.ThreadPoolExecutor$Worker.run(ThreadPoolExecutor.java:624) ~[na:1.8.0_292]
	at java.lang.Thread.run(Thread.java:748) ~[na:1.8.0_292]

2024-05-17 13:38:08.282  INFO 56648 --- [           main] o.s.b.w.embedded.tomcat.TomcatWebServer  : Tomcat started on port(s): 34843 (http) with context path ''
2024-05-17 13:38:08.287  INFO 56648 --- [           main] iveDiscoveryClientAutoConfigurationTests : Started KubernetesInformerReactiveDiscoveryClientAutoConfigurationTests in 2.0 seconds (JVM running for 9.368)
