13:19:11.660 [main] DEBUG org.springframework.test.context.BootstrapUtils - Instantiating CacheAwareContextLoaderDelegate from class [org.springframework.test.context.cache.DefaultCacheAwareContextLoaderDelegate]
13:19:11.670 [main] DEBUG org.springframework.test.context.BootstrapUtils - Instantiating BootstrapContext using constructor [public org.springframework.test.context.support.DefaultBootstrapContext(java.lang.Class,org.springframework.test.context.CacheAwareContextLoaderDelegate)]
13:19:11.704 [main] DEBUG org.springframework.test.context.BootstrapUtils - Instantiating TestContextBootstrapper for test class [org.springframework.cloud.kubernetes.fabric8.loadbalancer.LoadBalancerAllNamespacesTests] from class [org.springframework.boot.test.context.SpringBootTestContextBootstrapper]
13:19:11.714 [main] INFO org.springframework.boot.test.context.SpringBootTestContextBootstrapper - Neither @ContextConfiguration nor @ContextHierarchy found for test class [org.springframework.cloud.kubernetes.fabric8.loadbalancer.LoadBalancerAllNamespacesTests], using SpringBootContextLoader
13:19:11.718 [main] DEBUG org.springframework.test.context.support.AbstractContextLoader - Did not detect default resource location for test class [org.springframework.cloud.kubernetes.fabric8.loadbalancer.LoadBalancerAllNamespacesTests]: class path resource [org/springframework/cloud/kubernetes/fabric8/loadbalancer/LoadBalancerAllNamespacesTests-context.xml] does not exist
13:19:11.718 [main] DEBUG org.springframework.test.context.support.AbstractContextLoader - Did not detect default resource location for test class [org.springframework.cloud.kubernetes.fabric8.loadbalancer.LoadBalancerAllNamespacesTests]: class path resource [org/springframework/cloud/kubernetes/fabric8/loadbalancer/LoadBalancerAllNamespacesTestsContext.groovy] does not exist
13:19:11.718 [main] INFO org.springframework.test.context.support.AbstractContextLoader - Could not detect default resource locations for test class [org.springframework.cloud.kubernetes.fabric8.loadbalancer.LoadBalancerAllNamespacesTests]: no resource found for suffixes {-context.xml, Context.groovy}.
13:19:11.719 [main] INFO org.springframework.test.context.support.AnnotationConfigContextLoaderUtils - Could not detect default configuration classes for test class [org.springframework.cloud.kubernetes.fabric8.loadbalancer.LoadBalancerAllNamespacesTests]: LoadBalancerAllNamespacesTests does not declare any static, non-private, non-final, nested classes annotated with @Configuration.
13:19:11.765 [main] DEBUG org.springframework.test.context.support.ActiveProfilesUtils - Could not find an 'annotation declaring class' for annotation type [org.springframework.test.context.ActiveProfiles] and class [org.springframework.cloud.kubernetes.fabric8.loadbalancer.LoadBalancerAllNamespacesTests]
13:19:11.827 [main] DEBUG org.springframework.context.annotation.ClassPathScanningCandidateComponentProvider - Identified candidate component class: file [/home/idflakies/spring-cloud/spring-cloud-kubernetes/spring-cloud-kubernetes-integration-tests/load-balancer/target/classes/org/springframework/cloud/kubernetes/fabric8/loadbalancer/SimpleLoadBalancerApp.class]
13:19:11.837 [main] INFO org.springframework.boot.test.context.SpringBootTestContextBootstrapper - Found @SpringBootConfiguration org.springframework.cloud.kubernetes.fabric8.loadbalancer.SimpleLoadBalancerApp for test class org.springframework.cloud.kubernetes.fabric8.loadbalancer.LoadBalancerAllNamespacesTests
13:19:11.928 [main] DEBUG org.springframework.boot.test.context.SpringBootTestContextBootstrapper - @TestExecutionListeners is not present for class [org.springframework.cloud.kubernetes.fabric8.loadbalancer.LoadBalancerAllNamespacesTests]: using defaults.
13:19:11.929 [main] INFO org.springframework.boot.test.context.SpringBootTestContextBootstrapper - Loaded default TestExecutionListener class names from location [META-INF/spring.factories]: [org.springframework.boot.test.mock.mockito.MockitoTestExecutionListener, org.springframework.boot.test.mock.mockito.ResetMocksTestExecutionListener, org.springframework.boot.test.autoconfigure.restdocs.RestDocsTestExecutionListener, org.springframework.boot.test.autoconfigure.web.client.MockRestServiceServerResetTestExecutionListener, org.springframework.boot.test.autoconfigure.web.servlet.MockMvcPrintOnlyOnFailureTestExecutionListener, org.springframework.boot.test.autoconfigure.web.servlet.WebDriverTestExecutionListener, org.springframework.boot.test.autoconfigure.webservices.client.MockWebServiceServerTestExecutionListener, org.springframework.test.context.web.ServletTestExecutionListener, org.springframework.test.context.support.DirtiesContextBeforeModesTestExecutionListener, org.springframework.test.context.event.ApplicationEventsTestExecutionListener, org.springframework.test.context.support.DependencyInjectionTestExecutionListener, org.springframework.test.context.support.DirtiesContextTestExecutionListener, org.springframework.test.context.transaction.TransactionalTestExecutionListener, org.springframework.test.context.jdbc.SqlScriptsTestExecutionListener, org.springframework.test.context.event.EventPublishingTestExecutionListener]
13:19:11.943 [main] DEBUG org.springframework.boot.test.context.SpringBootTestContextBootstrapper - Skipping candidate TestExecutionListener [org.springframework.test.context.transaction.TransactionalTestExecutionListener] due to a missing dependency. Specify custom listener classes or make the default listener classes and their required dependencies available. Offending class: [org/springframework/transaction/TransactionDefinition]
13:19:11.944 [main] DEBUG org.springframework.boot.test.context.SpringBootTestContextBootstrapper - Skipping candidate TestExecutionListener [org.springframework.test.context.jdbc.SqlScriptsTestExecutionListener] due to a missing dependency. Specify custom listener classes or make the default listener classes and their required dependencies available. Offending class: [org/springframework/transaction/interceptor/TransactionAttribute]
13:19:11.944 [main] INFO org.springframework.boot.test.context.SpringBootTestContextBootstrapper - Using TestExecutionListeners: [org.springframework.test.context.web.ServletTestExecutionListener@78aa1f72, org.springframework.test.context.support.DirtiesContextBeforeModesTestExecutionListener@1f75a668, org.springframework.test.context.event.ApplicationEventsTestExecutionListener@35399441, org.springframework.boot.test.mock.mockito.MockitoTestExecutionListener@4b7dc788, org.springframework.boot.test.autoconfigure.SpringBootDependencyInjectionTestExecutionListener@6304101a, org.springframework.test.context.support.DirtiesContextTestExecutionListener@5170bcf4, org.springframework.test.context.event.EventPublishingTestExecutionListener@2812b107, org.springframework.boot.test.mock.mockito.ResetMocksTestExecutionListener@df6620a, org.springframework.boot.test.autoconfigure.restdocs.RestDocsTestExecutionListener@4e31276e, org.springframework.boot.test.autoconfigure.web.client.MockRestServiceServerResetTestExecutionListener@1a72a540, org.springframework.boot.test.autoconfigure.web.servlet.MockMvcPrintOnlyOnFailureTestExecutionListener@27d5a580, org.springframework.boot.test.autoconfigure.web.servlet.WebDriverTestExecutionListener@198d6542, org.springframework.boot.test.autoconfigure.webservices.client.MockWebServiceServerTestExecutionListener@5e403b4a]
13:19:11.947 [main] DEBUG org.springframework.test.context.support.AbstractDirtiesContextTestExecutionListener - Before test class: context [DefaultTestContext@3406472c testClass = LoadBalancerAllNamespacesTests, testInstance = [null], testMethod = [null], testException = [null], mergedContextConfiguration = [WebMergedContextConfiguration@5717c37 testClass = LoadBalancerAllNamespacesTests, locations = '{}', classes = '{class org.springframework.cloud.kubernetes.fabric8.loadbalancer.SimpleLoadBalancerApp}', contextInitializerClasses = '[]', activeProfiles = '{}', propertySourceLocations = '{}', propertySourceProperties = '{spring.cloud.kubernetes.discovery.all-namespaces=true, org.springframework.boot.test.context.SpringBootTestContextBootstrapper=true, server.port=0}', contextCustomizers = set[org.springframework.boot.test.context.filter.ExcludeFilterContextCustomizer@1a4013, org.springframework.boot.test.json.DuplicateJsonObjectContextCustomizerFactory$DuplicateJsonObjectContextCustomizer@702b8b12, org.springframework.boot.test.mock.mockito.MockitoContextCustomizer@0, org.springframework.boot.test.web.client.TestRestTemplateContextCustomizer@4de4b452, org.springframework.boot.test.autoconfigure.actuate.metrics.MetricsExportContextCustomizerFactory$DisableMetricExportContextCustomizer@10feca44, org.springframework.boot.test.autoconfigure.properties.PropertyMappingContextCustomizer@0, org.springframework.boot.test.autoconfigure.web.servlet.WebDriverContextCustomizerFactory$Customizer@76c3e77a, org.springframework.boot.test.context.SpringBootTestArgs@1, org.springframework.boot.test.context.SpringBootTestWebEnvironment@1442d7b5], resourceBasePath = 'src/main/webapp', contextLoader = 'org.springframework.boot.test.context.SpringBootContextLoader', parent = [null]], attributes = map['org.springframework.test.context.web.ServletTestExecutionListener.activateListener' -> false]], class annotated with @DirtiesContext [false] with mode [null].
May 17, 2024 1:19:12 PM okhttp3.mockwebserver.MockWebServer$3 execute
INFO: MockWebServer[46751] starting to accept connections
13:19:12.546 [main] DEBUG org.springframework.test.context.support.DependencyInjectionTestExecutionListener - Performing dependency injection for test context [[DefaultTestContext@3406472c testClass = LoadBalancerAllNamespacesTests, testInstance = org.springframework.cloud.kubernetes.fabric8.loadbalancer.LoadBalancerAllNamespacesTests@3d4d3fe7, testMethod = [null], testException = [null], mergedContextConfiguration = [WebMergedContextConfiguration@5717c37 testClass = LoadBalancerAllNamespacesTests, locations = '{}', classes = '{class org.springframework.cloud.kubernetes.fabric8.loadbalancer.SimpleLoadBalancerApp}', contextInitializerClasses = '[]', activeProfiles = '{}', propertySourceLocations = '{}', propertySourceProperties = '{spring.cloud.kubernetes.discovery.all-namespaces=true, org.springframework.boot.test.context.SpringBootTestContextBootstrapper=true, server.port=0}', contextCustomizers = set[org.springframework.boot.test.context.filter.ExcludeFilterContextCustomizer@1a4013, org.springframework.boot.test.json.DuplicateJsonObjectContextCustomizerFactory$DuplicateJsonObjectContextCustomizer@702b8b12, org.springframework.boot.test.mock.mockito.MockitoContextCustomizer@0, org.springframework.boot.test.web.client.TestRestTemplateContextCustomizer@4de4b452, org.springframework.boot.test.autoconfigure.actuate.metrics.MetricsExportContextCustomizerFactory$DisableMetricExportContextCustomizer@10feca44, org.springframework.boot.test.autoconfigure.properties.PropertyMappingContextCustomizer@0, org.springframework.boot.test.autoconfigure.web.servlet.WebDriverContextCustomizerFactory$Customizer@76c3e77a, org.springframework.boot.test.context.SpringBootTestArgs@1, org.springframework.boot.test.context.SpringBootTestWebEnvironment@1442d7b5], resourceBasePath = 'src/main/webapp', contextLoader = 'org.springframework.boot.test.context.SpringBootContextLoader', parent = [null]], attributes = map['org.springframework.test.context.web.ServletTestExecutionListener.activateListener' -> false, 'org.springframework.test.context.event.ApplicationEventsTestExecutionListener.recordApplicationEvents' -> false]]].

  .   ____          _            __ _ _
 /\\ / ___'_ __ _ _(_)_ __  __ _ \ \ \ \
( ( )\___ | '_ | '_| | '_ \/ _` | \ \ \ \
 \\/  ___)| |_)| | | | | || (_| |  ) ) ) )
  '  |____| .__|_| |_|_| |_\__, | / / / /
 =========|_|==============|___/=/_/_/_/
 :: Spring Boot ::                (v2.6.3)

2024-05-17 13:19:12.874  WARN 45226 --- [           main] ubernetesProfileEnvironmentPostProcessor : Not running inside kubernetes. Skipping 'kubernetes' profile activation.
2024-05-17 13:19:12.890  INFO 45226 --- [           main] s.c.k.f.l.LoadBalancerAllNamespacesTests : Starting LoadBalancerAllNamespacesTests using Java 1.8.0_292 on 9168d08beda2 with PID 45226 (started by idflakies in /home/idflakies/spring-cloud/spring-cloud-kubernetes)
2024-05-17 13:19:12.890  INFO 45226 --- [           main] s.c.k.f.l.LoadBalancerAllNamespacesTests : No active profile set, falling back to default profiles: default
2024-05-17 13:19:13.635  INFO 45226 --- [           main] o.s.cloud.context.scope.GenericScope     : BeanFactory id=6ed38a8a-182b-30b2-8978-4377b69da042
2024-05-17 13:19:14.033  INFO 45226 --- [           main] o.s.b.w.embedded.tomcat.TomcatWebServer  : Tomcat initialized with port(s): 0 (http)
2024-05-17 13:19:14.044  INFO 45226 --- [           main] o.apache.catalina.core.StandardService   : Starting service [Tomcat]
2024-05-17 13:19:14.044  INFO 45226 --- [           main] org.apache.catalina.core.StandardEngine  : Starting Servlet engine: [Apache Tomcat/9.0.56]
2024-05-17 13:19:14.196  INFO 45226 --- [           main] o.a.c.c.C.[Tomcat].[localhost].[/]       : Initializing Spring embedded WebApplicationContext
2024-05-17 13:19:14.197  INFO 45226 --- [           main] w.s.c.ServletWebServerApplicationContext : Root WebApplicationContext: initialization completed in 1279 ms
2024-05-17 13:19:15.391  WARN 45226 --- [           main] iguration$LoadBalancerCaffeineWarnLogger : Spring Cloud LoadBalancer is currently working with the default cache. While this cache implementation is useful for development and tests, it's recommended to use Caffeine cache in production.You can switch to using Caffeine cache, by adding it and org.springframework.cache.caffeine.CaffeineCacheManager to the classpath.
2024-05-17 13:19:15.437  INFO 45226 --- [           main] o.s.b.w.embedded.tomcat.TomcatWebServer  : Tomcat started on port(s): 37645 (http) with context path ''
2024-05-17 13:19:15.448  INFO 45226 --- [           main] s.c.k.f.l.LoadBalancerAllNamespacesTests : Started LoadBalancerAllNamespacesTests in 2.872 seconds (JVM running for 4.692)
2024-05-17 13:19:15.658  INFO 45226 --- [WebServer 42615] okhttp3.mockwebserver.MockWebServer      : MockWebServer[42615] starting to accept connections
2024-05-17 13:19:15.802  INFO 45226 --- [127.0.0.1:41942] okhttp3.mockwebserver.MockWebServer      : MockWebServer[46751] received request: POST /api/v1/namespaces/b/endpoints HTTP/1.1 and responded: HTTP/1.1 200 OK
2024-05-17 13:19:15.845  INFO 45226 --- [127.0.0.1:41942] okhttp3.mockwebserver.MockWebServer      : MockWebServer[46751] received request: POST /api/v1/namespaces/b/services HTTP/1.1 and responded: HTTP/1.1 200 OK
2024-05-17 13:19:16.012  INFO 45226 --- [127.0.0.1:41958] okhttp3.mockwebserver.MockWebServer      : MockWebServer[46751] received request: GET /api/v1/endpoints?fieldSelector=metadata.name%3Dservice-b HTTP/1.1 and responded: HTTP/1.1 200 OK
2024-05-17 13:19:16.018  INFO 45226 --- [127.0.0.1:41958] okhttp3.mockwebserver.MockWebServer      : MockWebServer[46751] received request: GET /api/v1/namespaces/b/services/service-b HTTP/1.1 and responded: HTTP/1.1 200 OK
2024-05-17 13:19:16.211  INFO 45226 --- [o-auto-1-exec-1] o.a.c.c.C.[Tomcat].[localhost].[/]       : Initializing Spring DispatcherServlet 'dispatcherServlet'
2024-05-17 13:19:16.211  INFO 45226 --- [o-auto-1-exec-1] o.s.web.servlet.DispatcherServlet        : Initializing Servlet 'dispatcherServlet'
2024-05-17 13:19:16.212  INFO 45226 --- [o-auto-1-exec-1] o.s.web.servlet.DispatcherServlet        : Completed initialization in 1 ms
2024-05-17 13:19:16.286  INFO 45226 --- [WebServer 42615] okhttp3.mockwebserver.MockWebServer      : MockWebServer[42615] done accepting connections: Socket closed
2024-05-17 13:19:16.298  INFO 45226 --- [           main] .b.t.c.SpringBootTestContextBootstrapper : Neither @ContextConfiguration nor @ContextHierarchy found for test class [org.springframework.cloud.kubernetes.fabric8.loadbalancer.LoadBalancerTests], using SpringBootContextLoader
2024-05-17 13:19:16.299  INFO 45226 --- [           main] o.s.t.c.support.AbstractContextLoader    : Could not detect default resource locations for test class [org.springframework.cloud.kubernetes.fabric8.loadbalancer.LoadBalancerTests]: no resource found for suffixes {-context.xml, Context.groovy}.
2024-05-17 13:19:16.299  INFO 45226 --- [           main] t.c.s.AnnotationConfigContextLoaderUtils : Could not detect default configuration classes for test class [org.springframework.cloud.kubernetes.fabric8.loadbalancer.LoadBalancerTests]: LoadBalancerTests does not declare any static, non-private, non-final, nested classes annotated with @Configuration.
2024-05-17 13:19:16.301  INFO 45226 --- [           main] .b.t.c.SpringBootTestContextBootstrapper : Found @SpringBootConfiguration org.springframework.cloud.kubernetes.fabric8.loadbalancer.SimpleLoadBalancerApp for test class org.springframework.cloud.kubernetes.fabric8.loadbalancer.LoadBalancerTests
2024-05-17 13:19:16.303  INFO 45226 --- [           main] .b.t.c.SpringBootTestContextBootstrapper : Loaded default TestExecutionListener class names from location [META-INF/spring.factories]: [org.springframework.boot.test.mock.mockito.MockitoTestExecutionListener, org.springframework.boot.test.mock.mockito.ResetMocksTestExecutionListener, org.springframework.boot.test.autoconfigure.restdocs.RestDocsTestExecutionListener, org.springframework.boot.test.autoconfigure.web.client.MockRestServiceServerResetTestExecutionListener, org.springframework.boot.test.autoconfigure.web.servlet.MockMvcPrintOnlyOnFailureTestExecutionListener, org.springframework.boot.test.autoconfigure.web.servlet.WebDriverTestExecutionListener, org.springframework.boot.test.autoconfigure.webservices.client.MockWebServiceServerTestExecutionListener, org.springframework.test.context.web.ServletTestExecutionListener, org.springframework.test.context.support.DirtiesContextBeforeModesTestExecutionListener, org.springframework.test.context.event.ApplicationEventsTestExecutionListener, org.springframework.test.context.support.DependencyInjectionTestExecutionListener, org.springframework.test.context.support.DirtiesContextTestExecutionListener, org.springframework.test.context.transaction.TransactionalTestExecutionListener, org.springframework.test.context.jdbc.SqlScriptsTestExecutionListener, org.springframework.test.context.event.EventPublishingTestExecutionListener]
2024-05-17 13:19:16.305  INFO 45226 --- [           main] .b.t.c.SpringBootTestContextBootstrapper : Using TestExecutionListeners: [org.springframework.test.context.web.ServletTestExecutionListener@67e77f52, org.springframework.test.context.support.DirtiesContextBeforeModesTestExecutionListener@7ead1d80, org.springframework.test.context.event.ApplicationEventsTestExecutionListener@1d1bf7bf, org.springframework.boot.test.mock.mockito.MockitoTestExecutionListener@1182413a, org.springframework.boot.test.autoconfigure.SpringBootDependencyInjectionTestExecutionListener@4d43a1b7, org.springframework.test.context.support.DirtiesContextTestExecutionListener@5b14f482, org.springframework.test.context.event.EventPublishingTestExecutionListener@19705650, org.springframework.boot.test.mock.mockito.ResetMocksTestExecutionListener@1a785fd5, org.springframework.boot.test.autoconfigure.restdocs.RestDocsTestExecutionListener@4a660b34, org.springframework.boot.test.autoconfigure.web.client.MockRestServiceServerResetTestExecutionListener@362a561e, org.springframework.boot.test.autoconfigure.web.servlet.MockMvcPrintOnlyOnFailureTestExecutionListener@2df3545d, org.springframework.boot.test.autoconfigure.web.servlet.WebDriverTestExecutionListener@75ad30c1, org.springframework.boot.test.autoconfigure.webservices.client.MockWebServiceServerTestExecutionListener@fe8aaeb]
2024-05-17 13:19:16.307  INFO 45226 --- [WebServer 59525] okhttp3.mockwebserver.MockWebServer      : MockWebServer[59525] starting to accept connections

  .   ____          _            __ _ _
 /\\ / ___'_ __ _ _(_)_ __  __ _ \ \ \ \
( ( )\___ | '_ | '_| | '_ \/ _` | \ \ \ \
 \\/  ___)| |_)| | | | | || (_| |  ) ) ) )
  '  |____| .__|_| |_|_| |_\__, | / / / /
 =========|_|==============|___/=/_/_/_/
 :: Spring Boot ::                (v2.6.3)

2024-05-17 13:19:16.352  WARN 45226 --- [           main] ubernetesProfileEnvironmentPostProcessor : Not running inside kubernetes. Skipping 'kubernetes' profile activation.
2024-05-17 13:19:16.357  INFO 45226 --- [           main] o.s.c.k.f.l.LoadBalancerTests            : Starting LoadBalancerTests using Java 1.8.0_292 on 9168d08beda2 with PID 45226 (started by idflakies in /home/idflakies/spring-cloud/spring-cloud-kubernetes)
2024-05-17 13:19:16.357  INFO 45226 --- [           main] o.s.c.k.f.l.LoadBalancerTests            : No active profile set, falling back to default profiles: default
2024-05-17 13:19:16.571  INFO 45226 --- [           main] o.s.cloud.context.scope.GenericScope     : BeanFactory id=6ed38a8a-182b-30b2-8978-4377b69da042
2024-05-17 13:19:16.673  INFO 45226 --- [           main] o.s.b.w.embedded.tomcat.TomcatWebServer  : Tomcat initialized with port(s): 0 (http)
2024-05-17 13:19:16.674  INFO 45226 --- [           main] o.apache.catalina.core.StandardService   : Starting service [Tomcat]
2024-05-17 13:19:16.674  INFO 45226 --- [           main] org.apache.catalina.core.StandardEngine  : Starting Servlet engine: [Apache Tomcat/9.0.56]
2024-05-17 13:19:16.687  INFO 45226 --- [           main] o.a.c.c.C.[Tomcat-1].[localhost].[/]     : Initializing Spring embedded WebApplicationContext
2024-05-17 13:19:16.687  INFO 45226 --- [           main] w.s.c.ServletWebServerApplicationContext : Root WebApplicationContext: initialization completed in 327 ms
2024-05-17 13:19:17.248  WARN 45226 --- [           main] iguration$LoadBalancerCaffeineWarnLogger : Spring Cloud LoadBalancer is currently working with the default cache. While this cache implementation is useful for development and tests, it's recommended to use Caffeine cache in production.You can switch to using Caffeine cache, by adding it and org.springframework.cache.caffeine.CaffeineCacheManager to the classpath.
2024-05-17 13:19:17.267  INFO 45226 --- [           main] o.s.b.w.embedded.tomcat.TomcatWebServer  : Tomcat started on port(s): 34313 (http) with context path ''
2024-05-17 13:19:17.270  INFO 45226 --- [           main] o.s.c.k.f.l.LoadBalancerTests            : Started LoadBalancerTests in 0.959 seconds (JVM running for 6.514)
2024-05-17 13:19:17.277  INFO 45226 --- [WebServer 37433] okhttp3.mockwebserver.MockWebServer      : MockWebServer[37433] starting to accept connections
2024-05-17 13:19:17.282  INFO 45226 --- [127.0.0.1:37142] okhttp3.mockwebserver.MockWebServer      : MockWebServer[59525] received request: POST /api/v1/namespaces/b/services HTTP/1.1 and responded: HTTP/1.1 200 OK
2024-05-17 13:19:17.287  INFO 45226 --- [127.0.0.1:37142] okhttp3.mockwebserver.MockWebServer      : MockWebServer[59525] received request: POST /api/v1/namespaces/b/endpoints HTTP/1.1 and responded: HTTP/1.1 200 OK
2024-05-17 13:19:17.346  INFO 45226 --- [127.0.0.1:37156] okhttp3.mockwebserver.MockWebServer      : MockWebServer[59525] received request: GET /api/v1/namespaces/test/endpoints?fieldSelector=metadata.name%3Dservice-b HTTP/1.1 and responded: HTTP/1.1 200 OK
2024-05-17 13:19:17.347  WARN 45226 --- [           main] o.s.c.l.core.RoundRobinLoadBalancer      : No servers available for service: service-b
2024-05-17 13:19:17.351  INFO 45226 --- [WebServer 37433] okhttp3.mockwebserver.MockWebServer      : MockWebServer[37433] done accepting connections: Socket closed
2024-05-17 13:19:17.354  INFO 45226 --- [           main] .b.t.c.SpringBootTestContextBootstrapper : Neither @ContextConfiguration nor @ContextHierarchy found for test class [org.springframework.cloud.kubernetes.fabric8.loadbalancer.LoadBalancerTests], using SpringBootContextLoader
2024-05-17 13:19:17.355  INFO 45226 --- [           main] o.s.t.c.support.AbstractContextLoader    : Could not detect default resource locations for test class [org.springframework.cloud.kubernetes.fabric8.loadbalancer.LoadBalancerTests]: no resource found for suffixes {-context.xml, Context.groovy}.
2024-05-17 13:19:17.355  INFO 45226 --- [           main] t.c.s.AnnotationConfigContextLoaderUtils : Could not detect default configuration classes for test class [org.springframework.cloud.kubernetes.fabric8.loadbalancer.LoadBalancerTests]: LoadBalancerTests does not declare any static, non-private, non-final, nested classes annotated with @Configuration.
2024-05-17 13:19:17.356  INFO 45226 --- [           main] .b.t.c.SpringBootTestContextBootstrapper : Found @SpringBootConfiguration org.springframework.cloud.kubernetes.fabric8.loadbalancer.SimpleLoadBalancerApp for test class org.springframework.cloud.kubernetes.fabric8.loadbalancer.LoadBalancerTests
2024-05-17 13:19:17.357  INFO 45226 --- [           main] .b.t.c.SpringBootTestContextBootstrapper : Loaded default TestExecutionListener class names from location [META-INF/spring.factories]: [org.springframework.boot.test.mock.mockito.MockitoTestExecutionListener, org.springframework.boot.test.mock.mockito.ResetMocksTestExecutionListener, org.springframework.boot.test.autoconfigure.restdocs.RestDocsTestExecutionListener, org.springframework.boot.test.autoconfigure.web.client.MockRestServiceServerResetTestExecutionListener, org.springframework.boot.test.autoconfigure.web.servlet.MockMvcPrintOnlyOnFailureTestExecutionListener, org.springframework.boot.test.autoconfigure.web.servlet.WebDriverTestExecutionListener, org.springframework.boot.test.autoconfigure.webservices.client.MockWebServiceServerTestExecutionListener, org.springframework.test.context.web.ServletTestExecutionListener, org.springframework.test.context.support.DirtiesContextBeforeModesTestExecutionListener, org.springframework.test.context.event.ApplicationEventsTestExecutionListener, org.springframework.test.context.support.DependencyInjectionTestExecutionListener, org.springframework.test.context.support.DirtiesContextTestExecutionListener, org.springframework.test.context.transaction.TransactionalTestExecutionListener, org.springframework.test.context.jdbc.SqlScriptsTestExecutionListener, org.springframework.test.context.event.EventPublishingTestExecutionListener]
2024-05-17 13:19:17.358  INFO 45226 --- [           main] .b.t.c.SpringBootTestContextBootstrapper : Using TestExecutionListeners: [org.springframework.test.context.web.ServletTestExecutionListener@4597e6e3, org.springframework.test.context.support.DirtiesContextBeforeModesTestExecutionListener@41ece227, org.springframework.test.context.event.ApplicationEventsTestExecutionListener@5e3d2765, org.springframework.boot.test.mock.mockito.MockitoTestExecutionListener@7910f355, org.springframework.boot.test.autoconfigure.SpringBootDependencyInjectionTestExecutionListener@34ab26a, org.springframework.test.context.support.DirtiesContextTestExecutionListener@259195fe, org.springframework.test.context.event.EventPublishingTestExecutionListener@12209826, org.springframework.boot.test.mock.mockito.ResetMocksTestExecutionListener@6cd45b6c, org.springframework.boot.test.autoconfigure.restdocs.RestDocsTestExecutionListener@3a5b7d7e, org.springframework.boot.test.autoconfigure.web.client.MockRestServiceServerResetTestExecutionListener@13cc31ae, org.springframework.boot.test.autoconfigure.web.servlet.MockMvcPrintOnlyOnFailureTestExecutionListener@5bb7a59, org.springframework.boot.test.autoconfigure.web.servlet.WebDriverTestExecutionListener@4bfa5eb9, org.springframework.boot.test.autoconfigure.webservices.client.MockWebServiceServerTestExecutionListener@2a2b7a35]
2024-05-17 13:19:17.360  INFO 45226 --- [WebServer 43029] okhttp3.mockwebserver.MockWebServer      : MockWebServer[43029] starting to accept connections
2024-05-17 13:19:17.365  INFO 45226 --- [WebServer 37991] okhttp3.mockwebserver.MockWebServer      : MockWebServer[37991] starting to accept connections
2024-05-17 13:19:17.370  INFO 45226 --- [127.0.0.1:47742] okhttp3.mockwebserver.MockWebServer      : MockWebServer[43029] received request: POST /api/v1/namespaces/test/services HTTP/1.1 and responded: HTTP/1.1 200 OK
2024-05-17 13:19:17.375  INFO 45226 --- [127.0.0.1:47742] okhttp3.mockwebserver.MockWebServer      : MockWebServer[43029] received request: POST /api/v1/namespaces/test/endpoints HTTP/1.1 and responded: HTTP/1.1 200 OK
2024-05-17 13:19:17.430  INFO 45226 --- [127.0.0.1:37156] okhttp3.mockwebserver.MockWebServer      : MockWebServer[59525] received request: GET /api/v1/namespaces/test/endpoints?fieldSelector=metadata.name%3Dservice-a HTTP/1.1 and responded: HTTP/1.1 200 OK
2024-05-17 13:19:17.430  WARN 45226 --- [           main] o.s.c.l.core.RoundRobinLoadBalancer      : No servers available for service: service-a
java.lang.IllegalStateException: No instances available for service-a
	at org.springframework.cloud.loadbalancer.blocking.client.BlockingLoadBalancerClient.execute(BlockingLoadBalancerClient.java:84)
	at org.springframework.cloud.client.loadbalancer.LoadBalancerInterceptor.intercept(LoadBalancerInterceptor.java:56)
	at org.springframework.http.client.InterceptingClientHttpRequest$InterceptingRequestExecution.execute(InterceptingClientHttpRequest.java:93)
	at org.springframework.http.client.InterceptingClientHttpRequest.executeInternal(InterceptingClientHttpRequest.java:77)
	at org.springframework.http.client.AbstractBufferingClientHttpRequest.executeInternal(AbstractBufferingClientHttpRequest.java:48)
	at org.springframework.http.client.AbstractClientHttpRequest.execute(AbstractClientHttpRequest.java:66)
	at org.springframework.web.client.RestTemplate.doExecute(RestTemplate.java:776)
	at org.springframework.web.client.RestTemplate.execute(RestTemplate.java:711)
	at org.springframework.web.client.RestTemplate.getForObject(RestTemplate.java:334)
	at org.springframework.cloud.kubernetes.fabric8.loadbalancer.LoadBalancerTests.testLoadBalancerSameNamespace(LoadBalancerTests.java:60)
	at sun.reflect.NativeMethodAccessorImpl.invoke0(Native Method)
	at sun.reflect.NativeMethodAccessorImpl.invoke(NativeMethodAccessorImpl.java:62)
	at sun.reflect.DelegatingMethodAccessorImpl.invoke(DelegatingMethodAccessorImpl.java:43)
	at java.lang.reflect.Method.invoke(Method.java:498)
	at org.junit.platform.commons.util.ReflectionUtils.invokeMethod(ReflectionUtils.java:725)
	at org.junit.jupiter.engine.execution.MethodInvocation.proceed(MethodInvocation.java:60)
	at org.junit.jupiter.engine.execution.InvocationInterceptorChain$ValidatingInvocation.proceed(InvocationInterceptorChain.java:131)
	at org.junit.jupiter.engine.extension.TimeoutExtension.intercept(TimeoutExtension.java:149)
	at org.junit.jupiter.engine.extension.TimeoutExtension.interceptTestableMethod(TimeoutExtension.java:140)
	at org.junit.jupiter.engine.extension.TimeoutExtension.interceptTestMethod(TimeoutExtension.java:84)
	at org.junit.jupiter.engine.execution.ExecutableInvoker$ReflectiveInterceptorCall.lambda$ofVoidMethod$0(ExecutableInvoker.java:115)
	at org.junit.jupiter.engine.execution.ExecutableInvoker.lambda$invoke$0(ExecutableInvoker.java:105)
	at org.junit.jupiter.engine.execution.InvocationInterceptorChain$InterceptedInvocation.proceed(InvocationInterceptorChain.java:106)
	at org.junit.jupiter.engine.execution.InvocationInterceptorChain.proceed(InvocationInterceptorChain.java:64)
	at org.junit.jupiter.engine.execution.InvocationInterceptorChain.chainAndInvoke(InvocationInterceptorChain.java:45)
	at org.junit.jupiter.engine.execution.InvocationInterceptorChain.invoke(InvocationInterceptorChain.java:37)
	at org.junit.jupiter.engine.execution.ExecutableInvoker.invoke(ExecutableInvoker.java:104)
	at org.junit.jupiter.engine.execution.ExecutableInvoker.invoke(ExecutableInvoker.java:98)
	at org.junit.jupiter.engine.descriptor.TestMethodTestDescriptor.lambda$invokeTestMethod$7(TestMethodTestDescriptor.java:214)
	at org.junit.platform.engine.support.hierarchical.ThrowableCollector.execute(ThrowableCollector.java:73)
	at org.junit.jupiter.engine.descriptor.TestMethodTestDescriptor.invokeTestMethod(TestMethodTestDescriptor.java:210)
	at org.junit.jupiter.engine.descriptor.TestMethodTestDescriptor.execute(TestMethodTestDescriptor.java:135)
	at org.junit.jupiter.engine.descriptor.TestMethodTestDescriptor.execute(TestMethodTestDescriptor.java:66)
	at org.junit.platform.engine.support.hierarchical.NodeTestTask.lambda$executeRecursively$6(NodeTestTask.java:151)
	at org.junit.platform.engine.support.hierarchical.ThrowableCollector.execute(ThrowableCollector.java:73)
	at org.junit.platform.engine.support.hierarchical.NodeTestTask.lambda$executeRecursively$8(NodeTestTask.java:141)
	at org.junit.platform.engine.support.hierarchical.Node.around(Node.java:137)
	at org.junit.platform.engine.support.hierarchical.NodeTestTask.lambda$executeRecursively$9(NodeTestTask.java:139)
	at org.junit.platform.engine.support.hierarchical.ThrowableCollector.execute(ThrowableCollector.java:73)
	at org.junit.platform.engine.support.hierarchical.NodeTestTask.executeRecursively(NodeTestTask.java:138)
	at org.junit.platform.engine.support.hierarchical.NodeTestTask.execute(NodeTestTask.java:95)
	at java.util.ArrayList.forEach(ArrayList.java:1259)
	at org.junit.platform.engine.support.hierarchical.SameThreadHierarchicalTestExecutorService.invokeAll(SameThreadHierarchicalTestExecutorService.java:41)
	at org.junit.platform.engine.support.hierarchical.NodeTestTask.lambda$executeRecursively$6(NodeTestTask.java:155)
	at org.junit.platform.engine.support.hierarchical.ThrowableCollector.execute(ThrowableCollector.java:73)
	at org.junit.platform.engine.support.hierarchical.NodeTestTask.lambda$executeRecursively$8(NodeTestTask.java:141)
	at org.junit.platform.engine.support.hierarchical.Node.around(Node.java:137)
	at org.junit.platform.engine.support.hierarchical.NodeTestTask.lambda$executeRecursively$9(NodeTestTask.java:139)
	at org.junit.platform.engine.support.hierarchical.ThrowableCollector.execute(ThrowableCollector.java:73)
	at org.junit.platform.engine.support.hierarchical.NodeTestTask.executeRecursively(NodeTestTask.java:138)
	at org.junit.platform.engine.support.hierarchical.NodeTestTask.execute(NodeTestTask.java:95)
	at java.util.ArrayList.forEach(ArrayList.java:1259)
	at org.junit.platform.engine.support.hierarchical.SameThreadHierarchicalTestExecutorService.invokeAll(SameThreadHierarchicalTestExecutorService.java:41)
	at org.junit.platform.engine.support.hierarchical.NodeTestTask.lambda$executeRecursively$6(NodeTestTask.java:155)
	at org.junit.platform.engine.support.hierarchical.ThrowableCollector.execute(ThrowableCollector.java:73)
	at org.junit.platform.engine.support.hierarchical.NodeTestTask.lambda$executeRecursively$8(NodeTestTask.java:141)
	at org.junit.platform.engine.support.hierarchical.Node.around(Node.java:137)
	at org.junit.platform.engine.support.hierarchical.NodeTestTask.lambda$executeRecursively$9(NodeTestTask.java:139)
	at org.junit.platform.engine.support.hierarchical.ThrowableCollector.execute(ThrowableCollector.java:73)
	at org.junit.platform.engine.support.hierarchical.NodeTestTask.executeRecursively(NodeTestTask.java:138)
	at org.junit.platform.engine.support.hierarchical.NodeTestTask.execute(NodeTestTask.java:95)
	at org.junit.platform.engine.support.hierarchical.SameThreadHierarchicalTestExecutorService.submit(SameThreadHierarchicalTestExecutorService.java:35)
	at org.junit.platform.engine.support.hierarchical.HierarchicalTestExecutor.execute(HierarchicalTestExecutor.java:57)
	at org.junit.platform.engine.support.hierarchical.HierarchicalTestEngine.execute(HierarchicalTestEngine.java:54)
	at org.junit.platform.launcher.core.DefaultLauncher.execute(DefaultLauncher.java:170)
	at org.junit.platform.launcher.core.DefaultLauncher.execute(DefaultLauncher.java:154)
	at org.junit.platform.launcher.core.DefaultLauncher.execute(DefaultLauncher.java:90)
	at edu.illinois.cs.testrunner.execution.JUnit5TestExecutor.runTestsSeparately(JUnit5TestExecutor.java:40)
	at edu.illinois.cs.testrunner.execution.Executor$.$anonfun$run$1(Executor.scala:33)
	at scala.runtime.java8.JFunction0$mcV$sp.apply(JFunction0$mcV$sp.java:12)
	at scala.util.Try$.apply(Try.scala:209)
	at edu.illinois.cs.testrunner.execution.Executor$.run(Executor.scala:28)
	at edu.illinois.cs.testrunner.execution.Executor$.main(Executor.scala:18)
	at edu.illinois.cs.testrunner.execution.Executor.main(Executor.scala)
2024-05-17 13:19:17.437  INFO 45226 --- [WebServer 37991] okhttp3.mockwebserver.MockWebServer      : MockWebServer[37991] done accepting connections: Socket closed
2024-05-17 13:19:17.444  INFO 45226 --- [           main] .b.t.c.SpringBootTestContextBootstrapper : Neither @ContextConfiguration nor @ContextHierarchy found for test class [org.springframework.cloud.kubernetes.fabric8.loadbalancer.LoadBalancerWithServiceTests], using SpringBootContextLoader
2024-05-17 13:19:17.445  INFO 45226 --- [           main] o.s.t.c.support.AbstractContextLoader    : Could not detect default resource locations for test class [org.springframework.cloud.kubernetes.fabric8.loadbalancer.LoadBalancerWithServiceTests]: no resource found for suffixes {-context.xml, Context.groovy}.
2024-05-17 13:19:17.445  INFO 45226 --- [           main] t.c.s.AnnotationConfigContextLoaderUtils : Could not detect default configuration classes for test class [org.springframework.cloud.kubernetes.fabric8.loadbalancer.LoadBalancerWithServiceTests]: LoadBalancerWithServiceTests does not declare any static, non-private, non-final, nested classes annotated with @Configuration.
2024-05-17 13:19:17.448  INFO 45226 --- [           main] .b.t.c.SpringBootTestContextBootstrapper : Found @SpringBootConfiguration org.springframework.cloud.kubernetes.fabric8.loadbalancer.SimpleLoadBalancerApp for test class org.springframework.cloud.kubernetes.fabric8.loadbalancer.LoadBalancerWithServiceTests
2024-05-17 13:19:17.449  INFO 45226 --- [           main] .b.t.c.SpringBootTestContextBootstrapper : Loaded default TestExecutionListener class names from location [META-INF/spring.factories]: [org.springframework.boot.test.mock.mockito.MockitoTestExecutionListener, org.springframework.boot.test.mock.mockito.ResetMocksTestExecutionListener, org.springframework.boot.test.autoconfigure.restdocs.RestDocsTestExecutionListener, org.springframework.boot.test.autoconfigure.web.client.MockRestServiceServerResetTestExecutionListener, org.springframework.boot.test.autoconfigure.web.servlet.MockMvcPrintOnlyOnFailureTestExecutionListener, org.springframework.boot.test.autoconfigure.web.servlet.WebDriverTestExecutionListener, org.springframework.boot.test.autoconfigure.webservices.client.MockWebServiceServerTestExecutionListener, org.springframework.test.context.web.ServletTestExecutionListener, org.springframework.test.context.support.DirtiesContextBeforeModesTestExecutionListener, org.springframework.test.context.event.ApplicationEventsTestExecutionListener, org.springframework.test.context.support.DependencyInjectionTestExecutionListener, org.springframework.test.context.support.DirtiesContextTestExecutionListener, org.springframework.test.context.transaction.TransactionalTestExecutionListener, org.springframework.test.context.jdbc.SqlScriptsTestExecutionListener, org.springframework.test.context.event.EventPublishingTestExecutionListener]
2024-05-17 13:19:17.450  INFO 45226 --- [           main] .b.t.c.SpringBootTestContextBootstrapper : Using TestExecutionListeners: [org.springframework.test.context.web.ServletTestExecutionListener@43c0c13a, org.springframework.test.context.support.DirtiesContextBeforeModesTestExecutionListener@731db93f, org.springframework.test.context.event.ApplicationEventsTestExecutionListener@67941d, org.springframework.boot.test.mock.mockito.MockitoTestExecutionListener@2ad2b274, org.springframework.boot.test.autoconfigure.SpringBootDependencyInjectionTestExecutionListener@6fde6f05, org.springframework.test.context.support.DirtiesContextTestExecutionListener@7114e780, org.springframework.test.context.event.EventPublishingTestExecutionListener@4def42c3, org.springframework.boot.test.mock.mockito.ResetMocksTestExecutionListener@72110818, org.springframework.boot.test.autoconfigure.restdocs.RestDocsTestExecutionListener@6eabe718, org.springframework.boot.test.autoconfigure.web.client.MockRestServiceServerResetTestExecutionListener@38d525aa, org.springframework.boot.test.autoconfigure.web.servlet.MockMvcPrintOnlyOnFailureTestExecutionListener@f9b8129, org.springframework.boot.test.autoconfigure.web.servlet.WebDriverTestExecutionListener@7530090a, org.springframework.boot.test.autoconfigure.webservices.client.MockWebServiceServerTestExecutionListener@4492b393]
2024-05-17 13:19:17.452  INFO 45226 --- [WebServer 44573] okhttp3.mockwebserver.MockWebServer      : MockWebServer[44573] starting to accept connections

  .   ____          _            __ _ _
 /\\ / ___'_ __ _ _(_)_ __  __ _ \ \ \ \
( ( )\___ | '_ | '_| | '_ \/ _` | \ \ \ \
 \\/  ___)| |_)| | | | | || (_| |  ) ) ) )
  '  |____| .__|_| |_|_| |_\__, | / / / /
 =========|_|==============|___/=/_/_/_/
 :: Spring Boot ::                (v2.6.3)

2024-05-17 13:19:17.478  WARN 45226 --- [           main] ubernetesProfileEnvironmentPostProcessor : Not running inside kubernetes. Skipping 'kubernetes' profile activation.
2024-05-17 13:19:17.480  INFO 45226 --- [           main] o.s.c.k.f.l.LoadBalancerWithServiceTests : Starting LoadBalancerWithServiceTests using Java 1.8.0_292 on 9168d08beda2 with PID 45226 (started by idflakies in /home/idflakies/spring-cloud/spring-cloud-kubernetes)
2024-05-17 13:19:17.480  INFO 45226 --- [           main] o.s.c.k.f.l.LoadBalancerWithServiceTests : No active profile set, falling back to default profiles: default
2024-05-17 13:19:17.671  INFO 45226 --- [           main] o.s.cloud.context.scope.GenericScope     : BeanFactory id=6ed38a8a-182b-30b2-8978-4377b69da042
2024-05-17 13:19:18.252  INFO 45226 --- [           main] o.s.b.w.embedded.tomcat.TomcatWebServer  : Tomcat initialized with port(s): 0 (http)
2024-05-17 13:19:18.253  INFO 45226 --- [           main] o.apache.catalina.core.StandardService   : Starting service [Tomcat]
2024-05-17 13:19:18.254  INFO 45226 --- [           main] org.apache.catalina.core.StandardEngine  : Starting Servlet engine: [Apache Tomcat/9.0.56]
2024-05-17 13:19:18.264  INFO 45226 --- [           main] o.a.c.c.C.[Tomcat-2].[localhost].[/]     : Initializing Spring embedded WebApplicationContext
2024-05-17 13:19:18.265  INFO 45226 --- [           main] w.s.c.ServletWebServerApplicationContext : Root WebApplicationContext: initialization completed in 783 ms
2024-05-17 13:19:18.764  WARN 45226 --- [           main] iguration$LoadBalancerCaffeineWarnLogger : Spring Cloud LoadBalancer is currently working with the default cache. While this cache implementation is useful for development and tests, it's recommended to use Caffeine cache in production.You can switch to using Caffeine cache, by adding it and org.springframework.cache.caffeine.CaffeineCacheManager to the classpath.
2024-05-17 13:19:18.792  INFO 45226 --- [           main] o.s.b.w.embedded.tomcat.TomcatWebServer  : Tomcat started on port(s): 34307 (http) with context path ''
2024-05-17 13:19:18.795  INFO 45226 --- [           main] o.s.c.k.f.l.LoadBalancerWithServiceTests : Started LoadBalancerWithServiceTests in 1.34 seconds (JVM running for 8.039)
2024-05-17 13:19:18.804  INFO 45226 --- [WebServer 50497] okhttp3.mockwebserver.MockWebServer      : MockWebServer[50497] starting to accept connections
2024-05-17 13:19:18.826  INFO 45226 --- [127.0.0.1:44486] okhttp3.mockwebserver.MockWebServer      : MockWebServer[44573] received request: POST /api/v1/namespaces/b/services HTTP/1.1 and responded: HTTP/1.1 200 OK
2024-05-17 13:19:18.847  INFO 45226 --- [127.0.0.1:44490] okhttp3.mockwebserver.MockWebServer      : MockWebServer[44573] received request: GET /api/v1/namespaces/test/services/service-b HTTP/1.1 and responded: HTTP/1.1 404 Client Error
2024-05-17 13:19:18.852  WARN 45226 --- [           main] o.s.c.l.core.RoundRobinLoadBalancer      : No servers available for service: service-b
2024-05-17 13:19:18.856  INFO 45226 --- [WebServer 50497] okhttp3.mockwebserver.MockWebServer      : MockWebServer[50497] done accepting connections: Socket closed
2024-05-17 13:19:18.860  INFO 45226 --- [           main] .b.t.c.SpringBootTestContextBootstrapper : Neither @ContextConfiguration nor @ContextHierarchy found for test class [org.springframework.cloud.kubernetes.fabric8.loadbalancer.LoadBalancerWithServiceTests], using SpringBootContextLoader
2024-05-17 13:19:18.861  INFO 45226 --- [           main] o.s.t.c.support.AbstractContextLoader    : Could not detect default resource locations for test class [org.springframework.cloud.kubernetes.fabric8.loadbalancer.LoadBalancerWithServiceTests]: no resource found for suffixes {-context.xml, Context.groovy}.
2024-05-17 13:19:18.861  INFO 45226 --- [           main] t.c.s.AnnotationConfigContextLoaderUtils : Could not detect default configuration classes for test class [org.springframework.cloud.kubernetes.fabric8.loadbalancer.LoadBalancerWithServiceTests]: LoadBalancerWithServiceTests does not declare any static, non-private, non-final, nested classes annotated with @Configuration.
2024-05-17 13:19:18.863  INFO 45226 --- [           main] .b.t.c.SpringBootTestContextBootstrapper : Found @SpringBootConfiguration org.springframework.cloud.kubernetes.fabric8.loadbalancer.SimpleLoadBalancerApp for test class org.springframework.cloud.kubernetes.fabric8.loadbalancer.LoadBalancerWithServiceTests
2024-05-17 13:19:18.864  INFO 45226 --- [           main] .b.t.c.SpringBootTestContextBootstrapper : Loaded default TestExecutionListener class names from location [META-INF/spring.factories]: [org.springframework.boot.test.mock.mockito.MockitoTestExecutionListener, org.springframework.boot.test.mock.mockito.ResetMocksTestExecutionListener, org.springframework.boot.test.autoconfigure.restdocs.RestDocsTestExecutionListener, org.springframework.boot.test.autoconfigure.web.client.MockRestServiceServerResetTestExecutionListener, org.springframework.boot.test.autoconfigure.web.servlet.MockMvcPrintOnlyOnFailureTestExecutionListener, org.springframework.boot.test.autoconfigure.web.servlet.WebDriverTestExecutionListener, org.springframework.boot.test.autoconfigure.webservices.client.MockWebServiceServerTestExecutionListener, org.springframework.test.context.web.ServletTestExecutionListener, org.springframework.test.context.support.DirtiesContextBeforeModesTestExecutionListener, org.springframework.test.context.event.ApplicationEventsTestExecutionListener, org.springframework.test.context.support.DependencyInjectionTestExecutionListener, org.springframework.test.context.support.DirtiesContextTestExecutionListener, org.springframework.test.context.transaction.TransactionalTestExecutionListener, org.springframework.test.context.jdbc.SqlScriptsTestExecutionListener, org.springframework.test.context.event.EventPublishingTestExecutionListener]
2024-05-17 13:19:18.865  INFO 45226 --- [           main] .b.t.c.SpringBootTestContextBootstrapper : Using TestExecutionListeners: [org.springframework.test.context.web.ServletTestExecutionListener@38e7860c, org.springframework.test.context.support.DirtiesContextBeforeModesTestExecutionListener@62158991, org.springframework.test.context.event.ApplicationEventsTestExecutionListener@40738846, org.springframework.boot.test.mock.mockito.MockitoTestExecutionListener@1255de25, org.springframework.boot.test.autoconfigure.SpringBootDependencyInjectionTestExecutionListener@1686ed85, org.springframework.test.context.support.DirtiesContextTestExecutionListener@5891b7c5, org.springframework.test.context.event.EventPublishingTestExecutionListener@4fc3529, org.springframework.boot.test.mock.mockito.ResetMocksTestExecutionListener@38e46765, org.springframework.boot.test.autoconfigure.restdocs.RestDocsTestExecutionListener@192f5f39, org.springframework.boot.test.autoconfigure.web.client.MockRestServiceServerResetTestExecutionListener@4cd5fc46, org.springframework.boot.test.autoconfigure.web.servlet.MockMvcPrintOnlyOnFailureTestExecutionListener@2965dd88, org.springframework.boot.test.autoconfigure.web.servlet.WebDriverTestExecutionListener@3221588e, org.springframework.boot.test.autoconfigure.webservices.client.MockWebServiceServerTestExecutionListener@51141f64]
2024-05-17 13:19:18.868  INFO 45226 --- [WebServer 37905] okhttp3.mockwebserver.MockWebServer      : MockWebServer[37905] starting to accept connections
2024-05-17 13:19:18.873  INFO 45226 --- [WebServer 33535] okhttp3.mockwebserver.MockWebServer      : MockWebServer[33535] starting to accept connections
2024-05-17 13:19:18.879  INFO 45226 --- [127.0.0.1:59732] okhttp3.mockwebserver.MockWebServer      : MockWebServer[37905] received request: POST /api/v1/namespaces/test/services HTTP/1.1 and responded: HTTP/1.1 200 OK
2024-05-17 13:19:18.895  INFO 45226 --- [127.0.0.1:44490] okhttp3.mockwebserver.MockWebServer      : MockWebServer[44573] received request: GET /api/v1/namespaces/test/services/service-a HTTP/1.1 and responded: HTTP/1.1 404 Client Error
2024-05-17 13:19:18.895  WARN 45226 --- [           main] o.s.c.l.core.RoundRobinLoadBalancer      : No servers available for service: service-a
java.lang.IllegalStateException: No instances available for service-a
	at org.springframework.cloud.loadbalancer.blocking.client.BlockingLoadBalancerClient.execute(BlockingLoadBalancerClient.java:84)
	at org.springframework.cloud.client.loadbalancer.LoadBalancerInterceptor.intercept(LoadBalancerInterceptor.java:56)
	at org.springframework.http.client.InterceptingClientHttpRequest$InterceptingRequestExecution.execute(InterceptingClientHttpRequest.java:93)
	at org.springframework.http.client.InterceptingClientHttpRequest.executeInternal(InterceptingClientHttpRequest.java:77)
	at org.springframework.http.client.AbstractBufferingClientHttpRequest.executeInternal(AbstractBufferingClientHttpRequest.java:48)
	at org.springframework.http.client.AbstractClientHttpRequest.execute(AbstractClientHttpRequest.java:66)
	at org.springframework.web.client.RestTemplate.doExecute(RestTemplate.java:776)
	at org.springframework.web.client.RestTemplate.execute(RestTemplate.java:711)
	at org.springframework.web.client.RestTemplate.getForObject(RestTemplate.java:334)
	at org.springframework.cloud.kubernetes.fabric8.loadbalancer.LoadBalancerWithServiceTests.testLoadBalancerSameNamespace(LoadBalancerWithServiceTests.java:85)
	at sun.reflect.NativeMethodAccessorImpl.invoke0(Native Method)
	at sun.reflect.NativeMethodAccessorImpl.invoke(NativeMethodAccessorImpl.java:62)
	at sun.reflect.DelegatingMethodAccessorImpl.invoke(DelegatingMethodAccessorImpl.java:43)
	at java.lang.reflect.Method.invoke(Method.java:498)
	at org.junit.platform.commons.util.ReflectionUtils.invokeMethod(ReflectionUtils.java:725)
	at org.junit.jupiter.engine.execution.MethodInvocation.proceed(MethodInvocation.java:60)
	at org.junit.jupiter.engine.execution.InvocationInterceptorChain$ValidatingInvocation.proceed(InvocationInterceptorChain.java:131)
	at org.junit.jupiter.engine.extension.TimeoutExtension.intercept(TimeoutExtension.java:149)
	at org.junit.jupiter.engine.extension.TimeoutExtension.interceptTestableMethod(TimeoutExtension.java:140)
	at org.junit.jupiter.engine.extension.TimeoutExtension.interceptTestMethod(TimeoutExtension.java:84)
	at org.junit.jupiter.engine.execution.ExecutableInvoker$ReflectiveInterceptorCall.lambda$ofVoidMethod$0(ExecutableInvoker.java:115)
	at org.junit.jupiter.engine.execution.ExecutableInvoker.lambda$invoke$0(ExecutableInvoker.java:105)
	at org.junit.jupiter.engine.execution.InvocationInterceptorChain$InterceptedInvocation.proceed(InvocationInterceptorChain.java:106)
	at org.junit.jupiter.engine.execution.InvocationInterceptorChain.proceed(InvocationInterceptorChain.java:64)
	at org.junit.jupiter.engine.execution.InvocationInterceptorChain.chainAndInvoke(InvocationInterceptorChain.java:45)
	at org.junit.jupiter.engine.execution.InvocationInterceptorChain.invoke(InvocationInterceptorChain.java:37)
	at org.junit.jupiter.engine.execution.ExecutableInvoker.invoke(ExecutableInvoker.java:104)
	at org.junit.jupiter.engine.execution.ExecutableInvoker.invoke(ExecutableInvoker.java:98)
	at org.junit.jupiter.engine.descriptor.TestMethodTestDescriptor.lambda$invokeTestMethod$7(TestMethodTestDescriptor.java:214)
	at org.junit.platform.engine.support.hierarchical.ThrowableCollector.execute(ThrowableCollector.java:73)
	at org.junit.jupiter.engine.descriptor.TestMethodTestDescriptor.invokeTestMethod(TestMethodTestDescriptor.java:210)
	at org.junit.jupiter.engine.descriptor.TestMethodTestDescriptor.execute(TestMethodTestDescriptor.java:135)
	at org.junit.jupiter.engine.descriptor.TestMethodTestDescriptor.execute(TestMethodTestDescriptor.java:66)
	at org.junit.platform.engine.support.hierarchical.NodeTestTask.lambda$executeRecursively$6(NodeTestTask.java:151)
	at org.junit.platform.engine.support.hierarchical.ThrowableCollector.execute(ThrowableCollector.java:73)
	at org.junit.platform.engine.support.hierarchical.NodeTestTask.lambda$executeRecursively$8(NodeTestTask.java:141)
	at org.junit.platform.engine.support.hierarchical.Node.around(Node.java:137)
	at org.junit.platform.engine.support.hierarchical.NodeTestTask.lambda$executeRecursively$9(NodeTestTask.java:139)
	at org.junit.platform.engine.support.hierarchical.ThrowableCollector.execute(ThrowableCollector.java:73)
	at org.junit.platform.engine.support.hierarchical.NodeTestTask.executeRecursively(NodeTestTask.java:138)
	at org.junit.platform.engine.support.hierarchical.NodeTestTask.execute(NodeTestTask.java:95)
	at java.util.ArrayList.forEach(ArrayList.java:1259)
	at org.junit.platform.engine.support.hierarchical.SameThreadHierarchicalTestExecutorService.invokeAll(SameThreadHierarchicalTestExecutorService.java:41)
	at org.junit.platform.engine.support.hierarchical.NodeTestTask.lambda$executeRecursively$6(NodeTestTask.java:155)
	at org.junit.platform.engine.support.hierarchical.ThrowableCollector.execute(ThrowableCollector.java:73)
	at org.junit.platform.engine.support.hierarchical.NodeTestTask.lambda$executeRecursively$8(NodeTestTask.java:141)
	at org.junit.platform.engine.support.hierarchical.Node.around(Node.java:137)
	at org.junit.platform.engine.support.hierarchical.NodeTestTask.lambda$executeRecursively$9(NodeTestTask.java:139)
	at org.junit.platform.engine.support.hierarchical.ThrowableCollector.execute(ThrowableCollector.java:73)
	at org.junit.platform.engine.support.hierarchical.NodeTestTask.executeRecursively(NodeTestTask.java:138)
	at org.junit.platform.engine.support.hierarchical.NodeTestTask.execute(NodeTestTask.java:95)
	at java.util.ArrayList.forEach(ArrayList.java:1259)
	at org.junit.platform.engine.support.hierarchical.SameThreadHierarchicalTestExecutorService.invokeAll(SameThreadHierarchicalTestExecutorService.java:41)
	at org.junit.platform.engine.support.hierarchical.NodeTestTask.lambda$executeRecursively$6(NodeTestTask.java:155)
	at org.junit.platform.engine.support.hierarchical.ThrowableCollector.execute(ThrowableCollector.java:73)
	at org.junit.platform.engine.support.hierarchical.NodeTestTask.lambda$executeRecursively$8(NodeTestTask.java:141)
	at org.junit.platform.engine.support.hierarchical.Node.around(Node.java:137)
	at org.junit.platform.engine.support.hierarchical.NodeTestTask.lambda$executeRecursively$9(NodeTestTask.java:139)
	at org.junit.platform.engine.support.hierarchical.ThrowableCollector.execute(ThrowableCollector.java:73)
	at org.junit.platform.engine.support.hierarchical.NodeTestTask.executeRecursively(NodeTestTask.java:138)
	at org.junit.platform.engine.support.hierarchical.NodeTestTask.execute(NodeTestTask.java:95)
	at org.junit.platform.engine.support.hierarchical.SameThreadHierarchicalTestExecutorService.submit(SameThreadHierarchicalTestExecutorService.java:35)
	at org.junit.platform.engine.support.hierarchical.HierarchicalTestExecutor.execute(HierarchicalTestExecutor.java:57)
	at org.junit.platform.engine.support.hierarchical.HierarchicalTestEngine.execute(HierarchicalTestEngine.java:54)
	at org.junit.platform.launcher.core.DefaultLauncher.execute(DefaultLauncher.java:170)
	at org.junit.platform.launcher.core.DefaultLauncher.execute(DefaultLauncher.java:154)
	at org.junit.platform.launcher.core.DefaultLauncher.execute(DefaultLauncher.java:90)
	at edu.illinois.cs.testrunner.execution.JUnit5TestExecutor.runTestsSeparately(JUnit5TestExecutor.java:40)
	at edu.illinois.cs.testrunner.execution.Executor$.$anonfun$run$1(Executor.scala:33)
	at scala.runtime.java8.JFunction0$mcV$sp.apply(JFunction0$mcV$sp.java:12)
	at scala.util.Try$.apply(Try.scala:209)
	at edu.illinois.cs.testrunner.execution.Executor$.run(Executor.scala:28)
	at edu.illinois.cs.testrunner.execution.Executor$.main(Executor.scala:18)
	at edu.illinois.cs.testrunner.execution.Executor.main(Executor.scala)
2024-05-17 13:19:18.899  INFO 45226 --- [WebServer 33535] okhttp3.mockwebserver.MockWebServer      : MockWebServer[33535] done accepting connections: Socket closed
