15:48:18.696 [main] DEBUG org.springframework.test.context.BootstrapUtils - Instantiating CacheAwareContextLoaderDelegate from class [org.springframework.test.context.cache.DefaultCacheAwareContextLoaderDelegate]
15:48:18.704 [main] DEBUG org.springframework.test.context.BootstrapUtils - Instantiating BootstrapContext using constructor [public org.springframework.test.context.support.DefaultBootstrapContext(java.lang.Class,org.springframework.test.context.CacheAwareContextLoaderDelegate)]
15:48:18.738 [main] DEBUG org.springframework.test.context.BootstrapUtils - Instantiating TestContextBootstrapper for test class [org.springframework.cloud.kubernetes.fabric8.loadbalancer.LoadBalancerAllNamespacesTests] from class [org.springframework.boot.test.context.SpringBootTestContextBootstrapper]
15:48:18.749 [main] INFO org.springframework.boot.test.context.SpringBootTestContextBootstrapper - Neither @ContextConfiguration nor @ContextHierarchy found for test class [org.springframework.cloud.kubernetes.fabric8.loadbalancer.LoadBalancerAllNamespacesTests], using SpringBootContextLoader
15:48:18.753 [main] DEBUG org.springframework.test.context.support.AbstractContextLoader - Did not detect default resource location for test class [org.springframework.cloud.kubernetes.fabric8.loadbalancer.LoadBalancerAllNamespacesTests]: class path resource [org/springframework/cloud/kubernetes/fabric8/loadbalancer/LoadBalancerAllNamespacesTests-context.xml] does not exist
15:48:18.753 [main] DEBUG org.springframework.test.context.support.AbstractContextLoader - Did not detect default resource location for test class [org.springframework.cloud.kubernetes.fabric8.loadbalancer.LoadBalancerAllNamespacesTests]: class path resource [org/springframework/cloud/kubernetes/fabric8/loadbalancer/LoadBalancerAllNamespacesTestsContext.groovy] does not exist
15:48:18.753 [main] INFO org.springframework.test.context.support.AbstractContextLoader - Could not detect default resource locations for test class [org.springframework.cloud.kubernetes.fabric8.loadbalancer.LoadBalancerAllNamespacesTests]: no resource found for suffixes {-context.xml, Context.groovy}.
15:48:18.754 [main] INFO org.springframework.test.context.support.AnnotationConfigContextLoaderUtils - Could not detect default configuration classes for test class [org.springframework.cloud.kubernetes.fabric8.loadbalancer.LoadBalancerAllNamespacesTests]: LoadBalancerAllNamespacesTests does not declare any static, non-private, non-final, nested classes annotated with @Configuration.
15:48:18.801 [main] DEBUG org.springframework.test.context.support.ActiveProfilesUtils - Could not find an 'annotation declaring class' for annotation type [org.springframework.test.context.ActiveProfiles] and class [org.springframework.cloud.kubernetes.fabric8.loadbalancer.LoadBalancerAllNamespacesTests]
15:48:18.862 [main] DEBUG org.springframework.context.annotation.ClassPathScanningCandidateComponentProvider - Identified candidate component class: file [/home/idflakies/spring-cloud/spring-cloud-kubernetes/spring-cloud-kubernetes-integration-tests/load-balancer/target/classes/org/springframework/cloud/kubernetes/fabric8/loadbalancer/SimpleLoadBalancerApp.class]
15:48:18.871 [main] INFO org.springframework.boot.test.context.SpringBootTestContextBootstrapper - Found @SpringBootConfiguration org.springframework.cloud.kubernetes.fabric8.loadbalancer.SimpleLoadBalancerApp for test class org.springframework.cloud.kubernetes.fabric8.loadbalancer.LoadBalancerAllNamespacesTests
15:48:18.957 [main] DEBUG org.springframework.boot.test.context.SpringBootTestContextBootstrapper - @TestExecutionListeners is not present for class [org.springframework.cloud.kubernetes.fabric8.loadbalancer.LoadBalancerAllNamespacesTests]: using defaults.
15:48:18.957 [main] INFO org.springframework.boot.test.context.SpringBootTestContextBootstrapper - Loaded default TestExecutionListener class names from location [META-INF/spring.factories]: [org.springframework.boot.test.mock.mockito.MockitoTestExecutionListener, org.springframework.boot.test.mock.mockito.ResetMocksTestExecutionListener, org.springframework.boot.test.autoconfigure.restdocs.RestDocsTestExecutionListener, org.springframework.boot.test.autoconfigure.web.client.MockRestServiceServerResetTestExecutionListener, org.springframework.boot.test.autoconfigure.web.servlet.MockMvcPrintOnlyOnFailureTestExecutionListener, org.springframework.boot.test.autoconfigure.web.servlet.WebDriverTestExecutionListener, org.springframework.boot.test.autoconfigure.webservices.client.MockWebServiceServerTestExecutionListener, org.springframework.test.context.web.ServletTestExecutionListener, org.springframework.test.context.support.DirtiesContextBeforeModesTestExecutionListener, org.springframework.test.context.event.ApplicationEventsTestExecutionListener, org.springframework.test.context.support.DependencyInjectionTestExecutionListener, org.springframework.test.context.support.DirtiesContextTestExecutionListener, org.springframework.test.context.transaction.TransactionalTestExecutionListener, org.springframework.test.context.jdbc.SqlScriptsTestExecutionListener, org.springframework.test.context.event.EventPublishingTestExecutionListener]
15:48:18.972 [main] DEBUG org.springframework.boot.test.context.SpringBootTestContextBootstrapper - Skipping candidate TestExecutionListener [org.springframework.test.context.transaction.TransactionalTestExecutionListener] due to a missing dependency. Specify custom listener classes or make the default listener classes and their required dependencies available. Offending class: [org/springframework/transaction/TransactionDefinition]
15:48:18.973 [main] DEBUG org.springframework.boot.test.context.SpringBootTestContextBootstrapper - Skipping candidate TestExecutionListener [org.springframework.test.context.jdbc.SqlScriptsTestExecutionListener] due to a missing dependency. Specify custom listener classes or make the default listener classes and their required dependencies available. Offending class: [org/springframework/transaction/interceptor/TransactionAttribute]
15:48:18.973 [main] INFO org.springframework.boot.test.context.SpringBootTestContextBootstrapper - Using TestExecutionListeners: [org.springframework.test.context.web.ServletTestExecutionListener@78aa1f72, org.springframework.test.context.support.DirtiesContextBeforeModesTestExecutionListener@1f75a668, org.springframework.test.context.event.ApplicationEventsTestExecutionListener@35399441, org.springframework.boot.test.mock.mockito.MockitoTestExecutionListener@4b7dc788, org.springframework.boot.test.autoconfigure.SpringBootDependencyInjectionTestExecutionListener@6304101a, org.springframework.test.context.support.DirtiesContextTestExecutionListener@5170bcf4, org.springframework.test.context.event.EventPublishingTestExecutionListener@2812b107, org.springframework.boot.test.mock.mockito.ResetMocksTestExecutionListener@df6620a, org.springframework.boot.test.autoconfigure.restdocs.RestDocsTestExecutionListener@4e31276e, org.springframework.boot.test.autoconfigure.web.client.MockRestServiceServerResetTestExecutionListener@1a72a540, org.springframework.boot.test.autoconfigure.web.servlet.MockMvcPrintOnlyOnFailureTestExecutionListener@27d5a580, org.springframework.boot.test.autoconfigure.web.servlet.WebDriverTestExecutionListener@198d6542, org.springframework.boot.test.autoconfigure.webservices.client.MockWebServiceServerTestExecutionListener@5e403b4a]
15:48:18.977 [main] DEBUG org.springframework.test.context.support.AbstractDirtiesContextTestExecutionListener - Before test class: context [DefaultTestContext@3406472c testClass = LoadBalancerAllNamespacesTests, testInstance = [null], testMethod = [null], testException = [null], mergedContextConfiguration = [WebMergedContextConfiguration@5717c37 testClass = LoadBalancerAllNamespacesTests, locations = '{}', classes = '{class org.springframework.cloud.kubernetes.fabric8.loadbalancer.SimpleLoadBalancerApp}', contextInitializerClasses = '[]', activeProfiles = '{}', propertySourceLocations = '{}', propertySourceProperties = '{spring.cloud.kubernetes.discovery.all-namespaces=true, org.springframework.boot.test.context.SpringBootTestContextBootstrapper=true, server.port=0}', contextCustomizers = set[org.springframework.boot.test.context.filter.ExcludeFilterContextCustomizer@1a4013, org.springframework.boot.test.json.DuplicateJsonObjectContextCustomizerFactory$DuplicateJsonObjectContextCustomizer@702b8b12, org.springframework.boot.test.mock.mockito.MockitoContextCustomizer@0, org.springframework.boot.test.web.client.TestRestTemplateContextCustomizer@4de4b452, org.springframework.boot.test.autoconfigure.actuate.metrics.MetricsExportContextCustomizerFactory$DisableMetricExportContextCustomizer@10feca44, org.springframework.boot.test.autoconfigure.properties.PropertyMappingContextCustomizer@0, org.springframework.boot.test.autoconfigure.web.servlet.WebDriverContextCustomizerFactory$Customizer@76c3e77a, org.springframework.boot.test.context.SpringBootTestArgs@1, org.springframework.boot.test.context.SpringBootTestWebEnvironment@1442d7b5], resourceBasePath = 'src/main/webapp', contextLoader = 'org.springframework.boot.test.context.SpringBootContextLoader', parent = [null]], attributes = map['org.springframework.test.context.web.ServletTestExecutionListener.activateListener' -> false]], class annotated with @DirtiesContext [false] with mode [null].
May 17, 2024 3:48:19 PM okhttp3.mockwebserver.MockWebServer$3 execute
INFO: MockWebServer[60137] starting to accept connections
15:48:19.607 [main] DEBUG org.springframework.test.context.support.DependencyInjectionTestExecutionListener - Performing dependency injection for test context [[DefaultTestContext@3406472c testClass = LoadBalancerAllNamespacesTests, testInstance = org.springframework.cloud.kubernetes.fabric8.loadbalancer.LoadBalancerAllNamespacesTests@3d4d3fe7, testMethod = [null], testException = [null], mergedContextConfiguration = [WebMergedContextConfiguration@5717c37 testClass = LoadBalancerAllNamespacesTests, locations = '{}', classes = '{class org.springframework.cloud.kubernetes.fabric8.loadbalancer.SimpleLoadBalancerApp}', contextInitializerClasses = '[]', activeProfiles = '{}', propertySourceLocations = '{}', propertySourceProperties = '{spring.cloud.kubernetes.discovery.all-namespaces=true, org.springframework.boot.test.context.SpringBootTestContextBootstrapper=true, server.port=0}', contextCustomizers = set[org.springframework.boot.test.context.filter.ExcludeFilterContextCustomizer@1a4013, org.springframework.boot.test.json.DuplicateJsonObjectContextCustomizerFactory$DuplicateJsonObjectContextCustomizer@702b8b12, org.springframework.boot.test.mock.mockito.MockitoContextCustomizer@0, org.springframework.boot.test.web.client.TestRestTemplateContextCustomizer@4de4b452, org.springframework.boot.test.autoconfigure.actuate.metrics.MetricsExportContextCustomizerFactory$DisableMetricExportContextCustomizer@10feca44, org.springframework.boot.test.autoconfigure.properties.PropertyMappingContextCustomizer@0, org.springframework.boot.test.autoconfigure.web.servlet.WebDriverContextCustomizerFactory$Customizer@76c3e77a, org.springframework.boot.test.context.SpringBootTestArgs@1, org.springframework.boot.test.context.SpringBootTestWebEnvironment@1442d7b5], resourceBasePath = 'src/main/webapp', contextLoader = 'org.springframework.boot.test.context.SpringBootContextLoader', parent = [null]], attributes = map['org.springframework.test.context.web.ServletTestExecutionListener.activateListener' -> false, 'org.springframework.test.context.event.ApplicationEventsTestExecutionListener.recordApplicationEvents' -> false]]].

  .   ____          _            __ _ _
 /\\ / ___'_ __ _ _(_)_ __  __ _ \ \ \ \
( ( )\___ | '_ | '_| | '_ \/ _` | \ \ \ \
 \\/  ___)| |_)| | | | | || (_| |  ) ) ) )
  '  |____| .__|_| |_|_| |_\__, | / / / /
 =========|_|==============|___/=/_/_/_/
 :: Spring Boot ::                (v2.6.3)

2024-05-17 15:48:19.931  WARN 40158 --- [           main] ubernetesProfileEnvironmentPostProcessor : Not running inside kubernetes. Skipping 'kubernetes' profile activation.
2024-05-17 15:48:19.942  INFO 40158 --- [           main] s.c.k.f.l.LoadBalancerAllNamespacesTests : Starting LoadBalancerAllNamespacesTests using Java 1.8.0_292 on 9168d08beda2 with PID 40158 (started by idflakies in /home/idflakies/spring-cloud/spring-cloud-kubernetes)
2024-05-17 15:48:19.943  INFO 40158 --- [           main] s.c.k.f.l.LoadBalancerAllNamespacesTests : No active profile set, falling back to default profiles: default
2024-05-17 15:48:20.688  INFO 40158 --- [           main] o.s.cloud.context.scope.GenericScope     : BeanFactory id=6ed38a8a-182b-30b2-8978-4377b69da042
2024-05-17 15:48:21.096  INFO 40158 --- [           main] o.s.b.w.embedded.tomcat.TomcatWebServer  : Tomcat initialized with port(s): 0 (http)
2024-05-17 15:48:21.110  INFO 40158 --- [           main] o.apache.catalina.core.StandardService   : Starting service [Tomcat]
2024-05-17 15:48:21.110  INFO 40158 --- [           main] org.apache.catalina.core.StandardEngine  : Starting Servlet engine: [Apache Tomcat/9.0.56]
2024-05-17 15:48:21.277  INFO 40158 --- [           main] o.a.c.c.C.[Tomcat].[localhost].[/]       : Initializing Spring embedded WebApplicationContext
2024-05-17 15:48:21.277  INFO 40158 --- [           main] w.s.c.ServletWebServerApplicationContext : Root WebApplicationContext: initialization completed in 1312 ms
2024-05-17 15:48:22.434  WARN 40158 --- [           main] iguration$LoadBalancerCaffeineWarnLogger : Spring Cloud LoadBalancer is currently working with the default cache. While this cache implementation is useful for development and tests, it's recommended to use Caffeine cache in production.You can switch to using Caffeine cache, by adding it and org.springframework.cache.caffeine.CaffeineCacheManager to the classpath.
2024-05-17 15:48:22.479  INFO 40158 --- [           main] o.s.b.w.embedded.tomcat.TomcatWebServer  : Tomcat started on port(s): 45855 (http) with context path ''
2024-05-17 15:48:22.490  INFO 40158 --- [           main] s.c.k.f.l.LoadBalancerAllNamespacesTests : Started LoadBalancerAllNamespacesTests in 2.856 seconds (JVM running for 4.689)
2024-05-17 15:48:22.681  INFO 40158 --- [WebServer 37427] okhttp3.mockwebserver.MockWebServer      : MockWebServer[37427] starting to accept connections
2024-05-17 15:48:22.831  INFO 40158 --- [127.0.0.1:39032] okhttp3.mockwebserver.MockWebServer      : MockWebServer[60137] received request: POST /api/v1/namespaces/b/endpoints HTTP/1.1 and responded: HTTP/1.1 200 OK
2024-05-17 15:48:22.873  INFO 40158 --- [127.0.0.1:39032] okhttp3.mockwebserver.MockWebServer      : MockWebServer[60137] received request: POST /api/v1/namespaces/b/services HTTP/1.1 and responded: HTTP/1.1 200 OK
2024-05-17 15:48:23.030  INFO 40158 --- [127.0.0.1:39038] okhttp3.mockwebserver.MockWebServer      : MockWebServer[60137] received request: GET /api/v1/endpoints?fieldSelector=metadata.name%3Dservice-b HTTP/1.1 and responded: HTTP/1.1 200 OK
2024-05-17 15:48:23.035  INFO 40158 --- [127.0.0.1:39038] okhttp3.mockwebserver.MockWebServer      : MockWebServer[60137] received request: GET /api/v1/namespaces/b/services/service-b HTTP/1.1 and responded: HTTP/1.1 200 OK
2024-05-17 15:48:23.191  INFO 40158 --- [o-auto-1-exec-1] o.a.c.c.C.[Tomcat].[localhost].[/]       : Initializing Spring DispatcherServlet 'dispatcherServlet'
2024-05-17 15:48:23.191  INFO 40158 --- [o-auto-1-exec-1] o.s.web.servlet.DispatcherServlet        : Initializing Servlet 'dispatcherServlet'
2024-05-17 15:48:23.193  INFO 40158 --- [o-auto-1-exec-1] o.s.web.servlet.DispatcherServlet        : Completed initialization in 2 ms
2024-05-17 15:48:23.281  INFO 40158 --- [WebServer 37427] okhttp3.mockwebserver.MockWebServer      : MockWebServer[37427] done accepting connections: Socket closed
2024-05-17 15:48:23.292  INFO 40158 --- [           main] .b.t.c.SpringBootTestContextBootstrapper : Neither @ContextConfiguration nor @ContextHierarchy found for test class [org.springframework.cloud.kubernetes.fabric8.loadbalancer.LoadBalancerTests], using SpringBootContextLoader
2024-05-17 15:48:23.293  INFO 40158 --- [           main] o.s.t.c.support.AbstractContextLoader    : Could not detect default resource locations for test class [org.springframework.cloud.kubernetes.fabric8.loadbalancer.LoadBalancerTests]: no resource found for suffixes {-context.xml, Context.groovy}.
2024-05-17 15:48:23.294  INFO 40158 --- [           main] t.c.s.AnnotationConfigContextLoaderUtils : Could not detect default configuration classes for test class [org.springframework.cloud.kubernetes.fabric8.loadbalancer.LoadBalancerTests]: LoadBalancerTests does not declare any static, non-private, non-final, nested classes annotated with @Configuration.
2024-05-17 15:48:23.296  INFO 40158 --- [           main] .b.t.c.SpringBootTestContextBootstrapper : Found @SpringBootConfiguration org.springframework.cloud.kubernetes.fabric8.loadbalancer.SimpleLoadBalancerApp for test class org.springframework.cloud.kubernetes.fabric8.loadbalancer.LoadBalancerTests
2024-05-17 15:48:23.298  INFO 40158 --- [           main] .b.t.c.SpringBootTestContextBootstrapper : Loaded default TestExecutionListener class names from location [META-INF/spring.factories]: [org.springframework.boot.test.mock.mockito.MockitoTestExecutionListener, org.springframework.boot.test.mock.mockito.ResetMocksTestExecutionListener, org.springframework.boot.test.autoconfigure.restdocs.RestDocsTestExecutionListener, org.springframework.boot.test.autoconfigure.web.client.MockRestServiceServerResetTestExecutionListener, org.springframework.boot.test.autoconfigure.web.servlet.MockMvcPrintOnlyOnFailureTestExecutionListener, org.springframework.boot.test.autoconfigure.web.servlet.WebDriverTestExecutionListener, org.springframework.boot.test.autoconfigure.webservices.client.MockWebServiceServerTestExecutionListener, org.springframework.test.context.web.ServletTestExecutionListener, org.springframework.test.context.support.DirtiesContextBeforeModesTestExecutionListener, org.springframework.test.context.event.ApplicationEventsTestExecutionListener, org.springframework.test.context.support.DependencyInjectionTestExecutionListener, org.springframework.test.context.support.DirtiesContextTestExecutionListener, org.springframework.test.context.transaction.TransactionalTestExecutionListener, org.springframework.test.context.jdbc.SqlScriptsTestExecutionListener, org.springframework.test.context.event.EventPublishingTestExecutionListener]
2024-05-17 15:48:23.300  INFO 40158 --- [           main] .b.t.c.SpringBootTestContextBootstrapper : Using TestExecutionListeners: [org.springframework.test.context.web.ServletTestExecutionListener@a323a5b, org.springframework.test.context.support.DirtiesContextBeforeModesTestExecutionListener@5546e754, org.springframework.test.context.event.ApplicationEventsTestExecutionListener@ad0bb4e, org.springframework.boot.test.mock.mockito.MockitoTestExecutionListener@7196a8f1, org.springframework.boot.test.autoconfigure.SpringBootDependencyInjectionTestExecutionListener@6a6da47a, org.springframework.test.context.support.DirtiesContextTestExecutionListener@8f39224, org.springframework.test.context.event.EventPublishingTestExecutionListener@7f642bf, org.springframework.boot.test.mock.mockito.ResetMocksTestExecutionListener@43e3a390, org.springframework.boot.test.autoconfigure.restdocs.RestDocsTestExecutionListener@44aa91e2, org.springframework.boot.test.autoconfigure.web.client.MockRestServiceServerResetTestExecutionListener@50dc49e1, org.springframework.boot.test.autoconfigure.web.servlet.MockMvcPrintOnlyOnFailureTestExecutionListener@650a1aff, org.springframework.boot.test.autoconfigure.web.servlet.WebDriverTestExecutionListener@3babcaed, org.springframework.boot.test.autoconfigure.webservices.client.MockWebServiceServerTestExecutionListener@2b9e69fb]
2024-05-17 15:48:23.302  INFO 40158 --- [WebServer 39051] okhttp3.mockwebserver.MockWebServer      : MockWebServer[39051] starting to accept connections

  .   ____          _            __ _ _
 /\\ / ___'_ __ _ _(_)_ __  __ _ \ \ \ \
( ( )\___ | '_ | '_| | '_ \/ _` | \ \ \ \
 \\/  ___)| |_)| | | | | || (_| |  ) ) ) )
  '  |____| .__|_| |_|_| |_\__, | / / / /
 =========|_|==============|___/=/_/_/_/
 :: Spring Boot ::                (v2.6.3)

2024-05-17 15:48:23.346  WARN 40158 --- [           main] ubernetesProfileEnvironmentPostProcessor : Not running inside kubernetes. Skipping 'kubernetes' profile activation.
2024-05-17 15:48:23.350  INFO 40158 --- [           main] o.s.c.k.f.l.LoadBalancerTests            : Starting LoadBalancerTests using Java 1.8.0_292 on 9168d08beda2 with PID 40158 (started by idflakies in /home/idflakies/spring-cloud/spring-cloud-kubernetes)
2024-05-17 15:48:23.350  INFO 40158 --- [           main] o.s.c.k.f.l.LoadBalancerTests            : No active profile set, falling back to default profiles: default
2024-05-17 15:48:23.604  INFO 40158 --- [           main] o.s.cloud.context.scope.GenericScope     : BeanFactory id=6ed38a8a-182b-30b2-8978-4377b69da042
2024-05-17 15:48:23.734  INFO 40158 --- [           main] o.s.b.w.embedded.tomcat.TomcatWebServer  : Tomcat initialized with port(s): 0 (http)
2024-05-17 15:48:23.734  INFO 40158 --- [           main] o.apache.catalina.core.StandardService   : Starting service [Tomcat]
2024-05-17 15:48:23.735  INFO 40158 --- [           main] org.apache.catalina.core.StandardEngine  : Starting Servlet engine: [Apache Tomcat/9.0.56]
2024-05-17 15:48:23.748  INFO 40158 --- [           main] o.a.c.c.C.[Tomcat-1].[localhost].[/]     : Initializing Spring embedded WebApplicationContext
2024-05-17 15:48:23.749  INFO 40158 --- [           main] w.s.c.ServletWebServerApplicationContext : Root WebApplicationContext: initialization completed in 396 ms
2024-05-17 15:48:24.289  WARN 40158 --- [           main] iguration$LoadBalancerCaffeineWarnLogger : Spring Cloud LoadBalancer is currently working with the default cache. While this cache implementation is useful for development and tests, it's recommended to use Caffeine cache in production.You can switch to using Caffeine cache, by adding it and org.springframework.cache.caffeine.CaffeineCacheManager to the classpath.
2024-05-17 15:48:24.306  INFO 40158 --- [           main] o.s.b.w.embedded.tomcat.TomcatWebServer  : Tomcat started on port(s): 33621 (http) with context path ''
2024-05-17 15:48:24.310  INFO 40158 --- [           main] o.s.c.k.f.l.LoadBalancerTests            : Started LoadBalancerTests in 1.005 seconds (JVM running for 6.508)
2024-05-17 15:48:24.316  INFO 40158 --- [WebServer 56363] okhttp3.mockwebserver.MockWebServer      : MockWebServer[56363] starting to accept connections
2024-05-17 15:48:24.321  INFO 40158 --- [127.0.0.1:46110] okhttp3.mockwebserver.MockWebServer      : MockWebServer[39051] received request: POST /api/v1/namespaces/b/services HTTP/1.1 and responded: HTTP/1.1 200 OK
2024-05-17 15:48:24.325  INFO 40158 --- [127.0.0.1:46110] okhttp3.mockwebserver.MockWebServer      : MockWebServer[39051] received request: POST /api/v1/namespaces/b/endpoints HTTP/1.1 and responded: HTTP/1.1 200 OK
2024-05-17 15:48:24.385  INFO 40158 --- [127.0.0.1:46112] okhttp3.mockwebserver.MockWebServer      : MockWebServer[39051] received request: GET /api/v1/namespaces/test/endpoints?fieldSelector=metadata.name%3Dservice-b HTTP/1.1 and responded: HTTP/1.1 200 OK
2024-05-17 15:48:24.386  WARN 40158 --- [           main] o.s.c.l.core.RoundRobinLoadBalancer      : No servers available for service: service-b
2024-05-17 15:48:24.390  INFO 40158 --- [WebServer 56363] okhttp3.mockwebserver.MockWebServer      : MockWebServer[56363] done accepting connections: Socket closed
2024-05-17 15:48:24.394  INFO 40158 --- [           main] .b.t.c.SpringBootTestContextBootstrapper : Neither @ContextConfiguration nor @ContextHierarchy found for test class [org.springframework.cloud.kubernetes.fabric8.loadbalancer.LoadBalancerTests], using SpringBootContextLoader
2024-05-17 15:48:24.395  INFO 40158 --- [           main] o.s.t.c.support.AbstractContextLoader    : Could not detect default resource locations for test class [org.springframework.cloud.kubernetes.fabric8.loadbalancer.LoadBalancerTests]: no resource found for suffixes {-context.xml, Context.groovy}.
2024-05-17 15:48:24.395  INFO 40158 --- [           main] t.c.s.AnnotationConfigContextLoaderUtils : Could not detect default configuration classes for test class [org.springframework.cloud.kubernetes.fabric8.loadbalancer.LoadBalancerTests]: LoadBalancerTests does not declare any static, non-private, non-final, nested classes annotated with @Configuration.
2024-05-17 15:48:24.397  INFO 40158 --- [           main] .b.t.c.SpringBootTestContextBootstrapper : Found @SpringBootConfiguration org.springframework.cloud.kubernetes.fabric8.loadbalancer.SimpleLoadBalancerApp for test class org.springframework.cloud.kubernetes.fabric8.loadbalancer.LoadBalancerTests
2024-05-17 15:48:24.398  INFO 40158 --- [           main] .b.t.c.SpringBootTestContextBootstrapper : Loaded default TestExecutionListener class names from location [META-INF/spring.factories]: [org.springframework.boot.test.mock.mockito.MockitoTestExecutionListener, org.springframework.boot.test.mock.mockito.ResetMocksTestExecutionListener, org.springframework.boot.test.autoconfigure.restdocs.RestDocsTestExecutionListener, org.springframework.boot.test.autoconfigure.web.client.MockRestServiceServerResetTestExecutionListener, org.springframework.boot.test.autoconfigure.web.servlet.MockMvcPrintOnlyOnFailureTestExecutionListener, org.springframework.boot.test.autoconfigure.web.servlet.WebDriverTestExecutionListener, org.springframework.boot.test.autoconfigure.webservices.client.MockWebServiceServerTestExecutionListener, org.springframework.test.context.web.ServletTestExecutionListener, org.springframework.test.context.support.DirtiesContextBeforeModesTestExecutionListener, org.springframework.test.context.event.ApplicationEventsTestExecutionListener, org.springframework.test.context.support.DependencyInjectionTestExecutionListener, org.springframework.test.context.support.DirtiesContextTestExecutionListener, org.springframework.test.context.transaction.TransactionalTestExecutionListener, org.springframework.test.context.jdbc.SqlScriptsTestExecutionListener, org.springframework.test.context.event.EventPublishingTestExecutionListener]
2024-05-17 15:48:24.400  INFO 40158 --- [           main] .b.t.c.SpringBootTestContextBootstrapper : Using TestExecutionListeners: [org.springframework.test.context.web.ServletTestExecutionListener@754de353, org.springframework.test.context.support.DirtiesContextBeforeModesTestExecutionListener@ee2ae9a, org.springframework.test.context.event.ApplicationEventsTestExecutionListener@58b97c15, org.springframework.boot.test.mock.mockito.MockitoTestExecutionListener@26994c6a, org.springframework.boot.test.autoconfigure.SpringBootDependencyInjectionTestExecutionListener@3cd46491, org.springframework.test.context.support.DirtiesContextTestExecutionListener@27d98bef, org.springframework.test.context.event.EventPublishingTestExecutionListener@349312d5, org.springframework.boot.test.mock.mockito.ResetMocksTestExecutionListener@5885e231, org.springframework.boot.test.autoconfigure.restdocs.RestDocsTestExecutionListener@47eaf55c, org.springframework.boot.test.autoconfigure.web.client.MockRestServiceServerResetTestExecutionListener@2c0798bd, org.springframework.boot.test.autoconfigure.web.servlet.MockMvcPrintOnlyOnFailureTestExecutionListener@2e3252, org.springframework.boot.test.autoconfigure.web.servlet.WebDriverTestExecutionListener@77cddc0c, org.springframework.boot.test.autoconfigure.webservices.client.MockWebServiceServerTestExecutionListener@671d97bc]
2024-05-17 15:48:24.410  INFO 40158 --- [WebServer 46283] okhttp3.mockwebserver.MockWebServer      : MockWebServer[46283] starting to accept connections
2024-05-17 15:48:24.412  INFO 40158 --- [WebServer 36993] okhttp3.mockwebserver.MockWebServer      : MockWebServer[36993] starting to accept connections
2024-05-17 15:48:24.417  INFO 40158 --- [127.0.0.1:34894] okhttp3.mockwebserver.MockWebServer      : MockWebServer[46283] received request: POST /api/v1/namespaces/test/services HTTP/1.1 and responded: HTTP/1.1 200 OK
2024-05-17 15:48:24.422  INFO 40158 --- [127.0.0.1:34894] okhttp3.mockwebserver.MockWebServer      : MockWebServer[46283] received request: POST /api/v1/namespaces/test/endpoints HTTP/1.1 and responded: HTTP/1.1 200 OK
2024-05-17 15:48:24.482  INFO 40158 --- [127.0.0.1:46112] okhttp3.mockwebserver.MockWebServer      : MockWebServer[39051] received request: GET /api/v1/namespaces/test/endpoints?fieldSelector=metadata.name%3Dservice-a HTTP/1.1 and responded: HTTP/1.1 200 OK
2024-05-17 15:48:24.483  WARN 40158 --- [           main] o.s.c.l.core.RoundRobinLoadBalancer      : No servers available for service: service-a
java.lang.IllegalStateException: No instances available for service-a
	at org.springframework.cloud.loadbalancer.blocking.client.BlockingLoadBalancerClient.execute(BlockingLoadBalancerClient.java:84)
	at org.springframework.cloud.client.loadbalancer.LoadBalancerInterceptor.intercept(LoadBalancerInterceptor.java:56)
	at org.springframework.http.client.InterceptingClientHttpRequest$InterceptingRequestExecution.execute(InterceptingClientHttpRequest.java:93)
	at org.springframework.http.client.InterceptingClientHttpRequest.executeInternal(InterceptingClientHttpRequest.java:77)
	at org.springframework.http.client.AbstractBufferingClientHttpRequest.executeInternal(AbstractBufferingClientHttpRequest.java:48)
	at org.springframework.http.client.AbstractClientHttpRequest.execute(AbstractClientHttpRequest.java:66)
	at org.springframework.web.client.RestTemplate.doExecute(RestTemplate.java:776)
	at org.springframework.web.client.RestTemplate.execute(RestTemplate.java:711)
	at org.springframework.web.client.RestTemplate.getForObject(RestTemplate.java:334)
	at org.springframework.cloud.kubernetes.fabric8.loadbalancer.LoadBalancerTests.testLoadBalancerSameNamespace(LoadBalancerTests.java:60)
	at sun.reflect.NativeMethodAccessorImpl.invoke0(Native Method)
	at sun.reflect.NativeMethodAccessorImpl.invoke(NativeMethodAccessorImpl.java:62)
	at sun.reflect.DelegatingMethodAccessorImpl.invoke(DelegatingMethodAccessorImpl.java:43)
	at java.lang.reflect.Method.invoke(Method.java:498)
	at org.junit.platform.commons.util.ReflectionUtils.invokeMethod(ReflectionUtils.java:725)
	at org.junit.jupiter.engine.execution.MethodInvocation.proceed(MethodInvocation.java:60)
	at org.junit.jupiter.engine.execution.InvocationInterceptorChain$ValidatingInvocation.proceed(InvocationInterceptorChain.java:131)
	at org.junit.jupiter.engine.extension.TimeoutExtension.intercept(TimeoutExtension.java:149)
	at org.junit.jupiter.engine.extension.TimeoutExtension.interceptTestableMethod(TimeoutExtension.java:140)
	at org.junit.jupiter.engine.extension.TimeoutExtension.interceptTestMethod(TimeoutExtension.java:84)
	at org.junit.jupiter.engine.execution.ExecutableInvoker$ReflectiveInterceptorCall.lambda$ofVoidMethod$0(ExecutableInvoker.java:115)
	at org.junit.jupiter.engine.execution.ExecutableInvoker.lambda$invoke$0(ExecutableInvoker.java:105)
	at org.junit.jupiter.engine.execution.InvocationInterceptorChain$InterceptedInvocation.proceed(InvocationInterceptorChain.java:106)
	at org.junit.jupiter.engine.execution.InvocationInterceptorChain.proceed(InvocationInterceptorChain.java:64)
	at org.junit.jupiter.engine.execution.InvocationInterceptorChain.chainAndInvoke(InvocationInterceptorChain.java:45)
	at org.junit.jupiter.engine.execution.InvocationInterceptorChain.invoke(InvocationInterceptorChain.java:37)
	at org.junit.jupiter.engine.execution.ExecutableInvoker.invoke(ExecutableInvoker.java:104)
	at org.junit.jupiter.engine.execution.ExecutableInvoker.invoke(ExecutableInvoker.java:98)
	at org.junit.jupiter.engine.descriptor.TestMethodTestDescriptor.lambda$invokeTestMethod$7(TestMethodTestDescriptor.java:214)
	at org.junit.platform.engine.support.hierarchical.ThrowableCollector.execute(ThrowableCollector.java:73)
	at org.junit.jupiter.engine.descriptor.TestMethodTestDescriptor.invokeTestMethod(TestMethodTestDescriptor.java:210)
	at org.junit.jupiter.engine.descriptor.TestMethodTestDescriptor.execute(TestMethodTestDescriptor.java:135)
	at org.junit.jupiter.engine.descriptor.TestMethodTestDescriptor.execute(TestMethodTestDescriptor.java:66)
	at org.junit.platform.engine.support.hierarchical.NodeTestTask.lambda$executeRecursively$6(NodeTestTask.java:151)
	at org.junit.platform.engine.support.hierarchical.ThrowableCollector.execute(ThrowableCollector.java:73)
	at org.junit.platform.engine.support.hierarchical.NodeTestTask.lambda$executeRecursively$8(NodeTestTask.java:141)
	at org.junit.platform.engine.support.hierarchical.Node.around(Node.java:137)
	at org.junit.platform.engine.support.hierarchical.NodeTestTask.lambda$executeRecursively$9(NodeTestTask.java:139)
	at org.junit.platform.engine.support.hierarchical.ThrowableCollector.execute(ThrowableCollector.java:73)
	at org.junit.platform.engine.support.hierarchical.NodeTestTask.executeRecursively(NodeTestTask.java:138)
	at org.junit.platform.engine.support.hierarchical.NodeTestTask.execute(NodeTestTask.java:95)
	at java.util.ArrayList.forEach(ArrayList.java:1259)
	at org.junit.platform.engine.support.hierarchical.SameThreadHierarchicalTestExecutorService.invokeAll(SameThreadHierarchicalTestExecutorService.java:41)
	at org.junit.platform.engine.support.hierarchical.NodeTestTask.lambda$executeRecursively$6(NodeTestTask.java:155)
	at org.junit.platform.engine.support.hierarchical.ThrowableCollector.execute(ThrowableCollector.java:73)
	at org.junit.platform.engine.support.hierarchical.NodeTestTask.lambda$executeRecursively$8(NodeTestTask.java:141)
	at org.junit.platform.engine.support.hierarchical.Node.around(Node.java:137)
	at org.junit.platform.engine.support.hierarchical.NodeTestTask.lambda$executeRecursively$9(NodeTestTask.java:139)
	at org.junit.platform.engine.support.hierarchical.ThrowableCollector.execute(ThrowableCollector.java:73)
	at org.junit.platform.engine.support.hierarchical.NodeTestTask.executeRecursively(NodeTestTask.java:138)
	at org.junit.platform.engine.support.hierarchical.NodeTestTask.execute(NodeTestTask.java:95)
	at java.util.ArrayList.forEach(ArrayList.java:1259)
	at org.junit.platform.engine.support.hierarchical.SameThreadHierarchicalTestExecutorService.invokeAll(SameThreadHierarchicalTestExecutorService.java:41)
	at org.junit.platform.engine.support.hierarchical.NodeTestTask.lambda$executeRecursively$6(NodeTestTask.java:155)
	at org.junit.platform.engine.support.hierarchical.ThrowableCollector.execute(ThrowableCollector.java:73)
	at org.junit.platform.engine.support.hierarchical.NodeTestTask.lambda$executeRecursively$8(NodeTestTask.java:141)
	at org.junit.platform.engine.support.hierarchical.Node.around(Node.java:137)
	at org.junit.platform.engine.support.hierarchical.NodeTestTask.lambda$executeRecursively$9(NodeTestTask.java:139)
	at org.junit.platform.engine.support.hierarchical.ThrowableCollector.execute(ThrowableCollector.java:73)
	at org.junit.platform.engine.support.hierarchical.NodeTestTask.executeRecursively(NodeTestTask.java:138)
	at org.junit.platform.engine.support.hierarchical.NodeTestTask.execute(NodeTestTask.java:95)
	at org.junit.platform.engine.support.hierarchical.SameThreadHierarchicalTestExecutorService.submit(SameThreadHierarchicalTestExecutorService.java:35)
	at org.junit.platform.engine.support.hierarchical.HierarchicalTestExecutor.execute(HierarchicalTestExecutor.java:57)
	at org.junit.platform.engine.support.hierarchical.HierarchicalTestEngine.execute(HierarchicalTestEngine.java:54)
	at org.junit.platform.launcher.core.DefaultLauncher.execute(DefaultLauncher.java:170)
	at org.junit.platform.launcher.core.DefaultLauncher.execute(DefaultLauncher.java:154)
	at org.junit.platform.launcher.core.DefaultLauncher.execute(DefaultLauncher.java:90)
	at edu.illinois.cs.testrunner.execution.JUnit5TestExecutor.runTestsSeparately(JUnit5TestExecutor.java:40)
	at edu.illinois.cs.testrunner.execution.Executor$.$anonfun$run$1(Executor.scala:33)
	at scala.runtime.java8.JFunction0$mcV$sp.apply(JFunction0$mcV$sp.java:12)
	at scala.util.Try$.apply(Try.scala:209)
	at edu.illinois.cs.testrunner.execution.Executor$.run(Executor.scala:28)
	at edu.illinois.cs.testrunner.execution.Executor$.main(Executor.scala:18)
	at edu.illinois.cs.testrunner.execution.Executor.main(Executor.scala)
2024-05-17 15:48:24.491  INFO 40158 --- [WebServer 36993] okhttp3.mockwebserver.MockWebServer      : MockWebServer[36993] done accepting connections: Socket closed
2024-05-17 15:48:24.501  INFO 40158 --- [           main] .b.t.c.SpringBootTestContextBootstrapper : Neither @ContextConfiguration nor @ContextHierarchy found for test class [org.springframework.cloud.kubernetes.fabric8.loadbalancer.LoadBalancerWithServiceTests], using SpringBootContextLoader
2024-05-17 15:48:24.502  INFO 40158 --- [           main] o.s.t.c.support.AbstractContextLoader    : Could not detect default resource locations for test class [org.springframework.cloud.kubernetes.fabric8.loadbalancer.LoadBalancerWithServiceTests]: no resource found for suffixes {-context.xml, Context.groovy}.
2024-05-17 15:48:24.502  INFO 40158 --- [           main] t.c.s.AnnotationConfigContextLoaderUtils : Could not detect default configuration classes for test class [org.springframework.cloud.kubernetes.fabric8.loadbalancer.LoadBalancerWithServiceTests]: LoadBalancerWithServiceTests does not declare any static, non-private, non-final, nested classes annotated with @Configuration.
2024-05-17 15:48:24.507  INFO 40158 --- [           main] .b.t.c.SpringBootTestContextBootstrapper : Found @SpringBootConfiguration org.springframework.cloud.kubernetes.fabric8.loadbalancer.SimpleLoadBalancerApp for test class org.springframework.cloud.kubernetes.fabric8.loadbalancer.LoadBalancerWithServiceTests
2024-05-17 15:48:24.508  INFO 40158 --- [           main] .b.t.c.SpringBootTestContextBootstrapper : Loaded default TestExecutionListener class names from location [META-INF/spring.factories]: [org.springframework.boot.test.mock.mockito.MockitoTestExecutionListener, org.springframework.boot.test.mock.mockito.ResetMocksTestExecutionListener, org.springframework.boot.test.autoconfigure.restdocs.RestDocsTestExecutionListener, org.springframework.boot.test.autoconfigure.web.client.MockRestServiceServerResetTestExecutionListener, org.springframework.boot.test.autoconfigure.web.servlet.MockMvcPrintOnlyOnFailureTestExecutionListener, org.springframework.boot.test.autoconfigure.web.servlet.WebDriverTestExecutionListener, org.springframework.boot.test.autoconfigure.webservices.client.MockWebServiceServerTestExecutionListener, org.springframework.test.context.web.ServletTestExecutionListener, org.springframework.test.context.support.DirtiesContextBeforeModesTestExecutionListener, org.springframework.test.context.event.ApplicationEventsTestExecutionListener, org.springframework.test.context.support.DependencyInjectionTestExecutionListener, org.springframework.test.context.support.DirtiesContextTestExecutionListener, org.springframework.test.context.transaction.TransactionalTestExecutionListener, org.springframework.test.context.jdbc.SqlScriptsTestExecutionListener, org.springframework.test.context.event.EventPublishingTestExecutionListener]
2024-05-17 15:48:24.510  INFO 40158 --- [           main] .b.t.c.SpringBootTestContextBootstrapper : Using TestExecutionListeners: [org.springframework.test.context.web.ServletTestExecutionListener@2e29f28e, org.springframework.test.context.support.DirtiesContextBeforeModesTestExecutionListener@7bfa1eb5, org.springframework.test.context.event.ApplicationEventsTestExecutionListener@32b46831, org.springframework.boot.test.mock.mockito.MockitoTestExecutionListener@5353dd09, org.springframework.boot.test.autoconfigure.SpringBootDependencyInjectionTestExecutionListener@320ff86f, org.springframework.test.context.support.DirtiesContextTestExecutionListener@192b472d, org.springframework.test.context.event.EventPublishingTestExecutionListener@84f51d9, org.springframework.boot.test.mock.mockito.ResetMocksTestExecutionListener@45b96e4c, org.springframework.boot.test.autoconfigure.restdocs.RestDocsTestExecutionListener@8383a14, org.springframework.boot.test.autoconfigure.web.client.MockRestServiceServerResetTestExecutionListener@4b691611, org.springframework.boot.test.autoconfigure.web.servlet.MockMvcPrintOnlyOnFailureTestExecutionListener@395a573c, org.springframework.boot.test.autoconfigure.web.servlet.WebDriverTestExecutionListener@379f9555, org.springframework.boot.test.autoconfigure.webservices.client.MockWebServiceServerTestExecutionListener@7e3ee128]
2024-05-17 15:48:24.512  INFO 40158 --- [WebServer 60135] okhttp3.mockwebserver.MockWebServer      : MockWebServer[60135] starting to accept connections

  .   ____          _            __ _ _
 /\\ / ___'_ __ _ _(_)_ __  __ _ \ \ \ \
( ( )\___ | '_ | '_| | '_ \/ _` | \ \ \ \
 \\/  ___)| |_)| | | | | || (_| |  ) ) ) )
  '  |____| .__|_| |_|_| |_\__, | / / / /
 =========|_|==============|___/=/_/_/_/
 :: Spring Boot ::                (v2.6.3)

2024-05-17 15:48:24.546  WARN 40158 --- [           main] ubernetesProfileEnvironmentPostProcessor : Not running inside kubernetes. Skipping 'kubernetes' profile activation.
2024-05-17 15:48:24.549  INFO 40158 --- [           main] o.s.c.k.f.l.LoadBalancerWithServiceTests : Starting LoadBalancerWithServiceTests using Java 1.8.0_292 on 9168d08beda2 with PID 40158 (started by idflakies in /home/idflakies/spring-cloud/spring-cloud-kubernetes)
2024-05-17 15:48:24.550  INFO 40158 --- [           main] o.s.c.k.f.l.LoadBalancerWithServiceTests : No active profile set, falling back to default profiles: default
2024-05-17 15:48:24.711  INFO 40158 --- [           main] o.s.cloud.context.scope.GenericScope     : BeanFactory id=6ed38a8a-182b-30b2-8978-4377b69da042
2024-05-17 15:48:25.152  INFO 40158 --- [           main] o.s.b.w.embedded.tomcat.TomcatWebServer  : Tomcat initialized with port(s): 0 (http)
2024-05-17 15:48:25.153  INFO 40158 --- [           main] o.apache.catalina.core.StandardService   : Starting service [Tomcat]
2024-05-17 15:48:25.153  INFO 40158 --- [           main] org.apache.catalina.core.StandardEngine  : Starting Servlet engine: [Apache Tomcat/9.0.56]
2024-05-17 15:48:25.162  INFO 40158 --- [           main] o.a.c.c.C.[Tomcat-2].[localhost].[/]     : Initializing Spring embedded WebApplicationContext
2024-05-17 15:48:25.163  INFO 40158 --- [           main] w.s.c.ServletWebServerApplicationContext : Root WebApplicationContext: initialization completed in 610 ms
2024-05-17 15:48:25.652  WARN 40158 --- [           main] iguration$LoadBalancerCaffeineWarnLogger : Spring Cloud LoadBalancer is currently working with the default cache. While this cache implementation is useful for development and tests, it's recommended to use Caffeine cache in production.You can switch to using Caffeine cache, by adding it and org.springframework.cache.caffeine.CaffeineCacheManager to the classpath.
2024-05-17 15:48:25.667  INFO 40158 --- [           main] o.s.b.w.embedded.tomcat.TomcatWebServer  : Tomcat started on port(s): 45593 (http) with context path ''
2024-05-17 15:48:25.670  INFO 40158 --- [           main] o.s.c.k.f.l.LoadBalancerWithServiceTests : Started LoadBalancerWithServiceTests in 1.154 seconds (JVM running for 7.869)
2024-05-17 15:48:25.677  INFO 40158 --- [WebServer 42905] okhttp3.mockwebserver.MockWebServer      : MockWebServer[42905] starting to accept connections
2024-05-17 15:48:25.697  INFO 40158 --- [127.0.0.1:55142] okhttp3.mockwebserver.MockWebServer      : MockWebServer[60135] received request: POST /api/v1/namespaces/b/services HTTP/1.1 and responded: HTTP/1.1 200 OK
2024-05-17 15:48:25.715  INFO 40158 --- [127.0.0.1:55158] okhttp3.mockwebserver.MockWebServer      : MockWebServer[60135] received request: GET /api/v1/namespaces/test/services/service-b HTTP/1.1 and responded: HTTP/1.1 404 Client Error
2024-05-17 15:48:25.720  WARN 40158 --- [           main] o.s.c.l.core.RoundRobinLoadBalancer      : No servers available for service: service-b
2024-05-17 15:48:25.723  INFO 40158 --- [WebServer 42905] okhttp3.mockwebserver.MockWebServer      : MockWebServer[42905] done accepting connections: Socket closed
2024-05-17 15:48:25.726  INFO 40158 --- [           main] .b.t.c.SpringBootTestContextBootstrapper : Neither @ContextConfiguration nor @ContextHierarchy found for test class [org.springframework.cloud.kubernetes.fabric8.loadbalancer.LoadBalancerWithServiceTests], using SpringBootContextLoader
2024-05-17 15:48:25.727  INFO 40158 --- [           main] o.s.t.c.support.AbstractContextLoader    : Could not detect default resource locations for test class [org.springframework.cloud.kubernetes.fabric8.loadbalancer.LoadBalancerWithServiceTests]: no resource found for suffixes {-context.xml, Context.groovy}.
2024-05-17 15:48:25.727  INFO 40158 --- [           main] t.c.s.AnnotationConfigContextLoaderUtils : Could not detect default configuration classes for test class [org.springframework.cloud.kubernetes.fabric8.loadbalancer.LoadBalancerWithServiceTests]: LoadBalancerWithServiceTests does not declare any static, non-private, non-final, nested classes annotated with @Configuration.
2024-05-17 15:48:25.729  INFO 40158 --- [           main] .b.t.c.SpringBootTestContextBootstrapper : Found @SpringBootConfiguration org.springframework.cloud.kubernetes.fabric8.loadbalancer.SimpleLoadBalancerApp for test class org.springframework.cloud.kubernetes.fabric8.loadbalancer.LoadBalancerWithServiceTests
2024-05-17 15:48:25.730  INFO 40158 --- [           main] .b.t.c.SpringBootTestContextBootstrapper : Loaded default TestExecutionListener class names from location [META-INF/spring.factories]: [org.springframework.boot.test.mock.mockito.MockitoTestExecutionListener, org.springframework.boot.test.mock.mockito.ResetMocksTestExecutionListener, org.springframework.boot.test.autoconfigure.restdocs.RestDocsTestExecutionListener, org.springframework.boot.test.autoconfigure.web.client.MockRestServiceServerResetTestExecutionListener, org.springframework.boot.test.autoconfigure.web.servlet.MockMvcPrintOnlyOnFailureTestExecutionListener, org.springframework.boot.test.autoconfigure.web.servlet.WebDriverTestExecutionListener, org.springframework.boot.test.autoconfigure.webservices.client.MockWebServiceServerTestExecutionListener, org.springframework.test.context.web.ServletTestExecutionListener, org.springframework.test.context.support.DirtiesContextBeforeModesTestExecutionListener, org.springframework.test.context.event.ApplicationEventsTestExecutionListener, org.springframework.test.context.support.DependencyInjectionTestExecutionListener, org.springframework.test.context.support.DirtiesContextTestExecutionListener, org.springframework.test.context.transaction.TransactionalTestExecutionListener, org.springframework.test.context.jdbc.SqlScriptsTestExecutionListener, org.springframework.test.context.event.EventPublishingTestExecutionListener]
2024-05-17 15:48:25.731  INFO 40158 --- [           main] .b.t.c.SpringBootTestContextBootstrapper : Using TestExecutionListeners: [org.springframework.test.context.web.ServletTestExecutionListener@35ceec81, org.springframework.test.context.support.DirtiesContextBeforeModesTestExecutionListener@d13379e, org.springframework.test.context.event.ApplicationEventsTestExecutionListener@7c8df667, org.springframework.boot.test.mock.mockito.MockitoTestExecutionListener@498e41a4, org.springframework.boot.test.autoconfigure.SpringBootDependencyInjectionTestExecutionListener@be616f0, org.springframework.test.context.support.DirtiesContextTestExecutionListener@1f5d7fd5, org.springframework.test.context.event.EventPublishingTestExecutionListener@cf08c97, org.springframework.boot.test.mock.mockito.ResetMocksTestExecutionListener@37c87fcc, org.springframework.boot.test.autoconfigure.restdocs.RestDocsTestExecutionListener@ca2be53, org.springframework.boot.test.autoconfigure.web.client.MockRestServiceServerResetTestExecutionListener@78f5cbc5, org.springframework.boot.test.autoconfigure.web.servlet.MockMvcPrintOnlyOnFailureTestExecutionListener@70697478, org.springframework.boot.test.autoconfigure.web.servlet.WebDriverTestExecutionListener@42b43a6, org.springframework.boot.test.autoconfigure.webservices.client.MockWebServiceServerTestExecutionListener@1d622556]
2024-05-17 15:48:25.733  INFO 40158 --- [WebServer 40241] okhttp3.mockwebserver.MockWebServer      : MockWebServer[40241] starting to accept connections
2024-05-17 15:48:25.737  INFO 40158 --- [WebServer 59827] okhttp3.mockwebserver.MockWebServer      : MockWebServer[59827] starting to accept connections
2024-05-17 15:48:25.742  INFO 40158 --- [127.0.0.1:43244] okhttp3.mockwebserver.MockWebServer      : MockWebServer[40241] received request: POST /api/v1/namespaces/test/services HTTP/1.1 and responded: HTTP/1.1 200 OK
2024-05-17 15:48:25.754  INFO 40158 --- [127.0.0.1:55158] okhttp3.mockwebserver.MockWebServer      : MockWebServer[60135] received request: GET /api/v1/namespaces/test/services/service-a HTTP/1.1 and responded: HTTP/1.1 404 Client Error
2024-05-17 15:48:25.755  WARN 40158 --- [           main] o.s.c.l.core.RoundRobinLoadBalancer      : No servers available for service: service-a
java.lang.IllegalStateException: No instances available for service-a
	at org.springframework.cloud.loadbalancer.blocking.client.BlockingLoadBalancerClient.execute(BlockingLoadBalancerClient.java:84)
	at org.springframework.cloud.client.loadbalancer.LoadBalancerInterceptor.intercept(LoadBalancerInterceptor.java:56)
	at org.springframework.http.client.InterceptingClientHttpRequest$InterceptingRequestExecution.execute(InterceptingClientHttpRequest.java:93)
	at org.springframework.http.client.InterceptingClientHttpRequest.executeInternal(InterceptingClientHttpRequest.java:77)
	at org.springframework.http.client.AbstractBufferingClientHttpRequest.executeInternal(AbstractBufferingClientHttpRequest.java:48)
	at org.springframework.http.client.AbstractClientHttpRequest.execute(AbstractClientHttpRequest.java:66)
	at org.springframework.web.client.RestTemplate.doExecute(RestTemplate.java:776)
	at org.springframework.web.client.RestTemplate.execute(RestTemplate.java:711)
	at org.springframework.web.client.RestTemplate.getForObject(RestTemplate.java:334)
	at org.springframework.cloud.kubernetes.fabric8.loadbalancer.LoadBalancerWithServiceTests.testLoadBalancerSameNamespace(LoadBalancerWithServiceTests.java:85)
	at sun.reflect.NativeMethodAccessorImpl.invoke0(Native Method)
	at sun.reflect.NativeMethodAccessorImpl.invoke(NativeMethodAccessorImpl.java:62)
	at sun.reflect.DelegatingMethodAccessorImpl.invoke(DelegatingMethodAccessorImpl.java:43)
	at java.lang.reflect.Method.invoke(Method.java:498)
	at org.junit.platform.commons.util.ReflectionUtils.invokeMethod(ReflectionUtils.java:725)
	at org.junit.jupiter.engine.execution.MethodInvocation.proceed(MethodInvocation.java:60)
	at org.junit.jupiter.engine.execution.InvocationInterceptorChain$ValidatingInvocation.proceed(InvocationInterceptorChain.java:131)
	at org.junit.jupiter.engine.extension.TimeoutExtension.intercept(TimeoutExtension.java:149)
	at org.junit.jupiter.engine.extension.TimeoutExtension.interceptTestableMethod(TimeoutExtension.java:140)
	at org.junit.jupiter.engine.extension.TimeoutExtension.interceptTestMethod(TimeoutExtension.java:84)
	at org.junit.jupiter.engine.execution.ExecutableInvoker$ReflectiveInterceptorCall.lambda$ofVoidMethod$0(ExecutableInvoker.java:115)
	at org.junit.jupiter.engine.execution.ExecutableInvoker.lambda$invoke$0(ExecutableInvoker.java:105)
	at org.junit.jupiter.engine.execution.InvocationInterceptorChain$InterceptedInvocation.proceed(InvocationInterceptorChain.java:106)
	at org.junit.jupiter.engine.execution.InvocationInterceptorChain.proceed(InvocationInterceptorChain.java:64)
	at org.junit.jupiter.engine.execution.InvocationInterceptorChain.chainAndInvoke(InvocationInterceptorChain.java:45)
	at org.junit.jupiter.engine.execution.InvocationInterceptorChain.invoke(InvocationInterceptorChain.java:37)
	at org.junit.jupiter.engine.execution.ExecutableInvoker.invoke(ExecutableInvoker.java:104)
	at org.junit.jupiter.engine.execution.ExecutableInvoker.invoke(ExecutableInvoker.java:98)
	at org.junit.jupiter.engine.descriptor.TestMethodTestDescriptor.lambda$invokeTestMethod$7(TestMethodTestDescriptor.java:214)
	at org.junit.platform.engine.support.hierarchical.ThrowableCollector.execute(ThrowableCollector.java:73)
	at org.junit.jupiter.engine.descriptor.TestMethodTestDescriptor.invokeTestMethod(TestMethodTestDescriptor.java:210)
	at org.junit.jupiter.engine.descriptor.TestMethodTestDescriptor.execute(TestMethodTestDescriptor.java:135)
	at org.junit.jupiter.engine.descriptor.TestMethodTestDescriptor.execute(TestMethodTestDescriptor.java:66)
	at org.junit.platform.engine.support.hierarchical.NodeTestTask.lambda$executeRecursively$6(NodeTestTask.java:151)
	at org.junit.platform.engine.support.hierarchical.ThrowableCollector.execute(ThrowableCollector.java:73)
	at org.junit.platform.engine.support.hierarchical.NodeTestTask.lambda$executeRecursively$8(NodeTestTask.java:141)
	at org.junit.platform.engine.support.hierarchical.Node.around(Node.java:137)
	at org.junit.platform.engine.support.hierarchical.NodeTestTask.lambda$executeRecursively$9(NodeTestTask.java:139)
	at org.junit.platform.engine.support.hierarchical.ThrowableCollector.execute(ThrowableCollector.java:73)
	at org.junit.platform.engine.support.hierarchical.NodeTestTask.executeRecursively(NodeTestTask.java:138)
	at org.junit.platform.engine.support.hierarchical.NodeTestTask.execute(NodeTestTask.java:95)
	at java.util.ArrayList.forEach(ArrayList.java:1259)
	at org.junit.platform.engine.support.hierarchical.SameThreadHierarchicalTestExecutorService.invokeAll(SameThreadHierarchicalTestExecutorService.java:41)
	at org.junit.platform.engine.support.hierarchical.NodeTestTask.lambda$executeRecursively$6(NodeTestTask.java:155)
	at org.junit.platform.engine.support.hierarchical.ThrowableCollector.execute(ThrowableCollector.java:73)
	at org.junit.platform.engine.support.hierarchical.NodeTestTask.lambda$executeRecursively$8(NodeTestTask.java:141)
	at org.junit.platform.engine.support.hierarchical.Node.around(Node.java:137)
	at org.junit.platform.engine.support.hierarchical.NodeTestTask.lambda$executeRecursively$9(NodeTestTask.java:139)
	at org.junit.platform.engine.support.hierarchical.ThrowableCollector.execute(ThrowableCollector.java:73)
	at org.junit.platform.engine.support.hierarchical.NodeTestTask.executeRecursively(NodeTestTask.java:138)
	at org.junit.platform.engine.support.hierarchical.NodeTestTask.execute(NodeTestTask.java:95)
	at java.util.ArrayList.forEach(ArrayList.java:1259)
	at org.junit.platform.engine.support.hierarchical.SameThreadHierarchicalTestExecutorService.invokeAll(SameThreadHierarchicalTestExecutorService.java:41)
	at org.junit.platform.engine.support.hierarchical.NodeTestTask.lambda$executeRecursively$6(NodeTestTask.java:155)
	at org.junit.platform.engine.support.hierarchical.ThrowableCollector.execute(ThrowableCollector.java:73)
	at org.junit.platform.engine.support.hierarchical.NodeTestTask.lambda$executeRecursively$8(NodeTestTask.java:141)
	at org.junit.platform.engine.support.hierarchical.Node.around(Node.java:137)
	at org.junit.platform.engine.support.hierarchical.NodeTestTask.lambda$executeRecursively$9(NodeTestTask.java:139)
	at org.junit.platform.engine.support.hierarchical.ThrowableCollector.execute(ThrowableCollector.java:73)
	at org.junit.platform.engine.support.hierarchical.NodeTestTask.executeRecursively(NodeTestTask.java:138)
	at org.junit.platform.engine.support.hierarchical.NodeTestTask.execute(NodeTestTask.java:95)
	at org.junit.platform.engine.support.hierarchical.SameThreadHierarchicalTestExecutorService.submit(SameThreadHierarchicalTestExecutorService.java:35)
	at org.junit.platform.engine.support.hierarchical.HierarchicalTestExecutor.execute(HierarchicalTestExecutor.java:57)
	at org.junit.platform.engine.support.hierarchical.HierarchicalTestEngine.execute(HierarchicalTestEngine.java:54)
	at org.junit.platform.launcher.core.DefaultLauncher.execute(DefaultLauncher.java:170)
	at org.junit.platform.launcher.core.DefaultLauncher.execute(DefaultLauncher.java:154)
	at org.junit.platform.launcher.core.DefaultLauncher.execute(DefaultLauncher.java:90)
	at edu.illinois.cs.testrunner.execution.JUnit5TestExecutor.runTestsSeparately(JUnit5TestExecutor.java:40)
	at edu.illinois.cs.testrunner.execution.Executor$.$anonfun$run$1(Executor.scala:33)
	at scala.runtime.java8.JFunction0$mcV$sp.apply(JFunction0$mcV$sp.java:12)
	at scala.util.Try$.apply(Try.scala:209)
	at edu.illinois.cs.testrunner.execution.Executor$.run(Executor.scala:28)
	at edu.illinois.cs.testrunner.execution.Executor$.main(Executor.scala:18)
	at edu.illinois.cs.testrunner.execution.Executor.main(Executor.scala)
2024-05-17 15:48:25.759  INFO 40158 --- [WebServer 59827] okhttp3.mockwebserver.MockWebServer      : MockWebServer[59827] done accepting connections: Socket closed
