16:55:10.162 [main] DEBUG org.springframework.test.context.BootstrapUtils - Instantiating CacheAwareContextLoaderDelegate from class [org.springframework.test.context.cache.DefaultCacheAwareContextLoaderDelegate]
16:55:10.170 [main] DEBUG org.springframework.test.context.BootstrapUtils - Instantiating BootstrapContext using constructor [public org.springframework.test.context.support.DefaultBootstrapContext(java.lang.Class,org.springframework.test.context.CacheAwareContextLoaderDelegate)]
16:55:10.204 [main] DEBUG org.springframework.test.context.BootstrapUtils - Instantiating TestContextBootstrapper for test class [org.springframework.cloud.kubernetes.fabric8.loadbalancer.LoadBalancerAllNamespacesTests] from class [org.springframework.boot.test.context.SpringBootTestContextBootstrapper]
16:55:10.216 [main] INFO org.springframework.boot.test.context.SpringBootTestContextBootstrapper - Neither @ContextConfiguration nor @ContextHierarchy found for test class [org.springframework.cloud.kubernetes.fabric8.loadbalancer.LoadBalancerAllNamespacesTests], using SpringBootContextLoader
16:55:10.220 [main] DEBUG org.springframework.test.context.support.AbstractContextLoader - Did not detect default resource location for test class [org.springframework.cloud.kubernetes.fabric8.loadbalancer.LoadBalancerAllNamespacesTests]: class path resource [org/springframework/cloud/kubernetes/fabric8/loadbalancer/LoadBalancerAllNamespacesTests-context.xml] does not exist
16:55:10.221 [main] DEBUG org.springframework.test.context.support.AbstractContextLoader - Did not detect default resource location for test class [org.springframework.cloud.kubernetes.fabric8.loadbalancer.LoadBalancerAllNamespacesTests]: class path resource [org/springframework/cloud/kubernetes/fabric8/loadbalancer/LoadBalancerAllNamespacesTestsContext.groovy] does not exist
16:55:10.221 [main] INFO org.springframework.test.context.support.AbstractContextLoader - Could not detect default resource locations for test class [org.springframework.cloud.kubernetes.fabric8.loadbalancer.LoadBalancerAllNamespacesTests]: no resource found for suffixes {-context.xml, Context.groovy}.
16:55:10.222 [main] INFO org.springframework.test.context.support.AnnotationConfigContextLoaderUtils - Could not detect default configuration classes for test class [org.springframework.cloud.kubernetes.fabric8.loadbalancer.LoadBalancerAllNamespacesTests]: LoadBalancerAllNamespacesTests does not declare any static, non-private, non-final, nested classes annotated with @Configuration.
16:55:10.271 [main] DEBUG org.springframework.test.context.support.ActiveProfilesUtils - Could not find an 'annotation declaring class' for annotation type [org.springframework.test.context.ActiveProfiles] and class [org.springframework.cloud.kubernetes.fabric8.loadbalancer.LoadBalancerAllNamespacesTests]
16:55:10.333 [main] DEBUG org.springframework.context.annotation.ClassPathScanningCandidateComponentProvider - Identified candidate component class: file [/home/idflakies/spring-cloud/spring-cloud-kubernetes/spring-cloud-kubernetes-integration-tests/load-balancer/target/classes/org/springframework/cloud/kubernetes/fabric8/loadbalancer/SimpleLoadBalancerApp.class]
16:55:10.343 [main] INFO org.springframework.boot.test.context.SpringBootTestContextBootstrapper - Found @SpringBootConfiguration org.springframework.cloud.kubernetes.fabric8.loadbalancer.SimpleLoadBalancerApp for test class org.springframework.cloud.kubernetes.fabric8.loadbalancer.LoadBalancerAllNamespacesTests
16:55:10.430 [main] DEBUG org.springframework.boot.test.context.SpringBootTestContextBootstrapper - @TestExecutionListeners is not present for class [org.springframework.cloud.kubernetes.fabric8.loadbalancer.LoadBalancerAllNamespacesTests]: using defaults.
16:55:10.430 [main] INFO org.springframework.boot.test.context.SpringBootTestContextBootstrapper - Loaded default TestExecutionListener class names from location [META-INF/spring.factories]: [org.springframework.boot.test.mock.mockito.MockitoTestExecutionListener, org.springframework.boot.test.mock.mockito.ResetMocksTestExecutionListener, org.springframework.boot.test.autoconfigure.restdocs.RestDocsTestExecutionListener, org.springframework.boot.test.autoconfigure.web.client.MockRestServiceServerResetTestExecutionListener, org.springframework.boot.test.autoconfigure.web.servlet.MockMvcPrintOnlyOnFailureTestExecutionListener, org.springframework.boot.test.autoconfigure.web.servlet.WebDriverTestExecutionListener, org.springframework.boot.test.autoconfigure.webservices.client.MockWebServiceServerTestExecutionListener, org.springframework.test.context.web.ServletTestExecutionListener, org.springframework.test.context.support.DirtiesContextBeforeModesTestExecutionListener, org.springframework.test.context.event.ApplicationEventsTestExecutionListener, org.springframework.test.context.support.DependencyInjectionTestExecutionListener, org.springframework.test.context.support.DirtiesContextTestExecutionListener, org.springframework.test.context.transaction.TransactionalTestExecutionListener, org.springframework.test.context.jdbc.SqlScriptsTestExecutionListener, org.springframework.test.context.event.EventPublishingTestExecutionListener]
16:55:10.445 [main] DEBUG org.springframework.boot.test.context.SpringBootTestContextBootstrapper - Skipping candidate TestExecutionListener [org.springframework.test.context.transaction.TransactionalTestExecutionListener] due to a missing dependency. Specify custom listener classes or make the default listener classes and their required dependencies available. Offending class: [org/springframework/transaction/TransactionDefinition]
16:55:10.445 [main] DEBUG org.springframework.boot.test.context.SpringBootTestContextBootstrapper - Skipping candidate TestExecutionListener [org.springframework.test.context.jdbc.SqlScriptsTestExecutionListener] due to a missing dependency. Specify custom listener classes or make the default listener classes and their required dependencies available. Offending class: [org/springframework/transaction/interceptor/TransactionAttribute]
16:55:10.446 [main] INFO org.springframework.boot.test.context.SpringBootTestContextBootstrapper - Using TestExecutionListeners: [org.springframework.test.context.web.ServletTestExecutionListener@78aa1f72, org.springframework.test.context.support.DirtiesContextBeforeModesTestExecutionListener@1f75a668, org.springframework.test.context.event.ApplicationEventsTestExecutionListener@35399441, org.springframework.boot.test.mock.mockito.MockitoTestExecutionListener@4b7dc788, org.springframework.boot.test.autoconfigure.SpringBootDependencyInjectionTestExecutionListener@6304101a, org.springframework.test.context.support.DirtiesContextTestExecutionListener@5170bcf4, org.springframework.test.context.event.EventPublishingTestExecutionListener@2812b107, org.springframework.boot.test.mock.mockito.ResetMocksTestExecutionListener@df6620a, org.springframework.boot.test.autoconfigure.restdocs.RestDocsTestExecutionListener@4e31276e, org.springframework.boot.test.autoconfigure.web.client.MockRestServiceServerResetTestExecutionListener@1a72a540, org.springframework.boot.test.autoconfigure.web.servlet.MockMvcPrintOnlyOnFailureTestExecutionListener@27d5a580, org.springframework.boot.test.autoconfigure.web.servlet.WebDriverTestExecutionListener@198d6542, org.springframework.boot.test.autoconfigure.webservices.client.MockWebServiceServerTestExecutionListener@5e403b4a]
16:55:10.449 [main] DEBUG org.springframework.test.context.support.AbstractDirtiesContextTestExecutionListener - Before test class: context [DefaultTestContext@3406472c testClass = LoadBalancerAllNamespacesTests, testInstance = [null], testMethod = [null], testException = [null], mergedContextConfiguration = [WebMergedContextConfiguration@5717c37 testClass = LoadBalancerAllNamespacesTests, locations = '{}', classes = '{class org.springframework.cloud.kubernetes.fabric8.loadbalancer.SimpleLoadBalancerApp}', contextInitializerClasses = '[]', activeProfiles = '{}', propertySourceLocations = '{}', propertySourceProperties = '{spring.cloud.kubernetes.discovery.all-namespaces=true, org.springframework.boot.test.context.SpringBootTestContextBootstrapper=true, server.port=0}', contextCustomizers = set[org.springframework.boot.test.context.filter.ExcludeFilterContextCustomizer@1a4013, org.springframework.boot.test.json.DuplicateJsonObjectContextCustomizerFactory$DuplicateJsonObjectContextCustomizer@702b8b12, org.springframework.boot.test.mock.mockito.MockitoContextCustomizer@0, org.springframework.boot.test.web.client.TestRestTemplateContextCustomizer@4de4b452, org.springframework.boot.test.autoconfigure.actuate.metrics.MetricsExportContextCustomizerFactory$DisableMetricExportContextCustomizer@10feca44, org.springframework.boot.test.autoconfigure.properties.PropertyMappingContextCustomizer@0, org.springframework.boot.test.autoconfigure.web.servlet.WebDriverContextCustomizerFactory$Customizer@76c3e77a, org.springframework.boot.test.context.SpringBootTestArgs@1, org.springframework.boot.test.context.SpringBootTestWebEnvironment@1442d7b5], resourceBasePath = 'src/main/webapp', contextLoader = 'org.springframework.boot.test.context.SpringBootContextLoader', parent = [null]], attributes = map['org.springframework.test.context.web.ServletTestExecutionListener.activateListener' -> false]], class annotated with @DirtiesContext [false] with mode [null].
May 17, 2024 4:55:10 PM okhttp3.mockwebserver.MockWebServer$3 execute
INFO: MockWebServer[41725] starting to accept connections
16:55:11.037 [main] DEBUG org.springframework.test.context.support.DependencyInjectionTestExecutionListener - Performing dependency injection for test context [[DefaultTestContext@3406472c testClass = LoadBalancerAllNamespacesTests, testInstance = org.springframework.cloud.kubernetes.fabric8.loadbalancer.LoadBalancerAllNamespacesTests@3d4d3fe7, testMethod = [null], testException = [null], mergedContextConfiguration = [WebMergedContextConfiguration@5717c37 testClass = LoadBalancerAllNamespacesTests, locations = '{}', classes = '{class org.springframework.cloud.kubernetes.fabric8.loadbalancer.SimpleLoadBalancerApp}', contextInitializerClasses = '[]', activeProfiles = '{}', propertySourceLocations = '{}', propertySourceProperties = '{spring.cloud.kubernetes.discovery.all-namespaces=true, org.springframework.boot.test.context.SpringBootTestContextBootstrapper=true, server.port=0}', contextCustomizers = set[org.springframework.boot.test.context.filter.ExcludeFilterContextCustomizer@1a4013, org.springframework.boot.test.json.DuplicateJsonObjectContextCustomizerFactory$DuplicateJsonObjectContextCustomizer@702b8b12, org.springframework.boot.test.mock.mockito.MockitoContextCustomizer@0, org.springframework.boot.test.web.client.TestRestTemplateContextCustomizer@4de4b452, org.springframework.boot.test.autoconfigure.actuate.metrics.MetricsExportContextCustomizerFactory$DisableMetricExportContextCustomizer@10feca44, org.springframework.boot.test.autoconfigure.properties.PropertyMappingContextCustomizer@0, org.springframework.boot.test.autoconfigure.web.servlet.WebDriverContextCustomizerFactory$Customizer@76c3e77a, org.springframework.boot.test.context.SpringBootTestArgs@1, org.springframework.boot.test.context.SpringBootTestWebEnvironment@1442d7b5], resourceBasePath = 'src/main/webapp', contextLoader = 'org.springframework.boot.test.context.SpringBootContextLoader', parent = [null]], attributes = map['org.springframework.test.context.web.ServletTestExecutionListener.activateListener' -> false, 'org.springframework.test.context.event.ApplicationEventsTestExecutionListener.recordApplicationEvents' -> false]]].

  .   ____          _            __ _ _
 /\\ / ___'_ __ _ _(_)_ __  __ _ \ \ \ \
( ( )\___ | '_ | '_| | '_ \/ _` | \ \ \ \
 \\/  ___)| |_)| | | | | || (_| |  ) ) ) )
  '  |____| .__|_| |_|_| |_\__, | / / / /
 =========|_|==============|___/=/_/_/_/
 :: Spring Boot ::                (v2.6.3)

2024-05-17 16:55:11.364  WARN 83152 --- [           main] ubernetesProfileEnvironmentPostProcessor : Not running inside kubernetes. Skipping 'kubernetes' profile activation.
2024-05-17 16:55:11.376  INFO 83152 --- [           main] s.c.k.f.l.LoadBalancerAllNamespacesTests : Starting LoadBalancerAllNamespacesTests using Java 1.8.0_292 on 9168d08beda2 with PID 83152 (started by idflakies in /home/idflakies/spring-cloud/spring-cloud-kubernetes)
2024-05-17 16:55:11.376  INFO 83152 --- [           main] s.c.k.f.l.LoadBalancerAllNamespacesTests : No active profile set, falling back to default profiles: default
2024-05-17 16:55:12.174  INFO 83152 --- [           main] o.s.cloud.context.scope.GenericScope     : BeanFactory id=6ed38a8a-182b-30b2-8978-4377b69da042
2024-05-17 16:55:12.589  INFO 83152 --- [           main] o.s.b.w.embedded.tomcat.TomcatWebServer  : Tomcat initialized with port(s): 0 (http)
2024-05-17 16:55:12.599  INFO 83152 --- [           main] o.apache.catalina.core.StandardService   : Starting service [Tomcat]
2024-05-17 16:55:12.599  INFO 83152 --- [           main] org.apache.catalina.core.StandardEngine  : Starting Servlet engine: [Apache Tomcat/9.0.56]
2024-05-17 16:55:12.753  INFO 83152 --- [           main] o.a.c.c.C.[Tomcat].[localhost].[/]       : Initializing Spring embedded WebApplicationContext
2024-05-17 16:55:12.753  INFO 83152 --- [           main] w.s.c.ServletWebServerApplicationContext : Root WebApplicationContext: initialization completed in 1351 ms
2024-05-17 16:55:13.962  WARN 83152 --- [           main] iguration$LoadBalancerCaffeineWarnLogger : Spring Cloud LoadBalancer is currently working with the default cache. While this cache implementation is useful for development and tests, it's recommended to use Caffeine cache in production.You can switch to using Caffeine cache, by adding it and org.springframework.cache.caffeine.CaffeineCacheManager to the classpath.
2024-05-17 16:55:14.015  INFO 83152 --- [           main] o.s.b.w.embedded.tomcat.TomcatWebServer  : Tomcat started on port(s): 44255 (http) with context path ''
2024-05-17 16:55:14.031  INFO 83152 --- [           main] s.c.k.f.l.LoadBalancerAllNamespacesTests : Started LoadBalancerAllNamespacesTests in 2.965 seconds (JVM running for 4.804)
2024-05-17 16:55:14.234  INFO 83152 --- [WebServer 48059] okhttp3.mockwebserver.MockWebServer      : MockWebServer[48059] starting to accept connections
2024-05-17 16:55:14.374  INFO 83152 --- [127.0.0.1:39650] okhttp3.mockwebserver.MockWebServer      : MockWebServer[41725] received request: POST /api/v1/namespaces/b/endpoints HTTP/1.1 and responded: HTTP/1.1 200 OK
2024-05-17 16:55:14.418  INFO 83152 --- [127.0.0.1:39650] okhttp3.mockwebserver.MockWebServer      : MockWebServer[41725] received request: POST /api/v1/namespaces/b/services HTTP/1.1 and responded: HTTP/1.1 200 OK
2024-05-17 16:55:14.565  INFO 83152 --- [127.0.0.1:39656] okhttp3.mockwebserver.MockWebServer      : MockWebServer[41725] received request: GET /api/v1/endpoints?fieldSelector=metadata.name%3Dservice-b HTTP/1.1 and responded: HTTP/1.1 200 OK
2024-05-17 16:55:14.570  INFO 83152 --- [127.0.0.1:39656] okhttp3.mockwebserver.MockWebServer      : MockWebServer[41725] received request: GET /api/v1/namespaces/b/services/service-b HTTP/1.1 and responded: HTTP/1.1 200 OK
2024-05-17 16:55:14.727  INFO 83152 --- [o-auto-1-exec-1] o.a.c.c.C.[Tomcat].[localhost].[/]       : Initializing Spring DispatcherServlet 'dispatcherServlet'
2024-05-17 16:55:14.728  INFO 83152 --- [o-auto-1-exec-1] o.s.web.servlet.DispatcherServlet        : Initializing Servlet 'dispatcherServlet'
2024-05-17 16:55:14.729  INFO 83152 --- [o-auto-1-exec-1] o.s.web.servlet.DispatcherServlet        : Completed initialization in 1 ms
2024-05-17 16:55:14.807  INFO 83152 --- [WebServer 48059] okhttp3.mockwebserver.MockWebServer      : MockWebServer[48059] done accepting connections: Socket closed
2024-05-17 16:55:14.815  INFO 83152 --- [           main] .b.t.c.SpringBootTestContextBootstrapper : Neither @ContextConfiguration nor @ContextHierarchy found for test class [org.springframework.cloud.kubernetes.fabric8.loadbalancer.LoadBalancerTests], using SpringBootContextLoader
2024-05-17 16:55:14.816  INFO 83152 --- [           main] o.s.t.c.support.AbstractContextLoader    : Could not detect default resource locations for test class [org.springframework.cloud.kubernetes.fabric8.loadbalancer.LoadBalancerTests]: no resource found for suffixes {-context.xml, Context.groovy}.
2024-05-17 16:55:14.816  INFO 83152 --- [           main] t.c.s.AnnotationConfigContextLoaderUtils : Could not detect default configuration classes for test class [org.springframework.cloud.kubernetes.fabric8.loadbalancer.LoadBalancerTests]: LoadBalancerTests does not declare any static, non-private, non-final, nested classes annotated with @Configuration.
2024-05-17 16:55:14.818  INFO 83152 --- [           main] .b.t.c.SpringBootTestContextBootstrapper : Found @SpringBootConfiguration org.springframework.cloud.kubernetes.fabric8.loadbalancer.SimpleLoadBalancerApp for test class org.springframework.cloud.kubernetes.fabric8.loadbalancer.LoadBalancerTests
2024-05-17 16:55:14.820  INFO 83152 --- [           main] .b.t.c.SpringBootTestContextBootstrapper : Loaded default TestExecutionListener class names from location [META-INF/spring.factories]: [org.springframework.boot.test.mock.mockito.MockitoTestExecutionListener, org.springframework.boot.test.mock.mockito.ResetMocksTestExecutionListener, org.springframework.boot.test.autoconfigure.restdocs.RestDocsTestExecutionListener, org.springframework.boot.test.autoconfigure.web.client.MockRestServiceServerResetTestExecutionListener, org.springframework.boot.test.autoconfigure.web.servlet.MockMvcPrintOnlyOnFailureTestExecutionListener, org.springframework.boot.test.autoconfigure.web.servlet.WebDriverTestExecutionListener, org.springframework.boot.test.autoconfigure.webservices.client.MockWebServiceServerTestExecutionListener, org.springframework.test.context.web.ServletTestExecutionListener, org.springframework.test.context.support.DirtiesContextBeforeModesTestExecutionListener, org.springframework.test.context.event.ApplicationEventsTestExecutionListener, org.springframework.test.context.support.DependencyInjectionTestExecutionListener, org.springframework.test.context.support.DirtiesContextTestExecutionListener, org.springframework.test.context.transaction.TransactionalTestExecutionListener, org.springframework.test.context.jdbc.SqlScriptsTestExecutionListener, org.springframework.test.context.event.EventPublishingTestExecutionListener]
2024-05-17 16:55:14.821  INFO 83152 --- [           main] .b.t.c.SpringBootTestContextBootstrapper : Using TestExecutionListeners: [org.springframework.test.context.web.ServletTestExecutionListener@4a660b34, org.springframework.test.context.support.DirtiesContextBeforeModesTestExecutionListener@362a561e, org.springframework.test.context.event.ApplicationEventsTestExecutionListener@2df3545d, org.springframework.boot.test.mock.mockito.MockitoTestExecutionListener@75ad30c1, org.springframework.boot.test.autoconfigure.SpringBootDependencyInjectionTestExecutionListener@fe8aaeb, org.springframework.test.context.support.DirtiesContextTestExecutionListener@6b9697ae, org.springframework.test.context.event.EventPublishingTestExecutionListener@5cf0673d, org.springframework.boot.test.mock.mockito.ResetMocksTestExecutionListener@40c76f5a, org.springframework.boot.test.autoconfigure.restdocs.RestDocsTestExecutionListener@a323a5b, org.springframework.boot.test.autoconfigure.web.client.MockRestServiceServerResetTestExecutionListener@5546e754, org.springframework.boot.test.autoconfigure.web.servlet.MockMvcPrintOnlyOnFailureTestExecutionListener@ad0bb4e, org.springframework.boot.test.autoconfigure.web.servlet.WebDriverTestExecutionListener@7196a8f1, org.springframework.boot.test.autoconfigure.webservices.client.MockWebServiceServerTestExecutionListener@6a6da47a]
2024-05-17 16:55:14.823  INFO 83152 --- [WebServer 49461] okhttp3.mockwebserver.MockWebServer      : MockWebServer[49461] starting to accept connections

  .   ____          _            __ _ _
 /\\ / ___'_ __ _ _(_)_ __  __ _ \ \ \ \
( ( )\___ | '_ | '_| | '_ \/ _` | \ \ \ \
 \\/  ___)| |_)| | | | | || (_| |  ) ) ) )
  '  |____| .__|_| |_|_| |_\__, | / / / /
 =========|_|==============|___/=/_/_/_/
 :: Spring Boot ::                (v2.6.3)

2024-05-17 16:55:14.856  WARN 83152 --- [           main] ubernetesProfileEnvironmentPostProcessor : Not running inside kubernetes. Skipping 'kubernetes' profile activation.
2024-05-17 16:55:14.858  INFO 83152 --- [           main] o.s.c.k.f.l.LoadBalancerTests            : Starting LoadBalancerTests using Java 1.8.0_292 on 9168d08beda2 with PID 83152 (started by idflakies in /home/idflakies/spring-cloud/spring-cloud-kubernetes)
2024-05-17 16:55:14.859  INFO 83152 --- [           main] o.s.c.k.f.l.LoadBalancerTests            : No active profile set, falling back to default profiles: default
2024-05-17 16:55:15.113  INFO 83152 --- [           main] o.s.cloud.context.scope.GenericScope     : BeanFactory id=6ed38a8a-182b-30b2-8978-4377b69da042
2024-05-17 16:55:15.228  INFO 83152 --- [           main] o.s.b.w.embedded.tomcat.TomcatWebServer  : Tomcat initialized with port(s): 0 (http)
2024-05-17 16:55:15.229  INFO 83152 --- [           main] o.apache.catalina.core.StandardService   : Starting service [Tomcat]
2024-05-17 16:55:15.230  INFO 83152 --- [           main] org.apache.catalina.core.StandardEngine  : Starting Servlet engine: [Apache Tomcat/9.0.56]
2024-05-17 16:55:15.243  INFO 83152 --- [           main] o.a.c.c.C.[Tomcat-1].[localhost].[/]     : Initializing Spring embedded WebApplicationContext
2024-05-17 16:55:15.243  INFO 83152 --- [           main] w.s.c.ServletWebServerApplicationContext : Root WebApplicationContext: initialization completed in 382 ms
2024-05-17 16:55:15.814  WARN 83152 --- [           main] iguration$LoadBalancerCaffeineWarnLogger : Spring Cloud LoadBalancer is currently working with the default cache. While this cache implementation is useful for development and tests, it's recommended to use Caffeine cache in production.You can switch to using Caffeine cache, by adding it and org.springframework.cache.caffeine.CaffeineCacheManager to the classpath.
2024-05-17 16:55:15.832  INFO 83152 --- [           main] o.s.b.w.embedded.tomcat.TomcatWebServer  : Tomcat started on port(s): 43415 (http) with context path ''
2024-05-17 16:55:15.835  INFO 83152 --- [           main] o.s.c.k.f.l.LoadBalancerTests            : Started LoadBalancerTests in 1.009 seconds (JVM running for 6.608)
2024-05-17 16:55:15.842  INFO 83152 --- [WebServer 33667] okhttp3.mockwebserver.MockWebServer      : MockWebServer[33667] starting to accept connections
2024-05-17 16:55:15.847  INFO 83152 --- [127.0.0.1:39518] okhttp3.mockwebserver.MockWebServer      : MockWebServer[49461] received request: POST /api/v1/namespaces/b/services HTTP/1.1 and responded: HTTP/1.1 200 OK
2024-05-17 16:55:15.852  INFO 83152 --- [127.0.0.1:39518] okhttp3.mockwebserver.MockWebServer      : MockWebServer[49461] received request: POST /api/v1/namespaces/b/endpoints HTTP/1.1 and responded: HTTP/1.1 200 OK
2024-05-17 16:55:15.913  INFO 83152 --- [127.0.0.1:39530] okhttp3.mockwebserver.MockWebServer      : MockWebServer[49461] received request: GET /api/v1/namespaces/test/endpoints?fieldSelector=metadata.name%3Dservice-b HTTP/1.1 and responded: HTTP/1.1 200 OK
2024-05-17 16:55:15.914  WARN 83152 --- [           main] o.s.c.l.core.RoundRobinLoadBalancer      : No servers available for service: service-b
2024-05-17 16:55:15.919  INFO 83152 --- [WebServer 33667] okhttp3.mockwebserver.MockWebServer      : MockWebServer[33667] done accepting connections: Socket closed
2024-05-17 16:55:15.924  INFO 83152 --- [           main] .b.t.c.SpringBootTestContextBootstrapper : Neither @ContextConfiguration nor @ContextHierarchy found for test class [org.springframework.cloud.kubernetes.fabric8.loadbalancer.LoadBalancerTests], using SpringBootContextLoader
2024-05-17 16:55:15.925  INFO 83152 --- [           main] o.s.t.c.support.AbstractContextLoader    : Could not detect default resource locations for test class [org.springframework.cloud.kubernetes.fabric8.loadbalancer.LoadBalancerTests]: no resource found for suffixes {-context.xml, Context.groovy}.
2024-05-17 16:55:15.925  INFO 83152 --- [           main] t.c.s.AnnotationConfigContextLoaderUtils : Could not detect default configuration classes for test class [org.springframework.cloud.kubernetes.fabric8.loadbalancer.LoadBalancerTests]: LoadBalancerTests does not declare any static, non-private, non-final, nested classes annotated with @Configuration.
2024-05-17 16:55:15.927  INFO 83152 --- [           main] .b.t.c.SpringBootTestContextBootstrapper : Found @SpringBootConfiguration org.springframework.cloud.kubernetes.fabric8.loadbalancer.SimpleLoadBalancerApp for test class org.springframework.cloud.kubernetes.fabric8.loadbalancer.LoadBalancerTests
2024-05-17 16:55:15.928  INFO 83152 --- [           main] .b.t.c.SpringBootTestContextBootstrapper : Loaded default TestExecutionListener class names from location [META-INF/spring.factories]: [org.springframework.boot.test.mock.mockito.MockitoTestExecutionListener, org.springframework.boot.test.mock.mockito.ResetMocksTestExecutionListener, org.springframework.boot.test.autoconfigure.restdocs.RestDocsTestExecutionListener, org.springframework.boot.test.autoconfigure.web.client.MockRestServiceServerResetTestExecutionListener, org.springframework.boot.test.autoconfigure.web.servlet.MockMvcPrintOnlyOnFailureTestExecutionListener, org.springframework.boot.test.autoconfigure.web.servlet.WebDriverTestExecutionListener, org.springframework.boot.test.autoconfigure.webservices.client.MockWebServiceServerTestExecutionListener, org.springframework.test.context.web.ServletTestExecutionListener, org.springframework.test.context.support.DirtiesContextBeforeModesTestExecutionListener, org.springframework.test.context.event.ApplicationEventsTestExecutionListener, org.springframework.test.context.support.DependencyInjectionTestExecutionListener, org.springframework.test.context.support.DirtiesContextTestExecutionListener, org.springframework.test.context.transaction.TransactionalTestExecutionListener, org.springframework.test.context.jdbc.SqlScriptsTestExecutionListener, org.springframework.test.context.event.EventPublishingTestExecutionListener]
2024-05-17 16:55:15.930  INFO 83152 --- [           main] .b.t.c.SpringBootTestContextBootstrapper : Using TestExecutionListeners: [org.springframework.test.context.web.ServletTestExecutionListener@5bb7a59, org.springframework.test.context.support.DirtiesContextBeforeModesTestExecutionListener@4bfa5eb9, org.springframework.test.context.event.ApplicationEventsTestExecutionListener@2a2b7a35, org.springframework.boot.test.mock.mockito.MockitoTestExecutionListener@58186f9f, org.springframework.boot.test.autoconfigure.SpringBootDependencyInjectionTestExecutionListener@62faf77, org.springframework.test.context.support.DirtiesContextTestExecutionListener@1f39269d, org.springframework.test.context.event.EventPublishingTestExecutionListener@6e321d9d, org.springframework.boot.test.mock.mockito.ResetMocksTestExecutionListener@754de353, org.springframework.boot.test.autoconfigure.restdocs.RestDocsTestExecutionListener@ee2ae9a, org.springframework.boot.test.autoconfigure.web.client.MockRestServiceServerResetTestExecutionListener@58b97c15, org.springframework.boot.test.autoconfigure.web.servlet.MockMvcPrintOnlyOnFailureTestExecutionListener@26994c6a, org.springframework.boot.test.autoconfigure.web.servlet.WebDriverTestExecutionListener@3cd46491, org.springframework.boot.test.autoconfigure.webservices.client.MockWebServiceServerTestExecutionListener@27d98bef]
2024-05-17 16:55:15.933  INFO 83152 --- [WebServer 40871] okhttp3.mockwebserver.MockWebServer      : MockWebServer[40871] starting to accept connections
2024-05-17 16:55:15.939  INFO 83152 --- [WebServer 49435] okhttp3.mockwebserver.MockWebServer      : MockWebServer[49435] starting to accept connections
2024-05-17 16:55:15.944  INFO 83152 --- [127.0.0.1:38656] okhttp3.mockwebserver.MockWebServer      : MockWebServer[40871] received request: POST /api/v1/namespaces/test/services HTTP/1.1 and responded: HTTP/1.1 200 OK
2024-05-17 16:55:15.950  INFO 83152 --- [127.0.0.1:38656] okhttp3.mockwebserver.MockWebServer      : MockWebServer[40871] received request: POST /api/v1/namespaces/test/endpoints HTTP/1.1 and responded: HTTP/1.1 200 OK
2024-05-17 16:55:16.010  INFO 83152 --- [127.0.0.1:39530] okhttp3.mockwebserver.MockWebServer      : MockWebServer[49461] received request: GET /api/v1/namespaces/test/endpoints?fieldSelector=metadata.name%3Dservice-a HTTP/1.1 and responded: HTTP/1.1 200 OK
2024-05-17 16:55:16.011  WARN 83152 --- [           main] o.s.c.l.core.RoundRobinLoadBalancer      : No servers available for service: service-a
java.lang.IllegalStateException: No instances available for service-a
	at org.springframework.cloud.loadbalancer.blocking.client.BlockingLoadBalancerClient.execute(BlockingLoadBalancerClient.java:84)
	at org.springframework.cloud.client.loadbalancer.LoadBalancerInterceptor.intercept(LoadBalancerInterceptor.java:56)
	at org.springframework.http.client.InterceptingClientHttpRequest$InterceptingRequestExecution.execute(InterceptingClientHttpRequest.java:93)
	at org.springframework.http.client.InterceptingClientHttpRequest.executeInternal(InterceptingClientHttpRequest.java:77)
	at org.springframework.http.client.AbstractBufferingClientHttpRequest.executeInternal(AbstractBufferingClientHttpRequest.java:48)
	at org.springframework.http.client.AbstractClientHttpRequest.execute(AbstractClientHttpRequest.java:66)
	at org.springframework.web.client.RestTemplate.doExecute(RestTemplate.java:776)
	at org.springframework.web.client.RestTemplate.execute(RestTemplate.java:711)
	at org.springframework.web.client.RestTemplate.getForObject(RestTemplate.java:334)
	at org.springframework.cloud.kubernetes.fabric8.loadbalancer.LoadBalancerTests.testLoadBalancerSameNamespace(LoadBalancerTests.java:60)
	at sun.reflect.NativeMethodAccessorImpl.invoke0(Native Method)
	at sun.reflect.NativeMethodAccessorImpl.invoke(NativeMethodAccessorImpl.java:62)
	at sun.reflect.DelegatingMethodAccessorImpl.invoke(DelegatingMethodAccessorImpl.java:43)
	at java.lang.reflect.Method.invoke(Method.java:498)
	at org.junit.platform.commons.util.ReflectionUtils.invokeMethod(ReflectionUtils.java:725)
	at org.junit.jupiter.engine.execution.MethodInvocation.proceed(MethodInvocation.java:60)
	at org.junit.jupiter.engine.execution.InvocationInterceptorChain$ValidatingInvocation.proceed(InvocationInterceptorChain.java:131)
	at org.junit.jupiter.engine.extension.TimeoutExtension.intercept(TimeoutExtension.java:149)
	at org.junit.jupiter.engine.extension.TimeoutExtension.interceptTestableMethod(TimeoutExtension.java:140)
	at org.junit.jupiter.engine.extension.TimeoutExtension.interceptTestMethod(TimeoutExtension.java:84)
	at org.junit.jupiter.engine.execution.ExecutableInvoker$ReflectiveInterceptorCall.lambda$ofVoidMethod$0(ExecutableInvoker.java:115)
	at org.junit.jupiter.engine.execution.ExecutableInvoker.lambda$invoke$0(ExecutableInvoker.java:105)
	at org.junit.jupiter.engine.execution.InvocationInterceptorChain$InterceptedInvocation.proceed(InvocationInterceptorChain.java:106)
	at org.junit.jupiter.engine.execution.InvocationInterceptorChain.proceed(InvocationInterceptorChain.java:64)
	at org.junit.jupiter.engine.execution.InvocationInterceptorChain.chainAndInvoke(InvocationInterceptorChain.java:45)
	at org.junit.jupiter.engine.execution.InvocationInterceptorChain.invoke(InvocationInterceptorChain.java:37)
	at org.junit.jupiter.engine.execution.ExecutableInvoker.invoke(ExecutableInvoker.java:104)
	at org.junit.jupiter.engine.execution.ExecutableInvoker.invoke(ExecutableInvoker.java:98)
	at org.junit.jupiter.engine.descriptor.TestMethodTestDescriptor.lambda$invokeTestMethod$7(TestMethodTestDescriptor.java:214)
	at org.junit.platform.engine.support.hierarchical.ThrowableCollector.execute(ThrowableCollector.java:73)
	at org.junit.jupiter.engine.descriptor.TestMethodTestDescriptor.invokeTestMethod(TestMethodTestDescriptor.java:210)
	at org.junit.jupiter.engine.descriptor.TestMethodTestDescriptor.execute(TestMethodTestDescriptor.java:135)
	at org.junit.jupiter.engine.descriptor.TestMethodTestDescriptor.execute(TestMethodTestDescriptor.java:66)
	at org.junit.platform.engine.support.hierarchical.NodeTestTask.lambda$executeRecursively$6(NodeTestTask.java:151)
	at org.junit.platform.engine.support.hierarchical.ThrowableCollector.execute(ThrowableCollector.java:73)
	at org.junit.platform.engine.support.hierarchical.NodeTestTask.lambda$executeRecursively$8(NodeTestTask.java:141)
	at org.junit.platform.engine.support.hierarchical.Node.around(Node.java:137)
	at org.junit.platform.engine.support.hierarchical.NodeTestTask.lambda$executeRecursively$9(NodeTestTask.java:139)
	at org.junit.platform.engine.support.hierarchical.ThrowableCollector.execute(ThrowableCollector.java:73)
	at org.junit.platform.engine.support.hierarchical.NodeTestTask.executeRecursively(NodeTestTask.java:138)
	at org.junit.platform.engine.support.hierarchical.NodeTestTask.execute(NodeTestTask.java:95)
	at java.util.ArrayList.forEach(ArrayList.java:1259)
	at org.junit.platform.engine.support.hierarchical.SameThreadHierarchicalTestExecutorService.invokeAll(SameThreadHierarchicalTestExecutorService.java:41)
	at org.junit.platform.engine.support.hierarchical.NodeTestTask.lambda$executeRecursively$6(NodeTestTask.java:155)
	at org.junit.platform.engine.support.hierarchical.ThrowableCollector.execute(ThrowableCollector.java:73)
	at org.junit.platform.engine.support.hierarchical.NodeTestTask.lambda$executeRecursively$8(NodeTestTask.java:141)
	at org.junit.platform.engine.support.hierarchical.Node.around(Node.java:137)
	at org.junit.platform.engine.support.hierarchical.NodeTestTask.lambda$executeRecursively$9(NodeTestTask.java:139)
	at org.junit.platform.engine.support.hierarchical.ThrowableCollector.execute(ThrowableCollector.java:73)
	at org.junit.platform.engine.support.hierarchical.NodeTestTask.executeRecursively(NodeTestTask.java:138)
	at org.junit.platform.engine.support.hierarchical.NodeTestTask.execute(NodeTestTask.java:95)
	at java.util.ArrayList.forEach(ArrayList.java:1259)
	at org.junit.platform.engine.support.hierarchical.SameThreadHierarchicalTestExecutorService.invokeAll(SameThreadHierarchicalTestExecutorService.java:41)
	at org.junit.platform.engine.support.hierarchical.NodeTestTask.lambda$executeRecursively$6(NodeTestTask.java:155)
	at org.junit.platform.engine.support.hierarchical.ThrowableCollector.execute(ThrowableCollector.java:73)
	at org.junit.platform.engine.support.hierarchical.NodeTestTask.lambda$executeRecursively$8(NodeTestTask.java:141)
	at org.junit.platform.engine.support.hierarchical.Node.around(Node.java:137)
	at org.junit.platform.engine.support.hierarchical.NodeTestTask.lambda$executeRecursively$9(NodeTestTask.java:139)
	at org.junit.platform.engine.support.hierarchical.ThrowableCollector.execute(ThrowableCollector.java:73)
	at org.junit.platform.engine.support.hierarchical.NodeTestTask.executeRecursively(NodeTestTask.java:138)
	at org.junit.platform.engine.support.hierarchical.NodeTestTask.execute(NodeTestTask.java:95)
	at org.junit.platform.engine.support.hierarchical.SameThreadHierarchicalTestExecutorService.submit(SameThreadHierarchicalTestExecutorService.java:35)
	at org.junit.platform.engine.support.hierarchical.HierarchicalTestExecutor.execute(HierarchicalTestExecutor.java:57)
	at org.junit.platform.engine.support.hierarchical.HierarchicalTestEngine.execute(HierarchicalTestEngine.java:54)
	at org.junit.platform.launcher.core.DefaultLauncher.execute(DefaultLauncher.java:170)
	at org.junit.platform.launcher.core.DefaultLauncher.execute(DefaultLauncher.java:154)
	at org.junit.platform.launcher.core.DefaultLauncher.execute(DefaultLauncher.java:90)
	at edu.illinois.cs.testrunner.execution.JUnit5TestExecutor.runTestsSeparately(JUnit5TestExecutor.java:40)
	at edu.illinois.cs.testrunner.execution.Executor$.$anonfun$run$1(Executor.scala:33)
	at scala.runtime.java8.JFunction0$mcV$sp.apply(JFunction0$mcV$sp.java:12)
	at scala.util.Try$.apply(Try.scala:209)
	at edu.illinois.cs.testrunner.execution.Executor$.run(Executor.scala:28)
	at edu.illinois.cs.testrunner.execution.Executor$.main(Executor.scala:18)
	at edu.illinois.cs.testrunner.execution.Executor.main(Executor.scala)
2024-05-17 16:55:16.020  INFO 83152 --- [WebServer 49435] okhttp3.mockwebserver.MockWebServer      : MockWebServer[49435] done accepting connections: Socket closed
2024-05-17 16:55:16.030  INFO 83152 --- [           main] .b.t.c.SpringBootTestContextBootstrapper : Neither @ContextConfiguration nor @ContextHierarchy found for test class [org.springframework.cloud.kubernetes.fabric8.loadbalancer.LoadBalancerWithServiceTests], using SpringBootContextLoader
2024-05-17 16:55:16.031  INFO 83152 --- [           main] o.s.t.c.support.AbstractContextLoader    : Could not detect default resource locations for test class [org.springframework.cloud.kubernetes.fabric8.loadbalancer.LoadBalancerWithServiceTests]: no resource found for suffixes {-context.xml, Context.groovy}.
2024-05-17 16:55:16.031  INFO 83152 --- [           main] t.c.s.AnnotationConfigContextLoaderUtils : Could not detect default configuration classes for test class [org.springframework.cloud.kubernetes.fabric8.loadbalancer.LoadBalancerWithServiceTests]: LoadBalancerWithServiceTests does not declare any static, non-private, non-final, nested classes annotated with @Configuration.
2024-05-17 16:55:16.036  INFO 83152 --- [           main] .b.t.c.SpringBootTestContextBootstrapper : Found @SpringBootConfiguration org.springframework.cloud.kubernetes.fabric8.loadbalancer.SimpleLoadBalancerApp for test class org.springframework.cloud.kubernetes.fabric8.loadbalancer.LoadBalancerWithServiceTests
2024-05-17 16:55:16.038  INFO 83152 --- [           main] .b.t.c.SpringBootTestContextBootstrapper : Loaded default TestExecutionListener class names from location [META-INF/spring.factories]: [org.springframework.boot.test.mock.mockito.MockitoTestExecutionListener, org.springframework.boot.test.mock.mockito.ResetMocksTestExecutionListener, org.springframework.boot.test.autoconfigure.restdocs.RestDocsTestExecutionListener, org.springframework.boot.test.autoconfigure.web.client.MockRestServiceServerResetTestExecutionListener, org.springframework.boot.test.autoconfigure.web.servlet.MockMvcPrintOnlyOnFailureTestExecutionListener, org.springframework.boot.test.autoconfigure.web.servlet.WebDriverTestExecutionListener, org.springframework.boot.test.autoconfigure.webservices.client.MockWebServiceServerTestExecutionListener, org.springframework.test.context.web.ServletTestExecutionListener, org.springframework.test.context.support.DirtiesContextBeforeModesTestExecutionListener, org.springframework.test.context.event.ApplicationEventsTestExecutionListener, org.springframework.test.context.support.DependencyInjectionTestExecutionListener, org.springframework.test.context.support.DirtiesContextTestExecutionListener, org.springframework.test.context.transaction.TransactionalTestExecutionListener, org.springframework.test.context.jdbc.SqlScriptsTestExecutionListener, org.springframework.test.context.event.EventPublishingTestExecutionListener]
2024-05-17 16:55:16.039  INFO 83152 --- [           main] .b.t.c.SpringBootTestContextBootstrapper : Using TestExecutionListeners: [org.springframework.test.context.web.ServletTestExecutionListener@f9b8129, org.springframework.test.context.support.DirtiesContextBeforeModesTestExecutionListener@7530090a, org.springframework.test.context.event.ApplicationEventsTestExecutionListener@4492b393, org.springframework.boot.test.mock.mockito.MockitoTestExecutionListener@55fb36de, org.springframework.boot.test.autoconfigure.SpringBootDependencyInjectionTestExecutionListener@63a7781, org.springframework.test.context.support.DirtiesContextTestExecutionListener@73b74615, org.springframework.test.context.event.EventPublishingTestExecutionListener@22686ddb, org.springframework.boot.test.mock.mockito.ResetMocksTestExecutionListener@2e29f28e, org.springframework.boot.test.autoconfigure.restdocs.RestDocsTestExecutionListener@7bfa1eb5, org.springframework.boot.test.autoconfigure.web.client.MockRestServiceServerResetTestExecutionListener@32b46831, org.springframework.boot.test.autoconfigure.web.servlet.MockMvcPrintOnlyOnFailureTestExecutionListener@5353dd09, org.springframework.boot.test.autoconfigure.web.servlet.WebDriverTestExecutionListener@320ff86f, org.springframework.boot.test.autoconfigure.webservices.client.MockWebServiceServerTestExecutionListener@192b472d]
2024-05-17 16:55:16.041  INFO 83152 --- [WebServer 40433] okhttp3.mockwebserver.MockWebServer      : MockWebServer[40433] starting to accept connections

  .   ____          _            __ _ _
 /\\ / ___'_ __ _ _(_)_ __  __ _ \ \ \ \
( ( )\___ | '_ | '_| | '_ \/ _` | \ \ \ \
 \\/  ___)| |_)| | | | | || (_| |  ) ) ) )
  '  |____| .__|_| |_|_| |_\__, | / / / /
 =========|_|==============|___/=/_/_/_/
 :: Spring Boot ::                (v2.6.3)

2024-05-17 16:55:16.078  WARN 83152 --- [           main] ubernetesProfileEnvironmentPostProcessor : Not running inside kubernetes. Skipping 'kubernetes' profile activation.
2024-05-17 16:55:16.081  INFO 83152 --- [           main] o.s.c.k.f.l.LoadBalancerWithServiceTests : Starting LoadBalancerWithServiceTests using Java 1.8.0_292 on 9168d08beda2 with PID 83152 (started by idflakies in /home/idflakies/spring-cloud/spring-cloud-kubernetes)
2024-05-17 16:55:16.081  INFO 83152 --- [           main] o.s.c.k.f.l.LoadBalancerWithServiceTests : No active profile set, falling back to default profiles: default
2024-05-17 16:55:16.263  INFO 83152 --- [           main] o.s.cloud.context.scope.GenericScope     : BeanFactory id=6ed38a8a-182b-30b2-8978-4377b69da042
2024-05-17 16:55:16.771  INFO 83152 --- [           main] o.s.b.w.embedded.tomcat.TomcatWebServer  : Tomcat initialized with port(s): 0 (http)
2024-05-17 16:55:16.772  INFO 83152 --- [           main] o.apache.catalina.core.StandardService   : Starting service [Tomcat]
2024-05-17 16:55:16.772  INFO 83152 --- [           main] org.apache.catalina.core.StandardEngine  : Starting Servlet engine: [Apache Tomcat/9.0.56]
2024-05-17 16:55:16.782  INFO 83152 --- [           main] o.a.c.c.C.[Tomcat-2].[localhost].[/]     : Initializing Spring embedded WebApplicationContext
2024-05-17 16:55:16.782  INFO 83152 --- [           main] w.s.c.ServletWebServerApplicationContext : Root WebApplicationContext: initialization completed in 697 ms
2024-05-17 16:55:17.260  WARN 83152 --- [           main] iguration$LoadBalancerCaffeineWarnLogger : Spring Cloud LoadBalancer is currently working with the default cache. While this cache implementation is useful for development and tests, it's recommended to use Caffeine cache in production.You can switch to using Caffeine cache, by adding it and org.springframework.cache.caffeine.CaffeineCacheManager to the classpath.
2024-05-17 16:55:17.277  INFO 83152 --- [           main] o.s.b.w.embedded.tomcat.TomcatWebServer  : Tomcat started on port(s): 41721 (http) with context path ''
2024-05-17 16:55:17.280  INFO 83152 --- [           main] o.s.c.k.f.l.LoadBalancerWithServiceTests : Started LoadBalancerWithServiceTests in 1.235 seconds (JVM running for 8.053)
2024-05-17 16:55:17.288  INFO 83152 --- [WebServer 54189] okhttp3.mockwebserver.MockWebServer      : MockWebServer[54189] starting to accept connections
2024-05-17 16:55:17.312  INFO 83152 --- [127.0.0.1:40996] okhttp3.mockwebserver.MockWebServer      : MockWebServer[40433] received request: POST /api/v1/namespaces/b/services HTTP/1.1 and responded: HTTP/1.1 200 OK
2024-05-17 16:55:17.331  INFO 83152 --- [127.0.0.1:41002] okhttp3.mockwebserver.MockWebServer      : MockWebServer[40433] received request: GET /api/v1/namespaces/test/services/service-b HTTP/1.1 and responded: HTTP/1.1 404 Client Error
2024-05-17 16:55:17.339  WARN 83152 --- [           main] o.s.c.l.core.RoundRobinLoadBalancer      : No servers available for service: service-b
2024-05-17 16:55:17.344  INFO 83152 --- [WebServer 54189] okhttp3.mockwebserver.MockWebServer      : MockWebServer[54189] done accepting connections: Socket closed
2024-05-17 16:55:17.349  INFO 83152 --- [           main] .b.t.c.SpringBootTestContextBootstrapper : Neither @ContextConfiguration nor @ContextHierarchy found for test class [org.springframework.cloud.kubernetes.fabric8.loadbalancer.LoadBalancerWithServiceTests], using SpringBootContextLoader
2024-05-17 16:55:17.351  INFO 83152 --- [           main] o.s.t.c.support.AbstractContextLoader    : Could not detect default resource locations for test class [org.springframework.cloud.kubernetes.fabric8.loadbalancer.LoadBalancerWithServiceTests]: no resource found for suffixes {-context.xml, Context.groovy}.
2024-05-17 16:55:17.352  INFO 83152 --- [           main] t.c.s.AnnotationConfigContextLoaderUtils : Could not detect default configuration classes for test class [org.springframework.cloud.kubernetes.fabric8.loadbalancer.LoadBalancerWithServiceTests]: LoadBalancerWithServiceTests does not declare any static, non-private, non-final, nested classes annotated with @Configuration.
2024-05-17 16:55:17.355  INFO 83152 --- [           main] .b.t.c.SpringBootTestContextBootstrapper : Found @SpringBootConfiguration org.springframework.cloud.kubernetes.fabric8.loadbalancer.SimpleLoadBalancerApp for test class org.springframework.cloud.kubernetes.fabric8.loadbalancer.LoadBalancerWithServiceTests
2024-05-17 16:55:17.360  INFO 83152 --- [           main] .b.t.c.SpringBootTestContextBootstrapper : Loaded default TestExecutionListener class names from location [META-INF/spring.factories]: [org.springframework.boot.test.mock.mockito.MockitoTestExecutionListener, org.springframework.boot.test.mock.mockito.ResetMocksTestExecutionListener, org.springframework.boot.test.autoconfigure.restdocs.RestDocsTestExecutionListener, org.springframework.boot.test.autoconfigure.web.client.MockRestServiceServerResetTestExecutionListener, org.springframework.boot.test.autoconfigure.web.servlet.MockMvcPrintOnlyOnFailureTestExecutionListener, org.springframework.boot.test.autoconfigure.web.servlet.WebDriverTestExecutionListener, org.springframework.boot.test.autoconfigure.webservices.client.MockWebServiceServerTestExecutionListener, org.springframework.test.context.web.ServletTestExecutionListener, org.springframework.test.context.support.DirtiesContextBeforeModesTestExecutionListener, org.springframework.test.context.event.ApplicationEventsTestExecutionListener, org.springframework.test.context.support.DependencyInjectionTestExecutionListener, org.springframework.test.context.support.DirtiesContextTestExecutionListener, org.springframework.test.context.transaction.TransactionalTestExecutionListener, org.springframework.test.context.jdbc.SqlScriptsTestExecutionListener, org.springframework.test.context.event.EventPublishingTestExecutionListener]
2024-05-17 16:55:17.363  INFO 83152 --- [           main] .b.t.c.SpringBootTestContextBootstrapper : Using TestExecutionListeners: [org.springframework.test.context.web.ServletTestExecutionListener@38e46765, org.springframework.test.context.support.DirtiesContextBeforeModesTestExecutionListener@192f5f39, org.springframework.test.context.event.ApplicationEventsTestExecutionListener@4cd5fc46, org.springframework.boot.test.mock.mockito.MockitoTestExecutionListener@2965dd88, org.springframework.boot.test.autoconfigure.SpringBootDependencyInjectionTestExecutionListener@3221588e, org.springframework.test.context.support.DirtiesContextTestExecutionListener@51141f64, org.springframework.test.context.event.EventPublishingTestExecutionListener@32c0fecc, org.springframework.boot.test.mock.mockito.ResetMocksTestExecutionListener@35ceec81, org.springframework.boot.test.autoconfigure.restdocs.RestDocsTestExecutionListener@d13379e, org.springframework.boot.test.autoconfigure.web.client.MockRestServiceServerResetTestExecutionListener@7c8df667, org.springframework.boot.test.autoconfigure.web.servlet.MockMvcPrintOnlyOnFailureTestExecutionListener@498e41a4, org.springframework.boot.test.autoconfigure.web.servlet.WebDriverTestExecutionListener@be616f0, org.springframework.boot.test.autoconfigure.webservices.client.MockWebServiceServerTestExecutionListener@1f5d7fd5]
2024-05-17 16:55:17.372  INFO 83152 --- [WebServer 56209] okhttp3.mockwebserver.MockWebServer      : MockWebServer[56209] starting to accept connections
2024-05-17 16:55:17.381  INFO 83152 --- [WebServer 48519] okhttp3.mockwebserver.MockWebServer      : MockWebServer[48519] starting to accept connections
2024-05-17 16:55:17.392  INFO 83152 --- [127.0.0.1:35048] okhttp3.mockwebserver.MockWebServer      : MockWebServer[56209] received request: POST /api/v1/namespaces/test/services HTTP/1.1 and responded: HTTP/1.1 200 OK
2024-05-17 16:55:17.419  INFO 83152 --- [127.0.0.1:41002] okhttp3.mockwebserver.MockWebServer      : MockWebServer[40433] received request: GET /api/v1/namespaces/test/services/service-a HTTP/1.1 and responded: HTTP/1.1 404 Client Error
2024-05-17 16:55:17.419  WARN 83152 --- [           main] o.s.c.l.core.RoundRobinLoadBalancer      : No servers available for service: service-a
java.lang.IllegalStateException: No instances available for service-a
	at org.springframework.cloud.loadbalancer.blocking.client.BlockingLoadBalancerClient.execute(BlockingLoadBalancerClient.java:84)
	at org.springframework.cloud.client.loadbalancer.LoadBalancerInterceptor.intercept(LoadBalancerInterceptor.java:56)
	at org.springframework.http.client.InterceptingClientHttpRequest$InterceptingRequestExecution.execute(InterceptingClientHttpRequest.java:93)
	at org.springframework.http.client.InterceptingClientHttpRequest.executeInternal(InterceptingClientHttpRequest.java:77)
	at org.springframework.http.client.AbstractBufferingClientHttpRequest.executeInternal(AbstractBufferingClientHttpRequest.java:48)
	at org.springframework.http.client.AbstractClientHttpRequest.execute(AbstractClientHttpRequest.java:66)
	at org.springframework.web.client.RestTemplate.doExecute(RestTemplate.java:776)
	at org.springframework.web.client.RestTemplate.execute(RestTemplate.java:711)
	at org.springframework.web.client.RestTemplate.getForObject(RestTemplate.java:334)
	at org.springframework.cloud.kubernetes.fabric8.loadbalancer.LoadBalancerWithServiceTests.testLoadBalancerSameNamespace(LoadBalancerWithServiceTests.java:85)
	at sun.reflect.NativeMethodAccessorImpl.invoke0(Native Method)
	at sun.reflect.NativeMethodAccessorImpl.invoke(NativeMethodAccessorImpl.java:62)
	at sun.reflect.DelegatingMethodAccessorImpl.invoke(DelegatingMethodAccessorImpl.java:43)
	at java.lang.reflect.Method.invoke(Method.java:498)
	at org.junit.platform.commons.util.ReflectionUtils.invokeMethod(ReflectionUtils.java:725)
	at org.junit.jupiter.engine.execution.MethodInvocation.proceed(MethodInvocation.java:60)
	at org.junit.jupiter.engine.execution.InvocationInterceptorChain$ValidatingInvocation.proceed(InvocationInterceptorChain.java:131)
	at org.junit.jupiter.engine.extension.TimeoutExtension.intercept(TimeoutExtension.java:149)
	at org.junit.jupiter.engine.extension.TimeoutExtension.interceptTestableMethod(TimeoutExtension.java:140)
	at org.junit.jupiter.engine.extension.TimeoutExtension.interceptTestMethod(TimeoutExtension.java:84)
	at org.junit.jupiter.engine.execution.ExecutableInvoker$ReflectiveInterceptorCall.lambda$ofVoidMethod$0(ExecutableInvoker.java:115)
	at org.junit.jupiter.engine.execution.ExecutableInvoker.lambda$invoke$0(ExecutableInvoker.java:105)
	at org.junit.jupiter.engine.execution.InvocationInterceptorChain$InterceptedInvocation.proceed(InvocationInterceptorChain.java:106)
	at org.junit.jupiter.engine.execution.InvocationInterceptorChain.proceed(InvocationInterceptorChain.java:64)
	at org.junit.jupiter.engine.execution.InvocationInterceptorChain.chainAndInvoke(InvocationInterceptorChain.java:45)
	at org.junit.jupiter.engine.execution.InvocationInterceptorChain.invoke(InvocationInterceptorChain.java:37)
	at org.junit.jupiter.engine.execution.ExecutableInvoker.invoke(ExecutableInvoker.java:104)
	at org.junit.jupiter.engine.execution.ExecutableInvoker.invoke(ExecutableInvoker.java:98)
	at org.junit.jupiter.engine.descriptor.TestMethodTestDescriptor.lambda$invokeTestMethod$7(TestMethodTestDescriptor.java:214)
	at org.junit.platform.engine.support.hierarchical.ThrowableCollector.execute(ThrowableCollector.java:73)
	at org.junit.jupiter.engine.descriptor.TestMethodTestDescriptor.invokeTestMethod(TestMethodTestDescriptor.java:210)
	at org.junit.jupiter.engine.descriptor.TestMethodTestDescriptor.execute(TestMethodTestDescriptor.java:135)
	at org.junit.jupiter.engine.descriptor.TestMethodTestDescriptor.execute(TestMethodTestDescriptor.java:66)
	at org.junit.platform.engine.support.hierarchical.NodeTestTask.lambda$executeRecursively$6(NodeTestTask.java:151)
	at org.junit.platform.engine.support.hierarchical.ThrowableCollector.execute(ThrowableCollector.java:73)
	at org.junit.platform.engine.support.hierarchical.NodeTestTask.lambda$executeRecursively$8(NodeTestTask.java:141)
	at org.junit.platform.engine.support.hierarchical.Node.around(Node.java:137)
	at org.junit.platform.engine.support.hierarchical.NodeTestTask.lambda$executeRecursively$9(NodeTestTask.java:139)
	at org.junit.platform.engine.support.hierarchical.ThrowableCollector.execute(ThrowableCollector.java:73)
	at org.junit.platform.engine.support.hierarchical.NodeTestTask.executeRecursively(NodeTestTask.java:138)
	at org.junit.platform.engine.support.hierarchical.NodeTestTask.execute(NodeTestTask.java:95)
	at java.util.ArrayList.forEach(ArrayList.java:1259)
	at org.junit.platform.engine.support.hierarchical.SameThreadHierarchicalTestExecutorService.invokeAll(SameThreadHierarchicalTestExecutorService.java:41)
	at org.junit.platform.engine.support.hierarchical.NodeTestTask.lambda$executeRecursively$6(NodeTestTask.java:155)
	at org.junit.platform.engine.support.hierarchical.ThrowableCollector.execute(ThrowableCollector.java:73)
	at org.junit.platform.engine.support.hierarchical.NodeTestTask.lambda$executeRecursively$8(NodeTestTask.java:141)
	at org.junit.platform.engine.support.hierarchical.Node.around(Node.java:137)
	at org.junit.platform.engine.support.hierarchical.NodeTestTask.lambda$executeRecursively$9(NodeTestTask.java:139)
	at org.junit.platform.engine.support.hierarchical.ThrowableCollector.execute(ThrowableCollector.java:73)
	at org.junit.platform.engine.support.hierarchical.NodeTestTask.executeRecursively(NodeTestTask.java:138)
	at org.junit.platform.engine.support.hierarchical.NodeTestTask.execute(NodeTestTask.java:95)
	at java.util.ArrayList.forEach(ArrayList.java:1259)
	at org.junit.platform.engine.support.hierarchical.SameThreadHierarchicalTestExecutorService.invokeAll(SameThreadHierarchicalTestExecutorService.java:41)
	at org.junit.platform.engine.support.hierarchical.NodeTestTask.lambda$executeRecursively$6(NodeTestTask.java:155)
	at org.junit.platform.engine.support.hierarchical.ThrowableCollector.execute(ThrowableCollector.java:73)
	at org.junit.platform.engine.support.hierarchical.NodeTestTask.lambda$executeRecursively$8(NodeTestTask.java:141)
	at org.junit.platform.engine.support.hierarchical.Node.around(Node.java:137)
	at org.junit.platform.engine.support.hierarchical.NodeTestTask.lambda$executeRecursively$9(NodeTestTask.java:139)
	at org.junit.platform.engine.support.hierarchical.ThrowableCollector.execute(ThrowableCollector.java:73)
	at org.junit.platform.engine.support.hierarchical.NodeTestTask.executeRecursively(NodeTestTask.java:138)
	at org.junit.platform.engine.support.hierarchical.NodeTestTask.execute(NodeTestTask.java:95)
	at org.junit.platform.engine.support.hierarchical.SameThreadHierarchicalTestExecutorService.submit(SameThreadHierarchicalTestExecutorService.java:35)
	at org.junit.platform.engine.support.hierarchical.HierarchicalTestExecutor.execute(HierarchicalTestExecutor.java:57)
	at org.junit.platform.engine.support.hierarchical.HierarchicalTestEngine.execute(HierarchicalTestEngine.java:54)
	at org.junit.platform.launcher.core.DefaultLauncher.execute(DefaultLauncher.java:170)
	at org.junit.platform.launcher.core.DefaultLauncher.execute(DefaultLauncher.java:154)
	at org.junit.platform.launcher.core.DefaultLauncher.execute(DefaultLauncher.java:90)
	at edu.illinois.cs.testrunner.execution.JUnit5TestExecutor.runTestsSeparately(JUnit5TestExecutor.java:40)
	at edu.illinois.cs.testrunner.execution.Executor$.$anonfun$run$1(Executor.scala:33)
	at scala.runtime.java8.JFunction0$mcV$sp.apply(JFunction0$mcV$sp.java:12)
	at scala.util.Try$.apply(Try.scala:209)
	at edu.illinois.cs.testrunner.execution.Executor$.run(Executor.scala:28)
	at edu.illinois.cs.testrunner.execution.Executor$.main(Executor.scala:18)
	at edu.illinois.cs.testrunner.execution.Executor.main(Executor.scala)
2024-05-17 16:55:17.426  INFO 83152 --- [WebServer 48519] okhttp3.mockwebserver.MockWebServer      : MockWebServer[48519] done accepting connections: Socket closed
