14:03:07.125 [main] DEBUG org.springframework.test.context.junit4.SpringJUnit4ClassRunner - SpringJUnit4ClassRunner constructor called with [class org.springframework.cloud.kubernetes.client.discovery.KubernetesDiscoveryClientAutoConfigurationTests]
14:03:07.133 [main] DEBUG org.springframework.test.context.BootstrapUtils - Instantiating CacheAwareContextLoaderDelegate from class [org.springframework.test.context.cache.DefaultCacheAwareContextLoaderDelegate]
14:03:07.141 [main] DEBUG org.springframework.test.context.BootstrapUtils - Instantiating BootstrapContext using constructor [public org.springframework.test.context.support.DefaultBootstrapContext(java.lang.Class,org.springframework.test.context.CacheAwareContextLoaderDelegate)]
14:03:07.179 [main] DEBUG org.springframework.test.context.BootstrapUtils - Instantiating TestContextBootstrapper for test class [org.springframework.cloud.kubernetes.client.discovery.KubernetesDiscoveryClientAutoConfigurationTests] from class [org.springframework.boot.test.context.SpringBootTestContextBootstrapper]
14:03:07.188 [main] INFO org.springframework.boot.test.context.SpringBootTestContextBootstrapper - Neither @ContextConfiguration nor @ContextHierarchy found for test class [org.springframework.cloud.kubernetes.client.discovery.KubernetesDiscoveryClientAutoConfigurationTests], using SpringBootContextLoader
14:03:07.192 [main] DEBUG org.springframework.test.context.support.AbstractContextLoader - Did not detect default resource location for test class [org.springframework.cloud.kubernetes.client.discovery.KubernetesDiscoveryClientAutoConfigurationTests]: class path resource [org/springframework/cloud/kubernetes/client/discovery/KubernetesDiscoveryClientAutoConfigurationTests-context.xml] does not exist
14:03:07.193 [main] DEBUG org.springframework.test.context.support.AbstractContextLoader - Did not detect default resource location for test class [org.springframework.cloud.kubernetes.client.discovery.KubernetesDiscoveryClientAutoConfigurationTests]: class path resource [org/springframework/cloud/kubernetes/client/discovery/KubernetesDiscoveryClientAutoConfigurationTestsContext.groovy] does not exist
14:03:07.193 [main] INFO org.springframework.test.context.support.AbstractContextLoader - Could not detect default resource locations for test class [org.springframework.cloud.kubernetes.client.discovery.KubernetesDiscoveryClientAutoConfigurationTests]: no resource found for suffixes {-context.xml, Context.groovy}.
14:03:07.288 [main] DEBUG org.springframework.test.context.support.ActiveProfilesUtils - Could not find an 'annotation declaring class' for annotation type [org.springframework.test.context.ActiveProfiles] and class [org.springframework.cloud.kubernetes.client.discovery.KubernetesDiscoveryClientAutoConfigurationTests]
14:03:07.459 [main] DEBUG org.springframework.boot.test.context.SpringBootTestContextBootstrapper - @TestExecutionListeners is not present for class [org.springframework.cloud.kubernetes.client.discovery.KubernetesDiscoveryClientAutoConfigurationTests]: using defaults.
14:03:07.460 [main] INFO org.springframework.boot.test.context.SpringBootTestContextBootstrapper - Loaded default TestExecutionListener class names from location [META-INF/spring.factories]: [org.springframework.boot.test.mock.mockito.MockitoTestExecutionListener, org.springframework.boot.test.mock.mockito.ResetMocksTestExecutionListener, org.springframework.boot.test.autoconfigure.restdocs.RestDocsTestExecutionListener, org.springframework.boot.test.autoconfigure.web.client.MockRestServiceServerResetTestExecutionListener, org.springframework.boot.test.autoconfigure.web.servlet.MockMvcPrintOnlyOnFailureTestExecutionListener, org.springframework.boot.test.autoconfigure.web.servlet.WebDriverTestExecutionListener, org.springframework.boot.test.autoconfigure.webservices.client.MockWebServiceServerTestExecutionListener, org.springframework.test.context.web.ServletTestExecutionListener, org.springframework.test.context.support.DirtiesContextBeforeModesTestExecutionListener, org.springframework.test.context.event.ApplicationEventsTestExecutionListener, org.springframework.test.context.support.DependencyInjectionTestExecutionListener, org.springframework.test.context.support.DirtiesContextTestExecutionListener, org.springframework.test.context.transaction.TransactionalTestExecutionListener, org.springframework.test.context.jdbc.SqlScriptsTestExecutionListener, org.springframework.test.context.event.EventPublishingTestExecutionListener]
14:03:07.474 [main] DEBUG org.springframework.boot.test.context.SpringBootTestContextBootstrapper - Skipping candidate TestExecutionListener [org.springframework.test.context.transaction.TransactionalTestExecutionListener] due to a missing dependency. Specify custom listener classes or make the default listener classes and their required dependencies available. Offending class: [org/springframework/transaction/TransactionDefinition]
14:03:07.475 [main] DEBUG org.springframework.boot.test.context.SpringBootTestContextBootstrapper - Skipping candidate TestExecutionListener [org.springframework.test.context.jdbc.SqlScriptsTestExecutionListener] due to a missing dependency. Specify custom listener classes or make the default listener classes and their required dependencies available. Offending class: [org/springframework/transaction/interceptor/TransactionAttribute]
14:03:07.476 [main] INFO org.springframework.boot.test.context.SpringBootTestContextBootstrapper - Using TestExecutionListeners: [org.springframework.test.context.web.ServletTestExecutionListener@5890e879, org.springframework.test.context.support.DirtiesContextBeforeModesTestExecutionListener@6440112d, org.springframework.test.context.event.ApplicationEventsTestExecutionListener@31ea9581, org.springframework.boot.test.mock.mockito.MockitoTestExecutionListener@231f98ef, org.springframework.boot.test.autoconfigure.SpringBootDependencyInjectionTestExecutionListener@7c137fd5, org.springframework.test.context.support.DirtiesContextTestExecutionListener@183ec003, org.springframework.test.context.event.EventPublishingTestExecutionListener@7d9d0818, org.springframework.boot.test.mock.mockito.ResetMocksTestExecutionListener@221a3fa4, org.springframework.boot.test.autoconfigure.restdocs.RestDocsTestExecutionListener@451001e5, org.springframework.boot.test.autoconfigure.web.client.MockRestServiceServerResetTestExecutionListener@2b40ff9c, org.springframework.boot.test.autoconfigure.web.servlet.MockMvcPrintOnlyOnFailureTestExecutionListener@3e08ff24, org.springframework.boot.test.autoconfigure.web.servlet.WebDriverTestExecutionListener@4d1c005e, org.springframework.boot.test.autoconfigure.webservices.client.MockWebServiceServerTestExecutionListener@8462f31]
14:03:07.479 [main] DEBUG org.springframework.test.annotation.ProfileValueUtils - Retrieved @ProfileValueSourceConfiguration [null] for test class [org.springframework.cloud.kubernetes.client.discovery.KubernetesDiscoveryClientAutoConfigurationTests]
14:03:07.480 [main] DEBUG org.springframework.test.annotation.ProfileValueUtils - Retrieved ProfileValueSource type [class org.springframework.test.annotation.SystemProfileValueSource] for class [org.springframework.cloud.kubernetes.client.discovery.KubernetesDiscoveryClientAutoConfigurationTests]
14:03:07.481 [main] DEBUG org.springframework.test.annotation.ProfileValueUtils - Retrieved @ProfileValueSourceConfiguration [null] for test class [org.springframework.cloud.kubernetes.client.discovery.KubernetesDiscoveryClientAutoConfigurationTests]
14:03:07.482 [main] DEBUG org.springframework.test.annotation.ProfileValueUtils - Retrieved ProfileValueSource type [class org.springframework.test.annotation.SystemProfileValueSource] for class [org.springframework.cloud.kubernetes.client.discovery.KubernetesDiscoveryClientAutoConfigurationTests]
14:03:07.493 [main] DEBUG org.springframework.test.context.junit4.SpringJUnit4ClassRunner - SpringJUnit4ClassRunner constructor called with [class org.springframework.cloud.kubernetes.client.discovery.reactive.KubernetesInformerReactiveDiscoveryClientAutoConfigurationTests]
14:03:07.493 [main] DEBUG org.springframework.test.context.BootstrapUtils - Instantiating CacheAwareContextLoaderDelegate from class [org.springframework.test.context.cache.DefaultCacheAwareContextLoaderDelegate]
14:03:07.493 [main] DEBUG org.springframework.test.context.BootstrapUtils - Instantiating BootstrapContext using constructor [public org.springframework.test.context.support.DefaultBootstrapContext(java.lang.Class,org.springframework.test.context.CacheAwareContextLoaderDelegate)]
14:03:07.494 [main] DEBUG org.springframework.test.context.BootstrapUtils - Instantiating TestContextBootstrapper for test class [org.springframework.cloud.kubernetes.client.discovery.reactive.KubernetesInformerReactiveDiscoveryClientAutoConfigurationTests] from class [org.springframework.boot.test.context.SpringBootTestContextBootstrapper]
14:03:07.494 [main] INFO org.springframework.boot.test.context.SpringBootTestContextBootstrapper - Neither @ContextConfiguration nor @ContextHierarchy found for test class [org.springframework.cloud.kubernetes.client.discovery.reactive.KubernetesInformerReactiveDiscoveryClientAutoConfigurationTests], using SpringBootContextLoader
14:03:07.495 [main] DEBUG org.springframework.test.context.support.AbstractContextLoader - Did not detect default resource location for test class [org.springframework.cloud.kubernetes.client.discovery.reactive.KubernetesInformerReactiveDiscoveryClientAutoConfigurationTests]: class path resource [org/springframework/cloud/kubernetes/client/discovery/reactive/KubernetesInformerReactiveDiscoveryClientAutoConfigurationTests-context.xml] does not exist
14:03:07.496 [main] DEBUG org.springframework.test.context.support.AbstractContextLoader - Did not detect default resource location for test class [org.springframework.cloud.kubernetes.client.discovery.reactive.KubernetesInformerReactiveDiscoveryClientAutoConfigurationTests]: class path resource [org/springframework/cloud/kubernetes/client/discovery/reactive/KubernetesInformerReactiveDiscoveryClientAutoConfigurationTestsContext.groovy] does not exist
14:03:07.496 [main] INFO org.springframework.test.context.support.AbstractContextLoader - Could not detect default resource locations for test class [org.springframework.cloud.kubernetes.client.discovery.reactive.KubernetesInformerReactiveDiscoveryClientAutoConfigurationTests]: no resource found for suffixes {-context.xml, Context.groovy}.
14:03:07.500 [main] DEBUG org.springframework.test.context.support.ActiveProfilesUtils - Could not find an 'annotation declaring class' for annotation type [org.springframework.test.context.ActiveProfiles] and class [org.springframework.cloud.kubernetes.client.discovery.reactive.KubernetesInformerReactiveDiscoveryClientAutoConfigurationTests]
14:03:07.518 [main] DEBUG org.springframework.boot.test.context.SpringBootTestContextBootstrapper - @TestExecutionListeners is not present for class [org.springframework.cloud.kubernetes.client.discovery.reactive.KubernetesInformerReactiveDiscoveryClientAutoConfigurationTests]: using defaults.
14:03:07.519 [main] INFO org.springframework.boot.test.context.SpringBootTestContextBootstrapper - Loaded default TestExecutionListener class names from location [META-INF/spring.factories]: [org.springframework.boot.test.mock.mockito.MockitoTestExecutionListener, org.springframework.boot.test.mock.mockito.ResetMocksTestExecutionListener, org.springframework.boot.test.autoconfigure.restdocs.RestDocsTestExecutionListener, org.springframework.boot.test.autoconfigure.web.client.MockRestServiceServerResetTestExecutionListener, org.springframework.boot.test.autoconfigure.web.servlet.MockMvcPrintOnlyOnFailureTestExecutionListener, org.springframework.boot.test.autoconfigure.web.servlet.WebDriverTestExecutionListener, org.springframework.boot.test.autoconfigure.webservices.client.MockWebServiceServerTestExecutionListener, org.springframework.test.context.web.ServletTestExecutionListener, org.springframework.test.context.support.DirtiesContextBeforeModesTestExecutionListener, org.springframework.test.context.event.ApplicationEventsTestExecutionListener, org.springframework.test.context.support.DependencyInjectionTestExecutionListener, org.springframework.test.context.support.DirtiesContextTestExecutionListener, org.springframework.test.context.transaction.TransactionalTestExecutionListener, org.springframework.test.context.jdbc.SqlScriptsTestExecutionListener, org.springframework.test.context.event.EventPublishingTestExecutionListener]
14:03:07.519 [main] DEBUG org.springframework.boot.test.context.SpringBootTestContextBootstrapper - Skipping candidate TestExecutionListener [org.springframework.test.context.transaction.TransactionalTestExecutionListener] due to a missing dependency. Specify custom listener classes or make the default listener classes and their required dependencies available. Offending class: [org/springframework/transaction/TransactionDefinition]
14:03:07.520 [main] DEBUG org.springframework.boot.test.context.SpringBootTestContextBootstrapper - Skipping candidate TestExecutionListener [org.springframework.test.context.jdbc.SqlScriptsTestExecutionListener] due to a missing dependency. Specify custom listener classes or make the default listener classes and their required dependencies available. Offending class: [org/springframework/transaction/interceptor/TransactionAttribute]
14:03:07.520 [main] INFO org.springframework.boot.test.context.SpringBootTestContextBootstrapper - Using TestExecutionListeners: [org.springframework.test.context.web.ServletTestExecutionListener@782859e, org.springframework.test.context.support.DirtiesContextBeforeModesTestExecutionListener@23f5b5dc, org.springframework.test.context.event.ApplicationEventsTestExecutionListener@34bde49d, org.springframework.boot.test.mock.mockito.MockitoTestExecutionListener@1b1cfb87, org.springframework.boot.test.autoconfigure.SpringBootDependencyInjectionTestExecutionListener@821330f, org.springframework.test.context.support.DirtiesContextTestExecutionListener@6f43c82, org.springframework.test.context.event.EventPublishingTestExecutionListener@5db6b9cd, org.springframework.boot.test.mock.mockito.ResetMocksTestExecutionListener@210ab13f, org.springframework.boot.test.autoconfigure.restdocs.RestDocsTestExecutionListener@20b2475a, org.springframework.boot.test.autoconfigure.web.client.MockRestServiceServerResetTestExecutionListener@7857fe2, org.springframework.boot.test.autoconfigure.web.servlet.MockMvcPrintOnlyOnFailureTestExecutionListener@6f15d60e, org.springframework.boot.test.autoconfigure.web.servlet.WebDriverTestExecutionListener@1be2019a, org.springframework.boot.test.autoconfigure.webservices.client.MockWebServiceServerTestExecutionListener@29d80d2b]
14:03:07.521 [main] DEBUG org.springframework.test.annotation.ProfileValueUtils - Retrieved @ProfileValueSourceConfiguration [null] for test class [org.springframework.cloud.kubernetes.client.discovery.reactive.KubernetesInformerReactiveDiscoveryClientAutoConfigurationTests]
14:03:07.521 [main] DEBUG org.springframework.test.annotation.ProfileValueUtils - Retrieved ProfileValueSource type [class org.springframework.test.annotation.SystemProfileValueSource] for class [org.springframework.cloud.kubernetes.client.discovery.reactive.KubernetesInformerReactiveDiscoveryClientAutoConfigurationTests]
14:03:07.521 [main] DEBUG org.springframework.test.annotation.ProfileValueUtils - Retrieved @ProfileValueSourceConfiguration [null] for test class [org.springframework.cloud.kubernetes.client.discovery.reactive.KubernetesInformerReactiveDiscoveryClientAutoConfigurationTests]
14:03:07.521 [main] DEBUG org.springframework.test.annotation.ProfileValueUtils - Retrieved ProfileValueSource type [class org.springframework.test.annotation.SystemProfileValueSource] for class [org.springframework.cloud.kubernetes.client.discovery.reactive.KubernetesInformerReactiveDiscoveryClientAutoConfigurationTests]
14:03:07.523 [main] DEBUG org.springframework.test.annotation.ProfileValueUtils - Retrieved @ProfileValueSourceConfiguration [null] for test class [org.springframework.cloud.kubernetes.client.discovery.KubernetesDiscoveryClientAutoConfigurationTests]
14:03:07.523 [main] DEBUG org.springframework.test.annotation.ProfileValueUtils - Retrieved ProfileValueSource type [class org.springframework.test.annotation.SystemProfileValueSource] for class [org.springframework.cloud.kubernetes.client.discovery.KubernetesDiscoveryClientAutoConfigurationTests]
14:03:07.524 [main] DEBUG org.springframework.test.annotation.ProfileValueUtils - Retrieved @ProfileValueSourceConfiguration [null] for test class [org.springframework.cloud.kubernetes.client.discovery.reactive.KubernetesInformerReactiveDiscoveryClientAutoConfigurationTests]
14:03:07.524 [main] DEBUG org.springframework.test.annotation.ProfileValueUtils - Retrieved ProfileValueSource type [class org.springframework.test.annotation.SystemProfileValueSource] for class [org.springframework.cloud.kubernetes.client.discovery.reactive.KubernetesInformerReactiveDiscoveryClientAutoConfigurationTests]
14:03:07.526 [main] DEBUG org.springframework.test.annotation.ProfileValueUtils - Retrieved @ProfileValueSourceConfiguration [null] for test class [org.springframework.cloud.kubernetes.client.discovery.KubernetesDiscoveryClientAutoConfigurationTests]
14:03:07.526 [main] DEBUG org.springframework.test.annotation.ProfileValueUtils - Retrieved ProfileValueSource type [class org.springframework.test.annotation.SystemProfileValueSource] for class [org.springframework.cloud.kubernetes.client.discovery.KubernetesDiscoveryClientAutoConfigurationTests]
14:03:07.526 [main] DEBUG org.springframework.test.annotation.ProfileValueUtils - Retrieved @ProfileValueSourceConfiguration [null] for test class [org.springframework.cloud.kubernetes.client.discovery.reactive.KubernetesInformerReactiveDiscoveryClientAutoConfigurationTests]
14:03:07.526 [main] DEBUG org.springframework.test.annotation.ProfileValueUtils - Retrieved ProfileValueSource type [class org.springframework.test.annotation.SystemProfileValueSource] for class [org.springframework.cloud.kubernetes.client.discovery.reactive.KubernetesInformerReactiveDiscoveryClientAutoConfigurationTests]
14:03:07.526 [main] DEBUG org.springframework.test.annotation.ProfileValueUtils - Retrieved @ProfileValueSourceConfiguration [null] for test class [org.springframework.cloud.kubernetes.client.discovery.KubernetesDiscoveryClientAutoConfigurationTests]
14:03:07.527 [main] DEBUG org.springframework.test.annotation.ProfileValueUtils - Retrieved ProfileValueSource type [class org.springframework.test.annotation.SystemProfileValueSource] for class [org.springframework.cloud.kubernetes.client.discovery.KubernetesDiscoveryClientAutoConfigurationTests]
14:03:07.527 [main] DEBUG org.springframework.test.annotation.ProfileValueUtils - Retrieved @ProfileValueSourceConfiguration [null] for test class [org.springframework.cloud.kubernetes.client.discovery.reactive.KubernetesInformerReactiveDiscoveryClientAutoConfigurationTests]
14:03:07.527 [main] DEBUG org.springframework.test.annotation.ProfileValueUtils - Retrieved ProfileValueSource type [class org.springframework.test.annotation.SystemProfileValueSource] for class [org.springframework.cloud.kubernetes.client.discovery.reactive.KubernetesInformerReactiveDiscoveryClientAutoConfigurationTests]
14:03:07.528 [main] DEBUG org.springframework.test.annotation.ProfileValueUtils - Retrieved @ProfileValueSourceConfiguration [null] for test class [org.springframework.cloud.kubernetes.client.discovery.KubernetesDiscoveryClientAutoConfigurationTests]
14:03:07.528 [main] DEBUG org.springframework.test.annotation.ProfileValueUtils - Retrieved ProfileValueSource type [class org.springframework.test.annotation.SystemProfileValueSource] for class [org.springframework.cloud.kubernetes.client.discovery.KubernetesDiscoveryClientAutoConfigurationTests]
14:03:07.528 [main] DEBUG org.springframework.test.annotation.ProfileValueUtils - Retrieved @ProfileValueSourceConfiguration [null] for test class [org.springframework.cloud.kubernetes.client.discovery.reactive.KubernetesInformerReactiveDiscoveryClientAutoConfigurationTests]
14:03:07.528 [main] DEBUG org.springframework.test.annotation.ProfileValueUtils - Retrieved ProfileValueSource type [class org.springframework.test.annotation.SystemProfileValueSource] for class [org.springframework.cloud.kubernetes.client.discovery.reactive.KubernetesInformerReactiveDiscoveryClientAutoConfigurationTests]
14:03:07.528 [main] DEBUG org.springframework.test.annotation.ProfileValueUtils - Retrieved @ProfileValueSourceConfiguration [null] for test class [org.springframework.cloud.kubernetes.client.discovery.reactive.KubernetesInformerReactiveDiscoveryClientAutoConfigurationTests]
14:03:07.528 [main] DEBUG org.springframework.test.annotation.ProfileValueUtils - Retrieved ProfileValueSource type [class org.springframework.test.annotation.SystemProfileValueSource] for class [org.springframework.cloud.kubernetes.client.discovery.reactive.KubernetesInformerReactiveDiscoveryClientAutoConfigurationTests]
14:03:07.534 [main] DEBUG org.springframework.test.annotation.ProfileValueUtils - Retrieved @ProfileValueSourceConfiguration [null] for test class [org.springframework.cloud.kubernetes.client.discovery.KubernetesDiscoveryClientAutoConfigurationTests]
14:03:07.534 [main] DEBUG org.springframework.test.annotation.ProfileValueUtils - Retrieved ProfileValueSource type [class org.springframework.test.annotation.SystemProfileValueSource] for class [org.springframework.cloud.kubernetes.client.discovery.KubernetesDiscoveryClientAutoConfigurationTests]
14:03:07.534 [main] DEBUG org.springframework.test.annotation.ProfileValueUtils - Retrieved @ProfileValueSourceConfiguration [null] for test class [org.springframework.cloud.kubernetes.client.discovery.reactive.KubernetesInformerReactiveDiscoveryClientAutoConfigurationTests]
14:03:07.534 [main] DEBUG org.springframework.test.annotation.ProfileValueUtils - Retrieved ProfileValueSource type [class org.springframework.test.annotation.SystemProfileValueSource] for class [org.springframework.cloud.kubernetes.client.discovery.reactive.KubernetesInformerReactiveDiscoveryClientAutoConfigurationTests]
14:03:07.535 [main] DEBUG org.springframework.test.annotation.ProfileValueUtils - Retrieved @ProfileValueSourceConfiguration [null] for test class [org.springframework.cloud.kubernetes.client.discovery.KubernetesDiscoveryClientAutoConfigurationTests]
14:03:07.536 [main] DEBUG org.springframework.test.annotation.ProfileValueUtils - Retrieved ProfileValueSource type [class org.springframework.test.annotation.SystemProfileValueSource] for class [org.springframework.cloud.kubernetes.client.discovery.KubernetesDiscoveryClientAutoConfigurationTests]
14:03:07.536 [main] DEBUG org.springframework.test.annotation.ProfileValueUtils - Retrieved @ProfileValueSourceConfiguration [null] for test class [org.springframework.cloud.kubernetes.client.discovery.reactive.KubernetesInformerReactiveDiscoveryClientAutoConfigurationTests]
14:03:07.536 [main] DEBUG org.springframework.test.annotation.ProfileValueUtils - Retrieved ProfileValueSource type [class org.springframework.test.annotation.SystemProfileValueSource] for class [org.springframework.cloud.kubernetes.client.discovery.reactive.KubernetesInformerReactiveDiscoveryClientAutoConfigurationTests]
14:03:07.538 [main] DEBUG org.springframework.test.annotation.ProfileValueUtils - Retrieved @ProfileValueSourceConfiguration [null] for test class [org.springframework.cloud.kubernetes.client.discovery.KubernetesDiscoveryClientAutoConfigurationTests]
14:03:07.538 [main] DEBUG org.springframework.test.annotation.ProfileValueUtils - Retrieved ProfileValueSource type [class org.springframework.test.annotation.SystemProfileValueSource] for class [org.springframework.cloud.kubernetes.client.discovery.KubernetesDiscoveryClientAutoConfigurationTests]
14:03:07.538 [main] DEBUG org.springframework.test.annotation.ProfileValueUtils - Retrieved @ProfileValueSourceConfiguration [null] for test class [org.springframework.cloud.kubernetes.client.discovery.KubernetesDiscoveryClientAutoConfigurationTests]
14:03:07.538 [main] DEBUG org.springframework.test.annotation.ProfileValueUtils - Retrieved ProfileValueSource type [class org.springframework.test.annotation.SystemProfileValueSource] for class [org.springframework.cloud.kubernetes.client.discovery.KubernetesDiscoveryClientAutoConfigurationTests]
14:03:07.542 [main] DEBUG org.springframework.test.context.support.AbstractDirtiesContextTestExecutionListener - Before test class: context [DefaultTestContext@5d908d47 testClass = KubernetesDiscoveryClientAutoConfigurationTests, testInstance = [null], testMethod = [null], testException = [null], mergedContextConfiguration = [WebMergedContextConfiguration@5efa40fe testClass = KubernetesDiscoveryClientAutoConfigurationTests, locations = '{}', classes = '{class org.springframework.cloud.kubernetes.client.discovery.KubernetesDiscoveryClientAutoConfigurationTests$TestConfig}', contextInitializerClasses = '[]', activeProfiles = '{}', propertySourceLocations = '{}', propertySourceProperties = '{spring.cloud.kubernetes.discovery.cacheLoadingTimeoutSeconds=5, spring.cloud.config.enabled=false, spring.cloud.kubernetes.discovery.waitCacheReady=false, org.springframework.boot.test.context.SpringBootTestContextBootstrapper=true, server.port=0}', contextCustomizers = set[org.springframework.boot.test.context.filter.ExcludeFilterContextCustomizer@662ac478, org.springframework.boot.test.json.DuplicateJsonObjectContextCustomizerFactory$DuplicateJsonObjectContextCustomizer@477b4cdf, org.springframework.boot.test.mock.mockito.MockitoContextCustomizer@0, org.springframework.boot.test.web.client.TestRestTemplateContextCustomizer@367ffa75, org.springframework.boot.test.web.reactive.server.WebTestClientContextCustomizer@1c1bbc4e, org.springframework.boot.test.autoconfigure.actuate.metrics.MetricsExportContextCustomizerFactory$DisableMetricExportContextCustomizer@2aceadd4, org.springframework.boot.test.autoconfigure.properties.PropertyMappingContextCustomizer@0, org.springframework.boot.test.autoconfigure.web.servlet.WebDriverContextCustomizerFactory$Customizer@7bedc48a, org.springframework.boot.test.context.SpringBootTestArgs@1, org.springframework.boot.test.context.SpringBootTestWebEnvironment@7722c3c3], resourceBasePath = 'src/main/webapp', contextLoader = 'org.springframework.boot.test.context.SpringBootContextLoader', parent = [null]], attributes = map['org.springframework.test.context.web.ServletTestExecutionListener.activateListener' -> false]], class annotated with @DirtiesContext [false] with mode [null].
14:03:07.544 [main] DEBUG org.springframework.test.annotation.ProfileValueUtils - Retrieved @ProfileValueSourceConfiguration [null] for test class [org.springframework.cloud.kubernetes.client.discovery.KubernetesDiscoveryClientAutoConfigurationTests]
14:03:07.544 [main] DEBUG org.springframework.test.annotation.ProfileValueUtils - Retrieved ProfileValueSource type [class org.springframework.test.annotation.SystemProfileValueSource] for class [org.springframework.cloud.kubernetes.client.discovery.KubernetesDiscoveryClientAutoConfigurationTests]
14:03:07.549 [main] DEBUG org.springframework.test.context.support.DependencyInjectionTestExecutionListener - Performing dependency injection for test context [[DefaultTestContext@5d908d47 testClass = KubernetesDiscoveryClientAutoConfigurationTests, testInstance = org.springframework.cloud.kubernetes.client.discovery.KubernetesDiscoveryClientAutoConfigurationTests@15d49048, testMethod = [null], testException = [null], mergedContextConfiguration = [WebMergedContextConfiguration@5efa40fe testClass = KubernetesDiscoveryClientAutoConfigurationTests, locations = '{}', classes = '{class org.springframework.cloud.kubernetes.client.discovery.KubernetesDiscoveryClientAutoConfigurationTests$TestConfig}', contextInitializerClasses = '[]', activeProfiles = '{}', propertySourceLocations = '{}', propertySourceProperties = '{spring.cloud.kubernetes.discovery.cacheLoadingTimeoutSeconds=5, spring.cloud.config.enabled=false, spring.cloud.kubernetes.discovery.waitCacheReady=false, org.springframework.boot.test.context.SpringBootTestContextBootstrapper=true, server.port=0}', contextCustomizers = set[org.springframework.boot.test.context.filter.ExcludeFilterContextCustomizer@662ac478, org.springframework.boot.test.json.DuplicateJsonObjectContextCustomizerFactory$DuplicateJsonObjectContextCustomizer@477b4cdf, org.springframework.boot.test.mock.mockito.MockitoContextCustomizer@0, org.springframework.boot.test.web.client.TestRestTemplateContextCustomizer@367ffa75, org.springframework.boot.test.web.reactive.server.WebTestClientContextCustomizer@1c1bbc4e, org.springframework.boot.test.autoconfigure.actuate.metrics.MetricsExportContextCustomizerFactory$DisableMetricExportContextCustomizer@2aceadd4, org.springframework.boot.test.autoconfigure.properties.PropertyMappingContextCustomizer@0, org.springframework.boot.test.autoconfigure.web.servlet.WebDriverContextCustomizerFactory$Customizer@7bedc48a, org.springframework.boot.test.context.SpringBootTestArgs@1, org.springframework.boot.test.context.SpringBootTestWebEnvironment@7722c3c3], resourceBasePath = 'src/main/webapp', contextLoader = 'org.springframework.boot.test.context.SpringBootContextLoader', parent = [null]], attributes = map['org.springframework.test.context.web.ServletTestExecutionListener.activateListener' -> false, 'org.springframework.test.context.event.ApplicationEventsTestExecutionListener.recordApplicationEvents' -> false]]].

  .   ____          _            __ _ _
 /\\ / ___'_ __ _ _(_)_ __  __ _ \ \ \ \
( ( )\___ | '_ | '_| | '_ \/ _` | \ \ \ \
 \\/  ___)| |_)| | | | | || (_| |  ) ) ) )
  '  |____| .__|_| |_|_| |_\__, | / / / /
 =========|_|==============|___/=/_/_/_/
 :: Spring Boot ::                (v2.6.3)

2024-04-21 14:03:08.152  WARN 56572 --- [           main] ubernetesProfileEnvironmentPostProcessor : Not running inside kubernetes. Skipping 'kubernetes' profile activation.
2024-04-21 14:03:08.161  INFO 56572 --- [           main] tesDiscoveryClientAutoConfigurationTests : Starting KubernetesDiscoveryClientAutoConfigurationTests using Java 1.8.0_292 on 003cc2912fe6 with PID 56572 (started by idflakies in /home/idflakies/spring-cloud/spring-cloud-kubernetes)
2024-04-21 14:03:08.161  INFO 56572 --- [           main] tesDiscoveryClientAutoConfigurationTests : No active profile set, falling back to default profiles: default
2024-04-21 14:03:09.537  INFO 56572 --- [           main] org.eclipse.jetty.util.log               : Logging initialized @3250ms to org.eclipse.jetty.util.log.Slf4jLog
2024-04-21 14:03:09.654  INFO 56572 --- [           main] org.eclipse.jetty.server.Server          : jetty-9.4.44.v20210927; built: 2021-09-27T23:02:44.612Z; git: 8da83308eeca865e495e53ef315a249d63ba9332; jvm 1.8.0_292-8u292-b10-0ubuntu1~16.04.1-b10
2024-04-21 14:03:09.672  INFO 56572 --- [           main] o.e.jetty.server.handler.ContextHandler  : Started o.e.j.s.ServletContextHandler@64f981e2{/__admin,null,AVAILABLE}
2024-04-21 14:03:09.674  INFO 56572 --- [           main] o.e.jetty.server.handler.ContextHandler  : Started o.e.j.s.ServletContextHandler@59bbb974{/,null,AVAILABLE}
2024-04-21 14:03:09.689  INFO 56572 --- [           main] o.e.jetty.server.AbstractConnector       : Started NetworkTrafficServerConnector@7c72ecc{HTTP/1.1, (http/1.1)}{0.0.0.0:34305}
2024-04-21 14:03:09.690  INFO 56572 --- [           main] org.eclipse.jetty.server.Server          : Started @3403ms
2024-04-21 14:03:09.921  INFO 56572 --- [tp2107873140-22] o.e.j.s.handler.ContextHandler.__admin   : RequestHandlerClass from context returned com.github.tomakehurst.wiremock.http.AdminRequestHandler. Normalized mapped under returned 'null'
2024-04-21 14:03:10.171  INFO 56572 --- [           main] o.s.c.a.ConfigurationClassPostProcessor  : Cannot enhance @Configuration bean definition 'kubernetesDiscoveryClientAutoConfigurationTests.TestConfig' since its singleton instance has been created too early. The typical cause is a non-static @Bean method with a BeanDefinitionRegistryPostProcessor return type: Consider declaring such methods as 'static'.
2024-04-21 14:03:10.282  INFO 56572 --- [           main] o.s.cloud.context.scope.GenericScope     : BeanFactory id=c4d006af-a204-306e-a414-6c511b278167
2024-04-21 14:03:10.401  INFO 56572 --- [           main] trationDelegate$BeanPostProcessorChecker : Bean 'io.kubernetes.client.spring.extended.manifests.config.KubernetesManifestsAutoConfiguration' of type [io.kubernetes.client.spring.extended.manifests.config.KubernetesManifestsAutoConfiguration] is not eligible for getting processed by all BeanPostProcessors (for example: not eligible for auto-proxying)
2024-04-21 14:03:10.430  INFO 56572 --- [           main] trationDelegate$BeanPostProcessorChecker : Bean 'org.springframework.cloud.commons.config.CommonsConfigAutoConfiguration' of type [org.springframework.cloud.commons.config.CommonsConfigAutoConfiguration] is not eligible for getting processed by all BeanPostProcessors (for example: not eligible for auto-proxying)
2024-04-21 14:03:10.435  INFO 56572 --- [           main] trationDelegate$BeanPostProcessorChecker : Bean 'org.springframework.cloud.client.loadbalancer.LoadBalancerDefaultMappingsProviderAutoConfiguration' of type [org.springframework.cloud.client.loadbalancer.LoadBalancerDefaultMappingsProviderAutoConfiguration] is not eligible for getting processed by all BeanPostProcessors (for example: not eligible for auto-proxying)
2024-04-21 14:03:10.437  INFO 56572 --- [           main] trationDelegate$BeanPostProcessorChecker : Bean 'loadBalancerClientsDefaultsMappingsProvider' of type [org.springframework.cloud.client.loadbalancer.LoadBalancerDefaultMappingsProviderAutoConfiguration$$Lambda$445/545392109] is not eligible for getting processed by all BeanPostProcessors (for example: not eligible for auto-proxying)
2024-04-21 14:03:10.442  INFO 56572 --- [           main] trationDelegate$BeanPostProcessorChecker : Bean 'defaultsBindHandlerAdvisor' of type [org.springframework.cloud.commons.config.DefaultsBindHandlerAdvisor] is not eligible for getting processed by all BeanPostProcessors (for example: not eligible for auto-proxying)
2024-04-21 14:03:10.447  INFO 56572 --- [           main] trationDelegate$BeanPostProcessorChecker : Bean 'kubernetes.manifests-io.kubernetes.client.spring.extended.manifests.config.KubernetesManifestsProperties' of type [io.kubernetes.client.spring.extended.manifests.config.KubernetesManifestsProperties] is not eligible for getting processed by all BeanPostProcessors (for example: not eligible for auto-proxying)
2024-04-21 14:03:10.776  INFO 56572 --- [           main] o.s.b.w.embedded.tomcat.TomcatWebServer  : Tomcat initialized with port(s): 0 (http)
2024-04-21 14:03:10.787  INFO 56572 --- [           main] o.apache.catalina.core.StandardService   : Starting service [Tomcat]
2024-04-21 14:03:10.787  INFO 56572 --- [           main] org.apache.catalina.core.StandardEngine  : Starting Servlet engine: [Apache Tomcat/9.0.56]
2024-04-21 14:03:10.969  INFO 56572 --- [           main] o.a.c.c.C.[Tomcat].[localhost].[/]       : Initializing Spring embedded WebApplicationContext
2024-04-21 14:03:10.969  INFO 56572 --- [           main] w.s.c.ServletWebServerApplicationContext : Root WebApplicationContext: initialization completed in 2787 ms
2024-04-21 14:03:11.214  INFO 56572 --- [ler-V1Endpoints] i.k.client.informer.cache.Controller     : informer#Controller: ready to run resync & reflector runnable
2024-04-21 14:03:11.214  INFO 56572 --- [oller-V1Service] i.k.client.informer.cache.Controller     : informer#Controller: ready to run resync & reflector runnable
2024-04-21 14:03:11.214  INFO 56572 --- [ler-V1Endpoints] i.k.client.informer.cache.Controller     : informer#Controller: resync skipped due to 0 full resync period
2024-04-21 14:03:11.214  INFO 56572 --- [oller-V1Service] i.k.client.informer.cache.Controller     : informer#Controller: resync skipped due to 0 full resync period
2024-04-21 14:03:11.217  INFO 56572 --- [els.V1Service-1] i.k.c.informer.cache.ReflectorRunnable   : class io.kubernetes.client.openapi.models.V1Service#Start listing and watching...
2024-04-21 14:03:11.221  INFO 56572 --- [s.V1Endpoints-1] i.k.c.informer.cache.ReflectorRunnable   : class io.kubernetes.client.openapi.models.V1Endpoints#Start listing and watching...
2024-04-21 14:03:11.266  INFO 56572 --- [tp2107873140-16] o.e.j.s.handler.ContextHandler.ROOT      : RequestHandlerClass from context returned com.github.tomakehurst.wiremock.http.StubRequestHandler. Normalized mapped under returned 'null'
2024-04-21 14:03:11.326 ERROR 56572 --- [tp2107873140-16] WireMock                                 : 
                                               Request was not matched
                                               =======================

-----------------------------------------------------------------------------------------------------------------------
| Closest stub                                             | Request                                                  |
-----------------------------------------------------------------------------------------------------------------------
                                                           |
GET                                                        | GET
/api/v1/namespaces/test/endpoints?resourceVersion=0&watch  | /api/v1/namespaces/test/endpoints?watch=true        <<<<< URL does not match
=false                                                     |
                                                           |
                                                           |
-----------------------------------------------------------------------------------------------------------------------

2024-04-21 14:03:11.326 ERROR 56572 --- [tp2107873140-21] WireMock                                 : 
                                               Request was not matched
                                               =======================

-----------------------------------------------------------------------------------------------------------------------
| Closest stub                                             | Request                                                  |
-----------------------------------------------------------------------------------------------------------------------
                                                           |
GET                                                        | GET
/api/v1/namespaces/test/services?resourceVersion=0&watch=  | /api/v1/namespaces/test/services?watch=true         <<<<< URL does not match
false                                                      |
                                                           |
                                                           |
-----------------------------------------------------------------------------------------------------------------------

2024-04-21 14:03:11.356 ERROR 56572 --- [s.V1Endpoints-1] i.k.c.informer.cache.ReflectorRunnable   : class io.kubernetes.client.openapi.models.V1Endpoints#Reflector loop failed unexpectedly

io.kubernetes.client.openapi.ApiException: Not Found
	at io.kubernetes.client.util.Watch.createWatch(Watch.java:105) ~[client-java-13.0.0.jar:na]
	at io.kubernetes.client.util.generic.GenericKubernetesApi.watch(GenericKubernetesApi.java:761) ~[client-java-13.0.0.jar:na]
	at io.kubernetes.client.util.generic.GenericKubernetesApi.watch(GenericKubernetesApi.java:281) ~[client-java-13.0.0.jar:na]
	at io.kubernetes.client.informer.SharedInformerFactory$2.watch(SharedInformerFactory.java:263) ~[client-java-13.0.0.jar:na]
	at io.kubernetes.client.informer.cache.ReflectorRunnable.run(ReflectorRunnable.java:120) ~[client-java-13.0.0.jar:na]
	at java.util.concurrent.Executors$RunnableAdapter.call(Executors.java:511) ~[na:1.8.0_292]
	at java.util.concurrent.FutureTask.runAndReset(FutureTask.java:308) ~[na:1.8.0_292]
	at java.util.concurrent.ScheduledThreadPoolExecutor$ScheduledFutureTask.access$301(ScheduledThreadPoolExecutor.java:180) ~[na:1.8.0_292]
	at java.util.concurrent.ScheduledThreadPoolExecutor$ScheduledFutureTask.run(ScheduledThreadPoolExecutor.java:294) ~[na:1.8.0_292]
	at java.util.concurrent.ThreadPoolExecutor.runWorker(ThreadPoolExecutor.java:1149) ~[na:1.8.0_292]
	at java.util.concurrent.ThreadPoolExecutor$Worker.run(ThreadPoolExecutor.java:624) ~[na:1.8.0_292]
	at java.lang.Thread.run(Thread.java:748) ~[na:1.8.0_292]

2024-04-21 14:03:11.356 ERROR 56572 --- [els.V1Service-1] i.k.c.informer.cache.ReflectorRunnable   : class io.kubernetes.client.openapi.models.V1Service#Reflector loop failed unexpectedly

io.kubernetes.client.openapi.ApiException: Not Found
	at io.kubernetes.client.util.Watch.createWatch(Watch.java:105) ~[client-java-13.0.0.jar:na]
	at io.kubernetes.client.util.generic.GenericKubernetesApi.watch(GenericKubernetesApi.java:761) ~[client-java-13.0.0.jar:na]
	at io.kubernetes.client.util.generic.GenericKubernetesApi.watch(GenericKubernetesApi.java:281) ~[client-java-13.0.0.jar:na]
	at io.kubernetes.client.informer.SharedInformerFactory$2.watch(SharedInformerFactory.java:263) ~[client-java-13.0.0.jar:na]
	at io.kubernetes.client.informer.cache.ReflectorRunnable.run(ReflectorRunnable.java:120) ~[client-java-13.0.0.jar:na]
	at java.util.concurrent.Executors$RunnableAdapter.call(Executors.java:511) ~[na:1.8.0_292]
	at java.util.concurrent.FutureTask.runAndReset(FutureTask.java:308) ~[na:1.8.0_292]
	at java.util.concurrent.ScheduledThreadPoolExecutor$ScheduledFutureTask.access$301(ScheduledThreadPoolExecutor.java:180) ~[na:1.8.0_292]
	at java.util.concurrent.ScheduledThreadPoolExecutor$ScheduledFutureTask.run(ScheduledThreadPoolExecutor.java:294) ~[na:1.8.0_292]
	at java.util.concurrent.ThreadPoolExecutor.runWorker(ThreadPoolExecutor.java:1149) ~[na:1.8.0_292]
	at java.util.concurrent.ThreadPoolExecutor$Worker.run(ThreadPoolExecutor.java:624) ~[na:1.8.0_292]
	at java.lang.Thread.run(Thread.java:748) ~[na:1.8.0_292]

2024-04-21 14:03:12.212  INFO 56572 --- [pool-9-thread-1] .k.c.d.KubernetesInformerDiscoveryClient : Waiting for the cache of informers to be fully loaded..
2024-04-21 14:03:12.213  INFO 56572 --- [           main] .k.c.d.KubernetesInformerDiscoveryClient : Cache fully loaded (total 0 services) , discovery client is now available
2024-04-21 14:03:12.357  INFO 56572 --- [els.V1Service-1] i.k.c.informer.cache.ReflectorRunnable   : class io.kubernetes.client.openapi.models.V1Service#Start listing and watching...
2024-04-21 14:03:12.357  INFO 56572 --- [s.V1Endpoints-1] i.k.c.informer.cache.ReflectorRunnable   : class io.kubernetes.client.openapi.models.V1Endpoints#Start listing and watching...
2024-04-21 14:03:12.364 ERROR 56572 --- [tp2107873140-22] WireMock                                 : 
                                               Request was not matched
                                               =======================

-----------------------------------------------------------------------------------------------------------------------
| Closest stub                                             | Request                                                  |
-----------------------------------------------------------------------------------------------------------------------
                                                           |
GET                                                        | GET
/api/v1/namespaces/test/services?resourceVersion=0&watch=  | /api/v1/namespaces/test/services?watch=true         <<<<< URL does not match
false                                                      |
                                                           |
                                                           |
-----------------------------------------------------------------------------------------------------------------------

2024-04-21 14:03:12.365 ERROR 56572 --- [tp2107873140-20] WireMock                                 : 
                                               Request was not matched
                                               =======================

-----------------------------------------------------------------------------------------------------------------------
| Closest stub                                             | Request                                                  |
-----------------------------------------------------------------------------------------------------------------------
                                                           |
GET                                                        | GET
/api/v1/namespaces/test/endpoints?resourceVersion=0&watch  | /api/v1/namespaces/test/endpoints?watch=true        <<<<< URL does not match
=false                                                     |
                                                           |
                                                           |
-----------------------------------------------------------------------------------------------------------------------

2024-04-21 14:03:12.368 ERROR 56572 --- [els.V1Service-1] i.k.c.informer.cache.ReflectorRunnable   : class io.kubernetes.client.openapi.models.V1Service#Reflector loop failed unexpectedly

io.kubernetes.client.openapi.ApiException: Not Found
	at io.kubernetes.client.util.Watch.createWatch(Watch.java:105) ~[client-java-13.0.0.jar:na]
	at io.kubernetes.client.util.generic.GenericKubernetesApi.watch(GenericKubernetesApi.java:761) ~[client-java-13.0.0.jar:na]
	at io.kubernetes.client.util.generic.GenericKubernetesApi.watch(GenericKubernetesApi.java:281) ~[client-java-13.0.0.jar:na]
	at io.kubernetes.client.informer.SharedInformerFactory$2.watch(SharedInformerFactory.java:263) ~[client-java-13.0.0.jar:na]
	at io.kubernetes.client.informer.cache.ReflectorRunnable.run(ReflectorRunnable.java:120) ~[client-java-13.0.0.jar:na]
	at java.util.concurrent.Executors$RunnableAdapter.call(Executors.java:511) ~[na:1.8.0_292]
	at java.util.concurrent.FutureTask.runAndReset(FutureTask.java:308) ~[na:1.8.0_292]
	at java.util.concurrent.ScheduledThreadPoolExecutor$ScheduledFutureTask.access$301(ScheduledThreadPoolExecutor.java:180) ~[na:1.8.0_292]
	at java.util.concurrent.ScheduledThreadPoolExecutor$ScheduledFutureTask.run(ScheduledThreadPoolExecutor.java:294) ~[na:1.8.0_292]
	at java.util.concurrent.ThreadPoolExecutor.runWorker(ThreadPoolExecutor.java:1149) ~[na:1.8.0_292]
	at java.util.concurrent.ThreadPoolExecutor$Worker.run(ThreadPoolExecutor.java:624) ~[na:1.8.0_292]
	at java.lang.Thread.run(Thread.java:748) ~[na:1.8.0_292]

2024-04-21 14:03:12.368 ERROR 56572 --- [s.V1Endpoints-1] i.k.c.informer.cache.ReflectorRunnable   : class io.kubernetes.client.openapi.models.V1Endpoints#Reflector loop failed unexpectedly

io.kubernetes.client.openapi.ApiException: Not Found
	at io.kubernetes.client.util.Watch.createWatch(Watch.java:105) ~[client-java-13.0.0.jar:na]
	at io.kubernetes.client.util.generic.GenericKubernetesApi.watch(GenericKubernetesApi.java:761) ~[client-java-13.0.0.jar:na]
	at io.kubernetes.client.util.generic.GenericKubernetesApi.watch(GenericKubernetesApi.java:281) ~[client-java-13.0.0.jar:na]
	at io.kubernetes.client.informer.SharedInformerFactory$2.watch(SharedInformerFactory.java:263) ~[client-java-13.0.0.jar:na]
	at io.kubernetes.client.informer.cache.ReflectorRunnable.run(ReflectorRunnable.java:120) ~[client-java-13.0.0.jar:na]
	at java.util.concurrent.Executors$RunnableAdapter.call(Executors.java:511) ~[na:1.8.0_292]
	at java.util.concurrent.FutureTask.runAndReset(FutureTask.java:308) ~[na:1.8.0_292]
	at java.util.concurrent.ScheduledThreadPoolExecutor$ScheduledFutureTask.access$301(ScheduledThreadPoolExecutor.java:180) ~[na:1.8.0_292]
	at java.util.concurrent.ScheduledThreadPoolExecutor$ScheduledFutureTask.run(ScheduledThreadPoolExecutor.java:294) ~[na:1.8.0_292]
	at java.util.concurrent.ThreadPoolExecutor.runWorker(ThreadPoolExecutor.java:1149) ~[na:1.8.0_292]
	at java.util.concurrent.ThreadPoolExecutor$Worker.run(ThreadPoolExecutor.java:624) ~[na:1.8.0_292]
	at java.lang.Thread.run(Thread.java:748) ~[na:1.8.0_292]

2024-04-21 14:03:13.215  INFO 56572 --- [           main] o.s.b.w.embedded.tomcat.TomcatWebServer  : Tomcat started on port(s): 44113 (http) with context path ''
2024-04-21 14:03:13.227  INFO 56572 --- [           main] tesDiscoveryClientAutoConfigurationTests : Started KubernetesDiscoveryClientAutoConfigurationTests in 5.654 seconds (JVM running for 6.941)
2024-04-21 14:03:13.418  INFO 56572 --- [els.V1Service-1] i.k.c.informer.cache.ReflectorRunnable   : class io.kubernetes.client.openapi.models.V1Service#Start listing and watching...
2024-04-21 14:03:13.418  INFO 56572 --- [s.V1Endpoints-1] i.k.c.informer.cache.ReflectorRunnable   : class io.kubernetes.client.openapi.models.V1Endpoints#Start listing and watching...
2024-04-21 14:03:13.431 ERROR 56572 --- [tp2107873140-15] WireMock                                 : 
                                               Request was not matched
                                               =======================

-----------------------------------------------------------------------------------------------------------------------
| Closest stub                                             | Request                                                  |
-----------------------------------------------------------------------------------------------------------------------
                                                           |
GET                                                        | GET
/api/v1/namespaces/test/endpoints?resourceVersion=0&watch  | /api/v1/namespaces/test/endpoints?watch=true        <<<<< URL does not match
=false                                                     |
                                                           |
                                                           |
-----------------------------------------------------------------------------------------------------------------------

2024-04-21 14:03:13.431 ERROR 56572 --- [tp2107873140-20] WireMock                                 : 
                                               Request was not matched
                                               =======================

-----------------------------------------------------------------------------------------------------------------------
| Closest stub                                             | Request                                                  |
-----------------------------------------------------------------------------------------------------------------------
                                                           |
GET                                                        | GET
/api/v1/namespaces/test/services?resourceVersion=0&watch=  | /api/v1/namespaces/test/services?watch=true         <<<<< URL does not match
false                                                      |
                                                           |
                                                           |
-----------------------------------------------------------------------------------------------------------------------

2024-04-21 14:03:13.433 ERROR 56572 --- [s.V1Endpoints-1] i.k.c.informer.cache.ReflectorRunnable   : class io.kubernetes.client.openapi.models.V1Endpoints#Reflector loop failed unexpectedly

io.kubernetes.client.openapi.ApiException: Not Found
	at io.kubernetes.client.util.Watch.createWatch(Watch.java:105) ~[client-java-13.0.0.jar:na]
	at io.kubernetes.client.util.generic.GenericKubernetesApi.watch(GenericKubernetesApi.java:761) ~[client-java-13.0.0.jar:na]
	at io.kubernetes.client.util.generic.GenericKubernetesApi.watch(GenericKubernetesApi.java:281) ~[client-java-13.0.0.jar:na]
	at io.kubernetes.client.informer.SharedInformerFactory$2.watch(SharedInformerFactory.java:263) ~[client-java-13.0.0.jar:na]
	at io.kubernetes.client.informer.cache.ReflectorRunnable.run(ReflectorRunnable.java:120) ~[client-java-13.0.0.jar:na]
	at java.util.concurrent.Executors$RunnableAdapter.call(Executors.java:511) ~[na:1.8.0_292]
	at java.util.concurrent.FutureTask.runAndReset(FutureTask.java:308) ~[na:1.8.0_292]
	at java.util.concurrent.ScheduledThreadPoolExecutor$ScheduledFutureTask.access$301(ScheduledThreadPoolExecutor.java:180) ~[na:1.8.0_292]
	at java.util.concurrent.ScheduledThreadPoolExecutor$ScheduledFutureTask.run(ScheduledThreadPoolExecutor.java:294) ~[na:1.8.0_292]
	at java.util.concurrent.ThreadPoolExecutor.runWorker(ThreadPoolExecutor.java:1149) ~[na:1.8.0_292]
	at java.util.concurrent.ThreadPoolExecutor$Worker.run(ThreadPoolExecutor.java:624) ~[na:1.8.0_292]
	at java.lang.Thread.run(Thread.java:748) ~[na:1.8.0_292]

2024-04-21 14:03:13.435 ERROR 56572 --- [els.V1Service-1] i.k.c.informer.cache.ReflectorRunnable   : class io.kubernetes.client.openapi.models.V1Service#Reflector loop failed unexpectedly

io.kubernetes.client.openapi.ApiException: Not Found
	at io.kubernetes.client.util.Watch.createWatch(Watch.java:105) ~[client-java-13.0.0.jar:na]
	at io.kubernetes.client.util.generic.GenericKubernetesApi.watch(GenericKubernetesApi.java:761) ~[client-java-13.0.0.jar:na]
	at io.kubernetes.client.util.generic.GenericKubernetesApi.watch(GenericKubernetesApi.java:281) ~[client-java-13.0.0.jar:na]
	at io.kubernetes.client.informer.SharedInformerFactory$2.watch(SharedInformerFactory.java:263) ~[client-java-13.0.0.jar:na]
	at io.kubernetes.client.informer.cache.ReflectorRunnable.run(ReflectorRunnable.java:120) ~[client-java-13.0.0.jar:na]
	at java.util.concurrent.Executors$RunnableAdapter.call(Executors.java:511) ~[na:1.8.0_292]
	at java.util.concurrent.FutureTask.runAndReset(FutureTask.java:308) ~[na:1.8.0_292]
	at java.util.concurrent.ScheduledThreadPoolExecutor$ScheduledFutureTask.access$301(ScheduledThreadPoolExecutor.java:180) ~[na:1.8.0_292]
	at java.util.concurrent.ScheduledThreadPoolExecutor$ScheduledFutureTask.run(ScheduledThreadPoolExecutor.java:294) ~[na:1.8.0_292]
	at java.util.concurrent.ThreadPoolExecutor.runWorker(ThreadPoolExecutor.java:1149) ~[na:1.8.0_292]
	at java.util.concurrent.ThreadPoolExecutor$Worker.run(ThreadPoolExecutor.java:624) ~[na:1.8.0_292]
	at java.lang.Thread.run(Thread.java:748) ~[na:1.8.0_292]

2024-04-21 14:03:13.953  WARN 56572 --- [           main] .k.c.d.KubernetesInformerDiscoveryClient : Could not find a port named 'oops', 'https', or 'http' for service 'test-svc-1'.
2024-04-21 14:03:13.953  WARN 56572 --- [           main] .k.c.d.KubernetesInformerDiscoveryClient : Make sure that either the primary-port-name label has been added to the service, or that spring.cloud.kubernetes.discovery.primary-port-name has been configured.
2024-04-21 14:03:13.953  WARN 56572 --- [           main] .k.c.d.KubernetesInformerDiscoveryClient : Alternatively name the primary port 'https' or 'http'
2024-04-21 14:03:13.953  WARN 56572 --- [           main] .k.c.d.KubernetesInformerDiscoveryClient : An incorrect configuration may result in non-deterministic behaviour.
2024-04-21 14:03:13.955  WARN 56572 --- [           main] .k.c.d.KubernetesInformerDiscoveryClient : Could not find a port named 'oops', 'https', or 'http' for service 'test-svc-1'.
2024-04-21 14:03:13.955  WARN 56572 --- [           main] .k.c.d.KubernetesInformerDiscoveryClient : Make sure that either the primary-port-name label has been added to the service, or that spring.cloud.kubernetes.discovery.primary-port-name has been configured.
2024-04-21 14:03:13.955  WARN 56572 --- [           main] .k.c.d.KubernetesInformerDiscoveryClient : Alternatively name the primary port 'https' or 'http'
2024-04-21 14:03:13.955  WARN 56572 --- [           main] .k.c.d.KubernetesInformerDiscoveryClient : An incorrect configuration may result in non-deterministic behaviour.
2024-04-21 14:03:13.969  WARN 56572 --- [           main] .k.c.d.KubernetesInformerDiscoveryClient : Could not find a port named 'oops', 'https', or 'http' for service 'test-svc-1'.
2024-04-21 14:03:13.970  WARN 56572 --- [           main] .k.c.d.KubernetesInformerDiscoveryClient : Make sure that either the primary-port-name label has been added to the service, or that spring.cloud.kubernetes.discovery.primary-port-name has been configured.
2024-04-21 14:03:13.970  WARN 56572 --- [           main] .k.c.d.KubernetesInformerDiscoveryClient : Alternatively name the primary port 'https' or 'http'
2024-04-21 14:03:13.970  WARN 56572 --- [           main] .k.c.d.KubernetesInformerDiscoveryClient : An incorrect configuration may result in non-deterministic behaviour.

  .   ____          _            __ _ _
 /\\ / ___'_ __ _ _(_)_ __  __ _ \ \ \ \
( ( )\___ | '_ | '_| | '_ \/ _` | \ \ \ \
 \\/  ___)| |_)| | | | | || (_| |  ) ) ) )
  '  |____| .__|_| |_|_| |_\__, | / / / /
 =========|_|==============|___/=/_/_/_/
 :: Spring Boot ::                (v2.6.3)

2024-04-21 14:03:14.030  WARN 56572 --- [           main] ubernetesProfileEnvironmentPostProcessor : Not running inside kubernetes. Skipping 'kubernetes' profile activation.
2024-04-21 14:03:14.032  INFO 56572 --- [           main] iveDiscoveryClientAutoConfigurationTests : Starting KubernetesInformerReactiveDiscoveryClientAutoConfigurationTests using Java 1.8.0_292 on 003cc2912fe6 with PID 56572 (started by idflakies in /home/idflakies/spring-cloud/spring-cloud-kubernetes)
2024-04-21 14:03:14.032  INFO 56572 --- [           main] iveDiscoveryClientAutoConfigurationTests : No active profile set, falling back to default profiles: default
2024-04-21 14:03:14.246  INFO 56572 --- [           main] org.eclipse.jetty.server.Server          : jetty-9.4.44.v20210927; built: 2021-09-27T23:02:44.612Z; git: 8da83308eeca865e495e53ef315a249d63ba9332; jvm 1.8.0_292-8u292-b10-0ubuntu1~16.04.1-b10
2024-04-21 14:03:14.248  INFO 56572 --- [           main] o.e.jetty.server.handler.ContextHandler  : Started o.e.j.s.ServletContextHandler@4f581211{/__admin,null,AVAILABLE}
2024-04-21 14:03:14.248  INFO 56572 --- [           main] o.e.jetty.server.handler.ContextHandler  : Started o.e.j.s.ServletContextHandler@e0847a9{/,null,AVAILABLE}
2024-04-21 14:03:14.249  INFO 56572 --- [           main] o.e.jetty.server.AbstractConnector       : Started NetworkTrafficServerConnector@36871e98{HTTP/1.1, (http/1.1)}{0.0.0.0:37737}
2024-04-21 14:03:14.250  INFO 56572 --- [           main] org.eclipse.jetty.server.Server          : Started @7963ms
2024-04-21 14:03:14.254  INFO 56572 --- [tp1517972788-50] o.e.j.s.handler.ContextHandler.__admin   : RequestHandlerClass from context returned com.github.tomakehurst.wiremock.http.AdminRequestHandler. Normalized mapped under returned 'null'
2024-04-21 14:03:14.298  INFO 56572 --- [           main] o.s.c.a.ConfigurationClassPostProcessor  : Cannot enhance @Configuration bean definition 'kubernetesInformerReactiveDiscoveryClientAutoConfigurationTests.TestConfig' since its singleton instance has been created too early. The typical cause is a non-static @Bean method with a BeanDefinitionRegistryPostProcessor return type: Consider declaring such methods as 'static'.
2024-04-21 14:03:14.303  INFO 56572 --- [           main] o.s.cloud.context.scope.GenericScope     : BeanFactory id=d7232dc4-7a46-3e4e-9978-4dacfc5f6386
2024-04-21 14:03:14.325  INFO 56572 --- [           main] trationDelegate$BeanPostProcessorChecker : Bean 'io.kubernetes.client.spring.extended.manifests.config.KubernetesManifestsAutoConfiguration' of type [io.kubernetes.client.spring.extended.manifests.config.KubernetesManifestsAutoConfiguration] is not eligible for getting processed by all BeanPostProcessors (for example: not eligible for auto-proxying)
2024-04-21 14:03:14.335  INFO 56572 --- [           main] trationDelegate$BeanPostProcessorChecker : Bean 'org.springframework.cloud.commons.config.CommonsConfigAutoConfiguration' of type [org.springframework.cloud.commons.config.CommonsConfigAutoConfiguration] is not eligible for getting processed by all BeanPostProcessors (for example: not eligible for auto-proxying)
2024-04-21 14:03:14.337  INFO 56572 --- [           main] trationDelegate$BeanPostProcessorChecker : Bean 'org.springframework.cloud.client.loadbalancer.LoadBalancerDefaultMappingsProviderAutoConfiguration' of type [org.springframework.cloud.client.loadbalancer.LoadBalancerDefaultMappingsProviderAutoConfiguration] is not eligible for getting processed by all BeanPostProcessors (for example: not eligible for auto-proxying)
2024-04-21 14:03:14.339  INFO 56572 --- [           main] trationDelegate$BeanPostProcessorChecker : Bean 'loadBalancerClientsDefaultsMappingsProvider' of type [org.springframework.cloud.client.loadbalancer.LoadBalancerDefaultMappingsProviderAutoConfiguration$$Lambda$445/545392109] is not eligible for getting processed by all BeanPostProcessors (for example: not eligible for auto-proxying)
2024-04-21 14:03:14.341  INFO 56572 --- [           main] trationDelegate$BeanPostProcessorChecker : Bean 'defaultsBindHandlerAdvisor' of type [org.springframework.cloud.commons.config.DefaultsBindHandlerAdvisor] is not eligible for getting processed by all BeanPostProcessors (for example: not eligible for auto-proxying)
2024-04-21 14:03:14.343  INFO 56572 --- [           main] trationDelegate$BeanPostProcessorChecker : Bean 'kubernetes.manifests-io.kubernetes.client.spring.extended.manifests.config.KubernetesManifestsProperties' of type [io.kubernetes.client.spring.extended.manifests.config.KubernetesManifestsProperties] is not eligible for getting processed by all BeanPostProcessors (for example: not eligible for auto-proxying)
2024-04-21 14:03:14.406  INFO 56572 --- [           main] o.s.b.w.embedded.tomcat.TomcatWebServer  : Tomcat initialized with port(s): 0 (http)
2024-04-21 14:03:14.406  INFO 56572 --- [           main] o.apache.catalina.core.StandardService   : Starting service [Tomcat]
2024-04-21 14:03:14.407  INFO 56572 --- [           main] org.apache.catalina.core.StandardEngine  : Starting Servlet engine: [Apache Tomcat/9.0.56]
2024-04-21 14:03:14.433  INFO 56572 --- [s.V1Endpoints-1] i.k.c.informer.cache.ReflectorRunnable   : class io.kubernetes.client.openapi.models.V1Endpoints#Start listing and watching...
2024-04-21 14:03:14.435  INFO 56572 --- [els.V1Service-1] i.k.c.informer.cache.ReflectorRunnable   : class io.kubernetes.client.openapi.models.V1Service#Start listing and watching...
2024-04-21 14:03:14.441 ERROR 56572 --- [tp2107873140-21] WireMock                                 : 
                                               Request was not matched
                                               =======================

-----------------------------------------------------------------------------------------------------------------------
| Closest stub                                             | Request                                                  |
-----------------------------------------------------------------------------------------------------------------------
                                                           |
GET                                                        | GET
/api/v1/namespaces/test/endpoints?resourceVersion=0&watch  | /api/v1/namespaces/test/endpoints?watch=true        <<<<< URL does not match
=false                                                     |
                                                           |
                                                           |
-----------------------------------------------------------------------------------------------------------------------

2024-04-21 14:03:14.443 ERROR 56572 --- [s.V1Endpoints-1] i.k.c.informer.cache.ReflectorRunnable   : class io.kubernetes.client.openapi.models.V1Endpoints#Reflector loop failed unexpectedly

io.kubernetes.client.openapi.ApiException: Not Found
	at io.kubernetes.client.util.Watch.createWatch(Watch.java:105) ~[client-java-13.0.0.jar:na]
	at io.kubernetes.client.util.generic.GenericKubernetesApi.watch(GenericKubernetesApi.java:761) ~[client-java-13.0.0.jar:na]
	at io.kubernetes.client.util.generic.GenericKubernetesApi.watch(GenericKubernetesApi.java:281) ~[client-java-13.0.0.jar:na]
	at io.kubernetes.client.informer.SharedInformerFactory$2.watch(SharedInformerFactory.java:263) ~[client-java-13.0.0.jar:na]
	at io.kubernetes.client.informer.cache.ReflectorRunnable.run(ReflectorRunnable.java:120) ~[client-java-13.0.0.jar:na]
	at java.util.concurrent.Executors$RunnableAdapter.call(Executors.java:511) ~[na:1.8.0_292]
	at java.util.concurrent.FutureTask.runAndReset(FutureTask.java:308) ~[na:1.8.0_292]
	at java.util.concurrent.ScheduledThreadPoolExecutor$ScheduledFutureTask.access$301(ScheduledThreadPoolExecutor.java:180) ~[na:1.8.0_292]
	at java.util.concurrent.ScheduledThreadPoolExecutor$ScheduledFutureTask.run(ScheduledThreadPoolExecutor.java:294) ~[na:1.8.0_292]
	at java.util.concurrent.ThreadPoolExecutor.runWorker(ThreadPoolExecutor.java:1149) ~[na:1.8.0_292]
	at java.util.concurrent.ThreadPoolExecutor$Worker.run(ThreadPoolExecutor.java:624) ~[na:1.8.0_292]
	at java.lang.Thread.run(Thread.java:748) ~[na:1.8.0_292]

2024-04-21 14:03:14.445 ERROR 56572 --- [tp2107873140-15] WireMock                                 : 
                                               Request was not matched
                                               =======================

-----------------------------------------------------------------------------------------------------------------------
| Closest stub                                             | Request                                                  |
-----------------------------------------------------------------------------------------------------------------------
                                                           |
GET                                                        | GET
/api/v1/namespaces/test/services?resourceVersion=0&watch=  | /api/v1/namespaces/test/services?watch=true         <<<<< URL does not match
false                                                      |
                                                           |
                                                           |
-----------------------------------------------------------------------------------------------------------------------

2024-04-21 14:03:14.447 ERROR 56572 --- [els.V1Service-1] i.k.c.informer.cache.ReflectorRunnable   : class io.kubernetes.client.openapi.models.V1Service#Reflector loop failed unexpectedly

io.kubernetes.client.openapi.ApiException: Not Found
	at io.kubernetes.client.util.Watch.createWatch(Watch.java:105) ~[client-java-13.0.0.jar:na]
	at io.kubernetes.client.util.generic.GenericKubernetesApi.watch(GenericKubernetesApi.java:761) ~[client-java-13.0.0.jar:na]
	at io.kubernetes.client.util.generic.GenericKubernetesApi.watch(GenericKubernetesApi.java:281) ~[client-java-13.0.0.jar:na]
	at io.kubernetes.client.informer.SharedInformerFactory$2.watch(SharedInformerFactory.java:263) ~[client-java-13.0.0.jar:na]
	at io.kubernetes.client.informer.cache.ReflectorRunnable.run(ReflectorRunnable.java:120) ~[client-java-13.0.0.jar:na]
	at java.util.concurrent.Executors$RunnableAdapter.call(Executors.java:511) ~[na:1.8.0_292]
	at java.util.concurrent.FutureTask.runAndReset(FutureTask.java:308) ~[na:1.8.0_292]
	at java.util.concurrent.ScheduledThreadPoolExecutor$ScheduledFutureTask.access$301(ScheduledThreadPoolExecutor.java:180) ~[na:1.8.0_292]
	at java.util.concurrent.ScheduledThreadPoolExecutor$ScheduledFutureTask.run(ScheduledThreadPoolExecutor.java:294) ~[na:1.8.0_292]
	at java.util.concurrent.ThreadPoolExecutor.runWorker(ThreadPoolExecutor.java:1149) ~[na:1.8.0_292]
	at java.util.concurrent.ThreadPoolExecutor$Worker.run(ThreadPoolExecutor.java:624) ~[na:1.8.0_292]
	at java.lang.Thread.run(Thread.java:748) ~[na:1.8.0_292]

2024-04-21 14:03:14.788  INFO 56572 --- [ler-V1Endpoints] i.k.client.informer.cache.Controller     : informer#Controller: ready to run resync & reflector runnable
2024-04-21 14:03:14.788  INFO 56572 --- [oller-V1Service] i.k.client.informer.cache.Controller     : informer#Controller: ready to run resync & reflector runnable
2024-04-21 14:03:14.788  INFO 56572 --- [ler-V1Endpoints] i.k.client.informer.cache.Controller     : informer#Controller: resync skipped due to 0 full resync period
2024-04-21 14:03:14.788  INFO 56572 --- [oller-V1Service] i.k.client.informer.cache.Controller     : informer#Controller: resync skipped due to 0 full resync period
2024-04-21 14:03:14.789  INFO 56572 --- [s.V1Endpoints-1] i.k.c.informer.cache.ReflectorRunnable   : class io.kubernetes.client.openapi.models.V1Endpoints#Start listing and watching...
2024-04-21 14:03:14.789  INFO 56572 --- [els.V1Service-1] i.k.c.informer.cache.ReflectorRunnable   : class io.kubernetes.client.openapi.models.V1Service#Start listing and watching...
2024-04-21 14:03:14.791  INFO 56572 --- [tp1517972788-43] o.e.j.s.handler.ContextHandler.ROOT      : RequestHandlerClass from context returned com.github.tomakehurst.wiremock.http.StubRequestHandler. Normalized mapped under returned 'null'
2024-04-21 14:03:14.801 ERROR 56572 --- [tp1517972788-50] WireMock                                 : 
                                               Request was not matched
                                               =======================

-----------------------------------------------------------------------------------------------------------------------
| Closest stub                                             | Request                                                  |
-----------------------------------------------------------------------------------------------------------------------
                                                           |
GET                                                        | GET
/api/v1/namespaces/test/endpoints?resourceVersion=0&watch  | /api/v1/namespaces/test/endpoints?watch=true        <<<<< URL does not match
=false                                                     |
                                                           |
                                                           |
-----------------------------------------------------------------------------------------------------------------------

2024-04-21 14:03:14.806 ERROR 56572 --- [s.V1Endpoints-1] i.k.c.informer.cache.ReflectorRunnable   : class io.kubernetes.client.openapi.models.V1Endpoints#Reflector loop failed unexpectedly

io.kubernetes.client.openapi.ApiException: Not Found
	at io.kubernetes.client.util.Watch.createWatch(Watch.java:105) ~[client-java-13.0.0.jar:na]
	at io.kubernetes.client.util.generic.GenericKubernetesApi.watch(GenericKubernetesApi.java:761) ~[client-java-13.0.0.jar:na]
	at io.kubernetes.client.util.generic.GenericKubernetesApi.watch(GenericKubernetesApi.java:281) ~[client-java-13.0.0.jar:na]
	at io.kubernetes.client.informer.SharedInformerFactory$2.watch(SharedInformerFactory.java:263) ~[client-java-13.0.0.jar:na]
	at io.kubernetes.client.informer.cache.ReflectorRunnable.run(ReflectorRunnable.java:120) ~[client-java-13.0.0.jar:na]
	at java.util.concurrent.Executors$RunnableAdapter.call(Executors.java:511) ~[na:1.8.0_292]
	at java.util.concurrent.FutureTask.runAndReset(FutureTask.java:308) ~[na:1.8.0_292]
	at java.util.concurrent.ScheduledThreadPoolExecutor$ScheduledFutureTask.access$301(ScheduledThreadPoolExecutor.java:180) ~[na:1.8.0_292]
	at java.util.concurrent.ScheduledThreadPoolExecutor$ScheduledFutureTask.run(ScheduledThreadPoolExecutor.java:294) ~[na:1.8.0_292]
	at java.util.concurrent.ThreadPoolExecutor.runWorker(ThreadPoolExecutor.java:1149) ~[na:1.8.0_292]
	at java.util.concurrent.ThreadPoolExecutor$Worker.run(ThreadPoolExecutor.java:624) ~[na:1.8.0_292]
	at java.lang.Thread.run(Thread.java:748) ~[na:1.8.0_292]

2024-04-21 14:03:14.808 ERROR 56572 --- [tp1517972788-44] WireMock                                 : 
                                               Request was not matched
                                               =======================

-----------------------------------------------------------------------------------------------------------------------
| Closest stub                                             | Request                                                  |
-----------------------------------------------------------------------------------------------------------------------
                                                           |
GET                                                        | GET
/api/v1/namespaces/test/services?resourceVersion=0&watch=  | /api/v1/namespaces/test/services?watch=true         <<<<< URL does not match
false                                                      |
                                                           |
                                                           |
-----------------------------------------------------------------------------------------------------------------------

2024-04-21 14:03:14.814 ERROR 56572 --- [els.V1Service-1] i.k.c.informer.cache.ReflectorRunnable   : class io.kubernetes.client.openapi.models.V1Service#Reflector loop failed unexpectedly

io.kubernetes.client.openapi.ApiException: Not Found
	at io.kubernetes.client.util.Watch.createWatch(Watch.java:105) ~[client-java-13.0.0.jar:na]
	at io.kubernetes.client.util.generic.GenericKubernetesApi.watch(GenericKubernetesApi.java:761) ~[client-java-13.0.0.jar:na]
	at io.kubernetes.client.util.generic.GenericKubernetesApi.watch(GenericKubernetesApi.java:281) ~[client-java-13.0.0.jar:na]
	at io.kubernetes.client.informer.SharedInformerFactory$2.watch(SharedInformerFactory.java:263) ~[client-java-13.0.0.jar:na]
	at io.kubernetes.client.informer.cache.ReflectorRunnable.run(ReflectorRunnable.java:120) ~[client-java-13.0.0.jar:na]
	at java.util.concurrent.Executors$RunnableAdapter.call(Executors.java:511) ~[na:1.8.0_292]
	at java.util.concurrent.FutureTask.runAndReset(FutureTask.java:308) ~[na:1.8.0_292]
	at java.util.concurrent.ScheduledThreadPoolExecutor$ScheduledFutureTask.access$301(ScheduledThreadPoolExecutor.java:180) ~[na:1.8.0_292]
	at java.util.concurrent.ScheduledThreadPoolExecutor$ScheduledFutureTask.run(ScheduledThreadPoolExecutor.java:294) ~[na:1.8.0_292]
	at java.util.concurrent.ThreadPoolExecutor.runWorker(ThreadPoolExecutor.java:1149) ~[na:1.8.0_292]
	at java.util.concurrent.ThreadPoolExecutor$Worker.run(ThreadPoolExecutor.java:624) ~[na:1.8.0_292]
	at java.lang.Thread.run(Thread.java:748) ~[na:1.8.0_292]

2024-04-21 14:03:15.444  INFO 56572 --- [s.V1Endpoints-1] i.k.c.informer.cache.ReflectorRunnable   : class io.kubernetes.client.openapi.models.V1Endpoints#Start listing and watching...
2024-04-21 14:03:15.447  INFO 56572 --- [els.V1Service-1] i.k.c.informer.cache.ReflectorRunnable   : class io.kubernetes.client.openapi.models.V1Service#Start listing and watching...
2024-04-21 14:03:15.452 ERROR 56572 --- [tp2107873140-16] WireMock                                 : 
                                               Request was not matched
                                               =======================

-----------------------------------------------------------------------------------------------------------------------
| Closest stub                                             | Request                                                  |
-----------------------------------------------------------------------------------------------------------------------
                                                           |
GET                                                        | GET
/api/v1/namespaces/test/endpoints?resourceVersion=0&watch  | /api/v1/namespaces/test/endpoints?watch=true        <<<<< URL does not match
=false                                                     |
                                                           |
                                                           |
-----------------------------------------------------------------------------------------------------------------------

2024-04-21 14:03:15.453 ERROR 56572 --- [tp2107873140-21] WireMock                                 : 
                                               Request was not matched
                                               =======================

-----------------------------------------------------------------------------------------------------------------------
| Closest stub                                             | Request                                                  |
-----------------------------------------------------------------------------------------------------------------------
                                                           |
GET                                                        | GET
/api/v1/namespaces/test/services?resourceVersion=0&watch=  | /api/v1/namespaces/test/services?watch=true         <<<<< URL does not match
false                                                      |
                                                           |
                                                           |
-----------------------------------------------------------------------------------------------------------------------

2024-04-21 14:03:15.455 ERROR 56572 --- [s.V1Endpoints-1] i.k.c.informer.cache.ReflectorRunnable   : class io.kubernetes.client.openapi.models.V1Endpoints#Reflector loop failed unexpectedly

io.kubernetes.client.openapi.ApiException: Not Found
	at io.kubernetes.client.util.Watch.createWatch(Watch.java:105) ~[client-java-13.0.0.jar:na]
	at io.kubernetes.client.util.generic.GenericKubernetesApi.watch(GenericKubernetesApi.java:761) ~[client-java-13.0.0.jar:na]
	at io.kubernetes.client.util.generic.GenericKubernetesApi.watch(GenericKubernetesApi.java:281) ~[client-java-13.0.0.jar:na]
	at io.kubernetes.client.informer.SharedInformerFactory$2.watch(SharedInformerFactory.java:263) ~[client-java-13.0.0.jar:na]
	at io.kubernetes.client.informer.cache.ReflectorRunnable.run(ReflectorRunnable.java:120) ~[client-java-13.0.0.jar:na]
	at java.util.concurrent.Executors$RunnableAdapter.call(Executors.java:511) ~[na:1.8.0_292]
	at java.util.concurrent.FutureTask.runAndReset(FutureTask.java:308) ~[na:1.8.0_292]
	at java.util.concurrent.ScheduledThreadPoolExecutor$ScheduledFutureTask.access$301(ScheduledThreadPoolExecutor.java:180) ~[na:1.8.0_292]
	at java.util.concurrent.ScheduledThreadPoolExecutor$ScheduledFutureTask.run(ScheduledThreadPoolExecutor.java:294) ~[na:1.8.0_292]
	at java.util.concurrent.ThreadPoolExecutor.runWorker(ThreadPoolExecutor.java:1149) ~[na:1.8.0_292]
	at java.util.concurrent.ThreadPoolExecutor$Worker.run(ThreadPoolExecutor.java:624) ~[na:1.8.0_292]
	at java.lang.Thread.run(Thread.java:748) ~[na:1.8.0_292]

2024-04-21 14:03:15.456 ERROR 56572 --- [els.V1Service-1] i.k.c.informer.cache.ReflectorRunnable   : class io.kubernetes.client.openapi.models.V1Service#Reflector loop failed unexpectedly

io.kubernetes.client.openapi.ApiException: Not Found
	at io.kubernetes.client.util.Watch.createWatch(Watch.java:105) ~[client-java-13.0.0.jar:na]
	at io.kubernetes.client.util.generic.GenericKubernetesApi.watch(GenericKubernetesApi.java:761) ~[client-java-13.0.0.jar:na]
	at io.kubernetes.client.util.generic.GenericKubernetesApi.watch(GenericKubernetesApi.java:281) ~[client-java-13.0.0.jar:na]
	at io.kubernetes.client.informer.SharedInformerFactory$2.watch(SharedInformerFactory.java:263) ~[client-java-13.0.0.jar:na]
	at io.kubernetes.client.informer.cache.ReflectorRunnable.run(ReflectorRunnable.java:120) ~[client-java-13.0.0.jar:na]
	at java.util.concurrent.Executors$RunnableAdapter.call(Executors.java:511) ~[na:1.8.0_292]
	at java.util.concurrent.FutureTask.runAndReset(FutureTask.java:308) ~[na:1.8.0_292]
	at java.util.concurrent.ScheduledThreadPoolExecutor$ScheduledFutureTask.access$301(ScheduledThreadPoolExecutor.java:180) ~[na:1.8.0_292]
	at java.util.concurrent.ScheduledThreadPoolExecutor$ScheduledFutureTask.run(ScheduledThreadPoolExecutor.java:294) ~[na:1.8.0_292]
	at java.util.concurrent.ThreadPoolExecutor.runWorker(ThreadPoolExecutor.java:1149) ~[na:1.8.0_292]
	at java.util.concurrent.ThreadPoolExecutor$Worker.run(ThreadPoolExecutor.java:624) ~[na:1.8.0_292]
	at java.lang.Thread.run(Thread.java:748) ~[na:1.8.0_292]

2024-04-21 14:03:15.788  INFO 56572 --- [ool-27-thread-1] .k.c.d.KubernetesInformerDiscoveryClient : Waiting for the cache of informers to be fully loaded..
2024-04-21 14:03:15.789  INFO 56572 --- [           main] .k.c.d.KubernetesInformerDiscoveryClient : Cache fully loaded (total 0 services) , discovery client is now available
2024-04-21 14:03:15.807  INFO 56572 --- [s.V1Endpoints-1] i.k.c.informer.cache.ReflectorRunnable   : class io.kubernetes.client.openapi.models.V1Endpoints#Start listing and watching...
2024-04-21 14:03:15.813 ERROR 56572 --- [tp1517972788-44] WireMock                                 : 
                                               Request was not matched
                                               =======================

-----------------------------------------------------------------------------------------------------------------------
| Closest stub                                             | Request                                                  |
-----------------------------------------------------------------------------------------------------------------------
                                                           |
GET                                                        | GET
/api/v1/namespaces/test/endpoints?resourceVersion=0&watch  | /api/v1/namespaces/test/endpoints?watch=true        <<<<< URL does not match
=false                                                     |
                                                           |
                                                           |
-----------------------------------------------------------------------------------------------------------------------

2024-04-21 14:03:15.814  INFO 56572 --- [els.V1Service-1] i.k.c.informer.cache.ReflectorRunnable   : class io.kubernetes.client.openapi.models.V1Service#Start listing and watching...
2024-04-21 14:03:15.815 ERROR 56572 --- [s.V1Endpoints-1] i.k.c.informer.cache.ReflectorRunnable   : class io.kubernetes.client.openapi.models.V1Endpoints#Reflector loop failed unexpectedly

io.kubernetes.client.openapi.ApiException: Not Found
	at io.kubernetes.client.util.Watch.createWatch(Watch.java:105) ~[client-java-13.0.0.jar:na]
	at io.kubernetes.client.util.generic.GenericKubernetesApi.watch(GenericKubernetesApi.java:761) ~[client-java-13.0.0.jar:na]
	at io.kubernetes.client.util.generic.GenericKubernetesApi.watch(GenericKubernetesApi.java:281) ~[client-java-13.0.0.jar:na]
	at io.kubernetes.client.informer.SharedInformerFactory$2.watch(SharedInformerFactory.java:263) ~[client-java-13.0.0.jar:na]
	at io.kubernetes.client.informer.cache.ReflectorRunnable.run(ReflectorRunnable.java:120) ~[client-java-13.0.0.jar:na]
	at java.util.concurrent.Executors$RunnableAdapter.call(Executors.java:511) ~[na:1.8.0_292]
	at java.util.concurrent.FutureTask.runAndReset(FutureTask.java:308) ~[na:1.8.0_292]
	at java.util.concurrent.ScheduledThreadPoolExecutor$ScheduledFutureTask.access$301(ScheduledThreadPoolExecutor.java:180) ~[na:1.8.0_292]
	at java.util.concurrent.ScheduledThreadPoolExecutor$ScheduledFutureTask.run(ScheduledThreadPoolExecutor.java:294) ~[na:1.8.0_292]
	at java.util.concurrent.ThreadPoolExecutor.runWorker(ThreadPoolExecutor.java:1149) ~[na:1.8.0_292]
	at java.util.concurrent.ThreadPoolExecutor$Worker.run(ThreadPoolExecutor.java:624) ~[na:1.8.0_292]
	at java.lang.Thread.run(Thread.java:748) ~[na:1.8.0_292]

2024-04-21 14:03:15.820 ERROR 56572 --- [tp1517972788-43] WireMock                                 : 
                                               Request was not matched
                                               =======================

-----------------------------------------------------------------------------------------------------------------------
| Closest stub                                             | Request                                                  |
-----------------------------------------------------------------------------------------------------------------------
                                                           |
GET                                                        | GET
/api/v1/namespaces/test/services?resourceVersion=0&watch=  | /api/v1/namespaces/test/services?watch=true         <<<<< URL does not match
false                                                      |
                                                           |
                                                           |
-----------------------------------------------------------------------------------------------------------------------

2024-04-21 14:03:15.823 ERROR 56572 --- [els.V1Service-1] i.k.c.informer.cache.ReflectorRunnable   : class io.kubernetes.client.openapi.models.V1Service#Reflector loop failed unexpectedly

io.kubernetes.client.openapi.ApiException: Not Found
	at io.kubernetes.client.util.Watch.createWatch(Watch.java:105) ~[client-java-13.0.0.jar:na]
	at io.kubernetes.client.util.generic.GenericKubernetesApi.watch(GenericKubernetesApi.java:761) ~[client-java-13.0.0.jar:na]
	at io.kubernetes.client.util.generic.GenericKubernetesApi.watch(GenericKubernetesApi.java:281) ~[client-java-13.0.0.jar:na]
	at io.kubernetes.client.informer.SharedInformerFactory$2.watch(SharedInformerFactory.java:263) ~[client-java-13.0.0.jar:na]
	at io.kubernetes.client.informer.cache.ReflectorRunnable.run(ReflectorRunnable.java:120) ~[client-java-13.0.0.jar:na]
	at java.util.concurrent.Executors$RunnableAdapter.call(Executors.java:511) ~[na:1.8.0_292]
	at java.util.concurrent.FutureTask.runAndReset(FutureTask.java:308) ~[na:1.8.0_292]
	at java.util.concurrent.ScheduledThreadPoolExecutor$ScheduledFutureTask.access$301(ScheduledThreadPoolExecutor.java:180) ~[na:1.8.0_292]
	at java.util.concurrent.ScheduledThreadPoolExecutor$ScheduledFutureTask.run(ScheduledThreadPoolExecutor.java:294) ~[na:1.8.0_292]
	at java.util.concurrent.ThreadPoolExecutor.runWorker(ThreadPoolExecutor.java:1149) ~[na:1.8.0_292]
	at java.util.concurrent.ThreadPoolExecutor$Worker.run(ThreadPoolExecutor.java:624) ~[na:1.8.0_292]
	at java.lang.Thread.run(Thread.java:748) ~[na:1.8.0_292]

2024-04-21 14:03:16.033  INFO 56572 --- [           main] o.s.b.w.embedded.tomcat.TomcatWebServer  : Tomcat started on port(s): 43219 (http) with context path ''
2024-04-21 14:03:16.038  INFO 56572 --- [           main] iveDiscoveryClientAutoConfigurationTests : Started KubernetesInformerReactiveDiscoveryClientAutoConfigurationTests in 2.054 seconds (JVM running for 9.752)
