16:38:34.496 [main] DEBUG org.springframework.test.context.junit4.SpringJUnit4ClassRunner - SpringJUnit4ClassRunner constructor called with [class org.springframework.cloud.kubernetes.client.discovery.reactive.KubernetesInformerReactiveDiscoveryClientAutoConfigurationTests]
16:38:34.506 [main] DEBUG org.springframework.test.context.BootstrapUtils - Instantiating CacheAwareContextLoaderDelegate from class [org.springframework.test.context.cache.DefaultCacheAwareContextLoaderDelegate]
16:38:34.514 [main] DEBUG org.springframework.test.context.BootstrapUtils - Instantiating BootstrapContext using constructor [public org.springframework.test.context.support.DefaultBootstrapContext(java.lang.Class,org.springframework.test.context.CacheAwareContextLoaderDelegate)]
16:38:34.552 [main] DEBUG org.springframework.test.context.BootstrapUtils - Instantiating TestContextBootstrapper for test class [org.springframework.cloud.kubernetes.client.discovery.reactive.KubernetesInformerReactiveDiscoveryClientAutoConfigurationTests] from class [org.springframework.boot.test.context.SpringBootTestContextBootstrapper]
16:38:34.561 [main] INFO org.springframework.boot.test.context.SpringBootTestContextBootstrapper - Neither @ContextConfiguration nor @ContextHierarchy found for test class [org.springframework.cloud.kubernetes.client.discovery.reactive.KubernetesInformerReactiveDiscoveryClientAutoConfigurationTests], using SpringBootContextLoader
16:38:34.566 [main] DEBUG org.springframework.test.context.support.AbstractContextLoader - Did not detect default resource location for test class [org.springframework.cloud.kubernetes.client.discovery.reactive.KubernetesInformerReactiveDiscoveryClientAutoConfigurationTests]: class path resource [org/springframework/cloud/kubernetes/client/discovery/reactive/KubernetesInformerReactiveDiscoveryClientAutoConfigurationTests-context.xml] does not exist
16:38:34.566 [main] DEBUG org.springframework.test.context.support.AbstractContextLoader - Did not detect default resource location for test class [org.springframework.cloud.kubernetes.client.discovery.reactive.KubernetesInformerReactiveDiscoveryClientAutoConfigurationTests]: class path resource [org/springframework/cloud/kubernetes/client/discovery/reactive/KubernetesInformerReactiveDiscoveryClientAutoConfigurationTestsContext.groovy] does not exist
16:38:34.567 [main] INFO org.springframework.test.context.support.AbstractContextLoader - Could not detect default resource locations for test class [org.springframework.cloud.kubernetes.client.discovery.reactive.KubernetesInformerReactiveDiscoveryClientAutoConfigurationTests]: no resource found for suffixes {-context.xml, Context.groovy}.
16:38:34.652 [main] DEBUG org.springframework.test.context.support.ActiveProfilesUtils - Could not find an 'annotation declaring class' for annotation type [org.springframework.test.context.ActiveProfiles] and class [org.springframework.cloud.kubernetes.client.discovery.reactive.KubernetesInformerReactiveDiscoveryClientAutoConfigurationTests]
16:38:34.782 [main] DEBUG org.springframework.boot.test.context.SpringBootTestContextBootstrapper - @TestExecutionListeners is not present for class [org.springframework.cloud.kubernetes.client.discovery.reactive.KubernetesInformerReactiveDiscoveryClientAutoConfigurationTests]: using defaults.
16:38:34.783 [main] INFO org.springframework.boot.test.context.SpringBootTestContextBootstrapper - Loaded default TestExecutionListener class names from location [META-INF/spring.factories]: [org.springframework.boot.test.mock.mockito.MockitoTestExecutionListener, org.springframework.boot.test.mock.mockito.ResetMocksTestExecutionListener, org.springframework.boot.test.autoconfigure.restdocs.RestDocsTestExecutionListener, org.springframework.boot.test.autoconfigure.web.client.MockRestServiceServerResetTestExecutionListener, org.springframework.boot.test.autoconfigure.web.servlet.MockMvcPrintOnlyOnFailureTestExecutionListener, org.springframework.boot.test.autoconfigure.web.servlet.WebDriverTestExecutionListener, org.springframework.boot.test.autoconfigure.webservices.client.MockWebServiceServerTestExecutionListener, org.springframework.test.context.web.ServletTestExecutionListener, org.springframework.test.context.support.DirtiesContextBeforeModesTestExecutionListener, org.springframework.test.context.event.ApplicationEventsTestExecutionListener, org.springframework.test.context.support.DependencyInjectionTestExecutionListener, org.springframework.test.context.support.DirtiesContextTestExecutionListener, org.springframework.test.context.transaction.TransactionalTestExecutionListener, org.springframework.test.context.jdbc.SqlScriptsTestExecutionListener, org.springframework.test.context.event.EventPublishingTestExecutionListener]
16:38:34.797 [main] DEBUG org.springframework.boot.test.context.SpringBootTestContextBootstrapper - Skipping candidate TestExecutionListener [org.springframework.test.context.transaction.TransactionalTestExecutionListener] due to a missing dependency. Specify custom listener classes or make the default listener classes and their required dependencies available. Offending class: [org/springframework/transaction/TransactionDefinition]
16:38:34.797 [main] DEBUG org.springframework.boot.test.context.SpringBootTestContextBootstrapper - Skipping candidate TestExecutionListener [org.springframework.test.context.jdbc.SqlScriptsTestExecutionListener] due to a missing dependency. Specify custom listener classes or make the default listener classes and their required dependencies available. Offending class: [org/springframework/transaction/interceptor/TransactionAttribute]
16:38:34.798 [main] INFO org.springframework.boot.test.context.SpringBootTestContextBootstrapper - Using TestExecutionListeners: [org.springframework.test.context.web.ServletTestExecutionListener@4d0d9fe7, org.springframework.test.context.support.DirtiesContextBeforeModesTestExecutionListener@c430e6c, org.springframework.test.context.event.ApplicationEventsTestExecutionListener@312aa7c, org.springframework.boot.test.mock.mockito.MockitoTestExecutionListener@536f2a7e, org.springframework.boot.test.autoconfigure.SpringBootDependencyInjectionTestExecutionListener@72bc6553, org.springframework.test.context.support.DirtiesContextTestExecutionListener@66982506, org.springframework.test.context.event.EventPublishingTestExecutionListener@70cf32e3, org.springframework.boot.test.mock.mockito.ResetMocksTestExecutionListener@5a59ca5e, org.springframework.boot.test.autoconfigure.restdocs.RestDocsTestExecutionListener@4bdeaabb, org.springframework.boot.test.autoconfigure.web.client.MockRestServiceServerResetTestExecutionListener@6c4906d3, org.springframework.boot.test.autoconfigure.web.servlet.MockMvcPrintOnlyOnFailureTestExecutionListener@65987993, org.springframework.boot.test.autoconfigure.web.servlet.WebDriverTestExecutionListener@71075444, org.springframework.boot.test.autoconfigure.webservices.client.MockWebServiceServerTestExecutionListener@4f32a3ad]
16:38:34.800 [main] DEBUG org.springframework.test.annotation.ProfileValueUtils - Retrieved @ProfileValueSourceConfiguration [null] for test class [org.springframework.cloud.kubernetes.client.discovery.reactive.KubernetesInformerReactiveDiscoveryClientAutoConfigurationTests]
16:38:34.802 [main] DEBUG org.springframework.test.annotation.ProfileValueUtils - Retrieved ProfileValueSource type [class org.springframework.test.annotation.SystemProfileValueSource] for class [org.springframework.cloud.kubernetes.client.discovery.reactive.KubernetesInformerReactiveDiscoveryClientAutoConfigurationTests]
16:38:34.802 [main] DEBUG org.springframework.test.annotation.ProfileValueUtils - Retrieved @ProfileValueSourceConfiguration [null] for test class [org.springframework.cloud.kubernetes.client.discovery.reactive.KubernetesInformerReactiveDiscoveryClientAutoConfigurationTests]
16:38:34.802 [main] DEBUG org.springframework.test.annotation.ProfileValueUtils - Retrieved ProfileValueSource type [class org.springframework.test.annotation.SystemProfileValueSource] for class [org.springframework.cloud.kubernetes.client.discovery.reactive.KubernetesInformerReactiveDiscoveryClientAutoConfigurationTests]
16:38:34.806 [main] DEBUG org.springframework.test.context.junit4.SpringJUnit4ClassRunner - SpringJUnit4ClassRunner constructor called with [class org.springframework.cloud.kubernetes.client.discovery.KubernetesDiscoveryClientAutoConfigurationTests]
16:38:34.806 [main] DEBUG org.springframework.test.context.BootstrapUtils - Instantiating CacheAwareContextLoaderDelegate from class [org.springframework.test.context.cache.DefaultCacheAwareContextLoaderDelegate]
16:38:34.806 [main] DEBUG org.springframework.test.context.BootstrapUtils - Instantiating BootstrapContext using constructor [public org.springframework.test.context.support.DefaultBootstrapContext(java.lang.Class,org.springframework.test.context.CacheAwareContextLoaderDelegate)]
16:38:34.807 [main] DEBUG org.springframework.test.context.BootstrapUtils - Instantiating TestContextBootstrapper for test class [org.springframework.cloud.kubernetes.client.discovery.KubernetesDiscoveryClientAutoConfigurationTests] from class [org.springframework.boot.test.context.SpringBootTestContextBootstrapper]
16:38:34.808 [main] INFO org.springframework.boot.test.context.SpringBootTestContextBootstrapper - Neither @ContextConfiguration nor @ContextHierarchy found for test class [org.springframework.cloud.kubernetes.client.discovery.KubernetesDiscoveryClientAutoConfigurationTests], using SpringBootContextLoader
16:38:34.809 [main] DEBUG org.springframework.test.context.support.AbstractContextLoader - Did not detect default resource location for test class [org.springframework.cloud.kubernetes.client.discovery.KubernetesDiscoveryClientAutoConfigurationTests]: class path resource [org/springframework/cloud/kubernetes/client/discovery/KubernetesDiscoveryClientAutoConfigurationTests-context.xml] does not exist
16:38:34.810 [main] DEBUG org.springframework.test.context.support.AbstractContextLoader - Did not detect default resource location for test class [org.springframework.cloud.kubernetes.client.discovery.KubernetesDiscoveryClientAutoConfigurationTests]: class path resource [org/springframework/cloud/kubernetes/client/discovery/KubernetesDiscoveryClientAutoConfigurationTestsContext.groovy] does not exist
16:38:34.810 [main] INFO org.springframework.test.context.support.AbstractContextLoader - Could not detect default resource locations for test class [org.springframework.cloud.kubernetes.client.discovery.KubernetesDiscoveryClientAutoConfigurationTests]: no resource found for suffixes {-context.xml, Context.groovy}.
16:38:34.813 [main] DEBUG org.springframework.test.context.support.ActiveProfilesUtils - Could not find an 'annotation declaring class' for annotation type [org.springframework.test.context.ActiveProfiles] and class [org.springframework.cloud.kubernetes.client.discovery.KubernetesDiscoveryClientAutoConfigurationTests]
16:38:34.827 [main] DEBUG org.springframework.boot.test.context.SpringBootTestContextBootstrapper - @TestExecutionListeners is not present for class [org.springframework.cloud.kubernetes.client.discovery.KubernetesDiscoveryClientAutoConfigurationTests]: using defaults.
16:38:34.828 [main] INFO org.springframework.boot.test.context.SpringBootTestContextBootstrapper - Loaded default TestExecutionListener class names from location [META-INF/spring.factories]: [org.springframework.boot.test.mock.mockito.MockitoTestExecutionListener, org.springframework.boot.test.mock.mockito.ResetMocksTestExecutionListener, org.springframework.boot.test.autoconfigure.restdocs.RestDocsTestExecutionListener, org.springframework.boot.test.autoconfigure.web.client.MockRestServiceServerResetTestExecutionListener, org.springframework.boot.test.autoconfigure.web.servlet.MockMvcPrintOnlyOnFailureTestExecutionListener, org.springframework.boot.test.autoconfigure.web.servlet.WebDriverTestExecutionListener, org.springframework.boot.test.autoconfigure.webservices.client.MockWebServiceServerTestExecutionListener, org.springframework.test.context.web.ServletTestExecutionListener, org.springframework.test.context.support.DirtiesContextBeforeModesTestExecutionListener, org.springframework.test.context.event.ApplicationEventsTestExecutionListener, org.springframework.test.context.support.DependencyInjectionTestExecutionListener, org.springframework.test.context.support.DirtiesContextTestExecutionListener, org.springframework.test.context.transaction.TransactionalTestExecutionListener, org.springframework.test.context.jdbc.SqlScriptsTestExecutionListener, org.springframework.test.context.event.EventPublishingTestExecutionListener]
16:38:34.828 [main] DEBUG org.springframework.boot.test.context.SpringBootTestContextBootstrapper - Skipping candidate TestExecutionListener [org.springframework.test.context.transaction.TransactionalTestExecutionListener] due to a missing dependency. Specify custom listener classes or make the default listener classes and their required dependencies available. Offending class: [org/springframework/transaction/TransactionDefinition]
16:38:34.829 [main] DEBUG org.springframework.boot.test.context.SpringBootTestContextBootstrapper - Skipping candidate TestExecutionListener [org.springframework.test.context.jdbc.SqlScriptsTestExecutionListener] due to a missing dependency. Specify custom listener classes or make the default listener classes and their required dependencies available. Offending class: [org/springframework/transaction/interceptor/TransactionAttribute]
16:38:34.829 [main] INFO org.springframework.boot.test.context.SpringBootTestContextBootstrapper - Using TestExecutionListeners: [org.springframework.test.context.web.ServletTestExecutionListener@5a5a729f, org.springframework.test.context.support.DirtiesContextBeforeModesTestExecutionListener@4b520ea8, org.springframework.test.context.event.ApplicationEventsTestExecutionListener@16150369, org.springframework.boot.test.mock.mockito.MockitoTestExecutionListener@6b09fb41, org.springframework.boot.test.autoconfigure.SpringBootDependencyInjectionTestExecutionListener@624ea235, org.springframework.test.context.support.DirtiesContextTestExecutionListener@3932c79a, org.springframework.test.context.event.EventPublishingTestExecutionListener@782859e, org.springframework.boot.test.mock.mockito.ResetMocksTestExecutionListener@23f5b5dc, org.springframework.boot.test.autoconfigure.restdocs.RestDocsTestExecutionListener@34bde49d, org.springframework.boot.test.autoconfigure.web.client.MockRestServiceServerResetTestExecutionListener@1b1cfb87, org.springframework.boot.test.autoconfigure.web.servlet.MockMvcPrintOnlyOnFailureTestExecutionListener@821330f, org.springframework.boot.test.autoconfigure.web.servlet.WebDriverTestExecutionListener@6f43c82, org.springframework.boot.test.autoconfigure.webservices.client.MockWebServiceServerTestExecutionListener@5db6b9cd]
16:38:34.829 [main] DEBUG org.springframework.test.annotation.ProfileValueUtils - Retrieved @ProfileValueSourceConfiguration [null] for test class [org.springframework.cloud.kubernetes.client.discovery.KubernetesDiscoveryClientAutoConfigurationTests]
16:38:34.829 [main] DEBUG org.springframework.test.annotation.ProfileValueUtils - Retrieved ProfileValueSource type [class org.springframework.test.annotation.SystemProfileValueSource] for class [org.springframework.cloud.kubernetes.client.discovery.KubernetesDiscoveryClientAutoConfigurationTests]
16:38:34.829 [main] DEBUG org.springframework.test.annotation.ProfileValueUtils - Retrieved @ProfileValueSourceConfiguration [null] for test class [org.springframework.cloud.kubernetes.client.discovery.KubernetesDiscoveryClientAutoConfigurationTests]
16:38:34.830 [main] DEBUG org.springframework.test.annotation.ProfileValueUtils - Retrieved ProfileValueSource type [class org.springframework.test.annotation.SystemProfileValueSource] for class [org.springframework.cloud.kubernetes.client.discovery.KubernetesDiscoveryClientAutoConfigurationTests]
16:38:34.833 [main] DEBUG org.springframework.test.annotation.ProfileValueUtils - Retrieved @ProfileValueSourceConfiguration [null] for test class [org.springframework.cloud.kubernetes.client.discovery.reactive.KubernetesInformerReactiveDiscoveryClientAutoConfigurationTests]
16:38:34.834 [main] DEBUG org.springframework.test.annotation.ProfileValueUtils - Retrieved ProfileValueSource type [class org.springframework.test.annotation.SystemProfileValueSource] for class [org.springframework.cloud.kubernetes.client.discovery.reactive.KubernetesInformerReactiveDiscoveryClientAutoConfigurationTests]
16:38:34.834 [main] DEBUG org.springframework.test.annotation.ProfileValueUtils - Retrieved @ProfileValueSourceConfiguration [null] for test class [org.springframework.cloud.kubernetes.client.discovery.KubernetesDiscoveryClientAutoConfigurationTests]
16:38:34.834 [main] DEBUG org.springframework.test.annotation.ProfileValueUtils - Retrieved ProfileValueSource type [class org.springframework.test.annotation.SystemProfileValueSource] for class [org.springframework.cloud.kubernetes.client.discovery.KubernetesDiscoveryClientAutoConfigurationTests]
16:38:34.836 [main] DEBUG org.springframework.test.annotation.ProfileValueUtils - Retrieved @ProfileValueSourceConfiguration [null] for test class [org.springframework.cloud.kubernetes.client.discovery.reactive.KubernetesInformerReactiveDiscoveryClientAutoConfigurationTests]
16:38:34.836 [main] DEBUG org.springframework.test.annotation.ProfileValueUtils - Retrieved ProfileValueSource type [class org.springframework.test.annotation.SystemProfileValueSource] for class [org.springframework.cloud.kubernetes.client.discovery.reactive.KubernetesInformerReactiveDiscoveryClientAutoConfigurationTests]
16:38:34.836 [main] DEBUG org.springframework.test.annotation.ProfileValueUtils - Retrieved @ProfileValueSourceConfiguration [null] for test class [org.springframework.cloud.kubernetes.client.discovery.KubernetesDiscoveryClientAutoConfigurationTests]
16:38:34.836 [main] DEBUG org.springframework.test.annotation.ProfileValueUtils - Retrieved ProfileValueSource type [class org.springframework.test.annotation.SystemProfileValueSource] for class [org.springframework.cloud.kubernetes.client.discovery.KubernetesDiscoveryClientAutoConfigurationTests]
16:38:34.836 [main] DEBUG org.springframework.test.annotation.ProfileValueUtils - Retrieved @ProfileValueSourceConfiguration [null] for test class [org.springframework.cloud.kubernetes.client.discovery.reactive.KubernetesInformerReactiveDiscoveryClientAutoConfigurationTests]
16:38:34.836 [main] DEBUG org.springframework.test.annotation.ProfileValueUtils - Retrieved ProfileValueSource type [class org.springframework.test.annotation.SystemProfileValueSource] for class [org.springframework.cloud.kubernetes.client.discovery.reactive.KubernetesInformerReactiveDiscoveryClientAutoConfigurationTests]
16:38:34.837 [main] DEBUG org.springframework.test.annotation.ProfileValueUtils - Retrieved @ProfileValueSourceConfiguration [null] for test class [org.springframework.cloud.kubernetes.client.discovery.KubernetesDiscoveryClientAutoConfigurationTests]
16:38:34.837 [main] DEBUG org.springframework.test.annotation.ProfileValueUtils - Retrieved ProfileValueSource type [class org.springframework.test.annotation.SystemProfileValueSource] for class [org.springframework.cloud.kubernetes.client.discovery.KubernetesDiscoveryClientAutoConfigurationTests]
16:38:34.837 [main] DEBUG org.springframework.test.annotation.ProfileValueUtils - Retrieved @ProfileValueSourceConfiguration [null] for test class [org.springframework.cloud.kubernetes.client.discovery.reactive.KubernetesInformerReactiveDiscoveryClientAutoConfigurationTests]
16:38:34.837 [main] DEBUG org.springframework.test.annotation.ProfileValueUtils - Retrieved ProfileValueSource type [class org.springframework.test.annotation.SystemProfileValueSource] for class [org.springframework.cloud.kubernetes.client.discovery.reactive.KubernetesInformerReactiveDiscoveryClientAutoConfigurationTests]
16:38:34.837 [main] DEBUG org.springframework.test.annotation.ProfileValueUtils - Retrieved @ProfileValueSourceConfiguration [null] for test class [org.springframework.cloud.kubernetes.client.discovery.reactive.KubernetesInformerReactiveDiscoveryClientAutoConfigurationTests]
16:38:34.837 [main] DEBUG org.springframework.test.annotation.ProfileValueUtils - Retrieved ProfileValueSource type [class org.springframework.test.annotation.SystemProfileValueSource] for class [org.springframework.cloud.kubernetes.client.discovery.reactive.KubernetesInformerReactiveDiscoveryClientAutoConfigurationTests]
16:38:34.837 [main] DEBUG org.springframework.test.annotation.ProfileValueUtils - Retrieved @ProfileValueSourceConfiguration [null] for test class [org.springframework.cloud.kubernetes.client.discovery.KubernetesDiscoveryClientAutoConfigurationTests]
16:38:34.837 [main] DEBUG org.springframework.test.annotation.ProfileValueUtils - Retrieved ProfileValueSource type [class org.springframework.test.annotation.SystemProfileValueSource] for class [org.springframework.cloud.kubernetes.client.discovery.KubernetesDiscoveryClientAutoConfigurationTests]
16:38:34.837 [main] DEBUG org.springframework.test.annotation.ProfileValueUtils - Retrieved @ProfileValueSourceConfiguration [null] for test class [org.springframework.cloud.kubernetes.client.discovery.KubernetesDiscoveryClientAutoConfigurationTests]
16:38:34.837 [main] DEBUG org.springframework.test.annotation.ProfileValueUtils - Retrieved ProfileValueSource type [class org.springframework.test.annotation.SystemProfileValueSource] for class [org.springframework.cloud.kubernetes.client.discovery.KubernetesDiscoveryClientAutoConfigurationTests]
16:38:34.843 [main] DEBUG org.springframework.test.annotation.ProfileValueUtils - Retrieved @ProfileValueSourceConfiguration [null] for test class [org.springframework.cloud.kubernetes.client.discovery.reactive.KubernetesInformerReactiveDiscoveryClientAutoConfigurationTests]
16:38:34.843 [main] DEBUG org.springframework.test.annotation.ProfileValueUtils - Retrieved ProfileValueSource type [class org.springframework.test.annotation.SystemProfileValueSource] for class [org.springframework.cloud.kubernetes.client.discovery.reactive.KubernetesInformerReactiveDiscoveryClientAutoConfigurationTests]
16:38:34.843 [main] DEBUG org.springframework.test.annotation.ProfileValueUtils - Retrieved @ProfileValueSourceConfiguration [null] for test class [org.springframework.cloud.kubernetes.client.discovery.KubernetesDiscoveryClientAutoConfigurationTests]
16:38:34.843 [main] DEBUG org.springframework.test.annotation.ProfileValueUtils - Retrieved ProfileValueSource type [class org.springframework.test.annotation.SystemProfileValueSource] for class [org.springframework.cloud.kubernetes.client.discovery.KubernetesDiscoveryClientAutoConfigurationTests]
16:38:34.844 [main] DEBUG org.springframework.test.annotation.ProfileValueUtils - Retrieved @ProfileValueSourceConfiguration [null] for test class [org.springframework.cloud.kubernetes.client.discovery.reactive.KubernetesInformerReactiveDiscoveryClientAutoConfigurationTests]
16:38:34.844 [main] DEBUG org.springframework.test.annotation.ProfileValueUtils - Retrieved ProfileValueSource type [class org.springframework.test.annotation.SystemProfileValueSource] for class [org.springframework.cloud.kubernetes.client.discovery.reactive.KubernetesInformerReactiveDiscoveryClientAutoConfigurationTests]
16:38:34.845 [main] DEBUG org.springframework.test.annotation.ProfileValueUtils - Retrieved @ProfileValueSourceConfiguration [null] for test class [org.springframework.cloud.kubernetes.client.discovery.KubernetesDiscoveryClientAutoConfigurationTests]
16:38:34.845 [main] DEBUG org.springframework.test.annotation.ProfileValueUtils - Retrieved ProfileValueSource type [class org.springframework.test.annotation.SystemProfileValueSource] for class [org.springframework.cloud.kubernetes.client.discovery.KubernetesDiscoveryClientAutoConfigurationTests]
16:38:35.373 [main] DEBUG org.springframework.cloud.kubernetes.client.discovery.KubernetesInformerDiscoveryClient - Kubernetes Service Label Properties:
16:38:35.374 [main] DEBUG org.springframework.cloud.kubernetes.client.discovery.KubernetesInformerDiscoveryClient - Service test-svc-1 labels:
16:38:35.460 [main] DEBUG org.springframework.cloud.kubernetes.client.discovery.KubernetesInformerDiscoveryClient - Kubernetes Service Label Properties:
16:38:35.461 [main] DEBUG org.springframework.cloud.kubernetes.client.discovery.KubernetesInformerDiscoveryClient - Service test-svc-1 labels:
16:38:35.466 [main] DEBUG org.springframework.cloud.kubernetes.client.discovery.KubernetesInformerDiscoveryClient - Kubernetes Service Label Properties:
16:38:35.466 [main] DEBUG org.springframework.cloud.kubernetes.client.discovery.KubernetesInformerDiscoveryClient - Service test-svc-1 labels:
16:38:35.468 [main] DEBUG org.springframework.cloud.kubernetes.client.discovery.KubernetesInformerDiscoveryClient - Kubernetes Service Label Properties:
16:38:35.468 [main] DEBUG org.springframework.cloud.kubernetes.client.discovery.KubernetesInformerDiscoveryClient - Service test-svc-1 labels:
16:38:35.472 [main] DEBUG org.springframework.cloud.kubernetes.client.discovery.KubernetesInformerDiscoveryClient - Kubernetes Service Label Properties:
16:38:35.472 [main] DEBUG org.springframework.cloud.kubernetes.client.discovery.KubernetesInformerDiscoveryClient - Service test-svc-1 labels:
16:38:35.474 [main] DEBUG org.springframework.cloud.kubernetes.client.discovery.KubernetesInformerDiscoveryClient - Kubernetes Service Label Properties:
16:38:35.474 [main] DEBUG org.springframework.cloud.kubernetes.client.discovery.KubernetesInformerDiscoveryClient - Service test-svc-1 labels:
16:38:35.474 [main] DEBUG org.springframework.cloud.kubernetes.client.discovery.KubernetesInformerDiscoveryClient - primary-port-name:https
16:38:35.476 [main] DEBUG org.springframework.cloud.kubernetes.client.discovery.KubernetesInformerDiscoveryClient - Kubernetes Service Label Properties:
16:38:35.476 [main] DEBUG org.springframework.cloud.kubernetes.client.discovery.KubernetesInformerDiscoveryClient - Service test-svc-1 labels:
16:38:35.476 [main] DEBUG org.springframework.cloud.kubernetes.client.discovery.KubernetesInformerDiscoveryClient - primary-port-name:https
16:38:35.477 [main] DEBUG org.springframework.cloud.kubernetes.client.discovery.KubernetesInformerDiscoveryClient - Kubernetes Service Label Properties:
16:38:35.477 [main] DEBUG org.springframework.cloud.kubernetes.client.discovery.KubernetesInformerDiscoveryClient - Service test-svc-1 labels:
16:38:35.477 [main] DEBUG org.springframework.cloud.kubernetes.client.discovery.KubernetesInformerDiscoveryClient - primary-port-name:oops
16:38:35.478 [main] WARN org.springframework.cloud.kubernetes.client.discovery.KubernetesInformerDiscoveryClient - Could not find a port named 'oops', 'https', or 'http' for service 'test-svc-1'.
16:38:35.478 [main] WARN org.springframework.cloud.kubernetes.client.discovery.KubernetesInformerDiscoveryClient - Make sure that either the primary-port-name label has been added to the service, or that spring.cloud.kubernetes.discovery.primary-port-name has been configured.
16:38:35.478 [main] WARN org.springframework.cloud.kubernetes.client.discovery.KubernetesInformerDiscoveryClient - Alternatively name the primary port 'https' or 'http'
16:38:35.478 [main] WARN org.springframework.cloud.kubernetes.client.discovery.KubernetesInformerDiscoveryClient - An incorrect configuration may result in non-deterministic behaviour.
16:38:35.479 [main] DEBUG org.springframework.cloud.kubernetes.client.discovery.KubernetesInformerDiscoveryClient - Kubernetes Service Label Properties:
16:38:35.480 [main] DEBUG org.springframework.cloud.kubernetes.client.discovery.KubernetesInformerDiscoveryClient - Service test-svc-1 labels:
16:38:35.480 [main] DEBUG org.springframework.cloud.kubernetes.client.discovery.KubernetesInformerDiscoveryClient - primary-port-name:oops
16:38:35.480 [main] WARN org.springframework.cloud.kubernetes.client.discovery.KubernetesInformerDiscoveryClient - Could not find a port named 'oops', 'https', or 'http' for service 'test-svc-1'.
16:38:35.480 [main] WARN org.springframework.cloud.kubernetes.client.discovery.KubernetesInformerDiscoveryClient - Make sure that either the primary-port-name label has been added to the service, or that spring.cloud.kubernetes.discovery.primary-port-name has been configured.
16:38:35.480 [main] WARN org.springframework.cloud.kubernetes.client.discovery.KubernetesInformerDiscoveryClient - Alternatively name the primary port 'https' or 'http'
16:38:35.480 [main] WARN org.springframework.cloud.kubernetes.client.discovery.KubernetesInformerDiscoveryClient - An incorrect configuration may result in non-deterministic behaviour.
16:38:35.481 [main] DEBUG org.springframework.cloud.kubernetes.client.discovery.KubernetesInformerDiscoveryClient - Kubernetes Service Label Properties:
16:38:35.481 [main] DEBUG org.springframework.cloud.kubernetes.client.discovery.KubernetesInformerDiscoveryClient - Service test-svc-1 labels:
16:38:35.481 [main] DEBUG org.springframework.cloud.kubernetes.client.discovery.KubernetesInformerDiscoveryClient - primary-port-name:oops
16:38:35.483 [main] DEBUG org.springframework.cloud.kubernetes.client.discovery.KubernetesInformerDiscoveryClient - Kubernetes Service Label Properties:
16:38:35.484 [main] DEBUG org.springframework.cloud.kubernetes.client.discovery.KubernetesInformerDiscoveryClient - Service test-svc-1 labels:
16:38:35.484 [main] DEBUG org.springframework.cloud.kubernetes.client.discovery.KubernetesInformerDiscoveryClient - primary-port-name:oops
16:38:35.484 [main] DEBUG org.springframework.cloud.kubernetes.client.discovery.KubernetesInformerDiscoveryClient - Kubernetes Service Label Properties:
16:38:35.484 [main] DEBUG org.springframework.cloud.kubernetes.client.discovery.KubernetesInformerDiscoveryClient - Service test-svc-1 labels:
16:38:35.491 [main] DEBUG org.springframework.cloud.kubernetes.client.discovery.KubernetesInformerDiscoveryClient - Kubernetes Service Label Properties:
16:38:35.491 [main] DEBUG org.springframework.cloud.kubernetes.client.discovery.KubernetesInformerDiscoveryClient - Service test-svc-1 labels:
16:38:35.491 [main] DEBUG org.springframework.cloud.kubernetes.client.discovery.KubernetesInformerDiscoveryClient - primary-port-name:oops
16:38:35.492 [main] DEBUG org.springframework.cloud.kubernetes.client.discovery.KubernetesInformerDiscoveryClient - Kubernetes Service Label Properties:
16:38:35.492 [main] DEBUG org.springframework.cloud.kubernetes.client.discovery.KubernetesInformerDiscoveryClient - Service test-svc-1 labels:
16:38:35.492 [main] DEBUG org.springframework.cloud.kubernetes.client.discovery.KubernetesInformerDiscoveryClient - primary-port-name:oops
16:38:35.492 [main] WARN org.springframework.cloud.kubernetes.client.discovery.KubernetesInformerDiscoveryClient - Could not find a port named 'oops', 'https', or 'http' for service 'test-svc-1'.
16:38:35.492 [main] WARN org.springframework.cloud.kubernetes.client.discovery.KubernetesInformerDiscoveryClient - Make sure that either the primary-port-name label has been added to the service, or that spring.cloud.kubernetes.discovery.primary-port-name has been configured.
16:38:35.492 [main] WARN org.springframework.cloud.kubernetes.client.discovery.KubernetesInformerDiscoveryClient - Alternatively name the primary port 'https' or 'http'
16:38:35.492 [main] WARN org.springframework.cloud.kubernetes.client.discovery.KubernetesInformerDiscoveryClient - An incorrect configuration may result in non-deterministic behaviour.
16:38:35.493 [main] DEBUG org.springframework.cloud.kubernetes.client.discovery.KubernetesInformerDiscoveryClient - Kubernetes Service Label Properties:
16:38:35.494 [main] DEBUG org.springframework.cloud.kubernetes.client.discovery.KubernetesInformerDiscoveryClient - Service test-svc-1 labels:
16:38:35.494 [main] DEBUG org.springframework.cloud.kubernetes.client.discovery.KubernetesInformerDiscoveryClient - primary-port-name:oops
16:38:35.495 [main] DEBUG org.springframework.cloud.kubernetes.client.discovery.KubernetesInformerDiscoveryClient - Kubernetes Service Label Properties:
16:38:35.496 [main] DEBUG org.springframework.cloud.kubernetes.client.discovery.KubernetesInformerDiscoveryClient - spring:true
16:38:35.496 [main] DEBUG org.springframework.cloud.kubernetes.client.discovery.KubernetesInformerDiscoveryClient - k8s:true
16:38:35.496 [main] DEBUG org.springframework.cloud.kubernetes.client.discovery.KubernetesInformerDiscoveryClient - Service test-svc-1 labels:
16:38:35.496 [main] DEBUG org.springframework.cloud.kubernetes.client.discovery.KubernetesInformerDiscoveryClient - primary-port-name:oops
16:38:35.497 [main] DEBUG org.springframework.cloud.kubernetes.client.discovery.KubernetesInformerDiscoveryClient - Kubernetes Service Label Properties:
16:38:35.497 [main] DEBUG org.springframework.cloud.kubernetes.client.discovery.KubernetesInformerDiscoveryClient - spring:true
16:38:35.497 [main] DEBUG org.springframework.cloud.kubernetes.client.discovery.KubernetesInformerDiscoveryClient - k8s:true
16:38:35.497 [main] DEBUG org.springframework.cloud.kubernetes.client.discovery.KubernetesInformerDiscoveryClient - Service test-svc-3 labels:
16:38:35.497 [main] DEBUG org.springframework.cloud.kubernetes.client.discovery.KubernetesInformerDiscoveryClient - spring:true
16:38:35.497 [main] DEBUG org.springframework.cloud.kubernetes.client.discovery.KubernetesInformerDiscoveryClient - k8s:true
16:38:35.500 [main] DEBUG org.springframework.cloud.kubernetes.client.discovery.KubernetesInformerDiscoveryClient - Kubernetes Service Label Properties:
16:38:35.500 [main] DEBUG org.springframework.cloud.kubernetes.client.discovery.KubernetesInformerDiscoveryClient - Service test-svc-1 labels:
16:38:35.500 [main] DEBUG org.springframework.cloud.kubernetes.client.discovery.KubernetesInformerDiscoveryClient - primary-port-name:oops
16:38:35.501 [main] DEBUG org.springframework.cloud.kubernetes.client.discovery.KubernetesInformerDiscoveryClient - Kubernetes Service Label Properties:
16:38:35.501 [main] DEBUG org.springframework.cloud.kubernetes.client.discovery.KubernetesInformerDiscoveryClient - spring:true
16:38:35.501 [main] DEBUG org.springframework.cloud.kubernetes.client.discovery.KubernetesInformerDiscoveryClient - k8s:true
16:38:35.501 [main] DEBUG org.springframework.cloud.kubernetes.client.discovery.KubernetesInformerDiscoveryClient - Service test-svc-1 labels:
16:38:35.501 [main] DEBUG org.springframework.cloud.kubernetes.client.discovery.KubernetesInformerDiscoveryClient - primary-port-name:oops
16:38:35.501 [main] DEBUG org.springframework.cloud.kubernetes.client.discovery.KubernetesInformerDiscoveryClient - Kubernetes Service Label Properties:
16:38:35.502 [main] DEBUG org.springframework.cloud.kubernetes.client.discovery.KubernetesInformerDiscoveryClient - spring:true
16:38:35.502 [main] DEBUG org.springframework.cloud.kubernetes.client.discovery.KubernetesInformerDiscoveryClient - k8s:true
16:38:35.502 [main] DEBUG org.springframework.cloud.kubernetes.client.discovery.KubernetesInformerDiscoveryClient - Service test-svc-1 labels:
16:38:35.502 [main] DEBUG org.springframework.cloud.kubernetes.client.discovery.KubernetesInformerDiscoveryClient - Kubernetes Service Label Properties:
16:38:35.502 [main] DEBUG org.springframework.cloud.kubernetes.client.discovery.KubernetesInformerDiscoveryClient - spring:true
16:38:35.502 [main] DEBUG org.springframework.cloud.kubernetes.client.discovery.KubernetesInformerDiscoveryClient - k8s:true
16:38:35.502 [main] DEBUG org.springframework.cloud.kubernetes.client.discovery.KubernetesInformerDiscoveryClient - Service test-svc-3 labels:
16:38:35.502 [main] DEBUG org.springframework.cloud.kubernetes.client.discovery.KubernetesInformerDiscoveryClient - spring:true
16:38:35.502 [main] DEBUG org.springframework.cloud.kubernetes.client.discovery.KubernetesInformerDiscoveryClient - k8s:true
16:38:35.503 [main] DEBUG org.springframework.test.annotation.ProfileValueUtils - Retrieved @ProfileValueSourceConfiguration [null] for test class [org.springframework.cloud.kubernetes.client.discovery.reactive.KubernetesInformerReactiveDiscoveryClientAutoConfigurationTests]
16:38:35.503 [main] DEBUG org.springframework.test.annotation.ProfileValueUtils - Retrieved ProfileValueSource type [class org.springframework.test.annotation.SystemProfileValueSource] for class [org.springframework.cloud.kubernetes.client.discovery.reactive.KubernetesInformerReactiveDiscoveryClientAutoConfigurationTests]
16:38:35.504 [main] DEBUG org.springframework.test.annotation.ProfileValueUtils - Retrieved @ProfileValueSourceConfiguration [null] for test class [org.springframework.cloud.kubernetes.client.discovery.reactive.KubernetesInformerReactiveDiscoveryClientAutoConfigurationTests]
16:38:35.504 [main] DEBUG org.springframework.test.annotation.ProfileValueUtils - Retrieved ProfileValueSource type [class org.springframework.test.annotation.SystemProfileValueSource] for class [org.springframework.cloud.kubernetes.client.discovery.reactive.KubernetesInformerReactiveDiscoveryClientAutoConfigurationTests]
16:38:35.507 [main] DEBUG org.springframework.test.context.support.AbstractDirtiesContextTestExecutionListener - Before test class: context [DefaultTestContext@1d572e62 testClass = KubernetesInformerReactiveDiscoveryClientAutoConfigurationTests, testInstance = [null], testMethod = [null], testException = [null], mergedContextConfiguration = [ReactiveWebMergedContextConfiguration@29caf222 testClass = KubernetesInformerReactiveDiscoveryClientAutoConfigurationTests, locations = '{}', classes = '{class org.springframework.cloud.kubernetes.client.discovery.reactive.KubernetesInformerReactiveDiscoveryClientAutoConfigurationTests$TestConfig}', contextInitializerClasses = '[]', activeProfiles = '{}', propertySourceLocations = '{}', propertySourceProperties = '{spring.cloud.kubernetes.discovery.cacheLoadingTimeoutSeconds=5, spring.cloud.config.enabled=false, spring.cloud.kubernetes.discovery.waitCacheReady=false, spring.main.web-application-type=reactive, org.springframework.boot.test.context.SpringBootTestContextBootstrapper=true, server.port=0}', contextCustomizers = set[org.springframework.boot.test.context.filter.ExcludeFilterContextCustomizer@4b2bac3f, org.springframework.boot.test.json.DuplicateJsonObjectContextCustomizerFactory$DuplicateJsonObjectContextCustomizer@26794848, org.springframework.boot.test.mock.mockito.MockitoContextCustomizer@0, org.springframework.boot.test.web.client.TestRestTemplateContextCustomizer@544fa968, org.springframework.boot.test.web.reactive.server.WebTestClientContextCustomizer@7770f470, org.springframework.boot.test.autoconfigure.actuate.metrics.MetricsExportContextCustomizerFactory$DisableMetricExportContextCustomizer@7bedc48a, org.springframework.boot.test.autoconfigure.properties.PropertyMappingContextCustomizer@0, org.springframework.boot.test.autoconfigure.web.servlet.WebDriverContextCustomizerFactory$Customizer@13b6aecc, org.springframework.boot.test.context.SpringBootTestArgs@1, org.springframework.boot.test.context.SpringBootTestWebEnvironment@498d318c], contextLoader = 'org.springframework.boot.test.context.SpringBootContextLoader', parent = [null]], attributes = map['org.springframework.test.context.web.ServletTestExecutionListener.activateListener' -> false]], class annotated with @DirtiesContext [false] with mode [null].
16:38:35.508 [main] DEBUG org.springframework.test.annotation.ProfileValueUtils - Retrieved @ProfileValueSourceConfiguration [null] for test class [org.springframework.cloud.kubernetes.client.discovery.reactive.KubernetesInformerReactiveDiscoveryClientAutoConfigurationTests]
16:38:35.509 [main] DEBUG org.springframework.test.annotation.ProfileValueUtils - Retrieved ProfileValueSource type [class org.springframework.test.annotation.SystemProfileValueSource] for class [org.springframework.cloud.kubernetes.client.discovery.reactive.KubernetesInformerReactiveDiscoveryClientAutoConfigurationTests]
16:38:35.513 [main] DEBUG org.springframework.test.context.support.DependencyInjectionTestExecutionListener - Performing dependency injection for test context [[DefaultTestContext@1d572e62 testClass = KubernetesInformerReactiveDiscoveryClientAutoConfigurationTests, testInstance = org.springframework.cloud.kubernetes.client.discovery.reactive.KubernetesInformerReactiveDiscoveryClientAutoConfigurationTests@1cfd1875, testMethod = [null], testException = [null], mergedContextConfiguration = [ReactiveWebMergedContextConfiguration@29caf222 testClass = KubernetesInformerReactiveDiscoveryClientAutoConfigurationTests, locations = '{}', classes = '{class org.springframework.cloud.kubernetes.client.discovery.reactive.KubernetesInformerReactiveDiscoveryClientAutoConfigurationTests$TestConfig}', contextInitializerClasses = '[]', activeProfiles = '{}', propertySourceLocations = '{}', propertySourceProperties = '{spring.cloud.kubernetes.discovery.cacheLoadingTimeoutSeconds=5, spring.cloud.config.enabled=false, spring.cloud.kubernetes.discovery.waitCacheReady=false, spring.main.web-application-type=reactive, org.springframework.boot.test.context.SpringBootTestContextBootstrapper=true, server.port=0}', contextCustomizers = set[org.springframework.boot.test.context.filter.ExcludeFilterContextCustomizer@4b2bac3f, org.springframework.boot.test.json.DuplicateJsonObjectContextCustomizerFactory$DuplicateJsonObjectContextCustomizer@26794848, org.springframework.boot.test.mock.mockito.MockitoContextCustomizer@0, org.springframework.boot.test.web.client.TestRestTemplateContextCustomizer@544fa968, org.springframework.boot.test.web.reactive.server.WebTestClientContextCustomizer@7770f470, org.springframework.boot.test.autoconfigure.actuate.metrics.MetricsExportContextCustomizerFactory$DisableMetricExportContextCustomizer@7bedc48a, org.springframework.boot.test.autoconfigure.properties.PropertyMappingContextCustomizer@0, org.springframework.boot.test.autoconfigure.web.servlet.WebDriverContextCustomizerFactory$Customizer@13b6aecc, org.springframework.boot.test.context.SpringBootTestArgs@1, org.springframework.boot.test.context.SpringBootTestWebEnvironment@498d318c], contextLoader = 'org.springframework.boot.test.context.SpringBootContextLoader', parent = [null]], attributes = map['org.springframework.test.context.web.ServletTestExecutionListener.activateListener' -> false, 'org.springframework.test.context.event.ApplicationEventsTestExecutionListener.recordApplicationEvents' -> false]]].

  .   ____          _            __ _ _
 /\\ / ___'_ __ _ _(_)_ __  __ _ \ \ \ \
( ( )\___ | '_ | '_| | '_ \/ _` | \ \ \ \
 \\/  ___)| |_)| | | | | || (_| |  ) ) ) )
  '  |____| .__|_| |_|_| |_\__, | / / / /
 =========|_|==============|___/=/_/_/_/
 :: Spring Boot ::                (v2.6.3)

2024-04-21 16:38:36.087  WARN 56963 --- [           main] ubernetesProfileEnvironmentPostProcessor : Not running inside kubernetes. Skipping 'kubernetes' profile activation.
2024-04-21 16:38:36.096  INFO 56963 --- [           main] iveDiscoveryClientAutoConfigurationTests : Starting KubernetesInformerReactiveDiscoveryClientAutoConfigurationTests using Java 1.8.0_292 on 003cc2912fe6 with PID 56963 (started by idflakies in /home/idflakies/spring-cloud/spring-cloud-kubernetes)
2024-04-21 16:38:36.097  INFO 56963 --- [           main] iveDiscoveryClientAutoConfigurationTests : No active profile set, falling back to default profiles: default
2024-04-21 16:38:36.958  INFO 56963 --- [           main] org.eclipse.jetty.util.log               : Logging initialized @3365ms to org.eclipse.jetty.util.log.Slf4jLog
2024-04-21 16:38:37.081  INFO 56963 --- [           main] org.eclipse.jetty.server.Server          : jetty-9.4.44.v20210927; built: 2021-09-27T23:02:44.612Z; git: 8da83308eeca865e495e53ef315a249d63ba9332; jvm 1.8.0_292-8u292-b10-0ubuntu1~16.04.1-b10
2024-04-21 16:38:37.100  INFO 56963 --- [           main] o.e.jetty.server.handler.ContextHandler  : Started o.e.j.s.ServletContextHandler@18b74ea{/__admin,null,AVAILABLE}
2024-04-21 16:38:37.102  INFO 56963 --- [           main] o.e.jetty.server.handler.ContextHandler  : Started o.e.j.s.ServletContextHandler@1f939a0f{/,null,AVAILABLE}
2024-04-21 16:38:37.119  INFO 56963 --- [           main] o.e.jetty.server.AbstractConnector       : Started NetworkTrafficServerConnector@2e7157c7{HTTP/1.1, (http/1.1)}{0.0.0.0:36197}
2024-04-21 16:38:37.119  INFO 56963 --- [           main] org.eclipse.jetty.server.Server          : Started @3527ms
2024-04-21 16:38:37.364  INFO 56963 --- [qtp327853004-22] o.e.j.s.handler.ContextHandler.__admin   : RequestHandlerClass from context returned com.github.tomakehurst.wiremock.http.AdminRequestHandler. Normalized mapped under returned 'null'
2024-04-21 16:38:37.580  INFO 56963 --- [           main] o.s.c.a.ConfigurationClassPostProcessor  : Cannot enhance @Configuration bean definition 'kubernetesInformerReactiveDiscoveryClientAutoConfigurationTests.TestConfig' since its singleton instance has been created too early. The typical cause is a non-static @Bean method with a BeanDefinitionRegistryPostProcessor return type: Consider declaring such methods as 'static'.
2024-04-21 16:38:37.696  INFO 56963 --- [           main] o.s.cloud.context.scope.GenericScope     : BeanFactory id=d7232dc4-7a46-3e4e-9978-4dacfc5f6386
2024-04-21 16:38:37.792  INFO 56963 --- [           main] trationDelegate$BeanPostProcessorChecker : Bean 'io.kubernetes.client.spring.extended.manifests.config.KubernetesManifestsAutoConfiguration' of type [io.kubernetes.client.spring.extended.manifests.config.KubernetesManifestsAutoConfiguration] is not eligible for getting processed by all BeanPostProcessors (for example: not eligible for auto-proxying)
2024-04-21 16:38:37.823  INFO 56963 --- [           main] trationDelegate$BeanPostProcessorChecker : Bean 'org.springframework.cloud.commons.config.CommonsConfigAutoConfiguration' of type [org.springframework.cloud.commons.config.CommonsConfigAutoConfiguration] is not eligible for getting processed by all BeanPostProcessors (for example: not eligible for auto-proxying)
2024-04-21 16:38:37.828  INFO 56963 --- [           main] trationDelegate$BeanPostProcessorChecker : Bean 'org.springframework.cloud.client.loadbalancer.LoadBalancerDefaultMappingsProviderAutoConfiguration' of type [org.springframework.cloud.client.loadbalancer.LoadBalancerDefaultMappingsProviderAutoConfiguration] is not eligible for getting processed by all BeanPostProcessors (for example: not eligible for auto-proxying)
2024-04-21 16:38:37.831  INFO 56963 --- [           main] trationDelegate$BeanPostProcessorChecker : Bean 'loadBalancerClientsDefaultsMappingsProvider' of type [org.springframework.cloud.client.loadbalancer.LoadBalancerDefaultMappingsProviderAutoConfiguration$$Lambda$471/1342725532] is not eligible for getting processed by all BeanPostProcessors (for example: not eligible for auto-proxying)
2024-04-21 16:38:37.837  INFO 56963 --- [           main] trationDelegate$BeanPostProcessorChecker : Bean 'defaultsBindHandlerAdvisor' of type [org.springframework.cloud.commons.config.DefaultsBindHandlerAdvisor] is not eligible for getting processed by all BeanPostProcessors (for example: not eligible for auto-proxying)
2024-04-21 16:38:37.841  INFO 56963 --- [           main] trationDelegate$BeanPostProcessorChecker : Bean 'kubernetes.manifests-io.kubernetes.client.spring.extended.manifests.config.KubernetesManifestsProperties' of type [io.kubernetes.client.spring.extended.manifests.config.KubernetesManifestsProperties] is not eligible for getting processed by all BeanPostProcessors (for example: not eligible for auto-proxying)
2024-04-21 16:38:38.084  INFO 56963 --- [           main] o.s.b.w.embedded.tomcat.TomcatWebServer  : Tomcat initialized with port(s): 0 (http)
2024-04-21 16:38:38.096  INFO 56963 --- [           main] o.apache.catalina.core.StandardService   : Starting service [Tomcat]
2024-04-21 16:38:38.096  INFO 56963 --- [           main] org.apache.catalina.core.StandardEngine  : Starting Servlet engine: [Apache Tomcat/9.0.56]
2024-04-21 16:38:38.899  INFO 56963 --- [ler-V1Endpoints] i.k.client.informer.cache.Controller     : informer#Controller: ready to run resync & reflector runnable
2024-04-21 16:38:38.899  INFO 56963 --- [oller-V1Service] i.k.client.informer.cache.Controller     : informer#Controller: ready to run resync & reflector runnable
2024-04-21 16:38:38.900  INFO 56963 --- [ler-V1Endpoints] i.k.client.informer.cache.Controller     : informer#Controller: resync skipped due to 0 full resync period
2024-04-21 16:38:38.900  INFO 56963 --- [oller-V1Service] i.k.client.informer.cache.Controller     : informer#Controller: resync skipped due to 0 full resync period
2024-04-21 16:38:38.902  INFO 56963 --- [s.V1Endpoints-1] i.k.c.informer.cache.ReflectorRunnable   : class io.kubernetes.client.openapi.models.V1Endpoints#Start listing and watching...
2024-04-21 16:38:38.903  INFO 56963 --- [els.V1Service-1] i.k.c.informer.cache.ReflectorRunnable   : class io.kubernetes.client.openapi.models.V1Service#Start listing and watching...
2024-04-21 16:38:38.947  INFO 56963 --- [qtp327853004-21] o.e.j.s.handler.ContextHandler.ROOT      : RequestHandlerClass from context returned com.github.tomakehurst.wiremock.http.StubRequestHandler. Normalized mapped under returned 'null'
2024-04-21 16:38:39.019 ERROR 56963 --- [qtp327853004-22] WireMock                                 : 
                                               Request was not matched
                                               =======================

-----------------------------------------------------------------------------------------------------------------------
| Closest stub                                             | Request                                                  |
-----------------------------------------------------------------------------------------------------------------------
                                                           |
GET                                                        | GET
/api/v1/namespaces/test/endpoints?resourceVersion=0&watch  | /api/v1/namespaces/test/endpoints?watch=true        <<<<< URL does not match
=false                                                     |
                                                           |
                                                           |
-----------------------------------------------------------------------------------------------------------------------

2024-04-21 16:38:39.019 ERROR 56963 --- [qtp327853004-20] WireMock                                 : 
                                               Request was not matched
                                               =======================

-----------------------------------------------------------------------------------------------------------------------
| Closest stub                                             | Request                                                  |
-----------------------------------------------------------------------------------------------------------------------
                                                           |
GET                                                        | GET
/api/v1/namespaces/test/services?resourceVersion=0&watch=  | /api/v1/namespaces/test/services?watch=true         <<<<< URL does not match
false                                                      |
                                                           |
                                                           |
-----------------------------------------------------------------------------------------------------------------------

2024-04-21 16:38:39.055 ERROR 56963 --- [s.V1Endpoints-1] i.k.c.informer.cache.ReflectorRunnable   : class io.kubernetes.client.openapi.models.V1Endpoints#Reflector loop failed unexpectedly

io.kubernetes.client.openapi.ApiException: Not Found
	at io.kubernetes.client.util.Watch.createWatch(Watch.java:105) ~[client-java-13.0.0.jar:na]
	at io.kubernetes.client.util.generic.GenericKubernetesApi.watch(GenericKubernetesApi.java:761) ~[client-java-13.0.0.jar:na]
	at io.kubernetes.client.util.generic.GenericKubernetesApi.watch(GenericKubernetesApi.java:281) ~[client-java-13.0.0.jar:na]
	at io.kubernetes.client.informer.SharedInformerFactory$2.watch(SharedInformerFactory.java:263) ~[client-java-13.0.0.jar:na]
	at io.kubernetes.client.informer.cache.ReflectorRunnable.run(ReflectorRunnable.java:120) ~[client-java-13.0.0.jar:na]
	at java.util.concurrent.Executors$RunnableAdapter.call(Executors.java:511) ~[na:1.8.0_292]
	at java.util.concurrent.FutureTask.runAndReset(FutureTask.java:308) ~[na:1.8.0_292]
	at java.util.concurrent.ScheduledThreadPoolExecutor$ScheduledFutureTask.access$301(ScheduledThreadPoolExecutor.java:180) ~[na:1.8.0_292]
	at java.util.concurrent.ScheduledThreadPoolExecutor$ScheduledFutureTask.run(ScheduledThreadPoolExecutor.java:294) ~[na:1.8.0_292]
	at java.util.concurrent.ThreadPoolExecutor.runWorker(ThreadPoolExecutor.java:1149) ~[na:1.8.0_292]
	at java.util.concurrent.ThreadPoolExecutor$Worker.run(ThreadPoolExecutor.java:624) ~[na:1.8.0_292]
	at java.lang.Thread.run(Thread.java:748) ~[na:1.8.0_292]

2024-04-21 16:38:39.055 ERROR 56963 --- [els.V1Service-1] i.k.c.informer.cache.ReflectorRunnable   : class io.kubernetes.client.openapi.models.V1Service#Reflector loop failed unexpectedly

io.kubernetes.client.openapi.ApiException: Not Found
	at io.kubernetes.client.util.Watch.createWatch(Watch.java:105) ~[client-java-13.0.0.jar:na]
	at io.kubernetes.client.util.generic.GenericKubernetesApi.watch(GenericKubernetesApi.java:761) ~[client-java-13.0.0.jar:na]
	at io.kubernetes.client.util.generic.GenericKubernetesApi.watch(GenericKubernetesApi.java:281) ~[client-java-13.0.0.jar:na]
	at io.kubernetes.client.informer.SharedInformerFactory$2.watch(SharedInformerFactory.java:263) ~[client-java-13.0.0.jar:na]
	at io.kubernetes.client.informer.cache.ReflectorRunnable.run(ReflectorRunnable.java:120) ~[client-java-13.0.0.jar:na]
	at java.util.concurrent.Executors$RunnableAdapter.call(Executors.java:511) ~[na:1.8.0_292]
	at java.util.concurrent.FutureTask.runAndReset(FutureTask.java:308) ~[na:1.8.0_292]
	at java.util.concurrent.ScheduledThreadPoolExecutor$ScheduledFutureTask.access$301(ScheduledThreadPoolExecutor.java:180) ~[na:1.8.0_292]
	at java.util.concurrent.ScheduledThreadPoolExecutor$ScheduledFutureTask.run(ScheduledThreadPoolExecutor.java:294) ~[na:1.8.0_292]
	at java.util.concurrent.ThreadPoolExecutor.runWorker(ThreadPoolExecutor.java:1149) ~[na:1.8.0_292]
	at java.util.concurrent.ThreadPoolExecutor$Worker.run(ThreadPoolExecutor.java:624) ~[na:1.8.0_292]
	at java.lang.Thread.run(Thread.java:748) ~[na:1.8.0_292]

2024-04-21 16:38:39.902  INFO 56963 --- [ool-11-thread-1] .k.c.d.KubernetesInformerDiscoveryClient : Waiting for the cache of informers to be fully loaded..
2024-04-21 16:38:39.902  INFO 56963 --- [           main] .k.c.d.KubernetesInformerDiscoveryClient : Cache fully loaded (total 0 services) , discovery client is now available
2024-04-21 16:38:40.056  INFO 56963 --- [els.V1Service-1] i.k.c.informer.cache.ReflectorRunnable   : class io.kubernetes.client.openapi.models.V1Service#Start listing and watching...
2024-04-21 16:38:40.056  INFO 56963 --- [s.V1Endpoints-1] i.k.c.informer.cache.ReflectorRunnable   : class io.kubernetes.client.openapi.models.V1Endpoints#Start listing and watching...
2024-04-21 16:38:40.063 ERROR 56963 --- [qtp327853004-15] WireMock                                 : 
                                               Request was not matched
                                               =======================

-----------------------------------------------------------------------------------------------------------------------
| Closest stub                                             | Request                                                  |
-----------------------------------------------------------------------------------------------------------------------
                                                           |
GET                                                        | GET
/api/v1/namespaces/test/services?resourceVersion=0&watch=  | /api/v1/namespaces/test/services?watch=true         <<<<< URL does not match
false                                                      |
                                                           |
                                                           |
-----------------------------------------------------------------------------------------------------------------------

2024-04-21 16:38:40.064 ERROR 56963 --- [qtp327853004-21] WireMock                                 : 
                                               Request was not matched
                                               =======================

-----------------------------------------------------------------------------------------------------------------------
| Closest stub                                             | Request                                                  |
-----------------------------------------------------------------------------------------------------------------------
                                                           |
GET                                                        | GET
/api/v1/namespaces/test/endpoints?resourceVersion=0&watch  | /api/v1/namespaces/test/endpoints?watch=true        <<<<< URL does not match
=false                                                     |
                                                           |
                                                           |
-----------------------------------------------------------------------------------------------------------------------

2024-04-21 16:38:40.066 ERROR 56963 --- [els.V1Service-1] i.k.c.informer.cache.ReflectorRunnable   : class io.kubernetes.client.openapi.models.V1Service#Reflector loop failed unexpectedly

io.kubernetes.client.openapi.ApiException: Not Found
	at io.kubernetes.client.util.Watch.createWatch(Watch.java:105) ~[client-java-13.0.0.jar:na]
	at io.kubernetes.client.util.generic.GenericKubernetesApi.watch(GenericKubernetesApi.java:761) ~[client-java-13.0.0.jar:na]
	at io.kubernetes.client.util.generic.GenericKubernetesApi.watch(GenericKubernetesApi.java:281) ~[client-java-13.0.0.jar:na]
	at io.kubernetes.client.informer.SharedInformerFactory$2.watch(SharedInformerFactory.java:263) ~[client-java-13.0.0.jar:na]
	at io.kubernetes.client.informer.cache.ReflectorRunnable.run(ReflectorRunnable.java:120) ~[client-java-13.0.0.jar:na]
	at java.util.concurrent.Executors$RunnableAdapter.call(Executors.java:511) ~[na:1.8.0_292]
	at java.util.concurrent.FutureTask.runAndReset(FutureTask.java:308) ~[na:1.8.0_292]
	at java.util.concurrent.ScheduledThreadPoolExecutor$ScheduledFutureTask.access$301(ScheduledThreadPoolExecutor.java:180) ~[na:1.8.0_292]
	at java.util.concurrent.ScheduledThreadPoolExecutor$ScheduledFutureTask.run(ScheduledThreadPoolExecutor.java:294) ~[na:1.8.0_292]
	at java.util.concurrent.ThreadPoolExecutor.runWorker(ThreadPoolExecutor.java:1149) ~[na:1.8.0_292]
	at java.util.concurrent.ThreadPoolExecutor$Worker.run(ThreadPoolExecutor.java:624) ~[na:1.8.0_292]
	at java.lang.Thread.run(Thread.java:748) ~[na:1.8.0_292]

2024-04-21 16:38:40.067 ERROR 56963 --- [s.V1Endpoints-1] i.k.c.informer.cache.ReflectorRunnable   : class io.kubernetes.client.openapi.models.V1Endpoints#Reflector loop failed unexpectedly

io.kubernetes.client.openapi.ApiException: Not Found
	at io.kubernetes.client.util.Watch.createWatch(Watch.java:105) ~[client-java-13.0.0.jar:na]
	at io.kubernetes.client.util.generic.GenericKubernetesApi.watch(GenericKubernetesApi.java:761) ~[client-java-13.0.0.jar:na]
	at io.kubernetes.client.util.generic.GenericKubernetesApi.watch(GenericKubernetesApi.java:281) ~[client-java-13.0.0.jar:na]
	at io.kubernetes.client.informer.SharedInformerFactory$2.watch(SharedInformerFactory.java:263) ~[client-java-13.0.0.jar:na]
	at io.kubernetes.client.informer.cache.ReflectorRunnable.run(ReflectorRunnable.java:120) ~[client-java-13.0.0.jar:na]
	at java.util.concurrent.Executors$RunnableAdapter.call(Executors.java:511) ~[na:1.8.0_292]
	at java.util.concurrent.FutureTask.runAndReset(FutureTask.java:308) ~[na:1.8.0_292]
	at java.util.concurrent.ScheduledThreadPoolExecutor$ScheduledFutureTask.access$301(ScheduledThreadPoolExecutor.java:180) ~[na:1.8.0_292]
	at java.util.concurrent.ScheduledThreadPoolExecutor$ScheduledFutureTask.run(ScheduledThreadPoolExecutor.java:294) ~[na:1.8.0_292]
	at java.util.concurrent.ThreadPoolExecutor.runWorker(ThreadPoolExecutor.java:1149) ~[na:1.8.0_292]
	at java.util.concurrent.ThreadPoolExecutor$Worker.run(ThreadPoolExecutor.java:624) ~[na:1.8.0_292]
	at java.lang.Thread.run(Thread.java:748) ~[na:1.8.0_292]

2024-04-21 16:38:40.405  INFO 56963 --- [           main] o.s.b.w.embedded.tomcat.TomcatWebServer  : Tomcat started on port(s): 39305 (http) with context path ''
2024-04-21 16:38:40.417  INFO 56963 --- [           main] iveDiscoveryClientAutoConfigurationTests : Started KubernetesInformerReactiveDiscoveryClientAutoConfigurationTests in 4.872 seconds (JVM running for 6.825)

  .   ____          _            __ _ _
 /\\ / ___'_ __ _ _(_)_ __  __ _ \ \ \ \
( ( )\___ | '_ | '_| | '_ \/ _` | \ \ \ \
 \\/  ___)| |_)| | | | | || (_| |  ) ) ) )
  '  |____| .__|_| |_|_| |_\__, | / / / /
 =========|_|==============|___/=/_/_/_/
 :: Spring Boot ::                (v2.6.3)

2024-04-21 16:38:40.527  WARN 56963 --- [           main] ubernetesProfileEnvironmentPostProcessor : Not running inside kubernetes. Skipping 'kubernetes' profile activation.
2024-04-21 16:38:40.530  INFO 56963 --- [           main] tesDiscoveryClientAutoConfigurationTests : Starting KubernetesDiscoveryClientAutoConfigurationTests using Java 1.8.0_292 on 003cc2912fe6 with PID 56963 (started by idflakies in /home/idflakies/spring-cloud/spring-cloud-kubernetes)
2024-04-21 16:38:40.530  INFO 56963 --- [           main] tesDiscoveryClientAutoConfigurationTests : No active profile set, falling back to default profiles: default
2024-04-21 16:38:40.835  INFO 56963 --- [           main] org.eclipse.jetty.server.Server          : jetty-9.4.44.v20210927; built: 2021-09-27T23:02:44.612Z; git: 8da83308eeca865e495e53ef315a249d63ba9332; jvm 1.8.0_292-8u292-b10-0ubuntu1~16.04.1-b10
2024-04-21 16:38:40.837  INFO 56963 --- [           main] o.e.jetty.server.handler.ContextHandler  : Started o.e.j.s.ServletContextHandler@5611bba{/__admin,null,AVAILABLE}
2024-04-21 16:38:40.838  INFO 56963 --- [           main] o.e.jetty.server.handler.ContextHandler  : Started o.e.j.s.ServletContextHandler@5ba184fc{/,null,AVAILABLE}
2024-04-21 16:38:40.839  INFO 56963 --- [           main] o.e.jetty.server.AbstractConnector       : Started NetworkTrafficServerConnector@779228dc{HTTP/1.1, (http/1.1)}{0.0.0.0:34581}
2024-04-21 16:38:40.839  INFO 56963 --- [           main] org.eclipse.jetty.server.Server          : Started @7247ms
2024-04-21 16:38:40.844  INFO 56963 --- [tp1844621058-50] o.e.j.s.handler.ContextHandler.__admin   : RequestHandlerClass from context returned com.github.tomakehurst.wiremock.http.AdminRequestHandler. Normalized mapped under returned 'null'
2024-04-21 16:38:40.902  INFO 56963 --- [           main] o.s.c.a.ConfigurationClassPostProcessor  : Cannot enhance @Configuration bean definition 'kubernetesDiscoveryClientAutoConfigurationTests.TestConfig' since its singleton instance has been created too early. The typical cause is a non-static @Bean method with a BeanDefinitionRegistryPostProcessor return type: Consider declaring such methods as 'static'.
2024-04-21 16:38:40.908  INFO 56963 --- [           main] o.s.cloud.context.scope.GenericScope     : BeanFactory id=c4d006af-a204-306e-a414-6c511b278167
2024-04-21 16:38:40.944  INFO 56963 --- [           main] trationDelegate$BeanPostProcessorChecker : Bean 'io.kubernetes.client.spring.extended.manifests.config.KubernetesManifestsAutoConfiguration' of type [io.kubernetes.client.spring.extended.manifests.config.KubernetesManifestsAutoConfiguration] is not eligible for getting processed by all BeanPostProcessors (for example: not eligible for auto-proxying)
2024-04-21 16:38:40.961  INFO 56963 --- [           main] trationDelegate$BeanPostProcessorChecker : Bean 'org.springframework.cloud.commons.config.CommonsConfigAutoConfiguration' of type [org.springframework.cloud.commons.config.CommonsConfigAutoConfiguration] is not eligible for getting processed by all BeanPostProcessors (for example: not eligible for auto-proxying)
2024-04-21 16:38:40.964  INFO 56963 --- [           main] trationDelegate$BeanPostProcessorChecker : Bean 'org.springframework.cloud.client.loadbalancer.LoadBalancerDefaultMappingsProviderAutoConfiguration' of type [org.springframework.cloud.client.loadbalancer.LoadBalancerDefaultMappingsProviderAutoConfiguration] is not eligible for getting processed by all BeanPostProcessors (for example: not eligible for auto-proxying)
2024-04-21 16:38:40.967  INFO 56963 --- [           main] trationDelegate$BeanPostProcessorChecker : Bean 'loadBalancerClientsDefaultsMappingsProvider' of type [org.springframework.cloud.client.loadbalancer.LoadBalancerDefaultMappingsProviderAutoConfiguration$$Lambda$471/1342725532] is not eligible for getting processed by all BeanPostProcessors (for example: not eligible for auto-proxying)
2024-04-21 16:38:40.970  INFO 56963 --- [           main] trationDelegate$BeanPostProcessorChecker : Bean 'defaultsBindHandlerAdvisor' of type [org.springframework.cloud.commons.config.DefaultsBindHandlerAdvisor] is not eligible for getting processed by all BeanPostProcessors (for example: not eligible for auto-proxying)
2024-04-21 16:38:40.972  INFO 56963 --- [           main] trationDelegate$BeanPostProcessorChecker : Bean 'kubernetes.manifests-io.kubernetes.client.spring.extended.manifests.config.KubernetesManifestsProperties' of type [io.kubernetes.client.spring.extended.manifests.config.KubernetesManifestsProperties] is not eligible for getting processed by all BeanPostProcessors (for example: not eligible for auto-proxying)
2024-04-21 16:38:41.068  INFO 56963 --- [els.V1Service-1] i.k.c.informer.cache.ReflectorRunnable   : class io.kubernetes.client.openapi.models.V1Service#Start listing and watching...
2024-04-21 16:38:41.069  INFO 56963 --- [s.V1Endpoints-1] i.k.c.informer.cache.ReflectorRunnable   : class io.kubernetes.client.openapi.models.V1Endpoints#Start listing and watching...
2024-04-21 16:38:41.075 ERROR 56963 --- [qtp327853004-16] WireMock                                 : 
                                               Request was not matched
                                               =======================

-----------------------------------------------------------------------------------------------------------------------
| Closest stub                                             | Request                                                  |
-----------------------------------------------------------------------------------------------------------------------
                                                           |
GET                                                        | GET
/api/v1/namespaces/test/endpoints?resourceVersion=0&watch  | /api/v1/namespaces/test/endpoints?watch=true        <<<<< URL does not match
=false                                                     |
                                                           |
                                                           |
-----------------------------------------------------------------------------------------------------------------------

2024-04-21 16:38:41.077 ERROR 56963 --- [qtp327853004-15] WireMock                                 : 
                                               Request was not matched
                                               =======================

-----------------------------------------------------------------------------------------------------------------------
| Closest stub                                             | Request                                                  |
-----------------------------------------------------------------------------------------------------------------------
                                                           |
GET                                                        | GET
/api/v1/namespaces/test/services?resourceVersion=0&watch=  | /api/v1/namespaces/test/services?watch=true         <<<<< URL does not match
false                                                      |
                                                           |
                                                           |
-----------------------------------------------------------------------------------------------------------------------

2024-04-21 16:38:41.078 ERROR 56963 --- [s.V1Endpoints-1] i.k.c.informer.cache.ReflectorRunnable   : class io.kubernetes.client.openapi.models.V1Endpoints#Reflector loop failed unexpectedly

io.kubernetes.client.openapi.ApiException: Not Found
	at io.kubernetes.client.util.Watch.createWatch(Watch.java:105) ~[client-java-13.0.0.jar:na]
	at io.kubernetes.client.util.generic.GenericKubernetesApi.watch(GenericKubernetesApi.java:761) ~[client-java-13.0.0.jar:na]
	at io.kubernetes.client.util.generic.GenericKubernetesApi.watch(GenericKubernetesApi.java:281) ~[client-java-13.0.0.jar:na]
	at io.kubernetes.client.informer.SharedInformerFactory$2.watch(SharedInformerFactory.java:263) ~[client-java-13.0.0.jar:na]
	at io.kubernetes.client.informer.cache.ReflectorRunnable.run(ReflectorRunnable.java:120) ~[client-java-13.0.0.jar:na]
	at java.util.concurrent.Executors$RunnableAdapter.call(Executors.java:511) ~[na:1.8.0_292]
	at java.util.concurrent.FutureTask.runAndReset(FutureTask.java:308) ~[na:1.8.0_292]
	at java.util.concurrent.ScheduledThreadPoolExecutor$ScheduledFutureTask.access$301(ScheduledThreadPoolExecutor.java:180) ~[na:1.8.0_292]
	at java.util.concurrent.ScheduledThreadPoolExecutor$ScheduledFutureTask.run(ScheduledThreadPoolExecutor.java:294) ~[na:1.8.0_292]
	at java.util.concurrent.ThreadPoolExecutor.runWorker(ThreadPoolExecutor.java:1149) ~[na:1.8.0_292]
	at java.util.concurrent.ThreadPoolExecutor$Worker.run(ThreadPoolExecutor.java:624) ~[na:1.8.0_292]
	at java.lang.Thread.run(Thread.java:748) ~[na:1.8.0_292]

2024-04-21 16:38:41.079 ERROR 56963 --- [els.V1Service-1] i.k.c.informer.cache.ReflectorRunnable   : class io.kubernetes.client.openapi.models.V1Service#Reflector loop failed unexpectedly

io.kubernetes.client.openapi.ApiException: Not Found
	at io.kubernetes.client.util.Watch.createWatch(Watch.java:105) ~[client-java-13.0.0.jar:na]
	at io.kubernetes.client.util.generic.GenericKubernetesApi.watch(GenericKubernetesApi.java:761) ~[client-java-13.0.0.jar:na]
	at io.kubernetes.client.util.generic.GenericKubernetesApi.watch(GenericKubernetesApi.java:281) ~[client-java-13.0.0.jar:na]
	at io.kubernetes.client.informer.SharedInformerFactory$2.watch(SharedInformerFactory.java:263) ~[client-java-13.0.0.jar:na]
	at io.kubernetes.client.informer.cache.ReflectorRunnable.run(ReflectorRunnable.java:120) ~[client-java-13.0.0.jar:na]
	at java.util.concurrent.Executors$RunnableAdapter.call(Executors.java:511) ~[na:1.8.0_292]
	at java.util.concurrent.FutureTask.runAndReset(FutureTask.java:308) ~[na:1.8.0_292]
	at java.util.concurrent.ScheduledThreadPoolExecutor$ScheduledFutureTask.access$301(ScheduledThreadPoolExecutor.java:180) ~[na:1.8.0_292]
	at java.util.concurrent.ScheduledThreadPoolExecutor$ScheduledFutureTask.run(ScheduledThreadPoolExecutor.java:294) ~[na:1.8.0_292]
	at java.util.concurrent.ThreadPoolExecutor.runWorker(ThreadPoolExecutor.java:1149) ~[na:1.8.0_292]
	at java.util.concurrent.ThreadPoolExecutor$Worker.run(ThreadPoolExecutor.java:624) ~[na:1.8.0_292]
	at java.lang.Thread.run(Thread.java:748) ~[na:1.8.0_292]

2024-04-21 16:38:41.116  INFO 56963 --- [           main] o.s.b.w.embedded.tomcat.TomcatWebServer  : Tomcat initialized with port(s): 0 (http)
2024-04-21 16:38:41.117  INFO 56963 --- [           main] o.apache.catalina.core.StandardService   : Starting service [Tomcat]
2024-04-21 16:38:41.117  INFO 56963 --- [           main] org.apache.catalina.core.StandardEngine  : Starting Servlet engine: [Apache Tomcat/9.0.56]
2024-04-21 16:38:41.137  INFO 56963 --- [           main] o.a.c.c.C.[Tomcat-1].[localhost].[/]     : Initializing Spring embedded WebApplicationContext
2024-04-21 16:38:41.137  INFO 56963 --- [           main] w.s.c.ServletWebServerApplicationContext : Root WebApplicationContext: initialization completed in 604 ms
2024-04-21 16:38:41.267  INFO 56963 --- [ler-V1Endpoints] i.k.client.informer.cache.Controller     : informer#Controller: ready to run resync & reflector runnable
2024-04-21 16:38:41.267  INFO 56963 --- [oller-V1Service] i.k.client.informer.cache.Controller     : informer#Controller: ready to run resync & reflector runnable
2024-04-21 16:38:41.268  INFO 56963 --- [ler-V1Endpoints] i.k.client.informer.cache.Controller     : informer#Controller: resync skipped due to 0 full resync period
2024-04-21 16:38:41.268  INFO 56963 --- [oller-V1Service] i.k.client.informer.cache.Controller     : informer#Controller: resync skipped due to 0 full resync period
2024-04-21 16:38:41.268  INFO 56963 --- [s.V1Endpoints-1] i.k.c.informer.cache.ReflectorRunnable   : class io.kubernetes.client.openapi.models.V1Endpoints#Start listing and watching...
2024-04-21 16:38:41.268  INFO 56963 --- [els.V1Service-1] i.k.c.informer.cache.ReflectorRunnable   : class io.kubernetes.client.openapi.models.V1Service#Start listing and watching...
2024-04-21 16:38:41.272  INFO 56963 --- [tp1844621058-43] o.e.j.s.handler.ContextHandler.ROOT      : RequestHandlerClass from context returned com.github.tomakehurst.wiremock.http.StubRequestHandler. Normalized mapped under returned 'null'
2024-04-21 16:38:41.283 ERROR 56963 --- [tp1844621058-49] WireMock                                 : 
                                               Request was not matched
                                               =======================

-----------------------------------------------------------------------------------------------------------------------
| Closest stub                                             | Request                                                  |
-----------------------------------------------------------------------------------------------------------------------
                                                           |
GET                                                        | GET
/api/v1/namespaces/test/endpoints?resourceVersion=0&watch  | /api/v1/namespaces/test/endpoints?watch=true        <<<<< URL does not match
=false                                                     |
                                                           |
                                                           |
-----------------------------------------------------------------------------------------------------------------------

2024-04-21 16:38:41.284 ERROR 56963 --- [tp1844621058-48] WireMock                                 : 
                                               Request was not matched
                                               =======================

-----------------------------------------------------------------------------------------------------------------------
| Closest stub                                             | Request                                                  |
-----------------------------------------------------------------------------------------------------------------------
                                                           |
GET                                                        | GET
/api/v1/namespaces/test/services?resourceVersion=0&watch=  | /api/v1/namespaces/test/services?watch=true         <<<<< URL does not match
false                                                      |
                                                           |
                                                           |
-----------------------------------------------------------------------------------------------------------------------

2024-04-21 16:38:41.290 ERROR 56963 --- [s.V1Endpoints-1] i.k.c.informer.cache.ReflectorRunnable   : class io.kubernetes.client.openapi.models.V1Endpoints#Reflector loop failed unexpectedly

io.kubernetes.client.openapi.ApiException: Not Found
	at io.kubernetes.client.util.Watch.createWatch(Watch.java:105) ~[client-java-13.0.0.jar:na]
	at io.kubernetes.client.util.generic.GenericKubernetesApi.watch(GenericKubernetesApi.java:761) ~[client-java-13.0.0.jar:na]
	at io.kubernetes.client.util.generic.GenericKubernetesApi.watch(GenericKubernetesApi.java:281) ~[client-java-13.0.0.jar:na]
	at io.kubernetes.client.informer.SharedInformerFactory$2.watch(SharedInformerFactory.java:263) ~[client-java-13.0.0.jar:na]
	at io.kubernetes.client.informer.cache.ReflectorRunnable.run(ReflectorRunnable.java:120) ~[client-java-13.0.0.jar:na]
	at java.util.concurrent.Executors$RunnableAdapter.call(Executors.java:511) ~[na:1.8.0_292]
	at java.util.concurrent.FutureTask.runAndReset(FutureTask.java:308) ~[na:1.8.0_292]
	at java.util.concurrent.ScheduledThreadPoolExecutor$ScheduledFutureTask.access$301(ScheduledThreadPoolExecutor.java:180) ~[na:1.8.0_292]
	at java.util.concurrent.ScheduledThreadPoolExecutor$ScheduledFutureTask.run(ScheduledThreadPoolExecutor.java:294) ~[na:1.8.0_292]
	at java.util.concurrent.ThreadPoolExecutor.runWorker(ThreadPoolExecutor.java:1149) ~[na:1.8.0_292]
	at java.util.concurrent.ThreadPoolExecutor$Worker.run(ThreadPoolExecutor.java:624) ~[na:1.8.0_292]
	at java.lang.Thread.run(Thread.java:748) ~[na:1.8.0_292]

2024-04-21 16:38:41.290 ERROR 56963 --- [els.V1Service-1] i.k.c.informer.cache.ReflectorRunnable   : class io.kubernetes.client.openapi.models.V1Service#Reflector loop failed unexpectedly

io.kubernetes.client.openapi.ApiException: Not Found
	at io.kubernetes.client.util.Watch.createWatch(Watch.java:105) ~[client-java-13.0.0.jar:na]
	at io.kubernetes.client.util.generic.GenericKubernetesApi.watch(GenericKubernetesApi.java:761) ~[client-java-13.0.0.jar:na]
	at io.kubernetes.client.util.generic.GenericKubernetesApi.watch(GenericKubernetesApi.java:281) ~[client-java-13.0.0.jar:na]
	at io.kubernetes.client.informer.SharedInformerFactory$2.watch(SharedInformerFactory.java:263) ~[client-java-13.0.0.jar:na]
	at io.kubernetes.client.informer.cache.ReflectorRunnable.run(ReflectorRunnable.java:120) ~[client-java-13.0.0.jar:na]
	at java.util.concurrent.Executors$RunnableAdapter.call(Executors.java:511) ~[na:1.8.0_292]
	at java.util.concurrent.FutureTask.runAndReset(FutureTask.java:308) ~[na:1.8.0_292]
	at java.util.concurrent.ScheduledThreadPoolExecutor$ScheduledFutureTask.access$301(ScheduledThreadPoolExecutor.java:180) ~[na:1.8.0_292]
	at java.util.concurrent.ScheduledThreadPoolExecutor$ScheduledFutureTask.run(ScheduledThreadPoolExecutor.java:294) ~[na:1.8.0_292]
	at java.util.concurrent.ThreadPoolExecutor.runWorker(ThreadPoolExecutor.java:1149) ~[na:1.8.0_292]
	at java.util.concurrent.ThreadPoolExecutor$Worker.run(ThreadPoolExecutor.java:624) ~[na:1.8.0_292]
	at java.lang.Thread.run(Thread.java:748) ~[na:1.8.0_292]

2024-04-21 16:38:42.079  INFO 56963 --- [s.V1Endpoints-1] i.k.c.informer.cache.ReflectorRunnable   : class io.kubernetes.client.openapi.models.V1Endpoints#Start listing and watching...
2024-04-21 16:38:42.079  INFO 56963 --- [els.V1Service-1] i.k.c.informer.cache.ReflectorRunnable   : class io.kubernetes.client.openapi.models.V1Service#Start listing and watching...
2024-04-21 16:38:42.085 ERROR 56963 --- [qtp327853004-21] WireMock                                 : 
                                               Request was not matched
                                               =======================

-----------------------------------------------------------------------------------------------------------------------
| Closest stub                                             | Request                                                  |
-----------------------------------------------------------------------------------------------------------------------
                                                           |
GET                                                        | GET
/api/v1/namespaces/test/endpoints?resourceVersion=0&watch  | /api/v1/namespaces/test/endpoints?watch=true        <<<<< URL does not match
=false                                                     |
                                                           |
                                                           |
-----------------------------------------------------------------------------------------------------------------------

2024-04-21 16:38:42.085 ERROR 56963 --- [qtp327853004-16] WireMock                                 : 
                                               Request was not matched
                                               =======================

-----------------------------------------------------------------------------------------------------------------------
| Closest stub                                             | Request                                                  |
-----------------------------------------------------------------------------------------------------------------------
                                                           |
GET                                                        | GET
/api/v1/namespaces/test/services?resourceVersion=0&watch=  | /api/v1/namespaces/test/services?watch=true         <<<<< URL does not match
false                                                      |
                                                           |
                                                           |
-----------------------------------------------------------------------------------------------------------------------

2024-04-21 16:38:42.086 ERROR 56963 --- [s.V1Endpoints-1] i.k.c.informer.cache.ReflectorRunnable   : class io.kubernetes.client.openapi.models.V1Endpoints#Reflector loop failed unexpectedly

io.kubernetes.client.openapi.ApiException: Not Found
	at io.kubernetes.client.util.Watch.createWatch(Watch.java:105) ~[client-java-13.0.0.jar:na]
	at io.kubernetes.client.util.generic.GenericKubernetesApi.watch(GenericKubernetesApi.java:761) ~[client-java-13.0.0.jar:na]
	at io.kubernetes.client.util.generic.GenericKubernetesApi.watch(GenericKubernetesApi.java:281) ~[client-java-13.0.0.jar:na]
	at io.kubernetes.client.informer.SharedInformerFactory$2.watch(SharedInformerFactory.java:263) ~[client-java-13.0.0.jar:na]
	at io.kubernetes.client.informer.cache.ReflectorRunnable.run(ReflectorRunnable.java:120) ~[client-java-13.0.0.jar:na]
	at java.util.concurrent.Executors$RunnableAdapter.call(Executors.java:511) ~[na:1.8.0_292]
	at java.util.concurrent.FutureTask.runAndReset(FutureTask.java:308) ~[na:1.8.0_292]
	at java.util.concurrent.ScheduledThreadPoolExecutor$ScheduledFutureTask.access$301(ScheduledThreadPoolExecutor.java:180) ~[na:1.8.0_292]
	at java.util.concurrent.ScheduledThreadPoolExecutor$ScheduledFutureTask.run(ScheduledThreadPoolExecutor.java:294) ~[na:1.8.0_292]
	at java.util.concurrent.ThreadPoolExecutor.runWorker(ThreadPoolExecutor.java:1149) ~[na:1.8.0_292]
	at java.util.concurrent.ThreadPoolExecutor$Worker.run(ThreadPoolExecutor.java:624) ~[na:1.8.0_292]
	at java.lang.Thread.run(Thread.java:748) ~[na:1.8.0_292]

2024-04-21 16:38:42.087 ERROR 56963 --- [els.V1Service-1] i.k.c.informer.cache.ReflectorRunnable   : class io.kubernetes.client.openapi.models.V1Service#Reflector loop failed unexpectedly

io.kubernetes.client.openapi.ApiException: Not Found
	at io.kubernetes.client.util.Watch.createWatch(Watch.java:105) ~[client-java-13.0.0.jar:na]
	at io.kubernetes.client.util.generic.GenericKubernetesApi.watch(GenericKubernetesApi.java:761) ~[client-java-13.0.0.jar:na]
	at io.kubernetes.client.util.generic.GenericKubernetesApi.watch(GenericKubernetesApi.java:281) ~[client-java-13.0.0.jar:na]
	at io.kubernetes.client.informer.SharedInformerFactory$2.watch(SharedInformerFactory.java:263) ~[client-java-13.0.0.jar:na]
	at io.kubernetes.client.informer.cache.ReflectorRunnable.run(ReflectorRunnable.java:120) ~[client-java-13.0.0.jar:na]
	at java.util.concurrent.Executors$RunnableAdapter.call(Executors.java:511) ~[na:1.8.0_292]
	at java.util.concurrent.FutureTask.runAndReset(FutureTask.java:308) ~[na:1.8.0_292]
	at java.util.concurrent.ScheduledThreadPoolExecutor$ScheduledFutureTask.access$301(ScheduledThreadPoolExecutor.java:180) ~[na:1.8.0_292]
	at java.util.concurrent.ScheduledThreadPoolExecutor$ScheduledFutureTask.run(ScheduledThreadPoolExecutor.java:294) ~[na:1.8.0_292]
	at java.util.concurrent.ThreadPoolExecutor.runWorker(ThreadPoolExecutor.java:1149) ~[na:1.8.0_292]
	at java.util.concurrent.ThreadPoolExecutor$Worker.run(ThreadPoolExecutor.java:624) ~[na:1.8.0_292]
	at java.lang.Thread.run(Thread.java:748) ~[na:1.8.0_292]

2024-04-21 16:38:42.268  INFO 56963 --- [ool-20-thread-1] .k.c.d.KubernetesInformerDiscoveryClient : Waiting for the cache of informers to be fully loaded..
2024-04-21 16:38:42.268  INFO 56963 --- [           main] .k.c.d.KubernetesInformerDiscoveryClient : Cache fully loaded (total 0 services) , discovery client is now available
2024-04-21 16:38:42.291  INFO 56963 --- [s.V1Endpoints-1] i.k.c.informer.cache.ReflectorRunnable   : class io.kubernetes.client.openapi.models.V1Endpoints#Start listing and watching...
2024-04-21 16:38:42.291  INFO 56963 --- [els.V1Service-1] i.k.c.informer.cache.ReflectorRunnable   : class io.kubernetes.client.openapi.models.V1Service#Start listing and watching...
2024-04-21 16:38:42.298 ERROR 56963 --- [tp1844621058-43] WireMock                                 : 
                                               Request was not matched
                                               =======================

-----------------------------------------------------------------------------------------------------------------------
| Closest stub                                             | Request                                                  |
-----------------------------------------------------------------------------------------------------------------------
                                                           |
GET                                                        | GET
/api/v1/namespaces/test/endpoints?resourceVersion=0&watch  | /api/v1/namespaces/test/endpoints?watch=true        <<<<< URL does not match
=false                                                     |
                                                           |
                                                           |
-----------------------------------------------------------------------------------------------------------------------

2024-04-21 16:38:42.300 ERROR 56963 --- [tp1844621058-44] WireMock                                 : 
                                               Request was not matched
                                               =======================

-----------------------------------------------------------------------------------------------------------------------
| Closest stub                                             | Request                                                  |
-----------------------------------------------------------------------------------------------------------------------
                                                           |
GET                                                        | GET
/api/v1/namespaces/test/services?resourceVersion=0&watch=  | /api/v1/namespaces/test/services?watch=true         <<<<< URL does not match
false                                                      |
                                                           |
                                                           |
-----------------------------------------------------------------------------------------------------------------------

2024-04-21 16:38:42.300 ERROR 56963 --- [s.V1Endpoints-1] i.k.c.informer.cache.ReflectorRunnable   : class io.kubernetes.client.openapi.models.V1Endpoints#Reflector loop failed unexpectedly

io.kubernetes.client.openapi.ApiException: Not Found
	at io.kubernetes.client.util.Watch.createWatch(Watch.java:105) ~[client-java-13.0.0.jar:na]
	at io.kubernetes.client.util.generic.GenericKubernetesApi.watch(GenericKubernetesApi.java:761) ~[client-java-13.0.0.jar:na]
	at io.kubernetes.client.util.generic.GenericKubernetesApi.watch(GenericKubernetesApi.java:281) ~[client-java-13.0.0.jar:na]
	at io.kubernetes.client.informer.SharedInformerFactory$2.watch(SharedInformerFactory.java:263) ~[client-java-13.0.0.jar:na]
	at io.kubernetes.client.informer.cache.ReflectorRunnable.run(ReflectorRunnable.java:120) ~[client-java-13.0.0.jar:na]
	at java.util.concurrent.Executors$RunnableAdapter.call(Executors.java:511) ~[na:1.8.0_292]
	at java.util.concurrent.FutureTask.runAndReset(FutureTask.java:308) ~[na:1.8.0_292]
	at java.util.concurrent.ScheduledThreadPoolExecutor$ScheduledFutureTask.access$301(ScheduledThreadPoolExecutor.java:180) ~[na:1.8.0_292]
	at java.util.concurrent.ScheduledThreadPoolExecutor$ScheduledFutureTask.run(ScheduledThreadPoolExecutor.java:294) ~[na:1.8.0_292]
	at java.util.concurrent.ThreadPoolExecutor.runWorker(ThreadPoolExecutor.java:1149) ~[na:1.8.0_292]
	at java.util.concurrent.ThreadPoolExecutor$Worker.run(ThreadPoolExecutor.java:624) ~[na:1.8.0_292]
	at java.lang.Thread.run(Thread.java:748) ~[na:1.8.0_292]

2024-04-21 16:38:42.302 ERROR 56963 --- [els.V1Service-1] i.k.c.informer.cache.ReflectorRunnable   : class io.kubernetes.client.openapi.models.V1Service#Reflector loop failed unexpectedly

io.kubernetes.client.openapi.ApiException: Not Found
	at io.kubernetes.client.util.Watch.createWatch(Watch.java:105) ~[client-java-13.0.0.jar:na]
	at io.kubernetes.client.util.generic.GenericKubernetesApi.watch(GenericKubernetesApi.java:761) ~[client-java-13.0.0.jar:na]
	at io.kubernetes.client.util.generic.GenericKubernetesApi.watch(GenericKubernetesApi.java:281) ~[client-java-13.0.0.jar:na]
	at io.kubernetes.client.informer.SharedInformerFactory$2.watch(SharedInformerFactory.java:263) ~[client-java-13.0.0.jar:na]
	at io.kubernetes.client.informer.cache.ReflectorRunnable.run(ReflectorRunnable.java:120) ~[client-java-13.0.0.jar:na]
	at java.util.concurrent.Executors$RunnableAdapter.call(Executors.java:511) ~[na:1.8.0_292]
	at java.util.concurrent.FutureTask.runAndReset(FutureTask.java:308) ~[na:1.8.0_292]
	at java.util.concurrent.ScheduledThreadPoolExecutor$ScheduledFutureTask.access$301(ScheduledThreadPoolExecutor.java:180) ~[na:1.8.0_292]
	at java.util.concurrent.ScheduledThreadPoolExecutor$ScheduledFutureTask.run(ScheduledThreadPoolExecutor.java:294) ~[na:1.8.0_292]
	at java.util.concurrent.ThreadPoolExecutor.runWorker(ThreadPoolExecutor.java:1149) ~[na:1.8.0_292]
	at java.util.concurrent.ThreadPoolExecutor$Worker.run(ThreadPoolExecutor.java:624) ~[na:1.8.0_292]
	at java.lang.Thread.run(Thread.java:748) ~[na:1.8.0_292]

2024-04-21 16:38:42.913  INFO 56963 --- [           main] o.s.b.w.embedded.tomcat.TomcatWebServer  : Tomcat started on port(s): 37791 (http) with context path ''
2024-04-21 16:38:42.917  INFO 56963 --- [           main] tesDiscoveryClientAutoConfigurationTests : Started KubernetesDiscoveryClientAutoConfigurationTests in 2.425 seconds (JVM running for 9.325)
2024-04-21 16:38:43.088  INFO 56963 --- [els.V1Service-1] i.k.c.informer.cache.ReflectorRunnable   : class io.kubernetes.client.openapi.models.V1Service#Start listing and watching...
2024-04-21 16:38:43.088  INFO 56963 --- [s.V1Endpoints-1] i.k.c.informer.cache.ReflectorRunnable   : class io.kubernetes.client.openapi.models.V1Endpoints#Start listing and watching...
2024-04-21 16:38:43.094 ERROR 56963 --- [qtp327853004-22] WireMock                                 : 
                                               Request was not matched
                                               =======================

-----------------------------------------------------------------------------------------------------------------------
| Closest stub                                             | Request                                                  |
-----------------------------------------------------------------------------------------------------------------------
                                                           |
GET                                                        | GET
/api/v1/namespaces/test/services?resourceVersion=0&watch=  | /api/v1/namespaces/test/services?watch=true         <<<<< URL does not match
false                                                      |
                                                           |
                                                           |
-----------------------------------------------------------------------------------------------------------------------

2024-04-21 16:38:43.094 ERROR 56963 --- [qtp327853004-15] WireMock                                 : 
                                               Request was not matched
                                               =======================

-----------------------------------------------------------------------------------------------------------------------
| Closest stub                                             | Request                                                  |
-----------------------------------------------------------------------------------------------------------------------
                                                           |
GET                                                        | GET
/api/v1/namespaces/test/endpoints?resourceVersion=0&watch  | /api/v1/namespaces/test/endpoints?watch=true        <<<<< URL does not match
=false                                                     |
                                                           |
                                                           |
-----------------------------------------------------------------------------------------------------------------------

2024-04-21 16:38:43.097 ERROR 56963 --- [s.V1Endpoints-1] i.k.c.informer.cache.ReflectorRunnable   : class io.kubernetes.client.openapi.models.V1Endpoints#Reflector loop failed unexpectedly

io.kubernetes.client.openapi.ApiException: Not Found
	at io.kubernetes.client.util.Watch.createWatch(Watch.java:105) ~[client-java-13.0.0.jar:na]
	at io.kubernetes.client.util.generic.GenericKubernetesApi.watch(GenericKubernetesApi.java:761) ~[client-java-13.0.0.jar:na]
	at io.kubernetes.client.util.generic.GenericKubernetesApi.watch(GenericKubernetesApi.java:281) ~[client-java-13.0.0.jar:na]
	at io.kubernetes.client.informer.SharedInformerFactory$2.watch(SharedInformerFactory.java:263) ~[client-java-13.0.0.jar:na]
	at io.kubernetes.client.informer.cache.ReflectorRunnable.run(ReflectorRunnable.java:120) ~[client-java-13.0.0.jar:na]
	at java.util.concurrent.Executors$RunnableAdapter.call(Executors.java:511) ~[na:1.8.0_292]
	at java.util.concurrent.FutureTask.runAndReset(FutureTask.java:308) ~[na:1.8.0_292]
	at java.util.concurrent.ScheduledThreadPoolExecutor$ScheduledFutureTask.access$301(ScheduledThreadPoolExecutor.java:180) ~[na:1.8.0_292]
	at java.util.concurrent.ScheduledThreadPoolExecutor$ScheduledFutureTask.run(ScheduledThreadPoolExecutor.java:294) ~[na:1.8.0_292]
	at java.util.concurrent.ThreadPoolExecutor.runWorker(ThreadPoolExecutor.java:1149) ~[na:1.8.0_292]
	at java.util.concurrent.ThreadPoolExecutor$Worker.run(ThreadPoolExecutor.java:624) ~[na:1.8.0_292]
	at java.lang.Thread.run(Thread.java:748) ~[na:1.8.0_292]

2024-04-21 16:38:43.097 ERROR 56963 --- [els.V1Service-1] i.k.c.informer.cache.ReflectorRunnable   : class io.kubernetes.client.openapi.models.V1Service#Reflector loop failed unexpectedly

io.kubernetes.client.openapi.ApiException: Not Found
	at io.kubernetes.client.util.Watch.createWatch(Watch.java:105) ~[client-java-13.0.0.jar:na]
	at io.kubernetes.client.util.generic.GenericKubernetesApi.watch(GenericKubernetesApi.java:761) ~[client-java-13.0.0.jar:na]
	at io.kubernetes.client.util.generic.GenericKubernetesApi.watch(GenericKubernetesApi.java:281) ~[client-java-13.0.0.jar:na]
	at io.kubernetes.client.informer.SharedInformerFactory$2.watch(SharedInformerFactory.java:263) ~[client-java-13.0.0.jar:na]
	at io.kubernetes.client.informer.cache.ReflectorRunnable.run(ReflectorRunnable.java:120) ~[client-java-13.0.0.jar:na]
	at java.util.concurrent.Executors$RunnableAdapter.call(Executors.java:511) ~[na:1.8.0_292]
	at java.util.concurrent.FutureTask.runAndReset(FutureTask.java:308) ~[na:1.8.0_292]
	at java.util.concurrent.ScheduledThreadPoolExecutor$ScheduledFutureTask.access$301(ScheduledThreadPoolExecutor.java:180) ~[na:1.8.0_292]
	at java.util.concurrent.ScheduledThreadPoolExecutor$ScheduledFutureTask.run(ScheduledThreadPoolExecutor.java:294) ~[na:1.8.0_292]
	at java.util.concurrent.ThreadPoolExecutor.runWorker(ThreadPoolExecutor.java:1149) ~[na:1.8.0_292]
	at java.util.concurrent.ThreadPoolExecutor$Worker.run(ThreadPoolExecutor.java:624) ~[na:1.8.0_292]
	at java.lang.Thread.run(Thread.java:748) ~[na:1.8.0_292]

