13:35:32.174 [main] DEBUG org.springframework.test.context.junit4.SpringJUnit4ClassRunner - SpringJUnit4ClassRunner constructor called with [class org.springframework.cloud.kubernetes.client.discovery.reactive.KubernetesInformerReactiveDiscoveryClientAutoConfigurationTests]
13:35:32.186 [main] DEBUG org.springframework.test.context.BootstrapUtils - Instantiating CacheAwareContextLoaderDelegate from class [org.springframework.test.context.cache.DefaultCacheAwareContextLoaderDelegate]
13:35:32.194 [main] DEBUG org.springframework.test.context.BootstrapUtils - Instantiating BootstrapContext using constructor [public org.springframework.test.context.support.DefaultBootstrapContext(java.lang.Class,org.springframework.test.context.CacheAwareContextLoaderDelegate)]
13:35:32.233 [main] DEBUG org.springframework.test.context.BootstrapUtils - Instantiating TestContextBootstrapper for test class [org.springframework.cloud.kubernetes.client.discovery.reactive.KubernetesInformerReactiveDiscoveryClientAutoConfigurationTests] from class [org.springframework.boot.test.context.SpringBootTestContextBootstrapper]
13:35:32.246 [main] INFO org.springframework.boot.test.context.SpringBootTestContextBootstrapper - Neither @ContextConfiguration nor @ContextHierarchy found for test class [org.springframework.cloud.kubernetes.client.discovery.reactive.KubernetesInformerReactiveDiscoveryClientAutoConfigurationTests], using SpringBootContextLoader
13:35:32.251 [main] DEBUG org.springframework.test.context.support.AbstractContextLoader - Did not detect default resource location for test class [org.springframework.cloud.kubernetes.client.discovery.reactive.KubernetesInformerReactiveDiscoveryClientAutoConfigurationTests]: class path resource [org/springframework/cloud/kubernetes/client/discovery/reactive/KubernetesInformerReactiveDiscoveryClientAutoConfigurationTests-context.xml] does not exist
13:35:32.252 [main] DEBUG org.springframework.test.context.support.AbstractContextLoader - Did not detect default resource location for test class [org.springframework.cloud.kubernetes.client.discovery.reactive.KubernetesInformerReactiveDiscoveryClientAutoConfigurationTests]: class path resource [org/springframework/cloud/kubernetes/client/discovery/reactive/KubernetesInformerReactiveDiscoveryClientAutoConfigurationTestsContext.groovy] does not exist
13:35:32.252 [main] INFO org.springframework.test.context.support.AbstractContextLoader - Could not detect default resource locations for test class [org.springframework.cloud.kubernetes.client.discovery.reactive.KubernetesInformerReactiveDiscoveryClientAutoConfigurationTests]: no resource found for suffixes {-context.xml, Context.groovy}.
13:35:32.354 [main] DEBUG org.springframework.test.context.support.ActiveProfilesUtils - Could not find an 'annotation declaring class' for annotation type [org.springframework.test.context.ActiveProfiles] and class [org.springframework.cloud.kubernetes.client.discovery.reactive.KubernetesInformerReactiveDiscoveryClientAutoConfigurationTests]
13:35:32.542 [main] DEBUG org.springframework.boot.test.context.SpringBootTestContextBootstrapper - @TestExecutionListeners is not present for class [org.springframework.cloud.kubernetes.client.discovery.reactive.KubernetesInformerReactiveDiscoveryClientAutoConfigurationTests]: using defaults.
13:35:32.542 [main] INFO org.springframework.boot.test.context.SpringBootTestContextBootstrapper - Loaded default TestExecutionListener class names from location [META-INF/spring.factories]: [org.springframework.boot.test.mock.mockito.MockitoTestExecutionListener, org.springframework.boot.test.mock.mockito.ResetMocksTestExecutionListener, org.springframework.boot.test.autoconfigure.restdocs.RestDocsTestExecutionListener, org.springframework.boot.test.autoconfigure.web.client.MockRestServiceServerResetTestExecutionListener, org.springframework.boot.test.autoconfigure.web.servlet.MockMvcPrintOnlyOnFailureTestExecutionListener, org.springframework.boot.test.autoconfigure.web.servlet.WebDriverTestExecutionListener, org.springframework.boot.test.autoconfigure.webservices.client.MockWebServiceServerTestExecutionListener, org.springframework.test.context.web.ServletTestExecutionListener, org.springframework.test.context.support.DirtiesContextBeforeModesTestExecutionListener, org.springframework.test.context.event.ApplicationEventsTestExecutionListener, org.springframework.test.context.support.DependencyInjectionTestExecutionListener, org.springframework.test.context.support.DirtiesContextTestExecutionListener, org.springframework.test.context.transaction.TransactionalTestExecutionListener, org.springframework.test.context.jdbc.SqlScriptsTestExecutionListener, org.springframework.test.context.event.EventPublishingTestExecutionListener]
13:35:32.558 [main] DEBUG org.springframework.boot.test.context.SpringBootTestContextBootstrapper - Skipping candidate TestExecutionListener [org.springframework.test.context.transaction.TransactionalTestExecutionListener] due to a missing dependency. Specify custom listener classes or make the default listener classes and their required dependencies available. Offending class: [org/springframework/transaction/TransactionDefinition]
13:35:32.559 [main] DEBUG org.springframework.boot.test.context.SpringBootTestContextBootstrapper - Skipping candidate TestExecutionListener [org.springframework.test.context.jdbc.SqlScriptsTestExecutionListener] due to a missing dependency. Specify custom listener classes or make the default listener classes and their required dependencies available. Offending class: [org/springframework/transaction/interceptor/TransactionAttribute]
13:35:32.559 [main] INFO org.springframework.boot.test.context.SpringBootTestContextBootstrapper - Using TestExecutionListeners: [org.springframework.test.context.web.ServletTestExecutionListener@4d0d9fe7, org.springframework.test.context.support.DirtiesContextBeforeModesTestExecutionListener@c430e6c, org.springframework.test.context.event.ApplicationEventsTestExecutionListener@312aa7c, org.springframework.boot.test.mock.mockito.MockitoTestExecutionListener@536f2a7e, org.springframework.boot.test.autoconfigure.SpringBootDependencyInjectionTestExecutionListener@72bc6553, org.springframework.test.context.support.DirtiesContextTestExecutionListener@66982506, org.springframework.test.context.event.EventPublishingTestExecutionListener@70cf32e3, org.springframework.boot.test.mock.mockito.ResetMocksTestExecutionListener@5a59ca5e, org.springframework.boot.test.autoconfigure.restdocs.RestDocsTestExecutionListener@4bdeaabb, org.springframework.boot.test.autoconfigure.web.client.MockRestServiceServerResetTestExecutionListener@6c4906d3, org.springframework.boot.test.autoconfigure.web.servlet.MockMvcPrintOnlyOnFailureTestExecutionListener@65987993, org.springframework.boot.test.autoconfigure.web.servlet.WebDriverTestExecutionListener@71075444, org.springframework.boot.test.autoconfigure.webservices.client.MockWebServiceServerTestExecutionListener@4f32a3ad]
13:35:32.561 [main] DEBUG org.springframework.test.annotation.ProfileValueUtils - Retrieved @ProfileValueSourceConfiguration [null] for test class [org.springframework.cloud.kubernetes.client.discovery.reactive.KubernetesInformerReactiveDiscoveryClientAutoConfigurationTests]
13:35:32.563 [main] DEBUG org.springframework.test.annotation.ProfileValueUtils - Retrieved ProfileValueSource type [class org.springframework.test.annotation.SystemProfileValueSource] for class [org.springframework.cloud.kubernetes.client.discovery.reactive.KubernetesInformerReactiveDiscoveryClientAutoConfigurationTests]
13:35:32.563 [main] DEBUG org.springframework.test.annotation.ProfileValueUtils - Retrieved @ProfileValueSourceConfiguration [null] for test class [org.springframework.cloud.kubernetes.client.discovery.reactive.KubernetesInformerReactiveDiscoveryClientAutoConfigurationTests]
13:35:32.563 [main] DEBUG org.springframework.test.annotation.ProfileValueUtils - Retrieved ProfileValueSource type [class org.springframework.test.annotation.SystemProfileValueSource] for class [org.springframework.cloud.kubernetes.client.discovery.reactive.KubernetesInformerReactiveDiscoveryClientAutoConfigurationTests]
13:35:32.571 [main] DEBUG org.springframework.test.context.junit4.SpringJUnit4ClassRunner - SpringJUnit4ClassRunner constructor called with [class org.springframework.cloud.kubernetes.client.discovery.KubernetesDiscoveryClientAutoConfigurationTests]
13:35:32.571 [main] DEBUG org.springframework.test.context.BootstrapUtils - Instantiating CacheAwareContextLoaderDelegate from class [org.springframework.test.context.cache.DefaultCacheAwareContextLoaderDelegate]
13:35:32.571 [main] DEBUG org.springframework.test.context.BootstrapUtils - Instantiating BootstrapContext using constructor [public org.springframework.test.context.support.DefaultBootstrapContext(java.lang.Class,org.springframework.test.context.CacheAwareContextLoaderDelegate)]
13:35:32.572 [main] DEBUG org.springframework.test.context.BootstrapUtils - Instantiating TestContextBootstrapper for test class [org.springframework.cloud.kubernetes.client.discovery.KubernetesDiscoveryClientAutoConfigurationTests] from class [org.springframework.boot.test.context.SpringBootTestContextBootstrapper]
13:35:32.573 [main] INFO org.springframework.boot.test.context.SpringBootTestContextBootstrapper - Neither @ContextConfiguration nor @ContextHierarchy found for test class [org.springframework.cloud.kubernetes.client.discovery.KubernetesDiscoveryClientAutoConfigurationTests], using SpringBootContextLoader
13:35:32.574 [main] DEBUG org.springframework.test.context.support.AbstractContextLoader - Did not detect default resource location for test class [org.springframework.cloud.kubernetes.client.discovery.KubernetesDiscoveryClientAutoConfigurationTests]: class path resource [org/springframework/cloud/kubernetes/client/discovery/KubernetesDiscoveryClientAutoConfigurationTests-context.xml] does not exist
13:35:32.575 [main] DEBUG org.springframework.test.context.support.AbstractContextLoader - Did not detect default resource location for test class [org.springframework.cloud.kubernetes.client.discovery.KubernetesDiscoveryClientAutoConfigurationTests]: class path resource [org/springframework/cloud/kubernetes/client/discovery/KubernetesDiscoveryClientAutoConfigurationTestsContext.groovy] does not exist
13:35:32.575 [main] INFO org.springframework.test.context.support.AbstractContextLoader - Could not detect default resource locations for test class [org.springframework.cloud.kubernetes.client.discovery.KubernetesDiscoveryClientAutoConfigurationTests]: no resource found for suffixes {-context.xml, Context.groovy}.
13:35:32.577 [main] DEBUG org.springframework.test.context.support.ActiveProfilesUtils - Could not find an 'annotation declaring class' for annotation type [org.springframework.test.context.ActiveProfiles] and class [org.springframework.cloud.kubernetes.client.discovery.KubernetesDiscoveryClientAutoConfigurationTests]
13:35:32.590 [main] DEBUG org.springframework.boot.test.context.SpringBootTestContextBootstrapper - @TestExecutionListeners is not present for class [org.springframework.cloud.kubernetes.client.discovery.KubernetesDiscoveryClientAutoConfigurationTests]: using defaults.
13:35:32.590 [main] INFO org.springframework.boot.test.context.SpringBootTestContextBootstrapper - Loaded default TestExecutionListener class names from location [META-INF/spring.factories]: [org.springframework.boot.test.mock.mockito.MockitoTestExecutionListener, org.springframework.boot.test.mock.mockito.ResetMocksTestExecutionListener, org.springframework.boot.test.autoconfigure.restdocs.RestDocsTestExecutionListener, org.springframework.boot.test.autoconfigure.web.client.MockRestServiceServerResetTestExecutionListener, org.springframework.boot.test.autoconfigure.web.servlet.MockMvcPrintOnlyOnFailureTestExecutionListener, org.springframework.boot.test.autoconfigure.web.servlet.WebDriverTestExecutionListener, org.springframework.boot.test.autoconfigure.webservices.client.MockWebServiceServerTestExecutionListener, org.springframework.test.context.web.ServletTestExecutionListener, org.springframework.test.context.support.DirtiesContextBeforeModesTestExecutionListener, org.springframework.test.context.event.ApplicationEventsTestExecutionListener, org.springframework.test.context.support.DependencyInjectionTestExecutionListener, org.springframework.test.context.support.DirtiesContextTestExecutionListener, org.springframework.test.context.transaction.TransactionalTestExecutionListener, org.springframework.test.context.jdbc.SqlScriptsTestExecutionListener, org.springframework.test.context.event.EventPublishingTestExecutionListener]
13:35:32.591 [main] DEBUG org.springframework.boot.test.context.SpringBootTestContextBootstrapper - Skipping candidate TestExecutionListener [org.springframework.test.context.transaction.TransactionalTestExecutionListener] due to a missing dependency. Specify custom listener classes or make the default listener classes and their required dependencies available. Offending class: [org/springframework/transaction/TransactionDefinition]
13:35:32.591 [main] DEBUG org.springframework.boot.test.context.SpringBootTestContextBootstrapper - Skipping candidate TestExecutionListener [org.springframework.test.context.jdbc.SqlScriptsTestExecutionListener] due to a missing dependency. Specify custom listener classes or make the default listener classes and their required dependencies available. Offending class: [org/springframework/transaction/interceptor/TransactionAttribute]
13:35:32.591 [main] INFO org.springframework.boot.test.context.SpringBootTestContextBootstrapper - Using TestExecutionListeners: [org.springframework.test.context.web.ServletTestExecutionListener@34bde49d, org.springframework.test.context.support.DirtiesContextBeforeModesTestExecutionListener@1b1cfb87, org.springframework.test.context.event.ApplicationEventsTestExecutionListener@821330f, org.springframework.boot.test.mock.mockito.MockitoTestExecutionListener@6f43c82, org.springframework.boot.test.autoconfigure.SpringBootDependencyInjectionTestExecutionListener@5db6b9cd, org.springframework.test.context.support.DirtiesContextTestExecutionListener@210ab13f, org.springframework.test.context.event.EventPublishingTestExecutionListener@20b2475a, org.springframework.boot.test.mock.mockito.ResetMocksTestExecutionListener@7857fe2, org.springframework.boot.test.autoconfigure.restdocs.RestDocsTestExecutionListener@6f15d60e, org.springframework.boot.test.autoconfigure.web.client.MockRestServiceServerResetTestExecutionListener@1be2019a, org.springframework.boot.test.autoconfigure.web.servlet.MockMvcPrintOnlyOnFailureTestExecutionListener@29d80d2b, org.springframework.boot.test.autoconfigure.web.servlet.WebDriverTestExecutionListener@58e1d9d, org.springframework.boot.test.autoconfigure.webservices.client.MockWebServiceServerTestExecutionListener@446a1e84]
13:35:32.592 [main] DEBUG org.springframework.test.annotation.ProfileValueUtils - Retrieved @ProfileValueSourceConfiguration [null] for test class [org.springframework.cloud.kubernetes.client.discovery.KubernetesDiscoveryClientAutoConfigurationTests]
13:35:32.592 [main] DEBUG org.springframework.test.annotation.ProfileValueUtils - Retrieved ProfileValueSource type [class org.springframework.test.annotation.SystemProfileValueSource] for class [org.springframework.cloud.kubernetes.client.discovery.KubernetesDiscoveryClientAutoConfigurationTests]
13:35:32.592 [main] DEBUG org.springframework.test.annotation.ProfileValueUtils - Retrieved @ProfileValueSourceConfiguration [null] for test class [org.springframework.cloud.kubernetes.client.discovery.KubernetesDiscoveryClientAutoConfigurationTests]
13:35:32.592 [main] DEBUG org.springframework.test.annotation.ProfileValueUtils - Retrieved ProfileValueSource type [class org.springframework.test.annotation.SystemProfileValueSource] for class [org.springframework.cloud.kubernetes.client.discovery.KubernetesDiscoveryClientAutoConfigurationTests]
13:35:32.594 [main] DEBUG org.springframework.test.annotation.ProfileValueUtils - Retrieved @ProfileValueSourceConfiguration [null] for test class [org.springframework.cloud.kubernetes.client.discovery.reactive.KubernetesInformerReactiveDiscoveryClientAutoConfigurationTests]
13:35:32.594 [main] DEBUG org.springframework.test.annotation.ProfileValueUtils - Retrieved ProfileValueSource type [class org.springframework.test.annotation.SystemProfileValueSource] for class [org.springframework.cloud.kubernetes.client.discovery.reactive.KubernetesInformerReactiveDiscoveryClientAutoConfigurationTests]
13:35:32.595 [main] DEBUG org.springframework.test.annotation.ProfileValueUtils - Retrieved @ProfileValueSourceConfiguration [null] for test class [org.springframework.cloud.kubernetes.client.discovery.KubernetesDiscoveryClientAutoConfigurationTests]
13:35:32.595 [main] DEBUG org.springframework.test.annotation.ProfileValueUtils - Retrieved ProfileValueSource type [class org.springframework.test.annotation.SystemProfileValueSource] for class [org.springframework.cloud.kubernetes.client.discovery.KubernetesDiscoveryClientAutoConfigurationTests]
13:35:32.597 [main] DEBUG org.springframework.test.annotation.ProfileValueUtils - Retrieved @ProfileValueSourceConfiguration [null] for test class [org.springframework.cloud.kubernetes.client.discovery.reactive.KubernetesInformerReactiveDiscoveryClientAutoConfigurationTests]
13:35:32.597 [main] DEBUG org.springframework.test.annotation.ProfileValueUtils - Retrieved ProfileValueSource type [class org.springframework.test.annotation.SystemProfileValueSource] for class [org.springframework.cloud.kubernetes.client.discovery.reactive.KubernetesInformerReactiveDiscoveryClientAutoConfigurationTests]
13:35:32.597 [main] DEBUG org.springframework.test.annotation.ProfileValueUtils - Retrieved @ProfileValueSourceConfiguration [null] for test class [org.springframework.cloud.kubernetes.client.discovery.KubernetesDiscoveryClientAutoConfigurationTests]
13:35:32.597 [main] DEBUG org.springframework.test.annotation.ProfileValueUtils - Retrieved ProfileValueSource type [class org.springframework.test.annotation.SystemProfileValueSource] for class [org.springframework.cloud.kubernetes.client.discovery.KubernetesDiscoveryClientAutoConfigurationTests]
13:35:32.597 [main] DEBUG org.springframework.test.annotation.ProfileValueUtils - Retrieved @ProfileValueSourceConfiguration [null] for test class [org.springframework.cloud.kubernetes.client.discovery.reactive.KubernetesInformerReactiveDiscoveryClientAutoConfigurationTests]
13:35:32.597 [main] DEBUG org.springframework.test.annotation.ProfileValueUtils - Retrieved ProfileValueSource type [class org.springframework.test.annotation.SystemProfileValueSource] for class [org.springframework.cloud.kubernetes.client.discovery.reactive.KubernetesInformerReactiveDiscoveryClientAutoConfigurationTests]
13:35:32.598 [main] DEBUG org.springframework.test.annotation.ProfileValueUtils - Retrieved @ProfileValueSourceConfiguration [null] for test class [org.springframework.cloud.kubernetes.client.discovery.KubernetesDiscoveryClientAutoConfigurationTests]
13:35:32.598 [main] DEBUG org.springframework.test.annotation.ProfileValueUtils - Retrieved ProfileValueSource type [class org.springframework.test.annotation.SystemProfileValueSource] for class [org.springframework.cloud.kubernetes.client.discovery.KubernetesDiscoveryClientAutoConfigurationTests]
13:35:32.598 [main] DEBUG org.springframework.test.annotation.ProfileValueUtils - Retrieved @ProfileValueSourceConfiguration [null] for test class [org.springframework.cloud.kubernetes.client.discovery.reactive.KubernetesInformerReactiveDiscoveryClientAutoConfigurationTests]
13:35:32.598 [main] DEBUG org.springframework.test.annotation.ProfileValueUtils - Retrieved ProfileValueSource type [class org.springframework.test.annotation.SystemProfileValueSource] for class [org.springframework.cloud.kubernetes.client.discovery.reactive.KubernetesInformerReactiveDiscoveryClientAutoConfigurationTests]
13:35:32.598 [main] DEBUG org.springframework.test.annotation.ProfileValueUtils - Retrieved @ProfileValueSourceConfiguration [null] for test class [org.springframework.cloud.kubernetes.client.discovery.reactive.KubernetesInformerReactiveDiscoveryClientAutoConfigurationTests]
13:35:32.599 [main] DEBUG org.springframework.test.annotation.ProfileValueUtils - Retrieved ProfileValueSource type [class org.springframework.test.annotation.SystemProfileValueSource] for class [org.springframework.cloud.kubernetes.client.discovery.reactive.KubernetesInformerReactiveDiscoveryClientAutoConfigurationTests]
13:35:32.599 [main] DEBUG org.springframework.test.annotation.ProfileValueUtils - Retrieved @ProfileValueSourceConfiguration [null] for test class [org.springframework.cloud.kubernetes.client.discovery.KubernetesDiscoveryClientAutoConfigurationTests]
13:35:32.599 [main] DEBUG org.springframework.test.annotation.ProfileValueUtils - Retrieved ProfileValueSource type [class org.springframework.test.annotation.SystemProfileValueSource] for class [org.springframework.cloud.kubernetes.client.discovery.KubernetesDiscoveryClientAutoConfigurationTests]
13:35:32.605 [main] DEBUG org.springframework.test.annotation.ProfileValueUtils - Retrieved @ProfileValueSourceConfiguration [null] for test class [org.springframework.cloud.kubernetes.client.discovery.reactive.KubernetesInformerReactiveDiscoveryClientAutoConfigurationTests]
13:35:32.605 [main] DEBUG org.springframework.test.annotation.ProfileValueUtils - Retrieved ProfileValueSource type [class org.springframework.test.annotation.SystemProfileValueSource] for class [org.springframework.cloud.kubernetes.client.discovery.reactive.KubernetesInformerReactiveDiscoveryClientAutoConfigurationTests]
13:35:32.605 [main] DEBUG org.springframework.test.annotation.ProfileValueUtils - Retrieved @ProfileValueSourceConfiguration [null] for test class [org.springframework.cloud.kubernetes.client.discovery.KubernetesDiscoveryClientAutoConfigurationTests]
13:35:32.605 [main] DEBUG org.springframework.test.annotation.ProfileValueUtils - Retrieved ProfileValueSource type [class org.springframework.test.annotation.SystemProfileValueSource] for class [org.springframework.cloud.kubernetes.client.discovery.KubernetesDiscoveryClientAutoConfigurationTests]
13:35:32.606 [main] DEBUG org.springframework.test.annotation.ProfileValueUtils - Retrieved @ProfileValueSourceConfiguration [null] for test class [org.springframework.cloud.kubernetes.client.discovery.reactive.KubernetesInformerReactiveDiscoveryClientAutoConfigurationTests]
13:35:32.607 [main] DEBUG org.springframework.test.annotation.ProfileValueUtils - Retrieved ProfileValueSource type [class org.springframework.test.annotation.SystemProfileValueSource] for class [org.springframework.cloud.kubernetes.client.discovery.reactive.KubernetesInformerReactiveDiscoveryClientAutoConfigurationTests]
13:35:32.607 [main] DEBUG org.springframework.test.annotation.ProfileValueUtils - Retrieved @ProfileValueSourceConfiguration [null] for test class [org.springframework.cloud.kubernetes.client.discovery.KubernetesDiscoveryClientAutoConfigurationTests]
13:35:32.607 [main] DEBUG org.springframework.test.annotation.ProfileValueUtils - Retrieved ProfileValueSource type [class org.springframework.test.annotation.SystemProfileValueSource] for class [org.springframework.cloud.kubernetes.client.discovery.KubernetesDiscoveryClientAutoConfigurationTests]
13:35:33.251 [main] DEBUG reactor.util.Loggers - Using Slf4j logging framework
13:35:33.298 [boundedElastic-1] DEBUG org.springframework.cloud.kubernetes.client.discovery.KubernetesInformerDiscoveryClient - Kubernetes Service Label Properties:
13:35:33.299 [boundedElastic-1] DEBUG org.springframework.cloud.kubernetes.client.discovery.KubernetesInformerDiscoveryClient - Service test-svc-1 labels:
13:35:33.333 [boundedElastic-1] DEBUG org.springframework.cloud.kubernetes.client.discovery.KubernetesInformerDiscoveryClient - Kubernetes Service Label Properties:
13:35:33.333 [boundedElastic-1] DEBUG org.springframework.cloud.kubernetes.client.discovery.KubernetesInformerDiscoveryClient - Service test-svc-1 labels:
13:35:33.336 [main] DEBUG org.springframework.cloud.kubernetes.commons.KubernetesNamespaceProvider - Looking for service account namespace at: [/var/run/secrets/kubernetes.io/serviceaccount/namespace].
13:35:33.338 [boundedElastic-1] DEBUG org.springframework.cloud.kubernetes.client.discovery.KubernetesInformerDiscoveryClient - Kubernetes Service Label Properties:
13:35:33.338 [boundedElastic-1] DEBUG org.springframework.cloud.kubernetes.client.discovery.KubernetesInformerDiscoveryClient - Service test-svc-1 labels:
13:35:33.339 [boundedElastic-1] DEBUG org.springframework.cloud.kubernetes.client.discovery.KubernetesInformerDiscoveryClient - Kubernetes Service Label Properties:
13:35:33.339 [boundedElastic-1] DEBUG org.springframework.cloud.kubernetes.client.discovery.KubernetesInformerDiscoveryClient - Service test-svc-1 labels:
13:35:33.341 [boundedElastic-1] DEBUG org.springframework.cloud.kubernetes.client.discovery.KubernetesInformerDiscoveryClient - Kubernetes Service Label Properties:
13:35:33.342 [boundedElastic-1] DEBUG org.springframework.cloud.kubernetes.client.discovery.KubernetesInformerDiscoveryClient - Service test-svc-1 labels:
13:35:33.343 [main] DEBUG org.springframework.test.annotation.ProfileValueUtils - Retrieved @ProfileValueSourceConfiguration [null] for test class [org.springframework.cloud.kubernetes.client.discovery.reactive.KubernetesInformerReactiveDiscoveryClientAutoConfigurationTests]
13:35:33.344 [main] DEBUG org.springframework.test.annotation.ProfileValueUtils - Retrieved ProfileValueSource type [class org.springframework.test.annotation.SystemProfileValueSource] for class [org.springframework.cloud.kubernetes.client.discovery.reactive.KubernetesInformerReactiveDiscoveryClientAutoConfigurationTests]
13:35:33.344 [main] DEBUG org.springframework.test.annotation.ProfileValueUtils - Retrieved @ProfileValueSourceConfiguration [null] for test class [org.springframework.cloud.kubernetes.client.discovery.reactive.KubernetesInformerReactiveDiscoveryClientAutoConfigurationTests]
13:35:33.344 [main] DEBUG org.springframework.test.annotation.ProfileValueUtils - Retrieved ProfileValueSource type [class org.springframework.test.annotation.SystemProfileValueSource] for class [org.springframework.cloud.kubernetes.client.discovery.reactive.KubernetesInformerReactiveDiscoveryClientAutoConfigurationTests]
13:35:33.349 [main] DEBUG org.springframework.test.context.support.AbstractDirtiesContextTestExecutionListener - Before test class: context [DefaultTestContext@3ee39da0 testClass = KubernetesInformerReactiveDiscoveryClientAutoConfigurationTests, testInstance = [null], testMethod = [null], testException = [null], mergedContextConfiguration = [ReactiveWebMergedContextConfiguration@5d332969 testClass = KubernetesInformerReactiveDiscoveryClientAutoConfigurationTests, locations = '{}', classes = '{class org.springframework.cloud.kubernetes.client.discovery.reactive.KubernetesInformerReactiveDiscoveryClientAutoConfigurationTests$TestConfig}', contextInitializerClasses = '[]', activeProfiles = '{}', propertySourceLocations = '{}', propertySourceProperties = '{spring.cloud.kubernetes.discovery.cacheLoadingTimeoutSeconds=5, spring.cloud.config.enabled=false, spring.cloud.kubernetes.discovery.waitCacheReady=false, spring.main.web-application-type=reactive, org.springframework.boot.test.context.SpringBootTestContextBootstrapper=true, server.port=0}', contextCustomizers = set[org.springframework.boot.test.context.filter.ExcludeFilterContextCustomizer@4b2bac3f, org.springframework.boot.test.json.DuplicateJsonObjectContextCustomizerFactory$DuplicateJsonObjectContextCustomizer@26794848, org.springframework.boot.test.mock.mockito.MockitoContextCustomizer@0, org.springframework.boot.test.web.client.TestRestTemplateContextCustomizer@544fa968, org.springframework.boot.test.web.reactive.server.WebTestClientContextCustomizer@7770f470, org.springframework.boot.test.autoconfigure.actuate.metrics.MetricsExportContextCustomizerFactory$DisableMetricExportContextCustomizer@7bedc48a, org.springframework.boot.test.autoconfigure.properties.PropertyMappingContextCustomizer@0, org.springframework.boot.test.autoconfigure.web.servlet.WebDriverContextCustomizerFactory$Customizer@13b6aecc, org.springframework.boot.test.context.SpringBootTestArgs@1, org.springframework.boot.test.context.SpringBootTestWebEnvironment@498d318c], contextLoader = 'org.springframework.boot.test.context.SpringBootContextLoader', parent = [null]], attributes = map['org.springframework.test.context.web.ServletTestExecutionListener.activateListener' -> false]], class annotated with @DirtiesContext [false] with mode [null].
13:35:33.350 [main] DEBUG org.springframework.test.annotation.ProfileValueUtils - Retrieved @ProfileValueSourceConfiguration [null] for test class [org.springframework.cloud.kubernetes.client.discovery.reactive.KubernetesInformerReactiveDiscoveryClientAutoConfigurationTests]
13:35:33.351 [main] DEBUG org.springframework.test.annotation.ProfileValueUtils - Retrieved ProfileValueSource type [class org.springframework.test.annotation.SystemProfileValueSource] for class [org.springframework.cloud.kubernetes.client.discovery.reactive.KubernetesInformerReactiveDiscoveryClientAutoConfigurationTests]
13:35:33.356 [main] DEBUG org.springframework.test.context.support.DependencyInjectionTestExecutionListener - Performing dependency injection for test context [[DefaultTestContext@3ee39da0 testClass = KubernetesInformerReactiveDiscoveryClientAutoConfigurationTests, testInstance = org.springframework.cloud.kubernetes.client.discovery.reactive.KubernetesInformerReactiveDiscoveryClientAutoConfigurationTests@5987e932, testMethod = [null], testException = [null], mergedContextConfiguration = [ReactiveWebMergedContextConfiguration@5d332969 testClass = KubernetesInformerReactiveDiscoveryClientAutoConfigurationTests, locations = '{}', classes = '{class org.springframework.cloud.kubernetes.client.discovery.reactive.KubernetesInformerReactiveDiscoveryClientAutoConfigurationTests$TestConfig}', contextInitializerClasses = '[]', activeProfiles = '{}', propertySourceLocations = '{}', propertySourceProperties = '{spring.cloud.kubernetes.discovery.cacheLoadingTimeoutSeconds=5, spring.cloud.config.enabled=false, spring.cloud.kubernetes.discovery.waitCacheReady=false, spring.main.web-application-type=reactive, org.springframework.boot.test.context.SpringBootTestContextBootstrapper=true, server.port=0}', contextCustomizers = set[org.springframework.boot.test.context.filter.ExcludeFilterContextCustomizer@4b2bac3f, org.springframework.boot.test.json.DuplicateJsonObjectContextCustomizerFactory$DuplicateJsonObjectContextCustomizer@26794848, org.springframework.boot.test.mock.mockito.MockitoContextCustomizer@0, org.springframework.boot.test.web.client.TestRestTemplateContextCustomizer@544fa968, org.springframework.boot.test.web.reactive.server.WebTestClientContextCustomizer@7770f470, org.springframework.boot.test.autoconfigure.actuate.metrics.MetricsExportContextCustomizerFactory$DisableMetricExportContextCustomizer@7bedc48a, org.springframework.boot.test.autoconfigure.properties.PropertyMappingContextCustomizer@0, org.springframework.boot.test.autoconfigure.web.servlet.WebDriverContextCustomizerFactory$Customizer@13b6aecc, org.springframework.boot.test.context.SpringBootTestArgs@1, org.springframework.boot.test.context.SpringBootTestWebEnvironment@498d318c], contextLoader = 'org.springframework.boot.test.context.SpringBootContextLoader', parent = [null]], attributes = map['org.springframework.test.context.web.ServletTestExecutionListener.activateListener' -> false, 'org.springframework.test.context.event.ApplicationEventsTestExecutionListener.recordApplicationEvents' -> false]]].

  .   ____          _            __ _ _
 /\\ / ___'_ __ _ _(_)_ __  __ _ \ \ \ \
( ( )\___ | '_ | '_| | '_ \/ _` | \ \ \ \
 \\/  ___)| |_)| | | | | || (_| |  ) ) ) )
  '  |____| .__|_| |_|_| |_\__, | / / / /
 =========|_|==============|___/=/_/_/_/
 :: Spring Boot ::                (v2.6.3)

2024-04-21 13:35:34.005  WARN 39783 --- [           main] ubernetesProfileEnvironmentPostProcessor : Not running inside kubernetes. Skipping 'kubernetes' profile activation.
2024-04-21 13:35:34.016  INFO 39783 --- [           main] iveDiscoveryClientAutoConfigurationTests : Starting KubernetesInformerReactiveDiscoveryClientAutoConfigurationTests using Java 1.8.0_292 on 003cc2912fe6 with PID 39783 (started by idflakies in /home/idflakies/spring-cloud/spring-cloud-kubernetes)
2024-04-21 13:35:34.016  INFO 39783 --- [           main] iveDiscoveryClientAutoConfigurationTests : No active profile set, falling back to default profiles: default
2024-04-21 13:35:34.947  INFO 39783 --- [           main] org.eclipse.jetty.util.log               : Logging initialized @3630ms to org.eclipse.jetty.util.log.Slf4jLog
2024-04-21 13:35:35.071  INFO 39783 --- [           main] org.eclipse.jetty.server.Server          : jetty-9.4.44.v20210927; built: 2021-09-27T23:02:44.612Z; git: 8da83308eeca865e495e53ef315a249d63ba9332; jvm 1.8.0_292-8u292-b10-0ubuntu1~16.04.1-b10
2024-04-21 13:35:35.090  INFO 39783 --- [           main] o.e.jetty.server.handler.ContextHandler  : Started o.e.j.s.ServletContextHandler@53c99b09{/__admin,null,AVAILABLE}
2024-04-21 13:35:35.091  INFO 39783 --- [           main] o.e.jetty.server.handler.ContextHandler  : Started o.e.j.s.ServletContextHandler@74606204{/,null,AVAILABLE}
2024-04-21 13:35:35.107  INFO 39783 --- [           main] o.e.jetty.server.AbstractConnector       : Started NetworkTrafficServerConnector@38cedb7d{HTTP/1.1, (http/1.1)}{0.0.0.0:42205}
2024-04-21 13:35:35.108  INFO 39783 --- [           main] org.eclipse.jetty.server.Server          : Started @3792ms
2024-04-21 13:35:35.361  INFO 39783 --- [tp2107088180-24] o.e.j.s.handler.ContextHandler.__admin   : RequestHandlerClass from context returned com.github.tomakehurst.wiremock.http.AdminRequestHandler. Normalized mapped under returned 'null'
2024-04-21 13:35:35.568  INFO 39783 --- [           main] o.s.c.a.ConfigurationClassPostProcessor  : Cannot enhance @Configuration bean definition 'kubernetesInformerReactiveDiscoveryClientAutoConfigurationTests.TestConfig' since its singleton instance has been created too early. The typical cause is a non-static @Bean method with a BeanDefinitionRegistryPostProcessor return type: Consider declaring such methods as 'static'.
2024-04-21 13:35:35.681  INFO 39783 --- [           main] o.s.cloud.context.scope.GenericScope     : BeanFactory id=d7232dc4-7a46-3e4e-9978-4dacfc5f6386
2024-04-21 13:35:35.771  INFO 39783 --- [           main] trationDelegate$BeanPostProcessorChecker : Bean 'io.kubernetes.client.spring.extended.manifests.config.KubernetesManifestsAutoConfiguration' of type [io.kubernetes.client.spring.extended.manifests.config.KubernetesManifestsAutoConfiguration] is not eligible for getting processed by all BeanPostProcessors (for example: not eligible for auto-proxying)
2024-04-21 13:35:35.800  INFO 39783 --- [           main] trationDelegate$BeanPostProcessorChecker : Bean 'org.springframework.cloud.commons.config.CommonsConfigAutoConfiguration' of type [org.springframework.cloud.commons.config.CommonsConfigAutoConfiguration] is not eligible for getting processed by all BeanPostProcessors (for example: not eligible for auto-proxying)
2024-04-21 13:35:35.804  INFO 39783 --- [           main] trationDelegate$BeanPostProcessorChecker : Bean 'org.springframework.cloud.client.loadbalancer.LoadBalancerDefaultMappingsProviderAutoConfiguration' of type [org.springframework.cloud.client.loadbalancer.LoadBalancerDefaultMappingsProviderAutoConfiguration] is not eligible for getting processed by all BeanPostProcessors (for example: not eligible for auto-proxying)
2024-04-21 13:35:35.807  INFO 39783 --- [           main] trationDelegate$BeanPostProcessorChecker : Bean 'loadBalancerClientsDefaultsMappingsProvider' of type [org.springframework.cloud.client.loadbalancer.LoadBalancerDefaultMappingsProviderAutoConfiguration$$Lambda$491/299161977] is not eligible for getting processed by all BeanPostProcessors (for example: not eligible for auto-proxying)
2024-04-21 13:35:35.811  INFO 39783 --- [           main] trationDelegate$BeanPostProcessorChecker : Bean 'defaultsBindHandlerAdvisor' of type [org.springframework.cloud.commons.config.DefaultsBindHandlerAdvisor] is not eligible for getting processed by all BeanPostProcessors (for example: not eligible for auto-proxying)
2024-04-21 13:35:35.816  INFO 39783 --- [           main] trationDelegate$BeanPostProcessorChecker : Bean 'kubernetes.manifests-io.kubernetes.client.spring.extended.manifests.config.KubernetesManifestsProperties' of type [io.kubernetes.client.spring.extended.manifests.config.KubernetesManifestsProperties] is not eligible for getting processed by all BeanPostProcessors (for example: not eligible for auto-proxying)
2024-04-21 13:35:36.075  INFO 39783 --- [           main] o.s.b.w.embedded.tomcat.TomcatWebServer  : Tomcat initialized with port(s): 0 (http)
2024-04-21 13:35:36.089  INFO 39783 --- [           main] o.apache.catalina.core.StandardService   : Starting service [Tomcat]
2024-04-21 13:35:36.089  INFO 39783 --- [           main] org.apache.catalina.core.StandardEngine  : Starting Servlet engine: [Apache Tomcat/9.0.56]
2024-04-21 13:35:36.857  INFO 39783 --- [ler-V1Endpoints] i.k.client.informer.cache.Controller     : informer#Controller: ready to run resync & reflector runnable
2024-04-21 13:35:36.857  INFO 39783 --- [oller-V1Service] i.k.client.informer.cache.Controller     : informer#Controller: ready to run resync & reflector runnable
2024-04-21 13:35:36.858  INFO 39783 --- [oller-V1Service] i.k.client.informer.cache.Controller     : informer#Controller: resync skipped due to 0 full resync period
2024-04-21 13:35:36.858  INFO 39783 --- [ler-V1Endpoints] i.k.client.informer.cache.Controller     : informer#Controller: resync skipped due to 0 full resync period
2024-04-21 13:35:36.861  INFO 39783 --- [els.V1Service-1] i.k.c.informer.cache.ReflectorRunnable   : class io.kubernetes.client.openapi.models.V1Service#Start listing and watching...
2024-04-21 13:35:36.861  INFO 39783 --- [s.V1Endpoints-1] i.k.c.informer.cache.ReflectorRunnable   : class io.kubernetes.client.openapi.models.V1Endpoints#Start listing and watching...
2024-04-21 13:35:36.908  INFO 39783 --- [tp2107088180-24] o.e.j.s.handler.ContextHandler.ROOT      : RequestHandlerClass from context returned com.github.tomakehurst.wiremock.http.StubRequestHandler. Normalized mapped under returned 'null'
2024-04-21 13:35:36.979 ERROR 39783 --- [tp2107088180-17] WireMock                                 : 
                                               Request was not matched
                                               =======================

-----------------------------------------------------------------------------------------------------------------------
| Closest stub                                             | Request                                                  |
-----------------------------------------------------------------------------------------------------------------------
                                                           |
GET                                                        | GET
/api/v1/namespaces/test/endpoints?resourceVersion=0&watch  | /api/v1/namespaces/test/endpoints?watch=true        <<<<< URL does not match
=false                                                     |
                                                           |
                                                           |
-----------------------------------------------------------------------------------------------------------------------

2024-04-21 13:35:36.979 ERROR 39783 --- [tp2107088180-22] WireMock                                 : 
                                               Request was not matched
                                               =======================

-----------------------------------------------------------------------------------------------------------------------
| Closest stub                                             | Request                                                  |
-----------------------------------------------------------------------------------------------------------------------
                                                           |
GET                                                        | GET
/api/v1/namespaces/test/services?resourceVersion=0&watch=  | /api/v1/namespaces/test/services?watch=true         <<<<< URL does not match
false                                                      |
                                                           |
                                                           |
-----------------------------------------------------------------------------------------------------------------------

2024-04-21 13:35:37.013 ERROR 39783 --- [els.V1Service-1] i.k.c.informer.cache.ReflectorRunnable   : class io.kubernetes.client.openapi.models.V1Service#Reflector loop failed unexpectedly

io.kubernetes.client.openapi.ApiException: Not Found
	at io.kubernetes.client.util.Watch.createWatch(Watch.java:105) ~[client-java-13.0.0.jar:na]
	at io.kubernetes.client.util.generic.GenericKubernetesApi.watch(GenericKubernetesApi.java:761) ~[client-java-13.0.0.jar:na]
	at io.kubernetes.client.util.generic.GenericKubernetesApi.watch(GenericKubernetesApi.java:281) ~[client-java-13.0.0.jar:na]
	at io.kubernetes.client.informer.SharedInformerFactory$2.watch(SharedInformerFactory.java:263) ~[client-java-13.0.0.jar:na]
	at io.kubernetes.client.informer.cache.ReflectorRunnable.run(ReflectorRunnable.java:120) ~[client-java-13.0.0.jar:na]
	at java.util.concurrent.Executors$RunnableAdapter.call(Executors.java:511) ~[na:1.8.0_292]
	at java.util.concurrent.FutureTask.runAndReset(FutureTask.java:308) ~[na:1.8.0_292]
	at java.util.concurrent.ScheduledThreadPoolExecutor$ScheduledFutureTask.access$301(ScheduledThreadPoolExecutor.java:180) ~[na:1.8.0_292]
	at java.util.concurrent.ScheduledThreadPoolExecutor$ScheduledFutureTask.run(ScheduledThreadPoolExecutor.java:294) ~[na:1.8.0_292]
	at java.util.concurrent.ThreadPoolExecutor.runWorker(ThreadPoolExecutor.java:1149) ~[na:1.8.0_292]
	at java.util.concurrent.ThreadPoolExecutor$Worker.run(ThreadPoolExecutor.java:624) ~[na:1.8.0_292]
	at java.lang.Thread.run(Thread.java:748) ~[na:1.8.0_292]

2024-04-21 13:35:37.013 ERROR 39783 --- [s.V1Endpoints-1] i.k.c.informer.cache.ReflectorRunnable   : class io.kubernetes.client.openapi.models.V1Endpoints#Reflector loop failed unexpectedly

io.kubernetes.client.openapi.ApiException: Not Found
	at io.kubernetes.client.util.Watch.createWatch(Watch.java:105) ~[client-java-13.0.0.jar:na]
	at io.kubernetes.client.util.generic.GenericKubernetesApi.watch(GenericKubernetesApi.java:761) ~[client-java-13.0.0.jar:na]
	at io.kubernetes.client.util.generic.GenericKubernetesApi.watch(GenericKubernetesApi.java:281) ~[client-java-13.0.0.jar:na]
	at io.kubernetes.client.informer.SharedInformerFactory$2.watch(SharedInformerFactory.java:263) ~[client-java-13.0.0.jar:na]
	at io.kubernetes.client.informer.cache.ReflectorRunnable.run(ReflectorRunnable.java:120) ~[client-java-13.0.0.jar:na]
	at java.util.concurrent.Executors$RunnableAdapter.call(Executors.java:511) ~[na:1.8.0_292]
	at java.util.concurrent.FutureTask.runAndReset(FutureTask.java:308) ~[na:1.8.0_292]
	at java.util.concurrent.ScheduledThreadPoolExecutor$ScheduledFutureTask.access$301(ScheduledThreadPoolExecutor.java:180) ~[na:1.8.0_292]
	at java.util.concurrent.ScheduledThreadPoolExecutor$ScheduledFutureTask.run(ScheduledThreadPoolExecutor.java:294) ~[na:1.8.0_292]
	at java.util.concurrent.ThreadPoolExecutor.runWorker(ThreadPoolExecutor.java:1149) ~[na:1.8.0_292]
	at java.util.concurrent.ThreadPoolExecutor$Worker.run(ThreadPoolExecutor.java:624) ~[na:1.8.0_292]
	at java.lang.Thread.run(Thread.java:748) ~[na:1.8.0_292]

2024-04-21 13:35:37.859  INFO 39783 --- [ool-11-thread-1] .k.c.d.KubernetesInformerDiscoveryClient : Waiting for the cache of informers to be fully loaded..
2024-04-21 13:35:37.860  INFO 39783 --- [           main] .k.c.d.KubernetesInformerDiscoveryClient : Cache fully loaded (total 0 services) , discovery client is now available
2024-04-21 13:35:38.014  INFO 39783 --- [s.V1Endpoints-1] i.k.c.informer.cache.ReflectorRunnable   : class io.kubernetes.client.openapi.models.V1Endpoints#Start listing and watching...
2024-04-21 13:35:38.015  INFO 39783 --- [els.V1Service-1] i.k.c.informer.cache.ReflectorRunnable   : class io.kubernetes.client.openapi.models.V1Service#Start listing and watching...
2024-04-21 13:35:38.022 ERROR 39783 --- [tp2107088180-23] WireMock                                 : 
                                               Request was not matched
                                               =======================

-----------------------------------------------------------------------------------------------------------------------
| Closest stub                                             | Request                                                  |
-----------------------------------------------------------------------------------------------------------------------
                                                           |
GET                                                        | GET
/api/v1/namespaces/test/endpoints?resourceVersion=0&watch  | /api/v1/namespaces/test/endpoints?watch=true        <<<<< URL does not match
=false                                                     |
                                                           |
                                                           |
-----------------------------------------------------------------------------------------------------------------------

2024-04-21 13:35:38.026 ERROR 39783 --- [s.V1Endpoints-1] i.k.c.informer.cache.ReflectorRunnable   : class io.kubernetes.client.openapi.models.V1Endpoints#Reflector loop failed unexpectedly

io.kubernetes.client.openapi.ApiException: Not Found
	at io.kubernetes.client.util.Watch.createWatch(Watch.java:105) ~[client-java-13.0.0.jar:na]
	at io.kubernetes.client.util.generic.GenericKubernetesApi.watch(GenericKubernetesApi.java:761) ~[client-java-13.0.0.jar:na]
	at io.kubernetes.client.util.generic.GenericKubernetesApi.watch(GenericKubernetesApi.java:281) ~[client-java-13.0.0.jar:na]
	at io.kubernetes.client.informer.SharedInformerFactory$2.watch(SharedInformerFactory.java:263) ~[client-java-13.0.0.jar:na]
	at io.kubernetes.client.informer.cache.ReflectorRunnable.run(ReflectorRunnable.java:120) ~[client-java-13.0.0.jar:na]
	at java.util.concurrent.Executors$RunnableAdapter.call(Executors.java:511) ~[na:1.8.0_292]
	at java.util.concurrent.FutureTask.runAndReset(FutureTask.java:308) ~[na:1.8.0_292]
	at java.util.concurrent.ScheduledThreadPoolExecutor$ScheduledFutureTask.access$301(ScheduledThreadPoolExecutor.java:180) ~[na:1.8.0_292]
	at java.util.concurrent.ScheduledThreadPoolExecutor$ScheduledFutureTask.run(ScheduledThreadPoolExecutor.java:294) ~[na:1.8.0_292]
	at java.util.concurrent.ThreadPoolExecutor.runWorker(ThreadPoolExecutor.java:1149) ~[na:1.8.0_292]
	at java.util.concurrent.ThreadPoolExecutor$Worker.run(ThreadPoolExecutor.java:624) ~[na:1.8.0_292]
	at java.lang.Thread.run(Thread.java:748) ~[na:1.8.0_292]

2024-04-21 13:35:38.027 ERROR 39783 --- [tp2107088180-24] WireMock                                 : 
                                               Request was not matched
                                               =======================

-----------------------------------------------------------------------------------------------------------------------
| Closest stub                                             | Request                                                  |
-----------------------------------------------------------------------------------------------------------------------
                                                           |
GET                                                        | GET
/api/v1/namespaces/test/services?resourceVersion=0&watch=  | /api/v1/namespaces/test/services?watch=true         <<<<< URL does not match
false                                                      |
                                                           |
                                                           |
-----------------------------------------------------------------------------------------------------------------------

2024-04-21 13:35:38.031 ERROR 39783 --- [els.V1Service-1] i.k.c.informer.cache.ReflectorRunnable   : class io.kubernetes.client.openapi.models.V1Service#Reflector loop failed unexpectedly

io.kubernetes.client.openapi.ApiException: Not Found
	at io.kubernetes.client.util.Watch.createWatch(Watch.java:105) ~[client-java-13.0.0.jar:na]
	at io.kubernetes.client.util.generic.GenericKubernetesApi.watch(GenericKubernetesApi.java:761) ~[client-java-13.0.0.jar:na]
	at io.kubernetes.client.util.generic.GenericKubernetesApi.watch(GenericKubernetesApi.java:281) ~[client-java-13.0.0.jar:na]
	at io.kubernetes.client.informer.SharedInformerFactory$2.watch(SharedInformerFactory.java:263) ~[client-java-13.0.0.jar:na]
	at io.kubernetes.client.informer.cache.ReflectorRunnable.run(ReflectorRunnable.java:120) ~[client-java-13.0.0.jar:na]
	at java.util.concurrent.Executors$RunnableAdapter.call(Executors.java:511) ~[na:1.8.0_292]
	at java.util.concurrent.FutureTask.runAndReset(FutureTask.java:308) ~[na:1.8.0_292]
	at java.util.concurrent.ScheduledThreadPoolExecutor$ScheduledFutureTask.access$301(ScheduledThreadPoolExecutor.java:180) ~[na:1.8.0_292]
	at java.util.concurrent.ScheduledThreadPoolExecutor$ScheduledFutureTask.run(ScheduledThreadPoolExecutor.java:294) ~[na:1.8.0_292]
	at java.util.concurrent.ThreadPoolExecutor.runWorker(ThreadPoolExecutor.java:1149) ~[na:1.8.0_292]
	at java.util.concurrent.ThreadPoolExecutor$Worker.run(ThreadPoolExecutor.java:624) ~[na:1.8.0_292]
	at java.lang.Thread.run(Thread.java:748) ~[na:1.8.0_292]

2024-04-21 13:35:38.255  INFO 39783 --- [           main] o.s.b.w.embedded.tomcat.TomcatWebServer  : Tomcat started on port(s): 46565 (http) with context path ''
2024-04-21 13:35:38.268  INFO 39783 --- [           main] iveDiscoveryClientAutoConfigurationTests : Started KubernetesInformerReactiveDiscoveryClientAutoConfigurationTests in 4.882 seconds (JVM running for 6.952)
2024-04-21 13:35:38.490  WARN 39783 --- [           main] .k.c.d.KubernetesInformerDiscoveryClient : Could not find a port named 'oops', 'https', or 'http' for service 'test-svc-1'.
2024-04-21 13:35:38.491  WARN 39783 --- [           main] .k.c.d.KubernetesInformerDiscoveryClient : Make sure that either the primary-port-name label has been added to the service, or that spring.cloud.kubernetes.discovery.primary-port-name has been configured.
2024-04-21 13:35:38.491  WARN 39783 --- [           main] .k.c.d.KubernetesInformerDiscoveryClient : Alternatively name the primary port 'https' or 'http'
2024-04-21 13:35:38.491  WARN 39783 --- [           main] .k.c.d.KubernetesInformerDiscoveryClient : An incorrect configuration may result in non-deterministic behaviour.
2024-04-21 13:35:38.492  WARN 39783 --- [           main] .k.c.d.KubernetesInformerDiscoveryClient : Could not find a port named 'oops', 'https', or 'http' for service 'test-svc-1'.
2024-04-21 13:35:38.492  WARN 39783 --- [           main] .k.c.d.KubernetesInformerDiscoveryClient : Make sure that either the primary-port-name label has been added to the service, or that spring.cloud.kubernetes.discovery.primary-port-name has been configured.
2024-04-21 13:35:38.492  WARN 39783 --- [           main] .k.c.d.KubernetesInformerDiscoveryClient : Alternatively name the primary port 'https' or 'http'
2024-04-21 13:35:38.492  WARN 39783 --- [           main] .k.c.d.KubernetesInformerDiscoveryClient : An incorrect configuration may result in non-deterministic behaviour.
2024-04-21 13:35:38.502  WARN 39783 --- [           main] .k.c.d.KubernetesInformerDiscoveryClient : Could not find a port named 'oops', 'https', or 'http' for service 'test-svc-1'.
2024-04-21 13:35:38.502  WARN 39783 --- [           main] .k.c.d.KubernetesInformerDiscoveryClient : Make sure that either the primary-port-name label has been added to the service, or that spring.cloud.kubernetes.discovery.primary-port-name has been configured.
2024-04-21 13:35:38.502  WARN 39783 --- [           main] .k.c.d.KubernetesInformerDiscoveryClient : Alternatively name the primary port 'https' or 'http'
2024-04-21 13:35:38.502  WARN 39783 --- [           main] .k.c.d.KubernetesInformerDiscoveryClient : An incorrect configuration may result in non-deterministic behaviour.

  .   ____          _            __ _ _
 /\\ / ___'_ __ _ _(_)_ __  __ _ \ \ \ \
( ( )\___ | '_ | '_| | '_ \/ _` | \ \ \ \
 \\/  ___)| |_)| | | | | || (_| |  ) ) ) )
  '  |____| .__|_| |_|_| |_\__, | / / / /
 =========|_|==============|___/=/_/_/_/
 :: Spring Boot ::                (v2.6.3)

2024-04-21 13:35:38.791  WARN 39783 --- [           main] ubernetesProfileEnvironmentPostProcessor : Not running inside kubernetes. Skipping 'kubernetes' profile activation.
2024-04-21 13:35:38.794  INFO 39783 --- [           main] tesDiscoveryClientAutoConfigurationTests : Starting KubernetesDiscoveryClientAutoConfigurationTests using Java 1.8.0_292 on 003cc2912fe6 with PID 39783 (started by idflakies in /home/idflakies/spring-cloud/spring-cloud-kubernetes)
2024-04-21 13:35:38.794  INFO 39783 --- [           main] tesDiscoveryClientAutoConfigurationTests : No active profile set, falling back to default profiles: default
2024-04-21 13:35:39.026  INFO 39783 --- [s.V1Endpoints-1] i.k.c.informer.cache.ReflectorRunnable   : class io.kubernetes.client.openapi.models.V1Endpoints#Start listing and watching...
2024-04-21 13:35:39.031  INFO 39783 --- [els.V1Service-1] i.k.c.informer.cache.ReflectorRunnable   : class io.kubernetes.client.openapi.models.V1Service#Start listing and watching...
2024-04-21 13:35:39.036 ERROR 39783 --- [tp2107088180-22] WireMock                                 : 
                                               Request was not matched
                                               =======================

-----------------------------------------------------------------------------------------------------------------------
| Closest stub                                             | Request                                                  |
-----------------------------------------------------------------------------------------------------------------------
                                                           |
GET                                                        | GET
/api/v1/namespaces/test/endpoints?resourceVersion=0&watch  | /api/v1/namespaces/test/endpoints?watch=true        <<<<< URL does not match
=false                                                     |
                                                           |
                                                           |
-----------------------------------------------------------------------------------------------------------------------

2024-04-21 13:35:39.038 ERROR 39783 --- [tp2107088180-23] WireMock                                 : 
                                               Request was not matched
                                               =======================

-----------------------------------------------------------------------------------------------------------------------
| Closest stub                                             | Request                                                  |
-----------------------------------------------------------------------------------------------------------------------
                                                           |
GET                                                        | GET
/api/v1/namespaces/test/services?resourceVersion=0&watch=  | /api/v1/namespaces/test/services?watch=true         <<<<< URL does not match
false                                                      |
                                                           |
                                                           |
-----------------------------------------------------------------------------------------------------------------------

2024-04-21 13:35:39.039 ERROR 39783 --- [s.V1Endpoints-1] i.k.c.informer.cache.ReflectorRunnable   : class io.kubernetes.client.openapi.models.V1Endpoints#Reflector loop failed unexpectedly

io.kubernetes.client.openapi.ApiException: Not Found
	at io.kubernetes.client.util.Watch.createWatch(Watch.java:105) ~[client-java-13.0.0.jar:na]
	at io.kubernetes.client.util.generic.GenericKubernetesApi.watch(GenericKubernetesApi.java:761) ~[client-java-13.0.0.jar:na]
	at io.kubernetes.client.util.generic.GenericKubernetesApi.watch(GenericKubernetesApi.java:281) ~[client-java-13.0.0.jar:na]
	at io.kubernetes.client.informer.SharedInformerFactory$2.watch(SharedInformerFactory.java:263) ~[client-java-13.0.0.jar:na]
	at io.kubernetes.client.informer.cache.ReflectorRunnable.run(ReflectorRunnable.java:120) ~[client-java-13.0.0.jar:na]
	at java.util.concurrent.Executors$RunnableAdapter.call(Executors.java:511) ~[na:1.8.0_292]
	at java.util.concurrent.FutureTask.runAndReset(FutureTask.java:308) ~[na:1.8.0_292]
	at java.util.concurrent.ScheduledThreadPoolExecutor$ScheduledFutureTask.access$301(ScheduledThreadPoolExecutor.java:180) ~[na:1.8.0_292]
	at java.util.concurrent.ScheduledThreadPoolExecutor$ScheduledFutureTask.run(ScheduledThreadPoolExecutor.java:294) ~[na:1.8.0_292]
	at java.util.concurrent.ThreadPoolExecutor.runWorker(ThreadPoolExecutor.java:1149) ~[na:1.8.0_292]
	at java.util.concurrent.ThreadPoolExecutor$Worker.run(ThreadPoolExecutor.java:624) ~[na:1.8.0_292]
	at java.lang.Thread.run(Thread.java:748) ~[na:1.8.0_292]

2024-04-21 13:35:39.040 ERROR 39783 --- [els.V1Service-1] i.k.c.informer.cache.ReflectorRunnable   : class io.kubernetes.client.openapi.models.V1Service#Reflector loop failed unexpectedly

io.kubernetes.client.openapi.ApiException: Not Found
	at io.kubernetes.client.util.Watch.createWatch(Watch.java:105) ~[client-java-13.0.0.jar:na]
	at io.kubernetes.client.util.generic.GenericKubernetesApi.watch(GenericKubernetesApi.java:761) ~[client-java-13.0.0.jar:na]
	at io.kubernetes.client.util.generic.GenericKubernetesApi.watch(GenericKubernetesApi.java:281) ~[client-java-13.0.0.jar:na]
	at io.kubernetes.client.informer.SharedInformerFactory$2.watch(SharedInformerFactory.java:263) ~[client-java-13.0.0.jar:na]
	at io.kubernetes.client.informer.cache.ReflectorRunnable.run(ReflectorRunnable.java:120) ~[client-java-13.0.0.jar:na]
	at java.util.concurrent.Executors$RunnableAdapter.call(Executors.java:511) ~[na:1.8.0_292]
	at java.util.concurrent.FutureTask.runAndReset(FutureTask.java:308) ~[na:1.8.0_292]
	at java.util.concurrent.ScheduledThreadPoolExecutor$ScheduledFutureTask.access$301(ScheduledThreadPoolExecutor.java:180) ~[na:1.8.0_292]
	at java.util.concurrent.ScheduledThreadPoolExecutor$ScheduledFutureTask.run(ScheduledThreadPoolExecutor.java:294) ~[na:1.8.0_292]
	at java.util.concurrent.ThreadPoolExecutor.runWorker(ThreadPoolExecutor.java:1149) ~[na:1.8.0_292]
	at java.util.concurrent.ThreadPoolExecutor$Worker.run(ThreadPoolExecutor.java:624) ~[na:1.8.0_292]
	at java.lang.Thread.run(Thread.java:748) ~[na:1.8.0_292]

2024-04-21 13:35:39.071  INFO 39783 --- [           main] org.eclipse.jetty.server.Server          : jetty-9.4.44.v20210927; built: 2021-09-27T23:02:44.612Z; git: 8da83308eeca865e495e53ef315a249d63ba9332; jvm 1.8.0_292-8u292-b10-0ubuntu1~16.04.1-b10
2024-04-21 13:35:39.073  INFO 39783 --- [           main] o.e.jetty.server.handler.ContextHandler  : Started o.e.j.s.ServletContextHandler@2acca224{/__admin,null,AVAILABLE}
2024-04-21 13:35:39.073  INFO 39783 --- [           main] o.e.jetty.server.handler.ContextHandler  : Started o.e.j.s.ServletContextHandler@7ac685ef{/,null,AVAILABLE}
2024-04-21 13:35:39.075  INFO 39783 --- [           main] o.e.jetty.server.AbstractConnector       : Started NetworkTrafficServerConnector@6fd9dbe6{HTTP/1.1, (http/1.1)}{0.0.0.0:38573}
2024-04-21 13:35:39.075  INFO 39783 --- [           main] org.eclipse.jetty.server.Server          : Started @7759ms
2024-04-21 13:35:39.080  INFO 39783 --- [qtp266374831-52] o.e.j.s.handler.ContextHandler.__admin   : RequestHandlerClass from context returned com.github.tomakehurst.wiremock.http.AdminRequestHandler. Normalized mapped under returned 'null'
2024-04-21 13:35:39.126  INFO 39783 --- [           main] o.s.c.a.ConfigurationClassPostProcessor  : Cannot enhance @Configuration bean definition 'kubernetesDiscoveryClientAutoConfigurationTests.TestConfig' since its singleton instance has been created too early. The typical cause is a non-static @Bean method with a BeanDefinitionRegistryPostProcessor return type: Consider declaring such methods as 'static'.
2024-04-21 13:35:39.130  INFO 39783 --- [           main] o.s.cloud.context.scope.GenericScope     : BeanFactory id=c4d006af-a204-306e-a414-6c511b278167
2024-04-21 13:35:39.157  INFO 39783 --- [           main] trationDelegate$BeanPostProcessorChecker : Bean 'io.kubernetes.client.spring.extended.manifests.config.KubernetesManifestsAutoConfiguration' of type [io.kubernetes.client.spring.extended.manifests.config.KubernetesManifestsAutoConfiguration] is not eligible for getting processed by all BeanPostProcessors (for example: not eligible for auto-proxying)
2024-04-21 13:35:39.168  INFO 39783 --- [           main] trationDelegate$BeanPostProcessorChecker : Bean 'org.springframework.cloud.commons.config.CommonsConfigAutoConfiguration' of type [org.springframework.cloud.commons.config.CommonsConfigAutoConfiguration] is not eligible for getting processed by all BeanPostProcessors (for example: not eligible for auto-proxying)
2024-04-21 13:35:39.170  INFO 39783 --- [           main] trationDelegate$BeanPostProcessorChecker : Bean 'org.springframework.cloud.client.loadbalancer.LoadBalancerDefaultMappingsProviderAutoConfiguration' of type [org.springframework.cloud.client.loadbalancer.LoadBalancerDefaultMappingsProviderAutoConfiguration] is not eligible for getting processed by all BeanPostProcessors (for example: not eligible for auto-proxying)
2024-04-21 13:35:39.171  INFO 39783 --- [           main] trationDelegate$BeanPostProcessorChecker : Bean 'loadBalancerClientsDefaultsMappingsProvider' of type [org.springframework.cloud.client.loadbalancer.LoadBalancerDefaultMappingsProviderAutoConfiguration$$Lambda$491/299161977] is not eligible for getting processed by all BeanPostProcessors (for example: not eligible for auto-proxying)
2024-04-21 13:35:39.174  INFO 39783 --- [           main] trationDelegate$BeanPostProcessorChecker : Bean 'defaultsBindHandlerAdvisor' of type [org.springframework.cloud.commons.config.DefaultsBindHandlerAdvisor] is not eligible for getting processed by all BeanPostProcessors (for example: not eligible for auto-proxying)
2024-04-21 13:35:39.175  INFO 39783 --- [           main] trationDelegate$BeanPostProcessorChecker : Bean 'kubernetes.manifests-io.kubernetes.client.spring.extended.manifests.config.KubernetesManifestsProperties' of type [io.kubernetes.client.spring.extended.manifests.config.KubernetesManifestsProperties] is not eligible for getting processed by all BeanPostProcessors (for example: not eligible for auto-proxying)
2024-04-21 13:35:39.303  INFO 39783 --- [           main] o.s.b.w.embedded.tomcat.TomcatWebServer  : Tomcat initialized with port(s): 0 (http)
2024-04-21 13:35:39.304  INFO 39783 --- [           main] o.apache.catalina.core.StandardService   : Starting service [Tomcat]
2024-04-21 13:35:39.304  INFO 39783 --- [           main] org.apache.catalina.core.StandardEngine  : Starting Servlet engine: [Apache Tomcat/9.0.56]
2024-04-21 13:35:39.324  INFO 39783 --- [           main] o.a.c.c.C.[Tomcat-1].[localhost].[/]     : Initializing Spring embedded WebApplicationContext
2024-04-21 13:35:39.324  INFO 39783 --- [           main] w.s.c.ServletWebServerApplicationContext : Root WebApplicationContext: initialization completed in 527 ms
2024-04-21 13:35:39.450  INFO 39783 --- [ler-V1Endpoints] i.k.client.informer.cache.Controller     : informer#Controller: ready to run resync & reflector runnable
2024-04-21 13:35:39.450  INFO 39783 --- [ler-V1Endpoints] i.k.client.informer.cache.Controller     : informer#Controller: resync skipped due to 0 full resync period
2024-04-21 13:35:39.450  INFO 39783 --- [oller-V1Service] i.k.client.informer.cache.Controller     : informer#Controller: ready to run resync & reflector runnable
2024-04-21 13:35:39.450  INFO 39783 --- [oller-V1Service] i.k.client.informer.cache.Controller     : informer#Controller: resync skipped due to 0 full resync period
2024-04-21 13:35:39.451  INFO 39783 --- [s.V1Endpoints-1] i.k.c.informer.cache.ReflectorRunnable   : class io.kubernetes.client.openapi.models.V1Endpoints#Start listing and watching...
2024-04-21 13:35:39.451  INFO 39783 --- [els.V1Service-1] i.k.c.informer.cache.ReflectorRunnable   : class io.kubernetes.client.openapi.models.V1Service#Start listing and watching...
2024-04-21 13:35:39.454  INFO 39783 --- [qtp266374831-46] o.e.j.s.handler.ContextHandler.ROOT      : RequestHandlerClass from context returned com.github.tomakehurst.wiremock.http.StubRequestHandler. Normalized mapped under returned 'null'
2024-04-21 13:35:39.464 ERROR 39783 --- [qtp266374831-51] WireMock                                 : 
                                               Request was not matched
                                               =======================

-----------------------------------------------------------------------------------------------------------------------
| Closest stub                                             | Request                                                  |
-----------------------------------------------------------------------------------------------------------------------
                                                           |
GET                                                        | GET
/api/v1/namespaces/test/services?resourceVersion=0&watch=  | /api/v1/namespaces/test/services?watch=true         <<<<< URL does not match
false                                                      |
                                                           |
                                                           |
-----------------------------------------------------------------------------------------------------------------------

2024-04-21 13:35:39.469 ERROR 39783 --- [els.V1Service-1] i.k.c.informer.cache.ReflectorRunnable   : class io.kubernetes.client.openapi.models.V1Service#Reflector loop failed unexpectedly

io.kubernetes.client.openapi.ApiException: Not Found
	at io.kubernetes.client.util.Watch.createWatch(Watch.java:105) ~[client-java-13.0.0.jar:na]
	at io.kubernetes.client.util.generic.GenericKubernetesApi.watch(GenericKubernetesApi.java:761) ~[client-java-13.0.0.jar:na]
	at io.kubernetes.client.util.generic.GenericKubernetesApi.watch(GenericKubernetesApi.java:281) ~[client-java-13.0.0.jar:na]
	at io.kubernetes.client.informer.SharedInformerFactory$2.watch(SharedInformerFactory.java:263) ~[client-java-13.0.0.jar:na]
	at io.kubernetes.client.informer.cache.ReflectorRunnable.run(ReflectorRunnable.java:120) ~[client-java-13.0.0.jar:na]
	at java.util.concurrent.Executors$RunnableAdapter.call(Executors.java:511) ~[na:1.8.0_292]
	at java.util.concurrent.FutureTask.runAndReset(FutureTask.java:308) ~[na:1.8.0_292]
	at java.util.concurrent.ScheduledThreadPoolExecutor$ScheduledFutureTask.access$301(ScheduledThreadPoolExecutor.java:180) ~[na:1.8.0_292]
	at java.util.concurrent.ScheduledThreadPoolExecutor$ScheduledFutureTask.run(ScheduledThreadPoolExecutor.java:294) ~[na:1.8.0_292]
	at java.util.concurrent.ThreadPoolExecutor.runWorker(ThreadPoolExecutor.java:1149) ~[na:1.8.0_292]
	at java.util.concurrent.ThreadPoolExecutor$Worker.run(ThreadPoolExecutor.java:624) ~[na:1.8.0_292]
	at java.lang.Thread.run(Thread.java:748) ~[na:1.8.0_292]

2024-04-21 13:35:39.472 ERROR 39783 --- [qtp266374831-50] WireMock                                 : 
                                               Request was not matched
                                               =======================

-----------------------------------------------------------------------------------------------------------------------
| Closest stub                                             | Request                                                  |
-----------------------------------------------------------------------------------------------------------------------
                                                           |
GET                                                        | GET
/api/v1/namespaces/test/endpoints?resourceVersion=0&watch  | /api/v1/namespaces/test/endpoints?watch=true        <<<<< URL does not match
=false                                                     |
                                                           |
                                                           |
-----------------------------------------------------------------------------------------------------------------------

2024-04-21 13:35:39.474 ERROR 39783 --- [s.V1Endpoints-1] i.k.c.informer.cache.ReflectorRunnable   : class io.kubernetes.client.openapi.models.V1Endpoints#Reflector loop failed unexpectedly

io.kubernetes.client.openapi.ApiException: Not Found
	at io.kubernetes.client.util.Watch.createWatch(Watch.java:105) ~[client-java-13.0.0.jar:na]
	at io.kubernetes.client.util.generic.GenericKubernetesApi.watch(GenericKubernetesApi.java:761) ~[client-java-13.0.0.jar:na]
	at io.kubernetes.client.util.generic.GenericKubernetesApi.watch(GenericKubernetesApi.java:281) ~[client-java-13.0.0.jar:na]
	at io.kubernetes.client.informer.SharedInformerFactory$2.watch(SharedInformerFactory.java:263) ~[client-java-13.0.0.jar:na]
	at io.kubernetes.client.informer.cache.ReflectorRunnable.run(ReflectorRunnable.java:120) ~[client-java-13.0.0.jar:na]
	at java.util.concurrent.Executors$RunnableAdapter.call(Executors.java:511) ~[na:1.8.0_292]
	at java.util.concurrent.FutureTask.runAndReset(FutureTask.java:308) ~[na:1.8.0_292]
	at java.util.concurrent.ScheduledThreadPoolExecutor$ScheduledFutureTask.access$301(ScheduledThreadPoolExecutor.java:180) ~[na:1.8.0_292]
	at java.util.concurrent.ScheduledThreadPoolExecutor$ScheduledFutureTask.run(ScheduledThreadPoolExecutor.java:294) ~[na:1.8.0_292]
	at java.util.concurrent.ThreadPoolExecutor.runWorker(ThreadPoolExecutor.java:1149) ~[na:1.8.0_292]
	at java.util.concurrent.ThreadPoolExecutor$Worker.run(ThreadPoolExecutor.java:624) ~[na:1.8.0_292]
	at java.lang.Thread.run(Thread.java:748) ~[na:1.8.0_292]

2024-04-21 13:35:40.039  INFO 39783 --- [s.V1Endpoints-1] i.k.c.informer.cache.ReflectorRunnable   : class io.kubernetes.client.openapi.models.V1Endpoints#Start listing and watching...
2024-04-21 13:35:40.041  INFO 39783 --- [els.V1Service-1] i.k.c.informer.cache.ReflectorRunnable   : class io.kubernetes.client.openapi.models.V1Service#Start listing and watching...
2024-04-21 13:35:40.045 ERROR 39783 --- [tp2107088180-22] WireMock                                 : 
                                               Request was not matched
                                               =======================

-----------------------------------------------------------------------------------------------------------------------
| Closest stub                                             | Request                                                  |
-----------------------------------------------------------------------------------------------------------------------
                                                           |
GET                                                        | GET
/api/v1/namespaces/test/endpoints?resourceVersion=0&watch  | /api/v1/namespaces/test/endpoints?watch=true        <<<<< URL does not match
=false                                                     |
                                                           |
                                                           |
-----------------------------------------------------------------------------------------------------------------------

2024-04-21 13:35:40.047 ERROR 39783 --- [tp2107088180-23] WireMock                                 : 
                                               Request was not matched
                                               =======================

-----------------------------------------------------------------------------------------------------------------------
| Closest stub                                             | Request                                                  |
-----------------------------------------------------------------------------------------------------------------------
                                                           |
GET                                                        | GET
/api/v1/namespaces/test/services?resourceVersion=0&watch=  | /api/v1/namespaces/test/services?watch=true         <<<<< URL does not match
false                                                      |
                                                           |
                                                           |
-----------------------------------------------------------------------------------------------------------------------

2024-04-21 13:35:40.047 ERROR 39783 --- [s.V1Endpoints-1] i.k.c.informer.cache.ReflectorRunnable   : class io.kubernetes.client.openapi.models.V1Endpoints#Reflector loop failed unexpectedly

io.kubernetes.client.openapi.ApiException: Not Found
	at io.kubernetes.client.util.Watch.createWatch(Watch.java:105) ~[client-java-13.0.0.jar:na]
	at io.kubernetes.client.util.generic.GenericKubernetesApi.watch(GenericKubernetesApi.java:761) ~[client-java-13.0.0.jar:na]
	at io.kubernetes.client.util.generic.GenericKubernetesApi.watch(GenericKubernetesApi.java:281) ~[client-java-13.0.0.jar:na]
	at io.kubernetes.client.informer.SharedInformerFactory$2.watch(SharedInformerFactory.java:263) ~[client-java-13.0.0.jar:na]
	at io.kubernetes.client.informer.cache.ReflectorRunnable.run(ReflectorRunnable.java:120) ~[client-java-13.0.0.jar:na]
	at java.util.concurrent.Executors$RunnableAdapter.call(Executors.java:511) ~[na:1.8.0_292]
	at java.util.concurrent.FutureTask.runAndReset(FutureTask.java:308) ~[na:1.8.0_292]
	at java.util.concurrent.ScheduledThreadPoolExecutor$ScheduledFutureTask.access$301(ScheduledThreadPoolExecutor.java:180) ~[na:1.8.0_292]
	at java.util.concurrent.ScheduledThreadPoolExecutor$ScheduledFutureTask.run(ScheduledThreadPoolExecutor.java:294) ~[na:1.8.0_292]
	at java.util.concurrent.ThreadPoolExecutor.runWorker(ThreadPoolExecutor.java:1149) ~[na:1.8.0_292]
	at java.util.concurrent.ThreadPoolExecutor$Worker.run(ThreadPoolExecutor.java:624) ~[na:1.8.0_292]
	at java.lang.Thread.run(Thread.java:748) ~[na:1.8.0_292]

2024-04-21 13:35:40.049 ERROR 39783 --- [els.V1Service-1] i.k.c.informer.cache.ReflectorRunnable   : class io.kubernetes.client.openapi.models.V1Service#Reflector loop failed unexpectedly

io.kubernetes.client.openapi.ApiException: Not Found
	at io.kubernetes.client.util.Watch.createWatch(Watch.java:105) ~[client-java-13.0.0.jar:na]
	at io.kubernetes.client.util.generic.GenericKubernetesApi.watch(GenericKubernetesApi.java:761) ~[client-java-13.0.0.jar:na]
	at io.kubernetes.client.util.generic.GenericKubernetesApi.watch(GenericKubernetesApi.java:281) ~[client-java-13.0.0.jar:na]
	at io.kubernetes.client.informer.SharedInformerFactory$2.watch(SharedInformerFactory.java:263) ~[client-java-13.0.0.jar:na]
	at io.kubernetes.client.informer.cache.ReflectorRunnable.run(ReflectorRunnable.java:120) ~[client-java-13.0.0.jar:na]
	at java.util.concurrent.Executors$RunnableAdapter.call(Executors.java:511) ~[na:1.8.0_292]
	at java.util.concurrent.FutureTask.runAndReset(FutureTask.java:308) ~[na:1.8.0_292]
	at java.util.concurrent.ScheduledThreadPoolExecutor$ScheduledFutureTask.access$301(ScheduledThreadPoolExecutor.java:180) ~[na:1.8.0_292]
	at java.util.concurrent.ScheduledThreadPoolExecutor$ScheduledFutureTask.run(ScheduledThreadPoolExecutor.java:294) ~[na:1.8.0_292]
	at java.util.concurrent.ThreadPoolExecutor.runWorker(ThreadPoolExecutor.java:1149) ~[na:1.8.0_292]
	at java.util.concurrent.ThreadPoolExecutor$Worker.run(ThreadPoolExecutor.java:624) ~[na:1.8.0_292]
	at java.lang.Thread.run(Thread.java:748) ~[na:1.8.0_292]

2024-04-21 13:35:40.450  INFO 39783 --- [ool-27-thread-1] .k.c.d.KubernetesInformerDiscoveryClient : Waiting for the cache of informers to be fully loaded..
2024-04-21 13:35:40.451  INFO 39783 --- [           main] .k.c.d.KubernetesInformerDiscoveryClient : Cache fully loaded (total 0 services) , discovery client is now available
2024-04-21 13:35:40.470  INFO 39783 --- [els.V1Service-1] i.k.c.informer.cache.ReflectorRunnable   : class io.kubernetes.client.openapi.models.V1Service#Start listing and watching...
2024-04-21 13:35:40.475  INFO 39783 --- [s.V1Endpoints-1] i.k.c.informer.cache.ReflectorRunnable   : class io.kubernetes.client.openapi.models.V1Endpoints#Start listing and watching...
2024-04-21 13:35:40.477 ERROR 39783 --- [qtp266374831-45] WireMock                                 : 
                                               Request was not matched
                                               =======================

-----------------------------------------------------------------------------------------------------------------------
| Closest stub                                             | Request                                                  |
-----------------------------------------------------------------------------------------------------------------------
                                                           |
GET                                                        | GET
/api/v1/namespaces/test/services?resourceVersion=0&watch=  | /api/v1/namespaces/test/services?watch=true         <<<<< URL does not match
false                                                      |
                                                           |
                                                           |
-----------------------------------------------------------------------------------------------------------------------

2024-04-21 13:35:40.479 ERROR 39783 --- [els.V1Service-1] i.k.c.informer.cache.ReflectorRunnable   : class io.kubernetes.client.openapi.models.V1Service#Reflector loop failed unexpectedly

io.kubernetes.client.openapi.ApiException: Not Found
	at io.kubernetes.client.util.Watch.createWatch(Watch.java:105) ~[client-java-13.0.0.jar:na]
	at io.kubernetes.client.util.generic.GenericKubernetesApi.watch(GenericKubernetesApi.java:761) ~[client-java-13.0.0.jar:na]
	at io.kubernetes.client.util.generic.GenericKubernetesApi.watch(GenericKubernetesApi.java:281) ~[client-java-13.0.0.jar:na]
	at io.kubernetes.client.informer.SharedInformerFactory$2.watch(SharedInformerFactory.java:263) ~[client-java-13.0.0.jar:na]
	at io.kubernetes.client.informer.cache.ReflectorRunnable.run(ReflectorRunnable.java:120) ~[client-java-13.0.0.jar:na]
	at java.util.concurrent.Executors$RunnableAdapter.call(Executors.java:511) ~[na:1.8.0_292]
	at java.util.concurrent.FutureTask.runAndReset(FutureTask.java:308) ~[na:1.8.0_292]
	at java.util.concurrent.ScheduledThreadPoolExecutor$ScheduledFutureTask.access$301(ScheduledThreadPoolExecutor.java:180) ~[na:1.8.0_292]
	at java.util.concurrent.ScheduledThreadPoolExecutor$ScheduledFutureTask.run(ScheduledThreadPoolExecutor.java:294) ~[na:1.8.0_292]
	at java.util.concurrent.ThreadPoolExecutor.runWorker(ThreadPoolExecutor.java:1149) ~[na:1.8.0_292]
	at java.util.concurrent.ThreadPoolExecutor$Worker.run(ThreadPoolExecutor.java:624) ~[na:1.8.0_292]
	at java.lang.Thread.run(Thread.java:748) ~[na:1.8.0_292]

2024-04-21 13:35:40.481 ERROR 39783 --- [qtp266374831-51] WireMock                                 : 
                                               Request was not matched
                                               =======================

-----------------------------------------------------------------------------------------------------------------------
| Closest stub                                             | Request                                                  |
-----------------------------------------------------------------------------------------------------------------------
                                                           |
GET                                                        | GET
/api/v1/namespaces/test/endpoints?resourceVersion=0&watch  | /api/v1/namespaces/test/endpoints?watch=true        <<<<< URL does not match
=false                                                     |
                                                           |
                                                           |
-----------------------------------------------------------------------------------------------------------------------

2024-04-21 13:35:40.483 ERROR 39783 --- [s.V1Endpoints-1] i.k.c.informer.cache.ReflectorRunnable   : class io.kubernetes.client.openapi.models.V1Endpoints#Reflector loop failed unexpectedly

io.kubernetes.client.openapi.ApiException: Not Found
	at io.kubernetes.client.util.Watch.createWatch(Watch.java:105) ~[client-java-13.0.0.jar:na]
	at io.kubernetes.client.util.generic.GenericKubernetesApi.watch(GenericKubernetesApi.java:761) ~[client-java-13.0.0.jar:na]
	at io.kubernetes.client.util.generic.GenericKubernetesApi.watch(GenericKubernetesApi.java:281) ~[client-java-13.0.0.jar:na]
	at io.kubernetes.client.informer.SharedInformerFactory$2.watch(SharedInformerFactory.java:263) ~[client-java-13.0.0.jar:na]
	at io.kubernetes.client.informer.cache.ReflectorRunnable.run(ReflectorRunnable.java:120) ~[client-java-13.0.0.jar:na]
	at java.util.concurrent.Executors$RunnableAdapter.call(Executors.java:511) ~[na:1.8.0_292]
	at java.util.concurrent.FutureTask.runAndReset(FutureTask.java:308) ~[na:1.8.0_292]
	at java.util.concurrent.ScheduledThreadPoolExecutor$ScheduledFutureTask.access$301(ScheduledThreadPoolExecutor.java:180) ~[na:1.8.0_292]
	at java.util.concurrent.ScheduledThreadPoolExecutor$ScheduledFutureTask.run(ScheduledThreadPoolExecutor.java:294) ~[na:1.8.0_292]
	at java.util.concurrent.ThreadPoolExecutor.runWorker(ThreadPoolExecutor.java:1149) ~[na:1.8.0_292]
	at java.util.concurrent.ThreadPoolExecutor$Worker.run(ThreadPoolExecutor.java:624) ~[na:1.8.0_292]
	at java.lang.Thread.run(Thread.java:748) ~[na:1.8.0_292]

2024-04-21 13:35:41.032  INFO 39783 --- [           main] o.s.b.w.embedded.tomcat.TomcatWebServer  : Tomcat started on port(s): 44369 (http) with context path ''
2024-04-21 13:35:41.038  INFO 39783 --- [           main] tesDiscoveryClientAutoConfigurationTests : Started KubernetesDiscoveryClientAutoConfigurationTests in 2.283 seconds (JVM running for 9.722)
2024-04-21 13:35:41.048  INFO 39783 --- [s.V1Endpoints-1] i.k.c.informer.cache.ReflectorRunnable   : class io.kubernetes.client.openapi.models.V1Endpoints#Start listing and watching...
2024-04-21 13:35:41.050  INFO 39783 --- [els.V1Service-1] i.k.c.informer.cache.ReflectorRunnable   : class io.kubernetes.client.openapi.models.V1Service#Start listing and watching...
2024-04-21 13:35:41.055 ERROR 39783 --- [tp2107088180-24] WireMock                                 : 
                                               Request was not matched
                                               =======================

-----------------------------------------------------------------------------------------------------------------------
| Closest stub                                             | Request                                                  |
-----------------------------------------------------------------------------------------------------------------------
                                                           |
GET                                                        | GET
/api/v1/namespaces/test/endpoints?resourceVersion=0&watch  | /api/v1/namespaces/test/endpoints?watch=true        <<<<< URL does not match
=false                                                     |
                                                           |
                                                           |
-----------------------------------------------------------------------------------------------------------------------

2024-04-21 13:35:41.056 ERROR 39783 --- [tp2107088180-22] WireMock                                 : 
                                               Request was not matched
                                               =======================

-----------------------------------------------------------------------------------------------------------------------
| Closest stub                                             | Request                                                  |
-----------------------------------------------------------------------------------------------------------------------
                                                           |
GET                                                        | GET
/api/v1/namespaces/test/services?resourceVersion=0&watch=  | /api/v1/namespaces/test/services?watch=true         <<<<< URL does not match
false                                                      |
                                                           |
                                                           |
-----------------------------------------------------------------------------------------------------------------------

2024-04-21 13:35:41.058 ERROR 39783 --- [els.V1Service-1] i.k.c.informer.cache.ReflectorRunnable   : class io.kubernetes.client.openapi.models.V1Service#Reflector loop failed unexpectedly

io.kubernetes.client.openapi.ApiException: Not Found
	at io.kubernetes.client.util.Watch.createWatch(Watch.java:105) ~[client-java-13.0.0.jar:na]
	at io.kubernetes.client.util.generic.GenericKubernetesApi.watch(GenericKubernetesApi.java:761) ~[client-java-13.0.0.jar:na]
	at io.kubernetes.client.util.generic.GenericKubernetesApi.watch(GenericKubernetesApi.java:281) ~[client-java-13.0.0.jar:na]
	at io.kubernetes.client.informer.SharedInformerFactory$2.watch(SharedInformerFactory.java:263) ~[client-java-13.0.0.jar:na]
	at io.kubernetes.client.informer.cache.ReflectorRunnable.run(ReflectorRunnable.java:120) ~[client-java-13.0.0.jar:na]
	at java.util.concurrent.Executors$RunnableAdapter.call(Executors.java:511) ~[na:1.8.0_292]
	at java.util.concurrent.FutureTask.runAndReset(FutureTask.java:308) ~[na:1.8.0_292]
	at java.util.concurrent.ScheduledThreadPoolExecutor$ScheduledFutureTask.access$301(ScheduledThreadPoolExecutor.java:180) ~[na:1.8.0_292]
	at java.util.concurrent.ScheduledThreadPoolExecutor$ScheduledFutureTask.run(ScheduledThreadPoolExecutor.java:294) ~[na:1.8.0_292]
	at java.util.concurrent.ThreadPoolExecutor.runWorker(ThreadPoolExecutor.java:1149) ~[na:1.8.0_292]
	at java.util.concurrent.ThreadPoolExecutor$Worker.run(ThreadPoolExecutor.java:624) ~[na:1.8.0_292]
	at java.lang.Thread.run(Thread.java:748) ~[na:1.8.0_292]

2024-04-21 13:35:41.061 ERROR 39783 --- [s.V1Endpoints-1] i.k.c.informer.cache.ReflectorRunnable   : class io.kubernetes.client.openapi.models.V1Endpoints#Reflector loop failed unexpectedly

io.kubernetes.client.openapi.ApiException: Not Found
	at io.kubernetes.client.util.Watch.createWatch(Watch.java:105) ~[client-java-13.0.0.jar:na]
	at io.kubernetes.client.util.generic.GenericKubernetesApi.watch(GenericKubernetesApi.java:761) ~[client-java-13.0.0.jar:na]
	at io.kubernetes.client.util.generic.GenericKubernetesApi.watch(GenericKubernetesApi.java:281) ~[client-java-13.0.0.jar:na]
	at io.kubernetes.client.informer.SharedInformerFactory$2.watch(SharedInformerFactory.java:263) ~[client-java-13.0.0.jar:na]
	at io.kubernetes.client.informer.cache.ReflectorRunnable.run(ReflectorRunnable.java:120) ~[client-java-13.0.0.jar:na]
	at java.util.concurrent.Executors$RunnableAdapter.call(Executors.java:511) ~[na:1.8.0_292]
	at java.util.concurrent.FutureTask.runAndReset(FutureTask.java:308) ~[na:1.8.0_292]
	at java.util.concurrent.ScheduledThreadPoolExecutor$ScheduledFutureTask.access$301(ScheduledThreadPoolExecutor.java:180) ~[na:1.8.0_292]
	at java.util.concurrent.ScheduledThreadPoolExecutor$ScheduledFutureTask.run(ScheduledThreadPoolExecutor.java:294) ~[na:1.8.0_292]
	at java.util.concurrent.ThreadPoolExecutor.runWorker(ThreadPoolExecutor.java:1149) ~[na:1.8.0_292]
	at java.util.concurrent.ThreadPoolExecutor$Worker.run(ThreadPoolExecutor.java:624) ~[na:1.8.0_292]
	at java.lang.Thread.run(Thread.java:748) ~[na:1.8.0_292]

